1: 618
2: 338
3: 713
4: 170
5: 380
6: 713
7: 181
8: 711
9: 556
10: 575
11: 542
12: 698
13: 0
14: 712
15: 472
16: 583
17: 11
18: 0
19: 370
20: 708
21: 0
22: 480
23: 4
24: 469
25: 317
26: 530
27: 711
28: 710
29: 378
30: 455
31: 142
32: 359
33: 297
34: 712
35: 269
36: 712
37: 297
38: 708
39: 557
40: 564
41: 713
42: 681
43: 628
44: 673
45: 712
46: 416
47: 712
48: 710
49: 584
50: 648
51: 655
52: 712
53: 215
54: 225
55: 712
56: 712
57: 562
58: 713
59: 141
60: 703
61: 713
62: 0
63: 6
64: 681
65: 394
66: 712
67: 712
68: 692
69: 579
70: 391
71: 711
72: 354
73: 168
74: 438
75: 703
76: 599
77: 712
78: 712
79: 712
80: 711
81: 712
82: 713
83: 713
84: 713
85: 713
86: 595
87: 712
88: 713
89: 712
90: 0
91: 712
92: 711
93: 711
94: 454
95: 712
96: 647
97: 387
98: 711
99: 492
100: 248
101: 654
102: 578
103: 379
104: 712
105: 711
106: 696
107: 697
108: 712
109: 712
110: 191
111: 557
112: 473
113: 703
114: 712
115: 8
116: 692
117: 249
118: 553
119: 711
120: 549
121: 372
122: 712
123: 0
124: 577
125: 200
126: 1
127: 631
128: 614
129: 713
130: 713
131: 712
132: 682
133: 410
134: 531
135: 422
136: 683
137: 392
138: 710
139: 634
140: 628
141: 555
142: 582
143: 684
144: 267
145: 109
146: 711
147: 466
148: 657
149: 691
150: 712
151: 303
152: 404
153: 505
154: 701
155: 713
156: 713
157: 627
158: 406
159: 489
160: 0
161: 0
162: 554
163: 640
164: 710
165: 711
166: 498
167: 679
168: 685
169: 430
170: 0
171: 86
172: 678
173: 712
174: 128
175: 527
176: 617
177: 0
178: 710
179: 81
180: 496
181: 712
182: 712
183: 712
184: 340
185: 0
186: 0
187: 0
188: 667
189: 709
190: 487
191: 712
192: 711
193: 0
194: 191
195: 605
196: 590
197: 489
198: 15
199: 616
200: 697
201: 712
202: 711
203: 620
204: 2
205: 538
206: 712
207: 629
208: 712
209: 86
210: 429
211: 698
212: 449
213: 691
214: 615
215: 365
216: 581
217: 403
218: 387
219: 209
220: 252
221: 710
222: 501
223: 713
224: 712
225: 712
226: 712
227: 711
228: 712
229: 429
230: 599
231: 707
232: 331
233: 28
234: 689
235: 400
236: 505
237: 115
238: 432
239: 13
240: 712
241: 0
242: 0
243: 0
244: 592
245: 536
246: 310
247: 701
248: 569
249: 332
250: 712
251: 380
252: 712
253: 66
254: 0
255: 711
256: 711
257: 711
258: 713
259: 704
260: 712
261: 703
262: 0
263: 384
264: 712
265: 713
266: 618
267: 418
268: 677
269: 0
270: 712
271: 6
272: 712
273: 0
274: 419
275: 0
276: 651
277: 711
278: 0
279: 711
280: 712
281: 712
282: 387
283: 535
284: 103
285: 712
286: 712
287: 43
288: 140
289: 0
290: 689
291: 0
292: 712
293: 712
294: 712
295: 0
296: 0
297: 712
298: 0
299: 711
300: 1
301: 711
302: 1
303: 0
304: 711
305: 712
306: 712
307: 0
308: 417
309: 712
310: 712
311: 638
312: 713
313: 713
314: 212
315: 713
316: 0
317: 712
318: 701
319: 712
320: 0
321: 712
322: 0
323: 711
324: 711
325: 712
326: 443
327: 712
328: 0
329: 712
330: 0
331: 712
332: 0
333: 712
334: 672
335: 0
336: 713
337: 0
338: 713
339: 151
340: 712
341: 712
342: 712
343: 712
344: 712
345: 712
346: 711
347: 711
348: 0
349: 712
350: 711
351: 711
352: 711
353: 712
354: 712
355: 712
356: 712
357: 0
358: 0
359: 713
360: 713
361: 0
362: 713
363: 712
364: 712
365: 712
366: 711
367: 619
368: 711
369: 711
370: 711
371: 711
372: 712
373: 711
374: 712
375: 712
376: 712
377: 712
378: 712
379: 713
380: 680
381: 691
382: 713
383: 713
384: 713
385: 712
386: 712
387: 713
388: 0
389: 0
390: 711
391: 225
392: 0
393: 710
394: 712
395: 583
396: 711
397: 712
398: 711
399: 542
400: 0
401: 520
402: 683
403: 3
404: 713
405: 534
406: 703
407: 712
408: 164
409: 442
410: 710
411: 0
412: 590
413: 3
414: 712
415: 711
416: 349
417: 698
418: 0
419: 0
420: 0
421: 447
422: 712
423: 712
424: 0
425: 4
426: 712
427: 617
428: 713
429: 0
430: 0
431: 0
432: 401
433: 0
434: 712
435: 641
436: 0
437: 492
438: 0
439: 122
440: 662
441: 647
442: 0
443: 655
444: 2
445: 711
446: 712
447: 0
448: 72
449: 711
450: 584
451: 0
452: 24
453: 713
454: 713
455: 0
456: 695
457: 712
458: 611
459: 0
460: 237
461: 0
462: 712
463: 711
464: 411
465: 711
466: 0
467: 617
468: 0
469: 554
470: 0
471: 72
472: 630
473: 4
474: 46
475: 0
476: 693
477: 713
478: 0
479: 0
480: 523
481: 712
482: 712
483: 509
484: 0
485: 1
486: 712
487: 712
488: 499
489: 479
490: 698
491: 579
492: 487
493: 182
494: 471
495: 338
496: 711
497: 678
498: 0
499: 653
500: 369
