1: 320
2: 439
3: 423
4: 298
5: 258
6: 709
7: 660
8: 568
9: 492
10: 563
11: 506
12: 485
13: 434
14: 540
15: 321
16: 273
17: 685
18: 438
19: 641
20: 557
21: 387
22: 307
23: 596
24: 454
25: 504
26: 486
27: 366
28: 348
29: 283
30: 442
31: 452
32: 410
33: 184
34: 491
35: 570
36: 399
37: 271
38: 504
39: 185
40: 367
41: 297
42: 380
43: 537
44: 255
45: 642
46: 568
47: 653
48: 262
49: 388
50: 363
51: 334
52: 477
53: 491
54: 609
55: 233
56: 243
57: 443
58: 700
59: 409
60: 293
61: 333
62: 437
63: 607
64: 554
65: 409
66: 712
67: 647
68: 562
69: 663
70: 404
71: 582
72: 712
73: 487
74: 472
75: 386
76: 711
77: 597
78: 422
79: 613
80: 388
81: 479
82: 485
83: 711
84: 516
85: 551
86: 421
87: 650
88: 303
89: 692
90: 712
91: 308
92: 658
93: 458
94: 703
95: 596
96: 321
97: 435
98: 667
99: 547
100: 467
101: 66
102: 393
103: 711
104: 711
105: 0
106: 367
107: 702
108: 621
109: 712
110: 559
111: 712
112: 713
113: 431
114: 680
115: 713
116: 549
117: 711
118: 697
119: 425
120: 410
121: 712
122: 579
123: 710
124: 428
125: 711
126: 616
127: 543
128: 664
129: 711
130: 518
131: 680
132: 520
133: 462
134: 545
135: 713
136: 606
137: 305
138: 609
139: 713
140: 355
141: 594
142: 315
143: 196
144: 440
145: 268
146: 712
147: 664
148: 676
149: 608
150: 711
151: 712
152: 712
153: 712
154: 712
155: 0
156: 0
157: 0
158: 665
159: 398
160: 0
161: 713
162: 0
163: 349
164: 66
165: 0
166: 0
167: 711
168: 0
169: 565
170: 712
171: 696
172: 0
173: 712
174: 711
175: 131
176: 0
177: 712
178: 628
179: 712
180: 653
181: 663
182: 0
183: 713
184: 297
185: 315
186: 712
187: 713
188: 709
189: 1
190: 712
191: 712
192: 711
193: 515
194: 226
195: 203
196: 696
197: 661
198: 712
199: 594
200: 576
201: 675
202: 457
203: 629
204: 543
205: 350
206: 299
207: 606
208: 500
209: 474
210: 703
211: 670
212: 705
213: 711
214: 549
215: 710
216: 711
217: 495
218: 674
219: 661
220: 712
221: 646
222: 541
223: 672
224: 613
225: 713
226: 445
227: 639
228: 53
229: 528
230: 2
231: 599
232: 712
233: 712
234: 0
235: 712
236: 712
237: 30
238: 711
239: 711
240: 711
241: 711
242: 711
243: 491
244: 0
245: 712
246: 712
247: 0
248: 0
249: 713
250: 3
251: 703
252: 615
253: 712
254: 517
255: 712
256: 712
257: 712
258: 0
259: 711
260: 0
261: 712
262: 710
263: 0
264: 701
265: 702
266: 712
267: 711
268: 712
269: 94
270: 426
271: 179
272: 713
273: 712
274: 712
275: 10
276: 712
277: 712
278: 675
279: 12
280: 519
281: 617
282: 296
283: 561
284: 0
285: 123
286: 712
287: 482
288: 0
289: 712
290: 400
291: 181
292: 711
293: 713
294: 126
295: 408
296: 19
297: 713
298: 590
299: 712
300: 712
301: 341
302: 711
303: 712
304: 711
305: 712
306: 712
307: 711
308: 712
309: 0
310: 693
311: 712
312: 0
313: 712
314: 707
315: 487
316: 53
317: 712
318: 2
319: 713
320: 0
321: 712
322: 712
323: 712
324: 709
325: 712
326: 712
327: 711
328: 712
329: 711
330: 555
331: 210
332: 711
333: 652
334: 0
335: 695
336: 0
337: 710
338: 712
339: 712
340: 712
341: 0
342: 494
343: 353
344: 574
345: 711
346: 97
347: 712
348: 496
349: 629
350: 155
351: 64
352: 0
353: 210
354: 399
355: 238
356: 650
357: 301
358: 254
359: 712
360: 564
361: 711
362: 0
363: 680
364: 710
365: 711
366: 1
367: 698
368: 25
369: 36
370: 506
371: 712
372: 711
373: 712
374: 535
375: 572
376: 706
377: 449
378: 712
379: 711
380: 504
381: 0
382: 0
383: 68
384: 0
385: 449
386: 18
387: 476
388: 499
389: 0
390: 162
391: 635
392: 712
393: 712
394: 1
395: 711
396: 711
397: 10
398: 712
399: 711
400: 710
401: 108
402: 572
403: 280
404: 539
405: 402
406: 287
407: 538
408: 585
409: 528
410: 438
411: 697
412: 532
413: 401
414: 711
415: 532
416: 696
417: 712
418: 711
419: 711
420: 711
421: 260
422: 711
423: 30
424: 711
425: 382
426: 474
427: 0
428: 706
429: 645
430: 615
431: 713
432: 713
433: 409
434: 699
435: 712
436: 712
437: 712
438: 0
439: 421
440: 697
441: 707
442: 339
443: 0
444: 712
445: 0
446: 712
447: 711
448: 712
449: 197
450: 712
451: 712
452: 713
453: 713
454: 320
455: 0
456: 584
457: 708
458: 140
459: 454
460: 0
461: 692
462: 407
463: 363
464: 629
465: 693
466: 388
467: 613
468: 577
469: 596
470: 421
471: 443
472: 713
473: 712
474: 681
475: 676
476: 697
477: 555
478: 663
479: 580
480: 708
481: 585
482: 711
483: 692
484: 655
485: 711
486: 478
487: 607
488: 583
489: 648
490: 232
491: 712
492: 674
493: 0
494: 712
495: 419
496: 0
497: 712
498: 627
499: 712
500: 508
