1: 284
2: 713
3: 0
4: 137
5: 376
6: 431
7: 267
8: 320
9: 224
10: 302
11: 537
12: 235
13: 318
14: 188
15: 431
16: 379
17: 398
18: 139
19: 707
20: 711
21: 0
22: 0
23: 532
24: 421
25: 9
26: 503
27: 281
28: 331
29: 711
30: 368
31: 712
32: 9
33: 0
34: 445
35: 7
36: 326
37: 633
38: 1
39: 388
40: 555
41: 186
42: 205
43: 593
44: 707
45: 407
46: 223
47: 438
48: 106
49: 120
50: 655
51: 115
52: 49
53: 674
54: 533
55: 707
56: 684
57: 620
58: 712
59: 610
60: 710
61: 585
62: 530
63: 552
64: 65
65: 601
66: 500
67: 338
68: 405
69: 557
70: 5
71: 302
72: 244
73: 475
74: 211
75: 204
76: 252
77: 523
78: 399
79: 398
80: 371
81: 356
82: 498
83: 713
84: 126
85: 371
86: 710
87: 476
88: 430
89: 567
90: 172
91: 712
92: 422
93: 460
94: 217
95: 556
96: 185
97: 712
98: 387
99: 671
100: 312
101: 307
102: 673
103: 339
104: 563
105: 695
106: 595
107: 333
108: 574
109: 574
110: 497
111: 302
112: 304
113: 656
114: 258
115: 556
116: 441
117: 399
118: 256
119: 444
120: 362
121: 404
122: 440
123: 450
124: 242
125: 240
126: 182
127: 566
128: 699
129: 367
130: 319
131: 183
132: 570
133: 294
134: 232
135: 682
136: 308
137: 696
138: 463
139: 543
140: 471
141: 227
142: 579
143: 332
144: 545
145: 215
146: 218
147: 188
148: 254
149: 672
150: 522
151: 233
152: 253
153: 240
154: 334
155: 428
156: 604
157: 241
158: 184
159: 516
160: 345
161: 631
162: 16
163: 465
164: 9
165: 712
166: 75
167: 537
168: 222
169: 547
170: 491
171: 272
172: 314
173: 361
174: 465
175: 195
176: 637
177: 492
178: 382
179: 524
180: 471
181: 361
182: 410
183: 310
184: 372
185: 322
186: 711
187: 223
188: 325
189: 250
190: 506
191: 117
192: 402
193: 456
194: 260
195: 563
196: 535
197: 0
198: 253
199: 300
200: 281
201: 149
202: 367
203: 404
204: 416
205: 450
206: 637
207: 254
208: 710
209: 631
210: 413
211: 239
212: 211
213: 245
214: 193
215: 7
216: 389
217: 0
218: 624
219: 276
220: 316
221: 267
222: 111
223: 178
224: 711
225: 0
226: 403
227: 522
228: 365
229: 688
230: 190
231: 347
232: 571
233: 590
234: 537
235: 122
236: 416
237: 203
238: 413
239: 1
240: 119
241: 697
242: 401
243: 348
244: 422
245: 107
246: 252
247: 139
248: 272
249: 409
250: 236
251: 604
252: 217
253: 376
254: 538
255: 275
256: 711
257: 229
258: 13
259: 0
260: 262
261: 169
262: 315
263: 301
264: 222
265: 98
266: 345
267: 191
268: 371
269: 160
270: 359
271: 458
272: 230
273: 595
274: 220
275: 345
276: 473
277: 512
278: 382
279: 382
280: 572
281: 322
282: 472
283: 25
284: 276
285: 235
286: 131
287: 382
288: 617
289: 174
290: 130
291: 213
292: 184
293: 159
294: 306
295: 326
296: 285
297: 36
298: 570
299: 185
300: 182
301: 306
302: 282
303: 264
304: 120
305: 309
306: 64
307: 484
308: 193
309: 416
310: 196
311: 287
312: 681
313: 374
314: 615
315: 429
316: 541
317: 39
318: 513
319: 529
320: 168
321: 506
322: 262
323: 500
324: 239
325: 297
326: 436
327: 258
328: 282
329: 225
330: 261
331: 262
332: 4
333: 219
334: 628
335: 276
336: 664
337: 356
338: 228
339: 282
340: 235
341: 8
342: 711
343: 163
344: 167
345: 485
346: 669
347: 302
348: 235
349: 201
350: 234
351: 590
352: 441
353: 243
354: 485
355: 324
356: 383
357: 291
358: 480
359: 292
360: 244
361: 710
362: 168
363: 30
364: 248
365: 408
366: 251
367: 383
368: 221
369: 155
370: 591
371: 540
372: 154
373: 240
374: 236
375: 359
376: 166
377: 340
378: 306
379: 287
380: 211
381: 678
382: 344
383: 367
384: 232
385: 152
386: 231
387: 308
388: 125
389: 244
390: 400
391: 164
392: 342
393: 96
394: 46
395: 352
396: 466
397: 93
398: 244
399: 237
400: 160
401: 362
402: 216
403: 192
404: 196
405: 244
406: 358
407: 178
408: 240
409: 150
410: 514
411: 73
412: 507
413: 190
414: 161
415: 285
416: 196
417: 269
418: 235
419: 264
420: 175
421: 396
422: 0
423: 159
424: 49
425: 241
426: 243
427: 0
428: 507
429: 348
430: 384
431: 3
432: 288
433: 212
434: 224
435: 284
436: 316
437: 152
438: 267
439: 227
440: 288
441: 74
442: 246
443: 159
444: 248
445: 206
446: 127
447: 326
448: 186
449: 281
450: 228
451: 190
452: 280
453: 232
454: 145
455: 67
456: 173
457: 238
458: 124
459: 291
460: 247
461: 268
462: 217
463: 348
464: 185
465: 612
466: 423
467: 281
468: 176
469: 265
470: 344
471: 201
472: 167
473: 320
474: 447
475: 139
476: 315
477: 295
478: 75
479: 181
480: 496
481: 283
482: 224
483: 263
484: 212
485: 351
486: 274
487: 162
488: 267
489: 275
490: 287
491: 524
492: 150
493: 188
494: 235
495: 208
496: 206
497: 222
498: 256
499: 227
500: 305
