1: 712
2: 248
3: 322
4: 196
5: 113
6: 234
7: 595
8: 653
9: 545
10: 322
11: 169
12: 289
13: 163
14: 284
15: 270
16: 137
17: 322
18: 2
19: 167
20: 155
21: 141
22: 0
23: 234
24: 310
25: 600
26: 628
27: 510
28: 710
29: 8
30: 696
31: 7
32: 708
33: 0
34: 712
35: 556
36: 507
37: 712
38: 610
39: 381
40: 108
41: 653
42: 679
43: 209
44: 712
45: 26
46: 130
47: 106
48: 519
49: 454
50: 535
51: 181
52: 219
53: 56
54: 213
55: 456
56: 183
57: 126
58: 302
59: 592
60: 511
61: 281
62: 117
63: 623
64: 479
65: 542
66: 458
67: 228
68: 290
69: 615
70: 134
71: 448
72: 239
73: 713
74: 675
75: 379
76: 346
77: 496
78: 344
79: 399
80: 293
81: 247
82: 369
83: 350
84: 712
85: 672
86: 372
87: 675
88: 711
89: 104
90: 176
91: 132
92: 444
93: 391
94: 253
95: 691
96: 57
97: 293
98: 322
99: 712
100: 163
101: 61
102: 461
103: 588
104: 209
105: 358
106: 422
107: 386
108: 589
109: 711
110: 342
111: 205
112: 448
113: 711
114: 286
115: 211
116: 363
117: 230
118: 153
119: 712
120: 411
121: 128
122: 9
123: 92
124: 623
125: 224
126: 279
127: 507
128: 220
129: 320
130: 415
131: 303
132: 367
133: 418
134: 569
135: 571
136: 413
137: 515
138: 196
139: 29
140: 93
141: 238
142: 0
143: 157
144: 713
145: 713
146: 83
147: 710
148: 704
149: 607
150: 279
151: 0
152: 0
153: 559
154: 107
155: 677
156: 533
157: 712
158: 0
159: 536
160: 119
161: 86
162: 147
163: 599
164: 481
165: 231
166: 316
167: 713
168: 288
169: 144
170: 0
171: 288
172: 17
173: 209
174: 152
175: 666
176: 149
177: 386
178: 97
179: 391
180: 65
181: 169
182: 74
183: 209
184: 225
185: 428
186: 348
187: 304
188: 548
189: 275
190: 338
191: 0
192: 154
193: 71
194: 0
195: 709
196: 98
197: 0
198: 705
199: 712
200: 628
201: 7
202: 562
203: 81
204: 0
205: 0
206: 442
207: 446
208: 145
209: 256
210: 0
211: 0
212: 0
213: 664
214: 335
215: 334
216: 521
217: 172
218: 0
219: 273
220: 160
221: 122
222: 273
223: 111
224: 56
225: 516
226: 104
227: 454
228: 3
229: 594
230: 498
231: 64
232: 31
233: 340
234: 180
235: 5
236: 178
237: 22
238: 178
239: 204
240: 0
241: 1
242: 0
243: 460
244: 480
245: 264
246: 180
247: 328
248: 254
249: 168
250: 289
251: 76
252: 700
253: 191
254: 234
255: 161
256: 191
257: 667
258: 159
259: 635
260: 1
261: 702
262: 127
263: 551
264: 5
265: 274
266: 281
267: 467
268: 279
269: 46
270: 253
271: 453
272: 294
273: 21
274: 711
275: 710
276: 375
277: 513
278: 144
279: 428
280: 210
281: 332
282: 173
283: 308
284: 4
285: 272
286: 484
287: 669
288: 463
289: 471
290: 117
291: 272
292: 150
293: 325
294: 708
295: 276
296: 646
297: 636
298: 592
299: 102
300: 562
301: 465
302: 202
303: 404
304: 433
305: 604
306: 259
307: 114
308: 314
309: 310
310: 209
311: 362
312: 228
313: 681
314: 5
315: 29
316: 576
317: 402
318: 365
319: 455
320: 297
321: 186
322: 162
323: 2
324: 713
325: 343
326: 59
327: 0
328: 174
329: 0
330: 0
331: 533
332: 0
333: 0
334: 0
335: 541
336: 375
337: 257
338: 6
339: 569
340: 309
341: 707
342: 398
343: 55
344: 430
345: 270
346: 103
347: 712
348: 579
349: 351
350: 178
351: 69
352: 658
353: 190
354: 144
355: 18
356: 161
357: 591
358: 506
359: 370
360: 711
361: 372
362: 0
363: 3
364: 712
365: 205
366: 385
367: 499
368: 280
369: 81
370: 191
371: 665
372: 22
373: 0
374: 294
375: 100
376: 387
377: 518
378: 44
379: 708
380: 679
381: 0
382: 245
383: 250
384: 0
385: 712
386: 0
387: 712
388: 194
389: 707
390: 713
391: 587
392: 658
393: 0
394: 52
395: 697
396: 348
397: 713
398: 607
399: 0
400: 0
401: 0
402: 374
403: 0
404: 703
405: 0
406: 712
407: 431
408: 4
409: 0
410: 712
411: 66
412: 0
413: 477
414: 321
415: 402
416: 201
417: 0
418: 641
419: 252
420: 0
421: 133
422: 641
423: 395
424: 255
425: 204
426: 98
427: 33
428: 352
429: 253
430: 270
431: 307
432: 366
433: 185
434: 283
435: 585
436: 544
437: 0
438: 711
439: 713
440: 424
441: 310
442: 285
443: 455
444: 590
445: 323
446: 3
447: 11
448: 162
449: 711
450: 586
451: 566
452: 710
453: 711
454: 0
455: 0
456: 711
457: 216
458: 712
459: 712
460: 0
461: 432
462: 340
463: 712
464: 712
465: 349
466: 0
467: 583
468: 0
469: 494
470: 707
471: 712
472: 262
473: 712
474: 710
475: 0
476: 649
477: 0
478: 711
479: 0
480: 711
481: 0
482: 710
483: 231
484: 0
485: 381
486: 713
487: 428
488: 2
489: 618
490: 529
491: 417
492: 577
493: 620
494: 521
495: 317
496: 331
497: 413
498: 708
499: 258
500: 582
