1: 579
2: 712
3: 712
4: 712
5: 0
6: 712
7: 707
8: 712
9: 712
10: 358
11: 562
12: 144
13: 542
14: 655
15: 711
16: 415
17: 712
18: 336
19: 688
20: 464
21: 708
22: 712
23: 712
24: 713
25: 370
26: 713
27: 0
28: 0
29: 713
30: 0
31: 712
32: 712
33: 712
34: 701
35: 712
36: 712
37: 0
38: 712
39: 589
40: 711
41: 271
42: 674
43: 267
44: 577
45: 0
46: 554
47: 712
48: 224
49: 713
50: 712
51: 562
52: 712
53: 711
54: 290
55: 619
56: 489
57: 710
58: 630
59: 427
60: 712
61: 146
62: 0
63: 711
64: 602
65: 711
66: 556
67: 464
68: 711
69: 712
70: 636
71: 133
72: 712
73: 292
74: 712
75: 0
76: 0
77: 712
78: 712
79: 100
80: 608
81: 712
82: 101
83: 409
84: 711
85: 617
86: 557
87: 712
88: 711
89: 712
90: 293
91: 712
92: 408
93: 712
94: 656
95: 690
96: 688
97: 0
98: 543
99: 713
100: 713
101: 599
102: 453
103: 155
104: 53
105: 638
106: 429
107: 611
108: 712
109: 143
110: 577
111: 97
112: 594
113: 400
114: 618
115: 707
116: 444
117: 712
118: 254
119: 465
120: 0
121: 342
122: 547
123: 696
124: 214
125: 711
126: 712
127: 713
128: 713
129: 662
130: 712
131: 712
132: 711
133: 545
134: 711
135: 65
136: 628
137: 404
138: 525
139: 437
140: 462
141: 593
142: 684
143: 512
144: 684
145: 713
146: 419
147: 703
148: 614
149: 660
150: 711
151: 712
152: 486
153: 254
154: 455
155: 0
156: 319
157: 522
158: 372
159: 711
160: 1
161: 657
162: 350
163: 712
164: 408
165: 0
166: 712
167: 664
168: 713
169: 712
170: 323
171: 673
172: 529
173: 530
174: 695
175: 172
176: 459
177: 12
178: 207
179: 570
180: 569
181: 701
182: 0
183: 100
184: 606
185: 278
186: 625
187: 709
188: 712
189: 702
190: 713
191: 250
192: 562
193: 435
194: 275
195: 0
196: 705
197: 706
198: 711
199: 636
200: 0
201: 591
202: 615
203: 526
204: 663
205: 712
206: 712
207: 366
208: 696
209: 713
210: 490
211: 694
212: 713
213: 495
214: 146
215: 0
216: 713
217: 465
218: 692
219: 581
220: 225
221: 56
222: 576
223: 585
224: 583
225: 489
226: 218
227: 711
228: 238
229: 0
230: 650
231: 610
232: 113
233: 499
234: 677
235: 438
236: 712
237: 403
238: 548
239: 243
240: 0
241: 712
242: 426
243: 703
244: 0
245: 712
246: 711
247: 610
248: 712
249: 710
250: 6
251: 704
252: 711
253: 707
254: 419
255: 712
256: 713
257: 503
258: 711
259: 713
260: 670
261: 168
262: 693
263: 708
264: 0
265: 397
266: 712
267: 711
268: 709
269: 365
270: 705
271: 711
272: 711
273: 712
274: 549
275: 712
276: 712
277: 712
278: 712
279: 713
280: 713
281: 713
282: 712
283: 713
284: 712
285: 712
286: 0
287: 712
288: 712
289: 712
290: 712
291: 0
292: 711
293: 712
294: 270
295: 222
296: 712
297: 0
298: 376
299: 712
300: 712
301: 713
302: 712
303: 713
304: 0
305: 4
306: 476
307: 712
308: 672
309: 712
310: 546
311: 683
312: 662
313: 412
314: 569
315: 664
316: 0
317: 711
318: 712
319: 664
320: 214
321: 386
322: 415
323: 576
324: 1
325: 438
326: 294
327: 344
328: 408
329: 0
330: 417
331: 653
332: 498
333: 670
334: 704
335: 261
336: 711
337: 711
338: 712
339: 0
340: 164
341: 0
342: 697
343: 464
344: 712
345: 388
346: 712
347: 712
348: 562
349: 0
350: 577
351: 479
352: 420
353: 634
354: 503
355: 384
356: 619
357: 704
358: 316
359: 515
360: 463
361: 621
362: 712
363: 179
364: 313
365: 471
366: 260
367: 696
368: 208
369: 249
370: 532
371: 650
372: 424
373: 690
374: 305
375: 358
376: 293
377: 611
378: 126
379: 649
380: 652
381: 407
382: 266
383: 522
384: 639
385: 482
386: 712
387: 712
388: 712
389: 185
390: 635
391: 509
392: 13
393: 712
394: 712
395: 506
396: 584
397: 0
398: 396
399: 597
400: 615
401: 680
402: 499
403: 700
404: 173
405: 393
406: 711
407: 496
408: 515
409: 523
410: 405
411: 386
412: 397
413: 703
414: 566
415: 661
416: 438
417: 590
418: 551
419: 243
420: 712
421: 561
422: 701
423: 327
424: 380
425: 283
426: 518
427: 709
428: 538
429: 647
430: 0
431: 648
432: 394
433: 712
434: 712
435: 405
436: 543
437: 532
438: 399
439: 398
440: 453
441: 637
442: 134
443: 148
444: 435
445: 446
446: 702
447: 540
448: 0
449: 377
450: 13
451: 683
452: 549
453: 583
454: 494
455: 318
456: 588
457: 509
458: 518
459: 713
460: 389
461: 560
462: 527
463: 538
464: 530
465: 399
466: 512
467: 294
468: 370
469: 374
470: 371
471: 264
472: 468
473: 711
474: 488
475: 634
476: 609
477: 712
478: 711
479: 490
480: 296
481: 701
482: 635
483: 711
484: 614
485: 169
486: 614
487: 504
488: 606
489: 412
490: 711
491: 711
492: 711
493: 711
494: 578
495: 712
496: 669
497: 209
498: 557
499: 314
500: 591
