1: 713
2: 693
3: 712
4: 713
5: 708
6: 705
7: 713
8: 575
9: 713
10: 712
11: 369
12: 634
13: 712
14: 694
15: 522
16: 561
17: 692
18: 711
19: 579
20: 560
21: 712
22: 626
23: 712
24: 699
25: 712
26: 268
27: 593
28: 712
29: 694
30: 533
31: 676
32: 324
33: 516
34: 562
35: 713
36: 542
37: 558
38: 507
39: 596
40: 464
41: 649
42: 661
43: 502
44: 394
45: 416
46: 686
47: 321
48: 302
49: 575
50: 606
51: 678
52: 588
53: 584
54: 556
55: 426
56: 672
57: 641
58: 535
59: 404
60: 710
61: 507
62: 711
63: 595
64: 658
65: 582
66: 447
67: 709
68: 450
69: 681
70: 711
71: 709
72: 466
73: 648
74: 386
75: 414
76: 618
77: 388
78: 324
79: 557
80: 577
81: 472
82: 335
83: 470
84: 484
85: 708
86: 379
87: 711
88: 710
89: 371
90: 168
91: 712
92: 411
93: 632
94: 399
95: 573
96: 712
97: 687
98: 597
99: 291
100: 712
101: 709
102: 712
103: 576
104: 592
105: 713
106: 711
107: 540
108: 409
109: 550
110: 592
111: 306
112: 712
113: 668
114: 641
115: 712
116: 312
117: 711
118: 712
119: 271
120: 514
121: 609
122: 278
123: 572
124: 373
125: 437
126: 547
127: 538
128: 713
129: 481
130: 711
131: 576
132: 542
133: 610
134: 479
135: 451
136: 407
137: 585
138: 591
139: 693
140: 624
141: 495
142: 539
143: 555
144: 352
145: 658
146: 482
147: 488
148: 713
149: 711
150: 705
151: 713
152: 712
153: 530
154: 590
155: 700
156: 517
157: 710
158: 325
159: 504
160: 566
161: 505
162: 710
163: 708
164: 684
165: 392
166: 566
167: 712
168: 712
169: 428
170: 645
171: 463
172: 576
173: 711
174: 477
175: 450
176: 593
177: 365
178: 685
179: 687
180: 341
181: 712
182: 333
183: 467
184: 320
185: 629
186: 711
187: 505
188: 353
189: 517
190: 712
191: 708
192: 612
193: 431
194: 713
195: 459
196: 546
197: 712
198: 612
199: 295
200: 576
201: 434
202: 710
203: 451
204: 319
205: 645
206: 627
207: 634
208: 601
209: 625
210: 660
211: 706
212: 420
213: 450
214: 713
215: 560
216: 361
217: 556
218: 667
219: 663
220: 680
221: 711
222: 712
223: 711
224: 603
225: 702
226: 538
227: 437
228: 630
229: 481
230: 551
231: 564
232: 536
233: 671
234: 603
235: 586
236: 693
237: 713
238: 705
239: 372
240: 701
241: 631
242: 450
243: 711
244: 711
245: 709
246: 426
247: 432
248: 672
249: 711
250: 700
251: 712
252: 457
253: 711
254: 637
255: 603
256: 612
257: 712
258: 713
259: 713
260: 710
261: 532
262: 373
263: 662
264: 653
265: 331
266: 199
267: 709
268: 341
269: 465
270: 338
271: 487
272: 461
273: 564
274: 574
275: 493
276: 464
277: 288
278: 636
279: 607
280: 653
281: 464
282: 696
283: 686
284: 657
285: 429
286: 483
287: 712
288: 363
289: 711
290: 427
291: 709
292: 498
293: 711
294: 677
295: 712
296: 271
297: 396
298: 427
299: 572
300: 621
301: 610
302: 626
303: 616
304: 431
305: 712
306: 412
307: 712
308: 578
309: 712
310: 591
311: 680
312: 478
313: 710
314: 325
315: 459
316: 707
317: 513
318: 600
319: 604
320: 537
321: 431
322: 425
323: 460
324: 616
325: 709
326: 629
327: 713
328: 510
329: 712
330: 692
331: 339
332: 400
333: 509
334: 706
335: 602
336: 312
337: 539
338: 553
339: 558
340: 276
341: 389
342: 695
343: 647
344: 577
345: 712
346: 686
347: 482
348: 456
349: 525
350: 294
351: 657
352: 477
353: 591
354: 710
355: 523
356: 415
357: 534
358: 665
359: 422
360: 622
361: 709
362: 711
363: 710
364: 711
365: 711
366: 713
367: 482
368: 256
369: 597
370: 558
371: 418
372: 172
373: 426
374: 688
375: 709
376: 528
377: 711
378: 644
379: 453
380: 369
381: 521
382: 578
383: 703
384: 631
385: 712
386: 611
387: 466
388: 508
389: 549
390: 713
391: 475
392: 563
393: 712
394: 713
395: 712
396: 582
397: 707
398: 473
399: 446
400: 571
401: 447
402: 555
403: 627
404: 709
405: 712
406: 682
407: 712
408: 365
409: 676
410: 548
411: 422
412: 678
413: 584
414: 572
415: 474
416: 451
417: 712
418: 712
419: 436
420: 551
421: 409
422: 610
423: 445
424: 630
425: 591
426: 644
427: 531
428: 391
429: 690
430: 519
431: 574
432: 473
433: 695
434: 436
435: 348
436: 465
437: 580
438: 511
439: 288
440: 442
441: 635
442: 711
443: 355
444: 710
445: 474
446: 609
447: 510
448: 567
449: 699
450: 493
451: 457
452: 633
453: 221
454: 253
455: 713
456: 638
457: 709
458: 712
459: 708
460: 712
461: 571
462: 705
463: 712
464: 710
465: 712
466: 705
467: 710
468: 437
469: 675
470: 494
471: 597
472: 599
473: 712
474: 295
475: 682
476: 713
477: 711
478: 712
479: 713
480: 693
481: 386
482: 712
483: 658
484: 574
485: 712
486: 703
487: 712
488: 712
489: 692
490: 711
491: 709
492: 712
493: 706
494: 518
495: 437
496: 685
497: 713
498: 592
499: 576
500: 682
