1: 713
2: 712
3: 713
4: 713
5: 713
6: 713
7: 713
8: 713
9: 713
10: 713
11: 712
12: 712
13: 712
14: 712
15: 712
16: 712
17: 712
18: 712
19: 712
20: 712
21: 712
22: 712
23: 712
24: 711
25: 712
26: 712
27: 712
28: 712
29: 712
30: 712
31: 713
32: 713
33: 713
34: 522
35: 713
36: 713
37: 712
38: 713
39: 712
40: 712
41: 712
42: 712
43: 712
44: 712
45: 711
46: 712
47: 712
48: 712
49: 711
50: 711
51: 712
52: 712
53: 712
54: 712
55: 712
56: 713
57: 712
58: 713
59: 713
60: 713
61: 713
62: 712
63: 712
64: 712
65: 712
66: 696
67: 712
68: 712
69: 712
70: 712
71: 712
72: 712
73: 712
74: 712
75: 712
76: 712
77: 712
78: 712
79: 712
80: 712
81: 713
82: 712
83: 713
84: 712
85: 713
86: 713
87: 713
88: 712
89: 712
90: 712
91: 712
92: 712
93: 712
94: 712
95: 712
96: 712
97: 712
98: 712
99: 712
100: 711
101: 712
102: 712
103: 713
104: 712
105: 713
106: 713
107: 713
108: 713
109: 713
110: 713
111: 713
112: 713
113: 712
114: 712
115: 712
116: 712
117: 711
118: 711
119: 711
120: 656
121: 711
122: 712
123: 712
124: 712
125: 712
126: 712
127: 713
128: 713
129: 712
130: 713
131: 714
132: 713
133: 713
134: 712
135: 712
136: 11
137: 712
138: 667
139: 712
140: 711
141: 711
142: 0
143: 712
144: 711
145: 711
146: 712
147: 712
148: 712
149: 712
150: 712
151: 713
152: 713
153: 713
154: 713
155: 713
156: 712
157: 712
158: 712
159: 712
160: 711
161: 711
162: 712
163: 712
164: 712
165: 712
166: 712
167: 712
168: 712
169: 712
170: 712
171: 713
172: 713
173: 711
174: 713
175: 713
176: 713
177: 43
178: 712
179: 712
180: 712
181: 712
182: 711
183: 711
184: 711
185: 711
186: 712
187: 711
188: 712
189: 711
190: 712
191: 712
192: 712
193: 712
194: 713
195: 713
196: 713
197: 713
198: 712
199: 712
200: 712
201: 712
202: 712
203: 712
204: 0
205: 712
206: 712
207: 712
208: 712
209: 712
210: 712
211: 712
212: 712
213: 684
214: 713
215: 712
216: 713
217: 713
218: 713
219: 713
220: 713
221: 713
222: 712
223: 712
224: 712
225: 712
226: 711
227: 711
228: 711
229: 711
230: 712
231: 711
232: 712
233: 712
234: 712
235: 712
236: 712
237: 713
238: 712
239: 713
240: 713
241: 713
242: 712
243: 713
244: 712
245: 712
246: 712
247: 712
248: 711
249: 711
250: 712
251: 712
252: 711
253: 712
254: 712
255: 712
256: 712
257: 712
258: 712
259: 713
260: 713
261: 713
262: 713
263: 713
264: 713
265: 712
266: 35
267: 712
268: 712
269: 712
270: 711
271: 711
272: 711
273: 711
274: 711
275: 711
276: 712
277: 712
278: 712
279: 712
280: 713
281: 713
282: 712
283: 713
284: 713
285: 713
286: 713
287: 712
288: 712
289: 712
290: 712
291: 712
292: 712
293: 711
294: 712
295: 712
296: 712
297: 712
298: 712
299: 712
300: 712
301: 712
302: 713
303: 713
304: 712
305: 712
306: 0
307: 712
308: 713
309: 712
310: 712
311: 712
312: 712
313: 712
314: 712
315: 711
316: 712
317: 711
318: 712
319: 711
320: 712
321: 712
322: 712
323: 712
324: 713
325: 713
326: 713
327: 713
328: 714
329: 713
330: 712
331: 712
332: 712
333: 712
334: 712
335: 711
336: 712
337: 711
338: 711
339: 711
340: 711
341: 711
342: 711
343: 712
344: 712
345: 712
346: 713
347: 713
348: 713
349: 713
350: 712
351: 713
352: 713
353: 712
354: 712
355: 712
356: 712
357: 712
358: 712
359: 712
360: 712
361: 711
362: 548
363: 711
364: 712
365: 712
366: 712
367: 712
368: 713
369: 713
370: 712
371: 713
372: 713
373: 713
374: 712
375: 712
376: 712
377: 712
378: 712
379: 712
380: 712
381: 711
382: 711
383: 711
384: 711
385: 712
386: 712
387: 712
388: 712
389: 712
390: 713
391: 713
392: 713
393: 713
394: 713
395: 713
396: 712
397: 713
398: 712
399: 712
400: 712
401: 712
402: 711
403: 712
404: 712
405: 712
406: 712
407: 712
408: 712
409: 712
410: 712
411: 712
412: 713
413: 713
414: 713
415: 14
416: 169
417: 1
418: 42
419: 713
420: 0
421: 712
422: 661
423: 711
424: 711
425: 711
426: 712
427: 712
428: 711
429: 704
430: 711
431: 712
432: 712
433: 712
434: 712
435: 712
436: 713
437: 713
438: 712
439: 713
440: 713
441: 712
442: 712
443: 712
444: 712
445: 711
446: 712
447: 0
448: 711
449: 711
450: 712
451: 711
452: 711
453: 712
454: 712
455: 712
456: 712
457: 711
458: 713
459: 713
460: 0
461: 712
462: 712
463: 712
464: 712
465: 712
466: 712
467: 711
468: 711
469: 711
470: 712
471: 712
472: 712
473: 712
474: 712
475: 712
476: 712
477: 713
478: 713
479: 713
480: 713
481: 713
482: 713
483: 713
484: 713
485: 712
486: 712
487: 712
488: 711
489: 712
490: 712
491: 711
492: 711
493: 711
494: 712
495: 711
496: 711
497: 712
498: 712
499: 712
500: 713
