1: 246
2: 235
3: 239
4: 245
5: 244
6: 236
7: 242
8: 243
9: 247
10: 242
11: 245
12: 244
13: 241
14: 240
15: 241
16: 250
17: 242
18: 242
19: 245
20: 244
21: 243
22: 242
23: 242
24: 239
25: 245
26: 241
27: 242
28: 242
29: 247
30: 245
31: 237
32: 245
33: 241
34: 241
35: 242
36: 242
37: 242
38: 242
39: 240
40: 243
41: 242
42: 247
43: 239
44: 238
45: 240
46: 242
47: 243
48: 240
49: 246
50: 247
51: 239
52: 249
53: 237
54: 238
55: 244
56: 243
57: 244
58: 245
59: 235
60: 246
61: 245
62: 245
63: 243
64: 247
65: 242
66: 240
67: 248
68: 245
69: 242
70: 249
71: 245
72: 246
73: 245
74: 243
75: 240
76: 241
77: 242
78: 245
79: 242
80: 245
81: 245
82: 245
83: 247
84: 245
85: 244
86: 246
87: 245
88: 249
89: 243
90: 244
91: 242
92: 243
93: 245
94: 246
95: 247
96: 246
97: 246
98: 245
99: 250
100: 247
101: 246
102: 243
103: 243
104: 245
105: 241
106: 240
107: 249
108: 247
109: 242
110: 244
111: 240
112: 243
113: 245
114: 245
115: 247
116: 246
117: 249
118: 239
119: 249
120: 248
121: 245
122: 245
123: 240
124: 239
125: 240
126: 242
127: 242
128: 237
129: 237
130: 242
131: 241
132: 236
133: 235
134: 242
135: 243
136: 244
137: 241
138: 245
139: 246
140: 240
141: 238
142: 243
143: 242
144: 242
145: 239
146: 239
147: 243
148: 235
149: 233
150: 237
151: 244
152: 240
153: 243
154: 240
155: 243
156: 239
157: 241
158: 241
159: 246
160: 235
161: 239
162: 241
163: 241
164: 240
165: 243
166: 242
167: 240
168: 239
169: 241
170: 242
171: 248
172: 232
173: 239
174: 237
175: 241
176: 238
177: 245
178: 244
179: 245
180: 245
181: 241
182: 246
183: 239
184: 243
185: 233
186: 240
187: 242
188: 239
189: 241
190: 243
191: 240
192: 245
193: 241
194: 246
195: 240
196: 239
197: 243
198: 239
199: 238
200: 243
201: 243
202: 247
203: 251
204: 240
205: 243
206: 243
207: 245
208: 245
209: 241
210: 246
211: 251
212: 245
213: 248
214: 250
215: 246
216: 242
217: 242
218: 244
219: 248
220: 246
221: 248
222: 246
223: 250
224: 249
225: 248
226: 241
227: 251
228: 242
229: 248
230: 239
231: 242
232: 247
233: 247
234: 243
235: 242
236: 242
237: 246
238: 238
239: 242
240: 250
241: 243
242: 246
243: 247
244: 248
245: 249
246: 249
247: 248
248: 248
249: 244
250: 240
251: 238
252: 243
253: 243
254: 239
255: 242
256: 246
257: 245
258: 243
259: 244
260: 244
261: 247
262: 246
263: 244
264: 246
265: 241
266: 241
267: 244
268: 244
269: 247
270: 246
271: 249
272: 241
273: 246
274: 245
275: 237
276: 240
277: 234
278: 241
279: 240
280: 247
281: 236
282: 248
283: 234
284: 248
285: 241
286: 250
287: 243
288: 243
289: 250
290: 242
291: 245
292: 248
293: 245
294: 243
295: 245
296: 248
297: 249
298: 249
299: 251
300: 242
301: 246
302: 241
303: 236
304: 247
305: 244
306: 242
307: 243
308: 244
309: 247
310: 245
311: 245
312: 247
313: 247
314: 243
315: 240
316: 238
317: 243
318: 237
319: 248
320: 244
321: 246
322: 245
323: 242
324: 242
325: 248
326: 243
327: 243
328: 242
329: 243
330: 247
331: 247
332: 250
333: 245
334: 238
335: 249
336: 241
337: 243
338: 243
339: 243
340: 250
341: 248
342: 245
343: 250
344: 242
345: 241
346: 244
347: 234
348: 243
349: 245
350: 239
351: 245
352: 244
353: 235
354: 239
355: 244
356: 239
357: 243
358: 245
359: 247
360: 237
361: 242
362: 238
363: 243
364: 243
365: 240
366: 242
367: 237
368: 246
369: 245
370: 244
371: 242
372: 243
373: 240
374: 245
375: 246
376: 246
377: 245
378: 249
379: 246
380: 247
381: 244
382: 242
383: 242
384: 250
385: 243
386: 250
387: 251
388: 246
389: 235
390: 244
391: 240
392: 241
393: 244
394: 243
395: 238
396: 250
397: 241
398: 239
399: 243
400: 242
401: 244
402: 248
403: 245
404: 245
405: 242
406: 240
407: 243
408: 250
409: 247
410: 241
411: 242
412: 244
413: 252
414: 245
415: 249
416: 243
417: 243
418: 248
419: 249
420: 236
421: 249
422: 247
423: 245
424: 247
425: 248
426: 240
427: 241
428: 249
429: 247
430: 245
431: 246
432: 249
433: 244
434: 247
435: 243
436: 243
437: 240
438: 238
439: 244
440: 251
441: 246
442: 243
443: 243
444: 243
445: 251
446: 243
447: 245
448: 247
449: 248
450: 243
451: 245
452: 241
453: 242
454: 241
455: 241
456: 243
457: 242
458: 245
459: 243
460: 244
461: 246
462: 241
463: 244
464: 248
465: 241
466: 245
467: 242
468: 242
469: 246
470: 246
471: 245
472: 239
473: 240
474: 236
475: 233
476: 235
477: 236
478: 240
479: 242
480: 243
481: 243
482: 238
483: 234
484: 245
485: 240
486: 241
487: 239
488: 238
489: 240
490: 236
491: 250
492: 241
493: 237
494: 241
495: 246
496: 243
497: 240
498: 239
499: 243
500: 242
