1: 303
2: 711
3: 711
4: 711
5: 712
6: 711
7: 0
8: 0
9: 711
10: 711
11: 711
12: 712
13: 712
14: 712
15: 0
16: 707
17: 0
18: 0
19: 0
20: 0
21: 0
22: 713
23: 643
24: 713
25: 5
26: 712
27: 712
28: 0
29: 0
30: 0
31: 712
32: 0
33: 67
34: 711
35: 712
36: 301
37: 0
38: 0
39: 711
40: 0
41: 712
42: 484
43: 712
44: 5
45: 0
46: 688
47: 91
48: 0
49: 712
50: 156
51: 0
52: 20
53: 0
54: 712
55: 210
56: 0
57: 712
58: 0
59: 0
60: 0
61: 712
62: 310
63: 0
64: 711
65: 712
66: 0
67: 0
68: 41
69: 712
70: 712
71: 0
72: 0
73: 295
74: 0
75: 0
76: 0
77: 424
78: 0
79: 0
80: 658
81: 642
82: 0
83: 0
84: 0
85: 0
86: 0
87: 0
88: 711
89: 0
90: 711
91: 0
92: 0
93: 0
94: 0
95: 0
96: 712
97: 0
98: 33
99: 216
100: 712
101: 648
102: 712
103: 0
104: 713
105: 712
106: 713
107: 713
108: 0
109: 712
110: 712
111: 712
112: 713
113: 712
114: 712
115: 44
116: 712
117: 711
118: 712
119: 0
120: 0
121: 712
122: 0
123: 712
124: 0
125: 641
126: 712
127: 9
128: 713
129: 712
130: 713
131: 713
132: 713
133: 711
134: 712
135: 712
136: 706
137: 711
138: 712
139: 0
140: 0
141: 711
142: 7
143: 425
144: 17
145: 711
146: 711
147: 712
148: 712
149: 713
150: 713
151: 713
152: 713
153: 713
154: 712
155: 713
156: 713
157: 712
158: 712
159: 712
160: 712
161: 712
162: 663
163: 0
164: 711
165: 711
166: 711
167: 259
168: 712
169: 0
170: 712
171: 712
172: 0
173: 0
174: 0
175: 505
176: 512
177: 712
178: 608
179: 0
180: 0
181: 217
182: 553
183: 712
184: 0
185: 709
186: 0
187: 345
188: 12
189: 711
190: 0
191: 558
192: 0
193: 0
194: 0
195: 0
196: 150
197: 712
198: 713
199: 0
200: 312
201: 713
202: 713
203: 0
204: 24
205: 712
206: 18
207: 712
208: 125
209: 1
210: 0
211: 0
212: 711
213: 711
214: 0
215: 712
216: 712
217: 712
218: 0
219: 18
220: 712
221: 0
222: 713
223: 0
224: 522
225: 572
226: 0
227: 0
228: 0
229: 0
230: 0
231: 1
232: 698
233: 352
234: 0
235: 157
236: 1
237: 435
238: 0
239: 712
240: 712
241: 227
242: 5
243: 0
244: 712
245: 0
246: 0
247: 274
248: 713
249: 257
250: 0
251: 0
252: 713
253: 711
254: 712
255: 479
256: 711
257: 712
258: 17
259: 0
260: 711
261: 712
262: 0
263: 711
264: 712
265: 712
266: 712
267: 712
268: 712
269: 712
270: 713
271: 713
272: 713
273: 713
274: 712
275: 712
276: 712
277: 712
278: 712
279: 712
280: 711
281: 712
282: 0
283: 0
284: 711
285: 712
286: 0
287: 191
288: 712
289: 0
290: 712
291: 712
292: 0
293: 0
294: 713
295: 713
296: 713
297: 0
298: 712
299: 58
300: 712
301: 712
302: 712
303: 711
304: 712
305: 0
306: 711
307: 711
308: 0
309: 711
310: 712
311: 712
312: 712
313: 0
314: 697
315: 712
316: 0
317: 713
318: 712
319: 0
320: 0
321: 712
322: 0
323: 0
324: 712
325: 175
326: 581
327: 712
328: 712
329: 441
330: 647
331: 711
332: 0
333: 711
334: 666
335: 0
336: 712
337: 0
338: 0
339: 703
340: 452
341: 52
342: 0
343: 712
344: 580
345: 712
346: 186
347: 712
348: 0
349: 712
350: 711
351: 711
352: 711
353: 83
354: 711
355: 303
356: 712
357: 689
358: 24
359: 0
360: 96
361: 713
362: 712
363: 713
364: 713
365: 668
366: 710
367: 0
368: 0
369: 0
370: 712
371: 0
372: 0
373: 712
374: 0
375: 38
376: 15
377: 711
378: 0
379: 712
380: 0
381: 0
382: 10
383: 0
384: 712
385: 713
386: 344
387: 0
388: 0
389: 713
390: 0
391: 0
392: 0
393: 712
394: 712
395: 712
396: 712
397: 712
398: 11
399: 711
400: 711
401: 0
402: 0
403: 0
404: 711
405: 711
406: 421
407: 0
408: 139
409: 102
410: 473
411: 189
412: 713
413: 0
414: 713
415: 610
416: 712
417: 712
418: 712
419: 712
420: 712
421: 24
422: 711
423: 711
424: 701
425: 711
426: 0
427: 711
428: 712
429: 712
430: 712
431: 16
432: 713
433: 713
434: 712
435: 667
436: 713
437: 4
438: 712
439: 712
440: 712
441: 712
442: 711
443: 712
444: 0
445: 711
446: 711
447: 711
448: 712
449: 712
450: 712
451: 712
452: 712
453: 712
454: 713
455: 713
456: 0
457: 713
458: 713
459: 713
460: 712
461: 125
462: 711
463: 88
464: 711
465: 712
466: 711
467: 226
468: 711
469: 0
470: 0
471: 0
472: 0
473: 2
474: 82
475: 712
476: 712
477: 712
478: 573
479: 713
480: 712
481: 0
482: 713
483: 271
484: 712
485: 712
486: 57
487: 676
488: 712
489: 0
490: 710
491: 711
492: 0
493: 0
494: 711
495: 712
496: 0
497: 26
498: 712
499: 493
500: 0
