1: 0
2: 0
3: 0
4: 0
5: 0
6: 0
7: 0
8: 0
9: 58
10: 0
11: 0
12: 0
13: 0
14: 0
15: 0
16: 0
17: 0
18: 0
19: 0
20: 74
21: 0
22: 0
23: 0
24: 0
25: 0
26: 28
27: 0
28: 0
29: 0
30: 0
31: 0
32: 0
33: 2
34: 0
35: 0
36: 0
37: 0
38: 70
39: 0
40: 0
41: 0
42: 21
43: 0
44: 0
45: 0
46: 0
47: 0
48: 0
49: 0
50: 0
51: 0
52: 0
53: 5
54: 0
55: 0
56: 0
57: 0
58: 0
59: 37
60: 0
61: 0
62: 0
63: 0
64: 0
65: 66
66: 115
67: 0
68: 0
69: 0
70: 61
71: 0
72: 0
73: 0
74: 1
75: 0
76: 0
77: 0
78: 0
79: 0
80: 0
81: 0
82: 0
83: 0
84: 0
85: 0
86: 0
87: 0
88: 0
89: 0
90: 0
91: 0
92: 0
93: 0
94: 0
95: 307
96: 4
97: 0
98: 0
99: 0
100: 0
101: 0
102: 1
103: 0
104: 0
105: 0
106: 0
107: 0
108: 0
109: 0
110: 0
111: 0
112: 0
113: 0
114: 0
115: 289
116: 35
117: 0
118: 0
119: 0
120: 0
121: 18
122: 33
123: 0
124: 0
125: 0
126: 0
127: 0
128: 0
129: 0
130: 0
131: 0
132: 0
133: 0
134: 2
135: 0
136: 0
137: 0
138: 0
139: 15
140: 69
141: 0
142: 0
143: 30
144: 0
145: 0
146: 0
147: 0
148: 0
149: 0
150: 0
151: 0
152: 0
153: 20
154: 0
155: 0
156: 124
157: 37
158: 0
159: 0
160: 0
161: 0
162: 0
163: 0
164: 0
165: 0
166: 0
167: 0
168: 26
169: 0
170: 0
171: 55
172: 0
173: 0
174: 0
175: 0
176: 0
177: 0
178: 0
179: 0
180: 0
181: 1
182: 0
183: 0
184: 0
185: 0
186: 0
187: 0
188: 0
189: 0
190: 69
191: 0
192: 0
193: 0
194: 0
195: 77
196: 57
197: 0
198: 0
199: 0
200: 0
201: 0
202: 0
203: 1
204: 0
205: 0
206: 0
207: 0
208: 0
209: 21
210: 0
211: 0
212: 0
213: 73
214: 17
215: 61
216: 10
217: 53
218: 78
219: 53
220: 0
221: 0
222: 0
223: 36
224: 0
225: 0
226: 11
227: 0
228: 0
229: 0
230: 9
231: 0
232: 48
233: 0
234: 1
235: 0
236: 36
237: 0
238: 0
239: 11
240: 1
241: 39
242: 46
243: 0
244: 5
245: 32
246: 1
247: 21
248: 43
249: 2
250: 0
251: 6
252: 0
253: 0
254: 66
255: 0
256: 0
257: 0
258: 0
259: 0
260: 7
261: 0
262: 0
263: 31
264: 260
265: 14
266: 0
267: 0
268: 0
269: 61
270: 0
271: 0
272: 0
273: 0
274: 0
275: 0
276: 0
277: 0
278: 0
279: 8
280: 0
281: 0
282: 0
283: 0
284: 110
285: 0
286: 0
287: 61
288: 0
289: 0
290: 18
291: 0
292: 3
293: 0
294: 20
295: 0
296: 0
297: 0
298: 74
299: 1
300: 0
301: 0
302: 0
303: 0
304: 0
305: 0
306: 0
307: 0
308: 0
309: 0
310: 0
311: 0
312: 356
313: 2
314: 177
315: 0
316: 0
317: 313
318: 607
319: 0
320: 430
321: 0
322: 0
323: 0
324: 0
325: 0
326: 0
327: 0
328: 0
329: 0
330: 0
331: 0
332: 0
333: 0
334: 0
335: 0
336: 0
337: 0
338: 0
339: 0
340: 2
341: 0
342: 0
343: 1
344: 73
345: 0
346: 44
347: 0
348: 0
349: 29
350: 1
351: 0
352: 0
353: 0
354: 0
355: 0
356: 0
357: 0
358: 0
359: 63
360: 0
361: 0
362: 0
363: 0
364: 0
365: 0
366: 0
367: 0
368: 0
369: 0
370: 0
371: 0
372: 0
373: 0
374: 2
375: 0
376: 0
377: 0
378: 0
379: 37
380: 0
381: 0
382: 0
383: 0
384: 0
385: 0
386: 22
387: 0
388: 0
389: 1
390: 0
391: 0
392: 0
393: 69
394: 0
395: 93
396: 0
397: 4
398: 0
399: 0
400: 0
401: 0
402: 0
403: 0
404: 0
405: 0
406: 0
407: 0
408: 0
409: 0
410: 0
411: 14
412: 0
413: 0
414: 0
415: 0
416: 0
417: 0
418: 0
419: 0
420: 0
421: 0
422: 0
423: 0
424: 0
425: 0
426: 0
427: 0
428: 0
429: 0
430: 0
431: 0
432: 0
433: 0
434: 0
435: 0
436: 7
437: 89
438: 16
439: 0
440: 0
441: 0
442: 0
443: 0
444: 0
445: 0
446: 0
447: 0
448: 0
449: 0
450: 0
451: 0
452: 0
453: 0
454: 0
455: 0
456: 52
457: 0
458: 0
459: 0
460: 0
461: 0
462: 0
463: 0
464: 0
465: 0
466: 0
467: 0
468: 1
469: 0
470: 0
471: 0
472: 0
473: 0
474: 330
475: 0
476: 0
477: 1
478: 0
479: 362
480: 0
481: 0
482: 1
483: 0
484: 0
485: 155
486: 0
487: 0
488: 0
489: 0
490: 0
491: 0
492: 0
493: 0
494: 0
495: 0
496: 0
497: 0
498: 0
499: 0
500: 93
