1: 712
2: 712
3: 712
4: 711
5: 712
6: 712
7: 712
8: 712
9: 712
10: 712
11: 712
12: 713
13: 0
14: 0
15: 713
16: 713
17: 339
18: 713
19: 713
20: 712
21: 712
22: 712
23: 712
24: 712
25: 0
26: 712
27: 372
28: 711
29: 711
30: 460
31: 3
32: 0
33: 712
34: 712
35: 712
36: 712
37: 712
38: 712
39: 712
40: 0
41: 0
42: 656
43: 712
44: 713
45: 712
46: 712
47: 712
48: 712
49: 712
50: 711
51: 712
52: 711
53: 711
54: 711
55: 711
56: 712
57: 712
58: 711
59: 712
60: 712
61: 712
62: 712
63: 712
64: 712
65: 713
66: 712
67: 713
68: 713
69: 127
70: 712
71: 712
72: 712
73: 680
74: 712
75: 712
76: 712
77: 711
78: 711
79: 0
80: 329
81: 711
82: 711
83: 711
84: 22
85: 711
86: 711
87: 0
88: 242
89: 713
90: 0
91: 713
92: 713
93: 100
94: 713
95: 712
96: 712
97: 712
98: 712
99: 712
100: 712
101: 92
102: 712
103: 79
104: 0
105: 711
106: 712
107: 711
108: 711
109: 712
110: 712
111: 712
112: 712
113: 713
114: 713
115: 713
116: 713
117: 713
118: 713
119: 712
120: 713
121: 712
122: 712
123: 452
124: 712
125: 711
126: 711
127: 529
128: 712
129: 0
130: 0
131: 712
132: 13
133: 0
134: 712
135: 412
136: 0
137: 713
138: 713
139: 712
140: 713
141: 712
142: 712
143: 712
144: 712
145: 712
146: 712
147: 712
148: 711
149: 711
150: 711
151: 711
152: 711
153: 712
154: 712
155: 712
156: 712
157: 712
158: 713
159: 713
160: 713
161: 712
162: 712
163: 713
164: 712
165: 712
166: 712
167: 712
168: 711
169: 712
170: 711
171: 712
172: 711
173: 0
174: 508
175: 711
176: 711
177: 0
178: 712
179: 634
180: 0
181: 0
182: 713
183: 713
184: 713
185: 713
186: 712
187: 712
188: 712
189: 712
190: 712
191: 711
192: 712
193: 712
194: 711
195: 711
196: 0
197: 0
198: 712
199: 0
200: 3
201: 0
202: 712
203: 0
204: 707
205: 712
206: 713
207: 713
208: 712
209: 712
210: 712
211: 712
212: 712
213: 712
214: 0
215: 384
216: 712
217: 339
218: 142
219: 0
220: 0
221: 0
222: 0
223: 1
224: 0
225: 545
226: 712
227: 0
228: 0
229: 713
230: 713
231: 713
232: 712
233: 712
234: 712
235: 0
236: 711
237: 712
238: 712
239: 712
240: 711
241: 0
242: 711
243: 712
244: 1
245: 712
246: 712
247: 712
248: 0
249: 0
250: 479
251: 713
252: 117
253: 202
254: 7
255: 0
256: 0
257: 0
258: 0
259: 712
260: 0
261: 712
262: 706
263: 505
264: 0
265: 712
266: 712
267: 711
268: 711
269: 0
270: 0
271: 711
272: 712
273: 301
274: 451
275: 712
276: 703
277: 712
278: 712
279: 713
280: 712
281: 712
282: 712
283: 712
284: 0
285: 410
286: 1
287: 712
288: 0
289: 712
290: 0
291: 712
292: 712
293: 545
294: 712
295: 0
296: 0
297: 0
298: 466
299: 0
300: 712
301: 500
302: 452
303: 0
304: 0
305: 206
306: 0
307: 3
308: 323
309: 0
310: 308
311: 0
312: 0
313: 7
314: 140
315: 711
316: 0
317: 0
318: 309
319: 208
320: 0
321: 712
322: 701
323: 0
324: 0
325: 0
326: 709
327: 160
328: 0
329: 713
330: 74
331: 712
332: 114
333: 0
334: 422
335: 712
336: 0
337: 0
338: 0
339: 584
340: 0
341: 5
342: 712
343: 705
344: 0
345: 155
346: 712
347: 712
348: 431
349: 712
350: 713
351: 712
352: 584
353: 712
354: 712
355: 712
356: 712
357: 711
358: 711
359: 711
360: 712
361: 711
362: 711
363: 711
364: 711
365: 682
366: 0
367: 0
368: 0
369: 0
370: 712
371: 713
372: 713
373: 713
374: 713
375: 712
376: 712
377: 712
378: 712
379: 712
380: 2
381: 0
382: 0
383: 712
384: 711
385: 710
386: 711
387: 711
388: 0
389: 712
390: 3
391: 0
392: 713
393: 0
394: 588
395: 0
396: 423
397: 713
398: 713
399: 145
400: 712
401: 0
402: 0
403: 0
404: 0
405: 712
406: 0
407: 0
408: 711
409: 711
410: 0
411: 712
412: 712
413: 712
414: 712
415: 712
416: 0
417: 713
418: 713
419: 713
420: 712
421: 713
422: 712
423: 712
424: 712
425: 712
426: 712
427: 235
428: 712
429: 711
430: 711
431: 711
432: 712
433: 711
434: 712
435: 712
436: 712
437: 713
438: 712
439: 713
440: 712
441: 713
442: 713
443: 713
444: 712
445: 712
446: 712
447: 712
448: 0
449: 711
450: 0
451: 711
452: 0
453: 711
454: 711
455: 712
456: 711
457: 712
458: 706
459: 712
460: 0
461: 145
462: 0
463: 9
464: 713
465: 713
466: 0
467: 712
468: 713
469: 712
470: 712
471: 712
472: 711
473: 711
474: 711
475: 712
476: 69
477: 711
478: 712
479: 712
480: 712
481: 712
482: 0
483: 712
484: 712
485: 712
486: 712
487: 713
488: 713
489: 713
490: 713
491: 276
492: 712
493: 712
494: 712
495: 711
496: 712
497: 712
498: 712
499: 711
500: 711
