1: 711
2: 712
3: 712
4: 711
5: 615
6: 709
7: 200
8: 691
9: 712
10: 712
11: 9
12: 0
13: 600
14: 578
15: 713
16: 324
17: 713
18: 127
19: 710
20: 713
21: 403
22: 712
23: 161
24: 0
25: 0
26: 712
27: 712
28: 502
29: 711
30: 0
31: 277
32: 477
33: 711
34: 632
35: 711
36: 0
37: 253
38: 0
39: 0
40: 0
41: 712
42: 712
43: 495
44: 713
45: 713
46: 712
47: 713
48: 712
49: 0
50: 0
51: 10
52: 101
53: 419
54: 712
55: 712
56: 353
57: 181
58: 711
59: 0
60: 711
61: 155
62: 712
63: 712
64: 711
65: 483
66: 711
67: 713
68: 597
69: 713
70: 712
71: 47
72: 712
73: 319
74: 432
75: 440
76: 160
77: 130
78: 521
79: 466
80: 99
81: 353
82: 302
83: 644
84: 710
85: 336
86: 687
87: 711
88: 556
89: 695
90: 456
91: 358
92: 264
93: 661
94: 567
95: 499
96: 316
97: 710
98: 187
99: 505
100: 150
101: 624
102: 712
103: 712
104: 144
105: 289
106: 684
107: 310
108: 448
109: 639
110: 701
111: 557
112: 545
113: 399
114: 14
115: 712
116: 713
117: 151
118: 694
119: 656
120: 540
121: 562
122: 458
123: 8
124: 712
125: 712
126: 0
127: 711
128: 711
129: 0
130: 711
131: 711
132: 553
133: 0
134: 613
135: 614
136: 546
137: 712
138: 713
139: 713
140: 712
141: 713
142: 713
143: 0
144: 355
145: 4
146: 0
147: 712
148: 711
149: 682
150: 0
151: 706
152: 318
153: 711
154: 594
155: 236
156: 22
157: 712
158: 0
159: 343
160: 287
161: 533
162: 439
163: 0
164: 586
165: 110
166: 67
167: 584
168: 190
169: 440
170: 694
171: 434
172: 414
173: 708
174: 0
175: 280
176: 705
177: 0
178: 478
179: 712
180: 619
181: 489
182: 689
183: 450
184: 0
185: 0
186: 713
187: 709
188: 0
189: 712
190: 0
191: 712
192: 0
193: 712
194: 0
195: 712
196: 147
197: 664
198: 673
199: 712
200: 634
201: 686
202: 403
203: 712
204: 685
205: 0
206: 712
207: 546
208: 711
209: 403
210: 605
211: 615
212: 528
213: 482
214: 692
215: 712
216: 485
217: 351
218: 442
219: 17
220: 655
221: 371
222: 710
223: 711
224: 509
225: 542
226: 482
227: 475
228: 157
229: 255
230: 573
231: 269
232: 354
233: 475
234: 712
235: 256
236: 366
237: 205
238: 0
239: 517
240: 628
241: 452
242: 230
243: 411
244: 227
245: 266
246: 145
247: 0
248: 626
249: 712
250: 710
251: 669
252: 499
253: 710
254: 452
255: 681
256: 410
257: 377
258: 710
259: 712
260: 562
261: 588
262: 310
263: 711
264: 264
265: 10
266: 343
267: 683
268: 584
269: 584
270: 627
271: 276
272: 651
273: 0
274: 0
275: 451
276: 288
277: 704
278: 712
279: 393
280: 712
281: 597
282: 189
283: 533
284: 496
285: 599
286: 393
287: 513
288: 639
289: 16
290: 712
291: 699
292: 684
293: 509
294: 712
295: 712
296: 713
297: 712
298: 578
299: 0
300: 78
301: 588
302: 712
303: 0
304: 712
305: 430
306: 302
307: 191
308: 28
309: 41
310: 9
311: 712
312: 712
313: 712
314: 712
315: 558
316: 520
317: 375
318: 356
319: 315
320: 4
321: 713
322: 592
323: 105
324: 712
325: 425
326: 310
327: 711
328: 689
329: 661
330: 412
331: 133
332: 697
333: 488
334: 586
335: 686
336: 291
337: 370
338: 0
339: 642
340: 3
341: 0
342: 712
343: 713
344: 665
345: 712
346: 640
347: 264
348: 294
349: 272
350: 587
351: 708
352: 711
353: 124
354: 3
355: 309
356: 88
357: 712
358: 580
359: 38
360: 176
361: 712
362: 507
363: 0
364: 441
365: 713
366: 432
367: 8
368: 711
369: 712
370: 0
371: 712
372: 712
373: 664
374: 402
375: 711
376: 0
377: 711
378: 450
379: 110
380: 711
381: 22
382: 531
383: 555
384: 401
385: 554
386: 245
387: 668
388: 269
389: 380
390: 414
391: 58
392: 712
393: 597
394: 711
395: 639
396: 661
397: 673
398: 710
399: 630
400: 603
401: 711
402: 1
403: 513
404: 0
405: 57
406: 317
407: 0
408: 713
409: 0
410: 713
411: 0
412: 713
413: 0
414: 639
415: 712
416: 0
417: 711
418: 391
419: 454
420: 456
421: 118
422: 155
423: 368
424: 362
425: 392
426: 429
427: 289
428: 78
429: 555
430: 711
431: 0
432: 523
433: 712
434: 321
435: 525
436: 346
437: 0
438: 508
439: 43
440: 190
441: 711
442: 321
443: 386
444: 492
445: 29
446: 506
447: 711
448: 383
449: 455
450: 712
451: 258
452: 384
453: 177
454: 349
455: 194
456: 468
457: 245
458: 0
459: 680
460: 712
461: 614
462: 392
463: 711
464: 682
465: 711
466: 712
467: 658
468: 636
469: 607
470: 594
471: 711
472: 315
473: 669
474: 530
475: 347
476: 429
477: 648
478: 697
479: 2
480: 594
481: 337
482: 712
483: 422
484: 461
485: 11
486: 663
487: 711
488: 408
489: 677
490: 259
491: 206
492: 494
493: 711
494: 706
495: 4
496: 98
497: 418
498: 392
499: 405
500: 507
