1: 0
2: 713
3: 533
4: 713
5: 173
6: 0
7: 712
8: 64
9: 713
10: 713
11: 713
12: 713
13: 440
14: 713
15: 712
16: 712
17: 649
18: 308
19: 1
20: 712
21: 712
22: 712
23: 712
24: 677
25: 711
26: 0
27: 0
28: 0
29: 427
30: 134
31: 630
32: 712
33: 712
34: 0
35: 713
36: 710
37: 221
38: 0
39: 502
40: 592
41: 266
42: 713
43: 0
44: 37
45: 712
46: 712
47: 711
48: 712
49: 711
50: 712
51: 711
52: 711
53: 712
54: 712
55: 712
56: 712
57: 713
58: 713
59: 712
60: 0
61: 713
62: 713
63: 713
64: 712
65: 413
66: 464
67: 0
68: 712
69: 712
70: 712
71: 0
72: 712
73: 712
74: 712
75: 711
76: 711
77: 712
78: 712
79: 0
80: 711
81: 712
82: 712
83: 712
84: 712
85: 712
86: 713
87: 676
88: 712
89: 0
90: 712
91: 713
92: 0
93: 0
94: 0
95: 712
96: 712
97: 712
98: 712
99: 110
100: 711
101: 712
102: 711
103: 712
104: 712
105: 698
106: 712
107: 712
108: 712
109: 712
110: 713
111: 0
112: 713
113: 713
114: 712
115: 0
116: 712
117: 712
118: 712
119: 0
120: 712
121: 516
122: 712
123: 711
124: 712
125: 711
126: 712
127: 116
128: 712
129: 0
130: 0
131: 712
132: 713
133: 713
134: 0
135: 712
136: 0
137: 713
138: 712
139: 446
140: 712
141: 437
142: 712
143: 0
144: 712
145: 711
146: 0
147: 267
148: 0
149: 0
150: 30
151: 0
152: 712
153: 558
154: 712
155: 712
156: 16
157: 55
158: 712
159: 306
160: 204
161: 0
162: 399
163: 712
164: 597
165: 695
166: 712
167: 0
168: 455
169: 0
170: 0
171: 0
172: 0
173: 156
174: 712
175: 537
176: 0
177: 713
178: 0
179: 712
180: 712
181: 712
182: 713
183: 713
184: 712
185: 712
186: 712
187: 0
188: 712
189: 712
190: 712
191: 0
192: 711
193: 711
194: 0
195: 712
196: 711
197: 712
198: 0
199: 711
200: 712
201: 0
202: 712
203: 712
204: 713
205: 713
206: 713
207: 713
208: 712
209: 712
210: 642
211: 712
212: 712
213: 8
214: 712
215: 712
216: 711
217: 711
218: 711
219: 712
220: 712
221: 712
222: 712
223: 712
224: 0
225: 712
226: 413
227: 713
228: 713
229: 712
230: 0
231: 713
232: 712
233: 0
234: 599
235: 0
236: 49
237: 711
238: 712
239: 711
240: 712
241: 711
242: 712
243: 711
244: 711
245: 712
246: 712
247: 712
248: 0
249: 0
250: 712
251: 712
252: 0
253: 60
254: 712
255: 0
256: 39
257: 695
258: 661
259: 0
260: 0
261: 712
262: 0
263: 9
264: 711
265: 123
266: 565
267: 541
268: 509
269: 311
270: 121
271: 75
272: 551
273: 700
274: 284
275: 9
276: 712
277: 357
278: 712
279: 0
280: 712
281: 65
282: 711
283: 712
284: 0
285: 0
286: 711
287: 712
288: 3
289: 682
290: 0
291: 709
292: 712
293: 393
294: 1
295: 679
296: 712
297: 712
298: 713
299: 712
300: 712
301: 0
302: 712
303: 77
304: 0
305: 0
306: 170
307: 0
308: 712
309: 712
310: 711
311: 711
312: 711
313: 0
314: 0
315: 0
316: 0
317: 0
318: 712
319: 713
320: 713
321: 713
322: 713
323: 713
324: 0
325: 44
326: 0
327: 712
328: 709
329: 712
330: 712
331: 712
332: 712
333: 0
334: 711
335: 711
336: 711
337: 711
338: 299
339: 712
340: 712
341: 0
342: 713
343: 0
344: 581
345: 301
346: 713
347: 713
348: 712
349: 712
350: 712
351: 712
352: 711
353: 166
354: 711
355: 711
356: 711
357: 711
358: 711
359: 712
360: 712
361: 712
362: 712
363: 712
364: 713
365: 713
366: 713
367: 713
368: 713
369: 712
370: 712
371: 0
372: 712
373: 712
374: 711
375: 711
376: 711
377: 711
378: 711
379: 711
380: 712
381: 712
382: 712
383: 712
384: 712
385: 712
386: 713
387: 713
388: 713
389: 712
390: 0
391: 0
392: 712
393: 712
394: 712
395: 712
396: 711
397: 712
398: 712
399: 711
400: 0
401: 711
402: 711
403: 712
404: 711
405: 712
406: 709
407: 712
408: 712
409: 712
410: 713
411: 712
412: 713
413: 712
414: 712
415: 712
416: 712
417: 326
418: 0
419: 0
420: 0
421: 575
422: 478
423: 286
424: 711
425: 712
426: 712
427: 0
428: 712
429: 0
430: 712
431: 712
432: 713
433: 713
434: 575
435: 713
436: 712
437: 712
438: 712
439: 712
440: 712
441: 712
442: 712
443: 712
444: 712
445: 0
446: 712
447: 712
448: 711
449: 712
450: 712
451: 712
452: 712
453: 713
454: 504
455: 713
456: 713
457: 0
458: 699
459: 712
460: 712
461: 1
462: 712
463: 712
464: 712
465: 711
466: 711
467: 711
468: 711
469: 712
470: 131
471: 711
472: 130
473: 486
474: 713
475: 712
476: 0
477: 712
478: 712
479: 0
480: 713
481: 712
482: 713
483: 0
484: 491
485: 712
486: 712
487: 712
488: 712
489: 712
490: 264
491: 711
492: 711
493: 152
494: 0
495: 401
496: 712
497: 712
498: 353
499: 0
500: 713
