1: 244
2: 247
3: 245
4: 244
5: 246
6: 246
7: 248
8: 243
9: 243
10: 243
11: 243
12: 239
13: 240
14: 244
15: 249
16: 243
17: 241
18: 241
19: 243
20: 250
21: 242
22: 246
23: 236
24: 238
25: 242
26: 243
27: 240
28: 250
29: 243
30: 247
31: 238
32: 245
33: 237
34: 240
35: 247
36: 251
37: 247
38: 242
39: 242
40: 255
41: 238
42: 246
43: 241
44: 248
45: 242
46: 248
47: 249
48: 247
49: 245
50: 247
51: 247
52: 246
53: 245
54: 248
55: 247
56: 248
57: 244
58: 247
59: 247
60: 246
61: 248
62: 242
63: 252
64: 245
65: 246
66: 249
67: 245
68: 248
69: 247
70: 242
71: 244
72: 251
73: 247
74: 243
75: 243
76: 246
77: 250
78: 248
79: 242
80: 244
81: 245
82: 243
83: 244
84: 250
85: 248
86: 242
87: 243
88: 246
89: 242
90: 245
91: 250
92: 244
93: 246
94: 247
95: 241
96: 250
97: 252
98: 243
99: 246
100: 249
101: 241
102: 235
103: 246
104: 245
105: 246
106: 246
107: 247
108: 244
109: 248
110: 238
111: 243
112: 243
113: 246
114: 243
115: 246
116: 241
117: 245
118: 245
119: 241
120: 242
121: 241
122: 240
123: 239
124: 243
125: 234
126: 240
127: 242
128: 244
129: 239
130: 244
131: 248
132: 241
133: 241
134: 241
135: 246
136: 236
137: 242
138: 244
139: 244
140: 242
141: 240
142: 238
143: 242
144: 240
145: 249
146: 236
147: 240
148: 244
149: 240
150: 240
151: 243
152: 254
153: 245
154: 247
155: 245
156: 247
157: 243
158: 242
159: 243
160: 244
161: 246
162: 239
163: 240
164: 240
165: 241
166: 247
167: 246
168: 250
169: 249
170: 244
171: 243
172: 242
173: 243
174: 245
175: 247
176: 246
177: 249
178: 250
179: 248
180: 255
181: 248
182: 247
183: 248
184: 246
185: 240
186: 246
187: 243
188: 245
189: 246
190: 251
191: 240
192: 249
193: 244
194: 241
195: 246
196: 252
197: 245
198: 250
199: 248
200: 243
201: 250
202: 251
203: 244
204: 247
205: 242
206: 243
207: 243
208: 249
209: 243
210: 242
211: 244
212: 242
213: 240
214: 246
215: 243
216: 239
217: 236
218: 236
219: 246
220: 240
221: 241
222: 238
223: 239
224: 240
225: 242
226: 239
227: 240
228: 244
229: 239
230: 245
231: 243
232: 240
233: 244
234: 244
235: 245
236: 251
237: 233
238: 240
239: 241
240: 239
241: 244
242: 239
243: 242
244: 240
245: 245
246: 240
247: 240
248: 243
249: 240
250: 244
251: 242
252: 245
253: 244
254: 242
255: 249
256: 242
257: 244
258: 242
259: 243
260: 242
261: 243
262: 254
263: 250
264: 241
265: 248
266: 241
267: 246
268: 243
269: 247
270: 244
271: 237
272: 245
273: 245
274: 245
275: 251
276: 248
277: 252
278: 246
279: 252
280: 244
281: 243
282: 238
283: 247
284: 237
285: 243
286: 241
287: 251
288: 247
289: 244
290: 248
291: 238
292: 249
293: 238
294: 244
295: 240
296: 242
297: 248
298: 242
299: 247
300: 240
301: 248
302: 252
303: 243
304: 242
305: 245
306: 246
307: 245
308: 243
309: 246
310: 242
311: 244
312: 244
313: 247
314: 249
315: 245
316: 247
317: 246
318: 253
319: 244
320: 244
321: 242
322: 243
323: 246
324: 252
325: 254
326: 253
327: 252
328: 250
329: 253
330: 251
331: 251
332: 251
333: 246
334: 244
335: 242
336: 251
337: 248
338: 248
339: 248
340: 244
341: 249
342: 245
343: 244
344: 241
345: 250
346: 246
347: 248
348: 250
349: 248
350: 242
351: 248
352: 235
353: 244
354: 240
355: 238
356: 245
357: 240
358: 235
359: 240
360: 237
361: 241
362: 244
363: 236
364: 241
365: 246
366: 249
367: 243
368: 243
369: 250
370: 248
371: 248
372: 248
373: 248
374: 251
375: 249
376: 246
377: 248
378: 242
379: 246
380: 241
381: 248
382: 243
383: 243
384: 245
385: 245
386: 240
387: 247
388: 243
389: 240
390: 234
391: 233
392: 235
393: 240
394: 238
395: 237
396: 242
397: 243
398: 238
399: 247
400: 240
401: 243
402: 245
403: 249
404: 241
405: 243
406: 239
407: 248
408: 239
409: 244
410: 240
411: 243
412: 244
413: 238
414: 240
415: 239
416: 244
417: 247
418: 245
419: 242
420: 241
421: 243
422: 246
423: 245
424: 244
425: 247
426: 246
427: 243
428: 246
429: 248
430: 244
431: 251
432: 244
433: 244
434: 249
435: 247
436: 244
437: 249
438: 252
439: 248
440: 241
441: 246
442: 247
443: 248
444: 238
445: 248
446: 247
447: 249
448: 241
449: 249
450: 248
451: 252
452: 252
453: 243
454: 252
455: 247
456: 249
457: 252
458: 249
459: 245
460: 239
461: 249
462: 244
463: 246
464: 246
465: 240
466: 251
467: 250
468: 249
469: 243
470: 251
471: 249
472: 255
473: 248
474: 247
475: 245
476: 248
477: 244
478: 245
479: 250
480: 250
481: 244
482: 252
483: 247
484: 245
485: 256
486: 250
487: 248
488: 252
489: 253
490: 246
491: 245
492: 246
493: 244
494: 246
495: 242
496: 242
497: 248
498: 248
499: 252
500: 246
