1: 35
2: 28
3: 30
4: 23
5: 22
6: 20
7: 33
8: 25
9: 32
10: 30
11: 16
12: 29
13: 29
14: 32
15: 16
16: 35
17: 34
18: 32
19: 31
20: 31
21: 38
22: 31
23: 30
24: 27
25: 28
26: 38
27: 33
28: 33
29: 31
30: 28
31: 32
32: 22
33: 24
34: 30
35: 14
36: 28
37: 42
38: 34
39: 39
40: 51
41: 34
42: 30
43: 35
44: 40
45: 28
46: 34
47: 34
48: 34
49: 36
50: 22
51: 38
52: 33
53: 39
54: 35
55: 32
56: 34
57: 40
58: 41
59: 51
60: 46
61: 31
62: 42
63: 30
64: 49
65: 43
66: 40
67: 43
68: 37
69: 35
70: 34
71: 45
72: 29
73: 27
74: 30
75: 15
76: 40
77: 34
78: 32
79: 36
80: 37
81: 37
82: 30
83: 41
84: 28
85: 36
86: 33
87: 42
88: 31
89: 46
90: 35
91: 39
92: 49
93: 48
94: 34
95: 35
96: 35
97: 32
98: 35
99: 36
100: 29
101: 40
102: 25
103: 24
104: 33
105: 31
106: 17
107: 35
108: 31
109: 25
110: 37
111: 35
112: 47
113: 27
114: 35
115: 40
116: 47
117: 31
118: 39
119: 28
120: 30
121: 26
122: 28
123: 30
124: 32
125: 25
126: 30
127: 23
128: 29
129: 17
130: 33
131: 28
132: 12
133: 32
134: 26
135: 24
136: 33
137: 28
138: 31
139: 26
140: 33
141: 32
142: 32
143: 28
144: 22
145: 24
146: 29
147: 22
148: 21
149: 30
150: 33
151: 33
152: 16
153: 20
154: 30
155: 24
156: 29
157: 22
158: 19
159: 16
160: 10
161: 19
162: 16
163: 9
164: 15
165: 20
166: 24
167: 36
168: 21
169: 26
170: 38
171: 26
172: 19
173: 30
174: 28
175: 37
176: 36
177: 21
178: 27
179: 25
180: 21
181: 30
182: 23
183: 27
184: 16
185: 31
186: 31
187: 24
188: 15
189: 19
190: 18
191: 29
192: 19
193: 23
194: 27
195: 25
196: 27
197: 16
198: 20
199: 25
200: 18
201: 25
202: 16
203: 25
204: 22
205: 26
206: 31
207: 33
208: 28
209: 28
210: 30
211: 33
212: 30
213: 32
214: 19
215: 39
216: 24
217: 37
218: 22
219: 26
220: 26
221: 37
222: 20
223: 30
224: 27
225: 33
226: 42
227: 26
228: 34
229: 29
230: 33
231: 25
232: 38
233: 35
234: 29
235: 23
236: 32
237: 39
238: 38
239: 33
240: 34
241: 18
242: 30
243: 29
244: 40
245: 36
246: 27
247: 40
248: 34
249: 35
250: 38
251: 33
252: 28
253: 24
254: 35
255: 28
256: 25
257: 29
258: 27
259: 26
260: 31
261: 32
262: 26
263: 41
264: 31
265: 22
266: 27
267: 29
268: 24
269: 27
270: 25
271: 30
272: 35
273: 34
274: 25
275: 29
276: 38
277: 37
278: 35
279: 27
280: 32
281: 24
282: 21
283: 37
284: 33
285: 30
286: 36
287: 29
288: 40
289: 42
290: 39
291: 35
292: 37
293: 27
294: 43
295: 33
296: 33
297: 33
298: 32
299: 27
300: 26
301: 39
302: 30
303: 25
304: 26
305: 20
306: 23
307: 25
308: 23
309: 30
310: 26
311: 35
312: 35
313: 32
314: 27
315: 31
316: 19
317: 30
318: 21
319: 30
320: 28
321: 20
322: 33
323: 31
324: 32
325: 43
326: 31
327: 35
328: 30
329: 36
330: 25
331: 29
332: 31
333: 35
334: 20
335: 32
336: 27
337: 27
338: 27
339: 21
340: 29
341: 13
342: 19
343: 21
344: 22
345: 24
346: 29
347: 26
348: 29
349: 30
350: 17
351: 26
352: 29
353: 33
354: 22
355: 25
356: 17
357: 20
358: 26
359: 35
360: 29
361: 19
362: 24
363: 16
364: 17
365: 13
366: 24
367: 23
368: 23
369: 19
370: 21
371: 27
372: 26
373: 29
374: 23
375: 20
376: 21
377: 19
378: 24
379: 25
380: 9
381: 29
382: 34
383: 19
384: 16
385: 27
386: 24
387: 20
388: 20
389: 16
390: 18
391: 22
392: 20
393: 26
394: 21
395: 11
396: 25
397: 28
398: 22
399: 27
400: 20
401: 27
402: 23
403: 20
404: 17
405: 23
406: 25
407: 17
408: 19
409: 22
410: 21
411: 20
412: 28
413: 22
414: 31
415: 19
416: 25
417: 24
418: 23
419: 28
420: 28
421: 22
422: 21
423: 10
424: 31
425: 15
426: 13
427: 11
428: 13
429: 25
430: 34
431: 30
432: 21
433: 17
434: 20
435: 14
436: 25
437: 23
438: 28
439: 26
440: 28
441: 28
442: 26
443: 29
444: 26
445: 26
446: 23
447: 30
448: 33
449: 30
450: 27
451: 33
452: 28
453: 34
454: 32
455: 29
456: 39
457: 16
458: 33
459: 36
460: 26
461: 25
462: 24
463: 27
464: 23
465: 26
466: 19
467: 17
468: 29
469: 19
470: 31
471: 21
472: 22
473: 21
474: 20
475: 19
476: 25
477: 20
478: 23
479: 21
480: 30
481: 21
482: 14
483: 26
484: 20
485: 19
486: 19
487: 30
488: 23
489: 9
490: 15
491: 11
492: 18
493: 19
494: 16
495: 22
496: 19
497: 12
498: 19
499: 15
500: 13
