1: 712
2: 712
3: 497
4: 0
5: 712
6: 288
7: 0
8: 0
9: 0
10: 0
11: 0
12: 215
13: 712
14: 711
15: 0
16: 656
17: 0
18: 0
19: 2
20: 0
21: 0
22: 589
23: 0
24: 706
25: 712
26: 713
27: 236
28: 483
29: 0
30: 0
31: 713
32: 502
33: 0
34: 24
35: 0
36: 0
37: 268
38: 712
39: 0
40: 711
41: 711
42: 664
43: 558
44: 391
45: 30
46: 0
47: 712
48: 712
49: 20
50: 709
51: 712
52: 389
53: 0
54: 280
55: 408
56: 0
57: 0
58: 440
59: 713
60: 95
61: 213
62: 712
63: 712
64: 14
65: 0
66: 593
67: 47
68: 325
69: 312
70: 0
71: 709
72: 104
73: 0
74: 711
75: 711
76: 0
77: 387
78: 0
79: 631
80: 713
81: 711
82: 712
83: 0
84: 625
85: 693
86: 3
87: 329
88: 710
89: 0
90: 446
91: 0
92: 712
93: 711
94: 658
95: 2
96: 72
97: 699
98: 426
99: 0
100: 712
101: 0
102: 0
103: 383
104: 224
105: 0
106: 0
107: 439
108: 671
109: 693
110: 427
111: 432
112: 14
113: 326
114: 655
115: 455
116: 364
117: 366
118: 358
119: 711
120: 711
121: 0
122: 0
123: 0
124: 3
125: 712
126: 704
127: 712
128: 527
129: 708
130: 354
131: 0
132: 42
133: 0
134: 0
135: 712
136: 125
137: 249
138: 66
139: 613
140: 409
141: 108
142: 0
143: 712
144: 0
145: 0
146: 432
147: 0
148: 41
149: 191
150: 8
151: 0
152: 637
153: 236
154: 90
155: 713
156: 713
157: 713
158: 713
159: 712
160: 0
161: 0
162: 712
163: 0
164: 504
165: 712
166: 712
167: 712
168: 711
169: 711
170: 712
171: 9
172: 0
173: 0
174: 204
175: 460
176: 0
177: 712
178: 462
179: 713
180: 0
181: 0
182: 0
183: 713
184: 712
185: 712
186: 712
187: 712
188: 711
189: 712
190: 711
191: 0
192: 712
193: 712
194: 0
195: 712
196: 25
197: 712
198: 713
199: 713
200: 713
201: 671
202: 693
203: 0
204: 713
205: 713
206: 712
207: 712
208: 0
209: 712
210: 712
211: 712
212: 0
213: 707
214: 97
215: 0
216: 689
217: 711
218: 0
219: 712
220: 663
221: 10
222: 0
223: 9
224: 712
225: 713
226: 713
227: 712
228: 712
229: 713
230: 712
231: 712
232: 712
233: 712
234: 712
235: 711
236: 712
237: 0
238: 711
239: 711
240: 711
241: 0
242: 712
243: 712
244: 712
245: 713
246: 713
247: 713
248: 478
249: 713
250: 712
251: 713
252: 712
253: 712
254: 0
255: 712
256: 264
257: 711
258: 711
259: 712
260: 711
261: 711
262: 711
263: 583
264: 387
265: 712
266: 708
267: 712
268: 225
269: 713
270: 0
271: 432
272: 710
273: 0
274: 0
275: 0
276: 51
277: 712
278: 560
279: 706
280: 496
281: 712
282: 0
283: 712
284: 532
285: 711
286: 711
287: 712
288: 0
289: 712
290: 647
291: 0
292: 713
293: 0
294: 382
295: 712
296: 713
297: 0
298: 712
299: 105
300: 712
301: 712
302: 712
303: 698
304: 222
305: 711
306: 0
307: 596
308: 712
309: 1
310: 550
311: 712
312: 711
313: 712
314: 146
315: 713
316: 713
317: 713
318: 713
319: 713
320: 712
321: 0
322: 711
323: 712
324: 556
325: 306
326: 711
327: 711
328: 0
329: 711
330: 711
331: 712
332: 712
333: 711
334: 265
335: 712
336: 714
337: 0
338: 557
339: 698
340: 59
341: 552
342: 84
343: 108
344: 712
345: 712
346: 46
347: 140
348: 711
349: 0
350: 22
351: 1
352: 712
353: 711
354: 712
355: 712
356: 712
357: 712
358: 712
359: 594
360: 713
361: 0
362: 713
363: 712
364: 712
365: 713
366: 0
367: 0
368: 0
369: 0
370: 101
371: 10
372: 505
373: 711
374: 711
375: 1
376: 1
377: 231
378: 712
379: 0
380: 0
381: 712
382: 0
383: 118
384: 712
385: 427
386: 425
387: 0
388: 3
389: 712
390: 156
391: 712
392: 0
393: 204
394: 712
395: 712
396: 268
397: 699
398: 0
399: 451
400: 712
401: 390
402: 712
403: 77
404: 593
405: 712
406: 501
407: 682
408: 712
409: 713
410: 626
411: 167
412: 712
413: 712
414: 712
415: 712
416: 711
417: 0
418: 701
419: 711
420: 712
421: 712
422: 712
423: 1
424: 709
425: 693
426: 128
427: 712
428: 713
429: 0
430: 713
431: 711
432: 713
433: 439
434: 712
435: 712
436: 582
437: 75
438: 436
439: 547
440: 711
441: 711
442: 711
443: 710
444: 711
445: 712
446: 412
447: 710
448: 483
449: 221
450: 202
451: 599
452: 452
453: 462
454: 0
455: 312
456: 338
457: 712
458: 18
459: 549
460: 0
461: 0
462: 712
463: 250
464: 384
465: 686
466: 425
467: 0
468: 712
469: 712
470: 712
471: 713
472: 712
473: 712
474: 712
475: 333
476: 0
477: 712
478: 712
479: 712
480: 626
481: 259
482: 711
483: 0
484: 712
485: 711
486: 0
487: 711
488: 711
489: 712
490: 711
491: 712
492: 712
493: 712
494: 0
495: 713
496: 713
497: 712
498: 712
499: 713
500: 0
