1: 713
2: 712
3: 713
4: 712
5: 713
6: 712
7: 713
8: 712
9: 712
10: 712
11: 712
12: 712
13: 712
14: 712
15: 712
16: 712
17: 712
18: 711
19: 712
20: 712
21: 712
22: 711
23: 712
24: 712
25: 712
26: 712
27: 712
28: 713
29: 712
30: 713
31: 712
32: 713
33: 713
34: 712
35: 713
36: 713
37: 712
38: 712
39: 712
40: 712
41: 712
42: 712
43: 712
44: 712
45: 712
46: 711
47: 711
48: 712
49: 712
50: 712
51: 712
52: 712
53: 712
54: 713
55: 713
56: 713
57: 712
58: 713
59: 713
60: 712
61: 713
62: 712
63: 712
64: 712
65: 712
66: 712
67: 712
68: 712
69: 712
70: 712
71: 712
72: 712
73: 711
74: 711
75: 712
76: 712
77: 712
78: 712
79: 713
80: 713
81: 713
82: 712
83: 713
84: 713
85: 712
86: 712
87: 712
88: 712
89: 712
90: 712
91: 712
92: 712
93: 712
94: 711
95: 711
96: 712
97: 712
98: 712
99: 712
100: 712
101: 712
102: 712
103: 713
104: 713
105: 713
106: 713
107: 712
108: 712
109: 713
110: 712
111: 712
112: 712
113: 712
114: 711
115: 711
116: 711
117: 712
118: 711
119: 712
120: 712
121: 711
122: 712
123: 712
124: 713
125: 713
126: 713
127: 713
128: 713
129: 713
130: 713
131: 712
132: 712
133: 712
134: 712
135: 711
136: 712
137: 0
138: 712
139: 712
140: 0
141: 711
142: 0
143: 711
144: 712
145: 712
146: 712
147: 713
148: 713
149: 713
150: 713
151: 713
152: 713
153: 712
154: 712
155: 712
156: 712
157: 712
158: 712
159: 711
160: 711
161: 711
162: 712
163: 712
164: 712
165: 712
166: 712
167: 712
168: 712
169: 712
170: 713
171: 713
172: 713
173: 713
174: 713
175: 712
176: 712
177: 712
178: 712
179: 711
180: 711
181: 711
182: 712
183: 711
184: 712
185: 712
186: 712
187: 712
188: 712
189: 713
190: 713
191: 712
192: 712
193: 713
194: 713
195: 713
196: 712
197: 712
198: 712
199: 712
200: 712
201: 711
202: 711
203: 711
204: 712
205: 711
206: 712
207: 712
208: 712
209: 712
210: 712
211: 712
212: 713
213: 713
214: 713
215: 713
216: 713
217: 713
218: 713
219: 712
220: 712
221: 713
222: 712
223: 712
224: 712
225: 711
226: 712
227: 712
228: 712
229: 712
230: 712
231: 712
232: 712
233: 712
234: 713
235: 713
236: 713
237: 713
238: 713
239: 713
240: 713
241: 712
242: 712
243: 712
244: 711
245: 712
246: 712
247: 712
248: 711
249: 712
250: 711
251: 712
252: 712
253: 712
254: 712
255: 713
256: 713
257: 712
258: 713
259: 713
260: 713
261: 713
262: 712
263: 713
264: 712
265: 712
266: 712
267: 712
268: 712
269: 711
270: 711
271: 711
272: 711
273: 712
274: 712
275: 712
276: 712
277: 712
278: 713
279: 713
280: 713
281: 713
282: 713
283: 713
284: 713
285: 712
286: 712
287: 712
288: 713
289: 711
290: 711
291: 712
292: 711
293: 712
294: 712
295: 712
296: 712
297: 712
298: 712
299: 712
300: 712
301: 713
302: 713
303: 713
304: 713
305: 712
306: 713
307: 712
308: 712
309: 712
310: 712
311: 711
312: 711
313: 711
314: 0
315: 712
316: 711
317: 712
318: 712
319: 712
320: 712
321: 712
322: 713
323: 712
324: 713
325: 713
326: 713
327: 712
328: 713
329: 712
330: 712
331: 712
332: 711
333: 712
334: 711
335: 711
336: 712
337: 711
338: 712
339: 711
340: 712
341: 712
342: 712
343: 712
344: 713
345: 713
346: 713
347: 713
348: 713
349: 713
350: 712
351: 712
352: 712
353: 711
354: 712
355: 711
356: 712
357: 711
358: 712
359: 711
360: 712
361: 712
362: 712
363: 712
364: 712
365: 713
366: 712
367: 713
368: 713
369: 713
370: 713
371: 712
372: 713
373: 712
374: 712
375: 712
376: 712
377: 711
378: 712
379: 711
380: 711
381: 712
382: 712
383: 0
384: 712
385: 712
386: 712
387: 713
388: 713
389: 421
390: 713
391: 713
392: 713
393: 713
394: 712
395: 712
396: 712
397: 711
398: 712
399: 712
400: 711
401: 711
402: 712
403: 711
404: 711
405: 709
406: 711
407: 0
408: 712
409: 712
410: 712
411: 713
412: 713
413: 713
414: 712
415: 0
416: 712
417: 712
418: 712
419: 712
420: 712
421: 711
422: 712
423: 711
424: 443
425: 53
426: 0
427: 711
428: 0
429: 712
430: 712
431: 0
432: 712
433: 712
434: 0
435: 713
436: 712
437: 713
438: 712
439: 1
440: 712
441: 0
442: 245
443: 712
444: 0
445: 712
446: 0
447: 711
448: 711
449: 379
450: 447
451: 712
452: 0
453: 712
454: 712
455: 713
456: 712
457: 712
458: 713
459: 712
460: 713
461: 712
462: 712
463: 712
464: 712
465: 712
466: 711
467: 711
468: 0
469: 33
470: 711
471: 712
472: 711
473: 711
474: 0
475: 712
476: 0
477: 712
478: 384
479: 713
480: 713
481: 713
482: 713
483: 713
484: 712
485: 412
486: 712
487: 712
488: 712
489: 711
490: 712
491: 711
492: 711
493: 0
494: 711
495: 712
496: 241
497: 712
498: 98
499: 712
500: 712
