0, 0.0, 0.0, 0.0, 0, 863.7453061224489
1, 0.0, 0.0, 0.0, 0.0, 792.5477551020408
2, 0.0, 0.0, 0.0, 0.0, 762.8032653061224
3, 0.0, 0.0, 0.0, 0.0, 744.2473469387755
4, 0.0, 0.0, 0.0, 0.0, 733.0889795918367
5, 0.0, 0.0, 0.0, 0.0, 716.9779591836734
6, 1.672454184515891e-297, 0.0, 3.344908369031782e-299, 1.672454184515891e-297, 525.1216326530612
7, 1.7783305416222655e-296, 0.0, 3.365784876475095e-297, 1.7783305416222655e-296, 306.8791836734694
8, 0.8215483397183818, 0.0, 0.016430966794367636, 0.8215483397183818, 166.55755102040817
9, 0.990386012730879, 0.0, 0.3655739082492404, 0.990386012730879, 87.19510204081632
10, 0.999992000032, 0.0, 0.5687495812945822, 0.999992000032, 84.31510204081633
11, 0.999982000161999, 0.0, 0.5904762402951805, 0.999992000032, 56.713469387755104
12, 0.9990324683608633, 0.0, 0.6931171758325071, 0.999992000032, 43.500408163265305
13, 0.9981412296572829, 0.0, 0.7975586488508698, 0.999992000032, 46.97959183673469
14, 0.9993876875398336, 0.0, 0.8188597691531665, 0.999992000032, 52.00326530612245
15, 0.9999155035700245, 0.0, 0.7728889689138349, 0.999992000032, 43.55673469387755
16, 0.9987507809245809, 0.0, 0.8041789780566218, 0.999992000032, 47.582857142857144
17, 0.9874390555599719, 0.0, 0.7480673000633637, 0.999992000032, 43.885714285714286
18, 0.9952095111690844, 4.755744292910649e-298, 0.8622304363782811, 0.999992000032, 50.284897959183674
19, 0.9987507809245809, 0.0, 0.8620693731425739, 0.999992000032, 51.65551020408163
20, 0.9967248749609987, 0.0, 0.6223595185782976, 0.999992000032, 54.95265306122449
21, 0.9982610137917461, 0.0, 0.6404168629375291, 0.999992000032, 50.12816326530612
22, 0.9256820146651548, 0.0, 0.5746448552403453, 0.999992000032, 51.645714285714284
23, 0.9801986733067553, 0.0, 0.6638456321734333, 0.999992000032, 53.034285714285716
24, 0.9990324683608633, 0.0, 0.5551930038052842, 0.999992000032, 52.15428571428571
25, 0.9965614254847285, 0.0, 0.6722582093030357, 0.999992000032, 51.95265306122449
26, 0.9986489135402514, 0.0, 0.6599916187389593, 0.999992000032, 46.031020408163265
27, 0.9992782605792835, 0.0, 0.7493797620155722, 0.999992000032, 45.183673469387756
28, 0.9949124854632925, 0.0, 0.7223760160554918, 0.999992000032, 43.82775510204082
29, 0.9858209826912699, 0.0, 0.8109296070538252, 0.999992000032, 49.2930612244898
30, 0.9983768187859058, 0.0, 0.8151427584671467, 0.999992000032, 47.35673469387755
31, 0.9948115069707631, 0.0, 0.7754230591060651, 0.999992000032, 51.42285714285714
32, 0.9977580170066324, 0.0, 0.7821422707409091, 0.999992000032, 55.820408163265306
33, 0.9987003452836548, 0.0, 0.8100876731333614, 0.999992000032, 56.801632653061226
34, 0.9993876875398336, 0.0, 0.8268835861305139, 0.999992000032, 60.304489795918364
35, 0.9989880124051737, 0.0, 0.8989595215881657, 0.999992000032, 54.40571428571429
36, 0.998488643251663, 0.0, 0.8918280078772161, 0.999992000032, 46.13142857142857
37, 0.9998720081916505, 0.0, 0.8983544129168279, 0.999992000032, 47.48244897959184
38, 0.9993876875398336, 0.0, 0.917606958031259, 0.999992000032, 53.03918367346939
39, 0.999712041468019, 0.0, 0.8835746227951408, 0.999992000032, 55.5134693877551
40, 0.9922179382602435, 0.0, 0.8386097751679332, 0.999992000032, 58.42612244897959
41, 0.9981412296572829, 0.7290503369814542, 0.8489006502268169, 0.999992000032, 60.71591836734694
42, 0.9985964858485296, 0.0, 0.9083542704738775, 0.999992000032, 53.47265306122449
43, 0.9996620571155648, 0.0, 0.8744210258359842, 0.999992000032, 58.94530612244898
44, 0.998942559484671, 0.0, 0.8360932821607474, 0.999992000032, 61.28081632653061
45, 0.9954976660309716, 0.0, 0.8254134451966303, 0.999992000032, 58.78122448979592
46, 0.9999020048018431, 0.0, 0.8340830160376538, 0.999992000032, 60.05795918367347
47, 0.9993157342166815, 0.0, 0.8962841321154872, 0.999992000032, 65.41714285714286
48, 0.9998195162891449, 0.0, 0.8219508321497422, 0.999992000032, 60.671020408163265
49, 0.9999875000781246, 0.0, 0.8667968714515274, 0.999992000032, 66.69142857142857
50, 0.9981412296572829, 0.0, 0.84575766765952, 0.999992000032, 62.61142857142857
51, 0.9968843636997513, 0.0, 0.8202979695804486, 0.999992000032, 70.1534693877551
52, 0.9985430623656276, 0.0, 0.8851717848350128, 0.999992000032, 76.46285714285715
53, 0.99889610973562, 0.0, 0.9033290632742778, 0.999992000032, 76.70857142857143
54, 0.9991183888476703, 0.0, 0.9134525378539936, 0.999992000032, 81.35673469387756
55, 0.9998195162891449, 0.0, 0.892043883395942, 0.999992000032, 71.0930612244898
56, 0.9994556482132231, 0.0, 0.9233763550724505, 0.999992000032, 71.89795918367346
57, 0.9998195162891449, 0.0, 0.876112587820255, 0.999992000032, 80.95510204081633
58, 0.9992782605792835, 0.0, 0.8912152260466073, 0.999992000032, 78.9338775510204
59, 0.9983194137692356, 0.0, 0.8688287564289696, 0.999992000032, 85.14367346938775
60, 0.999712041468019, 0.0, 0.8074757982455439, 0.999992000032, 88.19918367346939
61, 0.9990324683608633, 0.0, 0.8165036792434647, 0.999992000032, 84.56244897959184
62, 0.9995501012348142, 0.0, 0.8593992067124012, 0.999992000032, 75.7804081632653
63, 0.9999955000101249, 0.0, 0.8333694705790522, 0.9999955000101249, 84.14204081632653
64, 0.9978243701209799, 0.0, 0.8433522150554806, 0.9999955000101249, 92.12734693877552
65, 0.9992782605792835, 0.0, 0.8075028562185611, 0.9999955000101249, 96.89795918367346
66, 0.9996355664220544, 0.0, 0.7901945889605426, 0.9999955000101249, 102.0204081632653
67, 0.9992782605792835, 0.0, 0.8545889617841018, 0.9999955000101249, 88.92408163265306
68, 0.9994221670098212, 0.0, 0.8689678864884253, 0.9999955000101249, 73.56408163265306
69, 0.9997355349770412, 0.0, 0.8438484769628622, 0.9999955000101249, 74.75428571428571
70, 0.9991183888476703, 0.0, 0.6883728367102695, 0.9999955000101249, 81.75755102040816
71, 0.999959500820114, 0.0, 0.8141824366466969, 0.9999955000101249, 76.83918367346939
72, 0.99889610973562, 0.0, 0.8491712138861807, 0.9999955000101249, 83.5534693877551
73, 0.9999395018300881, 0.0, 0.8622429748360695, 0.9999955000101249, 89.12897959183674
74, 0.9943977514509784, 0.0, 0.8531855173634103, 0.9999955000101249, 75.63265306122449
75, 0.9999395018300881, 0.0, 0.8691141197608718, 0.9999955000101249, 74.78204081632653
76, 0.999982000161999, 0.0, 0.8840245279160368, 0.9999955000101249, 80.03591836734694
77, 0.9999395018300881, 0.0, 0.8500227236245922, 0.9999955000101249, 82.00081632653061
78, 0.9981412296572829, 0.0, 0.8312997827304613, 0.9999955000101249, 82.83755102040816
79, 0.9994881310496332, 0.0, 0.8197272634225551, 0.9999955000101249, 74.13714285714286
80, 0.9984332286697314, 0.0, 0.8448562777679365, 0.9999955000101249, 76.21224489795918
81, 0.9998000199986667, 0.0, 0.8975730656918742, 0.9999955000101249, 73.88734693877551
82, 0.9999395018300881, 0.0, 0.8703940053846084, 0.9999955000101249, 79.81714285714285
83, 0.9992397891068318, 0.0, 0.8989183590086417, 0.9999955000101249, 91.89469387755102
84, 0.9990324683608633, 0.0, 0.9043675106702395, 0.9999955000101249, 84.53877551020408
85, 0.9992782605792835, 0.0, 0.8874795387432135, 0.9999955000101249, 88.57714285714286
86, 0.9996355664220544, 0.0, 0.8686649035063801, 0.9999955000101249, 88.60326530612245
87, 0.9991183888476703, 0.0, 0.8780506423512873, 0.9999955000101249, 85.85877551020408
88, 0.998017467818198, 0.0, 0.8789199365816175, 0.9999955000101249, 75.86285714285714
89, 0.999959500820114, 0.0, 0.8676504062494907, 0.9999955000101249, 78.64081632653061
90, 0.9994556482132231, 0.0, 0.9088485520704203, 0.9999955000101249, 97.38367346938776
91, 0.9998380131212914, 0.0, 0.9087280616679807, 0.9999955000101249, 98.06367346938775
92, 0.9996875488230391, 0.0, 0.8466029293334367, 0.9999955000101249, 101.03102040816327
93, 0.9998380131212914, 0.0, 0.7368081515753502, 0.9999955000101249, 106.2734693877551
94, 0.9998555104396222, 0.0, 0.7489986406581447, 0.9999955000101249, 113.94775510204082
95, 0.9995795883977342, 0.0, 0.8276184400531663, 0.9999955000101249, 108.06938775510204
96, 0.9998875063278877, 0.0, 0.7602079066894801, 0.9999955000101249, 98.24979591836734
97, 0.999982000161999, 0.0, 0.7690640357314368, 0.9999955000101249, 106.0595918367347
98, 0.9997580292796381, 0.0, 0.8141457966160415, 0.9999955000101249, 112.42367346938775
99, 0.9988486632972694, 0.0, 0.76739467423415, 0.9999955000101249, 105.86775510204082
100, 0.9991598531211853, 0.0, 0.7410425931459538, 0.9999955000101249, 92.33142857142857
101, 0.9998875063278877, 0.0, 0.835206823309975, 0.9999955000101249, 100.40897959183674
102, 0.9998875063278877, 0.0, 0.8032081084043018, 0.9999955000101249, 93.14448979591836
103, 0.9998380131212914, 0.0, 0.7595913253052557, 0.9999955000101249, 83.34530612244897
104, 0.9989880124051737, 0.0, 0.82234061406793, 0.9999955000101249, 89.44489795918368
105, 0.999712041468019, 0.0, 0.8140269705541188, 0.9999955000101249, 99.62040816326531
106, 0.9994881310496332, 0.0, 0.7364184142032305, 0.9999955000101249, 109.28897959183674
107, 0.9942918537296026, 0.0, 0.737515294472739, 0.9999955000101249, 112.45877551020408
108, 0.9958680600517517, 0.0, 0.7575090794705791, 0.9999955000101249, 123.30448979591837
109, 0.9982016190284373, 0.0, 0.781504676733898, 0.9999955000101249, 128.78367346938776
110, 0.9943977514509784, 0.0, 0.7473041905446439, 0.9999955000101249, 125.78693877551021
111, 0.9996355664220544, 0.0, 0.7910976719757602, 0.9999955000101249, 120.48081632653061
112, 0.9957769422929579, 0.0, 0.7618871717028842, 0.9999955000101249, 112.54040816326531
113, 0.9998195162891449, 0.0, 0.8354054559757574, 0.9999955000101249, 98.5804081632653
114, 0.9996875488230391, 0.0, 0.913025119297542, 0.9999955000101249, 95.14530612244899
115, 0.9993522099066577, 0.45440427663989374, 0.9595359126915776, 0.9999955000101249, 109.60489795918367
116, 0.9963940172279344, 0.0, 0.8563971940896695, 0.9999955000101249, 112.06857142857143
117, 0.9993522099066577, 0.0, 0.8487303698836639, 0.9999955000101249, 118.93714285714286
118, 0.9985430623656276, 0.0, 0.8013392214268116, 0.9999955000101249, 123.23918367346938
119, 0.998488643251663, 0.0, 0.7770748332147249, 0.9999955000101249, 120.75020408163266
120, 0.9994556482132231, 0.0, 0.8256430259326036, 0.9999955000101249, 120.38775510204081
121, 0.9992003199146837, 0.0, 0.8117715450229853, 0.9999955000101249, 108.93714285714286
122, 0.9997795243083383, 0.0, 0.8223948307699847, 0.9999955000101249, 124.07020408163265
123, 0.9990324683608633, 0.0, 0.7820754221409453, 0.9999955000101249, 121.77632653061225
124, 0.9993522099066577, 0.0, 0.8266807055263861, 0.9999955000101249, 108.07510204081633
125, 0.9999875000781246, 0.0, 0.8199782470420313, 0.9999955000101249, 107.4930612244898
126, 0.9986489135402514, 0.0, 0.8108700191810465, 0.9999955000101249, 109.80571428571429
127, 0.9996620571155648, 0.0, 0.7925666568633892, 0.9999955000101249, 110.74612244897959
128, 0.9994221670098212, 0.0, 0.785556158490524, 0.9999955000101249, 112.69224489795918
129, 0.9982610137917461, 0.0, 0.7551630264189607, 0.9999955000101249, 121.73632653061225
130, 0.9997355349770412, 0.0, 0.8393848340371095, 0.9999955000101249, 124.93469387755103
131, 0.9993522099066577, 0.0, 0.9133779269566653, 0.9999955000101249, 116.7795918367347
132, 0.9994881310496332, 0.0, 0.929670174482547, 0.9999955000101249, 120.93306122448979
133, 0.9978243701209799, 0.0, 0.9184528055679644, 0.9999955000101249, 125.5869387755102
134, 0.998942559484671, 0.0, 0.9115720653629562, 0.9999955000101249, 122.47102040816327
135, 0.9986489135402514, 0.0, 0.9223686463345696, 0.9999955000101249, 116.31102040816326
136, 0.9983194137692356, 0.0, 0.8969928044434983, 0.9999955000101249, 124.50204081632653
137, 0.9996355664220544, 0.0, 0.9035536338329173, 0.9999955000101249, 131.35836734693876
138, 0.9998195162891449, 0.0, 0.9128911038870448, 0.9999955000101249, 125.71183673469388
139, 0.9995795883977342, 0.0, 0.8992542998790014, 0.9999955000101249, 128.0408163265306
140, 0.9998875063278877, 0.22431129097555214, 0.9308962043978488, 0.9999955000101249, 124.73142857142857
141, 0.9980798458592302, 0.0, 0.8645087153119461, 0.9999955000101249, 127.37224489795918
142, 0.995402600543315, 0.0, 0.7909514297786516, 0.9999955000101249, 131.1795918367347
143, 0.9996620571155648, 0.0, 0.7513936311943119, 0.9999955000101249, 140.19183673469388
144, 0.998017467818198, 0.0, 0.743385992098044, 0.9999955000101249, 135.83183673469387
145, 0.9995196154216376, 0.0, 0.7127035276033691, 0.9999955000101249, 126.09142857142857
146, 0.9980798458592302, 0.0, 0.7643367517657795, 0.9999955000101249, 122.31428571428572
147, 0.9996875488230391, 0.0, 0.7759818584947641, 0.9999955000101249, 129.1812244897959
148, 0.9992003199146837, 0.0, 0.8310194879518674, 0.9999955000101249, 120.30122448979591
149, 0.9994556482132231, 0.0, 0.8812367790346607, 0.9999955000101249, 120.77632653061225
150, 0.9989880124051737, 0.0, 0.8287665749693504, 0.9999955000101249, 102.10938775510203
151, 0.9999280025919378, 0.0, 0.8819329198006876, 0.9999955000101249, 88.13877551020408
152, 0.9994556482132231, 0.0, 0.8473801023757177, 0.9999955000101249, 92.70448979591836
153, 0.9990759272184604, 0.0, 0.807262703851151, 0.9999955000101249, 90.45551020408163
154, 0.9992397891068318, 0.0, 0.8277708004679326, 0.9999955000101249, 84.69469387755102
155, 0.9999020048018431, 0.0, 0.8290785054317921, 0.9999955000101249, 91.17714285714285
156, 0.9994556482132231, 0.0, 0.8464529810115511, 0.9999955000101249, 96.98040816326531
157, 0.9982610137917461, 0.0, 0.7632649074394737, 0.9999955000101249, 98.61795918367346
158, 0.9993522099066577, 0.0, 0.8303896350156692, 0.9999955000101249, 110.44326530612246
159, 0.9989880124051737, 0.0, 0.8211578286289778, 0.9999955000101249, 111.43020408163265
160, 0.9996620571155648, 0.0, 0.7882226091547722, 0.9999955000101249, 123.59836734693877
161, 0.9998195162891449, 0.0, 0.8772105074526383, 0.9999955000101249, 114.0734693877551
162, 0.9991598531211853, 0.0, 0.847146455584116, 0.9999955000101249, 120.58775510204082
163, 0.9983768187859058, 0.0, 0.8492974288053304, 0.9999955000101249, 115.14204081632653
164, 0.9993522099066577, 0.0, 0.8503815830082639, 0.9999955000101249, 118.25142857142858
165, 0.9987507809245809, 0.0, 0.7469228239477346, 0.9999955000101249, 117.37877551020408
166, 0.9951114878599615, 0.0, 0.8156731229115698, 0.9999955000101249, 120.04081632653062
167, 0.9990759272184604, 0.0, 0.8443488902506295, 0.9999955000101249, 117.8808163265306
168, 0.9991598531211853, 0.0, 0.8013610093916399, 0.9999955000101249, 119.16489795918368
169, 0.9997580292796381, 0.0, 0.8119295719163329, 0.9999955000101249, 119.55510204081632
170, 0.9997355349770412, 0.0, 0.8472403816594068, 0.9999955000101249, 111.34938775510204
171, 0.9992782605792835, 0.0, 0.8357325757851878, 0.9999955000101249, 109.69224489795918
172, 0.9995501012348142, 0.0, 0.73576071766332, 0.9999955000101249, 108.64326530612244
173, 0.9923414770836891, 0.0, 0.7043656893341921, 0.9999955000101249, 91.6
174, 0.9993157342166815, 0.0, 0.8481174211326095, 0.9999955000101249, 80.04571428571428
175, 0.9986489135402514, 0.0, 0.9091179594498726, 0.9999955000101249, 67.74530612244898
176, 0.9996080768219616, 0.02401250602443595, 0.8993293986906548, 0.9999955000101249, 70.1069387755102
177, 0.9976906706134507, 0.0, 0.7923798042867211, 0.9999955000101249, 64.80897959183673
178, 0.9972657449033718, 0.0, 0.6093193060799684, 0.9999955000101249, 73.06693877551021
179, 0.9973390466294276, 0.0, 0.8300270830833015, 0.9999955000101249, 72.65387755102041
180, 0.9974113563315034, 0.0, 0.8794276580297646, 0.9999955000101249, 67.57877551020408
181, 0.9998720081916505, 0.0, 0.8971179192023433, 0.9999955000101249, 77.95183673469388
182, 0.9998380131212914, 0.0, 0.8656178207081497, 0.9999955000101249, 81.91265306122449
183, 0.999959500820114, 0.0, 0.7994304894451862, 0.9999955000101249, 82.36081632653061
184, 0.9998380131212914, 0.0, 0.8350509368941413, 0.9999955000101249, 81.70448979591836
185, 0.9996620571155648, 0.0, 0.7988737069126526, 0.9999955000101249, 84.72571428571429
186, 0.9996875488230391, 0.0, 0.8500922436235231, 0.9999955000101249, 85.97142857142858
187, 0.9994221670098212, 0.0, 0.7698252579666246, 0.9999955000101249, 83.84734693877552
188, 0.9999680005119945, 0.0, 0.789105392524944, 0.9999955000101249, 89.7861224489796
189, 0.9995795883977342, 0.0, 0.8412268297084712, 0.9999955000101249, 93.31428571428572
190, 0.9993876875398336, 0.0, 0.7947143140326705, 0.9999955000101249, 87.72244897959183
191, 0.9822980533793088, 0.0, 0.6493624753535819, 0.9999955000101249, 81.41877551020409
192, 0.9934093144689159, 0.0, 0.712748355081783, 0.9999955000101249, 83.59591836734694
193, 0.999712041468019, 1.7783305416222655e-296, 0.9052209634073382, 0.9999955000101249, 85.53551020408163
194, 0.9981412296572829, 0.0, 0.7781185166181863, 0.9999955000101249, 84.82938775510205
195, 0.9984332286697314, 0.0, 0.7199854264382449, 0.9999955000101249, 81.89551020408163
196, 0.9998720081916505, 0.0, 0.8840979699534283, 0.9999955000101249, 89.00244897959183
197, 0.995402600543315, 0.0, 0.8303098528195497, 0.9999955000101249, 101.27183673469388
198, 0.9993157342166815, 0.0, 0.8565533698616319, 0.9999955000101249, 99.2865306122449
199, 0.9999280025919378, 0.0, 0.864286344440838, 0.9999955000101249, 104.60816326530612
200, 0.9993157342166815, 0.0, 0.83665845767893, 0.9999955000101249, 106.1134693877551
201, 0.9969626221939075, 0.0, 0.8078187058258477, 0.9999955000101249, 106.10367346938776
202, 0.9994556482132231, 0.0, 0.8612541572904157, 0.9999955000101249, 108.95510204081633
203, 0.9993522099066577, 0.0, 0.9033640286788375, 0.9999955000101249, 115.17224489795919
204, 0.9960473324365915, 0.0, 0.8629223191922467, 0.9999955000101249, 111.84897959183674
205, 0.9992782605792835, 0.0, 0.8499263644046082, 0.9999955000101249, 99.54204081632653
206, 0.9998000199986667, 0.0, 0.8330617600146724, 0.9999955000101249, 105.15428571428572
207, 0.9977580170066324, 0.0, 0.8894596510051994, 0.9999955000101249, 92.01714285714286
208, 0.9985964858485296, 0.0, 0.913588639668752, 0.9999955000101249, 86.4938775510204
209, 0.997954095721077, 2.3024770605140684e-296, 0.8873528660983361, 0.9999955000101249, 80.40081632653062
210, 0.9990759272184604, 1.8451849682055334e-296, 0.8491261273700146, 0.9999955000101249, 67.06040816326531
211, 0.9992397891068318, 0.0, 0.8731710494899407, 0.9999955000101249, 75.14285714285714
212, 0.9968051145430329, 0.0, 0.8679452528620001, 0.9999955000101249, 88.50204081632653
213, 0.9995501012348142, 0.0, 0.8633532139042416, 0.9999955000101249, 106.65632653061225
214, 0.9988002203118513, 0.7423072781822461, 0.8577498294567615, 0.9999955000101249, 100.84081632653061
215, 0.995402600543315, 6.223471675390312e-300, 0.8661518984050405, 0.9999955000101249, 93.17714285714285
216, 0.9988486632972694, 4.6243503591575843e-300, 0.8765945134492732, 0.9999955000101249, 87.04979591836735
217, 0.9993522099066577, 0.0, 0.86719157591859, 0.9999955000101249, 91.42285714285714
218, 0.9998720081916505, 0.7978840442882552, 0.9451498602475042, 0.9999955000101249, 103.34448979591836
219, 0.9981412296572829, 0.0, 0.9014156724105306, 0.9999955000101249, 107.88897959183673
220, 0.9998195162891449, 4.416489775913616e-298, 0.93270752737921, 0.9999955000101249, 118.31183673469388
221, 0.9996620571155648, 0.0, 0.9063226743548439, 0.9999955000101249, 112.52979591836734
222, 0.9994556482132231, 2.2479352297590507e-297, 0.9234678688598824, 0.9999955000101249, 111.03918367346938
223, 0.9981412296572829, 0.0, 0.8998779914070292, 0.9999955000101249, 108.35510204081632
224, 0.9994221670098212, 0.0, 0.8244142701453455, 0.9999955000101249, 108.31918367346938
225, 0.9998195162891449, 0.0, 0.9009537384970143, 0.9999955000101249, 109.10857142857142
226, 0.9999020048018431, 0.0, 0.8752075197174227, 0.9999955000101249, 110.4734693877551
227, 0.9998380131212914, 0.0, 0.8995509265100416, 0.9999955000101249, 104.38204081632654
228, 0.9989880124051737, 0.0, 0.8129966338592343, 0.9999955000101249, 120.8865306122449
229, 0.9991183888476703, 0.0, 0.804678924955276, 0.9999955000101249, 107.13877551020408
230, 0.9987507809245809, 0.0, 0.7504298048533506, 0.9999955000101249, 91.6130612244898
231, 0.9999155035700245, 0.0, 0.6787755581830182, 0.9999955000101249, 99.32081632653062
232, 0.9994221670098212, 0.0, 0.6862979255515016, 0.9999955000101249, 95.51102040816326
233, 0.9907946312329025, 0.0, 0.8087116316473667, 0.9999955000101249, 97.32816326530612
234, 0.9988002203118513, 0.0, 0.8504698160561186, 0.9999955000101249, 98.12081632653062
235, 0.9991598531211853, 0.0, 0.8429800949853093, 0.9999955000101249, 97.18775510204081
236, 0.9997355349770412, 0.0, 0.8546508082711662, 0.9999955000101249, 99.40816326530613
237, 0.9987003452836548, 0.0, 0.8472479482338032, 0.9999955000101249, 91.61632653061224
238, 0.9995501012348142, 0.0, 0.8039464216037756, 0.9999955000101249, 104.01224489795918
239, 0.997954095721077, 0.0, 0.8203083259786744, 0.9999955000101249, 92.17469387755102
240, 0.9978897297577276, 0.0, 0.8363544015110865, 0.9999955000101249, 100.8669387755102
241, 0.9995795883977342, 0.0, 0.8562244328416501, 0.9999955000101249, 109.16081632653061
242, 0.9998875063278877, 0.0, 0.8152479033880504, 0.9999955000101249, 107.26775510204082
243, 0.9998555104396222, 0.0, 0.8467068215039242, 0.9999955000101249, 116.63265306122449
244, 0.9996355664220544, 0.0, 0.8794020158561837, 0.9999955000101249, 109.89469387755102
245, 0.9994556482132231, 7.814492897109847e-275, 0.8795674668732305, 0.9999955000101249, 101.18530612244898
246, 0.9991183888476703, 0.0, 0.8571976283807138, 0.9999955000101249, 94.01469387755103
247, 0.9996080768219616, 0.0, 0.8921526473614735, 0.9999955000101249, 95.78530612244899
248, 0.9828507514660983, 0.0, 0.8665153279140688, 0.9999955000101249, 95.68244897959184
249, 0.9983194137692356, 0.0, 0.8871723643566618, 0.9999955000101249, 97.56816326530613
250, 0.9999875000781246, 0.0, 0.9045012183994355, 0.9999955000101249, 87.73142857142857
251, 0.9991183888476703, 0.0, 0.859318303064539, 0.9999955000101249, 85.68408163265306
252, 0.9998555104396222, 0.0, 0.8561836423539947, 0.9999955000101249, 83.42040816326531
253, 0.9995196154216376, 0.0, 0.8438849197474996, 0.9999955000101249, 87.8538775510204
254, 0.9657521994360766, 0.0, 0.7201519502670624, 0.9999955000101249, 83.59020408163265
255, 0.9868033495275046, 0.0, 0.7311860462696272, 0.9999955000101249, 77.5208163265306
256, 0.9987507809245809, 0.0, 0.7493811624453987, 0.9999955000101249, 80.85551020408164
257, 0.998017467818198, 0.0, 0.6345282290932416, 0.9999955000101249, 97.83836734693878
258, 0.9473179478111641, 0.0, 0.2210593464460479, 0.9999955000101249, 87.19102040816327
259, 0.9716107671891228, 0.0, 0.4384533985640278, 0.9999955000101249, 79.1404081632653
260, 0.9441591839376352, 0.0, 0.3658248623598825, 0.9999955000101249, 82.3730612244898
261, 0.7255679873656871, 0.0, 0.2123275824162228, 0.9999955000101249, 93.01061224489796
262, 0.7331008509482221, 0.0, 0.35504599106547263, 0.9999955000101249, 96.8334693877551
263, 0.7660943074839663, 0.0, 0.2693199887105449, 0.9999955000101249, 92.20734693877552
264, 0.9167279726237834, 0.0, 0.2949375023874954, 0.9999955000101249, 105.51183673469387
265, 0.7989555234774179, 0.0, 0.2220670976254892, 0.9999955000101249, 112.61224489795919
266, 0.9914562074257407, 0.0, 0.29170048158399825, 0.9999955000101249, 103.22367346938775
267, 0.9769419942417559, 0.0, 0.36053132071256, 0.9999955000101249, 101.4
268, 0.9962226521947866, 0.0, 0.5909732399191042, 0.9999955000101249, 96.61061224489796
269, 0.9992397891068318, 0.0, 0.6022346315888967, 0.9999955000101249, 97.70040816326531
270, 0.9991598531211853, 0.0, 0.7721139634940108, 0.9999955000101249, 121.24571428571429
271, 0.9984332286697314, 0.0, 0.7199777549622911, 0.9999955000101249, 121.91102040816327
272, 0.9994881310496332, 0.0, 0.7854874589700442, 0.9999955000101249, 119.22122448979592
273, 0.9973390466294276, 0.0, 0.7241611555193027, 0.9999955000101249, 111.72163265306122
274, 0.992944507683016, 0.0, 0.6772227936073736, 0.9999955000101249, 109.92489795918367
275, 0.9968843636997513, 0.0, 0.6661138355884644, 0.9999955000101249, 131.1795918367347
276, 0.9975529988004797, 0.0, 0.7361836205502701, 0.9999955000101249, 141.97061224489795
277, 0.9995501012348142, 0.0, 0.713547780131027, 0.9999955000101249, 141.64897959183673
278, 0.9998380131212914, 0.0, 0.6635113759817136, 0.9999955000101249, 134.02775510204083
279, 0.997954095721077, 0.0, 0.7764328662568997, 0.9999955000101249, 148.1861224489796
280, 0.9997580292796381, 0.0, 0.7251029085226663, 0.9999955000101249, 140.20816326530613
281, 0.9994556482132231, 0.0, 0.6843008242789851, 0.9999955000101249, 135.73142857142858
282, 0.9974113563315034, 0.0, 0.6589633366060836, 0.9999955000101249, 123.17959183673469
283, 0.9981412296572829, 0.0, 0.7065163893412606, 0.9999955000101249, 128.32244897959183
284, 0.9934093144689159, 0.0, 0.6151547335820421, 0.9999955000101249, 135.5183673469388
285, 0.9986489135402514, 0.0, 0.7235230581344634, 0.9999955000101249, 128.5191836734694
286, 0.9982610137917461, 0.0, 0.7142070351901266, 0.9999955000101249, 122.83836734693878
287, 0.9964782160797415, 0.0, 0.7138238379212413, 0.9999955000101249, 85.69469387755102
288, 0.9996355664220544, 0.0, 0.8421023782128713, 0.9999955000101249, 100.67428571428572
289, 0.9995196154216376, 0.0, 0.8170156132395817, 0.9999955000101249, 120.34448979591836
290, 0.999982000161999, 0.0, 0.7801940138898416, 0.9999955000101249, 140.32
291, 0.9983194137692356, 0.0, 0.8130940586193592, 0.9999955000101249, 130.36816326530612
292, 0.999959500820114, 0.0, 0.825991195513736, 0.9999955000101249, 119.39510204081633
293, 0.9997795243083383, 0.0, 0.8203807311920709, 0.9999955000101249, 111.23183673469387
294, 0.9978897297577276, 0.0, 0.8626917401257511, 0.9999955000101249, 110.36163265306122
295, 0.9999955000101249, 0.0, 0.84645796404869, 0.9999955000101249, 122.20734693877552
296, 0.9989880124051737, 0.0, 0.7662097145960439, 0.9999955000101249, 132.20489795918368
297, 0.9993876875398336, 0.0, 0.8341101174116199, 0.9999955000101249, 127.05714285714286
298, 0.9989880124051737, 0.0, 0.9082872925098971, 0.9999955000101249, 136.01061224489797
299, 0.9980798458592302, 0.0, 0.8434121254926729, 0.9999955000101249, 133.1804081632653
300, 0.9999280025919378, 0.0, 0.7948586106450592, 0.9999955000101249, 122.25469387755102
301, 0.9987507809245809, 0.0, 0.8007587011969022, 0.9999955000101249, 104.0269387755102
302, 0.9980798458592302, 0.0, 0.8367793573132241, 0.9999955000101249, 100.54285714285714
303, 0.9993876875398336, 0.0, 0.7702128116968256, 0.9999955000101249, 120.52408163265306
304, 0.9999155035700245, 0.0, 0.753545250989403, 0.9999955000101249, 120.14122448979592
305, 0.9988002203118513, 0.0, 0.7150594018658457, 0.9999955000101249, 98.4530612244898
306, 0.9996355664220544, 0.0, 0.8024776348213757, 0.9999955000101249, 102.19591836734693
307, 0.9999955000101249, 0.0, 0.8381630759335161, 0.9999955000101249, 92.65877551020408
308, 0.9985430623656276, 0.0, 0.83396367747863, 0.9999955000101249, 94.67020408163265
309, 0.9991183888476703, 0.0, 0.7237437428964768, 0.9999955000101249, 99.1934693877551
310, 0.9999680005119945, 0.0, 0.7091078030789991, 0.9999955000101249, 99.60326530612245
311, 0.9996620571155648, 0.0, 0.7495655757739536, 0.9999955000101249, 98.91673469387756
312, 0.9949124854632925, 0.0, 0.8005979459321896, 0.9999955000101249, 96.55755102040817
313, 0.9988486632972694, 0.0, 0.7106882354320315, 0.9999955000101249, 103.95102040816326
314, 0.997954095721077, 0.0, 0.6168286948112168, 0.9999955000101249, 98.9404081632653
315, 0.9987003452836548, 0.0, 0.7953820825185451, 0.9999955000101249, 99.51673469387755
316, 0.9951114878599615, 0.0, 0.5485910885805039, 0.9999955000101249, 91.27836734693878
317, 0.9734469010825562, 0.0, 0.5656209199502213, 0.9999955000101249, 92.86367346938775
318, 0.9990324683608633, 0.0, 0.7724323540478686, 0.9999955000101249, 88.7795918367347
319, 0.9957769422929579, 0.0, 0.7416189136113813, 0.9999955000101249, 80.32163265306123
320, 0.9985430623656276, 0.0, 0.759588907518351, 0.9999955000101249, 67.30204081632652
321, 0.9990759272184604, 0.02542429667916104, 0.8875102130727273, 0.9999955000101249, 73.7934693877551
322, 0.9992003199146837, 0.0, 0.8649531739050756, 0.9999955000101249, 74.67591836734694
323, 0.998488643251663, 0.0, 0.829392683179229, 0.9999955000101249, 80.15102040816326
324, 0.9991183888476703, 0.0, 0.8323274604494811, 0.9999955000101249, 78.25714285714285
325, 0.9971914513728449, 0.0, 0.8811119014333897, 0.9999955000101249, 88.02448979591837
326, 0.9996080768219616, 0.0, 0.7811928370550306, 0.9999955000101249, 91.9469387755102
327, 0.9943977514509784, 0.0, 0.8261857938145741, 0.9999955000101249, 97.40326530612245
328, 0.9993876875398336, 0.0, 0.7245514407046766, 0.9999955000101249, 94.89877551020408
329, 0.9988486632972694, 0.0, 0.7203815283667885, 0.9999955000101249, 88.79673469387755
330, 0.9988002203118513, 0.0, 0.8516350465081417, 0.9999955000101249, 90.05632653061224
331, 0.9992782605792835, 0.0, 0.8227921640410949, 0.9999955000101249, 84.11836734693877
332, 0.9981412296572829, 0.0, 0.8214075329184293, 0.9999955000101249, 89.49551020408163
333, 0.9978897297577276, 0.0, 0.7707204143740314, 0.9999955000101249, 88.10938775510203
334, 0.996135486526273, 0.0, 0.7877225509970509, 0.9999955000101249, 84.66448979591837
335, 0.9990324683608633, 0.0, 0.8452203867227585, 0.9999955000101249, 86.5738775510204
336, 0.9994221670098212, 0.0, 0.8456921855114188, 0.9999955000101249, 90.7738775510204
337, 0.9936358376152722, 0.0, 0.797571158911965, 0.9999955000101249, 86.95428571428572
338, 0.9953065488269324, 0.0, 0.8070979334795381, 0.9999955000101249, 89.54612244897959
339, 0.9991598531211853, 0.0, 0.7646082855499194, 0.9999955000101249, 97.04979591836735
340, 0.9994881310496332, 0.0, 0.8139761566178682, 0.9999955000101249, 96.25469387755102
341, 0.9998720081916505, 0.0, 0.7892024055000683, 0.9999955000101249, 94.96326530612245
342, 0.9965614254847285, 0.0, 0.7734286120894529, 0.9999955000101249, 95.92
343, 0.9966436451938474, 0.0, 0.7063070380256522, 0.9999955000101249, 93.4261224489796
344, 0.9984332286697314, 0.0, 0.783085495609352, 0.9999955000101249, 92.75510204081633
345, 0.9993522099066577, 0.0, 0.7630042787337986, 0.9999955000101249, 95.90448979591837
346, 0.9991183888476703, 0.0, 0.7593479845830156, 0.9999955000101249, 92.43918367346939
347, 0.997954095721077, 0.0, 0.8555819189365097, 0.9999955000101249, 93.07183673469387
348, 0.99889610973562, 0.0, 0.8085037509921277, 0.9999955000101249, 103.28897959183674
349, 0.9999020048018431, 0.0, 0.8184476331065593, 0.9999955000101249, 109.64326530612244
350, 0.9973390466294276, 0.0, 0.8409035801352965, 0.9999955000101249, 110.44244897959183
351, 0.9995795883977342, 0.0, 0.8987627342437764, 0.9999955000101249, 111.59918367346938
352, 0.9994221670098212, 0.0, 0.8057433097040325, 0.9999955000101249, 114.69469387755102
353, 0.9996355664220544, 0.0, 0.7680714455702943, 0.9999955000101249, 112.60244897959184
354, 0.9995795883977342, 0.0, 0.8661551968563963, 0.9999955000101249, 82.92979591836735
355, 0.9996080768219616, 0.0, 0.7885652077126305, 0.9999955000101249, 73.89877551020408
356, 0.9999020048018431, 0.0, 0.7809240022927179, 0.9999955000101249, 78.08489795918368
357, 0.9990324683608633, 0.0, 0.8081442234140481, 0.9999955000101249, 83.42938775510204
358, 0.9986489135402514, 0.0, 0.8127777684840966, 0.9999955000101249, 89.88979591836734
359, 0.998488643251663, 0.0, 0.797999826649903, 0.9999955000101249, 89.10448979591837
360, 0.999712041468019, 0.0, 0.7979744276567534, 0.9999955000101249, 85.56979591836735
361, 0.9999680005119945, 0.0, 0.8416572902658872, 0.9999955000101249, 78.45632653061224
362, 0.9999155035700245, 0.0, 0.8567322990090043, 0.9999955000101249, 77.18040816326531
363, 0.9974113563315034, 0.0, 0.7753629887576596, 0.9999955000101249, 63.29632653061225
364, 0.9980798458592302, 0.0, 0.7807929942523053, 0.9999955000101249, 62.860408163265305
365, 0.9963088291813023, 0.0, 0.8309505431830627, 0.9999955000101249, 56.28326530612245
366, 0.9997355349770412, 0.0, 0.8174325542051255, 0.9999955000101249, 55.121632653061226
367, 0.9998720081916505, 0.0, 0.8241942208554244, 0.9999955000101249, 72.17224489795919
368, 0.9982016190284373, 0.0, 0.8294651305877327, 0.9999955000101249, 71.89142857142858
369, 0.9992003199146837, 0.0, 0.799562875320202, 0.9999955000101249, 65.06204081632653
370, 0.9996875488230391, 0.0, 0.8450412442243704, 0.9999955000101249, 52.23510204081633
371, 0.9998555104396222, 0.0, 0.8871091431719544, 0.9999955000101249, 58.63265306122449
372, 0.9999395018300881, 0.0, 0.8746930405543537, 0.9999955000101249, 60.30367346938775
373, 0.9996620571155648, 0.0, 0.8228939051993008, 0.9999955000101249, 62.93877551020408
374, 0.9988486632972694, 0.0, 0.8656716280792349, 0.9999955000101249, 77.24408163265306
375, 0.995591745005573, 0.0, 0.8036117845736961, 0.9999955000101249, 74.60816326530612
376, 0.9992003199146837, 0.0, 0.8214088108167086, 0.9999955000101249, 77.50530612244899
377, 0.9994881310496332, 0.0, 0.8349391748346803, 0.9999955000101249, 82.39183673469388
378, 0.9996080768219616, 0.0, 0.8590105565518598, 0.9999955000101249, 90.06122448979592
379, 0.9994881310496332, 0.0, 0.8561193997042758, 0.9999955000101249, 91.72979591836734
380, 0.9954976660309716, 0.0, 0.8003690771256603, 0.9999955000101249, 84.53551020408163
381, 0.999982000161999, 0.0, 0.7950666147172963, 0.9999955000101249, 87.8669387755102
382, 0.9995501012348142, 0.0, 0.8019190540967565, 0.9999955000101249, 88.47673469387755
383, 0.9978897297577276, 0.0, 0.7067879963463397, 0.9999955000101249, 95.78938775510204
384, 0.9800021631735565, 0.0, 0.6480916270007188, 0.9999955000101249, 89.62285714285714
385, 0.9987003452836548, 0.0, 0.7219585875005851, 0.9999955000101249, 91.72
386, 0.9987003452836548, 0.0, 0.7541355849832485, 0.9999955000101249, 88.27673469387756
387, 0.9985430623656276, 0.0, 0.8261992921317761, 0.9999955000101249, 91.22775510204082
388, 0.9991598531211853, 0.0, 0.8525980053514708, 0.9999955000101249, 90.84326530612245
389, 0.9985964858485296, 0.0, 0.8184418835069869, 0.9999955000101249, 81.00979591836735
390, 0.9997580292796381, 0.0, 0.7816595371391053, 0.9999955000101249, 72.87918367346938
391, 0.9980798458592302, 0.0025316551010334397, 0.9073789024655667, 0.9999955000101249, 74.12
392, 0.999712041468019, 0.0, 0.8638497715627623, 0.9999955000101249, 77.3273469387755
393, 0.9941849731002634, 0.0, 0.8640440441487225, 0.9999955000101249, 81.48979591836735
394, 0.9988002203118513, 0.0, 0.8449282643157717, 0.9999955000101249, 83.92408163265306
395, 0.9985964858485296, 0.0, 0.9070311053854582, 0.9999955000101249, 83.23020408163265
396, 0.9983194137692356, 0.0, 0.8766978669390351, 0.9999955000101249, 82.10122448979592
397, 0.9960473324365915, 0.0, 0.7493188609998563, 0.9999955000101249, 86.47591836734694
398, 0.9987003452836548, 0.0, 0.7319916389527492, 0.9999955000101249, 90.57306122448979
399, 0.9992003199146837, 0.0, 0.7789209448461942, 0.9999955000101249, 85.65632653061225
400, 0.999712041468019, 0.0, 0.7937977993402089, 0.9999955000101249, 81.92816326530613
401, 0.9999155035700245, 0.0, 0.7975777605632507, 0.9999955000101249, 86.10530612244898
402, 0.9998000199986667, 3.708064557808525e-06, 0.8838835861313211, 0.9999955000101249, 89.55755102040817
403, 0.9989880124051737, 0.0, 0.8191523944072929, 0.9999955000101249, 94.45795918367347
404, 0.99889610973562, 0.0, 0.7667022199546035, 0.9999955000101249, 103.32816326530612
405, 0.9999395018300881, 0.0, 0.7394550153361795, 0.9999955000101249, 110.8595918367347
406, 0.9986489135402514, 0.0, 0.7635847102745301, 0.9999955000101249, 110.2465306122449
407, 0.9992003199146837, 0.0, 0.7748032958048081, 0.9999955000101249, 111.15918367346939
408, 0.9994221670098212, 0.0, 0.8134962119155275, 0.9999955000101249, 113.84408163265306
409, 0.9983194137692356, 0.0, 0.787496940942434, 0.9999955000101249, 111.78857142857143
410, 0.9997355349770412, 0.0, 0.8495329299485883, 0.9999955000101249, 99.52897959183673
411, 0.9978897297577276, 0.0, 0.7279551608054012, 0.9999955000101249, 110.84244897959184
412, 0.9990759272184604, 0.0, 0.7357132952836367, 0.9999955000101249, 101.79102040816326
413, 0.9999280025919378, 0.0, 0.8577778918787008, 0.9999955000101249, 103.49877551020408
414, 0.9986489135402514, 0.0, 0.8292832968619172, 0.9999955000101249, 99.47510204081632
415, 0.9992397891068318, 0.0, 0.6685466476899762, 0.9999955000101249, 100.48081632653061
416, 0.9999020048018431, 0.0, 0.7957686381228953, 0.9999955000101249, 112.15755102040816
417, 0.9934093144689159, 0.0, 0.7094733534310197, 0.9999955000101249, 121.27102040816327
418, 0.9978243701209799, 0.0, 0.7510469088531287, 0.9999955000101249, 116.23510204081633
419, 0.9997580292796381, 0.0, 0.829928370500957, 0.9999955000101249, 118.12489795918367
420, 0.9993157342166815, 0.0, 0.7730440390882941, 0.9999955000101249, 108.24897959183673
421, 0.999712041468019, 0.0, 0.8279789585846603, 0.9999955000101249, 105.65061224489796
422, 0.9996620571155648, 0.0, 0.8581128773581784, 0.9999955000101249, 110.32081632653062
423, 0.9969626221939075, 0.0, 0.7988627065427878, 0.9999955000101249, 103.64244897959183
424, 0.9971914513728449, 0.0, 0.7768552789011958, 0.9999955000101249, 99.59102040816326
425, 0.9990324683608633, 0.0, 0.763508653878758, 0.9999955000101249, 90.43836734693878
426, 0.9999155035700245, 0.0, 0.7963259339971921, 0.9999955000101249, 94.8865306122449
427, 0.9997355349770412, 0.0, 0.77685211069559, 0.9999955000101249, 94.56897959183674
428, 0.9970398897912083, 0.0, 0.8159151477774131, 0.9999955000101249, 95.98857142857143
429, 0.9991183888476703, 0.0, 0.8305529943253718, 0.9999955000101249, 99.2865306122449
430, 0.9999955000101249, 0.0, 0.7923601278906073, 0.9999955000101249, 102.51591836734694
431, 0.9781913242622374, 0.0, 0.6983177497404628, 0.9999955000101249, 105.56897959183674
432, 0.9922179382602435, 0.0, 0.6711979625242971, 0.9999955000101249, 94.06367346938775
433, 0.9975529988004797, 0.0, 0.6734975175617001, 0.9999955000101249, 94.52816326530612
434, 0.9976223311431673, 0.0, 0.7908264019957971, 0.9999955000101249, 85.82367346938776
435, 0.9888130446112331, 0.0, 0.7271292567515352, 0.9999955000101249, 78.23428571428572
436, 0.9985964858485296, 0.0, 0.7653445151957644, 0.9999955000101249, 80.53714285714285
437, 0.9982016190284373, 0.0, 0.7943094665926105, 0.9999955000101249, 79.13877551020408
438, 0.9948115069707631, 0.0, 0.6173505884342702, 0.9999955000101249, 80.17959183673469
439, 0.9822980533793088, 0.0, 0.523698467967086, 0.9999955000101249, 79.95102040816326
440, 0.9711425636454561, 0.0, 0.40265220720549466, 0.9999955000101249, 85.76897959183674
441, 0.9902478635182347, 0.0, 0.45162728782279876, 0.9999955000101249, 96.66367346938776
442, 0.9995501012348142, 0.0, 0.5167458144419735, 0.9999955000101249, 101.56816326530613
443, 0.998488643251663, 0.0, 0.3766464179368081, 0.9999955000101249, 103.97551020408163
444, 0.9699560672550871, 0.0, 0.46463824178589475, 0.9999955000101249, 105.8604081632653
445, 0.9996355664220544, 0.0, 0.6242853513230999, 0.9999955000101249, 110.43183673469387
446, 0.9982610137917461, 0.0, 0.5674356482253164, 0.9999955000101249, 105.5861224489796
447, 0.9982016190284373, 0.0, 0.6360518411191921, 0.9999955000101249, 97.73061224489796
448, 0.99889610973562, 0.0, 0.5902911898860959, 0.9999955000101249, 91.74938775510203
449, 0.9987003452836548, 0.0, 0.6272831809571452, 0.9999955000101249, 89.45714285714286
450, 0.9980798458592302, 0.0, 0.6356876346609777, 0.9999955000101249, 73.4938775510204
451, 0.9988486632972694, 0.0, 0.7257028159484652, 0.9999955000101249, 55.65551020408163
452, 0.9992397891068318, 0.0, 0.8159198945387041, 0.9999955000101249, 54.031020408163265
453, 0.9990759272184604, 0.0, 0.8324097815227574, 0.9999955000101249, 50.62204081632653
454, 0.9998380131212914, 0.0, 0.8698576955630369, 0.9999955000101249, 48.69714285714286
455, 0.998942559484671, 0.0, 0.8240340253675384, 0.9999955000101249, 44.0595918367347
456, 0.9996620571155648, 0.0, 0.8415627357574064, 0.9999955000101249, 45.19673469387755
457, 0.9863164822189022, 0.0, 0.6760630317194868, 0.9999955000101249, 48.57632653061224
458, 0.9967248749609987, 0.0, 0.6786129119822895, 0.9999955000101249, 48.51265306122449
459, 0.9996355664220544, 0.0, 0.8095786284838354, 0.9999955000101249, 52.11265306122449
460, 0.9994881310496332, 0.0, 0.8200672592577127, 0.9999955000101249, 48.72489795918367
461, 0.9995501012348142, 0.0, 0.7437530650019702, 0.9999955000101249, 50.350204081632654
462, 0.9996355664220544, 0.0, 0.7857506926157111, 0.9999955000101249, 55.42938775510204
463, 0.9999280025919378, 0.0, 0.7876077312603579, 0.9999955000101249, 54.605714285714285
464, 0.9998380131212914, 0.0, 0.7800299540738834, 0.9999955000101249, 55.55673469387755
465, 0.9993157342166815, 0.0, 0.7831321610585172, 0.9999955000101249, 58.88081632653061
466, 0.9976906706134507, 0.0, 0.8349953731933436, 0.9999955000101249, 65.6938775510204
467, 0.9997355349770412, 0.0, 0.7541435524480944, 0.9999955000101249, 67.90204081632653
468, 0.9997355349770412, 0.0, 0.8493568668839105, 0.9999955000101249, 69.95102040816326
469, 0.9990759272184604, 0.0, 0.7572201876337995, 0.9999955000101249, 69.80081632653061
470, 0.9966436451938474, 0.0, 0.8802330436397409, 0.9999955000101249, 72.96816326530612
471, 0.9986489135402514, 0.0, 0.7884468218926612, 0.9999955000101249, 69.79428571428572
472, 0.9990324683608633, 0.0, 0.8523393012531584, 0.9999955000101249, 68.8334693877551
473, 0.9874390555599719, 0.0, 0.7554993418388358, 0.9999955000101249, 66.78693877551021
474, 0.998942559484671, 0.0, 0.7996889235880505, 0.9999955000101249, 67.21224489795918
475, 0.9968051145430329, 0.0, 0.7938288963341771, 0.9999955000101249, 71.79102040816326
476, 0.9983194137692356, 0.0, 0.8052794105894259, 0.9999955000101249, 67.80326530612246
477, 0.9992003199146837, 0.0, 0.8142107190716042, 0.9999955000101249, 65.43265306122449
478, 0.9998000199986667, 0.0, 0.7413966836749539, 0.9999955000101249, 70.6
479, 0.999712041468019, 0.0, 0.7140600824174927, 0.9999955000101249, 66.46204081632654
480, 0.9975529988004797, 0.0, 0.7143760282448919, 0.9999955000101249, 75.03918367346938
481, 0.99889610973562, 0.0, 0.8645979862771432, 0.9999955000101249, 72.24489795918367
482, 0.999982000161999, 0.0, 0.8792737752760833, 0.9999955000101249, 71.93469387755103
483, 0.9984332286697314, 0.0, 0.8572485613113061, 0.9999955000101249, 66.60163265306123
484, 0.9987003452836548, 0.0, 0.848704331710801, 0.9999955000101249, 64.24734693877551
485, 0.9973390466294276, 0.0, 0.8479101814266987, 0.9999955000101249, 65.64897959183673
486, 0.9993522099066577, 0.0, 0.7884207779752447, 0.9999955000101249, 62.325714285714284
487, 0.9963088291813023, 0.0, 0.7444533449126979, 0.9999955000101249, 65.22775510204082
488, 0.9972657449033718, 0.0, 0.7460880047562374, 0.9999955000101249, 63.28408163265306
489, 0.9985964858485296, 0.0, 0.7875486821034943, 0.9999955000101249, 69.67510204081633
490, 0.9976223311431673, 0.0, 0.7075454752351059, 0.9999955000101249, 71.75020408163266
491, 0.9811670975774323, 0.0, 0.6388383025449174, 0.9999955000101249, 72.52571428571429
492, 0.9970398897912083, 0.0, 0.7407462905332298, 0.9999955000101249, 75.75591836734694
493, 0.9993157342166815, 0.0, 0.7130569460166909, 0.9999955000101249, 77.92326530612245
494, 0.9967248749609987, 0.0, 0.7732068953883623, 0.9999955000101249, 76.23673469387755
495, 0.9952095111690844, 0.0, 0.7024595519273498, 0.9999955000101249, 76.86775510204082
496, 0.9996080768219616, 0.0, 0.790743732146676, 0.9999955000101249, 77.36408163265307
497, 0.9981412296572829, 0.0, 0.7565113225988589, 0.9999955000101249, 79.48653061224489
498, 0.9990324683608633, 0.0, 0.7923839571997664, 0.9999955000101249, 83.20244897959184
499, 0.9998195162891449, 0.0, 0.8064620885197824, 0.9999955000101249, 82.0269387755102
