1: 496
2: 92
3: 461
4: 335
5: 226
6: 626
7: 318
8: 440
9: 392
10: 458
11: 430
12: 437
13: 237
14: 20
15: 23
16: 330
17: 226
18: 326
19: 457
20: 387
21: 391
22: 175
23: 395
24: 546
25: 353
26: 481
27: 263
28: 322
29: 351
30: 485
31: 168
32: 278
33: 304
34: 134
35: 548
36: 258
37: 340
38: 373
39: 309
40: 472
41: 370
42: 222
43: 177
44: 287
45: 257
46: 505
47: 488
48: 512
49: 450
50: 443
51: 355
52: 307
53: 298
54: 439
55: 390
56: 661
57: 385
58: 424
59: 529
60: 281
61: 315
62: 276
63: 259
64: 538
65: 562
66: 238
67: 486
68: 516
69: 475
70: 396
71: 269
72: 414
73: 539
74: 262
75: 603
76: 568
77: 575
78: 487
79: 572
80: 439
81: 199
82: 546
83: 539
84: 126
85: 194
86: 295
87: 264
88: 204
89: 194
90: 340
91: 461
92: 116
93: 571
94: 355
95: 514
96: 501
97: 240
98: 269
99: 247
100: 493
101: 82
102: 166
103: 489
104: 415
105: 392
106: 385
107: 457
108: 310
109: 455
110: 389
111: 384
112: 288
113: 364
114: 267
115: 449
116: 117
117: 591
118: 273
119: 224
120: 521
121: 526
122: 305
123: 321
124: 230
125: 394
126: 120
127: 456
128: 228
129: 368
130: 303
131: 526
132: 391
133: 446
134: 380
135: 357
136: 215
137: 418
138: 462
139: 429
140: 310
141: 247
142: 412
143: 505
144: 296
145: 104
146: 581
147: 233
148: 339
149: 460
150: 215
151: 577
152: 219
153: 552
154: 404
155: 426
156: 166
157: 11
158: 492
159: 285
160: 33
161: 276
162: 638
163: 553
164: 226
165: 357
166: 223
167: 283
168: 597
169: 96
170: 609
171: 254
172: 61
173: 377
174: 499
175: 274
176: 295
177: 438
178: 191
179: 639
180: 615
181: 445
182: 169
183: 321
184: 479
185: 514
186: 467
187: 676
188: 498
189: 81
190: 227
191: 523
192: 415
193: 510
194: 526
195: 209
196: 421
197: 381
198: 584
199: 474
200: 554
201: 422
202: 340
203: 49
204: 396
205: 347
206: 242
207: 129
208: 280
209: 351
210: 577
211: 263
212: 566
213: 512
214: 354
215: 65
216: 389
217: 496
218: 377
219: 586
220: 522
221: 125
222: 293
223: 235
224: 492
225: 405
226: 286
227: 603
228: 478
229: 199
230: 685
231: 414
232: 543
233: 218
234: 451
235: 444
236: 288
237: 394
238: 507
239: 414
240: 548
241: 419
242: 297
243: 489
244: 484
245: 529
246: 179
247: 217
248: 354
249: 357
250: 424
251: 173
252: 114
253: 396
254: 475
255: 183
256: 285
257: 454
258: 671
259: 201
260: 466
261: 554
262: 391
263: 479
264: 298
265: 596
266: 324
267: 538
268: 147
269: 427
270: 563
271: 322
272: 518
273: 505
274: 421
275: 316
276: 487
277: 192
278: 570
279: 645
280: 470
281: 135
282: 387
283: 509
284: 596
285: 454
286: 380
287: 576
288: 359
289: 164
290: 440
291: 398
292: 341
293: 503
294: 144
295: 676
296: 570
297: 569
298: 323
299: 177
300: 365
301: 414
302: 509
303: 562
304: 458
305: 522
306: 577
307: 138
308: 446
309: 460
310: 337
311: 332
312: 144
313: 362
314: 218
315: 201
316: 490
317: 421
318: 257
319: 198
320: 502
321: 651
322: 581
323: 187
324: 648
325: 283
326: 141
327: 555
328: 409
329: 511
330: 155
331: 545
332: 99
333: 479
334: 575
335: 425
336: 586
337: 476
338: 120
339: 423
340: 369
341: 418
342: 52
343: 267
344: 154
345: 380
346: 452
347: 446
348: 602
349: 302
350: 240
351: 303
352: 323
353: 550
354: 274
355: 347
356: 379
357: 536
358: 303
359: 107
360: 390
361: 149
362: 217
363: 269
364: 151
365: 655
366: 467
367: 108
368: 256
369: 374
370: 294
371: 283
372: 388
373: 275
374: 252
375: 83
376: 61
377: 257
378: 194
379: 384
380: 508
381: 10
382: 390
383: 135
384: 141
385: 578
386: 434
387: 557
388: 152
389: 473
390: 310
391: 103
392: 452
393: 425
394: 434
395: 339
396: 276
397: 176
398: 183
399: 537
400: 477
401: 504
402: 136
403: 280
404: 370
405: 385
406: 320
407: 432
408: 227
409: 301
410: 170
411: 426
412: 252
413: 534
414: 318
415: 223
416: 264
417: 159
418: 591
419: 569
420: 159
421: 51
422: 123
423: 362
424: 476
425: 293
426: 554
427: 199
428: 338
429: 417
430: 334
431: 307
432: 410
433: 519
434: 69
435: 431
436: 342
437: 451
438: 373
439: 188
440: 210
441: 492
442: 339
443: 282
444: 541
445: 365
446: 666
447: 336
448: 230
449: 601
450: 569
451: 401
452: 305
453: 111
454: 425
455: 182
456: 200
457: 278
458: 539
459: 441
460: 282
461: 264
462: 521
463: 333
464: 414
465: 538
466: 388
467: 263
468: 187
469: 248
470: 556
471: 476
472: 188
473: 325
474: 511
475: 307
476: 413
477: 462
478: 375
479: 582
480: 482
481: 497
482: 593
483: 228
484: 104
485: 565
486: 553
487: 384
488: 118
489: 498
490: 130
491: 235
492: 558
493: 346
494: 173
495: 409
496: 262
497: 575
498: 298
499: 410
500: 547
