1: 341
2: 552
3: 640
4: 87
5: 575
6: 291
7: 353
8: 478
9: 546
10: 399
11: 511
12: 264
13: 549
14: 299
15: 248
16: 402
17: 632
18: 27
19: 560
20: 615
21: 379
22: 518
23: 179
24: 448
25: 371
26: 129
27: 325
28: 412
29: 595
30: 46
31: 635
32: 84
33: 428
34: 514
35: 135
36: 644
37: 659
38: 225
39: 493
40: 333
41: 483
42: 518
43: 401
44: 432
45: 85
46: 168
47: 257
48: 280
49: 413
50: 108
51: 445
52: 346
53: 636
54: 155
55: 554
56: 325
57: 448
58: 518
59: 255
60: 316
61: 463
62: 336
63: 363
64: 519
65: 574
66: 466
67: 291
68: 316
69: 468
70: 103
71: 642
72: 438
73: 102
74: 191
75: 353
76: 323
77: 484
78: 629
79: 610
80: 394
81: 624
82: 292
83: 338
84: 268
85: 317
86: 513
87: 338
88: 359
89: 461
90: 547
91: 459
92: 162
93: 228
94: 504
95: 254
96: 433
97: 212
98: 322
99: 133
100: 58
101: 478
102: 655
103: 131
104: 493
105: 501
106: 266
107: 258
108: 322
109: 491
110: 431
111: 321
112: 521
113: 550
114: 601
115: 313
116: 613
117: 570
118: 433
119: 455
120: 661
121: 454
122: 627
123: 530
124: 428
125: 349
126: 96
127: 376
128: 209
129: 137
130: 366
131: 247
132: 618
133: 399
134: 19
135: 30
136: 426
137: 256
138: 382
139: 338
140: 451
141: 514
142: 596
143: 272
144: 227
145: 231
146: 546
147: 208
148: 173
149: 425
150: 258
151: 155
152: 332
153: 186
154: 571
155: 494
156: 338
157: 596
158: 443
159: 477
160: 396
161: 285
162: 133
163: 233
164: 428
165: 375
166: 454
167: 585
168: 166
169: 320
170: 458
171: 532
172: 258
173: 270
174: 382
175: 116
176: 485
177: 541
178: 106
179: 239
180: 320
181: 273
182: 443
183: 252
184: 389
185: 241
186: 540
187: 205
188: 372
189: 494
190: 280
191: 407
192: 529
193: 323
194: 539
195: 124
196: 173
197: 256
198: 388
199: 647
200: 553
201: 145
202: 343
203: 198
204: 669
205: 657
206: 183
207: 256
208: 55
209: 163
210: 198
211: 636
212: 375
213: 311
214: 329
215: 439
216: 290
217: 34
218: 430
219: 402
220: 648
221: 533
222: 539
223: 421
224: 34
225: 510
226: 446
227: 389
228: 285
229: 194
230: 39
231: 540
232: 187
233: 100
234: 310
235: 320
236: 127
237: 223
238: 226
239: 102
240: 528
241: 532
242: 570
243: 132
244: 140
245: 168
246: 67
247: 187
248: 489
249: 462
250: 161
251: 559
252: 261
253: 518
254: 48
255: 416
256: 341
257: 467
258: 234
259: 542
260: 167
261: 494
262: 266
263: 417
264: 10
265: 598
266: 280
267: 137
268: 531
269: 204
270: 444
271: 239
272: 439
273: 566
274: 545
275: 604
276: 417
277: 544
278: 289
279: 467
280: 510
281: 210
282: 564
283: 185
284: 140
285: 438
286: 476
287: 475
288: 460
289: 544
290: 245
291: 517
292: 432
293: 570
294: 357
295: 511
296: 556
297: 243
298: 426
299: 492
300: 354
301: 419
302: 543
303: 91
304: 359
305: 53
306: 658
307: 129
308: 347
309: 366
310: 283
311: 406
312: 290
313: 303
314: 306
315: 558
316: 553
317: 322
318: 425
319: 597
320: 247
321: 655
322: 551
323: 520
324: 379
325: 276
326: 261
327: 318
328: 453
329: 579
330: 301
331: 471
332: 352
333: 465
334: 573
335: 526
336: 398
337: 1
338: 46
339: 34
340: 658
341: 68
342: 190
343: 204
344: 281
345: 526
346: 484
347: 417
348: 362
349: 139
350: 52
351: 594
352: 243
353: 233
354: 263
355: 423
356: 544
357: 299
358: 517
359: 403
360: 65
361: 555
362: 648
363: 242
364: 381
365: 160
366: 373
367: 490
368: 259
369: 431
370: 460
371: 211
372: 282
373: 118
374: 222
375: 420
376: 41
377: 499
378: 58
379: 190
380: 596
381: 51
382: 546
383: 18
384: 430
385: 557
386: 412
387: 390
388: 76
389: 543
390: 400
391: 513
392: 545
393: 523
394: 434
395: 320
396: 607
397: 281
398: 599
399: 439
400: 601
401: 269
402: 470
403: 490
404: 618
405: 7
406: 538
407: 146
408: 567
409: 243
410: 366
411: 458
412: 494
413: 383
414: 552
415: 304
416: 304
417: 181
418: 237
419: 381
420: 153
421: 159
422: 545
423: 487
424: 246
425: 502
426: 370
427: 246
428: 327
429: 468
430: 590
431: 161
432: 485
433: 460
434: 338
435: 64
436: 524
437: 493
438: 379
439: 292
440: 198
441: 393
442: 347
443: 616
444: 253
445: 104
446: 456
447: 267
448: 611
449: 645
450: 463
451: 359
452: 555
453: 6
454: 497
455: 421
456: 396
457: 200
458: 49
459: 350
460: 171
461: 139
462: 295
463: 198
464: 100
465: 263
466: 333
467: 198
468: 401
469: 257
470: 435
471: 546
472: 169
473: 389
474: 575
475: 251
476: 472
477: 390
478: 200
479: 491
480: 179
481: 588
482: 17
483: 507
484: 181
485: 378
486: 322
487: 405
488: 272
489: 404
490: 16
491: 21
492: 430
493: 541
494: 406
495: 554
496: 383
497: 106
498: 602
499: 666
500: 199
