1: 462
2: 579
3: 429
4: 479
5: 365
6: 259
7: 222
8: 233
9: 378
10: 126
11: 64
12: 390
13: 635
14: 252
15: 400
16: 53
17: 336
18: 213
19: 49
20: 215
21: 561
22: 400
23: 8
24: 271
25: 402
26: 395
27: 481
28: 143
29: 606
30: 500
31: 398
32: 497
33: 335
34: 264
35: 211
36: 629
37: 116
38: 216
39: 5
40: 75
41: 651
42: 265
43: 415
44: 45
45: 224
46: 503
47: 507
48: 402
49: 322
50: 264
51: 41
52: 496
53: 214
54: 494
55: 234
56: 584
57: 340
58: 494
59: 144
60: 342
61: 3
62: 542
63: 415
64: 307
65: 364
66: 231
67: 275
68: 370
69: 482
70: 339
71: 95
72: 428
73: 326
74: 112
75: 433
76: 272
77: 232
78: 365
79: 212
80: 307
81: 454
82: 513
83: 580
84: 303
85: 216
86: 420
87: 161
88: 672
89: 396
90: 322
91: 436
92: 541
93: 5
94: 519
95: 144
96: 475
97: 620
98: 567
99: 546
100: 524
101: 238
102: 329
103: 635
104: 223
105: 244
106: 485
107: 391
108: 198
109: 603
110: 590
111: 631
112: 534
113: 348
114: 234
115: 338
116: 605
117: 142
118: 507
119: 296
120: 324
121: 595
122: 313
123: 307
124: 516
125: 152
126: 164
127: 519
128: 581
129: 565
130: 36
131: 463
132: 388
133: 504
134: 312
135: 171
136: 247
137: 415
138: 56
139: 259
140: 282
141: 258
142: 263
143: 493
144: 568
145: 275
146: 409
147: 168
148: 564
149: 372
150: 296
151: 392
152: 305
153: 561
154: 140
155: 565
156: 336
157: 578
158: 552
159: 309
160: 118
161: 516
162: 467
163: 380
164: 170
165: 257
166: 314
167: 442
168: 149
169: 264
170: 126
171: 392
172: 330
173: 557
174: 268
175: 328
176: 444
177: 317
178: 233
179: 318
180: 270
181: 248
182: 582
183: 248
184: 456
185: 404
186: 485
187: 235
188: 345
189: 351
190: 482
191: 178
192: 296
193: 505
194: 398
195: 268
196: 417
197: 635
198: 142
199: 338
200: 280
201: 117
202: 503
203: 302
204: 364
205: 519
206: 241
207: 99
208: 108
209: 234
210: 473
211: 446
212: 176
213: 248
214: 464
215: 588
216: 240
217: 272
218: 529
219: 198
220: 175
221: 513
222: 385
223: 299
224: 216
225: 250
226: 417
227: 277
228: 364
229: 224
230: 211
231: 334
232: 574
233: 194
234: 443
235: 286
236: 83
237: 241
238: 179
239: 372
240: 499
241: 150
242: 130
243: 235
244: 342
245: 26
246: 237
247: 647
248: 364
249: 478
250: 442
251: 156
252: 39
253: 405
254: 481
255: 286
256: 548
257: 167
258: 175
259: 422
260: 173
261: 85
262: 484
263: 331
264: 586
265: 255
266: 69
267: 429
268: 333
269: 427
270: 527
271: 343
272: 400
273: 413
274: 122
275: 619
276: 388
277: 646
278: 214
279: 344
280: 286
281: 501
282: 212
283: 280
284: 498
285: 389
286: 320
287: 203
288: 185
289: 481
290: 466
291: 95
292: 487
293: 612
294: 266
295: 359
296: 204
297: 362
298: 377
299: 221
300: 479
301: 49
302: 203
303: 451
304: 35
305: 94
306: 377
307: 199
308: 280
309: 317
310: 567
311: 561
312: 379
313: 659
314: 89
315: 353
316: 309
317: 182
318: 500
319: 434
320: 537
321: 490
322: 515
323: 216
324: 334
325: 270
326: 567
327: 397
328: 620
329: 234
330: 319
331: 329
332: 380
333: 441
334: 282
335: 245
336: 355
337: 435
338: 157
339: 236
340: 591
341: 416
342: 8
343: 437
344: 657
345: 63
346: 526
347: 83
348: 447
349: 362
350: 544
351: 286
352: 279
353: 395
354: 290
355: 14
356: 615
357: 207
358: 642
359: 585
360: 655
361: 288
362: 463
363: 656
364: 276
365: 262
366: 114
367: 275
368: 502
369: 642
370: 551
371: 293
372: 309
373: 286
374: 541
375: 409
376: 575
377: 93
378: 542
379: 76
380: 292
381: 91
382: 247
383: 56
384: 464
385: 310
386: 645
387: 319
388: 134
389: 121
390: 560
391: 342
392: 215
393: 495
394: 542
395: 361
396: 106
397: 298
398: 212
399: 484
400: 518
401: 566
402: 327
403: 135
404: 349
405: 185
406: 452
407: 363
408: 537
409: 251
410: 187
411: 58
412: 329
413: 591
414: 452
415: 489
416: 415
417: 503
418: 516
419: 382
420: 470
421: 586
422: 602
423: 609
424: 276
425: 550
426: 358
427: 410
428: 523
429: 430
430: 358
431: 178
432: 68
433: 363
434: 533
435: 615
436: 530
437: 590
438: 427
439: 146
440: 482
441: 500
442: 456
443: 62
444: 329
445: 331
446: 388
447: 374
448: 584
449: 547
450: 348
451: 554
452: 461
453: 391
454: 254
455: 14
456: 567
457: 355
458: 486
459: 574
460: 69
461: 596
462: 178
463: 495
464: 369
465: 249
466: 562
467: 170
468: 84
469: 592
470: 205
471: 598
472: 316
473: 77
474: 502
475: 440
476: 616
477: 336
478: 157
479: 162
480: 232
481: 330
482: 128
483: 293
484: 211
485: 421
486: 261
487: 346
488: 116
489: 607
490: 445
491: 188
492: 461
493: 570
494: 233
495: 110
496: 192
497: 284
498: 673
499: 379
500: 610
