1: 272
2: 264
3: 193
4: 394
5: 195
6: 467
7: 244
8: 320
9: 337
10: 83
11: 619
12: 264
13: 578
14: 578
15: 340
16: 122
17: 186
18: 478
19: 481
20: 313
21: 566
22: 56
23: 412
24: 313
25: 658
26: 553
27: 247
28: 445
29: 563
30: 395
31: 89
32: 382
33: 171
34: 364
35: 290
36: 295
37: 183
38: 208
39: 88
40: 184
41: 530
42: 658
43: 172
44: 419
45: 258
46: 498
47: 273
48: 677
49: 306
50: 500
51: 323
52: 518
53: 642
54: 192
55: 414
56: 132
57: 442
58: 455
59: 375
60: 127
61: 432
62: 493
63: 271
64: 470
65: 43
66: 329
67: 259
68: 299
69: 336
70: 587
71: 301
72: 478
73: 491
74: 228
75: 377
76: 312
77: 387
78: 233
79: 389
80: 323
81: 629
82: 312
83: 272
84: 282
85: 247
86: 159
87: 191
88: 399
89: 104
90: 24
91: 592
92: 490
93: 404
94: 358
95: 572
96: 237
97: 60
98: 351
99: 106
100: 303
101: 479
102: 508
103: 489
104: 340
105: 241
106: 399
107: 485
108: 380
109: 416
110: 410
111: 234
112: 549
113: 454
114: 196
115: 483
116: 32
117: 79
118: 323
119: 461
120: 324
121: 129
122: 235
123: 290
124: 667
125: 419
126: 393
127: 419
128: 7
129: 667
130: 592
131: 101
132: 421
133: 409
134: 250
135: 315
136: 435
137: 83
138: 307
139: 538
140: 470
141: 459
142: 413
143: 419
144: 44
145: 600
146: 388
147: 117
148: 345
149: 524
150: 98
151: 45
152: 339
153: 69
154: 442
155: 535
156: 224
157: 337
158: 424
159: 653
160: 128
161: 243
162: 391
163: 530
164: 201
165: 450
166: 165
167: 613
168: 364
169: 168
170: 113
171: 53
172: 194
173: 462
174: 0
175: 528
176: 166
177: 269
178: 281
179: 449
180: 94
181: 575
182: 553
183: 296
184: 322
185: 211
186: 170
187: 470
188: 351
189: 449
190: 455
191: 130
192: 305
193: 61
194: 593
195: 425
196: 377
197: 629
198: 183
199: 161
200: 200
201: 510
202: 336
203: 236
204: 277
205: 289
206: 197
207: 168
208: 511
209: 281
210: 18
211: 346
212: 451
213: 385
214: 47
215: 417
216: 281
217: 19
218: 521
219: 187
220: 353
221: 283
222: 289
223: 517
224: 386
225: 410
226: 218
227: 264
228: 373
229: 20
230: 198
231: 286
232: 347
233: 628
234: 110
235: 485
236: 91
237: 289
238: 192
239: 455
240: 331
241: 215
242: 243
243: 446
244: 104
245: 305
246: 92
247: 486
248: 492
249: 181
250: 61
251: 246
252: 244
253: 605
254: 200
255: 25
256: 425
257: 486
258: 104
259: 290
260: 282
261: 311
262: 58
263: 161
264: 413
265: 403
266: 493
267: 65
268: 128
269: 143
270: 440
271: 223
272: 13
273: 471
274: 257
275: 198
276: 284
277: 309
278: 119
279: 525
280: 156
281: 238
282: 597
283: 270
284: 456
285: 303
286: 446
287: 382
288: 491
289: 524
290: 555
291: 354
292: 463
293: 264
294: 168
295: 597
296: 486
297: 330
298: 332
299: 548
300: 368
301: 412
302: 499
303: 418
304: 94
305: 237
306: 329
307: 586
308: 277
309: 510
310: 527
311: 76
312: 553
313: 642
314: 346
315: 397
316: 393
317: 443
318: 421
319: 382
320: 112
321: 420
322: 338
323: 622
324: 324
325: 512
326: 251
327: 190
328: 347
329: 609
330: 67
331: 492
332: 601
333: 257
334: 311
335: 261
336: 380
337: 202
338: 599
339: 93
340: 493
341: 240
342: 571
343: 348
344: 274
345: 292
346: 442
347: 426
348: 136
349: 251
350: 193
351: 581
352: 207
353: 258
354: 87
355: 514
356: 237
357: 41
358: 324
359: 336
360: 398
361: 167
362: 82
363: 401
364: 544
365: 549
366: 161
367: 221
368: 85
369: 97
370: 287
371: 440
372: 658
373: 577
374: 173
375: 493
376: 460
377: 564
378: 370
379: 438
380: 417
381: 304
382: 264
383: 306
384: 65
385: 483
386: 323
387: 218
388: 492
389: 322
390: 582
391: 443
392: 641
393: 448
394: 379
395: 135
396: 153
397: 385
398: 360
399: 325
400: 25
401: 436
402: 600
403: 524
404: 506
405: 37
406: 310
407: 286
408: 418
409: 184
410: 626
411: 306
412: 361
413: 369
414: 140
415: 652
416: 490
417: 237
418: 446
419: 635
420: 439
421: 556
422: 318
423: 262
424: 340
425: 313
426: 239
427: 491
428: 335
429: 512
430: 617
431: 321
432: 294
433: 285
434: 303
435: 541
436: 535
437: 522
438: 554
439: 420
440: 639
441: 93
442: 210
443: 516
444: 479
445: 511
446: 161
447: 584
448: 416
449: 442
450: 581
451: 535
452: 359
453: 452
454: 65
455: 469
456: 68
457: 225
458: 417
459: 519
460: 451
461: 470
462: 249
463: 19
464: 117
465: 145
466: 342
467: 343
468: 604
469: 289
470: 275
471: 37
472: 478
473: 411
474: 255
475: 293
476: 379
477: 286
478: 345
479: 590
480: 501
481: 652
482: 479
483: 622
484: 176
485: 690
486: 306
487: 55
488: 504
489: 523
490: 279
491: 192
492: 588
493: 79
494: 674
495: 296
496: 63
497: 679
498: 176
499: 350
500: 507
