1: 405
2: 397
3: 688
4: 326
5: 305
6: 345
7: 364
8: 532
9: 197
10: 196
11: 157
12: 294
13: 258
14: 77
15: 186
16: 133
17: 242
18: 297
19: 535
20: 343
21: 377
22: 23
23: 195
24: 589
25: 317
26: 228
27: 489
28: 114
29: 454
30: 309
31: 460
32: 541
33: 529
34: 599
35: 423
36: 164
37: 403
38: 327
39: 107
40: 634
41: 166
42: 102
43: 229
44: 137
45: 478
46: 39
47: 534
48: 395
49: 305
50: 228
51: 431
52: 231
53: 279
54: 252
55: 232
56: 290
57: 209
58: 272
59: 315
60: 445
61: 645
62: 243
63: 505
64: 242
65: 316
66: 470
67: 439
68: 226
69: 231
70: 74
71: 610
72: 545
73: 401
74: 198
75: 245
76: 235
77: 477
78: 440
79: 277
80: 433
81: 418
82: 302
83: 229
84: 283
85: 596
86: 4
87: 640
88: 267
89: 407
90: 499
91: 546
92: 491
93: 512
94: 216
95: 658
96: 267
97: 462
98: 421
99: 586
100: 561
101: 325
102: 193
103: 348
104: 322
105: 485
106: 65
107: 292
108: 117
109: 536
110: 450
111: 464
112: 342
113: 359
114: 443
115: 405
116: 182
117: 252
118: 438
119: 223
120: 392
121: 435
122: 275
123: 109
124: 458
125: 100
126: 618
127: 288
128: 104
129: 13
130: 254
131: 518
132: 562
133: 66
134: 306
135: 216
136: 486
137: 208
138: 502
139: 307
140: 447
141: 455
142: 203
143: 387
144: 172
145: 201
146: 222
147: 151
148: 574
149: 260
150: 546
151: 305
152: 494
153: 96
154: 299
155: 175
156: 474
157: 137
158: 575
159: 456
160: 649
161: 390
162: 557
163: 470
164: 354
165: 223
166: 70
167: 125
168: 592
169: 190
170: 237
171: 310
172: 553
173: 317
174: 528
175: 641
176: 504
177: 192
178: 424
179: 204
180: 411
181: 322
182: 324
183: 534
184: 90
185: 353
186: 270
187: 191
188: 249
189: 503
190: 469
191: 384
192: 197
193: 547
194: 142
195: 153
196: 456
197: 282
198: 419
199: 297
200: 217
201: 577
202: 36
203: 323
204: 587
205: 380
206: 260
207: 434
208: 16
209: 67
210: 296
211: 484
212: 285
213: 395
214: 310
215: 147
216: 449
217: 651
218: 388
219: 362
220: 596
221: 289
222: 359
223: 390
224: 299
225: 456
226: 346
227: 118
228: 185
229: 222
230: 461
231: 375
232: 546
233: 533
234: 326
235: 484
236: 483
237: 82
238: 315
239: 170
240: 171
241: 287
242: 263
243: 519
244: 612
245: 643
246: 351
247: 236
248: 475
249: 423
250: 105
251: 464
252: 497
253: 167
254: 503
255: 427
256: 662
257: 257
258: 478
259: 113
260: 402
261: 493
262: 668
263: 524
264: 347
265: 114
266: 316
267: 555
268: 290
269: 105
270: 425
271: 503
272: 531
273: 384
274: 418
275: 484
276: 36
277: 547
278: 75
279: 454
280: 420
281: 232
282: 531
283: 289
284: 637
285: 237
286: 330
287: 394
288: 300
289: 499
290: 649
291: 465
292: 286
293: 631
294: 99
295: 174
296: 586
297: 516
298: 266
299: 167
300: 163
301: 322
302: 456
303: 355
304: 45
305: 70
306: 133
307: 305
308: 341
309: 436
310: 241
311: 243
312: 530
313: 391
314: 345
315: 451
316: 264
317: 492
318: 192
319: 311
320: 464
321: 366
322: 538
323: 365
324: 636
325: 288
326: 202
327: 214
328: 30
329: 341
330: 378
331: 193
332: 329
333: 113
334: 544
335: 121
336: 154
337: 108
338: 242
339: 248
340: 188
341: 522
342: 626
343: 488
344: 517
345: 539
346: 221
347: 308
348: 249
349: 406
350: 602
351: 456
352: 403
353: 437
354: 120
355: 424
356: 540
357: 70
358: 197
359: 152
360: 223
361: 581
362: 435
363: 481
364: 520
365: 48
366: 381
367: 389
368: 533
369: 333
370: 394
371: 610
372: 543
373: 103
374: 493
375: 192
376: 421
377: 370
378: 458
379: 168
380: 316
381: 448
382: 293
383: 473
384: 493
385: 540
386: 89
387: 437
388: 141
389: 218
390: 224
391: 260
392: 131
393: 113
394: 170
395: 638
396: 649
397: 443
398: 228
399: 456
400: 420
401: 186
402: 186
403: 279
404: 157
405: 92
406: 388
407: 330
408: 208
409: 211
410: 101
411: 243
412: 338
413: 299
414: 335
415: 496
416: 384
417: 207
418: 475
419: 281
420: 133
421: 111
422: 194
423: 396
424: 670
425: 389
426: 202
427: 322
428: 420
429: 59
430: 26
431: 366
432: 26
433: 225
434: 130
435: 381
436: 303
437: 159
438: 482
439: 231
440: 400
441: 135
442: 250
443: 376
444: 112
445: 220
446: 61
447: 156
448: 158
449: 452
450: 311
451: 257
452: 51
453: 384
454: 506
455: 449
456: 264
457: 109
458: 395
459: 246
460: 209
461: 205
462: 294
463: 245
464: 256
465: 217
466: 528
467: 238
468: 382
469: 64
470: 291
471: 249
472: 163
473: 398
474: 289
475: 58
476: 289
477: 233
478: 523
479: 163
480: 162
481: 352
482: 629
483: 91
484: 402
485: 414
486: 258
487: 415
488: 251
489: 458
490: 567
491: 212
492: 174
493: 16
494: 34
495: 579
496: 522
497: 180
498: 220
499: 427
500: 188
