1: 236
2: 442
3: 475
4: 174
5: 446
6: 355
7: 593
8: 114
9: 179
10: 562
11: 490
12: 331
13: 546
14: 441
15: 408
16: 57
17: 417
18: 331
19: 378
20: 313
21: 488
22: 410
23: 461
24: 374
25: 239
26: 134
27: 544
28: 493
29: 479
30: 649
31: 614
32: 330
33: 446
34: 433
35: 122
36: 400
37: 458
38: 353
39: 444
40: 215
41: 334
42: 338
43: 299
44: 556
45: 516
46: 471
47: 53
48: 269
49: 173
50: 489
51: 348
52: 181
53: 190
54: 282
55: 127
56: 645
57: 359
58: 381
59: 531
60: 597
61: 432
62: 156
63: 221
64: 573
65: 444
66: 462
67: 530
68: 356
69: 199
70: 265
71: 136
72: 382
73: 442
74: 177
75: 643
76: 183
77: 417
78: 216
79: 296
80: 343
81: 537
82: 350
83: 541
84: 267
85: 313
86: 633
87: 136
88: 513
89: 541
90: 359
91: 25
92: 222
93: 297
94: 274
95: 122
96: 670
97: 513
98: 8
99: 278
100: 307
101: 91
102: 277
103: 275
104: 385
105: 494
106: 355
107: 410
108: 576
109: 111
110: 491
111: 600
112: 132
113: 486
114: 378
115: 147
116: 463
117: 235
118: 358
119: 404
120: 175
121: 158
122: 416
123: 454
124: 403
125: 195
126: 538
127: 70
128: 489
129: 371
130: 666
131: 153
132: 53
133: 565
134: 268
135: 195
136: 482
137: 267
138: 446
139: 57
140: 586
141: 462
142: 253
143: 246
144: 57
145: 371
146: 209
147: 372
148: 462
149: 629
150: 360
151: 549
152: 481
153: 566
154: 643
155: 595
156: 409
157: 128
158: 41
159: 570
160: 600
161: 554
162: 280
163: 281
164: 253
165: 295
166: 518
167: 181
168: 486
169: 443
170: 364
171: 500
172: 441
173: 288
174: 103
175: 486
176: 678
177: 525
178: 302
179: 31
180: 641
181: 503
182: 100
183: 209
184: 370
185: 264
186: 615
187: 499
188: 653
189: 405
190: 498
191: 584
192: 568
193: 147
194: 312
195: 284
196: 267
197: 486
198: 369
199: 422
200: 356
201: 328
202: 591
203: 536
204: 251
205: 381
206: 553
207: 169
208: 624
209: 369
210: 401
211: 287
212: 222
213: 637
214: 280
215: 470
216: 523
217: 117
218: 201
219: 282
220: 154
221: 608
222: 98
223: 489
224: 425
225: 463
226: 625
227: 332
228: 445
229: 358
230: 612
231: 302
232: 356
233: 551
234: 414
235: 646
236: 258
237: 329
238: 234
239: 668
240: 74
241: 111
242: 238
243: 402
244: 545
245: 405
246: 566
247: 232
248: 390
249: 181
250: 175
251: 419
252: 512
253: 415
254: 304
255: 613
256: 233
257: 126
258: 212
259: 333
260: 274
261: 490
262: 694
263: 393
264: 408
265: 609
266: 612
267: 372
268: 541
269: 246
270: 496
271: 500
272: 113
273: 397
274: 463
275: 477
276: 486
277: 255
278: 534
279: 628
280: 448
281: 572
282: 199
283: 342
284: 433
285: 331
286: 500
287: 612
288: 589
289: 430
290: 234
291: 241
292: 238
293: 341
294: 129
295: 208
296: 621
297: 290
298: 39
299: 193
300: 299
301: 374
302: 251
303: 346
304: 567
305: 201
306: 568
307: 426
308: 570
309: 619
310: 324
311: 138
312: 374
313: 416
314: 169
315: 482
316: 343
317: 240
318: 601
319: 335
320: 474
321: 106
322: 190
323: 533
324: 492
325: 461
326: 306
327: 312
328: 486
329: 485
330: 233
331: 269
332: 431
333: 29
334: 333
335: 534
336: 201
337: 480
338: 267
339: 469
340: 529
341: 108
342: 323
343: 172
344: 594
345: 53
346: 336
347: 446
348: 395
349: 256
350: 311
351: 625
352: 531
353: 485
354: 594
355: 199
356: 378
357: 293
358: 272
359: 552
360: 235
361: 620
362: 475
363: 360
364: 379
365: 169
366: 329
367: 655
368: 88
369: 330
370: 150
371: 208
372: 74
373: 200
374: 568
375: 562
376: 67
377: 419
378: 263
379: 301
380: 129
381: 339
382: 345
383: 484
384: 516
385: 201
386: 9
387: 264
388: 295
389: 456
390: 139
391: 438
392: 201
393: 324
394: 390
395: 523
396: 41
397: 294
398: 219
399: 643
400: 453
401: 469
402: 537
403: 129
404: 18
405: 312
406: 596
407: 548
408: 525
409: 535
410: 223
411: 143
412: 566
413: 337
414: 210
415: 323
416: 526
417: 252
418: 175
419: 303
420: 370
421: 174
422: 410
423: 401
424: 304
425: 342
426: 225
427: 296
428: 590
429: 318
430: 463
431: 309
432: 251
433: 306
434: 488
435: 279
436: 360
437: 304
438: 498
439: 51
440: 371
441: 183
442: 358
443: 299
444: 329
445: 144
446: 185
447: 440
448: 323
449: 161
450: 189
451: 457
452: 341
453: 513
454: 83
455: 396
456: 279
457: 668
458: 681
459: 585
460: 345
461: 465
462: 499
463: 491
464: 637
465: 32
466: 340
467: 496
468: 426
469: 393
470: 570
471: 397
472: 433
473: 98
474: 257
475: 597
476: 438
477: 502
478: 372
479: 421
480: 558
481: 318
482: 302
483: 537
484: 146
485: 575
486: 200
487: 176
488: 633
489: 394
490: 314
491: 536
492: 333
493: 288
494: 345
495: 5
496: 583
497: 184
498: 457
499: 202
500: 83
