1: 234
2: 58
3: 381
4: 293
5: 320
6: 230
7: 208
8: 372
9: 223
10: 445
11: 18
12: 212
13: 546
14: 209
15: 230
16: 330
17: 452
18: 161
19: 65
20: 311
21: 323
22: 149
23: 221
24: 440
25: 481
26: 176
27: 351
28: 59
29: 245
30: 492
31: 2
32: 411
33: 273
34: 453
35: 173
36: 450
37: 209
38: 194
39: 314
40: 367
41: 220
42: 187
43: 254
44: 498
45: 71
46: 504
47: 245
48: 353
49: 547
50: 348
51: 302
52: 480
53: 88
54: 399
55: 499
56: 278
57: 123
58: 480
59: 202
60: 276
61: 153
62: 469
63: 216
64: 621
65: 263
66: 521
67: 299
68: 323
69: 423
70: 331
71: 359
72: 167
73: 142
74: 530
75: 531
76: 252
77: 231
78: 476
79: 626
80: 103
81: 567
82: 332
83: 233
84: 213
85: 122
86: 378
87: 511
88: 297
89: 442
90: 555
91: 445
92: 9
93: 256
94: 540
95: 140
96: 222
97: 281
98: 649
99: 579
100: 327
101: 682
102: 141
103: 320
104: 500
105: 429
106: 89
107: 572
108: 519
109: 653
110: 218
111: 617
112: 587
113: 561
114: 437
115: 614
116: 278
117: 441
118: 197
119: 225
120: 428
121: 457
122: 380
123: 472
124: 643
125: 602
126: 316
127: 306
128: 219
129: 472
130: 339
131: 400
132: 604
133: 488
134: 140
135: 506
136: 602
137: 500
138: 225
139: 524
140: 315
141: 419
142: 400
143: 272
144: 154
145: 622
146: 517
147: 108
148: 212
149: 356
150: 303
151: 133
152: 628
153: 195
154: 286
155: 352
156: 451
157: 391
158: 404
159: 358
160: 375
161: 400
162: 408
163: 407
164: 404
165: 246
166: 503
167: 218
168: 467
169: 315
170: 319
171: 426
172: 30
173: 511
174: 548
175: 91
176: 357
177: 219
178: 466
179: 209
180: 176
181: 402
182: 323
183: 231
184: 66
185: 576
186: 413
187: 107
188: 408
189: 184
190: 252
191: 169
192: 394
193: 504
194: 449
195: 482
196: 346
197: 41
198: 656
199: 513
200: 658
201: 356
202: 322
203: 315
204: 256
205: 204
206: 433
207: 579
208: 341
209: 216
210: 316
211: 84
212: 49
213: 303
214: 475
215: 184
216: 498
217: 498
218: 178
219: 586
220: 400
221: 614
222: 35
223: 342
224: 424
225: 654
226: 328
227: 397
228: 278
229: 594
230: 321
231: 136
232: 445
233: 589
234: 128
235: 535
236: 409
237: 601
238: 556
239: 406
240: 381
241: 199
242: 358
243: 398
244: 338
245: 531
246: 449
247: 289
248: 222
249: 274
250: 293
251: 476
252: 400
253: 148
254: 444
255: 365
256: 608
257: 274
258: 578
259: 405
260: 377
261: 625
262: 298
263: 543
264: 443
265: 7
266: 478
267: 116
268: 508
269: 253
270: 212
271: 396
272: 300
273: 245
274: 200
275: 392
276: 604
277: 463
278: 521
279: 364
280: 637
281: 8
282: 315
283: 167
284: 424
285: 670
286: 388
287: 588
288: 352
289: 411
290: 323
291: 565
292: 210
293: 469
294: 144
295: 253
296: 599
297: 473
298: 344
299: 20
300: 178
301: 543
302: 116
303: 194
304: 501
305: 469
306: 397
307: 116
308: 513
309: 662
310: 645
311: 627
312: 286
313: 241
314: 177
315: 360
316: 334
317: 404
318: 182
319: 601
320: 247
321: 545
322: 471
323: 218
324: 553
325: 341
326: 231
327: 210
328: 591
329: 352
330: 147
331: 414
332: 275
333: 464
334: 564
335: 601
336: 619
337: 531
338: 185
339: 152
340: 248
341: 341
342: 406
343: 244
344: 429
345: 179
346: 420
347: 656
348: 303
349: 549
350: 289
351: 149
352: 132
353: 328
354: 170
355: 539
356: 274
357: 359
358: 163
359: 354
360: 436
361: 338
362: 317
363: 302
364: 438
365: 219
366: 540
367: 174
368: 261
369: 451
370: 554
371: 315
372: 273
373: 440
374: 243
375: 45
376: 248
377: 125
378: 367
379: 654
380: 193
381: 378
382: 440
383: 479
384: 355
385: 331
386: 366
387: 22
388: 81
389: 201
390: 242
391: 545
392: 398
393: 296
394: 537
395: 368
396: 181
397: 160
398: 91
399: 273
400: 294
401: 288
402: 351
403: 484
404: 251
405: 306
406: 344
407: 357
408: 268
409: 482
410: 477
411: 531
412: 403
413: 334
414: 474
415: 335
416: 677
417: 478
418: 32
419: 245
420: 317
421: 261
422: 262
423: 31
424: 341
425: 55
426: 303
427: 425
428: 356
429: 55
430: 474
431: 303
432: 134
433: 653
434: 369
435: 235
436: 317
437: 281
438: 570
439: 413
440: 591
441: 552
442: 673
443: 566
444: 333
445: 293
446: 388
447: 374
448: 2
449: 206
450: 301
451: 508
452: 344
453: 211
454: 27
455: 128
456: 492
457: 483
458: 528
459: 455
460: 413
461: 370
462: 554
463: 150
464: 229
465: 518
466: 467
467: 598
468: 461
469: 280
470: 548
471: 480
472: 462
473: 310
474: 544
475: 521
476: 246
477: 488
478: 597
479: 157
480: 408
481: 480
482: 156
483: 648
484: 169
485: 295
486: 403
487: 449
488: 497
489: 520
490: 371
491: 255
492: 556
493: 333
494: 389
495: 470
496: 258
497: 428
498: 232
499: 440
500: 496
