1: 575
2: 546
3: 61
4: 519
5: 175
6: 247
7: 216
8: 436
9: 365
10: 235
11: 213
12: 324
13: 240
14: 406
15: 555
16: 508
17: 545
18: 270
19: 336
20: 665
21: 429
22: 437
23: 363
24: 650
25: 152
26: 105
27: 353
28: 602
29: 538
30: 256
31: 671
32: 361
33: 144
34: 243
35: 400
36: 585
37: 276
38: 214
39: 553
40: 467
41: 335
42: 470
43: 654
44: 236
45: 221
46: 482
47: 347
48: 463
49: 517
50: 629
51: 311
52: 177
53: 560
54: 620
55: 510
56: 89
57: 159
58: 242
59: 210
60: 535
61: 492
62: 319
63: 513
64: 142
65: 252
66: 390
67: 618
68: 458
69: 234
70: 3
71: 358
72: 247
73: 18
74: 507
75: 493
76: 579
77: 399
78: 344
79: 508
80: 354
81: 558
82: 427
83: 556
84: 385
85: 634
86: 215
87: 497
88: 321
89: 137
90: 502
91: 145
92: 452
93: 299
94: 486
95: 505
96: 467
97: 479
98: 452
99: 601
100: 496
101: 516
102: 408
103: 347
104: 396
105: 319
106: 520
107: 358
108: 567
109: 244
110: 538
111: 536
112: 561
113: 320
114: 573
115: 607
116: 526
117: 429
118: 383
119: 381
120: 629
121: 418
122: 147
123: 220
124: 430
125: 391
126: 578
127: 192
128: 575
129: 322
130: 474
131: 597
132: 250
133: 382
134: 343
135: 123
136: 613
137: 434
138: 581
139: 423
140: 363
141: 476
142: 503
143: 602
144: 325
145: 328
146: 377
147: 627
148: 52
149: 469
150: 353
151: 16
152: 549
153: 408
154: 449
155: 476
156: 496
157: 507
158: 579
159: 413
160: 243
161: 367
162: 257
163: 423
164: 197
165: 328
166: 533
167: 625
168: 493
169: 435
170: 247
171: 271
172: 615
173: 457
174: 339
175: 642
176: 492
177: 290
178: 269
179: 215
180: 478
181: 468
182: 417
183: 273
184: 377
185: 322
186: 456
187: 437
188: 381
189: 584
190: 585
191: 629
192: 378
193: 355
194: 448
195: 511
196: 379
197: 564
198: 204
199: 533
200: 432
201: 436
202: 251
203: 499
204: 141
205: 217
206: 654
207: 170
208: 394
209: 545
210: 505
211: 565
212: 452
213: 144
214: 474
215: 328
216: 447
217: 412
218: 485
219: 398
220: 427
221: 663
222: 13
223: 491
224: 131
225: 500
226: 606
227: 409
228: 294
229: 389
230: 356
231: 288
232: 528
233: 592
234: 412
235: 232
236: 398
237: 113
238: 312
239: 223
240: 625
241: 584
242: 541
243: 523
244: 386
245: 428
246: 360
247: 596
248: 487
249: 163
250: 503
251: 352
252: 226
253: 488
254: 358
255: 517
256: 163
257: 575
258: 329
259: 295
260: 463
261: 493
262: 327
263: 453
264: 511
265: 624
266: 148
267: 514
268: 78
269: 577
270: 608
271: 450
272: 470
273: 366
274: 207
275: 294
276: 522
277: 318
278: 328
279: 343
280: 0
281: 331
282: 133
283: 296
284: 655
285: 414
286: 356
287: 470
288: 540
289: 415
290: 406
291: 619
292: 386
293: 298
294: 134
295: 655
296: 338
297: 512
298: 373
299: 461
300: 180
301: 266
302: 517
303: 570
304: 207
305: 371
306: 321
307: 274
308: 372
309: 362
310: 629
311: 527
312: 353
313: 301
314: 457
315: 254
316: 512
317: 285
318: 431
319: 350
320: 493
321: 162
322: 377
323: 84
324: 315
325: 306
326: 528
327: 602
328: 368
329: 572
330: 145
331: 160
332: 522
333: 334
334: 553
335: 147
336: 483
337: 156
338: 322
339: 455
340: 621
341: 204
342: 465
343: 116
344: 120
345: 239
346: 542
347: 128
348: 295
349: 290
350: 400
351: 79
352: 345
353: 585
354: 335
355: 416
356: 132
357: 471
358: 91
359: 424
360: 590
361: 219
362: 384
363: 334
364: 240
365: 562
366: 369
367: 519
368: 303
369: 214
370: 582
371: 309
372: 378
373: 466
374: 435
375: 522
376: 453
377: 491
378: 406
379: 476
380: 503
381: 409
382: 370
383: 424
384: 52
385: 612
386: 573
387: 334
388: 219
389: 481
390: 281
391: 618
392: 290
393: 416
394: 102
395: 472
396: 224
397: 601
398: 628
399: 108
400: 540
401: 371
402: 612
403: 454
404: 408
405: 528
406: 267
407: 56
408: 316
409: 442
410: 83
411: 665
412: 368
413: 63
414: 492
415: 554
416: 362
417: 593
418: 641
419: 327
420: 195
421: 487
422: 309
423: 488
424: 179
425: 320
426: 441
427: 123
428: 350
429: 477
430: 237
431: 559
432: 165
433: 312
434: 338
435: 306
436: 669
437: 479
438: 341
439: 174
440: 599
441: 569
442: 361
443: 475
444: 211
445: 490
446: 168
447: 469
448: 489
449: 385
450: 607
451: 12
452: 87
453: 324
454: 270
455: 544
456: 275
457: 201
458: 110
459: 247
460: 69
461: 433
462: 51
463: 443
464: 360
465: 311
466: 637
467: 540
468: 114
469: 344
470: 144
471: 209
472: 194
473: 76
474: 313
475: 269
476: 298
477: 529
478: 541
479: 458
480: 265
481: 271
482: 345
483: 104
484: 396
485: 355
486: 153
487: 227
488: 418
489: 266
490: 519
491: 18
492: 458
493: 642
494: 535
495: 442
496: 482
497: 261
498: 378
499: 390
500: 560
