1: 713
2: 713
3: 713
4: 712
5: 712
6: 713
7: 713
8: 712
9: 713
10: 712
11: 712
12: 712
13: 713
14: 713
15: 712
16: 713
17: 712
18: 713
19: 712
20: 712
21: 713
22: 713
23: 713
24: 713
25: 712
26: 713
27: 714
28: 714
29: 713
30: 713
31: 713
32: 714
33: 713
34: 712
35: 713
36: 713
37: 712
38: 713
39: 713
40: 712
41: 713
42: 713
43: 713
44: 712
45: 713
46: 713
47: 712
48: 714
49: 713
50: 713
51: 711
52: 713
53: 713
54: 713
55: 713
56: 713
57: 712
58: 713
59: 713
60: 713
61: 713
62: 713
63: 713
64: 713
65: 713
66: 714
67: 713
68: 711
69: 713
70: 713
71: 713
72: 713
73: 712
74: 712
75: 713
76: 713
77: 712
78: 712
79: 713
80: 713
81: 713
82: 712
83: 713
84: 713
85: 712
86: 713
87: 713
88: 712
89: 713
90: 713
91: 712
92: 713
93: 712
94: 713
95: 713
96: 712
97: 712
98: 713
99: 713
100: 713
101: 714
102: 713
103: 714
104: 712
105: 712
106: 713
107: 713
108: 711
109: 713
110: 714
111: 712
112: 713
113: 713
114: 713
115: 713
116: 713
117: 713
118: 712
119: 714
120: 713
121: 711
122: 713
123: 713
124: 713
125: 713
126: 712
127: 713
128: 712
129: 713
130: 713
131: 714
132: 712
133: 713
134: 714
135: 712
136: 713
137: 712
138: 713
139: 714
140: 712
141: 713
142: 714
143: 713
144: 714
145: 713
146: 712
147: 713
148: 713
149: 714
150: 713
151: 713
152: 711
153: 713
154: 712
155: 713
156: 712
157: 713
158: 713
159: 714
160: 713
161: 713
162: 713
163: 713
164: 713
165: 713
166: 713
167: 714
168: 713
169: 713
170: 713
171: 713
172: 712
173: 712
174: 712
175: 713
176: 713
177: 714
178: 712
179: 713
180: 713
181: 712
182: 713
183: 712
184: 713
185: 712
186: 712
187: 711
188: 713
189: 713
190: 713
191: 713
192: 713
193: 713
194: 713
195: 713
196: 713
197: 712
198: 714
199: 714
200: 713
201: 713
202: 713
203: 712
204: 712
205: 713
206: 713
207: 712
208: 713
209: 712
210: 714
211: 713
212: 713
213: 713
214: 711
215: 712
216: 713
217: 713
218: 714
219: 713
220: 710
221: 713
222: 711
223: 713
224: 713
225: 712
226: 713
227: 713
228: 713
229: 713
230: 711
231: 713
232: 712
233: 712
234: 712
235: 713
236: 713
237: 713
238: 713
239: 713
240: 713
241: 713
242: 714
243: 713
244: 713
245: 713
246: 713
247: 712
248: 712
249: 713
250: 713
251: 713
252: 713
253: 712
254: 714
255: 712
256: 714
257: 713
258: 712
259: 712
260: 712
261: 713
262: 712
263: 714
264: 712
265: 711
266: 713
267: 712
268: 713
269: 713
270: 713
271: 714
272: 712
273: 714
274: 712
275: 713
276: 712
277: 713
278: 714
279: 713
280: 712
281: 714
282: 713
283: 713
284: 714
285: 711
286: 712
287: 713
288: 713
289: 713
290: 713
291: 714
292: 712
293: 713
294: 713
295: 714
296: 713
297: 713
298: 712
299: 713
300: 713
301: 712
302: 713
303: 713
304: 713
305: 713
306: 713
307: 713
308: 714
309: 713
310: 713
311: 713
312: 713
313: 713
314: 713
315: 712
316: 712
317: 712
318: 713
319: 713
320: 712
321: 713
322: 713
323: 712
324: 713
325: 713
326: 713
327: 713
328: 713
329: 712
330: 712
331: 712
332: 713
333: 713
334: 711
335: 713
336: 712
337: 712
338: 712
339: 713
340: 713
341: 713
342: 712
343: 714
344: 713
345: 713
346: 714
347: 713
348: 713
349: 714
350: 714
351: 711
352: 712
353: 713
354: 713
355: 713
356: 712
357: 712
358: 713
359: 713
360: 713
361: 713
362: 713
363: 713
364: 713
365: 713
366: 713
367: 714
368: 713
369: 712
370: 712
371: 713
372: 713
373: 713
374: 713
375: 714
376: 714
377: 713
378: 714
379: 711
380: 713
381: 713
382: 711
383: 713
384: 712
385: 711
386: 713
387: 712
388: 712
389: 713
390: 712
391: 714
392: 712
393: 714
394: 713
395: 714
396: 712
397: 713
398: 714
399: 713
400: 714
401: 713
402: 712
403: 713
404: 713
405: 713
406: 712
407: 712
408: 713
409: 713
410: 713
411: 714
412: 713
413: 711
414: 713
415: 713
416: 713
417: 712
418: 712
419: 712
420: 712
421: 712
422: 712
423: 713
424: 712
425: 712
426: 714
427: 711
428: 713
429: 713
430: 714
431: 713
432: 713
433: 714
434: 713
435: 712
436: 712
437: 712
438: 713
439: 713
440: 713
441: 713
442: 713
443: 712
444: 713
445: 712
446: 713
447: 713
448: 712
449: 713
450: 714
451: 711
452: 714
453: 714
454: 713
455: 714
456: 713
457: 713
458: 713
459: 711
460: 713
461: 711
462: 713
463: 713
464: 713
465: 713
466: 713
467: 712
468: 712
469: 713
470: 712
471: 713
472: 713
473: 713
474: 712
475: 712
476: 713
477: 712
478: 711
479: 712
480: 712
481: 713
482: 713
483: 713
484: 711
485: 712
486: 712
487: 714
488: 712
489: 712
490: 713
491: 712
492: 713
493: 713
494: 714
495: 712
496: 713
497: 711
498: 713
499: 712
500: 714
