1: 497
2: 579
3: 557
4: 465
5: 318
6: 484
7: 279
8: 289
9: 163
10: 289
11: 482
12: 547
13: 584
14: 145
15: 421
16: 384
17: 525
18: 529
19: 352
20: 224
21: 320
22: 255
23: 468
24: 290
25: 544
26: 378
27: 186
28: 145
29: 492
30: 605
31: 127
32: 532
33: 609
34: 271
35: 491
36: 309
37: 188
38: 547
39: 512
40: 422
41: 92
42: 313
43: 351
44: 423
45: 403
46: 336
47: 264
48: 380
49: 323
50: 282
51: 272
52: 540
53: 635
54: 593
55: 194
56: 480
57: 406
58: 443
59: 483
60: 299
61: 617
62: 579
63: 345
64: 502
65: 520
66: 602
67: 35
68: 597
69: 470
70: 496
71: 571
72: 638
73: 448
74: 362
75: 675
76: 488
77: 214
78: 530
79: 552
80: 635
81: 136
82: 7
83: 231
84: 53
85: 364
86: 482
87: 640
88: 419
89: 451
90: 560
91: 575
92: 262
93: 557
94: 303
95: 276
96: 532
97: 226
98: 263
99: 398
100: 313
101: 357
102: 361
103: 390
104: 574
105: 340
106: 528
107: 194
108: 42
109: 247
110: 508
111: 585
112: 361
113: 579
114: 199
115: 39
116: 30
117: 148
118: 399
119: 148
120: 426
121: 395
122: 519
123: 139
124: 179
125: 297
126: 500
127: 508
128: 243
129: 131
130: 292
131: 91
132: 296
133: 465
134: 183
135: 280
136: 226
137: 319
138: 356
139: 520
140: 280
141: 349
142: 307
143: 572
144: 493
145: 40
146: 677
147: 375
148: 166
149: 221
150: 324
151: 191
152: 426
153: 475
154: 176
155: 585
156: 405
157: 291
158: 343
159: 597
160: 276
161: 646
162: 400
163: 356
164: 332
165: 667
166: 270
167: 432
168: 472
169: 627
170: 484
171: 161
172: 495
173: 306
174: 315
175: 234
176: 545
177: 140
178: 522
179: 219
180: 541
181: 303
182: 584
183: 364
184: 360
185: 548
186: 236
187: 574
188: 611
189: 455
190: 187
191: 545
192: 140
193: 527
194: 499
195: 642
196: 394
197: 575
198: 554
199: 485
200: 280
201: 297
202: 497
203: 193
204: 267
205: 547
206: 486
207: 597
208: 462
209: 457
210: 434
211: 453
212: 356
213: 648
214: 379
215: 232
216: 383
217: 245
218: 544
219: 536
220: 527
221: 545
222: 374
223: 593
224: 522
225: 377
226: 395
227: 245
228: 209
229: 136
230: 523
231: 193
232: 223
233: 504
234: 489
235: 394
236: 203
237: 279
238: 97
239: 252
240: 597
241: 73
242: 286
243: 446
244: 346
245: 217
246: 329
247: 31
248: 427
249: 205
250: 413
251: 315
252: 406
253: 349
254: 188
255: 415
256: 252
257: 75
258: 644
259: 312
260: 211
261: 192
262: 556
263: 366
264: 490
265: 400
266: 236
267: 586
268: 467
269: 422
270: 363
271: 437
272: 621
273: 447
274: 552
275: 522
276: 452
277: 353
278: 293
279: 319
280: 311
281: 528
282: 333
283: 470
284: 413
285: 357
286: 348
287: 266
288: 370
289: 332
290: 381
291: 507
292: 288
293: 357
294: 185
295: 14
296: 377
297: 336
298: 79
299: 136
300: 461
301: 538
302: 420
303: 307
304: 296
305: 251
306: 119
307: 319
308: 367
309: 384
310: 410
311: 467
312: 272
313: 359
314: 60
315: 372
316: 472
317: 595
318: 365
319: 436
320: 468
321: 326
322: 265
323: 526
324: 441
325: 70
326: 374
327: 286
328: 535
329: 115
330: 563
331: 303
332: 245
333: 462
334: 148
335: 159
336: 504
337: 477
338: 274
339: 310
340: 157
341: 435
342: 342
343: 79
344: 129
345: 464
346: 588
347: 195
348: 371
349: 306
350: 275
351: 433
352: 239
353: 525
354: 368
355: 467
356: 73
357: 352
358: 356
359: 171
360: 127
361: 140
362: 522
363: 96
364: 313
365: 408
366: 203
367: 315
368: 446
369: 385
370: 106
371: 282
372: 365
373: 560
374: 388
375: 391
376: 333
377: 348
378: 178
379: 419
380: 420
381: 638
382: 235
383: 163
384: 259
385: 477
386: 305
387: 177
388: 433
389: 362
390: 115
391: 242
392: 184
393: 456
394: 474
395: 453
396: 604
397: 381
398: 76
399: 598
400: 372
401: 288
402: 407
403: 436
404: 408
405: 557
406: 498
407: 581
408: 166
409: 228
410: 539
411: 400
412: 227
413: 488
414: 20
415: 550
416: 279
417: 385
418: 260
419: 492
420: 471
421: 527
422: 474
423: 664
424: 288
425: 325
426: 505
427: 413
428: 44
429: 395
430: 184
431: 156
432: 442
433: 236
434: 554
435: 597
436: 34
437: 350
438: 336
439: 400
440: 402
441: 483
442: 476
443: 31
444: 51
445: 405
446: 380
447: 352
448: 306
449: 262
450: 364
451: 404
452: 612
453: 574
454: 150
455: 191
456: 147
457: 473
458: 491
459: 526
460: 256
461: 376
462: 109
463: 285
464: 450
465: 355
466: 402
467: 454
468: 504
469: 476
470: 647
471: 657
472: 494
473: 595
474: 489
475: 593
476: 206
477: 227
478: 33
479: 524
480: 262
481: 513
482: 483
483: 34
484: 532
485: 559
486: 160
487: 310
488: 285
489: 304
490: 155
491: 625
492: 570
493: 535
494: 566
495: 525
496: 382
497: 463
498: 164
499: 414
500: 328
