1: 433
2: 194
3: 300
4: 383
5: 497
6: 349
7: 228
8: 101
9: 526
10: 161
11: 72
12: 613
13: 331
14: 216
15: 629
16: 577
17: 417
18: 299
19: 308
20: 440
21: 567
22: 418
23: 564
24: 555
25: 442
26: 317
27: 412
28: 384
29: 406
30: 550
31: 307
32: 482
33: 544
34: 386
35: 222
36: 386
37: 228
38: 403
39: 391
40: 518
41: 419
42: 180
43: 291
44: 483
45: 143
46: 190
47: 447
48: 304
49: 579
50: 416
51: 415
52: 132
53: 537
54: 37
55: 239
56: 584
57: 641
58: 574
59: 319
60: 608
61: 587
62: 578
63: 524
64: 279
65: 462
66: 192
67: 640
68: 320
69: 529
70: 415
71: 453
72: 381
73: 673
74: 288
75: 503
76: 531
77: 260
78: 630
79: 468
80: 356
81: 566
82: 499
83: 492
84: 209
85: 68
86: 434
87: 484
88: 354
89: 241
90: 548
91: 499
92: 432
93: 415
94: 450
95: 547
96: 221
97: 429
98: 168
99: 66
100: 188
101: 458
102: 267
103: 87
104: 509
105: 7
106: 421
107: 582
108: 481
109: 193
110: 330
111: 507
112: 424
113: 633
114: 592
115: 625
116: 101
117: 589
118: 15
119: 587
120: 399
121: 362
122: 678
123: 295
124: 451
125: 527
126: 118
127: 216
128: 388
129: 579
130: 28
131: 232
132: 475
133: 247
134: 365
135: 548
136: 79
137: 443
138: 407
139: 611
140: 420
141: 568
142: 482
143: 136
144: 470
145: 56
146: 486
147: 170
148: 108
149: 177
150: 232
151: 656
152: 493
153: 438
154: 488
155: 452
156: 492
157: 155
158: 219
159: 460
160: 280
161: 357
162: 404
163: 573
164: 672
165: 321
166: 349
167: 312
168: 450
169: 545
170: 383
171: 403
172: 182
173: 503
174: 230
175: 437
176: 340
177: 37
178: 191
179: 311
180: 465
181: 219
182: 439
183: 535
184: 485
185: 507
186: 252
187: 351
188: 350
189: 278
190: 483
191: 634
192: 668
193: 84
194: 442
195: 256
196: 163
197: 515
198: 323
199: 454
200: 375
201: 409
202: 200
203: 344
204: 503
205: 198
206: 306
207: 510
208: 112
209: 295
210: 330
211: 441
212: 148
213: 470
214: 667
215: 404
216: 143
217: 454
218: 320
219: 548
220: 500
221: 76
222: 244
223: 519
224: 468
225: 594
226: 504
227: 437
228: 560
229: 91
230: 596
231: 497
232: 239
233: 168
234: 500
235: 343
236: 153
237: 549
238: 431
239: 373
240: 598
241: 45
242: 142
243: 490
244: 202
245: 203
246: 518
247: 420
248: 562
249: 479
250: 518
251: 505
252: 340
253: 610
254: 370
255: 604
256: 622
257: 133
258: 493
259: 492
260: 249
261: 563
262: 585
263: 626
264: 438
265: 384
266: 177
267: 108
268: 596
269: 249
270: 646
271: 423
272: 316
273: 293
274: 535
275: 282
276: 27
277: 78
278: 203
279: 593
280: 233
281: 575
282: 355
283: 217
284: 479
285: 473
286: 531
287: 222
288: 446
289: 372
290: 496
291: 44
292: 313
293: 644
294: 273
295: 562
296: 118
297: 182
298: 371
299: 629
300: 364
301: 220
302: 474
303: 16
304: 106
305: 546
306: 583
307: 435
308: 433
309: 430
310: 479
311: 117
312: 536
313: 468
314: 575
315: 322
316: 409
317: 310
318: 287
319: 460
320: 349
321: 156
322: 545
323: 203
324: 226
325: 199
326: 455
327: 530
328: 374
329: 432
330: 258
331: 448
332: 67
333: 225
334: 389
335: 139
336: 144
337: 410
338: 403
339: 192
340: 308
341: 355
342: 529
343: 36
344: 573
345: 263
346: 387
347: 554
348: 263
349: 281
350: 646
351: 548
352: 471
353: 42
354: 39
355: 250
356: 322
357: 302
358: 388
359: 126
360: 481
361: 595
362: 353
363: 153
364: 553
365: 338
366: 505
367: 274
368: 344
369: 102
370: 592
371: 270
372: 378
373: 336
374: 227
375: 131
376: 635
377: 175
378: 273
379: 212
380: 70
381: 247
382: 221
383: 315
384: 582
385: 300
386: 99
387: 432
388: 497
389: 453
390: 381
391: 187
392: 466
393: 131
394: 55
395: 332
396: 603
397: 49
398: 76
399: 431
400: 336
401: 350
402: 340
403: 356
404: 216
405: 490
406: 384
407: 402
408: 81
409: 102
410: 54
411: 298
412: 317
413: 450
414: 422
415: 52
416: 263
417: 453
418: 53
419: 491
420: 118
421: 569
422: 327
423: 76
424: 250
425: 102
426: 241
427: 368
428: 673
429: 162
430: 58
431: 330
432: 445
433: 237
434: 598
435: 594
436: 293
437: 238
438: 19
439: 119
440: 95
441: 272
442: 460
443: 469
444: 340
445: 101
446: 137
447: 440
448: 416
449: 259
450: 168
451: 419
452: 225
453: 515
454: 267
455: 408
456: 343
457: 381
458: 292
459: 108
460: 503
461: 283
462: 53
463: 378
464: 384
465: 369
466: 407
467: 227
468: 375
469: 420
470: 377
471: 70
472: 58
473: 104
474: 380
475: 300
476: 496
477: 537
478: 376
479: 359
480: 573
481: 32
482: 559
483: 162
484: 277
485: 444
486: 190
487: 487
488: 73
489: 273
490: 648
491: 268
492: 528
493: 629
494: 16
495: 300
496: 409
497: 391
498: 397
499: 389
500: 490
