1: 604
2: 395
3: 176
4: 315
5: 115
6: 241
7: 327
8: 373
9: 214
10: 146
11: 333
12: 277
13: 274
14: 93
15: 422
16: 135
17: 399
18: 189
19: 293
20: 584
21: 7
22: 223
23: 34
24: 488
25: 447
26: 463
27: 374
28: 371
29: 146
30: 474
31: 297
32: 543
33: 37
34: 363
35: 302
36: 332
37: 501
38: 21
39: 194
40: 256
41: 467
42: 351
43: 180
44: 681
45: 674
46: 446
47: 508
48: 488
49: 474
50: 491
51: 642
52: 225
53: 219
54: 227
55: 448
56: 230
57: 624
58: 358
59: 484
60: 375
61: 206
62: 570
63: 494
64: 479
65: 411
66: 111
67: 71
68: 494
69: 229
70: 611
71: 492
72: 192
73: 378
74: 237
75: 425
76: 326
77: 565
78: 341
79: 629
80: 440
81: 641
82: 469
83: 145
84: 417
85: 364
86: 276
87: 338
88: 353
89: 199
90: 148
91: 474
92: 513
93: 440
94: 372
95: 552
96: 613
97: 495
98: 218
99: 426
100: 462
101: 360
102: 572
103: 338
104: 599
105: 443
106: 285
107: 343
108: 646
109: 505
110: 390
111: 487
112: 584
113: 403
114: 77
115: 288
116: 48
117: 354
118: 355
119: 173
120: 412
121: 447
122: 449
123: 447
124: 449
125: 540
126: 277
127: 274
128: 472
129: 368
130: 353
131: 107
132: 332
133: 534
134: 667
135: 163
136: 601
137: 189
138: 471
139: 618
140: 151
141: 553
142: 374
143: 619
144: 362
145: 152
146: 587
147: 476
148: 285
149: 440
150: 224
151: 368
152: 280
153: 425
154: 639
155: 141
156: 120
157: 489
158: 323
159: 411
160: 422
161: 323
162: 412
163: 195
164: 108
165: 640
166: 69
167: 176
168: 44
169: 504
170: 588
171: 340
172: 548
173: 376
174: 578
175: 253
176: 155
177: 414
178: 150
179: 298
180: 80
181: 506
182: 317
183: 527
184: 523
185: 505
186: 614
187: 441
188: 43
189: 320
190: 614
191: 119
192: 267
193: 432
194: 375
195: 215
196: 388
197: 399
198: 321
199: 631
200: 556
201: 341
202: 318
203: 311
204: 402
205: 532
206: 280
207: 486
208: 288
209: 188
210: 108
211: 405
212: 600
213: 226
214: 551
215: 335
216: 558
217: 117
218: 418
219: 506
220: 588
221: 395
222: 334
223: 521
224: 255
225: 374
226: 490
227: 397
228: 304
229: 377
230: 555
231: 541
232: 374
233: 349
234: 595
235: 579
236: 306
237: 167
238: 596
239: 351
240: 402
241: 196
242: 564
243: 497
244: 444
245: 409
246: 366
247: 312
248: 307
249: 176
250: 166
251: 413
252: 338
253: 597
254: 207
255: 192
256: 656
257: 166
258: 643
259: 135
260: 614
261: 205
262: 227
263: 131
264: 552
265: 474
266: 476
267: 563
268: 208
269: 638
270: 333
271: 324
272: 20
273: 544
274: 321
275: 203
276: 231
277: 309
278: 254
279: 361
280: 656
281: 600
282: 101
283: 510
284: 370
285: 305
286: 613
287: 280
288: 412
289: 602
290: 383
291: 192
292: 436
293: 304
294: 229
295: 568
296: 327
297: 276
298: 596
299: 546
300: 539
301: 364
302: 280
303: 112
304: 568
305: 156
306: 561
307: 211
308: 290
309: 431
310: 283
311: 269
312: 272
313: 103
314: 547
315: 176
316: 413
317: 624
318: 186
319: 587
320: 135
321: 34
322: 280
323: 448
324: 427
325: 546
326: 11
327: 27
328: 463
329: 180
330: 373
331: 350
332: 589
333: 581
334: 519
335: 668
336: 313
337: 314
338: 262
339: 234
340: 270
341: 535
342: 573
343: 339
344: 620
345: 430
346: 295
347: 354
348: 316
349: 527
350: 553
351: 504
352: 404
353: 59
354: 527
355: 28
356: 531
357: 120
358: 522
359: 296
360: 103
361: 326
362: 150
363: 645
364: 504
365: 211
366: 388
367: 356
368: 27
369: 308
370: 282
371: 28
372: 92
373: 273
374: 312
375: 389
376: 305
377: 565
378: 311
379: 484
380: 330
381: 398
382: 502
383: 333
384: 336
385: 75
386: 487
387: 194
388: 467
389: 6
390: 206
391: 597
392: 460
393: 614
394: 464
395: 443
396: 297
397: 555
398: 524
399: 468
400: 235
401: 467
402: 540
403: 359
404: 380
405: 168
406: 294
407: 368
408: 386
409: 59
410: 123
411: 499
412: 354
413: 555
414: 290
415: 427
416: 633
417: 343
418: 294
419: 679
420: 396
421: 389
422: 583
423: 296
424: 208
425: 457
426: 480
427: 234
428: 334
429: 269
430: 522
431: 331
432: 471
433: 150
434: 487
435: 172
436: 319
437: 629
438: 70
439: 571
440: 686
441: 331
442: 495
443: 184
444: 353
445: 550
446: 471
447: 677
448: 311
449: 255
450: 343
451: 416
452: 266
453: 574
454: 376
455: 389
456: 474
457: 386
458: 511
459: 321
460: 632
461: 574
462: 446
463: 529
464: 253
465: 296
466: 664
467: 438
468: 385
469: 200
470: 216
471: 489
472: 409
473: 385
474: 448
475: 559
476: 334
477: 237
478: 597
479: 390
480: 483
481: 486
482: 509
483: 574
484: 549
485: 376
486: 548
487: 552
488: 546
489: 362
490: 390
491: 407
492: 524
493: 390
494: 322
495: 292
496: 331
497: 203
498: 639
499: 164
500: 472
