1: 275
2: 97
3: 242
4: 259
5: 299
6: 78
7: 358
8: 239
9: 593
10: 327
11: 453
12: 107
13: 110
14: 372
15: 585
16: 353
17: 570
18: 374
19: 450
20: 362
21: 211
22: 155
23: 213
24: 194
25: 222
26: 308
27: 441
28: 532
29: 486
30: 464
31: 429
32: 244
33: 328
34: 119
35: 55
36: 186
37: 230
38: 396
39: 407
40: 228
41: 265
42: 179
43: 214
44: 210
45: 589
46: 330
47: 96
48: 295
49: 511
50: 575
51: 301
52: 56
53: 485
54: 401
55: 207
56: 97
57: 528
58: 587
59: 382
60: 649
61: 456
62: 338
63: 481
64: 490
65: 666
66: 325
67: 536
68: 192
69: 428
70: 359
71: 202
72: 270
73: 378
74: 497
75: 189
76: 142
77: 341
78: 317
79: 397
80: 442
81: 328
82: 343
83: 440
84: 306
85: 296
86: 355
87: 381
88: 422
89: 341
90: 385
91: 395
92: 492
93: 202
94: 388
95: 336
96: 676
97: 675
98: 164
99: 271
100: 202
101: 239
102: 453
103: 545
104: 505
105: 552
106: 376
107: 525
108: 496
109: 594
110: 159
111: 406
112: 237
113: 582
114: 243
115: 225
116: 162
117: 272
118: 449
119: 436
120: 439
121: 158
122: 124
123: 415
124: 481
125: 444
126: 151
127: 341
128: 502
129: 473
130: 250
131: 389
132: 585
133: 448
134: 523
135: 361
136: 258
137: 496
138: 220
139: 11
140: 31
141: 297
142: 551
143: 335
144: 16
145: 243
146: 432
147: 496
148: 621
149: 660
150: 229
151: 24
152: 238
153: 606
154: 410
155: 497
156: 389
157: 376
158: 523
159: 552
160: 564
161: 422
162: 456
163: 300
164: 251
165: 229
166: 307
167: 612
168: 334
169: 238
170: 351
171: 371
172: 221
173: 443
174: 354
175: 504
176: 467
177: 490
178: 314
179: 347
180: 309
181: 486
182: 362
183: 481
184: 294
185: 219
186: 444
187: 566
188: 347
189: 368
190: 420
191: 392
192: 301
193: 77
194: 663
195: 511
196: 493
197: 135
198: 418
199: 404
200: 118
201: 333
202: 89
203: 417
204: 127
205: 501
206: 447
207: 219
208: 435
209: 603
210: 438
211: 342
212: 652
213: 292
214: 409
215: 478
216: 513
217: 484
218: 531
219: 291
220: 399
221: 200
222: 203
223: 168
224: 276
225: 307
226: 301
227: 421
228: 235
229: 295
230: 533
231: 136
232: 257
233: 655
234: 686
235: 122
236: 307
237: 486
238: 423
239: 384
240: 411
241: 232
242: 83
243: 301
244: 256
245: 368
246: 474
247: 470
248: 211
249: 310
250: 55
251: 523
252: 590
253: 344
254: 552
255: 636
256: 546
257: 381
258: 542
259: 438
260: 281
261: 187
262: 493
263: 262
264: 591
265: 641
266: 442
267: 587
268: 274
269: 519
270: 405
271: 133
272: 223
273: 599
274: 385
275: 418
276: 146
277: 222
278: 531
279: 456
280: 396
281: 473
282: 485
283: 253
284: 487
285: 533
286: 37
287: 444
288: 525
289: 313
290: 488
291: 610
292: 372
293: 429
294: 304
295: 202
296: 538
297: 590
298: 175
299: 482
300: 424
301: 548
302: 226
303: 306
304: 280
305: 485
306: 496
307: 601
308: 437
309: 364
310: 51
311: 92
312: 22
313: 653
314: 258
315: 534
316: 469
317: 184
318: 612
319: 323
320: 400
321: 549
322: 574
323: 632
324: 235
325: 187
326: 251
327: 439
328: 301
329: 579
330: 406
331: 469
332: 525
333: 424
334: 373
335: 205
336: 254
337: 496
338: 217
339: 360
340: 458
341: 258
342: 535
343: 303
344: 239
345: 480
346: 318
347: 208
348: 443
349: 375
350: 220
351: 321
352: 158
353: 123
354: 285
355: 641
356: 483
357: 597
358: 570
359: 333
360: 97
361: 446
362: 345
363: 382
364: 243
365: 358
366: 227
367: 564
368: 558
369: 240
370: 110
371: 399
372: 252
373: 346
374: 66
375: 522
376: 291
377: 525
378: 129
379: 406
380: 552
381: 348
382: 430
383: 270
384: 130
385: 396
386: 192
387: 245
388: 193
389: 586
390: 376
391: 224
392: 579
393: 55
394: 415
395: 221
396: 366
397: 15
398: 301
399: 474
400: 209
401: 301
402: 45
403: 195
404: 226
405: 445
406: 548
407: 294
408: 281
409: 233
410: 107
411: 98
412: 430
413: 10
414: 350
415: 558
416: 132
417: 529
418: 142
419: 267
420: 310
421: 388
422: 509
423: 368
424: 88
425: 514
426: 171
427: 549
428: 411
429: 393
430: 381
431: 479
432: 211
433: 430
434: 187
435: 270
436: 415
437: 395
438: 566
439: 297
440: 481
441: 461
442: 265
443: 542
444: 409
445: 644
446: 265
447: 392
448: 443
449: 354
450: 403
451: 467
452: 398
453: 633
454: 444
455: 179
456: 432
457: 518
458: 436
459: 318
460: 626
461: 258
462: 533
463: 532
464: 461
465: 446
466: 545
467: 576
468: 226
469: 532
470: 310
471: 280
472: 113
473: 167
474: 614
475: 346
476: 518
477: 445
478: 75
479: 238
480: 299
481: 514
482: 306
483: 417
484: 183
485: 443
486: 402
487: 238
488: 297
489: 557
490: 582
491: 286
492: 554
493: 518
494: 317
495: 224
496: 204
497: 453
498: 581
499: 601
500: 589
