1: 492
2: 430
3: 237
4: 218
5: 316
6: 341
7: 422
8: 68
9: 502
10: 325
11: 195
12: 288
13: 504
14: 197
15: 380
16: 515
17: 390
18: 358
19: 170
20: 576
21: 243
22: 522
23: 52
24: 0
25: 648
26: 287
27: 205
28: 85
29: 373
30: 371
31: 628
32: 227
33: 512
34: 437
35: 447
36: 490
37: 508
38: 443
39: 665
40: 519
41: 139
42: 508
43: 409
44: 564
45: 336
46: 288
47: 209
48: 489
49: 533
50: 295
51: 606
52: 245
53: 561
54: 183
55: 294
56: 368
57: 538
58: 640
59: 237
60: 149
61: 521
62: 320
63: 288
64: 336
65: 263
66: 542
67: 25
68: 148
69: 331
70: 305
71: 337
72: 256
73: 217
74: 431
75: 225
76: 558
77: 201
78: 591
79: 464
80: 504
81: 152
82: 308
83: 477
84: 418
85: 542
86: 338
87: 433
88: 185
89: 40
90: 277
91: 286
92: 358
93: 270
94: 592
95: 56
96: 460
97: 74
98: 605
99: 327
100: 280
101: 634
102: 558
103: 330
104: 556
105: 235
106: 336
107: 56
108: 587
109: 597
110: 108
111: 25
112: 577
113: 419
114: 631
115: 253
116: 610
117: 389
118: 196
119: 176
120: 617
121: 565
122: 303
123: 505
124: 415
125: 536
126: 539
127: 366
128: 537
129: 471
130: 473
131: 589
132: 470
133: 48
134: 616
135: 107
136: 428
137: 258
138: 554
139: 370
140: 525
141: 353
142: 326
143: 286
144: 502
145: 188
146: 183
147: 237
148: 58
149: 442
150: 417
151: 262
152: 329
153: 460
154: 307
155: 341
156: 495
157: 107
158: 595
159: 385
160: 74
161: 510
162: 463
163: 513
164: 496
165: 165
166: 33
167: 146
168: 267
169: 586
170: 359
171: 384
172: 355
173: 507
174: 647
175: 524
176: 310
177: 363
178: 386
179: 389
180: 427
181: 495
182: 478
183: 676
184: 509
185: 49
186: 356
187: 289
188: 173
189: 404
190: 272
191: 336
192: 460
193: 647
194: 81
195: 391
196: 425
197: 476
198: 413
199: 396
200: 470
201: 450
202: 334
203: 480
204: 495
205: 466
206: 324
207: 255
208: 477
209: 177
210: 377
211: 450
212: 605
213: 309
214: 376
215: 460
216: 454
217: 104
218: 334
219: 443
220: 476
221: 430
222: 528
223: 196
224: 189
225: 423
226: 304
227: 245
228: 314
229: 638
230: 491
231: 529
232: 567
233: 470
234: 184
235: 277
236: 652
237: 201
238: 387
239: 585
240: 147
241: 106
242: 545
243: 540
244: 561
245: 156
246: 241
247: 256
248: 566
249: 476
250: 252
251: 554
252: 464
253: 210
254: 578
255: 336
256: 598
257: 88
258: 413
259: 661
260: 629
261: 204
262: 554
263: 621
264: 285
265: 473
266: 510
267: 41
268: 410
269: 542
270: 656
271: 403
272: 183
273: 429
274: 671
275: 538
276: 386
277: 484
278: 622
279: 584
280: 308
281: 133
282: 359
283: 271
284: 363
285: 343
286: 405
287: 37
288: 310
289: 126
290: 640
291: 636
292: 386
293: 448
294: 598
295: 201
296: 416
297: 143
298: 332
299: 436
300: 520
301: 379
302: 360
303: 360
304: 183
305: 609
306: 360
307: 454
308: 436
309: 30
310: 336
311: 549
312: 585
313: 56
314: 450
315: 421
316: 519
317: 459
318: 147
319: 556
320: 389
321: 333
322: 351
323: 276
324: 457
325: 183
326: 398
327: 144
328: 403
329: 376
330: 418
331: 364
332: 390
333: 343
334: 523
335: 82
336: 389
337: 593
338: 320
339: 628
340: 235
341: 207
342: 387
343: 521
344: 285
345: 570
346: 259
347: 492
348: 153
349: 619
350: 259
351: 165
352: 586
353: 598
354: 436
355: 264
356: 197
357: 65
358: 395
359: 598
360: 578
361: 572
362: 443
363: 469
364: 351
365: 519
366: 285
367: 423
368: 562
369: 70
370: 403
371: 475
372: 270
373: 305
374: 576
375: 423
376: 156
377: 235
378: 553
379: 394
380: 64
381: 533
382: 243
383: 572
384: 399
385: 481
386: 376
387: 532
388: 615
389: 467
390: 469
391: 218
392: 196
393: 506
394: 453
395: 158
396: 436
397: 346
398: 282
399: 414
400: 155
401: 577
402: 222
403: 296
404: 427
405: 258
406: 469
407: 361
408: 515
409: 248
410: 139
411: 385
412: 585
413: 327
414: 522
415: 510
416: 306
417: 448
418: 501
419: 417
420: 365
421: 512
422: 551
423: 354
424: 428
425: 506
426: 425
427: 11
428: 372
429: 151
430: 525
431: 198
432: 358
433: 250
434: 322
435: 474
436: 76
437: 488
438: 565
439: 399
440: 269
441: 416
442: 347
443: 375
444: 368
445: 548
446: 387
447: 667
448: 114
449: 527
450: 388
451: 383
452: 194
453: 309
454: 179
455: 239
456: 231
457: 219
458: 406
459: 220
460: 50
461: 223
462: 562
463: 156
464: 505
465: 260
466: 221
467: 178
468: 415
469: 138
470: 417
471: 138
472: 551
473: 385
474: 244
475: 230
476: 391
477: 380
478: 415
479: 294
480: 171
481: 320
482: 131
483: 403
484: 80
485: 651
486: 394
487: 474
488: 313
489: 350
490: 313
491: 606
492: 178
493: 479
494: 313
495: 573
496: 458
497: 241
498: 182
499: 333
500: 652
