1: 113
2: 395
3: 391
4: 272
5: 415
6: 362
7: 621
8: 273
9: 331
10: 269
11: 538
12: 481
13: 503
14: 240
15: 427
16: 555
17: 425
18: 460
19: 262
20: 632
21: 306
22: 524
23: 299
24: 395
25: 465
26: 510
27: 523
28: 541
29: 287
30: 355
31: 234
32: 116
33: 175
34: 209
35: 27
36: 574
37: 99
38: 289
39: 416
40: 231
41: 228
42: 546
43: 391
44: 586
45: 224
46: 315
47: 190
48: 182
49: 529
50: 128
51: 432
52: 471
53: 146
54: 206
55: 412
56: 304
57: 394
58: 259
59: 476
60: 549
61: 367
62: 121
63: 83
64: 369
65: 339
66: 255
67: 425
68: 66
69: 457
70: 525
71: 622
72: 483
73: 232
74: 327
75: 385
76: 548
77: 649
78: 204
79: 492
80: 296
81: 339
82: 466
83: 257
84: 529
85: 446
86: 663
87: 647
88: 431
89: 333
90: 1
91: 448
92: 471
93: 415
94: 538
95: 369
96: 584
97: 293
98: 363
99: 123
100: 507
101: 689
102: 426
103: 267
104: 144
105: 559
106: 483
107: 325
108: 272
109: 124
110: 85
111: 520
112: 249
113: 403
114: 472
115: 460
116: 155
117: 94
118: 535
119: 513
120: 391
121: 29
122: 404
123: 398
124: 237
125: 255
126: 503
127: 342
128: 484
129: 368
130: 396
131: 496
132: 482
133: 585
134: 410
135: 516
136: 619
137: 406
138: 199
139: 199
140: 270
141: 413
142: 224
143: 654
144: 323
145: 384
146: 488
147: 353
148: 550
149: 551
150: 272
151: 433
152: 195
153: 377
154: 300
155: 554
156: 117
157: 386
158: 152
159: 74
160: 283
161: 623
162: 301
163: 383
164: 75
165: 241
166: 255
167: 598
168: 490
169: 521
170: 101
171: 184
172: 482
173: 41
174: 105
175: 319
176: 97
177: 634
178: 238
179: 60
180: 228
181: 506
182: 310
183: 499
184: 324
185: 303
186: 348
187: 362
188: 459
189: 522
190: 521
191: 274
192: 579
193: 282
194: 421
195: 433
196: 589
197: 289
198: 422
199: 73
200: 554
201: 99
202: 576
203: 195
204: 335
205: 327
206: 598
207: 487
208: 467
209: 485
210: 193
211: 464
212: 425
213: 113
214: 415
215: 316
216: 261
217: 421
218: 564
219: 282
220: 234
221: 397
222: 505
223: 490
224: 570
225: 144
226: 386
227: 73
228: 419
229: 503
230: 529
231: 308
232: 378
233: 665
234: 514
235: 448
236: 472
237: 307
238: 468
239: 107
240: 644
241: 443
242: 190
243: 133
244: 546
245: 570
246: 597
247: 465
248: 496
249: 185
250: 444
251: 360
252: 408
253: 644
254: 458
255: 647
256: 384
257: 211
258: 483
259: 474
260: 407
261: 562
262: 197
263: 638
264: 288
265: 459
266: 397
267: 568
268: 347
269: 13
270: 609
271: 592
272: 316
273: 374
274: 266
275: 629
276: 365
277: 303
278: 326
279: 224
280: 451
281: 384
282: 199
283: 664
284: 531
285: 536
286: 59
287: 560
288: 272
289: 206
290: 309
291: 541
292: 331
293: 226
294: 437
295: 90
296: 357
297: 469
298: 62
299: 299
300: 235
301: 129
302: 438
303: 523
304: 300
305: 60
306: 31
307: 554
308: 388
309: 563
310: 454
311: 596
312: 301
313: 332
314: 636
315: 289
316: 545
317: 468
318: 537
319: 336
320: 300
321: 395
322: 508
323: 297
324: 506
325: 440
326: 121
327: 354
328: 551
329: 260
330: 324
331: 481
332: 295
333: 552
334: 391
335: 291
336: 465
337: 242
338: 577
339: 471
340: 525
341: 358
342: 529
343: 18
344: 315
345: 300
346: 384
347: 125
348: 495
349: 212
350: 72
351: 316
352: 293
353: 330
354: 415
355: 477
356: 398
357: 383
358: 307
359: 524
360: 72
361: 242
362: 396
363: 564
364: 594
365: 331
366: 507
367: 502
368: 430
369: 373
370: 657
371: 57
372: 409
373: 533
374: 347
375: 149
376: 400
377: 162
378: 37
379: 424
380: 612
381: 236
382: 149
383: 391
384: 412
385: 430
386: 491
387: 590
388: 542
389: 203
390: 182
391: 645
392: 278
393: 396
394: 497
395: 320
396: 606
397: 555
398: 240
399: 93
400: 438
401: 337
402: 272
403: 423
404: 656
405: 86
406: 505
407: 360
408: 512
409: 323
410: 5
411: 555
412: 297
413: 477
414: 98
415: 301
416: 304
417: 465
418: 307
419: 538
420: 536
421: 285
422: 171
423: 405
424: 282
425: 591
426: 56
427: 183
428: 550
429: 514
430: 377
431: 332
432: 61
433: 356
434: 323
435: 435
436: 436
437: 163
438: 306
439: 200
440: 385
441: 573
442: 389
443: 14
444: 437
445: 248
446: 423
447: 518
448: 401
449: 375
450: 301
451: 204
452: 483
453: 440
454: 184
455: 591
456: 546
457: 211
458: 97
459: 674
460: 506
461: 468
462: 204
463: 333
464: 511
465: 348
466: 426
467: 455
468: 583
469: 664
470: 578
471: 164
472: 628
473: 497
474: 390
475: 553
476: 358
477: 523
478: 407
479: 308
480: 253
481: 515
482: 459
483: 221
484: 456
485: 62
486: 368
487: 496
488: 274
489: 351
490: 393
491: 432
492: 336
493: 271
494: 477
495: 459
496: 350
497: 529
498: 432
499: 482
500: 420
