1: 565
2: 444
3: 584
4: 307
5: 573
6: 535
7: 253
8: 634
9: 565
10: 76
11: 286
12: 174
13: 516
14: 431
15: 331
16: 285
17: 288
18: 403
19: 278
20: 11
21: 616
22: 301
23: 248
24: 75
25: 180
26: 246
27: 426
28: 23
29: 354
30: 570
31: 584
32: 363
33: 504
34: 241
35: 324
36: 548
37: 397
38: 485
39: 436
40: 542
41: 449
42: 652
43: 294
44: 490
45: 354
46: 260
47: 394
48: 421
49: 434
50: 421
51: 378
52: 513
53: 318
54: 570
55: 390
56: 247
57: 444
58: 291
59: 438
60: 389
61: 413
62: 478
63: 356
64: 353
65: 359
66: 422
67: 586
68: 324
69: 489
70: 147
71: 93
72: 355
73: 618
74: 211
75: 431
76: 590
77: 361
78: 311
79: 368
80: 396
81: 353
82: 561
83: 584
84: 529
85: 346
86: 279
87: 520
88: 393
89: 588
90: 379
91: 337
92: 546
93: 557
94: 350
95: 354
96: 259
97: 358
98: 545
99: 491
100: 0
101: 395
102: 521
103: 464
104: 407
105: 553
106: 312
107: 179
108: 152
109: 296
110: 507
111: 251
112: 505
113: 417
114: 522
115: 484
116: 485
117: 196
118: 481
119: 375
120: 239
121: 325
122: 303
123: 650
124: 163
125: 604
126: 394
127: 547
128: 550
129: 584
130: 96
131: 141
132: 394
133: 197
134: 207
135: 48
136: 344
137: 267
138: 382
139: 533
140: 393
141: 628
142: 511
143: 431
144: 500
145: 457
146: 438
147: 322
148: 375
149: 194
150: 507
151: 373
152: 69
153: 188
154: 515
155: 481
156: 584
157: 351
158: 49
159: 616
160: 202
161: 381
162: 399
163: 121
164: 374
165: 499
166: 466
167: 377
168: 668
169: 631
170: 354
171: 546
172: 226
173: 151
174: 427
175: 361
176: 625
177: 667
178: 129
179: 144
180: 376
181: 559
182: 270
183: 38
184: 157
185: 371
186: 454
187: 587
188: 656
189: 234
190: 480
191: 505
192: 376
193: 522
194: 452
195: 460
196: 544
197: 289
198: 336
199: 657
200: 364
201: 228
202: 462
203: 550
204: 529
205: 460
206: 362
207: 363
208: 479
209: 505
210: 463
211: 240
212: 301
213: 613
214: 619
215: 321
216: 357
217: 483
218: 216
219: 49
220: 384
221: 305
222: 329
223: 43
224: 672
225: 163
226: 153
227: 594
228: 580
229: 402
230: 279
231: 510
232: 578
233: 553
234: 273
235: 565
236: 614
237: 298
238: 532
239: 28
240: 376
241: 323
242: 530
243: 441
244: 414
245: 349
246: 276
247: 213
248: 464
249: 612
250: 227
251: 652
252: 565
253: 600
254: 90
255: 461
256: 242
257: 520
258: 275
259: 479
260: 401
261: 453
262: 617
263: 396
264: 333
265: 526
266: 665
267: 275
268: 377
269: 560
270: 288
271: 432
272: 500
273: 478
274: 497
275: 248
276: 407
277: 498
278: 550
279: 503
280: 396
281: 369
282: 516
283: 12
284: 245
285: 258
286: 549
287: 450
288: 453
289: 242
290: 314
291: 160
292: 88
293: 270
294: 193
295: 114
296: 524
297: 423
298: 224
299: 500
300: 365
301: 594
302: 374
303: 76
304: 252
305: 137
306: 451
307: 475
308: 431
309: 193
310: 352
311: 305
312: 460
313: 41
314: 141
315: 363
316: 526
317: 136
318: 507
319: 104
320: 267
321: 372
322: 232
323: 370
324: 193
325: 592
326: 256
327: 496
328: 215
329: 243
330: 482
331: 353
332: 371
333: 231
334: 424
335: 498
336: 601
337: 528
338: 472
339: 291
340: 558
341: 13
342: 488
343: 540
344: 522
345: 660
346: 493
347: 298
348: 274
349: 462
350: 281
351: 310
352: 428
353: 662
354: 461
355: 327
356: 267
357: 465
358: 558
359: 103
360: 460
361: 630
362: 227
363: 626
364: 237
365: 251
366: 582
367: 423
368: 226
369: 527
370: 469
371: 214
372: 431
373: 259
374: 461
375: 266
376: 451
377: 298
378: 188
379: 244
380: 328
381: 564
382: 166
383: 337
384: 322
385: 237
386: 321
387: 198
388: 377
389: 161
390: 185
391: 500
392: 100
393: 267
394: 585
395: 350
396: 228
397: 1
398: 479
399: 448
400: 149
401: 467
402: 365
403: 476
404: 160
405: 574
406: 504
407: 300
408: 626
409: 164
410: 235
411: 368
412: 218
413: 111
414: 347
415: 39
416: 573
417: 340
418: 11
419: 130
420: 265
421: 271
422: 599
423: 162
424: 280
425: 242
426: 67
427: 396
428: 367
429: 99
430: 30
431: 507
432: 196
433: 262
434: 390
435: 241
436: 417
437: 211
438: 126
439: 185
440: 156
441: 622
442: 256
443: 225
444: 50
445: 91
446: 201
447: 328
448: 111
449: 237
450: 508
451: 634
452: 258
453: 538
454: 321
455: 386
456: 211
457: 357
458: 523
459: 290
460: 75
461: 418
462: 522
463: 562
464: 429
465: 601
466: 463
467: 532
468: 467
469: 411
470: 266
471: 416
472: 313
473: 225
474: 367
475: 71
476: 419
477: 368
478: 648
479: 106
480: 570
481: 343
482: 413
483: 304
484: 292
485: 195
486: 570
487: 211
488: 159
489: 108
490: 211
491: 476
492: 591
493: 306
494: 319
495: 487
496: 380
497: 315
498: 346
499: 406
500: 387
