1: 434
2: 181
3: 73
4: 484
5: 318
6: 298
7: 121
8: 373
9: 495
10: 329
11: 32
12: 103
13: 299
14: 415
15: 308
16: 103
17: 652
18: 306
19: 64
20: 9
21: 431
22: 322
23: 489
24: 362
25: 315
26: 216
27: 460
28: 159
29: 226
30: 170
31: 520
32: 442
33: 587
34: 392
35: 405
36: 441
37: 605
38: 545
39: 518
40: 225
41: 199
42: 518
43: 395
44: 562
45: 565
46: 343
47: 472
48: 190
49: 421
50: 287
51: 292
52: 295
53: 28
54: 532
55: 436
56: 309
57: 269
58: 223
59: 272
60: 474
61: 522
62: 466
63: 294
64: 252
65: 524
66: 580
67: 582
68: 533
69: 581
70: 651
71: 405
72: 658
73: 382
74: 498
75: 476
76: 450
77: 656
78: 539
79: 208
80: 409
81: 374
82: 359
83: 284
84: 206
85: 579
86: 267
87: 273
88: 544
89: 268
90: 424
91: 43
92: 384
93: 522
94: 592
95: 250
96: 437
97: 446
98: 528
99: 458
100: 131
101: 293
102: 237
103: 299
104: 391
105: 255
106: 452
107: 361
108: 469
109: 268
110: 511
111: 311
112: 229
113: 559
114: 442
115: 183
116: 581
117: 481
118: 483
119: 319
120: 146
121: 158
122: 104
123: 591
124: 322
125: 375
126: 452
127: 536
128: 137
129: 458
130: 512
131: 566
132: 389
133: 381
134: 117
135: 306
136: 412
137: 500
138: 21
139: 481
140: 441
141: 229
142: 577
143: 410
144: 178
145: 25
146: 443
147: 268
148: 501
149: 450
150: 112
151: 224
152: 459
153: 67
154: 371
155: 469
156: 165
157: 309
158: 218
159: 343
160: 340
161: 599
162: 564
163: 484
164: 109
165: 406
166: 299
167: 300
168: 337
169: 343
170: 471
171: 402
172: 266
173: 192
174: 309
175: 540
176: 364
177: 122
178: 337
179: 360
180: 131
181: 337
182: 119
183: 332
184: 552
185: 525
186: 325
187: 333
188: 441
189: 288
190: 112
191: 535
192: 561
193: 540
194: 176
195: 115
196: 493
197: 479
198: 453
199: 187
200: 486
201: 62
202: 166
203: 493
204: 281
205: 558
206: 366
207: 312
208: 291
209: 525
210: 288
211: 278
212: 635
213: 245
214: 537
215: 256
216: 478
217: 498
218: 612
219: 378
220: 386
221: 437
222: 398
223: 434
224: 284
225: 659
226: 538
227: 523
228: 499
229: 202
230: 375
231: 254
232: 495
233: 224
234: 146
235: 92
236: 413
237: 667
238: 268
239: 541
240: 532
241: 392
242: 478
243: 170
244: 11
245: 238
246: 364
247: 541
248: 377
249: 317
250: 294
251: 392
252: 178
253: 83
254: 584
255: 301
256: 379
257: 496
258: 116
259: 130
260: 192
261: 206
262: 499
263: 416
264: 607
265: 287
266: 391
267: 414
268: 573
269: 182
270: 474
271: 502
272: 535
273: 368
274: 415
275: 445
276: 383
277: 339
278: 178
279: 120
280: 150
281: 557
282: 371
283: 470
284: 204
285: 303
286: 257
287: 220
288: 524
289: 220
290: 523
291: 371
292: 551
293: 474
294: 450
295: 446
296: 495
297: 230
298: 289
299: 323
300: 268
301: 125
302: 355
303: 480
304: 144
305: 182
306: 242
307: 342
308: 222
309: 254
310: 256
311: 306
312: 626
313: 432
314: 585
315: 420
316: 454
317: 97
318: 360
319: 360
320: 527
321: 208
322: 469
323: 272
324: 321
325: 167
326: 334
327: 64
328: 595
329: 355
330: 445
331: 480
332: 547
333: 399
334: 494
335: 216
336: 338
337: 575
338: 253
339: 376
340: 507
341: 333
342: 140
343: 205
344: 16
345: 27
346: 483
347: 289
348: 168
349: 272
350: 249
351: 324
352: 558
353: 535
354: 284
355: 578
356: 455
357: 269
358: 257
359: 218
360: 218
361: 187
362: 353
363: 398
364: 175
365: 291
366: 133
367: 401
368: 339
369: 319
370: 36
371: 476
372: 210
373: 345
374: 503
375: 237
376: 306
377: 596
378: 162
379: 583
380: 533
381: 405
382: 44
383: 293
384: 194
385: 457
386: 231
387: 505
388: 180
389: 466
390: 631
391: 185
392: 141
393: 135
394: 469
395: 323
396: 313
397: 210
398: 328
399: 90
400: 425
401: 487
402: 398
403: 78
404: 392
405: 431
406: 457
407: 457
408: 398
409: 643
410: 284
411: 568
412: 274
413: 464
414: 243
415: 553
416: 80
417: 335
418: 378
419: 441
420: 212
421: 397
422: 504
423: 382
424: 430
425: 273
426: 367
427: 471
428: 130
429: 316
430: 442
431: 178
432: 237
433: 373
434: 111
435: 126
436: 248
437: 548
438: 298
439: 550
440: 433
441: 497
442: 225
443: 176
444: 354
445: 367
446: 505
447: 189
448: 383
449: 312
450: 466
451: 246
452: 423
453: 208
454: 237
455: 584
456: 430
457: 283
458: 155
459: 235
460: 367
461: 636
462: 136
463: 140
464: 193
465: 303
466: 64
467: 510
468: 205
469: 386
470: 139
471: 6
472: 247
473: 403
474: 201
475: 162
476: 349
477: 458
478: 454
479: 518
480: 324
481: 82
482: 266
483: 440
484: 583
485: 524
486: 336
487: 327
488: 531
489: 401
490: 309
491: 198
492: 310
493: 280
494: 349
495: 547
496: 452
497: 475
498: 337
499: 54
500: 260
