1: 191
2: 278
3: 290
4: 19
5: 207
6: 145
7: 474
8: 303
9: 514
10: 266
11: 545
12: 86
13: 346
14: 190
15: 452
16: 146
17: 73
18: 408
19: 507
20: 326
21: 424
22: 416
23: 523
24: 520
25: 459
26: 317
27: 215
28: 438
29: 499
30: 356
31: 121
32: 442
33: 513
34: 170
35: 510
36: 616
37: 334
38: 501
39: 214
40: 193
41: 509
42: 488
43: 298
44: 408
45: 551
46: 527
47: 470
48: 485
49: 540
50: 638
51: 113
52: 145
53: 132
54: 385
55: 256
56: 356
57: 429
58: 289
59: 604
60: 155
61: 126
62: 360
63: 635
64: 421
65: 290
66: 320
67: 151
68: 625
69: 341
70: 457
71: 402
72: 574
73: 660
74: 642
75: 315
76: 230
77: 293
78: 298
79: 109
80: 402
81: 107
82: 435
83: 93
84: 154
85: 276
86: 343
87: 219
88: 98
89: 598
90: 44
91: 17
92: 426
93: 205
94: 324
95: 492
96: 445
97: 200
98: 330
99: 281
100: 295
101: 561
102: 380
103: 299
104: 592
105: 462
106: 427
107: 244
108: 257
109: 621
110: 475
111: 230
112: 269
113: 509
114: 244
115: 499
116: 360
117: 636
118: 201
119: 408
120: 420
121: 235
122: 470
123: 295
124: 372
125: 547
126: 617
127: 33
128: 268
129: 355
130: 526
131: 414
132: 122
133: 484
134: 140
135: 499
136: 180
137: 326
138: 466
139: 409
140: 193
141: 466
142: 111
143: 482
144: 160
145: 377
146: 20
147: 602
148: 207
149: 309
150: 444
151: 147
152: 568
153: 191
154: 636
155: 623
156: 386
157: 193
158: 178
159: 676
160: 263
161: 332
162: 338
163: 287
164: 477
165: 71
166: 504
167: 273
168: 518
169: 399
170: 339
171: 403
172: 220
173: 642
174: 512
175: 228
176: 235
177: 238
178: 180
179: 354
180: 480
181: 157
182: 448
183: 9
184: 211
185: 537
186: 475
187: 332
188: 235
189: 73
190: 364
191: 308
192: 314
193: 514
194: 194
195: 530
196: 489
197: 122
198: 521
199: 375
200: 540
201: 114
202: 226
203: 167
204: 435
205: 385
206: 628
207: 331
208: 336
209: 191
210: 545
211: 335
212: 119
213: 621
214: 509
215: 323
216: 387
217: 155
218: 394
219: 426
220: 429
221: 235
222: 384
223: 374
224: 200
225: 524
226: 461
227: 242
228: 529
229: 21
230: 311
231: 79
232: 413
233: 177
234: 299
235: 105
236: 460
237: 79
238: 536
239: 547
240: 470
241: 580
242: 366
243: 161
244: 357
245: 214
246: 474
247: 193
248: 175
249: 482
250: 448
251: 264
252: 352
253: 517
254: 214
255: 536
256: 309
257: 355
258: 402
259: 201
260: 483
261: 169
262: 553
263: 163
264: 335
265: 98
266: 514
267: 320
268: 208
269: 281
270: 356
271: 440
272: 378
273: 312
274: 423
275: 336
276: 490
277: 508
278: 169
279: 474
280: 316
281: 209
282: 384
283: 406
284: 192
285: 212
286: 387
287: 467
288: 347
289: 265
290: 138
291: 14
292: 148
293: 35
294: 619
295: 202
296: 122
297: 579
298: 540
299: 386
300: 547
301: 448
302: 428
303: 29
304: 165
305: 238
306: 644
307: 679
308: 301
309: 320
310: 223
311: 530
312: 246
313: 90
314: 286
315: 385
316: 421
317: 588
318: 300
319: 494
320: 588
321: 258
322: 542
323: 427
324: 483
325: 330
326: 177
327: 498
328: 414
329: 296
330: 588
331: 514
332: 136
333: 387
334: 310
335: 330
336: 527
337: 149
338: 186
339: 258
340: 204
341: 372
342: 43
343: 378
344: 576
345: 271
346: 198
347: 379
348: 365
349: 488
350: 555
351: 94
352: 340
353: 458
354: 242
355: 424
356: 427
357: 530
358: 322
359: 231
360: 243
361: 408
362: 486
363: 301
364: 460
365: 340
366: 291
367: 111
368: 428
369: 379
370: 639
371: 291
372: 514
373: 144
374: 247
375: 577
376: 514
377: 325
378: 428
379: 457
380: 172
381: 342
382: 148
383: 431
384: 444
385: 521
386: 167
387: 110
388: 118
389: 500
390: 466
391: 674
392: 170
393: 516
394: 235
395: 563
396: 279
397: 522
398: 199
399: 267
400: 608
401: 205
402: 302
403: 232
404: 287
405: 557
406: 233
407: 545
408: 327
409: 320
410: 627
411: 211
412: 578
413: 568
414: 508
415: 345
416: 593
417: 561
418: 457
419: 293
420: 354
421: 248
422: 30
423: 264
424: 247
425: 359
426: 294
427: 233
428: 381
429: 214
430: 258
431: 555
432: 253
433: 569
434: 229
435: 590
436: 578
437: 336
438: 553
439: 344
440: 285
441: 99
442: 46
443: 463
444: 449
445: 176
446: 308
447: 634
448: 386
449: 477
450: 150
451: 165
452: 214
453: 170
454: 525
455: 8
456: 165
457: 570
458: 392
459: 536
460: 500
461: 366
462: 540
463: 580
464: 495
465: 376
466: 326
467: 451
468: 313
469: 132
470: 582
471: 476
472: 346
473: 481
474: 431
475: 466
476: 577
477: 652
478: 540
479: 223
480: 226
481: 281
482: 197
483: 89
484: 226
485: 142
486: 369
487: 403
488: 412
489: 598
490: 231
491: 419
492: 466
493: 602
494: 453
495: 631
496: 6
497: 577
498: 396
499: 630
500: 403
