0, 0, 0, 3.615394349138632e-07, 0, 865.0448979591837
1, 1.781641961231471e-05, 0, 3.563283922462942e-07, 1.781641961231471e-05, 652.8342857142857
2, 1.755957084408857e-05, 0, 5.193039108128668e-06, 1.781641961231471e-05, 507.05224489795916
3, 1.8064236424726325e-05, 0, 8.030531899702318e-06, 1.8064236424726325e-05, 411.07020408163265
4, 1.8136641456735043e-05, 0, 1.1822738168555911e-05, 1.8136641456735043e-05, 299.69714285714286
5, 1.8213609208800817e-05, 0, 1.4422848786374602e-05, 1.8213609208800817e-05, 256.04979591836735
6, 1.8422991893883568e-05, 0, 1.4667079338237618e-05, 1.8422991893883568e-05, 116.91020408163266
7, 1.864349901189455e-05, 0, 1.5289033786879238e-05, 1.864349901189455e-05, 79.73877551020408
8, 1.8653236336504382e-05, 0, 1.5116580171878837e-05, 1.8653236336504382e-05, 55.139591836734695
9, 1.8566309574645847e-05, 0, 1.6528571538524036e-05, 1.8653236336504382e-05, 41.22530612244898
10, 2.389200812328276e-05, 0, 1.7563963002335604e-05, 2.389200812328276e-05, 45.16897959183674
11, 2.346041055718475e-05, 0, 1.7294392847149953e-05, 2.389200812328276e-05, 47.006530612244894
12, 1.847336141284268e-05, 0, 1.7248810604272495e-05, 2.389200812328276e-05, 49.155102040816324
13, 1.9186860837698344e-05, 0, 1.7051323815136716e-05, 2.389200812328276e-05, 35.928979591836736
14, 1.930539199598448e-05, 0, 1.7769765172153444e-05, 2.389200812328276e-05, 40.537142857142854
15, 2.328342918345014e-05, 0, 1.6941677100453406e-05, 2.389200812328276e-05, 38.14530612244898
16, 2.5734726439857945e-05, 0, 1.7460952104327994e-05, 2.5734726439857945e-05, 37.80979591836735
17, 2.4343931057987243e-05, 0, 1.8531179565793542e-05, 2.5734726439857945e-05, 34.394285714285715
18, 2.4050602467591815e-05, 0, 1.9631821151771412e-05, 2.5734726439857945e-05, 31.794285714285714
19, 2.3991171248980374e-05, 0, 1.942613973004234e-05, 2.5734726439857945e-05, 31.506938775510203
20, 2.8124648441894476e-05, 0, 1.9179247066516955e-05, 2.8124648441894476e-05, 38.12489795918367
21, 2.3682091602330316e-05, 0, 2.0768836833384e-05, 2.8124648441894476e-05, 40.98204081632653
22, 2.442897276169537e-05, 0, 2.1317563529761937e-05, 2.8124648441894476e-05, 44.72408163265306
23, 2.423831107448433e-05, 0, 2.0976027122249657e-05, 2.8124648441894476e-05, 43.95183673469388
24, 2.4525432873890226e-05, 0, 2.0957638705441085e-05, 2.8124648441894476e-05, 47.48897959183673
25, 2.5226407002850583e-05, 0, 2.1794576663629434e-05, 2.8124648441894476e-05, 46.05061224489796
26, 2.4720045484883692e-05, 0, 2.1959439329599746e-05, 2.8124648441894476e-05, 49.40816326530612
27, 2.6369917198459995e-05, 0, 2.279433738956277e-05, 2.8124648441894476e-05, 49.38857142857143
28, 2.557610169058032e-05, 0, 2.2293216858796367e-05, 2.8124648441894476e-05, 51.25142857142857
29, 2.6970898400625724e-05, 0, 2.2007894354053877e-05, 2.8124648441894476e-05, 56.202448979591836
30, 2.407839926801666e-05, 0, 2.159335857919061e-05, 2.8124648441894476e-05, 55.69714285714286
31, 2.7193865064041554e-05, 0, 2.2289184912935065e-05, 2.8124648441894476e-05, 56.86693877551021
32, 2.4684653550887412e-05, 0, 2.2469460337545804e-05, 2.8124648441894476e-05, 58.734693877551024
33, 2.5212414592945568e-05, 0, 2.2490486277209126e-05, 2.8124648441894476e-05, 59.22857142857143
34, 2.4441511463068877e-05, 0, 2.1717461652472464e-05, 2.8124648441894476e-05, 59.53632653061224
35, 2.5787152840454884e-05, 0, 2.1551613676668243e-05, 2.8124648441894476e-05, 60.840816326530614
36, 2.7027027027027027e-05, 0, 2.2409844471068416e-05, 2.8124648441894476e-05, 58.85224489795918
37, 2.598752598752599e-05, 0, 2.055798626974131e-05, 2.8124648441894476e-05, 44.52571428571429
38, 3.9751947845444425e-05, 0, 2.1972453247672286e-05, 3.9751947845444425e-05, 58.83020408163265
39, 3.9740889401104796e-05, 0, 2.236439593005509e-05, 3.9751947845444425e-05, 64.02204081632654
40, 3.977408320738207e-05, 0, 2.747209236704087e-05, 3.977408320738207e-05, 47.7069387755102
41, 3.977724741447892e-05, 0, 3.2117291939678945e-05, 3.977724741447892e-05, 39.010612244897956
42, 3.9780412125069614e-05, 0, 3.3542760055185136e-05, 3.9780412125069614e-05, 40.61714285714286
43, 3.977408320738207e-05, 0, 3.228049193000154e-05, 3.9780412125069614e-05, 42.204897959183675
44, 3.979465955668749e-05, 0, 3.4246333032791174e-05, 3.979465955668749e-05, 36.51265306122449
45, 3.977724741447892e-05, 0, 3.7720975783673194e-05, 3.979465955668749e-05, 36.93469387755102
46, 3.9786743057213336e-05, 0, 3.706806686957748e-05, 3.979465955668749e-05, 37.98285714285714
47, 3.9802579207132624e-05, 0, 3.685680042758858e-05, 3.9802579207132624e-05, 42.89795918367347
48, 3.9775665248001276e-05, 0, 3.5104241941106785e-05, 3.9802579207132624e-05, 45.17469387755102
49, 3.9783577339274344e-05, 0, 3.5275500822990986e-05, 3.9802579207132624e-05, 46.63673469387755
50, 3.978832610512076e-05, 0, 3.60586302366945e-05, 3.9802579207132624e-05, 50.015510204081636
51, 3.9791492578886634e-05, 0, 3.461792861893429e-05, 3.9802579207132624e-05, 54.5730612244898
52, 3.9781994669212715e-05, 0, 3.652402435149697e-05, 3.9802579207132624e-05, 57.6995918367347
53, 3.9781994669212715e-05, 0, 3.782479395887305e-05, 3.9802579207132624e-05, 53.8865306122449
54, 3.9780412125069614e-05, 0, 3.663183401796297e-05, 3.9802579207132624e-05, 54.888163265306126
55, 3.979307600477517e-05, 0, 3.777922862843359e-05, 3.9802579207132624e-05, 60.67265306122449
56, 3.9778829706830026e-05, 0, 3.841574561048401e-05, 3.9802579207132624e-05, 68.5469387755102
57, 3.978832610512076e-05, 0, 3.496376468614338e-05, 3.9802579207132624e-05, 69.85469387755101
58, 3.9783577339274344e-05, 0, 3.844702074356639e-05, 3.9802579207132624e-05, 72.93142857142857
59, 4.317043688482128e-05, 0, 3.744290877990468e-05, 4.317043688482128e-05, 78.07265306122449
60, 3.977724741447892e-05, 0, 3.767143670266114e-05, 4.317043688482128e-05, 77.0
61, 3.979465955668749e-05, 0, 3.631619633759197e-05, 4.317043688482128e-05, 78.22857142857143
62, 3.9778829706830026e-05, 0, 3.669255685738565e-05, 4.317043688482128e-05, 72.0661224489796
63, 3.978832610512076e-05, 0, 3.761389431408726e-05, 4.317043688482128e-05, 67.82367346938776
64, 3.9783577339274344e-05, 1.560963426626914e-05, 3.891304003772166e-05, 4.317043688482128e-05, 69.15591836734694
65, 3.9775665248001276e-05, 0, 3.124246342799508e-05, 4.317043688482128e-05, 66.88734693877551
66, 3.977724741447892e-05, 0, 3.0074483313427027e-05, 4.317043688482128e-05, 73.34122448979592
67, 3.978990927900685e-05, 0, 3.503756939580499e-05, 4.317043688482128e-05, 66.48
68, 3.9785160135269546e-05, 0, 3.5459836345186235e-05, 4.317043688482128e-05, 77.46204081632654
69, 3.9775665248001276e-05, 0, 3.5947524280152576e-05, 4.317043688482128e-05, 78.0326530612245
70, 3.9781994669212715e-05, 0, 3.5109142640259974e-05, 4.317043688482128e-05, 84.61877551020409
71, 3.9783577339274344e-05, 0, 3.3697177183186064e-05, 4.317043688482128e-05, 91.99673469387756
72, 3.9778829706830026e-05, 0, 3.516659759674993e-05, 4.317043688482128e-05, 95.96
73, 3.9791492578886634e-05, 0, 3.6155918975010965e-05, 4.317043688482128e-05, 92.22122448979592
74, 3.9783577339274344e-05, 0, 3.7028999678010055e-05, 4.317043688482128e-05, 89.96979591836735
75, 3.9783577339274344e-05, 0, 3.417569708772064e-05, 4.317043688482128e-05, 89.45795918367347
76, 3.9778829706830026e-05, 0, 3.576833271579294e-05, 4.317043688482128e-05, 87.92244897959183
77, 3.9778829706830026e-05, 0, 3.564563610025981e-05, 4.317043688482128e-05, 80.06448979591836
78, 3.9799410968717664e-05, 0, 3.71939909988177e-05, 4.317043688482128e-05, 92.41632653061224
79, 3.9786743057213336e-05, 0, 3.8070862067221366e-05, 4.317043688482128e-05, 95.20734693877552
80, 3.9783577339274344e-05, 0, 3.6461525454555764e-05, 4.317043688482128e-05, 85.75755102040816
81, 3.979307600477517e-05, 0, 3.515184936932023e-05, 4.317043688482128e-05, 91.5330612244898
82, 3.9786743057213336e-05, 0, 3.544187637385324e-05, 4.317043688482128e-05, 93.76653061224489
83, 3.978832610512076e-05, 0, 3.445485647368147e-05, 4.317043688482128e-05, 99.93632653061225
84, 3.979624323463865e-05, 0, 3.553797086615275e-05, 4.317043688482128e-05, 100.56979591836735
85, 3.9791492578886634e-05, 0, 3.7192747974479824e-05, 4.317043688482128e-05, 94.56081632653061
86, 3.977724741447892e-05, 0, 3.760871254446313e-05, 4.317043688482128e-05, 100.09142857142857
87, 3.9780412125069614e-05, 0, 3.826927636845327e-05, 4.317043688482128e-05, 96.8669387755102
88, 3.9785160135269546e-05, 0, 3.815058018960925e-05, 4.317043688482128e-05, 94.4604081632653
89, 3.9783577339274344e-05, 0, 3.6880917609017286e-05, 4.317043688482128e-05, 98.07183673469387
90, 3.978990927900685e-05, 0, 3.7204124146413925e-05, 4.317043688482128e-05, 102.27591836734693
91, 3.9783577339274344e-05, 0, 3.710009129986866e-05, 4.317043688482128e-05, 105.61795918367346
92, 3.9786743057213336e-05, 0, 3.656388054136647e-05, 4.317043688482128e-05, 108.90448979591837
93, 3.9783577339274344e-05, 0, 3.865512416669078e-05, 4.317043688482128e-05, 103.29061224489796
94, 3.9785160135269546e-05, 0, 3.8153110840275216e-05, 4.317043688482128e-05, 102.4130612244898
95, 3.9780412125069614e-05, 0, 3.608129737360858e-05, 4.317043688482128e-05, 110.63183673469388
96, 3.9778829706830026e-05, 0, 3.690247716991608e-05, 4.317043688482128e-05, 105.59918367346938
97, 3.978832610512076e-05, 0, 3.7427690249759686e-05, 4.317043688482128e-05, 86.41551020408163
98, 3.9786743057213336e-05, 0, 3.5450776422481905e-05, 4.317043688482128e-05, 84.0334693877551
99, 3.978990927900685e-05, 0, 3.6228046128177707e-05, 4.317043688482128e-05, 96.71755102040817
100, 3.9791492578886634e-05, 0, 3.654286233672538e-05, 4.317043688482128e-05, 80.29387755102042
101, 3.978832610512076e-05, 0, 3.584537105965864e-05, 4.317043688482128e-05, 83.51346938775511
102, 3.9785160135269546e-05, 0, 3.472970534086533e-05, 4.317043688482128e-05, 74.19591836734693
103, 3.9786743057213336e-05, 0, 3.761663503578496e-05, 4.317043688482128e-05, 59.08734693877551
104, 3.9786743057213336e-05, 0, 3.7820806756724624e-05, 4.317043688482128e-05, 59.308571428571426
105, 3.979307600477517e-05, 0, 3.7835704513021495e-05, 4.317043688482128e-05, 64.74612244897959
106, 3.9783577339274344e-05, 2.3374862672681798e-05, 3.910301801426076e-05, 4.317043688482128e-05, 67.64816326530612
107, 3.979624323463865e-05, 0, 3.7003874772440985e-05, 4.317043688482128e-05, 76.28489795918367
108, 3.9799410968717664e-05, 0, 3.6266707113717984e-05, 4.317043688482128e-05, 78.02367346938776
109, 3.9783577339274344e-05, 1.562622079849988e-05, 3.816659856400871e-05, 4.317043688482128e-05, 79.36244897959183
110, 3.979465955668749e-05, 2.343621833180998e-05, 3.910995911814331e-05, 4.317043688482128e-05, 91.24897959183673
111, 3.978832610512076e-05, 0, 3.674850625609993e-05, 4.317043688482128e-05, 97.18204081632653
112, 3.977724741447892e-05, 0, 3.782816495835686e-05, 4.317043688482128e-05, 99.4530612244898
113, 3.979307600477517e-05, 0, 3.655142821038192e-05, 4.317043688482128e-05, 102.63510204081632
114, 3.978990927900685e-05, 0, 3.4317368180597064e-05, 4.317043688482128e-05, 98.61061224489796
115, 3.9786743057213336e-05, 0, 3.5103846603624586e-05, 4.317043688482128e-05, 99.30938775510204
116, 3.977724741447892e-05, 0, 3.671973747433244e-05, 4.317043688482128e-05, 92.95020408163265
117, 3.978990927900685e-05, 0, 3.8468544885922717e-05, 4.317043688482128e-05, 92.60489795918367
118, 3.9778829706830026e-05, 1.576367104371266e-05, 3.925372577689717e-05, 4.317043688482128e-05, 102.6269387755102
119, 3.9781994669212715e-05, 0, 3.814279142893889e-05, 4.317043688482128e-05, 104.31510204081633
120, 3.9778829706830026e-05, 1.5729948248470262e-05, 3.879054169044608e-05, 4.317043688482128e-05, 101.82448979591837
121, 3.9785160135269546e-05, 0, 3.790967852428375e-05, 4.317043688482128e-05, 103.2595918367347
122, 3.980099502487562e-05, 1.5775358889414735e-05, 3.878045335241063e-05, 4.317043688482128e-05, 99.13224489795918
123, 3.979465955668749e-05, 0, 3.7162542915565045e-05, 4.317043688482128e-05, 116.72897959183673
124, 3.9785160135269546e-05, 1.5465272730084595e-05, 3.8759522926412376e-05, 4.317043688482128e-05, 108.17387755102041
125, 3.9780412125069614e-05, 0, 3.719059627596783e-05, 4.317043688482128e-05, 107.12653061224489
126, 3.9783577339274344e-05, 0, 3.6394410464368946e-05, 4.317043688482128e-05, 107.05142857142857
127, 3.9785160135269546e-05, 0, 3.846447795571218e-05, 4.317043688482128e-05, 103.14938775510204
128, 3.978990927900685e-05, 0, 3.815548003547743e-05, 4.317043688482128e-05, 107.74612244897959
129, 3.9780412125069614e-05, 0, 3.79905267521804e-05, 4.317043688482128e-05, 114.33795918367348
130, 3.9807332510648464e-05, 0, 3.760437825656046e-05, 4.317043688482128e-05, 115.82775510204081
131, 3.9769337840524956e-05, 0, 3.734508697961078e-05, 4.317043688482128e-05, 113.95836734693877
132, 3.9783577339274344e-05, 0, 3.7663215044064616e-05, 4.317043688482128e-05, 112.3730612244898
133, 3.979307600477517e-05, 0, 3.8471911570126517e-05, 4.317043688482128e-05, 112.18612244897959
134, 4.3213344280713883e-05, 0, 3.896502000423099e-05, 4.3213344280713883e-05, 106.17632653061224
135, 4.32264199878966e-05, 0, 3.906177025229823e-05, 4.32264199878966e-05, 103.97795918367346
136, 4.320774282751469e-05, 0, 3.859299375147425e-05, 4.32264199878966e-05, 112.72571428571429
137, 4.3215211754537596e-05, 0, 4.0627135799678064e-05, 4.32264199878966e-05, 119.59183673469387
138, 4.3215211754537596e-05, 0, 4.076386071560629e-05, 4.32264199878966e-05, 120.3804081632653
139, 4.321894718644654e-05, 3.807203228508338e-05, 4.3085989322675206e-05, 4.32264199878966e-05, 113.16979591836734
140, 4.320960981722335e-05, 0, 4.135882281293521e-05, 4.32264199878966e-05, 109.58367346938776
141, 4.322081514457363e-05, 0, 4.167981127708611e-05, 4.32264199878966e-05, 96.46612244897959
142, 4.321894718644654e-05, 0, 4.117760189869841e-05, 4.32264199878966e-05, 111.57795918367347
143, 4.321894718644654e-05, 1.6270215743060754e-05, 4.246614157424217e-05, 4.32264199878966e-05, 120.88408163265306
144, 4.320960981722335e-05, 0, 4.003788381660208e-05, 4.32264199878966e-05, 128.58857142857144
145, 4.3213344280713883e-05, 0, 3.907988268749497e-05, 4.32264199878966e-05, 130.63020408163266
146, 4.3215211754537596e-05, 1.6242995208316413e-05, 4.2644690959517406e-05, 4.32264199878966e-05, 134.56897959183672
147, 4.321707938977484e-05, 0, 4.0426851377245635e-05, 4.32264199878966e-05, 142.01061224489797
148, 4.32264199878966e-05, 0, 3.84879311521904e-05, 4.32264199878966e-05, 145.32734693877552
149, 4.321707938977484e-05, 0, 3.808227674992389e-05, 4.32264199878966e-05, 138.3673469387755
150, 4.322081514457363e-05, 0, 4.121330177835352e-05, 4.32264199878966e-05, 141.9551020408163
151, 4.321707938977484e-05, 0, 3.907411395631213e-05, 4.32264199878966e-05, 137.0
152, 4.321707938977484e-05, 0, 3.766944314246799e-05, 4.32264199878966e-05, 136.75020408163266
153, 4.321707938977484e-05, 1.6648630650129026e-05, 4.2513196042945486e-05, 4.32264199878966e-05, 134.34938775510204
154, 4.321707938977484e-05, 1.6378943230582762e-05, 4.202753725930357e-05, 4.32264199878966e-05, 138.30285714285714
155, 4.3215211754537596e-05, 0, 4.1930386817893865e-05, 4.32264199878966e-05, 145.80326530612246
156, 4.321147696828278e-05, 0, 4.185465347055684e-05, 4.32264199878966e-05, 132.5461224489796
157, 4.321707938977484e-05, 0, 4.0381100536890504e-05, 4.32264199878966e-05, 128.69632653061225
158, 4.321147696828278e-05, 0, 4.178821987649357e-05, 4.32264199878966e-05, 128.52163265306123
159, 4.3215211754537596e-05, 0, 4.105517552132946e-05, 4.32264199878966e-05, 135.4522448979592
160, 4.321894718644654e-05, 0, 4.10825605325456e-05, 4.32264199878966e-05, 140.29469387755103
161, 4.321894718644654e-05, 0, 4.0600352078599244e-05, 4.32264199878966e-05, 134.80816326530612
162, 4.321707938977484e-05, 0, 4.0666239897207724e-05, 4.32264199878966e-05, 151.63591836734693
163, 4.321707938977484e-05, 0, 3.985984615959632e-05, 4.32264199878966e-05, 156.9134693877551
164, 4.3215211754537596e-05, 0, 3.9844372618412315e-05, 4.32264199878966e-05, 146.83836734693878
165, 4.321707938977484e-05, 0, 3.502619335720536e-05, 4.32264199878966e-05, 144.04408163265308
166, 4.321707938977484e-05, 0, 3.6925948069315027e-05, 4.32264199878966e-05, 140.06204081632654
167, 4.321894718644654e-05, 0, 3.9238395184475854e-05, 4.32264199878966e-05, 141.3126530612245
168, 4.322081514457363e-05, 0, 3.993799109915566e-05, 4.32264199878966e-05, 149.11265306122448
169, 4.322081514457363e-05, 0, 3.986800217925405e-05, 4.32264199878966e-05, 160.54448979591837
170, 4.321894718644654e-05, 0, 4.065614577216139e-05, 4.32264199878966e-05, 171.52408163265306
171, 4.322268326417704e-05, 0, 3.750543940807562e-05, 4.32264199878966e-05, 174.68979591836734
172, 4.320960981722335e-05, 0, 3.829340498841131e-05, 4.32264199878966e-05, 154.66857142857143
173, 4.3230157357772786e-05, 0, 4.052551088249065e-05, 4.3230157357772786e-05, 163.84326530612245
174, 4.322081514457363e-05, 1.3761783527145118e-05, 4.152379781729047e-05, 4.3230157357772786e-05, 164.70857142857142
175, 4.32264199878966e-05, 0, 4.14145886697737e-05, 4.3230157357772786e-05, 158.19020408163266
176, 4.321147696828278e-05, 0, 4.0820650503953504e-05, 4.3230157357772786e-05, 160.6457142857143
177, 4.320774282751469e-05, 0, 4.1335728059716454e-05, 4.3230157357772786e-05, 171.7322448979592
178, 4.321147696828278e-05, 0, 4.209438464478136e-05, 4.3230157357772786e-05, 184.22040816326532
179, 4.320960981722335e-05, 0, 4.0671718188879336e-05, 4.3230157357772786e-05, 184.45061224489797
180, 4.3213344280713883e-05, 0, 3.957193258230078e-05, 4.3230157357772786e-05, 189.7608163265306
181, 4.3205875999135884e-05, 0, 3.886461213875486e-05, 4.3230157357772786e-05, 173.89632653061224
182, 4.321147696828278e-05, 0, 3.887962580643115e-05, 4.3230157357772786e-05, 180.45142857142858
183, 4.321147696828278e-05, 0, 3.893409909295539e-05, 4.3230157357772786e-05, 175.17061224489797
184, 4.320960981722335e-05, 0, 4.0468761012005616e-05, 4.3230157357772786e-05, 154.0538775510204
185, 4.320774282751469e-05, 0, 3.807822583023677e-05, 4.3230157357772786e-05, 130.37714285714284
186, 4.320960981722335e-05, 0, 4.034434849456709e-05, 4.3230157357772786e-05, 129.33469387755102
187, 4.321894718644654e-05, 0, 4.129355051842953e-05, 4.3230157357772786e-05, 133.35918367346937
188, 4.321147696828278e-05, 0, 3.985682630199954e-05, 4.3230157357772786e-05, 142.33551020408163
189, 4.321707938977484e-05, 0, 4.0423473504037895e-05, 4.3230157357772786e-05, 147.2808163265306
190, 4.321707938977484e-05, 0, 3.867191413827727e-05, 4.3230157357772786e-05, 148.09632653061223
191, 4.321147696828278e-05, 0, 3.9819372536620163e-05, 4.3230157357772786e-05, 150.36489795918368
192, 4.321147696828278e-05, 0, 3.875356040248689e-05, 4.3230157357772786e-05, 145.4938775510204
193, 4.321894718644654e-05, 0, 4.039973284790075e-05, 4.3230157357772786e-05, 135.12897959183672
194, 4.321894718644654e-05, 1.4512734924896597e-05, 4.232076804264974e-05, 4.3230157357772786e-05, 127.18040816326531
195, 4.321894718644654e-05, 3.824530538876353e-05, 4.307813838141099e-05, 4.3230157357772786e-05, 117.62285714285714
196, 4.3213344280713883e-05, 0, 4.105039299589752e-05, 4.3230157357772786e-05, 117.00734693877551
197, 4.321147696828278e-05, 0, 4.199251260363091e-05, 4.3230157357772786e-05, 102.1004081632653
198, 4.320960981722335e-05, 0, 4.098360362375339e-05, 4.3230157357772786e-05, 129.1330612244898
199, 4.3215211754537596e-05, 0, 3.8566941116418353e-05, 4.3230157357772786e-05, 128.8277551020408
200, 4.321147696828278e-05, 0, 4.139512553256819e-05, 4.3230157357772786e-05, 136.3542857142857
201, 4.320960981722335e-05, 0, 3.903283868798829e-05, 4.3230157357772786e-05, 128.3412244897959
202, 4.321707938977484e-05, 0, 3.511797354184468e-05, 4.3230157357772786e-05, 119.05877551020409
203, 4.323576462449739e-05, 0, 3.795856087849728e-05, 4.323576462449739e-05, 88.09142857142857
204, 4.322268326417704e-05, 0, 3.8357872544898684e-05, 4.323576462449739e-05, 84.0204081632653
205, 4.3213344280713883e-05, 0, 3.8243018976164145e-05, 4.323576462449739e-05, 101.79755102040816
206, 4.3265694630727294e-05, 0, 3.586187741894391e-05, 4.3265694630727294e-05, 99.6726530612245
207, 4.321894718644654e-05, 0, 3.817627111699599e-05, 4.3265694630727294e-05, 87.39591836734694
208, 4.320400933206602e-05, 0, 3.7103191546909444e-05, 4.3265694630727294e-05, 80.70122448979592
209, 4.331254331254331e-05, 0, 3.971413242339755e-05, 4.331254331254331e-05, 95.14530612244899
210, 4.362240446693422e-05, 0, 3.8359854711004944e-05, 4.362240446693422e-05, 86.52571428571429
211, 5.52455665432849e-05, 0, 4.079146815422297e-05, 5.52455665432849e-05, 79.60979591836735
212, 0.05555555555555555, 0, 0.0012252615563984497, 0.05555555555555555, 72.16244897959184
213, 0.002398081534772182, 0, 0.00022168458078843648, 0.05555555555555555, 63.96408163265306
214, 0.0025252525252525255, 0, 0.00019492429016859978, 0.05555555555555555, 66.27591836734693
215, 0.009174311926605505, 0, 0.00024671254457414745, 0.05555555555555555, 51.83428571428571
216, 0.0007905138339920949, 0, 5.4877029058767874e-05, 0.05555555555555555, 44.475102040816324
217, 0.00021640337589266391, 0, 3.7682296909545835e-05, 0.05555555555555555, 43.81061224489796
218, 0.00011587485515643106, 0, 2.3165267779578072e-05, 0.05555555555555555, 53.04
219, 0.00022629554197782303, 0, 4.077874426683358e-05, 0.05555555555555555, 57.00326530612245
220, 0.00040966816878328555, 0, 6.358019103464886e-05, 0.05555555555555555, 64.71673469387756
221, 0.0009025270758122744, 0, 8.668930763012299e-05, 0.05555555555555555, 67.12163265306123
222, 0.000970873786407767, 0, 9.742157205328971e-05, 0.05555555555555555, 58.371428571428574
223, 0.0006968641114982578, 0, 8.466504606630433e-05, 0.05555555555555555, 64.43265306122449
224, 0.000708215297450425, 0, 7.784751128748299e-05, 0.05555555555555555, 65.12489795918367
225, 0.00041407867494824016, 0, 7.525496830916196e-05, 0.05555555555555555, 71.55673469387754
226, 0.01, 0, 0.0002695907629569873, 0.05555555555555555, 62.49306122448979
227, 0.00048146364949446316, 0, 9.952760796908236e-05, 0.05555555555555555, 59.92163265306122
228, 0.00980392156862745, 0, 0.00031372122054090773, 0.05555555555555555, 64.44897959183673
229, 0.0018083182640144665, 0, 0.00019629822018656643, 0.05555555555555555, 58.82367346938776
230, 0.002008032128514056, 0, 0.0001308984625114684, 0.05555555555555555, 59.63183673469388
231, 0.000513083632632119, 0, 5.3791230837948454e-05, 0.05555555555555555, 65.87918367346938
232, 0.0008453085376162299, 0, 6.42405165393582e-05, 0.05555555555555555, 63.59102040816327
233, 0.0008756567425569177, 0, 9.073556144856103e-05, 0.05555555555555555, 66.55591836734693
234, 0.000970873786407767, 0, 7.73722352153782e-05, 0.05555555555555555, 73.47591836734694
235, 0.001392757660167131, 0, 0.00013633059826543949, 0.05555555555555555, 79.15673469387755
236, 0.001026694045174538, 0, 9.703768508531859e-05, 0.05555555555555555, 79.2326530612245
237, 0.00044682752457551384, 0, 9.239493043362675e-05, 0.05555555555555555, 88.46857142857142
238, 0.007352941176470588, 0, 0.00025672929242269297, 0.05555555555555555, 86.72897959183673
239, 0.0015151515151515152, 0, 0.00011267820619643703, 0.05555555555555555, 96.2734693877551
240, 0.0016835016835016834, 0, 0.00016663721843096957, 0.05555555555555555, 88.11183673469388
241, 0.00047824007651841227, 0, 7.069450203118881e-05, 0.05555555555555555, 80.79265306122448
242, 0.0021691973969631237, 0, 0.0001238926584033627, 0.05555555555555555, 75.49224489795918
243, 0.0013280212483399733, 0, 0.0001204635953199659, 0.05555555555555555, 73.20163265306122
244, 0.000966183574879227, 0, 0.00012359641477541496, 0.05555555555555555, 71.02775510204081
245, 0.017241379310344827, 0, 0.00048558617648253923, 0.05555555555555555, 77.36979591836734
246, 0.0016638935108153079, 0, 0.00013971026953734468, 0.05555555555555555, 78.70938775510204
247, 0.0006146281499692685, 0, 6.66110711032186e-05, 0.05555555555555555, 78.10122448979592
248, 8.680555555555556e-05, 0, 1.8731023183339828e-05, 0.05555555555555555, 84.13142857142857
249, 0.0014970059880239522, 0, 8.029749557963146e-05, 0.05555555555555555, 86.53061224489795
250, 0.00023607176581680832, 0, 3.2327256538216625e-05, 0.05555555555555555, 70.3926530612245
251, 0.030303030303030304, 0, 0.0007595289017305869, 0.05555555555555555, 61.776326530612245
252, 0.0007782101167315176, 0, 5.360024243364259e-05, 0.05555555555555555, 62.69877551020408
253, 0.0009267840593141798, 0, 8.148334781419672e-05, 0.05555555555555555, 78.80081632653061
254, 0.002421307506053269, 0, 0.00012413665641416503, 0.05555555555555555, 80.84734693877552
255, 0.0008598452278589854, 0, 4.837988711708387e-05, 0.05555555555555555, 86.9338775510204
256, 0.0014388489208633094, 0, 0.00015119041566987143, 0.05555555555555555, 87.93469387755103
257, 0.0025188916876574307, 0, 0.00018381981163771748, 0.05555555555555555, 87.23755102040816
258, 0.0125, 0, 0.00038968318242799306, 0.05555555555555555, 91.03918367346938
259, 0.00040160642570281126, 0, 6.865105239939991e-05, 0.05555555555555555, 92.97877551020409
260, 0.0016420361247947454, 0, 9.594626387633068e-05, 0.05555555555555555, 92.9795918367347
261, 0.00051440329218107, 1.1955573090396089e-05, 7.92207249600036e-05, 0.05555555555555555, 83.69795918367348
262, 0.0022123893805309734, 0, 0.00012009915205455791, 0.05555555555555555, 76.18612244897959
263, 0.006622516556291391, 0, 0.00023952845371092574, 0.05555555555555555, 74.66938775510204
264, 0.0009940357852882703, 0, 8.37973930899097e-05, 0.05555555555555555, 72.26857142857143
265, 0.000725689404934688, 0, 8.30064533318133e-05, 0.05555555555555555, 74.34530612244897
266, 0.0015151515151515152, 0, 0.0001073777801534405, 0.05555555555555555, 76.40081632653062
267, 0.0009319664492078285, 0, 0.00010036657945881307, 0.05555555555555555, 88.0734693877551
268, 0.0002765486725663717, 0, 6.334417157247077e-05, 0.05555555555555555, 84.79428571428572
269, 0.0004828585224529213, 0, 6.183441913028253e-05, 0.05555555555555555, 79.65795918367347
270, 0.0004086636697997548, 0, 6.226882884452422e-05, 0.05555555555555555, 92.89387755102041
271, 9.166743056192135e-05, 0, 4.9413872814862475e-05, 0.05555555555555555, 97.46530612244898
272, 0.0015151515151515152, 0, 0.00010886376804578827, 0.05555555555555555, 88.76081632653062
273, 0.0028089887640449437, 1.6295403066794858e-05, 0.00017744512240296808, 0.05555555555555555, 89.3265306122449
274, 0.00034698126301179735, 0, 5.083966015879278e-05, 0.05555555555555555, 79.03183673469388
275, 0.0014749262536873156, 0, 9.258606992648176e-05, 0.05555555555555555, 95.46448979591837
276, 0.002824858757062147, 0, 0.00012545904269849445, 0.05555555555555555, 89.95020408163265
277, 0.002178649237472767, 0, 0.00012889632411776017, 0.05555555555555555, 100.64571428571429
278, 0.0035335689045936395, 0, 0.0001669230393420455, 0.05555555555555555, 104.90775510204081
279, 0.04, 0, 0.0009320110511927505, 0.05555555555555555, 100.70204081632653
280, 0.004405286343612335, 0, 0.00023022837050825262, 0.05555555555555555, 99.25224489795919
281, 0.005208333333333333, 0, 0.0002010768221760105, 0.05555555555555555, 107.91183673469388
282, 0.0012706480304955528, 0, 0.00012470308092970496, 0.05555555555555555, 96.19183673469388
283, 0.001303780964797914, 0, 0.00010555892129057032, 0.05555555555555555, 102.37224489795918
284, 0.013157894736842105, 0, 0.000425837057907623, 0.05555555555555555, 92.07428571428571
285, 0.07692307692307693, 0, 0.0017824482282117668, 0.07692307692307693, 77.7934693877551
286, 0.0011947431302270011, 0, 7.482958636758236e-05, 0.07692307692307693, 82.53061224489795
287, 0.00046061722708429296, 0, 5.3305892357151394e-05, 0.07692307692307693, 72.90530612244898
288, 0.0007911392405063291, 1.0423507093196577e-05, 8.97536416364089e-05, 0.07692307692307693, 54.03673469387755
289, 0.004016064257028112, 0, 0.00028935748107920025, 0.07692307692307693, 50.98612244897959
290, 0.022222222222222223, 0, 0.0005464842397576606, 0.07692307692307693, 47.543673469387755
291, 0.5, 0, 0.01007164724581547, 0.5, 42.5534693877551
292, 0.0008305647840531562, 0, 9.638791017412727e-05, 0.5, 56.17306122448979
293, 0.0007507507507507507, 0, 6.349694147763868e-05, 0.5, 49.89877551020408
294, 0.00028376844494892167, 0, 4.593167679150764e-05, 0.5, 43.67673469387755
295, 4.926593753079121e-05, 0, 4.100473666775941e-05, 0.5, 49.903673469387755
296, 5.031952900920847e-05, 0, 4.0914418061044646e-05, 0.5, 52.409795918367344
297, 4.600239212439047e-05, 0, 4.0761509856551935e-05, 0.5, 58.416326530612245
298, 4.785833931562575e-05, 1.526880735345762e-05, 4.270908242524074e-05, 0.5, 62.075102040816326
299, 5.417118093174431e-05, 1.4660392018882585e-05, 4.378815087331683e-05, 0.5, 70.11428571428571
300, 4.9331557397267034e-05, 0, 4.0570874533175646e-05, 0.5, 70.89714285714285
301, 4.925380485642516e-05, 0, 4.1083640518648245e-05, 0.5, 71.94448979591837
302, 0.00011530035743110804, 0, 4.280399285366747e-05, 0.5, 70.51183673469387
303, 0.0006557377049180328, 0, 5.9589999859724836e-05, 0.5, 67.18040816326531
304, 0.09090909090909091, 0, 0.0019224436107687036, 0.5, 64.44897959183673
305, 0.005076142131979695, 0, 0.00025609668367475644, 0.5, 63.29551020408163
306, 0.0012376237623762376, 0, 0.00010884260988143841, 0.5, 55.55510204081633
307, 0.000784313725490196, 0, 9.832928719374436e-05, 0.5, 56.06775510204081
308, 0.0010504201680672268, 0, 0.00012198768736379476, 0.5, 53.773877551020405
309, 0.0017667844522968198, 0, 0.0001850554032474462, 0.5, 62.800816326530615
310, 0.14285714285714285, 0, 0.0030381294795352788, 0.5, 58.85224489795918
311, 0.04, 0, 0.0009086893609179093, 0.5, 58.29795918367347
312, 0.00025138260432378077, 0, 4.512362266026462e-05, 0.5, 59.93632653061224
313, 0.0001525320317266626, 0, 4.933563370437988e-05, 0.5, 61.50938775510204
314, 0.002564102564102564, 0, 0.0001446846700119878, 0.5, 69.02775510204081
315, 0.0029585798816568047, 0, 0.0001504426884387616, 0.5, 72.13469387755102
316, 0.0002057189878625797, 0, 4.8548017181883435e-05, 0.5, 65.36244897959183
317, 0.0011976047904191617, 0, 9.021549842597792e-05, 0.5, 59.70857142857143
318, 0.0045662100456621, 0, 0.00016979704450140277, 0.5, 48.500408163265305
319, 0.0012804097311139564, 0, 0.0001636066571275295, 0.5, 45.221224489795915
320, 0.011235955056179775, 0, 0.0004045767849531602, 0.5, 46.095510204081634
321, 0.018518518518518517, 1.4160896101505304e-05, 0.000523588399200269, 0.5, 29.417142857142856
322, 0.004878048780487805, 3.4623641022089885e-05, 0.0004568566540174934, 0.5, 30.503673469387756
323, 0.006211180124223602, 0, 0.0002876156388828111, 0.5, 31.655510204081633
324, 0.01, 0, 0.0005498502257627688, 0.5, 33.71673469387755
325, 0.005494505494505495, 0, 0.00029169919294970035, 0.5, 38.13551020408163
326, 0.0011074197120708748, 0, 0.00013895555147061945, 0.5, 38.8065306122449
327, 0.006060606060606061, 0, 0.00032162169436051333, 0.5, 41.354285714285716
328, 0.0045871559633027525, 0, 0.00021590809178999355, 0.5, 38.31510204081633
329, 0.02127659574468085, 0, 0.0007009123785405525, 0.5, 33.36489795918367
330, 0.005076142131979695, 0, 0.00021928566425106745, 0.5, 34.111836734693874
331, 0.0004805382027871216, 0, 0.0001145516488793948, 0.5, 34.21877551020408
332, 0.0019267822736030828, 0, 0.00022680570959886237, 0.5, 42.118367346938776
333, 0.0024937655860349127, 0, 0.00022745340462977545, 0.5, 50.5265306122449
334, 0.007407407407407408, 0, 0.0003053242924611098, 0.5, 45.25387755102041
335, 0.002061855670103093, 0, 0.0002446175259229485, 0.5, 46.72326530612245
336, 0.007042253521126761, 0, 0.0003288141310199905, 0.5, 46.57632653061224
337, 0.00196078431372549, 0, 0.00020207033447211433, 0.5, 45.38857142857143
338, 0.0011098779134295228, 0, 0.00011649122214816329, 0.5, 43.93795918367347
339, 0.00510204081632653, 0, 0.00035235750911898734, 0.5, 47.521632653061225
340, 0.003367003367003367, 0, 0.0002514167330769852, 0.5, 47.645714285714284
341, 0.001937984496124031, 0, 0.0002675355413414602, 0.5, 51.71591836734694
342, 0.002770083102493075, 0, 0.0002205216810865543, 0.5, 53.32081632653061
343, 0.02127659574468085, 1.4464662828709463e-05, 0.0008314214788876944, 0.5, 53.12489795918367
344, 0.0020161290322580645, 3.5380696292103026e-05, 0.00017751920123661147, 0.5, 52.0269387755102
345, 0.0012903225806451613, 0, 0.00015819032332705822, 0.5, 56.69387755102041
346, 0.0010416666666666667, 0, 0.00018782426748958922, 0.5, 56.68816326530612
347, 0.0032679738562091504, 0, 0.0004374988779198648, 0.5, 62.62285714285714
348, 0.010526315789473684, 0, 0.0004102942212582981, 0.5, 62.606530612244896
349, 0.003663003663003663, 0, 0.00024595695165983137, 0.5, 64.98938775510204
350, 0.07692307692307693, 0, 0.0018500471538979398, 0.5, 65.9526530612245
351, 0.0058823529411764705, 0, 0.00027686701037457943, 0.5, 75.21061224489796
352, 0.2, 0, 0.0040829800907340825, 0.5, 68.90367346938775
353, 0.004032258064516129, 0, 0.00019793241119412682, 0.5, 58.902857142857144
354, 0.001607717041800643, 0, 0.0001710971342903793, 0.5, 63.52326530612245
355, 0.0012658227848101266, 0, 0.00011044294978228579, 0.5, 58.034285714285716
356, 0.0010330578512396695, 0, 0.0002221509185990718, 0.5, 64.13551020408163
357, 0.0136986301369863, 0, 0.0005170082298625142, 0.5, 57.41877551020408
358, 0.002793296089385475, 0, 0.0003300434866931308, 0.5, 56.52326530612245
359, 0.00392156862745098, 0, 0.00027024275349446335, 0.5, 64.2669387755102
360, 0.001145475372279496, 0, 0.00016363059786439726, 0.5, 65.87591836734694
361, 0.0011890606420927466, 0, 0.0001394531392008744, 0.5, 69.3126530612245
362, 0.002336448598130841, 0, 0.0002230229048989522, 0.5, 78.06530612244897
363, 0.0018181818181818182, 0, 0.00013081245308508245, 0.5, 75.93142857142857
364, 0.011235955056179775, 0, 0.0005188521910632787, 0.5, 77.5804081632653
365, 0.0045871559633027525, 0, 0.00028121805937646486, 0.5, 72.42040816326531
366, 0.0017211703958691911, 0, 0.00016343496993173254, 0.5, 75.99918367346939
367, 0.005050505050505051, 0, 0.00021185463223937704, 0.5, 73.66448979591837
368, 0.0018181818181818182, 0, 0.0002105238654966029, 0.5, 67.77632653061225
369, 0.003194888178913738, 0, 0.00020850390304422844, 0.5, 50.33795918367347
370, 0.000432152117545376, 0, 6.369496425656041e-05, 0.5, 51.2334693877551
371, 0.001610305958132045, 0, 9.874865304087006e-05, 0.5, 57.36244897959184
372, 0.0006101281269066504, 0, 0.00012433254760478056, 0.5, 53.82204081632653
373, 0.05, 0, 0.0011042663202843926, 0.5, 49.42204081632653
374, 0.00039184952978056425, 0, 8.944295815694567e-05, 0.5, 42.06040816326531
375, 0.0017421602787456446, 0, 0.00017210128684575572, 0.5, 48.44326530612245
376, 0.003436426116838488, 0, 0.000161987422186563, 0.5, 48.26122448979592
377, 0.006369426751592357, 0, 0.0003291045045520498, 0.5, 56.333061224489796
378, 0.030303030303030304, 0, 0.0007927200472125071, 0.5, 58.2065306122449
379, 0.017857142857142856, 0, 0.0004702181169812208, 0.5, 53.92
380, 0.003703703703703704, 0, 0.0001825463679820552, 0.5, 57.60163265306122
381, 0.2, 0, 0.00445065589136983, 0.5, 58.965714285714284
382, 0.006944444444444444, 0, 0.00038460179819155206, 0.5, 59.70040816326531
383, 0.008547008547008548, 0, 0.00041247577035399043, 0.5, 56.220408163265304
384, 0.006622516556291391, 0, 0.00047682524650913716, 0.5, 62.85795918367347
385, 0.006024096385542169, 0, 0.00039487251346439594, 0.5, 69.83673469387755
386, 0.0012787723785166241, 0, 0.00016272659636301656, 0.5, 59.95510204081633
387, 0.0014285714285714286, 0, 0.00022036481658926622, 0.5, 65.88816326530612
388, 0.024390243902439025, 0, 0.0006654506544622192, 0.5, 55.735510204081635
389, 0.00558659217877095, 0, 0.00031587319902775726, 0.5, 52.02857142857143
390, 0.004464285714285714, 0, 0.0003480746489264886, 0.5, 52.41795918367347
391, 0.0011312217194570137, 0, 0.0001338567517710061, 0.5, 44.87428571428571
392, 0.0016181229773462784, 0, 9.81848111259029e-05, 0.5, 40.02040816326531
393, 0.02631578947368421, 0, 0.0007508835285497985, 0.5, 42.76244897959184
394, 0.001953125, 0, 0.00014077808018457926, 0.5, 42.17551020408163
395, 0.0034965034965034965, 0, 0.00020716015794567755, 0.5, 41.779591836734696
396, 0.005208333333333333, 0, 0.00022034323591109547, 0.5, 46.72326530612245
397, 0.0022271714922048997, 0, 0.0001432809466527782, 0.5, 49.02367346938775
398, 0.00141643059490085, 0, 8.850670643237284e-05, 0.5, 46.2734693877551
399, 7.158196134574088e-05, 0, 4.2482008038441777e-05, 0.5, 46.65387755102041
400, 0.0015503875968992248, 0, 8.836749003237644e-05, 0.5, 41.87591836734694
401, 0.00099601593625498, 0, 0.000129964500704684, 0.5, 44.43918367346939
402, 0.00211864406779661, 0, 0.00015452201092626029, 0.5, 49.24
403, 0.008064516129032258, 0, 0.0003302968684549451, 0.5, 48.81306122448979
404, 0.001364256480218281, 0, 0.00015785016293252377, 0.5, 56.31428571428572
405, 0.005747126436781609, 0, 0.00022188148118444995, 0.5, 53.70612244897959
406, 0.007194244604316547, 0, 0.00024106478549699845, 0.5, 46.457959183673466
407, 0.08333333333333333, 0, 0.001750341373033813, 0.5, 44.801632653061226
408, 0.0196078431372549, 0, 0.0006602720074944068, 0.5, 56.04081632653061
409, 0.001160092807424594, 0, 0.00015833016765094685, 0.5, 57.96081632653061
410, 0.006622516556291391, 0, 0.0002734312199956245, 0.5, 62.29795918367347
411, 0.003355704697986577, 0, 0.0001975296251711841, 0.5, 62.286530612244896
412, 0.0016891891891891893, 0, 0.00012900744120973736, 0.5, 57.5134693877551
413, 0.002785515320334262, 0, 0.00016900373749979808, 0.5, 71.18938775510205
414, 0.0004520795660036166, 0, 8.66627834911154e-05, 0.5, 66.90857142857143
415, 0.0006138735420503376, 0, 8.744820379790255e-05, 0.5, 67.52408163265306
416, 0.002028397565922921, 0, 0.00022293410104681292, 0.5, 64.75755102040816
417, 0.0015384615384615385, 0, 0.00014827591804856803, 0.5, 72.26612244897959
418, 0.0018656716417910447, 0, 0.0001449331629280094, 0.5, 74.35020408163265
419, 0.00033772374197906115, 0, 7.746664907563947e-05, 0.5, 71.7730612244898
420, 0.004424778761061947, 0, 0.00019007577475877574, 0.5, 63.59428571428571
421, 0.0010741138560687433, 0, 0.00010785432556235411, 0.5, 59.15591836734694
422, 0.0029411764705882353, 0, 0.0001464725390933582, 0.5, 61.351020408163265
423, 0.0002896032435563278, 0, 6.696049555247115e-05, 0.5, 61.22857142857143
424, 0.0048543689320388345, 0, 0.0002455064762758831, 0.5, 60.62122448979592
425, 0.00980392156862745, 0, 0.00030600328346289997, 0.5, 53.80979591836735
426, 0.001466275659824047, 0, 0.0001500697771552307, 0.5, 58.69795918367347
427, 0.045454545454545456, 0, 0.0014743457157175039, 0.5, 45.97714285714286
428, 0.0013280212483399733, 0, 0.00014319684972105738, 0.5, 55.098775510204085
429, 0.016666666666666666, 0, 0.0005070007195111136, 0.5, 55.817142857142855
430, 0.0011148272017837235, 0, 0.00016030542206342817, 0.5, 55.02040816326531
431, 0.0031446540880503146, 0, 0.00024396668293667122, 0.5, 56.4734693877551
432, 0.0026954177897574125, 0, 0.0002603573441212686, 0.5, 39.89877551020408
433, 0.0005571030640668524, 0, 4.0522809541636664e-05, 0.5, 40.82775510204082
434, 0.001049317943336831, 0, 4.826523359442129e-05, 0.5, 42.65469387755102
435, 0.006097560975609756, 0, 0.00021024702412189033, 0.5, 42.97061224489796
436, 0.0002755580049600441, 0, 3.796451668238618e-05, 0.5, 56.946122448979594
437, 0.0002161227577263886, 0, 2.7787129625504876e-05, 0.5, 66.3134693877551
438, 0.0007818608287724785, 0, 9.815442878729062e-05, 0.5, 69.25224489795919
439, 0.0004127115146512588, 0, 4.422379082855587e-05, 0.5, 67.27591836734693
440, 0.0013717421124828531, 0, 0.00012636127430341862, 0.5, 62.19755102040816
441, 0.0005941770647653001, 0, 7.624277191190891e-05, 0.5, 63.42367346938776
442, 0.05, 0, 0.0010675435309135748, 0.5, 56.96
443, 0.0026109660574412533, 0, 0.0001261893554816184, 0.5, 50.46122448979592
444, 0.006622516556291391, 0, 0.0001959155746055831, 0.5, 69.91591836734693
445, 0.002386634844868735, 0, 0.00022422061724051512, 0.5, 73.16244897959184
446, 0.004347826086956522, 0, 0.0002339631338884464, 0.5, 71.84979591836735
447, 0.001483679525222552, 0, 0.00012697405230265631, 0.5, 74.37469387755102
448, 0.017543859649122806, 0, 0.0004525485405900967, 0.5, 67.52816326530612
449, 0.003875968992248062, 0, 0.00019378297319927367, 0.5, 65.2669387755102
450, 0.023255813953488372, 0, 0.000717176982725507, 0.5, 65.2734693877551
451, 0.01639344262295082, 0, 0.00043272643620362463, 0.5, 58.838367346938774
452, 0.0005633802816901409, 0, 8.566491110658595e-05, 0.5, 64.23755102040816
453, 0.005208333333333333, 0, 0.0002732602934159292, 0.5, 68.44326530612246
454, 0.0006242197253433209, 0, 8.166877030884115e-05, 0.5, 69.8130612244898
455, 0.001937984496124031, 0, 0.00011368081273367104, 0.5, 74.14775510204082
456, 0.000851063829787234, 0, 0.00014023086491071895, 0.5, 77.33877551020409
457, 0.001272264631043257, 0, 0.00013736855894031996, 0.5, 76.30448979591837
458, 0.0014925373134328358, 0, 0.00012884404157656, 0.5, 82.7534693877551
459, 0.010101010101010102, 0, 0.00034545829782687307, 0.5, 72.26367346938775
460, 0.000543773790103317, 0, 7.963664051293957e-05, 0.5, 89.15428571428572
461, 0.0011160714285714285, 0, 6.696683337908575e-05, 0.5, 79.44244897959183
462, 0.000526592943654555, 0, 6.732689448472794e-05, 0.5, 74.17224489795919
463, 0.00012753475322025253, 0, 5.5588252898211e-05, 0.5, 77.63265306122449
464, 0.0012642225031605564, 0, 0.00013148842991173476, 0.5, 78.83510204081632
465, 0.0007651109410864575, 0, 9.943612000748824e-05, 0.5, 76.24244897959184
466, 0.002512562814070352, 0, 0.0001535617218883542, 0.5, 67.2195918367347
467, 0.00044365572315882877, 0, 0.00010221332416285683, 0.5, 69.2595918367347
468, 0.015625, 0, 0.0003995215119477942, 0.5, 69.95591836734694
469, 0.0008944543828264759, 0, 9.160786962114628e-05, 0.5, 65.2669387755102
470, 0.0029940119760479044, 0, 0.00021474479010482315, 0.5, 68.1534693877551
471, 0.0016420361247947454, 0, 0.00019496741877672664, 0.5, 64.31673469387755
472, 0.006622516556291391, 0, 0.00028402677537049025, 0.5, 52.07591836734694
473, 0.045454545454545456, 0, 0.001065882566742146, 0.5, 48.51510204081632
474, 0.0019455252918287938, 0, 0.0002616332828819737, 0.5, 48.59755102040816
475, 0.009708737864077669, 0, 0.0003601164641497752, 0.5, 46.9534693877551
476, 0.004484304932735426, 0, 0.0002924346948434018, 0.5, 46.348571428571425
477, 0.0013550135501355014, 1.000040001600064e-05, 0.000166892028003808, 0.5, 47.241632653061224
478, 0.011235955056179775, 0, 0.0003371158365188575, 0.5, 46.48489795918368
479, 0.0006839945280437756, 1.2921232168699607e-05, 0.00011648142438871568, 0.5, 53.270204081632656
480, 0.003663003663003663, 1.2686169537969706e-05, 0.0002660762497924776, 0.5, 52.093877551020405
481, 0.007142857142857143, 0, 0.0004392655489308, 0.5, 61.89061224489796
482, 0.004694835680751174, 0, 0.0002632802649565068, 0.5, 63.289795918367346
483, 0.0016750418760469012, 1.0288277536574826e-05, 0.00018225776622175698, 0.5, 63.07673469387755
484, 0.002386634844868735, 1.4381660506522083e-05, 0.00017014875261868966, 0.5, 63.59836734693877
485, 0.003436426116838488, 1.0004602116973808e-05, 0.0002401774632286639, 0.5, 67.52897959183673
486, 0.004608294930875576, 0, 0.00030498834396255, 0.5, 71.75755102040816
487, 0.0033333333333333335, 0, 0.00014948753149620454, 0.5, 67.73387755102041
488, 0.010638297872340425, 0, 0.00039133917041168334, 0.5, 77.35755102040817
489, 0.015625, 1.0020642523598614e-05, 0.000756504853685338, 0.5, 71.78285714285714
490, 0.0010482180293501049, 0, 0.00012401923699608224, 0.5, 72.16571428571429
491, 0.0013440860215053765, 0, 0.0002135608587547558, 0.5, 74.25877551020409
492, 0.00102880658436214, 0, 0.00014621229571685546, 0.5, 72.96244897959184
493, 0.0025974025974025974, 0, 0.00016949122422734006, 0.5, 79.44244897959183
494, 0.005681818181818182, 0, 0.00021887410860546894, 0.5, 78.83673469387755
495, 0.0018867924528301887, 1.0060767032878587e-05, 0.00017202013200918125, 0.5, 75.31428571428572
496, 0.002617801047120419, 0, 0.00014617995003281554, 0.5, 62.77142857142857
497, 0.006172839506172839, 0, 0.0005087283310207847, 0.5, 59.21877551020408
498, 0.003194888178913738, 0, 0.0003493373065487573, 0.5, 51.244897959183675
499, 0.0023094688221709007, 0, 0.0002545106206249038, 0.5, 61.18693877551021
