1: 23 0
2: 117 0
3: 662 0
4: 1 0
5: 717 0
6: 349 0
7: 714 0
8: 607 0
9: 0 0
10: 15 0
11: 201 0
12: 193 0
13: 0 0
14: 0 0
15: 686 0
16: 56 0
17: 579 0
18: 0 0
19: 442 0
20: 0 0
21: 520 0
22: 0 0
23: 0 0
24: 23 0
25: 72 0
26: 0 0
27: 532 0
28: 0 0
29: 325 0
30: 5 0
31: 0 0
32: 0 0
33: 0 0
34: 366 0
35: 0 0
36: 0 0
37: 0 0
38: 308 0
39: 243 0
40: 717 0
41: 0 0
42: 0 0
43: 0 0
44: 575 0
45: 2 0
46: 0 0
47: 0 0
48: 133 0
49: 0 0
50: 0 0
51: 96 0
52: 382 0
53: 46 0
54: 0 0
55: 0 0
56: 0 0
57: 0 0
58: 20 0
59: 1 0
60: 0 0
61: 463 0
62: 75 0
63: 0 0
64: 0 0
65: 18 0
66: 0 0
67: 146 0
68: 1 0
69: 0 0
70: 57 0
71: 0 0
72: 61 0
73: 0 0
74: 0 0
75: 260 0
76: 476 0
77: 8 0
78: 715 0
79: 639 0
80: 403 0
81: 0 0
82: 438 0
83: 159 0
84: 716 0
85: 389 0
86: 0 0
87: 66 0
88: 0 0
89: 243 0
90: 115 0
91: 0 0
92: 0 0
93: 0 0
94: 19 0
95: 0 0
96: 36 0
97: 703 0
98: 3 0
99: 1 0
100: 405 0
101: 279 0
102: 287 0
103: 443 0
104: 645 0
105: 122 0
106: 0 0
107: 0 0
108: 0 0
109: 1 0
110: 0 0
111: 1 0
112: 577 1
113: 111 1
114: 0 1
115: 688 1
116: 260 1
117: 0 1
118: 32 1
119: 0 1
120: 130 1
121: 69 1
122: 1 1
123: 109 1
124: 1 1
125: 47 1
126: 55 1
127: 0 1
128: 1 1
129: 0 1
130: 638 1
131: 1 1
132: 0 1
133: 1 1
134: 0 1
135: 0 1
136: 193 1
137: 0 1
138: 716 1
139: 0 1
140: 444 1
141: 369 1
142: 234 1
143: 109 1
144: 168 1
145: 1 1
146: 0 1
147: 1 1
148: 0 1
149: 49 1
150: 0 1
151: 23 1
152: 524 1
153: 0 1
154: 1 1
155: 0 1
156: 0 1
157: 33 1
158: 4 1
159: 335 1
160: 464 1
161: 0 1
162: 84 1
163: 1 1
164: 154 1
165: 0 1
166: 1 1
167: 0 1
168: 1 1
169: 1 1
170: 15 1
171: 1 1
172: 0 1
173: 2 1
174: 617 1
175: 0 1
176: 90 1
177: 711 1
178: 63 1
179: 77 1
180: 27 1
181: 296 1
182: 348 1
183: 0 1
184: 0 1
185: 0 1
186: 0 1
187: 0 1
188: 0 1
189: 1 1
190: 0 1
191: 0 1
192: 1 1
193: 205 1
194: 57 1
195: 0 1
196: 3 1
197: 618 1
198: 654 1
199: 0 1
200: 486 1
201: 0 1
202: 0 1
203: 0 1
204: 1 1
205: 0 1
206: 0 1
207: 0 1
208: 246 1
209: 0 1
210: 293 1
211: 0 1
212: 207 1
213: 0 1
214: 193 1
215: 0 1
216: 0 1
217: 0 1
218: 0 1
219: 0 1
220: 0 1
221: 7 1
222: 0 1
223: 184 1
224: 5 1
225: 673 1
226: 128 1
227: 1 1
228: 0 1
229: 167 1
230: 0 1
231: 0 1
232: 0 1
233: 0 1
234: 0 1
235: 186 1
236: 716 1
237: 117 1
238: 0 1
239: 1 1
240: 169 1
241: 12 1
242: 0 1
243: 606 1
244: 1 1
245: 0 1
246: 2 1
247: 22 1
248: 158 1
249: 72 1
250: 10 1
251: 0 1
252: 0 1
253: 674 1
254: 669 1
255: 0 1
256: 0 1
257: 105 1
258: 716 1
259: 218 1
260: 0 1
261: 0 1
262: 1 1
263: 0 1
264: 716 1
265: 137 1
266: 123 1
267: 0 1
268: 0 1
269: 1 1
270: 0 1
271: 0 1
272: 520 1
273: 645 1
274: 551 1
275: 1 1
276: 617 1
277: 8 1
278: 218 1
279: 172 1
280: 1 1
281: 0 1
282: 1 1
283: 0 1
284: 10 1
285: 69 1
286: 5 1
287: 49 1
288: 54 1
289: 0 1
290: 1 1
291: 0 1
292: 607 1
293: 326 1
294: 135 1
295: 1 1
296: 6 1
297: 610 1
298: 67 1
299: 84 1
300: 24 1
301: 143 1
302: 0 1
303: 163 1
304: 0 1
305: 1 1
306: 82 1
307: 1 1
308: 2 1
309: 381 1
310: 0 1
311: 211 1
312: 321 1
313: 1 0
314: 12 0
315: 440 0
316: 0 0
317: 0 0
318: 0 0
319: 0 0
320: 33 0
321: 213 0
322: 0 0
323: 0 0
324: 0 0
325: 21 0
326: 0 0
327: 0 0
328: 0 0
329: 481 0
330: 327 0
331: 715 0
332: 102 0
333: 99 0
334: 716 0
335: 303 0
336: 716 0
337: 79 0
338: 0 0
339: 529 0
340: 22 0
341: 0 0
342: 507 0
343: 1 0
344: 1 0
345: 14 0
346: 120 0
347: 123 0
348: 11 0
349: 364 0
350: 316 0
351: 529 0
352: 577 0
353: 144 0
354: 573 0
355: 1 0
356: 1 0
357: 0 0
358: 0 0
359: 628 0
360: 10 0
361: 0 0
362: 2 0
363: 145 0
364: 0 0
365: 686 0
366: 0 0
367: 1 0
368: 340 0
369: 30 0
370: 1 0
371: 3 0
372: 1 0
373: 0 0
374: 0 0
375: 0 0
376: 29 0
377: 73 0
378: 130 0
379: 712 0
380: 540 0
381: 202 0
382: 0 0
383: 37 0
384: 26 0
385: 29 0
386: 612 0
387: 0 0
388: 254 0
389: 0 0
390: 8 0
391: 261 0
392: 91 0
393: 140 0
394: 295 0
395: 32 0
396: 347 0
397: 554 0
398: 148 0
399: 693 0
400: 516 0
401: 1 0
402: 200 0
403: 657 0
404: 0 0
405: 146 0
406: 630 0
407: 598 0
408: 0 0
409: 89 0
410: 417 0
411: 3 0
412: 5 0
413: 0 0
414: 0 0
415: 0 0
416: 1 0
417: 711 0
418: 1 0
419: 0 0
420: 124 0
421: 530 0
422: 5 0
423: 1 0
424: 0 0
425: 93 0
426: 293 0
427: 417 0
428: 0 0
429: 0 0
430: 0 0
431: 0 0
432: 29 0
433: 0 0
434: 1 0
435: 0 0
436: 1 0
437: 1 0
438: 716 0
439: 1 0
440: 577 0
441: 0 0
442: 1 0
443: 3 0
444: 1 0
445: 534 0
446: 474 0
447: 1 0
448: 6 0
449: 252 0
450: 0 0
451: 191 0
452: 1 0
453: 350 0
454: 1 0
455: 88 0
456: 169 0
457: 530 0
458: 1 0
459: 0 0
460: 365 0
461: 17 0
462: 1 0
463: 242 0
464: 1 0
465: 256 0
466: 716 0
467: 0 0
468: 1 0
469: 125 0
470: 9 0
471: 1 0
472: 213 0
473: 0 0
474: 0 0
475: 0 0
476: 494 0
477: 581 0
478: 342 0
479: 1 0
480: 0 0
481: 4 0
482: 712 0
483: 297 0
484: 712 0
485: 700 0
486: 182 0
487: 33 0
488: 688 0
489: 716 0
490: 129 0
491: 709 0
492: 56 0
493: 715 0
494: 1 0
495: 1 0
496: 0 0
497: 0 0
498: 464 0
499: 3 0
500: 1 0
