1: 0 1
2: 1 1
3: 6 1
4: 1 1
5: 0 1
6: 1 1
7: 1 1
8: 0 1
9: 33 1
10: 0 1
11: 0 1
12: 0 1
13: 120 1
14: 22 1
15: 6 1
16: 0 1
17: 0 1
18: 0 1
19: 0 1
20: 0 1
21: 0 1
22: 0 1
23: 0 1
24: 263 1
25: 0 1
26: 0 1
27: 1 1
28: 0 1
29: 1 1
30: 0 1
31: 0 1
32: 112 1
33: 152 1
34: 0 1
35: 0 1
36: 0 1
37: 104 1
38: 0 1
39: 119 1
40: 0 1
41: 0 1
42: 0 1
43: 0 1
44: 0 1
45: 0 1
46: 0 1
47: 0 1
48: 0 1
49: 0 1
50: 6 1
51: 1 1
52: 0 1
53: 0 1
54: 0 1
55: 30 1
56: 0 1
57: 0 1
58: 0 1
59: 1 1
60: 0 1
61: 0 1
62: 0 1
63: 138 1
64: 3 1
65: 0 1
66: 292 1
67: 1 1
68: 1 1
69: 0 1
70: 0 1
71: 0 1
72: 0 1
73: 0 1
74: 0 1
75: 0 1
76: 0 1
77: 0 1
78: 1 1
79: 0 1
80: 0 1
81: 22 1
82: 313 1
83: 598 1
84: 481 1
85: 150 1
86: 1 1
87: 0 1
88: 0 1
89: 237 1
90: 0 1
91: 0 1
92: 91 1
93: 0 1
94: 26 1
95: 0 1
96: 0 1
97: 0 1
98: 0 1
99: 0 1
100: 273 1
101: 1 1
102: 29 1
103: 109 1
104: 325 1
105: 523 1
106: 35 1
107: 91 1
108: 78 1
109: 20 1
110: 1 1
111: 0 1
112: 0 1
113: 0 1
114: 0 1
115: 1 1
116: 0 1
117: 1 1
118: 0 1
119: 0 1
120: 0 1
121: 0 1
122: 0 1
123: 0 1
124: 630 1
125: 269 1
126: 396 1
127: 0 1
128: 0 1
129: 616 1
130: 359 1
131: 0 0
132: 2 0
133: 0 0
134: 0 0
135: 0 0
136: 0 0
137: 0 0
138: 152 0
139: 0 0
140: 0 0
141: 15 0
142: 0 0
143: 117 0
144: 0 0
145: 0 0
146: 650 0
147: 140 0
148: 0 0
149: 1 0
150: 715 0
151: 275 0
152: 0 0
153: 362 0
154: 8 0
155: 647 0
156: 0 0
157: 0 0
158: 1 0
159: 0 0
160: 17 0
161: 0 0
162: 338 0
163: 628 0
164: 564 0
165: 0 0
166: 122 0
167: 53 0
168: 211 0
169: 0 0
170: 0 0
171: 0 0
172: 0 0
173: 63 0
174: 66 0
175: 0 0
176: 0 0
177: 0 0
178: 696 0
179: 229 0
180: 608 0
181: 0 0
182: 475 0
183: 716 0
184: 716 0
185: 716 0
186: 713 0
187: 716 0
188: 665 0
189: 0 0
190: 1 0
191: 714 0
192: 3 0
193: 123 0
194: 24 0
195: 405 0
196: 142 0
197: 1 0
198: 0 0
199: 1 0
200: 409 0
201: 17 0
202: 673 0
203: 1 0
204: 0 0
205: 1 0
206: 331 0
207: 35 0
208: 697 0
209: 1 0
210: 0 0
211: 113 0
212: 407 0
213: 170 0
214: 374 0
215: 0 0
216: 1 0
217: 0 0
218: 1 0
219: 0 0
220: 1 0
221: 42 0
222: 1 0
223: 0 0
224: 0 0
225: 170 0
226: 218 0
227: 155 0
228: 0 0
229: 1 0
230: 0 0
231: 0 0
232: 0 0
233: 0 0
234: 541 0
235: 1 0
236: 0 0
237: 71 0
238: 706 0
239: 3 0
240: 1 0
241: 33 0
242: 1 0
243: 1 0
244: 21 0
245: 0 0
246: 0 0
247: 0 0
248: 10 0
249: 0 0
250: 0 0
251: 0 0
252: 0 0
253: 207 0
254: 0 0
255: 1 0
256: 1 0
257: 1 0
258: 1 0
259: 120 0
260: 326 0
261: 1 0
262: 0 0
263: 55 0
264: 389 0
265: 0 0
266: 0 0
267: 1 0
268: 93 0
269: 3 0
270: 305 0
271: 0 0
272: 0 0
273: 0 0
274: 7 0
275: 0 0
276: 4 0
277: 0 0
278: 0 0
279: 0 0
280: 0 0
281: 1 0
282: 1 0
283: 2 0
284: 0 0
285: 14 0
286: 229 0
287: 1 0
288: 1 0
289: 2 0
290: 0 0
291: 0 0
292: 2 0
293: 1 0
294: 0 0
295: 654 0
296: 121 0
297: 0 0
298: 223 0
299: 0 0
300: 0 0
301: 709 0
302: 58 0
303: 59 0
304: 0 0
305: 650 0
306: 1 0
307: 119 0
308: 575 0
309: 1 0
310: 0 0
311: 373 0
312: 310 0
313: 1 0
314: 0 0
315: 1 0
316: 165 0
317: 452 0
318: 0 0
319: 0 0
320: 713 0
321: 297 0
322: 621 0
323: 0 0
324: 85 0
325: 0 0
326: 0 0
327: 5 0
328: 1 0
329: 402 0
330: 297 0
331: 0 0
332: 0 0
333: 0 0
334: 0 1
335: 1 1
336: 0 1
337: 0 1
338: 2 1
339: 1 1
340: 1 1
341: 0 1
342: 1 1
343: 1 1
344: 0 1
345: 0 1
346: 0 1
347: 464 1
348: 1 1
349: 322 1
350: 203 1
351: 144 1
352: 0 1
353: 677 1
354: 0 1
355: 86 1
356: 0 1
357: 0 1
358: 9 1
359: 1 1
360: 1 1
361: 26 1
362: 1 1
363: 1 1
364: 1 1
365: 56 1
366: 0 1
367: 410 1
368: 89 1
369: 0 1
370: 0 1
371: 83 1
372: 1 1
373: 0 1
374: 0 1
375: 0 1
376: 1 1
377: 710 1
378: 56 1
379: 634 1
380: 104 1
381: 1 1
382: 0 1
383: 0 1
384: 84 1
385: 1 1
386: 31 1
387: 0 1
388: 251 1
389: 103 1
390: 0 1
391: 108 1
392: 81 1
393: 0 1
394: 603 1
395: 0 1
396: 680 1
397: 1 1
398: 532 1
399: 112 1
400: 1 1
401: 708 1
402: 2 1
403: 0 1
404: 31 1
405: 622 1
406: 49 1
407: 0 1
408: 1 1
409: 717 1
410: 1 1
411: 0 1
412: 1 1
413: 685 1
414: 0 1
415: 168 1
416: 16 1
417: 347 1
418: 716 1
419: 0 1
420: 323 1
421: 69 1
422: 401 1
423: 717 1
424: 717 1
425: 717 1
426: 717 1
427: 716 1
428: 716 1
429: 716 1
430: 717 1
431: 716 1
432: 716 1
433: 655 1
434: 716 1
435: 716 1
436: 0 1
437: 716 1
438: 717 1
439: 716 1
440: 717 1
441: 716 1
442: 716 1
443: 717 1
444: 716 1
445: 717 1
446: 717 1
447: 716 1
448: 713 1
449: 716 1
450: 716 1
451: 717 1
452: 717 1
453: 385 1
454: 717 1
455: 134 1
456: 708 1
457: 676 1
458: 545 1
459: 716 1
460: 0 1
461: 229 1
462: 714 1
463: 710 1
464: 712 1
465: 185 1
466: 717 1
467: 704 1
468: 447 1
469: 478 1
470: 566 1
471: 717 1
472: 717 1
473: 467 1
474: 716 1
475: 712 1
476: 712 1
477: 504 1
478: 680 1
479: 716 1
480: 0 1
481: 1 1
482: 717 1
483: 716 1
484: 0 1
485: 681 1
486: 302 1
487: 143 1
488: 715 1
489: 119 1
490: 264 1
491: 500 1
492: 0 1
493: 0 1
494: 0 1
495: 573 1
496: 91 1
497: 717 1
498: 534 1
499: 716 1
500: 211 1
