1: 704 0
2: 132 0
3: 7 0
4: 195 0
5: 45 0
6: 678 0
7: 30 0
8: 0 0
9: 269 0
10: 98 0
11: 0 0
12: 13 0
13: 716 0
14: 689 0
15: 158 0
16: 578 0
17: 426 0
18: 706 0
19: 0 0
20: 705 0
21: 112 0
22: 715 0
23: 615 0
24: 716 0
25: 477 0
26: 350 0
27: 4 0
28: 703 0
29: 0 0
30: 710 0
31: 258 0
32: 252 0
33: 699 0
34: 716 0
35: 607 0
36: 313 0
37: 711 0
38: 716 0
39: 716 0
40: 716 0
41: 716 0
42: 716 0
43: 716 0
44: 51 0
45: 704 0
46: 716 0
47: 715 0
48: 512 0
49: 0 0
50: 586 0
51: 105 0
52: 671 0
53: 716 0
54: 45 0
55: 483 0
56: 706 0
57: 667 0
58: 649 0
59: 716 0
60: 716 0
61: 623 0
62: 483 0
63: 397 0
64: 523 0
65: 0 0
66: 175 0
67: 1 0
68: 716 0
69: 93 0
70: 665 0
71: 711 0
72: 716 0
73: 264 0
74: 713 0
75: 259 0
76: 242 0
77: 0 0
78: 456 0
79: 331 0
80: 716 0
81: 3 0
82: 1 0
83: 309 0
84: 86 0
85: 716 0
86: 200 0
87: 652 0
88: 716 0
89: 1 0
90: 34 0
91: 716 0
92: 717 0
93: 312 0
94: 1 0
95: 3 0
96: 0 0
97: 392 0
98: 0 0
99: 584 0
100: 219 0
101: 437 0
102: 0 0
103: 0 0
104: 716 0
105: 189 0
106: 1 0
107: 13 0
108: 347 0
109: 715 0
110: 17 0
111: 605 0
112: 1 0
113: 1 0
114: 0 0
115: 11 0
116: 0 0
117: 126 0
118: 62 0
119: 716 0
120: 1 0
121: 470 1
122: 0 1
123: 0 1
124: 40 1
125: 43 1
126: 0 1
127: 1 1
128: 0 1
129: 0 1
130: 0 1
131: 237 1
132: 0 1
133: 0 1
134: 128 1
135: 0 1
136: 188 1
137: 0 1
138: 401 1
139: 155 1
140: 0 1
141: 0 1
142: 15 1
143: 715 1
144: 0 1
145: 0 1
146: 316 1
147: 35 1
148: 33 1
149: 0 1
150: 213 1
151: 540 1
152: 137 1
153: 620 1
154: 112 1
155: 469 1
156: 236 1
157: 0 1
158: 56 1
159: 128 1
160: 692 1
161: 228 1
162: 716 1
163: 1 1
164: 0 1
165: 0 1
166: 0 1
167: 149 1
168: 179 1
169: 127 1
170: 403 1
171: 716 1
172: 560 1
173: 713 1
174: 413 1
175: 173 1
176: 1 1
177: 49 1
178: 458 1
179: 1 1
180: 202 1
181: 640 1
182: 489 1
183: 372 1
184: 229 1
185: 301 1
186: 137 1
187: 0 1
188: 375 1
189: 287 1
190: 51 1
191: 269 1
192: 573 1
193: 229 1
194: 139 1
195: 135 1
196: 103 1
197: 640 1
198: 0 1
199: 306 1
200: 0 1
201: 4 1
202: 9 1
203: 263 1
204: 15 1
205: 97 1
206: 131 1
207: 6 1
208: 138 1
209: 118 1
210: 567 1
211: 40 1
212: 687 1
213: 1 1
214: 4 1
215: 0 1
216: 144 1
217: 319 1
218: 322 1
219: 64 1
220: 39 1
221: 129 1
222: 164 1
223: 174 1
224: 545 1
225: 19 1
226: 21 1
227: 121 1
228: 1 1
229: 0 1
230: 1 1
231: 716 1
232: 638 1
233: 716 1
234: 1 1
235: 3 1
236: 608 1
237: 266 1
238: 0 1
239: 50 1
240: 8 1
241: 339 1
242: 0 1
243: 3 1
244: 282 1
245: 212 1
246: 153 1
247: 332 1
248: 0 1
249: 665 1
250: 0 1
251: 321 1
252: 638 1
253: 0 1
254: 1 1
255: 0 1
256: 98 1
257: 594 1
258: 649 1
259: 376 1
260: 277 1
261: 4 1
262: 239 1
263: 278 1
264: 698 1
265: 712 1
266: 679 1
267: 500 1
268: 716 1
269: 505 1
270: 706 1
271: 701 1
272: 543 1
273: 1 1
274: 372 1
275: 705 1
276: 61 1
277: 81 1
278: 114 1
279: 373 1
280: 242 1
281: 2 1
282: 700 1
283: 681 1
284: 153 1
285: 0 1
286: 2 1
287: 0 1
288: 0 1
289: 717 1
290: 713 1
291: 242 1
292: 696 1
293: 109 1
294: 107 1
295: 256 1
296: 702 1
297: 151 1
298: 549 1
299: 7 1
300: 233 1
301: 8 1
302: 0 1
303: 30 1
304: 0 1
305: 0 1
306: 439 1
307: 1 1
308: 5 1
309: 596 1
310: 706 1
311: 21 1
312: 0 1
313: 0 1
314: 578 1
315: 0 1
316: 25 1
317: 168 1
318: 45 1
319: 2 1
320: 476 1
321: 129 0
322: 650 0
323: 1 0
324: 715 0
325: 715 0
326: 715 0
327: 165 0
328: 711 0
329: 680 0
330: 706 0
331: 147 0
332: 283 0
333: 35 0
334: 15 0
335: 0 0
336: 0 0
337: 298 0
338: 119 0
339: 33 0
340: 506 0
341: 1 0
342: 8 0
343: 307 0
344: 580 0
345: 0 0
346: 0 0
347: 35 0
348: 676 0
349: 353 0
350: 163 0
351: 0 0
352: 478 0
353: 0 0
354: 42 0
355: 714 0
356: 0 0
357: 715 0
358: 515 0
359: 558 0
360: 629 0
361: 460 0
362: 0 0
363: 0 0
364: 1 0
365: 35 0
366: 1 0
367: 691 0
368: 0 0
369: 671 0
370: 716 0
371: 356 0
372: 24 0
373: 1 0
374: 1 0
375: 1 0
376: 396 0
377: 513 0
378: 249 0
379: 5 0
380: 0 0
381: 0 0
382: 542 0
383: 692 0
384: 681 0
385: 18 0
386: 714 0
387: 350 0
388: 182 0
389: 328 0
390: 715 0
391: 592 0
392: 679 0
393: 715 0
394: 31 0
395: 716 0
396: 342 0
397: 96 0
398: 715 0
399: 485 0
400: 715 0
401: 715 0
402: 269 0
403: 470 0
404: 668 0
405: 715 0
406: 4 0
407: 1 0
408: 3 0
409: 1 0
410: 716 0
411: 252 0
412: 549 0
413: 1 0
414: 41 0
415: 5 0
416: 713 0
417: 714 0
418: 688 0
419: 404 0
420: 528 0
421: 593 0
422: 463 0
423: 715 0
424: 714 0
425: 0 0
426: 436 0
427: 715 0
428: 710 0
429: 702 0
430: 715 0
431: 691 0
432: 715 0
433: 712 0
434: 712 0
435: 713 0
436: 711 0
437: 715 0
438: 715 0
439: 715 0
440: 209 0
441: 208 0
442: 716 0
443: 682 0
444: 715 0
445: 695 0
446: 715 0
447: 715 0
448: 715 0
449: 255 0
450: 270 0
451: 553 0
452: 644 0
453: 245 0
454: 1 0
455: 1 0
456: 171 0
457: 0 0
458: 223 0
459: 80 0
460: 1 0
461: 714 0
462: 660 0
463: 101 0
464: 650 0
465: 273 0
466: 709 0
467: 705 0
468: 694 0
469: 327 0
470: 1 0
471: 661 0
472: 714 0
473: 713 0
474: 714 0
475: 664 0
476: 314 0
477: 299 0
478: 1 0
479: 224 0
480: 716 0
481: 226 0
482: 1 0
483: 289 0
484: 134 0
485: 288 0
486: 0 0
487: 698 0
488: 715 0
489: 456 0
490: 1 0
491: 506 0
492: 3 0
493: 260 0
494: 659 0
495: 178 0
496: 334 0
497: 712 0
498: 160 0
499: 422 0
500: 338 0
