1: 261 0
2: 1 0
3: 6 0
4: 139 0
5: 1 0
6: 0 0
7: 178 0
8: 2 0
9: 1 0
10: 0 0
11: 23 0
12: 230 0
13: 5 0
14: 22 0
15: 0 0
16: 63 0
17: 74 0
18: 1 0
19: 3 0
20: 0 0
21: 0 0
22: 131 0
23: 180 0
24: 0 0
25: 200 0
26: 0 0
27: 0 0
28: 0 0
29: 0 0
30: 0 0
31: 0 0
32: 0 0
33: 76 0
34: 0 0
35: 0 0
36: 0 0
37: 0 0
38: 1 0
39: 0 0
40: 0 0
41: 0 0
42: 0 0
43: 0 0
44: 0 0
45: 0 0
46: 2 0
47: 0 0
48: 7 0
49: 0 0
50: 0 0
51: 0 0
52: 0 0
53: 0 0
54: 0 0
55: 0 0
56: 0 0
57: 0 0
58: 0 0
59: 0 0
60: 0 0
61: 0 0
62: 0 0
63: 0 0
64: 0 0
65: 0 0
66: 0 0
67: 0 0
68: 1 0
69: 0 0
70: 0 0
71: 0 0
72: 0 0
73: 0 0
74: 47 0
75: 0 0
76: 0 0
77: 0 0
78: 1 0
79: 1 0
80: 145 0
81: 74 0
82: 712 0
83: 0 0
84: 8 0
85: 0 0
86: 0 0
87: 0 0
88: 265 0
89: 175 0
90: 0 0
91: 12 0
92: 442 0
93: 617 0
94: 236 0
95: 0 0
96: 0 0
97: 0 0
98: 175 0
99: 351 0
100: 1 0
101: 1 0
102: 0 0
103: 1 0
104: 2 0
105: 393 0
106: 0 0
107: 321 0
108: 80 0
109: 0 0
110: 0 0
111: 75 0
112: 83 0
113: 0 0
114: 0 0
115: 0 0
116: 10 0
117: 1 0
118: 27 0
119: 16 0
120: 0 0
121: 568 0
122: 715 0
123: 716 0
124: 715 0
125: 244 0
126: 324 0
127: 6 0
128: 0 0
129: 1 0
130: 249 0
131: 1 0
132: 335 0
133: 0 0
134: 0 0
135: 0 0
136: 55 0
137: 1 0
138: 586 0
139: 0 0
140: 504 0
141: 0 0
142: 7 0
143: 0 0
144: 0 0
145: 441 0
146: 18 0
147: 40 0
148: 1 0
149: 1 0
150: 0 0
151: 0 0
152: 0 0
153: 2 0
154: 212 0
155: 716 0
156: 130 0
157: 0 0
158: 8 0
159: 1 0
160: 0 0
161: 0 0
162: 0 0
163: 1 0
164: 0 0
165: 28 0
166: 0 0
167: 21 0
168: 0 0
169: 0 0
170: 1 0
171: 0 0
172: 34 0
173: 0 0
174: 2 0
175: 9 0
176: 0 0
177: 0 0
178: 0 0
179: 1 0
180: 1 0
181: 0 0
182: 245 0
183: 0 0
184: 11 0
185: 0 0
186: 0 0
187: 12 1
188: 0 1
189: 229 1
190: 91 1
191: 0 1
192: 285 1
193: 12 1
194: 146 1
195: 90 1
196: 2 1
197: 99 1
198: 0 1
199: 0 1
200: 612 1
201: 1 1
202: 0 1
203: 0 1
204: 0 1
205: 0 1
206: 0 1
207: 0 1
208: 0 1
209: 0 1
210: 17 1
211: 0 1
212: 0 1
213: 0 1
214: 0 1
215: 1 1
216: 1 1
217: 1 1
218: 1 1
219: 0 1
220: 1 1
221: 0 1
222: 1 1
223: 0 1
224: 0 1
225: 0 1
226: 1 1
227: 61 1
228: 1 1
229: 1 1
230: 0 1
231: 0 1
232: 124 1
233: 0 1
234: 0 1
235: 1 1
236: 3 1
237: 1 1
238: 0 1
239: 0 1
240: 1 1
241: 1 1
242: 1 1
243: 0 1
244: 1 1
245: 1 1
246: 0 1
247: 0 1
248: 0 1
249: 0 1
250: 70 1
251: 0 1
252: 166 1
253: 13 1
254: 0 1
255: 11 1
256: 76 1
257: 133 1
258: 1 1
259: 1 1
260: 121 1
261: 0 1
262: 634 1
263: 716 1
264: 0 1
265: 0 1
266: 0 1
267: 1 1
268: 0 1
269: 84 1
270: 449 1
271: 377 1
272: 1 1
273: 431 1
274: 640 1
275: 1 1
276: 0 1
277: 1 1
278: 0 1
279: 0 1
280: 0 1
281: 0 1
282: 0 1
283: 0 1
284: 0 1
285: 0 1
286: 1 1
287: 0 1
288: 0 1
289: 0 1
290: 0 1
291: 0 1
292: 0 1
293: 0 1
294: 0 1
295: 1 1
296: 1 1
297: 0 1
298: 0 1
299: 1 1
300: 0 1
301: 0 1
302: 1 1
303: 0 1
304: 0 1
305: 0 1
306: 0 1
307: 1 1
308: 0 1
309: 1 1
310: 0 1
311: 0 1
312: 269 1
313: 1 1
314: 0 1
315: 0 1
316: 0 1
317: 0 1
318: 0 1
319: 1 1
320: 0 1
321: 0 1
322: 0 1
323: 0 1
324: 0 1
325: 0 1
326: 0 1
327: 24 1
328: 0 1
329: 1 1
330: 0 1
331: 0 1
332: 4 1
333: 0 1
334: 0 1
335: 0 1
336: 0 1
337: 1 1
338: 0 1
339: 0 1
340: 0 1
341: 0 1
342: 0 1
343: 0 1
344: 0 1
345: 109 1
346: 0 1
347: 1 1
348: 0 1
349: 1 1
350: 0 1
351: 1 1
352: 0 1
353: 1 1
354: 0 1
355: 0 1
356: 0 1
357: 0 1
358: 0 1
359: 0 1
360: 0 1
361: 1 1
362: 0 1
363: 0 1
364: 0 1
365: 0 1
366: 1 1
367: 0 1
368: 0 1
369: 1 1
370: 0 1
371: 1 1
372: 0 1
373: 0 1
374: 0 1
375: 0 1
376: 1 1
377: 0 1
378: 0 1
379: 0 1
380: 0 1
381: 1 1
382: 0 1
383: 63 1
384: 112 1
385: 1 1
386: 1 1
387: 0 1
388: 0 1
389: 0 1
390: 0 1
391: 0 0
392: 0 0
393: 0 0
394: 0 0
395: 0 0
396: 0 0
397: 0 0
398: 0 0
399: 0 0
400: 0 0
401: 7 0
402: 422 0
403: 81 0
404: 1 0
405: 0 0
406: 0 0
407: 0 0
408: 1 0
409: 0 0
410: 0 0
411: 1 0
412: 0 0
413: 1 0
414: 0 0
415: 1 0
416: 0 0
417: 0 0
418: 4 0
419: 238 0
420: 0 0
421: 1 0
422: 0 0
423: 0 0
424: 503 0
425: 3 0
426: 641 0
427: 98 0
428: 1 0
429: 4 0
430: 1 0
431: 0 0
432: 1 0
433: 1 0
434: 0 0
435: 1 0
436: 1 0
437: 0 0
438: 0 0
439: 5 0
440: 0 0
441: 0 0
442: 0 0
443: 1 0
444: 0 0
445: 0 0
446: 0 0
447: 0 0
448: 1 0
449: 1 0
450: 1 0
451: 0 0
452: 0 0
453: 9 0
454: 0 0
455: 0 0
456: 230 0
457: 0 0
458: 79 0
459: 0 0
460: 9 0
461: 0 0
462: 702 0
463: 0 0
464: 1 0
465: 16 0
466: 7 0
467: 1 0
468: 1 0
469: 10 0
470: 108 0
471: 0 0
472: 0 0
473: 10 0
474: 9 0
475: 483 0
476: 629 0
477: 151 0
478: 81 0
479: 97 0
480: 0 0
481: 0 0
482: 1 0
483: 0 0
484: 28 0
485: 1 0
486: 1 0
487: 1 0
488: 461 0
489: 1 0
490: 1 0
491: 111 0
492: 98 0
493: 0 0
494: 1 0
495: 223 0
496: 419 0
497: 0 0
498: 27 0
499: 0 0
500: 0 0
