1: 24 1
2: 448 1
3: 288 1
4: 0 1
5: 717 1
6: 49 1
7: 36 1
8: 473 1
9: 0 1
10: 184 1
11: 522 1
12: 643 1
13: 159 1
14: 716 1
15: 1 1
16: 0 1
17: 68 1
18: 207 1
19: 714 1
20: 497 1
21: 459 1
22: 2 1
23: 685 1
24: 625 1
25: 579 1
26: 540 1
27: 708 1
28: 608 1
29: 87 1
30: 208 1
31: 369 1
32: 716 1
33: 582 1
34: 289 1
35: 32 1
36: 0 1
37: 716 1
38: 704 1
39: 578 1
40: 716 1
41: 0 1
42: 0 1
43: 0 1
44: 715 1
45: 6 1
46: 681 1
47: 688 1
48: 102 1
49: 8 1
50: 21 1
51: 2 1
52: 2 1
53: 632 1
54: 0 1
55: 0 1
56: 123 1
57: 507 1
58: 542 1
59: 249 1
60: 647 1
61: 547 1
62: 544 1
63: 335 1
64: 5 1
65: 516 1
66: 142 1
67: 6 1
68: 0 1
69: 547 1
70: 39 1
71: 0 1
72: 2 1
73: 400 1
74: 431 1
75: 641 1
76: 58 1
77: 615 1
78: 716 1
79: 29 1
80: 0 1
81: 379 1
82: 5 1
83: 0 1
84: 265 1
85: 174 1
86: 685 1
87: 226 1
88: 0 1
89: 0 1
90: 86 1
91: 704 1
92: 716 1
93: 129 1
94: 0 1
95: 6 1
96: 179 1
97: 665 1
98: 593 1
99: 698 1
100: 706 1
101: 716 1
102: 667 1
103: 412 1
104: 270 1
105: 716 1
106: 480 1
107: 1 1
108: 716 1
109: 17 1
110: 716 1
111: 107 1
112: 716 1
113: 177 1
114: 714 1
115: 1 1
116: 1 1
117: 5 1
118: 716 1
119: 615 1
120: 181 1
121: 715 1
122: 144 0
123: 0 0
124: 198 0
125: 715 0
126: 0 0
127: 716 0
128: 0 0
129: 716 0
130: 616 0
131: 717 0
132: 72 0
133: 716 0
134: 716 0
135: 716 0
136: 715 0
137: 716 0
138: 716 0
139: 709 0
140: 716 0
141: 103 0
142: 630 0
143: 716 0
144: 369 0
145: 716 0
146: 716 0
147: 716 0
148: 717 0
149: 280 0
150: 710 0
151: 716 0
152: 682 0
153: 716 0
154: 154 0
155: 331 0
156: 703 0
157: 499 0
158: 714 0
159: 300 0
160: 635 0
161: 706 0
162: 717 0
163: 716 0
164: 5 0
165: 0 0
166: 690 0
167: 0 0
168: 0 0
169: 1 0
170: 523 0
171: 36 0
172: 0 0
173: 0 0
174: 0 0
175: 317 0
176: 1 0
177: 20 0
178: 0 0
179: 112 0
180: 154 0
181: 0 0
182: 688 0
183: 223 0
184: 0 0
185: 1 0
186: 139 0
187: 141 0
188: 251 0
189: 3 0
190: 1 0
191: 0 0
192: 1 0
193: 0 0
194: 1 0
195: 0 0
196: 0 0
197: 0 0
198: 100 0
199: 0 0
200: 17 0
201: 60 0
202: 0 0
203: 0 0
204: 0 0
205: 0 0
206: 2 0
207: 0 0
208: 1 0
209: 1 0
210: 0 0
211: 0 0
212: 0 0
213: 0 0
214: 0 0
215: 0 0
216: 0 0
217: 0 0
218: 2 0
219: 0 0
220: 69 0
221: 1 0
222: 1 0
223: 1 0
224: 1 0
225: 0 0
226: 0 0
227: 0 0
228: 0 0
229: 1 0
230: 0 0
231: 619 0
232: 259 0
233: 25 0
234: 716 0
235: 0 0
236: 0 0
237: 0 0
238: 564 0
239: 0 0
240: 0 0
241: 0 0
242: 0 0
243: 1 0
244: 1 0
245: 0 0
246: 1 0
247: 1 0
248: 0 0
249: 0 0
250: 1 0
251: 0 0
252: 1 0
253: 0 0
254: 0 0
255: 0 0
256: 0 0
257: 0 0
258: 1 0
259: 0 0
260: 0 0
261: 1 0
262: 1 0
263: 0 0
264: 1 0
265: 0 0
266: 522 0
267: 0 0
268: 1 0
269: 143 0
270: 1 0
271: 0 0
272: 0 0
273: 0 0
274: 0 0
275: 0 0
276: 0 0
277: 0 0
278: 0 0
279: 0 0
280: 0 0
281: 1 0
282: 0 0
283: 1 0
284: 0 0
285: 0 0
286: 1 0
287: 0 0
288: 1 0
289: 0 0
290: 0 0
291: 1 0
292: 1 0
293: 1 0
294: 0 0
295: 0 0
296: 0 0
297: 0 0
298: 0 0
299: 0 0
300: 0 0
301: 0 0
302: 1 0
303: 0 0
304: 0 0
305: 0 0
306: 1 0
307: 0 0
308: 0 0
309: 1 0
310: 21 0
311: 0 0
312: 1 0
313: 0 0
314: 0 0
315: 0 0
316: 0 0
317: 1 0
318: 0 0
319: 1 0
320: 0 0
321: 0 0
322: 0 0
323: 0 0
324: 0 0
325: 0 1
326: 0 1
327: 0 1
328: 1 1
329: 1 1
330: 0 1
331: 3 1
332: 0 1
333: 1 1
334: 1 1
335: 0 1
336: 1 1
337: 0 1
338: 0 1
339: 0 1
340: 0 1
341: 0 1
342: 0 1
343: 0 1
344: 0 1
345: 0 1
346: 20 1
347: 0 1
348: 1 1
349: 0 1
350: 1 1
351: 1 1
352: 1 1
353: 0 1
354: 0 1
355: 35 1
356: 0 1
357: 0 1
358: 0 1
359: 0 1
360: 0 1
361: 0 1
362: 0 1
363: 0 1
364: 0 1
365: 0 1
366: 0 1
367: 0 1
368: 1 1
369: 0 1
370: 0 1
371: 0 1
372: 0 1
373: 0 1
374: 1 1
375: 0 1
376: 0 1
377: 0 1
378: 0 1
379: 0 1
380: 0 1
381: 0 1
382: 1 1
383: 0 1
384: 0 1
385: 1 1
386: 0 1
387: 0 1
388: 0 1
389: 0 1
390: 0 1
391: 0 1
392: 0 1
393: 0 1
394: 0 1
395: 0 1
396: 0 1
397: 0 1
398: 0 1
399: 0 1
400: 0 1
401: 1 1
402: 0 1
403: 0 1
404: 0 1
405: 1 1
406: 0 1
407: 0 1
408: 1 1
409: 0 1
410: 0 1
411: 0 1
412: 1 1
413: 0 1
414: 0 1
415: 0 1
416: 0 1
417: 0 1
418: 0 1
419: 1 1
420: 0 1
421: 0 1
422: 0 1
423: 0 1
424: 0 1
425: 0 1
426: 0 1
427: 0 1
428: 0 1
429: 0 1
430: 0 1
431: 0 1
432: 0 1
433: 0 1
434: 1 1
435: 1 1
436: 0 1
437: 0 1
438: 0 1
439: 0 1
440: 0 1
441: 0 1
442: 0 1
443: 0 1
444: 0 1
445: 0 1
446: 0 1
447: 1 1
448: 0 1
449: 1 1
450: 0 1
451: 1 1
452: 0 1
453: 0 1
454: 0 1
455: 0 1
456: 0 1
457: 0 1
458: 0 1
459: 0 1
460: 0 1
461: 22 1
462: 0 1
463: 0 1
464: 0 1
465: 100 1
466: 0 1
467: 0 1
468: 1 1
469: 0 1
470: 0 1
471: 143 1
472: 0 1
473: 0 1
474: 0 1
475: 0 1
476: 0 1
477: 0 1
478: 0 1
479: 0 1
480: 0 1
481: 0 1
482: 0 1
483: 1 1
484: 0 1
485: 0 1
486: 0 1
487: 0 1
488: 1 1
489: 0 1
490: 0 1
491: 0 1
492: 0 1
493: 0 1
494: 0 1
495: 1 1
496: 0 1
497: 1 1
498: 0 1
499: 0 1
500: 0 1
