1: 1 1
2: 2 1
3: 0 1
4: 0 1
5: 0 1
6: 0 1
7: 0 1
8: 0 1
9: 1 1
10: 0 1
11: 0 1
12: 0 1
13: 0 1
14: 0 1
15: 0 1
16: 0 1
17: 0 1
18: 0 1
19: 0 1
20: 0 1
21: 0 1
22: 0 1
23: 0 1
24: 2 1
25: 0 1
26: 0 1
27: 0 1
28: 0 1
29: 30 1
30: 0 1
31: 0 1
32: 0 1
33: 6 1
34: 0 1
35: 28 1
36: 0 1
37: 0 1
38: 1 1
39: 0 1
40: 0 1
41: 20 1
42: 0 1
43: 0 1
44: 0 1
45: 0 1
46: 0 1
47: 0 1
48: 0 1
49: 0 1
50: 0 1
51: 1 1
52: 0 1
53: 0 1
54: 0 1
55: 0 1
56: 0 1
57: 0 1
58: 0 1
59: 0 1
60: 0 1
61: 0 1
62: 0 1
63: 0 1
64: 0 1
65: 0 1
66: 0 1
67: 0 1
68: 29 1
69: 1 1
70: 0 1
71: 0 1
72: 0 1
73: 0 1
74: 0 1
75: 0 1
76: 0 1
77: 0 1
78: 0 1
79: 0 1
80: 0 1
81: 0 1
82: 0 1
83: 0 1
84: 0 1
85: 0 1
86: 0 1
87: 0 1
88: 0 1
89: 7 1
90: 0 1
91: 0 1
92: 14 1
93: 0 1
94: 0 1
95: 0 1
96: 0 1
97: 0 1
98: 0 1
99: 0 1
100: 0 1
101: 0 1
102: 1 1
103: 5 1
104: 0 1
105: 0 1
106: 0 1
107: 1 1
108: 0 1
109: 0 1
110: 1 1
111: 0 1
112: 0 1
113: 0 1
114: 0 1
115: 1 1
116: 1 1
117: 0 1
118: 0 1
119: 0 1
120: 0 1
121: 1 1
122: 0 1
123: 0 1
124: 0 1
125: 0 1
126: 0 1
127: 0 1
128: 0 1
129: 1 1
130: 0 1
131: 0 1
132: 0 1
133: 0 1
134: 0 1
135: 0 1
136: 1 1
137: 0 1
138: 0 1
139: 0 1
140: 0 1
141: 1 1
142: 0 1
143: 0 1
144: 0 1
145: 0 1
146: 0 1
147: 0 1
148: 0 1
149: 1 1
150: 0 1
151: 59 1
152: 0 1
153: 3 1
154: 0 1
155: 0 1
156: 11 1
157: 1 1
158: 0 1
159: 1 1
160: 0 1
161: 1 1
162: 0 1
163: 1 1
164: 0 1
165: 0 1
166: 0 1
167: 0 1
168: 0 1
169: 1 1
170: 0 1
171: 0 1
172: 0 1
173: 0 1
174: 1 1
175: 0 1
176: 0 0
177: 1 0
178: 1 0
179: 0 0
180: 1 0
181: 0 0
182: 1 0
183: 1 0
184: 1 0
185: 0 0
186: 1 0
187: 0 0
188: 0 0
189: 0 0
190: 0 0
191: 0 0
192: 0 0
193: 0 0
194: 0 0
195: 0 0
196: 1 0
197: 15 0
198: 0 0
199: 0 0
200: 0 0
201: 0 0
202: 13 0
203: 47 0
204: 0 0
205: 10 0
206: 65 0
207: 0 0
208: 33 0
209: 5 0
210: 7 0
211: 5 0
212: 25 0
213: 0 0
214: 1 0
215: 54 0
216: 72 0
217: 13 0
218: 7 0
219: 9 0
220: 80 0
221: 13 0
222: 19 0
223: 12 0
224: 5 0
225: 3 0
226: 64 0
227: 21 0
228: 27 0
229: 53 0
230: 74 0
231: 63 0
232: 27 0
233: 0 0
234: 38 0
235: 15 0
236: 37 0
237: 0 0
238: 19 0
239: 65 0
240: 23 0
241: 49 0
242: 24 0
243: 0 0
244: 0 0
245: 11 0
246: 73 0
247: 6 0
248: 13 0
249: 3 0
250: 1 0
251: 3 0
252: 17 0
253: 8 0
254: 61 0
255: 31 0
256: 17 0
257: 21 0
258: 2 0
259: 55 0
260: 44 0
261: 56 0
262: 60 0
263: 81 0
264: 0 0
265: 1 0
266: 1 0
267: 0 0
268: 1 0
269: 0 0
270: 1 0
271: 0 0
272: 0 0
273: 1 0
274: 0 0
275: 0 0
276: 61 0
277: 1 0
278: 0 0
279: 0 0
280: 0 0
281: 0 0
282: 0 0
283: 1 0
284: 1 0
285: 0 0
286: 1 0
287: 0 0
288: 20 0
289: 0 0
290: 1 0
291: 0 0
292: 1 0
293: 49 0
294: 0 0
295: 60 0
296: 1 0
297: 0 0
298: 0 0
299: 0 0
300: 0 0
301: 0 0
302: 0 0
303: 0 0
304: 1 0
305: 0 0
306: 0 0
307: 1 0
308: 0 0
309: 0 0
310: 0 0
311: 0 0
312: 0 0
313: 0 0
314: 0 0
315: 1 0
316: 0 0
317: 1 0
318: 0 0
319: 0 0
320: 0 0
321: 0 0
322: 0 0
323: 0 0
324: 0 0
325: 0 0
326: 0 0
327: 0 0
328: 0 0
329: 0 0
330: 0 0
331: 0 0
332: 1 0
333: 0 0
334: 20 0
335: 56 0
336: 0 0
337: 0 0
338: 0 0
339: 0 0
340: 0 0
341: 0 0
342: 0 0
343: 0 0
344: 0 0
345: 0 0
346: 0 0
347: 0 0
348: 1 0
349: 1 0
350: 1 0
351: 1 0
352: 0 0
353: 1 0
354: 1 0
355: 0 0
356: 0 0
357: 0 0
358: 0 0
359: 0 0
360: 0 0
361: 0 0
362: 5 0
363: 0 0
364: 0 0
365: 0 0
366: 0 0
367: 0 0
368: 0 0
369: 0 0
370: 0 0
371: 0 0
372: 0 0
373: 0 0
374: 0 0
375: 0 0
376: 0 0
377: 0 0
378: 8 0
379: 0 0
380: 0 1
381: 0 1
382: 0 1
383: 0 1
384: 1 1
385: 0 1
386: 1 1
387: 0 1
388: 1 1
389: 0 1
390: 0 1
391: 16 1
392: 0 1
393: 0 1
394: 2 1
395: 71 1
396: 1 1
397: 38 1
398: 0 1
399: 0 1
400: 48 1
401: 0 1
402: 0 1
403: 0 1
404: 0 1
405: 0 1
406: 0 1
407: 0 1
408: 9 1
409: 0 1
410: 0 1
411: 0 1
412: 0 1
413: 1 1
414: 0 1
415: 0 1
416: 0 1
417: 0 1
418: 39 1
419: 1 1
420: 0 1
421: 0 1
422: 0 1
423: 0 1
424: 0 1
425: 0 1
426: 0 1
427: 0 1
428: 0 1
429: 0 1
430: 0 1
431: 0 1
432: 0 1
433: 0 1
434: 0 1
435: 1 1
436: 1 1
437: 0 1
438: 0 1
439: 2 1
440: 0 1
441: 0 1
442: 0 1
443: 0 1
444: 0 1
445: 0 1
446: 0 1
447: 0 1
448: 0 1
449: 0 1
450: 1 1
451: 0 1
452: 1 1
453: 0 1
454: 0 1
455: 0 1
456: 46 1
457: 1 1
458: 0 1
459: 0 1
460: 0 1
461: 1 1
462: 1 1
463: 0 1
464: 0 1
465: 0 1
466: 0 1
467: 0 1
468: 1 1
469: 1 1
470: 0 1
471: 1 1
472: 0 1
473: 0 1
474: 0 1
475: 0 1
476: 0 1
477: 0 1
478: 0 1
479: 0 1
480: 0 1
481: 67 1
482: 0 1
483: 0 1
484: 0 1
485: 0 1
486: 0 1
487: 0 1
488: 0 1
489: 0 1
490: 0 1
491: 0 1
492: 1 1
493: 0 1
494: 1 1
495: 0 1
496: 0 1
497: 0 1
498: 0 1
499: 0 1
500: 0 1
