1: 718 1
2: 571 1
3: 715 1
4: 715 1
5: 708 1
6: 715 1
7: 542 1
8: 601 1
9: 497 1
10: 34 1
11: 715 1
12: 153 1
13: 717 1
14: 713 1
15: 7 1
16: 714 1
17: 715 1
18: 715 1
19: 715 1
20: 169 1
21: 716 1
22: 715 1
23: 595 1
24: 676 1
25: 715 1
26: 715 1
27: 517 1
28: 610 1
29: 610 1
30: 714 1
31: 641 1
32: 511 1
33: 618 1
34: 715 1
35: 715 1
36: 716 1
37: 577 1
38: 716 1
39: 715 1
40: 716 1
41: 715 1
42: 715 1
43: 674 1
44: 715 1
45: 715 1
46: 715 1
47: 715 1
48: 19 1
49: 714 1
50: 715 1
51: 716 1
52: 697 1
53: 715 1
54: 715 1
55: 715 1
56: 715 1
57: 715 1
58: 707 1
59: 716 1
60: 704 1
61: 715 1
62: 710 1
63: 715 1
64: 715 1
65: 715 1
66: 219 1
67: 715 1
68: 603 1
69: 715 1
70: 715 1
71: 715 1
72: 715 1
73: 715 1
74: 643 1
75: 553 1
76: 715 1
77: 711 1
78: 714 1
79: 716 1
80: 715 1
81: 715 1
82: 529 1
83: 447 1
84: 715 1
85: 8 1
86: 715 1
87: 715 1
88: 175 1
89: 699 1
90: 715 1
91: 496 1
92: 715 1
93: 183 1
94: 714 1
95: 0 1
96: 298 1
97: 107 1
98: 138 1
99: 715 1
100: 408 0
101: 694 0
102: 107 0
103: 715 0
104: 583 0
105: 715 0
106: 691 0
107: 715 0
108: 714 0
109: 675 0
110: 715 0
111: 715 0
112: 613 0
113: 715 0
114: 705 0
115: 716 0
116: 715 0
117: 715 0
118: 715 0
119: 715 0
120: 715 0
121: 715 0
122: 715 0
123: 715 0
124: 715 0
125: 715 0
126: 715 0
127: 716 0
128: 713 0
129: 715 0
130: 715 0
131: 715 0
132: 715 0
133: 715 0
134: 715 0
135: 715 0
136: 715 0
137: 715 0
138: 120 0
139: 715 0
140: 715 0
141: 715 0
142: 715 0
143: 715 0
144: 715 0
145: 715 0
146: 715 0
147: 715 0
148: 715 0
149: 715 0
150: 715 0
151: 715 0
152: 674 0
153: 651 0
154: 714 0
155: 715 0
156: 715 0
157: 715 0
158: 715 0
159: 715 0
160: 707 0
161: 716 0
162: 716 0
163: 716 0
164: 701 0
165: 716 0
166: 716 0
167: 716 0
168: 716 0
169: 716 0
170: 716 0
171: 716 0
172: 716 0
173: 599 0
174: 716 0
175: 716 0
176: 716 0
177: 716 0
178: 716 0
179: 715 0
180: 595 0
181: 716 0
182: 716 0
183: 715 0
184: 704 0
185: 716 0
186: 716 0
187: 678 0
188: 702 0
189: 716 0
190: 623 0
191: 716 0
192: 716 0
193: 717 0
194: 716 0
195: 716 0
196: 716 0
197: 716 0
198: 716 0
199: 716 0
200: 658 0
201: 716 0
202: 640 0
203: 715 0
204: 714 0
205: 708 0
206: 716 0
207: 527 0
208: 716 0
209: 716 0
210: 716 0
211: 716 0
212: 716 0
213: 717 0
214: 716 0
215: 717 0
216: 716 0
217: 716 0
218: 716 0
219: 716 0
220: 716 0
221: 716 0
222: 716 0
223: 716 0
224: 716 0
225: 716 0
226: 716 0
227: 716 0
228: 716 0
229: 716 0
230: 716 0
231: 706 0
232: 716 0
233: 716 0
234: 716 0
235: 612 0
236: 715 0
237: 716 0
238: 716 0
239: 715 0
240: 644 0
241: 603 0
242: 716 0
243: 665 0
244: 716 0
245: 716 0
246: 716 0
247: 645 0
248: 716 0
249: 715 0
250: 434 0
251: 717 0
252: 578 0
253: 556 0
254: 549 0
255: 552 0
256: 716 0
257: 715 0
258: 523 0
259: 717 0
260: 716 0
261: 716 0
262: 387 0
263: 1 0
264: 28 0
265: 716 0
266: 716 0
267: 716 0
268: 716 0
269: 716 0
270: 716 0
271: 716 0
272: 636 0
273: 716 0
274: 602 0
275: 606 0
276: 716 0
277: 123 0
278: 716 0
279: 716 0
280: 707 0
281: 715 0
282: 663 0
283: 534 0
284: 203 0
285: 716 0
286: 716 0
287: 702 0
288: 712 0
289: 197 0
290: 582 0
291: 716 0
292: 716 0
293: 578 0
294: 103 0
295: 716 0
296: 470 0
297: 1 1
298: 630 1
299: 696 1
300: 695 1
301: 33 1
302: 1 1
303: 579 1
304: 1 1
305: 0 1
306: 1 1
307: 715 1
308: 716 1
309: 704 1
310: 716 1
311: 717 1
312: 717 1
313: 433 1
314: 716 1
315: 717 1
316: 631 1
317: 546 1
318: 714 1
319: 712 1
320: 701 1
321: 716 1
322: 716 1
323: 716 1
324: 351 1
325: 642 1
326: 716 1
327: 715 1
328: 626 1
329: 641 1
330: 716 1
331: 658 1
332: 361 1
333: 716 1
334: 717 1
335: 447 1
336: 690 1
337: 716 1
338: 716 1
339: 717 1
340: 717 1
341: 716 1
342: 716 1
343: 716 1
344: 716 1
345: 717 1
346: 716 1
347: 716 1
348: 558 1
349: 716 1
350: 716 1
351: 716 1
352: 716 1
353: 717 1
354: 716 1
355: 716 1
356: 648 1
357: 716 1
358: 708 1
359: 716 1
360: 717 1
361: 716 1
362: 1 1
363: 716 1
364: 716 1
365: 717 1
366: 716 1
367: 716 1
368: 716 1
369: 716 1
370: 713 1
371: 717 1
372: 711 1
373: 695 1
374: 716 1
375: 415 1
376: 716 1
377: 404 1
378: 583 1
379: 655 1
380: 460 1
381: 716 1
382: 694 1
383: 715 1
384: 716 1
385: 270 1
386: 716 1
387: 714 1
388: 716 1
389: 716 1
390: 716 1
391: 715 1
392: 698 1
393: 717 1
394: 716 1
395: 717 1
396: 716 1
397: 717 1
398: 717 1
399: 713 1
400: 717 1
401: 717 1
402: 544 1
403: 282 1
404: 570 1
405: 660 1
406: 717 1
407: 717 1
408: 632 1
409: 703 1
410: 703 1
411: 415 1
412: 717 1
413: 717 1
414: 717 1
415: 717 1
416: 716 1
417: 717 1
418: 716 1
419: 716 1
420: 717 1
421: 479 1
422: 716 1
423: 716 1
424: 717 1
425: 716 1
426: 717 1
427: 716 1
428: 717 1
429: 0 1
430: 716 1
431: 716 1
432: 716 1
433: 716 1
434: 716 1
435: 710 1
436: 716 1
437: 716 1
438: 716 1
439: 716 1
440: 621 1
441: 717 1
442: 717 1
443: 715 1
444: 716 1
445: 716 1
446: 715 1
447: 716 1
448: 716 1
449: 708 1
450: 716 1
451: 716 1
452: 716 1
453: 716 1
454: 716 1
455: 716 1
456: 716 1
457: 716 1
458: 716 1
459: 716 1
460: 716 1
461: 716 1
462: 716 1
463: 717 1
464: 716 1
465: 716 1
466: 716 1
467: 716 1
468: 716 1
469: 716 1
470: 716 1
471: 0 1
472: 716 1
473: 712 1
474: 716 1
475: 0 1
476: 716 1
477: 716 1
478: 716 1
479: 716 1
480: 716 1
481: 684 1
482: 702 1
483: 717 1
484: 716 1
485: 716 1
486: 717 1
487: 711 1
488: 716 1
489: 717 1
490: 486 1
491: 324 1
492: 716 1
493: 713 1
494: 717 0
495: 716 0
496: 716 0
497: 87 0
498: 716 0
499: 663 0
500: 682 0
