1: 718 0
2: 703 0
3: 661 0
4: 50 0
5: 715 0
6: 697 0
7: 704 0
8: 715 0
9: 715 0
10: 390 0
11: 717 0
12: 696 0
13: 400 0
14: 540 0
15: 654 0
16: 227 0
17: 694 0
18: 715 0
19: 645 0
20: 566 0
21: 707 0
22: 474 0
23: 716 0
24: 711 0
25: 0 0
26: 44 0
27: 93 0
28: 714 0
29: 151 0
30: 643 0
31: 635 0
32: 707 0
33: 5 0
34: 715 0
35: 256 0
36: 714 0
37: 682 0
38: 1 0
39: 714 0
40: 715 0
41: 279 0
42: 715 0
43: 575 0
44: 107 0
45: 620 0
46: 541 0
47: 113 0
48: 151 0
49: 591 0
50: 102 0
51: 588 0
52: 367 0
53: 570 0
54: 0 0
55: 86 0
56: 165 0
57: 1 0
58: 0 0
59: 0 0
60: 0 0
61: 515 0
62: 0 0
63: 0 0
64: 0 0
65: 0 0
66: 0 0
67: 1 0
68: 697 0
69: 1 0
70: 7 0
71: 165 0
72: 649 0
73: 461 0
74: 0 0
75: 284 0
76: 0 0
77: 5 0
78: 696 0
79: 3 0
80: 1 0
81: 1 0
82: 0 0
83: 0 0
84: 509 0
85: 0 0
86: 326 0
87: 0 0
88: 1 0
89: 314 0
90: 0 0
91: 0 0
92: 150 0
93: 0 0
94: 714 0
95: 30 0
96: 1 0
97: 715 0
98: 420 0
99: 49 0
100: 544 0
101: 698 0
102: 396 0
103: 67 0
104: 13 0
105: 6 0
106: 238 0
107: 521 0
108: 716 0
109: 371 0
110: 641 0
111: 707 0
112: 612 0
113: 416 0
114: 663 0
115: 0 0
116: 223 0
117: 0 0
118: 639 0
119: 715 0
120: 220 0
121: 450 0
122: 715 0
123: 706 0
124: 692 0
125: 714 0
126: 214 0
127: 710 0
128: 666 0
129: 357 0
130: 321 0
131: 0 0
132: 231 0
133: 714 0
134: 0 0
135: 714 0
136: 311 0
137: 665 0
138: 593 0
139: 712 0
140: 715 0
141: 552 0
142: 0 0
143: 715 0
144: 678 0
145: 612 0
146: 109 0
147: 458 0
148: 0 0
149: 271 0
150: 641 0
151: 1 0
152: 482 0
153: 198 0
154: 169 0
155: 645 0
156: 150 0
157: 57 0
158: 668 0
159: 5 0
160: 662 0
161: 0 0
162: 483 0
163: 482 0
164: 20 0
165: 117 0
166: 192 0
167: 570 0
168: 383 0
169: 579 0
170: 0 0
171: 81 0
172: 702 0
173: 0 0
174: 279 0
175: 0 0
176: 1 1
177: 707 1
178: 1 1
179: 1 1
180: 0 1
181: 180 1
182: 711 1
183: 715 1
184: 714 1
185: 55 1
186: 55 1
187: 1 1
188: 493 1
189: 0 1
190: 714 1
191: 13 1
192: 1 1
193: 226 1
194: 4 1
195: 1 1
196: 0 1
197: 422 1
198: 140 1
199: 111 1
200: 714 1
201: 356 1
202: 557 1
203: 576 1
204: 164 1
205: 0 1
206: 0 1
207: 195 1
208: 715 1
209: 712 1
210: 545 1
211: 430 1
212: 681 1
213: 715 1
214: 1 1
215: 636 1
216: 7 1
217: 182 1
218: 1 1
219: 73 1
220: 317 1
221: 0 1
222: 107 1
223: 1 1
224: 652 1
225: 598 1
226: 1 1
227: 1 1
228: 348 1
229: 274 1
230: 715 1
231: 0 1
232: 377 1
233: 2 1
234: 134 1
235: 75 1
236: 91 1
237: 0 1
238: 0 1
239: 0 1
240: 1 1
241: 137 1
242: 40 1
243: 606 1
244: 0 1
245: 0 1
246: 0 1
247: 43 1
248: 559 1
249: 499 1
250: 708 1
251: 347 1
252: 0 1
253: 77 1
254: 104 1
255: 689 1
256: 25 1
257: 0 1
258: 291 1
259: 0 1
260: 45 1
261: 332 1
262: 0 1
263: 414 1
264: 0 1
265: 0 1
266: 0 1
267: 3 1
268: 674 1
269: 14 1
270: 4 1
271: 0 1
272: 0 1
273: 0 1
274: 0 1
275: 624 1
276: 30 1
277: 668 1
278: 683 1
279: 0 1
280: 23 1
281: 716 1
282: 415 1
283: 6 1
284: 1 1
285: 1 1
286: 1 1
287: 477 1
288: 1 1
289: 295 1
290: 1 1
291: 480 1
292: 343 1
293: 0 1
294: 506 1
295: 1 1
296: 166 1
297: 466 1
298: 0 1
299: 117 1
300: 698 1
301: 0 1
302: 358 1
303: 578 1
304: 334 1
305: 591 1
306: 435 1
307: 245 1
308: 0 1
309: 716 1
310: 0 1
311: 716 1
312: 714 1
313: 610 1
314: 689 1
315: 0 1
316: 498 1
317: 34 1
318: 0 1
319: 70 1
320: 642 1
321: 456 1
322: 716 1
323: 154 1
324: 326 1
325: 659 1
326: 716 1
327: 630 1
328: 1 1
329: 1 1
330: 559 1
331: 442 1
332: 182 1
333: 588 1
334: 513 1
335: 328 1
336: 8 1
337: 0 1
338: 624 1
339: 716 1
340: 1 1
341: 716 1
342: 5 1
343: 513 1
344: 1 1
345: 395 1
346: 715 1
347: 500 1
348: 559 1
349: 368 1
350: 1 1
351: 11 1
352: 0 1
353: 268 1
354: 360 1
355: 339 1
356: 386 1
357: 685 1
358: 101 1
359: 644 1
360: 19 1
361: 690 1
362: 594 1
363: 0 1
364: 563 1
365: 1 1
366: 343 1
367: 547 1
368: 0 1
369: 681 1
370: 1 1
371: 712 1
372: 0 1
373: 303 1
374: 524 1
375: 716 0
376: 685 0
377: 715 0
378: 455 0
379: 704 0
380: 120 0
381: 715 0
382: 715 0
383: 716 0
384: 227 0
385: 715 0
386: 149 0
387: 494 0
388: 716 0
389: 661 0
390: 171 0
391: 8 0
392: 485 0
393: 1 0
394: 41 0
395: 1 0
396: 531 0
397: 469 0
398: 104 0
399: 1 0
400: 0 0
401: 590 0
402: 709 0
403: 356 0
404: 0 0
405: 557 0
406: 514 0
407: 269 0
408: 0 0
409: 196 0
410: 164 0
411: 357 0
412: 0 0
413: 492 0
414: 111 0
415: 2 0
416: 1 0
417: 1 0
418: 45 0
419: 0 0
420: 1 0
421: 1 0
422: 0 0
423: 208 0
424: 0 0
425: 1 0
426: 217 0
427: 129 0
428: 266 0
429: 87 0
430: 444 0
431: 59 0
432: 0 0
433: 657 0
434: 718 0
435: 718 0
436: 716 0
437: 521 0
438: 0 0
439: 36 0
440: 0 0
441: 386 0
442: 546 0
443: 0 0
444: 715 0
445: 0 0
446: 32 0
447: 300 0
448: 656 0
449: 0 0
450: 107 0
451: 486 0
452: 691 0
453: 589 0
454: 213 0
455: 153 0
456: 155 0
457: 1 0
458: 499 0
459: 716 0
460: 0 0
461: 324 0
462: 581 0
463: 637 0
464: 715 0
465: 3 0
466: 397 0
467: 224 0
468: 564 0
469: 95 0
470: 715 0
471: 1 0
472: 28 0
473: 622 0
474: 670 0
475: 134 0
476: 442 0
477: 0 0
478: 692 0
479: 0 0
480: 712 0
481: 1 0
482: 616 0
483: 9 0
484: 715 0
485: 37 0
486: 697 0
487: 626 0
488: 716 0
489: 1 0
490: 22 0
491: 3 0
492: 587 0
493: 1 0
494: 254 0
495: 0 0
496: 201 0
497: 0 0
498: 1 0
499: 113 0
500: 1 0
