1: 1 1
2: 0 1
3: 0 1
4: 2 1
5: 0 1
6: 1 1
7: 19 1
8: 0 1
9: 0 1
10: 0 1
11: 0 1
12: 0 1
13: 0 1
14: 0 1
15: 0 1
16: 0 1
17: 28 1
18: 0 1
19: 0 1
20: 0 1
21: 0 1
22: 0 1
23: 0 1
24: 0 1
25: 0 1
26: 2 1
27: 0 1
28: 0 1
29: 69 1
30: 0 1
31: 118 1
32: 422 1
33: 0 1
34: 0 1
35: 2 1
36: 2 1
37: 0 1
38: 101 1
39: 1 1
40: 290 1
41: 0 1
42: 81 1
43: 0 1
44: 446 1
45: 191 1
46: 147 1
47: 0 1
48: 0 1
49: 17 1
50: 0 1
51: 3 1
52: 0 1
53: 0 1
54: 0 1
55: 0 1
56: 0 1
57: 0 1
58: 0 1
59: 0 1
60: 0 1
61: 0 1
62: 0 1
63: 0 1
64: 0 1
65: 11 1
66: 1 1
67: 0 1
68: 0 1
69: 37 1
70: 1 1
71: 0 1
72: 0 1
73: 0 1
74: 0 1
75: 0 1
76: 0 1
77: 6 1
78: 1 1
79: 0 1
80: 0 1
81: 0 1
82: 0 1
83: 0 1
84: 0 1
85: 0 1
86: 0 1
87: 6 1
88: 0 1
89: 3 1
90: 0 1
91: 0 1
92: 0 1
93: 0 1
94: 0 1
95: 0 1
96: 0 1
97: 0 1
98: 0 1
99: 0 1
100: 0 1
101: 0 1
102: 0 1
103: 1 1
104: 11 1
105: 54 1
106: 0 1
107: 1 1
108: 0 1
109: 0 1
110: 0 1
111: 1 1
112: 1 1
113: 0 1
114: 1 1
115: 1 1
116: 0 1
117: 0 1
118: 0 1
119: 1 1
120: 0 1
121: 0 1
122: 0 1
123: 0 1
124: 0 1
125: 0 1
126: 714 1
127: 86 1
128: 0 1
129: 0 1
130: 0 1
131: 112 1
132: 144 1
133: 1 1
134: 1 1
135: 0 1
136: 1 1
137: 0 1
138: 0 1
139: 1 1
140: 0 1
141: 0 1
142: 0 1
143: 1 1
144: 0 1
145: 1 1
146: 0 1
147: 465 1
148: 1 1
149: 1 1
150: 0 1
151: 1 1
152: 1 1
153: 1 1
154: 73 1
155: 0 1
156: 0 1
157: 0 1
158: 0 1
159: 0 1
160: 0 1
161: 0 1
162: 0 1
163: 0 1
164: 1 1
165: 6 1
166: 1 1
167: 35 0
168: 1 0
169: 0 0
170: 1 0
171: 0 0
172: 1 0
173: 1 0
174: 1 0
175: 1 0
176: 1 0
177: 1 0
178: 1 0
179: 0 0
180: 1 0
181: 0 0
182: 0 0
183: 0 0
184: 0 0
185: 0 0
186: 0 0
187: 0 0
188: 0 0
189: 0 0
190: 0 0
191: 1 0
192: 1 0
193: 0 0
194: 0 0
195: 1 0
196: 1 0
197: 1 0
198: 1 0
199: 0 0
200: 0 0
201: 0 0
202: 0 0
203: 0 0
204: 0 0
205: 0 0
206: 0 0
207: 0 0
208: 0 0
209: 0 0
210: 0 0
211: 0 0
212: 0 0
213: 1 0
214: 0 0
215: 0 0
216: 0 0
217: 0 0
218: 0 0
219: 0 0
220: 0 0
221: 0 0
222: 14 0
223: 0 0
224: 0 0
225: 1 0
226: 0 0
227: 1 0
228: 0 0
229: 1 0
230: 0 0
231: 0 0
232: 0 0
233: 0 0
234: 1 0
235: 0 0
236: 0 0
237: 0 0
238: 0 0
239: 0 0
240: 0 0
241: 0 0
242: 0 0
243: 0 0
244: 1 0
245: 0 0
246: 1 0
247: 0 0
248: 0 0
249: 1 0
250: 0 0
251: 0 0
252: 1 0
253: 53 0
254: 0 0
255: 0 0
256: 0 0
257: 1 0
258: 1 0
259: 0 0
260: 1 0
261: 0 0
262: 1 0
263: 92 0
264: 0 0
265: 0 0
266: 0 0
267: 0 0
268: 0 0
269: 0 0
270: 0 0
271: 0 0
272: 0 0
273: 0 0
274: 1 0
275: 1 0
276: 0 0
277: 0 0
278: 1 0
279: 33 0
280: 0 0
281: 0 0
282: 0 0
283: 99 0
284: 0 0
285: 1 0
286: 27 0
287: 1 0
288: 451 0
289: 1 0
290: 6 0
291: 1 0
292: 437 0
293: 1 0
294: 1 0
295: 0 0
296: 3 0
297: 101 0
298: 0 0
299: 0 0
300: 0 0
301: 0 0
302: 0 0
303: 0 0
304: 1 0
305: 0 0
306: 0 0
307: 0 0
308: 0 0
309: 1 0
310: 8 0
311: 32 0
312: 0 0
313: 0 0
314: 0 0
315: 1 0
316: 0 0
317: 0 0
318: 0 0
319: 0 0
320: 0 0
321: 0 0
322: 0 0
323: 0 0
324: 0 0
325: 1 0
326: 1 0
327: 0 0
328: 1 0
329: 0 0
330: 125 0
331: 1 0
332: 0 0
333: 0 0
334: 0 0
335: 0 0
336: 0 0
337: 0 0
338: 1 0
339: 0 0
340: 0 0
341: 1 0
342: 0 0
343: 0 0
344: 1 0
345: 0 0
346: 1 0
347: 0 0
348: 1 0
349: 1 0
350: 0 0
351: 0 0
352: 0 0
353: 0 0
354: 0 0
355: 0 0
356: 1 0
357: 0 0
358: 0 0
359: 0 0
360: 0 0
361: 0 0
362: 1 0
363: 0 0
364: 1 0
365: 0 0
366: 0 0
367: 1 0
368: 0 0
369: 0 0
370: 1 0
371: 0 0
372: 0 1
373: 1 1
374: 0 1
375: 0 1
376: 0 1
377: 0 1
378: 0 1
379: 1 1
380: 1 1
381: 0 1
382: 27 1
383: 0 1
384: 1 1
385: 0 1
386: 2 1
387: 1 1
388: 86 1
389: 604 1
390: 0 1
391: 1 1
392: 0 1
393: 1 1
394: 0 1
395: 0 1
396: 0 1
397: 0 1
398: 0 1
399: 0 1
400: 1 1
401: 0 1
402: 1 1
403: 0 1
404: 0 1
405: 1 1
406: 0 1
407: 0 1
408: 0 1
409: 0 1
410: 0 1
411: 0 1
412: 1 1
413: 0 1
414: 0 1
415: 0 1
416: 0 1
417: 0 1
418: 0 1
419: 0 1
420: 3 1
421: 0 1
422: 1 1
423: 0 1
424: 0 1
425: 0 1
426: 0 1
427: 0 1
428: 0 1
429: 0 1
430: 1 1
431: 0 1
432: 1 1
433: 0 1
434: 0 1
435: 0 1
436: 0 1
437: 0 1
438: 0 1
439: 1 1
440: 0 1
441: 0 1
442: 1 1
443: 0 1
444: 0 1
445: 1 1
446: 1 1
447: 0 1
448: 0 1
449: 0 1
450: 1 1
451: 0 1
452: 0 1
453: 0 1
454: 0 1
455: 0 1
456: 0 1
457: 0 1
458: 0 1
459: 0 1
460: 0 1
461: 1 1
462: 0 1
463: 1 1
464: 1 1
465: 1 1
466: 1 1
467: 44 1
468: 8 1
469: 0 1
470: 0 1
471: 4 1
472: 1 1
473: 0 1
474: 0 1
475: 1 1
476: 1 1
477: 0 1
478: 266 1
479: 1 1
480: 0 1
481: 0 1
482: 0 1
483: 0 1
484: 0 1
485: 0 1
486: 0 1
487: 0 1
488: 1 1
489: 0 1
490: 0 1
491: 0 1
492: 0 1
493: 0 1
494: 1 1
495: 0 1
496: 0 1
497: 0 1
498: 0 1
499: 0 1
500: 0 1
