1: 239 0
2: 715 0
3: 128 0
4: 0 0
5: 6 0
6: 169 0
7: 296 0
8: 615 0
9: 0 0
10: 6 0
11: 0 0
12: 18 0
13: 520 0
14: 481 0
15: 0 0
16: 363 0
17: 479 0
18: 1 0
19: 265 0
20: 32 0
21: 375 0
22: 177 0
23: 1 0
24: 540 0
25: 216 0
26: 25 0
27: 656 0
28: 689 0
29: 28 0
30: 69 0
31: 713 0
32: 714 0
33: 629 0
34: 713 0
35: 716 0
36: 706 0
37: 108 0
38: 549 0
39: 116 0
40: 713 0
41: 689 0
42: 94 0
43: 159 0
44: 710 0
45: 58 0
46: 0 0
47: 2 0
48: 15 0
49: 0 0
50: 0 0
51: 263 0
52: 141 0
53: 633 0
54: 714 0
55: 714 0
56: 0 0
57: 0 0
58: 0 0
59: 371 0
60: 212 0
61: 714 0
62: 150 0
63: 155 0
64: 62 0
65: 677 0
66: 0 0
67: 319 0
68: 65 0
69: 0 0
70: 715 0
71: 715 0
72: 0 0
73: 715 0
74: 0 0
75: 90 0
76: 0 0
77: 0 0
78: 714 0
79: 258 0
80: 650 0
81: 171 0
82: 56 0
83: 715 0
84: 715 0
85: 684 0
86: 294 0
87: 38 0
88: 643 0
89: 544 0
90: 608 1
91: 0 1
92: 0 1
93: 0 1
94: 715 1
95: 0 1
96: 9 1
97: 0 1
98: 685 1
99: 0 1
100: 203 1
101: 296 1
102: 1 1
103: 94 1
104: 1 1
105: 61 1
106: 35 1
107: 53 1
108: 1 1
109: 39 1
110: 437 1
111: 117 1
112: 1 1
113: 1 1
114: 70 1
115: 12 1
116: 45 1
117: 321 1
118: 707 1
119: 9 1
120: 554 1
121: 694 1
122: 1 1
123: 716 1
124: 0 1
125: 699 1
126: 376 1
127: 0 1
128: 716 1
129: 137 1
130: 17 1
131: 291 1
132: 523 1
133: 708 1
134: 0 1
135: 624 1
136: 155 1
137: 613 1
138: 0 1
139: 0 1
140: 1 1
141: 129 1
142: 113 1
143: 367 1
144: 1 1
145: 108 1
146: 82 1
147: 101 1
148: 39 1
149: 614 1
150: 38 1
151: 19 1
152: 247 1
153: 374 1
154: 349 1
155: 2 1
156: 288 1
157: 4 1
158: 0 1
159: 635 1
160: 600 1
161: 715 1
162: 715 1
163: 46 1
164: 715 1
165: 715 1
166: 705 1
167: 159 1
168: 15 1
169: 0 1
170: 0 1
171: 210 1
172: 29 1
173: 129 1
174: 424 1
175: 81 1
176: 342 1
177: 0 1
178: 0 1
179: 0 1
180: 94 1
181: 23 1
182: 0 1
183: 714 1
184: 1 1
185: 0 1
186: 0 1
187: 445 1
188: 0 1
189: 714 1
190: 364 1
191: 0 1
192: 0 1
193: 0 1
194: 402 1
195: 569 1
196: 710 1
197: 151 1
198: 1 1
199: 157 1
200: 0 1
201: 623 1
202: 347 1
203: 1 1
204: 0 1
205: 123 1
206: 0 1
207: 1 1
208: 329 1
209: 1 1
210: 1 1
211: 0 1
212: 0 1
213: 0 1
214: 333 1
215: 161 1
216: 0 1
217: 229 1
218: 93 1
219: 2 1
220: 1 1
221: 27 1
222: 0 1
223: 0 1
224: 1 1
225: 11 1
226: 0 1
227: 0 1
228: 1 1
229: 6 1
230: 1 1
231: 0 1
232: 35 1
233: 0 1
234: 5 1
235: 0 1
236: 0 1
237: 3 1
238: 0 1
239: 0 1
240: 20 1
241: 62 1
242: 1 1
243: 3 1
244: 255 1
245: 3 1
246: 714 1
247: 1 1
248: 0 1
249: 704 1
250: 675 1
251: 715 1
252: 162 1
253: 149 1
254: 105 1
255: 1 1
256: 251 1
257: 619 1
258: 193 1
259: 0 1
260: 680 1
261: 33 1
262: 56 1
263: 676 1
264: 10 1
265: 128 1
266: 0 1
267: 1 1
268: 360 1
269: 0 1
270: 0 1
271: 0 1
272: 0 1
273: 14 1
274: 313 1
275: 617 1
276: 479 1
277: 716 1
278: 677 1
279: 515 1
280: 715 1
281: 1 1
282: 0 1
283: 0 1
284: 3 1
285: 0 1
286: 137 1
287: 1 1
288: 0 1
289: 0 1
290: 3 1
291: 0 0
292: 41 0
293: 2 0
294: 716 0
295: 0 0
296: 0 0
297: 0 0
298: 587 0
299: 218 0
300: 37 0
301: 421 0
302: 699 0
303: 0 0
304: 0 0
305: 11 0
306: 15 0
307: 1 0
308: 133 0
309: 104 0
310: 521 0
311: 389 0
312: 672 0
313: 697 0
314: 2 0
315: 679 0
316: 711 0
317: 631 0
318: 589 0
319: 605 0
320: 437 0
321: 308 0
322: 703 0
323: 113 0
324: 387 0
325: 674 0
326: 696 0
327: 716 0
328: 641 0
329: 716 0
330: 19 0
331: 716 0
332: 95 0
333: 567 0
334: 676 0
335: 116 0
336: 636 0
337: 1 0
338: 716 0
339: 718 0
340: 0 0
341: 341 0
342: 217 0
343: 0 0
344: 705 0
345: 348 0
346: 0 0
347: 692 0
348: 694 0
349: 715 0
350: 13 0
351: 1 0
352: 22 0
353: 205 0
354: 1 0
355: 0 0
356: 0 0
357: 52 0
358: 543 0
359: 159 0
360: 0 0
361: 1 0
362: 83 0
363: 351 0
364: 5 0
365: 102 0
366: 702 0
367: 0 0
368: 35 0
369: 717 0
370: 5 0
371: 288 0
372: 30 0
373: 9 0
374: 369 0
375: 240 0
376: 218 0
377: 1 0
378: 252 0
379: 0 0
380: 17 0
381: 24 0
382: 0 0
383: 2 0
384: 535 0
385: 43 0
386: 1 0
387: 10 0
388: 22 0
389: 113 0
390: 0 0
391: 1 0
392: 79 0
393: 162 0
394: 0 0
395: 0 0
396: 1 0
397: 243 0
398: 347 0
399: 1 0
400: 447 0
401: 91 0
402: 11 0
403: 488 0
404: 716 0
405: 684 0
406: 1 0
407: 48 0
408: 302 0
409: 0 0
410: 3 0
411: 83 0
412: 0 0
413: 378 0
414: 99 0
415: 0 0
416: 72 0
417: 2 0
418: 0 0
419: 5 0
420: 5 0
421: 0 0
422: 1 0
423: 410 0
424: 241 0
425: 637 0
426: 3 0
427: 0 0
428: 592 0
429: 555 0
430: 211 0
431: 1 0
432: 0 0
433: 0 0
434: 1 0
435: 688 0
436: 534 0
437: 183 0
438: 465 0
439: 0 0
440: 0 0
441: 0 0
442: 162 0
443: 713 0
444: 713 0
445: 624 0
446: 0 0
447: 665 0
448: 119 0
449: 12 0
450: 1 0
451: 168 0
452: 300 0
453: 1 0
454: 188 0
455: 115 0
456: 129 0
457: 176 0
458: 421 0
459: 696 0
460: 0 0
461: 468 0
462: 171 0
463: 640 0
464: 0 0
465: 0 0
466: 84 0
467: 667 0
468: 716 0
469: 28 0
470: 14 0
471: 224 0
472: 716 0
473: 611 0
474: 1 0
475: 151 0
476: 0 0
477: 66 0
478: 0 0
479: 200 0
480: 0 0
481: 26 0
482: 115 0
483: 3 0
484: 0 0
485: 0 0
486: 0 0
487: 21 0
488: 1 0
489: 111 0
490: 0 0
491: 0 1
492: 1 1
493: 209 1
494: 91 1
495: 590 1
496: 3 1
497: 25 1
498: 27 1
499: 1 1
500: 0 1
