0, 0, 0, 0.0, 0, 0.0
1, 1.000011671062767, 1.0000108154877785, 1.0000113610522867, 1.000011671062767, 6.550204081632653
2, 1.0000116937181347, 0, 0.9000102318652755, 1.0000116937181347, 12.11591836734694
3, 1.0000115684505217, 0, 0.8400093349862665, 1.0000116937181347, 15.871020408163265
4, 1.0000117082308864, 0, 0.8600094580658374, 1.0000117082308864, 22.067755102040817
5, 1.0000116130530716, 0, 0.8200291938781271, 1.0000117082308864, 25.85142857142857
6, 1.000011560960947, 0, 0.8800299853515534, 1.0000117082308864, 33.93795918367347
7, 1.0000116387337057, 0, 0.8800299340765096, 1.0000117082308864, 38.93714285714286
8, 1.0000116852462082, 0, 0.8600098381243996, 1.0000117082308864, 43.57387755102041
9, 1.0000121278272998, 0, 0.9000102820422627, 1.0000121278272998, 45.94530612244898
10, 1.0000116541966761, 0, 0.9000100118162583, 1.0000121278272998, 46.57061224489796
11, 1.000011649309196, 0, 0.9400106071753269, 1.0000121278272998, 45.78367346938776
12, 1.0000117106988946, 0, 0.9600110683270019, 1.0000121278272998, 50.95183673469388
13, 1.0000116815606566, 0, 0.8800499514214952, 1.0000121278272998, 49.15183673469388
14, 1.0010172939979654, 0, 0.9200320916092103, 1.0010172939979654, 56.288163265306125
15, 1.0020576131687242, 0, 0.8201398475202143, 1.0020576131687242, 60.33469387755102
16, 1.0033444816053512, 0, 0.8403548048379266, 1.0033444816053512, 51.32163265306122
17, 1.0011428571428571, 0, 0.880490613465762, 1.0033444816053512, 45.348571428571425
18, 1.0095238095238095, 0, 0.8007936097033008, 1.0095238095238095, 41.817959183673466
19, 1.005050505050505, 0, 0.8009028685584053, 1.0095238095238095, 37.93387755102041
20, 1.0052083333333333, 0, 0.8007754074341656, 1.0095238095238095, 39.34367346938775
21, 1.0161290322580645, 0, 0.8411306706341152, 1.0161290322580645, 38.17387755102041
22, 1.0105263157894737, 0, 0.8811698398676634, 1.0161290322580645, 36.34367346938775
23, 1.0065359477124183, 0, 0.9006878813176407, 1.0161290322580645, 38.68571428571428
24, 1.0054945054945055, 0, 0.8812118232735741, 1.0161290322580645, 45.0669387755102
25, 1.0048309178743962, 0, 0.8407331285304441, 1.0161290322580645, 45.61224489795919
26, 1.0128205128205128, 0, 0.9408326074206386, 1.0161290322580645, 47.480816326530615
27, 1.0046948356807512, 0, 0.9609844529600403, 1.0161290322580645, 51.564897959183675
28, 1.00418410041841, 0, 0.9409130160308851, 1.0161290322580645, 54.95102040816327
29, 1.0045871559633028, 0, 0.901024778704116, 1.0161290322580645, 59.70285714285714
30, 1.0086206896551724, 0, 0.8611525023103019, 1.0161290322580645, 56.06122448979592
31, 1.0078125, 0, 0.9015272853995104, 1.0161290322580645, 60.179591836734694
32, 1.0058479532163742, 0, 0.8809717689275206, 1.0161290322580645, 65.84326530612245
33, 1.007462686567164, 0, 0.8812340864771425, 1.0161290322580645, 68.98693877551021
34, 1.0067567567567568, 0, 0.8612494955572649, 1.0161290322580645, 72.7795918367347
35, 1.0022271714922049, 0, 0.8005785586976372, 1.0161290322580645, 74.07755102040817
36, 1.0033783783783783, 0, 0.8406737879870435, 1.0161290322580645, 77.87428571428572
37, 1.0044444444444445, 0, 0.8409355429571223, 1.0161290322580645, 74.41551020408163
38, 1.0030864197530864, 0, 0.8009068764485562, 1.0161290322580645, 74.66204081632652
39, 1.0035211267605635, 0, 0.7609295441828735, 1.0161290322580645, 68.25551020408163
40, 1.0025188916876575, 0, 0.7410703479271534, 1.0161290322580645, 78.74448979591837
41, 1.0025974025974025, 0, 0.901175518621919, 1.0161290322580645, 81.74530612244898
42, 1.0040816326530613, 0, 0.8810890253084637, 1.0161290322580645, 86.63183673469388
43, 1.0026737967914439, 0, 0.8610596061050602, 1.0161290322580645, 85.36326530612244
44, 1.0041322314049588, 0, 0.8410122706328257, 1.0161290322580645, 79.60979591836735
45, 1.0048543689320388, 0, 0.8408530262564097, 1.0161290322580645, 75.76
46, 1.003125, 0, 0.8210188684580906, 1.0161290322580645, 70.69551020408163
47, 1.0043859649122806, 0, 0.9213294182662615, 1.0161290322580645, 67.64
48, 1.0136986301369864, 0, 0.8614510642119888, 1.0161290322580645, 82.31020408163265
49, 1.0048780487804878, 0, 0.8810177268905202, 1.0161290322580645, 87.48326530612245
50, 1.005050505050505, 0, 0.9209569970972177, 1.0161290322580645, 82.36734693877551
51, 1.0076923076923077, 0, 0.9216766503221627, 1.0161290322580645, 80.32
52, 1.011764705882353, 0, 0.941839929882534, 1.0161290322580645, 85.44408163265307
53, 1.0086206896551724, 0, 0.8614931893370806, 1.0161290322580645, 92.21632653061225
54, 1.0051020408163265, 0, 0.8812374603757754, 1.0161290322580645, 82.40897959183674
55, 1.005050505050505, 0, 0.9613827981466908, 1.0161290322580645, 83.84489795918367
56, 1.0076923076923077, 0, 0.9216941449057008, 1.0161290322580645, 81.51102040816326
57, 1.0045454545454546, 0, 0.8413535845519445, 1.0161290322580645, 79.2065306122449
58, 1.005, 0, 0.8014715863152013, 1.0161290322580645, 72.88408163265306
59, 1.0129870129870129, 0, 0.8214361154174868, 1.0161290322580645, 74.41142857142857
60, 1.0113636363636365, 0, 0.8617952604985859, 1.0161290322580645, 76.4065306122449
61, 1.0034722222222223, 0, 0.8210641894594346, 1.0161290322580645, 75.91510204081632
62, 1.0058823529411764, 0, 0.8814433580190826, 1.0161290322580645, 80.90775510204081
63, 1.1, 0, 0.8828362090418403, 1.1, 75.91755102040817
64, 1.0024813895781637, 0, 0.800746086642354, 1.1, 89.31428571428572
65, 1.0072463768115942, 0, 0.7811858039049924, 1.1, 102.08163265306122
66, 1.0046082949308757, 0, 0.7010152963708404, 1.1, 111.82122448979592
67, 1.0078740157480315, 0, 0.8014503721963675, 1.1, 113.4938775510204
68, 1.0053763440860215, 0, 0.8215954762692692, 1.1, 100.9526530612245
69, 1.0172413793103448, 0, 0.8616851013822162, 1.1, 94.15673469387755
70, 1.0078125, 0, 0.8615755986152809, 1.1, 82.08326530612244
71, 1.0060975609756098, 0, 0.8012091204229139, 1.1, 82.44244897959183
72, 1.0078740157480315, 0, 0.8015647948017772, 1.1, 83.14285714285714
73, 1.0029940119760479, 0, 0.8007780168405967, 1.1, 81.2734693877551
74, 1.0044052863436124, 0, 0.800945182137819, 1.1, 79.09387755102041
75, 1.0038167938931297, 0, 0.9006542992411728, 1.1, 83.08489795918368
76, 1.0056497175141244, 0, 0.8005735362404692, 1.1, 91.83836734693878
77, 1.0053763440860215, 0, 0.8008890857883796, 1.1, 87.55020408163266
78, 1.0053475935828877, 0, 0.8209577019717651, 1.1, 86.48571428571428
79, 1.0238095238095237, 0, 0.8012689392633722, 1.1, 87.75265306122449
80, 1.0909090909090908, 0, 0.7830681435258535, 1.1, 87.76408163265306
81, 1.0076335877862594, 0, 0.8408488617531633, 1.1, 84.28244897959183
82, 1.004149377593361, 0, 0.8011755661750334, 1.1, 86.0204081632653
83, 1.0045045045045045, 0, 0.7211913396797438, 1.1, 82.71020408163265
84, 1.0061728395061729, 0, 0.721226961187351, 1.1, 96.73632653061225
85, 1.0052083333333333, 0, 0.8212507158569419, 1.1, 105.18775510204081
86, 1.0057471264367817, 0, 0.8209866608230497, 1.1, 106.17795918367347
87, 1.0096153846153846, 0, 0.8417672353244412, 1.1, 114.71918367346939
88, 1.00398406374502, 0, 0.9011324670795918, 1.1, 107.90448979591837
89, 1.0047169811320755, 0, 0.9014919587981506, 1.1, 89.2595918367347
90, 1.005952380952381, 0, 0.9011834975322731, 1.1, 90.59755102040816
91, 1.0043478260869565, 0, 0.9012641366906822, 1.1, 86.04897959183674
92, 1.009009009009009, 0, 0.8811776098286017, 1.1, 82.16734693877551
93, 1.0026737967914439, 0, 0.8005145746660625, 1.1, 89.57306122448979
94, 1.0045454545454546, 0, 0.901190544989117, 1.1, 90.82040816326531
95, 1.0031645569620253, 0, 0.8212446452744068, 1.1, 94.32408163265306
96, 1.0084033613445378, 0, 0.8614447502452061, 1.1, 94.31755102040816
97, 1.0116279069767442, 0, 0.8415351463316587, 1.1, 87.73224489795918
98, 1.0047619047619047, 0, 0.8012419489717417, 1.1, 95.54530612244898
99, 1.010204081632653, 0, 0.8413190861173124, 1.1, 83.47510204081632
100, 1.0052356020942408, 0, 0.88133253946252, 1.1, 76.35591836734694
101, 1.0158730158730158, 0, 0.8012562844082803, 1.1, 78.56408163265306
102, 1.005586592178771, 0, 0.7811703246717296, 1.1, 73.76897959183674
103, 1.0043478260869565, 0, 0.8208881480771159, 1.1, 69.88244897959184
104, 1.0065359477124183, 0, 0.840865439775346, 1.1, 86.3069387755102
105, 1.005586592178771, 0, 0.8812298318824113, 1.1, 78.07183673469387
106, 1.0285714285714285, 0, 0.8620776530928781, 1.1, 74.6073469387755
107, 1.0056179775280898, 0, 0.8611275172565841, 1.1, 69.78122448979592
108, 1.0083333333333333, 0, 0.941310491615192, 1.1, 73.34693877551021
109, 1.0104166666666667, 0, 0.8210757870795198, 1.1, 68.65795918367347
110, 1.0067567567567568, 0, 0.8212452938826754, 1.1, 65.91755102040817
111, 1.0161290322580645, 0, 0.8414758241140728, 1.1, 85.58857142857143
112, 1.0105263157894737, 0, 0.7810418640519707, 1.1, 80.70204081632653
113, 1.0033333333333334, 0, 0.7609877998039147, 1.1, 86.32897959183674
114, 1.0066225165562914, 0, 0.8412652690728543, 1.1, 90.22530612244898
115, 1.009090909090909, 0, 0.8212616029294902, 1.1, 95.71102040816326
116, 1.0075187969924813, 0, 0.9013248718988437, 1.1, 93.13142857142857
117, 1.0101010101010102, 0, 0.8616801026072374, 1.1, 93.18367346938776
118, 1.0054945054945055, 0, 0.8412404769365653, 1.1, 92.4065306122449
119, 1.011764705882353, 0, 0.8415013748314435, 1.1, 91.53142857142858
120, 1.005952380952381, 0, 0.8013324757101205, 1.1, 87.59673469387755
121, 1.0041322314049588, 0, 0.841333238100803, 1.1, 94.13714285714286
122, 1.0116279069767442, 0, 0.8016777804714168, 1.1, 91.0865306122449
123, 1.008695652173913, 0, 0.8212280738197596, 1.1, 97.91428571428571
124, 1.0098039215686274, 0, 0.9013154661115189, 1.1, 97.8661224489796
125, 1.005, 0, 0.9011081336369745, 1.1, 96.45551020408163
126, 1.0033444816053512, 0, 0.9011457270899708, 1.1, 89.11102040816327
127, 1.0151515151515151, 0, 0.8814195659609227, 1.1, 78.77551020408163
128, 1.0082644628099173, 0, 0.8411241367071801, 1.1, 74.2204081632653
129, 1.0113636363636365, 0, 0.8815679622078741, 1.1, 67.79510204081633
130, 1.013157894736842, 0, 0.8417910607181318, 1.1, 68.5934693877551
131, 1.010989010989011, 0, 0.7618529243933742, 1.1, 55.40244897959184
132, 1.0061728395061729, 0, 0.8816805347055886, 1.1, 58.92408163265306
133, 1.0046296296296295, 0, 0.8213423366308983, 1.1, 54.16734693877551
134, 1.008695652173913, 0, 0.8813482507815068, 1.1, 47.19673469387755
135, 1.003584229390681, 0, 0.8211404701386759, 1.1, 43.075102040816326
136, 1.0041666666666667, 0, 0.9013300948557834, 1.1, 51.328979591836735
137, 1.009090909090909, 0, 0.8412028208601596, 1.1, 52.66448979591837
138, 1.0098039215686274, 0, 0.8417179810871344, 1.1, 51.68408163265306
139, 1.0026954177897573, 0, 0.8210919066645584, 1.1, 55.35836734693878
140, 1.003125, 0, 0.7811126777836229, 1.1, 58.93387755102041
141, 1.0062893081761006, 0, 0.8817421408320547, 1.1, 67.4
142, 1.0044642857142858, 0, 0.8611100940497423, 1.1, 65.89224489795919
143, 1.0044642857142858, 0, 0.841045389908007, 1.1, 63.29061224489796
144, 1.0027322404371584, 0, 0.8009907092359638, 1.1, 68.65795918367347
145, 1.0068493150684932, 0, 0.7412029089274903, 1.1, 60.89795918367347
146, 1.003257328990228, 0, 0.9011475159157755, 1.1, 62.26122448979592
147, 1.0089285714285714, 0, 0.8413695490709876, 1.1, 60.54857142857143
148, 1.0147058823529411, 0, 0.7815292066678745, 1.1, 63.89877551020408
149, 1.0071428571428571, 0, 0.7816663426130742, 1.1, 67.19020408163266
150, 1.027027027027027, 0, 0.7817512755376985, 1.1, 69.27591836734693
151, 1.0066225165562914, 0, 0.7414793659592549, 1.1, 74.60163265306123
152, 1.015625, 0, 0.80182717439932, 1.1, 75.93551020408164
153, 1.0097087378640777, 0, 0.7813636114030436, 1.1, 80.92
154, 1.004950495049505, 0.000999000999000999, 0.9214728528086824, 1.1, 80.01795918367347
155, 1.0040485829959513, 0, 0.8613981227564025, 1.1, 82.09061224489795
156, 1.0050251256281406, 0, 0.8213073761824836, 1.1, 82.45551020408163
157, 1.0051546391752577, 0, 0.7811893622443778, 1.1, 79.78530612244899
158, 1.0051546391752577, 0, 0.8212999816991768, 1.1, 77.97714285714285
159, 1.0086206896551724, 0, 0.8210499509376901, 1.1, 83.86204081632653
160, 1.0070422535211268, 0, 0.8412234678791728, 1.1, 88.91918367346939
161, 1.2, 0, 0.9052673513739005, 1.2, 85.36489795918368
162, 1.0060240963855422, 0, 0.9012107338102179, 1.2, 86.39591836734694
163, 1.0086206896551724, 0, 0.8412653250605102, 1.2, 82.35673469387756
164, 1.0045454545454546, 0, 0.8614739247729828, 1.2, 90.74938775510203
165, 1.0040322580645162, 0, 0.8011625748994899, 1.2, 87.38775510204081
166, 1.0065359477124183, 0, 0.861313718544509, 1.2, 82.84979591836735
167, 1.0072992700729928, 0, 0.8411440759522768, 1.2, 86.38367346938776
168, 1.013157894736842, 0, 0.8816554429511761, 1.2, 80.54040816326531
169, 1.0072463768115942, 0, 0.901441241164275, 1.2, 87.16408163265307
170, 1.0083333333333333, 0, 0.8013666815752059, 1.2, 82.72081632653061
171, 1.0054054054054054, 0, 0.8012711602617175, 1.2, 94.18938775510205
172, 1.0113636363636365, 0, 0.7813798400535231, 1.2, 90.6065306122449
173, 1.008130081300813, 0, 0.8211207961855898, 1.2, 81.77714285714286
174, 1.0057142857142858, 0, 0.8413351469170657, 1.2, 87.05877551020409
175, 1.0128205128205128, 0, 0.8615007303852863, 1.2, 83.6130612244898
176, 1.0084745762711864, 0, 0.8214194928665273, 1.2, 85.81551020408163
177, 1.0043103448275863, 0, 0.841297709998102, 1.2, 96.93959183673469
178, 1.0046948356807512, 0, 0.8812340073623223, 1.2, 97.55428571428571
179, 1.0142857142857142, 0, 0.861119683469131, 1.2, 99.43183673469387
180, 1.0172413793103448, 0, 0.9014548539502214, 1.2, 97.8334693877551
181, 1.0129870129870129, 0, 0.8613209028227344, 1.2, 109.9934693877551
182, 1.0041322314049588, 0, 0.8012082017002464, 1.2, 105.40326530612245
183, 1.0028169014084507, 0, 0.7810525566637366, 1.2, 106.94285714285714
184, 1.0114942528735633, 0, 0.8415985689202929, 1.2, 102.49142857142857
185, 1.003257328990228, 0, 0.821059016547738, 1.2, 100.95591836734694
186, 1.008695652173913, 0, 0.8611581588519978, 1.2, 103.18530612244898
187, 1.0064935064935066, 0, 0.8212667179890952, 1.2, 102.55918367346939
188, 1.006993006993007, 0, 0.8010992013568827, 1.2, 105.53469387755102
189, 1.0303030303030303, 0, 0.8619357166579511, 1.2, 105.20571428571428
190, 1.0192307692307692, 0, 0.7617593055796666, 1.2, 83.91102040816327
191, 1.0056179775280898, 0, 0.8213713210847557, 1.2, 73.3061224489796
192, 1.0039370078740157, 0, 0.8612158402189298, 1.2, 78.65224489795918
193, 1.0103092783505154, 0, 0.8813708168731076, 1.2, 81.57632653061225
194, 1.009433962264151, 0, 0.9220007213084587, 1.2, 82.76653061224489
195, 1.0037313432835822, 0, 0.8609859087730634, 1.2, 86.20244897959184
196, 1.0067114093959733, 0, 0.9008948850949252, 1.2, 81.27755102040817
197, 1.01, 0, 0.9416847793168874, 1.2, 82.12326530612245
198, 1.0026109660574412, 0, 0.9008546069186787, 1.2, 81.97224489795919
199, 1.008695652173913, 0, 0.8013678437017566, 1.2, 78.6008163265306
200, 1.0078740157480315, 0, 0.861794751690137, 1.2, 73.63102040816327
201, 1.0129870129870129, 0, 0.9218052285990432, 1.2, 85.85632653061225
202, 1.0030120481927711, 0, 0.8409895583839129, 1.2, 90.07673469387755
203, 1.008849557522124, 0, 0.8011599788520364, 1.2, 89.93714285714286
204, 1.011111111111111, 0, 0.8614928706417371, 1.2, 96.2595918367347
205, 1.0035087719298246, 0, 0.8211211221685343, 1.2, 97.66775510204081
206, 1.0046728971962617, 0, 0.8010448096124919, 1.2, 86.49632653061225
207, 1.0028818443804035, 0, 0.8006362622007306, 1.2, 94.06367346938775
208, 1.0133333333333334, 0, 0.8211399504704423, 1.2, 85.73469387755102
209, 1.0040983606557377, 0, 0.921118704159884, 1.2, 74.83265306122449
210, 1.0091743119266054, 0, 0.8814218049453614, 1.2, 82.14693877551021
211, 1.0064935064935066, 0, 0.9414420594121925, 1.2, 84.16
212, 1.0112359550561798, 0, 0.8612296310779313, 1.2, 90.79591836734694
213, 1.0032051282051282, 0, 0.9007780548564058, 1.2, 94.08081632653061
214, 1.0142857142857142, 0, 0.8814319822545648, 1.2, 81.82040816326531
215, 1.004524886877828, 0, 0.8610954568114231, 1.2, 71.49714285714286
216, 1.015625, 0, 0.8815037346627637, 1.2, 75.58857142857143
217, 1.00398406374502, 0, 0.9213262980125417, 1.2, 76.4261224489796
218, 1.0035714285714286, 0, 0.8811497686565676, 1.2, 78.17551020408163
219, 1.0043668122270741, 0, 0.8010236010755365, 1.2, 81.06693877551021
220, 1.0058823529411764, 0, 0.7811121423453581, 1.2, 80.29387755102042
221, 1.0196078431372548, 0, 0.8226397509598901, 1.2, 73.08489795918368
222, 1.0344827586206897, 0, 0.7217349647625345, 1.2, 85.75265306122449
223, 1.0089285714285714, 0, 0.8016162156021136, 1.2, 90.01306122448979
224, 1.0085470085470085, 0, 0.8414184230793499, 1.2, 89.61387755102041
225, 1.0192307692307692, 0, 0.8416667994794251, 1.2, 100.14285714285714
226, 1.0039370078740157, 0, 0.7410157122269182, 1.2, 93.06040816326531
227, 1.0128205128205128, 0, 0.8217157394800901, 1.2, 89.79836734693878
228, 1.0067567567567568, 0, 0.9012008060970429, 1.2, 94.5061224489796
229, 1.003257328990228, 0, 0.8406449040500251, 1.2, 97.07265306122449
230, 1.0065359477124183, 0, 0.7807987549573414, 1.2, 97.1730612244898
231, 1.00990099009901, 0, 0.821159139489939, 1.2, 92.08979591836734
232, 1.0032051282051282, 0, 0.8407003308262171, 1.2, 89.97714285714285
233, 1.0041152263374487, 0, 0.780838324287038, 1.2, 99.57877551020408
234, 1.0026881720430108, 0, 0.7406842888411538, 1.2, 103.3934693877551
235, 1.005181347150259, 0, 0.7610224297539295, 1.2, 97.78857142857143
236, 1.009433962264151, 0, 0.761496874787744, 1.2, 94.93714285714286
237, 1.0188679245283019, 0, 0.8621284914067193, 1.2, 109.03428571428572
238, 1.0053763440860215, 0, 0.8814868307518294, 1.2, 112.8269387755102
239, 1.0151515151515151, 0, 0.8616738736634982, 1.2, 107.48408163265306
240, 1.0048543689320388, 0, 0.8013617478967228, 1.2, 102.54122448979592
241, 1.0086206896551724, 0, 0.7615453341794428, 1.2, 106.84734693877552
242, 1.0080645161290323, 0, 0.8213729337240373, 1.2, 108.58285714285714
243, 1.0072463768115942, 0, 0.8012506479456437, 1.2, 110.99183673469388
244, 1.0108695652173914, 0, 0.8015102599476898, 1.2, 117.29632653061225
245, 1.015625, 0, 0.8219199655393428, 1.2, 116.85877551020408
246, 1.0256410256410255, 0, 0.8225253748886605, 1.2, 116.14285714285714
247, 1.0105263157894737, 0, 0.9015546019772368, 1.2, 106.38857142857142
248, 1.0120481927710843, 0, 0.941857369273497, 1.2, 116.45387755102041
249, 1.005128205128205, 0, 0.7814519019168621, 1.2, 119.55918367346939
250, 1.0049751243781095, 0, 0.8611731409839979, 1.2, 110.94204081632653
251, 1.007462686567164, 0, 0.8213897434690232, 1.2, 89.65306122448979
252, 1.0163934426229508, 0, 0.8818753553091894, 1.2, 92.43265306122449
253, 1.0043478260869565, 0, 0.8415058611467436, 1.2, 101.10448979591837
254, 1.0625, 0, 0.8627884098608593, 1.2, 91.97142857142858
255, 1.0041666666666667, 0, 0.8410554316954277, 1.2, 84.63020408163266
256, 1.0057471264367817, 0, 0.8410759919190576, 1.2, 78.57061224489796
257, 1.0222222222222221, 0, 0.9223027797899719, 1.2, 77.84081632653061
258, 1.0144927536231885, 0, 0.9220795621933026, 1.2, 65.09959183673469
259, 1.005464480874317, 0, 0.8810357923067222, 1.2, 62.115918367346936
260, 1.025, 0, 0.9221900439330137, 1.2, 55.074285714285715
261, 1.0077519379844961, 0, 0.8814665627334619, 1.2, 55.199183673469385
262, 1.0064516129032257, 0, 0.8212251436710395, 1.2, 75.59755102040816
263, 1.0070422535211268, 0, 0.8412331886348514, 1.2, 75.7134693877551
264, 1.005813953488372, 0, 0.8014680508030122, 1.2, 73.53714285714285
265, 1.0081967213114753, 0, 0.7814292713021136, 1.2, 81.38448979591837
266, 1.0084033613445378, 0, 0.8820414009906591, 1.2, 82.2065306122449
267, 1.0042918454935623, 0, 0.8412377960260048, 1.2, 78.5534693877551
268, 1.007936507936508, 0, 0.7614366604895699, 1.2, 67.58857142857143
269, 1.0136986301369864, 0, 0.9018235348457175, 1.2, 60.72326530612245
270, 1.0142857142857142, 0, 0.841971700790672, 1.2, 57.798367346938775
271, 1.0082644628099173, 0, 0.8812512821727263, 1.2, 50.61632653061225
272, 1.02, 0, 0.9222461566678716, 1.2, 47.80244897959184
273, 1.005586592178771, 0, 0.9014374297503943, 1.2, 58.710204081632654
274, 1.009009009009009, 0, 0.881527958912245, 1.2, 66.10938775510203
275, 1.0113636363636365, 0, 0.8220065554185748, 1.2, 67.39428571428572
276, 1.0043859649122806, 0, 0.8411640840789805, 1.2, 63.608163265306125
277, 1.0126582278481013, 0, 0.8824229886366142, 1.2, 65.42204081632653
278, 1.0046082949308757, 0, 0.881461044207404, 1.2, 67.42530612244897
279, 1.0057803468208093, 0, 0.8814625442916026, 1.2, 69.43428571428572
280, 1.0046948356807512, 0, 0.8813241175205304, 1.2, 76.11510204081632
281, 1.0070422535211268, 0, 0.8812080290772059, 1.2, 74.10530612244898
282, 1.0125, 0, 0.8618882934006585, 1.2, 74.91020408163266
283, 1.0076923076923077, 0, 0.9220378511615117, 1.2, 82.40571428571428
284, 1.0053191489361701, 0, 0.9014812025590028, 1.2, 73.93714285714286
285, 1.0192307692307692, 0, 0.8214647031929752, 1.2, 79.30530612244898
286, 1.0178571428571428, 0, 0.8015384065485889, 1.2, 73.06367346938775
287, 1.0041666666666667, 0, 0.8813107059826203, 1.2, 80.7591836734694
288, 1.0212765957446808, 0, 0.9017874195019344, 1.2, 70.20408163265306
289, 1.0083333333333333, 0, 0.961524969900765, 1.2, 78.23836734693877
290, 1.0169491525423728, 0, 0.8815602208369122, 1.2, 76.06122448979592
291, 1.0125, 0, 0.8815744456439198, 1.2, 72.11428571428571
292, 1.0120481927710843, 0, 0.8217774496871882, 1.2, 73.73632653061225
293, 1.0049019607843137, 0, 0.8210744214945239, 1.2, 76.91673469387756
294, 1.01, 0, 0.8214665376153664, 1.2, 69.49795918367347
295, 1.0046082949308757, 0, 0.800925661424979, 1.2, 75.36979591836734
296, 1.0067114093959733, 0, 0.8012432525704385, 1.2, 78.9461224489796
297, 1.0043478260869565, 0, 0.8012821572280826, 1.2, 66.6930612244898
298, 1.0033783783783783, 0, 0.8212304991977423, 1.2, 67.96326530612245
299, 1.0057803468208093, 0, 0.78114309265007, 1.2, 70.53142857142858
300, 1.010989010989011, 0, 0.7616304432324712, 1.2, 71.06285714285714
301, 1.0034722222222223, 0, 0.7811841415317886, 1.2, 70.90857142857143
302, 1.0053763440860215, 0, 0.7211449750874601, 1.2, 76.00244897959183
303, 1.0169491525423728, 0, 0.7616672344920454, 1.2, 77.23836734693877
304, 1.0056497175141244, 0, 0.8012873317535554, 1.2, 73.35265306122449
305, 1.008849557522124, 0, 0.881044928774113, 1.2, 77.9730612244898
306, 1.004566210045662, 0, 0.8808343208176903, 1.2, 83.7591836734694
307, 1.0025974025974025, 0, 0.8006037019760268, 1.2, 79.1395918367347
308, 1.0038910505836576, 0, 0.8012043262226072, 1.2, 82.03755102040816
309, 1.0106382978723405, 0, 0.8613027283922263, 1.2, 79.22775510204082
310, 1.013157894736842, 0, 0.8814685415572439, 1.2, 78.00326530612244
311, 1.0058479532163742, 0, 0.8209566176840883, 1.2, 80.12897959183674
312, 1.0057142857142858, 0, 0.7608538336283907, 1.2, 75.23836734693877
313, 1.0140845070422535, 0, 0.8613935880320115, 1.2, 80.03183673469388
314, 1.011111111111111, 0, 0.8417923588621202, 1.2, 87.91755102040817
315, 1.0050761421319796, 0, 0.8012299716049601, 1.2, 89.97551020408163
316, 1.004524886877828, 0, 0.8011664215664784, 1.2, 92.35510204081632
317, 1.0062111801242235, 0, 0.8008262415245387, 1.2, 93.33224489795919
318, 1.0049261083743843, 0, 0.8211927151452661, 1.2, 89.96326530612245
319, 1.0038610038610039, 0, 0.8610751538299273, 1.2, 96.17061224489795
320, 1.0073529411764706, 0, 0.8213660466570516, 1.2, 103.3804081632653
321, 1.011111111111111, 0, 0.8215006640196223, 1.2, 103.27510204081632
322, 1.0047846889952152, 0, 0.781342499472548, 1.2, 96.82122448979592
323, 1.025, 0, 0.8418370052155245, 1.2, 107.46530612244898
324, 1.0062111801242235, 0, 0.841699772810592, 1.2, 112.69224489795918
325, 1.0075757575757576, 0, 0.8413133427139349, 1.2, 118.63591836734693
326, 1.0038910505836576, 0, 0.8813415696887209, 1.2, 113.39183673469388
327, 1.0196078431372548, 0, 0.9020294806817399, 1.2, 108.4604081632653
328, 1.0078125, 0, 0.8017120321682906, 1.2, 97.84408163265306
329, 1.0212765957446808, 0, 0.7615376672278492, 1.2, 91.65306122448979
330, 1.0089285714285714, 0, 0.7814730490421046, 1.2, 82.7795918367347
331, 1.006896551724138, 0, 0.8214520946318465, 1.2, 84.51183673469387
332, 1.0048780487804878, 0, 0.8411343184575714, 1.2, 90.1404081632653
333, 1.0192307692307692, 0, 0.801279259619806, 1.2, 83.4669387755102
334, 1.0022271714922049, 0, 0.7804908194458092, 1.2, 77.46938775510205
335, 1.0071942446043165, 0, 0.8214199251170181, 1.2, 72.94367346938776
336, 1.009009009009009, 0, 0.8613752768730013, 1.2, 83.7265306122449
337, 1.0196078431372548, 0, 0.8214589372167738, 1.2, 88.39836734693877
338, 1.0091743119266054, 0, 0.8607467152293796, 1.2, 87.76326530612245
339, 1.0151515151515151, 0, 0.8817616717981707, 1.2, 92.34122448979592
340, 1.0112359550561798, 0, 0.8414449904500901, 1.2, 100.21469387755101
341, 1.0044052863436124, 0, 0.8607009795547154, 1.2, 95.25551020408163
342, 1.0049019607843137, 0, 0.8409839926735804, 1.2, 87.57877551020408
343, 1.0064516129032257, 0, 0.8211592008694995, 1.2, 93.7795918367347
344, 1.0153846153846153, 0, 0.8614490759954966, 1.2, 91.66122448979591
345, 1.0075187969924813, 0, 0.821280158864462, 1.2, 89.69551020408163
346, 1.0034482758620689, 0, 0.8608463218759194, 1.2, 87.22204081632653
347, 1.0042372881355932, 0, 0.8008442274822586, 1.2, 81.50530612244899
348, 1.0126582278481013, 0, 0.7811809256230589, 1.2, 85.06938775510204
349, 1.007936507936508, 0, 0.9012832776286683, 1.2, 90.94938775510204
350, 1.0049019607843137, 0, 0.8206537883844905, 1.2, 88.26938775510204
351, 1.0013605442176872, 0, 0.8403871250152269, 1.2, 92.32979591836735
352, 1.0021367521367521, 0, 0.8804866394262448, 1.2, 81.47673469387755
353, 1.0071428571428571, 0, 0.8811487859556631, 1.2, 79.67591836734694
354, 1.0128205128205128, 0, 0.8415022628150903, 1.2, 81.54204081632653
355, 1.0133333333333334, 0, 0.8816730822635956, 1.2, 76.92163265306122
356, 1.0061349693251533, 0, 0.8415359802677296, 1.2, 75.76653061224489
357, 1.0032467532467533, 0, 0.801068317536302, 1.2, 78.04489795918367
358, 1.003154574132492, 0, 0.7811429338968146, 1.2, 71.7134693877551
359, 1.0053763440860215, 0, 0.8612444983349994, 1.2, 69.64816326530612
360, 1.0040160642570282, 0, 0.9012507217056873, 1.2, 62.10857142857143
361, 1.0112359550561798, 0, 0.8818680077633395, 1.2, 50.10530612244898
362, 1.0103092783505154, 0, 0.841437841762346, 1.2, 47.40408163265306
363, 1.0064516129032257, 0, 0.8411234486690556, 1.2, 43.83428571428571
364, 1.0015174506828528, 0, 0.8809882268611302, 1.2, 45.80326530612245
365, 1.003125, 0, 0.9211285417359122, 1.2, 50.78938775510204
366, 1.0119047619047619, 0, 0.901443343211839, 1.2, 55.92979591836735
367, 1.0072463768115942, 0, 0.941396340862024, 1.2, 57.06775510204081
368, 1.0071428571428571, 0, 0.9014093844215967, 1.2, 60.81061224489796
369, 1.0020833333333334, 0, 0.8211217396967442, 1.2, 68.67836734693877
370, 1.0051020408163265, 0, 0.7612049062912726, 1.2, 69.23510204081633
371, 1.0064102564102564, 0, 0.8613285110309963, 1.2, 69.16979591836734
372, 1.002932551319648, 0, 0.841163916494905, 1.2, 66.32081632653062
373, 1.005813953488372, 0, 0.9013645602277959, 1.2, 68.37877551020408
374, 1.0057142857142858, 0, 0.9214427955045962, 1.2, 71.96816326530612
375, 1.0022935779816513, 0, 0.8610181030574118, 1.2, 73.6008163265306
376, 1.0016583747927033, 0, 0.8809678481524531, 1.2, 83.70938775510204
377, 1.002824858757062, 0, 0.821097968159241, 1.2, 70.30857142857143
378, 1.0033333333333334, 0, 0.901156823193545, 1.2, 63.25224489795919
379, 1.0071428571428571, 0, 0.8611901829227849, 1.2, 67.47265306122449
380, 1.003690036900369, 0, 0.840740936448314, 1.2, 79.61714285714285
381, 1.0056818181818181, 0, 0.8411069596803459, 1.2, 78.31428571428572
382, 1.00625, 0, 0.9215521685485668, 1.2, 67.85469387755101
383, 1.0025062656641603, 0, 0.8811412729480145, 1.2, 80.58938775510204
384, 1.0023310023310024, 0, 0.901105114257263, 1.2, 98.08979591836734
385, 1.0078125, 0, 0.9414621851437254, 1.2, 90.90204081632653
386, 1.0142857142857142, 0, 0.8615755085518643, 1.2, 96.02938775510204
387, 1.0113636363636365, 0, 0.8618267604308953, 1.2, 92.66530612244898
388, 1.0025974025974025, 0, 0.881174557257136, 1.2, 95.19183673469388
389, 1.0060240963855422, 0, 0.8814350211734382, 1.2, 95.20979591836735
390, 1.0054945054945055, 0, 0.8813796651194632, 1.2, 87.35183673469388
391, 1.0028409090909092, 0, 0.881208372062892, 1.2, 76.93714285714286
392, 1.0357142857142858, 0, 0.8618844366029239, 1.2, 86.22122448979592
393, 1.0075187969924813, 0, 0.9216944922667047, 1.2, 73.82448979591837
394, 1.0095238095238095, 0, 0.8018595388171258, 1.2, 86.71591836734694
395, 1.0077519379844961, 0, 0.8212046363747036, 1.2, 92.76
396, 1.0227272727272727, 0, 0.8216742131021312, 1.2, 91.14857142857143
397, 1.0086206896551724, 0, 0.9415046434089496, 1.2, 90.94938775510204
398, 1.009009009009009, 0, 0.8816328476489929, 1.2, 90.70775510204082
399, 1.005952380952381, 0, 0.821308643965063, 1.2, 80.89877551020408
400, 1.006578947368421, 0, 0.9214736778704635, 1.2, 79.70367346938775
401, 1.1, 0, 0.9232537778548529, 1.2, 62.91265306122449
402, 1.0256410256410255, 0, 0.8824013199127194, 1.2, 64.21061224489796
403, 1.0062111801242235, 0, 0.9417452561256193, 1.2, 59.62204081632653
404, 1.018181818181818, 0, 0.8818430295788999, 1.2, 56.43265306122449
405, 1.0053763440860215, 0, 0.8214525645696951, 1.2, 61.49306122448979
406, 1.0092592592592593, 0, 0.8016831405022132, 1.2, 64.8865306122449
407, 1.0032786885245901, 0, 0.7611639496281403, 1.2, 61.52
408, 1.006060606060606, 0, 0.7611998506138201, 1.2, 59.204081632653065
409, 1.0204081632653061, 0, 0.8014713466233743, 1.2, 61.288163265306125
410, 1.0049751243781095, 0, 0.7612348826537958, 1.2, 53.289795918367346
411, 1.0074074074074073, 0, 0.8617320063891676, 1.2, 52.602448979591834
412, 1.037037037037037, 0, 0.8628435031612984, 1.2, 57.773877551020405
413, 1.0161290322580645, 0, 0.8414831158918319, 1.2, 62.43102040816326
414, 1.008695652173913, 0, 0.8815625815539424, 1.2, 72.44816326530612
415, 1.0142857142857142, 0, 0.8617068075685804, 1.2, 72.94938775510204
416, 1.008695652173913, 0, 0.9420834088116162, 1.2, 81.49714285714286
417, 1.0068027210884354, 0, 0.9015359702258161, 1.2, 84.19591836734693
418, 1.006993006993007, 0, 0.902109404542684, 1.2, 81.55428571428571
419, 1.0070422535211268, 0, 0.8412125315955857, 1.2, 88.35836734693878
420, 1.0051546391752577, 0, 0.841443112942038, 1.2, 83.92571428571429
421, 1.0064516129032257, 0, 0.8616701760691176, 1.2, 81.18775510204081
422, 1.010204081632653, 0, 0.8416615927880645, 1.2, 80.34530612244897
423, 1.0238095238095237, 0, 0.8414227878392515, 1.2, 78.54285714285714
424, 1.005050505050505, 0, 0.8812318703027882, 1.2, 81.88244897959184
425, 1.007936507936508, 0, 0.8613056573492088, 1.2, 85.54367346938776
426, 1.0125, 0, 0.8017920091821868, 1.2, 90.33142857142857
427, 1.0208333333333333, 0, 0.8825682624728377, 1.2, 90.37959183673469
428, 1.0075187969924813, 0, 0.9214304471134481, 1.2, 89.80979591836734
429, 1.003968253968254, 0, 0.9213378642369624, 1.2, 96.66367346938776
430, 1.0027397260273974, 0, 0.8811845772042415, 1.2, 93.58285714285714
431, 1.0040160642570282, 0, 0.8614154787548521, 1.2, 95.70857142857143
432, 1.0030487804878048, 0, 0.7411143381237213, 1.2, 103.95183673469388
433, 1.0104166666666667, 0, 0.7414685099626266, 1.2, 93.94938775510204
434, 1.0169491525423728, 0, 0.821585682768824, 1.2, 93.31428571428572
435, 1.0059880239520957, 0, 0.8412409585597065, 1.2, 95.62775510204082
436, 1.0047169811320755, 0, 0.9011242095818355, 1.2, 98.22530612244898
437, 1.011111111111111, 0, 0.8618801112301269, 1.2, 76.88979591836734
438, 1.006896551724138, 0, 0.9618315883517892, 1.2, 74.78448979591836
439, 1.0123456790123457, 0, 0.8816423245631768, 1.2, 66.69142857142857
440, 1.009009009009009, 0, 0.8815369813204813, 1.2, 83.39428571428572
441, 1.0062893081761006, 0, 0.8414182885028738, 1.2, 67.84081632653061
442, 1.0034246575342465, 0, 0.8212972515569033, 1.2, 86.75265306122449
443, 1.008695652173913, 0.000999000999000999, 0.9216333270249618, 1.2, 70.82938775510205
444, 1.0057471264367817, 0, 0.8812284296015513, 1.2, 86.09387755102041
445, 1.0059880239520957, 0, 0.9217091631901225, 1.2, 80.76081632653062
446, 1.013157894736842, 0, 0.8615620508244539, 1.2, 66.93877551020408
447, 1.0066225165562914, 0, 0.8613881660915483, 1.2, 54.6
448, 1.005181347150259, 0, 0.8212785870988872, 1.2, 48.264489795918365
449, 1.0076335877862594, 0, 0.90156032043371, 1.2, 49.559183673469384
450, 1.003831417624521, 0, 0.8813134380373476, 1.2, 52.13142857142857
451, 1.0151515151515151, 0, 0.8619278123867424, 1.2, 53.02367346938775
452, 1.0080645161290323, 0, 0.9416543124663829, 1.2, 59.962448979591834
453, 1.0125, 0, 0.881027625615231, 1.2, 59.50612244897959
454, 1.0093457943925233, 0, 0.9412615521885545, 1.2, 59.14775510204082
455, 1.0089285714285714, 0, 0.9211969715373617, 1.2, 55.57714285714286
456, 1.0121951219512195, 0, 0.8617304421628151, 1.2, 58.1934693877551
457, 1.0144927536231885, 0, 0.8621518274278586, 1.2, 63.20326530612245
458, 1.009090909090909, 0, 0.9418321319188976, 1.2, 68.18857142857142
459, 1.0076335877862594, 0, 0.8614268910162491, 1.2, 70.35591836734694
460, 1.0042918454935623, 0, 0.8813101077292993, 1.2, 72.53142857142858
461, 1.0196078431372548, 0, 0.9623422691104722, 1.2, 82.34775510204082
462, 1.006060606060606, 0, 0.8614862035192986, 1.2, 88.17142857142858
463, 1.0082644628099173, 0, 0.9011854603401648, 1.2, 87.0473469387755
464, 1.0151515151515151, 0, 0.8219483504810072, 1.2, 87.10448979591837
465, 1.0058823529411764, 0, 0.8616050086994537, 1.2, 87.02204081632654
466, 1.0063291139240507, 0, 0.7811754020178375, 1.2, 86.13551020408163
467, 1.003076923076923, 0, 0.8208405993448125, 1.2, 87.0930612244898
468, 1.0054347826086956, 0, 0.8211108826126557, 1.2, 88.81877551020408
469, 1.0076923076923077, 0, 0.8619708055832274, 1.2, 91.09632653061225
470, 1.0058823529411764, 0, 0.8412330750436134, 1.2, 99.23755102040816
471, 1.0081967213114753, 0, 0.8416652941117647, 1.2, 93.95918367346938
472, 1.0098039215686274, 0, 0.8619511301963593, 1.2, 99.81959183673469
473, 1.009009009009009, 0, 0.8814442149282748, 1.2, 99.63673469387756
474, 1.0049019607843137, 0, 0.9015315986423547, 1.2, 93.98938775510204
475, 1.0120481927710843, 0, 0.9018009085793776, 1.2, 90.61387755102041
476, 1.0081967213114753, 0, 0.8416658570380079, 1.2, 85.50448979591837
477, 1.0049019607843137, 0, 0.8213955564185932, 1.2, 100.88163265306123
478, 1.0129870129870129, 0, 0.7415988429972339, 1.2, 103.12489795918367
479, 1.00398406374502, 0, 0.8011750723605275, 1.2, 105.02775510204081
480, 1.0060240963855422, 0, 0.8214290557510947, 1.2, 104.9404081632653
481, 1.006896551724138, 0, 0.8814454338272887, 1.2, 117.86285714285714
482, 1.0097087378640777, 0, 0.8418463905017792, 1.2, 117.60163265306123
483, 1.0106382978723405, 0, 0.7613436783001216, 1.2, 118.08163265306122
484, 1.0056497175141244, 0, 0.8413774085313517, 1.2, 108.27428571428571
485, 1.0101010101010102, 0, 0.801803429910292, 1.2, 99.87755102040816
486, 1.0056179775280898, 0, 0.8211623930539294, 1.2, 92.63836734693878
487, 1.0060240963855422, 0, 0.8614861988612152, 1.2, 87.60489795918367
488, 1.0056497175141244, 0, 0.8415717528692894, 1.2, 92.99918367346939
489, 1.010204081632653, 0, 0.8818946060348128, 1.2, 84.14204081632653
490, 1.0138888888888888, 0, 0.8419724147818257, 1.2, 93.38285714285715
491, 1.0059880239520957, 0, 0.8415059906140187, 1.2, 98.02367346938776
492, 1.0044843049327354, 0, 0.8212426985159205, 1.2, 102.05061224489796
493, 1.0071428571428571, 0, 0.8215363873379531, 1.2, 102.12489795918367
494, 1.0043478260869565, 0, 0.8411589999683238, 1.2, 104.49142857142857
495, 1.0038167938931297, 0, 0.8409189293468857, 1.2, 103.72408163265307
496, 1.0062111801242235, 0, 0.7210409021158413, 1.2, 105.24326530612245
497, 1.0039525691699605, 0, 0.8011548538124366, 1.2, 98.56897959183674
498, 1.0108695652173914, 0, 0.8415922169520295, 1.2, 102.01632653061225
499, 1.0714285714285714, 0, 0.9030426932659341, 1.2, 102.06530612244897
