1: 0
2: 0
3: 717
4: 0
5: 0
6: 0
7: 0
8: 0
9: 0
10: 0
11: 0
12: 0
13: 0
14: 717
15: 0
16: 0
17: 0
18: 559
19: 0
20: 495
21: 0
22: 716
23: 0
24: 0
25: 715
26: 715
27: 94
28: 715
29: 332
30: 709
31: 715
32: 0
33: 716
34: 540
35: 0
36: 0
37: 716
38: 0
39: 0
40: 0
41: 318
42: 0
43: 717
44: 0
45: 0
46: 0
47: 717
48: 717
49: 0
50: 0
51: 0
52: 0
53: 716
54: 0
55: 677
56: 0
57: 0
58: 0
59: 715
60: 0
61: 0
62: 0
63: 0
64: 0
65: 0
66: 715
67: 716
68: 717
69: 716
70: 0
71: 717
72: 717
73: 0
74: 0
75: 0
76: 500
77: 716
78: 0
79: 0
80: 0
81: 0
82: 0
83: 0
84: 0
85: 205
86: 0
87: 0
88: 717
89: 715
90: 331
91: 716
92: 0
93: 716
94: 0
95: 497
96: 0
97: 0
98: 107
99: 717
100: 0
101: 698
102: 717
103: 718
104: 610
105: 0
106: 0
107: 717
108: 0
109: 0
110: 716
111: 714
112: 716
113: 0
114: 0
115: 0
116: 0
117: 129
118: 695
119: 528
120: 679
121: 0
122: 717
123: 0
124: 544
125: 693
126: 245
127: 0
128: 300
129: 14
130: 0
131: 717
132: 716
133: 0
134: 12
135: 0
136: 98
137: 0
138: 0
139: 114
140: 33
141: 0
142: 0
143: 717
144: 0
145: 0
146: 717
147: 718
148: 717
149: 324
150: 718
151: 0
152: 718
153: 0
154: 0
155: 0
156: 0
157: 0
158: 0
159: 716
160: 0
161: 0
162: 0
163: 0
164: 716
165: 0
166: 716
167: 0
168: 0
169: 295
170: 717
171: 278
172: 717
173: 0
174: 716
175: 0
176: 679
177: 718
178: 0
179: 717
180: 0
181: 75
182: 716
183: 0
184: 0
185: 0
186: 716
187: 0
188: 0
189: 0
190: 716
191: 687
192: 0
193: 49
194: 0
195: 0
196: 179
197: 0
198: 0
199: 717
200: 546
201: 709
202: 573
203: 0
204: 0
205: 717
206: 717
207: 0
208: 716
209: 0
210: 716
211: 0
212: 715
213: 715
214: 156
215: 716
216: 80
217: 715
218: 717
219: 0
220: 0
221: 0
222: 473
223: 715
224: 718
225: 716
226: 717
227: 716
228: 716
229: 0
230: 0
231: 659
232: 0
233: 716
234: 716
235: 715
236: 0
237: 0
238: 88
239: 0
240: 715
241: 0
242: 0
243: 22
244: 0
245: 698
246: 718
247: 0
248: 0
249: 0
250: 717
251: 718
252: 686
253: 593
254: 216
255: 717
256: 433
257: 0
258: 0
259: 716
260: 716
261: 716
262: 0
263: 0
264: 0
265: 496
266: 716
267: 0
268: 0
269: 0
270: 0
271: 0
272: 120
273: 0
274: 717
275: 0
276: 0
277: 64
278: 0
279: 0
280: 716
281: 603
282: 0
283: 0
284: 0
285: 508
286: 0
287: 494
288: 689
289: 619
290: 139
291: 716
292: 591
293: 0
294: 0
295: 0
296: 717
297: 718
298: 717
299: 717
300: 0
301: 0
302: 240
303: 0
304: 0
305: 716
306: 670
307: 715
308: 717
309: 715
310: 0
311: 712
312: 715
313: 0
314: 715
315: 716
316: 0
317: 0
318: 428
319: 0
320: 0
321: 0
322: 0
323: 0
324: 438
325: 717
326: 0
327: 0
328: 716
329: 0
330: 716
331: 0
332: 715
333: 716
334: 0
335: 706
336: 472
337: 716
338: 0
339: 0
340: 642
341: 0
342: 0
343: 0
344: 707
345: 0
346: 0
347: 717
348: 716
349: 718
350: 717
351: 717
352: 121
353: 0
354: 654
355: 0
356: 0
357: 0
358: 712
359: 0
360: 715
361: 0
362: 0
363: 715
364: 0
365: 0
366: 717
367: 0
368: 2
369: 0
370: 0
371: 0
372: 0
373: 613
374: 163
375: 717
376: 717
377: 0
378: 707
379: 716
380: 37
381: 230
382: 715
383: 0
384: 0
385: 0
386: 0
387: 715
388: 0
389: 0
390: 16
391: 0
392: 0
393: 0
394: 0
395: 718
396: 717
397: 591
398: 717
399: 718
400: 0
401: 717
402: 0
403: 717
404: 716
405: 0
406: 713
407: 586
408: 0
409: 0
410: 0
411: 0
412: 0
413: 0
414: 0
415: 716
416: 713
417: 717
418: 0
419: 718
420: 718
421: 0
422: 0
423: 0
424: 0
425: 718
426: 0
427: 0
428: 716
429: 717
430: 375
431: 715
432: 715
433: 356
434: 487
435: 703
436: 542
437: 272
438: 240
439: 0
440: 0
441: 0
442: 363
443: 0
444: 0
445: 0
446: 0
447: 490
448: 171
449: 361
450: 718
451: 681
452: 542
453: 715
454: 6
455: 0
456: 178
457: 0
458: 0
459: 0
460: 277
461: 715
462: 85
463: 716
464: 0
465: 0
466: 0
467: 74
468: 0
469: 717
470: 16
471: 0
472: 0
473: 0
474: 0
475: 716
476: 4
477: 715
478: 0
479: 715
480: 716
481: 585
482: 191
483: 0
484: 715
485: 524
486: 716
487: 298
488: 716
489: 717
490: 0
491: 0
492: 686
493: 0
494: 0
495: 0
496: 0
497: 0
498: 717
499: 0
500: 0
