1: 0
2: 0
3: 48
4: 12
5: 0
6: 0
7: 0
8: 0
9: 717
10: 277
11: 718
12: 39
13: 130
14: 111
15: 0
16: 572
17: 23
18: 0
19: 185
20: 202
21: 6
22: 549
23: 4
24: 0
25: 716
26: 62
27: 41
28: 0
29: 0
30: 19
31: 714
32: 0
33: 0
34: 439
35: 2
36: 0
37: 0
38: 471
39: 83
40: 319
41: 540
42: 344
43: 138
44: 0
45: 0
46: 0
47: 0
48: 0
49: 72
50: 0
51: 7
52: 0
53: 0
54: 256
55: 38
56: 480
57: 0
58: 715
59: 72
60: 1
61: 0
62: 0
63: 51
64: 59
65: 0
66: 274
67: 235
68: 385
69: 0
70: 718
71: 133
72: 249
73: 0
74: 0
75: 41
76: 453
77: 0
78: 0
79: 0
80: 0
81: 688
82: 582
83: 5
84: 2
85: 0
86: 3
87: 716
88: 0
89: 0
90: 4
91: 0
92: 11
93: 554
94: 644
95: 0
96: 210
97: 717
98: 401
99: 229
100: 0
101: 0
102: 718
103: 357
104: 16
105: 116
106: 159
107: 710
108: 0
109: 687
110: 0
111: 705
112: 0
113: 0
114: 0
115: 341
116: 0
117: 9
118: 0
119: 709
120: 717
121: 717
122: 0
123: 0
124: 717
125: 718
126: 0
127: 35
128: 0
129: 0
130: 711
131: 0
132: 0
133: 17
134: 0
135: 0
136: 0
137: 288
138: 356
139: 0
140: 692
141: 35
142: 164
143: 0
144: 0
145: 158
146: 548
147: 717
148: 717
149: 607
150: 9
151: 320
152: 0
153: 0
154: 0
155: 54
156: 703
157: 716
158: 62
159: 715
160: 0
161: 625
162: 48
163: 0
164: 0
165: 707
166: 3
167: 0
168: 716
169: 0
170: 201
171: 717
172: 0
173: 175
174: 0
175: 0
176: 118
177: 5
178: 650
179: 0
180: 716
181: 717
182: 79
183: 115
184: 257
185: 0
186: 258
187: 272
188: 133
189: 31
190: 0
191: 10
192: 716
193: 446
194: 479
195: 463
196: 42
197: 555
198: 40
199: 75
200: 172
201: 717
202: 205
203: 716
204: 14
205: 0
206: 0
207: 601
208: 40
209: 42
210: 717
211: 0
212: 558
213: 0
214: 0
215: 0
216: 0
217: 24
218: 0
219: 0
220: 409
221: 0
222: 0
223: 0
224: 224
225: 716
226: 0
227: 450
228: 201
229: 45
230: 0
231: 600
232: 100
233: 484
234: 0
235: 0
236: 716
237: 0
238: 312
239: 705
240: 0
241: 3
242: 235
243: 301
244: 0
245: 0
246: 717
247: 173
248: 0
249: 0
250: 0
251: 0
252: 0
253: 0
254: 0
255: 0
256: 7
257: 0
258: 23
259: 0
260: 0
261: 0
262: 7
263: 16
264: 3
265: 0
266: 0
267: 0
268: 0
269: 708
270: 206
271: 2
272: 265
273: 291
274: 0
275: 0
276: 72
277: 0
278: 718
279: 305
280: 715
281: 339
282: 0
283: 19
284: 0
285: 181
286: 0
287: 0
288: 539
289: 639
290: 228
291: 0
292: 713
293: 0
294: 0
295: 0
296: 394
297: 455
298: 278
299: 359
300: 717
301: 507
302: 0
303: 716
304: 716
305: 716
306: 358
307: 0
308: 656
309: 0
310: 9
311: 85
312: 133
313: 717
314: 715
315: 307
316: 594
317: 697
318: 268
319: 0
320: 0
321: 0
322: 0
323: 718
324: 0
325: 29
326: 714
327: 241
328: 0
329: 0
330: 202
331: 474
332: 402
333: 0
334: 3
335: 13
336: 578
337: 4
338: 471
339: 0
340: 0
341: 0
342: 382
343: 690
344: 0
345: 0
346: 165
347: 0
348: 164
349: 284
350: 699
351: 671
352: 0
353: 0
354: 0
355: 0
356: 3
357: 10
358: 0
359: 18
360: 0
361: 0
362: 0
363: 0
364: 8
365: 0
366: 589
367: 0
368: 137
369: 13
370: 0
371: 14
372: 432
373: 1
374: 37
375: 26
376: 19
377: 0
378: 0
379: 0
380: 0
381: 0
382: 37
383: 0
384: 0
385: 43
386: 0
387: 0
388: 0
389: 0
390: 0
391: 499
392: 717
393: 0
394: 365
395: 0
396: 571
397: 536
398: 76
399: 0
400: 0
401: 0
402: 0
403: 0
404: 0
405: 0
406: 0
407: 51
408: 0
409: 8
410: 0
411: 530
412: 0
413: 240
414: 39
415: 75
416: 0
417: 548
418: 0
419: 0
420: 0
421: 347
422: 309
423: 236
424: 0
425: 0
426: 0
427: 0
428: 465
429: 0
430: 34
431: 219
432: 149
433: 0
434: 7
435: 0
436: 0
437: 0
438: 274
439: 147
440: 119
441: 3
442: 201
443: 326
444: 706
445: 81
446: 0
447: 0
448: 0
449: 73
450: 376
451: 244
452: 668
453: 0
454: 0
455: 272
456: 0
457: 0
458: 288
459: 5
460: 137
461: 0
462: 39
463: 0
464: 523
465: 280
466: 0
467: 0
468: 0
469: 19
470: 0
471: 77
472: 0
473: 0
474: 423
475: 0
476: 5
477: 0
478: 0
479: 0
480: 500
481: 0
482: 0
483: 0
484: 182
485: 715
486: 31
487: 714
488: 0
489: 0
490: 0
491: 0
492: 0
493: 303
494: 57
495: 0
496: 0
497: 0
498: 9
499: 0
500: 471
