1: 715
2: 716
3: 716
4: 716
5: 715
6: 716
7: 717
8: 716
9: 716
10: 717
11: 716
12: 717
13: 716
14: 717
15: 717
16: 718
17: 717
18: 717
19: 718
20: 717
21: 718
22: 717
23: 718
24: 717
25: 718
26: 717
27: 717
28: 716
29: 716
30: 716
31: 716
32: 716
33: 715
34: 716
35: 715
36: 716
37: 716
38: 717
39: 716
40: 718
41: 717
42: 718
43: 717
44: 718
45: 717
46: 717
47: 717
48: 716
49: 717
50: 716
51: 717
52: 716
53: 716
54: 715
55: 716
56: 715
57: 716
58: 715
59: 716
60: 716
61: 716
62: 716
63: 716
64: 717
65: 717
66: 718
67: 717
68: 718
69: 717
70: 719
71: 717
72: 718
73: 717
74: 717
75: 717
76: 716
77: 716
78: 715
79: 716
80: 715
81: 716
82: 715
83: 716
84: 715
85: 717
86: 716
87: 716
88: 717
89: 717
90: 719
91: 717
92: 718
93: 717
94: 718
95: 717
96: 718
97: 717
98: 718
99: 716
100: 716
101: 717
102: 716
103: 715
104: 716
105: 717
106: 716
107: 715
108: 715
109: 716
110: 716
111: 717
112: 717
113: 719
114: 719
115: 718
116: 717
117: 718
118: 719
119: 718
120: 717
121: 717
122: 717
123: 715
124: 715
125: 716
126: 716
127: 716
128: 715
129: 716
130: 716
131: 716
132: 716
133: 716
134: 718
135: 719
136: 717
137: 718
138: 718
139: 719
140: 718
141: 717
142: 718
143: 717
144: 716
145: 716
146: 715
147: 716
148: 716
149: 715
150: 715
151: 716
152: 717
153: 715
154: 716
155: 717
156: 718
157: 718
158: 717
159: 717
160: 718
161: 718
162: 717
163: 717
164: 717
165: 717
166: 716
167: 716
168: 716
169: 716
170: 716
171: 715
172: 715
173: 716
174: 716
175: 716
176: 716
177: 717
178: 719
179: 717
180: 717
181: 718
182: 718
183: 719
184: 717
185: 717
186: 717
187: 717
188: 716
189: 716
190: 716
191: 716
192: 716
193: 715
194: 716
195: 717
196: 717
197: 716
198: 716
199: 717
200: 718
201: 717
202: 717
203: 718
204: 718
205: 718
206: 717
207: 717
208: 717
209: 717
210: 716
211: 715
212: 715
213: 716
214: 715
215: 715
216: 715
217: 716
218: 717
219: 716
220: 716
221: 717
222: 719
223: 718
224: 717
225: 718
226: 718
227: 718
228: 717
229: 717
230: 718
231: 717
232: 716
233: 715
234: 716
235: 716
236: 716
237: 715
238: 716
239: 716
240: 716
241: 716
242: 716
243: 718
244: 718
245: 717
246: 717
247: 717
248: 718
249: 717
250: 717
251: 718
252: 717
253: 717
254: 715
255: 715
256: 716
257: 716
258: 715
259: 715
260: 715
261: 716
262: 716
263: 716
264: 717
265: 718
266: 719
267: 718
268: 717
269: 718
270: 718
271: 717
272: 717
273: 718
274: 718
275: 716
276: 715
277: 716
278: 717
279: 716
280: 715
281: 716
282: 716
283: 716
284: 716
285: 716
286: 718
287: 718
288: 717
289: 718
290: 718
291: 718
292: 718
293: 717
294: 717
295: 717
296: 717
297: 715
298: 715
299: 716
300: 716
301: 716
302: 715
303: 715
304: 717
305: 716
306: 716
307: 716
308: 717
309: 718
310: 717
311: 717
312: 718
313: 718
314: 718
315: 717
316: 717
317: 717
318: 717
319: 716
320: 715
321: 716
322: 716
323: 715
324: 715
325: 716
326: 717
327: 716
328: 716
329: 717
330: 717
331: 718
332: 717
333: 718
334: 718
335: 718
336: 717
337: 717
338: 717
339: 717
340: 717
341: 715
342: 716
343: 716
344: 715
345: 715
346: 715
347: 716
348: 716
349: 715
350: 716
351: 717
352: 718
353: 717
354: 717
355: 718
356: 718
357: 718
358: 717
359: 717
360: 718
361: 717
362: 716
363: 716
364: 715
365: 716
366: 715
367: 715
368: 716
369: 717
370: 716
371: 716
372: 716
373: 717
374: 717
375: 717
376: 717
377: 718
378: 718
379: 717
380: 717
381: 717
382: 718
383: 717
384: 716
385: 716
386: 716
387: 716
388: 716
389: 715
390: 716
391: 716
392: 716
393: 715
394: 716
395: 717
396: 718
397: 717
398: 717
399: 717
400: 718
401: 717
402: 717
403: 717
404: 717
405: 717
406: 716
407: 715
408: 716
409: 716
410: 716
411: 715
412: 715
413: 717
414: 716
415: 716
416: 716
417: 718
418: 718
419: 717
420: 717
421: 717
422: 718
423: 718
424: 717
425: 717
426: 717
427: 717
428: 716
429: 715
430: 717
431: 716
432: 716
433: 715
434: 716
435: 717
436: 717
437: 715
438: 716
439: 718
440: 718
441: 717
442: 717
443: 718
444: 718
445: 718
446: 717
447: 717
448: 717
449: 716
450: 716
451: 715
452: 716
453: 716
454: 715
455: 715
456: 716
457: 717
458: 717
459: 716
460: 716
461: 718
462: 718
463: 718
464: 717
465: 718
466: 718
467: 717
468: 717
469: 717
470: 718
471: 717
472: 715
473: 716
474: 716
475: 716
476: 716
477: 715
478: 716
479: 716
480: 717
481: 716
482: 716
483: 717
484: 718
485: 717
486: 717
487: 717
488: 718
489: 718
490: 717
491: 717
492: 717
493: 717
494: 716
495: 715
496: 716
497: 717
498: 717
499: 715
500: 715
