1: 716
2: 0
3: 717
4: 0
5: 0
6: 0
7: 59
8: 39
9: 0
10: 715
11: 504
12: 716
13: 0
14: 0
15: 0
16: 716
17: 0
18: 0
19: 717
20: 718
21: 0
22: 0
23: 717
24: 718
25: 0
26: 0
27: 0
28: 718
29: 695
30: 229
31: 563
32: 0
33: 716
34: 0
35: 579
36: 0
37: 0
38: 0
39: 0
40: 0
41: 0
42: 0
43: 0
44: 0
45: 0
46: 0
47: 0
48: 717
49: 718
50: 0
51: 717
52: 0
53: 0
54: 694
55: 718
56: 0
57: 717
58: 591
59: 717
60: 681
61: 0
62: 716
63: 716
64: 0
65: 716
66: 715
67: 716
68: 715
69: 716
70: 715
71: 716
72: 716
73: 178
74: 717
75: 0
76: 531
77: 718
78: 718
79: 718
80: 717
81: 718
82: 692
83: 0
84: 716
85: 717
86: 713
87: 717
88: 0
89: 120
90: 266
91: 716
92: 715
93: 549
94: 676
95: 716
96: 584
97: 405
98: 0
99: 717
100: 718
101: 569
102: 717
103: 0
104: 716
105: 0
106: 0
107: 715
108: 626
109: 254
110: 715
111: 716
112: 91
113: 715
114: 399
115: 715
116: 716
117: 714
118: 0
119: 0
120: 716
121: 598
122: 716
123: 717
124: 717
125: 296
126: 719
127: 0
128: 0
129: 0
130: 711
131: 0
132: 0
133: 717
134: 0
135: 716
136: 0
137: 0
138: 0
139: 583
140: 716
141: 0
142: 716
143: 0
144: 0
145: 716
146: 0
147: 718
148: 0
149: 3
150: 718
151: 39
152: 718
153: 718
154: 716
155: 717
156: 0
157: 0
158: 0
159: 0
160: 0
161: 716
162: 716
163: 715
164: 0
165: 60
166: 715
167: 119
168: 716
169: 0
170: 0
171: 0
172: 0
173: 718
174: 717
175: 0
176: 0
177: 0
178: 718
179: 718
180: 0
181: 0
182: 0
183: 0
184: 716
185: 677
186: 304
187: 0
188: 0
189: 0
190: 716
191: 33
192: 716
193: 713
194: 0
195: 716
196: 717
197: 0
198: 717
199: 0
200: 0
201: 717
202: 717
203: 0
204: 653
205: 669
206: 0
207: 717
208: 169
209: 715
210: 716
211: 0
212: 716
213: 716
214: 716
215: 694
216: 334
217: 476
218: 14
219: 716
220: 0
221: 717
222: 716
223: 1
224: 1
225: 429
226: 609
227: 0
228: 0
229: 718
230: 711
231: 0
232: 0
233: 717
234: 0
235: 0
236: 0
237: 397
238: 0
239: 0
240: 716
241: 717
242: 715
243: 580
244: 717
245: 718
246: 718
247: 0
248: 718
249: 311
250: 718
251: 718
252: 0
253: 718
254: 716
255: 0
256: 492
257: 8
258: 715
259: 547
260: 716
261: 0
262: 716
263: 714
264: 461
265: 717
266: 717
267: 717
268: 717
269: 717
270: 270
271: 718
272: 717
273: 657
274: 692
275: 718
276: 0
277: 717
278: 715
279: 715
280: 715
281: 716
282: 2
283: 0
284: 714
285: 0
286: 716
287: 715
288: 0
289: 716
290: 0
291: 0
292: 717
293: 717
294: 0
295: 0
296: 0
297: 0
298: 0
299: 0
300: 717
301: 0
302: 717
303: 717
304: 0
305: 0
306: 716
307: 0
308: 0
309: 0
310: 0
311: 0
312: 715
313: 0
314: 716
315: 0
316: 0
317: 0
318: 717
319: 0
320: 293
321: 0
322: 84
323: 719
324: 0
325: 310
326: 717
327: 681
328: 716
329: 716
330: 716
331: 0
332: 715
333: 716
334: 2
335: 716
336: 716
337: 717
338: 0
339: 0
340: 0
341: 0
342: 0
343: 717
344: 718
345: 718
346: 13
347: 0
348: 718
349: 718
350: 718
351: 717
352: 490
353: 716
354: 0
355: 715
356: 0
357: 586
358: 715
359: 0
360: 716
361: 79
362: 584
363: 0
364: 718
365: 282
366: 717
367: 6
368: 717
369: 0
370: 717
371: 0
372: 165
373: 718
374: 0
375: 710
376: 716
377: 715
378: 0
379: 0
380: 0
381: 716
382: 0
383: 0
384: 0
385: 0
386: 716
387: 0
388: 717
389: 717
390: 717
391: 0
392: 0
393: 0
394: 717
395: 0
396: 718
397: 0
398: 717
399: 716
400: 0
401: 716
402: 0
403: 0
404: 715
405: 716
406: 0
407: 0
408: 0
409: 0
410: 716
411: 716
412: 716
413: 718
414: 0
415: 718
416: 0
417: 719
418: 718
419: 718
420: 0
421: 717
422: 0
423: 0
424: 204
425: 0
426: 715
427: 0
428: 0
429: 0
430: 53
431: 0
432: 658
433: 716
434: 0
435: 0
436: 0
437: 458
438: 716
439: 0
440: 718
441: 0
442: 314
443: 718
444: 0
445: 717
446: 552
447: 0
448: 0
449: 0
450: 0
451: 0
452: 716
453: 716
454: 0
455: 0
456: 0
457: 0
458: 0
459: 0
460: 0
461: 716
462: 716
463: 0
464: 717
465: 0
466: 717
467: 717
468: 0
469: 718
470: 0
471: 718
472: 0
473: 0
474: 0
475: 715
476: 716
477: 716
478: 0
479: 0
480: 0
481: 716
482: 0
483: 716
484: 716
485: 0
486: 0
487: 718
488: 717
489: 705
490: 0
491: 0
492: 0
493: 718
494: 0
495: 718
496: 0
497: 716
498: 717
499: 716
500: 0
