1: 0
2: 0
3: 83
4: 0
5: 0
6: 0
7: 718
8: 0
9: 716
10: 0
11: 718
12: 717
13: 0
14: 0
15: 0
16: 0
17: 0
18: 0
19: 96
20: 0
21: 0
22: 716
23: 716
24: 590
25: 716
26: 576
27: 0
28: 712
29: 0
30: 70
31: 5
32: 0
33: 716
34: 22
35: 0
36: 0
37: 45
38: 0
39: 0
40: 719
41: 2
42: 0
43: 673
44: 0
45: 0
46: 213
47: 0
48: 0
49: 574
50: 0
51: 53
52: 0
53: 715
54: 716
55: 0
56: 213
57: 42
58: 628
59: 103
60: 260
61: 626
62: 128
63: 717
64: 325
65: 0
66: 6
67: 0
68: 0
69: 717
70: 197
71: 0
72: 3
73: 287
74: 65
75: 717
76: 698
77: 717
78: 0
79: 0
80: 16
81: 0
82: 716
83: 0
84: 713
85: 716
86: 0
87: 235
88: 643
89: 717
90: 716
91: 717
92: 717
93: 0
94: 717
95: 0
96: 718
97: 0
98: 717
99: 67
100: 718
101: 383
102: 14
103: 0
104: 0
105: 0
106: 562
107: 693
108: 716
109: 10
110: 713
111: 0
112: 536
113: 0
114: 141
115: 0
116: 0
117: 317
118: 375
119: 717
120: 0
121: 717
122: 697
123: 168
124: 0
125: 517
126: 1
127: 0
128: 0
129: 59
130: 0
131: 0
132: 0
133: 118
134: 716
135: 0
136: 0
137: 0
138: 0
139: 413
140: 4
141: 0
142: 0
143: 592
144: 627
145: 704
146: 514
147: 528
148: 0
149: 504
150: 0
151: 0
152: 0
153: 716
154: 716
155: 0
156: 0
157: 713
158: 0
159: 716
160: 0
161: 0
162: 711
163: 716
164: 0
165: 717
166: 618
167: 717
168: 497
169: 0
170: 0
171: 464
172: 94
173: 479
174: 0
175: 0
176: 716
177: 0
178: 715
179: 715
180: 716
181: 0
182: 549
183: 707
184: 0
185: 707
186: 82
187: 717
188: 0
189: 0
190: 0
191: 54
192: 722
193: 0
194: 0
195: 721
196: 465
197: 721
198: 0
199: 0
200: 310
201: 0
202: 484
203: 0
204: 228
205: 0
206: 0
207: 0
208: 719
209: 0
210: 230
211: 152
212: 216
213: 0
214: 0
215: 10
216: 721
217: 0
218: 0
219: 0
220: 0
221: 8
222: 150
223: 0
224: 145
225: 0
226: 185
227: 126
228: 30
229: 2
230: 643
231: 0
232: 343
233: 1
234: 0
235: 1
236: 0
237: 0
238: 535
239: 0
240: 27
241: 411
242: 722
243: 0
244: 156
245: 547
246: 0
247: 722
248: 0
249: 0
250: 648
251: 0
252: 0
253: 713
254: 576
255: 10
256: 48
257: 73
258: 18
259: 625
260: 26
261: 628
262: 68
263: 0
264: 717
265: 718
266: 0
267: 602
268: 718
269: 0
270: 168
271: 718
272: 718
273: 0
274: 717
275: 0
276: 0
277: 716
278: 716
279: 0
280: 0
281: 310
282: 715
283: 0
284: 717
285: 0
286: 718
287: 718
288: 0
289: 603
290: 0
291: 17
292: 0
293: 691
294: 0
295: 0
296: 410
297: 0
298: 721
299: 416
300: 720
301: 719
302: 718
303: 719
304: 0
305: 0
306: 719
307: 0
308: 0
309: 23
310: 720
311: 6
312: 0
313: 153
314: 639
315: 0
316: 0
317: 722
318: 0
319: 672
320: 705
321: 721
322: 0
323: 165
324: 680
325: 713
326: 6
327: 189
328: 576
329: 0
330: 691
331: 0
332: 48
333: 2
334: 297
335: 720
336: 0
337: 0
338: 0
339: 319
340: 581
341: 721
342: 0
343: 721
344: 0
345: 0
346: 0
347: 720
348: 534
349: 721
350: 0
351: 7
352: 0
353: 702
354: 0
355: 81
356: 715
357: 46
358: 711
359: 0
360: 132
361: 68
362: 0
363: 77
364: 0
365: 0
366: 0
367: 0
368: 718
369: 0
370: 719
371: 718
372: 0
373: 716
374: 0
375: 716
376: 717
377: 0
378: 716
379: 510
380: 715
381: 0
382: 0
383: 0
384: 0
385: 0
386: 0
387: 0
388: 0
389: 0
390: 397
391: 0
392: 717
393: 0
394: 718
395: 717
396: 0
397: 0
398: 0
399: 716
400: 515
401: 717
402: 716
403: 87
404: 437
405: 0
406: 715
407: 0
408: 0
409: 0
410: 716
411: 319
412: 0
413: 0
414: 719
415: 717
416: 0
417: 718
418: 0
419: 0
420: 0
421: 0
422: 0
423: 0
424: 715
425: 230
426: 0
427: 0
428: 0
429: 0
430: 0
431: 715
432: 153
433: 44
434: 0
435: 5
436: 716
437: 0
438: 718
439: 0
440: 0
441: 716
442: 0
443: 0
444: 0
445: 0
446: 717
447: 717
448: 517
449: 374
450: 715
451: 20
452: 0
453: 130
454: 0
455: 714
456: 0
457: 0
458: 714
459: 672
460: 0
461: 716
462: 0
463: 0
464: 716
465: 717
466: 0
467: 579
468: 0
469: 97
470: 0
471: 688
472: 477
473: 0
474: 186
475: 715
476: 211
477: 104
478: 0
479: 526
480: 14
481: 0
482: 0
483: 715
484: 0
485: 0
486: 716
487: 0
488: 718
489: 163
490: 676
491: 0
492: 0
493: 0
494: 139
495: 0
496: 59
497: 0
498: 697
499: 56
500: 716
