1: 540
2: 0
3: 7
4: 716
5: 715
6: 668
7: 0
8: 644
9: 346
10: 716
11: 0
12: 27
13: 718
14: 12
15: 438
16: 679
17: 662
18: 0
19: 0
20: 0
21: 0
22: 507
23: 0
24: 150
25: 0
26: 465
27: 0
28: 0
29: 421
30: 0
31: 369
32: 716
33: 716
34: 616
35: 716
36: 716
37: 0
38: 717
39: 715
40: 717
41: 0
42: 716
43: 718
44: 717
45: 0
46: 674
47: 0
48: 0
49: 718
50: 699
51: 39
52: 610
53: 717
54: 0
55: 693
56: 0
57: 301
58: 715
59: 404
60: 0
61: 711
62: 0
63: 5
64: 506
65: 564
66: 0
67: 716
68: 716
69: 717
70: 0
71: 0
72: 374
73: 718
74: 9
75: 0
76: 0
77: 0
78: 137
79: 0
80: 718
81: 0
82: 0
83: 717
84: 0
85: 716
86: 716
87: 716
88: 0
89: 715
90: 81
91: 0
92: 488
93: 0
94: 715
95: 716
96: 716
97: 67
98: 718
99: 0
100: 385
101: 0
102: 0
103: 717
104: 0
105: 403
106: 57
107: 0
108: 630
109: 717
110: 0
111: 708
112: 713
113: 715
114: 715
115: 717
116: 717
117: 0
118: 717
119: 0
120: 716
121: 715
122: 650
123: 718
124: 0
125: 374
126: 545
127: 0
128: 0
129: 719
130: 0
131: 685
132: 148
133: 0
134: 87
135: 717
136: 715
137: 698
138: 0
139: 0
140: 715
141: 342
142: 717
143: 0
144: 717
145: 717
146: 0
147: 403
148: 0
149: 456
150: 717
151: 32
152: 718
153: 0
154: 0
155: 0
156: 717
157: 666
158: 0
159: 711
160: 0
161: 716
162: 715
163: 0
164: 715
165: 0
166: 0
167: 0
168: 717
169: 716
170: 0
171: 0
172: 0
173: 216
174: 0
175: 717
176: 0
177: 717
178: 717
179: 451
180: 48
181: 643
182: 446
183: 0
184: 0
185: 0
186: 710
187: 0
188: 715
189: 716
190: 716
191: 184
192: 0
193: 716
194: 717
195: 0
196: 717
197: 637
198: 197
199: 0
200: 358
201: 0
202: 718
203: 691
204: 82
205: 0
206: 570
207: 0
208: 0
209: 716
210: 297
211: 716
212: 0
213: 715
214: 0
215: 0
216: 717
217: 0
218: 0
219: 717
220: 717
221: 717
222: 718
223: 3
224: 718
225: 0
226: 0
227: 0
228: 0
229: 0
230: 152
231: 0
232: 0
233: 0
234: 717
235: 715
236: 0
237: 0
238: 379
239: 0
240: 716
241: 0
242: 0
243: 713
244: 716
245: 718
246: 717
247: 0
248: 718
249: 0
250: 0
251: 368
252: 0
253: 718
254: 717
255: 712
256: 0
257: 17
258: 0
259: 269
260: 716
261: 0
262: 0
263: 0
264: 0
265: 0
266: 0
267: 0
268: 718
269: 716
270: 422
271: 676
272: 175
273: 0
274: 289
275: 718
276: 714
277: 0
278: 717
279: 1
280: 0
281: 355
282: 715
283: 0
284: 716
285: 0
286: 716
287: 7
288: 0
289: 703
290: 678
291: 717
292: 475
293: 717
294: 15
295: 0
296: 283
297: 537
298: 639
299: 717
300: 0
301: 0
302: 717
303: 717
304: 0
305: 0
306: 284
307: 696
308: 155
309: 57
310: 717
311: 86
312: 528
313: 716
314: 0
315: 718
316: 707
317: 717
318: 717
319: 718
320: 3
321: 718
322: 718
323: 716
324: 716
325: 717
326: 0
327: 716
328: 716
329: 69
330: 19
331: 715
332: 0
333: 715
334: 0
335: 0
336: 715
337: 498
338: 717
339: 0
340: 0
341: 211
342: 0
343: 0
344: 0
345: 717
346: 280
347: 717
348: 710
349: 0
350: 517
351: 16
352: 716
353: 0
354: 716
355: 716
356: 0
357: 716
358: 648
359: 0
360: 380
361: 625
362: 43
363: 622
364: 136
365: 0
366: 0
367: 718
368: 338
369: 717
370: 0
371: 0
372: 0
373: 713
374: 377
375: 214
376: 621
377: 1
378: 0
379: 466
380: 441
381: 716
382: 716
383: 715
384: 715
385: 716
386: 0
387: 0
388: 717
389: 718
390: 719
391: 0
392: 0
393: 45
394: 717
395: 225
396: 0
397: 716
398: 0
399: 0
400: 716
401: 716
402: 0
403: 474
404: 0
405: 716
406: 26
407: 0
408: 688
409: 183
410: 679
411: 0
412: 718
413: 717
414: 716
415: 0
416: 717
417: 718
418: 718
419: 245
420: 0
421: 716
422: 0
423: 715
424: 0
425: 713
426: 0
427: 712
428: 715
429: 716
430: 0
431: 0
432: 709
433: 0
434: 0
435: 5
436: 716
437: 106
438: 0
439: 0
440: 477
441: 0
442: 0
443: 17
444: 0
445: 717
446: 708
447: 0
448: 570
449: 715
450: 328
451: 512
452: 1
453: 375
454: 0
455: 62
456: 0
457: 0
458: 717
459: 0
460: 0
461: 0
462: 718
463: 0
464: 718
465: 703
466: 0
467: 717
468: 66
469: 0
470: 82
471: 715
472: 0
473: 579
474: 419
475: 369
476: 699
477: 716
478: 0
479: 0
480: 714
481: 716
482: 380
483: 0
484: 52
485: 0
486: 0
487: 0
488: 717
489: 705
490: 718
491: 614
492: 190
493: 717
494: 0
495: 0
496: 716
497: 716
498: 716
499: 716
500: 715
