1: 0
2: 0
3: 0
4: 0
5: 0
6: 0
7: 721
8: 0
9: 0
10: 721
11: 721
12: 0
13: 0
14: 721
15: 0
16: 720
17: 720
18: 0
19: 0
20: 125
21: 0
22: 0
23: 0
24: 0
25: 0
26: 719
27: 0
28: 0
29: 0
30: 0
31: 719
32: 0
33: 0
34: 719
35: 721
36: 0
37: 0
38: 0
39: 0
40: 0
41: 721
42: 0
43: 0
44: 722
45: 0
46: 0
47: 721
48: 0
49: 0
50: 0
51: 0
52: 719
53: 0
54: 719
55: 719
56: 0
57: 0
58: 718
59: 0
60: 0
61: 0
62: 0
63: 0
64: 0
65: 144
66: 0
67: 0
68: 0
69: 0
70: 0
71: 0
72: 0
73: 224
74: 722
75: 722
76: 0
77: 0
78: 0
79: 0
80: 0
81: 0
82: 719
83: 0
84: 0
85: 0
86: 0
87: 0
88: 0
89: 0
90: 0
91: 720
92: 0
93: 0
94: 0
95: 0
96: 0
97: 0
98: 0
99: 0
100: 0
101: 0
102: 0
103: 0
104: 0
105: 0
106: 1
107: 0
108: 0
109: 0
110: 0
111: 0
112: 511
113: 0
114: 0
115: 716
116: 0
117: 716
118: 0
119: 716
120: 0
121: 0
122: 716
123: 713
124: 0
125: 0
126: 719
127: 0
128: 0
129: 0
130: 0
131: 150
132: 0
133: 0
134: 0
135: 0
136: 0
137: 0
138: 0
139: 0
140: 0
141: 526
142: 0
143: 0
144: 716
145: 0
146: 715
147: 717
148: 0
149: 0
150: 0
151: 0
152: 0
153: 0
154: 719
155: 712
156: 718
157: 0
158: 0
159: 717
160: 0
161: 0
162: 0
163: 0
164: 0
165: 0
166: 716
167: 0
168: 0
169: 0
170: 0
171: 716
172: 716
173: 0
174: 0
175: 4
176: 0
177: 0
178: 718
179: 0
180: 719
181: 0
182: 0
183: 0
184: 0
185: 0
186: 0
187: 0
188: 0
189: 0
190: 72
191: 0
192: 0
193: 716
194: 0
195: 0
196: 716
197: 0
198: 716
199: 716
200: 716
201: 0
202: 0
203: 0
204: 717
205: 0
206: 0
207: 0
208: 0
209: 718
210: 0
211: 718
212: 0
213: 716
214: 716
215: 715
216: 0
217: 0
218: 0
219: 715
220: 0
221: 0
222: 716
223: 715
224: 0
225: 0
226: 0
227: 122
228: 0
229: 0
230: 0
231: 0
232: 0
233: 718
234: 90
235: 0
236: 0
237: 0
238: 0
239: 0
240: 0
241: 0
242: 0
243: 0
244: 0
245: 0
246: 33
247: 0
248: 0
249: 0
250: 0
251: 0
252: 0
253: 0
254: 718
255: 0
256: 0
257: 718
258: 0
259: 0
260: 0
261: 0
262: 718
263: 0
264: 0
265: 692
266: 0
267: 0
268: 0
269: 0
270: 0
271: 0
272: 716
273: 0
274: 0
275: 0
276: 0
277: 0
278: 0
279: 11
280: 0
281: 0
282: 0
283: 0
284: 0
285: 0
286: 0
287: 0
288: 0
289: 0
290: 0
291: 78
292: 0
293: 0
294: 0
295: 0
296: 717
297: 0
298: 0
299: 716
300: 0
301: 716
302: 715
303: 0
304: 715
305: 0
306: 0
307: 717
308: 0
309: 0
310: 0
311: 719
312: 0
313: 719
314: 0
315: 717
316: 0
317: 0
318: 0
319: 716
320: 716
321: 0
322: 0
323: 0
324: 0
325: 0
326: 0
327: 0
328: 0
329: 0
330: 0
331: 716
332: 718
333: 717
334: 179
335: 0
336: 0
337: 0
338: 719
339: 717
340: 717
341: 0
342: 0
343: 0
344: 716
345: 0
346: 716
347: 716
348: 0
349: 0
350: 0
351: 0
352: 0
353: 0
354: 0
355: 0
356: 24
357: 0
358: 0
359: 0
360: 0
361: 713
362: 0
363: 0
364: 0
365: 717
366: 95
367: 0
368: 717
369: 718
370: 716
371: 0
372: 0
373: 0
374: 0
375: 716
376: 0
377: 0
378: 0
379: 0
380: 48
381: 717
382: 0
383: 0
384: 717
385: 0
386: 0
387: 0
388: 0
389: 0
390: 0
391: 0
392: 0
393: 0
394: 716
395: 0
396: 0
397: 0
398: 0
399: 0
400: 0
401: 0
402: 716
403: 716
404: 715
405: 715
406: 691
407: 0
408: 716
409: 0
410: 717
411: 718
412: 718
413: 718
414: 0
415: 718
416: 0
417: 0
418: 0
419: 0
420: 0
421: 0
422: 77
423: 0
424: 0
425: 716
426: 715
427: 715
428: 716
429: 0
430: 0
431: 716
432: 0
433: 0
434: 716
435: 0
436: 0
437: 0
438: 4
439: 0
440: 718
441: 0
442: 0
443: 719
444: 0
445: 0
446: 0
447: 717
448: 717
449: 0
450: 0
451: 716
452: 715
453: 0
454: 715
455: 614
456: 677
457: 715
458: 716
459: 0
460: 0
461: 717
462: 0
463: 716
464: 0
465: 717
466: 718
467: 0
468: 0
469: 0
470: 0
471: 0
472: 0
473: 0
474: 0
475: 0
476: 0
477: 0
478: 0
479: 0
480: 5
481: 0
482: 0
483: 206
484: 0
485: 717
486: 14
487: 0
488: 718
489: 0
490: 0
491: 717
492: 717
493: 0
494: 0
495: 0
496: 718
497: 716
498: 717
499: 716
500: 0
