1: 716
2: 716
3: 716
4: 715
5: 716
6: 715
7: 716
8: 716
9: 716
10: 715
11: 716
12: 716
13: 716
14: 716
15: 716
16: 715
17: 715
18: 716
19: 716
20: 716
21: 718
22: 717
23: 718
24: 717
25: 718
26: 717
27: 712
28: 717
29: 717
30: 716
31: 717
32: 717
33: 716
34: 716
35: 716
36: 716
37: 715
38: 714
39: 715
40: 716
41: 715
42: 717
43: 716
44: 717
45: 717
46: 716
47: 717
48: 717
49: 718
50: 717
51: 716
52: 717
53: 718
54: 717
55: 717
56: 716
57: 716
58: 715
59: 716
60: 715
61: 714
62: 715
63: 716
64: 716
65: 715
66: 716
67: 715
68: 717
69: 716
70: 717
71: 717
72: 718
73: 717
74: 718
75: 717
76: 718
77: 718
78: 717
79: 718
80: 716
81: 715
82: 716
83: 716
84: 715
85: 716
86: 715
87: 716
88: 715
89: 716
90: 716
91: 715
92: 716
93: 713
94: 717
95: 716
96: 718
97: 716
98: 718
99: 717
100: 717
101: 716
102: 717
103: 717
104: 716
105: 716
106: 717
107: 716
108: 715
109: 715
110: 716
111: 715
112: 715
113: 714
114: 716
115: 717
116: 716
117: 717
118: 718
119: 705
120: 716
121: 718
122: 717
123: 718
124: 718
125: 717
126: 716
127: 716
128: 715
129: 716
130: 715
131: 713
132: 716
133: 716
134: 715
135: 715
136: 716
137: 716
138: 717
139: 717
140: 717
141: 718
142: 718
143: 717
144: 716
145: 714
146: 718
147: 717
148: 716
149: 716
150: 717
151: 716
152: 710
153: 715
154: 715
155: 717
156: 716
157: 715
158: 715
159: 717
160: 716
161: 717
162: 717
163: 718
164: 718
165: 717
166: 717
167: 717
168: 717
169: 718
170: 713
171: 717
172: 716
173: 716
174: 716
175: 715
176: 715
177: 716
178: 716
179: 715
180: 716
181: 717
182: 717
183: 716
184: 717
185: 713
186: 719
187: 717
188: 717
189: 718
190: 718
191: 717
192: 717
193: 710
194: 716
195: 716
196: 715
197: 715
198: 716
199: 711
200: 715
201: 715
202: 716
203: 717
204: 717
205: 717
206: 718
207: 718
208: 719
209: 718
210: 717
211: 718
212: 718
213: 717
214: 716
215: 716
216: 716
217: 716
218: 715
219: 715
220: 716
221: 716
222: 716
223: 716
224: 716
225: 716
226: 717
227: 717
228: 718
229: 716
230: 718
231: 717
232: 717
233: 718
234: 718
235: 716
236: 716
237: 715
238: 713
239: 716
240: 716
241: 715
242: 716
243: 716
244: 716
245: 716
246: 715
247: 716
248: 716
249: 717
250: 717
251: 718
252: 718
253: 717
254: 717
255: 717
256: 718
257: 718
258: 716
259: 716
260: 716
261: 717
262: 716
263: 714
264: 716
265: 716
266: 716
267: 716
268: 716
269: 717
270: 717
271: 718
272: 718
273: 718
274: 719
275: 717
276: 717
277: 718
278: 717
279: 718
280: 716
281: 715
282: 716
283: 710
284: 716
285: 715
286: 716
287: 716
288: 716
289: 716
290: 717
291: 717
292: 718
293: 717
294: 699
295: 718
296: 719
297: 718
298: 716
299: 718
300: 713
301: 717
302: 716
303: 715
304: 716
305: 716
306: 715
307: 715
308: 715
309: 716
310: 716
311: 716
312: 716
313: 717
314: 718
315: 716
316: 717
317: 718
318: 718
319: 718
320: 717
321: 716
322: 717
323: 718
324: 704
325: 715
326: 714
327: 716
328: 716
329: 715
330: 715
331: 716
332: 717
333: 716
334: 716
335: 717
336: 718
337: 718
338: 717
339: 713
340: 717
341: 718
342: 717
343: 714
344: 717
345: 713
346: 717
347: 715
348: 715
349: 716
350: 717
351: 716
352: 714
353: 715
354: 716
355: 715
356: 716
357: 717
358: 718
359: 719
360: 717
361: 717
362: 718
363: 718
364: 718
365: 717
366: 717
367: 717
368: 717
369: 716
370: 715
371: 716
372: 716
373: 713
374: 715
375: 715
376: 717
377: 716
378: 716
379: 717
380: 717
381: 718
382: 717
383: 715
384: 718
385: 718
386: 718
387: 711
388: 709
389: 717
390: 716
391: 714
392: 715
393: 715
394: 711
395: 715
396: 716
397: 715
398: 716
399: 706
400: 716
401: 716
402: 710
403: 717
404: 719
405: 717
406: 715
407: 717
408: 718
409: 717
410: 716
411: 717
412: 713
413: 716
414: 715
415: 715
416: 716
417: 716
418: 716
419: 716
420: 716
421: 717
422: 717
423: 717
424: 718
425: 718
426: 717
427: 717
428: 717
429: 718
430: 718
431: 717
432: 716
433: 716
434: 716
435: 716
436: 714
437: 715
438: 716
439: 715
440: 716
441: 714
442: 716
443: 717
444: 712
445: 717
446: 717
447: 718
448: 714
449: 717
450: 717
451: 718
452: 718
453: 717
454: 716
455: 716
456: 716
457: 715
458: 715
459: 716
460: 716
461: 716
462: 716
463: 715
464: 715
465: 717
466: 708
467: 717
468: 717
469: 714
470: 717
471: 717
472: 718
473: 718
474: 714
475: 716
476: 716
477: 716
478: 711
479: 716
480: 715
481: 715
482: 716
483: 716
484: 715
485: 715
486: 715
487: 717
488: 711
489: 717
490: 717
491: 718
492: 719
493: 717
494: 717
495: 718
496: 718
497: 717
498: 716
499: 716
500: 712
