1: 0
2: 0
3: 0
4: 716
5: 717
6: 0
7: 0
8: 0
9: 0
10: 0
11: 0
12: 0
13: 0
14: 0
15: 715
16: 716
17: 0
18: 41
19: 0
20: 0
21: 0
22: 0
23: 0
24: 0
25: 0
26: 0
27: 0
28: 0
29: 0
30: 0
31: 0
32: 0
33: 0
34: 0
35: 0
36: 717
37: 0
38: 0
39: 0
40: 0
41: 0
42: 0
43: 0
44: 0
45: 0
46: 0
47: 715
48: 0
49: 0
50: 0
51: 0
52: 0
53: 716
54: 715
55: 305
56: 342
57: 717
58: 651
59: 0
60: 717
61: 718
62: 0
63: 717
64: 0
65: 718
66: 570
67: 718
68: 498
69: 717
70: 717
71: 0
72: 0
73: 0
74: 0
75: 0
76: 0
77: 0
78: 0
79: 0
80: 0
81: 0
82: 716
83: 712
84: 716
85: 716
86: 0
87: 716
88: 0
89: 0
90: 0
91: 0
92: 0
93: 0
94: 718
95: 0
96: 697
97: 492
98: 0
99: 717
100: 0
101: 0
102: 0
103: 716
104: 715
105: 0
106: 715
107: 202
108: 712
109: 0
110: 0
111: 716
112: 716
113: 712
114: 50
115: 0
116: 201
117: 129
118: 0
119: 15
120: 427
121: 66
122: 718
123: 0
124: 717
125: 716
126: 0
127: 619
128: 686
129: 715
130: 640
131: 603
132: 715
133: 0
134: 0
135: 716
136: 0
137: 0
138: 702
139: 717
140: 717
141: 75
142: 0
143: 0
144: 717
145: 717
146: 0
147: 264
148: 0
149: 0
150: 715
151: 0
152: 0
153: 0
154: 716
155: 715
156: 698
157: 716
158: 717
159: 0
160: 717
161: 716
162: 71
163: 0
164: 0
165: 717
166: 718
167: 0
168: 718
169: 717
170: 0
171: 691
172: 232
173: 149
174: 466
175: 715
176: 709
177: 322
178: 681
179: 716
180: 715
181: 0
182: 440
183: 0
184: 717
185: 248
186: 0
187: 0
188: 0
189: 480
190: 0
191: 0
192: 717
193: 0
194: 0
195: 0
196: 115
197: 715
198: 716
199: 703
200: 716
201: 0
202: 0
203: 0
204: 0
205: 716
206: 0
207: 577
208: 717
209: 0
210: 514
211: 717
212: 717
213: 0
214: 0
215: 717
216: 0
217: 717
218: 0
219: 0
220: 0
221: 0
222: 0
223: 0
224: 0
225: 0
226: 715
227: 715
228: 716
229: 0
230: 0
231: 0
232: 716
233: 332
234: 124
235: 705
236: 281
237: 0
238: 0
239: 716
240: 0
241: 0
242: 0
243: 134
244: 715
245: 0
246: 0
247: 0
248: 0
249: 716
250: 0
251: 93
252: 714
253: 716
254: 0
255: 639
256: 0
257: 0
258: 382
259: 714
260: 0
261: 718
262: 0
263: 0
264: 718
265: 0
266: 183
267: 717
268: 41
269: 0
270: 0
271: 0
272: 499
273: 658
274: 301
275: 67
276: 0
277: 0
278: 0
279: 386
280: 0
281: 0
282: 0
283: 31
284: 0
285: 0
286: 0
287: 0
288: 0
289: 513
290: 0
291: 0
292: 718
293: 173
294: 708
295: 711
296: 0
297: 10
298: 660
299: 1
300: 717
301: 0
302: 0
303: 0
304: 0
305: 527
306: 412
307: 0
308: 0
309: 0
310: 717
311: 718
312: 0
313: 0
314: 458
315: 0
316: 718
317: 0
318: 0
319: 718
320: 0
321: 717
322: 236
323: 0
324: 0
325: 0
326: 0
327: 716
328: 0
329: 0
330: 0
331: 0
332: 0
333: 200
334: 0
335: 716
336: 717
337: 715
338: 718
339: 0
340: 718
341: 0
342: 241
343: 631
344: 41
345: 0
346: 0
347: 716
348: 0
349: 0
350: 0
351: 0
352: 0
353: 0
354: 0
355: 0
356: 223
357: 0
358: 614
359: 0
360: 718
361: 714
362: 717
363: 0
364: 717
365: 718
366: 0
367: 0
368: 0
369: 0
370: 716
371: 716
372: 0
373: 0
374: 0
375: 716
376: 0
377: 0
378: 0
379: 0
380: 0
381: 716
382: 0
383: 717
384: 0
385: 0
386: 0
387: 718
388: 718
389: 0
390: 0
391: 0
392: 5
393: 0
394: 0
395: 0
396: 0
397: 0
398: 716
399: 0
400: 0
401: 0
402: 0
403: 0
404: 715
405: 715
406: 716
407: 654
408: 716
409: 716
410: 0
411: 0
412: 0
413: 717
414: 717
415: 212
416: 718
417: 0
418: 440
419: 0
420: 0
421: 706
422: 716
423: 0
424: 0
425: 716
426: 715
427: 0
428: 699
429: 0
430: 715
431: 716
432: 716
433: 0
434: 0
435: 0
436: 717
437: 718
438: 718
439: 717
440: 0
441: 683
442: 0
443: 184
444: 0
445: 0
446: 0
447: 0
448: 0
449: 0
450: 0
451: 0
452: 0
453: 0
454: 0
455: 0
456: 717
457: 0
458: 0
459: 0
460: 104
461: 0
462: 57
463: 0
464: 717
465: 717
466: 0
467: 717
468: 718
469: 0
470: 0
471: 34
472: 717
473: 400
474: 0
475: 68
476: 250
477: 206
478: 0
479: 714
480: 325
481: 0
482: 716
483: 716
484: 293
485: 101
486: 0
487: 582
488: 4
489: 146
490: 0
491: 0
492: 0
493: 717
494: 550
495: 581
496: 463
497: 123
498: 0
499: 141
500: 715
