1: 435
2: 715
3: 716
4: 716
5: 716
6: 715
7: 715
8: 0
9: 0
10: 715
11: 0
12: 715
13: 0
14: 715
15: 0
16: 716
17: 715
18: 546
19: 0
20: 368
21: 716
22: 646
23: 0
24: 58
25: 96
26: 716
27: 0
28: 716
29: 0
30: 717
31: 0
32: 717
33: 717
34: 590
35: 716
36: 716
37: 714
38: 0
39: 0
40: 716
41: 0
42: 0
43: 0
44: 396
45: 715
46: 716
47: 52
48: 0
49: 716
50: 49
51: 0
52: 717
53: 0
54: 0
55: 0
56: 0
57: 0
58: 0
59: 716
60: 717
61: 0
62: 231
63: 441
64: 716
65: 716
66: 716
67: 715
68: 589
69: 708
70: 556
71: 714
72: 716
73: 716
74: 0
75: 0
76: 0
77: 651
78: 0
79: 716
80: 0
81: 716
82: 0
83: 0
84: 0
85: 714
86: 716
87: 10
88: 643
89: 0
90: 716
91: 716
92: 58
93: 0
94: 716
95: 422
96: 309
97: 140
98: 716
99: 154
100: 0
101: 715
102: 0
103: 715
104: 0
105: 0
106: 0
107: 717
108: 716
109: 717
110: 718
111: 0
112: 386
113: 0
114: 0
115: 0
116: 717
117: 715
118: 716
119: 715
120: 715
121: 0
122: 0
123: 0
124: 715
125: 0
126: 715
127: 716
128: 715
129: 0
130: 0
131: 0
132: 177
133: 132
134: 0
135: 717
136: 0
137: 0
138: 717
139: 0
140: 716
141: 717
142: 715
143: 0
144: 716
145: 0
146: 715
147: 0
148: 716
149: 716
150: 715
151: 67
152: 716
153: 717
154: 716
155: 0
156: 716
157: 716
158: 27
159: 0
160: 699
161: 717
162: 0
163: 717
164: 669
165: 316
166: 0
167: 0
168: 652
169: 715
170: 716
171: 715
172: 0
173: 715
174: 715
175: 16
176: 257
177: 716
178: 0
179: 717
180: 0
181: 716
182: 689
183: 81
184: 714
185: 33
186: 711
187: 716
188: 0
189: 0
190: 0
191: 715
192: 0
193: 716
194: 716
195: 715
196: 716
197: 715
198: 716
199: 0
200: 717
201: 0
202: 717
203: 717
204: 715
205: 717
206: 0
207: 0
208: 717
209: 717
210: 718
211: 716
212: 0
213: 199
214: 0
215: 0
216: 0
217: 0
218: 0
219: 405
220: 716
221: 0
222: 716
223: 716
224: 0
225: 717
226: 718
227: 0
228: 0
229: 718
230: 0
231: 0
232: 0
233: 717
234: 0
235: 0
236: 0
237: 716
238: 0
239: 0
240: 716
241: 474
242: 716
243: 0
244: 0
245: 715
246: 672
247: 0
248: 0
249: 716
250: 717
251: 0
252: 718
253: 7
254: 0
255: 0
256: 717
257: 0
258: 717
259: 718
260: 718
261: 481
262: 0
263: 0
264: 0
265: 0
266: 625
267: 716
268: 699
269: 715
270: 716
271: 0
272: 0
273: 196
274: 166
275: 0
276: 119
277: 0
278: 719
279: 630
280: 717
281: 718
282: 718
283: 0
284: 0
285: 717
286: 717
287: 0
288: 716
289: 0
290: 0
291: 0
292: 0
293: 33
294: 715
295: 715
296: 716
297: 717
298: 654
299: 10
300: 400
301: 0
302: 719
303: 414
304: 717
305: 27
306: 710
307: 716
308: 0
309: 716
310: 0
311: 0
312: 0
313: 0
314: 0
315: 717
316: 717
317: 715
318: 716
319: 642
320: 0
321: 0
322: 716
323: 0
324: 0
325: 366
326: 0
327: 718
328: 0
329: 0
330: 0
331: 0
332: 717
333: 0
334: 716
335: 0
336: 689
337: 716
338: 716
339: 716
340: 0
341: 716
342: 0
343: 0
344: 717
345: 0
346: 0
347: 0
348: 717
349: 718
350: 0
351: 0
352: 0
353: 0
354: 718
355: 0
356: 0
357: 92
358: 0
359: 716
360: 716
361: 715
362: 715
363: 0
364: 716
365: 716
366: 0
367: 715
368: 679
369: 0
370: 716
371: 716
372: 711
373: 0
374: 63
375: 0
376: 0
377: 0
378: 0
379: 0
380: 0
381: 717
382: 104
383: 716
384: 0
385: 716
386: 0
387: 0
388: 0
389: 716
390: 717
391: 716
392: 716
393: 0
394: 0
395: 717
396: 716
397: 717
398: 717
399: 0
400: 718
401: 718
402: 447
403: 0
404: 683
405: 0
406: 716
407: 130
408: 0
409: 678
410: 0
411: 0
412: 0
413: 715
414: 715
415: 684
416: 359
417: 0
418: 716
419: 0
420: 0
421: 718
422: 717
423: 0
424: 717
425: 673
426: 718
427: 0
428: 0
429: 0
430: 717
431: 0
432: 0
433: 715
434: 716
435: 257
436: 348
437: 715
438: 715
439: 0
440: 686
441: 716
442: 21
443: 716
444: 717
445: 0
446: 718
447: 717
448: 718
449: 0
450: 0
451: 717
452: 0
453: 0
454: 0
455: 0
456: 717
457: 0
458: 0
459: 0
460: 715
461: 716
462: 0
463: 716
464: 0
465: 0
466: 0
467: 0
468: 0
469: 716
470: 0
471: 535
472: 0
473: 0
474: 0
475: 0
476: 0
477: 497
478: 0
479: 0
480: 0
481: 0
482: 716
483: 0
484: 0
485: 0
486: 715
487: 0
488: 0
489: 0
490: 0
491: 716
492: 0
493: 0
494: 0
495: 5
496: 0
497: 0
498: 717
499: 0
500: 0
