1: 0
2: 0
3: 0
4: 0
5: 718
6: 0
7: 0
8: 0
9: 0
10: 0
11: 0
12: 0
13: 0
14: 0
15: 717
16: 0
17: 717
18: 0
19: 697
20: 718
21: 717
22: 717
23: 0
24: 0
25: 0
26: 568
27: 716
28: 0
29: 0
30: 95
31: 716
32: 715
33: 0
34: 716
35: 716
36: 0
37: 717
38: 0
39: 541
40: 0
41: 717
42: 718
43: 701
44: 0
45: 0
46: 0
47: 717
48: 465
49: 0
50: 0
51: 717
52: 0
53: 0
54: 0
55: 715
56: 0
57: 424
58: 716
59: 0
60: 0
61: 0
62: 716
63: 715
64: 717
65: 0
66: 717
67: 0
68: 717
69: 0
70: 0
71: 0
72: 0
73: 0
74: 0
75: 718
76: 563
77: 718
78: 0
79: 717
80: 0
81: 716
82: 716
83: 0
84: 715
85: 0
86: 713
87: 272
88: 715
89: 346
90: 715
91: 0
92: 716
93: 0
94: 0
95: 717
96: 717
97: 588
98: 718
99: 0
100: 626
101: 718
102: 717
103: 717
104: 716
105: 717
106: 0
107: 0
108: 284
109: 714
110: 6
111: 338
112: 0
113: 715
114: 299
115: 0
116: 0
117: 282
118: 716
119: 0
120: 0
121: 0
122: 717
123: 245
124: 711
125: 718
126: 0
127: 0
128: 5
129: 0
130: 695
131: 0
132: 0
133: 0
134: 715
135: 716
136: 715
137: 715
138: 715
139: 170
140: 716
141: 0
142: 0
143: 717
144: 677
145: 717
146: 0
147: 717
148: 717
149: 0
150: 718
151: 718
152: 670
153: 716
154: 715
155: 716
156: 183
157: 716
158: 0
159: 0
160: 716
161: 0
162: 1
163: 0
164: 0
165: 717
166: 0
167: 715
168: 0
169: 718
170: 718
171: 717
172: 0
173: 0
174: 717
175: 574
176: 59
177: 0
178: 716
179: 0
180: 0
181: 716
182: 715
183: 715
184: 0
185: 715
186: 439
187: 556
188: 515
189: 0
190: 0
191: 405
192: 0
193: 711
194: 0
195: 0
196: 717
197: 656
198: 718
199: 0
200: 100
201: 717
202: 715
203: 610
204: 521
205: 0
206: 530
207: 0
208: 11
209: 715
210: 0
211: 0
212: 0
213: 714
214: 0
215: 278
216: 447
217: 717
218: 718
219: 712
220: 0
221: 717
222: 0
223: 717
224: 717
225: 0
226: 0
227: 716
228: 0
229: 715
230: 717
231: 0
232: 0
233: 716
234: 717
235: 717
236: 0
237: 0
238: 717
239: 0
240: 717
241: 0
242: 717
243: 0
244: 717
245: 710
246: 718
247: 0
248: 717
249: 0
250: 644
251: 716
252: 715
253: 0
254: 0
255: 715
256: 0
257: 716
258: 716
259: 323
260: 466
261: 716
262: 716
263: 0
264: 717
265: 0
266: 717
267: 14
268: 145
269: 0
270: 0
271: 0
272: 30
273: 438
274: 273
275: 0
276: 716
277: 0
278: 716
279: 0
280: 715
281: 0
282: 715
283: 715
284: 0
285: 715
286: 717
287: 0
288: 90
289: 0
290: 717
291: 717
292: 0
293: 717
294: 718
295: 718
296: 716
297: 536
298: 716
299: 0
300: 716
301: 716
302: 666
303: 0
304: 0
305: 0
306: 717
307: 715
308: 0
309: 0
310: 717
311: 717
312: 705
313: 718
314: 717
315: 717
316: 0
317: 717
318: 20
319: 0
320: 718
321: 716
322: 716
323: 0
324: 0
325: 713
326: 715
327: 0
328: 0
329: 596
330: 118
331: 0
332: 716
333: 718
334: 12
335: 718
336: 0
337: 719
338: 0
339: 0
340: 0
341: 718
342: 0
343: 399
344: 0
345: 716
346: 0
347: 0
348: 0
349: 0
350: 0
351: 715
352: 0
353: 0
354: 0
355: 716
356: 0
357: 0
358: 716
359: 0
360: 0
361: 0
362: 0
363: 0
364: 0
365: 0
366: 0
367: 0
368: 0
369: 338
370: 0
371: 0
372: 718
373: 717
374: 715
375: 0
376: 0
377: 0
378: 0
379: 0
380: 0
381: 0
382: 0
383: 0
384: 0
385: 0
386: 0
387: 717
388: 0
389: 0
390: 0
391: 0
392: 0
393: 0
394: 0
395: 0
396: 0
397: 0
398: 718
399: 0
400: 717
401: 716
402: 715
403: 0
404: 0
405: 0
406: 0
407: 21
408: 0
409: 0
410: 0
411: 0
412: 0
413: 0
414: 694
415: 280
416: 0
417: 718
418: 0
419: 718
420: 719
421: 0
422: 0
423: 0
424: 717
425: 0
426: 0
427: 716
428: 716
429: 0
430: 0
431: 0
432: 0
433: 0
434: 715
435: 0
436: 0
437: 0
438: 0
439: 0
440: 0
441: 0
442: 0
443: 0
444: 0
445: 0
446: 0
447: 0
448: 0
449: 0
450: 0
451: 0
452: 0
453: 0
454: 715
455: 716
456: 0
457: 0
458: 0
459: 715
460: 716
461: 717
462: 0
463: 0
464: 0
465: 0
466: 721
467: 0
468: 0
469: 0
470: 0
471: 0
472: 0
473: 0
474: 0
475: 0
476: 0
477: 0
478: 720
479: 0
480: 613
481: 720
482: 1
483: 720
484: 0
485: 0
486: 0
487: 720
488: 720
489: 0
490: 0
491: 0
492: 0
493: 722
494: 0
495: 721
496: 722
497: 721
498: 0
499: 722
500: 721
