0, 0, 0, 5.684078895015062e-07, 0, 262.26775510204084
1, 2.842443364315966e-05, 0, 1.1363800920238497e-06, 2.842443364315966e-05, 471.7942857142857
2, 3.451251078515962e-05, 0, 9.242224913283788e-06, 3.451251078515962e-05, 382.29795918367347
3, 5.9901761111776687e-05, 0, 1.487989609782726e-05, 5.9901761111776687e-05, 264.5012244897959
4, 2.8598392770326306e-05, 0, 1.934276435525347e-05, 5.9901761111776687e-05, 225.16408163265305
5, 2.8512773722627736e-05, 0, 1.9903943343701225e-05, 5.9901761111776687e-05, 246.38857142857142
6, 0.0006925207756232687, 0, 3.492756590461761e-05, 0.0006925207756232687, 179.80326530612246
7, 4.4212574056061546e-05, 0, 2.20923140950796e-05, 0.0006925207756232687, 139.50285714285715
8, 2.8697698444584744e-05, 0, 2.1096740709243706e-05, 0.0006925207756232687, 107.56734693877551
9, 2.8541256386106115e-05, 0, 2.4457364907233018e-05, 0.0006925207756232687, 96.59918367346938
10, 2.860657379065709e-05, 0, 2.5025898781349132e-05, 0.0006925207756232687, 85.89877551020408
11, 0.0007147962830593281, 0, 3.879492238329467e-05, 0.0007147962830593281, 67.75428571428571
12, 4.385772553835358e-05, 0, 2.7788270620094146e-05, 0.0007147962830593281, 59.49061224489796
13, 5.960896518836433e-05, 0, 2.7425203639806507e-05, 0.0007147962830593281, 48.395102040816326
14, 2.8494087476848555e-05, 2.839698991906858e-05, 2.843593108985392e-05, 0.0007147962830593281, 53.671020408163265
15, 2.85143997718848e-05, 0, 2.785303795028903e-05, 0.0007147962830593281, 56.99510204081633
16, 0.0007558578987150416, 0, 4.130530726638406e-05, 0.0007558578987150416, 55.1934693877551
17, 4.4118944674843376e-05, 0, 2.835012365463652e-05, 0.0007558578987150416, 58.48408163265306
18, 5.959475566150179e-05, 0, 2.7410491365623025e-05, 0.0007558578987150416, 58.36489795918367
19, 2.8522532800912723e-05, 0, 2.729928762487952e-05, 0.0007558578987150416, 62.80734693877551
20, 2.8544515171409814e-05, 0, 2.6725799007636942e-05, 0.0007558578987150416, 67.82775510204081
21, 0.0006485084306095979, 0, 3.9168650405638054e-05, 0.0007558578987150416, 69.12489795918367
22, 4.4004400440044006e-05, 0, 2.665129448478523e-05, 0.0007558578987150416, 72.02530612244898
23, 5.950964056177101e-05, 0, 2.7411107562653993e-05, 0.0007558578987150416, 72.86530612244898
24, 2.8526601055484238e-05, 0, 2.730040748440159e-05, 0.0007558578987150416, 75.10122448979592
25, 2.866890284108827e-05, 0, 2.7864417070294028e-05, 0.0007558578987150416, 74.6073469387755
26, 0.0006925207756232687, 2.839698991906858e-05, 4.175833767928904e-05, 0.0007558578987150416, 62.63836734693878
27, 4.405092286683406e-05, 0, 2.836611179056469e-05, 0.0007558578987150416, 72.14693877551021
28, 6.01286753652817e-05, 0, 2.741731822269132e-05, 0.0007558578987150416, 81.46204081632654
29, 2.8553480669293585e-05, 0, 2.6164163120537343e-05, 0.0007558578987150416, 84.4073469387755
30, 2.858694719990852e-05, 0, 2.6166907568424743e-05, 0.0007558578987150416, 87.63673469387756
31, 0.0007369196757553427, 0, 3.922581622177987e-05, 0.0007558578987150416, 77.71673469387756
32, 4.3950248318903e-05, 0, 2.7215226289466613e-05, 0.0007558578987150416, 76.16897959183673
33, 5.9762146656307895e-05, 0, 2.7401679395391427e-05, 0.0007558578987150416, 73.42285714285714
34, 2.8512773722627736e-05, 0, 2.6731081944690222e-05, 0.0007558578987150416, 73.69469387755102
35, 2.8553480669293585e-05, 0, 2.7306314976658436e-05, 0.0007558578987150416, 74.84571428571428
36, 0.0006389776357827476, 0, 3.8980437492700205e-05, 0.0007558578987150416, 63.99183673469388
37, 4.408782294330306e-05, 0, 2.6657443572100992e-05, 0.0007558578987150416, 61.52979591836735
38, 5.965163445478406e-05, 0, 2.7991975576024844e-05, 0.0007558578987150416, 63.82448979591837
39, 2.8611484649938486e-05, 0, 2.7872851649001447e-05, 0.0007558578987150416, 62.138775510204084
40, 2.854044180603916e-05, 0, 2.729359000945565e-05, 0.0007558578987150416, 65.52
41, 0.0007042253521126761, 0, 3.970689280664342e-05, 0.0007558578987150416, 59.06775510204081
42, 4.413452202312649e-05, 0, 2.7222650943572697e-05, 0.0007558578987150416, 69.70612244897958
43, 5.945303210463734e-05, 0, 2.7411073501371438e-05, 0.0007558578987150416, 76.29061224489796
44, 2.8503021320259948e-05, 0, 2.6158956132867995e-05, 0.0007558578987150416, 77.6195918367347
45, 2.85673475217826e-05, 0, 2.729975359554076e-05, 0.0007558578987150416, 82.69551020408163
46, 0.0007012622720897616, 0, 4.0795191121361045e-05, 0.0007558578987150416, 79.87591836734694
47, 4.423213021939137e-05, 2.840747684790637e-05, 2.8935429822952133e-05, 0.0007558578987150416, 90.53632653061224
48, 5.969792848188168e-05, 0, 2.8555522872945282e-05, 0.0007558578987150416, 84.13551020408163
49, 2.8557557757660565e-05, 0, 2.7302517821904175e-05, 0.0007558578987150416, 90.14775510204082
50, 2.8521719289238757e-05, 0, 2.673369712950712e-05, 0.0007558578987150416, 86.71020408163265
51, 0.0006293266205160479, 0, 3.877948463069586e-05, 0.0007558578987150416, 74.55918367346939
52, 4.3861572876003335e-05, 0, 2.8357186273977017e-05, 0.0007558578987150416, 65.44489795918368
53, 2.8650011460004585e-05, 0, 2.68007798335289e-05, 0.0007558578987150416, 70.62040816326531
54, 2.8529042565331506e-05, 0, 2.6733470207354772e-05, 0.0007558578987150416, 73.94938775510204
55, 2.8583678719451193e-05, 0, 2.7879898882774548e-05, 0.0007558578987150416, 65.67102040816326
56, 0.0006373486297004461, 0, 4.0083166721084674e-05, 0.0007558578987150416, 71.64897959183673
57, 4.4128679228630685e-05, 2.838328792007266e-05, 2.8928243625200015e-05, 0.0007558578987150416, 72.75673469387755
58, 2.8663150653519834e-05, 0, 2.7936905051074163e-05, 0.0007558578987150416, 82.1134693877551
59, 5.939300350418721e-05, 0, 2.7908578755261107e-05, 0.0007558578987150416, 79.69714285714285
60, 2.8524159963489076e-05, 0, 2.6166522824214067e-05, 0.0007558578987150416, 80.52734693877551
61, 0.0007763975155279503, 0, 4.114971936455376e-05, 0.0007763975155279503, 81.65551020408164
62, 4.416570974295557e-05, 0, 2.7795841469503943e-05, 0.0007763975155279503, 81.62204081632653
63, 2.8686173264486518e-05, 0, 2.6799899488399233e-05, 0.0007763975155279503, 81.36734693877551
64, 5.963740458015267e-05, 0, 2.7351070189213714e-05, 0.0007763975155279503, 81.54775510204081
65, 2.8520092405099392e-05, 0, 2.615810356339e-05, 0.0007763975155279503, 77.25551020408163
66, 0.0006997900629811056, 0, 3.90459207870812e-05, 0.0007763975155279503, 72.87183673469387
67, 4.394059231918446e-05, 0, 2.6080451818408117e-05, 0.0007763975155279503, 63.095510204081634
68, 2.8625407912062748e-05, 0, 2.5638537840264598e-05, 0.0007763975155279503, 72.50530612244899
69, 5.980861244019139e-05, 0, 2.5092755265856258e-05, 0.0007763975155279503, 70.28163265306122
70, 2.8557557757660565e-05, 0, 2.502778430846795e-05, 0.0007763975155279503, 67.17224489795919
71, 0.0006901311249137336, 0, 3.828334118140806e-05, 0.0007763975155279503, 78.02612244897959
72, 4.407810640454886e-05, 0, 2.609668977452718e-05, 0.0007763975155279503, 73.55591836734693
73, 2.862622734949761e-05, 0, 2.68010851728355e-05, 0.0007763975155279503, 74.3069387755102
74, 5.9794307581918205e-05, 0, 2.6793036123284454e-05, 0.0007763975155279503, 81.28734693877551
75, 2.8516026006615717e-05, 0, 2.672656585360811e-05, 0.0007763975155279503, 87.12081632653062
76, 0.0007072135785007072, 0, 3.804635770137098e-05, 0.0007763975155279503, 78.2
77, 3.45435075477564e-05, 0, 2.406797717683211e-05, 0.0007763975155279503, 92.67102040816326
78, 2.864344637946838e-05, 0, 2.5077986395971204e-05, 0.0007763975155279503, 86.87836734693877
79, 5.9747864013861504e-05, 0, 2.5658169057748463e-05, 0.0007763975155279503, 85.49142857142857
80, 2.8545329984014616e-05, 0, 2.445271295655465e-05, 0.0007763975155279503, 97.38857142857142
81, 0.0006402048655569782, 0, 3.7284596098432135e-05, 0.0007763975155279503, 94.69551020408163
82, 4.4113106003793724e-05, 0, 2.6654597690292264e-05, 0.0007763975155279503, 93.23836734693877
83, 2.869193469715663e-05, 0, 2.7358976758879173e-05, 0.0007763975155279503, 94.0661224489796
84, 5.935774915415207e-05, 0, 2.6795910930330217e-05, 0.0007763975155279503, 92.41714285714286
85, 2.8636064259328197e-05, 0, 2.6170058579698375e-05, 0.0007763975155279503, 91.99102040816327
86, 0.0006349206349206349, 0, 3.888333615149878e-05, 0.0007763975155279503, 84.43755102040816
87, 4.392322220758115e-05, 0, 2.6642689710759632e-05, 0.0007763975155279503, 81.92408163265306
88, 2.8654937245687433e-05, 0, 2.6806981260972824e-05, 0.0007763975155279503, 84.45877551020408
89, 5.939300350418721e-05, 0, 2.7927063552478024e-05, 0.0007763975155279503, 89.68
90, 2.8529042565331506e-05, 0, 2.7874708465647013e-05, 0.0007763975155279503, 91.01061224489796
91, 0.0006949270326615705, 0, 4.121552787153738e-05, 0.0007763975155279503, 101.74448979591837
92, 4.404898246850498e-05, 0, 2.7796111854658344e-05, 0.0007763975155279503, 104.4261224489796
93, 2.8654116163786927e-05, 2.841312686461145e-05, 2.8504240163127643e-05, 0.0007763975155279503, 122.75102040816327
94, 5.964096141229796e-05, 0, 2.849983604088023e-05, 0.0007763975155279503, 123.38367346938776
95, 2.8533112677261963e-05, 0, 2.7302597846257563e-05, 0.0007763975155279503, 131.20326530612246
96, 0.0006802721088435374, 0, 4.034810797352887e-05, 0.0007763975155279503, 132.41142857142856
97, 4.379242391066345e-05, 0, 2.721795762016619e-05, 0.0007763975155279503, 127.61142857142858
98, 2.8640985249892597e-05, 0, 2.565148010536768e-05, 0.0007763975155279503, 126.18530612244898
99, 5.9467174119885826e-05, 0, 2.623518427570434e-05, 0.0007763975155279503, 111.7804081632653
100, 2.8572244921283467e-05, 0, 2.730253779224439e-05, 0.0007763975155279503, 117.7591836734694
101, 0.0006426735218508997, 0, 3.903218190822061e-05, 0.0007763975155279503, 108.00816326530612
102, 4.416961130742049e-05, 0, 2.7104230114076174e-05, 0.0007763975155279503, 119.7738775510204
103, 2.861312197773899e-05, 0, 2.7934832231523368e-05, 0.0007763975155279503, 132.21142857142857
104, 5.9474247650767217e-05, 0, 2.8497327624334304e-05, 0.0007763975155279503, 128.6138775510204
105, 2.8577960676726108e-05, 0, 2.6729448594361335e-05, 0.0007763975155279503, 123.27918367346939
106, 0.0006146281499692685, 0, 3.9607761451055545e-05, 0.0007763975155279503, 101.0530612244898
107, 3.451131971286582e-05, 0, 2.7483628007555116e-05, 0.0007763975155279503, 108.58367346938776
108, 2.8668080958660627e-05, 0, 2.7935821803465843e-05, 0.0007763975155279503, 122.0269387755102
109, 5.9780009564801534e-05, 0, 2.680649300763639e-05, 0.0007763975155279503, 108.2204081632653
110, 2.8501396568431854e-05, 0, 2.6728623213623386e-05, 0.0007763975155279503, 122.5869387755102
111, 0.00066711140760507, 0, 4.0100328720543934e-05, 0.0007763975155279503, 117.38857142857142
112, 3.4531579129113573e-05, 0, 2.7490062720041156e-05, 0.0007763975155279503, 116.71102040816326
113, 4.3844265170115746e-05, 0, 2.482523888134386e-05, 0.0007763975155279503, 112.87918367346938
114, 5.979073243647235e-05, 0, 2.6239354432174816e-05, 0.0007763975155279503, 119.08
115, 2.8535555301906177e-05, 0, 2.616328795446557e-05, 0.0007763975155279503, 116.71755102040817
116, 0.0006901311249137336, 0, 3.94072365212237e-05, 0.0007763975155279503, 110.87265306122448
117, 2.8701816825005023e-05, 0, 2.678686200424251e-05, 0.0007763975155279503, 110.1730612244898
118, 4.3988914793472045e-05, 0, 2.7795010839242834e-05, 0.0007763975155279503, 109.03918367346938
119, 5.948132286462051e-05, 0, 2.8502603426842273e-05, 0.0007763975155279503, 103.69795918367348
120, 2.856000456960073e-05, 0, 2.7310338327743118e-05, 0.0007763975155279503, 100.40571428571428
121, 0.0006697923643670462, 0, 4.071476927952926e-05, 0.0007763975155279503, 100.63510204081632
122, 2.866890284108827e-05, 0, 2.73789461102121e-05, 0.0007763975155279503, 98.14122448979592
123, 4.38288920056101e-05, 0, 2.835563343118993e-05, 0.0007763975155279503, 93.16489795918368
124, 5.942476824340385e-05, 2.8369599137564186e-05, 2.90702239912553e-05, 0.0007763975155279503, 96.26040816326531
125, 2.8545329984014616e-05, 2.8379260436473027e-05, 2.84457688664003e-05, 0.0007763975155279503, 102.50775510204082
126, 0.0007855459544383347, 0, 4.188478258541353e-05, 0.0007855459544383347, 99.00244897959183
127, 2.8680414145180257e-05, 0, 2.6218573824429374e-05, 0.0007855459544383347, 103.60897959183673
128, 4.4152059693584704e-05, 0, 2.6654793050854335e-05, 0.0007855459544383347, 95.47510204081632
129, 5.9937664828578277e-05, 0, 2.6235089823035988e-05, 0.0007855459544383347, 90.45959183673469
130, 2.850545879535931e-05, 0, 2.6154248838557887e-05, 0.0007855459544383347, 96.63673469387756
131, 0.0006653359946773121, 0, 3.946773204689564e-05, 0.0007855459544383347, 110.16816326530612
132, 2.864344637946838e-05, 0, 2.6789941964570266e-05, 0.0007855459544383347, 105.88489795918368
133, 4.3913578078341826e-05, 0, 2.7222390708495882e-05, 0.0007855459544383347, 111.22367346938775
134, 5.957345406886691e-05, 0, 2.850403856722162e-05, 0.0007855459544383347, 105.88244897959184
135, 2.8473804100227792e-05, 0, 2.672194632864678e-05, 0.0007855459544383347, 106.8995918367347
136, 0.0007122507122507123, 0, 4.097101687517563e-05, 0.0007855459544383347, 116.27673469387756
137, 2.8671368771145135e-05, 0, 2.6803115221754417e-05, 0.0007855459544383347, 118.19020408163266
138, 4.4031526573026284e-05, 0, 2.7212147907220383e-05, 0.0007855459544383347, 119.2065306122449
139, 6.001320290463902e-05, 0, 2.6822003810346487e-05, 0.0007855459544383347, 126.8930612244898
140, 2.860493721216282e-05, 0, 2.6167128634584513e-05, 0.0007855459544383347, 130.1812244897959
141, 0.0006345177664974619, 0, 3.885144396658673e-05, 0.0007855459544383347, 127.96979591836735
142, 2.867301296020186e-05, 0, 2.5657104661552416e-05, 0.0007855459544383347, 128.9330612244898
143, 4.411505205576143e-05, 0, 2.7802521246395702e-05, 0.0007855459544383347, 136.93714285714285
144, 5.9991601175835386e-05, 0, 2.7956693973992128e-05, 0.0007855459544383347, 137.48244897959182
145, 2.8527414845666685e-05, 0, 2.673936385188623e-05, 0.0007855459544383347, 131.59428571428572
146, 0.0006743088334457181, 0, 4.0224333371269304e-05, 0.0007855459544383347, 105.86530612244898
147, 2.8673835125448028e-05, 0, 2.7359804154428756e-05, 0.0007855459544383347, 108.31510204081633
148, 4.3942523179680975e-05, 0, 2.8367952989315392e-05, 0.0007855459544383347, 118.32897959183674
149, 5.985156811108451e-05, 0, 2.8519358261920878e-05, 0.0007855459544383347, 118.43265306122449
150, 2.8557557757660565e-05, 0, 2.7305282497139204e-05, 0.0007855459544383347, 127.2261224489796
151, 0.0006901311249137336, 0, 4.0536191485981984e-05, 0.0007855459544383347, 106.53061224489795
152, 2.8673835125448028e-05, 0, 2.793088471387493e-05, 0.0007855459544383347, 113.63591836734693
153, 4.395990856339019e-05, 0, 2.8358218734755425e-05, 0.0007855459544383347, 135.5191836734694
154, 5.960541217142517e-05, 0, 2.7377635597642825e-05, 0.0007855459544383347, 138.01061224489797
155, 2.856489945155393e-05, 0, 2.672924844051792e-05, 0.0007855459544383347, 127.95918367346938
156, 0.0008058017727639, 0, 4.284936857005308e-05, 0.0008058017727639, 111.0326530612245
157, 2.865329512893983e-05, 0, 2.7933847265749762e-05, 0.0008058017727639, 92.49877551020408
158, 4.3756016452262186e-05, 0, 2.779129323541661e-05, 0.0008058017727639, 94.67428571428572
159, 5.9758575355563525e-05, 0, 2.7956258972005493e-05, 0.0008058017727639, 89.99428571428571
160, 2.8522532800912723e-05, 2.8380871292748687e-05, 2.8437702400303118e-05, 0.0008058017727639, 80.94122448979591
161, 0.0007524454477050414, 0, 4.236648944025467e-05, 0.0008058017727639, 79.72979591836734
162, 2.8660686136826114e-05, 0, 2.793757169943729e-05, 0.0008058017727639, 89.86530612244898
163, 4.3710114520500044e-05, 0, 2.7787232776273334e-05, 0.0008058017727639, 74.84897959183674
164, 5.959475566150179e-05, 2.8367989560579842e-05, 2.9092560159081614e-05, 0.0008058017727639, 80.20979591836735
165, 2.8511960767541983e-05, 0, 2.7302077893242766e-05, 0.0008058017727639, 88.4334693877551
166, 0.0007183908045977011, 2.8386510730101056e-05, 4.2245123440651573e-05, 0.0008058017727639, 76.4669387755102
167, 2.8647549202165755e-05, 0, 2.7369808531941958e-05, 0.0008058017727639, 80.63918367346939
168, 4.388659703326604e-05, 2.8302954828484095e-05, 2.8928334663895807e-05, 0.0008058017727639, 90.31428571428572
169, 5.992688919518188e-05, 0, 2.8522687716011938e-05, 0.0008058017727639, 95.8604081632653
170, 2.8533112677261963e-05, 0, 2.7875682843200058e-05, 0.0008058017727639, 99.36408163265307
171, 0.0006872852233676976, 2.8377649763046623e-05, 4.1614260184315314e-05, 0.0008058017727639, 84.36244897959183
172, 2.8636064259328197e-05, 0, 2.736247061509754e-05, 0.0008058017727639, 85.00816326530612
173, 4.40063369125154e-05, 0, 2.6657213353117026e-05, 0.0008058017727639, 95.35510204081632
174, 5.960541217142517e-05, 0, 2.681567499705278e-05, 0.0008058017727639, 106.29632653061225
175, 2.8560820266758062e-05, 0, 2.6735203358519678e-05, 0.0008058017727639, 103.12
176, 0.0007262164124909223, 0, 3.9549137721474365e-05, 0.0008058017727639, 100.19020408163266
177, 2.8677946659019214e-05, 0, 2.6802235317546782e-05, 0.0008058017727639, 99.60816326530612
178, 4.389237589430716e-05, 0, 2.6651104838231486e-05, 0.0008058017727639, 94.85469387755101
179, 5.981576743629621e-05, 0, 2.796488123786149e-05, 0.0008058017727639, 102.1934693877551
180, 2.8544515171409814e-05, 2.8354315526823182e-05, 2.844769065631858e-05, 0.0008058017727639, 107.07428571428571
181, 2.8530670470756063e-05, 2.8369599137564186e-05, 2.844189701292528e-05, 0.0008058017727639, 106.63918367346939
182, 0.0007639419404125286, 0, 4.2635419399231104e-05, 0.0008058017727639, 97.6995918367347
183, 4.398311048557354e-05, 2.8354315526823182e-05, 2.8927745408769953e-05, 0.0008058017727639, 98.85632653061225
184, 5.962673662870431e-05, 0, 2.85237905364913e-05, 0.0008058017727639, 93.90938775510205
185, 2.8527414845666685e-05, 2.8384093553972354e-05, 2.8438616066514024e-05, 0.0008058017727639, 78.34448979591836
186, 2.8544515171409814e-05, 2.834949254408346e-05, 2.8438734608014153e-05, 0.0008058017727639, 84.61632653061224
187, 0.0007032348804500703, 0, 4.027941416332503e-05, 0.0008058017727639, 68.78693877551021
188, 4.391743522178305e-05, 0, 2.7798305027501108e-05, 0.0008058017727639, 68.10122448979592
189, 5.9584102961329916e-05, 2.8342261145594194e-05, 2.9089884349582864e-05, 0.0008058017727639, 80.91510204081632
190, 2.8516839193543787e-05, 0, 2.78704168889293e-05, 0.0008058017727639, 78.98040816326531
191, 2.8577144000228616e-05, 0, 2.7304473075257653e-05, 0.0008058017727639, 80.31020408163265
192, 0.0007283321194464676, 0, 3.96391398952381e-05, 0.0008058017727639, 64.6669387755102
193, 4.39734400422145e-05, 0, 2.7797673669060194e-05, 0.0008058017727639, 65.51102040816326
194, 5.961962678113635e-05, 0, 2.7386444294039407e-05, 0.0008058017727639, 64.19591836734693
195, 2.8507896687382406e-05, 0, 2.559093716251946e-05, 0.0008058017727639, 65.90938775510205
196, 2.85143997718848e-05, 0, 2.5032131664882922e-05, 0.0008058017727639, 72.71510204081633
197, 0.0007668711656441718, 0, 3.985037664671609e-05, 0.0008058017727639, 66.46448979591837
198, 4.417936823503424e-05, 0, 2.6084916320585977e-05, 0.0008058017727639, 65.2
199, 5.9541530217326585e-05, 0, 2.796821778233556e-05, 0.0008058017727639, 68.71836734693878
200, 2.8524159963489076e-05, 0, 2.673360931257223e-05, 0.0008058017727639, 75.01551020408164
201, 2.8494899413005074e-05, 0, 2.6157855301887407e-05, 0.0008058017727639, 61.4065306122449
202, 0.0006184291898577613, 0, 3.9153041619864e-05, 0.0008058017727639, 48.521632653061225
203, 4.3863496797964735e-05, 2.840747684790637e-05, 2.8932963831710268e-05, 0.0008058017727639, 57.646530612244895
204, 6.004202942059442e-05, 2.840747684790637e-05, 2.9108163087291278e-05, 0.0008058017727639, 58.049795918367344
205, 2.8522532800912723e-05, 0, 2.7871657625117117e-05, 0.0008058017727639, 59.91591836734694
206, 2.862950556843883e-05, 0, 2.6733711188901156e-05, 0.0008058017727639, 64.95510204081633
207, 0.0006743088334457181, 0, 4.0836002360765114e-05, 0.0008058017727639, 66.29551020408164
208, 4.3957976174776917e-05, 2.836477095447454e-05, 2.892166190783313e-05, 0.0008058017727639, 78.81551020408163
209, 5.965875193890944e-05, 0, 2.7394707606789175e-05, 0.0008058017727639, 79.28979591836735
210, 2.8566531451751127e-05, 0, 2.730157281182154e-05, 0.0008058017727639, 85.84816326530613
211, 2.8519279032626055e-05, 2.833744226246139e-05, 2.8435773834490987e-05, 0.0008058017727639, 87.24326530612245
212, 0.0007042253521126761, 2.836396641706376e-05, 4.2005026496565265e-05, 0.0008058017727639, 73.72
213, 4.36700292589196e-05, 0, 2.7775973498560275e-05, 0.0008058017727639, 69.77469387755102
214, 5.9758575355563525e-05, 0, 2.853074405178141e-05, 0.0008058017727639, 73.16163265306122
215, 2.8537183950687746e-05, 0, 2.786442665370034e-05, 0.0008058017727639, 71.18122448979592
216, 2.8557557757660565e-05, 0, 2.7873094224518425e-05, 0.0008058017727639, 77.08326530612244
217, 2.8631964725419458e-05, 0, 2.7352735731908067e-05, 0.0008058017727639, 81.3991836734694
218, 4.400827355542842e-05, 0, 2.7798849310263276e-05, 0.0008058017727639, 90.54040816326531
219, 6.008893161879582e-05, 0, 2.7404463971096932e-05, 0.0008058017727639, 88.38285714285715
220, 2.8507896687382406e-05, 0, 2.6730209183869275e-05, 0.0008058017727639, 91.42693877551021
221, 2.8546959748786755e-05, 0, 2.6735394280553563e-05, 0.0008058017727639, 98.00897959183673
222, 0.0006414368184733803, 0, 3.9035733606250076e-05, 0.0008058017727639, 90.63591836734693
223, 4.409171075837743e-05, 0, 2.6653939093510322e-05, 0.0008058017727639, 93.4
224, 5.980503558399617e-05, 0, 2.6817886450219903e-05, 0.0008058017727639, 100.6930612244898
225, 2.8539627272467823e-05, 0, 2.5590102186401905e-05, 0.0008058017727639, 96.94938775510204
226, 2.8523346358994838e-05, 0, 2.6728093142206603e-05, 0.0008058017727639, 89.17551020408163
227, 0.0007462686567164179, 0, 4.171715832151849e-05, 0.0008058017727639, 78.62612244897959
228, 4.403734366742998e-05, 0, 2.7796429528709004e-05, 0.0008058017727639, 94.3069387755102
229, 5.9755004481625337e-05, 0, 2.740415750118496e-05, 0.0008058017727639, 95.65551020408164
230, 2.8640985249892597e-05, 0, 2.6170577100087056e-05, 0.0008058017727639, 92.90285714285714
231, 2.8569796011656476e-05, 0, 2.6741479109904054e-05, 0.0008058017727639, 93.07836734693878
232, 0.000664451827242525, 0, 4.007060712619496e-05, 0.0008058017727639, 97.24816326530612
233, 3.458771444382955e-05, 0, 2.57799436360508e-05, 0.0008058017727639, 96.18040816326531
234, 5.9751434034416824e-05, 0, 2.7403844006917607e-05, 0.0008058017727639, 90.41632653061224
235, 2.8498147620404674e-05, 0, 2.7864743950188382e-05, 0.0008058017727639, 102.08979591836734
236, 2.8591851322373122e-05, 0, 2.7296738908836276e-05, 0.0008058017727639, 100.09142857142857
237, 0.0007215007215007215, 0, 4.120328004381714e-05, 0.0008058017727639, 100.17387755102041
238, 4.3782837127845886e-05, 0, 2.7791567262691348e-05, 0.0008058017727639, 105.63428571428571
239, 5.9630292188431724e-05, 0, 2.7975049364726244e-05, 0.0008058017727639, 101.30204081632652
240, 2.854777470096206e-05, 0, 2.78705793947863e-05, 0.0008058017727639, 104.79020408163265
241, 2.8586130009719286e-05, 0, 2.729005185429558e-05, 0.0008058017727639, 100.9069387755102
242, 0.0006743088334457181, 0, 4.084192030632093e-05, 0.0008058017727639, 83.54285714285714
243, 4.381928925112835e-05, 0, 2.722988011120767e-05, 0.0008058017727639, 73.40408163265306
244, 5.9819345576359396e-05, 0, 2.7405803847128787e-05, 0.0008058017727639, 67.16
245, 2.854777470096206e-05, 0, 2.4462115697438304e-05, 0.0008058017727639, 71.79183673469387
246, 2.8565715428342902e-05, 0, 2.560096754191287e-05, 0.0008058017727639, 63.98530612244898
247, 0.0006720430107526882, 0, 3.851457708528624e-05, 0.0008058017727639, 54.60326530612245
248, 4.392708104546453e-05, 0, 2.723455295977992e-05, 0.0008058017727639, 56.6530612244898
249, 5.9252236771938144e-05, 0, 2.7400201427059574e-05, 0.0008058017727639, 50.4465306122449
250, 2.8555111364934324e-05, 0, 2.7868882535316387e-05, 0.0008058017727639, 52.437551020408165
251, 2.8550219836692744e-05, 0, 2.729388809748778e-05, 0.0008058017727639, 55.943673469387754
252, 0.0006211180124223603, 0, 3.919130963074851e-05, 0.0008058017727639, 46.946938775510205
253, 4.4070336256665636e-05, 0, 2.779625406813021e-05, 0.0008058017727639, 51.02612244897959
254, 5.972288580984233e-05, 0, 2.6266086270651012e-05, 0.0008058017727639, 49.61714285714286
255, 2.8532298561972153e-05, 0, 2.5597627798231863e-05, 0.0008058017727639, 50.15183673469388
256, 2.8554295993832273e-05, 0, 2.616534437231383e-05, 0.0008058017727639, 55.78448979591837
257, 0.0006574621959237344, 0, 3.8209550053650156e-05, 0.0008058017727639, 56.220408163265304
258, 4.391936404760859e-05, 0, 2.6665124231592298e-05, 0.0008058017727639, 64.37061224489796
259, 5.953798523457966e-05, 0, 2.6264243220796793e-05, 0.0008058017727639, 61.90204081632653
260, 2.850383376564148e-05, 0, 2.5028324054473327e-05, 0.0008058017727639, 60.51265306122449
261, 2.8533926839011585e-05, 0, 2.560055869977029e-05, 0.0008058017727639, 61.19428571428571
262, 0.0007173601147776184, 0, 3.998099301629816e-05, 0.0008058017727639, 53.394285714285715
263, 4.3954111907168915e-05, 0, 2.608574896204299e-05, 0.0008058017727639, 57.711020408163265
264, 5.962673662870431e-05, 0, 2.7418137802951668e-05, 0.0008058017727639, 60.24
265, 2.8563267637817765e-05, 0, 2.618002061365703e-05, 0.0008058017727639, 65.51102040816326
266, 2.8560820266758062e-05, 0, 2.5598182120069477e-05, 0.0008058017727639, 66.27510204081632
267, 0.000646830530401035, 0, 3.7991207686612546e-05, 0.0008058017727639, 63.59918367346939
268, 4.3817369205152925e-05, 0, 2.664450743276563e-05, 0.0008058017727639, 68.44081632653061
269, 5.940711697261332e-05, 0, 2.7418080658594777e-05, 0.0008058017727639, 66.42693877551021
270, 2.8563267637817765e-05, 0, 2.6735424688672003e-05, 0.0008058017727639, 72.15428571428572
271, 2.865247414114209e-05, 0, 2.7307389392042585e-05, 0.0008058017727639, 78.9134693877551
272, 0.0007293946024799417, 0, 4.1365875410749534e-05, 0.0008058017727639, 78.22204081632653
273, 4.4080049369655294e-05, 0, 2.8366039001434785e-05, 0.0008058017727639, 71.20734693877552
274, 5.993407252022775e-05, 0, 2.7417800497930002e-05, 0.0008058017727639, 74.78367346938775
275, 2.8524973614399406e-05, 0, 2.6731452216066445e-05, 0.0008058017727639, 73.17551020408163
276, 2.8498959787967738e-05, 0, 2.7295937020317297e-05, 0.0008058017727639, 70.10285714285715
277, 0.0006939625260235947, 0, 4.0648562065270657e-05, 0.0008058017727639, 79.59836734693877
278, 4.417936823503424e-05, 0, 2.780351571784432e-05, 0.0008058017727639, 81.30448979591837
279, 5.95699052838506e-05, 0, 2.6278263748395365e-05, 0.0008058017727639, 83.7134693877551
280, 2.8528228682281118e-05, 0, 2.5590448068156024e-05, 0.0008058017727639, 83.08244897959183
281, 2.8533112677261963e-05, 0, 2.502407495346905e-05, 0.0008058017727639, 90.42040816326531
282, 0.0006734006734006734, 0, 4.023253840831299e-05, 0.0008058017727639, 84.01795918367347
283, 4.392515154177282e-05, 0, 2.6526731640109137e-05, 0.0008058017727639, 89.7673469387755
284, 5.9758575355563525e-05, 0, 2.7420378187089353e-05, 0.0008058017727639, 93.92489795918367
285, 2.852090582396897e-05, 0, 2.6162875639815022e-05, 0.0008058017727639, 95.67183673469388
286, 2.8598392770326306e-05, 0, 2.7882636040559757e-05, 0.0008058017727639, 93.8595918367347
287, 0.0007137758743754461, 0, 4.1046054712310074e-05, 0.0008058017727639, 101.87755102040816
288, 4.3942523179680975e-05, 0, 2.7225297117639246e-05, 0.0008058017727639, 105.15020408163265
289, 5.9819345576359396e-05, 0, 2.6846042587088404e-05, 0.0008058017727639, 95.59020408163265
290, 2.8560820266758062e-05, 0, 2.673528406348261e-05, 0.0008058017727639, 89.0465306122449
291, 2.850220892119139e-05, 0, 2.7298808651729083e-05, 0.0008058017727639, 82.88244897959184
292, 2.862294988121476e-05, 0, 2.620718268076912e-05, 0.0008058017727639, 83.02367346938776
293, 4.4074220988144036e-05, 0, 2.666441617706292e-05, 0.0008058017727639, 101.34938775510204
294, 2.860657379065709e-05, 0, 2.6786102291884257e-05, 0.0008058017727639, 95.95673469387755
295, 2.8527414845666685e-05, 0, 2.7867414867361628e-05, 0.0008058017727639, 83.44489795918368
296, 2.8530670470756063e-05, 0, 2.7306071534355492e-05, 0.0008058017727639, 77.27183673469388
297, 0.000782472613458529, 0, 4.298763710224144e-05, 0.0008058017727639, 63.440816326530616
298, 4.384234293480644e-05, 0, 2.8362450674663418e-05, 0.0008058017727639, 56.31836734693878
299, 5.9855150535703594e-05, 0, 2.8560839587812072e-05, 0.0008058017727639, 52.04408163265306
300, 2.8563267637817765e-05, 0, 2.7871663730728332e-05, 0.0008058017727639, 55.03510204081633
301, 2.8561636010510682e-05, 0, 2.78676716919707e-05, 0.0008058017727639, 56.835102040816324
302, 0.0006872852233676976, 0, 4.050780589921884e-05, 0.0008058017727639, 54.888163265306126
303, 4.4113106003793724e-05, 0, 2.7228268456838534e-05, 0.0008058017727639, 51.52571428571429
304, 2.8668080958660627e-05, 0, 2.6226529082696345e-05, 0.0008058017727639, 49.47591836734694
305, 2.8521719289238757e-05, 0, 2.6741574134076768e-05, 0.0008058017727639, 49.287346938775514
306, 2.8501396568431854e-05, 0, 2.6156463975364868e-05, 0.0008058017727639, 47.0669387755102
307, 0.0007412898443291327, 0, 4.1586405551694364e-05, 0.0008058017727639, 45.48
308, 4.416570974295557e-05, 0, 2.779183845953875e-05, 0.0008058017727639, 53.43918367346939
309, 2.8675479597396267e-05, 2.8397796331004714e-05, 2.851190162153596e-05, 0.0008058017727639, 59.91673469387755
310, 5.999520038396928e-05, 2.8384093553972354e-05, 2.9076707360968377e-05, 0.0008058017727639, 55.13061224489796
311, 2.8563267637817765e-05, 2.8385704958982655e-05, 2.844293799306721e-05, 0.0008058017727639, 50.714285714285715
312, 0.0006195786864931846, 2.8339851499178144e-05, 4.0290368043128053e-05, 0.0008058017727639, 64.89469387755102
313, 4.4210619390777666e-05, 0, 2.837043604859154e-05, 0.0008058017727639, 63.990204081632655
314, 2.862950556843883e-05, 0, 2.736300416436948e-05, 0.0008058017727639, 55.52408163265306
315, 5.9726452845965476e-05, 0, 2.6787787269109078e-05, 0.0008058017727639, 45.09061224489796
316, 2.8533112677261963e-05, 0, 2.7305127990235106e-05, 0.0008058017727639, 60.95428571428572
317, 0.0006557377049180328, 2.8392152409074133e-05, 4.101537431462115e-05, 0.0008058017727639, 63.66938775510204
318, 4.3848110146452686e-05, 0, 2.8362305223486382e-05, 0.0008058017727639, 66.5665306122449
319, 2.8641805579423727e-05, 0, 2.7362006613763146e-05, 0.0008058017727639, 74.16734693877551
320, 5.949193884228687e-05, 0, 2.7924209746116006e-05, 0.0008058017727639, 73.11020408163266
321, 2.849165194597983e-05, 0, 2.730009382911792e-05, 0.0008058017727639, 64.97224489795919
322, 0.0006868131868131869, 0, 3.992577807817755e-05, 0.0008058017727639, 52.969795918367346
323, 4.393094056143742e-05, 2.8398602788742794e-05, 2.891981394285608e-05, 0.0008058017727639, 56.776326530612245
324, 2.864344637946838e-05, 0, 2.792748427749163e-05, 0.0008058017727639, 70.32979591836735
325, 5.9000531004779045e-05, 2.8381676789464723e-05, 2.9052944850007495e-05, 0.0008058017727639, 72.23918367346938
326, 2.8498147620404674e-05, 0, 2.730169373379918e-05, 0.0008058017727639, 76.96897959183673
327, 0.0006821282401091405, 0, 3.925337169486518e-05, 0.0008058017727639, 80.04081632653062
328, 4.406062742333451e-05, 0, 2.72294281387213e-05, 0.0008058017727639, 86.1330612244898
329, 2.8646728543600322e-05, 0, 2.7937798792336374e-05, 0.0008058017727639, 87.36571428571429
330, 5.957345406886691e-05, 2.8377649763046623e-05, 2.90764705402372e-05, 0.0008058017727639, 93.33224489795919
331, 2.852985649482183e-05, 0, 2.7875874126233013e-05, 0.0008058017727639, 87.59673469387755
332, 0.0006640106241699867, 0, 4.060500773976873e-05, 0.0008058017727639, 76.47428571428571
333, 4.369101712687871e-05, 0, 2.7786102921809135e-05, 0.0008058017727639, 72.8465306122449
334, 2.865329512893983e-05, 0, 2.7365938645452213e-05, 0.0008058017727639, 68.12408163265306
335, 5.9776436128878e-05, 0, 2.737715684035147e-05, 0.0008058017727639, 62.453877551020405
336, 2.8516839193543787e-05, 0, 2.6732515500769907e-05, 0.0008058017727639, 69.47673469387755
337, 0.0006086427267194157, 0, 3.893022795056403e-05, 0.0008058017727639, 69.49551020408163
338, 4.388659703326604e-05, 0, 2.6636356039895297e-05, 0.0008058017727639, 76.24408163265306
339, 2.8673835125448028e-05, 0, 2.6788182685412647e-05, 0.0008058017727639, 80.75591836734694
340, 5.9502558610020234e-05, 0, 2.6796328421894042e-05, 0.0008058017727639, 77.33142857142857
341, 2.8566531451751127e-05, 0, 2.5594372279126135e-05, 0.0008058017727639, 75.44489795918368
342, 0.0007457121551081282, 0, 4.052735631553334e-05, 0.0008058017727639, 58.47183673469388
343, 4.391936404760859e-05, 0, 2.6656638219847654e-05, 0.0008058017727639, 57.48408163265306
344, 2.8701816825005023e-05, 0, 2.622886480777362e-05, 0.0008058017727639, 61.13306122448979
345, 5.979788315493632e-05, 0, 2.6800121428304428e-05, 0.0008058017727639, 64.98693877551021
346, 2.85673475217826e-05, 0, 2.6736840152308122e-05, 0.0008058017727639, 68.20979591836735
347, 0.0006882312456985547, 0, 3.823595335452525e-05, 0.0008058017727639, 63.45061224489796
348, 4.4214528894194635e-05, 0, 2.5397899792287897e-05, 0.0008058017727639, 63.773061224489794
349, 2.8612303290414877e-05, 0, 2.679690604210398e-05, 0.0008058017727639, 64.64408163265306
350, 5.961251862891207e-05, 0, 2.736714723598657e-05, 0.0008058017727639, 70.96571428571428
351, 2.8575510787255323e-05, 0, 2.7872668272616725e-05, 0.0008058017727639, 78.86448979591837
352, 0.0007052186177715092, 0, 4.1428169072035035e-05, 0.0008058017727639, 68.26122448979592
353, 4.368147468658542e-05, 2.8406669886089252e-05, 2.89352909312642e-05, 0.0008058017727639, 72.07673469387755
354, 2.8658222043904397e-05, 0, 2.794077614295702e-05, 0.0008058017727639, 73.79428571428572
355, 5.9523809523809524e-05, 0, 2.8506573750214464e-05, 0.0008058017727639, 75.85795918367347
356, 2.86820593718629e-05, 0, 2.7871629644374926e-05, 0.0008058017727639, 93.44163265306122
357, 0.0006915629322268327, 0, 4.0583988174542025e-05, 0.0008058017727639, 83.72163265306122
358, 4.411505205576143e-05, 0, 2.7684321953560574e-05, 0.0008058017727639, 81.84734693877552
359, 2.8636064259328197e-05, 0, 2.735972600731366e-05, 0.0008058017727639, 98.08081632653061
360, 5.994485073732166e-05, 0, 2.6816654734768106e-05, 0.0008058017727639, 98.50285714285714
361, 2.861312197773899e-05, 0, 2.559950539612846e-05, 0.0008058017727639, 102.26530612244898
362, 0.0006906077348066298, 0, 3.600136104696457e-05, 0.0008058017727639, 94.01142857142857
363, 3.442222298716051e-05, 0, 2.5768639303667725e-05, 0.0008058017727639, 84.95510204081633
364, 4.388081969371188e-05, 0, 2.7107971079898513e-05, 0.0008058017727639, 86.66448979591837
365, 5.942123715015747e-05, 0, 2.622700435401e-05, 0.0008058017727639, 82.40408163265306
366, 2.850708401037658e-05, 0, 2.5592564215468876e-05, 0.0008058017727639, 72.20979591836735
367, 0.000676132521974307, 0, 3.969660728113611e-05, 0.0008058017727639, 72.6008163265306
368, 2.8691111493659266e-05, 0, 2.5658792831865718e-05, 0.0008058017727639, 77.92734693877551
369, 4.404704224111351e-05, 0, 2.437218592606621e-05, 0.0008058017727639, 82.01224489795918
370, 5.962673662870431e-05, 0, 2.5665563328078428e-05, 0.0008058017727639, 82.1869387755102
371, 2.8538812785388127e-05, 0, 2.388647334598048e-05, 0.0008058017727639, 86.44816326530612
372, 0.0007102272727272727, 0, 3.810417793377825e-05, 0.0008058017727639, 83.5926530612245
373, 2.8617216117216117e-05, 0, 2.678979740753939e-05, 0.0008058017727639, 73.35755102040817
374, 4.397537379067722e-05, 0, 2.779992891078963e-05, 0.0008058017727639, 64.51265306122448
375, 5.968723886832995e-05, 0, 2.793890711081914e-05, 0.0008058017727639, 66.45224489795919
376, 2.8554295993832273e-05, 0, 2.6740553718014645e-05, 0.0008058017727639, 63.83591836734694
377, 0.0006882312456985547, 0, 4.1083940729665444e-05, 0.0008058017727639, 66.9469387755102
378, 2.8667259123355218e-05, 0, 2.792341560194964e-05, 0.0008058017727639, 69.17469387755102
379, 4.420280245767582e-05, 0, 2.6094587704767696e-05, 0.0008058017727639, 64.64326530612244
380, 5.9801459155603396e-05, 0, 2.6247314823463277e-05, 0.0008058017727639, 62.31755102040816
381, 2.8530670470756063e-05, 0, 2.5027850035000365e-05, 0.0008058017727639, 74.5534693877551
382, 0.0007062146892655367, 0, 4.029128401858113e-05, 0.0008058017727639, 72.76979591836735
383, 2.8654937245687433e-05, 0, 2.7942260099772474e-05, 0.0008058017727639, 86.57632653061225
384, 4.389430251953297e-05, 0, 2.836335896412365e-05, 0.0008058017727639, 95.61632653061224
385, 5.9794307581918205e-05, 0, 2.8519692769205008e-05, 0.0008058017727639, 98.22122448979592
386, 2.8530670470756063e-05, 2.8372818839551708e-05, 2.8437849980664166e-05, 0.0008058017727639, 98.58448979591837
387, 2.8618035085711015e-05, 0, 2.7319730057864088e-05, 0.0008058017727639, 95.03428571428572
388, 2.866479390013186e-05, 0, 2.735769430254733e-05, 0.0008058017727639, 102.85632653061225
389, 4.413257425305618e-05, 0, 2.6083631870812032e-05, 0.0008058017727639, 112.57959183673469
390, 5.9876654092569307e-05, 0, 2.7944306414279728e-05, 0.0008058017727639, 115.42938775510204
391, 2.8532298561972153e-05, 0, 2.7871069041857458e-05, 0.0008058017727639, 120.24816326530612
392, 0.0006626905235255136, 0, 3.885604492817408e-05, 0.0008058017727639, 98.8065306122449
393, 2.8659864725438496e-05, 0, 2.7369004975020818e-05, 0.0008058017727639, 103.19428571428571
394, 4.396570674873599e-05, 0, 2.7218417378313693e-05, 0.0008058017727639, 108.09061224489795
395, 5.9705057018329455e-05, 0, 2.794974737620011e-05, 0.0008058017727639, 111.21795918367347
396, 2.8581227849548415e-05, 0, 2.7300718738666446e-05, 0.0008058017727639, 118.44734693877551
397, 2.8563267637817765e-05, 0, 2.673932823070932e-05, 0.0008058017727639, 124.42285714285714
398, 2.867301296020186e-05, 0, 2.7364384365388358e-05, 0.0008058017727639, 128.7534693877551
399, 4.379242391066345e-05, 0, 2.8361202159795148e-05, 0.0008058017727639, 122.05551020408163
400, 5.964096141229796e-05, 0, 2.6810291866045034e-05, 0.0008058017727639, 137.46938775510205
401, 2.8537183950687746e-05, 0, 2.7306822421087774e-05, 0.0008058017727639, 122.41551020408163
402, 0.000646830530401035, 0, 3.910698736916107e-05, 0.0008058017727639, 95.75020408163266
403, 2.865329512893983e-05, 0, 2.7358376271505725e-05, 0.0008058017727639, 83.68326530612245
404, 4.364906154517678e-05, 0, 2.8366034950993586e-05, 0.0008058017727639, 105.98775510204082
405, 5.971931919976112e-05, 0, 2.7960432337574385e-05, 0.0008058017727639, 89.61387755102041
406, 2.8537183950687746e-05, 0, 2.6159965401765465e-05, 0.0008058017727639, 101.02204081632654
407, 0.0006613756613756613, 0, 3.939223543421014e-05, 0.0008058017727639, 110.07836734693878
408, 2.8641805579423727e-05, 0, 2.622401187865683e-05, 0.0008058017727639, 127.28979591836735
409, 4.409754376681219e-05, 0, 2.7221798601140003e-05, 0.0008058017727639, 125.37224489795918
410, 5.9876654092569307e-05, 0, 2.737782053839658e-05, 0.0008058017727639, 107.44163265306122
411, 2.8537998344796096e-05, 0, 2.6169820165929302e-05, 0.0008058017727639, 98.91673469387756
412, 2.8545329984014616e-05, 0, 2.615901823958224e-05, 0.0008058017727639, 91.12653061224489
413, 2.8642625955947643e-05, 0, 2.7931818583117445e-05, 0.0008058017727639, 96.37469387755102
414, 4.399665625412469e-05, 0, 2.8372030549229784e-05, 0.0008058017727639, 85.46612244897959
415, 5.9772863120143455e-05, 0, 2.852318682438529e-05, 0.0008058017727639, 77.01551020408164
416, 2.8570612268220908e-05, 0, 2.7300267464733754e-05, 0.0008058017727639, 107.61142857142858
417, 0.0007462686567164179, 2.8380871292748687e-05, 4.2803035024255004e-05, 0.0008058017727639, 125.95428571428572
418, 2.8644266849989973e-05, 2.8395377232586536e-05, 2.850617179676319e-05, 0.0008058017727639, 131.08163265306123
419, 4.422430567840085e-05, 2.8397796331004714e-05, 2.8949257368472125e-05, 0.0008058017727639, 134.85061224489795
420, 5.952735281862015e-05, 0, 2.796147258174237e-05, 0.0008058017727639, 133.06448979591838
421, 2.8496523424142255e-05, 2.8365575537527657e-05, 2.843370983449815e-05, 0.0008058017727639, 134.6334693877551
422, 2.8532298561972153e-05, 0, 2.78684719819237e-05, 0.0008058017727639, 136.91673469387754
423, 2.864508736751647e-05, 0, 2.7932082076647948e-05, 0.0008058017727639, 135.8734693877551
424, 4.388081969371188e-05, 0, 2.779975527180717e-05, 0.0008058017727639, 124.4604081632653
425, 5.9822924144532185e-05, 0, 2.739419221359606e-05, 0.0008058017727639, 142.79020408163265
426, 2.8566531451751127e-05, 0, 2.6163032777706642e-05, 0.0008058017727639, 154.25469387755103
427, 0.000657030223390276, 0, 3.9307141203552745e-05, 0.0008058017727639, 149.0857142857143
428, 2.8675479597396267e-05, 0, 2.6795116302892295e-05, 0.0008058017727639, 147.8922448979592
429, 4.406062742333451e-05, 0, 2.720601310117746e-05, 0.0008058017727639, 156.3134693877551
430, 5.955571437079388e-05, 0, 2.6811593886003514e-05, 0.0008058017727639, 161.67183673469387
431, 2.8504646257339947e-05, 0, 2.6730247169739337e-05, 0.0008058017727639, 163.48
432, 2.8582044759482093e-05, 0, 2.6174204799390822e-05, 0.0008058017727639, 168.30530612244897
433, 0.0006422607578676942, 0, 3.906478061927171e-05, 0.0008058017727639, 165.8057142857143
434, 4.3759845965342203e-05, 0, 2.722246490025412e-05, 0.0008058017727639, 158.91183673469388
435, 5.9758575355563525e-05, 0, 2.852129442793181e-05, 0.0008058017727639, 151.6269387755102
436, 2.8636064259328197e-05, 0, 2.7307835306715298e-05, 0.0008058017727639, 141.49142857142857
437, 2.8523346358994838e-05, 0, 2.615936030642575e-05, 0.0008058017727639, 163.29714285714286
438, 0.0006472491909385113, 0, 3.97416137385353e-05, 0.0008058017727639, 159.0334693877551
439, 3.451131971286582e-05, 0, 2.8168389689184267e-05, 0.0008058017727639, 121.03918367346938
440, 5.9623181492964464e-05, 2.8380065841752754e-05, 2.9097411224286237e-05, 0.0008058017727639, 139.71591836734694
441, 2.8509522180408255e-05, 0, 2.787004037955335e-05, 0.0008058017727639, 142.41632653061225
442, 2.8537998344796096e-05, 0, 2.6734906012839746e-05, 0.0008058017727639, 115.41551020408163
443, 0.0006548788474132286, 0, 3.932726828801129e-05, 0.0008058017727639, 145.29877551020408
444, 4.388081969371188e-05, 0, 2.7795235755999494e-05, 0.0008058017727639, 142.7461224489796
445, 5.978715771852206e-05, 0, 2.7390990540478227e-05, 0.0008058017727639, 142.06938775510204
446, 2.849002849002849e-05, 0, 2.729427623342619e-05, 0.0008058017727639, 135.1518367346939
447, 2.8489216831429305e-05, 0, 2.729453837852447e-05, 0.0008058017727639, 139.56571428571428
448, 0.0006309148264984228, 0, 3.8839421855701445e-05, 0.0008058017727639, 141.76489795918368
449, 4.407616361071932e-05, 0, 2.7789340315335964e-05, 0.0008058017727639, 140.98857142857142
450, 5.94000594000594e-05, 0, 2.738688028247649e-05, 0.0008058017727639, 142.43591836734694
451, 2.8498147620404674e-05, 0, 2.7864934560685363e-05, 0.0008058017727639, 136.42612244897958
452, 2.8516839193543787e-05, 0, 2.7301221143713844e-05, 0.0008058017727639, 145.50040816326532
453, 0.0008203445447087777, 0, 4.263613224385092e-05, 0.0008203445447087777, 136.24326530612245
454, 4.394445420987871e-05, 0, 2.540442863306864e-05, 0.0008203445447087777, 132.0938775510204
455, 5.9715753015645525e-05, 0, 2.51247730039887e-05, 0.0008203445447087777, 128.19673469387754
456, 2.8654116163786927e-05, 0, 2.5029714521592694e-05, 0.0008203445447087777, 111.44897959183673
457, 2.856816363844132e-05, 0, 2.6171070381081867e-05, 0.0008203445447087777, 97.96244897959184
458, 0.0006684491978609625, 0, 4.0150123189385945e-05, 0.0008203445447087777, 78.61061224489796
459, 4.417741650468281e-05, 0, 2.8361929443019553e-05, 0.0008203445447087777, 77.90938775510205
460, 5.985873338920148e-05, 0, 2.7971903036591167e-05, 0.0008203445447087777, 130.41795918367347
461, 2.8520092405099392e-05, 0, 2.5586668350926586e-05, 0.0008203445447087777, 146.11183673469387
462, 2.8498147620404674e-05, 0, 2.6155796920659196e-05, 0.0008203445447087777, 149.99510204081633
463, 0.0006215040397762585, 0, 3.69262980666512e-05, 0.0008203445447087777, 156.21714285714285
464, 4.389237589430716e-05, 0, 2.6087398318187816e-05, 0.0008203445447087777, 146.04326530612244
465, 5.961607249314415e-05, 0, 2.6830407770694515e-05, 0.0008203445447087777, 138.22857142857143
466, 2.8470561439471587e-05, 0, 2.558641863610535e-05, 0.0008203445447087777, 146.07020408163265
467, 2.8495711395434986e-05, 0, 2.5591839613398985e-05, 0.0008203445447087777, 160.56489795918367
468, 0.0006788866259334691, 0, 3.921205622467291e-05, 0.0008203445447087777, 144.87102040816328
469, 4.4031526573026284e-05, 0, 2.722945809159928e-05, 0.0008203445447087777, 136.54122448979592
470, 5.9655192984549304e-05, 0, 2.79716275656239e-05, 0.0008203445447087777, 133.36408163265307
471, 2.8511960767541983e-05, 0, 2.6721228632154574e-05, 0.0008203445447087777, 145.63755102040815
472, 2.8504646257339947e-05, 0, 2.6732343239391697e-05, 0.0008203445447087777, 141.59836734693877
473, 0.0006622516556291391, 0, 3.8892244365490374e-05, 0.0008203445447087777, 109.03183673469388
474, 4.405480417639543e-05, 0, 2.665862801323405e-05, 0.0008203445447087777, 109.23755102040816
475, 5.963384817222256e-05, 0, 2.7982811596772085e-05, 0.0008203445447087777, 106.46367346938776
476, 2.8493275586961478e-05, 0, 2.7290154739574806e-05, 0.0008203445447087777, 117.34693877551021
477, 2.8510334996436207e-05, 0, 2.729744847568123e-05, 0.0008203445447087777, 103.5665306122449
478, 0.0007173601147776184, 0, 4.113453788877772e-05, 0.0008203445447087777, 74.7330612244898
479, 4.3957976174776917e-05, 2.8398602788742794e-05, 2.8930966862733064e-05, 0.0008203445447087777, 115.12
480, 5.981576743629621e-05, 0, 2.8546179934862177e-05, 0.0008203445447087777, 109.70285714285714
481, 2.8510334996436207e-05, 0, 2.7289969256807975e-05, 0.0008203445447087777, 107.50857142857143
482, 2.8525787311729804e-05, 0, 2.786023393655794e-05, 0.0008203445447087777, 96.9526530612245
483, 0.0006501950585175553, 2.8396183552930485e-05, 4.0926947075683855e-05, 0.0008203445447087777, 90.32571428571428
484, 4.4167660439026546e-05, 2.8401022436807727e-05, 2.8945873275369418e-05, 0.0008203445447087777, 72.28326530612244
485, 5.964807634953773e-05, 0, 2.796118359838768e-05, 0.0008203445447087777, 72.11510204081632
486, 2.8526601055484238e-05, 0, 2.6726217047112733e-05, 0.0008203445447087777, 71.80571428571429
487, 2.8506271379703534e-05, 0, 2.67314354396555e-05, 0.0008203445447087777, 79.78775510204082
488, 0.0007451564828614009, 0, 4.111565534912906e-05, 0.0008203445447087777, 76.29632653061225
489, 4.3957976174776917e-05, 0, 2.7792723066582792e-05, 0.0008203445447087777, 82.44571428571429
490, 6.004202942059442e-05, 0, 2.7972617420805728e-05, 0.0008203445447087777, 80.30775510204082
491, 2.8479480534275053e-05, 0, 2.672102100841428e-05, 0.0008203445447087777, 113.18448979591837
492, 2.8576327370406356e-05, 0, 2.6166630176827347e-05, 0.0008203445447087777, 134.31020408163266
493, 0.0006734006734006734, 0, 3.9672767131913164e-05, 0.0008203445447087777, 116.00081632653061
494, 4.4093654923056575e-05, 0, 2.7791941770354368e-05, 0.0008203445447087777, 126.04244897959184
495, 5.973715651135006e-05, 0, 2.6836763766304696e-05, 0.0008203445447087777, 119.01469387755103
496, 2.8496523424142255e-05, 0, 2.7296624225689338e-05, 0.0008203445447087777, 111.06122448979592
497, 2.8537183950687746e-05, 0, 2.729750731142351e-05, 0.0008203445447087777, 104.28816326530612
498, 0.0007704160246533128, 0, 4.161600250634603e-05, 0.0008203445447087777, 96.65632653061225
499, 4.38288920056101e-05, 0, 2.663691386649194e-05, 0.0008203445447087777, 105.25795918367346
