1: 21 1
2: 44 1
3: 28 1
4: 20 1
5: 13 1
6: 16 1
7: 17 1
8: 22 1
9: 21 1
10: 25 1
11: 11 1
12: 622 1
13: 390 1
14: 53 1
15: 16 1
16: 24 1
17: 407 1
18: 574 1
19: 259 1
20: 428 1
21: 17 1
22: 12 1
23: 23 1
24: 280 1
25: 455 1
26: 28 1
27: 4 1
28: 17 1
29: 580 1
30: 437 1
31: 27 1
32: 20 1
33: 28 1
34: 28 1
35: 25 1
36: 39 1
37: 25 1
38: 287 1
39: 19 1
40: 600 1
41: 18 1
42: 373 1
43: 17 1
44: 23 1
45: 168 1
46: 563 1
47: 14 1
48: 24 1
49: 25 1
50: 22 1
51: 16 1
52: 16 1
53: 9 1
54: 533 1
55: 271 1
56: 14 1
57: 14 1
58: 11 1
59: 15 1
60: 286 1
61: 19 1
62: 17 1
63: 28 1
64: 6 1
65: 20 1
66: 233 1
67: 15 1
68: 26 1
69: 16 1
70: 19 1
71: 19 1
72: 15 1
73: 29 1
74: 24 1
75: 22 1
76: 20 1
77: 28 1
78: 19 1
79: 21 1
80: 27 1
81: 22 1
82: 26 1
83: 520 1
84: 23 1
85: 20 1
86: 294 1
87: 26 1
88: 603 1
89: 23 1
90: 17 1
91: 16 1
92: 601 1
93: 536 1
94: 17 1
95: 20 1
96: 25 1
97: 518 1
98: 15 1
99: 16 1
100: 14 1
101: 21 1
102: 422 1
103: 18 1
104: 543 1
105: 508 1
106: 580 1
107: 19 1
108: 22 1
109: 20 1
110: 20 1
111: 13 1
112: 16 1
113: 28 1
114: 449 1
115: 27 1
116: 400 1
117: 595 1
118: 21 1
119: 21 0
120: 16 0
121: 17 0
122: 558 0
123: 0 0
124: 14 0
125: 12 0
126: 13 0
127: 17 0
128: 19 0
129: 327 0
130: 619 0
131: 613 0
132: 18 0
133: 7 0
134: 21 0
135: 20 0
136: 589 0
137: 275 0
138: 19 0
139: 13 0
140: 11 0
141: 16 0
142: 9 0
143: 26 0
144: 21 0
145: 571 0
146: 10 0
147: 27 0
148: 15 0
149: 15 0
150: 14 0
151: 17 0
152: 13 0
153: 19 0
154: 21 0
155: 13 0
156: 19 0
157: 11 0
158: 13 0
159: 24 0
160: 12 0
161: 17 0
162: 25 0
163: 16 0
164: 17 0
165: 25 0
166: 12 0
167: 27 0
168: 110 0
169: 268 0
170: 17 0
171: 21 0
172: 12 0
173: 21 0
174: 13 0
175: 17 0
176: 16 0
177: 5 0
178: 26 0
179: 17 0
180: 15 0
181: 17 0
182: 17 0
183: 39 0
184: 16 0
185: 16 0
186: 23 0
187: 11 0
188: 537 0
189: 25 0
190: 16 0
191: 18 0
192: 16 0
193: 17 0
194: 549 0
195: 21 0
196: 11 0
197: 19 0
198: 16 0
199: 14 0
200: 13 0
201: 406 0
202: 15 0
203: 27 0
204: 21 0
205: 13 0
206: 13 0
207: 18 0
208: 25 0
209: 21 0
210: 13 0
211: 17 0
212: 17 0
213: 19 0
214: 16 0
215: 22 0
216: 623 0
217: 345 0
218: 500 0
219: 450 0
220: 83 0
221: 461 0
222: 533 0
223: 27 0
224: 22 0
225: 522 0
226: 11 0
227: 478 0
228: 16 0
229: 168 0
230: 9 0
231: 418 0
232: 90 0
233: 16 0
234: 610 0
235: 22 0
236: 25 0
237: 413 0
238: 574 0
239: 7 0
240: 97 0
241: 493 0
242: 20 0
243: 11 0
244: 13 0
245: 15 0
246: 25 0
247: 17 0
248: 17 0
249: 15 0
250: 19 0
251: 12 0
252: 23 0
253: 24 0
254: 10 0
255: 13 0
256: 11 0
257: 21 0
258: 24 0
259: 173 0
260: 346 0
261: 590 0
262: 547 0
263: 526 0
264: 454 0
265: 18 0
266: 576 0
267: 629 0
268: 26 0
269: 631 0
270: 619 0
271: 20 0
272: 15 0
273: 13 0
274: 10 0
275: 14 0
276: 16 0
277: 15 0
278: 11 0
279: 592 0
280: 23 0
281: 17 0
282: 19 0
283: 21 0
284: 14 0
285: 17 0
286: 481 0
287: 19 0
288: 617 0
289: 16 0
290: 11 0
291: 14 0
292: 16 0
293: 27 0
294: 17 0
295: 15 0
296: 21 0
297: 23 0
298: 14 0
299: 13 0
300: 11 0
301: 546 0
302: 19 0
303: 12 0
304: 19 0
305: 26 0
306: 13 0
307: 17 0
308: 14 0
309: 535 0
310: 16 0
311: 27 0
312: 123 0
313: 612 0
314: 18 0
315: 26 0
316: 22 0
317: 11 0
318: 17 0
319: 235 1
320: 562 1
321: 15 1
322: 22 1
323: 15 1
324: 11 1
325: 21 1
326: 11 1
327: 20 1
328: 22 1
329: 15 1
330: 516 1
331: 283 1
332: 3 1
333: 17 1
334: 505 1
335: 624 1
336: 21 1
337: 14 1
338: 17 1
339: 17 1
340: 22 1
341: 23 1
342: 10 1
343: 569 1
344: 12 1
345: 605 1
346: 256 1
347: 19 1
348: 21 1
349: 14 1
350: 5 1
351: 28 1
352: 25 1
353: 18 1
354: 577 1
355: 11 1
356: 545 1
357: 19 1
358: 250 1
359: 19 1
360: 614 1
361: 15 1
362: 27 1
363: 23 1
364: 19 1
365: 13 1
366: 14 1
367: 28 1
368: 16 1
369: 24 1
370: 494 1
371: 16 1
372: 615 1
373: 14 1
374: 15 1
375: 12 1
376: 15 1
377: 23 1
378: 7 1
379: 105 1
380: 14 1
381: 21 1
382: 18 1
383: 612 1
384: 25 1
385: 15 1
386: 588 1
387: 23 1
388: 239 1
389: 21 1
390: 600 1
391: 18 1
392: 23 1
393: 20 1
394: 598 1
395: 570 1
396: 29 1
397: 24 1
398: 21 1
399: 17 1
400: 20 1
401: 23 1
402: 21 1
403: 25 1
404: 23 1
405: 11 1
406: 20 1
407: 25 1
408: 15 1
409: 26 1
410: 17 1
411: 25 1
412: 18 1
413: 25 1
414: 14 1
415: 22 1
416: 25 1
417: 26 1
418: 27 1
419: 18 1
420: 17 1
421: 374 1
422: 28 1
423: 19 1
424: 16 1
425: 626 1
426: 358 1
427: 17 1
428: 16 1
429: 20 1
430: 23 1
431: 21 1
432: 20 1
433: 13 1
434: 20 1
435: 96 1
436: 17 1
437: 241 1
438: 145 1
439: 88 1
440: 23 1
441: 14 1
442: 26 1
443: 13 1
444: 295 1
445: 94 1
446: 21 1
447: 13 1
448: 25 1
449: 21 1
450: 81 1
451: 11 1
452: 15 1
453: 271 1
454: 502 1
455: 16 1
456: 633 1
457: 400 1
458: 137 1
459: 27 1
460: 27 1
461: 25 1
462: 21 1
463: 576 1
464: 16 1
465: 368 1
466: 410 1
467: 620 1
468: 27 1
469: 390 1
470: 565 1
471: 15 1
472: 11 1
473: 13 1
474: 16 1
475: 5 1
476: 17 1
477: 14 1
478: 212 1
479: 11 1
480: 414 1
481: 20 1
482: 554 1
483: 475 1
484: 15 1
485: 335 1
486: 19 1
487: 17 1
488: 386 1
489: 21 1
490: 26 1
491: 19 1
492: 16 1
493: 19 1
494: 12 1
495: 572 1
496: 22 1
497: 23 1
498: 16 1
499: 23 1
500: 10 1
