1: 1 0
2: 1 0
3: 1 0
4: 1 0
5: 0 0
6: 1 0
7: 1 0
8: 0 0
9: 0 0
10: 0 0
11: 0 0
12: 0 0
13: 0 0
14: 0 0
15: 0 0
16: 0 0
17: 0 0
18: 0 0
19: 0 0
20: 0 0
21: 0 0
22: 0 0
23: 0 0
24: 0 0
25: 0 0
26: 0 0
27: 0 0
28: 0 0
29: 0 0
30: 0 0
31: 0 0
32: 0 0
33: 0 0
34: 0 0
35: 0 0
36: 0 0
37: 0 0
38: 0 0
39: 0 0
40: 0 0
41: 0 0
42: 0 0
43: 0 0
44: 0 0
45: 0 0
46: 0 0
47: 0 0
48: 1 0
49: 1 0
50: 0 0
51: 0 0
52: 0 0
53: 0 0
54: 1 0
55: 0 0
56: 0 0
57: 0 0
58: 0 0
59: 1 0
60: 0 0
61: 0 0
62: 0 0
63: 0 0
64: 1 0
65: 0 0
66: 0 0
67: 0 0
68: 1 0
69: 1 0
70: 0 0
71: 1 0
72: 0 0
73: 0 0
74: 0 0
75: 0 0
76: 0 0
77: 0 0
78: 0 0
79: 0 0
80: 0 0
81: 0 0
82: 0 0
83: 0 0
84: 0 0
85: 0 0
86: 0 0
87: 0 0
88: 0 0
89: 0 0
90: 0 0
91: 0 0
92: 0 0
93: 0 0
94: 0 0
95: 1 0
96: 0 0
97: 0 0
98: 0 0
99: 1 0
100: 1 0
101: 0 0
102: 1 0
103: 0 0
104: 1 0
105: 1 0
106: 0 0
107: 0 0
108: 0 0
109: 0 0
110: 0 0
111: 0 0
112: 0 0
113: 0 0
114: 0 0
115: 0 0
116: 0 0
117: 0 0
118: 1 0
119: 0 0
120: 0 0
121: 0 0
122: 0 0
123: 0 0
124: 0 0
125: 0 0
126: 0 0
127: 1 0
128: 0 0
129: 0 0
130: 0 0
131: 0 0
132: 0 0
133: 0 0
134: 0 0
135: 0 0
136: 0 0
137: 0 0
138: 0 0
139: 0 0
140: 1 0
141: 1 0
142: 0 0
143: 0 0
144: 1 0
145: 0 0
146: 0 0
147: 0 1
148: 0 1
149: 0 1
150: 0 1
151: 0 1
152: 0 1
153: 0 1
154: 0 1
155: 1 1
156: 0 1
157: 0 1
158: 0 1
159: 0 1
160: 0 1
161: 0 1
162: 0 1
163: 1 1
164: 0 1
165: 1 1
166: 1 1
167: 1 1
168: 0 1
169: 0 1
170: 0 1
171: 1 1
172: 0 1
173: 1 1
174: 0 1
175: 1 1
176: 0 1
177: 0 1
178: 0 1
179: 0 1
180: 0 1
181: 1 1
182: 0 1
183: 0 1
184: 0 1
185: 1 1
186: 0 1
187: 1 1
188: 1 1
189: 0 1
190: 1 1
191: 1 1
192: 0 1
193: 0 1
194: 0 1
195: 0 1
196: 1 1
197: 0 1
198: 0 1
199: 0 1
200: 0 1
201: 0 1
202: 0 1
203: 1 1
204: 0 1
205: 0 1
206: 1 1
207: 1 1
208: 0 1
209: 0 1
210: 0 1
211: 1 1
212: 0 1
213: 0 1
214: 0 1
215: 1 1
216: 0 1
217: 1 1
218: 0 1
219: 1 1
220: 1 1
221: 0 1
222: 0 1
223: 1 1
224: 0 1
225: 1 1
226: 0 1
227: 0 1
228: 0 1
229: 0 1
230: 0 1
231: 0 1
232: 0 1
233: 1 1
234: 0 1
235: 1 1
236: 0 1
237: 0 1
238: 0 1
239: 1 1
240: 1 1
241: 0 1
242: 0 1
243: 0 1
244: 0 1
245: 0 1
246: 0 1
247: 1 1
248: 1 1
249: 0 1
250: 0 1
251: 0 1
252: 1 1
253: 0 1
254: 1 1
255: 1 1
256: 0 1
257: 0 1
258: 0 1
259: 0 1
260: 0 1
261: 1 1
262: 0 1
263: 0 1
264: 0 1
265: 1 1
266: 0 1
267: 0 1
268: 1 1
269: 0 1
270: 0 1
271: 0 1
272: 0 1
273: 0 1
274: 0 1
275: 0 1
276: 0 1
277: 0 1
278: 0 1
279: 0 1
280: 0 1
281: 0 1
282: 1 1
283: 0 1
284: 1 1
285: 1 1
286: 1 1
287: 0 1
288: 0 1
289: 1 1
290: 0 1
291: 0 1
292: 1 1
293: 0 1
294: 0 1
295: 0 1
296: 0 1
297: 0 1
298: 1 1
299: 0 1
300: 0 1
301: 1 1
302: 0 1
303: 0 1
304: 0 1
305: 0 1
306: 0 1
307: 0 1
308: 0 1
309: 0 1
310: 0 1
311: 0 1
312: 0 1
313: 0 1
314: 0 1
315: 0 1
316: 1 1
317: 1 1
318: 0 1
319: 0 1
320: 1 1
321: 1 1
322: 0 1
323: 1 1
324: 1 1
325: 0 1
326: 0 1
327: 0 1
328: 0 1
329: 0 1
330: 0 1
331: 1 1
332: 0 1
333: 1 1
334: 0 1
335: 1 1
336: 0 1
337: 1 1
338: 0 1
339: 0 1
340: 1 1
341: 0 1
342: 0 1
343: 0 1
344: 0 1
345: 0 1
346: 0 1
347: 0 1
348: 0 1
349: 0 1
350: 0 1
351: 0 1
352: 0 1
353: 0 1
354: 1 1
355: 1 1
356: 0 1
357: 1 1
358: 0 1
359: 0 1
360: 0 1
361: 0 1
362: 0 1
363: 0 1
364: 0 1
365: 1 1
366: 0 1
367: 1 1
368: 1 1
369: 0 1
370: 0 1
371: 1 1
372: 0 1
373: 0 1
374: 0 1
375: 1 1
376: 0 1
377: 0 1
378: 0 1
379: 0 1
380: 0 0
381: 0 0
382: 1 0
383: 0 0
384: 1 0
385: 0 0
386: 0 0
387: 0 0
388: 0 0
389: 0 0
390: 1 0
391: 0 0
392: 0 0
393: 0 0
394: 1 0
395: 0 0
396: 0 0
397: 0 0
398: 0 0
399: 1 0
400: 0 0
401: 0 0
402: 0 0
403: 0 0
404: 1 0
405: 0 0
406: 1 0
407: 0 0
408: 0 0
409: 0 0
410: 1 0
411: 0 0
412: 1 0
413: 0 0
414: 1 0
415: 0 0
416: 0 0
417: 0 0
418: 0 0
419: 0 0
420: 0 0
421: 0 0
422: 0 0
423: 0 0
424: 0 0
425: 0 0
426: 0 0
427: 0 0
428: 0 0
429: 1 0
430: 0 0
431: 1 0
432: 0 0
433: 0 0
434: 0 0
435: 0 0
436: 1 0
437: 0 0
438: 1 0
439: 0 0
440: 1 0
441: 0 0
442: 0 0
443: 1 0
444: 0 0
445: 0 0
446: 0 0
447: 0 0
448: 0 0
449: 0 0
450: 0 0
451: 1 0
452: 1 0
453: 1 0
454: 0 0
455: 1 0
456: 0 0
457: 0 0
458: 1 0
459: 1 0
460: 0 0
461: 1 0
462: 0 0
463: 0 0
464: 0 0
465: 0 0
466: 0 0
467: 0 0
468: 1 0
469: 0 0
470: 0 0
471: 0 0
472: 0 0
473: 1 0
474: 0 0
475: 1 0
476: 0 0
477: 0 0
478: 1 0
479: 0 0
480: 1 0
481: 0 0
482: 0 0
483: 0 0
484: 0 0
485: 0 0
486: 0 0
487: 1 0
488: 0 0
489: 1 0
490: 0 0
491: 0 0
492: 1 0
493: 1 0
494: 0 0
495: 1 0
496: 0 0
497: 0 0
498: 0 0
499: 0 0
500: 1 0
