1: 0 1
2: 0 1
3: 1 1
4: 0 1
5: 1 1
6: 0 1
7: 0 1
8: 0 1
9: 0 1
10: 0 1
11: 0 1
12: 0 1
13: 0 1
14: 0 1
15: 0 1
16: 0 1
17: 0 1
18: 0 1
19: 1 1
20: 0 1
21: 0 1
22: 0 1
23: 0 1
24: 0 1
25: 0 1
26: 0 1
27: 0 1
28: 0 1
29: 1 1
30: 0 1
31: 0 1
32: 0 1
33: 0 1
34: 0 1
35: 0 1
36: 0 1
37: 0 1
38: 1 1
39: 0 1
40: 0 1
41: 0 1
42: 0 1
43: 0 1
44: 0 1
45: 0 1
46: 0 1
47: 0 1
48: 1 1
49: 1 1
50: 0 1
51: 0 1
52: 0 1
53: 0 1
54: 0 1
55: 0 1
56: 0 1
57: 1 1
58: 0 1
59: 0 1
60: 0 1
61: 0 1
62: 0 1
63: 0 1
64: 0 1
65: 0 1
66: 0 1
67: 0 1
68: 1 1
69: 0 1
70: 0 1
71: 1 1
72: 0 1
73: 0 1
74: 0 1
75: 0 1
76: 0 1
77: 0 1
78: 0 1
79: 0 1
80: 0 1
81: 0 1
82: 0 1
83: 0 1
84: 0 1
85: 0 1
86: 0 1
87: 0 1
88: 0 1
89: 0 1
90: 0 1
91: 0 1
92: 0 1
93: 0 1
94: 0 1
95: 0 1
96: 0 1
97: 0 1
98: 1 1
99: 0 1
100: 0 1
101: 0 1
102: 1 1
103: 0 1
104: 0 1
105: 0 1
106: 1 1
107: 0 1
108: 0 1
109: 0 1
110: 0 1
111: 1 1
112: 0 1
113: 0 1
114: 0 1
115: 0 1
116: 0 1
117: 0 1
118: 0 1
119: 0 1
120: 0 1
121: 0 1
122: 1 1
123: 0 1
124: 0 1
125: 0 1
126: 1 1
127: 0 1
128: 0 1
129: 0 1
130: 0 1
131: 0 1
132: 0 1
133: 1 1
134: 0 1
135: 0 1
136: 0 1
137: 0 1
138: 0 1
139: 0 1
140: 0 1
141: 0 1
142: 0 1
143: 1 1
144: 0 1
145: 0 1
146: 0 1
147: 0 1
148: 0 1
149: 1 1
150: 1 1
151: 0 1
152: 0 1
153: 0 1
154: 0 1
155: 0 1
156: 0 1
157: 0 1
158: 0 1
159: 0 1
160: 0 1
161: 0 1
162: 0 1
163: 0 1
164: 0 1
165: 1 1
166: 0 1
167: 1 1
168: 1 1
169: 1 1
170: 0 1
171: 1 1
172: 0 1
173: 0 1
174: 0 1
175: 1 1
176: 0 1
177: 0 1
178: 1 1
179: 0 1
180: 1 1
181: 0 1
182: 0 1
183: 0 1
184: 1 1
185: 0 1
186: 0 1
187: 1 1
188: 0 1
189: 0 1
190: 0 1
191: 0 1
192: 0 1
193: 0 1
194: 0 1
195: 0 1
196: 1 1
197: 1 1
198: 1 1
199: 1 1
200: 1 1
201: 0 1
202: 0 1
203: 1 1
204: 0 1
205: 1 1
206: 0 1
207: 0 1
208: 0 1
209: 0 1
210: 0 1
211: 0 1
212: 0 1
213: 0 1
214: 1 1
215: 0 1
216: 1 1
217: 0 1
218: 0 1
219: 0 1
220: 0 1
221: 0 1
222: 0 1
223: 0 1
224: 1 1
225: 1 1
226: 1 1
227: 0 1
228: 0 1
229: 1 1
230: 0 1
231: 1 1
232: 0 1
233: 0 1
234: 1 1
235: 1 1
236: 0 0
237: 0 0
238: 0 0
239: 0 0
240: 0 0
241: 0 0
242: 0 0
243: 0 0
244: 0 0
245: 0 0
246: 1 0
247: 0 0
248: 1 0
249: 0 0
250: 1 0
251: 0 0
252: 0 0
253: 0 0
254: 0 0
255: 0 0
256: 1 0
257: 0 0
258: 1 0
259: 0 0
260: 0 0
261: 1 0
262: 1 0
263: 0 0
264: 1 0
265: 1 0
266: 1 0
267: 0 0
268: 0 0
269: 0 0
270: 1 0
271: 0 0
272: 0 0
273: 0 0
274: 1 0
275: 0 0
276: 0 0
277: 0 0
278: 1 0
279: 0 0
280: 0 0
281: 0 0
282: 0 0
283: 1 0
284: 0 0
285: 0 0
286: 1 0
287: 0 0
288: 1 0
289: 0 0
290: 0 0
291: 1 0
292: 0 0
293: 1 0
294: 0 0
295: 1 0
296: 1 0
297: 1 0
298: 1 0
299: 0 0
300: 1 0
301: 0 0
302: 0 0
303: 0 0
304: 1 0
305: 0 0
306: 0 0
307: 0 0
308: 1 0
309: 0 0
310: 0 0
311: 1 0
312: 0 0
313: 0 0
314: 0 0
315: 1 0
316: 0 0
317: 1 0
318: 1 0
319: 1 0
320: 0 0
321: 1 0
322: 1 0
323: 0 0
324: 0 0
325: 1 0
326: 0 0
327: 0 0
328: 0 0
329: 0 0
330: 1 0
331: 1 0
332: 0 0
333: 0 0
334: 1 0
335: 0 0
336: 1 0
337: 0 0
338: 0 0
339: 0 0
340: 0 0
341: 0 0
342: 0 0
343: 0 0
344: 1 0
345: 1 0
346: 1 0
347: 0 0
348: 1 0
349: 1 0
350: 1 0
351: 1 0
352: 1 0
353: 0 0
354: 1 0
355: 1 0
356: 0 0
357: 0 0
358: 0 0
359: 1 0
360: 0 0
361: 0 0
362: 0 0
363: 1 0
364: 0 0
365: 0 0
366: 0 0
367: 0 0
368: 0 0
369: 0 0
370: 0 0
371: 1 0
372: 1 0
373: 0 0
374: 0 0
375: 0 0
376: 0 0
377: 0 0
378: 0 0
379: 1 0
380: 0 0
381: 1 0
382: 1 0
383: 0 0
384: 1 0
385: 1 0
386: 0 0
387: 0 0
388: 0 0
389: 0 0
390: 0 0
391: 1 0
392: 0 0
393: 0 0
394: 0 0
395: 0 0
396: 0 0
397: 1 0
398: 1 0
399: 0 0
400: 1 0
401: 1 0
402: 0 0
403: 1 0
404: 0 0
405: 1 0
406: 0 0
407: 0 0
408: 1 0
409: 0 0
410: 0 0
411: 1 0
412: 0 0
413: 0 0
414: 0 0
415: 0 0
416: 0 0
417: 0 0
418: 1 0
419: 1 0
420: 1 0
421: 1 0
422: 0 0
423: 0 0
424: 0 0
425: 0 0
426: 0 0
427: 0 0
428: 0 0
429: 1 0
430: 0 0
431: 0 0
432: 0 0
433: 0 0
434: 0 0
435: 1 0
436: 1 0
437: 0 0
438: 0 0
439: 1 0
440: 1 0
441: 1 1
442: 0 1
443: 1 1
444: 0 1
445: 1 1
446: 1 1
447: 1 1
448: 0 1
449: 0 1
450: 0 1
451: 1 1
452: 0 1
453: 0 1
454: 1 1
455: 0 1
456: 0 1
457: 0 1
458: 1 1
459: 1 1
460: 0 1
461: 1 1
462: 0 1
463: 0 1
464: 0 1
465: 0 1
466: 1 1
467: 0 1
468: 1 1
469: 0 1
470: 0 1
471: 0 1
472: 1 1
473: 1 1
474: 0 1
475: 0 1
476: 0 1
477: 0 1
478: 0 1
479: 0 1
480: 0 1
481: 1 1
482: 1 1
483: 0 1
484: 0 1
485: 0 1
486: 0 1
487: 0 1
488: 1 1
489: 0 1
490: 1 1
491: 1 1
492: 0 1
493: 1 1
494: 0 1
495: 0 1
496: 0 1
497: 0 1
498: 0 1
499: 0 1
500: 0 1
