1: 160 1
2: 364 1
3: 24 1
4: 152 1
5: 106 1
6: 314 1
7: 366 1
8: 627 1
9: 3 1
10: 321 1
11: 2 1
12: 507 1
13: 490 1
14: 61 1
15: 491 1
16: 157 1
17: 113 1
18: 611 1
19: 2 1
20: 2 1
21: 531 1
22: 590 1
23: 617 1
24: 549 1
25: 605 1
26: 527 1
27: 159 1
28: 25 1
29: 314 1
30: 41 1
31: 333 1
32: 13 1
33: 617 1
34: 626 1
35: 624 1
36: 421 1
37: 501 1
38: 628 1
39: 590 1
40: 4 1
41: 632 1
42: 630 1
43: 20 1
44: 147 1
45: 66 1
46: 20 1
47: 487 1
48: 7 1
49: 621 1
50: 604 1
51: 12 1
52: 517 1
53: 559 1
54: 120 1
55: 609 1
56: 563 1
57: 522 1
58: 6 1
59: 621 1
60: 488 1
61: 567 1
62: 3 1
63: 12 1
64: 508 1
65: 557 1
66: 132 1
67: 281 1
68: 145 1
69: 155 1
70: 364 1
71: 520 1
72: 4 1
73: 17 1
74: 622 1
75: 230 1
76: 619 1
77: 536 1
78: 3 1
79: 43 1
80: 199 1
81: 599 1
82: 438 1
83: 517 1
84: 104 1
85: 566 1
86: 18 1
87: 12 1
88: 536 1
89: 565 1
90: 21 1
91: 17 1
92: 387 1
93: 418 1
94: 557 1
95: 14 1
96: 511 1
97: 519 1
98: 596 1
99: 146 1
100: 568 1
101: 624 1
102: 382 1
103: 21 1
104: 418 1
105: 341 1
106: 73 1
107: 3 1
108: 376 1
109: 562 1
110: 621 1
111: 603 1
112: 45 1
113: 627 1
114: 276 1
115: 3 1
116: 65 1
117: 585 1
118: 560 1
119: 572 1
120: 575 1
121: 7 1
122: 375 1
123: 401 1
124: 592 1
125: 457 1
126: 464 1
127: 183 1
128: 589 1
129: 7 1
130: 21 1
131: 102 1
132: 427 1
133: 101 1
134: 3 1
135: 580 1
136: 589 1
137: 286 1
138: 443 1
139: 18 1
140: 198 1
141: 15 0
142: 352 0
143: 334 0
144: 17 0
145: 454 0
146: 373 0
147: 438 0
148: 78 0
149: 501 0
150: 148 0
151: 170 0
152: 581 0
153: 473 0
154: 488 0
155: 622 0
156: 3 0
157: 459 0
158: 612 0
159: 5 0
160: 472 0
161: 577 0
162: 13 0
163: 16 0
164: 139 0
165: 3 0
166: 15 0
167: 556 0
168: 531 0
169: 23 0
170: 400 0
171: 11 0
172: 221 0
173: 584 0
174: 27 0
175: 368 0
176: 109 0
177: 339 0
178: 606 0
179: 412 0
180: 447 0
181: 570 0
182: 10 0
183: 611 0
184: 585 0
185: 3 0
186: 565 0
187: 612 0
188: 19 0
189: 606 0
190: 453 0
191: 530 0
192: 625 0
193: 52 0
194: 266 0
195: 2 0
196: 271 0
197: 470 0
198: 456 0
199: 396 0
200: 526 0
201: 615 0
202: 483 0
203: 604 0
204: 367 0
205: 544 0
206: 577 0
207: 574 0
208: 469 0
209: 191 0
210: 470 0
211: 417 0
212: 48 0
213: 176 0
214: 55 0
215: 49 0
216: 591 0
217: 531 0
218: 272 0
219: 246 0
220: 12 0
221: 1 0
222: 449 0
223: 580 0
224: 447 0
225: 138 0
226: 604 0
227: 550 0
228: 180 0
229: 12 0
230: 582 0
231: 578 0
232: 213 0
233: 116 0
234: 137 0
235: 432 0
236: 343 0
237: 176 0
238: 610 0
239: 205 0
240: 599 0
241: 564 0
242: 521 0
243: 301 0
244: 623 0
245: 492 0
246: 277 0
247: 384 0
248: 417 0
249: 370 0
250: 487 0
251: 621 0
252: 281 0
253: 22 0
254: 219 0
255: 183 0
256: 480 0
257: 4 0
258: 179 0
259: 13 0
260: 551 0
261: 621 0
262: 6 0
263: 146 0
264: 573 0
265: 629 0
266: 5 0
267: 485 0
268: 163 0
269: 317 0
270: 524 0
271: 12 0
272: 614 0
273: 358 0
274: 17 0
275: 14 0
276: 429 0
277: 133 0
278: 10 0
279: 602 0
280: 33 0
281: 570 0
282: 18 0
283: 412 0
284: 618 0
285: 21 0
286: 35 0
287: 3 0
288: 37 0
289: 453 0
290: 622 0
291: 220 0
292: 305 0
293: 592 0
294: 487 0
295: 533 0
296: 15 0
297: 16 0
298: 624 0
299: 397 0
300: 403 0
301: 340 0
302: 81 0
303: 570 0
304: 601 0
305: 8 0
306: 409 0
307: 19 0
308: 620 0
309: 617 0
310: 24 0
311: 17 0
312: 625 0
313: 23 0
314: 4 0
315: 425 0
316: 364 0
317: 566 0
318: 173 0
319: 636 0
320: 605 0
321: 320 0
322: 598 0
323: 3 0
324: 610 0
325: 622 0
326: 462 0
327: 616 0
328: 543 0
329: 67 0
330: 525 0
331: 507 0
332: 459 0
333: 1 0
334: 564 0
335: 526 0
336: 579 0
337: 538 0
338: 12 0
339: 503 0
340: 584 1
341: 453 1
342: 601 1
343: 400 1
344: 433 1
345: 2 1
346: 67 1
347: 625 1
348: 564 1
349: 427 1
350: 610 1
351: 616 1
352: 114 1
353: 557 1
354: 375 1
355: 3 1
356: 550 1
357: 9 1
358: 19 1
359: 560 1
360: 17 1
361: 76 1
362: 4 1
363: 263 1
364: 612 1
365: 290 1
366: 13 1
367: 8 1
368: 16 1
369: 613 1
370: 113 1
371: 586 1
372: 1 1
373: 387 1
374: 313 1
375: 612 1
376: 614 1
377: 5 1
378: 1 1
379: 25 1
380: 6 1
381: 230 1
382: 8 1
383: 560 1
384: 84 1
385: 359 1
386: 601 1
387: 493 1
388: 561 1
389: 336 1
390: 528 1
391: 5 1
392: 85 1
393: 439 1
394: 3 1
395: 572 1
396: 70 1
397: 613 1
398: 596 1
399: 23 1
400: 601 1
401: 606 1
402: 3 1
403: 613 1
404: 360 1
405: 471 1
406: 21 1
407: 27 1
408: 560 1
409: 2 1
410: 477 1
411: 427 1
412: 540 1
413: 349 1
414: 323 1
415: 606 1
416: 304 1
417: 633 1
418: 132 1
419: 443 1
420: 393 1
421: 101 1
422: 352 1
423: 461 1
424: 564 1
425: 433 1
426: 414 1
427: 414 1
428: 457 1
429: 533 1
430: 436 1
431: 544 1
432: 457 1
433: 277 1
434: 15 1
435: 595 1
436: 558 1
437: 453 1
438: 291 1
439: 417 1
440: 616 1
441: 282 1
442: 405 1
443: 419 1
444: 632 1
445: 613 1
446: 314 1
447: 595 1
448: 162 1
449: 369 1
450: 593 1
451: 525 1
452: 264 1
453: 321 1
454: 2 1
455: 347 1
456: 4 1
457: 137 1
458: 219 1
459: 605 1
460: 596 1
461: 101 1
462: 149 1
463: 342 1
464: 614 1
465: 625 1
466: 7 1
467: 345 1
468: 544 1
469: 519 1
470: 590 1
471: 368 1
472: 197 1
473: 439 1
474: 250 1
475: 491 1
476: 50 1
477: 518 1
478: 554 1
479: 606 1
480: 569 1
481: 7 1
482: 617 1
483: 11 1
484: 339 1
485: 467 1
486: 3 1
487: 584 1
488: 287 1
489: 25 1
490: 513 1
491: 298 1
492: 4 1
493: 4 1
494: 609 1
495: 476 1
496: 191 1
497: 335 1
498: 627 1
499: 593 1
500: 0 1
