1: 717 0
2: 715 0
3: 715 0
4: 715 0
5: 716 0
6: 716 0
7: 715 0
8: 715 0
9: 715 0
10: 715 0
11: 715 0
12: 715 0
13: 715 0
14: 715 0
15: 715 0
16: 715 0
17: 715 0
18: 715 0
19: 716 0
20: 715 0
21: 715 0
22: 715 0
23: 715 0
24: 715 0
25: 715 0
26: 715 0
27: 715 0
28: 715 0
29: 715 0
30: 715 0
31: 715 0
32: 717 0
33: 718 0
34: 715 0
35: 715 0
36: 715 0
37: 715 0
38: 715 0
39: 715 0
40: 715 0
41: 715 0
42: 715 0
43: 715 0
44: 715 0
45: 715 0
46: 715 0
47: 715 0
48: 715 0
49: 716 0
50: 715 0
51: 715 0
52: 715 0
53: 715 0
54: 715 0
55: 715 0
56: 715 0
57: 715 0
58: 715 0
59: 715 0
60: 715 0
61: 715 0
62: 715 0
63: 715 0
64: 716 0
65: 715 0
66: 715 0
67: 715 0
68: 715 0
69: 715 0
70: 715 0
71: 715 0
72: 715 0
73: 715 0
74: 715 0
75: 715 0
76: 715 0
77: 715 0
78: 715 0
79: 715 0
80: 715 0
81: 715 0
82: 715 0
83: 715 0
84: 715 0
85: 715 0
86: 715 0
87: 715 0
88: 715 0
89: 716 0
90: 715 0
91: 715 0
92: 715 0
93: 715 0
94: 715 0
95: 715 0
96: 715 0
97: 715 0
98: 715 0
99: 715 0
100: 715 0
101: 715 0
102: 715 0
103: 715 0
104: 715 0
105: 715 0
106: 715 0
107: 715 0
108: 715 0
109: 715 0
110: 715 0
111: 715 0
112: 715 0
113: 715 0
114: 715 0
115: 715 0
116: 715 0
117: 715 0
118: 715 0
119: 715 0
120: 715 0
121: 715 0
122: 715 0
123: 715 0
124: 715 0
125: 715 0
126: 715 0
127: 715 0
128: 715 0
129: 715 0
130: 715 0
131: 715 0
132: 715 0
133: 715 0
134: 715 0
135: 715 0
136: 715 0
137: 715 0
138: 715 0
139: 715 0
140: 715 0
141: 715 0
142: 715 0
143: 715 0
144: 715 0
145: 715 0
146: 715 0
147: 715 0
148: 715 0
149: 715 0
150: 715 0
151: 715 0
152: 715 0
153: 715 0
154: 715 0
155: 715 0
156: 715 0
157: 715 0
158: 715 0
159: 716 0
160: 715 0
161: 715 0
162: 715 0
163: 716 0
164: 715 0
165: 715 0
166: 716 0
167: 716 0
168: 715 0
169: 716 0
170: 715 0
171: 715 0
172: 715 0
173: 715 0
174: 715 0
175: 715 0
176: 716 0
177: 715 0
178: 715 0
179: 715 0
180: 715 0
181: 715 0
182: 715 0
183: 715 0
184: 715 0
185: 715 0
186: 715 0
187: 715 0
188: 715 0
189: 715 0
190: 715 0
191: 715 0
192: 715 0
193: 715 0
194: 715 0
195: 715 0
196: 715 1
197: 715 1
198: 715 1
199: 715 1
200: 715 1
201: 716 1
202: 715 1
203: 714 1
204: 714 1
205: 715 1
206: 715 1
207: 715 1
208: 716 1
209: 715 1
210: 716 1
211: 716 1
212: 716 1
213: 715 1
214: 715 1
215: 716 1
216: 715 1
217: 715 1
218: 716 1
219: 715 1
220: 715 1
221: 716 1
222: 716 1
223: 715 1
224: 715 1
225: 715 1
226: 715 1
227: 715 1
228: 715 1
229: 715 1
230: 715 1
231: 718 1
232: 715 1
233: 714 1
234: 714 1
235: 714 1
236: 714 1
237: 714 1
238: 714 1
239: 714 1
240: 714 1
241: 714 1
242: 714 1
243: 714 1
244: 714 1
245: 714 1
246: 714 1
247: 714 1
248: 714 1
249: 714 1
250: 714 1
251: 714 1
252: 714 1
253: 714 1
254: 714 1
255: 714 1
256: 714 1
257: 714 1
258: 714 1
259: 716 1
260: 715 1
261: 715 1
262: 715 1
263: 715 1
264: 715 1
265: 715 1
266: 714 1
267: 714 1
268: 714 1
269: 714 1
270: 714 1
271: 715 1
272: 715 1
273: 714 1
274: 714 1
275: 714 1
276: 714 1
277: 714 1
278: 714 1
279: 714 1
280: 714 1
281: 714 1
282: 714 1
283: 714 1
284: 714 1
285: 714 1
286: 714 1
287: 714 1
288: 714 1
289: 714 1
290: 714 1
291: 714 1
292: 714 1
293: 714 1
294: 715 1
295: 714 1
296: 714 1
297: 714 1
298: 714 1
299: 714 1
300: 714 1
301: 714 1
302: 714 1
303: 716 1
304: 714 1
305: 714 1
306: 714 1
307: 714 1
308: 714 1
309: 714 1
310: 714 1
311: 714 1
312: 714 1
313: 714 1
314: 714 1
315: 714 1
316: 714 1
317: 714 1
318: 714 1
319: 714 1
320: 714 1
321: 714 1
322: 714 1
323: 714 1
324: 714 1
325: 714 1
326: 714 1
327: 714 1
328: 714 1
329: 714 1
330: 714 1
331: 714 1
332: 714 1
333: 714 1
334: 714 1
335: 714 1
336: 714 1
337: 714 1
338: 714 1
339: 714 1
340: 714 1
341: 714 1
342: 714 1
343: 714 1
344: 714 1
345: 714 1
346: 714 1
347: 714 1
348: 714 1
349: 714 1
350: 714 1
351: 714 1
352: 714 1
353: 714 1
354: 714 1
355: 714 1
356: 714 1
357: 714 1
358: 714 1
359: 714 1
360: 714 1
361: 714 1
362: 714 1
363: 714 1
364: 714 1
365: 714 1
366: 714 1
367: 714 1
368: 714 1
369: 714 1
370: 714 1
371: 714 1
372: 714 1
373: 714 1
374: 714 1
375: 714 1
376: 714 1
377: 714 1
378: 714 1
379: 714 1
380: 714 1
381: 714 1
382: 714 1
383: 714 1
384: 715 1
385: 714 1
386: 714 1
387: 714 1
388: 714 1
389: 714 1
390: 714 1
391: 714 1
392: 714 1
393: 714 1
394: 714 1
395: 714 1
396: 714 1
397: 714 1
398: 714 1
399: 714 1
400: 714 1
401: 714 1
402: 714 1
403: 714 1
404: 714 1
405: 714 1
406: 714 1
407: 714 1
408: 714 1
409: 714 1
410: 714 1
411: 714 1
412: 714 1
413: 714 1
414: 714 1
415: 714 1
416: 714 1
417: 714 1
418: 714 1
419: 714 1
420: 714 0
421: 714 0
422: 714 0
423: 714 0
424: 714 0
425: 714 0
426: 714 0
427: 714 0
428: 714 0
429: 714 0
430: 714 0
431: 714 0
432: 714 0
433: 714 0
434: 714 0
435: 714 0
436: 714 0
437: 714 0
438: 714 0
439: 714 0
440: 714 0
441: 714 0
442: 714 0
443: 714 0
444: 715 0
445: 714 0
446: 715 0
447: 714 0
448: 714 0
449: 714 0
450: 714 0
451: 714 0
452: 714 0
453: 714 0
454: 714 0
455: 717 0
456: 716 0
457: 716 0
458: 716 0
459: 719 0
460: 718 0
461: 718 0
462: 718 0
463: 716 0
464: 714 0
465: 715 0
466: 714 0
467: 714 0
468: 714 0
469: 714 0
470: 714 0
471: 714 0
472: 714 0
473: 714 0
474: 714 0
475: 714 0
476: 714 0
477: 714 0
478: 714 0
479: 714 0
480: 714 0
481: 714 0
482: 714 0
483: 714 0
484: 714 0
485: 714 0
486: 714 0
487: 714 0
488: 714 0
489: 714 0
490: 714 0
491: 714 0
492: 714 0
493: 714 0
494: 714 0
495: 714 0
496: 714 0
497: 714 0
498: 714 0
499: 714 0
500: 714 0
