1: 535 1
2: 518 1
3: 26 1
4: 16 1
5: 19 1
6: 18 1
7: 19 1
8: 575 1
9: 20 1
10: 20 1
11: 17 1
12: 21 1
13: 550 1
14: 12 1
15: 478 1
16: 2 1
17: 611 1
18: 631 1
19: 15 1
20: 15 1
21: 312 1
22: 13 1
23: 580 1
24: 203 1
25: 566 1
26: 14 1
27: 16 1
28: 21 1
29: 470 1
30: 18 1
31: 11 1
32: 117 1
33: 13 1
34: 388 1
35: 389 1
36: 27 1
37: 16 1
38: 13 0
39: 21 0
40: 5 0
41: 12 0
42: 16 0
43: 89 0
44: 18 0
45: 25 0
46: 16 0
47: 24 0
48: 49 0
49: 501 0
50: 20 0
51: 20 0
52: 22 0
53: 28 0
54: 19 0
55: 562 0
56: 633 0
57: 7 0
58: 338 0
59: 17 0
60: 16 0
61: 528 0
62: 21 0
63: 21 0
64: 600 0
65: 14 0
66: 18 0
67: 16 0
68: 24 0
69: 21 0
70: 17 0
71: 550 0
72: 537 0
73: 35 0
74: 14 0
75: 19 0
76: 428 0
77: 17 0
78: 28 0
79: 11 0
80: 24 0
81: 15 0
82: 29 0
83: 19 0
84: 22 0
85: 24 0
86: 142 0
87: 22 0
88: 239 0
89: 566 0
90: 11 0
91: 533 0
92: 18 0
93: 553 0
94: 596 0
95: 14 0
96: 18 0
97: 18 0
98: 18 0
99: 489 0
100: 522 0
101: 261 0
102: 22 0
103: 13 0
104: 4 0
105: 613 0
106: 370 0
107: 403 0
108: 587 0
109: 389 0
110: 438 0
111: 359 0
112: 521 0
113: 481 0
114: 382 0
115: 477 0
116: 449 0
117: 346 0
118: 584 0
119: 563 0
120: 609 0
121: 169 0
122: 610 0
123: 514 0
124: 483 0
125: 377 0
126: 374 0
127: 627 0
128: 156 0
129: 558 0
130: 545 0
131: 511 0
132: 9 0
133: 3 0
134: 304 0
135: 17 0
136: 538 0
137: 18 0
138: 140 0
139: 566 0
140: 310 0
141: 372 0
142: 569 0
143: 442 0
144: 3 0
145: 13 0
146: 575 0
147: 589 0
148: 605 0
149: 569 0
150: 9 0
151: 61 0
152: 416 0
153: 524 0
154: 403 0
155: 271 0
156: 609 0
157: 17 0
158: 541 0
159: 587 0
160: 151 0
161: 123 0
162: 16 0
163: 567 0
164: 538 0
165: 19 0
166: 323 0
167: 395 0
168: 211 0
169: 532 0
170: 13 0
171: 583 0
172: 6 0
173: 513 0
174: 141 0
175: 130 0
176: 2 0
177: 315 0
178: 292 0
179: 590 0
180: 598 0
181: 553 0
182: 21 0
183: 17 0
184: 409 0
185: 575 0
186: 201 0
187: 7 0
188: 255 0
189: 585 0
190: 341 0
191: 215 0
192: 437 0
193: 42 0
194: 3 0
195: 2 0
196: 83 0
197: 561 0
198: 375 0
199: 19 0
200: 613 0
201: 628 0
202: 587 0
203: 472 0
204: 587 0
205: 596 0
206: 306 0
207: 607 0
208: 323 0
209: 326 0
210: 3 0
211: 598 0
212: 422 0
213: 93 0
214: 551 0
215: 4 0
216: 483 0
217: 500 0
218: 201 0
219: 303 0
220: 13 0
221: 354 0
222: 398 0
223: 564 0
224: 451 0
225: 295 0
226: 582 0
227: 604 0
228: 513 0
229: 161 0
230: 347 0
231: 27 0
232: 618 0
233: 431 0
234: 243 0
235: 550 0
236: 470 0
237: 623 0
238: 86 1
239: 16 1
240: 80 1
241: 580 1
242: 536 1
243: 271 1
244: 167 1
245: 620 1
246: 590 1
247: 145 1
248: 369 1
249: 621 1
250: 113 1
251: 477 1
252: 605 1
253: 287 1
254: 620 1
255: 445 1
256: 369 1
257: 530 1
258: 288 1
259: 550 1
260: 490 1
261: 539 1
262: 23 1
263: 510 1
264: 13 1
265: 474 1
266: 83 1
267: 17 1
268: 331 1
269: 548 1
270: 183 1
271: 3 1
272: 99 1
273: 2 1
274: 529 1
275: 252 1
276: 579 1
277: 5 1
278: 540 1
279: 371 1
280: 534 1
281: 467 1
282: 613 1
283: 326 1
284: 632 1
285: 170 1
286: 313 1
287: 406 1
288: 562 1
289: 603 1
290: 610 1
291: 3 1
292: 50 1
293: 226 1
294: 279 1
295: 219 1
296: 434 1
297: 543 1
298: 438 1
299: 428 1
300: 265 1
301: 628 1
302: 216 1
303: 616 1
304: 217 1
305: 522 1
306: 3 1
307: 556 1
308: 166 1
309: 367 1
310: 328 1
311: 2 1
312: 565 1
313: 612 1
314: 611 1
315: 157 1
316: 27 1
317: 257 1
318: 41 1
319: 527 1
320: 272 1
321: 567 1
322: 467 1
323: 533 1
324: 431 1
325: 431 1
326: 589 1
327: 515 1
328: 552 1
329: 172 1
330: 2 1
331: 604 1
332: 534 1
333: 609 1
334: 28 1
335: 593 1
336: 604 1
337: 379 1
338: 19 1
339: 12 1
340: 4 1
341: 431 1
342: 552 1
343: 467 1
344: 529 1
345: 556 1
346: 576 1
347: 130 1
348: 606 1
349: 3 1
350: 42 1
351: 177 1
352: 597 1
353: 421 1
354: 494 1
355: 15 1
356: 522 1
357: 393 1
358: 156 1
359: 522 1
360: 585 1
361: 18 1
362: 521 1
363: 235 1
364: 342 1
365: 566 1
366: 610 1
367: 415 1
368: 539 1
369: 560 1
370: 596 1
371: 297 1
372: 12 1
373: 436 1
374: 462 1
375: 300 1
376: 175 1
377: 613 1
378: 611 1
379: 577 1
380: 12 1
381: 365 1
382: 416 1
383: 570 1
384: 617 1
385: 497 1
386: 600 1
387: 485 1
388: 407 1
389: 247 1
390: 623 1
391: 225 1
392: 599 1
393: 205 1
394: 466 1
395: 320 1
396: 625 1
397: 544 1
398: 371 1
399: 147 1
400: 484 1
401: 494 1
402: 39 1
403: 535 1
404: 622 1
405: 588 1
406: 166 1
407: 278 1
408: 529 1
409: 508 1
410: 365 1
411: 117 1
412: 191 1
413: 502 1
414: 15 1
415: 591 1
416: 527 1
417: 455 1
418: 421 1
419: 59 1
420: 523 1
421: 460 1
422: 13 1
423: 20 1
424: 3 1
425: 519 1
426: 556 1
427: 26 1
428: 65 1
429: 369 1
430: 625 1
431: 615 1
432: 264 1
433: 529 1
434: 388 1
435: 9 1
436: 435 1
437: 109 1
438: 501 1
439: 588 1
440: 577 1
441: 610 1
442: 274 1
443: 629 1
444: 474 1
445: 135 1
446: 604 1
447: 404 1
448: 568 1
449: 452 1
450: 233 1
451: 455 1
452: 536 1
453: 615 1
454: 557 1
455: 347 1
456: 562 1
457: 210 1
458: 93 1
459: 618 1
460: 9 1
461: 631 1
462: 342 1
463: 2 1
464: 2 0
465: 1 0
466: 3 0
467: 360 0
468: 334 0
469: 85 0
470: 129 0
471: 1 0
472: 10 0
473: 9 0
474: 591 0
475: 15 0
476: 8 0
477: 16 0
478: 484 0
479: 505 0
480: 392 0
481: 3 0
482: 159 0
483: 514 0
484: 573 0
485: 15 0
486: 5 0
487: 562 0
488: 471 0
489: 549 0
490: 165 0
491: 607 0
492: 560 0
493: 521 0
494: 8 0
495: 103 0
496: 616 0
497: 19 0
498: 1 0
499: 5 0
500: 541 0
