1: 428 0
2: 411 0
3: 574 0
4: 615 0
5: 209 0
6: 16 0
7: 468 0
8: 608 0
9: 23 0
10: 348 0
11: 447 0
12: 15 0
13: 332 0
14: 369 0
15: 479 0
16: 478 0
17: 10 0
18: 5 0
19: 85 0
20: 622 0
21: 121 0
22: 13 0
23: 404 0
24: 606 0
25: 16 0
26: 15 0
27: 518 0
28: 297 0
29: 19 0
30: 390 0
31: 576 0
32: 538 0
33: 593 0
34: 473 0
35: 14 0
36: 595 0
37: 11 0
38: 23 0
39: 19 0
40: 536 0
41: 206 0
42: 546 0
43: 25 0
44: 457 0
45: 356 0
46: 6 0
47: 536 0
48: 2 0
49: 194 0
50: 613 0
51: 102 0
52: 580 0
53: 470 0
54: 167 0
55: 423 0
56: 618 0
57: 547 0
58: 598 0
59: 177 0
60: 245 0
61: 170 0
62: 546 0
63: 110 0
64: 185 0
65: 609 0
66: 590 0
67: 451 0
68: 585 0
69: 2 0
70: 197 0
71: 447 0
72: 17 0
73: 604 0
74: 519 0
75: 14 0
76: 568 0
77: 197 0
78: 425 0
79: 593 0
80: 611 0
81: 11 0
82: 160 0
83: 15 0
84: 478 0
85: 565 0
86: 438 0
87: 24 0
88: 123 0
89: 555 0
90: 303 0
91: 232 0
92: 601 0
93: 469 0
94: 389 0
95: 630 0
96: 2 0
97: 496 0
98: 594 0
99: 220 0
100: 581 0
101: 23 0
102: 520 0
103: 568 0
104: 118 0
105: 305 0
106: 9 0
107: 373 0
108: 215 0
109: 605 0
110: 595 0
111: 241 0
112: 218 0
113: 14 0
114: 45 0
115: 476 0
116: 384 0
117: 588 0
118: 16 0
119: 19 0
120: 521 0
121: 633 0
122: 7 0
123: 532 1
124: 411 1
125: 56 1
126: 367 1
127: 565 1
128: 602 1
129: 199 1
130: 544 1
131: 499 1
132: 5 1
133: 539 1
134: 576 1
135: 590 1
136: 432 1
137: 557 1
138: 414 1
139: 456 1
140: 273 1
141: 623 1
142: 522 1
143: 22 1
144: 17 1
145: 614 1
146: 629 1
147: 471 1
148: 603 1
149: 599 1
150: 607 1
151: 312 1
152: 489 1
153: 512 1
154: 9 1
155: 509 1
156: 620 1
157: 99 1
158: 603 1
159: 556 1
160: 309 1
161: 19 1
162: 204 1
163: 8 1
164: 122 1
165: 2 1
166: 205 1
167: 68 1
168: 593 1
169: 403 1
170: 624 1
171: 336 1
172: 361 1
173: 94 1
174: 64 1
175: 363 1
176: 97 1
177: 548 1
178: 514 1
179: 582 1
180: 303 1
181: 486 1
182: 3 1
183: 15 1
184: 586 1
185: 463 1
186: 190 1
187: 582 1
188: 333 1
189: 35 1
190: 622 1
191: 185 1
192: 585 1
193: 587 1
194: 16 1
195: 330 1
196: 7 1
197: 5 1
198: 17 1
199: 19 1
200: 351 1
201: 621 1
202: 426 1
203: 294 1
204: 10 1
205: 263 1
206: 565 1
207: 16 1
208: 11 1
209: 187 1
210: 40 1
211: 444 1
212: 624 1
213: 3 1
214: 154 1
215: 14 1
216: 10 1
217: 2 1
218: 518 1
219: 155 1
220: 614 1
221: 3 1
222: 576 1
223: 416 1
224: 394 1
225: 370 1
226: 585 1
227: 97 1
228: 480 1
229: 9 1
230: 520 1
231: 12 1
232: 428 1
233: 3 1
234: 40 1
235: 11 1
236: 21 1
237: 12 1
238: 599 1
239: 492 1
240: 582 1
241: 24 1
242: 600 1
243: 307 1
244: 191 1
245: 577 1
246: 23 1
247: 465 1
248: 457 1
249: 241 1
250: 378 1
251: 285 1
252: 13 1
253: 27 1
254: 1 1
255: 598 1
256: 575 1
257: 149 1
258: 8 1
259: 582 1
260: 570 1
261: 25 1
262: 523 1
263: 607 1
264: 3 1
265: 447 1
266: 544 1
267: 566 1
268: 11 1
269: 110 1
270: 426 1
271: 377 1
272: 537 1
273: 522 1
274: 591 1
275: 464 1
276: 260 1
277: 469 1
278: 444 1
279: 107 1
280: 416 1
281: 19 1
282: 59 1
283: 588 1
284: 3 1
285: 595 1
286: 579 1
287: 350 1
288: 327 1
289: 19 1
290: 290 1
291: 70 1
292: 16 1
293: 568 1
294: 548 1
295: 579 1
296: 579 1
297: 601 1
298: 405 1
299: 16 1
300: 625 1
301: 1 1
302: 83 1
303: 165 1
304: 11 1
305: 372 1
306: 417 1
307: 340 1
308: 584 1
309: 201 1
310: 388 1
311: 613 1
312: 619 1
313: 531 1
314: 3 1
315: 24 1
316: 545 1
317: 5 1
318: 498 1
319: 21 1
320: 582 1
321: 23 1
322: 13 1
323: 24 1
324: 21 1
325: 522 1
326: 11 1
327: 574 1
328: 429 1
329: 434 1
330: 16 1
331: 68 1
332: 602 1
333: 306 1
334: 481 1
335: 581 1
336: 428 1
337: 12 1
338: 288 1
339: 362 1
340: 290 1
341: 118 1
342: 300 1
343: 579 1
344: 9 1
345: 519 1
346: 429 1
347: 614 1
348: 608 1
349: 445 0
350: 245 0
351: 632 0
352: 544 0
353: 558 0
354: 333 0
355: 474 0
356: 175 0
357: 554 0
358: 5 0
359: 75 0
360: 237 0
361: 399 0
362: 432 0
363: 607 0
364: 193 0
365: 473 0
366: 594 0
367: 591 0
368: 325 0
369: 478 0
370: 469 0
371: 17 0
372: 510 0
373: 126 0
374: 4 0
375: 309 0
376: 12 0
377: 613 0
378: 377 0
379: 1 0
380: 589 0
381: 399 0
382: 561 0
383: 386 0
384: 537 0
385: 143 0
386: 624 0
387: 9 0
388: 433 0
389: 349 0
390: 521 0
391: 498 0
392: 231 0
393: 581 0
394: 601 0
395: 539 0
396: 511 0
397: 622 0
398: 634 0
399: 2 0
400: 607 0
401: 613 0
402: 7 0
403: 278 0
404: 11 0
405: 170 0
406: 10 0
407: 600 0
408: 10 0
409: 614 0
410: 451 0
411: 464 0
412: 546 0
413: 3 0
414: 550 0
415: 470 0
416: 3 0
417: 542 0
418: 394 0
419: 285 0
420: 11 0
421: 6 0
422: 551 0
423: 505 0
424: 583 0
425: 325 0
426: 273 0
427: 637 0
428: 10 0
429: 221 0
430: 1 0
431: 8 0
432: 568 0
433: 103 0
434: 204 0
435: 2 0
436: 533 0
437: 32 0
438: 39 0
439: 603 0
440: 619 0
441: 422 0
442: 639 0
443: 246 0
444: 440 0
445: 15 0
446: 592 0
447: 13 0
448: 211 0
449: 3 0
450: 604 0
451: 619 0
452: 477 0
453: 618 0
454: 20 0
455: 14 0
456: 280 0
457: 614 0
458: 23 0
459: 16 0
460: 602 0
461: 19 0
462: 470 0
463: 614 0
464: 287 0
465: 13 0
466: 201 0
467: 469 0
468: 357 0
469: 353 0
470: 325 0
471: 448 0
472: 631 0
473: 339 0
474: 510 0
475: 24 0
476: 607 0
477: 527 0
478: 11 0
479: 586 0
480: 607 0
481: 3 0
482: 506 0
483: 161 0
484: 18 0
485: 468 0
486: 15 0
487: 396 0
488: 450 0
489: 179 0
490: 629 0
491: 531 0
492: 618 0
493: 595 0
494: 549 0
495: 367 0
496: 8 0
497: 556 0
498: 2 0
499: 539 0
500: 17 0
