1: 20 0
2: 25 0
3: 29 0
4: 24 0
5: 22 0
6: 22 0
7: 24 0
8: 22 0
9: 20 0
10: 19 0
11: 26 0
12: 25 0
13: 22 0
14: 17 0
15: 19 0
16: 18 0
17: 24 0
18: 19 0
19: 21 0
20: 17 0
21: 24 0
22: 20 0
23: 22 0
24: 24 0
25: 25 0
26: 22 0
27: 24 0
28: 23 0
29: 19 0
30: 22 0
31: 21 0
32: 22 0
33: 20 0
34: 25 0
35: 24 0
36: 28 0
37: 24 0
38: 19 0
39: 25 0
40: 24 0
41: 18 0
42: 23 0
43: 21 0
44: 20 0
45: 20 0
46: 20 0
47: 22 0
48: 20 0
49: 23 0
50: 23 0
51: 22 0
52: 25 0
53: 24 0
54: 16 0
55: 24 0
56: 20 0
57: 22 0
58: 25 0
59: 23 0
60: 20 0
61: 19 0
62: 24 0
63: 25 0
64: 19 0
65: 20 0
66: 26 0
67: 18 0
68: 25 0
69: 22 0
70: 23 0
71: 19 0
72: 26 0
73: 24 0
74: 20 0
75: 24 1
76: 25 1
77: 24 1
78: 18 1
79: 19 1
80: 19 1
81: 21 1
82: 20 1
83: 20 1
84: 21 1
85: 18 1
86: 24 1
87: 21 1
88: 23 1
89: 23 1
90: 24 1
91: 19 1
92: 21 1
93: 20 1
94: 19 1
95: 22 1
96: 25 1
97: 22 1
98: 17 1
99: 24 1
100: 25 1
101: 19 1
102: 23 1
103: 19 1
104: 21 1
105: 25 1
106: 26 1
107: 17 1
108: 25 1
109: 23 1
110: 18 1
111: 24 1
112: 21 1
113: 23 1
114: 21 1
115: 19 1
116: 21 1
117: 19 1
118: 19 1
119: 19 1
120: 19 1
121: 22 1
122: 22 1
123: 19 1
124: 26 1
125: 19 1
126: 23 1
127: 19 1
128: 25 1
129: 21 1
130: 19 1
131: 22 1
132: 19 1
133: 21 1
134: 23 1
135: 24 1
136: 20 1
137: 19 1
138: 24 1
139: 22 1
140: 21 1
141: 28 1
142: 27 1
143: 20 1
144: 20 1
145: 20 1
146: 17 1
147: 18 1
148: 21 1
149: 22 1
150: 25 1
151: 21 1
152: 23 1
153: 24 1
154: 25 1
155: 23 1
156: 24 1
157: 23 1
158: 25 1
159: 23 1
160: 25 1
161: 21 1
162: 23 1
163: 23 1
164: 19 1
165: 18 1
166: 24 1
167: 24 1
168: 20 1
169: 24 1
170: 23 1
171: 18 1
172: 18 1
173: 24 1
174: 21 1
175: 24 1
176: 25 1
177: 20 1
178: 25 1
179: 21 1
180: 24 1
181: 22 1
182: 24 1
183: 24 1
184: 25 1
185: 25 1
186: 25 1
187: 22 1
188: 24 1
189: 23 1
190: 19 1
191: 19 1
192: 25 1
193: 19 1
194: 24 1
195: 21 1
196: 21 1
197: 22 1
198: 20 1
199: 21 1
200: 23 1
201: 21 1
202: 21 1
203: 21 1
204: 23 1
205: 20 1
206: 20 1
207: 21 1
208: 19 1
209: 19 1
210: 21 1
211: 23 1
212: 23 1
213: 23 1
214: 21 1
215: 19 1
216: 25 1
217: 24 1
218: 21 1
219: 21 1
220: 21 1
221: 23 1
222: 25 1
223: 23 1
224: 19 1
225: 20 1
226: 24 1
227: 24 1
228: 23 1
229: 19 1
230: 19 1
231: 23 1
232: 22 1
233: 21 1
234: 23 1
235: 25 1
236: 25 1
237: 25 1
238: 20 1
239: 25 1
240: 23 1
241: 22 1
242: 21 1
243: 24 1
244: 23 1
245: 25 1
246: 24 1
247: 20 1
248: 25 1
249: 24 1
250: 21 1
251: 25 1
252: 23 1
253: 21 1
254: 23 1
255: 20 1
256: 26 1
257: 21 1
258: 23 1
259: 27 1
260: 20 1
261: 21 1
262: 25 1
263: 21 1
264: 26 1
265: 23 1
266: 19 1
267: 24 1
268: 21 1
269: 19 1
270: 23 1
271: 25 1
272: 19 1
273: 23 1
274: 24 1
275: 20 1
276: 22 1
277: 21 1
278: 23 1
279: 21 1
280: 23 1
281: 23 1
282: 20 1
283: 19 1
284: 20 1
285: 18 1
286: 25 1
287: 19 1
288: 25 1
289: 19 1
290: 19 1
291: 20 1
292: 19 1
293: 24 1
294: 23 1
295: 20 1
296: 19 1
297: 24 1
298: 19 1
299: 23 1
300: 24 1
301: 24 1
302: 23 1
303: 20 1
304: 29 0
305: 23 0
306: 23 0
307: 23 0
308: 20 0
309: 22 0
310: 23 0
311: 24 0
312: 19 0
313: 17 0
314: 18 0
315: 24 0
316: 24 0
317: 21 0
318: 23 0
319: 17 0
320: 21 0
321: 18 0
322: 23 0
323: 18 0
324: 22 0
325: 20 0
326: 22 0
327: 21 0
328: 21 0
329: 20 0
330: 24 0
331: 24 0
332: 20 0
333: 25 0
334: 23 0
335: 21 0
336: 24 0
337: 23 0
338: 17 0
339: 19 0
340: 18 0
341: 20 0
342: 24 0
343: 22 0
344: 22 0
345: 25 0
346: 18 0
347: 17 0
348: 20 0
349: 23 0
350: 23 0
351: 23 0
352: 19 0
353: 20 0
354: 20 0
355: 24 0
356: 21 0
357: 23 0
358: 21 0
359: 25 0
360: 21 0
361: 19 0
362: 21 0
363: 25 0
364: 21 0
365: 23 0
366: 25 0
367: 21 0
368: 25 0
369: 25 0
370: 21 0
371: 23 0
372: 24 0
373: 24 0
374: 24 0
375: 17 0
376: 23 0
377: 26 0
378: 19 0
379: 21 0
380: 19 0
381: 19 0
382: 19 0
383: 23 0
384: 23 0
385: 18 0
386: 18 0
387: 21 0
388: 18 0
389: 23 0
390: 22 0
391: 22 0
392: 23 0
393: 22 0
394: 20 0
395: 25 0
396: 19 0
397: 23 0
398: 18 0
399: 23 0
400: 19 0
401: 19 0
402: 21 0
403: 20 0
404: 22 0
405: 22 0
406: 19 0
407: 22 0
408: 18 0
409: 19 0
410: 23 0
411: 21 0
412: 23 0
413: 19 0
414: 19 0
415: 24 0
416: 20 0
417: 19 0
418: 23 0
419: 18 0
420: 24 0
421: 19 0
422: 25 0
423: 22 0
424: 21 0
425: 24 0
426: 23 0
427: 19 0
428: 21 0
429: 21 0
430: 23 0
431: 18 0
432: 23 0
433: 23 0
434: 23 0
435: 23 0
436: 24 0
437: 24 0
438: 24 0
439: 20 0
440: 24 0
441: 20 0
442: 19 0
443: 21 0
444: 24 0
445: 19 0
446: 21 0
447: 25 0
448: 24 0
449: 23 0
450: 20 0
451: 25 0
452: 24 0
453: 20 0
454: 25 0
455: 23 0
456: 23 0
457: 20 0
458: 23 0
459: 23 0
460: 22 0
461: 19 0
462: 24 0
463: 20 0
464: 27 0
465: 24 0
466: 19 0
467: 21 0
468: 19 0
469: 20 0
470: 23 0
471: 25 0
472: 21 0
473: 25 0
474: 24 0
475: 21 0
476: 26 0
477: 20 0
478: 19 0
479: 22 0
480: 23 0
481: 23 0
482: 22 0
483: 19 0
484: 21 0
485: 23 0
486: 23 0
487: 25 0
488: 21 0
489: 24 0
490: 20 0
491: 23 0
492: 23 0
493: 21 0
494: 21 0
495: 22 0
496: 19 0
497: 19 0
498: 25 0
499: 20 0
500: 25 0
