1: 3 1
2: 398 1
3: 40 1
4: 257 1
5: 64 1
6: 316 1
7: 64 1
8: 2 1
9: 258 1
10: 131 1
11: 460 1
12: 0 1
13: 324 1
14: 255 1
15: 2 1
16: 2 1
17: 252 1
18: 3 1
19: 386 1
20: 101 1
21: 157 1
22: 0 1
23: 13 1
24: 358 1
25: 318 1
26: 4 1
27: 0 1
28: 1 1
29: 15 1
30: 6 1
31: 336 1
32: 196 1
33: 247 1
34: 57 1
35: 31 1
36: 289 1
37: 4 1
38: 140 1
39: 172 1
40: 325 1
41: 2 1
42: 182 1
43: 7 1
44: 54 1
45: 45 1
46: 342 1
47: 3 1
48: 13 1
49: 3 1
50: 40 1
51: 17 1
52: 10 1
53: 319 1
54: 73 1
55: 77 1
56: 286 1
57: 78 1
58: 103 1
59: 6 1
60: 9 1
61: 21 1
62: 113 1
63: 137 1
64: 1 1
65: 222 1
66: 42 1
67: 162 1
68: 119 1
69: 147 1
70: 223 1
71: 524 1
72: 201 1
73: 12 1
74: 3 1
75: 98 1
76: 217 1
77: 2 1
78: 323 1
79: 127 1
80: 8 1
81: 48 1
82: 39 1
83: 35 1
84: 3 1
85: 96 1
86: 92 1
87: 0 1
88: 13 1
89: 185 1
90: 2 1
91: 336 1
92: 0 1
93: 151 1
94: 62 1
95: 432 1
96: 406 1
97: 2 1
98: 3 1
99: 83 1
100: 404 1
101: 47 1
102: 360 1
103: 1 1
104: 0 1
105: 324 1
106: 473 1
107: 358 1
108: 0 1
109: 3 1
110: 241 1
111: 137 1
112: 13 0
113: 80 0
114: 211 0
115: 225 0
116: 6 0
117: 1 0
118: 2 0
119: 260 0
120: 355 0
121: 392 0
122: 397 0
123: 39 0
124: 3 0
125: 3 0
126: 4 0
127: 73 0
128: 377 0
129: 20 0
130: 271 0
131: 31 0
132: 8 0
133: 5 0
134: 335 0
135: 549 0
136: 302 0
137: 368 0
138: 3 0
139: 132 0
140: 3 0
141: 12 0
142: 3 0
143: 340 0
144: 219 0
145: 122 0
146: 199 0
147: 79 0
148: 5 0
149: 13 0
150: 131 0
151: 37 0
152: 1 0
153: 71 0
154: 103 0
155: 2 0
156: 1 0
157: 197 0
158: 2 0
159: 302 0
160: 9 0
161: 170 0
162: 274 0
163: 20 0
164: 2 0
165: 152 0
166: 3 0
167: 245 0
168: 385 0
169: 181 0
170: 13 0
171: 341 0
172: 19 0
173: 22 0
174: 13 0
175: 364 0
176: 2 0
177: 7 0
178: 37 0
179: 4 0
180: 316 0
181: 6 0
182: 7 0
183: 136 0
184: 122 0
185: 206 0
186: 64 0
187: 276 0
188: 40 0
189: 128 0
190: 3 0
191: 235 0
192: 3 0
193: 47 0
194: 67 0
195: 375 0
196: 38 0
197: 183 0
198: 454 0
199: 178 0
200: 35 0
201: 361 0
202: 0 0
203: 347 0
204: 8 0
205: 1 0
206: 3 0
207: 539 0
208: 2 0
209: 2 0
210: 1 0
211: 2 0
212: 274 0
213: 2 0
214: 1 0
215: 215 0
216: 197 0
217: 0 0
218: 0 0
219: 8 0
220: 0 0
221: 250 0
222: 25 0
223: 315 0
224: 29 0
225: 18 0
226: 10 0
227: 47 0
228: 3 0
229: 4 0
230: 57 0
231: 255 0
232: 372 0
233: 5 0
234: 64 0
235: 25 0
236: 1 0
237: 56 0
238: 1 0
239: 239 0
240: 13 0
241: 315 0
242: 3 0
243: 46 0
244: 7 0
245: 7 0
246: 3 0
247: 190 0
248: 355 0
249: 3 0
250: 435 0
251: 174 0
252: 291 0
253: 1 0
254: 7 0
255: 0 0
256: 17 0
257: 87 0
258: 3 0
259: 25 0
260: 24 0
261: 6 0
262: 40 0
263: 33 0
264: 158 0
265: 418 0
266: 2 0
267: 82 0
268: 0 0
269: 69 0
270: 20 0
271: 4 0
272: 257 0
273: 377 0
274: 0 0
275: 9 0
276: 28 0
277: 11 0
278: 243 0
279: 299 0
280: 13 0
281: 158 0
282: 483 0
283: 259 0
284: 3 0
285: 1 0
286: 1 0
287: 295 0
288: 96 0
289: 429 0
290: 277 0
291: 352 0
292: 175 0
293: 2 0
294: 2 0
295: 415 0
296: 1 0
297: 318 0
298: 150 0
299: 387 0
300: 53 0
301: 1 0
302: 351 0
303: 107 0
304: 426 0
305: 112 0
306: 369 0
307: 139 0
308: 55 0
309: 60 0
310: 3 0
311: 234 0
312: 179 0
313: 217 1
314: 3 1
315: 295 1
316: 378 1
317: 167 1
318: 1 1
319: 227 1
320: 22 1
321: 465 1
322: 3 1
323: 58 1
324: 285 1
325: 235 1
326: 4 1
327: 159 1
328: 441 1
329: 1 1
330: 2 1
331: 3 1
332: 464 1
333: 41 1
334: 308 1
335: 120 1
336: 353 1
337: 333 1
338: 525 1
339: 10 1
340: 239 1
341: 396 1
342: 69 1
343: 13 1
344: 493 1
345: 153 1
346: 173 1
347: 100 1
348: 514 1
349: 10 1
350: 2 1
351: 4 1
352: 20 1
353: 246 1
354: 2 1
355: 229 1
356: 11 1
357: 27 1
358: 355 1
359: 1 1
360: 144 1
361: 227 1
362: 102 1
363: 377 1
364: 324 1
365: 12 1
366: 192 1
367: 100 1
368: 389 1
369: 243 1
370: 2 1
371: 2 1
372: 357 1
373: 43 1
374: 3 1
375: 352 1
376: 2 1
377: 2 1
378: 67 1
379: 33 1
380: 34 1
381: 203 1
382: 7 1
383: 3 1
384: 392 1
385: 193 1
386: 3 1
387: 220 1
388: 436 1
389: 3 1
390: 52 1
391: 7 1
392: 10 1
393: 286 1
394: 80 1
395: 61 1
396: 306 1
397: 3 1
398: 34 1
399: 3 1
400: 5 1
401: 3 1
402: 5 1
403: 1 1
404: 11 1
405: 122 1
406: 177 1
407: 460 1
408: 1 1
409: 3 1
410: 7 1
411: 2 1
412: 3 1
413: 447 1
414: 3 1
415: 0 1
416: 20 1
417: 10 1
418: 8 1
419: 11 1
420: 1 1
421: 65 1
422: 63 1
423: 1 1
424: 3 1
425: 320 1
426: 16 1
427: 416 1
428: 17 1
429: 17 1
430: 3 1
431: 2 1
432: 110 1
433: 47 1
434: 7 1
435: 24 1
436: 452 1
437: 410 1
438: 1 1
439: 171 1
440: 1 1
441: 183 1
442: 0 1
443: 143 1
444: 1 1
445: 176 1
446: 189 1
447: 268 1
448: 336 1
449: 2 1
450: 311 1
451: 5 1
452: 502 1
453: 1 1
454: 1 1
455: 2 1
456: 1 1
457: 0 1
458: 3 1
459: 33 1
460: 4 1
461: 1 1
462: 10 1
463: 3 1
464: 171 1
465: 151 1
466: 2 1
467: 40 1
468: 1 1
469: 1 1
470: 2 1
471: 3 1
472: 4 1
473: 2 1
474: 212 1
475: 212 1
476: 259 1
477: 1 1
478: 1 1
479: 3 1
480: 326 1
481: 366 1
482: 3 1
483: 18 1
484: 18 1
485: 1 1
486: 4 1
487: 264 1
488: 0 1
489: 9 1
490: 2 1
491: 0 1
492: 304 1
493: 2 1
494: 2 1
495: 492 1
496: 183 1
497: 34 1
498: 458 1
499: 135 1
500: 63 1
