1: 42 1
2: 36 1
3: 40 1
4: 36 1
5: 45 1
6: 35 1
7: 44 1
8: 45 1
9: 42 1
10: 47 1
11: 40 1
12: 42 1
13: 45 1
14: 35 1
15: 39 1
16: 46 1
17: 34 1
18: 40 1
19: 33 1
20: 35 1
21: 40 1
22: 45 1
23: 37 1
24: 47 1
25: 40 1
26: 44 1
27: 33 1
28: 40 1
29: 34 1
30: 34 1
31: 43 1
32: 33 1
33: 39 1
34: 45 1
35: 47 1
36: 36 1
37: 48 1
38: 37 1
39: 48 1
40: 40 1
41: 41 1
42: 45 1
43: 46 1
44: 41 1
45: 44 1
46: 42 1
47: 43 1
48: 42 1
49: 31 1
50: 46 1
51: 40 1
52: 39 1
53: 47 1
54: 44 1
55: 39 1
56: 34 1
57: 39 1
58: 37 1
59: 40 1
60: 47 1
61: 46 1
62: 36 1
63: 46 1
64: 44 1
65: 40 1
66: 47 1
67: 31 1
68: 33 1
69: 36 1
70: 38 1
71: 40 1
72: 43 1
73: 45 1
74: 32 1
75: 40 1
76: 41 1
77: 47 1
78: 37 1
79: 32 1
80: 33 1
81: 38 1
82: 38 1
83: 32 1
84: 48 1
85: 42 1
86: 34 1
87: 42 1
88: 39 1
89: 38 1
90: 35 1
91: 46 1
92: 43 1
93: 46 1
94: 32 1
95: 47 1
96: 36 1
97: 44 1
98: 32 1
99: 45 1
100: 43 1
101: 44 1
102: 39 1
103: 35 1
104: 37 1
105: 34 1
106: 31 1
107: 39 1
108: 41 1
109: 43 1
110: 33 1
111: 41 1
112: 36 1
113: 37 1
114: 39 1
115: 47 1
116: 48 1
117: 35 1
118: 34 1
119: 37 1
120: 38 1
121: 32 1
122: 35 1
123: 40 1
124: 34 1
125: 41 1
126: 44 1
127: 47 1
128: 45 1
129: 37 1
130: 41 1
131: 46 1
132: 41 1
133: 47 1
134: 42 1
135: 36 1
136: 35 1
137: 33 1
138: 41 1
139: 36 1
140: 35 1
141: 44 1
142: 41 1
143: 45 1
144: 47 1
145: 34 1
146: 34 1
147: 41 1
148: 35 1
149: 35 1
150: 40 1
151: 32 1
152: 37 1
153: 49 1
154: 37 1
155: 45 1
156: 49 1
157: 43 1
158: 48 1
159: 33 1
160: 45 1
161: 40 1
162: 43 1
163: 45 1
164: 33 1
165: 46 1
166: 46 1
167: 37 1
168: 45 1
169: 41 1
170: 41 1
171: 36 1
172: 47 1
173: 45 1
174: 39 1
175: 40 1
176: 33 1
177: 41 1
178: 32 1
179: 38 1
180: 43 1
181: 46 1
182: 35 1
183: 48 1
184: 43 1
185: 43 1
186: 34 1
187: 39 1
188: 34 1
189: 35 1
190: 39 1
191: 41 1
192: 40 1
193: 33 1
194: 35 1
195: 36 1
196: 38 1
197: 35 1
198: 38 1
199: 47 1
200: 39 1
201: 38 1
202: 33 1
203: 49 1
204: 42 1
205: 41 1
206: 48 1
207: 33 1
208: 41 1
209: 46 1
210: 43 1
211: 41 1
212: 43 1
213: 45 1
214: 41 1
215: 39 1
216: 41 1
217: 46 1
218: 37 1
219: 41 1
220: 35 1
221: 39 1
222: 42 1
223: 45 1
224: 43 0
225: 43 0
226: 41 0
227: 40 0
228: 32 0
229: 35 0
230: 45 0
231: 47 0
232: 38 0
233: 46 0
234: 40 0
235: 38 0
236: 44 0
237: 45 0
238: 44 0
239: 39 0
240: 40 0
241: 36 0
242: 41 0
243: 43 0
244: 39 0
245: 40 0
246: 41 0
247: 48 0
248: 47 0
249: 42 0
250: 34 0
251: 45 0
252: 33 0
253: 44 0
254: 42 0
255: 45 0
256: 47 0
257: 41 0
258: 45 0
259: 40 0
260: 41 0
261: 41 0
262: 41 0
263: 34 0
264: 35 0
265: 41 0
266: 35 0
267: 41 0
268: 37 0
269: 34 0
270: 45 0
271: 37 0
272: 41 0
273: 35 0
274: 37 0
275: 45 0
276: 45 0
277: 33 0
278: 40 0
279: 47 0
280: 48 0
281: 42 0
282: 41 0
283: 43 0
284: 43 0
285: 39 0
286: 39 0
287: 40 0
288: 43 0
289: 47 0
290: 40 0
291: 36 0
292: 39 0
293: 32 0
294: 47 0
295: 37 0
296: 44 0
297: 43 0
298: 39 0
299: 38 0
300: 47 0
301: 33 0
302: 45 0
303: 42 0
304: 42 0
305: 43 0
306: 49 0
307: 35 0
308: 41 0
309: 33 0
310: 43 0
311: 39 0
312: 35 0
313: 35 0
314: 34 0
315: 34 0
316: 47 0
317: 32 0
318: 45 0
319: 41 0
320: 43 0
321: 45 0
322: 39 0
323: 40 0
324: 45 0
325: 31 0
326: 43 0
327: 37 0
328: 39 0
329: 35 0
330: 43 0
331: 46 0
332: 41 0
333: 39 0
334: 35 0
335: 40 0
336: 47 0
337: 46 0
338: 37 0
339: 35 0
340: 39 0
341: 45 0
342: 44 0
343: 33 0
344: 43 0
345: 33 0
346: 44 0
347: 37 0
348: 38 0
349: 41 0
350: 37 0
351: 42 0
352: 35 0
353: 47 0
354: 46 0
355: 35 0
356: 45 0
357: 45 0
358: 33 0
359: 37 0
360: 41 0
361: 45 0
362: 33 0
363: 45 0
364: 36 0
365: 43 0
366: 37 0
367: 43 0
368: 36 0
369: 34 0
370: 38 0
371: 34 0
372: 44 0
373: 44 0
374: 44 0
375: 47 0
376: 33 0
377: 47 0
378: 41 0
379: 34 0
380: 35 0
381: 38 0
382: 44 0
383: 47 0
384: 46 0
385: 35 0
386: 35 0
387: 47 0
388: 37 0
389: 45 0
390: 33 0
391: 38 0
392: 46 0
393: 35 0
394: 47 0
395: 39 0
396: 43 0
397: 41 0
398: 38 0
399: 42 0
400: 42 0
401: 47 0
402: 43 0
403: 41 0
404: 35 0
405: 41 0
406: 33 0
407: 44 0
408: 33 0
409: 37 0
410: 46 0
411: 37 0
412: 39 0
413: 34 0
414: 33 0
415: 45 0
416: 39 0
417: 43 0
418: 44 0
419: 41 0
420: 34 0
421: 31 0
422: 35 0
423: 40 0
424: 35 0
425: 36 1
426: 36 1
427: 33 1
428: 41 1
429: 47 1
430: 43 1
431: 44 1
432: 44 1
433: 41 1
434: 47 1
435: 43 1
436: 40 1
437: 40 1
438: 32 1
439: 34 1
440: 36 1
441: 35 1
442: 46 1
443: 44 1
444: 33 1
445: 37 1
446: 32 1
447: 48 1
448: 39 1
449: 37 1
450: 36 1
451: 41 1
452: 47 1
453: 33 1
454: 39 1
455: 40 1
456: 31 1
457: 37 1
458: 33 1
459: 36 1
460: 46 1
461: 48 1
462: 42 1
463: 31 1
464: 47 1
465: 33 1
466: 43 1
467: 42 1
468: 31 1
469: 36 1
470: 35 1
471: 33 1
472: 42 1
473: 40 1
474: 35 1
475: 37 1
476: 36 1
477: 39 1
478: 45 1
479: 40 1
480: 41 1
481: 39 1
482: 40 1
483: 34 1
484: 41 1
485: 41 1
486: 32 1
487: 39 1
488: 38 1
489: 36 1
490: 39 1
491: 47 1
492: 45 1
493: 32 1
494: 34 1
495: 39 1
496: 46 1
497: 39 1
498: 47 1
499: 38 1
500: 40 1
