1: 18 0
2: 14 0
3: 18 0
4: 16 0
5: 311 0
6: 5 0
7: 21 0
8: 22 0
9: 18 0
10: 18 0
11: 22 0
12: 21 0
13: 19 0
14: 18 0
15: 10 0
16: 12 0
17: 591 0
18: 395 0
19: 17 0
20: 311 0
21: 548 0
22: 12 0
23: 21 0
24: 26 0
25: 440 0
26: 92 0
27: 532 0
28: 576 0
29: 20 0
30: 7 0
31: 195 0
32: 605 0
33: 11 0
34: 14 0
35: 47 0
36: 22 0
37: 104 0
38: 13 0
39: 261 0
40: 143 0
41: 529 0
42: 8 0
43: 388 0
44: 14 0
45: 81 0
46: 265 0
47: 10 0
48: 15 0
49: 16 0
50: 16 0
51: 15 0
52: 592 0
53: 593 0
54: 22 0
55: 611 0
56: 10 0
57: 25 0
58: 23 0
59: 587 0
60: 13 0
61: 27 0
62: 98 0
63: 19 0
64: 25 0
65: 271 0
66: 252 0
67: 15 0
68: 7 0
69: 19 0
70: 248 0
71: 153 0
72: 561 0
73: 546 0
74: 527 0
75: 24 0
76: 20 0
77: 2 0
78: 3 0
79: 21 0
80: 50 0
81: 98 0
82: 418 0
83: 22 0
84: 508 0
85: 16 0
86: 4 0
87: 558 0
88: 3 0
89: 563 0
90: 19 0
91: 614 0
92: 484 0
93: 532 0
94: 406 0
95: 403 0
96: 292 0
97: 3 0
98: 390 0
99: 4 0
100: 381 0
101: 379 0
102: 21 0
103: 569 0
104: 574 0
105: 23 0
106: 598 0
107: 27 0
108: 288 0
109: 403 0
110: 24 0
111: 29 0
112: 27 0
113: 31 0
114: 23 0
115: 23 0
116: 537 0
117: 618 0
118: 243 0
119: 349 0
120: 592 0
121: 20 0
122: 22 0
123: 19 0
124: 555 0
125: 21 0
126: 17 0
127: 409 0
128: 169 0
129: 15 0
130: 24 0
131: 517 1
132: 16 1
133: 25 1
134: 13 1
135: 597 1
136: 19 1
137: 624 1
138: 15 1
139: 18 1
140: 37 1
141: 107 1
142: 18 1
143: 21 1
144: 5 1
145: 143 1
146: 24 1
147: 15 1
148: 13 1
149: 23 1
150: 410 1
151: 572 1
152: 457 1
153: 174 1
154: 3 1
155: 596 1
156: 150 1
157: 5 1
158: 617 1
159: 28 1
160: 21 1
161: 8 1
162: 69 1
163: 361 1
164: 19 1
165: 15 1
166: 21 1
167: 35 1
168: 18 1
169: 500 1
170: 2 1
171: 3 1
172: 179 1
173: 37 1
174: 325 1
175: 3 1
176: 452 1
177: 351 1
178: 540 1
179: 333 1
180: 435 1
181: 520 1
182: 503 1
183: 14 1
184: 20 1
185: 547 1
186: 121 1
187: 3 1
188: 255 1
189: 293 1
190: 560 1
191: 612 1
192: 278 1
193: 569 1
194: 20 1
195: 19 1
196: 582 1
197: 591 1
198: 3 1
199: 460 1
200: 317 1
201: 3 1
202: 3 1
203: 166 1
204: 3 1
205: 535 1
206: 462 1
207: 618 1
208: 611 1
209: 20 1
210: 560 1
211: 597 1
212: 471 1
213: 281 1
214: 508 1
215: 188 1
216: 582 1
217: 43 1
218: 564 1
219: 616 1
220: 12 1
221: 461 1
222: 502 1
223: 629 1
224: 13 1
225: 628 1
226: 638 1
227: 379 1
228: 404 1
229: 397 1
230: 37 1
231: 556 1
232: 12 1
233: 429 1
234: 2 1
235: 245 1
236: 423 1
237: 393 1
238: 21 1
239: 613 1
240: 234 1
241: 331 1
242: 81 1
243: 556 1
244: 249 1
245: 541 1
246: 484 1
247: 197 1
248: 505 1
249: 286 1
250: 25 1
251: 617 1
252: 490 1
253: 566 1
254: 469 1
255: 8 1
256: 53 1
257: 312 1
258: 617 1
259: 5 1
260: 255 1
261: 606 1
262: 580 1
263: 556 1
264: 600 1
265: 193 1
266: 608 1
267: 589 1
268: 95 1
269: 57 1
270: 215 1
271: 366 1
272: 2 1
273: 444 1
274: 561 1
275: 427 1
276: 559 1
277: 422 1
278: 451 1
279: 559 1
280: 555 1
281: 503 1
282: 588 1
283: 151 1
284: 97 1
285: 427 1
286: 402 1
287: 247 1
288: 125 1
289: 314 1
290: 505 1
291: 434 1
292: 5 1
293: 6 1
294: 11 1
295: 31 1
296: 397 1
297: 579 1
298: 628 1
299: 3 1
300: 19 1
301: 569 1
302: 10 1
303: 5 1
304: 397 1
305: 539 1
306: 620 1
307: 395 1
308: 598 1
309: 576 1
310: 35 1
311: 9 1
312: 27 1
313: 21 1
314: 74 1
315: 591 1
316: 67 1
317: 576 1
318: 3 1
319: 17 1
320: 3 1
321: 279 1
322: 3 1
323: 21 1
324: 56 1
325: 13 1
326: 621 1
327: 2 1
328: 17 1
329: 583 1
330: 217 1
331: 405 1
332: 41 1
333: 97 1
334: 350 1
335: 144 1
336: 626 1
337: 542 1
338: 20 1
339: 22 1
340: 95 1
341: 355 1
342: 480 1
343: 25 1
344: 296 1
345: 15 1
346: 599 1
347: 18 1
348: 413 1
349: 563 1
350: 252 1
351: 20 1
352: 51 1
353: 2 1
354: 402 1
355: 518 1
356: 606 1
357: 438 0
358: 93 0
359: 433 0
360: 11 0
361: 402 0
362: 2 0
363: 618 0
364: 21 0
365: 510 0
366: 15 0
367: 283 0
368: 17 0
369: 26 0
370: 35 0
371: 2 0
372: 180 0
373: 12 0
374: 3 0
375: 464 0
376: 596 0
377: 14 0
378: 378 0
379: 579 0
380: 441 0
381: 116 0
382: 462 0
383: 612 0
384: 487 0
385: 167 0
386: 425 0
387: 532 0
388: 10 0
389: 61 0
390: 10 0
391: 370 0
392: 298 0
393: 632 0
394: 349 0
395: 608 0
396: 244 0
397: 579 0
398: 353 0
399: 18 0
400: 601 0
401: 17 0
402: 529 0
403: 484 0
404: 269 0
405: 171 0
406: 346 0
407: 524 0
408: 17 0
409: 309 0
410: 2 0
411: 5 0
412: 481 0
413: 394 0
414: 387 0
415: 4 0
416: 2 0
417: 98 0
418: 19 0
419: 129 0
420: 513 0
421: 450 0
422: 447 0
423: 627 0
424: 25 0
425: 435 0
426: 259 0
427: 3 0
428: 54 0
429: 606 0
430: 197 0
431: 11 0
432: 410 0
433: 522 0
434: 70 0
435: 86 0
436: 119 0
437: 359 0
438: 51 0
439: 591 0
440: 520 0
441: 417 0
442: 561 0
443: 586 0
444: 101 0
445: 3 0
446: 3 0
447: 391 0
448: 610 0
449: 549 0
450: 2 0
451: 5 0
452: 168 0
453: 319 0
454: 414 0
455: 437 0
456: 371 0
457: 18 0
458: 13 0
459: 626 0
460: 17 0
461: 592 0
462: 12 0
463: 443 0
464: 324 0
465: 2 0
466: 2 0
467: 4 0
468: 178 0
469: 10 0
470: 576 0
471: 386 0
472: 360 0
473: 13 0
474: 431 0
475: 610 0
476: 235 0
477: 600 0
478: 56 0
479: 282 0
480: 2 0
481: 413 0
482: 443 0
483: 488 0
484: 21 0
485: 623 0
486: 19 0
487: 123 0
488: 597 0
489: 104 0
490: 429 0
491: 3 0
492: 3 0
493: 608 0
494: 51 0
495: 598 0
496: 3 0
497: 17 0
498: 145 0
499: 18 0
500: 27 0
