1: 20 1
2: 20 1
3: 17 1
4: 29 1
5: 16 1
6: 1 1
7: 0 1
8: 9 1
9: 260 1
10: 20 1
11: 12 1
12: 0 1
13: 7 1
14: 10 1
15: 6 1
16: 18 1
17: 20 1
18: 17 1
19: 13 1
20: 14 1
21: 9 1
22: 17 1
23: 1 1
24: 7 1
25: 18 1
26: 8 1
27: 10 1
28: 13 1
29: 17 1
30: 8 1
31: 83 1
32: 17 1
33: 19 1
34: 14 1
35: 21 1
36: 13 1
37: 8 1
38: 15 1
39: 12 1
40: 10 1
41: 13 1
42: 18 1
43: 16 1
44: 11 1
45: 157 1
46: 14 1
47: 1 1
48: 13 1
49: 12 1
50: 9 1
51: 18 1
52: 1 1
53: 6 1
54: 11 1
55: 11 1
56: 10 1
57: 8 1
58: 12 1
59: 10 1
60: 13 1
61: 20 1
62: 9 1
63: 12 1
64: 20 1
65: 9 1
66: 14 1
67: 11 1
68: 13 1
69: 1 1
70: 4 1
71: 17 1
72: 15 1
73: 12 1
74: 23 1
75: 14 1
76: 19 1
77: 14 1
78: 7 1
79: 12 1
80: 59 1
81: 25 1
82: 8 1
83: 6 1
84: 16 1
85: 13 1
86: 3 1
87: 17 1
88: 9 1
89: 11 1
90: 11 1
91: 43 1
92: 9 1
93: 0 1
94: 15 1
95: 14 1
96: 0 1
97: 24 1
98: 13 1
99: 1 1
100: 12 1
101: 3 1
102: 2 1
103: 1 1
104: 0 1
105: 9 1
106: 17 1
107: 13 1
108: 13 1
109: 0 1
110: 12 1
111: 8 1
112: 11 1
113: 8 1
114: 20 1
115: 9 1
116: 5 1
117: 13 1
118: 11 1
119: 12 1
120: 19 1
121: 1 1
122: 12 1
123: 13 1
124: 11 1
125: 10 1
126: 9 1
127: 19 1
128: 9 1
129: 19 1
130: 1 1
131: 15 1
132: 9 1
133: 16 1
134: 8 1
135: 16 1
136: 11 1
137: 8 1
138: 10 1
139: 16 1
140: 17 1
141: 0 1
142: 14 1
143: 9 1
144: 9 1
145: 13 1
146: 12 1
147: 60 1
148: 10 1
149: 2 1
150: 16 1
151: 1 1
152: 9 0
153: 2 0
154: 17 0
155: 8 0
156: 3 0
157: 8 0
158: 8 0
159: 9 0
160: 11 0
161: 17 0
162: 8 0
163: 14 0
164: 16 0
165: 10 0
166: 15 0
167: 29 0
168: 15 0
169: 13 0
170: 17 0
171: 9 0
172: 97 0
173: 511 0
174: 85 0
175: 186 0
176: 21 0
177: 7 0
178: 8 0
179: 7 0
180: 17 0
181: 18 0
182: 2 0
183: 6 0
184: 14 0
185: 2 0
186: 3 0
187: 12 0
188: 11 0
189: 11 0
190: 17 0
191: 5 0
192: 2 0
193: 1 0
194: 10 0
195: 9 0
196: 9 0
197: 3 0
198: 1 0
199: 12 0
200: 11 0
201: 9 0
202: 19 0
203: 9 0
204: 18 0
205: 1 0
206: 9 0
207: 8 0
208: 11 0
209: 1 0
210: 1 0
211: 1 0
212: 0 0
213: 1 0
214: 17 0
215: 1 0
216: 1 0
217: 1 0
218: 13 0
219: 1 0
220: 5 0
221: 10 0
222: 1 0
223: 3 0
224: 0 0
225: 11 0
226: 7 0
227: 1 0
228: 16 0
229: 20 0
230: 4 0
231: 13 0
232: 145 0
233: 9 0
234: 5 0
235: 1 0
236: 13 0
237: 1 0
238: 15 0
239: 12 0
240: 9 0
241: 239 0
242: 12 0
243: 8 0
244: 12 0
245: 0 0
246: 20 0
247: 2 0
248: 1 0
249: 15 0
250: 13 0
251: 1 0
252: 7 0
253: 15 0
254: 2 0
255: 3 0
256: 15 0
257: 9 0
258: 54 0
259: 2 0
260: 14 0
261: 16 0
262: 1 0
263: 13 0
264: 18 0
265: 12 0
266: 2 0
267: 16 0
268: 3 0
269: 15 0
270: 13 0
271: 1 0
272: 1 0
273: 5 0
274: 0 0
275: 3 0
276: 8 0
277: 14 0
278: 1 0
279: 0 0
280: 243 0
281: 0 0
282: 3 0
283: 370 0
284: 1 0
285: 8 0
286: 3 0
287: 4 0
288: 13 0
289: 9 0
290: 1 0
291: 14 0
292: 23 0
293: 19 0
294: 11 0
295: 1 0
296: 13 0
297: 13 0
298: 9 0
299: 16 0
300: 47 0
301: 19 0
302: 206 0
303: 20 0
304: 12 0
305: 1 0
306: 16 0
307: 3 0
308: 15 0
309: 40 0
310: 18 0
311: 1 0
312: 2 0
313: 13 0
314: 6 0
315: 12 0
316: 11 0
317: 13 0
318: 12 0
319: 13 0
320: 14 0
321: 5 0
322: 0 0
323: 21 0
324: 14 0
325: 13 0
326: 15 0
327: 0 0
328: 13 0
329: 12 0
330: 1 0
331: 15 0
332: 14 0
333: 15 0
334: 16 0
335: 9 0
336: 8 0
337: 1 0
338: 17 0
339: 0 0
340: 7 0
341: 10 0
342: 10 0
343: 13 0
344: 2 0
345: 17 0
346: 1 0
347: 1 0
348: 12 0
349: 13 0
350: 331 0
351: 11 0
352: 13 0
353: 1 0
354: 16 0
355: 1 1
356: 12 1
357: 19 1
358: 13 1
359: 19 1
360: 14 1
361: 17 1
362: 15 1
363: 9 1
364: 6 1
365: 6 1
366: 558 1
367: 0 1
368: 3 1
369: 9 1
370: 6 1
371: 8 1
372: 9 1
373: 1 1
374: 16 1
375: 17 1
376: 244 1
377: 10 1
378: 13 1
379: 1 1
380: 1 1
381: 21 1
382: 1 1
383: 2 1
384: 477 1
385: 0 1
386: 14 1
387: 3 1
388: 0 1
389: 11 1
390: 3 1
391: 11 1
392: 1 1
393: 11 1
394: 2 1
395: 2 1
396: 15 1
397: 447 1
398: 486 1
399: 3 1
400: 11 1
401: 20 1
402: 20 1
403: 8 1
404: 21 1
405: 3 1
406: 9 1
407: 4 1
408: 14 1
409: 5 1
410: 0 1
411: 13 1
412: 8 1
413: 15 1
414: 1 1
415: 0 1
416: 29 1
417: 9 1
418: 13 1
419: 17 1
420: 9 1
421: 15 1
422: 9 1
423: 16 1
424: 19 1
425: 9 1
426: 17 1
427: 11 1
428: 2 1
429: 18 1
430: 1 1
431: 10 1
432: 0 1
433: 19 1
434: 0 1
435: 0 1
436: 7 1
437: 16 1
438: 1 1
439: 0 1
440: 17 1
441: 12 1
442: 16 1
443: 1 1
444: 22 1
445: 5 1
446: 5 1
447: 9 1
448: 5 1
449: 11 1
450: 14 1
451: 2 1
452: 16 1
453: 7 1
454: 13 1
455: 9 1
456: 11 1
457: 5 1
458: 3 1
459: 108 1
460: 3 1
461: 2 1
462: 0 1
463: 282 1
464: 33 1
465: 17 1
466: 2 1
467: 7 1
468: 5 1
469: 8 1
470: 6 1
471: 174 1
472: 1 1
473: 19 1
474: 0 1
475: 15 1
476: 10 1
477: 13 1
478: 11 1
479: 1 1
480: 13 1
481: 16 1
482: 11 1
483: 582 1
484: 19 1
485: 21 1
486: 14 1
487: 19 1
488: 1 1
489: 16 1
490: 16 1
491: 14 1
492: 2 1
493: 20 1
494: 18 1
495: 20 1
496: 0 1
497: 4 1
498: 17 1
499: 6 1
500: 14 1
