1: 472 1
2: 579 1
3: 3 1
4: 3 1
5: 595 1
6: 223 1
7: 3 1
8: 40 1
9: 3 1
10: 61 1
11: 2 1
12: 367 1
13: 2 1
14: 226 1
15: 2 1
16: 2 1
17: 269 1
18: 97 1
19: 488 1
20: 4 1
21: 589 1
22: 32 1
23: 518 1
24: 470 1
25: 75 1
26: 82 1
27: 2 1
28: 31 1
29: 3 1
30: 89 1
31: 491 1
32: 87 1
33: 451 1
34: 2 1
35: 417 1
36: 275 1
37: 453 1
38: 45 1
39: 110 1
40: 2 1
41: 582 1
42: 340 1
43: 2 1
44: 184 1
45: 519 1
46: 14 1
47: 562 1
48: 158 1
49: 3 1
50: 202 1
51: 536 1
52: 206 1
53: 328 1
54: 514 1
55: 573 1
56: 22 1
57: 601 1
58: 549 1
59: 13 1
60: 118 1
61: 2 1
62: 2 1
63: 618 1
64: 188 1
65: 187 1
66: 110 1
67: 617 1
68: 106 1
69: 3 1
70: 451 1
71: 375 1
72: 536 1
73: 12 1
74: 161 1
75: 3 1
76: 172 1
77: 441 1
78: 10 1
79: 34 1
80: 550 1
81: 610 1
82: 3 1
83: 3 1
84: 2 1
85: 14 1
86: 21 1
87: 468 1
88: 90 1
89: 88 1
90: 612 1
91: 26 1
92: 1 1
93: 96 1
94: 2 1
95: 573 1
96: 580 1
97: 408 1
98: 11 1
99: 486 1
100: 351 1
101: 492 1
102: 616 1
103: 3 1
104: 143 1
105: 568 1
106: 3 1
107: 547 1
108: 183 1
109: 572 1
110: 2 1
111: 606 1
112: 2 1
113: 578 1
114: 16 1
115: 372 1
116: 200 1
117: 61 1
118: 98 1
119: 27 1
120: 565 1
121: 3 1
122: 3 1
123: 75 1
124: 144 1
125: 3 1
126: 3 1
127: 439 1
128: 2 1
129: 2 1
130: 3 1
131: 3 1
132: 2 1
133: 213 1
134: 3 1
135: 29 1
136: 3 1
137: 3 1
138: 3 1
139: 195 1
140: 97 1
141: 284 1
142: 505 1
143: 393 1
144: 214 1
145: 13 1
146: 3 1
147: 3 1
148: 5 1
149: 581 1
150: 8 1
151: 3 1
152: 599 1
153: 2 1
154: 3 1
155: 270 1
156: 13 1
157: 97 1
158: 3 1
159: 175 1
160: 3 1
161: 3 1
162: 149 1
163: 24 1
164: 105 1
165: 547 1
166: 3 1
167: 3 1
168: 3 1
169: 26 1
170: 2 1
171: 559 1
172: 22 1
173: 41 1
174: 542 1
175: 164 0
176: 3 0
177: 187 0
178: 56 0
179: 586 0
180: 485 0
181: 158 0
182: 54 0
183: 81 0
184: 49 0
185: 459 0
186: 78 0
187: 6 0
188: 433 0
189: 533 0
190: 376 0
191: 445 0
192: 433 0
193: 227 0
194: 4 0
195: 3 0
196: 10 0
197: 17 0
198: 514 0
199: 285 0
200: 5 0
201: 34 0
202: 598 0
203: 3 0
204: 123 0
205: 601 0
206: 44 0
207: 4 0
208: 12 0
209: 583 0
210: 418 0
211: 356 0
212: 7 0
213: 106 0
214: 2 0
215: 22 0
216: 2 0
217: 5 0
218: 2 0
219: 137 0
220: 137 0
221: 4 0
222: 3 0
223: 467 0
224: 566 0
225: 45 0
226: 67 0
227: 59 0
228: 33 0
229: 2 0
230: 3 0
231: 453 0
232: 512 0
233: 344 0
234: 587 0
235: 3 0
236: 324 0
237: 189 0
238: 476 0
239: 358 0
240: 1 0
241: 551 0
242: 179 0
243: 69 0
244: 336 0
245: 599 0
246: 322 0
247: 425 0
248: 496 0
249: 463 0
250: 3 0
251: 623 0
252: 3 0
253: 3 0
254: 2 0
255: 23 0
256: 107 0
257: 2 0
258: 133 0
259: 3 0
260: 5 0
261: 3 0
262: 3 0
263: 81 0
264: 12 0
265: 2 0
266: 3 0
267: 3 0
268: 16 0
269: 6 0
270: 274 0
271: 276 0
272: 3 0
273: 3 0
274: 339 0
275: 3 0
276: 147 0
277: 452 0
278: 2 0
279: 19 0
280: 23 0
281: 106 0
282: 489 0
283: 300 0
284: 468 0
285: 3 0
286: 491 0
287: 2 0
288: 104 0
289: 509 0
290: 4 0
291: 2 0
292: 211 0
293: 2 0
294: 143 0
295: 21 0
296: 2 0
297: 113 0
298: 425 0
299: 144 0
300: 190 0
301: 19 0
302: 129 0
303: 101 0
304: 121 0
305: 554 0
306: 3 0
307: 187 0
308: 37 0
309: 343 0
310: 3 0
311: 3 0
312: 281 0
313: 182 0
314: 230 0
315: 271 0
316: 3 0
317: 388 0
318: 2 0
319: 93 0
320: 3 0
321: 115 0
322: 9 0
323: 3 0
324: 4 0
325: 602 0
326: 3 0
327: 6 0
328: 3 0
329: 3 0
330: 2 0
331: 601 0
332: 506 0
333: 3 0
334: 27 0
335: 552 0
336: 3 0
337: 356 0
338: 1 0
339: 16 0
340: 64 0
341: 121 0
342: 572 0
343: 2 0
344: 118 0
345: 375 0
346: 23 0
347: 3 0
348: 145 0
349: 460 0
350: 167 0
351: 3 0
352: 3 0
353: 584 0
354: 298 0
355: 3 0
356: 243 0
357: 4 0
358: 312 0
359: 2 0
360: 76 0
361: 524 0
362: 3 0
363: 3 0
364: 3 0
365: 3 0
366: 8 0
367: 423 0
368: 359 0
369: 9 0
370: 59 0
371: 4 0
372: 95 0
373: 338 0
374: 213 0
375: 48 0
376: 3 1
377: 582 1
378: 508 1
379: 192 1
380: 248 1
381: 266 1
382: 3 1
383: 517 1
384: 213 1
385: 2 1
386: 63 1
387: 106 1
388: 367 1
389: 2 1
390: 567 1
391: 37 1
392: 2 1
393: 2 1
394: 3 1
395: 3 1
396: 3 1
397: 7 1
398: 264 1
399: 2 1
400: 2 1
401: 483 1
402: 3 1
403: 75 1
404: 3 1
405: 2 1
406: 52 1
407: 5 1
408: 307 1
409: 22 1
410: 45 1
411: 3 1
412: 3 1
413: 460 1
414: 4 1
415: 3 1
416: 2 1
417: 3 1
418: 2 1
419: 3 1
420: 3 1
421: 37 1
422: 3 1
423: 11 1
424: 2 1
425: 133 1
426: 5 1
427: 23 1
428: 178 1
429: 415 1
430: 359 1
431: 615 1
432: 7 1
433: 85 1
434: 392 1
435: 299 1
436: 346 1
437: 33 1
438: 547 1
439: 81 1
440: 502 1
441: 628 1
442: 489 1
443: 9 1
444: 336 1
445: 3 1
446: 3 1
447: 598 1
448: 396 1
449: 310 1
450: 3 1
451: 240 1
452: 356 1
453: 3 1
454: 3 1
455: 2 1
456: 3 1
457: 311 1
458: 450 1
459: 3 1
460: 249 1
461: 6 1
462: 3 1
463: 4 1
464: 531 1
465: 32 1
466: 2 1
467: 2 1
468: 616 1
469: 400 1
470: 594 1
471: 11 1
472: 424 1
473: 287 1
474: 271 1
475: 383 1
476: 506 1
477: 56 1
478: 441 1
479: 494 1
480: 576 1
481: 527 1
482: 471 1
483: 555 1
484: 224 1
485: 15 1
486: 267 1
487: 15 1
488: 7 1
489: 530 1
490: 3 1
491: 3 1
492: 580 1
493: 3 1
494: 435 1
495: 100 1
496: 517 1
497: 148 1
498: 9 1
499: 3 1
500: 152 1
