1: 216 0
2: 375 0
3: 3 0
4: 4 0
5: 493 0
6: 3 0
7: 5 0
8: 81 0
9: 3 0
10: 580 0
11: 50 0
12: 184 0
13: 520 0
14: 212 0
15: 273 0
16: 102 0
17: 83 0
18: 22 0
19: 3 0
20: 606 0
21: 522 0
22: 31 0
23: 317 0
24: 73 0
25: 616 0
26: 22 0
27: 3 0
28: 22 0
29: 490 0
30: 346 0
31: 7 0
32: 18 0
33: 3 0
34: 16 0
35: 19 0
36: 597 0
37: 316 0
38: 158 0
39: 199 0
40: 498 0
41: 389 0
42: 6 0
43: 96 1
44: 36 1
45: 3 1
46: 2 1
47: 277 1
48: 21 1
49: 3 1
50: 576 1
51: 26 1
52: 20 1
53: 2 1
54: 4 1
55: 14 1
56: 495 1
57: 3 1
58: 533 1
59: 559 1
60: 16 1
61: 81 1
62: 138 1
63: 57 1
64: 556 1
65: 75 1
66: 74 1
67: 326 1
68: 11 1
69: 461 1
70: 24 1
71: 33 1
72: 3 1
73: 397 1
74: 430 1
75: 2 1
76: 338 1
77: 23 1
78: 139 1
79: 528 1
80: 57 1
81: 3 1
82: 405 1
83: 2 1
84: 2 1
85: 14 1
86: 16 1
87: 4 1
88: 251 1
89: 265 1
90: 558 1
91: 530 1
92: 22 1
93: 9 1
94: 31 1
95: 609 1
96: 4 1
97: 367 1
98: 277 1
99: 3 1
100: 27 1
101: 426 1
102: 2 1
103: 67 1
104: 593 1
105: 625 1
106: 619 1
107: 134 1
108: 101 1
109: 19 1
110: 370 1
111: 18 1
112: 253 1
113: 35 1
114: 23 1
115: 3 1
116: 463 1
117: 452 1
118: 3 1
119: 31 1
120: 3 1
121: 11 1
122: 494 1
123: 111 1
124: 3 1
125: 3 1
126: 522 1
127: 491 1
128: 40 1
129: 169 1
130: 5 1
131: 593 1
132: 486 1
133: 145 1
134: 488 1
135: 465 1
136: 22 1
137: 401 1
138: 15 1
139: 377 1
140: 616 1
141: 429 1
142: 9 1
143: 51 1
144: 17 1
145: 258 1
146: 570 1
147: 433 1
148: 6 1
149: 475 1
150: 630 1
151: 10 1
152: 25 1
153: 76 1
154: 7 1
155: 2 1
156: 249 1
157: 47 1
158: 6 1
159: 3 1
160: 13 1
161: 17 1
162: 174 1
163: 298 1
164: 191 1
165: 589 1
166: 247 1
167: 395 1
168: 363 1
169: 5 1
170: 415 1
171: 47 1
172: 173 1
173: 4 1
174: 451 1
175: 408 1
176: 135 1
177: 5 1
178: 541 1
179: 11 1
180: 3 1
181: 3 1
182: 79 1
183: 3 1
184: 404 1
185: 537 1
186: 3 1
187: 425 1
188: 180 1
189: 3 1
190: 155 1
191: 2 1
192: 3 1
193: 22 1
194: 555 1
195: 118 1
196: 6 1
197: 28 1
198: 36 1
199: 3 1
200: 260 1
201: 3 1
202: 422 1
203: 3 1
204: 187 1
205: 164 1
206: 458 1
207: 47 1
208: 36 1
209: 81 1
210: 11 1
211: 91 1
212: 614 1
213: 2 1
214: 243 1
215: 608 1
216: 584 1
217: 599 1
218: 613 1
219: 554 1
220: 591 1
221: 3 1
222: 89 1
223: 528 1
224: 365 1
225: 614 1
226: 617 1
227: 11 1
228: 492 1
229: 436 1
230: 580 1
231: 179 1
232: 282 1
233: 630 1
234: 548 1
235: 581 1
236: 605 1
237: 632 1
238: 456 1
239: 2 1
240: 527 1
241: 624 1
242: 3 1
243: 432 1
244: 123 1
245: 368 1
246: 545 1
247: 3 1
248: 444 1
249: 5 1
250: 85 1
251: 159 1
252: 27 1
253: 214 1
254: 309 1
255: 631 1
256: 161 1
257: 4 1
258: 505 1
259: 193 1
260: 473 1
261: 514 1
262: 422 1
263: 614 1
264: 463 1
265: 81 1
266: 246 1
267: 199 1
268: 104 1
269: 415 1
270: 479 1
271: 606 1
272: 259 0
273: 233 0
274: 594 0
275: 257 0
276: 269 0
277: 350 0
278: 188 0
279: 3 0
280: 65 0
281: 3 0
282: 448 0
283: 31 0
284: 1 0
285: 3 0
286: 537 0
287: 3 0
288: 159 0
289: 3 0
290: 224 0
291: 617 0
292: 310 0
293: 309 0
294: 605 0
295: 574 0
296: 522 0
297: 116 0
298: 3 0
299: 11 0
300: 3 0
301: 3 0
302: 15 0
303: 518 0
304: 539 0
305: 134 0
306: 541 0
307: 573 0
308: 25 0
309: 369 0
310: 486 0
311: 485 0
312: 587 0
313: 6 0
314: 229 0
315: 74 0
316: 362 0
317: 11 0
318: 17 0
319: 37 0
320: 153 0
321: 2 0
322: 9 0
323: 3 0
324: 3 0
325: 3 0
326: 3 0
327: 3 0
328: 15 0
329: 3 0
330: 77 0
331: 3 0
332: 329 0
333: 3 0
334: 582 0
335: 16 0
336: 13 0
337: 3 0
338: 2 0
339: 5 0
340: 354 0
341: 3 0
342: 41 0
343: 301 0
344: 318 0
345: 29 0
346: 2 0
347: 35 0
348: 3 0
349: 2 0
350: 3 0
351: 2 0
352: 3 0
353: 40 0
354: 3 0
355: 564 0
356: 542 0
357: 410 0
358: 535 0
359: 3 0
360: 99 0
361: 235 0
362: 479 0
363: 24 0
364: 243 0
365: 2 0
366: 33 0
367: 3 0
368: 3 0
369: 515 0
370: 45 0
371: 3 0
372: 20 0
373: 12 0
374: 3 0
375: 291 0
376: 9 0
377: 332 0
378: 18 0
379: 403 0
380: 497 0
381: 585 0
382: 2 0
383: 27 0
384: 3 0
385: 3 0
386: 6 0
387: 14 0
388: 3 0
389: 228 0
390: 6 0
391: 7 0
392: 5 0
393: 35 0
394: 16 0
395: 55 0
396: 3 0
397: 16 0
398: 3 0
399: 3 0
400: 3 0
401: 3 0
402: 11 0
403: 3 0
404: 81 0
405: 125 0
406: 3 0
407: 10 0
408: 2 0
409: 605 0
410: 628 0
411: 6 0
412: 3 0
413: 471 0
414: 3 0
415: 640 0
416: 3 0
417: 352 0
418: 3 0
419: 2 0
420: 601 0
421: 502 0
422: 3 0
423: 3 0
424: 5 0
425: 532 0
426: 575 0
427: 13 0
428: 23 0
429: 437 0
430: 563 0
431: 576 0
432: 590 0
433: 51 0
434: 481 0
435: 379 0
436: 187 0
437: 373 0
438: 504 0
439: 228 0
440: 9 0
441: 628 0
442: 412 0
443: 457 0
444: 244 0
445: 36 0
446: 3 0
447: 567 0
448: 174 0
449: 575 0
450: 43 0
451: 593 0
452: 609 0
453: 516 0
454: 22 0
455: 7 0
456: 12 0
457: 415 0
458: 590 0
459: 484 0
460: 13 0
461: 492 0
462: 485 0
463: 574 0
464: 17 0
465: 3 0
466: 75 0
467: 12 0
468: 5 0
469: 4 0
470: 295 0
471: 70 0
472: 2 1
473: 550 1
474: 508 1
475: 507 1
476: 6 1
477: 103 1
478: 54 1
479: 363 1
480: 421 1
481: 3 1
482: 30 1
483: 550 1
484: 26 1
485: 415 1
486: 292 1
487: 188 1
488: 12 1
489: 26 1
490: 601 1
491: 270 1
492: 2 1
493: 2 1
494: 599 1
495: 3 1
496: 613 1
497: 523 1
498: 445 1
499: 4 1
500: 529 1
