1: 560 1
2: 412 1
3: 267 1
4: 26 1
5: 108 1
6: 568 1
7: 409 1
8: 432 1
9: 70 1
10: 573 1
11: 332 1
12: 189 1
13: 475 1
14: 147 1
15: 12 1
16: 2 1
17: 297 1
18: 570 1
19: 453 1
20: 626 1
21: 21 1
22: 263 1
23: 610 1
24: 484 1
25: 514 1
26: 630 1
27: 232 1
28: 495 1
29: 51 1
30: 559 1
31: 607 1
32: 78 1
33: 390 1
34: 19 1
35: 558 1
36: 198 1
37: 413 1
38: 568 1
39: 431 1
40: 363 1
41: 405 1
42: 602 1
43: 440 1
44: 453 1
45: 7 1
46: 585 1
47: 96 1
48: 616 1
49: 273 1
50: 597 1
51: 12 1
52: 113 1
53: 524 1
54: 150 1
55: 343 1
56: 504 1
57: 485 1
58: 605 1
59: 87 1
60: 400 1
61: 212 1
62: 489 1
63: 373 1
64: 447 1
65: 295 1
66: 398 1
67: 578 1
68: 232 1
69: 7 1
70: 454 1
71: 2 1
72: 324 1
73: 2 1
74: 564 1
75: 205 1
76: 587 1
77: 356 1
78: 610 1
79: 579 1
80: 322 1
81: 537 1
82: 2 1
83: 329 1
84: 431 1
85: 253 1
86: 112 1
87: 597 1
88: 533 1
89: 155 1
90: 522 1
91: 83 1
92: 3 1
93: 2 1
94: 568 1
95: 270 1
96: 495 1
97: 33 1
98: 284 1
99: 3 1
100: 485 1
101: 149 1
102: 297 1
103: 103 1
104: 625 1
105: 567 1
106: 11 1
107: 389 1
108: 141 1
109: 33 1
110: 2 1
111: 143 1
112: 2 1
113: 279 1
114: 401 1
115: 18 1
116: 152 1
117: 531 1
118: 375 1
119: 394 1
120: 128 1
121: 3 1
122: 636 1
123: 359 1
124: 47 1
125: 497 1
126: 5 1
127: 8 1
128: 3 1
129: 172 1
130: 539 1
131: 65 1
132: 440 1
133: 3 1
134: 203 1
135: 173 1
136: 381 1
137: 178 1
138: 616 1
139: 525 1
140: 173 1
141: 16 1
142: 5 1
143: 482 1
144: 130 1
145: 186 1
146: 63 1
147: 21 1
148: 173 1
149: 33 1
150: 18 1
151: 1 1
152: 561 1
153: 67 1
154: 3 1
155: 352 1
156: 433 1
157: 475 1
158: 599 1
159: 356 1
160: 159 1
161: 290 1
162: 19 1
163: 15 1
164: 351 1
165: 576 1
166: 4 1
167: 18 1
168: 389 1
169: 79 1
170: 25 1
171: 4 1
172: 13 1
173: 393 1
174: 35 1
175: 565 1
176: 574 1
177: 482 1
178: 425 1
179: 5 1
180: 183 1
181: 8 1
182: 17 1
183: 115 1
184: 493 1
185: 3 1
186: 3 1
187: 5 1
188: 16 1
189: 10 1
190: 467 1
191: 3 1
192: 4 1
193: 564 1
194: 50 0
195: 198 0
196: 216 0
197: 163 0
198: 2 0
199: 64 0
200: 60 0
201: 489 0
202: 279 0
203: 7 0
204: 3 0
205: 403 0
206: 9 0
207: 179 0
208: 47 0
209: 3 0
210: 2 0
211: 333 0
212: 428 0
213: 3 0
214: 291 0
215: 15 0
216: 523 0
217: 216 0
218: 423 0
219: 169 0
220: 398 0
221: 540 0
222: 531 0
223: 3 0
224: 611 0
225: 521 0
226: 536 0
227: 454 0
228: 3 0
229: 393 0
230: 27 0
231: 587 0
232: 529 0
233: 400 0
234: 624 0
235: 217 0
236: 568 0
237: 3 0
238: 626 0
239: 7 0
240: 3 0
241: 3 0
242: 3 0
243: 575 0
244: 3 0
245: 470 0
246: 566 0
247: 577 0
248: 46 0
249: 121 0
250: 474 0
251: 362 0
252: 3 0
253: 471 0
254: 3 0
255: 17 0
256: 146 0
257: 21 0
258: 485 0
259: 2 0
260: 2 0
261: 63 0
262: 28 0
263: 2 0
264: 177 0
265: 456 0
266: 81 0
267: 7 0
268: 372 0
269: 3 0
270: 579 0
271: 236 0
272: 5 0
273: 227 0
274: 105 0
275: 521 0
276: 3 0
277: 49 0
278: 13 0
279: 4 0
280: 7 0
281: 394 0
282: 525 0
283: 3 0
284: 2 0
285: 19 0
286: 3 0
287: 3 0
288: 271 0
289: 14 0
290: 3 0
291: 2 0
292: 63 0
293: 3 0
294: 3 0
295: 3 0
296: 617 0
297: 7 0
298: 3 0
299: 3 0
300: 336 0
301: 330 0
302: 3 0
303: 3 0
304: 280 0
305: 123 0
306: 590 0
307: 601 0
308: 3 0
309: 9 0
310: 3 0
311: 182 0
312: 430 0
313: 2 0
314: 7 0
315: 9 0
316: 2 0
317: 3 0
318: 15 0
319: 3 0
320: 187 0
321: 447 0
322: 398 0
323: 3 0
324: 181 0
325: 533 0
326: 32 0
327: 3 0
328: 594 0
329: 3 0
330: 90 0
331: 609 0
332: 27 0
333: 581 0
334: 97 0
335: 377 0
336: 564 0
337: 318 0
338: 354 0
339: 85 0
340: 527 0
341: 3 0
342: 3 0
343: 84 0
344: 5 0
345: 25 0
346: 3 0
347: 3 0
348: 569 0
349: 395 0
350: 143 0
351: 452 0
352: 108 0
353: 10 0
354: 468 0
355: 3 0
356: 576 0
357: 33 0
358: 593 0
359: 53 0
360: 11 0
361: 85 0
362: 3 0
363: 611 0
364: 92 0
365: 393 0
366: 142 0
367: 446 0
368: 11 0
369: 53 0
370: 451 0
371: 415 0
372: 231 0
373: 2 0
374: 368 0
375: 19 0
376: 3 0
377: 92 0
378: 276 0
379: 195 0
380: 605 0
381: 12 0
382: 568 0
383: 585 0
384: 350 0
385: 2 0
386: 611 0
387: 3 0
388: 254 0
389: 567 0
390: 491 0
391: 150 0
392: 45 0
393: 29 0
394: 529 1
395: 47 1
396: 260 1
397: 14 1
398: 520 1
399: 628 1
400: 618 1
401: 347 1
402: 359 1
403: 551 1
404: 463 1
405: 614 1
406: 604 1
407: 408 1
408: 30 1
409: 284 1
410: 357 1
411: 571 1
412: 6 1
413: 3 1
414: 3 1
415: 546 1
416: 162 1
417: 11 1
418: 167 1
419: 25 1
420: 613 1
421: 11 1
422: 509 1
423: 495 1
424: 596 1
425: 86 1
426: 291 1
427: 14 1
428: 254 1
429: 3 1
430: 536 1
431: 3 1
432: 358 1
433: 528 1
434: 330 1
435: 153 1
436: 143 1
437: 339 1
438: 2 1
439: 459 1
440: 87 1
441: 12 1
442: 580 1
443: 601 1
444: 41 1
445: 329 1
446: 431 1
447: 3 1
448: 446 1
449: 16 1
450: 3 1
451: 2 1
452: 594 1
453: 211 1
454: 290 1
455: 211 1
456: 555 1
457: 573 1
458: 177 1
459: 363 1
460: 153 1
461: 83 1
462: 556 1
463: 600 1
464: 368 1
465: 349 1
466: 13 1
467: 3 1
468: 490 1
469: 4 1
470: 58 1
471: 3 1
472: 3 1
473: 3 1
474: 112 1
475: 19 1
476: 484 1
477: 0 1
478: 150 1
479: 2 1
480: 6 1
481: 314 1
482: 67 1
483: 3 1
484: 2 1
485: 36 1
486: 191 1
487: 2 1
488: 5 1
489: 3 1
490: 10 1
491: 242 1
492: 3 1
493: 3 1
494: 412 1
495: 39 1
496: 105 1
497: 261 1
498: 2 1
499: 3 1
500: 16 1
