1: 581 0
2: 400 0
3: 593 0
4: 9 0
5: 621 0
6: 20 0
7: 99 0
8: 588 0
9: 319 0
10: 346 0
11: 295 0
12: 557 0
13: 488 0
14: 379 0
15: 558 0
16: 604 0
17: 570 0
18: 488 0
19: 256 0
20: 547 0
21: 489 0
22: 509 0
23: 433 0
24: 581 0
25: 448 0
26: 600 0
27: 509 0
28: 517 0
29: 561 0
30: 484 0
31: 612 0
32: 563 0
33: 241 0
34: 576 0
35: 602 0
36: 177 0
37: 610 0
38: 623 0
39: 612 0
40: 601 0
41: 628 0
42: 374 0
43: 490 0
44: 315 0
45: 389 0
46: 355 0
47: 316 1
48: 317 1
49: 549 1
50: 565 1
51: 631 1
52: 616 1
53: 520 1
54: 585 1
55: 334 1
56: 553 1
57: 339 1
58: 293 1
59: 2 1
60: 423 1
61: 623 1
62: 508 1
63: 609 1
64: 408 1
65: 587 1
66: 167 1
67: 502 1
68: 500 1
69: 530 1
70: 277 1
71: 603 1
72: 498 1
73: 575 1
74: 376 1
75: 122 1
76: 284 1
77: 204 1
78: 399 1
79: 191 1
80: 422 1
81: 610 1
82: 607 1
83: 500 1
84: 616 1
85: 501 1
86: 358 1
87: 426 1
88: 598 1
89: 410 1
90: 491 1
91: 597 1
92: 601 1
93: 4 1
94: 57 1
95: 574 1
96: 317 1
97: 626 1
98: 3 1
99: 374 1
100: 521 1
101: 179 1
102: 8 1
103: 530 1
104: 562 1
105: 347 1
106: 436 1
107: 589 1
108: 143 1
109: 454 1
110: 554 1
111: 620 1
112: 530 1
113: 405 1
114: 268 1
115: 531 1
116: 503 1
117: 414 1
118: 614 1
119: 234 1
120: 271 1
121: 440 1
122: 540 1
123: 582 1
124: 592 1
125: 378 1
126: 599 1
127: 494 1
128: 597 1
129: 565 1
130: 463 1
131: 584 1
132: 22 1
133: 353 1
134: 614 1
135: 522 1
136: 616 1
137: 563 1
138: 582 1
139: 609 1
140: 444 1
141: 582 1
142: 598 1
143: 541 1
144: 154 1
145: 356 1
146: 625 1
147: 562 1
148: 598 1
149: 174 1
150: 463 1
151: 507 1
152: 538 1
153: 313 1
154: 125 1
155: 324 1
156: 469 1
157: 89 1
158: 504 1
159: 368 1
160: 1 1
161: 277 1
162: 520 1
163: 261 1
164: 16 1
165: 3 1
166: 2 1
167: 370 1
168: 498 1
169: 579 1
170: 582 1
171: 234 1
172: 572 1
173: 305 1
174: 248 1
175: 2 1
176: 522 1
177: 28 1
178: 9 1
179: 393 1
180: 7 1
181: 3 1
182: 2 1
183: 3 1
184: 596 1
185: 24 1
186: 328 1
187: 605 1
188: 175 1
189: 572 1
190: 227 1
191: 561 1
192: 606 1
193: 521 1
194: 525 1
195: 534 1
196: 2 1
197: 524 1
198: 14 1
199: 589 1
200: 501 1
201: 513 1
202: 216 1
203: 598 1
204: 385 1
205: 378 1
206: 609 1
207: 233 1
208: 568 1
209: 588 1
210: 409 1
211: 502 1
212: 437 1
213: 83 1
214: 530 1
215: 72 1
216: 299 1
217: 598 1
218: 370 1
219: 472 1
220: 588 1
221: 565 1
222: 328 1
223: 570 1
224: 3 1
225: 34 1
226: 625 1
227: 162 1
228: 594 1
229: 623 1
230: 376 1
231: 594 1
232: 23 1
233: 597 1
234: 12 1
235: 539 1
236: 176 1
237: 515 1
238: 573 1
239: 2 1
240: 102 1
241: 13 1
242: 9 1
243: 184 1
244: 37 1
245: 3 1
246: 1 1
247: 93 1
248: 15 1
249: 566 1
250: 4 1
251: 31 1
252: 361 1
253: 3 1
254: 3 1
255: 514 1
256: 19 1
257: 633 1
258: 271 1
259: 15 1
260: 1 1
261: 98 1
262: 3 1
263: 610 1
264: 16 1
265: 7 1
266: 603 1
267: 256 1
268: 622 1
269: 16 1
270: 576 1
271: 471 1
272: 2 1
273: 368 1
274: 599 0
275: 2 0
276: 587 0
277: 3 0
278: 45 0
279: 229 0
280: 261 0
281: 604 0
282: 216 0
283: 571 0
284: 115 0
285: 612 0
286: 250 0
287: 398 0
288: 4 0
289: 3 0
290: 603 0
291: 2 0
292: 10 0
293: 3 0
294: 322 0
295: 95 0
296: 2 0
297: 2 0
298: 2 0
299: 2 0
300: 199 0
301: 77 0
302: 603 0
303: 77 0
304: 3 0
305: 177 0
306: 620 0
307: 75 0
308: 197 0
309: 32 0
310: 613 0
311: 527 0
312: 34 0
313: 604 0
314: 608 0
315: 125 0
316: 586 0
317: 550 0
318: 597 0
319: 453 0
320: 7 0
321: 565 0
322: 123 0
323: 554 0
324: 22 0
325: 2 0
326: 520 0
327: 9 0
328: 364 0
329: 182 0
330: 485 0
331: 15 0
332: 612 0
333: 3 0
334: 2 0
335: 2 0
336: 3 0
337: 461 0
338: 608 0
339: 531 0
340: 559 0
341: 2 0
342: 610 0
343: 309 0
344: 445 0
345: 616 0
346: 501 0
347: 501 0
348: 305 0
349: 207 0
350: 13 0
351: 298 0
352: 3 0
353: 87 0
354: 2 0
355: 503 0
356: 614 0
357: 597 0
358: 441 0
359: 383 0
360: 430 0
361: 3 0
362: 188 0
363: 613 0
364: 165 0
365: 405 0
366: 273 0
367: 9 0
368: 470 0
369: 206 0
370: 543 0
371: 607 0
372: 611 0
373: 279 0
374: 444 0
375: 580 0
376: 468 0
377: 339 0
378: 558 0
379: 141 0
380: 211 0
381: 3 0
382: 43 0
383: 2 0
384: 6 0
385: 601 0
386: 616 0
387: 17 0
388: 576 0
389: 351 0
390: 3 0
391: 242 0
392: 439 0
393: 163 0
394: 2 0
395: 574 0
396: 467 0
397: 613 0
398: 6 0
399: 197 0
400: 139 0
401: 317 0
402: 55 0
403: 25 0
404: 117 0
405: 261 0
406: 3 0
407: 477 0
408: 613 0
409: 77 0
410: 620 0
411: 2 0
412: 234 0
413: 3 0
414: 29 0
415: 146 0
416: 558 0
417: 524 0
418: 108 0
419: 26 0
420: 618 0
421: 618 0
422: 570 0
423: 561 0
424: 2 0
425: 544 0
426: 609 0
427: 40 0
428: 3 0
429: 20 0
430: 245 0
431: 622 0
432: 5 0
433: 436 0
434: 206 0
435: 525 0
436: 405 0
437: 142 0
438: 612 0
439: 610 0
440: 283 0
441: 3 0
442: 609 0
443: 612 0
444: 113 0
445: 568 0
446: 319 0
447: 567 0
448: 2 0
449: 627 0
450: 335 0
451: 7 0
452: 393 0
453: 617 0
454: 3 0
455: 570 0
456: 402 0
457: 38 0
458: 280 0
459: 586 0
460: 562 0
461: 577 0
462: 3 0
463: 3 0
464: 265 0
465: 552 0
466: 367 0
467: 8 0
468: 74 0
469: 3 0
470: 419 0
471: 3 0
472: 3 0
473: 310 0
474: 598 1
475: 45 1
476: 535 1
477: 528 1
478: 568 1
479: 600 1
480: 617 1
481: 441 1
482: 231 1
483: 13 1
484: 96 1
485: 99 1
486: 7 1
487: 592 1
488: 499 1
489: 3 1
490: 440 1
491: 3 1
492: 10 1
493: 30 1
494: 208 1
495: 139 1
496: 562 1
497: 151 1
498: 20 1
499: 352 1
500: 5 1
