1: 11 0
2: 25 0
3: 15 0
4: 19 0
5: 10 0
6: 21 0
7: 16 0
8: 12 0
9: 19 0
10: 23 0
11: 24 0
12: 17 0
13: 13 0
14: 21 0
15: 593 0
16: 24 0
17: 11 0
18: 23 0
19: 26 0
20: 22 0
21: 23 0
22: 26 0
23: 14 0
24: 8 0
25: 18 0
26: 23 0
27: 12 0
28: 22 0
29: 17 0
30: 16 0
31: 17 0
32: 25 0
33: 11 0
34: 16 0
35: 16 0
36: 26 0
37: 17 0
38: 15 0
39: 15 0
40: 18 0
41: 14 0
42: 20 0
43: 17 0
44: 16 0
45: 17 0
46: 20 0
47: 12 0
48: 8 0
49: 10 0
50: 16 0
51: 26 0
52: 16 0
53: 10 0
54: 13 0
55: 16 0
56: 20 0
57: 16 0
58: 14 0
59: 19 0
60: 9 0
61: 15 0
62: 17 0
63: 10 0
64: 8 0
65: 11 0
66: 10 0
67: 26 0
68: 27 0
69: 19 0
70: 11 0
71: 20 0
72: 13 0
73: 20 0
74: 24 0
75: 18 0
76: 14 0
77: 17 0
78: 25 0
79: 18 0
80: 18 0
81: 5 0
82: 14 0
83: 15 0
84: 20 0
85: 11 0
86: 24 0
87: 12 0
88: 14 0
89: 23 0
90: 22 0
91: 21 0
92: 17 0
93: 14 0
94: 15 0
95: 24 0
96: 23 0
97: 16 0
98: 21 0
99: 15 0
100: 23 0
101: 14 0
102: 25 0
103: 13 0
104: 19 0
105: 25 0
106: 26 0
107: 21 0
108: 24 0
109: 19 0
110: 11 0
111: 17 0
112: 11 0
113: 23 0
114: 23 0
115: 21 0
116: 14 0
117: 19 0
118: 24 0
119: 16 0
120: 15 0
121: 24 0
122: 15 0
123: 19 0
124: 11 0
125: 21 0
126: 13 0
127: 24 0
128: 15 0
129: 22 0
130: 14 0
131: 24 0
132: 24 0
133: 13 0
134: 9 0
135: 17 0
136: 17 0
137: 16 0
138: 11 0
139: 15 0
140: 12 0
141: 18 0
142: 25 0
143: 23 0
144: 25 0
145: 15 0
146: 20 0
147: 16 0
148: 23 0
149: 25 0
150: 10 0
151: 11 0
152: 23 0
153: 17 0
154: 11 0
155: 27 0
156: 9 0
157: 21 0
158: 9 0
159: 14 0
160: 13 0
161: 24 0
162: 17 0
163: 21 0
164: 22 0
165: 13 0
166: 13 0
167: 14 0
168: 15 0
169: 19 0
170: 17 0
171: 17 0
172: 5 0
173: 77 0
174: 9 0
175: 21 0
176: 22 0
177: 13 0
178: 14 0
179: 9 0
180: 23 0
181: 0 0
182: 474 0
183: 15 0
184: 12 0
185: 11 0
186: 11 0
187: 586 0
188: 46 0
189: 6 0
190: 18 0
191: 2 1
192: 11 1
193: 10 1
194: 15 1
195: 11 1
196: 19 1
197: 339 1
198: 366 1
199: 25 1
200: 11 1
201: 10 1
202: 13 1
203: 23 1
204: 15 1
205: 11 1
206: 13 1
207: 13 1
208: 9 1
209: 9 1
210: 10 1
211: 16 1
212: 12 1
213: 17 1
214: 577 1
215: 15 1
216: 18 1
217: 560 1
218: 14 1
219: 13 1
220: 576 1
221: 13 1
222: 14 1
223: 9 1
224: 15 1
225: 20 1
226: 21 1
227: 16 1
228: 13 1
229: 8 1
230: 14 1
231: 538 1
232: 15 1
233: 16 1
234: 20 1
235: 24 1
236: 18 1
237: 21 1
238: 577 1
239: 113 1
240: 7 1
241: 12 1
242: 8 1
243: 13 1
244: 492 1
245: 20 1
246: 12 1
247: 13 1
248: 111 1
249: 13 1
250: 17 1
251: 8 1
252: 12 1
253: 8 1
254: 141 1
255: 3 1
256: 387 1
257: 1 1
258: 11 1
259: 620 1
260: 1 1
261: 20 1
262: 17 1
263: 9 1
264: 15 1
265: 3 1
266: 21 1
267: 19 1
268: 219 1
269: 9 1
270: 20 1
271: 17 1
272: 310 1
273: 600 1
274: 7 1
275: 316 1
276: 10 1
277: 604 1
278: 9 1
279: 76 1
280: 19 1
281: 0 1
282: 1 1
283: 19 1
284: 2 1
285: 13 1
286: 16 1
287: 174 1
288: 12 1
289: 15 1
290: 451 1
291: 2 1
292: 1 1
293: 3 1
294: 12 1
295: 11 1
296: 16 1
297: 19 1
298: 153 1
299: 15 1
300: 11 1
301: 21 1
302: 23 1
303: 14 1
304: 7 1
305: 12 1
306: 23 1
307: 8 1
308: 21 1
309: 18 1
310: 10 1
311: 9 1
312: 19 1
313: 2 1
314: 23 1
315: 14 1
316: 20 1
317: 1 1
318: 24 1
319: 213 1
320: 22 1
321: 13 1
322: 13 1
323: 20 1
324: 25 1
325: 9 1
326: 24 1
327: 14 1
328: 14 1
329: 25 1
330: 17 1
331: 16 1
332: 19 1
333: 13 1
334: 18 1
335: 13 1
336: 4 1
337: 22 1
338: 17 1
339: 21 1
340: 18 1
341: 12 1
342: 20 1
343: 19 1
344: 11 1
345: 25 1
346: 19 1
347: 17 1
348: 17 1
349: 17 1
350: 19 1
351: 448 1
352: 25 1
353: 567 1
354: 13 1
355: 463 1
356: 15 1
357: 7 1
358: 11 1
359: 16 1
360: 565 1
361: 634 1
362: 9 1
363: 16 1
364: 19 1
365: 21 1
366: 21 1
367: 17 1
368: 2 1
369: 14 1
370: 11 1
371: 11 1
372: 213 1
373: 249 1
374: 22 1
375: 8 1
376: 10 1
377: 11 1
378: 79 1
379: 587 1
380: 18 1
381: 12 1
382: 23 1
383: 22 1
384: 11 1
385: 1 1
386: 8 1
387: 75 1
388: 18 1
389: 11 1
390: 13 1
391: 18 1
392: 622 1
393: 11 1
394: 15 1
395: 12 1
396: 344 1
397: 18 1
398: 7 1
399: 281 1
400: 17 1
401: 333 1
402: 14 1
403: 26 1
404: 50 1
405: 6 1
406: 355 1
407: 604 1
408: 557 1
409: 14 1
410: 19 1
411: 571 1
412: 544 1
413: 633 1
414: 15 1
415: 15 1
416: 614 1
417: 282 1
418: 13 1
419: 110 0
420: 12 0
421: 10 0
422: 17 0
423: 13 0
424: 13 0
425: 13 0
426: 173 0
427: 96 0
428: 11 0
429: 456 0
430: 486 0
431: 5 0
432: 18 0
433: 272 0
434: 8 0
435: 17 0
436: 16 0
437: 24 0
438: 16 0
439: 14 0
440: 17 0
441: 9 0
442: 554 0
443: 2 0
444: 13 0
445: 9 0
446: 6 0
447: 20 0
448: 263 0
449: 17 0
450: 22 0
451: 15 0
452: 15 0
453: 542 0
454: 269 0
455: 300 0
456: 16 0
457: 428 0
458: 6 0
459: 542 0
460: 4 0
461: 1 0
462: 3 0
463: 13 0
464: 21 0
465: 12 0
466: 8 0
467: 17 0
468: 9 0
469: 8 0
470: 229 0
471: 21 0
472: 15 0
473: 13 0
474: 586 0
475: 8 0
476: 9 0
477: 3 0
478: 19 0
479: 308 0
480: 7 0
481: 23 0
482: 13 0
483: 15 0
484: 21 0
485: 19 0
486: 2 0
487: 13 0
488: 7 0
489: 11 0
490: 440 0
491: 99 0
492: 561 0
493: 10 0
494: 8 0
495: 583 0
496: 552 0
497: 4 0
498: 547 0
499: 11 0
500: 9 0
