1: 4 0
2: 3 0
3: 5 0
4: 4 0
5: 4 0
6: 4 0
7: 3 0
8: 3 0
9: 3 0
10: 3 0
11: 4 0
12: 4 0
13: 4 0
14: 3 0
15: 4 0
16: 4 0
17: 4 0
18: 3 0
19: 4 0
20: 4 0
21: 3 0
22: 4 0
23: 4 0
24: 4 0
25: 4 0
26: 4 0
27: 4 0
28: 3 0
29: 3 0
30: 4 0
31: 4 0
32: 4 0
33: 4 0
34: 4 0
35: 4 0
36: 4 0
37: 4 0
38: 4 0
39: 3 0
40: 3 0
41: 4 0
42: 3 0
43: 4 0
44: 4 0
45: 4 0
46: 3 0
47: 4 0
48: 3 0
49: 4 0
50: 3 0
51: 4 0
52: 4 0
53: 4 0
54: 3 0
55: 4 0
56: 4 0
57: 4 0
58: 4 0
59: 3 0
60: 3 0
61: 3 0
62: 4 0
63: 3 0
64: 3 0
65: 3 0
66: 4 0
67: 4 0
68: 4 0
69: 4 0
70: 3 0
71: 3 0
72: 3 0
73: 4 0
74: 4 0
75: 4 0
76: 4 0
77: 4 0
78: 3 0
79: 3 0
80: 4 0
81: 3 0
82: 3 0
83: 4 0
84: 4 0
85: 4 0
86: 3 0
87: 4 0
88: 3 0
89: 4 0
90: 2 0
91: 3 0
92: 4 0
93: 4 0
94: 4 0
95: 4 0
96: 4 0
97: 4 0
98: 3 0
99: 4 0
100: 4 0
101: 3 0
102: 3 0
103: 3 0
104: 4 0
105: 3 0
106: 3 0
107: 5 0
108: 5 0
109: 3 0
110: 3 0
111: 4 0
112: 3 0
113: 3 0
114: 3 0
115: 3 0
116: 3 0
117: 3 0
118: 4 0
119: 3 0
120: 4 0
121: 4 0
122: 3 0
123: 4 0
124: 3 0
125: 4 0
126: 3 0
127: 5 0
128: 3 0
129: 3 0
130: 3 0
131: 3 0
132: 5 0
133: 4 0
134: 4 0
135: 5 0
136: 4 0
137: 3 0
138: 3 0
139: 5 0
140: 5 0
141: 3 0
142: 4 0
143: 4 0
144: 4 0
145: 3 0
146: 3 0
147: 4 0
148: 4 0
149: 4 0
150: 4 0
151: 4 0
152: 4 0
153: 4 0
154: 4 0
155: 4 0
156: 4 0
157: 4 0
158: 3 0
159: 3 0
160: 4 0
161: 3 0
162: 4 0
163: 4 0
164: 3 0
165: 4 0
166: 4 0
167: 4 0
168: 5 0
169: 4 0
170: 3 0
171: 4 0
172: 4 0
173: 3 0
174: 4 0
175: 5 0
176: 4 0
177: 4 0
178: 3 0
179: 5 0
180: 3 0
181: 4 0
182: 4 0
183: 4 0
184: 5 0
185: 3 0
186: 3 0
187: 4 0
188: 5 1
189: 4 1
190: 5 1
191: 4 1
192: 3 1
193: 3 1
194: 3 1
195: 3 1
196: 4 1
197: 4 1
198: 3 1
199: 4 1
200: 4 1
201: 4 1
202: 3 1
203: 3 1
204: 3 1
205: 3 1
206: 4 1
207: 3 1
208: 3 1
209: 3 1
210: 3 1
211: 3 1
212: 3 1
213: 3 1
214: 4 1
215: 3 1
216: 4 1
217: 3 1
218: 3 1
219: 4 1
220: 3 1
221: 4 1
222: 3 1
223: 4 1
224: 4 1
225: 3 1
226: 4 1
227: 5 1
228: 3 1
229: 4 1
230: 4 1
231: 5 1
232: 4 1
233: 4 1
234: 3 1
235: 3 1
236: 4 1
237: 3 1
238: 3 1
239: 3 1
240: 3 1
241: 4 1
242: 3 1
243: 4 1
244: 4 1
245: 4 1
246: 4 1
247: 4 1
248: 4 1
249: 3 1
250: 3 1
251: 4 1
252: 4 1
253: 3 1
254: 4 1
255: 3 1
256: 3 1
257: 3 1
258: 4 1
259: 4 1
260: 4 1
261: 3 1
262: 4 1
263: 3 1
264: 4 1
265: 4 1
266: 5 1
267: 4 1
268: 4 1
269: 3 1
270: 3 1
271: 3 1
272: 4 1
273: 4 1
274: 4 1
275: 4 1
276: 3 1
277: 3 1
278: 4 1
279: 4 1
280: 3 1
281: 4 1
282: 3 1
283: 3 1
284: 5 1
285: 4 1
286: 5 1
287: 3 1
288: 5 1
289: 6 1
290: 3 1
291: 3 1
292: 3 1
293: 3 1
294: 4 1
295: 4 1
296: 3 1
297: 4 1
298: 4 1
299: 5 1
300: 3 1
301: 4 1
302: 3 1
303: 3 1
304: 4 1
305: 4 1
306: 3 1
307: 4 1
308: 3 1
309: 3 1
310: 4 1
311: 3 1
312: 5 1
313: 4 1
314: 4 1
315: 4 1
316: 5 1
317: 4 1
318: 3 1
319: 3 1
320: 4 1
321: 4 1
322: 4 1
323: 4 1
324: 5 1
325: 3 1
326: 3 1
327: 4 1
328: 4 1
329: 3 1
330: 3 1
331: 3 1
332: 3 1
333: 3 1
334: 3 1
335: 4 1
336: 4 1
337: 4 1
338: 5 1
339: 5 1
340: 4 1
341: 4 1
342: 4 1
343: 3 1
344: 5 1
345: 4 1
346: 4 1
347: 4 1
348: 4 1
349: 3 1
350: 4 1
351: 5 1
352: 4 1
353: 4 1
354: 6 1
355: 4 1
356: 3 1
357: 4 1
358: 4 1
359: 3 1
360: 4 1
361: 3 1
362: 5 1
363: 4 1
364: 4 1
365: 3 1
366: 5 1
367: 3 1
368: 4 1
369: 4 1
370: 4 1
371: 4 1
372: 4 1
373: 4 1
374: 3 1
375: 5 1
376: 5 1
377: 3 1
378: 3 1
379: 4 1
380: 4 1
381: 4 1
382: 4 1
383: 4 1
384: 3 1
385: 3 1
386: 4 1
387: 4 1
388: 3 1
389: 3 1
390: 3 1
391: 5 1
392: 3 1
393: 3 1
394: 5 1
395: 3 1
396: 3 1
397: 3 1
398: 3 1
399: 3 1
400: 4 1
401: 4 1
402: 3 1
403: 4 1
404: 4 1
405: 4 1
406: 4 1
407: 3 1
408: 4 1
409: 4 1
410: 3 1
411: 4 1
412: 4 1
413: 3 1
414: 3 1
415: 3 1
416: 4 1
417: 4 1
418: 3 1
419: 4 1
420: 4 1
421: 4 0
422: 3 0
423: 4 0
424: 4 0
425: 3 0
426: 5 0
427: 3 0
428: 3 0
429: 3 0
430: 3 0
431: 3 0
432: 5 0
433: 4 0
434: 3 0
435: 3 0
436: 3 0
437: 5 0
438: 4 0
439: 4 0
440: 5 0
441: 5 0
442: 3 0
443: 4 0
444: 3 0
445: 3 0
446: 4 0
447: 5 0
448: 4 0
449: 4 0
450: 5 0
451: 4 0
452: 4 0
453: 5 0
454: 4 0
455: 4 0
456: 4 0
457: 4 0
458: 3 0
459: 4 0
460: 3 0
461: 3 0
462: 5 0
463: 3 0
464: 4 0
465: 3 0
466: 4 0
467: 4 0
468: 4 0
469: 3 0
470: 4 0
471: 4 0
472: 4 0
473: 4 0
474: 4 0
475: 4 0
476: 4 0
477: 3 0
478: 4 0
479: 3 0
480: 3 0
481: 4 0
482: 3 0
483: 3 0
484: 4 0
485: 4 0
486: 3 0
487: 4 0
488: 3 0
489: 5 0
490: 4 0
491: 4 0
492: 4 0
493: 4 0
494: 3 0
495: 3 0
496: 4 0
497: 3 0
498: 5 0
499: 3 0
500: 5 0
