0, 0, 0, 0.0, 0, 6.804646464646464
1, 2.789092311194798e-99, 0.0, 2.7890923111947982e-101, 2.789092311194798e-99, 10.998585858585859
2, 1.2265726156702121e-73, 0.0, 1.2265726156702122e-75, 1.2265726156702121e-73, 15.176565656565657
3, 8.507114040135709e-277, 0.0, 8.507114040135708e-279, 1.2265726156702121e-73, 16.31131313131313
4, 5.740484549166282e-168, 0.0, 5.7404845491662816e-170, 1.2265726156702121e-73, 18.015555555555554
5, 1.2958365998040592e-70, 0.0, 1.2958365998040593e-72, 1.2958365998040592e-70, 18.13737373737374
6, 5.042543431174262e-28, 0.0, 5.042543431174262e-30, 5.042543431174262e-28, 18.487272727272728
7, 7.145156855856618e-105, 0.0, 7.145156855856618e-107, 5.042543431174262e-28, 20.768080808080807
8, 5.2283822329893e-42, 0.0, 5.2283822329893e-44, 5.042543431174262e-28, 25.83959595959596
9, 1.531271468309494e-112, 0.0, 1.531271468309494e-114, 5.042543431174262e-28, 31.110101010101012
10, 2.3842584119590825e-66, 0.0, 2.3842584119590823e-68, 5.042543431174262e-28, 33.28666666666667
11, 3.245880858673243e-105, 0.0, 3.245880858673243e-107, 5.042543431174262e-28, 33.4810101010101
12, 8.770796296731952e-157, 0.0, 8.770796296731952e-159, 5.042543431174262e-28, 40.48686868686869
13, 2.1362553039307187e-123, 0.0, 2.1362553039307187e-125, 5.042543431174262e-28, 41.50464646464646
14, 4.481338039569443e-104, 0.0, 4.481338039569443e-106, 5.042543431174262e-28, 39.28484848484848
15, 1.3657134285306128e-107, 0.0, 1.3657134285306162e-109, 5.042543431174262e-28, 40.27939393939394
16, 3.3018224740659226e-17, 0.0, 3.3018224740659226e-19, 3.3018224740659226e-17, 40.78080808080808
17, 2.9987423175891835e-118, 0.0, 2.9987423175891876e-120, 3.3018224740659226e-17, 39.30585858585859
18, 1.4021503166620437e-43, 0.0, 1.4021503166620438e-45, 3.3018224740659226e-17, 34.30343434343435
19, 1.5181076291246466e-103, 0.0, 1.5181076291246466e-105, 3.3018224740659226e-17, 32.765454545454546
20, 4.820688176406778e-158, 0.0, 4.820688176406778e-160, 3.3018224740659226e-17, 29.074949494949497
21, 5.091179856278806e-71, 0.0, 5.0911798562788064e-73, 3.3018224740659226e-17, 43.04020202020202
22, 7.715164175525075e-62, 0.0, 7.715164175527511e-64, 3.3018224740659226e-17, 37.923434343434344
23, 2.648995616338374e-92, 0.0, 4.405385597416561e-94, 3.3018224740659226e-17, 42.231515151515154
24, 5.514978562825067e-62, 0.0, 5.514978562825067e-64, 3.3018224740659226e-17, 42.18888888888889
25, 7.88647692329751e-27, 0.0, 7.88647692329751e-29, 3.3018224740659226e-17, 40.66828282828283
26, 3.0288675771676827e-41, 0.0, 3.0288675771676827e-43, 3.3018224740659226e-17, 47.482424242424244
27, 1.1711706048954732e-62, 0.0, 1.1711706050052544e-64, 3.3018224740659226e-17, 46.013333333333335
28, 1.9948594616600167e-71, 0.0, 1.9948594616600167e-73, 3.3018224740659226e-17, 52.48525252525253
29, 6.457040677756983e-98, 0.0, 6.457040677756983e-100, 3.3018224740659226e-17, 47.695757575757575
30, 1.1885763024762894e-99, 0.0, 1.1885763028003703e-101, 3.3018224740659226e-17, 45.93616161616161
31, 7.02899274885474e-69, 0.0, 7.028992782714098e-71, 3.3018224740659226e-17, 41.57494949494949
32, 2.4598681861205107e-62, 0.0, 2.4598681861205106e-64, 3.3018224740659226e-17, 32.96181818181818
33, 1.8209579677266586e-83, 0.0, 1.8209685786213723e-85, 3.3018224740659226e-17, 32.27656565656566
34, 8.073657889838575e-50, 0.0, 8.07365797444824e-52, 3.3018224740659226e-17, 32.366262626262625
35, 1.5478794628346738e-42, 0.0, 1.547879462835636e-44, 3.3018224740659226e-17, 32.60888888888889
36, 2.0113956988200531e-63, 0.0, 2.0113956988200727e-65, 3.3018224740659226e-17, 56.895353535353536
37, 8.23897316091107e-40, 0.0, 8.238973160911072e-42, 3.3018224740659226e-17, 59.727474747474744
38, 1.1578878850392081e-49, 0.0, 1.1578878850392082e-51, 3.3018224740659226e-17, 58.29676767676768
39, 1.3766146386619325e-25, 0.0, 1.3766146386619325e-27, 3.3018224740659226e-17, 64.42888888888889
40, 5.394554384810982e-86, 0.0, 5.394554384810982e-88, 3.3018224740659226e-17, 62.01555555555556
41, 8.191649853173589e-25, 0.0, 8.191649853173589e-27, 3.3018224740659226e-17, 66.86363636363636
42, 2.1120107182913405e-37, 0.0, 2.1120107182913403e-39, 3.3018224740659226e-17, 64.27878787878788
43, 6.343313275498308e-67, 0.0, 7.369811567930633e-69, 3.3018224740659226e-17, 65.01838383838384
44, 1.6617538481242693e-60, 0.0, 1.6617610866397372e-62, 3.3018224740659226e-17, 60.40969696969697
45, 4.252580594994423e-86, 0.0, 4.2525805949944226e-88, 3.3018224740659226e-17, 51.65555555555556
46, 6.392594177294348e-77, 0.0, 1.1182169466912062e-78, 3.3018224740659226e-17, 63.06787878787879
47, 2.0983706963875882e-45, 0.0, 2.0983706963875882e-47, 3.3018224740659226e-17, 73.78020202020203
48, 2.8958435889203566e-48, 0.0, 2.899524056275128e-50, 3.3018224740659226e-17, 74.29232323232323
49, 4.630449093733088e-20, 0.0, 4.630449188063129e-22, 3.3018224740659226e-17, 67.610101010101
50, 1.726452127814702e-70, 0.0, 1.726452127814702e-72, 3.3018224740659226e-17, 63.06060606060606
51, 6.664590335155839e-59, 0.0, 6.66459033515584e-61, 3.3018224740659226e-17, 59.06060606060606
52, 1.1248968816729569e-47, 0.0, 1.130523196398144e-49, 3.3018224740659226e-17, 50.266666666666666
53, 2.1420025484931402e-34, 0.0, 2.1420025484931404e-36, 3.3018224740659226e-17, 40.766666666666666
54, 5.58378173835919e-46, 0.0, 5.597179900697302e-48, 3.3018224740659226e-17, 40.24686868686869
55, 5.3373572142470123e-39, 0.0, 5.337357214247372e-41, 3.3018224740659226e-17, 46.437171717171715
56, 6.3323379403888505e-27, 0.0, 6.332338052341026e-29, 3.3018224740659226e-17, 39.97676767676768
57, 3.0194061124494703e-77, 0.0, 3.0194061124494704e-79, 3.3018224740659226e-17, 35.95131313131313
58, 8.343012773065637e-15, 0.0, 8.343012787226442e-17, 8.343012773065637e-15, 33.55191919191919
59, 1.042530499043872e-10, 0.0, 1.042531017739248e-12, 1.042530499043872e-10, 33.003232323232325
60, 2.884152351872778e-65, 0.0, 2.8841523518727778e-67, 1.042530499043872e-10, 29.214545454545455
61, 4.742769092201611e-34, 0.0, 4.74276941209603e-36, 1.042530499043872e-10, 37.08989898989899
62, 3.27012925234572e-27, 0.0, 3.27012925234572e-29, 1.042530499043872e-10, 36.28141414141414
63, 7.911201739306633e-29, 0.0, 8.290349253911038e-31, 1.042530499043872e-10, 35.97676767676768
64, 5.4102502449439256e-36, 0.0, 5.410250244943926e-38, 1.042530499043872e-10, 28.436363636363637
65, 9.276916192525692e-45, 0.0, 9.276916192525692e-47, 1.042530499043872e-10, 25.933535353535355
66, 5.292740599603437e-88, 0.0, 5.293079509640756e-90, 1.042530499043872e-10, 40.47212121212121
67, 6.535947332123333e-100, 0.0, 6.5359473322914066e-102, 1.042530499043872e-10, 39.86181818181818
68, 1.288663340263015e-27, 0.0, 1.2886633524682303e-29, 1.042530499043872e-10, 42.47191919191919
69, 6.1167040262931e-58, 0.0, 6.116704026603318e-60, 1.042530499043872e-10, 40.63010101010101
70, 4.2931987812155437e-44, 0.0, 4.293202439881225e-46, 1.042530499043872e-10, 41.84989898989899
71, 1.8051002629936473e-66, 0.0, 1.8051002629936474e-68, 1.042530499043872e-10, 42.60121212121212
72, 7.821287872700813e-67, 0.0, 7.828010020196064e-69, 1.042530499043872e-10, 42.32161616161616
73, 9.24394263410091e-59, 0.0, 9.24394263410091e-61, 1.042530499043872e-10, 42.645656565656566
74, 5.213739342115332e-111, 0.0, 5.213739342115332e-113, 1.042530499043872e-10, 39.01777777777778
75, 3.4730134611668736e-50, 0.0, 3.4730134611668735e-52, 1.042530499043872e-10, 31.41979797979798
76, 8.887501390801322e-64, 0.0, 8.887501390801322e-66, 1.042530499043872e-10, 34.27777777777778
77, 3.3213699133956037e-111, 0.0, 3.3213699133956036e-113, 1.042530499043872e-10, 31.990909090909092
78, 1.1311473670411245e-59, 0.0, 1.1311473670411245e-61, 1.042530499043872e-10, 36.258989898989896
79, 2.3887053658811837e-124, 0.0, 2.3887053658811837e-126, 1.042530499043872e-10, 37.90707070707071
80, 2.5990630085406844e-43, 0.0, 2.5990630085406843e-45, 1.042530499043872e-10, 37.33151515151515
81, 6.111327680337488e-22, 0.0, 6.1113276803374885e-24, 1.042530499043872e-10, 36.103434343434344
82, 1.1921042774140907e-22, 0.0, 1.1921051841850412e-24, 1.042530499043872e-10, 35.01313131313131
83, 8.225250432862654e-08, 0.0, 8.225250432862654e-10, 8.225250432862654e-08, 28.747878787878786
84, 1.4028332640579816e-64, 0.0, 1.402833264740029e-66, 8.225250432862654e-08, 32.50080808080808
85, 0.0012702367227691114, 0.0, 1.2702367556755754e-05, 0.0012702367227691114, 31.515757575757576
86, 3.850022347679632e-21, 0.0, 4.351437413036998e-23, 0.0012702367227691114, 33.101616161616164
87, 3.8625320114379963e-10, 0.0, 3.862532011437996e-12, 0.0012702367227691114, 33.56545454545454
88, 3.1369692878365543e-23, 0.0, 3.1369692878365544e-25, 0.0012702367227691114, 32.36424242424243
89, 1.6433618396335088e-22, 0.0, 1.9445391989568163e-24, 0.0012702367227691114, 33.14606060606061
90, 3.14779954301173e-07, 0.0, 3.148159620803636e-09, 0.0012702367227691114, 28.37010101010101
91, 5.874676119650493e-10, 0.0, 5.874676119657213e-12, 0.0012702367227691114, 28.161010101010103
92, 1.1511228265479905e-09, 0.0, 2.681254077876417e-11, 0.0012702367227691114, 29.56222222222222
93, 9.156873411721158e-30, 0.0, 9.157245201224276e-32, 0.0012702367227691114, 30.22222222222222
94, 3.181851633166369e-14, 0.0, 3.1868778114841026e-16, 0.0012702367227691114, 26.505656565656565
95, 2.6854531586858156e-16, 0.0, 2.689092233111031e-18, 0.0012702367227691114, 29.438787878787878
96, 1.3636829839215127e-12, 0.0, 1.3636893284447058e-14, 0.0012702367227691114, 28.155757575757576
97, 0.016363336926399148, 0.0, 0.00016363878281954944, 0.016363336926399148, 29.341818181818184
98, 1.5447591727149627e-11, 0.0, 1.738985350063588e-13, 0.016363336926399148, 30.112525252525252
99, 5.5252774590210257e-05, 0.0, 5.525277460179103e-07, 0.016363336926399148, 31.93090909090909
100, 1.1416711567163107e-12, 0.0, 1.1419846526845412e-14, 0.016363336926399148, 30.578585858585857
101, 9.501249363592306e-14, 0.0, 1.8309161611384806e-15, 0.016363336926399148, 30.821616161616163
102, 4.0279320928113786e-12, 0.0, 4.0279351096515096e-14, 0.016363336926399148, 30.31171717171717
103, 5.994860734678971e-06, 0.0, 5.994860734681094e-08, 0.016363336926399148, 33.36969696969697
104, 1.4045951558038802e-12, 0.0, 1.4081491819958722e-14, 0.016363336926399148, 33.355555555555554
105, 3.652831272378865e-06, 0.0, 3.6528312784197186e-08, 0.016363336926399148, 30.065252525252525
106, 4.134431606429755e-20, 0.0, 4.214303895480978e-22, 0.016363336926399148, 42.582424242424246
107, 0.04393693362340742, 0.0, 0.00043936956028505446, 0.04393693362340742, 39.083636363636366
108, 3.094003356359217e-09, 0.0, 3.5349218178195713e-11, 0.04393693362340742, 38.29373737373737
109, 7.577191056577686e-06, 0.0, 1.290488925957439e-07, 0.04393693362340742, 38.68767676767677
110, 0.004261184950436459, 0.0, 4.4188633622402164e-05, 0.04393693362340742, 45.6979797979798
111, 9.272362569039744e-13, 0.0, 9.690664668810052e-15, 0.04393693362340742, 43.37919191919192
112, 7.524875073151571e-13, 0.0, 7.524916272329633e-15, 0.04393693362340742, 46.324444444444445
113, 0.0006378241114568131, 0.0, 6.378241114568131e-06, 0.04393693362340742, 45.09131313131313
114, 1.3298723097800512e-10, 0.0, 1.8565086734508383e-12, 0.04393693362340742, 41.45878787878788
115, 5.481443040813813e-15, 0.0, 6.616824174206203e-17, 0.04393693362340742, 42.89212121212121
116, 2.1756725539447426e-09, 0.0, 2.2067993987972254e-11, 0.04393693362340742, 38.13232323232323
117, 1.2487879800470759e-05, 0.0, 1.2487880533520246e-07, 0.04393693362340742, 35.66949494949495
118, 7.167616094035496e-12, 0.0, 7.175694611692867e-14, 0.04393693362340742, 31.596767676767676
119, 3.66097221243548e-08, 0.0, 6.769527777025546e-10, 0.04393693362340742, 30.01131313131313
120, 1.8859259678982986e-10, 0.0, 1.9555767713745992e-12, 0.04393693362340742, 28.306464646464647
121, 5.541751233646585e-06, 0.0, 5.541752680359438e-08, 0.04393693362340742, 29.528484848484847
122, 3.993337409857663e-25, 0.0, 3.994128530031606e-27, 0.04393693362340742, 29.91010101010101
123, 2.096142143885857e-17, 0.0, 2.0961421438863103e-19, 0.04393693362340742, 30.80727272727273
124, 1.2655704584288924e-32, 0.0, 1.2655704584288923e-34, 0.04393693362340742, 29.107474747474747
125, 5.541751233646585e-06, 0.0, 5.541751964182456e-08, 0.04393693362340742, 28.6379797979798
126, 1.0986784723696962e-33, 0.0, 1.0986784723844865e-35, 0.04393693362340742, 28.44727272727273
127, 1.1055592856525116e-36, 0.0, 1.1055592856525115e-38, 0.04393693362340742, 31.144040404040403
128, 1.0448813119829967e-14, 0.0, 1.0448813119829967e-16, 0.04393693362340742, 30.562424242424242
129, 8.126372043882525e-17, 0.0, 8.126372043909447e-19, 0.04393693362340742, 35.957373737373736
130, 7.615559734931649e-16, 0.0, 7.615567520283727e-18, 0.04393693362340742, 37.12949494949495
131, 1.0698018965321146e-16, 0.0, 1.0710313623332745e-18, 0.04393693362340742, 33.91131313131313
132, 1.8706062159130396e-06, 0.0, 1.8708937566926188e-08, 0.04393693362340742, 28.566666666666666
133, 4.516569492960037e-08, 0.0, 4.516569492960504e-10, 0.04393693362340742, 26.445858585858584
134, 1.7864554978092015e-16, 0.0, 3.5729775322130815e-18, 0.04393693362340742, 29.445252525252524
135, 0.0009740109617710564, 0.0, 9.769015903052628e-06, 0.04393693362340742, 34.69939393939394
136, 3.304293085415995e-06, 0.0, 3.304293251093845e-08, 0.04393693362340742, 29.95959595959596
137, 6.391140560625131e-08, 0.0, 1.236372742656798e-09, 0.04393693362340742, 33.23292929292929
138, 5.377443718136254e-12, 0.0, 5.377443718136254e-14, 0.04393693362340742, 30.34929292929293
139, 3.6914123624159395e-23, 0.0, 3.692038406737446e-25, 0.04393693362340742, 33.03333333333333
140, 2.31938787044221e-14, 0.0, 2.3193880282549796e-16, 0.04393693362340742, 33.403838383838384
141, 4.730823670410393e-25, 0.0, 4.737723209670362e-27, 0.04393693362340742, 33.92888888888889
142, 5.1228351341512765e-11, 0.0, 5.122835284041389e-13, 0.04393693362340742, 32.84323232323232
143, 6.615973503989044e-21, 0.0, 6.615974682894402e-23, 0.04393693362340742, 37.94626262626262
144, 4.944195236319877e-13, 0.0, 4.944205669818883e-15, 0.04393693362340742, 34.8820202020202
145, 1.758379671756506e-08, 0.0, 3.516759345793656e-10, 0.04393693362340742, 33.87131313131313
146, 4.97312489934904e-15, 0.0, 4.9777079991883805e-17, 0.04393693362340742, 32.73414141414141
147, 0.025013790154817726, 0.0, 0.0002501379027418692, 0.04393693362340742, 28.812121212121212
148, 0.0004190300174148369, 0.0, 4.190301656369279e-06, 0.04393693362340742, 30.09232323232323
149, 1.5295543139710518e-15, 0.0, 1.52955582479469e-17, 0.04393693362340742, 31.387070707070706
150, 3.981066944512399e-20, 0.0, 3.9810669622400147e-22, 0.04393693362340742, 30.33191919191919
151, 4.1078838720479454e-11, 0.0, 4.1084145366540963e-13, 0.04393693362340742, 33.39858585858586
152, 0.01813136441026297, 0.0, 0.0001813136451738354, 0.04393693362340742, 36.96161616161616
153, 1.0337174586296901e-16, 0.0, 1.0337174586296902e-18, 0.04393693362340742, 34.284646464646464
154, 2.7987638482928832e-09, 0.0, 2.931824437611279e-11, 0.04393693362340742, 41.0189898989899
155, 8.7323440323722e-09, 0.0, 8.732440514387336e-11, 0.04393693362340742, 39.90909090909091
156, 5.481443040813813e-15, 0.0, 5.590584263090331e-17, 0.04393693362340742, 43.92848484848485
157, 6.997882833556603e-07, 0.0, 6.9978828335566395e-09, 0.04393693362340742, 43.026666666666664
158, 2.315952652684396e-12, 0.0, 2.3242290234817195e-14, 0.04393693362340742, 39.761818181818185
159, 0.008818636612443977, 0.0, 8.831881466249797e-05, 0.04393693362340742, 43.27959595959596
160, 7.725747315414346e-06, 0.0, 7.725781148971198e-08, 0.04393693362340742, 46.88949494949495
161, 7.533288557462633e-18, 0.0, 7.785294219170556e-20, 0.04393693362340742, 49.37232323232323
162, 1.6344134976063136e-11, 0.0, 1.6362706406371184e-13, 0.04393693362340742, 56.17515151515151
163, 2.0001478762037805e-12, 0.0, 2.0001478762037806e-14, 0.04393693362340742, 48.98080808080808
164, 9.413865455879242e-07, 0.0, 9.413865456156571e-09, 0.04393693362340742, 42.7820202020202
165, 6.231701988749308e-16, 0.0, 6.231737614335611e-18, 0.04393693362340742, 36.841818181818184
166, 6.245622035317746e-08, 0.0, 6.245622035317746e-10, 0.04393693362340742, 54.274949494949496
167, 7.375923508873931e-12, 0.0, 7.375923509562106e-14, 0.04393693362340742, 53.0010101010101
168, 6.382015923610526e-11, 0.0, 6.453771205038149e-13, 0.04393693362340742, 57.957979797979796
169, 0.0003633296532973107, 0.0, 3.633419840944212e-06, 0.04393693362340742, 57.1579797979798
170, 8.141820957761247e-20, 0.0, 8.141820957761247e-22, 0.04393693362340742, 52.28181818181818
171, 1.7586712599183741e-06, 0.0, 1.7586712738575654e-08, 0.04393693362340742, 57.705252525252526
172, 1.3183655424569205e-08, 0.0, 1.3233491997764415e-10, 0.04393693362340742, 58.62888888888889
173, 8.343012773065637e-15, 0.0, 8.40469970889246e-17, 0.04393693362340742, 52.965252525252524
174, 1.949004165872772e-06, 0.0, 1.9490041719136218e-08, 0.04393693362340742, 48.777373737373736
175, 1.4391653131973304e-14, 0.0, 1.439181263825291e-16, 0.04393693362340742, 45.57939393939394
176, 9.301368016640084e-16, 0.0, 1.2385106134500363e-17, 0.04393693362340742, 41.29212121212121
177, 7.520585717804101e-11, 0.0, 7.530087043007118e-13, 0.04393693362340742, 38.28868686868687
178, 3.2970196694689797e-10, 0.0, 3.2970196694689795e-12, 0.04393693362340742, 39.61151515151515
179, 1.0328310778409797e-07, 0.0, 1.0329914381781525e-09, 0.04393693362340742, 36.74565656565657
180, 2.576757109154981e-18, 0.0, 2.5771230392431243e-20, 0.04393693362340742, 50.886464646464646
181, 1.869116458164138e-09, 0.0, 1.8691164646990204e-11, 0.04393693362340742, 46.2979797979798
182, 5.095298281484024e-13, 0.0, 5.0952995228915885e-15, 0.04393693362340742, 51.79858585858586
183, 4.765959733493888e-10, 0.0, 7.43321760818703e-12, 0.04393693362340742, 52.75313131313131
184, 3.5688482687337735e-10, 0.0, 3.5690876751592132e-12, 0.04393693362340742, 55.52989898989899
185, 7.646127434209874e-14, 0.0, 8.251437511081489e-16, 0.04393693362340742, 50.54242424242424
186, 3.181851633166369e-14, 0.0, 3.505139714836697e-16, 0.04393693362340742, 47.88505050505051
187, 4.1736620377711914e-09, 0.0, 4.173662037771191e-11, 0.04393693362340742, 58.8630303030303
188, 2.487039784798268e-34, 0.0, 3.309720718290873e-36, 0.04393693362340742, 57.33353535353535
189, 1.451574375995919e-08, 0.0, 1.4515935618626725e-10, 0.04393693362340742, 45.25919191919192
190, 9.651125888212048e-17, 0.0, 9.80654637945328e-19, 0.04393693362340742, 40.344242424242424
191, 4.892478031023514e-10, 0.0, 4.913689529196996e-12, 0.04393693362340742, 39.30444444444444
192, 9.393949736049535e-09, 0.0, 9.39396499791806e-11, 0.04393693362340742, 52.05939393939394
193, 1.2409832958137658e-22, 0.0, 1.2409834316723516e-24, 0.04393693362340742, 53.14888888888889
194, 1.2869675877486408e-08, 0.0, 1.306672350755538e-10, 0.04393693362340742, 53.658181818181816
195, 9.625134334873377e-09, 0.0, 9.627344505471364e-11, 0.04393693362340742, 58.353131313131314
196, 4.757335063998118e-07, 0.0, 4.819320472763741e-09, 0.04393693362340742, 53.12080808080808
197, 4.0917649083462146e-15, 0.0, 4.0917752026892874e-17, 0.04393693362340742, 49.86545454545455
198, 3.180407991908508e-16, 0.0, 3.304079480797865e-18, 0.04393693362340742, 44.95414141414141
199, 0.030337582151919913, 0.0, 0.00030337582212336785, 0.04393693362340742, 40.563434343434345
200, 7.412022187807236e-14, 0.0, 7.488178244102132e-16, 0.04393693362340742, 36.89333333333333
201, 1.9866284444931156e-21, 0.0, 2.0206589618612457e-23, 0.04393693362340742, 42.9589898989899
202, 7.988142134696279e-13, 0.0, 8.384768022344567e-15, 0.04393693362340742, 41.33979797979798
203, 1.376299270450052e-13, 0.0, 1.3763082810614356e-15, 0.04393693362340742, 38.1139393939394
204, 3.1740188404757354e-06, 0.0, 3.1751409100966756e-08, 0.04393693362340742, 34.24808080808081
205, 1.5017574009221195e-11, 0.0, 1.9164158673386325e-13, 0.04393693362340742, 38.49050505050505
206, 0.0003810758962194768, 0.0, 3.8107589622500835e-06, 0.04393693362340742, 32.98989898989899
207, 0.01940097415496676, 0.0, 0.00033985990612520105, 0.04393693362340742, 32.683232323232325
208, 3.8837695244272707e-13, 0.0, 3.894536788656979e-15, 0.04393693362340742, 30.592525252525252
209, 3.768052195483057e-13, 0.0, 3.768068629648968e-15, 0.04393693362340742, 36.12686868686869
210, 1.7558469757856015e-36, 0.0, 1.7558470651863618e-38, 0.04393693362340742, 37.028888888888886
211, 4.956405319172498e-08, 0.0, 5.097680500958701e-10, 0.04393693362340742, 32.85535353535354
212, 8.52205779528095e-09, 0.0, 8.522057802670634e-11, 0.04393693362340742, 38.32060606060606
213, 0.00036915719571140737, 0.0, 3.698454058164825e-06, 0.04393693362340742, 38.61515151515152
214, 5.776276678910094e-14, 0.0, 1.3791150085111092e-15, 0.04393693362340742, 45.82888888888889
215, 1.1451321507734548e-22, 0.0, 1.1453570540896035e-24, 0.04393693362340742, 40.48404040404041
216, 2.3891035428868367e-13, 0.0, 2.4457234980563264e-15, 0.04393693362340742, 38.01252525252525
217, 2.0359722419392813e-05, 0.0, 2.0359722419392836e-07, 0.04393693362340742, 32.93636363636364
218, 1.5382574224104802e-24, 0.0, 1.5382574224104934e-26, 0.04393693362340742, 31.244242424242426
219, 2.947530352122802e-07, 0.0, 3.1319730677819914e-09, 0.04393693362340742, 36.52868686868687
220, 0.04527175277670777, 0.0, 0.0004527740553907854, 0.04527175277670777, 34.69070707070707
221, 5.097260823011044e-14, 0.0, 5.119927017408822e-16, 0.04527175277670777, 31.382424242424243
222, 2.5973272354987746e-10, 0.0, 2.597327237646067e-12, 0.04527175277670777, 49.97838383838384
223, 4.3314777558069954e-19, 0.0, 8.626674865448688e-21, 0.04527175277670777, 56.365656565656565
224, 6.032578937686628e-28, 0.0, 8.753447347730082e-30, 0.04527175277670777, 53.716767676767674
225, 3.748274688175221e-07, 0.0, 3.75430455878735e-09, 0.04527175277670777, 56.30383838383838
226, 1.4127495442731926e-09, 0.0, 1.4267636140186447e-11, 0.04527175277670777, 46.48626262626263
227, 4.724840656790184e-09, 0.0, 4.7248406568058856e-11, 0.04527175277670777, 43.46282828282828
228, 8.609555955115374e-08, 0.0, 9.111806881441302e-10, 0.04527175277670777, 48.656363636363636
229, 0.0003519322051223483, 0.0, 3.5193220965053475e-06, 0.04527175277670777, 64.14727272727272
230, 0.003005738452259078, 0.0, 3.0057413222826477e-05, 0.04527175277670777, 59.88505050505051
231, 1.2963808168255435e-15, 0.0, 1.5869367814804462e-17, 0.04527175277670777, 54.666666666666664
232, 3.927019510784425e-08, 0.0, 3.9316857450007645e-10, 0.04527175277670777, 47.94747474747475
233, 2.2490559670323463e-06, 0.0, 2.7685132608127816e-08, 0.04527175277670777, 49.435353535353535
234, 1.3443890526276644e-18, 0.0, 1.4334920846325932e-20, 0.04527175277670777, 37.82424242424243
235, 0.00505310688558392, 0.0, 5.0531365411765795e-05, 0.04527175277670777, 38.44
236, 7.320491459315471e-05, 0.0, 7.320908872232812e-07, 0.04527175277670777, 33.70242424242424
237, 7.505895241287007e-08, 0.0, 7.522826910824618e-10, 0.04527175277670777, 30.5389898989899
238, 6.19854035019902e-09, 0.0, 8.020837494548175e-11, 0.04527175277670777, 25.846060606060608
239, 4.1078838720479454e-11, 0.0, 4.870175452093753e-13, 0.04527175277670777, 33.76525252525253
240, 2.9440554126892977e-11, 0.0, 2.9440554126892977e-13, 0.04527175277670777, 28.097979797979797
241, 3.127152762261591e-10, 0.0, 3.127152920562456e-12, 0.04527175277670777, 24.67030303030303
242, 1.961594111698504e-05, 0.0, 1.964047526742752e-07, 0.04527175277670777, 33.9789898989899
243, 0.22314979646650823, 0.0, 0.002231498768604556, 0.22314979646650823, 40.99777777777778
244, 2.4900693412097526e-06, 0.0, 2.4901346915360256e-08, 0.22314979646650823, 38.80808080808081
245, 4.956405319172498e-08, 0.0, 4.956405320797507e-10, 0.22314979646650823, 46.09232323232323
246, 5.185652362136108e-07, 0.0, 5.1856599616728635e-09, 0.22314979646650823, 44.04161616161616
247, 1.3219731947926079e-05, 0.0, 1.322891716101101e-07, 0.22314979646650823, 42.99919191919192
248, 0.00539160588817043, 0.0, 5.3916058887216626e-05, 0.22314979646650823, 39.39979797979798
249, 1.7875588711279812e-10, 0.0, 1.787559612219753e-12, 0.22314979646650823, 36.20727272727273
250, 3.710714311617712e-15, 0.0, 3.7107320786153494e-17, 0.22314979646650823, 28.095757575757577
251, 5.8263892272798664e-05, 0.0, 5.826389231956194e-07, 0.22314979646650823, 27.211919191919193
252, 3.0174672993995197e-09, 0.0, 3.017467349520819e-11, 0.22314979646650823, 29.16
253, 4.079267610083504e-05, 0.0, 4.0878795227117207e-07, 0.22314979646650823, 26.992727272727272
254, 3.588533599535167e-07, 0.0, 3.588858171857175e-09, 0.22314979646650823, 24.36121212121212
255, 5.055988917895531e-05, 0.0, 5.056643478814957e-07, 0.22314979646650823, 28.524444444444445
256, 3.4786212506325875e-11, 0.0, 4.261238763499482e-13, 0.22314979646650823, 31.416565656565655
257, 0.000826003125956078, 0.0, 8.260031259560896e-06, 0.22314979646650823, 35.114747474747475
258, 1.3662242729784833e-10, 0.0, 1.4443332649048081e-12, 0.22314979646650823, 35.27656565656566
259, 3.801906144598796e-06, 0.0, 3.801906144601832e-08, 0.22314979646650823, 31.244444444444444
260, 8.616029768819092e-15, 0.0, 9.143085324043777e-17, 0.22314979646650823, 31.193737373737374
261, 8.230166200220784e-13, 0.0, 8.498266593676456e-15, 0.22314979646650823, 37.215555555555554
262, 2.942777422543735e-09, 0.0, 2.9448851639548605e-11, 0.22314979646650823, 37.3210101010101
263, 1.1054977112226558e-07, 0.0, 1.1054977234775754e-09, 0.22314979646650823, 40.852525252525254
264, 1.9808531801431878e-07, 0.0, 1.9811167492554436e-09, 0.22314979646650823, 40.313131313131315
265, 1.5497531357028994e-07, 0.0, 2.012037003861899e-09, 0.22314979646650823, 43.60666666666667
266, 1.733072164012117e-07, 0.0, 1.734756990334314e-09, 0.22314979646650823, 41.446060606060605
267, 4.268118577310408e-12, 0.0, 4.5728891088126235e-14, 0.22314979646650823, 44.05232323232323
268, 3.830700370971563e-07, 0.0, 3.8307003754744275e-09, 0.22314979646650823, 44.18242424242424
269, 3.8363168165502454e-08, 0.0, 3.9016198941764065e-10, 0.22314979646650823, 39.31111111111111
270, 7.877090091678993e-06, 0.0, 7.877090092015536e-08, 0.22314979646650823, 39.70181818181818
271, 1.7791564097372478e-25, 0.0, 1.7798787231380254e-27, 0.22314979646650823, 43.03919191919192
272, 2.289734845645553e-11, 0.0, 2.446382604510444e-13, 0.22314979646650823, 42.10080808080808
273, 8.702144485781041e-16, 0.0, 8.751277184365654e-18, 0.22314979646650823, 55.782626262626266
274, 0.000563855807282304, 0.0, 5.63855807317289e-06, 0.22314979646650823, 48.95050505050505
275, 1.8709348185463495e-13, 0.0, 1.8737257117317597e-15, 0.22314979646650823, 44.148080808080806
276, 0.006786635284974866, 0.0, 7.19910325649654e-05, 0.22314979646650823, 39.83010101010101
277, 1.869116458164138e-09, 0.0, 1.8713422933422376e-11, 0.22314979646650823, 39.10141414141414
278, 0.00014528575946536922, 0.0, 1.4660192282648298e-06, 0.22314979646650823, 42.774343434343436
279, 2.0289709512354704e-08, 0.0, 2.0335070141630163e-10, 0.22314979646650823, 36.6389898989899
280, 0.00013354287107870716, 0.0, 1.8782951055511362e-06, 0.22314979646650823, 33.351313131313134
281, 3.361191926025446e-07, 0.0, 3.3799938690791417e-09, 0.22314979646650823, 27.617575757575757
282, 1.6493461389362342e-10, 0.0, 1.6493461389396063e-12, 0.22314979646650823, 28.033737373737374
283, 3.727722528378077e-05, 0.0, 3.744698704808693e-07, 0.22314979646650823, 25.934747474747475
284, 2.0684051201371053e-09, 0.0, 2.0684051207693176e-11, 0.22314979646650823, 23.515959595959597
285, 4.463030514917848e-11, 0.0, 7.761564427021801e-13, 0.22314979646650823, 23.105252525252524
286, 1.2624301551256563e-06, 0.0, 1.2624301551256562e-08, 0.22314979646650823, 24.664848484848484
287, 4.731530598644219e-08, 0.0, 5.79217935147561e-10, 0.22314979646650823, 25.421818181818182
288, 0.0018734605440006299, 0.0, 1.873713800855493e-05, 0.22314979646650823, 24.870505050505052
289, 1.1210880353655876e-18, 0.0, 1.1211195615693442e-20, 0.22314979646650823, 23.93838383838384
290, 1.2287590613367752e-19, 0.0, 1.2287590613367752e-21, 0.22314979646650823, 25.387272727272727
291, 0.00023119894137601512, 0.0, 2.311989413760151e-06, 0.22314979646650823, 37.47878787878788
292, 0.0005997773829577183, 0.0, 5.998956981249375e-06, 0.22314979646650823, 39.27030303030303
293, 2.0684051201371053e-09, 0.0, 2.4546583225375136e-11, 0.22314979646650823, 42.63090909090909
294, 4.5224366476950904e-10, 0.0, 4.522454102348097e-12, 0.22314979646650823, 44.417575757575754
295, 8.293430131656787e-07, 0.0, 8.293430828249525e-09, 0.22314979646650823, 45.82848484848485
296, 7.619044208991611e-10, 0.0, 9.455322820019603e-12, 0.22314979646650823, 42.21151515151515
297, 0.0001661213520896926, 0.0, 1.6612151265379272e-06, 0.22314979646650823, 40.62282828282828
298, 3.38530135821929e-10, 0.0, 3.3853152094069318e-12, 0.22314979646650823, 38.72727272727273
299, 5.877832214519001e-11, 0.0, 5.887043591484533e-13, 0.22314979646650823, 37.82727272727273
300, 0.00015537453513942256, 0.0, 1.5537456626573714e-06, 0.22314979646650823, 36.10565656565657
301, 4.765959733493888e-10, 0.0, 4.766231455042662e-12, 0.22314979646650823, 33.05232323232323
302, 1.2431616308591246e-09, 0.0, 1.6463610884640934e-11, 0.22314979646650823, 39.031919191919194
303, 4.278634159050705e-09, 0.0, 4.2786343377547744e-11, 0.22314979646650823, 38.63131313131313
304, 2.947530352122802e-07, 0.0, 2.9475317191624927e-09, 0.22314979646650823, 39.07636363636364
305, 3.586658954850322e-12, 0.0, 3.586659074529773e-14, 0.22314979646650823, 39.23777777777778
306, 4.4955452089185905e-21, 0.0, 4.4960823248803297e-23, 0.22314979646650823, 36.91171717171717
307, 3.815809518064445e-52, 0.0, 4.5817834380134706e-54, 0.22314979646650823, 45.32525252525252
308, 5.5346100717010135e-12, 0.0, 5.534610071707345e-14, 0.22314979646650823, 31.34262626262626
309, 1.0565233413901491e-07, 0.0, 1.0565407762308344e-09, 0.22314979646650823, 29.24707070707071
310, 1.934561612473004e-08, 0.0, 1.9452856017998196e-10, 0.22314979646650823, 26.246464646464645
311, 1.4317026422427736e-15, 0.0, 1.432909576642774e-17, 0.22314979646650823, 33.7460606060606
312, 1.4167530246096694e-07, 0.0, 1.8949387179858257e-09, 0.22314979646650823, 35.64242424242424
313, 3.048685633689856e-06, 0.0, 3.0486869214534554e-08, 0.22314979646650823, 34.49030303030303
314, 5.270311599813842e-16, 0.0, 5.473188414494954e-18, 0.22314979646650823, 34.47434343434343
315, 1.7989862322125665e-14, 0.0, 1.7990647799418159e-16, 0.22314979646650823, 30.536161616161618
316, 1.0720765460215248e-05, 0.0, 1.0728760289381193e-07, 0.22314979646650823, 28.005050505050505
317, 3.677098620725219e-11, 0.0, 3.6770986219028465e-13, 0.22314979646650823, 22.256565656565655
318, 5.563592445658163e-11, 0.0, 5.584739894134319e-13, 0.22314979646650823, 22.50868686868687
319, 1.681133087530095e-11, 0.0, 1.6811825666878106e-13, 0.22314979646650823, 24.72040404040404
320, 5.724329730648651e-05, 0.0, 5.772186571874519e-07, 0.22314979646650823, 28.2589898989899
321, 2.2476701906472274e-13, 0.0, 2.2487582720838386e-15, 0.22314979646650823, 28.18949494949495
322, 2.490202476251938e-11, 0.0, 2.8814887087137116e-13, 0.22314979646650823, 29.262626262626263
323, 1.597833651438912e-08, 0.0, 1.6059976631632764e-10, 0.22314979646650823, 30.56707070707071
324, 2.1790320053649933e-08, 0.0, 2.1790320053662185e-10, 0.22314979646650823, 30.62929292929293
325, 0.3816421078411294, 0.0, 0.003816421090754031, 0.3816421078411294, 34.22666666666667
326, 6.74140272653657e-11, 0.0, 6.969922572025411e-13, 0.3816421078411294, 35.68606060606061
327, 6.124731709096655e-21, 0.0, 6.124781821432659e-23, 0.3816421078411294, 36.37717171717172
328, 1.5377087209837454e-05, 0.0, 1.5377087209913006e-07, 0.3816421078411294, 37.254747474747475
329, 1.3400251667064656e-15, 0.0, 2.5941630549726598e-17, 0.3816421078411294, 39.07313131313131
330, 2.6616276574262453e-09, 0.0, 2.6616487510414513e-11, 0.3816421078411294, 42.696363636363635
331, 9.614262287789479e-07, 0.0, 9.614262520514984e-09, 0.3816421078411294, 48.83535353535353
332, 7.94256303012687e-11, 0.0, 8.449523080009448e-13, 0.3816421078411294, 49.99535353535354
333, 5.563592445658163e-11, 0.0, 5.582301854134091e-13, 0.3816421078411294, 50.14363636363636
334, 1.583756096282679e-14, 0.0, 1.5837561020502855e-16, 0.3816421078411294, 48.155959595959594
335, 3.7214790551377095e-45, 0.0, 3.7214790551377095e-47, 0.3816421078411294, 44.26383838383838
336, 1.7597261650805905e-13, 0.0, 1.7597261682057254e-15, 0.3816421078411294, 38.018181818181816
337, 3.034215006038856e-08, 0.0, 3.042834308095835e-10, 0.3816421078411294, 31.237979797979797
338, 7.753111207393361e-13, 0.0, 7.753587539224014e-15, 0.3816421078411294, 30.991515151515152
339, 1.8860206173314905e-12, 0.0, 1.886021913799537e-14, 0.3816421078411294, 30.583434343434345
340, 3.467429235161609e-05, 0.0, 3.4690091011910525e-07, 0.3816421078411294, 49.537373737373734
341, 2.550986241752612e-22, 0.0, 2.5509862417709658e-24, 0.3816421078411294, 47.45656565656566
342, 3.3381147747068627e-13, 0.0, 3.338117174342161e-15, 0.3816421078411294, 55.345252525252526
343, 1.086664316472027e-08, 0.0, 1.0866653954252161e-10, 0.3816421078411294, 55.07434343434343
344, 1.1572117697679211e-05, 0.0, 1.1573185743394292e-07, 0.3816421078411294, 49.06
345, 7.533288557462633e-18, 0.0, 8.538435766977056e-20, 0.3816421078411294, 48.170707070707074
346, 6.564311651221021e-07, 0.0, 6.567124340699102e-09, 0.3816421078411294, 39.530707070707074
347, 2.7732906651898923e-17, 0.0, 2.773290753958489e-19, 0.3816421078411294, 53.3779797979798
348, 3.6910163726960724e-20, 0.0, 3.6910380497845956e-22, 0.3816421078411294, 53.842828282828286
349, 6.946496730723955e-05, 0.0, 6.972202492347677e-07, 0.3816421078411294, 49.08383838383838
350, 1.6461938027106877e-09, 0.0, 2.282223873342272e-11, 0.3816421078411294, 56.775757575757574
351, 1.187867047639809e-14, 0.0, 1.324859709093062e-16, 0.3816421078411294, 61.25131313131313
352, 0.0005997773829577183, 0.0, 8.951452539829836e-06, 0.3816421078411294, 55.28606060606061
353, 2.2313211119645067e-09, 0.0, 2.231321113214747e-11, 0.3816421078411294, 51.61454545454546
354, 2.0684051201371053e-09, 0.0, 2.723768828694441e-11, 0.3816421078411294, 52.353737373737374
355, 1.9291012269289884e-13, 0.0, 1.929211378407166e-15, 0.3816421078411294, 48.39191919191919
356, 1.7586712599183741e-06, 0.0, 1.7586712603491852e-08, 0.3816421078411294, 46.21939393939394
357, 5.1869537608476955e-17, 0.0, 5.187283404170532e-19, 0.3816421078411294, 40.116565656565655
358, 1.942261694478136e-12, 0.0, 1.9422616953177707e-14, 0.3816421078411294, 33.2179797979798
359, 2.8126832752491695e-10, 0.0, 2.8126867288414525e-12, 0.3816421078411294, 32.90848484848485
360, 1.6573561483045132e-07, 0.0, 2.0073021294611705e-09, 0.3816421078411294, 32.12909090909091
361, 0.15350103028853251, 0.0, 0.0015350103028985646, 0.3816421078411294, 30.113333333333333
362, 2.0429427683654385e-14, 0.0, 2.043036238731285e-16, 0.3816421078411294, 33.37353535353535
363, 1.4798317441242393e-15, 0.0, 1.693584417416599e-17, 0.3816421078411294, 31.983434343434343
364, 2.8902224311839745e-05, 0.0, 2.8908125170269825e-07, 0.3816421078411294, 29.864444444444445
365, 2.022186445594698e-25, 0.0, 2.0221864455946978e-27, 0.3816421078411294, 26.013939393939395
366, 3.543837685378058e-24, 0.0, 3.543837685434981e-26, 0.3816421078411294, 25.35050505050505
367, 8.682275718785773e-18, 0.0, 8.682285687087507e-20, 0.3816421078411294, 30.226262626262628
368, 2.096142143885857e-17, 0.0, 2.1929925104744795e-19, 0.3816421078411294, 33.905050505050504
369, 1.2562973001188851e-08, 0.0, 1.2810397586273992e-10, 0.3816421078411294, 32.92626262626263
370, 1.377119277049904e-09, 0.0, 1.3807512945916774e-11, 0.3816421078411294, 36.64222222222222
371, 2.6177998391286374e-13, 0.0, 2.6428621397908514e-15, 0.3816421078411294, 33.468686868686866
372, 1.681133087530095e-11, 0.0, 1.6811330877449575e-13, 0.3816421078411294, 32.25555555555555
373, 1.8325538821297737e-06, 0.0, 2.229381061100333e-08, 0.3816421078411294, 36.306060606060605
374, 2.318048029579671e-05, 0.0, 2.3942394632742384e-07, 0.3816421078411294, 33.81919191919192
375, 6.6563840049804555e-15, 0.0, 6.656414857074315e-17, 0.3816421078411294, 33.164848484848484
376, 2.231407927677166e-08, 0.0, 2.2314079276774963e-10, 0.3816421078411294, 35.223838383838384
377, 1.0108162865357201e-13, 0.0, 1.3482513520426716e-15, 0.3816421078411294, 38.46888888888889
378, 3.4396941514288692e-06, 0.0, 3.439694151428911e-08, 0.3816421078411294, 36.8749494949495
379, 1.814493216053718e-13, 0.0, 1.84039095111439e-15, 0.3816421078411294, 35.54888888888889
380, 5.773599123465918e-07, 0.0, 5.7737006655776934e-09, 0.3816421078411294, 43.715555555555554
381, 1.0679517461013838e-06, 0.0, 1.0679517494660487e-08, 0.3816421078411294, 45.617171717171715
382, 6.70400784766645e-38, 0.0, 6.704011083194328e-40, 0.3816421078411294, 40.58888888888889
383, 1.6365800742564362e-08, 0.0, 1.636602619876137e-10, 0.3816421078411294, 49.81656565656566
384, 2.22822380230272e-19, 0.0, 2.2282238023027203e-21, 0.3816421078411294, 42.388888888888886
385, 7.753111207393361e-13, 0.0, 8.202842222978565e-15, 0.3816421078411294, 46.04909090909091
386, 7.887500584063956e-14, 0.0, 7.896534638481794e-16, 0.3816421078411294, 45.427070707070705
387, 1.5108236306360003e-21, 0.0, 1.5203900004904044e-23, 0.3816421078411294, 41.404242424242426
388, 1.1907490987626888e-28, 0.0, 1.1907491476481893e-30, 0.3816421078411294, 32.92
389, 4.341431024601715e-11, 0.0, 4.360140372851682e-13, 0.3816421078411294, 33.03393939393939
390, 2.398114803005635e-10, 0.0, 2.39811484450149e-12, 0.3816421078411294, 32.99656565656566
391, 1.6541880013301583e-35, 0.0, 1.654721737445659e-37, 0.3816421078411294, 32.887676767676766
392, 2.04686227480809e-11, 0.0, 2.0468622748080902e-13, 0.3816421078411294, 34.614747474747475
393, 0.000801449976671702, 0.0, 8.01449987386771e-06, 0.3816421078411294, 29.5989898989899
394, 1.6194110891942763e-06, 0.0, 1.6194110891944356e-08, 0.3816421078411294, 31.66080808080808
395, 7.233904485864464e-10, 0.0, 7.234184926968932e-12, 0.3816421078411294, 33.04707070707071
396, 1.6550218462990423e-13, 0.0, 1.655021874782055e-15, 0.3816421078411294, 38.642020202020205
397, 2.9878156182818855e-06, 0.0, 2.9902074920034054e-08, 0.3816421078411294, 33.28121212121212
398, 2.9636118496582273e-08, 0.0, 2.9636119119966694e-10, 0.3816421078411294, 41.44969696969697
399, 0.0018734605440006299, 0.0, 1.8734605441956315e-05, 0.3816421078411294, 38.836565656565654
400, 5.437681330258941e-08, 0.0, 5.536624076088827e-10, 0.3816421078411294, 39.68363636363637
401, 0.00015537453513942256, 0.0, 1.554197008343524e-06, 0.3816421078411294, 44.311919191919195
402, 7.424036633495858e-10, 0.0, 1.4504287938717972e-11, 0.3816421078411294, 54.38949494949495
403, 2.654775373072742e-22, 0.0, 2.6585384382003542e-24, 0.3816421078411294, 56.721414141414144
404, 4.97312489934904e-15, 0.0, 7.371297098691507e-17, 0.3816421078411294, 58.86989898989899
405, 8.65747666479812e-14, 0.0, 8.657477466566154e-16, 0.3816421078411294, 51.82080808080808
406, 9.869811391105964e-08, 0.0, 9.86981402367271e-10, 0.3816421078411294, 53.692121212121215
407, 3.664232609566415e-10, 0.0, 3.674690466135182e-12, 0.3816421078411294, 62.306666666666665
408, 1.0758737433153056e-12, 0.0, 1.4922850556443902e-14, 0.3816421078411294, 59.96
409, 5.5346100717010135e-12, 0.0, 5.5346100839372174e-14, 0.3816421078411294, 71.78909090909092
410, 4.1323079179730924e-33, 0.0, 6.21054771539736e-35, 0.3816421078411294, 73.85838383838384
411, 4.1782631714166553e-07, 0.0, 4.178263171427576e-09, 0.3816421078411294, 68.84949494949495
412, 4.071200165510255e-09, 0.0, 4.071200338174226e-11, 0.3816421078411294, 70.65838383838384
413, 1.7454430057259858e-15, 0.0, 1.7464121943683267e-17, 0.3816421078411294, 69.95555555555555
414, 2.0095795294093185e-27, 0.0, 2.0095795634176837e-29, 0.3816421078411294, 62.661818181818184
415, 1.509348663241684e-13, 0.0, 1.5102763782930754e-15, 0.3816421078411294, 51.12626262626262
416, 2.410339711813181e-29, 0.0, 2.6969934430043123e-31, 0.3816421078411294, 66.72343434343435
417, 6.026518542716093e-16, 0.0, 6.113344968601607e-18, 0.3816421078411294, 66.98545454545454
418, 6.946496730723955e-05, 0.0, 6.946502455558457e-07, 0.3816421078411294, 73.63656565656565
419, 3.181851633166369e-14, 0.0, 3.181851633166399e-16, 0.3816421078411294, 72.79373737373737
420, 0.000276540852298645, 0.0, 2.765408522986461e-06, 0.3816421078411294, 72.95010101010101
421, 2.6814689683760963e-19, 0.0, 2.999012054088771e-21, 0.3816421078411294, 78.70767676767677
422, 8.413297290398822e-05, 0.0, 8.413297291753109e-07, 0.3816421078411294, 76.6511111111111
423, 2.5062218871452745e-15, 0.0, 2.509912692949147e-17, 0.3816421078411294, 75.68262626262626
424, 1.77853149845321e-11, 0.0, 2.6416880381014555e-13, 0.3816421078411294, 83.46828282828282
425, 1.7228132376437045e-06, 0.0, 1.7228132376438663e-08, 0.3816421078411294, 62.24020202020202
426, 3.8837695244272707e-13, 0.0, 4.334331450224273e-15, 0.3816421078411294, 49.413131313131316
427, 7.120571741229987e-11, 0.0, 7.13791297852617e-13, 0.3816421078411294, 81.1989898989899
428, 1.8571430308050652e-14, 0.0, 1.857143063203339e-16, 0.3816421078411294, 76.09191919191919
429, 6.3656665832114424e-21, 0.0, 6.988550538390449e-23, 0.3816421078411294, 82.80363636363636
430, 4.9836573191648156e-11, 0.0, 6.573339106944721e-13, 0.3816421078411294, 84.64666666666666
431, 6.391140560625131e-08, 0.0, 6.461766505087184e-10, 0.3816421078411294, 78.91070707070708
432, 4.724840656790184e-09, 0.0, 4.727282822365727e-11, 0.3816421078411294, 66.98161616161616
433, 1.8483428629403802e-16, 0.0, 1.848685050855599e-18, 0.3816421078411294, 59.90969696969697
434, 4.842701586107101e-08, 0.0, 4.842703833244183e-10, 0.3816421078411294, 84.14121212121212
435, 1.5393340069714896e-20, 0.0, 2.151807177881155e-22, 0.3816421078411294, 81.10606060606061
436, 1.8313787819566466e-12, 0.0, 3.195061802788323e-14, 0.3816421078411294, 86.28787878787878
437, 4.493737527163235e-19, 0.0, 4.939627420613424e-21, 0.3816421078411294, 65.45353535353536
438, 1.0338649286354733e-66, 0.0, 1.0338649286354732e-68, 0.3816421078411294, 64.19313131313132
439, 9.798843758708991e-15, 0.0, 9.798843811898422e-17, 0.3816421078411294, 55.7569696969697
440, 0.00016337081536959194, 0.0, 1.6341392636766448e-06, 0.3816421078411294, 88.1319191919192
441, 2.0708179019626204e-07, 0.0, 2.0708181442569974e-09, 0.3816421078411294, 93.72323232323232
442, 4.036518479588729e-06, 0.0, 4.217750299109541e-08, 0.3816421078411294, 86.97252525252526
443, 8.234551750769928e-10, 0.0, 8.234571060123494e-12, 0.3816421078411294, 92.28868686868687
444, 8.343012773065637e-15, 0.0, 9.242705851699553e-17, 0.3816421078411294, 94.86020202020202
445, 0.006451207218686098, 0.0, 6.45120743303872e-05, 0.3816421078411294, 102.84363636363636
446, 0.0003996313743030751, 0.0, 3.996313743795605e-06, 0.3816421078411294, 96.79959595959596
447, 5.3132767958271215e-08, 0.0, 5.313396283836392e-10, 0.3816421078411294, 86.71070707070707
448, 5.3132767958271215e-08, 0.0, 5.31327679587433e-10, 0.3816421078411294, 80.03575757575757
449, 5.900858430048234e-09, 0.0, 1.0074520467819555e-10, 0.3816421078411294, 75.24949494949495
450, 2.1800726652361106e-13, 0.0, 3.424496459503075e-15, 0.3816421078411294, 97.24525252525252
451, 0.0001247997631334372, 0.0, 1.247997799447692e-06, 0.3816421078411294, 81.88323232323232
452, 6.390554979873853e-12, 0.0, 7.05817125884055e-14, 0.3816421078411294, 87.64929292929293
453, 0.00017756603323590138, 0.0, 1.7756637753716306e-06, 0.3816421078411294, 74.3931313131313
454, 7.169477249631087e-08, 0.0, 7.169477249728573e-10, 0.3816421078411294, 56.81535353535354
455, 2.699578503363014e-07, 0.0, 2.6995786341217076e-09, 0.3816421078411294, 40.91555555555556
456, 1.852958685333482e-07, 0.0, 1.8529586853428273e-09, 0.3816421078411294, 88.07151515151516
457, 3.595336054006878e-05, 0.0, 3.5974139052706067e-07, 0.3816421078411294, 104.93232323232323
458, 7.533288557462633e-18, 0.0, 7.533288569550988e-20, 0.3816421078411294, 91.44383838383838
459, 1.1111853460278776e-25, 0.0, 1.1304573466953601e-27, 0.3816421078411294, 75.37232323232323
460, 2.4900693412097526e-06, 0.0, 2.4901005119413266e-08, 0.3816421078411294, 64.89191919191919
461, 2.0434732424191526e-10, 0.0, 2.0434732424197777e-12, 0.3816421078411294, 54.642020202020205
462, 3.6503536228312107e-22, 0.0, 3.682454911524944e-24, 0.3816421078411294, 58.72848484848485
463, 0.0006678225923598149, 0.0, 6.678657033510512e-06, 0.3816421078411294, 54.835757575757576
464, 3.094003356359217e-09, 0.0, 3.0941378073294056e-11, 0.3816421078411294, 58.00161616161616
465, 2.2953895277201096e-06, 0.0, 2.2956953309838084e-08, 0.3816421078411294, 58.11212121212121
466, 1.0193495898399955e-19, 0.0, 1.0209367900362769e-21, 0.3816421078411294, 63.12585858585859
467, 0.004261184950436459, 0.0, 4.261184951028614e-05, 0.3816421078411294, 65.57414141414141
468, 1.9350787492384812e-11, 0.0, 2.039764511104924e-13, 0.3816421078411294, 69.80565656565656
469, 8.930204562105075e-14, 0.0, 1.0118085578413396e-15, 0.3816421078411294, 68.64040404040404
470, 6.041401508942625e-11, 0.0, 6.041401508942848e-13, 0.3816421078411294, 56.475959595959594
471, 1.0996896712259512e-11, 0.0, 1.0997342291058699e-13, 0.3816421078411294, 42.66525252525253
472, 5.298414638279125e-07, 0.0, 5.298414639875111e-09, 0.3816421078411294, 39.60969696969697
473, 4.9646253525013865e-09, 0.0, 4.964625974576714e-11, 0.3816421078411294, 36.907272727272726
474, 0.051958393794685497, 0.0, 0.0010291402736915393, 0.3816421078411294, 44.26767676767677
475, 1.1960616868798429e-24, 0.0, 1.1960617312795106e-26, 0.3816421078411294, 35.618383838383835
476, 2.2334220322543768e-21, 0.0, 2.2334233841023693e-23, 0.3816421078411294, 41.58121212121212
477, 5.413542318520793e-07, 0.0, 5.416209576391462e-09, 0.3816421078411294, 40.116565656565655
478, 1.0758737433153056e-12, 0.0, 1.083214285294843e-14, 0.3816421078411294, 35.43151515151515
479, 4.0928408034313214e-14, 0.0, 4.092913749445129e-16, 0.3816421078411294, 36.475353535353534
480, 3.38530135821929e-10, 0.0, 3.3967457255736013e-12, 0.3816421078411294, 30.834747474747473
481, 5.515567804697405e-28, 0.0, 5.5155678046974046e-30, 0.3816421078411294, 31.305656565656566
482, 6.8745250529861876e-06, 0.0, 6.941930484672366e-08, 0.3816421078411294, 30.885050505050504
483, 1.5219958883602684e-06, 0.0, 1.623100726074811e-08, 0.3816421078411294, 30.25838383838384
484, 1.2114150218938872e-12, 0.0, 1.2114150218938967e-14, 0.3816421078411294, 30.148888888888887
485, 4.002976498104354e-13, 0.0, 5.4222912825245045e-15, 0.3816421078411294, 32.8189898989899
486, 3.083049800140142e-14, 0.0, 3.0853782309788007e-16, 0.3816421078411294, 32.766060606060606
487, 2.6760568726815754e-15, 0.0, 2.6769579264284864e-17, 0.3816421078411294, 31.716363636363635
488, 9.369867262616652e-10, 0.0, 9.369986049924328e-12, 0.3816421078411294, 31.277979797979796
489, 8.66260038474092e-21, 0.0, 8.662738306276752e-23, 0.3816421078411294, 31.440808080808083
490, 0.00011078579453924659, 0.0, 1.113175641706065e-06, 0.3816421078411294, 34.2579797979798
491, 8.756297151004069e-12, 0.0, 1.0041634376137715e-13, 0.3816421078411294, 39.161212121212124
492, 5.270442251516372e-46, 0.0, 5.270442251517832e-48, 0.3816421078411294, 39.317373737373735
493, 4.024130114479389e-19, 0.0, 4.024131378117973e-21, 0.3816421078411294, 36.0589898989899
494, 4.6426388856948627e-10, 0.0, 4.6426451174055755e-12, 0.3816421078411294, 40.27818181818182
495, 2.3891035428868367e-13, 0.0, 3.1778730398117253e-15, 0.3816421078411294, 42.12323232323232
496, 0.0016958147078972156, 0.0, 1.6958147272486262e-05, 0.3816421078411294, 44.294141414141414
497, 0.03774886009129898, 0.0, 0.0003774886009182407, 0.3816421078411294, 41.32545454545455
498, 7.360043455081694e-09, 0.0, 7.36004345519556e-11, 0.3816421078411294, 37.58707070707071
499, 5.767606283300127e-23, 0.0, 5.936314362070819e-25, 0.3816421078411294, 37.84020202020202
500, 0.000618528059588949, 0.0, 6.199917550477335e-06, 0.3816421078411294, 37.03656565656566
501, 1.9370746641026896e-10, 0.0, 1.9370746641027277e-12, 0.3816421078411294, 35.75494949494949
502, 8.392943572505959e-14, 0.0, 8.392944844388715e-16, 0.3816421078411294, 36.23434343434344
503, 4.593174588968813e-69, 0.0, 4.593174588968813e-71, 0.3816421078411294, 35.25737373737374
504, 1.726146935629629e-40, 0.0, 1.7261594480161895e-42, 0.3816421078411294, 33.07373737373737
505, 2.841662067225673e-12, 0.0, 3.062219329898382e-14, 0.3816421078411294, 38.052121212121214
506, 1.3239412930413728e-12, 0.0, 2.84383189702549e-14, 0.3816421078411294, 43.96787878787879
507, 7.810501043792321e-12, 0.0, 8.124661667287737e-14, 0.3816421078411294, 42.279797979797976
508, 5.3373572142470123e-39, 0.0, 5.337357547095598e-41, 0.3816421078411294, 42.61070707070707
509, 8.119654881226408e-07, 0.0, 8.120066434226857e-09, 0.3816421078411294, 39.26080808080808
510, 1.323962014153517e-19, 0.0, 1.3239661804159088e-21, 0.3816421078411294, 39.15555555555556
511, 1.3345660848219843e-13, 0.0, 1.3345662575072035e-15, 0.3816421078411294, 41.33414141414141
512, 2.2308968374702664e-18, 0.0, 2.2348994973998172e-20, 0.3816421078411294, 40.04888888888889
513, 1.8360984815357424e-10, 0.0, 1.836277905753639e-12, 0.3816421078411294, 34.844848484848484
514, 0.0002810528016654398, 0.0, 2.8284804855958097e-06, 0.3816421078411294, 29.31858585858586
515, 2.7357276863669244e-05, 0.0, 2.736868261433313e-07, 0.3816421078411294, 27.81191919191919
516, 0.00046049894189605014, 0.0, 6.009807394012787e-06, 0.3816421078411294, 26.965858585858587
517, 7.33581666830162e-08, 0.0, 7.335816668324743e-10, 0.3816421078411294, 25.026060606060607
518, 8.470788951975014e-07, 0.0, 8.688700140661434e-09, 0.3816421078411294, 19.818181818181817
519, 8.073657889838575e-50, 0.0, 8.073657889838575e-52, 0.3816421078411294, 18.63979797979798
520, 4.000837246964305e-07, 0.0, 4.001117411229398e-09, 0.3816421078411294, 21.33111111111111
521, 2.2483094559514062e-17, 0.0, 2.24830945595143e-19, 0.3816421078411294, 23.553737373737373
522, 9.818767948068181e-07, 0.0, 9.83843095266652e-09, 0.3816421078411294, 24.718585858585858
523, 4.2123411294864304e-17, 0.0, 4.212341129486432e-19, 0.3816421078411294, 28.246262626262627
524, 1.5340377352865175e-14, 0.0, 1.5340613836850158e-16, 0.3816421078411294, 30.633939393939393
525, 3.677098620725219e-11, 0.0, 3.677098781877716e-13, 0.3816421078411294, 34.03454545454545
526, 8.452902384762777e-20, 0.0, 8.530415392653776e-22, 0.3816421078411294, 32.30888888888889
527, 4.892478031023514e-10, 0.0, 6.877251874010082e-12, 0.3816421078411294, 32.01616161616162
528, 0.009844916976392443, 0.0, 9.851400334376568e-05, 0.3816421078411294, 42.35393939393939
529, 2.3284308386591965e-17, 0.0, 2.328801191878028e-19, 0.3816421078411294, 42.592525252525256
530, 3.586658954850322e-12, 0.0, 3.5866589548528635e-14, 0.3816421078411294, 38.06626262626263
531, 1.0027897669930619e-31, 0.0, 1.003050487359846e-33, 0.3816421078411294, 36.24363636363636
532, 1.0999932526918485e-22, 0.0, 1.0999932526918485e-24, 0.3816421078411294, 39.70848484848485
533, 6.086811721857313e-26, 0.0, 6.326748555807649e-28, 0.3816421078411294, 36.61313131313131
534, 3.283656095788354e-05, 0.0, 3.283659219422614e-07, 0.3816421078411294, 38.89939393939394
535, 1.0927806085844945e-05, 0.0, 1.0927809099777226e-07, 0.3816421078411294, 38.944848484848485
536, 2.192874992770131e-05, 0.0, 2.1928749929576054e-07, 0.3816421078411294, 35.42686868686869
537, 1.7320641316155637e-09, 0.0, 1.7320641353061284e-11, 0.3816421078411294, 29.986868686868686
538, 1.3243260002471135e-07, 0.0, 1.3243260002490344e-09, 0.3816421078411294, 30.826868686868686
539, 3.1281264024502575e-24, 0.0, 3.1306344021700627e-26, 0.3816421078411294, 29.0589898989899
540, 5.502514457172398e-34, 0.0, 5.502514666057058e-36, 0.3816421078411294, 32.30161616161616
541, 2.453246913177387e-26, 0.0, 2.454297927963687e-28, 0.3816421078411294, 32.96363636363636
542, 1.5806388739754178e-12, 0.0, 1.5806388740254327e-14, 0.3816421078411294, 30.687878787878788
543, 1.1054977112226558e-07, 0.0, 1.1054977115571697e-09, 0.3816421078411294, 30.354141414141413
544, 7.574053513764047e-15, 0.0, 1.0163969830616731e-16, 0.3816421078411294, 34.92545454545454
545, 1.942261694478136e-12, 0.0, 1.9422618085122263e-14, 0.3816421078411294, 35.58343434343434
546, 4.284991455352273e-06, 0.0, 4.2849918558057946e-08, 0.3816421078411294, 37.125454545454545
547, 3.110745966264075e-06, 0.0, 3.1108901530021406e-08, 0.3816421078411294, 32.22848484848485
548, 9.552531605297814e-13, 0.0, 1.594461324903342e-14, 0.3816421078411294, 40.64585858585858
549, 7.146158594894066e-21, 0.0, 7.146167861204456e-23, 0.3816421078411294, 38.31292929292929
550, 4.165488217782862e-16, 0.0, 4.165489599591205e-18, 0.3816421078411294, 38.81717171717172
551, 8.293430131656787e-07, 0.0, 8.293442245807005e-09, 0.3816421078411294, 36.37939393939394
552, 6.390554979873853e-12, 0.0, 6.401930651697801e-14, 0.3816421078411294, 45.388888888888886
553, 1.1090659880779338e-13, 0.0, 1.152937935236904e-15, 0.3816421078411294, 44.07313131313131
554, 7.328322098524151e-17, 0.0, 7.825680186859145e-19, 0.3816421078411294, 47.925858585858585
555, 3.14779954301173e-07, 0.0, 3.1634444134075474e-09, 0.3816421078411294, 54.62020202020202
556, 1.9105190381702943e-21, 0.0, 1.9105522758948623e-23, 0.3816421078411294, 51.96606060606061
557, 2.002445410396696e-23, 0.0, 2.0024454120890629e-25, 0.3816421078411294, 54.339393939393936
558, 3.8363168165502454e-08, 0.0, 3.836385632848478e-10, 0.3816421078411294, 52.787070707070704
559, 1.2377505392864636e-07, 0.0, 1.2377506700453651e-09, 0.3816421078411294, 44.60848484848485
560, 0.0018470749486526315, 0.0, 1.8470749971347646e-05, 0.3816421078411294, 44.660606060606064
561, 1.2478388261930259e-12, 0.0, 1.2478389857023076e-14, 0.3816421078411294, 41.39818181818182
562, 4.1782631714166553e-07, 0.0, 4.178263179700079e-09, 0.3816421078411294, 37.7820202020202
563, 1.566282753190643e-23, 0.0, 1.6672031182140803e-25, 0.3816421078411294, 31.797777777777778
564, 5.055988917895531e-05, 0.0, 5.055988918095083e-07, 0.3816421078411294, 28.87272727272727
565, 5.5346100717010135e-12, 0.0, 6.819958512333998e-14, 0.3816421078411294, 35.68424242424243
566, 1.2664165549094176e-14, 0.0, 1.3487079745681232e-16, 0.3816421078411294, 31.32929292929293
567, 1.226399854506029e-10, 0.0, 1.2264806397122219e-12, 0.3816421078411294, 30.22767676767677
568, 3.726653172078671e-06, 0.0, 3.728429794129244e-08, 0.3816421078411294, 35.18606060606061
569, 1.5251211308131877e-09, 0.0, 1.525788838039709e-11, 0.3816421078411294, 32.22727272727273
570, 8.031269081218802e-06, 0.0, 1.12276020009721e-07, 0.3816421078411294, 30.063030303030303
571, 1.93096460595647e-18, 0.0, 1.93096576839045e-20, 0.3816421078411294, 31.293939393939393
572, 2.8126832752491695e-10, 0.0, 2.8150723791153885e-12, 0.3816421078411294, 29.93979797979798
573, 6.847699414410445e-08, 0.0, 6.94675037776309e-10, 0.3816421078411294, 27.717171717171716
574, 8.234551750769928e-10, 0.0, 8.234551750806844e-12, 0.3816421078411294, 22.86121212121212
575, 2.347015204013352e-15, 0.0, 2.3471890573716465e-17, 0.3816421078411294, 24.40080808080808
576, 2.888273532284487e-10, 0.0, 3.5442216739838577e-12, 0.3816421078411294, 26.242626262626263
577, 1.393919135817662e-14, 0.0, 1.3939395331099206e-16, 0.3816421078411294, 27.628282828282828
578, 2.1210454754613765e-12, 0.0, 2.121213392647558e-14, 0.3816421078411294, 26.512525252525254
579, 6.143026063504672e-05, 0.0, 6.171861606749074e-07, 0.3816421078411294, 25.607474747474747
580, 4.175966726746275e-31, 0.0, 4.1759667267462756e-33, 0.3816421078411294, 24.52949494949495
581, 2.275585688969262e-05, 0.0, 2.2891304551060288e-07, 0.3816421078411294, 22.033535353535353
582, 4.814231344975465e-15, 0.0, 4.814231446469395e-17, 0.3816421078411294, 27.92707070707071
583, 4.662001054886234e-19, 0.0, 4.703212994826405e-21, 0.3816421078411294, 30.243232323232323
584, 5.3843783337193394e-20, 0.0, 5.384381381496295e-22, 0.3816421078411294, 30.965454545454545
585, 1.0606487444203965e-08, 0.0, 1.060677749691575e-10, 0.3816421078411294, 34.05373737373738
586, 0.17600409802185027, 0.0, 0.0017600409802185028, 0.3816421078411294, 35.345252525252526
587, 1.2459952446102232e-28, 0.0, 1.2459952446102562e-30, 0.3816421078411294, 31.743434343434345
588, 5.3132767958271215e-08, 0.0, 5.31327679583158e-10, 0.3816421078411294, 27.862222222222222
589, 1.1572117697679211e-05, 0.0, 1.1572118435867311e-07, 0.3816421078411294, 26.21959595959596
590, 1.1837279840749476e-19, 0.0, 1.858574012693159e-21, 0.3816421078411294, 26.905252525252525
591, 3.5111501117024763e-07, 0.0, 3.5318341629038474e-09, 0.3816421078411294, 27.590707070707072
592, 2.640815183063064e-07, 0.0, 2.6408151885762624e-09, 0.3816421078411294, 39.677373737373735
593, 2.6814689683760963e-19, 0.0, 3.0795756628282477e-21, 0.3816421078411294, 43.08020202020202
594, 0.07365759636353594, 0.0, 0.0007365759636613995, 0.3816421078411294, 37.232121212121214
595, 2.406722436301052e-09, 0.0, 2.4067224363010726e-11, 0.3816421078411294, 31.474141414141414
596, 7.819048953333439e-10, 0.0, 1.3694892276005777e-11, 0.3816421078411294, 37.565252525252525
597, 3.935025904587165e-05, 0.0, 3.9350324638880373e-07, 0.3816421078411294, 30.9779797979798
598, 1.112376347869923e-17, 0.0, 1.116209677807772e-19, 0.3816421078411294, 26.75777777777778
599, 3.364664969733564e-15, 0.0, 3.364757794399274e-17, 0.3816421078411294, 28.47313131313131
600, 1.1635399829534604e-76, 0.0, 1.1635399829534604e-78, 0.3816421078411294, 26.011717171717173
601, 1.3834117683129312e-08, 0.0, 1.9591401960496324e-10, 0.3816421078411294, 27.543030303030303
602, 4.268118577310408e-12, 0.0, 5.141720399392725e-14, 0.3816421078411294, 23.623636363636365
603, 7.549732194751592e-44, 0.0, 7.966984618246561e-46, 0.3816421078411294, 39.9410101010101
604, 6.973094270776126e-76, 0.0, 6.973094270776138e-78, 0.3816421078411294, 61.456767676767676
605, 5.346669463915894e-09, 0.0, 5.346669463915894e-11, 0.3816421078411294, 61.43757575757576
606, 6.634613522911021e-26, 0.0, 6.635791456738344e-28, 0.3816421078411294, 63.01858585858586
607, 0.0033053926760930165, 0.0, 3.305392676093017e-05, 0.3816421078411294, 57.056969696969695
608, 2.584067652503055e-19, 0.0, 2.5840676525989582e-21, 0.3816421078411294, 55.131919191919195
609, 1.4798317441242393e-15, 0.0, 1.4876373872862353e-17, 0.3816421078411294, 46.69919191919192
610, 3.664232609566415e-10, 0.0, 3.748923192571565e-12, 0.3816421078411294, 61.094949494949496
611, 3.603079033107461e-19, 0.0, 3.6030790331650734e-21, 0.3816421078411294, 64.76060606060607
612, 1.7261644390538757e-20, 0.0, 1.7332245255448677e-22, 0.3816421078411294, 60.407272727272726
613, 6.291485476822937e-56, 0.0, 6.291485476823059e-58, 0.3816421078411294, 59.18060606060606
614, 6.89953904178546e-28, 0.0, 6.89953904178546e-30, 0.3816421078411294, 70.5139393939394
615, 5.076129775062761e-12, 0.0, 5.899146457686603e-14, 0.3816421078411294, 66.85636363636364
616, 2.2138629480200833e-10, 0.0, 2.2138629512469248e-12, 0.3816421078411294, 65.15454545454546
617, 8.756297151004069e-12, 0.0, 8.964080888643345e-14, 0.3816421078411294, 71.22444444444444
618, 2.5973272354987746e-10, 0.0, 2.5973280732685554e-12, 0.3816421078411294, 65.3359595959596
619, 4.0275630382617683e-16, 0.0, 4.4204181883812226e-18, 0.3816421078411294, 59.33616161616162
620, 4.412673510381469e-08, 0.0, 4.412679469861903e-10, 0.3816421078411294, 76.96868686868687
621, 0.01097639742618768, 0.0, 0.0001097639763346115, 0.3816421078411294, 68.28161616161616
