0, 0, 0, 0.020000340796782878, 0, 863.7877551020408
1, 1.0000171256336485, 0, 0.06000074958095266, 1.0000171256336485, 790.3248979591837
2, 1.0000173097228713, 0, 0.30000417711051114, 1.0000173097228713, 483.5559183673469
3, 1.0000173253174864, 0, 0.5400089974116102, 1.0000173253174864, 397.2873469387755
4, 1.00001726131911, 0, 0.7000113850865095, 1.0000173253174864, 321.91510204081635
5, 1.0000173112211335, 0, 0.8400140772630729, 1.0000173253174864, 322.44897959183675
6, 1.000018688095683, 0, 0.9000152188746599, 1.000018688095683, 288.09632653061226
7, 1.0000177248395903, 0, 0.9400156805563398, 1.000018688095683, 228.5134693877551
8, 1.000017534323438, 0, 0.9600161037072256, 1.000018688095683, 174.08081632653062
9, 1.000017325017325, 0, 0.980016556772457, 1.000018688095683, 145.3404081632653
10, 1.000018384042651, 1.00001540238737, 1.0000169839890476, 1.000018688095683, 88.32163265306123
11, 1.0000182658410506, 0, 0.980016556415121, 1.000018688095683, 64.71102040816326
12, 1.0000173037324152, 0, 0.9600162528867423, 1.000018688095683, 55.8
13, 1.0000178466260954, 1.0000163390683463, 1.0000170516554885, 1.000018688095683, 55.546938775510206
14, 1.000017641973784, 1.0000163955928647, 1.0000170830292872, 1.000018688095683, 62.4
15, 1.0000177588350205, 0, 0.9800168370975455, 1.000018688095683, 50.18612244897959
16, 1.000018994795426, 1.000015260651935, 1.0000174433032405, 1.000018994795426, 53.0269387755102
17, 1.000017845989114, 0, 0.9800166720836568, 1.000018994795426, 55.29959183673469
18, 1.0000176118351531, 0, 0.9600163902087918, 1.000018994795426, 56.38040816326531
19, 1.000018355359765, 0, 0.9800171021879501, 1.000018994795426, 57.54938775510204
20, 1.0000184338593128, 0, 0.9600167726185402, 1.000018994795426, 64.26122448979592
21, 1.0000187560957312, 0, 0.9600165143176603, 1.000018994795426, 64.96979591836735
22, 1.000017577163749, 0, 0.9800168235808794, 1.000018994795426, 70.30448979591837
23, 1.0000180554301705, 1.0000170610615393, 1.0000173087353377, 1.000018994795426, 77.88
24, 1.000018002448333, 1.0000171338496333, 1.0000173699858568, 1.000018994795426, 76.52
25, 1.0000184972808996, 1.0000157430730479, 1.0000172596374552, 1.000018994795426, 76.66285714285715
26, 1.000018636550002, 1.0000165360320137, 1.0000171505373694, 1.000018994795426, 72.68897959183674
27, 1.0000184815554076, 0, 0.9600165071587365, 1.000018994795426, 69.19183673469388
28, 1.0000178737399013, 0, 0.9800169914906165, 1.000018994795426, 67.31510204081633
29, 1.0000180423996392, 0, 0.9800170364954661, 1.000018994795426, 73.31020408163265
30, 1.0000184897566748, 0, 0.9800169914701494, 1.000018994795426, 68.82204081632653
31, 1.0000187663032258, 1.0000155533089665, 1.000017257034591, 1.000018994795426, 79.3991836734694
32, 1.0000178205470909, 0, 0.9800168548813228, 1.000018994795426, 80.18775510204081
33, 1.0000175712955317, 0, 0.9800169119629095, 1.000018994795426, 81.18530612244898
34, 1.0000178075361492, 1.0000170948937552, 1.0000173108116923, 1.000018994795426, 82.70530612244897
35, 1.0000178361217138, 0, 0.9800169521465074, 1.000018994795426, 85.82448979591837
36, 1.000018739927289, 0, 0.980016898088431, 1.000018994795426, 87.02612244897959
37, 1.0000176435301176, 0, 0.9800168485216613, 1.000018994795426, 82.4130612244898
38, 1.0000181103645616, 1.0000169439831916, 1.0000173418768303, 1.000018994795426, 76.35673469387756
39, 1.0000176722157423, 1.0000171060059186, 1.0000173260226592, 1.000018994795426, 79.73795918367347
40, 1.0000177623048367, 0, 0.980016972687749, 1.000018994795426, 82.05632653061224
41, 1.0000188068908449, 1.0000169897551776, 1.0000173696807462, 1.000018994795426, 85.36408163265307
42, 1.0000182401867794, 0, 0.9800169729906939, 1.000018994795426, 84.91673469387756
43, 1.0000189018051224, 1.0000169302136592, 1.0000175523151775, 1.000018994795426, 86.30857142857143
44, 1.0000187825172329, 0, 0.9800172700244503, 1.000018994795426, 86.62775510204082
45, 1.0000184253680466, 1.000016787255116, 1.000017440131533, 1.000018994795426, 84.35020408163265
46, 1.0000196904658765, 0, 0.9800171754597453, 1.0000196904658765, 80.74612244897959
47, 1.0000176485122305, 0, 0.9800169135176021, 1.0000196904658765, 81.61469387755102
48, 1.0000178638417978, 0, 0.9800170106264839, 1.0000196904658765, 75.83510204081632
49, 1.0000187406296852, 0, 0.9600166761285037, 1.0000196904658765, 76.0865306122449
50, 1.0000185814891205, 1.0000160751028806, 1.0000174315163906, 1.0000196904658765, 75.8538775510204
51, 1.000020603263557, 1.00001708146149, 1.0000175915766378, 1.000020603263557, 84.48979591836735
52, 1.0000184539297643, 0, 0.9800170390782549, 1.000020603263557, 76.5534693877551
53, 1.0000185821796896, 1.0000171426612268, 1.0000175221985375, 1.000020603263557, 89.03102040816327
54, 1.0000188370034095, 1.0000171303275318, 1.000017619757947, 1.000020603263557, 77.88489795918368
55, 1.000018334494518, 1.0000169969745385, 1.000017402225053, 1.000020603263557, 86.63020408163266
56, 1.0000187003272558, 0, 0.9800170584635947, 1.000020603263557, 79.51020408163265
57, 1.0000177421357983, 0, 0.9400163503637189, 1.000020603263557, 75.73714285714286
58, 1.0000185570071258, 1.0000171203561035, 1.0000175018602369, 1.000020603263557, 70.21306122448979
59, 1.0000192655954996, 0, 0.9800171586662658, 1.000020603263557, 68.94285714285714
60, 1.0000193412374523, 1.0000170931405228, 1.0000177427254617, 1.000020603263557, 73.60571428571428
61, 1.0000225275963055, 1.0000172283095583, 1.000018187630895, 1.0000225275963055, 78.64897959183673
62, 1.000023111234371, 1.0000172348419565, 1.0000181737119291, 1.000023111234371, 75.10938775510203
63, 1.0000197156996116, 0, 0.98001736899227, 1.000023111234371, 75.6604081632653
64, 1.0000186779730664, 1.0000162374565649, 1.000017492729336, 1.000023111234371, 74.60489795918367
65, 1.0000190592361058, 1.0000171785886072, 1.0000178066435543, 1.000023111234371, 75.51755102040816
66, 1.0000192845434384, 1.0000155870066711, 1.0000176714276838, 1.000023111234371, 70.04081632653062
67, 1.000019909610369, 1.0000171057133083, 1.0000179593820742, 1.000023111234371, 79.29795918367347
68, 1.0000192230060936, 0, 0.9600169401659983, 1.000023111234371, 83.22938775510204
69, 1.0000207245295532, 0, 0.98001762848142, 1.000023111234371, 80.46448979591837
70, 1.0000189580647607, 1.0000164392569455, 1.0000175389685768, 1.000023111234371, 91.52163265306122
71, 1.0000186067281929, 1.0000171453064723, 1.0000176092658433, 1.000023111234371, 91.90448979591837
72, 1.0000183032854397, 1.0000171142030772, 1.0000174875036136, 1.000023111234371, 87.74775510204081
73, 1.0000186511489109, 1.0000168662506326, 1.000017601296213, 1.000023111234371, 92.64816326530612
74, 1.000018151785228, 1.0000170482636344, 1.0000174359692235, 1.000023111234371, 92.68408163265306
75, 1.0000179022180848, 1.0000149496942787, 1.0000171779785123, 1.000023111234371, 86.19918367346939
76, 1.000018903949035, 1.0000160192230676, 1.0000173135765942, 1.000023111234371, 79.6865306122449
77, 1.0000185663095746, 0, 0.9800169476505884, 1.000023111234371, 89.26857142857143
78, 1.000018769121042, 0, 0.960016786523304, 1.000023111234371, 91.66530612244898
79, 1.000019411444988, 0, 0.9600169148523485, 1.000023111234371, 82.08081632653061
80, 1.0000192663378544, 0, 0.9600169196460671, 1.000023111234371, 79.32816326530612
81, 1.0000188051225154, 0, 0.9800169858249406, 1.000023111234371, 71.26204081632653
82, 1.0000175466301697, 0, 0.9800169029570794, 1.000023111234371, 69.49632653061225
83, 1.0000174874090655, 0, 0.9800168611229316, 1.000023111234371, 78.36244897959183
84, 1.0000333344444814, 0, 0.9800173574569271, 1.0000333344444814, 78.19265306122449
85, 1.0000333344444814, 0, 0.9800175185192015, 1.0000333344444814, 86.34857142857143
86, 1.0000333355557036, 0, 0.8800161000244182, 1.0000333355557036, 87.99428571428571
87, 1.0000333344444814, 0, 0.760014419313774, 1.0000333355557036, 91.7738775510204
88, 1.000033336667, 0, 0.8600169596651432, 1.000033336667, 72.44816326530612
89, 1.0000333355557036, 0, 0.6600156394515235, 1.000033336667, 59.28081632653061
90, 1.000033336667, 0, 0.5200130118460763, 1.000033336667, 53.65877551020408
91, 1.0000333355557036, 0, 0.5400151203026964, 1.000033336667, 45.19510204081632
92, 1.0000333377783706, 0, 0.4800142721710822, 1.0000333377783706, 48.90204081632653
93, 1.0000333377783706, 0, 0.42001312382113015, 1.0000333377783706, 49.198367346938774
94, 1.000033336667, 0, 0.580016478497805, 1.0000333377783706, 52.093877551020405
95, 1.000033338889815, 0, 0.7800246340859123, 1.000033338889815, 49.906938775510206
96, 1.0000333377783706, 0, 0.42001257262623165, 1.000033338889815, 50.00734693877551
97, 1.0000333400013337, 0, 0.5600171889215003, 1.0000333400013337, 51.4865306122449
98, 1.000033338889815, 0, 0.8000243927154601, 1.0000333400013337, 55.460408163265306
99, 1.0000333411129263, 0, 0.8200257458607326, 1.0000333411129263, 56.9330612244898
100, 1.000033338889815, 0, 0.5200158844431462, 1.0000333411129263, 57.10367346938776
101, 1.000033336667, 0, 0.32000883105267486, 1.0000333411129263, 60.06040816326531
102, 1.0000333377783706, 0, 0.6000187930644971, 1.0000333411129263, 48.862857142857145
103, 1.0000333411129263, 0, 0.600019518614815, 1.0000333411129263, 50.80408163265306
104, 1.0000333377783706, 0, 0.5000163381017827, 1.0000333411129263, 49.31428571428572
105, 1.000033338889815, 0, 0.4000133341334, 1.0000333411129263, 48.63755102040816
106, 1.000033336667, 0, 0.4800149529269567, 1.0000333411129263, 51.49795918367347
107, 1.000033338889815, 0, 0.5400162745662798, 1.0000333411129263, 52.52979591836735
108, 1.0000333589084964, 0, 0.6400199575068154, 1.0000333589084964, 50.82857142857143
109, 1.0000333589084964, 0, 0.7600240018528062, 1.0000333589084964, 51.98285714285714
110, 1.0000333700403778, 0, 0.7800246650555852, 1.0000333700403778, 54.24734693877551
111, 1.0000333990180688, 0, 0.9400306412571662, 1.0000333990180688, 56.62204081632653
112, 1.000033593120129, 0, 0.9400298589228002, 1.000033593120129, 59.92326530612245
113, 1.0000334381060656, 0, 0.9000288510507396, 1.000033593120129, 57.587755102040816
114, 1.0000334638423183, 0, 0.8800286686235596, 1.000033593120129, 57.626938775510204
115, 1.00003343922421, 0, 0.9400307214441175, 1.000033593120129, 61.64734693877551
116, 1.0000334101767399, 0, 0.9200303430001749, 1.000033593120129, 64.86285714285714
117, 1.000033441460723, 0, 0.900029687669079, 1.000033593120129, 70.67673469387755
118, 1.0000369781459157, 0, 0.9400314272279903, 1.0000369781459157, 74.80163265306122
119, 1.0000399074147976, 0, 0.9200310472238393, 1.0000399074147976, 75.70530612244897
120, 1.0000479639311237, 0, 0.9000318191285236, 1.0000479639311237, 73.52979591836734
121, 1.0000468252481738, 0, 0.9000330298525278, 1.0000479639311237, 69.72979591836734
122, 1.000046596151158, 0, 0.9600340300746063, 1.0000479639311237, 69.43428571428572
123, 1.0000414834481042, 0, 0.9400319388829866, 1.0000479639311237, 69.08163265306122
124, 1.000046341350387, 0, 0.9600328985083617, 1.0000479639311237, 67.43265306122449
125, 1.0000406074880208, 0, 0.9800339883081645, 1.0000479639311237, 71.26122448979592
126, 1.0000420397696221, 1.0000093353248694, 1.0000339357872807, 1.0000479639311237, 62.11918367346939
127, 1.0000437713385275, 0, 0.9600346443462621, 1.0000479639311237, 60.906938775510206
128, 1.000041578312752, 0, 0.9400340702240016, 1.0000479639311237, 53.15591836734694
129, 1.0000463692849857, 0, 0.9800371168459434, 1.0000479639311237, 57.60408163265306
130, 1.0000446269189576, 0, 0.9600357796386447, 1.0000479639311237, 56.02530612244898
131, 1.00004312203536, 0, 0.9400333556622688, 1.0000479639311237, 52.10285714285714
132, 1.0000463972532827, 0, 0.920033649913787, 1.0000479639311237, 54.42367346938776
133, 1.0000416025294339, 0, 0.9200333928509451, 1.0000479639311237, 52.34122448979592
134, 1.0000448953937326, 0, 0.9400339835819086, 1.0000479639311237, 52.95836734693878
135, 1.0000448510943667, 0, 0.8800329606481347, 1.0000479639311237, 46.31591836734694
136, 1.0000435483168575, 0, 0.9000334058930646, 1.0000479639311237, 44.712653061224486
137, 1.0000454091363182, 0, 0.9200349494219793, 1.0000479639311237, 48.41795918367347
138, 1.0000443734469293, 0, 0.940035633597011, 1.0000479639311237, 50.82367346938776
139, 1.0000477235849956, 0, 0.9000351670188317, 1.0000479639311237, 49.22204081632653
140, 1.000044700728622, 0, 0.8800353458512471, 1.0000479639311237, 46.82857142857143
141, 1.0000488495921058, 0, 0.9400373832071287, 1.0000488495921058, 49.501224489795916
142, 1.0000505280177858, 0, 0.9400366941766723, 1.0000505280177858, 47.63918367346939
143, 1.0000545434711465, 0, 0.920036401035123, 1.0000545434711465, 52.118367346938776
144, 1.0000635041595225, 0, 0.8600341808049812, 1.0000635041595225, 56.5934693877551
145, 1.000111557340473, 0, 0.8600398937278677, 1.000111557340473, 49.671020408163265
146, 1.0001172470395123, 0, 0.9400536728533763, 1.0001172470395123, 48.645714285714284
147, 1.0001188071759535, 0, 0.9800538638587998, 1.0001188071759535, 46.52571428571429
148, 1.0002733734281029, 0, 0.940065775643324, 1.0002733734281029, 52.009795918367345
149, 1.0003815337657382, 0, 0.9600801323109052, 1.0003815337657382, 54.48
150, 1.0009107468123861, 0, 0.9401234186480124, 1.0009107468123861, 55.64081632653061
151, 1.000402900886382, 0, 0.920082623695568, 1.0009107468123861, 53.29714285714286
152, 1.0005750431282345, 0, 0.9400887742661947, 1.0009107468123861, 54.8734693877551
153, 1.0004595588235294, 0, 0.9601253245761683, 1.0009107468123861, 48.95673469387755
154, 1.0031746031746032, 0, 0.9802029855532979, 1.0031746031746032, 40.02204081632653
155, 1.0013351134846462, 0, 0.9201573073679348, 1.0031746031746032, 40.08571428571429
156, 1.001577287066246, 0, 0.94014851928148, 1.0031746031746032, 41.89061224489796
157, 1.000859845227859, 0, 0.9801848484871819, 1.0031746031746032, 41.95265306122449
158, 1.000513874614594, 0, 0.9802043903891865, 1.0031746031746032, 48.53061224489796
159, 1.0009587727708533, 1.0000112826067336, 1.000165409115376, 1.0031746031746032, 49.76163265306123
160, 1.0033222591362125, 0, 0.9803290485043122, 1.0033222591362125, 53.10204081632653
161, 1.0002312673450509, 1.000015567836849, 1.000096228477769, 1.0033222591362125, 53.114285714285714
162, 1.0002466699555994, 0, 0.9600764525401005, 1.0033222591362125, 58.073469387755104
163, 1.0012121212121212, 0, 0.9401033284594367, 1.0033222591362125, 52.68326530612245
164, 1.0013793103448276, 0, 0.940101783489038, 1.0033222591362125, 57.63755102040816
165, 1.000213265088505, 0, 0.9400631713911214, 1.0033222591362125, 59.97142857142857
166, 1.0003004807692308, 0, 0.9401023322073588, 1.0033222591362125, 59.732244897959184
167, 1.0001967729240457, 0, 0.9400704320614313, 1.0033222591362125, 63.80489795918368
168, 1.0001250625312657, 0, 0.9400589259615222, 1.0033222591362125, 70.03510204081633
169, 1.0012755102040816, 0, 0.9201076397824872, 1.0033222591362125, 65.8995918367347
170, 1.0016077170418007, 0, 0.9401407968545294, 1.0033222591362125, 69.46448979591837
171, 1.0027472527472527, 0, 0.9401927358946742, 1.0033222591362125, 70.64734693877551
172, 1.0009293680297398, 0, 0.9001334131452287, 1.0033222591362125, 75.50857142857143
173, 1.0026109660574412, 0, 0.9402506369901872, 1.0033222591362125, 86.08408163265307
174, 1.0005120327700974, 0, 0.9601106537987583, 1.0033222591362125, 83.44
175, 1.0002497502497503, 0, 0.9600739716080604, 1.0033222591362125, 84.42285714285714
176, 1.0003381805884342, 0, 0.9400922279186283, 1.0033222591362125, 79.59673469387755
177, 1.00046904315197, 0, 0.980122312232162, 1.0033222591362125, 76.83918367346939
178, 1.0005672149744753, 0, 0.9601180522227278, 1.0033222591362125, 70.68897959183674
179, 1.0012210012210012, 0, 0.9201626825848418, 1.0033222591362125, 71.01142857142857
180, 1.0001892147587512, 0, 0.9800847555456532, 1.0033222591362125, 69.29224489795918
181, 1.0003345600535296, 1.0000148829456326, 1.0000858331860065, 1.0033222591362125, 70.84081632653061
182, 1.0010471204188482, 1.0000146879544085, 1.000124511492761, 1.0033222591362125, 73.81224489795919
183, 1.0001891789632993, 0, 0.9800893130432842, 1.0033222591362125, 73.33061224489796
184, 1.0002253267237495, 0, 0.9400797864309264, 1.0033222591362125, 74.13142857142857
185, 1.0005224660397074, 0, 0.9201531935670684, 1.0033222591362125, 69.86775510204082
186, 1.0010515247108307, 0, 0.9601689534246048, 1.0033222591362125, 71.1665306122449
187, 1.0003573981415297, 0, 0.9201044987557849, 1.0033222591362125, 77.17959183673469
188, 1.0004422821760284, 0, 0.9401016480379044, 1.0033222591362125, 81.2408163265306
189, 1.0006009615384615, 0, 0.9601390671861663, 1.0033222591362125, 82.45224489795919
190, 1.0007042253521128, 0, 0.9201008846036501, 1.0033222591362125, 88.80081632653061
191, 1.0014005602240896, 0, 0.9401358623333209, 1.0033222591362125, 74.74857142857142
192, 1.010989010989011, 0, 0.9403708063403414, 1.010989010989011, 75.49224489795918
193, 1.0047846889952152, 0, 0.9402878439314193, 1.010989010989011, 82.71755102040817
194, 1.0007199424046076, 0, 0.9401316438910174, 1.010989010989011, 81.08489795918368
195, 1.0003029385034838, 0, 0.9400905348441014, 1.010989010989011, 84.11755102040816
196, 1.0007077140835103, 0, 0.9601403690510162, 1.010989010989011, 90.75183673469388
197, 1.0014306151645207, 1.0000161702402899, 1.0001571717139917, 1.010989010989011, 86.16326530612245
198, 1.0006361323155217, 1.0000165928285796, 1.0001225038187842, 1.010989010989011, 88.24816326530612
199, 1.001937984496124, 0, 0.9801904364948263, 1.010989010989011, 99.46204081632654
200, 1.0008635578583764, 0, 0.9201987293399267, 1.010989010989011, 89.50122448979592
201, 1.0007358351729212, 0, 0.9601782435337534, 1.010989010989011, 84.38285714285715
202, 1.0016207455429498, 0, 0.9602030842969033, 1.010989010989011, 83.23020408163265
203, 1.0003691399040235, 0, 0.9601549973084758, 1.010989010989011, 77.78367346938775
204, 1.0010559662090812, 0, 0.9401750179714987, 1.010989010989011, 78.70530612244897
205, 1.0008382229673094, 0, 0.9201713000489552, 1.010989010989011, 75.35673469387756
206, 1.0011123470522802, 0, 0.9202372070551368, 1.010989010989011, 82.01795918367347
207, 1.0003776435045317, 0, 0.9201080052476216, 1.010989010989011, 83.62612244897959
208, 1.000313971742543, 0, 0.9200791129275444, 1.010989010989011, 75.35428571428571
209, 1.000330250990753, 0, 0.9400869861772887, 1.010989010989011, 77.53714285714285
210, 1.0005865102639295, 0, 0.9401231033082397, 1.010989010989011, 77.94367346938776
211, 1.0003486750348676, 0, 0.9000884895154714, 1.010989010989011, 76.53877551020408
212, 1.0001563721657545, 0, 0.9000564426712888, 1.010989010989011, 76.33142857142857
213, 1.0001082016879463, 0, 0.9400514932267683, 1.010989010989011, 74.11183673469388
214, 1.0002338634237604, 0, 0.9400676851971768, 1.010989010989011, 82.0465306122449
215, 1.0008271298593878, 0, 0.9201320890886214, 1.010989010989011, 83.90612244897959
216, 1.0011350737797957, 0, 0.9401369122069757, 1.010989010989011, 87.06530612244897
217, 1.000738552437223, 0, 0.9601305626583929, 1.010989010989011, 86.22448979591837
218, 1.0004397537379068, 0, 0.9401198317077525, 1.010989010989011, 90.05469387755102
219, 1.0007037297677692, 0, 0.9001273358325165, 1.010989010989011, 90.88734693877551
220, 1.0007830853563038, 0, 0.9401703631331852, 1.010989010989011, 94.96489795918367
221, 1.0004793863854267, 0, 0.9401353089262122, 1.010989010989011, 96.87510204081633
222, 1.00020601565719, 0, 0.9600855073804658, 1.010989010989011, 96.83428571428571
223, 1.0003759398496241, 0, 0.9600756724116889, 1.010989010989011, 96.3665306122449
224, 1.000445831475702, 0, 0.9000714539237579, 1.010989010989011, 96.61551020408163
225, 1.000225580870742, 0, 0.8400621276636449, 1.010989010989011, 95.30285714285715
226, 1.001310615989515, 0, 0.9201010190919122, 1.010989010989011, 88.58775510204082
227, 1.0004725897920606, 0, 0.9801185461000012, 1.010989010989011, 92.3126530612245
228, 1.0010493179433368, 0, 0.9601831128045346, 1.010989010989011, 96.13551020408163
229, 1.0004943153732082, 0, 0.9401384408244823, 1.010989010989011, 95.45469387755102
230, 1.0004269854824936, 0, 0.9201067885785751, 1.010989010989011, 98.42693877551021
231, 1.000478697941599, 0, 0.9000931305497653, 1.010989010989011, 96.16979591836734
232, 1.0009208103130756, 0, 0.9001213149297108, 1.010989010989011, 103.57061224489796
233, 1.0006724949562877, 0, 0.9201788341095596, 1.010989010989011, 89.33387755102041
234, 1.0006153846153847, 0, 0.960139203189803, 1.010989010989011, 89.44489795918368
235, 1.00030039050766, 0, 0.9600786757216436, 1.010989010989011, 82.3665306122449
236, 1.001416430594901, 0, 0.9801191696434338, 1.010989010989011, 80.06285714285714
237, 1.000659195781147, 0, 0.9801270495037265, 1.010989010989011, 78.45795918367347
238, 1.0004508566275925, 0, 0.9401459212005149, 1.010989010989011, 85.54204081632653
239, 1.0007132667617689, 0, 0.9600951905699178, 1.010989010989011, 84.26530612244898
240, 1.0002935995302407, 1.0000142942908603, 1.0000822466096406, 1.010989010989011, 74.32163265306123
241, 1.0001763357432552, 0, 0.9800860273042181, 1.010989010989011, 77.54938775510205
242, 1.0001877581674803, 0, 0.9400696111142284, 1.010989010989011, 83.88897959183673
243, 1.0004520795660037, 0, 0.9200756206505012, 1.010989010989011, 88.56979591836735
244, 1.0001858045336307, 0, 0.9200619416491554, 1.010989010989011, 94.77469387755102
245, 1.0005243838489775, 0, 0.9600806599636386, 1.010989010989011, 91.54122448979592
246, 1.000161943319838, 0, 0.9600675872352262, 1.010989010989011, 92.80163265306122
247, 1.00036469730124, 0, 0.9600732618962232, 1.010989010989011, 94.29877551020408
248, 1.0002347969006808, 0, 0.9600659028705312, 1.010989010989011, 96.51428571428572
249, 1.000171526586621, 0, 0.9200532372444945, 1.010989010989011, 97.0538775510204
250, 1.0006680026720107, 0, 0.9400652819627565, 1.010989010989011, 100.04816326530612
251, 1.0001729206294312, 0, 0.9400625601968483, 1.010989010989011, 108.35428571428571
252, 1.0001996406468356, 0, 0.9600749336881524, 1.010989010989011, 106.55918367346939
253, 1.0003469812630117, 0, 0.9200822127855588, 1.010989010989011, 109.64734693877551
254, 1.000201126307321, 0, 0.9400911315867027, 1.010989010989011, 108.1395918367347
255, 1.0004264392324094, 0, 0.9601012057050647, 1.010989010989011, 110.0465306122449
256, 1.0003120124804992, 0, 0.9200961970243847, 1.010989010989011, 97.12897959183674
257, 1.000297353553375, 0, 0.8000945569140682, 1.010989010989011, 116.52979591836734
258, 1.0003303600925009, 0, 0.9000864990419821, 1.010989010989011, 105.32489795918367
259, 1.0008474576271187, 0, 0.9601337236415027, 1.010989010989011, 99.37469387755102
260, 1.0008230452674898, 0, 0.900087822067221, 1.010989010989011, 87.97551020408163
261, 1.0015527950310559, 0, 0.9601371420596305, 1.010989010989011, 98.09142857142857
262, 1.0003093102381688, 0, 0.8600993000990234, 1.010989010989011, 97.88408163265306
263, 1.0004970178926442, 0, 0.9000985700256477, 1.010989010989011, 100.02448979591837
264, 1.0001514921981518, 0, 0.9200695537345395, 1.010989010989011, 98.56081632653061
265, 1.001150747986191, 0, 0.9601306284590269, 1.010989010989011, 125.34857142857143
266, 1.0008873114463177, 0, 0.9601674440816527, 1.010989010989011, 133.51183673469387
267, 1.001510574018127, 0, 0.920165041982159, 1.010989010989011, 121.03183673469388
268, 1.001526717557252, 0, 0.9201460115852714, 1.010989010989011, 122.29306122448979
269, 1.0002651113467655, 0, 0.9800976392152214, 1.010989010989011, 126.63755102040817
270, 1.000928505106778, 1.0000116918040454, 1.0001293233416881, 1.010989010989011, 120.29306122448979
271, 1.000790513833992, 3.333222225925803e-05, 0.9801229576308319, 1.010989010989011, 120.16244897959184
272, 1.0005227391531626, 0, 0.9600867852803624, 1.010989010989011, 112.09142857142857
273, 1.0004137360364087, 0, 0.9600921681764624, 1.010989010989011, 112.67591836734694
274, 1.000622277535781, 0, 0.9401384246711919, 1.010989010989011, 103.87265306122448
275, 1.0034722222222223, 0, 0.9402350043618835, 1.010989010989011, 97.25142857142858
276, 1.0005970149253731, 0, 0.9601538434830782, 1.010989010989011, 86.17061224489795
277, 1.0006915629322268, 3.333222225925803e-05, 0.9801267640871655, 1.010989010989011, 85.12489795918367
278, 1.001088139281828, 0, 0.9801513893925593, 1.010989010989011, 75.76408163265306
279, 1.0012804097311139, 0, 0.9401362639489922, 1.010989010989011, 71.38530612244898
280, 1.0006514657980456, 0, 0.980195183277043, 1.010989010989011, 67.15755102040816
281, 1.0015698587127158, 1.0000159718894746, 1.0001937792852489, 1.010989010989011, 69.56571428571428
282, 1.0013477088948788, 0, 0.9802232395800624, 1.010989010989011, 66.19755102040817
283, 1.001639344262295, 0, 0.9602609504227803, 1.010989010989011, 59.74285714285714
284, 1.0003815337657382, 1.000016642534991, 1.0001219358320588, 1.010989010989011, 56.071020408163264
285, 1.0005807200929153, 1.0000156560675089, 1.0001407615770794, 1.010989010989011, 47.72897959183673
286, 1.0003130870381967, 0, 0.9601130988404709, 1.010989010989011, 45.755918367346936
287, 1.0005417118093174, 0, 0.9601449366116285, 1.010989010989011, 45.72734693877551
288, 1.0126582278481013, 0, 0.9404457358130804, 1.0126582278481013, 47.09469387755102
289, 1.000327011118378, 0, 0.9401232008286674, 1.0126582278481013, 50.17306122448979
290, 1.000891265597148, 0, 0.940136244771835, 1.0126582278481013, 56.0669387755102
291, 1.000364564345607, 0, 0.9600854109331182, 1.0126582278481013, 58.55265306122449
292, 1.0002040399918384, 1.0000148853825543, 1.000079864581672, 1.0126582278481013, 65.83673469387755
293, 1.0001714089818305, 0, 0.9600705354436903, 1.0126582278481013, 70.30204081632652
294, 1.0002642706131077, 0, 0.9400815915668237, 1.0126582278481013, 74.48
295, 1.0003869969040247, 0, 0.9601132470680769, 1.0126582278481013, 72.94857142857143
296, 1.0002826455624647, 0, 0.9600940972624311, 1.0126582278481013, 71.72408163265307
297, 1.0001877581674803, 0, 0.9600846517967903, 1.0126582278481013, 71.43836734693878
298, 1.000504286434695, 0, 0.9400899955113882, 1.0126582278481013, 75.83755102040816
299, 1.0004306632213609, 0, 0.9200978204227588, 1.0126582278481013, 70.56897959183674
300, 1.000453309156845, 0, 0.9801162599597991, 1.0126582278481013, 74.5861224489796
301, 1.0005194805194806, 0, 0.9801167461151032, 1.0126582278481013, 83.95102040816326
302, 1.000677966101695, 3.333222225925803e-05, 0.9801469778852954, 1.0126582278481013, 83.83510204081632
303, 1.0012376237623761, 0, 0.9402092665502328, 1.0126582278481013, 78.0465306122449
304, 1.0002994011976047, 0, 0.8801112023076909, 1.0126582278481013, 79.87183673469387
305, 1.0003808073115004, 0, 0.9201117469158485, 1.0126582278481013, 86.08081632653061
306, 1.0010162601626016, 0, 0.9801739187633589, 1.0126582278481013, 93.60326530612245
307, 1.0006361323155217, 0, 0.9801534281853389, 1.0126582278481013, 94.43591836734694
308, 1.0005552470849528, 0, 0.9601182747170539, 1.0126582278481013, 95.70775510204082
309, 1.0004264392324094, 0, 0.9801150092571228, 1.0126582278481013, 97.7534693877551
310, 1.0005813953488372, 0, 0.9801466365302298, 1.0126582278481013, 102.6065306122449
311, 1.0010351966873705, 0, 0.9401402913246661, 1.0126582278481013, 106.61714285714285
312, 1.0021929824561404, 0, 0.9602273337863997, 1.0126582278481013, 98.46612244897959
313, 1.0023809523809524, 1.0000165815480533, 1.0001990446019189, 1.0126582278481013, 103.1461224489796
314, 1.0004032258064517, 0, 0.9401000674423985, 1.0126582278481013, 114.80244897959183
315, 1.0017094017094017, 1.0000161783501318, 1.0001664697055441, 1.0126582278481013, 108.47673469387755
316, 1.002008032128514, 0, 0.9601586694042885, 1.0126582278481013, 105.66204081632652
317, 1.0014619883040936, 0, 0.9802423461200306, 1.0126582278481013, 111.78367346938775
318, 1.0008298755186722, 0, 0.9801639818667767, 1.0126582278481013, 110.61795918367346
319, 1.000361532899494, 0, 0.9800872341823665, 1.0126582278481013, 104.4195918367347
320, 1.0014814814814814, 1.0000158022818495, 1.0001233398264295, 1.0126582278481013, 102.44081632653061
321, 1.0038610038610039, 0, 0.9602261841124544, 1.0126582278481013, 89.12571428571428
322, 1.0004863813229572, 0, 0.9601408287718214, 1.0126582278481013, 78.0065306122449
323, 1.0006027727546716, 0, 0.9601418851939617, 1.0126582278481013, 75.32816326530612
324, 1.0005973715651135, 1.0000165316581253, 1.000127735764459, 1.0126582278481013, 80.63673469387756
325, 1.0004466279589102, 0, 0.9801579875126565, 1.0126582278481013, 84.91510204081632
326, 1.001187648456057, 1.0000167039722045, 1.0002465120017887, 1.0126582278481013, 91.63836734693878
327, 1.0025974025974025, 0, 0.9802461678982894, 1.0126582278481013, 79.86938775510204
328, 1.001410437235543, 0, 0.9801612809055236, 1.0126582278481013, 71.76653061224489
329, 1.0064102564102564, 0, 0.9603855289524386, 1.0126582278481013, 73.92571428571429
330, 1.0033898305084745, 0, 0.9802156390683162, 1.0126582278481013, 75.89387755102041
331, 1.0007082152974505, 0, 0.9201475042577656, 1.0126582278481013, 83.00571428571429
332, 1.0005984440454818, 0, 0.9601542070679475, 1.0126582278481013, 81.56326530612245
333, 1.0014265335235377, 0, 0.9601586512491843, 1.0126582278481013, 81.55591836734693
334, 1.0007501875468867, 0, 0.9801318550931186, 1.0126582278481013, 89.51510204081633
335, 1.0007077140835103, 0, 0.9801650387791148, 1.0126582278481013, 86.53142857142858
336, 1.0011135857461024, 0, 0.9201663257032723, 1.0126582278481013, 71.92163265306122
337, 1.0006963788300836, 0, 0.9401725002090415, 1.0126582278481013, 84.33551020408163
338, 1.001156069364162, 0, 0.960175432231903, 1.0126582278481013, 90.82285714285715
339, 1.0014471780028944, 0, 0.9801489641093011, 1.0126582278481013, 92.68571428571428
340, 1.000164989275697, 0, 0.9800830055254367, 1.0126582278481013, 93.19836734693878
341, 1.000217533173809, 0, 0.9800877124000492, 1.0126582278481013, 100.49469387755101
342, 1.0005524861878452, 0, 0.980121146890491, 1.0126582278481013, 101.12
343, 1.0010362694300519, 0, 0.9801470672093803, 1.0126582278481013, 103.92489795918367
344, 1.0004395604395604, 0, 0.960127319802627, 1.0126582278481013, 113.0204081632653
345, 1.0011682242990654, 1.0000158250383757, 1.000148107636839, 1.0126582278481013, 116.85224489795918
346, 1.0002629503023928, 1.000015943877551, 1.0000874945764529, 1.0126582278481013, 120.31591836734694
347, 1.0014705882352941, 0, 0.9801669743898366, 1.0126582278481013, 122.34857142857143
348, 1.0017699115044247, 0, 0.94014614019728, 1.0126582278481013, 119.47510204081632
349, 1.0007002801120448, 0, 0.9600987550427669, 1.0126582278481013, 117.07673469387755
350, 1.0004655493482308, 0, 0.9401046134462682, 1.0126582278481013, 112.67673469387755
351, 1.000492125984252, 0, 0.9401147180147207, 1.0126582278481013, 108.3330612244898
352, 1.0011061946902655, 0, 0.9401009852371038, 1.0126582278481013, 113.73877551020408
353, 1.0004798464491362, 0, 0.9601055854700384, 1.0126582278481013, 113.32244897959184
354, 1.0042918454935623, 1.0000165160949346, 1.0003017973102601, 1.0126582278481013, 119.25714285714285
355, 1.0010964912280702, 0, 0.980171115215805, 1.0126582278481013, 125.67918367346938
356, 1.0013020833333333, 0, 0.9802188152071248, 1.0126582278481013, 126.40326530612245
357, 1.0012658227848101, 0, 0.9601358608709196, 1.0126582278481013, 129.9469387755102
358, 1.0002969121140142, 0, 0.9600948074677883, 1.0126582278481013, 136.09551020408162
359, 1.000207511931936, 0, 0.940080904321055, 1.0126582278481013, 132.78775510204082
360, 1.0004123711340207, 0, 0.9801096864354949, 1.0126582278481013, 136.4473469387755
361, 1.0009372071227742, 0, 0.9601423789444798, 1.0126582278481013, 133.16244897959183
362, 1.003690036900369, 0, 0.9802756855537693, 1.0126582278481013, 134.20734693877552
363, 1.0022988505747126, 0, 0.9802577439701523, 1.0126582278481013, 142.92408163265307
364, 1.0034843205574913, 0, 0.9203191217611248, 1.0126582278481013, 142.91591836734693
365, 1.000304599451721, 0, 0.9200973666897262, 1.0126582278481013, 135.83755102040817
366, 1.0005467468562055, 0, 0.9201269974092309, 1.0126582278481013, 119.16571428571429
367, 1.0026737967914439, 0, 0.9403108706477643, 1.0126582278481013, 106.26530612244898
368, 1.0014064697609002, 0, 0.940199785146871, 1.0126582278481013, 106.02775510204081
369, 1.0008992805755397, 0, 0.9601386758863215, 1.0126582278481013, 87.28489795918367
370, 1.001934235976789, 0, 0.980297082730797, 1.0126582278481013, 90.95020408163265
371, 1.0012376237623761, 1.0000400272185086, 1.0002817084038427, 1.0126582278481013, 93.78448979591836
372, 1.0014727540500736, 3.333222225925803e-05, 0.9802357097963168, 1.0126582278481013, 85.6604081632653
373, 1.0059171597633136, 3.333222225925803e-05, 0.9803796417827718, 1.0126582278481013, 69.84244897959184
374, 1.003003003003003, 3.333222225925803e-05, 0.960378277170761, 1.0126582278481013, 61.628571428571426
375, 1.0016666666666667, 3.333222225925803e-05, 0.9803577339411429, 1.0126582278481013, 65.12408163265306
376, 1.0003664345914254, 0, 0.9601327794262646, 1.0126582278481013, 48.53061224489796
377, 1.0007147962830594, 0, 0.9601555887861574, 1.0126582278481013, 58.52897959183674
378, 1.0666666666666667, 3.333222225925803e-05, 0.9815832919213534, 1.0666666666666667, 66.24897959183673
379, 1.0042372881355932, 0, 0.9603732909069252, 1.0666666666666667, 60.35673469387755
380, 1.0007745933384973, 0, 0.980219273393693, 1.0666666666666667, 64.42285714285714
381, 1.0019047619047619, 0, 0.9401287897896874, 1.0666666666666667, 67.07673469387755
382, 1.0004466279589102, 0, 0.9401083322166345, 1.0666666666666667, 65.92326530612245
383, 1.0084745762711864, 0, 0.9003766643154321, 1.0666666666666667, 60.267755102040816
384, 1.0013850415512466, 0, 0.9603010468542046, 1.0666666666666667, 57.757551020408165
385, 1.0015625, 0, 0.9602008017159152, 1.0666666666666667, 62.944489795918365
386, 1.0014224751066856, 0, 0.9401843772972761, 1.0666666666666667, 65.41061224489796
387, 1.001293661060802, 0, 0.9802450828766304, 1.0666666666666667, 69.16
388, 1.0040983606557377, 0, 0.9603568011391677, 1.0666666666666667, 75.80408163265307
389, 1.0022779043280183, 0, 0.940254409218009, 1.0666666666666667, 78.63020408163266
390, 1.000699790062981, 0, 0.980150848541813, 1.0666666666666667, 83.44816326530612
391, 1.0002532928064842, 0, 0.9400786621478435, 1.0666666666666667, 86.97632653061224
392, 1.0013774104683195, 0, 0.900160787887689, 1.0666666666666667, 78.09469387755102
393, 1.0028328611898016, 0, 0.9603234699167398, 1.0666666666666667, 77.40897959183674
394, 1.0033444816053512, 0, 0.9404101656784253, 1.0666666666666667, 92.12326530612245
395, 1.002262443438914, 0, 0.9603321398633223, 1.0666666666666667, 93.32
396, 1.0032679738562091, 0, 0.9801829153681162, 1.0666666666666667, 66.8269387755102
397, 1.0002179123992154, 0, 0.9200734728313766, 1.0666666666666667, 51.75265306122449
398, 1.0001293326435592, 0, 0.9200641075053554, 1.0666666666666667, 51.23510204081633
399, 1.001560062402496, 0, 0.900123317698107, 1.0666666666666667, 56.859591836734694
400, 1.0005500550055006, 0, 0.9001300427568494, 1.0666666666666667, 69.35428571428571
401, 1.000609384521633, 0, 0.8801440836838396, 1.0666666666666667, 73.68081632653062
402, 1.00398406374502, 0, 0.9202124732304218, 1.0666666666666667, 75.51673469387755
403, 1.0006788866259335, 0, 0.9001834922444877, 1.0666666666666667, 82.09795918367347
404, 1.0008787346221442, 0, 0.960152558286951, 1.0666666666666667, 89.04081632653062
405, 1.0009267840593141, 0, 0.9602525194314165, 1.0666666666666667, 88.04081632653062
406, 1.0024509803921569, 0, 0.9403985347834797, 1.0666666666666667, 93.2065306122449
407, 1.001733102253033, 0, 0.9403042138457693, 1.0666666666666667, 94.13142857142857
408, 1.0010131712259371, 0, 0.9402584006082622, 1.0666666666666667, 94.79918367346939
409, 1.0022371364653244, 0, 0.940418862949229, 1.0666666666666667, 101.3534693877551
410, 1.0020325203252032, 0, 0.920303246592467, 1.0666666666666667, 102.45469387755102
411, 1.0044642857142858, 0, 0.9403616937179022, 1.0666666666666667, 98.97714285714285
412, 1.004566210045662, 0, 0.9203395299483251, 1.0666666666666667, 108.37551020408164
413, 1.0029850746268656, 0, 0.9603861409705853, 1.0666666666666667, 110.27020408163266
414, 1.0018416206261511, 0, 0.920345496204508, 1.0666666666666667, 111.69795918367348
415, 1.0015527950310559, 0, 0.9603337983296345, 1.0666666666666667, 112.22285714285714
416, 1.0027855153203342, 0, 0.9603502594144661, 1.0666666666666667, 97.90285714285714
417, 1.0035087719298246, 0, 0.9803034470367662, 1.0666666666666667, 88.57632653061225
418, 1.0012360939431397, 0, 0.9202096446523284, 1.0666666666666667, 85.07591836734694
419, 1.0036363636363637, 0, 0.9802719581465419, 1.0666666666666667, 98.1934693877551
420, 1.0021276595744681, 0, 0.980184632945184, 1.0666666666666667, 99.20571428571428
421, 1.0014705882352941, 0, 0.9602350060911465, 1.0666666666666667, 103.28
422, 1.0008375209380234, 0, 0.9402602256601711, 1.0666666666666667, 106.59020408163265
423, 1.0012106537530265, 0, 0.9602809688222567, 1.0666666666666667, 95.2669387755102
424, 1.0016556291390728, 0, 0.8801642964775119, 1.0666666666666667, 107.37959183673469
425, 1.0004440497335703, 0, 0.8401431438485981, 1.0666666666666667, 104.75755102040816
426, 1.0004071661237786, 0, 0.8801030768400645, 1.0666666666666667, 101.33061224489796
427, 1.0022222222222221, 0, 0.9202507427297394, 1.0666666666666667, 102.29142857142857
428, 1.0052910052910053, 0, 0.9402870969327772, 1.0666666666666667, 105.19836734693878
429, 1.0015174506828528, 0, 0.9802117329731768, 1.0666666666666667, 107.64408163265306
430, 1.0005844535359438, 0, 0.940153086823812, 1.0666666666666667, 109.28816326530612
431, 1.00177304964539, 0, 0.9202108881934113, 1.0666666666666667, 110.1534693877551
432, 1.0006006006006005, 0, 0.9001670307063856, 1.0666666666666667, 105.06204081632653
433, 1.0006734006734006, 0, 0.8801579646287108, 1.0666666666666667, 116.37959183673469
434, 1.0006925207756232, 0, 0.9201780707691012, 1.0666666666666667, 124.30448979591837
435, 1.0013888888888889, 0, 0.9402455840401933, 1.0666666666666667, 127.94122448979591
436, 1.001199040767386, 0, 0.9002127042704542, 1.0666666666666667, 126.05877551020409
437, 1.0006485084306096, 0, 0.9201966425332706, 1.0666666666666667, 131.92734693877551
438, 1.000900900900901, 0, 0.9802020553014258, 1.0666666666666667, 134.0448979591837
439, 1.0017543859649123, 3.333222225925803e-05, 0.9802771664541368, 1.0666666666666667, 134.44897959183675
440, 1.002409638554217, 0, 0.9802699529406863, 1.0666666666666667, 131.05224489795918
441, 1.0011820330969268, 1.0000167229673234, 1.0002285630783243, 1.0666666666666667, 120.21877551020408
442, 1.0012738853503185, 1.0000157321754453, 1.000239166320412, 1.0666666666666667, 114.75265306122449
443, 1.0025839793281655, 1.0000160898456985, 1.000295423265784, 1.0666666666666667, 113.06857142857143
444, 1.0009066183136899, 0, 0.9602168199887987, 1.0666666666666667, 104.66367346938776
445, 1.000971817298348, 0, 0.9801831891543168, 1.0666666666666667, 100.82122448979592
446, 1.0023866348448687, 0, 0.9803174589608546, 1.0666666666666667, 125.61142857142858
447, 1.0010121457489878, 1.0000156352606397, 1.0001534607492788, 1.0666666666666667, 137.2873469387755
448, 1.0041322314049588, 0, 0.9802857396225946, 1.0666666666666667, 123.73632653061225
449, 1.0021231422505308, 0, 0.9402680234814029, 1.0666666666666667, 105.50530612244899
450, 1.001930501930502, 0, 0.980274397437899, 1.0666666666666667, 91.05061224489796
451, 1.0020576131687242, 0, 0.940330524198562, 1.0666666666666667, 114.8538775510204
452, 1.001453488372093, 0, 0.9602258216023684, 1.0666666666666667, 99.3869387755102
453, 1.0008928571428573, 0, 0.960225080355798, 1.0666666666666667, 119.47673469387755
454, 1.0003969829297341, 0, 0.9401287467563847, 1.0666666666666667, 129.08489795918368
455, 1.0021052631578948, 0, 0.9201804879019876, 1.0666666666666667, 127.56571428571428
456, 1.0012610340479193, 0, 0.9202006951189058, 1.0666666666666667, 125.90040816326531
457, 1.0041152263374487, 0, 0.9403118861650219, 1.0666666666666667, 110.26775510204082
458, 1.0071942446043165, 3.333222225925803e-05, 0.9804143973738145, 1.0666666666666667, 117.98693877551021
459, 1.0016835016835017, 0, 0.9203266686922404, 1.0666666666666667, 114.09387755102041
460, 1.0034602076124568, 0, 0.9202772984037659, 1.0666666666666667, 124.00163265306122
461, 1.0005577244841048, 0, 0.9401329130961351, 1.0666666666666667, 131.2391836734694
462, 1.0003717472118958, 0, 0.8601058872855539, 1.0666666666666667, 125.8465306122449
463, 1.0010928961748633, 0, 0.9001777326039655, 1.0666666666666667, 125.22857142857143
464, 1.0035211267605635, 3.333222225925803e-05, 0.9803640845583229, 1.0666666666666667, 123.78530612244899
465, 1.002016129032258, 0, 0.9603302507287529, 1.0666666666666667, 127.97632653061224
466, 1.0015174506828528, 0, 0.8802426714362543, 1.0666666666666667, 115.91755102040817
467, 1.0011148272017838, 0, 0.9201640174442198, 1.0666666666666667, 101.06122448979592
468, 1.0003239390994494, 0, 0.9400991453759179, 1.0666666666666667, 105.37714285714286
469, 1.0022779043280183, 0, 0.9602211862426938, 1.0666666666666667, 96.10857142857142
470, 1.0023923444976077, 0, 0.9802077485601205, 1.0666666666666667, 77.37469387755102
471, 1.0068027210884354, 0, 0.9603151613856294, 1.0666666666666667, 76.73959183673469
472, 1.002309468822171, 0, 0.9202476633243389, 1.0666666666666667, 82.73061224489796
473, 1.0017123287671232, 0, 0.9402409383713057, 1.0666666666666667, 81.14857142857143
474, 1.0051020408163265, 0, 0.9402747424093941, 1.0666666666666667, 75.1665306122449
475, 1.0007806401249024, 0, 0.960188736665148, 1.0666666666666667, 76.47183673469388
476, 1.0021141649048626, 0, 0.9201950843994421, 1.0666666666666667, 81.73142857142857
477, 1.0007042253521128, 0, 0.9202311868053761, 1.0666666666666667, 83.59591836734694
478, 1.0227272727272727, 0, 0.9806758875467249, 1.0666666666666667, 87.57469387755103
479, 1.001466275659824, 0, 0.9401941412897575, 1.0666666666666667, 93.0065306122449
480, 1.0007651109410864, 0, 0.9401333341924553, 1.0666666666666667, 95.44571428571429
481, 1.0007037297677692, 0, 0.9401247330619982, 1.0666666666666667, 100.18122448979592
482, 1.0002759381898454, 0, 0.9201029269143775, 1.0666666666666667, 100.56979591836735
483, 1.0001625487646293, 0, 0.9200731054976825, 1.0666666666666667, 98.5738775510204
484, 1.0006097560975609, 0, 0.9201287391356502, 1.0666666666666667, 98.98612244897959
485, 1.0018315018315018, 0, 0.9402155600385085, 1.0666666666666667, 103.40081632653062
486, 1.0010752688172042, 0, 0.9602574396056849, 1.0666666666666667, 110.55020408163266
487, 1.0008123476848092, 0, 0.9401950671065639, 1.0666666666666667, 112.23918367346938
488, 1.0001563721657545, 0, 0.9400724734586778, 1.0666666666666667, 111.01714285714286
489, 1.0003196930946292, 0, 0.9400810429114412, 1.0666666666666667, 110.67510204081633
490, 1.0006863417982155, 0, 0.9001224593483619, 1.0666666666666667, 112.61469387755102
491, 1.0002159360829195, 0, 0.9000810089461004, 1.0666666666666667, 109.11428571428571
492, 1.0004679457182968, 0, 0.9001113810575592, 1.0666666666666667, 93.22122448979592
493, 1.001639344262295, 0, 0.9401745606296856, 1.0666666666666667, 91.00163265306122
494, 1.0007974481658692, 0, 0.8801671622717813, 1.0666666666666667, 96.89387755102041
495, 1.000392772977219, 0, 0.9001198416009282, 1.0666666666666667, 91.61142857142858
496, 1.0003523608174771, 0, 0.9801195881908931, 1.0666666666666667, 96.1461224489796
497, 1.0005347593582887, 0, 0.940135310368066, 1.0666666666666667, 98.21551020408164
498, 1.0017857142857143, 0, 0.9601968234731965, 1.0666666666666667, 92.50448979591837
499, 1.000391083300743, 0, 0.9600858600524728, 1.0666666666666667, 91.40244897959184
