0:47.908,242.90781563126254
1:43.166,190.56112224448898
2:49.148,216.1002004008016
3:44.224,204.1442885771543
4:54.484,280.1663326653307
5:49.214,236.27655310621242
6:43.008,211.34669338677355
7:48.252,238.62324649298597
8:52.762,266.1823647294589
9:43.474,243.38276553106212
10:53.994,288.45891783567134
11:50.776,277.6392785571142
12:42.576,217.8196392785571
13:41.174,202.75150300601203
14:51.984,245.3927855711423
15:39.468,191.34869739478958
16:37.35,182.54909819639278
17:48.938,249.11422845691382
18:46.942,224.13426853707415
19:47.458,236.34869739478958
20:44.932,214.14228456913827
21:51.818,255.98396793587173
22:47.384,211.50701402805612
23:35.912,176.1803607214429
24:38.128,175.24048096192385
25:44.03,203.82565130260522
26:47.686,223.49098196392785
27:51.966,259.2805611222445
28:50.158,222.44689378757516
29:42.35,189.68537074148296
30:32.774,157.7635270541082
31:48.146,210.48296593186373
32:39.38,180.48897795591182
33:40.076,174.76553106212424
34:54.742,253.08416833667334
35:37.208,170.35270541082164
36:51.386,249.58917835671343
37:45.558,199.98597194388776
38:56.488,294.80160320641284
39:44.88,210.27655310621242
40:44.206,211.04609218436875
41:33.244,155.79158316633266
42:46.39,210.4689378757515
43:43.098,206.32064128256513
44:41.662,197.23847695390782
45:37.296,189.76152304609218
46:35.264,149.89579158316633
47:40.166,188.4569138276553
48:47.92,232.4488977955912
49:51.544,253.3066132264529
50:41.34,207.07815631262525
51:48.26,222.3246492985972
52:29.65,129.85971943887776
53:44.33,206.52104208416833
54:41.076,187.88977955911824
55:47.126,236.4949899799599
56:42.162,204.24248496993988
57:48.64,228.21442885771543
58:50.806,251.17835671342687
59:50.308,244.94789579158316
60:43.748,219.26452905811624
61:38.47,170.18837675350701
62:41.054,198.07815631262525
63:35.912,163.8797595190381
64:32.92,144.06012024048096
65:39.808,184.53507014028057
66:32.072,147.52705410821645
67:36.606,176.58517034068137
68:39.806,183.24248496993988
69:46.462,239.40280561122245
70:45.948,233.75951903807615
71:34.456,150.67735470941884
72:38.272,174.3186372745491
73:43.128,209.54108216432866
74:33.802,158.10821643286573
75:29.526,139.6673346693387
76:44.942,219.00200400801603
77:44.236,230.14629258517033
78:51.066,249.27855711422845
79:46.644,235.9498997995992
80:47.934,251.8997995991984
81:47.734,231.44689378757516
82:50.522,250.01603206412827
83:44.046,256.60921843687373
84:35.944,168.87174348697394
85:39.712,174.98997995991985
86:36.318,173.30861723446893
87:31.596,139.72144288577155
88:43.184,203.96993987975952
89:31.582,137.4448897795591
90:42.676,186.0681362725451
91:33.392,151.59519038076152
92:46.816,219.67935871743487
93:39.83,191.45290581162325
94:51.762,264.6673346693387
95:51.014,287.937875751503
96:42.88,182.19038076152304
97:44.836,215.07815631262525
98:52.454,245.14629258517033
99:46.924,226.9118236472946
100:40.008,203.15230460921845
101:36.81,175.06012024048096
102:39.91,191.86573146292585
103:45.932,208.63527054108218
104:39.964,181.7875751503006
105:46.582,207.4188376753507
106:41.316,204.90180360721442
107:40.012,181.65330661322645
108:52.018,243.70340681362725
109:45.096,234.82765531062125
110:39.262,176.32064128256513
111:41.36,186.26052104208418
112:41.532,182.65330661322645
113:44.252,215.54108216432866
114:40.568,204.81563126252505
115:39.352,176.45490981963928
116:39.75,190.96993987975952
117:42.948,202.24248496993988
118:37.834,197.2825651302605
119:37.972,187.37274549098197
120:37.674,169.45290581162325
121:40.276,192.8376753507014
122:50.552,248.91382765531063
123:43.608,215.22444889779558
124:41.14,198.72344689378758
125:46.836,218.52104208416833
126:37.548,177.12625250501003
127:44.078,199.2004008016032
128:40.77,187.74549098196394
129:48.174,218.56513026052104
130:43.696,199.59719438877755
131:44.054,208.02605210420842
132:31.242,133.57915831663325
133:40.586,170.6112224448898
134:44.342,191.73346693386773
135:37.88,182.69739478957916
136:33.878,159.56112224448898
137:43.008,207.85971943887776
138:44.336,205.16032064128257
139:43.996,203.63527054108218
140:44.948,213.0561122244489
141:45.898,222.5551102204409
142:37.072,173.1683366733467
143:35.64,165.59919839679358
144:35.058,159.11022044088176
145:41.278,191.24048096192385
146:39.14,177.91382765531063
147:30.626,155.59118236472946
148:42.626,202.6432865731463
149:38.574,179.51102204408818
150:38.262,177.99599198396794
151:42.174,202.93787575150301
152:39.762,188.2685370741483
153:38.164,186.4689378757515
154:42.442,202.57915831663325
155:40.6,199.73547094188376
156:44.204,208.7555110220441
157:39.85,181.5190380761523
158:34.794,174.7695390781563
159:46.018,223.53306613226454
160:50.052,250.29058116232466
161:40.202,204.84168336673346
162:44.828,213.875751503006
163:51.99,260.6132264529058
164:42.444,214.49899799599197
165:43.274,205.4488977955912
166:50.244,240.67935871743487
167:48.776,226.92985971943887
168:48.46,254.59919839679358
169:45.006,202.11022044088176
170:31.624,152.6753507014028
171:42.674,200.3887775551102
172:48.826,230.52304609218436
173:49.714,266.37474949899797
174:49.098,278.76352705410824
175:41.156,209.38677354709418
176:43.704,218.87174348697394
177:51.242,233.51102204408818
178:47.154,229.75350701402806
179:44.456,223.03607214428857
180:40.13,194.36673346693388
181:42.37,194.10420841683367
182:38.228,180.16633266533066
183:37.048,163.59118236472946
184:50.324,246.25250501002003
185:50.942,253.31663326653307
186:51.82,266.32865731462925
187:47.792,235.30861723446893
188:51.198,279.0821643286573
189:48.974,260.19639278557116
190:55.846,327.8256513026052
191:56.24,296.1643286573146
192:42.93,224.76152304609218
193:48.476,250.8797595190381
194:49.094,245.45891783567134
195:46.346,222.19238476953907
196:42.64,206.25851703406815
197:46.352,223.81162324649299
198:43.876,217.87775551102203
199:49.766,248.25851703406815
200:43.578,214.64729458917836
201:40.464,204.59519038076152
202:45.804,233.16633266533066
203:50.088,235.93587174348698
204:32.78,161.7735470941884
205:40.92,193.64128256513027
206:45.41,232.95991983967937
207:33.466,163.96993987975952
208:28.694,135.4448897795591
209:43.796,199.86372745490982
210:48.678,235.50300601202406
211:48.388,233.34068136272546
212:46.186,223.13627254509018
213:48.268,219.7735470941884
214:44.432,222.84168336673346
215:48.322,234.1683366733467
216:35.944,180.62324649298597
217:45.06,206.50901803607215
218:42.756,202.14829659318636
219:40.348,193.15230460921845
220:42.378,211.0561122244489
221:52.504,250.99198396793588
222:47.192,239.90380761523045
223:45.224,226.78557114228457
224:46.186,226.30260521042084
225:51.598,254.09619238476955
226:39.534,198.46092184368737
227:52.35,257.06012024048096
228:45.834,248.10220440881764
229:44.978,238.69138276553107
230:49.006,237.3326653306613
231:45.332,229.09819639278558
232:47.38,227.27655310621242
233:50.256,237.33466933867734
234:45.674,218.35871743486973
235:47.75,227.51703406813627
236:38.208,184.58917835671343
237:45.078,225.98997995991985
238:36.008,177.42885771543087
239:36.654,188.39478957915833
240:42.106,196.2625250501002
241:36.576,173.7374749498998
242:41.4,199.65330661322645
243:43.488,200.65130260521042
244:43.88,203.64529058116233
245:46.392,219.67935871743487
246:48.666,232.74749498997997
247:40.236,225.0380761523046
248:41.856,193.72344689378758
249:50.018,245.22044088176352
250:38.42,181.7555110220441
251:39.48,199.23246492985973
252:45.46,230.07014028056113
253:38.944,197.6112224448898
254:43.624,219.10220440881764
255:36.58,176.9118236472946
256:51.944,246.7815631262525
257:42.722,200.86372745490982
258:51.95,261.9458917835671
259:48.154,236.23246492985973
260:47.05,232.68336673346693
261:52.606,304.314629258517
262:46.146,248.8697394789579
263:50.92,269.59519038076155
264:50.87,286.1022044088176
265:45.512,223.61523046092185
266:39.802,191.97795591182364
267:37.53,197.34068136272546
268:46.152,218.09218436873746
269:38.032,173.8937875751503
270:42.972,205.5511022044088
271:39.078,188.124248496994
272:37.408,176.04809619238478
273:37.534,180.17234468937875
274:38.618,181.52905811623248
275:43.118,202.60521042084167
276:40.484,186.64128256513027
277:39.792,194.6993987975952
278:36.694,173.01202404809618
279:34.566,164.11623246492985
280:30.474,148.11823647294588
281:33.864,169.52104208416833
282:34.572,163.7555110220441
283:46.024,226.44689378757516
284:40.86,184.9819639278557
285:32.404,155.32865731462925
286:28.516,130.77755511022045
287:32.906,153.97394789579158
288:29.414,126.8997995991984
289:28.564,131.36072144288576
290:42.458,196.19238476953907
291:30.058,142.27054108216433
292:38.128,173.4869739478958
293:38.6,190.88176352705412
294:41.916,192.38677354709418
295:34.478,163.14028056112224
296:39.454,174.625250501002
297:25.894,113.39078156312625
298:30.58,140.95591182364728
299:39.418,174.62725450901803
300:27.382,120.9879759519038
301:29.44,127.32665330661322
302:27.792,136.96392785571143
303:34.106,146.23246492985973
304:35.598,168.01603206412827
305:37.86,179.96993987975952
306:33.048,151.12224448897797
307:46.652,223.2925851703407
308:40.88,189.5050100200401
309:33.392,148.04408817635272
310:32.462,158.2004008016032
311:43.414,198.52304609218436
312:35.126,167.72144288577155
313:40.122,175.5050100200401
314:33.928,152.7134268537074
315:40.948,172.4488977955912
316:39.424,180.9579158316633
317:40.746,196.16432865731463
318:33.166,152.73346693386773
319:42.262,192.67134268537075
320:38.208,176.02004008016033
321:46.37,222.3507014028056
322:37.472,186.58917835671343
323:46.914,223.70140280561122
324:49.83,250.22044088176352
325:32.896,158.02805611222445
326:51.65,250.77755511022045
327:45.084,213.4569138276553
328:50.352,217.66132264529057
329:37.548,169.82164328657313
330:41.778,198.99198396793588
331:34.398,166.42685370741484
332:38.372,165.48296593186373
333:39.144,184.88577154308618
334:42.692,195.52304609218436
335:50.536,229.72945891783567
336:44.714,197.66533066132266
337:45.236,212.02204408817636
338:54.346,258.34068136272543
339:33.878,158.78957915831663
340:38.824,166.45290581162325
341:39.36,187.21643286573146
342:32.226,143.18837675350701
343:37.68,163.8937875751503
344:37.766,185.40480961923848
345:38.732,177.1803607214429
346:49.182,227.15030060120242
347:46.736,220.63527054108218
348:41.082,193.43486973947896
349:43.908,192.11623246492985
350:50.652,250.15030060120242
351:41.374,209.40280561122245
352:44.148,200.17034068136272
353:44.284,204.99599198396794
354:41.002,195.6492985971944
355:50.99,236.90781563126254
356:35.738,162.3006012024048
357:55.898,291.2064128256513
358:52.798,234.7314629258517
359:38.02,179.22044088176352
360:37.544,175.5751503006012
361:49.046,236.55911823647295
362:46.668,208.12825651302606
363:42.72,198.3627254509018
364:35.158,163.07815631262525
365:37.636,175.22845691382764
366:30.798,137.8697394789579
367:33.754,133.90180360721442
368:36.094,174.3567134268537
369:39.112,191.4448897795591
370:33.666,151.74549098196394
371:36.356,175.7254509018036
372:48.076,229.13426853707415
373:41.69,197.71142284569137
374:54.412,238.72344689378758
375:44.764,217.7735470941884
376:49.958,245.40280561122245
377:44.628,210.41482965931863
378:48.126,220.79559118236472
379:42.822,202.96392785571143
380:55.014,267.7615230460922
381:41.832,198.82765531062125
382:50.586,227.43687374749499
383:32.048,143.34869739478958
384:43.082,204.5370741482966
385:39.534,180.8937875751503
386:44.248,200.21442885771543
387:36.924,173.7875751503006
388:41.004,191.25250501002003
389:55.804,237.92985971943887
390:42.986,198.34068136272546
391:43.726,205.22044088176352
392:44.85,206.6993987975952
393:52.068,251.7735470941884
394:49.024,244.99599198396794
395:49.04,236.6312625250501
396:56.37,286.4448897795591
397:50.35,238.6192384769539
398:45.498,211.2124248496994
399:47.302,224.90180360721442
400:42.58,202.36472945891782
401:38.366,198.9498997995992
402:41.286,199.47695390781564
403:51.736,246.8697394789579
404:37.972,187.56713426853707
405:41.894,191.08617234468937
406:55.124,270.49699398797594
407:43.97,190.30460921843687
408:34.8,154.07014028056113
409:38.58,170.60320641282564
410:41.246,187.14629258517033
411:40.938,185.23246492985973
412:43.586,200.64529058116233
413:44.256,200.3246492985972
414:50.2,255.9318637274549
415:45.802,221.27054108216433
416:48.488,239.5370741482966
417:52.522,252.30861723446893
418:41.178,213.0501002004008
419:49.364,243.3426853707415
420:44.45,212.98997995991985
421:48.246,228.05410821643287
422:51.732,257.2424849699399
423:48.988,215.67134268537075
424:52.528,258.0841683366734
425:29.812,139.18436873747495
426:43.884,193.92384769539078
427:33.322,166.56312625250501
428:49.892,248.9759519038076
429:39.496,193.52304609218436
430:47.322,225.96593186372746
431:37.754,172.01202404809618
432:44.834,206.5130260521042
433:35.668,168.39478957915833
434:37.902,176.0821643286573
435:40.432,173.6813627254509
436:51.164,234.2444889779559
437:44.108,220.77154308617236
438:53.83,243.5430861723447
439:53.252,264.09819639278555
440:57.23,284.2965931863727
441:51.556,260.9438877755511
442:50.742,249.40881763527054
443:45.262,240.6432865731463
444:45.064,224.40280561122245
445:44.158,209.12224448897797
446:58.058,326.0440881763527
447:44.178,213.28456913827657
448:53.758,288.74749498997994
449:59.978,336.1923847695391
450:54.844,307.82765531062125
451:52.862,262.75551102204406
452:57.168,311.0060120240481
453:58.212,343.97795591182364
454:54.798,336.89178356713427
455:53.624,328.09619238476955
456:51.314,248.23446893787576
457:36.15,172.7074148296593
458:51.27,284.1563126252505
459:47.198,277.46693386773546
460:43.582,218.5551102204409
461:47.404,243.45090180360722
462:48.802,239.63927855711424
463:38.234,194.18436873747495
464:47.608,246.9258517034068
465:50.192,230.2064128256513
466:45.608,206.51503006012024
467:42.586,205.4949899799599
468:49.002,242.3186372745491
469:46.214,235.6813627254509
470:52.808,279.03406813627254
471:53.638,255.85370741482967
472:53.838,390.8156312625251
473:54.466,342.41082164328657
474:46.626,249.38476953907815
475:54.718,273.66132264529057
476:57.368,290.36472945891785
477:51.196,284.188376753507
478:55.908,322.0821643286573
479:51.834,289.1623246492986
480:53.486,261.71543086172346
481:43.628,197.2264529058116
482:48.832,243.42885771543087
483:49.082,249.68737474949899
484:44.91,230.66332665330663
485:43.996,203.01603206412827
486:50.494,242.4569138276553
487:47.474,234.37675350701403
488:52.846,251.81563126252505
489:50.752,242.68937875751504
490:47.302,216.94188376753507
491:56.336,292.78356713426854
492:50.828,252.11823647294588
493:53.432,268.60721442885773
494:54.442,275.76553106212424
495:45.576,222.90380761523045
496:46.4,230.47294589178355
497:58.292,323.0541082164329
498:59.348,327.10420841683367
499:49.394,246.1623246492986
500:59.854,305.6633266533066
501:48.072,248.81162324649299
502:47.534,225.35470941883767
503:59.39,362.2064128256513
504:52.588,267.3807615230461
505:54.872,270.8356713426854
506:43.032,198.0821643286573
507:51.91,245.0060120240481
508:55.154,292.1743486973948
509:56.248,263.5170340681363
510:58.794,278.5991983967936
511:56.58,269.67935871743487
512:45.644,226.34869739478958
513:40.736,196.2565130260521
514:53.27,274.79158316633266
515:41.376,189.7254509018036
516:45.148,210.32865731462925
517:41.25,198.4809619238477
518:37.518,177.68336673346693
519:42.878,182.49699398797594
520:44.8,209.37274549098197
521:51.732,253.27054108216433
522:47.092,248.875751503006
523:45.692,225.97995991983967
524:44.312,223.31663326653307
525:58.342,306.36673346693385
526:47.548,248.0380761523046
527:40.626,182.66332665330663
528:42.904,201.62324649298597
529:41.376,202.61723446893788
530:50.522,246.54909819639278
531:55.996,330.3066132264529
532:55.504,261.1182364729459
533:48.854,280.8817635270541
534:53.334,267.2044088176353
535:43.17,203.44288577154308
536:47.334,235.6993987975952
537:48.736,222.95190380761522
538:40.322,205.83567134268537
539:49.324,221.68937875751504
540:46.216,229.65130260521042
541:50.308,239.73947895791582
542:49.532,238.8196392785571
543:46.23,237.08016032064128
544:41.106,185.32064128256513
545:44.538,218.04609218436875
546:41.598,193.02605210420842
547:55.282,279.2044088176353
548:51.504,241.18637274549098
549:50.772,252.52905811623248
550:54.874,299.5811623246493
551:59.19,298.2064128256513
552:57.024,282.96793587174346
553:58.704,311.05811623246495
554:56.64,278.56913827655313
555:52.33,263.75350701402806
556:48.756,239.88977955911824
557:51.092,267.1362725450902
558:46.408,224.1122244488978
559:46.544,214.19639278557113
560:47.936,205.29859719438878
561:45.032,210.98797595190382
562:34.1,158.13627254509018
563:48.13,223.54108216432866
564:48.508,229.7635270541082
565:45.18,230.53306613226454
566:45.898,213.39078156312624
567:49.32,232.04008016032063
568:48.176,231.45490981963928
569:43.77,200.58517034068137
570:61.068,283.57915831663325
571:51.012,243.77755511022045
572:44.25,204.69539078156313
573:36.034,175.07815631262525
574:46.816,211.0060120240481
575:42.768,208.01002004008015
576:49.148,207.0240480961924
577:38.766,181.70541082164328
578:45.128,198.91382765531063
579:44.678,183.9579158316633
580:44.284,205.92384769539078
581:39.832,176.59719438877755
582:39.06,179.65931863727454
583:32.89,146.3066132264529
584:43.142,228.26452905811624
585:53.464,242.21643286573146
586:46.41,205.70941883767534
587:52.722,290.22645290581164
588:59.266,293.60921843687373
589:54.606,265.82164328657313
590:47.106,218.30460921843687
591:46.074,235.52905811623248
592:51.414,272.3346693386774
593:52.104,260.4749498997996
594:52.814,241.55911823647295
595:49.878,221.0561122244489
596:50.342,241.16633266533066
597:58.446,274.34669338677355
598:43.558,219.250501002004
599:55.188,277.37675350701403
600:54.236,245.78957915831663
601:55.068,278.9458917835671
602:53.998,258.3507014028056
603:55.096,316.0941883767535
604:52.234,231.02605210420842
605:50.934,218.28857715430863
606:50.05,248.61322645290582
607:55.058,267.5190380761523
608:57.246,265.1482965931864
609:58.04,328.1362725450902
610:56.344,324.6312625250501
611:63.6,348.65330661322645
612:58.848,293.4729458917836
613:60.066,324.30260521042084
614:58.874,342.6492985971944
615:55.89,276.6573146292585
616:55.89,258.2144288577154
617:54.494,243.64529058116233
618:49.452,232.23246492985973
619:50.788,230.6192384769539
620:50.906,249.74549098196394
621:51.904,251.87374749498997
622:62.51,324.314629258517
623:46.366,214.4488977955912
624:56.134,280.90180360721445
625:51.36,268.6933867735471
626:47.684,214.09218436873746
627:52.072,280.250501002004
628:52.084,262.3947895791583
629:49.42,244.33867735470943
630:44.478,223.40881763527054
631:50.898,245.82765531062125
632:57.84,299.22645290581164
633:54.99,262.7394789579158
634:57.35,293.5831663326653
635:51.116,268.59719438877755
636:57.338,373.62725450901803
637:54.636,263.54108216432866
638:54.446,280.1663326653307
639:56.69,271.92785571142286
640:55.992,310.9178356713427
641:63.108,319.44088176352705
642:58.838,320.4889779559118
643:52.834,242.59519038076152
644:52.546,271.1623246492986
645:54.988,332.3627254509018
646:58.236,329.85971943887773
647:56.334,269.937875751503
648:50.076,248.73346693386773
649:47.274,243.83567134268537
650:54.44,268.5270541082164
651:49.28,245.92985971943887
652:55.522,260.27054108216436
653:53.226,287.8356713426854
654:53.058,293.71743486973946
655:55.096,290.69138276553105
656:52.608,260.69939879759517
657:57.616,288.7595190380762
658:56.488,349.47695390781564
659:57.54,347.0080160320641
660:55.15,361.9899799599198
661:51.614,282.71743486973946
662:58.368,329.5571142284569
663:55.062,278.03406813627254
664:59.134,361.4168336673347
665:64.472,310.4909819639279
666:59.832,360.43887775551104
667:54.096,411.35671342685373
668:54.308,396.96593186372746
669:58.216,325.8156312625251
670:59.362,352.25450901803606
671:53.752,363.7695390781563
672:58.28,302.07815631262525
673:55.358,333.498997995992
674:57.3,325.65130260521045
675:54.208,262.34669338677355
676:62.53,302.0861723446894
677:59.182,342.2805611222445
678:63.474,360.062124248497
679:61.088,304.7374749498998
680:53.368,288.4889779559118
681:53.392,317.1062124248497
682:54.14,280.5851703406814
683:54.1,310.2124248496994
684:49.88,261.3887775551102
685:51.874,241.37875751503006
686:53.794,278.5390781563126
687:54.858,305.1002004008016
688:55.762,277.7134268537074
689:55.598,253.76553106212424
690:44.108,218.50901803607215
691:45.376,216.2444889779559
692:51.168,264.7254509018036
693:57.588,316.26653306613224
694:50.492,259.80360721442884
695:54.648,291.98396793587176
696:42.026,182.01002004008015
697:54.908,259.32665330661325
698:53.798,298.4549098196393
699:53.73,281.9078156312625
700:57.656,316.937875751503
701:56.578,285.8517034068136
702:49.772,271.5430861723447
703:58.3,340.1122244488978
704:52.376,290.0260521042084
705:53.624,288.0561122244489
706:59.884,390.9899799599198
707:56.442,325.436873747495
708:55.564,383.8336673346693
709:52.266,270.4128256513026
710:57.258,340.64729458917833
711:53.812,413.0260521042084
712:62.592,315.6492985971944
713:46.852,442.9619238476954
714:54.348,359.7975951903808
715:56.88,385.501002004008
716:53.988,393.7995991983968
717:56.804,311.7234468937876
718:57.508,343.81963927855713
719:55.282,283.59118236472943
720:62.706,367.3687374749499
721:51.234,430.19839679358716
722:56.456,413.42084168336675
723:53.86,390.0501002004008
724:59.8,390.8236472945892
725:55.714,355.1302605210421
726:52.858,374.72945891783564
727:59.82,302.21042084168334
728:44.464,226.98797595190382
729:54.904,334.43887775551104
730:56.634,307.93987975951904
731:56.982,341.5551102204409
732:54.69,363.71743486973946
733:59.226,385.7394789579158
734:53.316,292.6132264529058
735:56.86,381.91182364729457
736:58.888,370.7254509018036
737:56.328,360.3547094188377
738:52.786,321.9639278557114
739:53.744,295.05210420841684
740:46.216,228.15230460921845
741:38.242,185.02204408817636
742:49.282,249.00801603206412
743:56.492,317.5110220440882
744:54.096,283.5931863727455
745:50.974,255.5811623246493
746:49.938,266.0821643286573
747:56.714,267.69739478957916
748:57.194,332.02404809619236
749:58.048,367.37474949899797
750:56.186,357.43887775551104
751:55.762,337.5551102204409
752:50.108,271.9158316633266
753:60.992,308.96793587174346
754:48.984,258.8256513026052
755:52.568,262.20841683366734
756:53.082,256.4549098196393
757:53.31,305.3627254509018
758:48.88,244.86773547094188
759:49.31,228.84969939879758
760:47.386,223.27855711422845
761:44.678,198.52104208416833
762:54.676,325.70741482965934
763:53.66,302.7815631262525
764:57.4,352.47695390781564
765:50.724,271.4248496993988
766:51.638,260.3807615230461
767:57.27,319.8156312625251
768:59.428,350.9879759519038
769:56.944,342.44889779559117
770:58.988,342.5470941883768
771:52.66,339.15230460921845
772:56.552,299.0541082164329
773:56.138,311.5430861723447
774:53.076,275.4729458917836
775:57.076,292.29258517034066
776:59.06,342.19839679358716
777:58.574,337.61723446893785
778:54.71,302.436873747495
779:54.124,330.811623246493
780:55.884,353.99799599198394
781:56.772,313.37675350701403
782:55.888,278.49699398797594
783:57.442,314.565130260521
784:57.71,285.60320641282567
785:54.334,298.17835671342687
786:55.88,370.42084168336675
787:52.278,339.5450901803607
788:58.698,363.3186372745491
789:54.616,303.9939879759519
790:56.96,324.6673346693387
791:54.344,282.30260521042084
792:43.508,196.3567134268537
793:58.246,403.3807615230461
794:58.046,355.7414829659319
795:55.602,401.07014028056113
796:57.92,351.07014028056113
797:53.784,268.3066132264529
798:56.086,296.12424849699397
799:52.35,283.36472945891785
800:59.59,294.563126252505
801:53.924,261.3066132264529
802:57.328,315.0180360721443
803:57.912,316.7254509018036
804:58.312,361.77354709418836
805:58.11,315.3687374749499
806:58.268,394.7875751503006
807:55.46,362.0460921843687
808:55.764,328.9458917835671
809:56.472,406.685370741483
810:48.582,434.9158316633266
811:54.462,411.6112224448898
812:57.46,376.09619238476955
813:54.842,305.6392785571142
814:58.288,346.9498997995992
815:59.072,339.70941883767534
816:48.916,255.98997995991985
817:56.014,267.8436873747495
818:53.294,262.81963927855713
819:55.962,285.7134268537074
820:52.528,289.749498997996
821:57.054,313.9699398797595
822:45.772,222.11022044088176
823:47.218,213.24248496993988
824:57.734,346.36472945891785
825:54.668,287.8376753507014
826:56.55,293.17835671342687
827:52.55,278.14028056112227
828:38.482,186.124248496994
829:55.722,311.3607214428858
830:51.492,275.5390781563126
831:51.038,276.7194388777555
832:43.398,218.26452905811624
833:53.874,261.7214428857715
834:55.938,324.88577154308615
835:53.106,252.81362725450902
836:59.984,355.1302605210421
837:51.456,274.3987975951904
838:46.154,211.51102204408818
839:49.224,266.49498997995994
840:52.202,302.7134268537074
841:46.728,231.67134268537075
842:44.818,225.7555110220441
843:52.088,260.53306613226454
844:48.27,260.6212424849699
845:41.77,195.91583166332666
846:50.66,232.7374749498998
847:54.15,262.2985971943888
848:58.774,313.8156312625251
849:53.2,254.9178356713427
850:52.558,266.2865731462926
851:51.478,263.3547094188377
852:48.904,220.75751503006012
853:53.862,273.55310621242484
854:45.656,210.12625250501003
855:41.65,199.9118236472946
856:39.134,180.75150300601203
857:49.66,241.10420841683367
858:52.84,231.78356713426854
859:46.386,218.47895791583167
860:59.144,263.41082164328657
861:53.714,299.2044088176353
862:42.046,188.7995991983968
863:48.008,217.96593186372746
864:48.088,215.4949899799599
865:48.328,245.3066132264529
866:50.66,247.03607214428857
867:41.156,201.93987975951904
868:51.562,242.92384769539078
869:43.512,194.25250501002003
870:48.566,255.15831663326654
871:48.724,258.1763527054108
872:57.29,290.0661322645291
873:52.442,259.14228456913827
874:54.5,277.5310621242485
875:51.312,331.0100200400802
876:56.866,278.57715430861725
877:58.484,325.9498997995992
878:59.304,307.9438877755511
879:51.406,260.5070140280561
880:58.604,313.5871743486974
881:52.88,313.98396793587176
882:57.74,310.4609218436874
883:59.468,310.9498997995992
884:41.466,183.7735470941884
885:44.382,210.9178356713427
886:47.814,219.69739478957916
887:50.352,274.0681362725451
888:55.288,253.09218436873746
889:47.76,212.81362725450902
890:54.706,276.5310621242485
891:55.908,266.5991983967936
892:56.46,284.3507014028056
893:52.888,298.4168336673347
894:55.824,283.39679358717433
895:50.572,238.05811623246493
896:55.982,295.5290581162325
897:44.078,211.92384769539078
898:47.51,229.0681362725451
899:52.698,273.67935871743487
900:44.002,221.47094188376752
901:39.932,180.33867735470943
902:43.586,207.96593186372746
903:42.596,219.250501002004
904:46.248,210.44689378757516
905:35.188,161.7134268537074
906:36.318,164.70941883767534
907:32.042,139.59118236472946
908:24.338,106.71543086172345
909:32.53,146.8436873747495
910:38.31,183.6192384769539
911:43.576,210.52705410821645
912:38.854,189.64128256513027
913:42.212,198.17835671342687
914:39.67,184.0681362725451
915:41.866,194.20440881763528
916:40.546,194.17034068136272
917:49.526,247.51102204408818
918:54.342,285.49498997995994
919:48.608,241.47695390781564
920:53.432,257.4909819639279
921:54.688,278.8817635270541
922:57.322,275.8697394789579
923:55.786,280.47895791583164
924:56.636,283.4448897795591
925:58.036,357.7695390781563
926:47.554,224.68937875751504
927:46.552,221.2124248496994
928:46.3,234.12625250501003
929:58.012,340.2184368737475
930:47.712,241.45891783567134
931:59.892,300.24649298597194
932:58.51,276.2044088176353
933:42.106,198.82765531062125
934:49.842,226.0561122244489
935:38.152,173.08016032064128
936:41.502,186.9619238476954
937:39.208,179.4569138276553
938:54.404,279.6573146292585
939:50.642,241.85771543086173
940:57.758,325.19639278557116
941:42.546,203.34068136272546
942:56.546,280.9238476953908
943:53.46,244.18837675350701
944:49.62,245.25851703406815
945:58.362,284.436873747495
946:46.692,222.59118236472946
947:53.35,270.70741482965934
948:43.604,195.3186372745491
949:44.744,211.7875751503006
950:52.898,255.88376753507015
951:56.162,281.93987975951904
952:49.346,236.44088176352705
953:51.264,244.78957915831663
954:49.848,263.4609218436874
955:61.03,293.4689378757515
956:55.244,374.67935871743487
957:51.398,293.4709418837675
958:55.48,297.6132264529058
959:55.744,284.8517034068136
960:58.542,316.3787575150301
961:54.58,292.0941883767535
962:52.892,304.751503006012
963:46.066,218.24649298597194
964:54.418,267.0060120240481
965:53.15,271.59118236472943
966:54.12,339.76352705410824
967:57.534,283.5290581162325
968:54.392,273.0541082164329
969:49.972,249.73547094188376
970:57.866,280.53306613226454
971:47.068,232.4869739478958
972:44.842,222.80160320641284
973:44.716,202.8697394789579
974:45.04,225.87374749498997
975:48.652,259.1322645290581
976:55.69,280.7935871743487
977:49.46,250.45090180360722
978:45.686,213.5931863727455
979:47.042,225.1803607214429
980:43.228,191.53306613226454
981:49.626,238.82565130260522
982:54.678,291.96593186372746
983:57.2,277.4629258517034
984:49.222,237.65130260521042
985:51.594,250.75350701402806
986:48.38,246.70941883767534
987:52.42,270.4248496993988
988:51.682,267.2304609218437
989:46.154,234.71943887775552
990:61.086,315.44889779559117
991:57.586,337.5551102204409
992:57.75,297.4909819639279
993:57.116,328.8156312625251
994:54.642,274.12625250501003
995:52.62,286.24649298597194
996:57.852,332.9258517034068
997:58.178,389.30260521042084
998:59.81,300.5170340681363
999:54.658,344.8316633266533
1000:53.294,273.7194388777555
1001:53.348,264.2384769539078
1002:52.02,289.56913827655313
1003:49.504,241.84969939879758
1004:54.346,303.03406813627254
1005:50.782,279.86573146292585
1006:56.676,284.8797595190381
1007:60.102,301.85771543086173
1008:54.246,264.8977955911824
1009:57.282,390.7595190380762
1010:55.978,269.94188376753505
1011:57.22,297.2985971943888
1012:51.472,281.7755511022044
1013:56.056,285.04208416833666
1014:56.896,319.7194388777555
1015:54.154,262.14228456913827
1016:45.874,228.87374749498997
1017:55.292,295.8496993987976
1018:48.046,249.7134268537074
1019:37.796,169.8436873747495
1020:42.124,204.0561122244489
1021:38.288,190.32665330661322
1022:46.228,219.86773547094188
1023:37.226,178.3066132264529
1024:46.664,265.32064128256513
1025:52.602,281.12224448897797
1026:46.056,224.24849699398797
1027:56.204,301.062124248497
1028:48.018,218.2685370741483
1029:51.898,284.2384769539078
1030:52.058,271.37474949899797
1031:48.68,234.47895791583167
1032:54.98,320.98597194388776
1033:50.632,297.8256513026052
1034:48.864,253.93386773547095
1035:50.002,231.5430861723447
1036:55.854,302.0360721442886
1037:51.662,269.1322645290581
1038:47.644,259.16032064128257
1039:58.64,297.2625250501002
1040:47.712,272.6012024048096
1041:42.954,233.06012024048096
1042:49.326,257.9739478957916
1043:43.202,211.34869739478958
1044:53.504,288.05210420841684
1045:49.488,247.250501002004
1046:45.148,215.28456913827657
1047:45.55,244.18837675350701
1048:51.652,262.8056112224449
1049:48.384,263.3166332665331
1050:49.856,229.7735470941884
1051:45.058,195.75751503006012
1052:44.992,217.6933867735471
1053:45.522,223.01402805611224
1054:55.66,275.5290581162325
1055:55.806,299.8817635270541
1056:52.28,240.61523046092185
1057:56.742,276.4689378757515
1058:54.902,293.2244488977956
1059:55.652,352.07014028056113
1060:53.906,329.17034068136275
1061:52.962,301.50501002004006
1062:55.948,306.72945891783564
1063:54.52,295.44889779559117
1064:54.87,310.4188376753507
1065:49.122,244.73547094188376
1066:48.304,246.32064128256513
1067:55.164,292.5270541082164
1068:57.59,356.7414829659319
1069:57.14,317.49498997995994
1070:48.318,255.88977955911824
1071:55.076,347.1322645290581
1072:54.7,343.6573146292585
1073:52.812,288.7795591182365
1074:50.186,268.7695390781563
1075:51.268,277.05210420841684
1076:54.376,289.94789579158316
1077:54.882,295.87374749498997
1078:52.716,259.37474949899797
1079:52.088,258.1322645290581
1080:44.504,240.98396793587173
1081:54.114,249.3326653306613
1082:52.942,261.3186372745491
1083:59.416,305.436873747495
1084:48.948,236.09218436873746
1085:45.876,236.33867735470943
1086:57.57,340.60921843687373
1087:48.17,257.7214428857715
1088:53.91,279.78957915831666
1089:51.0,268.5571142284569
1090:46.656,231.4248496993988
1091:44.276,225.55711422845692
1092:43.286,225.02004008016033
1093:48.256,255.59719438877755
1094:45.47,224.0501002004008
1095:51.406,247.23847695390782
1096:42.458,209.62124248496994
1097:44.568,213.6432865731463
1098:49.02,259.09619238476955
1099:43.454,216.73547094188376
1100:38.742,200.27655310621242
1101:42.31,211.8316633266533
1102:44.156,221.09018036072143
1103:40.42,190.5811623246493
1104:47.868,245.33466933867734
1105:36.458,196.95991983967937
1106:47.188,240.80160320641284
1107:44.722,197.81162324649299
1108:44.21,212.53306613226454
1109:44.796,193.4869739478958
1110:45.418,224.7254509018036
1111:51.156,255.54709418837675
1112:44.234,236.86773547094188
1113:44.57,226.95591182364728
1114:49.674,254.52104208416833
1115:43.062,207.30460921843687
1116:50.65,264.18036072144287
1117:53.252,290.90981963927857
1118:51.442,251.31262525050101
1119:50.526,246.3627254509018
1120:41.358,194.57114228456913
1121:42.512,194.6813627254509
1122:42.648,218.31462925851704
1123:39.222,191.5551102204409
1124:47.556,265.4609218436874
1125:39.408,189.32665330661322
1126:54.428,299.1362725450902
1127:57.874,274.5310621242485
1128:53.354,276.23446893787576
1129:48.77,270.6372745490982
1130:51.016,253.38677354709418
1131:48.55,234.8997995991984
1132:44.034,200.21442885771543
1133:43.282,208.3627254509018
1134:49.15,244.82965931863728
1135:49.134,222.65931863727454
1136:49.752,261.5751503006012
1137:48.242,242.6673346693387
1138:43.864,205.5190380761523
1139:38.67,171.96593186372746
1140:48.344,230.95991983967937
1141:51.39,273.563126252505
1142:51.032,258.59118236472943
1143:49.072,261.96593186372746
1144:58.458,318.0561122244489
1145:46.966,248.1122244488978
1146:55.508,288.39278557114227
1147:48.564,253.14228456913827
1148:50.432,253.66533066132266
1149:53.192,343.91182364729457
1150:50.35,276.9058116232465
1151:50.676,247.84569138276552
1152:52.518,267.1382765531062
1153:41.306,195.57114228456913
1154:48.752,254.70941883767534
1155:41.396,211.44088176352705
1156:57.638,369.4829659318637
1157:50.98,264.1763527054108
1158:49.024,268.94188376753505
1159:49.736,236.35270541082164
1160:50.814,247.1202404809619
1161:52.836,268.2565130260521
1162:52.488,272.1563126252505
1163:47.996,223.6573146292585
1164:52.106,284.71743486973946
1165:50.86,245.94589178356713
1166:48.62,222.48897795591182
1167:36.504,187.52104208416833
1168:42.106,202.18236472945893
1169:34.982,174.2004008016032
1170:48.332,231.10821643286573
1171:41.248,191.4869739478958
1172:46.494,208.8797595190381
1173:40.59,208.74148296593185
1174:41.59,192.0881763527054
1175:30.368,135.25851703406815
1176:37.51,165.77755511022045
1177:29.992,133.13226452905812
1178:36.27,159.09218436873746
1179:32.028,152.85971943887776
1180:38.128,181.18236472945893
1181:41.768,218.00801603206412
1182:35.008,168.84969939879758
1183:44.798,216.9178356713427
1184:33.958,162.17835671342687
1185:45.314,218.5691382765531
1186:32.908,162.749498997996
1187:36.45,181.1803607214429
1188:32.942,156.27855711422845
1189:33.66,158.78557114228457
1190:42.756,184.93787575150301
1191:35.658,164.92384769539078
1192:41.296,200.9318637274549
1193:47.466,256.3306613226453
1194:50.718,250.42284569138278
1195:46.284,226.05210420841684
1196:42.574,219.10821643286573
1197:46.066,218.93587174348698
1198:44.262,219.98797595190382
1199:44.898,215.7635270541082
1200:41.086,199.90180360721442
1201:42.076,189.9819639278557
1202:38.234,179.3987975951904
1203:45.076,227.9438877755511
1204:50.004,237.35470941883767
1205:43.458,209.4689378757515
1206:44.52,217.04609218436875
1207:48.192,243.4629258517034
1208:48.612,239.23446893787576
1209:55.656,300.5110220440882
1210:47.042,241.01402805611224
1211:57.404,330.99599198396794
1212:52.384,236.3186372745491
1213:55.494,280.8316633266533
1214:53.554,308.00400801603206
1215:43.998,240.17635270541084
1216:46.158,232.19639278557113
1217:45.832,222.51703406813627
1218:55.26,307.51503006012024
1219:39.398,188.45490981963928
1220:45.398,233.51703406813627
1221:47.148,235.24649298597194
1222:51.186,252.69539078156313
1223:51.638,281.9058116232465
1224:52.638,236.35470941883767
1225:51.308,259.92184368737475
1226:47.652,231.1382765531062
1227:52.088,267.11623246492985
1228:49.156,242.0501002004008
1229:44.08,224.19238476953907
1230:49.504,245.02605210420842
1231:55.964,317.25450901803606
1232:55.946,317.89178356713427
1233:54.434,325.15430861723445
1234:56.718,379.0921843687375
1235:52.488,262.39278557114227
1236:51.61,293.26653306613224
1237:55.842,330.24649298597194
1238:58.674,340.5470941883768
1239:58.758,349.87174348697397
1240:58.0,383.5170340681363
1241:53.374,369.52104208416836
1242:58.42,299.0541082164329
1243:45.484,222.80160320641284
1244:51.58,275.48496993987976
1245:57.052,328.17034068136275
1246:49.092,260.98396793587176
1247:51.05,437.4128256513026
1248:59.934,350.7855711422846
1249:54.87,327.937875751503
1250:49.046,231.5751503006012
1251:51.88,263.96793587174346
1252:60.902,334.8176352705411
1253:57.28,309.935871743487
1254:53.118,277.685370741483
1255:45.014,225.47895791583167
1256:48.936,228.64729458917836
1257:50.382,253.59919839679358
1258:55.326,356.40881763527057
1259:57.556,286.2384769539078
1260:55.168,371.4909819639279
1261:58.194,361.5270541082164
1262:52.308,297.43887775551104
1263:57.592,295.7214428857715
1264:57.178,304.12825651302603
1265:51.798,273.79158316633266
1266:51.846,259.04008016032066
1267:56.706,282.5871743486974
1268:54.978,284.1022044088176
1269:56.574,291.40280561122245
1270:50.714,272.85971943887773
1271:47.866,250.02805611222445
1272:57.292,343.3707414829659
1273:55.228,381.28456913827654
1274:55.046,341.20841683366734
1275:51.836,298.1382765531062
1276:54.878,296.62525050100203
1277:51.366,247.36472945891782
1278:44.246,194.44689378757516
1279:51.764,276.4188376753507
1280:55.198,284.19839679358716
1281:41.318,192.57915831663325
1282:51.772,302.26452905811624
1283:58.908,342.0841683366734
1284:54.69,285.60320641282567
1285:50.338,244.97795591182364
1286:46.894,228.5250501002004
1287:47.122,244.6312625250501
1288:48.028,254.27855711422845
1289:42.44,209.09619238476955
1290:44.318,229.82765531062125
1291:53.306,268.91182364729457
1292:50.36,256.5490981963928
1293:52.096,257.32865731462925
1294:50.994,279.72945891783564
1295:47.148,232.50901803607215
1296:50.248,254.8376753507014
1297:51.498,246.71142284569137
1298:49.878,272.44088176352705
1299:53.076,275.65330661322645
1300:48.78,262.8797595190381
1301:46.324,235.2064128256513
1302:44.29,209.41482965931863
1303:47.534,236.6993987975952
1304:53.636,270.5270541082164
1305:51.382,264.3687374749499
1306:51.096,253.58316633266534
1307:55.578,285.3066132264529
1308:43.452,233.43687374749499
1309:44.138,220.2745490981964
1310:54.664,363.7114228456914
1311:51.814,330.32865731462925
1312:57.286,314.07815631262525
1313:56.442,352.65931863727457
1314:53.302,284.8316633266533
1315:57.81,334.1683366733467
1316:48.754,248.43286573146293
1317:52.82,292.3687374749499
1318:53.202,356.2244488977956
1319:50.26,287.44889779559117
1320:51.868,265.15430861723445
1321:51.852,287.15430861723445
1322:52.872,322.90981963927857
1323:55.274,339.2885771543086
1324:55.128,352.8056112224449
1325:57.172,332.0821643286573
1326:54.886,350.6693386773547
1327:54.064,277.0120240480962
1328:56.818,321.1362725450902
1329:54.996,367.2965931863727
1330:55.644,307.7414829659319
1331:41.246,204.8697394789579
1332:51.198,303.4168336673347
1333:52.478,332.7955911823647
1334:50.946,266.8877755511022
1335:56.47,326.1563126252505
1336:51.298,293.79158316633266
1337:55.64,326.3707414829659
1338:50.902,253.5130260521042
1339:50.978,301.0300601202405
1340:47.872,262.33867735470943
1341:53.828,331.751503006012
1342:50.046,281.74749498997994
1343:53.562,351.00400801603206
1344:56.038,346.1002004008016
1345:56.26,335.38276553106215
1346:57.02,311.94188376753505
1347:49.564,270.501002004008
1348:56.896,293.5070140280561
1349:55.28,329.1843687374749
1350:49.174,254.37875751503006
1351:45.484,228.9619238476954
1352:40.006,202.13226452905812
1353:56.97,315.86573146292585
1354:51.896,397.1382765531062
1355:56.324,306.6653306613226
1356:50.622,322.434869739479
1357:55.362,384.2885771543086
1358:54.64,357.3987975951904
1359:60.454,382.95791583166334
1360:44.584,211.6492985971944
1361:52.508,256.8336673346693
1362:51.578,255.51102204408818
1363:53.28,300.4509018036072
1364:52.996,296.10420841683367
1365:51.022,285.2244488977956
1366:53.136,292.6392785571142
1367:48.776,269.25250501002006
1368:42.84,206.8797595190381
1369:53.564,383.0561122244489
1370:52.368,315.90380761523045
1371:52.39,347.0541082164329
1372:50.692,391.85971943887773
1373:47.368,419.1663326653307
1374:52.894,354.24649298597194
1375:52.84,420.3507014028056
1376:51.222,411.498997995992
1377:52.938,370.7995991983968
1378:48.406,441.9078156312625
1379:52.72,368.30260521042084
1380:53.232,340.1663326653307
1381:48.634,276.8877755511022
1382:53.094,334.52304609218436
1383:53.73,379.62324649298597
1384:50.386,446.1022044088176
1385:55.09,344.36472945891785
1386:50.864,330.27054108216436
1387:58.634,300.4869739478958
1388:57.726,322.57114228456913
1389:59.74,331.25250501002006
1390:56.114,361.60721442885773
1391:50.836,388.64128256513027
1392:56.368,377.7795591182365
1393:51.772,411.8677354709419
1394:52.236,363.22645290581164
1395:53.61,395.63326653306615
1396:56.208,346.9639278557114
1397:51.856,397.7935871743487
1398:53.44,358.0681362725451
1399:56.696,344.23647294589176
1400:55.178,409.17835671342687
1401:41.04,456.0761523046092
1402:54.15,407.57715430861725
1403:54.128,428.064128256513
1404:48.554,465.00400801603206
1405:54.172,401.7194388777555
1406:51.176,384.8236472945892
1407:54.76,337.7695390781563
1408:52.304,394.3687374749499
1409:53.156,386.1503006012024
1410:57.252,384.6392785571142
1411:52.954,391.9899799599198
1412:55.96,330.0200400801603
1413:52.398,325.80360721442884
1414:55.508,359.72945891783564
1415:56.334,325.36673346693385
1416:54.818,368.6673346693387
1417:48.086,437.4869739478958
1418:57.114,384.18036072144287
1419:54.558,380.563126252505
1420:55.976,417.96793587174346
1421:48.53,393.69939879759517
1422:59.148,365.84569138276555
1423:52.662,436.7935871743487
1424:49.346,422.27254509018036
1425:55.18,416.53507014028054
1426:49.042,448.98597194388776
1427:56.246,402.2985971943888
1428:57.886,380.436873747495
1429:62.342,361.51503006012024
1430:57.352,367.0460921843687
1431:55.406,353.37274549098197
1432:55.752,322.04208416833666
1433:54.214,386.5110220440882
1434:48.664,257.39278557114227
1435:53.386,270.9739478957916
1436:42.546,207.2004008016032
1437:57.85,352.94188376753505
1438:55.886,383.3066132264529
1439:60.882,356.08817635270543
1440:57.402,337.3507014028056
1441:56.68,299.70941883767534
1442:54.53,291.6553106212425
1443:48.278,244.91382765531063
1444:58.368,353.6192384769539
1445:58.422,333.7234468937876
1446:56.686,372.34869739478955
1447:56.118,324.9498997995992
1448:53.662,329.5290581162325
1449:56.096,285.38276553106215
1450:53.994,316.53507014028054
1451:57.752,315.6933867735471
1452:58.432,305.98597194388776
1453:53.022,315.9318637274549
1454:63.304,301.40881763527057
1455:55.896,287.937875751503
1456:56.724,323.31062124248496
1457:55.308,336.565130260521
1458:58.208,342.498997995992
1459:54.578,342.2044088176353
1460:54.216,335.3867735470942
1461:55.176,294.064128256513
1462:56.964,300.4068136272545
1463:62.124,327.38476953907815
1464:54.134,320.9879759519038
1465:53.068,273.8416833667335
1466:56.49,307.8637274549098
1467:54.984,303.3887775551102
1468:50.984,247.94188376753507
1469:57.422,305.37474949899797
1470:56.81,309.64328657314627
1471:55.652,344.10420841683367
1472:57.822,345.3987975951904
1473:56.386,313.2885771543086
1474:54.378,340.97795591182364
1475:56.626,351.64128256513027
1476:57.678,328.87374749498997
1477:55.802,368.1482965931864
1478:44.38,215.8937875751503
1479:53.514,292.9919839679359
1480:61.178,340.07014028056113
1481:54.106,254.99198396793588
1482:57.836,283.3687374749499
1483:58.824,316.61523046092185
1484:52.41,312.8877755511022
1485:55.34,277.10821643286573
1486:59.388,309.9138276553106
1487:59.15,340.22845691382764
1488:52.118,254.2004008016032
1489:53.528,300.55911823647295
1490:56.734,313.4128256513026
1491:56.924,306.6573146292585
1492:52.828,248.3807615230461
1493:54.088,308.2004008016032
1494:57.53,305.43086172344687
1495:51.74,286.62525050100203
1496:54.428,273.9498997995992
1497:56.388,307.82164328657313
1498:56.034,367.062124248497
1499:57.956,394.91182364729457
1500:54.562,322.11623246492985
1501:51.526,255.98997995991985
1502:47.982,249.28056112224448
1503:51.938,247.23446893787576
1504:53.896,270.63326653306615
1505:51.372,242.49298597194388
1506:51.15,261.86573146292585
1507:46.082,242.69739478957916
1508:45.95,228.60521042084167
1509:38.776,184.53507014028057
1510:48.974,258.56913827655313
1511:48.168,237.85170340681364
1512:53.922,290.5751503006012
1513:55.026,313.811623246493
1514:56.362,274.10420841683367
1515:57.566,343.19639278557116
1516:50.16,263.39278557114227
1517:48.434,250.01603206412827
1518:44.054,216.7555110220441
1519:54.02,252.8697394789579
1520:54.574,284.42084168336675
1521:49.76,246.04809619238478
1522:47.952,251.4869739478958
1523:56.814,290.5110220440882
1524:50.762,227.61322645290582
1525:62.08,346.39679358717433
1526:55.28,291.34869739478955
1527:59.078,366.42284569138275
1528:51.874,264.1482965931864
1529:54.768,276.2745490981964
1530:48.818,245.37074148296594
1531:52.922,322.42885771543087
1532:55.676,317.23647294589176
1533:53.212,318.9879759519038
1534:48.13,236.98797595190382
1535:47.344,218.87174348697394
1536:46.47,235.9318637274549
1537:51.68,277.9639278557114
1538:58.676,289.2144288577154
1539:47.256,223.47094188376752
1540:50.17,260.5390781563126
1541:55.312,292.78957915831666
1542:52.174,268.49699398797594
1543:54.054,306.17034068136275
1544:53.258,284.15230460921845
1545:53.64,314.49699398797594
1546:47.954,227.94789579158316
1547:52.112,288.0661322645291
1548:53.426,333.3346693386774
1549:57.314,301.7975951903808
1550:54.756,305.10821643286573
1551:48.112,230.18637274549098
1552:55.044,290.24649298597194
1553:44.9,233.13226452905812
1554:55.452,334.6693386773547
1555:58.762,286.4609218436874
1556:57.624,301.80360721442884
1557:54.458,328.75350701402806
1558:50.718,323.7935871743487
1559:56.802,352.6813627254509
1560:56.8,349.5290581162325
1561:55.222,300.57915831663325
1562:58.546,347.0380761523046
1563:52.352,294.99599198396794
1564:50.902,261.96793587174346
1565:55.706,290.53306613226454
1566:57.042,287.8336673346693
1567:58.024,298.8316633266533
1568:53.784,296.1302605210421
1569:57.34,306.91983967935874
1570:57.668,292.70941883767534
1571:57.19,342.188376753507
1572:49.82,256.7675350701403
1573:52.77,312.67334669338675
1574:56.422,314.0821643286573
1575:57.276,331.5370741482966
1576:58.406,343.7214428857715
1577:55.892,334.1503006012024
1578:52.676,321.0741482965932
1579:55.822,319.7695390781563
1580:58.078,315.46492985971946
1581:51.904,313.56112224448896
1582:49.396,277.14629258517033
1583:55.33,290.45891783567134
1584:55.156,331.91983967935874
1585:61.99,319.34869739478955
1586:59.322,318.84769539078155
1587:52.258,300.2204408817635
1588:56.696,347.67735470941886
1589:55.618,308.4869739478958
1590:57.146,324.5290581162325
1591:58.726,356.8316633266533
1592:51.428,270.6132264529058
1593:53.174,307.44689378757516
1594:59.624,317.2064128256513
1595:50.07,272.42084168336675
1596:57.29,299.1022044088176
1597:54.848,295.8336673346693
1598:58.588,281.5430861723447
1599:53.192,285.56913827655313
1600:55.902,313.8897795591182
1601:55.704,296.7975951903808
1602:51.892,266.7234468937876
1603:51.462,273.3186372745491
1604:53.186,317.9178356713427
1605:57.392,374.314629258517
1606:56.144,380.0841683366734
1607:51.59,384.8637274549098
1608:57.414,317.3707414829659
1609:57.202,271.45891783567134
1610:58.148,290.54108216432866
1611:55.774,315.7615230460922
1612:58.464,275.7214428857715
1613:55.524,311.90380761523045
1614:55.216,277.17234468937875
1615:57.796,330.45891783567134
1616:54.32,299.23446893787576
1617:60.606,311.96593186372746
1618:52.234,295.17835671342687
1619:54.346,266.5070140280561
1620:55.818,312.44689378757516
1621:59.37,291.3507014028056
1622:60.99,328.44889779559117
1623:54.796,312.5110220440882
1624:45.632,248.30861723446893
1625:52.046,282.05210420841684
1626:52.702,263.9158316633266
1627:46.67,239.67134268537075
1628:53.086,269.7014028056112
1629:51.118,302.1122244488978
1630:54.432,292.5490981963928
1631:53.532,286.0921843687375
1632:46.63,224.17635270541084
1633:49.014,258.48496993987976
1634:57.518,337.0280561122245
1635:54.292,394.0821643286573
1636:60.514,345.9559118236473
1637:55.656,293.062124248497
1638:58.056,352.8176352705411
1639:54.834,344.17835671342687
1640:53.588,276.9939879759519
1641:58.654,361.53306613226454
1642:56.718,323.0821643286573
1643:40.462,216.59719438877755
1644:45.562,230.17635270541084
1645:46.724,230.95591182364728
1646:57.682,351.4128256513026
1647:56.276,337.11422845691385
1648:56.244,347.3046092184369
1649:57.612,337.0380761523046
1650:55.894,303.7374749498998
1651:58.354,309.9338677354709
1652:58.82,352.7254509018036
1653:53.142,338.685370741483
1654:61.372,341.7615230460922
1655:59.966,293.3346693386774
1656:60.38,330.57114228456913
1657:52.562,421.13426853707415
1658:56.538,345.8697394789579
1659:55.806,291.23647294589176
1660:51.112,275.92785571142286
1661:56.762,390.88376753507015
1662:54.6,412.064128256513
1663:61.504,401.21643286573146
1664:57.458,393.06012024048096
1665:47.732,439.6693386773547
1666:52.188,414.1683366733467
1667:57.538,381.8617234468938
1668:57.262,376.82965931863725
1669:57.79,363.6292585170341
1670:47.872,451.15430861723445
1671:54.546,415.9739478957916
1672:52.762,386.4188376753507
1673:56.372,315.87775551102203
1674:60.226,374.3987975951904
1675:57.754,277.01603206412824
1676:55.65,319.2224448897796
1677:58.126,363.89178356713427
1678:58.87,389.47895791583164
1679:56.456,330.76553106212424
1680:56.054,339.34869739478955
1681:59.888,324.49498997995994
1682:55.462,362.0200400801603
1683:53.264,418.23446893787576
1684:56.584,348.12625250501003
1685:57.024,350.7755511022044
1686:52.882,271.42084168336675
1687:56.306,262.2745490981964
1688:62.186,344.188376753507
1689:51.846,278.76553106212424
1690:50.808,254.53507014028057
1691:46.814,239.9679358717435
1692:51.796,265.8517034068136
1693:56.418,283.2404809619238
1694:55.5,280.5430861723447
1695:58.32,324.1843687374749
1696:56.43,391.31062124248496
1697:57.418,356.47895791583164
1698:55.72,364.7775551102204
1699:51.976,271.95991983967934
1700:59.172,338.00400801603206
1701:52.75,303.4008016032064
1702:47.238,274.7214428857715
1703:55.228,323.4569138276553
1704:55.75,281.12625250501003
1705:48.968,225.93987975951904
1706:44.318,220.00801603206412
1707:56.302,310.32665330661325
1708:58.128,388.811623246493
1709:51.992,400.67334669338675
1710:60.512,367.22845691382764
1711:52.906,278.7214428857715
1712:46.818,212.4749498997996
1713:59.12,272.00200400801606
1714:54.758,273.88577154308615
1715:52.68,268.07815631262525
1716:56.724,276.5731462925852
1717:59.724,277.2565130260521
1718:49.852,241.7635270541082
1719:43.548,207.94589178356713
1720:49.346,235.25450901803606
1721:51.452,239.30460921843687
1722:53.99,273.3446893787575
1723:56.486,270.84769539078155
1724:53.728,254.07214428857716
1725:58.936,294.2985971943888
1726:52.64,292.19839679358716
1727:55.882,312.6553106212425
1728:56.16,304.68937875751504
1729:44.502,236.8797595190381
1730:53.764,288.88577154308615
1731:43.126,202.87174348697394
1732:54.586,279.7114228456914
1733:49.118,231.78557114228457
1734:46.638,230.84769539078155
1735:49.19,241.7134268537074
1736:59.704,308.5831663326653
1737:57.076,303.5731462925852
1738:55.184,377.00200400801606
1739:58.954,318.54108216432866
1740:48.36,232.12224448897797
1741:52.916,270.88376753507015
1742:47.77,228.50300601202406
1743:59.504,356.48496993987976
1744:57.554,333.6292585170341
1745:55.294,394.3306613226453
1746:54.144,392.2685370741483
1747:60.52,382.1102204408818
1748:51.894,260.8256513026052
1749:57.6,290.7434869739479
1750:53.212,253.37074148296594
1751:48.662,221.07214428857716
1752:55.002,284.8156312625251
1753:55.524,319.05811623246495
1754:56.456,288.6012024048096
1755:52.84,267.0440881763527
1756:49.982,240.7995991983968
1757:53.602,316.35871743486973
1758:58.984,336.9078156312625
1759:54.396,365.8637274549098
1760:62.142,350.2865731462926
1761:54.386,288.50501002004006
1762:41.716,200.9939879759519
1763:49.684,258.0681362725451
1764:49.838,245.0941883767535
1765:58.514,292.749498997996
1766:50.972,247.4629258517034
1767:50.992,263.27054108216436
1768:51.534,269.29258517034066
1769:58.7,309.3627254509018
1770:49.342,245.47895791583167
1771:51.53,256.21042084168334
1772:49.606,271.97795591182364
1773:59.16,331.1643286573146
1774:56.904,312.87374749498997
1775:51.99,289.38276553106215
1776:48.052,237.2685370741483
1777:52.764,219.01603206412827
1778:44.776,206.09619238476955
1779:48.334,227.85170340681364
1780:48.82,223.92785571142284
1781:47.846,222.67735470941884
1782:44.24,202.14829659318636
1783:39.328,185.27054108216433
1784:38.316,163.08016032064128
1785:40.892,198.0380761523046
1786:37.696,166.5190380761523
1787:44.608,222.23847695390782
1788:43.732,193.1382765531062
1789:45.122,220.7935871743487
1790:47.01,240.15430861723448
1791:46.446,240.86573146292585
1792:52.526,259.17034068136275
1793:47.164,218.0741482965932
1794:42.696,193.7074148296593
1795:39.424,187.18236472945893
1796:43.844,216.90380761523045
1797:49.982,224.91983967935872
1798:48.892,267.2064128256513
1799:50.24,281.2184368737475
1800:48.268,235.72144288577155
1801:44.18,212.09018036072143
1802:45.832,220.72144288577155
1803:49.712,275.7134268537074
1804:56.214,308.1683366733467
1805:57.058,294.3246492985972
1806:57.218,274.60921843687373
1807:51.104,237.69539078156313
1808:46.408,241.03607214428857
1809:60.852,344.3366733466934
1810:52.854,260.7234468937876
1811:43.68,213.3507014028056
1812:45.652,235.03607214428857
1813:48.974,243.52705410821645
1814:44.988,217.75150300601203
1815:44.474,208.4689378757515
1816:36.864,166.23847695390782
1817:36.462,169.02204408817636
1818:34.698,144.26052104208418
1819:38.282,190.24849699398797
1820:45.182,214.2004008016032
1821:36.446,162.53306613226454
1822:46.262,203.19238476953907
1823:54.022,274.37274549098197
1824:53.316,264.43887775551104
1825:39.498,186.29058116232466
1826:54.22,249.4448897795591
1827:44.444,238.25851703406815
1828:50.618,243.53507014028057
1829:55.182,282.4148296593186
1830:54.246,271.6833667334669
1831:53.878,280.188376753507
1832:56.214,297.46693386773546
1833:49.4,237.51703406813627
1834:55.1,270.69138276553105
1835:55.994,311.40480961923845
1836:59.244,314.23647294589176
1837:57.992,335.44689378757516
1838:53.754,335.4809619238477
1839:51.192,273.12825651302603
1840:51.036,268.4689378757515
1841:58.12,332.7875751503006
1842:55.9,371.2765531062124
1843:52.39,297.59719438877755
1844:50.762,266.5270541082164
1845:50.71,248.13426853707415
1846:48.654,254.51503006012024
1847:49.852,260.4869739478958
1848:49.006,263.46492985971946
1849:45.604,208.4188376753507
1850:58.694,299.69939879759517
1851:52.698,398.6753507014028
1852:52.416,243.34468937875752
1853:53.392,255.4488977955912
1854:48.844,264.4509018036072
1855:54.408,349.7595190380762
1856:56.37,324.0921843687375
1857:59.766,305.16032064128257
1858:56.092,356.15430861723445
1859:54.698,280.64729458917833
1860:39.416,199.23847695390782
1861:50.69,251.62124248496994
1862:52.954,279.7374749498998
1863:51.114,249.14028056112224
1864:51.534,249.0561122244489
1865:33.154,156.82364729458916
1866:41.428,199.26452905811624
1867:45.302,217.81563126252505
1868:32.71,143.9498997995992
1869:36.71,173.70541082164328
1870:34.842,172.6012024048096
1871:46.06,217.2685370741483
1872:49.43,240.6192384769539
1873:53.204,268.3046092184369
1874:53.5,290.40480961923845
1875:48.758,239.26452905811624
1876:53.574,261.4328657314629
1877:38.0,193.80761523046093
1878:52.198,273.8557114228457
1879:49.834,242.95390781563125
1880:39.75,196.57915831663325
1881:44.806,211.04609218436875
1882:40.192,178.10821643286573
1883:43.566,202.57715430861722
1884:50.868,268.2885771543086
1885:39.802,201.2625250501002
1886:42.038,207.21042084168337
1887:40.564,189.25250501002003
1888:43.21,208.83567134268537
1889:45.858,217.01202404809618
1890:43.892,221.15230460921845
1891:48.548,275.52104208416836
1892:56.79,315.2765531062124
1893:43.222,204.14228456913827
1894:56.042,262.0120240480962
1895:37.374,177.34869739478958
1896:41.354,225.0420841683367
1897:52.844,255.9679358717435
1898:46.996,220.00801603206412
1899:54.274,297.4749498997996
1900:46.67,230.95190380761522
1901:39.3,184.17835671342687
1902:45.572,214.84769539078155
1903:42.94,196.63927855711424
1904:44.242,230.29058116232466
1905:51.296,270.94789579158316
1906:51.802,272.1202404809619
1907:55.588,324.09819639278555
1908:43.914,196.88577154308618
1909:43.58,212.44689378757516
1910:41.142,207.14028056112224
1911:47.6,232.33667334669337
1912:46.562,221.33066132264528
1913:59.816,287.80160320641284
1914:47.534,244.8557114228457
1915:43.824,210.80360721442887
1916:45.074,225.25450901803606
1917:53.038,265.6633266533066
1918:49.828,251.05210420841684
1919:40.152,222.4749498997996
1920:52.074,267.9919839679359
1921:48.26,264.0561122244489
1922:44.178,202.4949899799599
1923:49.016,243.23446893787576
1924:56.568,329.0480961923848
1925:48.664,236.01202404809618
1926:44.602,218.70340681362725
1927:49.704,252.50300601202406
1928:45.766,229.55310621242484
1929:42.174,204.9498997995992
1930:46.774,214.19839679358716
1931:36.204,175.77154308617236
1932:45.68,210.1002004008016
1933:40.67,193.21643286573146
1934:36.29,165.64729458917836
1935:46.564,223.94188376753507
1936:47.612,242.02204408817636
1937:41.216,212.83567134268537
1938:38.66,183.17434869739478
1939:39.732,188.30460921843687
1940:38.916,192.4569138276553
1941:39.306,174.76753507014027
1942:38.188,205.2865731462926
1943:39.708,175.51102204408818
1944:46.854,208.20841683366734
1945:57.48,279.2585170340681
1946:52.0,250.2064128256513
1947:59.956,287.5751503006012
1948:43.41,214.04408817635272
1949:31.642,149.58517034068137
1950:37.788,164.26052104208418
1951:36.188,161.40881763527054
1952:39.314,175.59519038076152
1953:30.812,150.74549098196394
1954:34.086,140.8316633266533
1955:43.76,204.94188376753507
1956:35.84,156.82565130260522
1957:38.154,173.97795591182364
1958:37.694,171.37875751503006
1959:37.352,178.3687374749499
1960:41.724,193.2625250501002
1961:36.966,174.8797595190381
1962:36.136,158.08016032064128
1963:40.758,173.53306613226454
1964:45.938,214.90781563126254
1965:37.518,162.15430861723448
1966:43.534,197.2264529058116
1967:34.546,157.9579158316633
1968:26.688,116.57915831663327
1969:30.302,127.47294589178357
1970:26.902,110.23446893787575
1971:31.888,152.22044088176352
1972:32.672,131.5931863727455
1973:37.368,165.52905811623248
1974:34.652,158.2124248496994
1975:32.448,137.92785571142284
1976:33.31,128.8196392785571
1977:35.646,154.12825651302606
1978:34.86,146.9939879759519
1979:31.198,150.3507014028056
1980:45.764,197.31462925851704
1981:35.29,161.15430861723448
1982:36.786,175.46693386773546
1983:32.43,148.81563126252505
1984:33.188,151.60320641282564
1985:34.882,154.67935871743487
1986:38.438,189.41683366733466
1987:32.726,144.54909819639278
1988:36.972,170.08617234468937
1989:34.086,145.3507014028056
1990:33.98,161.43286573146293
1991:32.094,160.17434869739478
1992:38.9,183.86573146292585
1993:31.692,152.2004008016032
1994:38.89,185.03006012024048
1995:35.688,155.87374749498997
1996:30.99,142.9178356713427
1997:39.966,190.20841683366734
1998:34.094,155.38276553106212
1999:34.532,151.45290581162325
2000:35.72,170.67735470941884
2001:28.26,127.76152304609218
2002:32.734,155.19839679358716
2003:32.498,150.58917835671343
2004:36.052,161.89178356713427
2005:32.05,145.54909819639278
2006:30.394,149.17434869739478
2007:38.94,182.30260521042084
2008:38.442,165.9498997995992
2009:38.46,160.64128256513027
2010:32.946,151.65330661322645
2011:35.132,154.89579158316633
2012:30.886,142.77555110220442
2013:38.998,180.09619238476955
2014:38.772,185.0380761523046
2015:55.05,308.85370741482967
2016:40.926,191.9579158316633
2017:57.118,321.4128256513026
2018:52.51,291.26452905811624
2019:43.43,217.15831663326654
2020:47.376,280.22845691382764
2021:57.348,317.5490981963928
2022:54.924,295.13426853707415
2023:58.472,271.6933867735471
2024:50.676,252.5310621242485
2025:54.84,277.6312625250501
2026:40.72,194.31262525050101
2027:52.794,267.3507014028056
2028:56.192,284.186372745491
2029:46.758,243.06012024048096
2030:57.52,328.87374749498997
2031:51.938,236.34468937875752
2032:56.38,300.1683366733467
2033:56.24,294.4128256513026
2034:59.652,332.02204408817636
2035:56.804,389.9919839679359
2036:50.936,258.83967935871743
2037:56.742,279.4889779559118
2038:50.222,256.36472945891785
2039:46.52,207.06212424849699
2040:45.286,206.37274549098197
2041:56.17,303.4809619238477
2042:53.992,284.4689378757515
2043:56.358,306.565130260521
2044:53.102,286.8637274549098
2045:52.794,300.43887775551104
2046:57.178,296.77354709418836
2047:59.43,292.1743486973948
2048:57.39,275.05811623246495
2049:48.486,237.35470941883767
2050:45.732,228.03406813627254
2051:55.162,278.43887775551104
2052:48.702,230.37274549098197
2053:45.234,213.50100200400803
2054:58.252,264.15430861723445
2055:49.104,239.8056112224449
2056:50.562,254.44288577154308
2057:48.112,223.88977955911824
2058:44.144,200.00400801603206
2059:42.898,193.65330661322645
2060:40.65,193.45290581162325
2061:36.282,165.45891783567134
2062:51.01,251.78356713426854
2063:50.952,267.2004008016032
2064:44.816,231.62925851703406
2065:36.26,165.68737474949899
2066:50.17,272.8356713426854
2067:44.788,205.4488977955912
2068:52.35,241.97995991983967
2069:53.256,337.28256513026054
2070:46.4,214.57715430861722
2071:37.836,191.4629258517034
2072:50.808,221.9258517034068
2073:44.22,202.99198396793588
2074:55.306,358.70741482965934
2075:44.82,226.65531062124248
2076:43.64,196.28456913827657
2077:46.986,237.42885771543087
2078:57.054,293.3166332665331
2079:51.91,289.685370741483
2080:52.372,293.1743486973948
2081:50.386,271.7054108216433
2082:58.324,358.0761523046092
2083:52.938,281.91983967935874
2084:53.002,259.17234468937875
2085:49.2,252.74749498997997
2086:57.914,350.501002004008
2087:58.376,327.00200400801606
2088:57.676,352.7755511022044
2089:60.114,298.37274549098197
2090:54.544,270.7054108216433
2091:60.7,382.1382765531062
2092:58.232,298.7975951903808
2093:53.214,333.1843687374749
2094:55.822,314.0460921843687
2095:57.216,337.0200400801603
2096:54.248,287.7975951903808
2097:57.26,313.8496993987976
2098:56.958,346.30060120240483
2099:56.38,334.9238476953908
2100:49.676,294.813627254509
2101:59.16,316.1322645290581
2102:52.004,341.0861723446894
2103:57.984,298.03406813627254
2104:56.75,284.34068136272543
2105:53.858,311.5811623246493
2106:52.704,284.75350701402806
2107:53.78,256.6212424849699
2108:48.1,244.7134268537074
2109:50.628,242.32665330661322
2110:47.292,235.03006012024048
2111:46.78,242.0741482965932
2112:55.174,298.9799599198397
2113:44.642,219.61723446893788
2114:51.202,253.55711422845692
2115:49.342,265.6052104208417
2116:50.858,258.4869739478958
2117:46.704,222.24048096192385
2118:51.502,259.23647294589176
2119:50.744,267.28256513026054
2120:51.776,274.70741482965934
2121:52.648,286.94789579158316
2122:46.118,242.02004008016033
2123:49.976,259.69138276553105
2124:53.372,279.40881763527057
2125:49.746,255.90781563126254
2126:55.146,287.2324649298597
2127:58.348,317.6132264529058
2128:53.352,292.6933867735471
2129:55.992,300.7575150300601
2130:55.008,320.53306613226454
2131:55.008,295.5170340681363
2132:53.634,282.40881763527057
2133:57.212,318.8617234468938
2134:48.228,269.55110220440883
2135:52.428,295.4128256513026
2136:51.506,252.68737474949899
2137:54.248,282.0681362725451
2138:46.338,235.72344689378758
2139:50.648,250.55310621242484
2140:46.084,234.20841683366734
2141:52.792,294.1663326653307
2142:40.204,201.7134268537074
2143:51.99,281.70741482965934
2144:57.572,307.10420841683367
2145:54.992,276.40881763527057
2146:47.33,267.0440881763527
2147:45.772,205.82765531062125
2148:53.966,246.11422845691382
2149:46.77,236.3066132264529
2150:40.968,210.90981963927857
2151:46.394,244.37074148296594
2152:49.54,243.77555110220442
2153:47.076,244.09018036072143
2154:54.28,258.3807615230461
2155:49.086,259.9318637274549
2156:39.406,181.4689378757515
2157:49.858,249.48296593186373
2158:41.616,205.24649298597194
2159:48.262,217.7374749498998
2160:37.512,170.250501002004
2161:37.948,182.79158316633266
2162:36.504,185.41082164328657
2163:42.516,209.76553106212424
2164:41.594,202.11422845691382
2165:43.934,230.92785571142284
2166:41.83,204.86372745490982
2167:49.36,233.43887775551102
2168:53.79,270.3507014028056
2169:48.094,253.36472945891782
2170:42.042,209.17034068136272
2171:35.698,167.03006012024048
2172:48.122,233.53907815631263
2173:53.904,247.15831663326654
2174:48.582,262.9519038076152
2175:48.222,235.75350701402806
2176:50.678,253.5871743486974
2177:51.238,257.5130260521042
2178:50.784,274.2124248496994
2179:54.746,354.7314629258517
2180:56.154,268.86573146292585
2181:49.042,231.17434869739478
2182:53.448,279.34669338677355
2183:54.8,265.86573146292585
2184:58.384,295.47895791583164
2185:53.55,230.92985971943887
2186:53.934,251.48897795591182
2187:48.666,257.87374749498997
2188:50.454,260.44889779559117
2189:55.456,266.69138276553105
2190:48.348,240.9498997995992
2191:49.752,264.3607214428858
2192:57.306,307.74749498997994
2193:55.824,260.76352705410824
2194:46.064,231.30460921843687
2195:58.252,319.2144288577154
2196:52.968,281.0681362725451
2197:53.108,275.9078156312625
2198:59.596,272.14028056112227
2199:42.708,204.58517034068137
2200:36.552,170.26052104208418
2201:53.96,258.314629258517
2202:48.8,227.68336673346693
2203:54.126,292.32064128256513
2204:58.654,293.2324649298597
2205:55.94,284.39679358717433
2206:46.298,237.66933867735472
2207:50.342,252.56312625250501
2208:50.108,242.24048096192385
2209:56.366,323.16032064128257
2210:54.188,265.52304609218436
2211:48.984,226.8557114228457
2212:44.942,212.52905811623248
2213:52.35,250.84168336673346
2214:52.352,252.28056112224448
