0:61.068,336.38276553106215
1:62.508,369.45891783567134
2:64.512,306.55310621242484
3:58.158,388.8637274549098
4:53.734,415.8436873747495
5:61.346,346.55110220440883
6:60.624,345.92184368737475
7:63.158,402.70741482965934
8:61.138,344.50501002004006
9:65.102,323.54108216432866
10:59.466,399.5551102204409
11:57.476,390.74749498997994
12:49.456,454.1563126252505
13:52.718,451.4729458917836
14:54.984,437.55110220440883
15:61.784,389.2044088176353
16:57.11,269.14228456913827
17:60.834,379.4428857715431
18:57.71,421.498997995992
19:62.828,379.69739478957916
20:45.824,489.0480961923848
21:48.89,458.9939879759519
22:43.088,484.7795591182365
23:40.476,500.7795591182365
24:56.098,438.07214428857714
25:40.58,488.7254509018036
26:49.25,438.46492985971946
27:61.118,391.1022044088176
28:46.342,469.7955911823647
29:39.706,505.4248496993988
30:48.484,453.44889779559117
31:62.876,404.6212424849699
32:55.498,441.43887775551104
33:56.072,423.22645290581164
34:58.406,417.08817635270543
35:54.334,426.36472945891785
36:55.94,423.2565130260521
37:60.224,389.2304609218437
38:57.848,430.5671342685371
39:58.678,297.24448897795594
40:52.17,443.9238476953908
41:53.594,442.8997995991984
42:60.5,359.46693386773546
43:64.392,358.02204408817636
44:56.226,428.12224448897797
45:56.818,300.05210420841684
46:59.746,321.65330661322645
47:60.078,388.0080160320641
48:60.448,361.7975951903808
49:54.446,430.60320641282567
50:60.488,365.07014028056113
51:60.792,348.3867735470942
52:60.668,386.2785571142285
53:49.236,473.9699398797595
54:63.346,373.29058116232466
55:58.316,325.2865731462926
56:61.658,307.85771543086173
57:58.966,289.6673346693387
58:63.222,317.7034068136273
59:60.782,355.27054108216436
60:59.74,351.2224448897796
61:64.072,345.58917835671343
62:54.954,261.6392785571142
63:63.15,342.6312625250501
64:49.942,249.49298597194388
65:56.108,394.0661322645291
66:65.232,335.49699398797594
67:60.936,382.05811623246495
68:63.578,295.64328657314627
69:60.448,279.4448897795591
70:53.918,269.08016032064126
71:53.692,243.14629258517033
72:63.226,309.64729458917833
73:61.382,324.6673346693387
74:60.97,323.5551102204409
75:58.03,344.2945891783567
76:61.446,293.25450901803606
77:51.782,253.07615230460922
78:54.376,256.62525050100203
79:60.05,292.3446893787575
80:62.048,317.59519038076155
81:61.63,336.76553106212424
82:57.2,291.1442885771543
83:60.302,303.2605210420842
84:60.448,292.2585170340681
85:46.128,203.52905811623248
86:55.942,254.6112224448898
87:58.858,285.22845691382764
88:63.762,285.35671342685373
89:62.438,336.0480961923848
90:60.624,309.80160320641284
91:63.384,342.18036072144287
92:60.418,367.20841683366734
93:60.798,336.5731462925852
94:63.124,319.4709418837675
95:62.636,275.82765531062125
96:65.26,338.09018036072143
97:61.816,362.3507014028056
98:57.336,389.9338677354709
99:55.946,299.1182364729459
100:59.936,348.19839679358716
101:59.616,352.81963927855713
102:60.4,343.9559118236473
103:57.85,357.34669338677355
104:57.624,292.8517034068136
105:61.236,344.0761523046092
106:60.046,384.36472945891785
107:61.48,349.811623246493
108:57.958,407.70741482965934
109:61.834,360.63326653306615
110:59.82,392.3246492985972
111:67.512,360.79158316633266
112:51.668,463.20841683366734
113:54.608,440.7254509018036
114:59.082,402.67735470941886
115:57.752,381.5290581162325
116:58.244,422.8256513026052
117:48.116,480.8797595190381
118:49.33,486.2384769539078
119:55.71,357.3246492985972
120:60.738,394.14629258517033
121:59.178,353.4008016032064
122:59.0,370.07014028056113
123:60.574,400.99799599198394
124:41.03,488.8356713426854
125:48.488,485.6292585170341
126:43.58,498.12625250501003
127:35.512,511.19839679358716
128:46.362,483.3787575150301
129:49.642,459.66132264529057
130:50.82,466.44088176352705
131:44.196,493.6372745490982
132:50.248,455.35871743486973
133:38.382,506.65130260521045
134:37.406,515.5430861723447
135:41.346,490.55110220440883
136:35.688,509.687374749499
137:54.424,449.5370741482966
138:52.742,450.1843687374749
139:44.052,465.62725450901803
140:55.022,400.0060120240481
141:48.44,465.3787575150301
142:54.688,432.685370741483
143:30.208,542.186372745491
144:45.068,473.6012024048096
145:46.018,488.436873747495
146:52.13,427.52104208416836
147:44.91,476.4909819639279
148:46.31,467.1743486973948
149:39.27,494.95991983967934
150:42.05,487.4428857715431
151:41.4,508.2144288577154
152:37.668,500.4569138276553
153:43.508,484.31062124248496
154:51.756,453.38276553106215
155:50.87,461.51503006012024
156:42.398,478.4128256513026
157:47.418,462.19038076152304
158:41.34,494.02204408817636
159:44.326,470.7394789579158
160:45.536,476.9699398797595
161:39.414,510.14629258517033
162:48.23,466.16032064128257
163:43.486,466.93987975951904
164:39.16,514.3987975951903
165:43.886,478.2885771543086
166:34.244,525.557114228457
167:40.718,483.9318637274549
168:48.496,475.88376753507015
169:33.396,526.7334669338677
170:44.8,485.34068136272543
171:58.486,403.0060120240481
172:56.648,428.37675350701403
173:42.736,494.56913827655313
174:38.214,505.1683366733467
175:55.836,429.935871743487
176:55.116,409.39278557114227
177:48.792,431.498997995992
178:52.274,463.1583166332665
179:51.544,460.87575150300603
180:43.184,490.1382765531062
181:51.59,412.19839679358716
182:52.236,430.4909819639279
183:51.358,447.5551102204409
184:48.694,465.1002004008016
185:54.578,420.8797595190381
186:58.874,413.9819639278557
187:51.574,450.3066132264529
188:35.384,523.2885771543087
189:53.926,433.1122244488978
190:40.754,495.8977955911824
191:49.33,464.6813627254509
192:35.894,525.2224448897796
193:46.38,482.687374749499
194:44.394,478.17835671342687
195:54.932,441.27054108216436
196:50.1,461.248496993988
197:45.682,472.8557114228457
198:55.212,428.8997995991984
199:44.706,478.14228456913827
200:46.77,478.6673346693387
201:48.764,483.565130260521
202:39.528,501.434869739479
203:46.942,482.5310621242485
204:45.014,487.1923847695391
205:63.03,340.33867735470943
206:46.722,473.2224448897796
207:44.016,465.4188376753507
208:47.49,484.2605210420842
209:52.604,409.25450901803606
210:50.846,427.42284569138275
211:41.224,511.6292585170341
212:39.754,488.8797595190381
213:46.422,479.26452905811624
214:48.174,454.7795591182365
215:48.76,464.5751503006012
216:59.958,411.57915831663325
217:49.828,449.9158316633266
218:54.294,440.71743486973946
219:52.028,444.8336673346693
220:51.72,447.3987975951904
221:48.304,461.3787575150301
222:51.838,443.26452905811624
223:61.214,376.563126252505
224:57.356,398.43086172344687
225:58.154,415.6553106212425
226:50.112,452.47695390781564
227:42.766,480.61523046092185
228:47.894,460.0460921843687
229:52.298,443.8517034068136
230:62.6,380.8336673346693
231:56.204,350.9819639278557
232:59.314,307.2244488977956
233:54.364,282.7755511022044
234:65.852,340.14629258517033
235:56.244,249.77154308617236
236:60.926,344.8256513026052
237:57.694,273.12424849699397
238:48.872,226.59719438877755
239:61.35,311.78356713426854
240:59.062,284.7935871743487
241:61.548,377.38276553106215
242:54.85,258.749498997996
243:60.368,342.94188376753505
244:54.894,262.90180360721445
245:66.04,335.8156312625251
246:59.592,286.89579158316633
247:62.072,359.8316633266533
248:51.376,268.7875751503006
249:59.632,325.3166332665331
250:63.14,307.89178356713427
251:58.786,319.2585170340681
252:58.24,279.4248496993988
253:60.89,278.4509018036072
254:58.38,286.21042084168334
255:58.858,368.78957915831666
256:64.858,348.7394789579158
257:58.454,375.19839679358716
258:54.768,281.2144288577154
259:61.58,337.0360721442886
260:67.22,307.248496993988
261:59.674,295.7114228456914
262:58.792,278.44889779559117
263:64.106,360.51503006012024
264:61.356,297.6292585170341
265:57.608,313.1583166332665
266:59.9,309.7615230460922
267:62.824,338.8356713426854
268:58.844,352.78356713426854
269:66.128,341.0761523046092
270:54.036,262.8496993987976
271:66.038,328.36472945891785
272:60.744,348.4909819639279
273:59.024,367.5811623246493
274:65.15,315.69739478957916
275:57.366,272.4629258517034
276:59.564,286.75350701402806
277:59.096,355.41082164328657
278:60.956,369.0080160320641
279:57.876,374.1182364729459
280:61.2,374.52104208416836
281:61.676,332.83967935871743
282:60.542,331.2124248496994
283:60.87,324.0921843687375
284:58.92,387.2204408817635
285:58.878,379.4068136272545
286:52.9,239.1202404809619
287:61.352,338.0440881763527
288:63.072,280.0681362725451
289:63.206,377.6553106212425
290:62.842,380.12625250501003
291:63.616,370.77154308617236
292:58.416,289.3246492985972
293:54.074,292.3787575150301
294:58.916,288.9078156312625
295:55.356,258.7234468937876
296:57.894,275.32865731462925
297:54.234,256.6052104208417
298:56.346,253.96593186372746
299:61.426,419.5811623246493
300:58.792,422.4448897795591
301:46.598,463.9458917835671
302:56.458,307.1923847695391
303:61.878,303.32264529058114
304:58.322,272.79158316633266
305:63.75,340.87374749498997
306:57.766,308.08817635270543
307:61.278,354.83967935871743
308:57.648,364.23647294589176
309:60.092,361.1943887775551
310:61.122,387.0100200400802
311:56.678,425.70741482965934
312:55.23,439.2384769539078
313:63.728,359.69739478957916
314:57.57,296.8697394789579
315:56.466,401.88577154308615
316:59.452,392.4268537074148
317:54.942,412.32264529058114
318:61.474,371.91983967935874
319:54.262,416.1102204408818
320:58.794,438.0060120240481
321:58.3,368.9899799599198
322:59.898,316.7675350701403
323:62.24,337.4148296593186
324:62.764,343.0280561122245
325:64.418,330.17234468937875
326:57.316,397.2324649298597
327:54.018,458.565130260521
328:54.434,425.2765531062124
329:55.828,461.30260521042084
330:61.504,370.17234468937875
331:57.84,438.7995991983968
332:58.642,389.0
333:53.35,453.7034068136273
334:60.524,336.4689378757515
335:60.332,375.5851703406814
336:61.2,354.28256513026054
337:60.876,354.34068136272543
338:57.642,339.55310621242484
339:57.07,386.35871743486973
340:57.734,391.0761523046092
341:58.778,411.6933867735471
342:57.656,340.19639278557116
343:58.602,327.2404809619238
344:58.408,381.2184368737475
345:53.798,275.3627254509018
346:49.93,241.17234468937875
347:57.862,284.34669338677355
348:55.854,318.83967935871743
349:60.96,324.7595190380762
350:61.24,346.96593186372746
351:60.714,328.0841683366734
352:53.488,276.98396793587176
353:58.33,410.04008016032066
354:59.5,367.9739478957916
355:60.338,316.60921843687373
356:57.348,421.61723446893785
357:59.896,325.1643286573146
358:60.418,375.24448897795594
359:60.892,364.80160320641284
360:53.926,417.17835671342687
361:51.298,439.4448897795591
362:55.56,412.73346693386776
363:55.302,404.7875751503006
364:60.072,380.2945891783567
365:61.628,341.26452905811624
366:55.23,413.97795591182364
367:59.188,410.3987975951904
368:53.854,417.8076152304609
369:56.418,426.13426853707415
370:51.434,457.1482965931864
371:63.978,363.3867735470942
372:63.862,380.7374749498998
373:58.518,393.14629258517033
374:59.718,367.2024048096192
375:66.184,352.02204408817636
376:60.534,343.6813627254509
377:62.206,391.5751503006012
378:56.53,432.6633266533066
379:58.968,352.9138276553106
380:64.326,360.87174348697397
381:64.29,338.87575150300603
382:57.048,398.08016032064126
383:61.032,398.3627254509018
384:57.896,357.8937875751503
385:54.928,259.53507014028054
386:60.942,330.60320641282567
387:60.068,372.14028056112227
388:64.494,411.2024048096192
389:62.12,324.17234468937875
390:61.728,351.3547094188377
391:61.758,386.8156312625251
392:63.034,399.7374749498998
393:63.866,373.62525050100203
394:63.66,336.76553106212424
395:62.336,308.4509018036072
396:62.432,339.4428857715431
397:60.064,362.52304609218436
398:60.3,373.0380761523046
399:57.128,411.00200400801606
400:63.576,379.05811623246495
401:60.256,400.44689378757516
402:63.698,352.4809619238477
403:53.896,270.7034068136273
404:56.782,329.87174348697397
405:56.64,421.2565130260521
406:60.29,344.52304609218436
407:62.966,370.02204408817636
408:64.654,374.9498997995992
409:57.4,275.92985971943887
410:63.89,391.1062124248497
411:61.882,346.0260521042084
412:48.298,240.36472945891782
413:57.77,258.3366733466934
414:58.516,271.062124248497
415:56.27,300.18036072144287
416:61.79,306.5731462925852
417:53.206,267.7194388777555
418:67.508,318.4068136272545
419:61.194,288.25450901803606
420:51.08,463.30260521042084
421:60.782,405.6392785571142
422:59.502,339.34068136272543
423:60.714,367.9178356713427
424:59.044,323.0561122244489
425:60.484,380.2945891783567
426:51.374,445.0060120240481
427:55.77,408.28256513026054
428:46.64,473.7054108216433
429:44.564,477.6372745490982
430:51.286,429.7114228456914
431:56.956,411.4689378757515
432:49.764,450.3306613226453
433:38.21,517.7194388777555
434:44.824,468.8677354709419
435:56.928,407.37274549098197
436:53.058,428.7014028056112
437:60.726,354.2144288577154
438:57.224,399.01603206412824
439:57.708,379.1843687374749
440:52.986,435.45891783567134
441:55.18,427.05210420841684
442:44.456,465.9919839679359
443:54.324,449.5490981963928
444:51.636,432.95791583166334
445:54.182,414.98597194388776
446:52.046,456.12825651302603
447:52.93,418.3947895791583
448:55.176,396.3166332665331
449:46.176,483.46492985971946
450:43.376,478.6492985971944
451:62.674,370.501002004008
452:56.804,283.9178356713427
453:58.362,314.3246492985972
454:58.488,270.314629258517
455:61.752,367.3046092184369
456:59.698,300.29258517034066
457:61.852,363.24448897795594
458:61.26,339.2785571142285
459:58.716,406.64328657314627
460:50.276,443.5671342685371
461:59.2,403.0861723446894
462:63.594,396.5170340681363
463:45.84,490.38476953907815
464:55.036,436.7114228456914
465:52.462,421.74749498997994
466:42.918,493.7995991983968
467:53.384,445.5110220440882
468:50.428,468.5991983967936
469:58.688,412.8176352705411
470:56.208,419.7675350701403
471:54.526,439.4008016032064
472:57.836,411.3246492985972
473:59.544,426.0380761523046
474:55.558,411.7234468937876
475:50.698,458.1182364729459
476:56.926,426.95791583166334
477:55.458,436.44088176352705
478:46.834,458.26653306613224
479:46.442,474.8236472945892
480:59.202,392.5571142284569
481:50.554,433.16032064128257
482:49.644,436.2985971943888
483:52.532,435.2965931863727
484:38.412,507.7114228456914
485:55.632,424.46693386773546
486:53.146,445.9258517034068
487:49.606,430.6312625250501
488:56.832,370.7935871743487
489:62.078,369.1643286573146
490:61.328,360.56112224448896
491:51.522,236.56112224448898
492:58.404,292.09819639278555
493:61.86,326.93987975951904
494:63.042,316.4729458917836
495:59.564,336.46693386773546
496:57.146,253.07615230460922
497:60.534,277.0761523046092
498:60.41,284.60921843687373
499:59.376,388.9438877755511
500:57.286,281.59519038076155
501:59.49,278.2184368737475
502:58.286,275.64729458917833
503:49.05,244.47094188376752
504:51.546,234.19839679358716
505:54.89,268.4509018036072
506:66.132,322.4148296593186
507:59.472,372.36472945891785
508:59.514,358.64128256513027
509:55.444,278.91182364729457
510:59.07,299.6212424849699
511:59.846,295.0861723446894
512:61.144,341.248496993988
513:62.286,308.8977955911824
514:59.888,350.0501002004008
515:66.118,326.7054108216433
516:55.998,255.97194388777555
517:58.548,297.7875751503006
518:61.88,338.2304609218437
519:61.92,345.5270541082164
520:62.282,343.97795591182364
521:56.392,281.0200400801603
522:53.636,326.34669338677355
523:55.968,244.7995991983968
524:53.49,240.76553106212424
525:54.87,278.29258517034066
526:54.394,253.4308617234469
527:51.794,235.95190380761522
528:63.706,376.5370741482966
529:65.284,325.05210420841684
530:60.814,339.3166332665331
531:59.836,374.01603206412824
532:56.48,324.06012024048096
533:62.31,329.88376753507015
534:53.66,288.0841683366734
535:60.48,299.3687374749499
536:56.502,281.9619238476954
537:60.704,358.1302605210421
538:60.274,335.0561122244489
539:57.696,369.12825651302603
540:59.05,350.2424849699399
541:64.6,361.9639278557114
542:63.496,297.4008016032064
543:64.636,357.2605210420842
544:60.038,398.0941883767535
545:60.28,350.79158316633266
546:63.992,311.0861723446894
547:55.078,421.1102204408818
548:62.926,319.6573146292585
549:61.422,295.0921843687375
550:60.674,284.4148296593186
551:60.392,347.7214428857715
552:65.922,374.9899799599198
553:59.954,301.8797595190381
554:55.432,240.54509018036072
555:64.556,326.8797595190381
556:58.738,393.45891783567134
557:55.988,281.3547094188377
558:58.616,387.85971943887773
559:60.536,317.0440881763527
560:57.352,267.62324649298597
561:52.864,236.37274549098197
562:60.99,389.062124248497
563:61.142,300.0060120240481
564:52.844,255.64529058116233
565:58.416,351.8176352705411
566:56.476,282.6813627254509
567:53.896,229.625250501002
568:66.826,310.2945891783567
569:64.698,364.85771543086173
570:62.28,298.2324649298597
571:61.334,298.38276553106215
572:47.986,214.15831663326654
573:62.75,329.8617234468938
574:59.62,294.1442885771543
575:58.718,248.9438877755511
576:56.28,243.5310621242485
577:54.746,247.18236472945893
578:60.136,289.74749498997994
579:63.244,345.98597194388776
580:63.862,321.5250501002004
581:59.652,320.8817635270541
582:54.642,260.1302605210421
583:47.028,215.4248496993988
584:56.87,240.69739478957916
585:53.528,238.3567134268537
586:57.552,333.10420841683367
587:62.476,281.64328657314627
588:55.664,391.5430861723447
589:60.398,312.9158316633266
590:64.262,304.1623246492986
591:53.73,438.5751503006012
592:59.882,375.0060120240481
593:60.95,284.1923847695391
594:43.018,198.749498997996
595:43.446,209.32865731462925
596:53.574,239.21042084168337
597:64.754,323.5430861723447
598:64.796,340.2324649298597
599:59.18,276.40480961923845
600:55.144,319.66132264529057
601:55.168,268.1122244488978
602:54.472,415.9739478957916
603:54.738,433.69939879759517
604:53.858,437.1002004008016
605:60.714,417.2785571142285
606:61.326,361.62725450901803
607:56.304,418.68937875751504
608:59.3,339.4569138276553
609:54.052,391.1182364729459
610:63.906,387.9498997995992
611:59.84,384.8977955911824
612:60.432,361.71543086172346
613:57.944,428.99599198396794
614:56.706,411.32865731462925
615:54.512,429.5170340681363
616:57.244,434.88577154308615
617:54.26,416.8797595190381
618:57.374,350.8316633266533
619:56.544,431.2605210420842
620:53.858,420.8076152304609
621:55.796,400.1102204408818
622:59.068,397.5731462925852
623:60.574,353.40280561122245
624:55.214,276.85971943887773
625:55.39,283.8416833667335
626:61.07,380.08817635270543
627:51.618,461.4629258517034
628:58.136,413.2404809619238
629:57.782,433.97595190380764
630:60.798,325.2945891783567
631:60.642,372.1382765531062
632:56.354,377.6492985971944
633:59.344,419.0741482965932
634:63.42,346.65130260521045
635:59.356,399.08817635270543
636:55.326,433.0661322645291
637:60.94,397.38276553106215
638:55.278,431.3366733466934
639:65.096,365.2625250501002
640:55.168,434.58917835671343
641:49.538,461.0821643286573
642:46.262,483.37274549098197
643:38.388,507.5310621242485
644:54.14,415.58917835671343
645:43.7,490.4268537074148
646:39.026,492.6653306613226
647:51.902,451.45891783567134
648:42.662,484.5991983967936
649:53.77,433.16032064128257
650:55.246,390.1102204408818
651:47.014,469.6052104208417
652:44.45,480.5430861723447
653:57.128,385.8436873747495
654:57.26,372.64128256513027
655:54.03,400.62525050100203
656:54.838,417.8897795591182
657:48.112,474.43086172344687
658:48.15,459.4889779559118
659:55.174,403.7194388777555
660:52.03,428.90981963927857
661:54.772,422.9639278557114
662:56.62,410.77154308617236
663:55.622,430.501002004008
664:40.858,496.0200400801603
665:48.908,445.53306613226454
666:38.312,505.46693386773546
667:33.684,527.7034068136272
668:45.272,487.7374749498998
669:38.968,495.1923847695391
670:41.76,498.3346693386774
671:38.686,502.8617234468938
672:39.874,504.60721442885773
673:41.394,494.1482965931864
674:54.676,402.73346693386776
675:47.492,453.6753507014028
676:52.322,422.3867735470942
677:53.072,451.813627254509
678:41.082,485.8436873747495
679:42.094,486.64328657314627
680:48.488,453.32665330661325
681:57.812,399.7775551102204
682:50.442,462.3687374749499
683:44.444,469.5370741482966
684:49.7,465.38276553106215
685:46.644,469.0300601202405
686:44.692,482.73346693386776
687:45.898,465.9519038076152
688:46.976,474.749498997996
689:45.748,472.3987975951904
690:39.378,494.6953907815631
691:35.944,512.7935871743487
692:54.396,418.751503006012
693:47.698,460.0480961923848
694:51.512,438.7434869739479
695:35.136,503.90380761523045
696:45.904,462.94188376753505
697:40.968,480.78957915831666
698:38.286,514.7174348697395
699:25.842,553.0400801603206
700:28.134,539.1723446893787
701:33.154,515.7134268537075
702:34.218,527.6693386773547
703:45.022,475.95791583166334
704:43.872,468.6312625250501
705:39.86,493.4809619238477
706:41.488,496.2204408817635
707:31.404,540.8877755511022
708:42.392,491.5450901803607
709:34.236,511.9699398797595
710:30.508,538.6933867735471
711:28.48,536.4749498997996
712:30.144,535.7394789579158
713:27.862,546.0781563126252
714:41.446,486.6573146292585
715:36.546,502.64328657314627
716:49.832,449.01603206412824
717:35.176,519.2925851703407
718:33.868,512.0260521042084
719:34.542,524.8917835671342
720:46.156,468.02204408817636
721:38.202,500.4188376753507
722:55.088,434.8517034068136
723:55.358,429.3627254509018
724:52.012,468.04208416833666
725:44.042,483.8236472945892
726:49.528,446.79158316633266
727:37.378,519.9058116232464
728:56.98,380.1362725450902
729:59.176,326.1182364729459
730:56.856,399.39278557114227
731:55.742,397.064128256513
732:46.632,467.4889779559118
733:49.228,458.08016032064126
734:55.626,421.7434869739479
735:49.04,452.8797595190381
736:43.334,483.22845691382764
737:59.558,408.1442885771543
738:42.794,476.09819639278555
739:38.354,507.75350701402806
740:41.776,505.563126252505
741:35.594,518.9619238476954
742:50.076,451.13426853707415
743:44.364,485.7014028056112
744:41.002,492.5370741482966
745:30.544,533.5410821643287
746:45.216,446.749498997996
747:51.236,438.47895791583164
748:58.83,389.17835671342687
749:56.136,391.2124248496994
750:53.626,411.1322645290581
751:55.26,419.1442885771543
752:58.998,368.87575150300603
753:63.04,391.03406813627254
754:53.308,446.85971943887773
755:55.134,404.2184368737475
756:54.862,414.28456913827654
757:43.116,476.5671342685371
758:51.128,440.4448897795591
759:48.348,431.4929859719439
760:55.266,435.17835671342687
761:58.486,394.04008016032066
762:54.982,420.73346693386776
763:56.786,402.43887775551104
764:57.056,398.8617234468938
765:51.11,431.4749498997996
766:45.232,458.42284569138275
767:56.124,399.2865731462926
768:60.37,386.08817635270543
769:63.638,371.68937875751504
770:56.434,412.41082164328657
771:47.482,491.5470941883768
772:59.378,377.92184368737475
773:54.134,405.70741482965934
774:63.362,424.67134268537075
775:54.802,429.0741482965932
776:51.04,415.2144288577154
777:52.446,433.7695390781563
778:52.836,398.5390781563126
779:52.1,423.1743486973948
780:53.538,415.3446893787575
781:41.296,508.7374749498998
782:61.068,387.56112224448896
783:59.352,396.0460921843687
784:61.924,386.14028056112227
785:58.568,404.3326653306613
786:61.558,368.2384769539078
787:52.58,449.6813627254509
788:46.114,474.0561122244489
789:55.156,377.3787575150301
790:47.084,467.25450901803606
791:47.494,460.85971943887773
792:54.108,416.17835671342687
793:60.528,405.36673346693385
794:61.236,362.7595190380762
795:53.864,409.3186372745491
796:55.81,380.89178356713427
797:56.434,428.1002004008016
798:45.318,458.5851703406814
799:58.96,384.28456913827654
800:57.6,424.3627254509018
801:45.7,468.937875751503
802:35.52,504.9458917835671
803:39.302,503.75350701402806
804:37.04,514.7434869739479
805:42.836,501.0100200400802
806:44.504,487.75350701402806
807:53.55,449.5931863727455
808:59.53,370.5170340681363
809:53.226,281.1623246492986
810:59.614,348.98597194388776
811:58.29,345.05210420841684
812:57.976,340.1663326653307
813:61.568,356.76553106212424
814:63.774,384.250501002004
815:50.102,443.93987975951904
816:56.15,335.6953907815631
817:54.888,419.21643286573146
818:55.436,406.7695390781563
819:56.676,422.248496993988
820:58.064,412.2765531062124
821:53.464,419.2945891783567
822:59.492,376.2965931863727
823:63.87,363.80160320641284
824:58.05,292.12825651302603
825:60.624,351.00400801603206
826:60.658,403.32865731462925
827:61.456,306.7394789579158
828:57.528,344.74749498997994
829:60.866,389.29258517034066
830:59.398,332.8076152304609
831:61.876,320.56112224448896
832:61.588,330.7254509018036
833:60.598,365.0060120240481
834:57.85,309.08016032064126
835:64.71,339.6372745490982
836:46.85,241.55911823647295
837:58.556,356.62525050100203
838:59.272,320.8336673346693
839:59.498,334.3426853707415
840:62.674,340.6753507014028
841:61.628,270.32865731462925
842:57.354,383.3947895791583
843:56.082,379.01603206412824
844:61.924,333.30861723446895
845:61.158,328.7775551102204
846:60.512,352.87174348697397
847:53.178,267.1022044088176
848:46.322,215.8697394789579
849:53.234,271.5190380761523
850:65.356,320.4869739478958
851:54.564,271.3947895791583
852:54.68,272.88577154308615
853:63.84,306.6052104208417
854:67.544,339.2745490981964
855:57.73,309.6933867735471
856:59.51,315.9519038076152
857:66.31,344.5851703406814
858:59.6,331.3947895791583
859:60.204,369.3887775551102
860:61.078,353.92985971943887
861:58.124,318.0501002004008
862:57.366,285.99799599198394
863:58.514,368.4869739478958
864:59.466,351.12224448897797
865:63.892,329.44088176352705
866:61.86,334.38276553106215
867:59.348,299.25250501002006
868:60.144,397.5991983967936
869:61.91,332.6813627254509
870:55.248,290.6192384769539
871:60.31,328.55911823647295
872:59.19,363.6633266533066
873:62.386,336.61523046092185
874:62.88,351.19639278557116
875:55.4,307.75551102204406
876:64.674,301.2004008016032
877:56.514,279.9158316633266
878:55.374,279.19639278557116
879:52.492,252.34068136272546
880:62.472,281.87374749498997
881:48.968,231.15831663326654
882:59.098,288.35270541082167
883:54.352,263.8316633266533
884:53.644,267.36673346693385
885:51.794,271.82765531062125
886:54.546,311.0260521042084
887:52.95,268.76553106212424
888:52.982,232.875751503006
889:53.138,274.77154308617236
890:59.294,359.501002004008
891:59.174,415.65330661322645
892:57.126,400.41082164328657
893:51.684,437.59519038076155
894:52.388,399.3246492985972
895:60.166,385.25450901803606
896:66.712,349.92985971943887
897:62.91,386.11623246492985
898:59.498,373.6833667334669
899:59.938,376.49699398797594
900:57.176,415.4689378757515
901:67.168,370.57915831663325
902:49.012,449.26452905811624
903:50.808,450.4248496993988
904:62.362,373.55110220440883
905:49.678,433.87174348697397
906:57.14,390.51503006012024
907:59.95,365.3426853707415
908:53.2,422.1482965931864
909:58.244,313.07214428857714
910:59.928,371.436873747495
911:56.44,297.63326653306615
912:59.472,303.498997995992
913:58.548,321.7675350701403
914:59.324,377.70941883767534
915:57.774,357.64328657314627
916:61.374,373.12825651302603
917:57.768,319.85971943887773
918:58.516,305.0060120240481
919:53.91,299.07214428857714
920:54.332,267.8416833667335
921:57.716,301.188376753507
922:61.22,359.70941883767534
923:57.426,346.9539078156313
924:61.324,338.314629258517
925:61.668,359.6132264529058
926:57.73,302.10420841683367
927:63.194,336.61523046092185
928:55.292,399.67935871743487
929:56.106,360.6292585170341
930:56.196,372.0260521042084
931:61.998,297.6312625250501
932:59.988,367.83967935871743
933:57.18,394.38476953907815
934:58.756,415.00400801603206
935:58.56,387.37274549098197
936:60.148,392.6312625250501
937:66.048,375.90981963927857
938:60.858,359.56913827655313
939:58.378,312.01402805611224
940:58.104,295.2685370741483
941:58.26,328.46693386773546
942:59.726,339.1763527054108
943:58.82,294.4709418837675
944:54.408,286.064128256513
945:59.034,322.8997995991984
946:58.674,416.40881763527057
947:56.342,313.7134268537074
948:61.988,337.91983967935874
949:59.042,318.80961923847696
950:58.942,337.07214428857714
951:62.08,323.08016032064126
952:62.296,308.8076152304609
953:58.51,286.30060120240483
954:56.812,253.85370741482967
955:61.828,307.22645290581164
956:55.51,308.6633266533066
957:60.822,314.5070140280561
958:61.6,359.5110220440882
959:56.95,324.5170340681363
960:57.722,346.3627254509018
961:57.56,323.062124248497
962:63.998,348.0440881763527
963:55.994,272.8637274549098
964:57.094,316.94789579158316
965:59.712,361.0921843687375
966:59.13,308.87775551102203
967:58.386,376.7014028056112
968:62.8,344.1843687374749
969:59.988,332.8617234468938
970:47.376,207.7695390781563
971:52.734,227.93987975951904
972:55.726,298.9619238476954
973:55.716,279.59519038076155
974:55.248,262.42084168336675
975:49.274,248.374749498998
976:59.776,285.82765531062125
977:56.26,264.5731462925852
978:60.002,365.937875751503
979:58.378,270.72745490981964
980:55.922,302.34869739478955
981:55.308,251.15430861723448
982:60.254,323.7134268537074
983:56.134,271.34068136272543
984:54.832,268.95791583166334
985:59.692,302.55110220440883
986:57.37,354.434869739479
987:50.412,235.77154308617236
988:63.316,289.36472945891785
989:57.778,369.67935871743487
990:58.23,294.75551102204406
991:53.706,288.3547094188377
992:63.144,344.8617234468938
993:60.924,334.91182364729457
994:50.164,216.45891783567134
995:60.478,296.56112224448896
996:60.146,344.0501002004008
997:60.23,282.62725450901803
998:59.202,278.59519038076155
999:55.968,283.76553106212424
1000:46.004,231.95390781563125
1001:58.122,370.7575150300601
1002:62.054,325.72945891783564
1003:59.734,301.41082164328657
1004:60.232,376.9458917835671
1005:61.65,341.5931863727455
1006:58.592,305.88577154308615
1007:55.338,367.7575150300601
1008:60.726,381.1002004008016
1009:62.05,372.85771543086173
1010:62.936,336.78356713426854
1011:57.436,274.5090180360721
1012:57.624,384.95991983967934
1013:62.312,374.36472945891785
1014:58.31,278.3066132264529
1015:57.888,282.3787575150301
1016:65.448,328.97595190380764
1017:61.964,353.4188376753507
1018:59.162,317.8557114228457
1019:63.878,313.00200400801606
1020:48.982,270.9078156312625
1021:60.686,319.8356713426854
1022:51.41,252.875751503006
1023:55.038,259.0080160320641
1024:54.874,271.9318637274549
1025:60.522,327.9158316633266
1026:61.242,316.1583166332665
1027:55.764,322.58917835671343
1028:59.648,299.90380761523045
1029:61.73,305.89579158316633
1030:54.18,244.33667334669337
1031:59.998,258.6492985971944
1032:58.526,290.7955911823647
1033:50.776,264.75551102204406
1034:57.466,317.72745490981964
1035:60.802,383.52304609218436
1036:62.568,357.14629258517033
1037:62.394,338.0280561122245
1038:62.248,361.0861723446894
1039:59.334,359.685370741483
1040:54.32,264.1503006012024
1041:60.326,297.1182364729459
1042:52.856,252.54909819639278
1043:56.74,404.67735470941886
1044:59.94,372.0561122244489
1045:61.094,332.12625250501003
1046:58.658,283.6673346693387
1047:62.158,334.32064128256513
1048:61.936,303.5170340681363
1049:59.304,275.83967935871743
1050:59.49,312.34669338677355
1051:59.972,425.39278557114227
1052:60.346,402.0561122244489
1053:50.08,438.97595190380764
1054:57.146,312.2064128256513
1055:55.482,399.73346693386776
1056:56.456,406.811623246493
1057:58.264,373.73547094188376
1058:59.016,264.6012024048096
1059:58.022,322.2805611222445
1060:53.56,416.5130260521042
1061:59.39,281.57915831663325
1062:51.548,232.9759519038076
1063:61.09,298.11422845691385
1064:53.174,255.2685370741483
1065:52.74,250.9438877755511
1066:61.012,332.3186372745491
1067:61.142,330.35871743486973
1068:52.936,272.63326653306615
1069:62.77,415.09619238476955
1070:60.8,339.55310621242484
1071:54.572,261.05210420841684
1072:60.85,316.2625250501002
1073:57.884,267.65931863727457
1074:61.822,329.18036072144287
1075:53.184,297.4549098196393
1076:64.314,357.94188376753505
1077:60.316,294.40881763527057
1078:56.226,282.42084168336675
1079:54.742,263.7314629258517
1080:57.554,277.6312625250501
1081:61.232,334.76352705410824
1082:57.234,310.4068136272545
1083:58.152,330.47895791583164
1084:62.324,362.5751503006012
1085:64.57,345.2965931863727
1086:63.378,386.50501002004006
1087:59.016,283.82965931863725
1088:64.668,315.69138276553105
1089:59.756,285.5871743486974
1090:61.614,374.07014028056113
1091:62.166,302.62725450901803
1092:58.708,356.3547094188377
1093:56.458,295.3507014028056
1094:57.506,379.70741482965934
1095:53.436,269.65931863727457
1096:58.822,341.3186372745491
1097:63.604,317.6312625250501
1098:63.144,348.4809619238477
1099:57.6,332.57114228456913
1100:61.558,317.5731462925852
1101:55.642,255.82565130260522
1102:60.384,319.7595190380762
1103:61.718,302.75350701402806
1104:66.338,378.498997995992
1105:61.162,355.42084168336675
1106:56.732,286.32264529058114
1107:59.532,333.05811623246495
1108:64.662,359.28256513026054
1109:52.708,438.2124248496994
1110:52.668,448.84769539078155
1111:54.184,451.72945891783564
1112:54.682,400.20841683366734
1113:54.646,413.0741482965932
1114:65.322,365.9338677354709
1115:60.18,357.11623246492985
1116:62.93,344.59719438877755
1117:54.148,248.58316633266534
1118:59.062,288.9819639278557
1119:59.058,275.07815631262525
1120:62.25,391.23647294589176
1121:60.47,311.65330661322645
1122:60.226,307.563126252505
1123:58.198,299.5190380761523
1124:59.238,419.12224448897797
1125:57.726,403.94789579158316
1126:64.96,381.03406813627254
1127:58.952,379.69138276553105
1128:59.694,420.0561122244489
1129:56.402,379.7955911823647
1130:58.142,394.56913827655313
1131:52.67,430.4709418837675
1132:60.668,372.1482965931864
1133:56.298,395.1382765531062
1134:61.314,375.03406813627254
1135:58.466,415.60721442885773
1136:47.022,469.4529058116232
1137:61.93,368.685370741483
1138:59.924,375.2144288577154
1139:58.836,371.39078156312627
1140:64.438,351.6633266533066
1141:58.006,328.4008016032064
1142:59.272,338.811623246493
1143:61.864,321.4689378757515
1144:53.566,412.7314629258517
1145:57.07,367.9899799599198
1146:57.622,349.2745490981964
1147:59.25,337.50501002004006
1148:58.986,326.03206412825654
1149:56.51,299.11422845691385
1150:58.496,333.8236472945892
1151:58.596,318.23446893787576
1152:62.952,386.63326653306615
1153:56.698,401.5470941883768
1154:59.626,400.4829659318637
1155:58.29,342.6212424849699
1156:57.672,296.8817635270541
1157:59.034,324.96593186372746
1158:57.606,322.65130260521045
1159:59.946,377.78957915831666
1160:61.15,350.49498997995994
1161:61.324,310.2404809619238
1162:56.604,325.88376753507015
1163:59.888,348.9639278557114
1164:60.6,374.6132264529058
1165:60.812,360.685370741483
1166:58.336,385.1022044088176
1167:57.036,344.17034068136275
1168:53.896,323.7034068136273
1169:59.324,352.4709418837675
1170:58.052,392.8817635270541
1171:55.226,285.37474949899797
1172:57.962,275.1362725450902
1173:59.278,277.4328657314629
1174:55.634,278.4168336673347
1175:60.582,359.65130260521045
1176:58.802,297.5170340681363
1177:55.53,298.935871743487
1178:57.754,330.60320641282567
1179:56.194,283.1563126252505
1180:61.792,298.49498997995994
1181:54.872,279.8817635270541
1182:61.804,305.54108216432866
1183:55.004,276.02404809619236
1184:49.954,228.1062124248497
1185:54.112,239.52104208416833
1186:56.376,299.3987975951904
1187:59.744,271.9498997995992
1188:46.226,252.29659318637275
1189:55.468,277.7414829659319
1190:56.344,262.4729458917836
1191:59.032,278.2124248496994
1192:60.578,305.2805611222445
1193:48.912,233.4248496993988
1194:53.138,253.25450901803606
1195:51.532,236.17434869739478
1196:59.728,307.00400801603206
1197:53.476,275.5270541082164
1198:51.024,245.98597194388776
1199:56.304,234.92184368737475
1200:54.882,258.93987975951904
1201:60.94,309.0120240480962
1202:58.456,310.52104208416836
1203:56.766,286.43887775551104
1204:55.082,271.59118236472943
1205:55.338,270.751503006012
1206:58.518,292.8316633266533
1207:59.898,288.1302605210421
1208:56.236,315.49498997995994
1209:53.416,253.92785571142284
1210:59.786,281.6833667334669
1211:60.434,340.1362725450902
1212:63.644,332.4569138276553
1213:62.198,305.33867735470943
1214:60.762,342.0861723446894
1215:62.97,368.1503006012024
1216:53.222,291.59519038076155
1217:60.59,304.0060120240481
1218:59.236,360.9699398797595
1219:57.026,311.42084168336675
1220:65.804,362.12224448897797
1221:61.702,341.687374749499
1222:61.88,344.935871743487
1223:62.192,375.25250501002006
1224:60.978,389.9739478957916
1225:61.82,362.5170340681363
1226:61.784,403.7595190380762
1227:61.536,355.0681362725451
1228:57.884,370.67134268537075
1229:61.116,309.3246492985972
1230:63.226,339.7014028056112
1231:63.096,328.6392785571142
1232:58.446,352.4328657314629
1233:64.018,384.84569138276555
1234:59.186,402.30260521042084
1235:56.022,306.4328657314629
1236:66.24,321.85370741482967
1237:55.872,278.34669338677355
1238:62.1,344.4709418837675
1239:61.978,313.0200400801603
1240:56.986,388.91182364729457
1241:62.774,390.73547094188376
1242:55.468,384.3366733466934
1243:52.86,396.65330661322645
1244:61.932,361.3446893787575
1245:56.076,364.434869739479
1246:60.834,429.1482965931864
1247:61.964,393.89178356713427
1248:66.052,314.0100200400802
1249:56.368,300.00200400801606
1250:60.056,297.2765531062124
1251:59.106,335.2965931863727
1252:58.868,373.5851703406814
1253:60.176,330.91983967935874
1254:58.516,339.1583166332665
1255:63.95,320.69939879759517
1256:60.634,388.2244488977956
1257:64.236,337.46693386773546
1258:60.614,348.2985971943888
1259:55.348,370.98597194388776
1260:62.308,323.31062124248496
1261:54.466,421.09018036072143
1262:58.6,356.3547094188377
1263:58.226,290.47895791583164
1264:60.162,312.2024048096192
1265:58.604,352.2865731462926
1266:53.36,437.1062124248497
1267:63.23,387.7675350701403
1268:47.266,469.9458917835671
1269:59.318,387.53507014028054
1270:62.328,342.47895791583164
1271:62.742,353.26452905811624
1272:60.55,385.65330661322645
1273:61.47,367.5090180360721
1274:55.208,399.34869739478955
1275:60.056,379.2565130260521
1276:62.548,349.250501002004
1277:59.018,330.685370741483
1278:57.12,345.29258517034066
1279:61.806,320.9939879759519
1280:60.978,344.90180360721445
1281:57.332,313.17835671342687
1282:59.024,358.00400801603206
1283:56.998,303.5390781563126
1284:61.232,345.77154308617236
1285:58.92,358.8056112224449
1286:62.648,353.8977955911824
1287:64.446,323.9178356713427
1288:63.128,387.1322645290581
1289:62.562,365.5671342685371
1290:55.984,399.7314629258517
1291:60.898,402.6112224448898
1292:61.456,355.1843687374749
1293:63.294,337.9158316633266
1294:64.642,316.9138276553106
1295:60.354,347.95791583166334
1296:60.61,335.0841683366734
1297:57.86,307.42084168336675
1298:60.256,340.80160320641284
1299:62.294,330.8376753507014
1300:68.168,371.21042084168334
1301:58.386,311.5430861723447
1302:56.814,301.7054108216433
1303:57.072,322.5130260521042
1304:58.44,332.1362725450902
1305:48.104,238.6753507014028
1306:56.858,266.8336673346693
1307:58.178,264.5290581162325
1308:57.082,284.98396793587176
1309:57.396,266.5290581162325
1310:59.54,311.8416833667335
1311:55.34,266.813627254509
1312:47.694,257.9519038076152
1313:59.674,291.48496993987976
1314:55.792,256.250501002004
1315:50.054,246.17034068136272
1316:53.252,228.43286573146293
1317:59.92,322.1382765531062
1318:56.484,267.09018036072143
1319:51.106,284.74549098196394
1320:52.316,243.5811623246493
1321:45.354,185.2304609218437
1322:53.496,259.5811623246493
1323:51.54,239.73547094188376
1324:59.652,290.5571142284569
1325:52.318,247.98997995991985
1326:60.802,357.3346693386774
1327:58.714,326.9939879759519
1328:65.618,352.0561122244489
1329:55.362,428.9539078156313
1330:61.756,346.78356713426854
1331:62.918,334.0661322645291
1332:58.452,350.2865731462926
1333:57.144,399.0661322645291
1334:56.46,283.751503006012
1335:64.01,309.1122244488978
1336:52.3,265.7815631262525
1337:60.138,285.8997995991984
1338:60.858,354.1763527054108
1339:60.696,350.42084168336675
1340:63.816,334.32865731462925
1341:60.452,304.82765531062125
1342:61.214,283.37274549098197
1343:53.574,423.4188376753507
1344:66.114,380.1482965931864
1345:52.534,434.08016032064126
1346:54.888,378.30861723446895
1347:60.604,320.0380761523046
1348:59.55,368.90981963927857
1349:58.934,417.80160320641284
1350:61.284,360.1503006012024
1351:57.472,302.9819639278557
1352:59.304,312.28256513026054
1353:55.856,277.76553106212424
1354:60.098,303.67334669338675
1355:53.202,269.11422845691385
1356:64.16,331.69739478957916
1357:55.35,255.70140280561122
1358:56.58,284.87174348697397
1359:65.786,347.0460921843687
1360:58.996,314.36673346693385
1361:54.04,261.3446893787575
1362:60.222,294.49699398797594
1363:56.334,264.17034068136275
1364:55.534,255.8937875751503
1365:59.358,325.2865731462926
1366:57.03,322.2885771543086
1367:60.674,417.82765531062125
1368:64.572,328.4709418837675
1369:66.398,406.6392785571142
1370:60.14,376.07014028056113
1371:57.202,351.1763527054108
1372:57.15,355.0541082164329
1373:60.3,373.6192384769539
1374:61.22,328.38276553106215
1375:61.522,311.59719438877755
1376:57.444,245.49098196392785
1377:59.398,271.8356713426854
1378:57.892,306.21042084168334
1379:58.492,397.57715430861725
1380:59.918,354.4008016032064
1381:62.418,340.72945891783564
1382:58.52,376.38276553106215
1383:59.894,297.2605210420842
1384:63.388,361.7935871743487
1385:57.338,388.8256513026052
1386:55.596,434.64328657314627
1387:61.662,328.80360721442884
1388:57.458,326.81963927855713
1389:56.628,288.6132264529058
1390:58.014,394.51503006012024
1391:57.162,399.6813627254509
1392:60.51,365.4889779559118
1393:59.038,391.498997995992
1394:57.87,400.1002004008016
1395:56.784,394.1923847695391
1396:56.82,311.9939879759519
1397:48.62,272.53306613226454
1398:57.414,300.07815631262525
1399:53.15,268.2945891783567
1400:56.036,249.22244488977955
1401:47.372,205.9178356713427
1402:53.764,242.1302605210421
1403:47.152,219.4128256513026
1404:48.744,224.05210420841684
1405:57.976,302.79158316633266
1406:59.958,325.82765531062125
1407:57.694,396.34669338677355
1408:60.702,330.7054108216433
1409:61.044,325.1583166332665
1410:55.96,290.9699398797595
1411:59.166,301.20841683366734
1412:54.872,256.64128256513027
1413:61.936,335.17835671342687
1414:49.614,227.8937875751503
1415:43.588,215.9258517034068
1416:51.308,229.18837675350701
1417:46.672,213.6312625250501
1418:43.386,208.8196392785571
1419:55.732,282.64328657314627
1420:50.782,249.45290581162325
1421:59.568,295.82164328657313
1422:61.914,357.1623246492986
1423:59.81,344.9338677354709
1424:66.76,367.97795591182364
1425:49.718,440.39078156312627
1426:61.352,323.4889779559118
1427:58.212,365.63527054108215
1428:61.234,350.39278557114227
1429:61.514,285.8797595190381
1430:55.41,341.6933867735471
1431:57.72,351.9178356713427
1432:58.262,404.65931863727457
1433:59.69,318.65330661322645
1434:57.888,322.749498997996
1435:58.016,336.72745490981964
1436:57.086,265.8617234468938
1437:48.288,237.65330661322645
1438:52.694,245.98396793587173
1439:47.004,220.4569138276553
1440:57.868,330.0761523046092
1441:57.888,294.2985971943888
1442:62.796,360.8176352705411
1443:58.598,359.84769539078155
1444:46.842,200.98597194388776
1445:56.446,302.03406813627254
1446:63.016,298.49498997995994
1447:59.074,280.7314629258517
1448:56.472,281.8677354709419
1449:55.2,290.4909819639279
1450:50.092,244.44288577154308
1451:57.708,344.7214428857715
1452:59.098,323.97595190380764
1453:53.688,395.5170340681363
1454:59.788,308.6132264529058
1455:55.326,304.51503006012024
1456:53.92,236.374749498998
1457:57.012,283.3366733466934
1458:61.642,322.46693386773546
1459:58.446,305.4188376753507
1460:59.812,339.2765531062124
1461:51.318,243.2004008016032
1462:47.842,231.46693386773546
1463:63.396,321.35671342685373
1464:52.68,254.4689378757515
1465:59.236,315.0180360721443
1466:56.358,321.1022044088176
1467:65.21,313.1002004008016
1468:60.792,327.4629258517034
1469:55.014,405.5851703406814
1470:57.91,344.28456913827654
1471:59.212,326.7414829659319
1472:60.49,324.74749498997994
1473:62.334,344.4709418837675
1474:56.082,306.7434869739479
1475:62.442,348.35871743486973
1476:60.362,311.36472945891785
1477:60.704,328.53306613226454
1478:60.426,276.29258517034066
1479:57.818,273.77354709418836
1480:59.194,336.34068136272543
1481:64.216,358.4068136272545
1482:61.04,355.5931863727455
1483:53.538,239.5691382765531
1484:49.64,231.39478957915833
1485:56.016,309.1302605210421
1486:42.418,199.01002004008015
1487:57.02,272.26452905811624
1488:53.138,281.15430861723445
1489:55.756,258.83967935871743
1490:51.124,254.44689378757516
1491:61.768,361.01603206412824
1492:58.642,294.6312625250501
1493:56.608,296.498997995992
1494:55.866,281.9619238476954
1495:56.762,265.43887775551104
1496:60.744,304.1563126252505
1497:60.376,313.74549098196394
1498:57.036,353.1583166332665
1499:57.478,297.248496993988
1500:60.206,304.8496993987976
1501:62.194,332.94789579158316
1502:59.954,354.60320641282567
1503:60.992,309.5751503006012
1504:59.944,304.0
1505:57.482,315.3707414829659
1506:46.354,477.3787575150301
1507:60.264,322.86573146292585
1508:59.05,332.685370741483
1509:60.85,259.17034068136275
1510:60.662,334.22645290581164
1511:59.766,378.74549098196394
1512:59.37,379.17234468937875
1513:55.92,413.32064128256513
1514:64.684,368.0841683366734
1515:55.16,389.70941883767534
1516:64.02,345.3306613226453
1517:58.482,360.58917835671343
1518:58.728,369.9719438877755
1519:59.982,353.0200400801603
1520:61.332,378.7394789579158
1521:57.346,381.16032064128257
1522:58.666,381.811623246493
1523:54.76,369.751503006012
1524:63.532,296.18036072144287
1525:58.446,364.8977955911824
1526:59.696,346.6312625250501
1527:58.576,288.80961923847696
1528:57.386,346.687374749499
1529:65.114,326.3987975951904
1530:57.142,361.9158316633266
1531:56.82,341.9899799599198
1532:57.746,388.9939879759519
1533:63.604,337.43887775551104
1534:57.554,373.62324649298597
1535:59.248,328.4008016032064
1536:59.682,281.22645290581164
1537:59.622,370.5571142284569
1538:55.402,303.1442885771543
1539:53.712,304.99599198396794
1540:55.086,272.7234468937876
1541:61.088,308.4428857715431
1542:61.126,334.80360721442884
1543:63.246,301.1002004008016
1544:60.5,290.5250501002004
1545:57.846,284.30060120240483
1546:63.364,342.59719438877755
1547:59.916,337.9919839679359
1548:59.474,320.8877755511022
1549:63.712,359.7114228456914
1550:56.442,349.5090180360721
1551:57.404,383.25250501002006
1552:61.9,385.91182364729457
1553:62.086,363.57715430861725
1554:57.376,326.8336673346693
1555:54.156,432.312625250501
1556:61.772,359.21643286573146
1557:61.708,373.1563126252505
1558:64.294,360.6312625250501
1559:62.488,314.6292585170341
1560:56.504,414.94789579158316
1561:62.166,344.314629258517
1562:65.158,364.1322645290581
1563:53.44,283.0200400801603
1564:60.52,292.25250501002006
1565:46.304,207.9939879759519
1566:58.554,256.1102204408818
1567:44.446,195.6012024048096
1568:45.868,187.63326653306612
1569:56.34,259.3707414829659
1570:56.932,254.46492985971943
1571:63.788,316.39679358717433
1572:61.674,315.0080160320641
1573:61.014,293.78957915831666
1574:53.96,328.11422845691385
1575:52.102,251.52905811623248
1576:56.942,299.6372745490982
1577:60.15,297.27254509018036
1578:62.98,317.7254509018036
1579:55.482,275.9058116232465
1580:61.234,316.7434869739479
1581:62.218,376.563126252505
1582:60.116,276.34068136272543
1583:64.29,319.77354709418836
1584:62.256,336.9178356713427
1585:67.646,365.0861723446894
1586:57.242,338.2424849699399
1587:65.946,304.9498997995992
1588:60.672,320.3186372745491
1589:61.172,348.9939879759519
1590:59.502,405.7695390781563
1591:62.722,385.8897795591182
1592:53.84,433.6052104208417
1593:56.096,390.5250501002004
1594:60.656,408.34869739478955
1595:55.526,431.8416833667335
1596:57.592,387.82965931863725
1597:64.322,398.2685370741483
1598:61.376,376.29058116232466
1599:62.116,325.74549098196394
1600:60.882,403.7394789579158
1601:60.434,407.35270541082167
1602:58.444,347.62324649298597
1603:61.576,380.0100200400802
1604:55.86,435.05210420841684
1605:60.984,374.59519038076155
1606:59.064,419.41082164328657
1607:60.158,386.57915831663325
1608:58.452,293.09619238476955
1609:59.974,401.6693386773547
1610:58.002,417.08016032064126
1611:62.492,353.3547094188377
1612:61.39,396.88577154308615
1613:60.524,348.811623246493
1614:48.51,464.9539078156313
1615:58.762,394.314629258517
1616:63.74,422.42885771543087
1617:51.422,482.8416833667335
1618:38.376,509.1763527054108
1619:61.766,355.1322645290581
1620:62.248,380.6212424849699
1621:59.22,420.9498997995992
1622:60.07,364.27254509018036
1623:64.348,365.6452905811623
1624:64.106,360.23647294589176
1625:60.404,395.15230460921845
1626:61.596,341.73346693386776
1627:60.27,359.09018036072143
1628:59.444,421.64729458917833
1629:61.946,381.44088176352705
1630:63.562,369.59519038076155
1631:67.798,343.0300601202405
1632:38.46,518.7194388777555
1633:46.802,470.1122244488978
1634:60.546,407.84569138276555
1635:53.464,431.04008016032066
1636:55.258,410.07815631262525
1637:60.254,409.27054108216436
1638:65.746,330.687374749499
1639:60.192,375.93987975951904
1640:62.238,406.8316633266533
1641:58.778,417.73346693386776
1642:59.814,400.9619238476954
1643:58.644,434.7194388777555
1644:62.946,376.2745490981964
1645:67.002,390.5551102204409
1646:61.09,320.0561122244489
1647:58.414,402.94789579158316
1648:67.344,373.1943887775551
1649:64.7,373.4689378757515
1650:63.854,361.563126252505
1651:60.78,437.250501002004
1652:63.712,377.05811623246495
1653:55.762,414.23446893787576
1654:53.016,466.89178356713427
1655:55.926,442.7615230460922
1656:57.31,441.6673346693387
1657:60.74,374.7855711422846
1658:54.98,445.04008016032066
1659:68.276,357.7675350701403
1660:61.494,328.5270541082164
1661:54.482,464.0921843687375
1662:56.548,431.4008016032064
1663:58.52,390.61523046092185
1664:58.998,390.0100200400802
1665:68.832,309.3426853707415
1666:63.776,364.1202404809619
1667:53.948,455.5851703406814
1668:63.252,399.7935871743487
1669:59.072,373.9338677354709
1670:52.228,463.4509018036072
1671:43.11,497.88376753507015
1672:54.374,439.3547094188377
1673:59.846,414.12825651302603
1674:59.47,338.70941883767534
1675:62.978,374.39679358717433
1676:58.586,413.2184368737475
1677:57.834,436.1202404809619
1678:63.258,353.77154308617236
1679:56.122,425.07815631262525
1680:59.316,409.6553106212425
1681:63.462,338.74549098196394
1682:66.642,361.09619238476955
1683:60.04,411.50300601202406
1684:62.15,336.751503006012
1685:59.344,379.8236472945892
1686:61.772,317.0941883767535
1687:62.34,388.53306613226454
1688:62.526,315.6953907815631
1689:54.102,415.0120240480962
1690:54.774,427.6653306613226
1691:67.984,350.23647294589176
1692:67.542,356.49699398797594
1693:59.526,404.5430861723447
1694:60.254,349.2865731462926
1695:52.968,430.7114228456914
1696:57.258,436.2585170340681
1697:59.336,306.2965931863727
1698:65.56,334.8316633266533
1699:60.044,323.46693386773546
1700:54.624,448.59519038076155
1701:64.068,354.18036072144287
1702:61.064,307.2565130260521
1703:60.448,365.0200400801603
1704:65.55,332.30060120240483
1705:67.246,364.7014028056112
1706:60.392,335.6312625250501
1707:65.028,303.08817635270543
1708:62.538,395.3346693386774
1709:54.56,423.7795591182365
1710:51.646,457.24448897795594
1711:62.3,337.1923847695391
1712:61.858,355.14228456913827
1713:63.616,319.52104208416836
1714:61.088,355.0541082164329
1715:62.032,413.4809619238477
1716:64.728,403.5250501002004
1717:60.412,377.85971943887773
1718:61.918,339.67134268537075
1719:49.234,247.1122244488978
1720:58.452,420.2184368737475
1721:60.256,363.04208416833666
1722:62.576,340.8617234468938
1723:59.898,344.38276553106215
1724:59.132,318.62324649298597
1725:60.964,392.92785571142286
1726:57.686,431.1062124248497
1727:49.56,490.3867735470942
1728:57.442,429.7314629258517
1729:53.622,427.9799599198397
1730:59.52,388.5991983967936
1731:58.43,414.3326653306613
1732:65.428,388.67735470941886
1733:61.324,398.5551102204409
1734:54.518,412.84569138276555
1735:44.602,480.43887775551104
1736:52.904,434.64328657314627
1737:57.884,381.5751503006012
1738:59.7,384.67134268537075
1739:62.492,334.37474949899797
1740:59.574,412.1322645290581
1741:57.89,378.95991983967934
1742:59.918,410.32064128256513
1743:56.512,399.51503006012024
1744:49.836,452.4909819639279
1745:59.966,384.3446893787575
1746:56.242,386.6753507014028
1747:51.42,426.2865731462926
1748:53.1,462.4869739478958
1749:37.04,509.7815631262525
1750:35.056,514.5210420841684
1751:50.108,456.9639278557114
1752:32.03,532.6813627254509
1753:43.244,490.8697394789579
1754:42.05,493.43086172344687
1755:50.824,446.0661322645291
1756:34.42,513.8837675350701
1757:48.266,446.78356713426854
1758:46.394,461.7675350701403
1759:49.118,458.8697394789579
1760:44.298,479.2885771543086
1761:36.15,515.8036072144289
1762:44.856,477.7014028056112
1763:42.234,497.60320641282567
1764:30.584,539.3987975951903
1765:52.884,461.5090180360721
1766:46.334,473.2184368737475
1767:46.406,478.8557114228457
1768:45.532,462.3627254509018
1769:60.362,387.4328657314629
1770:42.426,489.40280561122245
1771:51.382,432.28456913827654
1772:40.9,497.0661322645291
1773:51.266,448.1442885771543
1774:40.638,506.6833667334669
1775:39.024,498.09018036072143
1776:42.688,462.9138276553106
1777:44.39,500.8977955911824
1778:32.136,534.1462925851704
1779:32.354,533.5871743486974
1780:49.84,464.8997995991984
1781:46.532,495.7114228456914
1782:42.328,476.34869739478955
1783:46.102,476.02404809619236
1784:38.396,500.2685370741483
1785:48.352,470.71543086172346
1786:36.226,501.5130260521042
1787:37.274,503.685370741483
1788:36.676,511.8557114228457
1789:38.482,507.79158316633266
1790:44.246,479.08016032064126
1791:48.966,461.86573146292585
1792:50.516,431.751503006012
1793:51.528,416.09819639278555
1794:44.26,485.2945891783567
1795:42.026,494.5070140280561
1796:50.99,448.1623246492986
1797:35.794,513.6993987975952
1798:37.332,509.6673346693387
1799:46.99,471.82164328657313
1800:39.13,502.53306613226454
1801:54.486,430.9919839679359
1802:44.572,487.8897795591182
1803:51.26,439.7595190380762
1804:43.508,481.96793587174346
1805:41.392,505.73547094188376
1806:36.766,525.5130260521042
1807:34.062,531.8777555110221
1808:31.318,528.7855711422845
1809:41.67,492.0260521042084
1810:38.81,506.08016032064126
1811:46.05,473.3366733466934
1812:56.784,437.49699398797594
1813:54.746,452.4809619238477
1814:61.898,381.94188376753505
1815:62.78,396.9539078156313
1816:58.286,366.95991983967934
1817:45.64,479.2585170340681
1818:59.522,385.42885771543087
1819:50.234,442.3166332665331
1820:52.204,439.6673346693387
1821:46.236,477.0100200400802
1822:56.196,410.92785571142286
1823:49.72,446.67134268537075
1824:42.346,487.9919839679359
1825:45.478,504.7795591182365
1826:43.994,485.4328657314629
1827:43.962,475.813627254509
1828:45.74,483.5571142284569
1829:57.736,377.4729458917836
1830:60.718,316.35671342685373
1831:62.752,345.85370741482967
1832:57.23,422.24649298597194
1833:60.106,415.4068136272545
1834:54.67,392.5831663326653
1835:55.078,425.26452905811624
1836:50.652,444.2745490981964
1837:49.404,460.87174348697397
1838:52.952,460.5250501002004
1839:41.276,490.250501002004
1840:36.176,516.1162324649299
1841:40.864,490.3046092184369
1842:42.978,507.5751503006012
1843:48.506,482.7695390781563
1844:55.228,433.9238476953908
1845:50.982,451.5470941883768
1846:55.152,448.49498997995994
1847:57.89,376.02404809619236
1848:54.898,411.38276553106215
1849:59.714,438.4569138276553
1850:61.538,381.0541082164329
1851:54.84,437.90981963927857
1852:55.644,425.8336673346693
1853:55.88,440.4509018036072
1854:55.798,411.12224448897797
1855:60.526,374.37274549098197
1856:60.096,389.186372745491
1857:63.464,372.39278557114227
1858:54.366,395.0761523046092
1859:57.546,419.5430861723447
1860:60.864,353.17835671342687
1861:61.568,377.2124248496994
1862:60.448,401.7755511022044
1863:58.218,413.064128256513
1864:54.066,437.69939879759517
1865:64.524,402.1382765531062
1866:59.33,414.08817635270543
1867:56.808,450.3547094188377
1868:52.216,452.24448897795594
1869:57.702,359.8436873747495
1870:53.042,432.2565130260521
1871:50.052,474.93987975951904
1872:39.222,514.9138276553106
1873:51.562,455.4509018036072
1874:41.446,492.47895791583164
1875:44.418,481.9438877755511
1876:52.306,438.01402805611224
1877:64.884,356.8997995991984
1878:59.63,417.5430861723447
1879:45.08,473.14629258517033
1880:45.982,494.4509018036072
1881:62.288,411.22845691382764
1882:59.232,359.2024048096192
1883:56.56,455.85971943887773
1884:47.59,464.6052104208417
1885:44.554,497.07815631262525
1886:52.182,475.8496993987976
1887:51.478,447.67134268537075
1888:51.118,465.0180360721443
1889:46.348,463.8156312625251
1890:46.318,473.92184368737475
1891:59.56,421.4168336673347
1892:57.282,335.2204408817635
1893:62.15,355.83967935871743
1894:59.814,384.8897795591182
1895:56.52,420.69939879759517
1896:51.416,438.4809619238477
1897:42.948,516.6533066132265
1898:53.45,451.6833667334669
1899:54.972,440.685370741483
1900:58.318,423.436873747495
1901:45.95,490.84569138276555
1902:37.578,519.6553106212425
1903:53.924,439.6112224448898
1904:53.816,450.0501002004008
1905:46.12,473.86573146292585
1906:42.234,494.12825651302603
1907:36.27,535.3306613226453
1908:33.666,529.12625250501
1909:54.094,423.82164328657313
1910:50.17,475.27054108216436
1911:43.844,495.5571142284569
1912:52.492,474.8937875751503
1913:52.062,460.8797595190381
1914:59.916,406.17034068136275
1915:51.612,466.34068136272543
1916:55.914,446.1382765531062
1917:48.68,472.59118236472943
1918:43.758,490.83967935871743
1919:46.236,486.54108216432866
1920:53.194,443.434869739479
1921:49.85,442.73547094188376
1922:61.498,376.5250501002004
1923:60.492,410.3987975951904
1924:61.392,318.4008016032064
1925:59.316,437.5130260521042
1926:50.166,464.40480961923845
1927:58.274,410.27054108216436
1928:56.33,398.11422845691385
1929:56.638,405.35270541082167
1930:50.956,460.9078156312625
1931:48.22,465.39278557114227
1932:52.742,451.16032064128257
1933:56.63,439.62725450901803
1934:60.216,343.4549098196393
1935:65.926,375.55911823647295
1936:57.156,297.15230460921845
1937:64.09,351.35270541082167
1938:58.482,377.5490981963928
1939:46.432,479.3947895791583
1940:48.346,469.4809619238477
1941:50.978,469.0
1942:47.518,491.82765531062125
1943:44.99,488.4709418837675
1944:44.034,488.2585170340681
1945:39.92,501.49498997995994
1946:48.634,456.2625250501002
1947:41.49,503.80961923847696
1948:39.178,502.2565130260521
1949:53.24,466.1362725450902
1950:56.372,435.5571142284569
1951:44.982,491.4248496993988
1952:46.638,486.4629258517034
1953:46.234,477.3326653306613
1954:47.774,477.09819639278555
1955:40.13,509.08016032064126
1956:43.43,493.34869739478955
1957:44.834,480.0060120240481
1958:53.328,433.48496993987976
1959:31.652,535.4348697394789
1960:37.69,520.0460921843687
1961:47.694,478.5871743486974
1962:41.284,504.7615230460922
1963:40.088,494.9258517034068
1964:42.252,493.34669338677355
1965:47.832,472.501002004008
1966:45.366,485.2805611222445
1967:50.068,453.12825651302603
1968:53.142,449.5831663326653
1969:53.956,442.4168336673347
1970:52.788,459.48496993987976
1971:49.92,464.9178356713427
1972:65.076,394.250501002004
1973:59.896,387.3066132264529
1974:56.51,425.4689378757515
1975:54.398,462.7815631262525
1976:56.576,417.27254509018036
1977:56.224,425.94188376753505
1978:60.916,420.43086172344687
1979:54.166,441.63326653306615
1980:58.74,397.11422845691385
1981:58.012,414.4448897795591
1982:54.53,425.7234468937876
1983:54.508,436.0060120240481
1984:60.992,394.8897795591182
1985:55.394,450.7955911823647
1986:62.706,390.53306613226454
1987:55.746,441.20841683366734
1988:62.568,338.749498997996
1989:58.336,305.3867735470942
1990:58.062,396.8817635270541
1991:62.562,387.498997995992
1992:64.046,397.7114228456914
1993:60.712,410.99799599198394
1994:58.594,373.13426853707415
1995:63.502,308.90981963927857
1996:62.786,403.8076152304609
1997:60.37,348.68937875751504
1998:58.264,420.15230460921845
1999:63.786,385.53507014028054
2000:59.292,380.565130260521
2001:61.716,379.1022044088176
2002:64.798,340.6052104208417
2003:62.008,373.78356713426854
2004:64.684,339.9799599198397
2005:52.486,448.2384769539078
2006:62.778,305.0821643286573
2007:60.666,298.12224448897797
2008:54.546,285.1843687374749
2009:58.698,357.8937875751503
2010:55.09,271.17034068136275
2011:57.46,381.186372745491
2012:62.954,341.10420841683367
2013:61.384,364.39078156312627
2014:62.29,333.77154308617236
2015:61.326,385.92985971943887
2016:57.468,416.14028056112227
2017:58.008,308.312625250501
2018:60.022,376.1322645290581
2019:62.694,329.5110220440882
2020:56.452,402.89178356713427
2021:64.498,342.57114228456913
2022:62.21,329.88376753507015
2023:60.608,355.9058116232465
2024:57.89,292.6833667334669
2025:64.67,310.3507014028056
2026:61.402,368.97795591182364
2027:65.578,323.8176352705411
2028:64.152,318.85771543086173
2029:61.408,386.91182364729457
2030:57.796,266.58917835671343
2031:54.546,315.6212424849699
2032:58.684,299.1202404809619
2033:65.872,355.436873747495
2034:62.494,361.55310621242484
2035:63.494,348.68937875751504
2036:61.374,322.01603206412824
2037:53.414,418.4869739478958
2038:56.902,274.32865731462925
2039:54.964,237.46693386773546
2040:55.462,232.9058116232465
2041:57.118,244.71142284569137
2042:60.042,272.8156312625251
2043:51.326,224.3507014028056
2044:60.846,252.6432865731463
2045:61.812,308.8376753507014
2046:59.534,247.1563126252505
2047:62.16,313.75551102204406
2048:61.868,275.7414829659319
2049:58.534,313.6312625250501
2050:56.518,260.90981963927857
2051:53.072,232.76753507014027
2052:44.314,212.50901803607215
2053:61.246,279.57915831663325
2054:58.342,325.3346693386774
2055:59.276,277.8617234468938
2056:69.254,323.04208416833666
2057:68.558,358.3987975951904
2058:64.182,373.70741482965934
2059:56.358,235.0420841683367
2060:63.254,299.37675350701403
2061:57.604,256.7054108216433
2062:60.356,288.93987975951904
2063:61.19,280.65931863727457
2064:59.372,316.61723446893785
2065:59.042,285.20841683366734
2066:63.34,321.5430861723447
2067:68.808,324.8336673346693
2068:60.996,267.07214428857714
2069:61.644,293.8076152304609
2070:56.824,295.0440881763527
2071:63.312,360.71543086172346
2072:59.994,264.5490981963928
2073:59.108,296.5390781563126
2074:60.91,376.71743486973946
2075:61.178,313.00400801603206
2076:67.432,358.4609218436874
2077:60.836,360.23446893787576
2078:57.384,265.9138276553106
2079:53.954,244.1683366733467
2080:59.55,276.0180360721443
2081:52.336,245.78557114228457
2082:58.376,268.1302605210421
2083:65.358,337.4448897795591
2084:61.55,320.87775551102203
2085:60.45,314.2204408817635
2086:63.056,367.7675350701403
2087:57.09,253.24849699398797
2088:55.894,271.34068136272543
2089:63.892,336.5731462925852
2090:62.028,298.67334669338675
2091:60.768,272.5571142284569
2092:64.386,335.4689378757515
2093:59.638,253.7555110220441
2094:57.452,260.04008016032066
2095:50.006,233.13226452905812
2096:58.594,250.00200400801603
2097:53.582,240.12825651302606
2098:55.728,249.09018036072143
2099:60.28,345.30260521042084
2100:51.392,224.38276553106212
2101:48.154,224.47094188376752
2102:63.694,321.36673346693385
2103:60.534,334.935871743487
2104:63.502,348.45891783567134
2105:64.644,321.0861723446894
2106:53.546,411.14629258517033
2107:59.732,413.9559118236473
2108:63.984,353.9338677354709
2109:59.73,398.2124248496994
2110:60.438,310.6693386773547
2111:63.646,371.92785571142286
2112:65.592,310.77154308617236
2113:60.818,282.6112224448898
2114:55.278,272.91983967935874
2115:56.206,245.23246492985973
2116:63.928,323.3887775551102
2117:54.476,275.4448897795591
2118:57.528,292.4328657314629
2119:62.886,346.4188376753507
2120:54.568,273.12424849699397
2121:55.246,260.02404809619236
2122:59.758,318.4188376753507
2123:59.75,299.3306613226453
2124:62.414,328.6953907815631
2125:62.732,356.07214428857714
2126:49.73,223.1202404809619
2127:45.614,205.1943887775551
2128:53.806,242.4949899799599
2129:61.96,305.8557114228457
2130:55.496,248.68737474949899
2131:57.038,270.6132264529058
2132:62.714,345.20841683366734
2133:63.26,330.0661322645291
2134:66.486,361.2064128256513
2135:57.776,376.17234468937875
2136:60.726,323.5571142284569
2137:59.082,266.2805611222445
2138:62.312,301.73346693386776
2139:58.35,381.4008016032064
2140:53.624,256.4869739478958
2141:60.736,371.1062124248497
2142:61.772,361.2004008016032
2143:65.41,370.46492985971946
2144:60.57,387.7114228456914
2145:55.98,275.1022044088176
2146:60.376,300.49699398797594
2147:61.926,360.89178356713427
2148:60.608,277.90180360721445
2149:62.602,332.0501002004008
2150:64.37,305.61723446893785
2151:60.944,279.87775551102203
2152:56.166,430.6112224448898
2153:49.968,235.7174348697395
2154:56.978,256.38276553106215
2155:54.028,272.0761523046092
2156:58.908,314.82765531062125
2157:62.468,325.3627254509018
2158:60.694,292.5551102204409
2159:58.248,312.2244488977956
2160:54.422,256.56913827655313
2161:59.78,274.751503006012
2162:50.224,209.77955911823648
2163:58.468,258.4929859719439
2164:57.92,298.4569138276553
2165:58.12,243.97795591182364
2166:52.926,238.8877755511022
2167:58.458,278.55110220440883
2168:63.204,339.186372745491
2169:56.7,271.501002004008
2170:61.702,285.17234468937875
2171:55.09,221.45891783567134
2172:50.698,225.124248496994
2173:51.27,211.64529058116233
2174:52.522,237.52304609218436
2175:55.488,245.15030060120242
2176:60.332,271.60320641282567
2177:53.184,216.23246492985973
2178:53.374,228.9498997995992
2179:56.176,273.5390781563126
2180:61.072,285.04008016032066
2181:65.796,335.8496993987976
2182:63.722,383.00200400801606
2183:58.942,267.22645290581164
2184:59.952,384.9438877755511
2185:61.736,315.77154308617236
2186:64.044,290.1442885771543
2187:63.98,298.5731462925852
2188:59.216,279.498997995992
2189:64.892,285.24448897795594
2190:52.976,244.67134268537075
2191:63.306,349.2204408817635
2192:62.256,338.5170340681363
2193:57.842,272.56913827655313
2194:60.344,309.2184368737475
2195:66.218,298.12224448897797
2196:60.126,284.4709418837675
2197:57.332,291.90981963927857
2198:62.66,282.9919839679359
2199:60.096,289.73547094188376
2200:57.128,274.4869739478958
2201:61.37,327.064128256513
2202:59.72,369.30861723446895
2203:61.95,340.6833667334669
2204:64.554,352.1202404809619
2205:60.358,399.34869739478955
2206:56.884,275.0080160320641
2207:62.676,319.19839679358716
2208:60.762,305.6452905811623
2209:59.822,262.32665330661325
2210:63.736,325.7595190380762
2211:55.128,235.9579158316633
2212:51.822,220.24649298597194
2213:64.998,342.78957915831666
2214:62.622,319.47895791583164
2215:60.026,277.248496993988
2216:63.894,316.0941883767535
2217:53.83,283.1763527054108
2218:61.188,286.2805611222445
2219:54.352,257.78356713426854
2220:71.752,282.62324649298597
2221:63.632,282.40480961923845
2222:57.334,249.7995991983968
2223:39.512,170.57715430861722
2224:45.004,198.89178356713427
2225:45.762,203.5310621242485
