0:58.13,269.57715430861725
1:56.354,277.1122244488978
2:60.538,312.57715430861725
3:62.15,295.8256513026052
4:45.632,224.67935871743487
5:57.766,289.5571142284569
6:62.932,325.188376753507
7:59.992,356.563126252505
8:60.392,287.64729458917833
9:63.318,298.42084168336675
10:61.498,327.15430861723445
11:61.796,344.89178356713427
12:62.956,321.0821643286573
13:57.772,257.6653306613226
14:60.548,353.064128256513
15:57.646,433.10420841683367
16:59.83,389.71743486973946
17:60.322,359.47895791583164
18:60.746,337.9178356713427
19:60.734,342.61523046092185
20:61.498,303.2324649298597
21:62.744,322.6933867735471
22:63.854,353.1022044088176
23:65.536,334.89579158316633
24:63.926,319.0941883767535
25:62.436,331.56112224448896
26:61.028,392.2805611222445
27:59.986,328.5310621242485
28:61.026,326.0821643286573
29:54.892,430.73346693386776
30:49.114,235.08016032064128
31:58.866,310.3807615230461
32:62.79,312.19839679358716
33:56.336,279.11422845691385
34:62.17,304.33867735470943
35:48.29,239.35871743486973
36:61.524,287.43887775551104
37:63.156,293.71743486973946
38:54.782,252.01002004008015
39:61.886,309.36472945891785
40:60.642,373.5811623246493
41:62.15,374.0681362725451
42:61.808,345.0741482965932
43:58.666,359.03406813627254
44:55.854,430.32264529058114
45:55.704,432.8637274549098
46:62.644,301.39078156312627
47:61.058,358.1482965931864
48:68.026,319.70741482965934
49:62.202,392.434869739479
50:62.314,369.38276553106215
51:61.618,312.02204408817636
52:58.318,327.1683366733467
53:63.564,358.2605210420842
54:62.084,368.38276553106215
55:56.746,391.4068136272545
56:56.338,392.27254509018036
57:53.192,436.31062124248496
58:62.462,381.563126252505
59:51.706,441.9879759519038
60:59.1,368.78957915831666
61:61.648,353.312625250501
62:61.994,378.7595190380762
63:57.4,394.9498997995992
64:60.266,400.80360721442884
65:57.412,421.28456913827654
66:60.032,350.7755511022044
67:58.266,303.05210420841684
68:62.246,340.74549098196394
69:62.742,299.9899799599198
70:55.664,248.65330661322645
71:57.892,267.5551102204409
72:59.006,249.21442885771543
73:57.272,263.1062124248497
74:62.102,264.1583166332665
75:44.352,200.14228456913827
76:58.674,262.5270541082164
77:65.308,298.3547094188377
78:58.55,304.22845691382764
79:52.92,271.09619238476955
80:63.786,293.4268537074148
81:61.432,348.0060120240481
82:63.95,306.6573146292585
83:55.276,231.83366733466934
84:55.442,249.25250501002003
85:60.94,320.40881763527057
86:55.896,253.66533066132266
87:60.226,289.49498997995994
88:59.286,342.9138276553106
89:64.54,332.52104208416836
90:62.902,333.40881763527057
91:60.946,339.67935871743487
92:61.546,338.5170340681363
93:65.008,317.2304609218437
94:57.708,276.5831663326653
95:56.636,440.1563126252505
96:60.624,410.8156312625251
97:58.58,262.4709418837675
98:58.126,285.51503006012024
99:59.36,364.1743486973948
100:55.188,429.6653306613226
101:44.84,481.9559118236473
102:50.934,462.2304609218437
103:59.346,433.0280561122245
104:59.742,373.4709418837675
105:55.602,286.16032064128257
106:59.542,297.8677354709419
107:59.194,316.1663326653307
108:58.802,337.7575150300601
109:47.5,462.8056112224449
110:66.762,361.0841683366734
111:62.184,340.39078156312627
112:63.918,359.0761523046092
113:56.726,399.12825651302603
114:56.302,443.08016032064126
115:65.158,383.4188376753507
116:66.38,342.62525050100203
117:63.202,349.7394789579158
118:56.3,318.6693386773547
119:58.318,262.49498997995994
120:58.922,310.09619238476955
121:58.172,258.0080160320641
122:64.626,323.6012024048096
123:64.772,310.70741482965934
124:57.764,323.434869739479
125:60.39,375.9539078156313
126:60.112,310.1202404809619
127:58.888,282.5450901803607
128:62.314,347.4609218436874
129:57.612,277.79158316633266
130:61.386,305.17835671342687
131:63.302,307.0080160320641
132:56.98,303.1943887775551
133:59.276,335.68937875751504
134:62.186,345.7014028056112
135:58.31,261.0921843687375
136:62.432,312.0060120240481
137:53.824,225.59118236472946
138:61.352,303.9498997995992
139:59.086,325.5470941883768
140:62.558,301.96793587174346
141:60.02,297.6192384769539
142:54.166,249.30460921843687
143:56.756,269.4549098196393
144:54.814,260.0300601202405
145:60.882,341.3046092184369
146:55.864,272.04008016032066
147:58.916,313.60921843687373
148:62.634,307.63527054108215
149:61.302,373.9559118236473
150:62.854,363.0260521042084
151:61.16,352.062124248497
152:59.188,304.1923847695391
153:64.308,306.85971943887773
154:64.57,395.73346693386776
155:61.406,373.12224448897797
156:59.862,351.6192384769539
157:57.91,294.4448897795591
158:63.008,356.06012024048096
159:64.76,372.8797595190381
160:62.442,382.2945891783567
161:64.454,353.22845691382764
162:60.516,359.52104208416836
163:61.468,322.5250501002004
164:62.596,335.25250501002006
165:65.922,314.1943887775551
166:57.816,309.7815631262525
167:58.608,264.27254509018036
168:57.758,256.82164328657313
169:66.668,302.0501002004008
170:60.098,388.9178356713427
171:68.592,371.4909819639279
172:54.766,257.69138276553105
173:67.144,331.53507014028054
174:59.408,356.5811623246493
175:61.352,400.32264529058114
176:59.702,287.186372745491
177:56.412,431.50501002004006
178:59.736,409.96793587174346
179:53.872,454.59118236472943
180:65.286,424.7414829659319
181:59.128,445.74749498997994
182:47.106,486.8056112224449
183:42.91,492.61723446893785
184:55.64,420.76553106212424
185:61.886,352.1683366733467
186:67.616,379.27254509018036
187:61.318,315.74549098196394
188:61.092,307.8056112224449
189:62.192,302.2244488977956
190:58.748,280.70941883767534
191:62.202,253.77955911823648
192:62.656,340.8056112224449
193:58.922,273.8977955911824
194:56.064,260.88577154308615
195:60.23,275.2605210420842
196:61.32,258.2805611222445
197:51.192,245.39679358717436
198:53.932,261.67334669338675
199:62.114,326.19038076152304
200:58.768,394.87575150300603
201:57.052,280.27054108216436
202:61.856,262.7054108216433
203:58.548,273.4629258517034
204:61.596,276.71543086172346
205:55.51,318.1643286573146
206:57.598,253.75751503006012
207:59.934,265.7855711422846
208:56.438,264.85370741482967
209:61.028,313.3947895791583
210:63.78,288.87775551102203
211:57.506,290.2945891783567
212:60.996,277.13426853707415
213:60.286,352.0921843687375
214:63.726,335.05210420841684
215:60.938,343.89178356713427
216:65.162,384.3046092184369
217:63.534,341.0821643286573
218:55.286,270.60721442885773
219:63.886,315.30260521042084
220:54.698,242.9178356713427
221:62.08,273.7374749498998
222:64.232,318.17835671342687
223:54.918,238.41482965931863
224:60.328,260.46693386773546
225:50.14,226.11823647294588
226:54.378,255.32865731462925
227:43.87,181.4689378757515
228:55.308,238.56513026052104
229:50.942,225.67134268537075
230:54.764,252.67935871743487
231:58.738,268.82965931863725
232:45.946,203.51503006012024
233:59.434,307.1102204408818
234:58.558,303.1122244488978
235:33.448,147.15030060120242
236:66.7,274.61723446893785
237:56.708,267.53306613226454
238:56.712,285.93987975951904
239:55.664,240.33466933867734
240:56.304,251.47094188376752
241:60.002,321.1683366733467
242:56.052,266.28456913827654
243:64.114,342.8617234468938
244:47.184,197.5310621242485
245:59.288,312.67735470941886
246:63.292,323.8517034068136
247:54.07,237.7815631262525
248:46.704,214.03406813627254
249:55.656,253.7735470941884
250:61.772,328.4929859719439
251:51.936,228.28056112224448
252:64.736,317.75551102204406
253:54.112,234.52304609218436
254:57.06,286.67735470941886
255:63.948,299.61723446893785
256:61.62,281.1182364729459
257:62.502,265.0200400801603
258:55.726,261.4929859719439
259:59.454,343.1382765531062
260:61.338,336.40480961923845
261:66.998,347.7054108216433
262:64.768,320.49498997995994
263:54.43,250.40080160320642
264:55.962,270.83967935871743
265:59.598,295.31062124248496
266:60.652,275.4148296593186
267:57.828,289.5290581162325
268:59.058,287.87374749498997
269:62.874,332.687374749499
270:59.49,271.9458917835671
271:63.96,326.6012024048096
272:61.65,354.85971943887773
273:60.956,320.1022044088176
274:58.388,280.97595190380764
275:60.552,260.88577154308615
276:59.418,296.02404809619236
277:52.992,278.02404809619236
278:60.146,271.14629258517033
279:61.324,363.42885771543087
280:61.24,324.2404809619238
281:61.906,352.8376753507014
282:63.43,356.97795591182364
283:55.976,263.08817635270543
284:58.716,263.39078156312627
285:62.536,294.2044088176353
286:59.322,379.5470941883768
287:52.864,276.57114228456913
288:60.446,282.14228456913827
289:58.778,308.0440881763527
290:61.7,302.31062124248496
291:63.228,298.62525050100203
292:66.992,352.2144288577154
293:60.87,366.062124248497
294:59.148,424.6372745490982
295:60.412,409.01603206412824
296:61.646,398.8617234468938
297:62.858,344.4889779559118
298:65.582,345.36673346693385
299:63.072,372.2324649298597
300:66.524,357.7034068136273
301:56.222,265.3627254509018
302:58.288,313.3046092184369
303:57.9,303.565130260521
304:63.278,376.55110220440883
305:61.93,359.6492985971944
306:58.666,362.80961923847696
307:60.978,317.75350701402806
308:61.554,357.5090180360721
309:52.656,258.7695390781563
310:60.474,339.2565130260521
311:55.03,279.04008016032066
312:60.292,341.73346693386776
313:57.512,278.0380761523046
314:56.906,299.8937875751503
315:58.522,394.9238476953908
316:59.072,300.811623246493
317:59.544,284.5070140280561
318:64.416,298.34068136272543
319:56.354,417.65130260521045
320:59.506,364.51503006012024
321:57.606,335.03206412825654
322:63.178,344.08817635270543
323:62.258,264.2204408817635
324:60.924,360.5170340681363
325:66.108,360.0761523046092
326:63.404,333.28456913827654
327:63.078,321.1362725450902
328:60.14,306.92985971943887
329:55.74,258.07214428857714
330:55.142,322.9819639278557
331:65.612,368.4448897795591
332:64.35,340.2244488977956
333:58.178,387.53507014028054
334:61.208,334.6192384769539
335:59.608,341.7755511022044
336:58.6,403.8496993987976
337:64.934,339.0380761523046
338:56.162,258.6753507014028
339:55.406,249.09819639278558
340:59.026,360.90180360721445
341:54.152,305.11623246492985
342:56.124,267.9539078156313
343:58.162,281.49699398797594
344:48.044,230.7254509018036
345:59.096,320.96793587174346
346:61.55,304.35671342685373
347:57.5,294.35871743486973
348:56.984,273.46492985971946
349:51.344,240.74749498997997
350:52.548,232.23847695390782
351:54.33,249.07014028056113
352:59.544,284.90180360721445
353:61.102,335.5991983967936
354:59.91,316.3246492985972
355:41.796,197.1002004008016
356:55.714,258.0360721442886
357:58.902,293.93987975951904
358:49.996,233.2565130260521
359:51.904,262.2204408817635
360:56.63,248.4308617234469
361:53.778,242.28456913827657
362:45.124,231.43887775551102
363:58.47,291.8156312625251
364:62.746,345.0360721442886
365:56.638,263.92184368737475
366:54.272,268.8797595190381
367:52.634,291.81963927855713
368:62.88,334.1583166332665
369:59.746,296.70941883767534
370:58.654,291.2805611222445
371:53.826,257.89178356713427
372:57.846,276.53507014028054
373:59.474,287.1503006012024
374:62.29,318.27054108216436
375:60.022,269.1843687374749
376:53.788,247.44088176352705
377:65.148,294.04008016032066
378:54.592,237.7695390781563
379:55.88,257.69138276553105
380:51.458,245.3887775551102
381:58.134,312.56112224448896
382:62.566,275.8617234468938
383:60.27,313.12625250501003
384:48.008,234.93587174348698
385:54.77,252.17034068136272
386:49.37,220.47294589178355
387:53.698,242.79158316633266
388:53.524,241.7875751503006
389:46.436,182.65931863727454
390:51.062,249.51703406813627
391:52.7,227.72945891783567
392:54.122,236.91382765531063
393:51.51,230.84769539078155
394:43.76,181.42084168336675
395:48.15,197.28056112224448
396:55.248,243.71943887775552
397:53.018,244.82164328657313
398:46.718,207.95991983967937
399:52.554,235.01402805611224
400:50.122,224.9579158316633
401:50.67,236.88176352705412
402:55.036,305.4909819639279
403:58.1,247.04408817635272
404:48.062,225.87374749498997
405:57.614,261.6933867735471
406:61.058,316.71543086172346
407:59.002,330.63527054108215
408:59.018,331.8356713426854
409:50.61,241.67935871743487
410:53.368,283.813627254509
411:49.37,232.43887775551102
412:58.488,350.6312625250501
413:55.736,401.2024048096192
414:50.918,223.93987975951904
415:51.864,258.65130260521045
416:57.996,274.43086172344687
417:56.016,252.69539078156313
418:64.994,366.4869739478958
419:60.32,274.8236472945892
420:44.622,192.124248496994
421:51.482,226.45891783567134
422:35.81,163.73947895791582
423:50.75,240.10220440881764
424:52.148,217.47895791583167
425:42.614,179.59118236472946
426:52.286,229.41683366733466
427:57.174,392.7234468937876
428:51.672,225.8877755511022
429:59.378,368.0120240480962
430:60.272,303.70941883767534
431:63.062,328.96593186372746
432:52.388,243.19038076152304
433:58.83,330.50501002004006
434:65.256,308.2885771543086
435:55.568,218.54108216432866
436:44.896,210.51102204408818
437:50.53,204.57114228456913
438:44.582,204.8056112224449
439:45.212,184.7134268537074
440:60.996,268.0480961923848
441:43.812,179.1382765531062
442:47.302,231.7875751503006
443:43.76,188.27855711422845
444:57.1,259.01402805611224
445:38.45,172.4188376753507
446:54.528,238.1803607214429
447:52.088,231.7875751503006
448:49.732,222.69739478957916
449:53.898,250.92785571142284
450:56.702,241.97795591182364
451:55.218,246.27254509018036
452:51.022,223.77955911823648
453:56.756,262.37274549098197
454:50.324,214.73947895791582
455:52.76,214.01202404809618
456:50.792,227.66933867735472
457:55.396,251.95190380761522
458:49.972,244.2925851703407
459:64.698,288.6392785571142
460:55.042,264.8997995991984
461:50.616,216.36072144288576
462:36.668,157.17835671342687
463:59.354,302.94188376753505
464:64.38,363.687374749499
465:66.14,307.6052104208417
466:60.998,308.9519038076152
467:57.71,281.1643286573146
468:51.188,231.75751503006012
469:48.57,223.91382765531063
470:54.136,229.24649298597194
471:59.856,268.2224448897796
472:58.476,294.95991983967934
473:46.704,232.60921843687376
474:55.912,298.27054108216436
475:61.706,281.1623246492986
476:72.746,343.6012024048096
477:58.138,322.80160320641284
478:64.472,291.0
479:62.07,360.2565130260521
480:65.098,333.064128256513
481:64.394,334.6933867735471
482:60.728,360.14629258517033
483:62.192,339.1302605210421
484:58.052,286.749498997996
485:60.862,352.6132264529058
486:60.48,367.5470941883768
487:57.648,286.95791583166334
488:58.846,282.41082164328657
489:67.416,294.09619238476955
490:61.208,395.312625250501
491:65.498,363.2805611222445
492:55.654,244.74749498997997
493:55.256,264.01603206412824
494:62.524,284.58917835671343
495:61.274,327.9338677354709
496:66.684,330.0541082164329
497:64.018,333.2565130260521
498:62.14,337.85971943887773
499:50.24,248.94589178356713
500:57.088,272.62324649298597
501:59.936,266.2765531062124
502:59.656,343.62525050100203
503:57.376,255.4188376753507
504:61.946,378.9559118236473
505:64.046,315.9078156312625
506:63.404,298.55310621242484
507:60.462,324.687374749499
508:52.332,452.2785571142285
509:59.072,392.2745490981964
510:57.942,381.5490981963928
511:57.016,325.81963927855713
512:58.822,352.5751503006012
513:64.574,352.0761523046092
514:63.21,339.0120240480962
515:59.626,318.09819639278555
516:61.056,381.4609218436874
517:58.972,279.50300601202406
518:58.42,289.80160320641284
519:61.624,349.1302605210421
520:57.018,346.73547094188376
521:60.466,298.67735470941886
522:62.994,357.5110220440882
523:65.996,327.80160320641284
524:61.708,286.14629258517033
525:58.538,307.0280561122245
526:64.33,322.60320641282567
527:59.072,312.3186372745491
528:59.544,344.0501002004008
529:51.928,245.4809619238477
530:57.76,308.9318637274549
531:58.316,272.935871743487
532:63.672,320.36472945891785
533:56.396,311.43887775551104
534:56.144,271.70941883767534
535:58.996,287.09018036072143
536:63.366,304.74549098196394
537:56.858,310.8637274549098
538:49.438,223.14028056112224
539:58.29,272.9899799599198
540:63.886,307.60320641282567
541:63.982,387.5871743486974
542:59.066,318.80160320641284
543:61.82,298.19839679358716
544:57.332,267.30260521042084
545:58.16,282.7775551102204
546:67.088,330.4268537074148
547:45.382,194.24248496993988
548:50.386,204.02805611222445
549:48.794,223.8316633266533
550:60.472,337.24448897795594
551:50.182,241.32264529058116
552:53.102,249.38276553106212
553:59.482,315.3607214428858
554:55.72,263.83967935871743
555:55.262,273.3446893787575
556:48.518,206.01603206412827
557:41.356,177.57715430861722
558:44.722,210.38677354709418
559:50.262,212.64529058116233
560:55.534,293.7394789579158
561:59.366,333.76352705410824
562:60.3,301.2204408817635
563:57.268,307.76352705410824
564:53.778,259.7995991983968
565:65.156,324.40480961923845
566:59.528,262.5290581162325
567:54.452,253.84969939879758
568:52.804,251.19839679358716
569:64.568,292.1002004008016
570:58.988,273.2024048096192
571:57.344,255.80160320641284
572:59.596,290.3507014028056
573:47.382,236.0681362725451
574:57.338,267.8156312625251
575:50.968,238.66332665330663
576:48.146,217.0320641282565
577:40.116,159.33066132264528
578:48.898,242.2304609218437
579:57.374,293.9719438877755
580:62.136,294.7134268537074
581:61.186,288.91182364729457
582:51.646,240.41683366733466
583:60.034,318.56913827655313
584:61.834,302.4689378757515
585:53.762,246.26452905811624
586:54.07,320.5811623246493
587:56.242,255.2004008016032
588:58.012,349.65130260521045
589:59.596,278.28256513026054
590:54.182,258.3607214428858
591:57.55,290.48496993987976
592:49.276,240.75350701402806
593:53.942,242.03006012024048
594:57.806,241.7735470941884
595:52.838,257.3607214428858
596:53.288,247.83567134268537
597:59.436,252.76152304609218
598:57.148,290.3426853707415
599:41.888,182.55911823647295
600:42.384,202.12825651302606
601:43.108,183.99799599198397
602:54.528,264.3246492985972
603:59.07,286.85771543086173
604:54.812,246.64529058116233
605:52.726,273.4448897795591
606:62.458,333.57715430861725
607:60.396,323.9338677354709
608:59.052,343.2044088176353
609:57.72,257.0561122244489
610:53.978,333.18036072144287
611:64.18,324.1743486973948
612:62.538,324.9699398797595
613:59.708,267.62525050100203
614:47.648,224.50901803607215
615:58.588,297.57114228456913
616:57.918,310.6212424849699
617:59.65,288.6573146292585
618:62.676,361.82164328657313
619:58.998,302.4268537074148
620:52.064,239.62124248496994
621:55.206,266.43086172344687
622:61.318,351.01603206412824
623:58.61,322.5290581162325
624:61.97,312.94789579158316
625:58.058,278.0280561122245
626:57.472,287.87775551102203
627:62.714,354.7014028056112
628:56.354,330.59519038076155
629:57.372,291.2605210420842
630:60.698,327.563126252505
631:55.726,275.4268537074148
632:57.64,389.78356713426854
633:58.768,301.99599198396794
634:57.524,367.5931863727455
635:58.474,349.4729458917836
636:60.942,326.2565130260521
637:54.048,402.7414829659319
638:49.548,465.7695390781563
639:61.57,396.4128256513026
640:63.262,366.65130260521045
641:55.56,274.44088176352705
642:62.516,352.6953907815631
643:56.116,312.9559118236473
644:60.44,300.72945891783564
645:60.566,312.88376753507015
646:59.376,281.09619238476955
647:58.144,338.68937875751504
648:52.07,248.10220440881764
649:57.686,274.19839679358716
650:61.38,288.34869739478955
651:56.57,276.40480961923845
652:54.924,317.1823647294589
653:60.238,384.64128256513027
654:61.098,279.7234468937876
655:60.736,308.06012024048096
656:55.728,321.8176352705411
657:59.882,286.9338677354709
658:63.744,357.36673346693385
659:63.202,302.8637274549098
660:54.074,257.11623246492985
661:57.782,269.44088176352705
662:59.994,305.6813627254509
663:55.574,272.35671342685373
664:59.286,289.565130260521
665:61.392,343.0060120240481
666:51.654,450.0561122244489
667:47.14,454.30260521042084
668:58.35,349.99799599198394
669:62.512,344.55310621242484
670:58.012,407.7955911823647
671:46.328,480.69138276553105
672:66.042,338.6372745490982
673:58.466,350.12825651302603
674:51.858,455.2945891783567
675:61.728,325.26653306613224
676:59.244,290.7935871743487
677:60.728,300.7695390781563
678:58.668,300.22645290581164
679:57.964,282.09018036072143
680:60.214,275.8356713426854
681:49.894,229.53907815631263
682:57.024,297.1182364729459
683:59.492,272.21643286573146
684:58.844,277.97795591182364
685:56.772,285.2324649298597
686:53.942,266.0861723446894
687:62.124,309.44689378757516
688:61.6,315.99799599198394
689:62.998,355.85370741482967
690:64.576,370.39278557114227
691:61.418,333.3987975951904
692:46.106,208.6813627254509
693:55.36,266.0260521042084
694:56.506,291.85971943887773
695:59.314,312.43887775551104
696:52.634,241.2304609218437
697:49.022,223.08416833667334
698:41.74,205.7254509018036
699:51.602,245.17434869739478
700:58.72,340.4328657314629
701:56.572,310.436873747495
702:49.904,226.15430861723448
703:53.652,228.3627254509018
704:44.814,228.90180360721442
705:56.458,305.9639278557114
706:60.032,278.5991983967936
707:59.712,269.6953907815631
708:58.012,272.26653306613224
709:54.034,273.6813627254509
710:59.914,288.94188376753505
711:56.724,290.9819639278557
712:54.616,289.1823647294589
713:57.044,314.2224448897796
714:49.948,208.01603206412827
715:54.718,246.14028056112224
716:49.642,231.75350701402806
717:54.314,296.8236472945892
718:55.51,248.1302605210421
719:50.912,264.1623246492986
720:36.202,154.6813627254509
721:62.288,299.8176352705411
722:57.926,254.99198396793588
723:54.58,246.2925851703407
724:52.654,252.6813627254509
725:55.884,279.39679358717433
726:41.384,171.75150300601203
727:51.47,245.374749498998
728:56.074,303.4749498997996
729:51.296,242.83967935871743
730:55.352,264.8356713426854
731:55.964,259.64128256513027
732:55.19,257.09619238476955
733:55.968,264.8977955911824
734:58.886,286.064128256513
735:56.028,255.0561122244489
736:59.224,278.8677354709419
737:51.508,256.7595190380762
738:54.806,259.0921843687375
739:55.2,272.18036072144287
740:61.064,264.00200400801606
741:61.526,330.59719438877755
742:53.646,264.3446893787575
743:52.59,223.87174348697394
744:49.438,219.99198396793588
745:51.03,227.1002004008016
746:61.282,321.0100200400802
747:57.79,322.4008016032064
748:59.496,301.0861723446894
749:61.61,363.6553106212425
750:57.89,425.4268537074148
751:58.882,379.1763527054108
752:60.126,346.75350701402806
753:58.252,279.4749498997996
754:61.742,303.0861723446894
755:56.974,262.685370741483
756:54.004,260.5170340681363
757:59.34,264.6653306613226
758:60.57,281.8416833667335
759:60.872,320.51503006012024
760:52.942,208.7254509018036
761:54.064,230.32264529058116
762:68.57,335.32064128256513
763:61.65,305.1623246492986
764:61.388,316.05210420841684
765:58.498,286.82765531062125
766:63.768,311.9519038076152
767:66.19,346.8376753507014
768:60.882,381.4428857715431
769:61.814,316.61723446893785
770:62.492,298.17034068136275
771:48.79,240.96993987975952
772:60.72,370.0661322645291
773:61.014,313.40280561122245
774:63.328,326.5310621242485
775:50.59,215.54909819639278
776:57.69,286.4428857715431
777:58.772,310.1122244488978
778:54.462,254.8697394789579
779:56.744,277.3326653306613
780:60.186,384.46693386773546
781:63.424,393.57915831663325
782:64.352,348.34068136272543
783:63.026,392.30260521042084
784:57.866,358.935871743487
785:58.848,383.2184368737475
786:60.92,345.4749498997996
787:62.522,307.9619238476954
788:48.406,232.59919839679358
789:50.556,238.4749498997996
790:57.426,280.97595190380764
791:51.076,234.2264529058116
792:48.786,216.0060120240481
793:57.73,269.749498997996
794:55.928,259.03206412825654
795:58.628,260.7595190380762
796:55.782,263.3867735470942
797:59.048,342.5490981963928
798:53.222,238.09018036072143
799:58.732,279.55310621242484
800:61.622,298.65130260521045
801:59.808,320.19639278557116
802:51.912,244.81362725450902
803:49.548,229.01202404809618
804:56.798,278.5991983967936
805:55.234,275.46492985971946
806:56.892,280.937875751503
807:55.592,265.8376753507014
808:60.268,384.1442885771543
809:59.19,287.0541082164329
810:59.596,330.563126252505
811:59.478,370.37474949899797
812:59.102,366.10821643286573
813:61.968,288.50300601202406
814:49.0,248.49699398797594
815:56.886,254.38276553106212
816:64.17,382.2384769539078
817:61.556,338.9318637274549
818:55.852,340.7755511022044
819:62.708,322.72945891783564
820:62.364,334.75350701402806
821:61.162,355.32865731462925
822:55.224,434.2184368737475
823:55.142,307.5571142284569
824:55.294,404.87174348697397
825:57.958,331.1122244488978
826:58.782,332.89178356713427
827:56.07,410.21643286573146
828:62.338,410.7855711422846
829:60.26,335.51503006012024
830:60.57,287.2785571142285
831:55.632,245.9498997995992
832:60.7,263.3366733466934
833:58.496,280.9078156312625
834:55.284,251.4689378757515
835:56.134,273.2064128256513
836:58.91,364.2585170340681
837:64.072,301.813627254509
838:59.842,362.30060120240483
839:63.806,346.55310621242484
840:59.672,314.13426853707415
841:54.714,371.1382765531062
842:61.748,270.2424849699399
843:59.312,402.04008016032066
844:63.866,394.35270541082167
845:64.568,333.9438877755511
846:65.298,329.5470941883768
847:59.516,360.4148296593186
848:62.512,331.1202404809619
849:57.512,384.5290581162325
850:52.206,424.9739478957916
851:49.192,473.92985971943887
852:60.244,369.59118236472943
853:59.576,331.3687374749499
854:60.57,355.95791583166334
855:59.526,352.3246492985972
856:56.36,324.7114228456914
857:60.646,372.82965931863725
858:56.502,313.73547094188376
859:60.984,298.0921843687375
860:59.36,290.9719438877755
861:46.092,214.61723446893788
862:49.558,236.55310621242484
863:56.788,262.71743486973946
864:58.874,268.2244488977956
865:47.61,228.0420841683367
866:54.042,282.1062124248497
867:60.458,370.43887775551104
868:63.414,334.65330661322645
869:56.196,357.811623246493
870:66.058,383.9799599198397
871:60.126,299.4709418837675
872:59.282,304.0280561122245
873:62.248,358.6633266533066
874:61.95,330.5310621242485
875:60.554,315.9158316633266
876:65.026,358.12224448897797
877:63.922,327.2585170340681
878:56.86,269.1482965931864
879:62.082,360.37274549098197
880:59.296,321.0440881763527
881:61.854,354.3787575150301
882:57.946,338.4529058116232
883:56.766,324.687374749499
884:61.016,390.2605210420842
885:47.57,459.3787575150301
886:66.212,369.6112224448898
887:60.346,380.78957915831666
888:59.43,423.7374749498998
889:58.662,328.73346693386776
890:59.558,250.0821643286573
891:53.23,288.60721442885773
892:60.918,287.97795591182364
893:56.65,321.77154308617236
894:57.588,276.68937875751504
895:58.242,289.0260521042084
896:55.336,316.7955911823647
897:50.052,261.88376753507015
898:60.074,315.1122244488978
899:64.914,295.52304609218436
900:54.124,241.42685370741484
901:55.638,254.89178356713427
902:47.398,217.90180360721442
903:60.616,309.82765531062125
904:55.8,282.2024048096192
905:61.068,300.9539078156313
906:62.106,368.1943887775551
907:60.43,375.6452905811623
908:56.436,333.4709418837675
909:62.11,338.5571142284569
910:63.472,404.0380761523046
911:63.708,368.6753507014028
912:63.962,302.8256513026052
913:63.17,312.13426853707415
914:57.572,391.44889779559117
915:56.89,260.2765531062124
916:58.604,306.4809619238477
917:55.79,272.32865731462925
918:57.122,317.17835671342687
919:65.272,358.7194388777555
920:59.722,391.4328657314629
921:58.404,311.0741482965932
922:62.5,288.66132264529057
923:60.55,354.3366733466934
924:63.452,327.5290581162325
925:62.306,346.34669338677355
926:60.388,271.8817635270541
927:57.14,279.7114228456914
928:56.52,394.2224448897796
929:63.554,372.89178356713427
930:60.776,414.77354709418836
931:58.58,301.44088176352705
932:59.104,345.5170340681363
933:63.956,360.88577154308615
934:58.854,277.4689378757515
935:58.714,284.91983967935874
936:62.586,284.95791583166334
937:55.132,279.4428857715431
938:53.95,233.42084168336675
939:55.304,266.6633266533066
940:65.586,332.30060120240483
941:54.568,285.44088176352705
942:62.554,328.43086172344687
943:59.796,333.84569138276555
944:54.624,306.2985971943888
945:55.622,253.18637274549098
946:52.322,231.3246492985972
947:56.75,222.95190380761522
948:57.712,253.78557114228457
949:58.158,304.40280561122245
950:59.228,277.29058116232466
951:57.176,273.32264529058114
952:58.716,263.3707414829659
953:65.19,339.58917835671343
954:65.03,372.60320641282567
955:61.374,353.7815631262525
956:61.976,320.03406813627254
957:64.53,347.0300601202405
958:63.046,335.74749498997994
959:65.372,344.7935871743487
960:55.358,320.9539078156313
961:52.62,253.35270541082164
962:54.728,233.7695390781563
963:51.158,242.27855711422845
964:62.044,342.5931863727455
965:61.33,313.4148296593186
966:65.994,324.6132264529058
967:57.32,294.0941883767535
968:62.992,361.85370741482967
969:56.756,253.94589178356713
970:53.59,242.5050100200401
971:61.72,327.6553106212425
972:65.696,337.1683366733467
973:58.678,295.7875751503006
974:63.522,332.9438877755511
975:55.51,303.4509018036072
976:57.368,378.44689378757516
977:64.21,275.24448897795594
978:57.158,383.6312625250501
979:59.5,350.6673346693387
980:63.154,347.6553106212425
981:65.694,380.7955911823647
982:64.186,288.08016032064126
983:59.122,309.5090180360721
984:56.486,235.33867735470943
985:64.662,354.69138276553105
986:60.102,292.7114228456914
987:58.392,394.0120240480962
988:54.204,415.2124248496994
989:63.146,354.94188376753505
990:57.09,296.14629258517033
991:62.336,297.7695390781563
992:68.494,352.77154308617236
993:60.708,363.250501002004
994:63.466,409.26452905811624
995:58.632,283.8336673346693
996:63.364,368.7434869739479
997:58.576,311.04208416833666
998:62.754,348.5070140280561
999:63.168,391.4629258517034
1000:63.388,334.5751503006012
1001:60.91,321.39278557114227
1002:60.552,330.30861723446895
1003:62.074,334.0300601202405
1004:56.776,343.12825651302603
1005:65.606,297.65130260521045
1006:62.638,335.5490981963928
1007:61.45,302.1583166332665
1008:57.632,271.00400801603206
1009:53.72,259.3707414829659
1010:52.212,228.23446893787576
1011:57.82,265.46693386773546
1012:62.362,306.34669338677355
1013:67.206,288.9078156312625
1014:61.772,323.8416833667335
1015:61.782,301.70941883767534
1016:64.42,289.36673346693385
1017:62.708,280.32064128256513
1018:60.952,296.9078156312625
1019:53.264,221.9759519038076
1020:62.012,280.30861723446895
1021:51.888,211.48897795591182
1022:62.064,279.248496993988
1023:59.168,278.89178356713427
1024:56.596,279.73547094188376
1025:42.902,177.75751503006012
1026:57.048,269.92985971943887
1027:56.422,242.01402805611224
1028:62.428,281.7675350701403
1029:63.506,287.10821643286573
1030:61.034,339.9919839679359
1031:60.696,269.8817635270541
1032:65.89,303.501002004008
1033:58.538,320.4709418837675
1034:58.4,310.50300601202406
1035:62.584,340.0360721442886
1036:56.656,307.8517034068136
1037:60.542,358.9699398797595
1038:60.782,322.7374749498998
1039:53.198,270.19839679358716
1040:60.288,292.2865731462926
1041:49.732,246.7074148296593
1042:53.436,243.98396793587173
1043:47.942,207.28857715430863
1044:58.346,285.76352705410824
1045:57.21,297.2625250501002
1046:61.276,273.811623246493
1047:63.85,351.30861723446895
1048:60.49,285.09819639278555
1049:60.648,289.15430861723445
1050:62.622,323.1062124248497
1051:56.686,254.16633266533066
1052:47.5,206.96993987975952
1053:60.048,334.4128256513026
1054:59.834,359.99799599198394
1055:60.762,301.8617234468938
1056:64.836,366.7034068136273
1057:62.082,398.22645290581164
1058:59.1,296.3426853707415
1059:66.392,367.22645290581164
1060:65.204,324.5070140280561
1061:61.738,332.27254509018036
1062:64.668,303.4248496993988
1063:63.634,338.06012024048096
1064:61.05,324.5270541082164
1065:60.376,360.76553106212424
1066:60.422,309.7374749498998
1067:63.426,325.92184368737475
1068:57.038,314.58917835671343
1069:65.916,313.8977955911824
1070:57.044,287.82164328657313
1071:53.578,231.1202404809619
1072:61.82,330.89178356713427
1073:66.138,274.8176352705411
1074:58.088,289.12424849699397
1075:62.594,303.4729458917836
1076:55.286,266.70741482965934
1077:60.574,274.69138276553105
1078:63.276,316.3246492985972
1079:55.624,276.80160320641284
1080:54.198,262.39078156312627
1081:56.912,273.39679358717433
1082:56.53,260.7414829659319
1083:62.478,316.02404809619236
1084:53.348,263.0821643286573
1085:61.824,333.79158316633266
1086:58.064,282.76352705410824
1087:44.946,205.08416833667334
1088:37.556,154.6753507014028
1089:50.55,229.89178356713427
1090:62.338,269.21643286573146
1091:49.778,212.44288577154308
1092:54.36,240.49699398797594
1093:54.384,238.35871743486973
1094:49.266,234.38276553106212
1095:56.494,326.2124248496994
1096:55.416,279.9238476953908
1097:60.426,287.95791583166334
1098:36.856,158.42885771543087
1099:43.91,182.52905811623248
1100:54.264,239.49899799599197
1101:56.298,314.30260521042084
1102:59.258,298.9879759519038
1103:64.308,366.064128256513
1104:60.124,388.064128256513
1105:61.202,379.8256513026052
1106:64.366,370.12424849699397
1107:59.132,317.1643286573146
1108:61.38,319.9539078156313
1109:63.586,354.97595190380764
1110:62.54,344.31062124248496
1111:60.62,304.5731462925852
1112:58.142,313.6573146292585
1113:60.816,344.687374749499
1114:62.328,403.6212424849699
1115:62.826,345.0821643286573
1116:55.848,447.1482965931864
1117:58.948,412.0120240480962
1118:60.846,339.85971943887773
1119:57.302,349.44088176352705
1120:56.836,397.3787575150301
1121:58.116,340.9639278557114
1122:57.572,399.7214428857715
1123:57.994,397.0741482965932
1124:59.62,305.434869739479
1125:60.07,352.7194388777555
1126:57.812,368.61723446893785
1127:54.596,243.6753507014028
1128:58.552,325.78957915831666
1129:57.162,317.14629258517033
1130:55.604,401.95791583166334
1131:62.632,349.64128256513027
1132:50.458,231.50901803607215
1133:60.62,329.4168336673347
1134:61.318,314.4729458917836
1135:60.658,334.37474949899797
1136:63.51,316.83967935871743
1137:63.602,319.50501002004006
1138:55.234,416.56112224448896
1139:58.334,383.61723446893785
1140:63.098,366.79158316633266
1141:59.712,304.44889779559117
1142:61.958,366.7194388777555
1143:55.504,283.35270541082167
1144:57.89,317.9498997995992
1145:54.164,277.94188376753505
1146:56.918,293.6292585170341
1147:57.552,306.35671342685373
1148:63.156,328.63527054108215
1149:56.528,418.2605210420842
1150:56.974,343.3426853707415
1151:45.718,476.0561122244489
1152:60.966,357.11422845691385
1153:54.096,406.22645290581164
1154:57.988,371.19839679358716
1155:57.772,369.61723446893785
1156:57.522,400.75551102204406
1157:57.632,414.0941883767535
1158:58.9,392.687374749499
1159:59.076,366.8236472945892
1160:58.94,311.1663326653307
1161:64.436,422.2184368737475
1162:60.25,390.2605210420842
1163:50.94,451.7975951903808
1164:61.342,361.811623246493
1165:59.564,408.39078156312627
1166:59.518,398.0841683366734
1167:60.618,349.9719438877755
1168:60.324,399.6553106212425
1169:53.168,428.751503006012
1170:55.658,421.87775551102203
1171:50.038,455.37474949899797
1172:47.874,468.8496993987976
1173:46.272,465.85370741482967
1174:48.622,463.62725450901803
1175:44.146,475.12224448897797
1176:60.702,361.6833667334669
1177:58.874,402.13426853707415
1178:52.59,456.54108216432866
1179:46.744,454.8156312625251
1180:56.812,414.2965931863727
1181:55.536,431.2244488977956
1182:54.73,439.37274549098197
1183:55.778,375.53507014028054
1184:58.582,354.39078156312627
1185:63.49,399.7314629258517
1186:59.46,375.565130260521
1187:54.57,415.42885771543087
1188:57.574,386.0741482965932
1189:54.342,426.6933867735471
1190:69.026,328.8937875751503
1191:58.146,406.90180360721445
1192:52.202,422.95991983967934
1193:61.068,363.35270541082167
1194:44.56,482.7815631262525
1195:54.974,445.1062124248497
1196:56.568,435.82164328657313
1197:61.448,350.82965931863725
1198:64.392,373.29058116232466
1199:60.046,378.5290581162325
1200:54.014,344.36472945891785
1201:63.7,304.2324649298597
1202:60.548,389.49699398797594
1203:55.408,359.11422845691385
1204:53.836,405.92985971943887
1205:55.734,431.0501002004008
1206:52.25,433.6833667334669
1207:63.6,353.4549098196393
1208:56.262,392.8336673346693
1209:59.818,375.95991983967934
1210:57.728,352.98597194388776
1211:57.942,364.937875751503
1212:57.492,423.8817635270541
1213:58.578,388.43887775551104
1214:56.432,348.75551102204406
1215:63.858,379.12825651302603
1216:56.296,294.77154308617236
1217:54.478,440.2765531062124
1218:60.258,373.5270541082164
1219:57.088,404.6192384769539
1220:57.22,391.8617234468938
1221:58.15,378.07214428857714
1222:58.264,350.7675350701403
1223:62.47,371.2765531062124
1224:63.76,370.4629258517034
1225:59.436,378.2184368737475
1226:59.434,384.88376753507015
1227:62.072,305.60921843687373
1228:59.538,349.749498997996
1229:65.33,325.5470941883768
1230:61.712,404.2885771543086
1231:55.426,253.0
1232:60.1,311.34869739478955
1233:58.504,329.57915831663325
1234:63.234,298.8797595190381
1235:58.242,305.7054108216433
1236:57.768,272.20841683366734
1237:61.284,330.7034068136273
1238:56.822,392.13426853707415
1239:57.198,271.2605210420842
1240:61.656,371.32264529058114
1241:54.458,312.25250501002006
1242:57.99,322.811623246493
1243:58.758,318.7254509018036
1244:59.044,264.85771543086173
1245:58.682,285.7194388777555
1246:57.756,300.35270541082167
1247:52.506,288.0380761523046
1248:52.914,232.46693386773546
1249:64.932,352.2124248496994
1250:61.672,345.40280561122245
1251:56.886,327.82164328657313
1252:61.202,327.9899799599198
1253:58.212,367.53507014028054
1254:59.714,425.8156312625251
1255:56.186,403.99799599198394
1256:54.632,403.70741482965934
1257:58.962,392.36472945891785
1258:62.928,363.2785571142285
1259:63.75,364.0
1260:59.344,376.02404809619236
1261:62.716,329.87374749498997
1262:61.126,405.62725450901803
1263:60.952,332.2064128256513
1264:57.088,304.7034068136273
1265:60.444,321.99799599198394
1266:62.012,371.80961923847696
1267:59.236,343.0180360721443
1268:59.338,360.2565130260521
1269:61.002,321.3947895791583
1270:57.996,318.062124248497
1271:62.748,337.69739478957916
1272:59.788,316.20841683366734
1273:62.464,382.434869739479
1274:62.802,330.43086172344687
1275:54.256,289.1743486973948
1276:61.126,297.6693386773547
1277:58.256,320.9158316633266
1278:59.05,289.41082164328657
1279:58.566,335.35871743486973
1280:64.002,306.062124248497
1281:58.694,358.89579158316633
1282:58.45,407.1563126252505
1283:56.826,371.15430861723445
1284:59.298,355.1182364729459
1285:57.748,373.99599198396794
1286:60.4,337.1302605210421
1287:58.354,370.59519038076155
1288:63.132,322.69138276553105
1289:57.934,335.39679358717433
1290:62.182,347.92184368737475
1291:59.576,308.49699398797594
1292:61.158,348.4929859719439
1293:66.306,368.7815631262525
1294:54.532,419.9539078156313
1295:58.084,370.8156312625251
1296:52.998,455.8697394789579
1297:57.1,355.2124248496994
1298:51.28,261.55110220440883
1299:61.052,356.6452905811623
1300:60.582,385.10821643286573
1301:63.09,345.7675350701403
1302:60.946,316.2985971943888
1303:57.118,268.0841683366734
1304:65.412,381.5811623246493
1305:60.122,322.90180360721445
1306:58.564,319.34068136272543
1307:61.146,354.31062124248496
1308:63.472,359.498997995992
1309:61.046,343.5831663326653
1310:62.446,320.07815631262525
1311:50.016,464.4929859719439
1312:58.064,413.0440881763527
1313:56.964,415.1623246492986
1314:51.792,455.34068136272543
1315:62.422,396.4549098196393
1316:54.098,437.2785571142285
1317:60.092,391.64729458917833
1318:57.896,405.14228456913827
1319:61.414,309.1763527054108
1320:61.902,364.94188376753505
1321:62.48,293.4248496993988
1322:53.824,236.8557114228457
1323:48.262,222.08016032064128
1324:57.14,267.8156312625251
1325:53.636,259.53306613226454
1326:60.634,297.4328657314629
1327:59.27,303.8997995991984
1328:52.498,271.5490981963928
1329:62.342,373.4248496993988
1330:62.272,384.21643286573146
1331:51.228,443.91983967935874
1332:63.942,337.87174348697397
1333:54.444,392.42885771543087
1334:65.05,340.80961923847696
1335:55.174,426.7254509018036
1336:60.328,369.9619238476954
1337:62.488,364.7054108216433
1338:51.216,430.77354709418836
1339:60.19,367.9498997995992
1340:53.274,381.6953907815631
1341:57.046,406.4128256513026
1342:58.09,404.19038076152304
1343:59.674,393.2685370741483
1344:55.58,447.65931863727457
1345:45.018,480.4128256513026
1346:49.9,465.05811623246495
1347:63.678,343.98396793587176
1348:44.51,481.5270541082164
1349:51.798,459.82164328657313
1350:50.33,462.2805611222445
1351:50.928,451.39078156312627
1352:40.852,497.2945891783567
1353:60.768,391.21643286573146
1354:53.616,431.5871743486974
1355:54.854,460.4689378757515
1356:55.584,429.498997995992
1357:47.83,483.2024048096192
1358:42.32,492.8436873747495
1359:56.702,405.8076152304609
1360:58.818,410.188376753507
1361:58.06,413.3446893787575
1362:52.31,443.6132264529058
1363:49.712,478.2404809619238
1364:53.924,438.14228456913827
1365:36.668,510.0541082164329
1366:54.324,384.0841683366734
1367:63.548,386.2044088176353
1368:60.048,360.89579158316633
1369:55.18,443.01603206412824
1370:56.266,249.58917835671343
1371:64.188,349.73346693386776
1372:65.72,316.8156312625251
1373:53.222,255.87775551102203
1374:64.208,342.8517034068136
1375:63.754,302.97795591182364
1376:57.764,270.7254509018036
1377:62.84,309.40480961923845
1378:55.624,253.95390781563125
1379:60.018,258.4008016032064
1380:47.762,223.76553106212424
1381:61.612,300.4869739478958
1382:52.058,255.3687374749499
1383:58.63,245.6012024048096
1384:54.016,251.84168336673346
1385:56.056,414.63326653306615
1386:57.666,329.24649298597194
1387:64.406,310.19038076152304
1388:56.502,280.71543086172346
1389:58.122,287.3787575150301
1390:62.656,314.42284569138275
1391:46.56,214.2364729458918
1392:44.176,190.86773547094188
1393:55.558,277.89178356713427
1394:58.752,272.2945891783567
1395:62.784,297.78356713426854
1396:59.874,301.96793587174346
1397:62.98,335.55911823647295
1398:59.218,376.83967935871743
1399:58.326,307.92184368737475
1400:60.518,304.7234468937876
1401:60.064,296.59519038076155
1402:59.164,330.4168336673347
1403:61.658,393.0460921843687
1404:63.704,369.8517034068136
1405:65.57,332.9739478957916
1406:63.88,363.26452905811624
1407:58.61,357.20841683366734
1408:62.056,371.56112224448896
1409:63.82,332.9719438877755
1410:58.71,329.85370741482967
1411:53.95,286.5250501002004
1412:55.802,391.74749498997994
1413:54.054,430.9739478957916
1414:51.634,442.9899799599198
1415:62.068,369.2324649298597
1416:63.792,385.0200400801603
1417:60.452,354.35871743486973
1418:66.2,311.21042084168334
1419:55.61,421.2304609218437
1420:69.332,369.3366733466934
1421:64.846,370.80360721442884
1422:64.116,345.34068136272543
1423:56.42,278.3306613226453
1424:64.382,359.97595190380764
1425:55.38,269.3166332665331
1426:61.572,360.04208416833666
1427:59.936,332.87374749498997
1428:59.34,347.2745490981964
1429:59.948,298.1943887775551
1430:60.142,347.51503006012024
1431:57.338,383.7875751503006
1432:60.676,322.69739478957916
1433:62.498,287.0741482965932
1434:58.2,388.34669338677355
1435:63.486,350.7995991983968
1436:60.592,359.2685370741483
1437:58.026,404.14228456913827
1438:62.73,362.2304609218437
1439:59.976,326.05811623246495
1440:57.906,280.64328657314627
1441:57.672,284.11422845691385
1442:64.15,340.87174348697397
1443:56.116,284.40280561122245
1444:64.322,310.48496993987976
1445:58.44,299.83967935871743
1446:57.824,299.95791583166334
1447:63.532,335.0921843687375
1448:59.038,268.9138276553106
1449:64.998,316.98597194388776
1450:63.512,344.45891783567134
1451:61.68,370.63326653306615
1452:66.82,301.67334669338675
1453:67.13,320.7955911823647
1454:55.75,375.13426853707415
1455:55.43,407.6753507014028
1456:65.182,381.8156312625251
1457:63.688,384.9458917835671
1458:57.222,261.7434869739479
1459:57.352,414.7995991983968
1460:63.442,351.57915831663325
1461:61.076,324.6953907815631
1462:57.364,267.68937875751504
1463:63.218,312.18036072144287
1464:60.3,299.00200400801606
1465:52.894,252.9819639278557
1466:56.602,364.76553106212424
1467:54.512,417.1923847695391
1468:58.89,356.11623246492985
1469:54.89,442.2184368737475
1470:58.244,425.92985971943887
1471:60.214,410.26452905811624
1472:64.096,391.08016032064126
1473:57.382,405.11422845691385
1474:64.41,341.83967935871743
1475:65.388,386.9619238476954
1476:57.03,271.96593186372746
1477:61.242,319.4889779559118
1478:60.878,337.03206412825654
1479:56.164,264.0861723446894
1480:60.876,332.8877755511022
1481:57.864,382.6492985971944
1482:62.23,318.6372745490982
1483:60.332,333.0741482965932
1484:59.732,320.9318637274549
1485:60.96,345.8056112224449
1486:56.534,406.74749498997994
1487:45.574,484.73346693386776
1488:60.12,348.65330661322645
1489:58.134,386.5671342685371
1490:60.736,373.35671342685373
1491:62.762,357.14629258517033
1492:60.278,326.6112224448898
1493:60.906,347.5571142284569
1494:54.262,442.97795591182364
1495:62.542,365.2144288577154
1496:65.364,359.4008016032064
1497:62.278,346.42284569138275
1498:59.81,292.6372745490982
1499:57.798,324.2144288577154
1500:60.526,392.09018036072143
1501:55.748,256.96793587174346
1502:59.246,306.34068136272543
1503:61.134,284.19639278557116
1504:60.692,386.03406813627254
1505:62.314,411.1843687374749
1506:58.928,262.0280561122245
1507:61.024,330.00200400801606
1508:62.464,290.36673346693385
1509:60.2,285.3947895791583
1510:59.506,313.1563126252505
1511:60.534,330.7434869739479
1512:62.798,337.1202404809619
1513:56.64,271.3186372745491
1514:59.232,359.6052104208417
1515:59.93,320.1302605210421
1516:58.76,392.32064128256513
1517:62.064,290.2324649298597
1518:65.164,326.99799599198394
1519:62.192,333.0100200400802
1520:61.458,314.92184368737475
1521:60.916,383.0360721442886
1522:61.378,298.67935871743487
1523:58.234,289.1182364729459
1524:57.174,285.2064128256513
1525:54.688,417.85971943887773
1526:49.252,465.78356713426854
1527:51.054,451.186372745491
1528:66.284,357.99599198396794
1529:53.658,401.7034068136273
1530:54.094,428.32665330661325
1531:54.132,417.3366733466934
1532:47.43,454.69138276553105
1533:51.056,455.08817635270543
1534:58.228,338.501002004008
1535:61.706,353.0180360721443
1536:51.358,432.2625250501002
1537:55.166,426.9138276553106
1538:51.782,427.88577154308615
1539:59.808,337.0100200400802
1540:45.008,482.4168336673347
1541:58.264,409.77354709418836
1542:60.462,387.6953907815631
1543:48.562,451.43086172344687
1544:48.234,456.85771543086173
1545:45.712,485.12825651302603
1546:39.886,507.71543086172346
1547:37.876,507.32064128256513
1548:44.76,488.8817635270541
1549:44.29,483.4268537074148
1550:40.19,489.4909819639279
1551:41.026,493.6052104208417
1552:48.586,467.53507014028054
1553:56.068,426.41082164328657
1554:54.694,406.5430861723447
1555:49.512,462.35270541082167
1556:48.946,468.0501002004008
1557:40.866,495.4809619238477
1558:43.696,490.5250501002004
1559:37.756,500.3426853707415
1560:58.408,393.4609218436874
1561:59.282,385.50501002004006
1562:53.294,441.5310621242485
1563:56.258,416.09819639278555
1564:61.314,378.2424849699399
1565:58.698,375.0280561122245
1566:60.504,414.2064128256513
1567:53.04,427.85771543086173
1568:53.952,420.85971943887773
1569:59.85,372.4549098196393
1570:56.982,393.60320641282567
1571:44.12,477.72945891783564
1572:47.2,472.0380761523046
1573:63.604,414.2685370741483
1574:47.222,457.8697394789579
1575:54.606,429.8637274549098
1576:58.816,425.82765531062125
1577:61.118,362.03206412825654
1578:54.334,306.0080160320641
1579:51.55,452.81963927855713
1580:58.476,401.3186372745491
1581:55.508,404.1182364729459
1582:56.78,392.5110220440882
1583:57.632,389.2785571142285
1584:60.876,401.7775551102204
1585:58.332,431.4829659318637
1586:57.312,413.7034068136273
1587:50.494,432.2004008016032
1588:56.76,442.6693386773547
1589:55.256,406.09619238476955
1590:52.936,434.26452905811624
1591:46.954,470.749498997996
1592:60.872,362.9058116232465
1593:57.56,395.87575150300603
1594:52.08,428.6553106212425
1595:56.748,380.96593186372746
1596:58.972,408.188376753507
1597:55.984,405.10821643286573
1598:61.024,404.2945891783567
1599:61.19,420.57915831663325
1600:61.198,385.33867735470943
1601:60.766,386.3046092184369
1602:49.82,442.9799599198397
1603:45.336,490.8637274549098
1604:63.224,372.8356713426854
1605:51.708,445.84569138276555
1606:34.742,526.0541082164328
1607:49.266,456.95991983967934
1608:50.848,473.4869739478958
1609:49.72,466.5811623246493
1610:48.248,460.8937875751503
1611:48.884,459.35671342685373
1612:55.306,401.9939879759519
1613:49.392,466.2124248496994
1614:46.79,476.87775551102203
1615:47.878,468.9939879759519
1616:50.07,470.2144288577154
1617:55.72,422.1743486973948
1618:58.464,402.434869739479
1619:44.612,477.5370741482966
1620:55.284,434.23647294589176
1621:60.12,403.32665330661325
1622:60.32,387.17234468937875
1623:48.246,462.16032064128257
1624:49.632,435.63527054108215
1625:60.838,372.90380761523045
1626:51.662,450.563126252505
1627:50.654,453.8617234468938
1628:48.898,462.44689378757516
1629:51.022,452.5110220440882
1630:45.64,462.4168336673347
1631:56.198,381.0561122244489
1632:50.664,446.7775551102204
1633:57.246,396.3707414829659
1634:48.032,454.2064128256513
1635:52.5,441.41082164328657
1636:51.512,442.9458917835671
1637:55.352,410.250501002004
1638:36.736,506.25250501002006
1639:41.088,484.6553106212425
1640:54.628,443.7755511022044
1641:52.03,441.5571142284569
1642:55.778,404.28456913827654
1643:56.26,396.98396793587176
1644:52.986,440.34068136272543
1645:58.548,398.5190380761523
1646:48.74,473.70941883767534
1647:58.924,321.687374749499
1648:53.402,452.7034068136273
1649:47.552,470.4869739478958
1650:49.698,442.8697394789579
1651:59.294,369.14228456913827
1652:50.938,450.2384769539078
1653:62.318,378.64128256513027
1654:66.598,357.85771543086173
1655:54.202,411.9438877755511
1656:53.396,417.19839679358716
1657:54.162,428.2885771543086
1658:53.19,443.7254509018036
1659:44.35,467.09619238476955
1660:56.622,420.1763527054108
1661:55.178,429.88376753507015
1662:55.112,410.5390781563126
1663:52.234,443.4509018036072
1664:55.152,417.7875751503006
1665:43.398,496.67935871743487
1666:49.146,456.36673346693385
1667:57.59,390.6673346693387
1668:46.104,470.5310621242485
1669:53.946,423.5551102204409
1670:41.528,487.9739478957916
1671:42.278,499.4509018036072
1672:35.082,515.7094188376753
1673:52.764,438.88577154308615
1674:44.364,460.5811623246493
1675:52.51,455.7975951903808
1676:49.062,446.9799599198397
1677:50.132,465.19038076152304
1678:46.746,482.95791583166334
1679:56.526,429.88376753507015
1680:36.676,516.7174348697395
1681:38.444,519.869739478958
1682:50.246,454.0060120240481
1683:59.216,380.2605210420842
1684:46.272,454.5090180360721
1685:57.9,400.4068136272545
1686:58.54,428.4328657314629
1687:59.488,396.46693386773546
1688:54.304,417.90180360721445
1689:50.274,422.67935871743487
1690:59.812,419.563126252505
1691:58.274,395.95991983967934
1692:56.614,425.85370741482967
1693:44.512,481.3807615230461
1694:49.034,449.69939879759517
1695:60.684,371.2885771543086
1696:57.542,431.69739478957916
1697:58.988,385.9058116232465
1698:52.61,447.6573146292585
1699:49.36,452.6673346693387
1700:40.68,510.2865731462926
1701:39.334,506.5070140280561
1702:35.662,510.67735470941886
1703:59.08,387.6112224448898
1704:53.684,417.8977955911824
1705:50.698,445.7575150300601
1706:48.45,459.7675350701403
1707:44.322,483.8897795591182
1708:50.502,453.2064128256513
1709:31.514,536.2044088176352
1710:44.964,477.1823647294589
1711:48.782,461.813627254509
1712:38.502,506.1002004008016
1713:43.072,484.2965931863727
1714:44.784,477.0060120240481
1715:47.508,454.8176352705411
1716:48.082,453.34669338677355
1717:56.556,405.0821643286573
1718:46.968,484.5070140280561
1719:56.824,405.12825651302603
1720:49.356,461.0841683366734
1721:60.85,377.05210420841684
1722:55.532,405.04008016032066
1723:42.356,486.3446893787575
1724:56.052,426.7675350701403
1725:39.71,509.9238476953908
1726:32.032,538.7434869739479
1727:42.404,492.14228456913827
1728:51.756,449.5130260521042
1729:49.784,446.39078156312627
1730:57.276,442.15230460921845
1731:53.632,451.24649298597194
1732:51.542,451.65931863727457
1733:47.064,458.97795591182364
1734:36.26,517.4048096192384
1735:50.592,448.5250501002004
1736:34.574,529.4288577154308
1737:53.53,431.9258517034068
1738:56.216,452.4188376753507
1739:56.116,414.6953907815631
1740:54.64,420.17234468937875
1741:52.682,461.13426853707415
1742:52.192,445.52104208416836
1743:56.012,416.38476953907815
1744:63.726,321.3807615230461
1745:49.894,449.21643286573146
1746:46.702,490.72945891783564
1747:51.556,459.501002004008
1748:40.878,489.2144288577154
1749:49.716,458.22845691382764
1750:42.408,482.4168336673347
1751:47.266,461.3867735470942
1752:53.45,429.7434869739479
1753:52.114,455.7134268537074
1754:47.192,468.57915831663325
1755:57.29,414.37675350701403
1756:37.708,514.372745490982
1757:51.79,474.64128256513027
1758:57.272,425.2044088176353
1759:47.162,472.01603206412824
1760:41.962,497.3707414829659
1761:47.02,479.0280561122245
1762:42.818,477.7054108216433
1763:46.452,476.40280561122245
1764:55.276,443.9899799599198
1765:37.62,501.186372745491
1766:53.456,450.5310621242485
1767:40.166,500.935871743487
1768:55.184,446.2865731462926
1769:53.86,423.7795591182365
1770:51.346,444.59519038076155
1771:40.648,515.4248496993988
1772:42.202,507.23647294589176
1773:37.588,508.2785571142285
1774:54.806,466.07214428857714
1775:49.998,473.8176352705411
1776:47.526,462.4428857715431
1777:51.554,452.4148296593186
1778:61.898,352.57915831663325
1779:62.926,339.82765531062125
1780:66.516,325.67935871743487
1781:59.874,405.76553106212424
1782:66.15,357.0260521042084
1783:63.816,384.60721442885773
1784:60.788,396.8376753507014
1785:60.908,403.5430861723447
1786:60.486,355.67334669338675
1787:63.43,324.40881763527057
1788:62.522,338.87775551102203
1789:56.81,261.6112224448898
1790:66.824,342.53306613226454
1791:61.692,404.5571142284569
1792:61.542,345.9799599198397
1793:58.648,436.0861723446894
1794:60.446,373.1943887775551
1795:61.526,342.99599198396794
1796:58.246,323.67735470941886
1797:65.37,344.37675350701403
1798:61.684,314.7114228456914
1799:61.606,296.82765531062125
1800:68.364,356.5290581162325
1801:55.13,404.18036072144287
1802:58.378,292.9739478957916
1803:61.35,292.14629258517033
1804:60.926,323.5571142284569
1805:63.376,299.40480961923845
1806:55.544,232.0420841683367
1807:56.066,259.30861723446895
1808:58.014,266.71543086172346
1809:61.252,324.6212424849699
1810:59.17,295.7314629258517
1811:61.894,325.3627254509018
1812:60.526,297.0260521042084
1813:64.194,319.39278557114227
1814:68.262,356.7374749498998
1815:65.94,310.0661322645291
1816:56.768,276.67334669338675
1817:56.648,241.50100200400803
1818:65.842,339.7314629258517
1819:59.264,290.3066132264529
1820:55.934,277.29258517034066
1821:63.188,316.5370741482966
1822:59.068,281.01402805611224
1823:63.218,317.4168336673347
1824:60.212,312.01603206412824
1825:54.43,237.28056112224448
1826:49.078,231.8997995991984
1827:60.25,280.76553106212424
1828:64.63,303.80160320641284
1829:59.202,277.1743486973948
1830:72.506,359.21643286573146
1831:63.15,339.3867735470942
1832:56.548,266.7054108216433
1833:56.836,231.18236472945893
1834:58.746,277.4268537074148
1835:58.182,246.27054108216433
1836:58.222,290.6573146292585
1837:62.666,330.55110220440883
1838:53.56,247.55310621242484
1839:61.15,303.32264529058114
1840:59.962,329.99799599198394
1841:63.826,363.95991983967934
1842:62.88,360.7575150300601
1843:51.654,249.33066132264528
1844:58.664,277.8617234468938
1845:57.898,247.7555110220441
1846:61.71,345.07815631262525
1847:58.318,345.83967935871743
1848:62.408,339.78356713426854
1849:61.548,280.4689378757515
1850:69.638,296.02204408817636
1851:64.908,322.1102204408818
1852:64.514,343.7615230460922
1853:58.282,273.7955911823647
1854:58.756,331.0501002004008
1855:64.384,395.3887775551102
1856:62.298,409.1062124248497
1857:61.926,394.8517034068136
1858:60.978,416.90180360721445
1859:58.522,343.37274549098197
1860:62.126,322.6292585170341
1861:62.108,362.3807615230461
1862:60.002,289.56913827655313
1863:61.636,337.9879759519038
1864:62.282,326.6633266533066
1865:61.01,325.2244488977956
1866:64.326,350.27054108216436
1867:61.532,308.5671342685371
1868:57.376,309.3547094188377
1869:59.334,302.4428857715431
1870:65.3,338.563126252505
1871:58.716,285.5811623246493
1872:55.484,375.5270541082164
1873:60.068,374.3807615230461
1874:60.82,296.8937875751503
1875:59.496,284.34669338677355
1876:60.646,386.2404809619238
1877:59.012,355.7675350701403
1878:55.608,420.77354709418836
1879:63.09,342.8617234468938
1880:58.106,413.83967935871743
1881:60.32,406.9539078156313
1882:58.176,421.30060120240483
1883:62.618,375.8076152304609
1884:64.876,377.78356713426854
1885:54.238,441.62324649298597
1886:63.7,326.80360721442884
1887:58.984,280.5070140280561
1888:62.274,351.9158316633266
1889:62.794,389.2004008016032
1890:62.37,353.6553106212425
1891:61.336,342.1623246492986
1892:60.848,318.0861723446894
1893:56.332,262.87575150300603
1894:53.192,267.1322645290581
1895:54.758,248.22044088176352
1896:53.57,253.68737474949899
1897:60.972,318.71743486973946
1898:61.848,342.2184368737475
1899:55.724,367.37474949899797
1900:65.586,388.6392785571142
1901:56.86,426.2024048096192
1902:60.088,326.2424849699399
1903:58.196,400.44689378757516
1904:60.6,344.685370741483
1905:57.976,353.1122244488978
1906:56.322,288.92785571142286
1907:57.376,303.7815631262525
1908:58.286,283.05811623246495
1909:61.198,329.86573146292585
1910:61.664,348.5931863727455
1911:65.25,352.0861723446894
1912:64.354,387.9338677354709
1913:54.594,266.11623246492985
1914:56.826,279.4909819639279
1915:61.75,346.5731462925852
1916:61.992,355.64128256513027
1917:59.066,376.32665330661325
1918:61.132,354.42284569138275
1919:63.2,394.12825651302603
1920:63.398,386.8997995991984
1921:54.15,435.53306613226454
1922:60.656,364.1302605210421
1923:63.88,312.10821643286573
1924:63.438,373.59719438877755
1925:59.882,321.5571142284569
1926:50.172,461.27054108216436
1927:64.732,345.5751503006012
1928:57.93,374.40881763527057
1929:57.782,402.1382765531062
1930:61.68,315.2985971943888
1931:59.04,363.1182364729459
1932:56.03,424.9078156312625
1933:67.39,356.99799599198394
1934:58.084,385.41082164328657
1935:59.44,372.80360721442884
1936:48.628,462.82765531062125
1937:57.656,380.97795591182364
1938:57.376,272.5470941883768
1939:49.508,443.35270541082167
1940:63.062,381.1843687374749
1941:61.894,298.8997995991984
1942:63.402,283.40480961923845
1943:58.736,328.15430861723445
1944:58.452,318.5370741482966
1945:58.312,355.73547094188376
1946:57.806,291.751503006012
1947:52.488,247.70541082164328
1948:57.186,313.32665330661325
1949:53.392,261.7114228456914
1950:60.122,381.6312625250501
1951:62.53,334.4148296593186
1952:64.976,321.6653306613226
1953:56.666,288.5070140280561
1954:59.86,295.062124248497
1955:57.258,292.24649298597194
1956:59.344,313.5190380761523
1957:63.266,331.50501002004006
1958:59.524,415.7595190380762
1959:59.352,308.1763527054108
1960:63.398,357.29058116232466
1961:63.862,376.21042084168334
1962:62.412,370.9058116232465
1963:62.654,361.1743486973948
1964:58.844,362.02204408817636
1965:61.036,335.5470941883768
1966:49.88,457.50300601202406
1967:57.416,430.751503006012
1968:56.388,290.89178356713427
1969:62.34,325.35871743486973
1970:55.798,315.2224448897796
1971:61.866,288.0941883767535
1972:60.376,313.22845691382764
1973:60.982,280.19038076152304
1974:60.75,333.60721442885773
1975:57.32,337.00400801603206
1976:54.106,265.1663326653307
1977:59.486,272.87174348697397
1978:54.106,252.4448897795591
1979:55.656,266.0060120240481
1980:59.228,337.8617234468938
1981:62.64,376.00200400801606
1982:57.532,392.6633266533066
1983:56.422,387.8617234468938
1984:58.368,396.09819639278555
1985:57.136,384.00400801603206
1986:58.218,279.73547094188376
1987:59.186,358.4168336673347
1988:54.65,355.84769539078155
1989:54.716,248.93587174348698
1990:54.234,253.42084168336675
1991:55.284,271.8897795591182
1992:61.652,308.6673346693387
1993:57.298,301.3707414829659
1994:58.522,303.1743486973948
1995:64.994,347.3186372745491
1996:63.536,315.565130260521
1997:61.112,318.5110220440882
1998:54.402,353.90380761523045
1999:62.728,288.2945891783567
2000:55.822,275.70741482965934
2001:54.326,268.7955911823647
2002:59.936,339.8236472945892
2003:58.128,308.1122244488978
2004:53.042,238.35270541082164
2005:49.116,235.6673346693387
2006:65.568,353.44088176352705
2007:63.832,405.7755511022044
2008:62.43,345.1843687374749
2009:60.118,296.6633266533066
2010:63.458,328.34068136272543
2011:62.034,334.40280561122245
2012:59.99,287.5270541082164
2013:60.136,421.19839679358716
2014:61.696,334.248496993988
2015:55.624,270.20841683366734
2016:58.09,325.250501002004
2017:44.286,187.85370741482967
2018:47.486,208.8196392785571
2019:57.556,262.04208416833666
2020:50.01,208.53907815631263
2021:43.76,190.0320641282565
2022:53.09,243.6432865731463
2023:48.218,206.29859719438878
2024:40.044,178.17635270541084
2025:48.062,204.2364729458918
2026:51.47,220.73547094188376
2027:47.586,223.124248496994
2028:56.204,256.5450901803607
2029:47.622,212.53907815631263
2030:51.188,223.4809619238477
2031:61.124,293.4689378757515
2032:53.02,229.32665330661322
2033:53.214,230.89579158316633
2034:53.336,225.0320641282565
2035:56.736,275.7374749498998
2036:47.246,190.23847695390782
2037:47.29,211.50901803607215
2038:49.824,232.3887775551102
2039:52.85,234.78557114228457
2040:49.724,215.75751503006012
2041:54.624,248.82765531062125
2042:53.694,250.8617234468938
2043:49.89,201.29458917835672
2044:59.194,276.3326653306613
2045:49.722,210.32865731462925
2046:54.152,214.82765531062125
2047:55.524,240.66332665330663
2048:41.606,171.90180360721442
2049:41.412,176.0240480961924
2050:52.168,236.70140280561122
2051:43.708,192.44689378757516
2052:56.384,239.01402805611224
2053:52.804,249.54709418837675
2054:51.026,252.01202404809618
2055:65.25,321.11422845691385
2056:56.494,257.6372745490982
2057:60.316,262.62725450901803
2058:45.778,193.1062124248497
2059:49.842,192.7815631262525
2060:47.934,213.92985971943887
2061:48.598,191.27254509018036
2062:34.348,147.38677354709418
2063:42.314,174.68937875751504
2064:46.212,197.3807615230461
2065:48.324,218.73547094188376
2066:50.446,240.78957915831663
2067:41.288,173.51102204408818
2068:49.008,217.2184368737475
2069:47.592,209.93787575150301
2070:47.634,213.74749498997997
2071:44.726,193.37074148296594
2072:44.556,187.85771543086173
2073:37.928,161.02805611222445
2074:38.688,155.6933867735471
2075:40.44,165.37274549098197
2076:44.308,194.50901803607215
2077:40.072,165.18637274549098
2078:45.112,205.09819639278558
2079:49.034,203.7555110220441
2080:38.03,152.1202404809619
2081:40.408,158.70541082164328
2082:37.45,144.92785571142284
2083:61.858,278.15430861723445
2084:53.646,245.18436873747495
2085:53.154,228.30460921843687
2086:40.19,168.97394789579158
2087:56.834,243.18436873747495
2088:60.914,269.935871743487
2089:52.794,245.28857715430863
2090:70.892,342.6553106212425
2091:56.296,256.92785571142286
2092:54.072,235.94589178356713
2093:45.562,193.81362725450902
2094:58.654,221.95591182364728
2095:63.842,276.19639278557116
2096:58.384,264.7955911823647
2097:46.44,182.05410821643287
2098:50.414,233.46693386773546
2099:56.026,248.45090180360722
2100:54.672,248.9178356713427
2101:56.696,247.65330661322645
2102:55.874,273.12825651302603
2103:45.91,208.37274549098197
2104:57.346,429.5250501002004
2105:63.088,278.5470941883768
2106:61.818,310.188376753507
2107:62.624,324.09819639278555
2108:60.566,322.8997995991984
2109:61.494,321.4549098196393
2110:58.962,298.11422845691385
2111:65.53,305.1302605210421
2112:54.646,253.50300601202406
2113:52.948,247.8937875751503
2114:47.75,202.2685370741483
2115:58.552,324.7675350701403
2116:55.396,319.1382765531062
2117:60.266,346.5430861723447
2118:60.13,353.314629258517
2119:61.464,335.8877755511022
2120:58.468,272.4188376753507
2121:56.246,231.2264529058116
2122:59.374,306.2204408817635
2123:53.286,245.89579158316633
2124:59.42,268.41082164328657
2125:57.232,249.06412825651302
2126:48.968,212.6933867735471
2127:55.24,235.3186372745491
2128:62.318,306.32865731462925
2129:55.202,261.0360721442886
2130:63.776,325.72945891783564
2131:54.288,252.4308617234469
2132:67.668,302.188376753507
2133:56.372,258.90180360721445
2134:59.04,274.8376753507014
2135:61.182,295.3947895791583
2136:59.194,290.5831663326653
2137:46.992,236.0821643286573
2138:53.682,234.18436873747495
2139:45.852,214.56112224448898
2140:38.782,170.7314629258517
2141:38.418,161.58917835671343
2142:61.806,294.14028056112227
2143:45.188,204.54509018036072
2144:56.31,253.42685370741484
2145:43.872,191.07014028056113
2146:42.934,184.4949899799599
2147:51.036,205.5250501002004
2148:58.254,258.7675350701403
2149:61.824,258.32665330661325
2150:44.342,194.7695390781563
2151:60.036,265.21643286573146
2152:50.686,209.9619238476954
2153:48.46,190.12825651302606
2154:61.726,278.61523046092185
2155:58.87,228.6012024048096
2156:59.966,267.62725450901803
2157:41.092,177.04809619238478
2158:54.856,263.7374749498998
2159:57.106,266.062124248497
2160:47.508,202.69138276553107
2161:35.326,146.66132264529057
2162:50.6,226.71943887775552
2163:60.464,307.37474949899797
2164:65.518,295.98597194388776
2165:51.658,248.89779559118236
2166:54.824,240.7695390781563
2167:54.818,221.77755511022045
2168:56.802,243.71543086172343
2169:43.112,191.48897795591182
2170:49.768,236.76553106212424
2171:52.906,224.7555110220441
2172:54.902,237.8937875751503
2173:54.16,228.8997995991984
2174:58.208,259.6553106212425
2175:53.59,237.12224448897797
2176:54.678,258.2024048096192
2177:51.944,230.34869739478958
2178:48.82,232.22244488977955
2179:47.478,217.83967935871743
2180:56.808,273.07214428857714
2181:62.812,297.7194388777555
2182:60.274,291.1482965931864
2183:59.552,291.37274549098197
2184:47.16,194.52104208416833
2185:58.078,291.8997995991984
2186:56.358,302.8076152304609
2187:49.672,221.04008016032063
2188:53.178,233.25250501002003
2189:57.526,277.8436873747495
2190:61.768,286.4509018036072
2191:50.24,216.6933867735471
2192:54.568,251.8376753507014
2193:54.188,244.91983967935872
2194:58.408,280.2024048096192
2195:54.772,267.6132264529058
2196:58.796,270.4809619238477
2197:59.782,269.0941883767535
2198:45.52,207.51503006012024
2199:50.672,237.6432865731463
2200:53.952,243.71142284569137
2201:58.482,273.32665330661325
2202:63.778,311.0561122244489
2203:57.218,292.06012024048096
2204:55.108,262.751503006012
2205:60.928,327.2204408817635
2206:57.98,270.7595190380762
2207:46.496,215.88376753507015
2208:53.24,255.2264529058116
2209:48.632,216.77154308617236
2210:42.004,194.73947895791582
2211:49.326,212.13426853707415
2212:40.028,167.3426853707415
2213:59.73,314.81963927855713
2214:46.35,204.49699398797594
2215:41.15,179.09218436873746
2216:40.554,175.91583166332666
2217:40.106,170.5751503006012
2218:43.99,199.8056112224449
2219:57.58,274.1382765531062
2220:57.856,271.3887775551102
2221:53.46,258.71543086172346
2222:56.926,254.3326653306613
2223:34.318,144.31462925851704
2224:38.422,173.1002004008016
2225:51.422,228.5551102204409
2226:49.186,213.91983967935872
2227:52.974,236.1943887775551
2228:59.994,272.17835671342687
2229:53.594,237.84168336673346
2230:52.888,242.9619238476954
2231:44.574,209.38276553106212
2232:55.626,235.7995991983968
2233:57.372,303.94789579158316
2234:50.95,253.40280561122245
