0:58.408,283.40280561122245
1:55.598,380.90180360721445
2:62.086,325.4749498997996
3:56.356,365.2124248496994
4:60.352,283.0200400801603
5:61.898,303.30060120240483
6:59.358,301.7575150300601
7:58.71,358.7394789579158
8:62.292,344.87775551102203
9:60.612,406.937875751503
10:58.866,378.4689378757515
11:59.68,364.5490981963928
12:55.572,270.6312625250501
13:58.674,307.9318637274549
14:60.194,331.3687374749499
15:56.458,271.3186372745491
16:57.736,293.55110220440883
17:60.022,403.436873747495
18:58.346,326.69138276553105
19:65.444,378.2585170340681
20:64.48,369.14028056112227
21:61.35,351.44689378757516
22:57.716,391.9879759519038
23:55.29,359.92785571142286
24:55.574,316.7795591182365
25:55.816,422.57915831663325
26:58.854,332.3607214428858
27:57.65,386.0460921843687
28:59.916,343.9539078156313
29:60.63,351.40881763527057
30:56.662,293.85771543086173
31:60.082,378.23647294589176
32:60.332,312.9539078156313
33:54.122,424.2064128256513
34:53.662,427.9819639278557
35:57.268,345.14629258517033
36:59.92,388.47695390781564
37:33.836,519.2384769539078
38:42.808,472.43887775551104
39:50.532,452.7815631262525
40:45.662,456.4629258517034
41:47.246,462.1583166332665
42:40.642,499.7394789579158
43:33.402,526.8096192384769
44:46.074,483.85771543086173
45:37.134,506.7955911823647
46:43.238,501.751503006012
47:48.462,461.3707414829659
48:52.062,415.2124248496994
49:43.46,484.2605210420842
50:58.77,377.3306613226453
51:54.152,439.44088176352705
52:45.23,482.12625250501003
53:49.868,454.6292585170341
54:59.292,416.8316633266533
55:32.05,535.1462925851704
56:53.336,444.9879759519038
57:37.462,517.3827655310621
58:44.948,483.07014028056113
59:45.406,477.6492985971944
60:42.232,493.39078156312627
61:37.732,517.7895791583167
62:53.972,453.28456913827654
63:40.028,506.7134268537074
64:42.918,487.75350701402806
65:61.53,341.72745490981964
66:54.632,426.1843687374749
67:58.016,387.30861723446895
68:55.918,392.0280561122245
69:58.352,340.9058116232465
70:55.942,409.5250501002004
71:62.032,341.42885771543087
72:58.088,377.92985971943887
73:61.862,359.92785571142286
74:56.696,338.6813627254509
75:57.64,337.8517034068136
76:55.3,337.0360721442886
77:65.49,365.3446893787575
78:60.216,396.17234468937875
79:63.746,335.63527054108215
80:59.322,306.7675350701403
81:61.192,341.3046092184369
82:62.482,353.5290581162325
83:59.608,299.0561122244489
84:63.552,320.01603206412824
85:58.686,315.70741482965934
86:60.064,346.3246492985972
87:63.172,390.9519038076152
88:48.818,245.4308617234469
89:58.95,324.84569138276555
90:54.934,341.0460921843687
91:56.554,264.0561122244489
92:56.572,319.51503006012024
93:57.524,300.87575150300603
94:58.11,286.45891783567134
95:62.996,316.21643286573146
96:61.31,354.2124248496994
97:61.21,324.7695390781563
98:64.914,339.84769539078155
99:62.504,330.40881763527057
100:62.692,377.4809619238477
101:58.974,331.82965931863725
102:63.418,340.61723446893785
103:61.646,325.4328657314629
104:51.728,245.02204408817636
105:50.208,230.8376753507014
106:55.728,297.7775551102204
107:56.708,282.0941883767535
108:60.156,352.0120240480962
109:58.038,305.87174348697397
110:61.01,335.12224448897797
111:60.514,341.19839679358716
112:57.45,319.186372745491
113:62.626,338.38476953907815
114:64.154,338.35871743486973
115:60.182,280.9939879759519
116:45.464,212.85370741482967
117:50.538,250.54509018036072
118:56.216,274.5430861723447
119:57.838,260.82164328657313
120:51.77,257.92184368737475
121:44.294,194.3186372745491
122:52.642,231.61723446893788
123:56.3,240.01002004008015
124:64.3,310.62324649298597
125:62.516,315.2785571142285
126:61.24,300.67935871743487
127:58.964,274.6813627254509
128:48.148,239.42084168336675
129:53.298,244.22044088176352
130:54.938,266.1362725450902
131:55.112,268.54108216432866
132:64.082,380.3987975951904
133:59.85,310.78356713426854
134:54.498,256.4609218436874
135:58.986,266.89579158316633
136:61.95,318.4609218436874
137:51.786,253.0741482965932
138:61.03,301.2304609218437
139:61.678,355.9799599198397
140:54.026,304.09619238476955
141:62.168,332.8517034068136
142:60.824,328.92184368737475
143:60.608,295.7615230460922
144:65.586,313.38476953907815
145:61.036,318.2585170340681
146:54.046,270.8416833667335
147:56.47,404.67735470941886
148:60.234,354.3366733466934
149:61.12,351.5871743486974
150:60.09,314.0100200400802
151:58.828,296.03206412825654
152:62.048,305.9318637274549
153:60.112,294.8256513026052
154:63.974,335.8557114228457
155:58.22,322.7374749498998
156:61.254,293.5250501002004
157:56.528,258.8236472945892
158:56.894,293.84769539078155
159:56.972,308.78356713426854
160:51.266,247.82364729458916
161:59.246,374.46492985971946
162:60.8,409.60721442885773
163:61.728,350.5290581162325
164:51.936,267.02404809619236
165:42.712,199.66332665330663
166:57.454,290.11422845691385
167:52.334,233.90380761523045
168:59.772,294.0380761523046
169:54.2,269.86573146292585
170:47.18,231.88977955911824
171:58.312,290.6573146292585
172:44.608,205.7875751503006
173:48.138,213.88176352705412
174:37.526,163.24849699398797
175:37.058,159.65931863727454
176:38.876,163.81362725450902
177:35.708,160.7314629258517
178:40.714,194.61723446893788
179:42.418,201.98797595190382
180:30.746,141.54909819639278
181:46.596,206.01002004008015
182:49.224,231.7995991983968
183:64.22,326.7955911823647
184:53.938,298.14629258517033
185:62.844,326.3947895791583
186:59.248,342.0360721442886
187:55.116,287.7114228456914
188:51.922,231.7815631262525
189:46.12,222.04809619238478
190:47.538,229.2184368737475
191:34.084,158.75350701402806
192:46.242,237.3627254509018
193:38.692,204.86773547094188
194:43.014,215.08016032064128
195:57.6,255.40080160320642
196:55.276,350.7875751503006
197:59.398,310.00400801603206
198:55.628,293.10821643286573
199:61.584,340.9498997995992
200:54.0,327.935871743487
201:60.864,326.0280561122245
202:57.122,280.8056112224449
203:63.768,326.00400801603206
204:59.684,306.0841683366734
205:58.39,318.18036072144287
206:58.408,372.3887775551102
207:62.166,363.5070140280561
208:54.584,262.10420841683367
209:63.416,321.90380761523045
210:56.304,305.76352705410824
211:55.948,311.8496993987976
212:57.56,367.4168336673347
213:62.054,386.9078156312625
214:61.116,376.1302605210421
215:58.666,357.1843687374749
216:57.234,301.5430861723447
217:49.17,445.0060120240481
218:56.634,411.6212424849699
219:57.24,336.39679358717433
220:53.514,440.6553106212425
221:63.042,351.0480961923848
222:61.044,381.8617234468938
223:61.736,384.52104208416836
224:60.142,346.20841683366734
225:53.834,290.1202404809619
226:56.89,409.6312625250501
227:58.618,403.8356713426854
228:62.004,347.39278557114227
229:55.928,376.60320641282567
230:59.75,365.6633266533066
231:61.884,380.1503006012024
232:65.97,363.39278557114227
233:58.89,361.44689378757516
234:48.38,458.0661322645291
235:62.532,306.6392785571142
236:58.664,414.0260521042084
237:62.116,388.22845691382764
238:60.792,389.84769539078155
239:64.452,399.3787575150301
240:53.368,454.813627254509
241:60.928,390.6452905811623
242:43.318,480.97795591182364
243:51.194,439.9939879759519
244:58.768,375.6633266533066
245:59.022,360.01402805611224
246:60.274,391.64328657314627
247:42.89,486.5390781563126
248:53.272,429.2765531062124
249:58.45,382.92184368737475
250:61.568,349.1122244488978
251:56.554,386.21042084168334
252:58.736,379.71543086172346
253:61.164,356.7314629258517
254:61.652,308.37675350701403
255:60.436,318.7434869739479
256:61.35,364.8637274549098
257:61.414,332.3887775551102
258:61.422,368.87374749498997
259:64.732,359.1643286573146
260:56.364,301.3346693386774
261:60.592,385.2625250501002
262:60.608,329.186372745491
263:62.66,364.0100200400802
264:61.692,368.89579158316633
265:62.352,368.7194388777555
266:56.36,422.87575150300603
267:57.424,354.7054108216433
268:60.796,297.40881763527057
269:59.202,323.02404809619236
270:64.034,346.75350701402806
271:60.374,284.1923847695391
272:59.17,421.95791583166334
273:58.54,420.813627254509
274:53.268,433.2945891783567
275:55.612,434.92985971943887
276:55.49,386.4909819639279
277:62.99,396.85971943887773
278:59.752,409.81963927855713
279:58.95,402.7254509018036
280:62.808,373.9699398797595
281:59.992,380.3426853707415
282:59.906,338.3987975951904
283:56.39,321.21042084168334
284:57.744,389.9739478957916
285:58.984,422.43887775551104
286:60.714,363.84569138276555
287:56.136,367.7855711422846
288:57.508,411.72945891783564
289:62.068,360.8877755511022
290:57.982,409.60921843687373
291:61.988,380.9498997995992
292:59.914,383.43086172344687
293:58.832,394.56112224448896
294:62.56,388.84769539078155
295:45.498,482.935871743487
296:62.236,378.6312625250501
297:60.012,355.75551102204406
298:60.12,372.1302605210421
299:51.79,369.12825651302603
300:62.998,366.59519038076155
301:59.562,391.7194388777555
302:55.846,381.8897795591182
303:57.988,372.28456913827654
304:56.426,357.37274549098197
305:56.52,425.96793587174346
306:65.294,354.55310621242484
307:67.604,370.47895791583164
308:49.87,447.6753507014028
309:58.84,325.87775551102203
310:64.522,341.8877755511022
311:63.96,389.4188376753507
312:59.476,326.77154308617236
313:60.476,400.12825651302603
314:63.914,384.59719438877755
315:61.186,343.0821643286573
316:66.262,332.29058116232466
317:56.468,394.3547094188377
318:59.902,361.248496993988
319:55.834,311.8236472945892
320:60.982,318.5110220440882
321:57.67,329.5070140280561
322:56.488,301.8697394789579
323:57.928,422.5731462925852
324:60.478,363.85971943887773
325:60.446,381.42885771543087
326:61.642,413.2605210420842
327:62.176,332.2244488977956
328:63.992,298.2805611222445
329:62.278,315.2885771543086
330:63.272,335.6933867735471
331:63.424,339.6653306613226
332:62.54,289.9138276553106
333:60.22,293.4188376753507
334:57.15,285.44889779559117
335:50.294,234.54709418837675
336:58.692,322.5671342685371
337:58.742,347.2024048096192
338:63.714,346.79158316633266
339:59.326,308.5551102204409
340:58.162,303.7214428857715
341:58.744,320.72745490981964
342:62.574,369.3046092184369
343:64.64,336.36673346693385
344:58.432,284.7394789579158
345:60.094,304.46693386773546
346:59.126,297.4248496993988
347:54.008,257.2124248496994
348:43.762,184.06613226452905
349:50.194,232.05410821643287
350:56.728,272.32865731462925
351:53.638,250.16432865731463
352:55.28,251.8056112224449
353:47.082,203.2625250501002
354:56.112,270.4128256513026
355:58.008,348.07214428857714
356:61.206,281.8817635270541
357:60.758,304.0661322645291
358:56.194,288.4629258517034
359:67.288,365.53507014028054
360:63.258,369.17234468937875
361:49.492,457.3947895791583
362:45.244,462.8797595190381
363:61.588,406.8436873747495
364:60.532,366.32865731462925
365:61.59,344.4909819639279
366:61.826,368.70941883767534
367:57.98,397.7314629258517
368:56.5,404.0821643286573
369:63.24,381.07014028056113
370:65.854,348.40881763527057
371:61.3,397.6212424849699
372:59.198,427.3687374749499
373:62.81,349.15430861723445
374:55.674,394.09018036072143
375:61.246,387.43086172344687
376:56.56,373.55110220440883
377:58.83,278.96793587174346
378:59.722,305.0480961923848
379:62.55,375.3046092184369
380:57.312,313.2044088176353
381:62.112,329.43086172344687
382:59.902,307.5310621242485
383:60.408,333.99599198396794
384:57.588,306.813627254509
385:53.134,288.9819639278557
386:56.94,287.6553106212425
387:60.518,309.6312625250501
388:62.394,331.19839679358716
389:63.57,354.90981963927857
390:64.166,356.3446893787575
391:63.452,344.18036072144287
392:63.796,349.69939879759517
393:60.75,310.3166332665331
394:63.532,368.6833667334669
395:58.41,253.0561122244489
396:55.532,282.2605210420842
397:61.566,301.84569138276555
398:61.144,289.9939879759519
399:62.442,345.58917835671343
400:68.166,351.87174348697397
401:55.376,387.5490981963928
402:60.502,309.7014028056112
403:59.794,304.63326653306615
404:61.13,324.6953907815631
405:59.012,320.45891783567134
406:59.764,337.59118236472943
407:58.384,319.0841683366734
408:61.21,306.77154308617236
409:59.922,298.0260521042084
410:62.308,296.7615230460922
411:57.582,357.94789579158316
412:60.438,335.4549098196393
413:61.514,337.0561122244489
414:60.804,343.82164328657313
415:56.504,254.33466933867734
416:54.782,276.07014028056113
417:60.082,329.21042084168334
418:52.13,257.2024048096192
419:54.762,251.56312625250501
420:52.844,251.17835671342687
421:45.636,238.02004008016033
422:58.872,357.1022044088176
423:60.566,295.2805611222445
424:55.844,331.7014028056112
425:59.956,329.312625250501
426:63.796,320.2865731462926
427:61.22,340.314629258517
428:63.388,311.9058116232465
429:57.292,343.4168336673347
430:55.302,386.33867735470943
431:56.37,420.32665330661325
432:59.05,379.41082164328657
433:58.374,386.7995991983968
434:64.29,329.2965931863727
435:62.63,302.3346693386774
436:60.11,299.5671342685371
437:53.84,304.08817635270543
438:57.886,288.52304609218436
439:55.866,298.1763527054108
440:56.906,282.40480961923845
441:61.78,324.8336673346693
442:57.96,258.0480961923848
443:53.882,256.67935871743487
444:56.262,301.8496993987976
445:56.926,272.8316633266533
446:58.406,313.88577154308615
447:55.304,307.2004008016032
448:61.646,337.88376753507015
449:57.36,401.72745490981964
450:56.37,298.3066132264529
451:57.974,292.2064128256513
452:58.38,292.32064128256513
453:61.964,305.312625250501
454:54.824,251.86773547094188
455:62.336,316.1643286573146
456:58.836,302.4148296593186
457:60.596,264.8336673346693
458:58.948,286.38276553106215
459:48.85,220.80160320641284
460:60.442,338.47695390781564
461:54.52,242.61723446893788
462:60.73,296.1362725450902
463:63.942,355.4188376753507
464:59.112,343.5190380761523
465:55.618,265.1683366733467
466:54.334,257.4168336673347
467:59.278,267.2024048096192
468:57.872,261.71543086172346
469:40.452,175.39078156312624
470:36.476,174.54108216432866
471:47.754,211.31663326653307
472:43.038,197.77955911823648
473:54.658,273.26653306613224
474:47.106,211.57314629258516
475:56.998,279.2424849699399
476:51.006,265.9879759519038
477:57.998,277.40881763527057
478:60.178,412.30260521042084
479:55.04,425.7134268537074
480:59.534,350.186372745491
481:58.506,385.3987975951904
482:57.332,361.64729458917833
483:62.23,333.4328657314629
484:60.13,329.23446893787576
485:63.086,343.1102204408818
486:62.59,349.4909819639279
487:58.338,391.20841683366734
488:61.432,334.21042084168334
489:60.85,404.91983967935874
490:64.328,382.5931863727455
491:62.102,361.7975951903808
492:59.992,338.7254509018036
493:59.924,319.8977955911824
494:56.86,306.07214428857714
495:57.748,316.07214428857714
496:65.006,319.01603206412824
497:58.536,317.42284569138275
498:61.038,325.7935871743487
499:60.308,337.75350701402806
500:65.116,381.52104208416836
501:50.124,457.8376753507014
502:61.026,378.9639278557114
503:54.63,416.82164328657313
504:61.796,357.92785571142286
505:62.444,312.35270541082167
506:56.146,291.5170340681363
507:59.696,288.751503006012
508:58.526,304.1623246492986
509:61.756,269.9138276553106
510:61.006,288.3507014028056
511:51.26,238.80761523046093
512:55.016,267.43887775551104
513:56.506,283.7014028056112
514:59.4,275.5370741482966
515:56.514,314.2885771543086
516:62.796,328.4529058116232
517:54.58,253.01202404809618
518:58.844,325.5470941883768
519:52.262,246.31462925851704
520:57.554,288.5190380761523
521:59.726,274.92785571142286
522:53.758,235.96392785571143
523:55.412,237.90781563126254
524:55.72,263.37675350701403
525:49.186,258.9819639278557
526:58.658,285.6392785571142
527:54.668,257.5430861723447
528:56.934,275.9519038076152
529:56.914,259.47695390781564
530:55.612,296.55911823647295
531:59.066,310.12224448897797
532:55.814,271.5270541082164
533:57.842,272.32064128256513
534:59.14,274.40480961923845
535:43.64,211.83967935871743
536:50.694,220.27655310621242
537:63.93,305.4809619238477
538:60.152,350.82164328657313
539:61.21,316.74549098196394
540:59.448,324.30260521042084
541:57.702,261.1563126252505
542:61.742,285.8637274549098
543:53.302,276.25250501002006
544:58.632,255.5691382765531
545:66.856,312.2765531062124
546:54.398,256.935871743487
547:56.296,254.06212424849699
548:58.632,318.3046092184369
549:55.918,269.2685370741483
550:54.28,265.77154308617236
551:64.262,335.5831663326653
552:64.54,349.10420841683367
553:59.38,295.9619238476954
554:63.514,293.5551102204409
555:64.016,279.1563126252505
556:64.184,302.60320641282567
557:60.064,327.9519038076152
558:63.558,320.39679358717433
559:61.28,372.40280561122245
560:53.77,406.38276553106215
561:61.238,333.39078156312627
562:61.012,337.0761523046092
563:64.336,367.45891783567134
564:62.556,375.07014028056113
565:65.456,365.1202404809619
566:59.538,367.8356713426854
567:59.686,407.5831663326653
568:60.79,398.53507014028054
569:58.63,424.19639278557116
570:64.046,318.78356713426854
571:61.408,320.687374749499
572:62.052,333.1843687374749
573:53.846,263.5751503006012
574:47.486,216.93587174348698
575:62.332,304.2044088176353
576:60.38,276.9819639278557
577:63.248,332.87775551102203
578:61.644,337.55310621242484
579:45.42,206.3987975951904
580:47.208,210.95390781563125
581:66.692,327.5751503006012
582:60.664,292.07014028056113
583:59.46,301.1943887775551
584:58.596,302.54108216432866
585:63.066,344.8336673346693
586:55.212,279.4569138276553
587:60.97,337.9799599198397
588:60.306,288.1923847695391
589:62.42,382.3306613226453
590:55.494,249.91983967935872
591:59.794,259.47895791583164
592:50.114,217.24849699398797
593:55.682,270.186372745491
594:53.752,239.54108216432866
595:51.074,233.84168336673346
596:62.304,292.9138276553106
597:53.638,260.82965931863725
598:56.902,254.03406813627254
599:64.196,289.248496993988
600:44.282,184.23246492985973
601:41.848,179.27054108216433
602:48.364,235.99599198396794
603:50.386,227.24248496993988
604:60.432,289.8436873747495
605:58.798,272.4248496993988
606:62.73,322.4689378757515
607:58.47,361.12224448897797
608:59.064,292.05811623246495
609:55.58,258.25250501002006
610:57.146,299.2985971943888
611:57.066,288.6933867735471
612:58.16,272.0821643286573
613:54.236,260.28256513026054
614:59.904,329.5190380761523
615:62.77,323.80360721442884
616:57.666,259.0821643286573
617:64.12,303.4428857715431
618:57.694,272.03206412825654
619:57.826,302.44889779559117
620:59.668,313.07014028056113
621:50.256,247.49098196392785
622:44.738,195.85170340681364
623:54.82,265.2785571142285
624:54.416,248.10220440881764
625:62.602,330.76352705410824
626:56.986,291.88376753507015
627:64.862,312.75350701402806
628:59.144,285.434869739479
629:57.826,311.13426853707415
630:53.966,254.82765531062125
631:53.786,261.8056112224449
632:60.24,343.3507014028056
633:57.166,289.2204408817635
634:54.846,259.3186372745491
635:63.904,316.84769539078155
636:52.784,258.25450901803606
637:58.66,301.82164328657313
638:52.742,250.7935871743487
639:56.416,315.09619238476955
640:54.518,245.02204408817636
641:59.88,312.55911823647295
642:56.238,300.69138276553105
643:60.082,319.8977955911824
644:53.632,239.34068136272546
645:60.806,361.82164328657313
646:61.546,319.41082164328657
647:55.194,262.43086172344687
648:49.702,240.64128256513027
649:65.706,349.50300601202406
650:55.396,280.49498997995994
651:57.178,290.9338677354709
652:58.758,283.5070140280561
653:55.568,285.96793587174346
654:48.674,215.36072144288576
655:46.326,230.60320641282564
656:61.84,294.0
657:62.53,374.04208416833666
658:62.796,365.01402805611224
659:57.098,321.37675350701403
660:62.264,312.55310621242484
661:56.766,330.35671342685373
662:54.808,268.44889779559117
663:57.772,287.45891783567134
664:57.246,292.8977955911824
665:54.636,299.3547094188377
666:60.258,371.4749498997996
667:58.078,316.1843687374749
668:58.054,288.4549098196393
669:57.47,283.96793587174346
670:63.252,323.563126252505
671:66.984,333.2404809619238
672:55.1,251.01402805611224
673:59.474,395.5851703406814
674:54.356,426.3607214428858
675:60.348,305.0821643286573
676:55.974,344.37675350701403
677:59.85,387.50300601202406
678:57.08,390.1643286573146
679:61.414,311.61723446893785
680:62.558,379.08817635270543
681:57.602,379.56112224448896
682:54.024,260.68937875751504
683:60.788,280.24649298597194
684:59.03,290.28456913827654
685:57.32,288.4909819639279
686:56.312,282.62725450901803
687:59.28,288.72945891783564
688:60.942,401.22645290581164
689:57.384,389.1062124248497
690:55.526,409.77354709418836
691:62.694,352.4068136272545
692:61.338,389.07815631262525
693:59.752,376.3947895791583
694:59.362,338.6132264529058
695:62.04,331.2304609218437
696:60.672,370.9458917835671
697:58.48,418.0460921843687
698:58.226,305.00400801603206
699:61.172,307.751503006012
700:55.91,287.186372745491
701:57.754,350.2765531062124
702:60.182,340.7254509018036
703:57.606,361.82965931863725
704:56.078,363.40280561122245
705:56.682,381.63527054108215
706:58.184,315.20841683366734
707:55.7,302.31062124248496
708:51.826,268.35671342685373
709:61.394,360.064128256513
710:52.566,255.15230460921845
711:60.506,330.2404809619238
712:59.372,298.9318637274549
713:61.1,335.9318637274549
714:60.238,386.4869739478958
715:63.318,343.8176352705411
716:58.266,376.8256513026052
717:59.312,305.3066132264529
718:52.964,240.99799599198397
719:50.366,258.0761523046092
720:56.324,312.3046092184369
721:55.004,282.79158316633266
722:58.648,332.82765531062125
723:65.046,342.08817635270543
724:58.76,408.57915831663325
725:62.362,383.92184368737475
726:56.978,295.6573146292585
727:57.864,348.40480961923845
728:55.218,415.9318637274549
729:63.502,352.8617234468938
730:58.94,317.6933867735471
731:50.11,239.53907815631263
732:49.938,225.81162324649299
733:55.506,270.2124248496994
734:52.354,247.13426853707415
735:59.47,320.7995991983968
736:53.768,271.77154308617236
737:59.34,311.7414829659319
738:61.616,365.0260521042084
739:59.364,382.00200400801606
740:59.81,355.40480961923845
741:56.976,334.2765531062124
742:56.046,347.8517034068136
743:58.24,328.1823647294589
744:65.178,323.9238476953908
745:62.186,318.9058116232465
746:60.328,302.3627254509018
747:51.682,248.9498997995992
748:51.328,316.09819639278555
749:57.128,396.9559118236473
750:52.386,443.19639278557116
751:52.61,423.40480961923845
752:60.618,385.16032064128257
753:61.544,343.4509018036072
754:58.238,345.5470941883768
755:59.692,388.8877755511022
756:59.304,368.2384769539078
757:56.368,280.63326653306615
758:60.024,345.4689378757515
759:55.776,354.9699398797595
760:58.78,334.5170340681363
761:55.222,254.74148296593185
762:61.642,333.5270541082164
763:53.74,261.6452905811623
764:58.814,313.09619238476955
765:63.04,366.58917835671343
766:59.192,339.0260521042084
767:59.788,291.0300601202405
768:60.948,346.27054108216436
769:63.604,359.7214428857715
770:51.126,231.25250501002003
771:58.84,314.4809619238477
772:59.66,343.43086172344687
773:58.09,338.5090180360721
774:61.958,289.80961923847696
775:58.244,370.01402805611224
776:53.86,307.07014028056113
777:60.072,355.6673346693387
778:63.984,351.64729458917833
779:56.396,258.8677354709419
780:55.734,254.374749498998
781:48.956,231.0941883767535
782:59.258,313.2565130260521
783:48.736,245.4869739478958
784:51.952,229.66332665330663
785:62.584,316.8416833667335
786:56.318,344.2224448897796
787:59.55,307.85370741482967
788:57.802,311.9619238476954
789:50.788,257.75350701402806
790:61.036,344.1002004008016
791:61.132,299.9178356713427
792:56.466,260.7194388777555
793:57.366,299.2625250501002
794:59.088,295.5931863727455
795:60.77,324.2204408817635
796:57.618,284.93987975951904
797:59.908,318.12625250501003
798:56.594,273.36472945891785
799:56.634,305.5090180360721
800:61.114,332.9458917835671
801:58.5,364.2024048096192
802:67.374,338.312625250501
803:61.146,292.2064128256513
804:56.202,316.8056112224449
805:51.94,443.064128256513
806:65.41,367.7755511022044
807:59.784,335.6452905811623
808:59.118,374.7695390781563
809:62.902,335.3547094188377
810:61.932,319.4609218436874
811:60.234,348.49699398797594
812:62.014,391.314629258517
813:58.284,355.52104208416836
814:56.702,265.2985971943888
815:62.396,402.76553106212424
816:61.54,401.563126252505
817:55.39,281.501002004008
818:54.062,427.4509018036072
819:60.014,304.78957915831666
820:60.742,378.16032064128257
821:64.534,389.33867735470943
822:60.02,307.76553106212424
823:59.902,354.75551102204406
824:61.858,368.8997995991984
825:61.366,313.0821643286573
826:63.058,333.35671342685373
827:57.748,289.5250501002004
828:56.184,290.02404809619236
829:55.846,327.3446893787575
830:61.42,322.71543086172346
831:58.2,312.3507014028056
832:60.112,275.55911823647295
833:55.116,257.9338677354709
834:53.03,218.63927855711424
835:41.416,203.70340681362725
836:49.482,242.4629258517034
837:53.506,246.6933867735471
838:51.772,228.54709418837675
839:58.042,279.0541082164329
840:57.764,264.2805611222445
841:58.714,309.17835671342687
842:62.516,335.0
843:50.974,298.5430861723447
844:52.144,249.00400801603206
845:63.076,312.37675350701403
846:60.352,311.08817635270543
847:60.828,380.05210420841684
848:64.334,355.96793587174346
849:62.2,350.02404809619236
850:64.512,310.87575150300603
851:63.07,317.7054108216433
852:54.29,251.92985971943887
853:53.626,241.11623246492985
854:54.784,256.25450901803606
855:50.09,244.48897795591182
856:57.542,287.19038076152304
857:42.542,200.70340681362725
858:43.402,187.96993987975952
859:45.876,218.02805611222445
860:59.196,276.6452905811623
861:58.836,296.9458917835671
862:62.188,359.9238476953908
863:55.898,258.6813627254509
864:54.144,271.91983967935874
865:45.288,193.57114228456913
866:37.104,172.39078156312624
867:61.092,285.3186372745491
868:64.002,411.23446893787576
869:59.486,274.8176352705411
870:58.942,311.3426853707415
871:61.9,292.5831663326653
872:54.378,254.6933867735471
873:56.934,319.0300601202405
874:58.972,267.7234468937876
875:57.614,253.29058116232466
876:52.788,247.1803607214429
877:49.812,227.7935871743487
878:57.256,285.0060120240481
879:59.008,281.4829659318637
880:61.74,303.23647294589176
881:56.74,329.04008016032066
882:51.24,243.87775551102203
883:57.052,274.0060120240481
884:55.166,302.6132264529058
885:61.754,307.21643286573146
886:59.942,279.8056112224449
887:54.748,241.2184368737475
888:57.384,309.687374749499
889:55.902,293.9879759519038
890:66.214,324.6012024048096
891:58.76,298.6392785571142
892:47.236,208.67935871743487
893:55.932,261.2244488977956
894:60.848,313.9519038076152
895:51.198,225.00801603206412
896:50.898,224.0180360721443
897:60.02,289.48496993987976
898:60.872,299.4729458917836
899:56.772,289.1062124248497
900:57.558,313.4809619238477
901:49.454,217.88977955911824
902:47.15,203.7875751503006
903:58.57,280.2424849699399
904:44.808,194.92384769539078
905:48.298,232.33867735470943
906:48.68,198.3927855711423
907:42.63,187.54509018036072
908:52.332,253.95991983967937
909:59.082,296.5991983967936
910:61.322,316.6633266533066
911:50.048,237.21042084168337
912:42.06,198.2184368737475
913:48.106,219.20240480961922
914:51.108,235.00200400801603
915:59.312,295.42284569138275
916:61.924,314.3507014028056
917:63.986,325.63527054108215
918:56.122,291.87174348697397
919:54.436,237.63527054108218
920:64.95,350.7675350701403
921:58.57,413.9539078156313
922:59.67,398.9619238476954
923:52.78,425.64328657314627
924:46.896,468.7975951903808
925:55.334,378.6112224448898
926:52.948,441.4509018036072
927:56.996,411.2585170340681
928:53.68,429.9258517034068
929:60.826,376.7695390781563
930:54.894,404.5290581162325
931:56.65,429.0480961923848
932:56.062,376.93987975951904
933:60.03,387.9939879759519
934:55.33,412.1382765531062
935:55.71,424.8977955911824
936:52.528,395.34669338677355
937:57.202,415.85971943887773
938:56.174,424.55110220440883
939:51.316,455.7014028056112
940:56.638,405.92184368737475
941:57.31,358.8416833667335
942:55.406,412.5551102204409
943:61.646,362.5571142284569
944:60.454,392.2224448897796
945:41.776,483.1563126252505
946:49.516,463.85771543086173
947:48.108,454.9739478957916
948:58.664,387.2765531062124
949:66.702,394.8356713426854
950:54.23,436.6372745490982
951:51.992,443.436873747495
952:50.004,449.8977955911824
953:51.04,460.90981963927857
954:48.0,450.0941883767535
955:31.204,522.9719438877755
956:43.902,496.57715430861725
957:36.702,510.813627254509
958:42.732,495.186372745491
959:45.966,465.9899799599198
960:41.202,492.436873747495
961:33.692,519.3807615230461
962:38.398,498.4068136272545
963:36.7,503.2625250501002
964:41.016,476.8977955911824
965:44.096,454.35671342685373
966:43.696,484.6312625250501
967:41.556,491.16032064128257
968:48.102,460.4148296593186
969:30.724,537.5290581162325
970:56.54,424.02204408817636
971:49.594,461.56112224448896
972:57.832,394.501002004008
973:56.236,421.34869739478955
974:47.894,474.685370741483
975:49.9,455.6212424849699
976:49.038,453.7034068136273
977:44.378,477.63326653306615
978:42.634,489.86573146292585
979:43.83,477.2605210420842
980:49.33,439.34669338677355
981:41.842,492.064128256513
982:43.566,478.42284569138275
983:37.38,504.9258517034068
984:44.65,481.7414829659319
985:54.476,418.8436873747495
986:36.142,510.0741482965932
987:36.912,507.28456913827654
988:47.114,479.26653306613224
989:55.19,394.37274549098197
990:53.002,436.0300601202405
991:54.598,439.6012024048096
992:47.696,463.6633266533066
993:56.344,418.94188376753505
994:47.776,490.2625250501002
995:43.744,492.3707414829659
996:60.912,392.0060120240481
997:45.18,464.6052104208417
998:43.77,476.8677354709419
999:44.438,500.02204408817636
1000:41.908,485.0440881763527
1001:47.438,458.5170340681363
1002:58.712,384.31062124248496
1003:57.058,364.76553106212424
1004:61.774,395.5571142284569
1005:56.92,442.98597194388776
1006:57.822,374.19639278557116
1007:58.224,376.9258517034068
1008:54.536,443.57915831663325
1009:61.2,320.8697394789579
1010:56.2,396.563126252505
1011:53.568,435.85971943887773
1012:61.952,348.6052104208417
1013:57.188,302.13426853707415
1014:60.54,316.4128256513026
1015:60.774,410.61523046092185
1016:58.194,328.7194388777555
1017:57.362,362.74549098196394
1018:58.676,419.0480961923848
1019:61.922,372.3426853707415
1020:56.298,401.78957915831666
1021:57.644,287.3887775551102
1022:52.366,255.8056112224449
1023:59.038,304.0941883767535
1024:59.644,336.248496993988
1025:60.108,379.5430861723447
1026:54.934,301.90981963927857
1027:56.54,325.498997995992
1028:59.52,319.14629258517033
1029:59.072,399.8997995991984
1030:56.94,384.1583166332665
1031:59.656,383.6833667334669
1032:53.148,435.34669338677355
1033:50.75,457.50501002004006
1034:41.22,499.5931863727455
1035:44.576,488.17034068136275
1036:36.896,511.3547094188377
1037:46.346,474.5470941883768
1038:53.146,443.8316633266533
1039:48.764,467.35270541082167
1040:50.524,445.46492985971946
1041:45.192,496.74549098196394
1042:46.954,487.53507014028054
1043:53.158,445.07014028056113
1044:47.426,470.4609218436874
1045:47.94,463.46492985971946
1046:42.344,498.4128256513026
1047:52.588,446.563126252505
1048:53.806,438.50501002004006
1049:49.062,457.9739478957916
1050:64.588,402.6673346693387
1051:52.58,445.23446893787576
1052:45.824,476.05811623246495
1053:39.512,499.14629258517033
1054:45.834,474.9539078156313
1055:56.026,422.40881763527057
1056:54.81,412.6372745490982
1057:48.286,478.93987975951904
1058:37.118,502.12424849699397
1059:57.726,415.04208416833666
1060:47.15,474.43086172344687
1061:48.872,471.14228456913827
1062:41.328,491.565130260521
1063:54.27,429.1583166332665
1064:43.824,493.12224448897797
1065:38.798,518.316633266533
1066:38.34,507.4909819639279
1067:40.43,488.08016032064126
1068:50.0,458.3607214428858
1069:38.718,528.1823647294589
1070:43.808,472.00400801603206
1071:43.22,483.498997995992
1072:58.296,403.1843687374749
1073:58.516,389.2985971943888
1074:56.202,443.15230460921845
1075:48.59,456.0120240480962
1076:59.41,430.1362725450902
1077:57.146,447.0280561122245
1078:46.29,482.5310621242485
1079:65.946,352.35671342685373
1080:64.76,368.06012024048096
1081:56.274,425.19038076152304
1082:61.662,329.94789579158316
1083:56.678,402.3867735470942
1084:55.95,404.6012024048096
1085:60.974,395.05811623246495
1086:58.224,388.8376753507014
1087:49.878,462.8256513026052
1088:46.88,455.1062124248497
1089:62.56,394.4729458917836
1090:47.288,469.14228456913827
1091:51.84,465.6112224448898
1092:50.202,460.501002004008
1093:55.924,438.29058116232466
1094:54.514,421.70941883767534
1095:51.096,460.05210420841684
1096:65.612,390.29258517034066
1097:58.678,352.9258517034068
1098:57.808,384.05811623246495
1099:60.446,372.2144288577154
1100:59.66,382.0380761523046
1101:56.304,411.3787575150301
1102:60.59,428.44889779559117
1103:54.882,431.749498997996
1104:41.594,493.7054108216433
1105:45.5,487.87575150300603
1106:50.788,452.5991983967936
1107:60.098,387.9238476953908
1108:57.216,426.8937875751503
1109:57.928,402.0681362725451
1110:59.11,379.314629258517
1111:54.682,429.74549098196394
1112:59.422,395.00200400801606
1113:52.528,439.7194388777555
1114:59.63,397.8416833667335
1115:56.608,421.4509018036072
1116:52.776,444.0921843687375
1117:48.856,463.8356713426854
1118:54.966,449.9639278557114
1119:53.284,470.73346693386776
1120:43.892,503.0821643286573
1121:41.812,499.6012024048096
1122:45.412,485.5571142284569
1123:50.356,456.7815631262525
1124:44.466,477.7755511022044
1125:58.386,393.5390781563126
1126:57.22,402.9058116232465
1127:46.858,463.03406813627254
1128:56.73,410.6693386773547
1129:53.948,446.85370741482967
1130:56.484,368.8256513026052
1131:63.922,380.9058116232465
1132:57.728,387.7134268537074
1133:61.348,350.52104208416836
1134:57.614,333.7955911823647
1135:63.398,378.0661322645291
1136:62.338,387.35871743486973
1137:48.618,446.80961923847696
1138:59.242,427.92184368737475
1139:59.056,393.1923847695391
1140:58.388,398.4509018036072
1141:62.058,361.26653306613224
1142:54.14,266.0120240480962
1143:62.918,370.89579158316633
1144:54.626,394.7374749498998
1145:56.952,363.3687374749499
1146:59.114,395.29058116232466
1147:54.132,418.6312625250501
1148:54.54,429.3807615230461
1149:59.37,425.7815631262525
1150:58.908,388.81963927855713
1151:50.348,463.27054108216436
1152:45.09,487.3426853707415
1153:52.266,431.8797595190381
1154:58.316,347.71543086172346
1155:56.17,424.8076152304609
1156:53.776,432.248496993988
1157:61.186,374.5490981963928
1158:55.608,435.9559118236473
1159:52.36,430.64128256513027
1160:54.108,403.6492985971944
1161:36.916,507.42084168336675
1162:55.304,434.71743486973946
1163:53.046,459.186372745491
1164:49.666,439.7675350701403
1165:55.584,407.6452905811623
1166:58.704,394.8877755511022
1167:58.386,424.5851703406814
1168:56.03,410.5571142284569
1169:50.024,466.751503006012
1170:57.518,405.11422845691385
1171:60.358,395.5831663326653
1172:56.214,388.37474949899797
1173:48.75,449.9739478957916
1174:47.452,469.31062124248496
1175:55.976,427.72745490981964
1176:58.682,375.70741482965934
1177:51.408,445.26452905811624
1178:59.058,305.09819639278555
1179:57.902,360.3426853707415
1180:62.126,373.6573146292585
1181:62.732,366.2304609218437
1182:55.07,416.24649298597194
1183:57.142,324.6132264529058
1184:61.788,350.85771543086173
1185:56.424,391.67935871743487
1186:56.612,326.30060120240483
1187:53.722,337.39078156312627
1188:55.738,412.2765531062124
1189:60.796,367.16032064128257
1190:65.47,356.44689378757516
1191:57.816,371.2625250501002
1192:57.744,372.05210420841684
1193:51.166,443.8356713426854
1194:53.406,427.78356713426854
1195:57.768,406.91983967935874
1196:42.658,477.09619238476955
1197:42.006,497.73346693386776
1198:54.53,457.55911823647295
1199:49.808,446.3186372745491
1200:44.016,475.4068136272545
1201:52.29,441.32064128256513
1202:61.832,397.9238476953908
1203:52.596,426.4328657314629
1204:52.51,429.68937875751504
1205:54.068,425.55110220440883
1206:53.992,388.0280561122245
1207:60.04,329.42084168336675
1208:50.504,443.92985971943887
1209:57.666,398.9739478957916
1210:59.678,403.6112224448898
1211:52.24,443.71543086172346
1212:52.45,452.1062124248497
1213:57.06,383.86573146292585
1214:58.926,399.4168336673347
1215:46.492,462.4008016032064
1216:52.88,431.6492985971944
1217:55.826,387.8496993987976
1218:49.138,426.1923847695391
1219:47.322,463.2024048096192
1220:44.098,466.76352705410824
1221:55.768,411.4148296593186
1222:55.298,425.6192384769539
1223:48.218,461.9639278557114
1224:48.712,453.9178356713427
1225:60.168,392.5430861723447
1226:62.842,402.2785571142285
1227:60.446,378.3807615230461
1228:50.104,431.62525050100203
1229:35.142,515.8416833667335
1230:38.59,499.92785571142286
1231:41.466,465.34068136272543
1232:53.688,416.65330661322645
1233:59.612,355.69939879759517
1234:53.104,403.7374749498998
1235:55.026,400.7014028056112
1236:51.094,412.4709418837675
1237:60.556,363.35871743486973
1238:53.24,442.55911823647295
1239:55.824,399.57114228456913
1240:49.758,455.70941883767534
1241:41.968,479.89178356713427
1242:47.242,463.34068136272543
1243:41.952,487.4448897795591
1244:49.556,450.6953907815631
1245:47.494,463.5110220440882
1246:60.168,353.21042084168334
1247:57.632,414.3947895791583
1248:61.568,351.9318637274549
1249:52.288,443.21643286573146
1250:53.434,430.7374749498998
1251:56.036,419.53306613226454
1252:53.112,438.935871743487
1253:46.25,463.27054108216436
1254:57.406,415.501002004008
1255:48.776,456.85971943887773
1256:42.586,501.87775551102203
1257:36.526,517.062124248497
1258:40.414,494.93987975951904
1259:39.114,506.09819639278555
1260:47.732,466.05210420841684
1261:42.486,488.07014028056113
1262:47.852,468.87775551102203
1263:44.668,478.0761523046092
1264:56.758,438.79158316633266
1265:58.958,409.8076152304609
1266:54.842,432.2605210420842
1267:49.524,450.7374749498998
1268:54.432,430.7134268537074
1269:58.638,418.5551102204409
1270:43.59,497.8256513026052
1271:53.524,448.6673346693387
1272:43.29,488.8316633266533
1273:51.278,456.00200400801606
1274:53.11,463.46693386773546
1275:59.076,389.9238476953908
1276:44.078,493.6192384769539
1277:41.036,496.44088176352705
1278:50.666,461.7675350701403
1279:46.302,476.751503006012
1280:45.712,479.1002004008016
1281:52.41,458.811623246493
1282:50.854,449.1623246492986
1283:48.842,473.14629258517033
1284:50.18,461.81963927855713
1285:49.43,461.5370741482966
1286:52.14,453.5370741482966
1287:58.426,395.1663326653307
1288:55.406,432.4629258517034
1289:53.074,446.1322645290581
1290:45.766,488.7995991983968
1291:46.404,485.16032064128257
1292:49.732,466.0180360721443
1293:47.576,465.09018036072143
1294:59.92,371.2424849699399
1295:57.676,408.2004008016032
1296:59.12,380.28256513026054
1297:55.236,388.2605210420842
1298:57.636,402.9819639278557
1299:53.484,405.8637274549098
1300:62.136,382.8817635270541
1301:52.576,455.85370741482967
1302:45.166,493.5270541082164
1303:55.556,437.6292585170341
1304:56.006,420.75551102204406
1305:54.494,422.1182364729459
1306:55.078,425.82164328657313
1307:48.214,464.6492985971944
1308:51.598,442.09018036072143
1309:55.962,405.17034068136275
1310:45.09,478.064128256513
1311:49.234,478.39679358717433
1312:45.836,499.67735470941886
1313:40.536,485.6813627254509
1314:50.898,461.2565130260521
1315:57.866,362.68937875751504
1316:61.214,330.0360721442886
1317:55.206,417.3426853707415
1318:55.94,415.59118236472943
1319:62.258,365.26452905811624
1320:53.258,419.66132264529057
1321:56.656,413.685370741483
1322:63.456,349.1202404809619
1323:55.55,415.07214428857714
1324:49.244,474.07014028056113
1325:52.978,445.9058116232465
1326:36.612,512.0460921843687
1327:39.022,509.8697394789579
1328:40.962,503.7695390781563
1329:38.916,512.4749498997996
1330:55.382,331.7134268537074
1331:45.798,484.03206412825654
1332:58.068,408.17034068136275
1333:59.95,418.7755511022044
1334:58.98,387.1062124248497
1335:61.476,363.37675350701403
1336:55.842,429.0561122244489
1337:54.42,414.89579158316633
1338:47.694,478.77154308617236
1339:55.986,400.36673346693385
1340:52.022,451.5811623246493
1341:46.846,484.9138276553106
1342:59.29,348.4448897795591
1343:55.69,438.54108216432866
1344:60.264,400.34669338677355
1345:61.894,369.9078156312625
1346:59.178,399.0280561122245
1347:58.508,362.7014028056112
1348:57.324,423.6132264529058
1349:61.026,404.2865731462926
1350:59.936,343.03406813627254
1351:64.098,367.34869739478955
1352:57.866,394.01402805611224
1353:55.192,379.58917835671343
1354:60.982,353.78957915831666
1355:57.992,382.3687374749499
1356:49.936,452.38276553106215
1357:56.284,415.1563126252505
1358:58.402,392.69939879759517
1359:54.49,420.2224448897796
1360:53.086,438.2625250501002
1361:50.192,444.9559118236473
1362:46.944,474.80961923847696
1363:48.49,448.186372745491
1364:54.64,411.6492985971944
1365:45.868,486.97595190380764
1366:52.524,442.36472945891785
1367:48.676,474.7775551102204
1368:52.518,448.2985971943888
1369:59.158,400.2585170340681
1370:42.22,491.3687374749499
1371:57.216,430.93987975951904
1372:52.442,445.21643286573146
1373:56.964,432.7875751503006
1374:55.754,439.1943887775551
1375:42.244,491.687374749499
1376:58.472,398.0260521042084
1377:60.778,399.2745490981964
1378:51.692,437.436873747495
1379:52.118,446.87174348697397
1380:60.076,411.06012024048096
1381:56.81,424.67735470941886
1382:53.39,448.9138276553106
1383:56.792,438.8817635270541
1384:57.04,423.5731462925852
1385:55.664,341.34068136272543
1386:54.366,424.99599198396794
1387:50.496,466.97595190380764
1388:60.096,392.42284569138275
1389:63.708,345.32865731462925
1390:55.952,407.03206412825654
1391:59.662,385.11623246492985
1392:61.022,411.4729458917836
1393:58.046,415.60721442885773
1394:55.876,409.73547094188376
1395:59.748,398.92985971943887
1396:64.426,376.85370741482967
1397:52.912,401.2224448897796
1398:57.442,402.88577154308615
1399:57.754,388.94789579158316
1400:59.212,325.8697394789579
1401:53.42,435.98597194388776
1402:60.116,401.2685370741483
1403:50.984,447.8897795591182
1404:61.908,377.04208416833666
1405:63.364,346.8356713426854
1406:52.654,439.60921843687373
1407:54.478,438.85771543086173
1408:52.76,427.51503006012024
1409:64.986,385.2565130260521
1410:62.71,379.62324649298597
1411:61.442,355.32665330661325
1412:64.018,366.67935871743487
1413:59.324,335.06012024048096
1414:57.43,331.6833667334669
1415:61.626,360.3346693386774
1416:55.89,379.6753507014028
1417:62.13,360.21643286573146
1418:58.83,364.0380761523046
1419:58.454,370.3326653306613
1420:59.258,377.1362725450902
1421:63.932,372.5751503006012
1422:57.38,295.25250501002006
1423:41.354,195.71543086172343
1424:64.744,359.87174348697397
1425:57.32,335.5430861723447
1426:57.55,309.6953907815631
1427:63.816,313.0741482965932
1428:58.192,312.35871743486973
1429:55.88,298.250501002004
1430:60.444,355.19839679358716
1431:63.4,347.57715430861725
1432:55.304,284.6212424849699
1433:62.0,308.1322645290581
1434:57.926,348.60320641282567
1435:61.85,361.60921843687373
1436:57.394,300.1062124248497
1437:60.832,384.186372745491
1438:57.442,347.1583166332665
1439:61.628,382.2685370741483
1440:56.172,426.7995991983968
1441:57.198,389.062124248497
1442:56.772,314.14028056112227
1443:58.258,333.39078156312627
1444:57.802,426.65931863727457
1445:55.172,406.8977955911824
1446:57.154,418.0681362725451
1447:51.562,422.81963927855713
1448:49.96,444.7695390781563
1449:41.16,503.186372745491
1450:53.746,411.21042084168334
1451:57.506,392.937875751503
1452:56.944,398.2685370741483
1453:60.27,395.3807615230461
1454:61.104,335.0501002004008
1455:57.672,334.0
1456:53.218,354.6953907815631
1457:53.612,390.57715430861725
1458:49.308,457.55310621242484
1459:46.374,454.52304609218436
1460:53.634,434.92184368737475
1461:55.676,378.6132264529058
1462:56.988,409.4509018036072
1463:52.682,439.8376753507014
1464:58.104,397.8517034068136
1465:60.416,408.0440881763527
1466:59.562,399.813627254509
1467:53.002,431.8897795591182
1468:57.236,387.563126252505
1469:58.494,400.5811623246493
1470:51.326,436.6132264529058
1471:52.108,439.3887775551102
1472:57.226,371.21643286573146
1473:53.214,411.2124248496994
1474:55.066,407.8797595190381
1475:50.762,430.2124248496994
1476:56.656,397.89178356713427
1477:58.758,407.5731462925852
1478:49.936,440.86573146292585
1479:56.898,427.4509018036072
1480:58.524,361.9078156312625
1481:48.936,452.23647294589176
1482:49.426,437.34869739478955
1483:43.978,483.47895791583164
1484:40.538,483.2404809619238
1485:58.42,351.1482965931864
1486:55.862,398.7795591182365
1487:57.692,384.0180360721443
1488:49.718,449.7795591182365
1489:60.064,329.74749498997994
1490:54.272,380.0761523046092
1491:59.802,385.2304609218437
1492:49.434,457.248496993988
1493:52.522,451.0280561122245
1494:60.112,383.65130260521045
1495:58.21,420.69138276553105
1496:62.274,371.8336673346693
1497:58.078,321.32865731462925
1498:60.288,337.8356713426854
1499:58.346,377.89178356713427
1500:63.68,369.85771543086173
1501:62.022,378.5751503006012
1502:56.68,408.7034068136273
1503:56.216,416.68937875751504
1504:58.134,402.9058116232465
1505:54.164,411.62324649298597
1506:57.816,376.09819639278555
1507:61.95,395.6452905811623
1508:58.73,382.4509018036072
1509:58.258,392.13426853707415
1510:59.666,389.4929859719439
1511:49.606,458.7975951903808
1512:54.384,443.02204408817636
1513:57.574,403.2244488977956
1514:55.512,411.82965931863725
1515:60.554,325.02404809619236
1516:52.88,377.00200400801606
1517:57.538,385.05210420841684
1518:53.438,405.2184368737475
1519:54.974,387.56913827655313
1520:46.25,459.5130260521042
1521:49.974,429.50300601202406
1522:54.582,411.3887775551102
1523:51.954,409.76352705410824
1524:55.484,401.61523046092185
1525:58.244,367.58917835671343
1526:53.374,445.2985971943888
1527:64.874,359.23446893787576
1528:49.656,441.30060120240483
1529:60.59,416.5450901803607
1530:52.722,379.5430861723447
1531:55.072,418.70741482965934
1532:60.682,361.312625250501
1533:48.3,444.6212424849699
1534:51.008,445.69739478957916
1535:59.15,376.03206412825654
1536:40.536,488.2985971943888
1537:35.838,517.0040080160321
1538:50.598,448.1002004008016
1539:53.332,431.76352705410824
1540:52.402,433.4709418837675
1541:41.912,489.4448897795591
1542:53.686,449.55911823647295
1543:52.446,441.9258517034068
1544:60.774,369.4869739478958
1545:54.86,403.57915831663325
1546:54.004,412.29058116232466
1547:45.018,471.1302605210421
1548:46.03,478.8176352705411
1549:58.948,340.0300601202405
1550:56.626,371.1322645290581
1551:54.016,404.24649298597194
1552:53.818,425.6112224448898
1553:47.86,453.9338677354709
1554:48.0,478.8336673346693
1555:57.796,431.39278557114227
1556:58.73,352.498997995992
1557:56.096,427.4909819639279
1558:55.944,407.0460921843687
1559:57.906,382.563126252505
1560:58.4,387.4749498997996
1561:57.594,390.6933867735471
1562:61.248,370.28256513026054
1563:55.716,372.1643286573146
1564:50.274,453.4629258517034
1565:52.012,426.1322645290581
1566:56.622,402.12625250501003
1567:55.072,393.9178356713427
1568:61.196,360.64328657314627
1569:58.028,371.12825651302603
1570:53.406,438.12224448897797
1571:67.328,399.59519038076155
1572:61.088,392.2685370741483
1573:57.138,398.67735470941886
1574:49.348,466.64729458917833
1575:56.518,426.06012024048096
1576:52.684,458.0300601202405
1577:56.196,439.0681362725451
1578:53.91,419.64128256513027
1579:64.058,362.69739478957916
1580:60.96,357.60721442885773
1581:61.226,360.9699398797595
1582:57.812,419.0841683366734
1583:51.266,444.14228456913827
1584:43.584,481.00200400801606
1585:43.61,465.5190380761523
1586:58.174,419.70941883767534
1587:62.842,314.85370741482967
1588:58.204,344.39679358717433
1589:60.034,387.43086172344687
1590:56.876,413.4448897795591
1591:52.27,424.95991983967934
1592:56.786,404.4448897795591
1593:50.324,450.3707414829659
1594:57.432,417.69739478957916
1595:57.662,411.93987975951904
1596:55.74,429.5090180360721
1597:51.58,429.5270541082164
1598:57.216,429.2605210420842
1599:47.506,471.6693386773547
1600:59.01,411.2765531062124
1601:57.844,400.2985971943888
1602:53.916,446.5450901803607
1603:54.376,437.6673346693387
1604:53.988,454.22645290581164
1605:54.894,406.1122244488978
1606:47.728,460.8336673346693
1607:57.466,359.26653306613224
1608:47.94,466.1583166332665
1609:54.048,424.8336673346693
1610:50.87,461.0180360721443
1611:51.744,460.2324649298597
1612:60.682,335.63527054108215
1613:47.228,477.687374749499
1614:54.566,460.92184368737475
1615:49.754,445.4709418837675
1616:48.486,470.4729458917836
1617:40.144,505.17034068136275
1618:50.246,476.0761523046092
1619:61.054,421.38276553106215
1620:50.652,463.4529058116232
1621:51.304,457.1322645290581
1622:58.134,435.99799599198394
1623:34.422,525.5891783567134
1624:50.812,464.36673346693385
1625:50.376,442.811623246493
1626:54.646,417.7815631262525
1627:60.45,438.01402805611224
1628:38.5,513.5691382765531
1629:50.878,458.30260521042084
1630:36.16,524.1182364729459
1631:47.212,477.0921843687375
1632:46.948,465.22845691382764
1633:44.24,483.4448897795591
1634:46.916,472.73346693386776
1635:50.852,438.09619238476955
1636:57.92,443.5490981963928
1637:31.566,531.12625250501
1638:47.572,479.37474949899797
1639:59.3,391.1202404809619
1640:45.208,482.77354709418836
1641:49.512,455.60320641282567
1642:50.546,454.2244488977956
1643:44.148,496.16032064128257
1644:49.904,460.32064128256513
1645:55.414,438.7414829659319
1646:54.594,418.935871743487
1647:54.162,460.95991983967934
1648:58.198,402.3366733466934
1649:48.702,443.82164328657313
1650:56.002,418.6012024048096
1651:61.116,390.1583166332665
1652:48.546,472.17034068136275
1653:48.786,463.92184368737475
1654:50.328,457.3887775551102
1655:43.95,488.11422845691385
1656:58.968,421.73346693386776
1657:37.562,517.629258517034
1658:55.83,434.53507014028054
1659:52.62,449.7314629258517
1660:56.146,435.314629258517
1661:45.364,480.2124248496994
1662:51.506,459.4168336673347
1663:53.162,435.57114228456913
1664:49.096,468.96793587174346
1665:60.91,379.6553106212425
1666:54.786,410.3887775551102
1667:53.718,442.1322645290581
1668:58.332,392.24448897795594
1669:49.526,457.4529058116232
1670:52.54,443.1743486973948
1671:49.006,459.2765531062124
1672:60.036,382.8517034068136
1673:47.232,483.82164328657313
1674:49.192,443.2585170340681
1675:40.62,508.9238476953908
1676:57.488,414.2585170340681
1677:52.312,436.89178356713427
1678:56.406,420.6012024048096
1679:60.18,355.25450901803606
1680:54.11,421.2244488977956
1681:48.238,465.0280561122245
1682:59.028,400.8176352705411
1683:57.206,423.78957915831666
1684:49.126,458.4328657314629
1685:47.684,464.3887775551102
1686:49.24,445.7975951903808
1687:55.606,401.9699398797595
1688:51.622,460.811623246493
1689:35.02,519.6192384769539
1690:65.46,346.55110220440883
1691:56.554,419.84769539078155
1692:50.326,464.8416833667335
1693:42.052,497.81963927855713
1694:51.878,460.80160320641284
1695:56.578,408.3707414829659
1696:60.944,372.71543086172346
1697:55.418,383.4569138276553
1698:51.816,467.0080160320641
1699:39.794,498.9058116232465
1700:47.242,464.2324649298597
1701:35.686,514.4468937875752
1702:58.424,373.1623246492986
1703:44.68,460.3046092184369
1704:57.574,305.9238476953908
1705:56.574,321.0100200400802
1706:54.414,276.1823647294589
1707:56.35,286.5070140280561
1708:57.534,309.0501002004008
1709:61.644,386.8817635270541
1710:63.584,292.6012024048096
1711:60.54,360.2204408817635
1712:60.35,292.7775551102204
1713:58.242,333.3707414829659
1714:53.198,257.751503006012
1715:60.168,294.09018036072143
1716:60.914,349.4729458917836
1717:57.776,413.52304609218436
1718:61.98,372.18036072144287
1719:59.252,393.5731462925852
1720:55.71,427.22645290581164
1721:61.102,351.17034068136275
1722:51.154,443.9318637274549
1723:54.782,431.1923847695391
1724:61.12,367.40480961923845
1725:64.23,380.09619238476955
1726:58.288,393.71543086172346
1727:50.504,425.73547094188376
1728:48.456,453.4428857715431
1729:54.394,415.9318637274549
1730:52.64,447.28256513026054
1731:51.814,452.5130260521042
1732:56.144,331.46693386773546
1733:56.15,365.9719438877755
1734:56.6,410.9338677354709
1735:62.638,370.3987975951904
1736:59.328,303.3246492985972
1737:63.714,371.2124248496994
1738:61.63,354.26653306613224
1739:59.564,322.9178356713427
1740:56.684,381.5110220440882
1741:59.942,393.69939879759517
1742:53.296,423.3867735470942
1743:53.144,451.751503006012
1744:56.056,450.0200400801603
1745:50.108,430.0561122244489
1746:50.14,460.32264529058114
1747:62.174,374.59519038076155
1748:56.224,419.62324649298597
1749:55.096,364.9338677354709
1750:59.756,401.062124248497
1751:52.046,434.0180360721443
1752:61.192,376.09619238476955
1753:57.904,412.7034068136273
1754:60.792,380.6392785571142
1755:54.16,422.6953907815631
1756:60.394,411.26452905811624
1757:50.72,457.2384769539078
1758:38.15,504.40480961923845
1759:47.852,459.4549098196393
1760:59.39,364.51503006012024
1761:54.538,441.02204408817636
1762:59.35,431.8937875751503
1763:44.464,491.7855711422846
1764:46.3,463.8056112224449
1765:43.906,488.7955911823647
1766:45.838,470.3066132264529
1767:53.654,439.09619238476955
1768:52.148,441.3346693386774
1769:61.968,386.0120240480962
1770:57.586,418.7234468937876
1771:60.628,384.94789579158316
1772:61.88,402.30861723446895
1773:59.122,359.6292585170341
1774:48.894,437.28456913827654
1775:48.646,462.2585170340681
1776:55.884,410.3707414829659
1777:56.97,355.0541082164329
1778:65.59,367.69939879759517
1779:57.674,399.1823647294589
1780:52.422,405.5130260521042
1781:57.818,390.69138276553105
1782:57.966,415.2304609218437
1783:42.178,487.42284569138275
1784:59.898,369.4729458917836
1785:65.162,321.1503006012024
1786:58.68,380.0501002004008
1787:53.074,447.98396793587176
1788:58.068,425.32665330661325
1789:62.112,354.6192384769539
1790:61.858,341.9639278557114
1791:62.628,361.88376753507015
1792:59.868,392.97795591182364
1793:62.966,347.5831663326653
1794:57.426,413.4268537074148
1795:62.354,381.67935871743487
1796:58.954,422.6192384769539
1797:58.042,421.6132264529058
1798:59.804,397.9238476953908
1799:53.212,414.96593186372746
1800:62.964,378.7194388777555
1801:59.718,348.3246492985972
1802:55.712,442.28256513026054
1803:61.882,397.59118236472943
1804:52.376,433.25450901803606
1805:56.808,324.501002004008
1806:64.27,325.59118236472943
1807:62.846,328.2885771543086
1808:62.052,362.1102204408818
1809:59.944,315.3446893787575
1810:59.222,272.687374749499
1811:59.162,398.51503006012024
1812:56.794,379.1923847695391
1813:57.69,388.37274549098197
1814:64.352,375.434869739479
1815:60.774,342.7194388777555
1816:55.076,429.11623246492985
1817:59.624,391.19839679358716
1818:63.654,332.5390781563126
1819:58.688,406.81963927855713
1820:65.758,352.59519038076155
1821:60.688,315.9338677354709
1822:58.848,409.87374749498997
1823:59.69,341.80961923847696
1824:62.292,384.3867735470942
1825:60.734,394.4729458917836
1826:63.346,357.46492985971946
1827:55.894,344.2404809619238
1828:59.854,412.7014028056112
1829:60.146,356.09018036072143
1830:57.324,272.4689378757515
1831:61.83,303.8897795591182
1832:59.872,312.07214428857714
1833:63.138,281.51503006012024
1834:57.202,414.4428857715431
1835:62.748,371.52104208416836
1836:58.866,347.2064128256513
1837:45.376,233.34869739478958
1838:61.43,327.314629258517
1839:63.616,360.68937875751504
1840:57.738,304.7955911823647
1841:67.876,336.27254509018036
1842:61.376,360.32665330661325
1843:54.534,421.7194388777555
1844:64.634,393.85370741482967
1845:66.352,339.63527054108215
1846:59.75,400.67334669338675
1847:58.39,398.71743486973946
1848:59.01,380.1663326653307
1849:60.538,411.37274549098197
1850:67.78,384.6192384769539
1851:55.56,430.685370741483
1852:60.606,341.9739478957916
1853:58.388,290.72945891783564
1854:59.438,398.6693386773547
1855:61.094,343.3687374749499
1856:63.096,350.1382765531062
1857:62.086,321.4729458917836
1858:57.496,411.2565130260521
1859:56.616,444.1763527054108
1860:61.774,348.8677354709419
1861:59.354,297.40480961923845
1862:60.802,296.34869739478955
1863:60.83,318.1322645290581
1864:66.074,364.46693386773546
1865:60.204,368.98396793587176
1866:60.162,305.88376753507015
1867:64.052,312.07815631262525
1868:59.576,329.0541082164329
1869:61.854,370.1823647294589
1870:57.1,396.5671342685371
1871:51.292,444.1683366733467
1872:48.94,463.5430861723447
1873:47.284,459.5170340681363
1874:58.928,437.32665330661325
1875:52.776,426.32264529058114
1876:55.844,409.1122244488978
1877:59.04,376.2304609218437
1878:55.752,305.1923847695391
1879:61.09,373.95791583166334
1880:59.464,356.7214428857715
1881:63.094,356.2985971943888
1882:59.744,348.4448897795591
1883:55.89,402.89579158316633
1884:62.124,387.5731462925852
1885:58.304,384.1442885771543
1886:57.602,387.2044088176353
1887:58.556,413.04008016032066
1888:48.764,455.0681362725451
1889:64.31,362.90180360721445
1890:55.13,435.39679358717433
1891:62.356,402.73346693386776
1892:62.28,405.02404809619236
1893:60.446,404.07214428857714
1894:48.25,458.1823647294589
1895:58.536,375.87174348697397
1896:60.534,390.7615230460922
1897:56.576,410.53507014028054
1898:53.252,401.3326653306613
1899:58.274,388.91182364729457
1900:55.458,296.66132264529057
1901:67.496,382.34869739478955
1902:59.82,387.5571142284569
1903:59.814,366.5070140280561
1904:62.082,370.2024048096192
1905:60.006,374.5931863727455
1906:62.062,390.63326653306615
1907:54.978,432.23647294589176
1908:51.282,464.7314629258517
1909:60.69,401.20841683366734
1910:60.378,398.63326653306615
1911:57.388,418.05811623246495
1912:62.634,332.6693386773547
1913:60.738,388.1823647294589
1914:55.008,447.68937875751504
1915:59.548,288.4549098196393
1916:59.196,313.7995991983968
1917:60.224,392.65130260521045
1918:64.816,311.8897795591182
1919:66.09,347.99799599198394
1920:63.666,314.2785571142285
1921:56.88,260.5070140280561
1922:53.902,302.0761523046092
1923:64.63,341.6553106212425
1924:60.25,304.9639278557114
1925:61.798,334.33867735470943
1926:59.25,402.9318637274549
1927:51.968,338.5671342685371
1928:61.38,354.89579158316633
1929:65.63,370.8897795591182
1930:57.154,382.062124248497
1931:63.014,352.2805611222445
1932:56.46,409.10420841683367
1933:62.708,390.2184368737475
1934:60.402,317.18036072144287
1935:60.582,389.51503006012024
1936:62.122,358.52304609218436
1937:59.748,348.8997995991984
1938:53.346,433.75350701402806
1939:57.24,419.4188376753507
1940:60.28,417.2004008016032
1941:54.964,281.7134268537074
1942:58.658,266.1102204408818
1943:60.43,337.6372745490982
1944:67.708,340.9438877755511
1945:62.038,349.92985971943887
1946:60.464,373.1062124248497
1947:58.33,380.90981963927857
1948:63.624,362.89579158316633
1949:59.89,293.8376753507014
1950:62.81,333.2585170340681
1951:53.692,272.8897795591182
1952:58.048,339.0861723446894
1953:57.914,262.64128256513027
1954:64.08,352.3547094188377
1955:60.0,387.56112224448896
1956:58.564,349.9719438877755
1957:60.718,321.70741482965934
1958:62.174,392.24649298597194
1959:63.956,332.34669338677355
1960:61.414,307.50501002004006
1961:60.032,302.7795591182365
1962:59.718,362.5270541082164
1963:59.744,349.44689378757516
1964:60.142,360.1923847695391
1965:53.968,432.0480961923848
1966:57.082,412.80160320641284
1967:53.952,436.15230460921845
1968:60.89,345.25250501002006
1969:57.594,440.6212424849699
1970:67.95,357.2765531062124
1971:62.304,388.7855711422846
1972:57.856,382.0380761523046
1973:57.596,344.248496993988
1974:59.88,364.2605210420842
1975:59.806,387.0941883767535
1976:62.478,340.29258517034066
1977:63.184,327.8416833667335
1978:61.566,304.2124248496994
1979:58.88,385.2224448897796
1980:57.132,332.5551102204409
1981:60.478,403.8356713426854
1982:64.542,366.90180360721445
1983:61.634,324.6312625250501
1984:59.23,316.62324649298597
1985:57.226,285.2064128256513
1986:57.494,348.94188376753505
1987:65.258,345.56112224448896
1988:58.038,361.4729458917836
1989:61.092,351.9739478957916
1990:50.796,266.4248496993988
1991:60.328,360.3066132264529
1992:61.452,365.7314629258517
1993:59.124,374.2805611222445
1994:61.688,387.1623246492986
1995:55.288,387.0841683366734
1996:56.912,370.42885771543087
1997:61.73,348.7995991983968
1998:62.406,366.34068136272543
1999:63.812,339.2605210420842
2000:56.332,306.8637274549098
2001:63.906,376.6372745490982
2002:58.018,379.5731462925852
2003:61.088,303.3046092184369
2004:56.648,383.71743486973946
2005:59.94,332.09619238476955
2006:57.114,398.85771543086173
2007:61.174,386.26653306613224
2008:57.934,258.32264529058114
2009:58.358,301.937875751503
2010:57.652,370.81963927855713
2011:58.02,282.8436873747495
2012:56.602,291.8436873747495
2013:53.536,250.18436873747495
2014:63.51,370.6392785571142
2015:57.17,281.2985971943888
2016:57.352,328.21643286573146
2017:56.108,306.7434869739479
2018:53.958,282.1002004008016
2019:51.808,256.9238476953908
2020:59.868,318.39278557114227
2021:53.898,272.72945891783564
2022:56.266,260.37474949899797
2023:58.012,317.01402805611224
2024:63.414,347.3306613226453
2025:63.102,327.92785571142286
2026:57.172,266.55911823647295
2027:55.152,270.6933867735471
2028:59.74,372.99599198396794
2029:57.318,304.1382765531062
2030:57.19,324.52304609218436
2031:55.84,269.0841683366734
2032:58.604,325.5551102204409
2033:58.686,351.30260521042084
2034:63.888,315.6813627254509
2035:58.45,309.91182364729457
2036:64.504,300.9799599198397
2037:54.572,437.42885771543087
2038:63.752,363.92985971943887
2039:53.584,437.21042084168334
2040:55.532,430.5450901803607
2041:59.092,405.17835671342687
2042:62.72,376.36472945891785
2043:60.234,316.26452905811624
2044:60.694,361.7034068136273
2045:63.5,356.7434869739479
2046:58.666,376.21643286573146
2047:60.344,353.4128256513026
2048:62.332,386.0661322645291
2049:55.16,418.01402805611224
2050:53.114,419.1062124248497
2051:62.984,307.53507014028054
2052:62.244,338.3366733466934
2053:57.926,372.03406813627254
2054:57.438,426.2324649298597
2055:63.97,347.67334669338675
2056:58.926,373.85971943887773
2057:63.51,367.6052104208417
2058:59.516,324.6192384769539
2059:58.43,370.34669338677355
2060:58.3,379.3166332665331
2061:60.516,383.3627254509018
2062:57.0,375.0300601202405
2063:62.092,370.4188376753507
2064:57.27,313.71543086172346
2065:61.948,375.8356713426854
2066:56.914,381.07214428857714
2067:59.458,392.52104208416836
2068:60.164,378.8817635270541
2069:58.858,338.82164328657313
2070:59.566,319.4168336673347
2071:58.546,344.7194388777555
2072:60.574,358.73346693386776
2073:55.268,315.8076152304609
2074:56.368,429.7054108216433
2075:64.598,364.7855711422846
2076:60.032,366.92985971943887
2077:64.262,372.39679358717433
2078:55.94,345.1763527054108
2079:61.496,333.82164328657313
2080:58.014,281.6573146292585
2081:54.946,309.2404809619238
2082:51.31,372.3446893787575
2083:58.206,362.92785571142286
2084:57.478,418.5390781563126
2085:56.076,322.4709418837675
2086:55.626,419.46693386773546
2087:59.314,399.3707414829659
2088:62.554,332.5110220440882
2089:60.064,341.7775551102204
2090:59.964,353.4829659318637
2091:61.332,318.3987975951904
2092:63.708,361.27054108216436
2093:62.564,373.66132264529057
2094:63.052,373.95791583166334
2095:62.11,342.35671342685373
2096:59.128,295.6693386773547
2097:59.196,361.1823647294589
2098:58.828,370.85370741482967
2099:58.574,364.0480961923848
2100:54.56,437.8617234468938
2101:59.076,422.7394789579158
2102:51.944,436.87374749498997
2103:59.376,380.65931863727457
2104:60.25,307.0861723446894
2105:61.044,364.687374749499
2106:56.264,382.5170340681363
2107:59.682,317.1122244488978
2108:62.996,349.9939879759519
2109:57.522,314.0180360721443
2110:53.396,429.40480961923845
2111:62.554,393.71543086172346
2112:60.396,346.7975951903808
2113:61.662,371.4929859719439
2114:60.486,317.39679358717433
2115:57.376,418.3627254509018
2116:58.508,397.18036072144287
2117:61.024,363.8056112224449
2118:58.674,383.90380761523045
2119:59.198,325.434869739479
2120:59.426,354.7775551102204
2121:58.238,374.07815631262525
2122:56.416,426.86573146292585
2123:59.766,373.92184368737475
2124:62.822,361.4909819639279
2125:53.812,445.08817635270543
2126:51.994,433.81963927855713
2127:60.73,349.5370741482966
2128:60.69,351.4609218436874
2129:57.826,285.4729458917836
2130:61.626,397.7254509018036
2131:59.776,373.7414829659319
2132:53.95,431.8416833667335
2133:68.1,346.188376753507
2134:60.274,306.5490981963928
2135:58.67,380.0100200400802
2136:59.68,421.29258517034066
2137:57.388,419.565130260521
2138:56.972,399.0200400801603
2139:58.83,403.07214428857714
2140:50.362,230.43486973947896
2141:59.926,353.67935871743487
2142:61.886,331.5450901803607
2143:54.362,311.9559118236473
2144:59.328,344.7995991983968
2145:58.852,411.28256513026054
2146:64.478,389.6052104208417
2147:62.554,297.8496993987976
2148:53.37,433.7695390781563
2149:61.246,378.3807615230461
2150:59.154,408.1623246492986
2151:52.75,450.1763527054108
2152:56.46,443.6312625250501
2153:55.092,454.05210420841684
2154:59.986,388.61523046092185
2155:61.086,379.35270541082167
2156:61.708,346.8056112224449
2157:65.532,371.7054108216433
2158:57.562,328.2424849699399
2159:62.314,398.66132264529057
2160:58.864,412.6492985971944
2161:60.586,383.1442885771543
2162:60.84,361.71743486973946
2163:64.592,379.0741482965932
2164:60.446,354.62725450901803
2165:62.642,366.32264529058114
2166:59.886,301.5571142284569
2167:63.45,316.5671342685371
2168:57.726,354.31062124248496
2169:63.66,359.3446893787575
2170:61.972,320.2064128256513
2171:60.86,354.4448897795591
2172:64.152,340.75350701402806
2173:58.956,405.78957915831666
2174:60.114,362.64128256513027
2175:62.628,325.9799599198397
2176:60.47,299.17835671342687
2177:62.146,358.7815631262525
2178:64.566,349.6492985971944
2179:61.63,314.38476953907815
2180:62.01,298.563126252505
2181:64.568,344.248496993988
2182:66.518,317.98597194388776
2183:51.364,252.2925851703407
2184:60.94,355.2765531062124
2185:56.08,311.314629258517
2186:61.156,286.3166332665331
2187:57.578,306.9158316633266
2188:59.938,387.52304609218436
2189:67.164,366.37274549098197
2190:58.368,309.8877755511022
2191:54.984,251.81362725450902
2192:53.998,252.80961923847696
2193:60.96,393.23446893787576
2194:60.592,366.5751503006012
2195:59.802,328.7054108216433
2196:61.668,374.56112224448896
2197:53.666,375.38476953907815
2198:59.686,399.17835671342687
2199:63.786,340.04008016032066
2200:60.86,280.56913827655313
2201:60.82,308.66132264529057
2202:55.554,272.06012024048096
2203:48.946,234.9178356713427
2204:52.596,253.99599198396794
2205:53.838,234.40480961923848
2206:55.286,257.12424849699397
2207:60.104,286.2605210420842
2208:63.856,276.9078156312625
2209:57.59,288.7815631262525
2210:61.672,315.3426853707415
2211:64.958,346.7434869739479
2212:60.3,349.38476953907815
2213:63.096,332.50501002004006
2214:57.936,374.25450901803606
2215:55.388,264.3787575150301
2216:61.514,305.86573146292585
2217:63.604,310.6633266533066
2218:60.616,343.064128256513
2219:59.042,289.2745490981964
2220:59.228,250.9759519038076
2221:53.34,229.77555110220442
2222:61.75,318.25450901803606
2223:50.396,225.74549098196394
2224:57.228,350.32264529058114
2225:64.344,328.00400801603206
2226:62.992,344.76352705410824
2227:57.794,390.02404809619236
2228:62.528,343.4328657314629
2229:62.158,354.1663326653307
2230:61.768,352.2805611222445
2231:42.054,499.25450901803606
2232:56.86,434.0180360721443
2233:56.576,411.1943887775551
2234:58.288,410.436873747495
2235:47.496,461.6693386773547
2236:59.164,443.8436873747495
2237:62.682,360.9919839679359
2238:51.866,443.3326653306613
2239:49.818,472.1943887775551
2240:38.324,505.77354709418836
2241:57.924,442.7434869739479
2242:44.682,442.5811623246493
2243:56.334,431.7434869739479
2244:46.95,477.60921843687373
2245:51.566,461.51503006012024
2246:49.506,446.91182364729457
2247:58.272,425.6492985971944
2248:47.996,462.74749498997994
2249:50.75,459.8416833667335
2250:57.374,382.2965931863727
2251:56.926,414.6653306613226
2252:46.17,467.69939879759517
2253:49.278,464.35270541082167
2254:50.592,452.22845691382764
2255:49.102,452.2585170340681
2256:38.926,489.6492985971944
2257:55.676,384.0460921843687
2258:49.366,437.37274549098197
2259:50.614,464.89178356713427
2260:58.126,368.7194388777555
2261:58.72,393.05811623246495
2262:60.508,415.7374749498998
2263:59.9,357.48496993987976
2264:54.568,415.6492985971944
2265:58.5,400.8176352705411
2266:55.41,421.87575150300603
2267:52.512,432.17034068136275
2268:57.608,357.67735470941886
2269:62.678,363.2945891783567
2270:55.036,395.8997995991984
2271:61.368,344.4248496993988
2272:63.06,357.5851703406814
2273:55.642,428.1643286573146
2274:49.78,457.68937875751504
2275:44.486,485.10420841683367
2276:58.096,409.89579158316633
2277:51.04,455.1382765531062
2278:49.458,453.15430861723445
2279:57.648,388.42885771543087
2280:45.376,482.7875751503006
2281:43.798,486.2324649298597
2282:46.238,474.73547094188376
2283:52.76,453.7014028056112
2284:53.026,406.67735470941886
2285:49.636,456.1743486973948
2286:50.448,439.4609218436874
2287:49.722,447.3366733466934
2288:42.634,495.6813627254509
2289:53.962,462.7995991983968
2290:43.308,477.00200400801606
2291:52.73,462.9719438877755
2292:48.592,456.7394789579158
2293:41.048,496.6753507014028
2294:42.498,481.0080160320641
2295:38.352,505.44088176352705
2296:47.566,467.55310621242484
2297:43.446,468.3867735470942
2298:49.744,449.7394789579158
2299:56.344,426.3867735470942
2300:51.846,430.39679358717433
2301:45.146,478.4909819639279
2302:34.556,513.3186372745491
2303:43.956,476.69739478957916
2304:53.97,433.2945891783567
2305:44.982,485.57715430861725
2306:52.606,443.434869739479
2307:41.68,486.1763527054108
2308:43.442,476.8076152304609
2309:41.904,483.50300601202406
2310:57.284,398.55911823647295
2311:59.034,434.11422845691385
