0:54.16,258.1503006012024
1:53.614,245.6312625250501
2:53.272,235.47094188376752
3:51.218,236.06412825651302
4:52.394,226.66132264529057
5:48.128,216.0320641282565
6:56.846,252.4308617234469
7:54.344,227.8697394789579
8:54.114,245.9679358717435
9:49.178,227.28857715430863
10:48.68,235.70140280561122
11:49.386,227.82565130260522
12:45.618,198.20841683366734
13:42.082,170.83567134268537
14:46.78,192.31262525050101
15:44.308,178.37074148296594
16:51.282,243.87374749498997
17:58.146,238.34669338677355
18:59.27,342.7675350701403
19:57.636,244.41482965931863
20:54.284,229.4689378757515
21:46.242,212.09218436873746
22:47.032,195.57114228456913
23:44.264,178.79158316633266
24:47.052,222.8316633266533
25:47.384,211.70140280561122
26:58.01,277.34068136272543
27:45.916,205.05410821643287
28:45.996,197.13426853707415
29:45.412,205.75751503006012
30:51.524,227.98396793587173
31:47.202,203.62324649298597
32:53.13,233.88977955911824
33:50.562,217.78356713426854
34:39.998,185.91983967935872
35:52.936,231.01002004008015
36:46.92,201.39679358717436
37:57.45,288.9058116232465
38:54.57,238.44088176352705
39:46.914,201.84569138276552
40:49.522,220.3927855711423
41:48.046,222.92184368737475
42:46.66,183.61523046092185
43:45.232,203.4949899799599
44:51.444,252.45891783567134
45:50.092,219.36072144288576
46:47.776,225.86573146292585
47:44.35,197.87374749498997
48:35.786,157.8376753507014
49:31.054,124.58316633266533
50:42.688,177.52304609218436
51:40.186,183.87174348697394
52:34.2,134.2745490981964
53:29.672,123.70941883767534
54:29.682,121.36673346693387
55:36.984,162.17034068136272
56:50.892,225.4248496993988
57:38.548,160.6012024048096
58:43.942,174.92184368737475
59:26.19,108.81362725450902
60:43.366,184.00200400801603
61:38.396,162.5751503006012
62:43.422,168.6492985971944
63:41.148,174.4689378757515
64:30.51,119.14028056112224
65:38.036,150.14228456913827
66:44.654,176.00801603206412
67:38.878,174.95591182364728
68:55.714,236.00400801603206
69:50.606,215.21042084168337
70:49.814,223.374749498998
71:56.72,244.74749498997997
72:50.578,242.3006012024048
73:39.034,162.82364729458916
74:47.164,205.67735470941884
75:41.12,171.96993987975952
76:42.564,205.0240480961924
77:38.996,175.9438877755511
78:49.862,214.18436873747495
79:54.804,260.0661322645291
80:48.97,214.72745490981964
81:54.13,246.19238476953907
82:38.838,178.12825651302606
83:52.926,211.11823647294588
84:51.014,227.0060120240481
85:45.948,199.51503006012024
86:53.06,220.07615230460922
87:44.334,192.29859719438878
88:39.496,172.14228456913827
89:52.41,240.72344689378758
90:50.856,236.2825651302605
91:41.298,178.93787575150301
92:51.128,228.03406813627254
93:47.168,202.03607214428857
94:41.434,167.82164328657313
95:46.478,200.25851703406815
96:42.842,170.27855711422845
97:38.562,171.93787575150301
98:59.182,268.89178356713427
99:53.522,245.1002004008016
100:40.368,174.13226452905812
101:52.178,214.26452905811624
102:47.57,221.55310621242484
103:49.364,179.21442885771543
104:42.282,164.76553106212424
105:41.626,167.58917835671343
106:52.152,206.4248496993988
107:32.532,130.4128256513026
108:42.812,167.15030060120242
109:43.588,182.57915831663325
110:41.544,162.39679358717436
111:58.01,261.44689378757516
112:54.536,241.250501002004
113:59.174,264.86573146292585
114:61.438,283.1643286573146
115:50.24,230.42885771543087
116:46.894,174.70541082164328
117:37.902,149.90781563126254
118:45.594,201.58917835671343
119:41.234,174.73947895791582
120:50.132,220.32665330661322
121:54.218,243.4448897795591
122:40.89,185.62124248496994
123:52.754,236.5370741482966
124:59.264,274.7695390781563
125:54.486,226.02805611222445
126:57.414,268.53507014028054
127:58.15,274.4729458917836
128:44.506,202.4689378757515
129:55.622,262.4709418837675
130:50.244,222.54509018036072
131:57.788,267.9879759519038
132:62.07,298.4549098196393
133:58.238,248.1382765531062
134:53.45,232.98997995991985
135:51.46,215.95190380761522
136:65.18,294.9498997995992
137:53.85,222.95190380761522
138:45.226,188.4809619238477
139:54.008,238.8557114228457
140:55.132,254.83567134268537
141:57.774,288.74549098196394
142:54.0,227.52905811623248
143:49.994,228.59519038076152
144:60.014,249.27855711422845
145:59.048,274.4008016032064
146:45.936,201.3887775551102
147:51.77,211.3927855711423
148:48.928,200.70340681362725
149:51.71,212.16432865731463
150:54.842,241.20440881763528
151:47.668,200.73947895791582
152:53.39,229.50901803607215
153:55.364,247.07615230460922
154:47.21,228.57314629258516
155:45.69,189.02204408817636
156:49.464,223.5370741482966
157:48.844,223.85370741482967
158:44.488,187.77755511022045
159:53.33,223.70140280561122
160:37.278,161.63527054108218
161:61.624,263.7134268537074
162:57.064,248.99799599198397
163:51.566,260.29258517034066
164:47.808,196.28456913827657
165:48.7,227.6432865731463
166:56.032,256.3507014028056
167:38.424,177.80761523046093
168:46.934,221.25450901803606
169:57.938,270.2184368737475
170:51.556,217.59519038076152
171:61.382,279.11623246492985
172:46.882,209.11422845691382
173:40.35,166.13426853707415
174:51.208,212.7174348697395
175:48.654,201.51102204408818
176:52.112,218.13426853707415
177:42.286,184.39478957915833
178:43.942,182.14829659318636
179:40.04,169.14228456913827
180:35.744,146.93987975951904
181:37.126,158.56713426853707
182:44.516,208.16032064128257
183:38.464,149.8697394789579
184:37.31,159.68737474949899
185:40.488,161.2184368737475
186:37.292,152.9759519038076
187:33.884,140.16633266533066
188:40.628,158.21442885771543
189:37.838,157.17835671342687
190:36.126,138.50100200400803
191:36.812,141.76753507014027
192:36.256,156.56713426853707
193:45.356,180.11823647294588
194:43.216,184.81563126252505
195:42.058,193.16032064128257
196:43.608,186.28456913827657
197:46.11,184.7935871743487
198:52.692,228.1122244488978
199:49.178,216.39679358717436
200:42.974,184.24248496993988
201:47.132,192.32264529058116
202:38.01,155.47094188376752
203:43.392,189.27054108216433
204:53.988,235.70941883767534
205:42.404,189.3887775551102
206:51.324,212.2064128256513
207:48.556,218.13226452905812
208:43.644,182.04609218436875
209:47.142,188.80761523046093
210:49.986,238.91583166332666
211:46.348,184.7174348697395
212:38.136,164.42084168336675
213:40.49,165.65330661322645
214:35.402,139.29458917835672
215:44.25,191.04408817635272
216:47.794,212.63326653306612
217:49.218,191.18436873747495
218:48.656,199.69739478957916
219:46.434,212.01603206412827
220:49.564,206.1943887775551
221:44.418,196.0501002004008
222:43.452,190.31262525050101
223:42.596,178.67134268537075
224:45.924,189.06012024048096
225:36.798,158.8316633266533
226:49.308,220.42685370741484
227:49.48,221.82565130260522
228:46.118,207.84769539078155
229:43.774,191.14228456913827
230:58.974,281.1643286573146
231:57.414,282.69939879759517
232:56.856,252.07214428857716
233:45.586,191.0
234:51.846,217.5751503006012
235:50.676,221.2364729458918
236:47.232,208.21042084168337
237:54.064,250.8436873747495
238:45.482,201.6312625250501
239:49.156,207.90781563126254
240:54.426,239.01002004008015
241:54.75,247.2825651302605
242:53.748,247.35270541082164
243:36.05,152.19639278557113
244:37.652,163.44689378757516
245:48.832,219.62324649298597
246:54.636,246.59118236472946
247:43.968,199.77955911823648
248:61.094,272.27054108216436
249:58.456,268.436873747495
250:51.138,231.33466933867734
251:56.812,305.35871743486973
252:48.756,196.4308617234469
253:44.252,194.17034068136272
254:50.124,232.0501002004008
255:48.336,198.11823647294588
256:58.414,267.15430861723445
257:41.956,186.59519038076152
258:59.52,256.1843687374749
259:40.842,176.09018036072143
260:43.348,168.7174348697395
261:35.006,145.19238476953907
262:48.666,198.87374749498997
263:41.87,164.80961923847696
264:46.43,169.78356713426854
265:46.244,191.24248496993988
266:43.292,195.47294589178355
267:49.982,217.6372745490982
268:40.376,172.81763527054107
269:53.912,241.55911823647295
270:53.826,241.15430861723448
271:57.718,245.4128256513026
272:50.68,213.65330661322645
273:48.134,212.40480961923848
274:53.964,240.42685370741484
275:51.338,225.27855711422845
276:50.446,211.24849699398797
277:51.422,238.61723446893788
278:49.956,232.22244488977955
279:52.43,235.43486973947896
280:54.706,256.4689378757515
281:53.01,218.43887775551102
282:55.924,242.4128256513026
283:55.736,248.62124248496994
284:48.564,204.3507014028056
285:60.616,265.5731462925852
286:60.04,294.5170340681363
287:48.686,190.44689378757516
288:36.674,154.2565130260521
289:48.888,214.15030060120242
290:46.244,181.68537074148296
291:48.312,197.54909819639278
292:53.856,216.36072144288576
293:52.058,206.04408817635272
294:61.168,266.0
295:56.808,274.5490981963928
296:45.08,190.4488977955912
297:54.366,248.29859719438878
298:45.91,202.5310621242485
299:41.45,164.03406813627254
300:51.636,215.06613226452905
301:43.166,178.3246492985972
302:57.428,235.20240480961922
303:53.022,245.55711422845692
304:49.656,204.49298597194388
305:50.386,220.54709418837675
306:50.572,203.1442885771543
307:58.764,246.06412825651302
308:51.478,219.47695390781564
309:57.412,233.59919839679358
310:38.048,149.74749498997997
311:50.394,202.37875751503006
312:63.852,260.3547094188377
313:43.416,174.89178356713427
314:57.028,256.47695390781564
315:45.788,181.5130260521042
316:55.734,261.8997995991984
317:60.6,301.8316633266533
318:57.48,259.9739478957916
319:59.048,270.41082164328657
320:56.788,300.55110220440883
321:55.188,248.7254509018036
322:58.976,295.7875751503006
323:47.798,200.0821643286573
324:52.582,226.30861723446893
325:52.43,237.31262525050101
326:40.64,178.02805611222445
327:49.546,222.92985971943887
328:29.756,125.69739478957916
329:36.396,171.2745490981964
330:42.322,176.35270541082164
331:49.414,213.9759519038076
332:42.952,198.90180360721442
333:48.106,213.40280561122245
334:41.586,172.27054108216433
335:38.742,171.92985971943887
336:47.488,198.2745490981964
337:47.55,198.85370741482967
338:35.926,158.76553106212424
339:44.81,183.0320641282565
340:51.456,252.43887775551102
341:52.53,223.25851703406815
342:49.064,212.19839679358716
343:57.13,232.6072144288577
344:38.644,157.73346693386773
345:44.926,197.7995991983968
346:44.266,186.89779559118236
347:49.936,214.72144288577155
348:47.94,206.78356713426854
349:43.446,179.0501002004008
350:56.342,262.6012024048096
351:59.202,256.3627254509018
352:55.844,281.3326653306613
353:66.908,328.9919839679359
354:65.856,317.1382765531062
355:56.994,256.1302605210421
356:65.94,333.41082164328657
357:48.562,233.33466933867734
358:56.052,228.625250501002
359:45.114,199.4068136272545
360:44.126,179.99599198396794
361:55.366,274.77154308617236
362:44.372,186.45891783567134
363:49.172,220.59118236472946
364:57.85,262.9258517034068
365:56.736,260.70941883767534
366:41.47,178.95591182364728
367:47.812,194.23446893787576
368:39.078,167.9438877755511
369:41.518,179.8937875751503
370:50.756,212.3507014028056
371:41.738,187.52104208416833
372:51.346,216.70340681362725
373:40.118,177.17635270541084
374:49.698,214.0681362725451
375:57.494,255.68737474949899
376:53.416,232.4488977955912
377:40.366,172.72745490981964
378:37.846,157.86573146292585
379:40.146,176.46092184368737
380:41.978,166.59519038076152
381:52.288,221.93787575150301
382:44.168,170.27054108216433
383:41.088,187.18637274549098
384:55.986,246.07214428857716
385:57.728,285.27254509018036
386:58.836,268.7955911823647
387:59.514,287.9619238476954
388:54.564,231.3246492985972
389:58.862,268.9438877755511
390:60.038,296.5871743486974
391:56.64,256.3947895791583
392:62.264,350.02404809619236
393:61.328,300.3707414829659
394:53.134,230.95390781563125
395:62.172,307.19839679358716
396:45.62,176.80961923847696
397:52.988,219.66533066132266
398:50.33,218.9819639278557
399:55.24,262.2244488977956
400:58.628,268.5831663326653
401:58.618,267.935871743487
402:49.238,213.12625250501003
403:51.848,239.23847695390782
404:43.532,181.95991983967937
405:51.762,231.3687374749499
406:56.448,251.98396793587173
407:56.626,248.4188376753507
408:52.248,228.3927855711423
409:51.84,214.73947895791582
410:53.91,243.11623246492985
411:55.45,229.57314629258516
412:50.064,221.0320641282565
413:46.884,217.4869739478958
414:56.418,212.2625250501002
415:53.596,222.14629258517033
416:53.686,237.01002004008015
417:48.392,210.43687374749499
418:40.466,177.42284569138278
419:55.434,252.85971943887776
420:58.788,388.56112224448896
421:63.58,302.26452905811624
422:59.786,289.5430861723447
423:58.378,277.14629258517033
424:53.306,244.36472945891782
425:57.936,237.9579158316633
426:45.12,201.62925851703406
427:58.076,277.1002004008016
428:57.276,268.49498997995994
429:64.664,324.62324649298597
430:58.87,285.0360721442886
431:58.03,281.85971943887773
432:57.992,372.26653306613224
433:51.102,219.73346693386773
434:66.096,312.85971943887773
435:64.596,320.1823647294589
436:60.41,311.9519038076152
437:57.558,286.7254509018036
438:59.272,286.9559118236473
439:60.344,260.248496993988
440:56.028,235.2264529058116
441:54.884,258.1062124248497
442:48.806,206.5871743486974
443:52.888,231.74749498997997
444:44.194,196.88176352705412
445:59.406,242.63927855711424
446:60.114,272.3046092184369
447:57.794,257.6673346693387
448:45.49,202.6432865731463
449:50.898,226.2064128256513
450:49.18,203.16633266533066
451:47.212,213.55911823647295
452:37.22,168.1943887775551
453:38.424,156.43486973947896
454:47.004,184.65531062124248
455:53.102,221.66332665330663
456:44.914,183.26653306613227
457:40.742,168.89178356713427
458:41.482,168.25851703406815
459:34.986,137.74749498997997
460:44.144,202.1302605210421
461:50.292,208.5190380761523
462:39.782,163.9759519038076
463:34.984,138.94188376753507
464:32.608,126.16432865731463
465:37.894,149.89579158316633
466:44.404,178.14629258517033
467:48.078,188.91583166332666
468:39.412,153.61723446893788
469:48.172,198.54108216432866
470:39.104,171.92384769539078
471:38.036,167.67334669338678
472:51.08,205.56112224448898
473:44.736,176.5250501002004
474:52.492,220.14028056112224
475:41.734,170.78356713426854
476:50.918,212.749498997996
477:31.088,130.33667334669337
478:46.896,172.18236472945893
479:40.934,171.32264529058116
480:48.344,194.5511022044088
481:49.628,198.9819639278557
482:53.86,262.7214428857715
483:62.542,249.28857715430863
484:49.202,219.7735470941884
485:48.824,215.03406813627254
486:52.602,229.25250501002003
487:56.404,261.9719438877755
488:56.806,268.7434869739479
489:51.404,237.47895791583167
490:55.456,227.21643286573146
491:55.772,254.0320641282565
492:50.646,208.22444889779558
493:45.19,170.9318637274549
494:41.538,182.9318637274549
495:51.244,221.75350701402806
496:34.638,134.70140280561122
497:41.564,175.21042084168337
498:50.208,220.56513026052104
499:40.772,174.88176352705412
500:47.594,184.5190380761523
501:49.972,212.57114228456913
502:37.326,168.19038076152304
503:44.818,195.82965931863728
504:42.81,177.5050100200401
505:48.558,201.36472945891782
506:56.106,233.68336673346693
507:51.388,223.2565130260521
508:49.346,223.57314629258516
509:48.876,196.35270541082164
510:59.854,313.1002004008016
511:48.15,216.56713426853707
512:60.844,302.46693386773546
513:64.508,311.7675350701403
514:65.418,370.9539078156313
515:47.486,196.85971943887776
516:45.046,185.12825651302606
517:57.18,272.8797595190381
518:50.408,223.4488977955912
519:56.85,257.9559118236473
520:62.356,290.96593186372746
521:57.826,264.2785571142285
522:62.444,294.67334669338675
523:61.834,271.34669338677355
524:53.36,222.63927855711424
525:58.512,241.72945891783567
526:54.528,215.6372745490982
527:56.3,228.36673346693388
528:60.654,286.565130260521
529:46.344,202.61523046092185
530:43.398,174.1062124248497
531:39.582,162.89579158316633
532:35.682,153.6492985971944
533:42.212,187.52905811623248
534:60.936,280.2244488977956
535:49.58,199.0420841683367
536:36.45,156.74148296593185
537:56.822,266.09018036072143
538:55.218,270.2304609218437
539:56.36,247.7374749498998
540:51.326,213.1002004008016
541:55.872,214.93987975951904
542:40.606,154.9939879759519
543:44.696,190.40881763527054
544:56.076,237.5370741482966
545:47.644,210.11823647294588
546:38.084,154.84168336673346
547:49.426,224.6492985971944
548:55.432,253.87775551102203
549:51.832,211.56713426853707
550:41.336,174.78356713426854
551:53.102,228.6933867735471
552:51.69,223.15230460921845
553:47.808,201.17835671342687
554:52.792,199.4188376753507
555:53.882,214.77955911823648
556:59.848,248.88376753507015
557:57.56,234.24048096192385
558:53.224,217.04809619238478
559:60.04,257.40881763527057
560:45.776,184.16032064128257
561:55.162,237.4128256513026
562:52.334,221.09018036072143
563:61.338,243.35871743486973
564:62.78,319.4609218436874
565:61.14,255.69138276553107
566:56.482,235.56713426853707
567:53.998,240.76553106212424
568:49.128,192.60320641282564
569:57.862,243.07815631262525
570:61.224,293.30861723446895
571:63.566,308.65330661322645
572:51.838,220.42084168336675
573:46.618,207.02605210420842
574:50.742,212.2004008016032
575:51.206,217.93386773547095
576:55.194,230.6432865731463
577:57.48,240.94589178356713
578:56.054,254.37074148296594
579:57.784,266.6633266533066
580:52.834,237.11022044088176
581:62.1,301.0380761523046
582:67.786,306.88577154308615
583:55.138,237.22244488977955
584:59.04,266.1663326653307
585:53.266,271.62725450901803
586:55.806,254.78356713426854
587:42.222,176.02204408817636
588:48.554,209.55711422845692
589:48.2,198.72344689378758
590:48.674,195.8997995991984
591:57.194,275.84769539078155
592:58.45,285.62525050100203
593:48.634,216.23446893787576
594:52.682,231.62124248496994
595:54.964,255.04408817635272
596:52.472,238.27054108216433
597:51.712,217.5050100200401
598:52.732,241.25250501002003
599:55.686,254.6813627254509
600:60.548,259.4909819639279
601:60.322,269.9559118236473
602:59.796,286.5090180360721
603:63.324,352.4889779559118
604:66.614,324.09819639278555
605:63.514,277.53306613226454
606:59.658,276.5931863727455
607:56.816,255.8316633266533
608:61.886,278.3807615230461
609:45.32,205.4068136272545
610:45.946,189.1623246492986
611:58.084,271.42084168336675
612:55.286,263.3627254509018
613:58.684,280.52304609218436
614:66.454,351.47695390781564
615:66.662,312.45891783567134
616:60.518,350.07214428857714
617:50.576,224.49899799599197
618:55.644,252.33867735470943
619:56.294,240.9438877755511
620:59.806,251.5430861723447
621:60.852,286.83967935871743
622:55.078,263.50300601202406
623:61.368,300.1182364729459
624:57.588,402.05811623246495
625:64.814,345.22645290581164
626:67.298,277.49498997995994
627:60.788,285.73547094188376
628:52.56,248.6072144288577
629:52.944,231.38677354709418
630:55.446,230.44689378757516
631:48.286,231.9178356713427
632:49.716,225.58517034068137
633:61.208,269.16032064128257
634:59.476,312.8256513026052
635:60.144,280.32665330661325
636:56.744,284.78957915831666
637:59.068,277.32865731462925
638:43.538,173.4809619238477
639:43.956,194.20240480961922
640:47.154,202.8436873747495
641:57.004,245.44689378757516
642:37.97,160.57114228456913
643:53.976,222.87374749498997
644:54.228,232.6753507014028
645:52.364,215.0240480961924
646:41.764,177.93987975951904
647:38.87,160.95591182364728
648:42.708,180.8056112224449
649:46.61,194.2124248496994
650:36.9,148.31462925851704
651:48.908,219.84769539078155
652:44.056,189.57915831663325
653:50.002,192.36072144288576
654:48.314,219.40480961923848
655:55.298,250.95390781563125
656:48.496,194.23847695390782
657:49.468,212.92184368737475
658:48.516,192.51102204408818
659:51.214,217.64729458917836
660:53.886,224.52705410821645
661:56.234,281.5310621242485
662:50.294,250.4629258517034
663:51.706,233.7174348697395
664:57.032,254.18837675350701
665:49.292,222.38476953907815
666:58.646,306.67134268537075
667:51.118,251.2264529058116
668:54.066,249.97194388777555
669:58.554,254.45090180360722
670:44.508,198.51503006012024
671:49.998,231.72344689378758
672:39.822,186.5130260521042
673:39.326,162.23446893787576
674:43.636,186.49098196392785
675:40.012,169.80160320641284
676:40.306,168.7074148296593
677:51.368,218.11022044088176
678:58.324,249.2264529058116
679:45.44,188.80360721442887
680:50.95,214.99599198396794
681:40.25,171.1803607214429
682:50.204,235.32264529058116
683:41.348,195.20440881763528
684:46.024,187.45090180360722
685:49.212,217.91983967935872
686:53.17,246.7134268537074
687:55.5,232.0561122244489
688:44.808,209.7374749498998
689:57.042,256.36673346693385
690:52.954,246.06412825651302
691:63.354,294.1583166332665
692:56.696,271.98396793587176
693:54.896,243.5551102204409
694:56.166,254.72945891783567
695:60.676,333.17234468937875
696:61.05,294.19639278557116
697:52.834,246.22444889779558
698:58.546,300.7675350701403
699:55.512,269.62525050100203
700:52.518,256.0460921843687
701:58.198,326.6553106212425
702:52.974,266.40881763527057
703:56.164,272.5470941883768
704:57.062,297.8176352705411
705:53.714,238.89178356713427
706:38.222,167.98997995991985
707:47.088,198.85971943887776
708:46.872,201.32264529058116
709:59.148,269.59519038076155
710:56.02,296.60921843687373
711:59.594,270.4629258517034
712:56.784,303.48496993987976
713:55.6,265.7254509018036
714:55.476,282.7575150300601
715:49.932,227.32665330661322
716:58.428,286.78957915831666
717:59.102,278.30861723446895
718:57.166,271.85971943887773
719:54.968,248.76553106212424
720:52.814,259.9619238476954
721:61.626,291.67134268537075
722:48.83,269.6312625250501
723:47.852,221.625250501002
724:50.592,232.6312625250501
725:58.004,270.188376753507
726:54.376,243.29458917835672
727:64.724,343.10420841683367
728:60.866,318.4569138276553
729:57.256,285.6132264529058
730:59.882,269.27254509018036
731:46.174,209.27855711422845
732:55.026,266.6933867735471
733:62.818,279.54108216432866
734:56.668,251.10220440881764
735:52.494,231.74749498997997
736:59.964,275.5090180360721
737:50.75,231.90380761523045
738:47.244,204.87174348697394
739:55.3,262.498997995992
740:41.482,177.58917835671343
741:50.81,208.5430861723447
742:61.846,284.434869739479
743:44.352,187.5050100200401
744:58.42,301.49498997995994
745:49.866,249.29458917835672
746:50.72,222.3426853707415
747:51.434,249.94188376753507
748:47.128,211.71543086172343
749:33.692,169.59519038076152
750:51.242,243.12825651302606
751:52.614,226.40280561122245
752:59.152,285.27254509018036
753:53.178,251.85370741482967
754:49.972,217.79158316633266
755:44.356,200.5430861723447
756:62.106,313.3887775551102
757:52.376,238.25450901803606
758:61.304,333.2805611222445
759:54.062,240.96593186372746
760:46.486,218.09018036072143
761:51.924,240.13226452905812
762:53.734,233.98797595190382
763:62.122,298.97795591182364
764:51.054,236.5811623246493
765:50.398,223.55911823647295
766:54.38,247.75150300601203
767:48.634,216.90981963927857
768:47.884,191.38476953907815
769:58.03,267.59118236472943
770:49.764,215.5871743486974
771:47.926,216.62725450901803
772:47.766,236.71142284569137
773:46.95,205.5130260521042
774:57.248,264.0180360721443
775:48.63,198.44689378757516
776:53.062,247.4749498997996
777:46.87,198.07615230460922
778:51.224,219.24649298597194
779:63.85,281.23446893787576
780:47.552,218.90981963927857
781:48.082,213.3507014028056
782:51.908,224.2565130260521
783:60.334,314.1182364729459
784:52.814,237.32264529058116
785:49.396,239.47294589178355
786:59.664,307.3807615230461
787:63.38,317.82164328657313
788:67.008,358.2945891783567
789:62.174,313.43086172344687
790:47.034,219.87374749498997
791:52.646,239.12625250501003
792:55.566,239.09819639278558
793:62.902,291.54108216432866
794:66.838,333.64128256513027
795:63.596,366.55310621242484
796:55.52,293.4709418837675
797:57.652,237.80360721442887
798:48.24,230.43486973947896
799:49.228,207.33466933867734
800:49.138,212.60921843687376
801:55.35,282.7615230460922
802:47.872,214.43286573146293
803:41.67,179.9258517034068
804:50.266,223.8997995991984
805:56.45,261.32865731462925
806:62.06,326.0060120240481
807:61.494,315.57114228456913
808:52.206,248.0941883767535
809:57.282,257.10420841683367
810:57.396,264.49699398797594
811:61.306,353.9899799599198
812:60.204,327.1102204408818
813:60.54,300.0661322645291
814:62.38,289.2785571142285
815:49.584,227.3987975951904
816:61.342,291.5390781563126
817:61.024,335.55310621242484
818:61.178,278.0200400801603
819:47.444,220.38476953907815
820:70.21,317.49699398797594
821:52.214,235.8877755511022
822:50.688,220.04609218436875
823:56.714,277.1743486973948
824:51.094,217.4488977955912
825:51.022,229.67134268537075
826:54.584,242.29458917835672
827:54.828,247.7875751503006
828:64.204,309.314629258517
829:61.436,265.8256513026052
830:57.41,281.59719438877755
831:49.994,229.3687374749499
832:52.424,222.3507014028056
833:44.988,198.2865731462926
834:51.658,227.9679358717435
835:53.924,248.625250501002
836:51.8,239.10420841683367
837:49.424,231.29458917835672
838:50.2,219.1563126252505
839:54.202,243.30460921843687
840:52.292,255.75150300601203
841:42.606,186.21643286573146
842:50.398,224.2064128256513
843:49.122,212.79158316633266
844:56.734,284.2585170340681
845:63.24,296.1442885771543
846:52.522,245.98396793587173
847:54.938,278.9699398797595
848:53.09,247.37875751503006
849:51.592,240.9118236472946
850:58.78,321.4629258517034
851:56.644,272.8236472945892
852:57.626,255.9819639278557
853:56.052,258.28456913827654
854:56.626,239.00801603206412
855:50.226,222.38276553106212
856:53.316,240.80761523046093
857:60.248,312.05811623246495
858:55.194,283.5490981963928
859:55.792,281.7394789579158
860:62.052,304.8256513026052
861:64.764,302.0501002004008
862:58.104,276.8677354709419
863:58.138,289.36673346693385
864:55.174,332.28456913827654
865:57.838,290.83967935871743
866:63.368,342.18036072144287
867:61.016,385.67134268537075
868:60.91,318.89579158316633
869:56.068,264.37274549098197
870:49.992,215.31262525050101
871:54.162,242.0420841683367
872:54.602,267.7955911823647
873:54.504,267.5490981963928
874:34.41,151.4689378757515
875:49.106,210.2685370741483
876:51.644,220.93587174348698
877:65.124,305.4268537074148
878:60.894,378.7695390781563
879:61.47,385.1623246492986
880:60.878,302.4328657314629
881:65.002,309.1643286573146
882:64.31,308.48496993987976
883:51.14,212.88977955911824
884:51.128,237.86372745490982
885:57.142,250.82965931863728
886:53.494,260.2144288577154
887:49.926,215.80360721442887
888:62.81,295.0080160320641
889:36.714,158.7434869739479
890:51.984,221.56713426853707
891:47.67,210.3326653306613
892:57.608,267.0681362725451
893:34.776,144.09819639278558
894:38.58,163.3507014028056
895:43.484,201.5691382765531
896:43.656,176.37074148296594
897:43.19,188.29058116232466
898:39.368,169.93787575150301
899:41.424,195.90781563126254
900:42.286,187.05210420841684
901:50.67,216.97194388777555
902:48.132,238.29058116232466
903:55.782,233.85170340681364
904:53.376,242.68336673346693
905:67.522,346.4749498997996
906:52.588,248.56713426853707
907:47.278,231.0420841683367
908:65.97,345.3246492985972
909:61.896,333.5370741482966
910:57.848,268.60921843687373
911:55.672,258.93987975951904
912:56.308,285.3346693386774
913:58.848,280.2044088176353
914:57.14,275.7595190380762
915:57.05,249.06212424849699
916:54.704,250.2925851703407
917:59.992,275.8436873747495
918:54.668,239.0561122244489
919:59.632,285.85971943887773
920:63.738,307.062124248497
921:57.062,262.72745490981964
922:55.798,308.0440881763527
923:63.26,316.41082164328657
924:62.418,271.2224448897796
925:57.928,272.811623246493
926:45.418,198.54909819639278
927:61.098,260.7054108216433
928:63.914,320.7995991983968
929:60.358,272.62525050100203
930:54.698,276.1843687374749
931:54.298,246.57915831663325
932:55.52,256.64729458917833
933:35.764,161.63527054108218
934:51.726,246.39078156312624
935:51.598,234.7254509018036
936:56.692,255.93386773547095
937:53.396,252.12625250501003
938:59.6,286.64128256513027
939:57.302,273.50300601202406
940:54.758,252.14629258517033
941:57.238,240.16633266533066
942:54.282,270.44689378757516
943:56.62,264.0
944:61.16,282.24448897795594
945:64.952,368.87374749498997
946:66.766,311.49498997995994
947:60.738,368.5090180360721
948:66.078,372.37274549098197
949:64.05,327.7374749498998
950:59.076,290.12224448897797
951:61.048,301.87775551102203
952:58.022,363.9899799599198
953:66.854,315.2965931863727
954:63.138,309.062124248497
955:56.948,282.29258517034066
956:65.422,341.6292585170341
957:62.852,300.1382765531062
958:53.282,247.62324649298597
959:62.658,314.35671342685373
960:55.114,233.27655310621242
961:50.596,227.64128256513027
962:51.56,221.749498997996
963:47.3,207.24048096192385
964:44.82,180.42084168336675
965:44.78,201.92184368737475
966:46.346,211.57314629258516
967:46.91,207.6573146292585
968:48.434,204.19639278557113
969:53.048,221.61322645290582
970:60.772,278.186372745491
971:60.02,246.27054108216433
972:54.596,218.5310621242485
973:62.23,309.8416833667335
974:44.716,194.63527054108218
975:51.324,202.5250501002004
976:49.296,211.7555110220441
977:52.24,251.43687374749499
978:45.286,196.04609218436875
979:55.274,255.77755511022045
980:58.294,285.7875751503006
981:58.266,288.73547094188376
982:53.546,245.3006012024048
983:57.55,340.55110220440883
984:55.242,259.63527054108215
985:62.844,344.12825651302603
986:63.05,363.7314629258517
987:53.334,287.0080160320641
988:62.408,320.99799599198394
989:67.696,333.0741482965932
990:52.954,254.70941883767534
991:54.526,263.1623246492986
992:50.282,240.42284569138278
993:57.552,297.36673346693385
994:37.024,149.49298597194388
995:55.22,237.7434869739479
996:52.394,219.8436873747495
997:51.654,226.77955911823648
998:47.032,198.95991983967937
999:55.05,254.99198396793588
1000:52.154,233.5430861723447
1001:53.244,260.9158316633266
1002:60.016,277.9178356713427
1003:49.054,215.37074148296594
1004:45.204,197.04609218436875
1005:47.722,229.72144288577155
1006:54.28,236.60921843687376
1007:38.098,165.93787575150301
1008:41.504,174.5050100200401
1009:40.284,169.749498997996
1010:49.25,228.6673346693387
1011:47.762,210.9819639278557
1012:48.808,206.58917835671343
1013:46.322,208.9178356713427
1014:40.156,192.56112224448898
1015:51.168,217.04809619238478
1016:47.356,216.18436873747495
1017:52.618,274.94188376753505
1018:51.778,245.89178356713427
1019:43.838,185.7695390781563
1020:42.556,182.65931863727454
1021:43.332,182.9819639278557
1022:33.466,149.2685370741483
1023:41.09,165.29859719438878
1024:42.972,180.1563126252505
1025:35.204,142.07615230460922
1026:40.404,162.8877755511022
1027:31.394,135.95190380761522
1028:36.156,153.5130260521042
1029:32.034,132.4448897795591
1030:44.394,200.5250501002004
1031:27.892,112.59118236472946
1032:38.73,179.28857715430863
1033:33.878,145.69138276553107
1034:55.02,265.08817635270543
1035:44.414,198.39478957915833
1036:54.238,237.5190380761523
1037:45.622,197.44288577154308
1038:48.77,227.75751503006012
1039:38.89,172.82765531062125
1040:34.314,145.5511022044088
1041:36.132,163.1002004008016
1042:39.684,170.1683366733467
1043:37.624,165.67334669338678
1044:50.656,255.94188376753507
1045:46.2,212.77555110220442
1046:33.722,147.27054108216433
1047:44.978,186.6933867735471
1048:33.222,147.74549098196394
1049:37.494,149.8877755511022
1050:35.906,157.84769539078155
1051:34.412,157.7695390781563
1052:44.604,202.5811623246493
1053:45.204,191.96392785571143
1054:50.654,235.7074148296593
1055:50.06,217.3066132264529
1056:55.086,269.4749498997996
1057:52.328,246.52104208416833
1058:52.408,227.7635270541082
1059:41.124,184.19038076152304
1060:56.028,236.0240480961924
1061:51.052,224.9178356713427
1062:54.894,252.53507014028057
1063:51.95,241.0240480961924
1064:54.28,252.0180360721443
1065:47.58,202.4308617234469
1066:52.424,234.9759519038076
1067:41.648,184.11823647294588
1068:48.928,210.82765531062125
1069:58.31,293.749498997996
1070:47.474,202.85170340681364
1071:49.398,216.74749498997997
1072:49.046,221.0320641282565
1073:45.62,199.70541082164328
1074:40.802,171.00400801603206
1075:41.538,190.29058116232466
1076:50.784,238.47695390781564
1077:59.804,273.16032064128257
1078:47.4,212.83366733466934
1079:44.026,195.06613226452905
1080:41.158,192.1623246492986
1081:53.996,236.75350701402806
1082:45.912,216.68336673346693
1083:41.922,198.7174348697395
1084:44.672,208.13627254509018
1085:52.594,218.1382765531062
1086:49.278,227.87174348697394
1087:55.026,270.2324649298597
1088:60.43,331.2204408817635
1089:54.738,278.2805611222445
1090:47.978,223.5130260521042
1091:47.84,214.35871743486973
1092:50.62,257.9539078156313
1093:49.44,200.7074148296593
1094:49.084,238.66933867735472
1095:52.738,253.0941883767535
1096:58.99,352.9519038076152
1097:46.866,230.41082164328657
1098:52.616,237.98797595190382
1099:42.752,218.6753507014028
1100:45.868,207.97995991983967
1101:49.902,230.85771543086173
1102:51.548,262.4869739478958
1103:51.128,224.7374749498998
1104:60.124,267.1062124248497
1105:50.934,269.5250501002004
1106:52.926,227.3246492985972
1107:49.074,212.12825651302606
1108:42.978,202.99599198396794
1109:53.204,266.1843687374749
1110:56.916,276.8897795591182
1111:49.368,236.59919839679358
1112:56.912,290.32865731462925
1113:56.112,286.7935871743487
1114:48.3,235.72745490981964
1115:40.576,191.64128256513027
1116:43.786,192.42685370741484
1117:40.298,178.6573146292585
1118:42.958,194.15030060120242
1119:47.094,207.79759519038078
1120:37.694,186.37875751503006
1121:38.68,179.3807615230461
1122:47.474,213.2304609218437
1123:45.946,211.5370741482966
1124:40.336,180.71943887775552
1125:43.678,192.41482965931863
1126:43.478,188.45290581162325
1127:39.666,177.9438877755511
1128:43.902,199.77955911823648
1129:45.362,193.4749498997996
1130:47.134,210.6933867735471
1131:33.808,158.27254509018036
1132:60.974,305.6132264529058
1133:47.286,248.56713426853707
1134:44.156,207.00400801603206
1135:46.274,212.17835671342687
1136:52.374,239.4068136272545
1137:45.56,196.50300601202406
1138:41.226,189.40280561122245
1139:48.726,223.02204408817636
1140:36.602,161.34468937875752
1141:51.948,250.10220440881764
1142:56.32,275.9158316633266
1143:45.862,214.67935871743487
1144:47.398,223.31062124248496
1145:52.0,223.4308617234469
1146:43.996,210.44689378757516
1147:31.032,130.31062124248496
1148:31.972,136.4629258517034
1149:49.456,232.9178356713427
1150:44.838,202.58517034068137
1151:41.796,203.16032064128257
1152:53.524,246.88176352705412
1153:44.884,216.9438877755511
1154:45.572,210.5691382765531
1155:45.402,205.78957915831663
1156:50.446,252.73947895791582
1157:54.476,248.68537074148296
1158:48.896,225.3186372745491
1159:53.416,254.80160320641284
1160:50.476,244.8797595190381
1161:41.188,200.0
1162:57.99,324.52304609218436
1163:60.936,290.8356713426854
1164:51.822,269.6653306613226
1165:58.55,278.687374749499
1166:49.298,232.24849699398797
1167:51.916,254.0380761523046
1168:50.236,222.61723446893788
1169:54.42,257.23446893787576
1170:49.966,257.1322645290581
1171:54.198,301.05210420841684
1172:55.568,297.7615230460922
1173:53.418,278.19038076152304
1174:56.74,287.4448897795591
1175:55.426,273.0861723446894
1176:48.406,240.04609218436875
1177:47.73,249.41683366733466
1178:54.782,249.55711422845692
1179:52.176,280.186372745491
1180:51.31,239.26653306613227
1181:60.58,327.82765531062125
1182:53.736,296.75350701402806
1183:53.17,253.16432865731463
1184:56.522,273.687374749499
1185:43.05,193.63527054108218
1186:50.72,216.6312625250501
1187:52.574,234.28056112224448
1188:57.04,263.04208416833666
1189:52.916,271.0300601202405
1190:49.324,219.48296593186373
1191:55.878,263.53306613226454
1192:52.246,252.64729458917836
1193:51.012,244.33867735470943
1194:50.51,236.0941883767535
1195:52.204,236.66332665330663
1196:42.762,200.5050100200401
1197:50.364,217.37675350701403
1198:51.59,221.87775551102203
1199:54.534,257.12625250501003
1200:51.788,208.34068136272546
1201:50.504,261.36472945891785
1202:60.84,284.2324649298597
1203:57.82,264.80961923847696
1204:56.0,295.1002004008016
1205:62.208,402.0180360721443
1206:58.174,292.99799599198394
1207:59.746,310.9539078156313
1208:55.26,305.5551102204409
1209:60.384,320.61523046092185
1210:56.212,264.64128256513027
1211:51.342,246.36472945891782
1212:52.194,256.4689378757515
1213:56.73,284.6573146292585
1214:54.702,260.44689378757516
1215:49.5,237.79559118236472
1216:52.528,275.2885771543086
1217:50.526,244.39679358717436
1218:57.156,302.1062124248497
1219:59.46,338.31062124248496
1220:57.502,287.2024048096192
1221:43.908,205.42284569138278
1222:56.69,312.26452905811624
1223:52.584,262.60921843687373
1224:61.838,332.9138276553106
1225:56.906,343.17835671342687
1226:58.196,283.14028056112227
1227:58.516,327.498997995992
1228:63.408,291.14629258517033
1229:59.038,378.6312625250501
1230:58.366,277.15430861723445
1231:58.266,278.69939879759517
1232:55.218,272.04008016032066
1233:55.038,346.34068136272543
1234:58.778,349.87575150300603
1235:60.168,312.4809619238477
1236:59.502,311.11422845691385
1237:61.716,340.94789579158316
1238:51.58,242.34669338677355
1239:60.118,326.87174348697397
1240:57.06,280.8436873747495
1241:61.644,325.4268537074148
1242:59.918,263.32064128256513
1243:44.782,199.9619238476954
1244:60.068,315.0661322645291
1245:57.576,273.7755511022044
1246:61.264,339.6392785571142
1247:49.356,238.26452905811624
1248:57.75,267.02404809619236
1249:59.766,268.67735470941886
1250:52.964,236.58316633266534
1251:59.782,298.84569138276555
1252:43.956,196.5691382765531
1253:59.692,313.52304609218436
1254:57.158,303.5270541082164
1255:51.392,240.19839679358716
1256:55.358,256.8977955911824
1257:51.848,253.45490981963928
1258:60.542,297.7254509018036
1259:55.884,259.0460921843687
1260:62.358,312.47695390781564
1261:53.906,272.67334669338675
1262:43.47,179.49298597194388
1263:55.018,258.1202404809619
1264:61.31,301.937875751503
1265:55.636,258.42084168336675
1266:56.736,271.7975951903808
1267:57.27,320.73346693386776
1268:61.692,262.8316633266533
1269:54.782,258.0280561122245
1270:53.528,273.32665330661325
1271:61.674,282.0681362725451
1272:57.7,253.66132264529057
1273:48.708,217.32665330661322
1274:56.842,281.7775551102204
1275:44.1,186.5250501002004
1276:51.954,246.58316633266534
1277:58.514,276.5130260521042
1278:59.924,254.24849699398797
1279:47.254,223.56112224448898
1280:56.81,253.3567134268537
1281:61.27,289.01603206412824
1282:56.272,276.32064128256513
1283:49.792,220.09018036072143
1284:53.308,261.2745490981964
1285:58.024,276.7755511022044
1286:58.986,314.06012024048096
1287:52.822,244.48296593186373
1288:59.028,299.8637274549098
1289:55.01,432.4188376753507
1290:61.556,324.5090180360721
1291:62.264,318.7434869739479
1292:52.564,448.43887775551104
1293:63.848,345.49699398797594
1294:66.786,357.62324649298597
1295:63.05,357.5390781563126
1296:61.936,331.1482965931864
1297:61.046,348.6933867735471
1298:59.406,368.2144288577154
1299:56.83,401.5470941883768
1300:55.786,415.65130260521045
1301:55.662,401.62725450901803
1302:53.158,429.88577154308615
1303:65.158,370.94789579158316
1304:58.802,293.8156312625251
1305:62.84,382.1322645290581
1306:58.794,381.4709418837675
1307:62.952,355.312625250501
1308:61.752,407.501002004008
1309:58.97,382.4729458917836
1310:58.402,394.0260521042084
1311:59.23,356.4629258517034
1312:51.68,243.0380761523046
1313:55.848,279.498997995992
1314:54.984,265.93987975951904
1315:59.888,301.56112224448896
1316:56.874,251.88376753507015
1317:47.78,223.0821643286573
1318:34.166,154.57114228456913
1319:54.53,246.54108216432866
1320:57.02,291.46492985971946
1321:62.228,318.64328657314627
1322:64.34,305.60921843687373
1323:56.072,248.0561122244489
1324:60.744,260.0260521042084
1325:63.754,347.61723446893785
1326:62.442,298.6673346693387
1327:53.828,233.03607214428857
1328:51.586,253.42084168336675
1329:58.788,283.4889779559118
1330:55.24,257.9438877755511
1331:62.652,312.4689378757515
1332:59.072,256.6392785571142
1333:51.862,236.64529058116233
1334:55.886,255.52104208416833
1335:61.028,332.26653306613224
1336:60.646,349.565130260521
1337:65.808,329.35270541082167
1338:57.834,281.7254509018036
1339:48.752,220.34068136272546
1340:57.152,298.19639278557116
1341:60.614,311.52104208416836
1342:61.176,303.935871743487
1343:63.566,287.55911823647295
1344:62.166,363.3507014028056
1345:61.52,310.72745490981964
1346:58.25,267.3607214428858
1347:59.954,315.9158316633266
1348:59.788,324.0100200400802
1349:62.954,321.07214428857714
1350:58.916,326.5130260521042
1351:60.036,309.5270541082164
1352:57.134,285.4869739478958
1353:63.05,334.88376753507015
1354:57.32,328.99599198396794
1355:56.744,300.935871743487
1356:63.746,325.38276553106215
1357:49.14,253.7735470941884
1358:59.754,328.34669338677355
1359:60.294,305.9178356713427
1360:65.6,335.25450901803606
1361:55.724,298.4729458917836
1362:63.472,297.98396793587176
1363:58.854,363.9939879759519
1364:62.31,341.2304609218437
1365:59.284,303.186372745491
1366:63.06,277.17034068136275
1367:60.796,329.60721442885773
1368:58.45,277.2865731462926
1369:60.818,350.60320641282567
1370:58.142,356.9879759519038
1371:55.73,396.31062124248496
1372:54.782,448.85971943887773
1373:61.508,393.74549098196394
1374:60.91,385.07815631262525
1375:61.986,362.0761523046092
1376:59.73,386.50300601202406
1377:62.888,352.57915831663325
1378:56.69,417.7194388777555
1379:58.082,371.35671342685373
1380:64.644,356.563126252505
1381:60.692,385.4428857715431
1382:60.5,401.27054108216436
1383:48.89,474.565130260521
1384:54.286,435.48496993987976
1385:59.646,330.1482965931864
1386:62.568,350.1643286573146
1387:63.136,364.3787575150301
1388:61.86,335.434869739479
1389:63.006,347.10821643286573
1390:61.658,361.7695390781563
1391:55.982,428.44689378757516
1392:59.23,407.1302605210421
1393:63.964,391.5470941883768
1394:61.62,371.9799599198397
1395:64.358,319.94188376753505
1396:64.88,381.7134268537074
1397:51.038,448.0080160320641
1398:48.756,450.498997995992
1399:55.01,426.7314629258517
1400:50.808,474.09619238476955
1401:48.732,461.90981963927857
1402:50.002,449.0921843687375
1403:56.38,424.32264529058114
1404:57.91,399.6633266533066
1405:60.57,311.60721442885773
1406:58.738,390.62525050100203
1407:62.01,395.45891783567134
1408:56.082,403.09018036072143
1409:58.568,375.37474949899797
1410:58.964,349.3867735470942
1411:57.512,364.2044088176353
1412:65.166,358.8256513026052
1413:59.812,380.32865731462925
1414:60.734,364.7254509018036
1415:58.538,394.9879759519038
1416:62.446,408.7875751503006
1417:61.646,327.186372745491
1418:61.498,342.8416833667335
1419:60.204,401.9258517034068
1420:55.946,378.52304609218436
1421:53.41,427.95991983967934
1422:54.97,423.0821643286573
1423:61.898,372.1923847695391
1424:62.888,339.39078156312627
1425:64.188,349.67735470941886
1426:59.844,305.0821643286573
1427:59.348,330.37675350701403
1428:59.084,289.1823647294589
1429:59.292,343.8416833667335
1430:57.54,307.1382765531062
1431:60.668,326.0480961923848
1432:60.418,412.0200400801603
1433:58.806,391.7815631262525
1434:56.132,394.4869739478958
1435:54.682,414.0260521042084
1436:57.958,377.84769539078155
1437:42.424,492.2685370741483
1438:61.664,393.501002004008
1439:60.418,355.3787575150301
1440:55.92,442.08817635270543
1441:55.394,375.7575150300601
1442:60.004,403.9919839679359
1443:57.744,411.78957915831666
1444:62.702,389.71543086172346
1445:53.714,427.4869739478958
1446:58.438,355.3607214428858
1447:61.334,327.30861723446895
1448:60.812,390.2625250501002
1449:58.984,397.6492985971944
1450:66.464,374.67134268537075
1451:64.456,349.59118236472943
1452:59.428,366.44689378757516
1453:59.75,347.65330661322645
1454:58.39,401.68937875751504
1455:58.918,380.9498997995992
1456:50.538,439.84769539078155
1457:59.536,345.7955911823647
1458:57.462,323.4889779559118
1459:59.732,309.19639278557116
1460:54.084,294.2965931863727
1461:60.8,297.5090180360721
1462:58.642,324.85771543086173
1463:59.11,340.0260521042084
1464:52.506,271.1843687374749
1465:59.638,269.7755511022044
1466:45.252,191.05410821643287
1467:59.256,280.186372745491
1468:52.384,233.9819639278557
1469:45.46,204.25250501002003
1470:50.328,227.4629258517034
1471:57.816,258.0300601202405
1472:51.99,246.56713426853707
1473:42.398,186.95991983967937
1474:54.168,279.5811623246493
1475:49.558,226.35470941883767
1476:39.458,174.7935871743487
1477:36.954,158.17434869739478
1478:46.408,197.95991983967937
1479:58.404,290.8056112224449
1480:55.166,243.60921843687376
1481:48.62,209.22244488977955
1482:53.162,239.73947895791582
1483:42.544,198.01202404809618
1484:53.178,229.40080160320642
1485:52.752,250.40480961923848
1486:51.41,240.64729458917836
1487:57.43,252.48897795591182
1488:47.664,225.9759519038076
1489:56.49,252.2685370741483
1490:49.854,247.43887775551102
1491:57.976,284.0260521042084
1492:55.654,264.55911823647295
1493:51.228,239.0420841683367
1494:51.206,228.78557114228457
1495:58.106,309.687374749499
1496:45.524,217.14629258517033
1497:57.704,258.6573146292585
1498:49.35,225.7074148296593
1499:47.114,210.16032064128257
1500:48.896,217.9498997995992
1501:38.984,177.9619238476954
1502:47.14,213.51503006012024
1503:53.966,256.1623246492986
1504:62.52,351.8997995991984
1505:62.462,315.9318637274549
1506:62.354,345.4549098196393
1507:57.138,400.6813627254509
1508:58.262,403.3446893787575
1509:55.71,348.7875751503006
1510:59.086,379.8356713426854
1511:57.672,348.60320641282567
1512:57.686,381.2064128256513
1513:56.562,409.40480961923845
1514:55.762,296.6813627254509
1515:60.756,346.64128256513027
1516:55.616,424.1062124248497
1517:55.912,430.0841683366734
1518:58.388,396.8356713426854
1519:57.832,410.7254509018036
1520:56.144,421.3947895791583
1521:56.918,432.434869739479
1522:51.748,441.09018036072143
1523:58.246,424.67735470941886
1524:59.994,319.5170340681363
1525:65.258,348.25450901803606
1526:57.694,405.5450901803607
1527:56.576,427.9138276553106
1528:50.56,441.9719438877755
1529:57.782,421.33867735470943
1530:53.702,432.6452905811623
1531:59.43,388.26452905811624
1532:52.592,406.80961923847696
1533:58.406,387.21643286573146
1534:58.998,407.0380761523046
1535:52.506,385.71743486973946
1536:60.952,360.1683366733467
1537:60.056,285.501002004008
1538:60.04,313.69739478957916
1539:56.49,292.4168336673347
1540:56.056,367.5731462925852
1541:54.378,356.3326653306613
1542:58.656,332.70741482965934
1543:57.808,312.9058116232465
1544:58.47,379.1583166332665
1545:58.016,340.60320641282567
1546:58.474,340.94789579158316
1547:57.456,341.12625250501003
1548:61.17,375.5250501002004
1549:57.682,414.04008016032066
1550:61.602,341.23446893787576
1551:61.198,312.84769539078155
1552:51.082,372.7134268537074
1553:55.82,294.14028056112227
1554:55.834,261.248496993988
1555:57.128,422.21643286573146
1556:61.312,366.99799599198394
1557:59.818,290.4448897795591
1558:56.696,318.6953907815631
1559:59.458,296.6292585170341
1560:55.43,275.188376753507
1561:62.188,319.1182364729459
1562:58.312,301.6933867735471
1563:63.474,337.6052104208417
1564:60.194,338.8617234468938
1565:58.48,364.7374749498998
1566:58.532,345.2224448897796
1567:60.974,359.28256513026054
1568:58.662,337.4448897795591
1569:59.332,412.73346693386776
1570:60.478,355.37274549098197
1571:55.916,301.6212424849699
1572:64.086,362.9799599198397
1573:57.436,312.2805611222445
1574:59.432,369.3246492985972
1575:53.768,425.76352705410824
1576:56.914,341.48496993987976
1577:66.102,369.2424849699399
1578:64.12,326.17234468937875
1579:63.646,327.8937875751503
1580:59.356,332.35871743486973
1581:58.44,297.59719438877755
1582:58.394,268.6813627254509
1583:59.932,331.82164328657313
1584:63.184,341.30861723446895
1585:59.72,325.75551102204406
1586:63.182,273.5811623246493
1587:57.23,431.9318637274549
1588:51.482,428.0861723446894
1589:57.346,409.67334669338675
1590:58.192,405.21643286573146
1591:53.514,443.21042084168334
1592:49.714,460.8176352705411
1593:51.428,453.62324649298597
1594:58.15,426.65130260521045
1595:50.678,460.73547094188376
1596:49.528,454.81963927855713
1597:59.384,390.7575150300601
1598:39.58,480.57915831663325
1599:45.74,466.03406813627254
1600:48.892,460.7795591182365
1601:45.624,477.7595190380762
1602:61.68,391.5070140280561
1603:51.356,455.10420841683367
1604:51.404,428.21042084168334
1605:52.288,432.02404809619236
1606:54.212,431.1182364729459
1607:59.38,373.15230460921845
1608:52.516,452.0821643286573
1609:58.094,375.9458917835671
1610:55.664,382.7394789579158
1611:61.212,414.50300601202406
1612:55.424,404.28256513026054
1613:58.844,403.17835671342687
1614:63.05,362.64128256513027
1615:60.256,398.0821643286573
1616:55.126,397.7194388777555
1617:67.312,355.61523046092185
1618:54.168,417.85370741482967
1619:58.038,379.3807615230461
1620:42.782,479.7394789579158
1621:57.58,351.1122244488978
1622:41.258,500.498997995992
1623:55.052,425.6633266533066
1624:59.15,410.46693386773546
1625:46.11,466.74549098196394
1626:50.286,443.2765531062124
1627:42.884,489.1182364729459
1628:51.844,435.82965931863725
1629:53.87,430.8697394789579
1630:59.576,376.3787575150301
1631:67.674,336.436873747495
1632:52.69,422.02404809619236
1633:55.7,445.72745490981964
1634:54.776,423.32264529058114
1635:64.52,355.8817635270541
1636:61.736,408.434869739479
1637:62.324,369.22645290581164
1638:62.14,390.3947895791583
1639:63.598,346.1182364729459
1640:55.812,405.12625250501003
1641:58.916,339.57715430861725
1642:58.45,375.60721442885773
1643:57.734,408.3326653306613
1644:55.202,432.3246492985972
1645:53.786,436.9078156312625
1646:58.926,374.1022044088176
1647:57.06,413.92985971943887
1648:61.298,329.6933867735471
1649:57.75,416.9739478957916
1650:57.83,390.6833667334669
1651:49.242,455.54108216432866
1652:59.052,374.67334669338675
1653:61.872,387.2244488977956
1654:55.882,374.2965931863727
1655:60.476,337.8376753507014
1656:59.984,369.0941883767535
1657:61.172,325.13426853707415
1658:63.43,311.85771543086173
1659:58.298,392.1503006012024
1660:61.346,281.8176352705411
1661:57.07,325.10821643286573
1662:57.704,253.3807615230461
1663:57.98,312.6392785571142
1664:63.992,298.0360721442886
1665:60.092,297.9458917835671
1666:61.328,318.8356713426854
1667:58.408,342.9939879759519
1668:60.962,365.27254509018036
1669:52.332,253.82364729458916
1670:57.314,359.3607214428858
1671:60.804,355.8336673346693
1672:59.83,329.87374749498997
1673:60.512,337.30060120240483
1674:58.104,352.35871743486973
1675:58.178,277.64729458917833
1676:64.334,346.39679358717433
1677:57.732,298.12625250501003
1678:60.686,343.21643286573146
1679:56.226,301.41082164328657
1680:63.228,336.3627254509018
1681:59.566,291.71543086172346
1682:54.298,430.89579158316633
1683:59.148,334.1302605210421
1684:59.37,379.7855711422846
1685:54.83,419.20841683366734
1686:60.396,395.3987975951904
1687:55.66,437.6573146292585
1688:58.586,380.4068136272545
1689:56.334,407.1302605210421
1690:60.674,359.98396793587176
1691:59.488,414.09018036072143
1692:61.312,328.1643286573146
1693:56.186,404.498997995992
1694:51.912,449.2685370741483
1695:61.318,379.37474949899797
1696:58.258,350.39278557114227
1697:61.348,312.4809619238477
1698:52.09,258.00400801603206
1699:56.966,391.7775551102204
1700:56.552,303.7374749498998
1701:58.992,346.87174348697397
1702:59.164,421.5991983967936
1703:53.336,399.09619238476955
1704:60.294,320.60921843687373
1705:60.022,315.314629258517
1706:57.668,397.498997995992
1707:49.424,433.56913827655313
1708:55.902,409.59519038076155
1709:55.522,405.38476953907815
1710:57.732,313.15430861723445
1711:57.094,378.98396793587176
1712:61.566,305.30861723446895
1713:59.628,298.6452905811623
1714:57.426,290.8076152304609
1715:52.378,280.82765531062125
1716:57.546,393.5551102204409
1717:61.188,282.5751503006012
1718:56.154,343.0541082164329
1719:60.796,333.32865731462925
1720:56.642,400.6933867735471
1721:56.982,334.58917835671343
1722:50.754,224.08016032064128
1723:56.35,270.45891783567134
1724:57.03,266.57715430861725
1725:61.896,313.1923847695391
1726:58.96,316.0180360721443
1727:43.908,206.5250501002004
1728:55.94,273.2224448897796
1729:57.52,295.3166332665331
1730:42.212,183.8196392785571
1731:45.36,222.72745490981964
1732:47.884,227.10821643286573
1733:47.514,229.09619238476955
1734:34.77,148.3186372745491
1735:56.266,268.03406813627254
1736:54.57,258.26653306613224
1737:54.534,294.4248496993988
1738:54.824,274.92184368737475
1739:53.056,245.94188376753507
1740:48.464,214.22244488977955
1741:42.978,188.87374749498997
1742:34.372,149.83967935871743
1743:34.024,150.84168336673346
1744:37.804,162.06412825651302
1745:37.92,159.1943887775551
1746:38.628,177.27054108216433
1747:50.532,229.0741482965932
1748:42.212,186.66332665330663
1749:37.754,159.75150300601203
1750:46.316,210.15030060120242
1751:39.118,161.250501002004
1752:50.662,229.25450901803606
1753:50.114,236.90380761523045
1754:47.556,227.68737474949899
1755:42.532,186.37875751503006
1756:49.944,221.1122244488978
1757:52.682,254.2565130260521
1758:44.012,197.0180360721443
1759:46.062,208.56713426853707
1760:57.756,253.62925851703406
1761:33.242,150.09018036072143
1762:49.0,233.14629258517033
1763:27.882,127.81763527054109
1764:40.394,189.07214428857716
1765:52.188,245.75751503006012
1766:42.18,197.4308617234469
1767:45.318,208.76553106212424
1768:38.652,175.82965931863728
1769:45.012,214.60921843687376
1770:53.322,239.56513026052104
1771:42.994,180.75951903807615
1772:37.1,158.80160320641284
1773:40.194,165.88176352705412
1774:45.326,203.60521042084167
1775:41.18,173.19839679358716
1776:42.026,189.749498997996
1777:34.76,155.37074148296594
1778:49.18,204.4689378757515
1779:47.426,197.1202404809619
1780:54.292,242.60921843687376
1781:33.928,163.31262525050101
1782:31.768,150.8376753507014
1783:28.436,121.88777555110221
1784:36.872,163.374749498998
1785:31.432,137.38677354709418
1786:39.384,160.62324649298597
1787:30.2,126.70941883767534
1788:36.988,148.96993987975952
1789:38.738,182.99599198396794
1790:43.846,199.4488977955912
1791:43.182,187.83366733466934
1792:57.14,246.38476953907815
1793:55.634,246.52104208416833
1794:54.998,246.66533066132266
1795:56.988,275.64128256513027
1796:52.516,246.91382765531063
1797:61.93,322.0120240480962
1798:57.736,307.0941883767535
1799:39.2,180.05811623246493
1800:44.916,208.1803607214429
1801:44.982,209.88577154308618
1802:59.794,309.9498997995992
1803:60.396,292.8897795591182
1804:47.01,229.4949899799599
1805:53.746,272.0080160320641
1806:59.48,285.70741482965934
1807:57.83,284.4569138276553
1808:61.334,270.80160320641284
1809:58.382,277.6192384769539
1810:41.594,167.36072144288576
1811:45.874,225.86573146292585
1812:50.1,229.36472945891782
1813:36.764,159.61723446893788
1814:40.636,179.27655310621242
1815:42.762,193.7074148296593
1816:40.164,178.69539078156313
1817:48.936,218.8316633266533
1818:37.728,164.38677354709418
1819:43.738,186.88176352705412
1820:51.738,224.8617234468938
1821:42.622,181.48897795591182
1822:50.188,207.24849699398797
1823:52.392,226.18837675350701
1824:55.0,226.06412825651302
1825:57.194,255.26452905811624
1826:53.202,262.00200400801606
1827:49.268,220.33066132264528
1828:53.934,254.40480961923848
1829:58.352,255.19639278557113
1830:41.622,172.124248496994
1831:58.278,275.55110220440883
1832:48.328,221.61523046092185
1833:56.37,299.8156312625251
1834:50.188,242.8436873747495
1835:50.402,214.9759519038076
1836:49.016,196.02805611222445
1837:58.336,246.48496993987976
1838:46.4,210.54909819639278
1839:50.822,224.06012024048096
1840:46.008,220.99599198396794
1841:50.392,210.56312625250501
1842:45.112,198.85370741482967
1843:47.394,203.7815631262525
1844:49.948,220.04408817635272
1845:41.662,187.76152304609218
1846:49.274,212.39078156312624
1847:59.278,313.21042084168334
1848:57.432,283.4889779559118
1849:51.614,234.11823647294588
1850:46.234,203.51703406813627
1851:53.784,243.73947895791582
1852:55.312,265.27254509018036
1853:61.524,314.66132264529057
1854:49.964,220.75150300601203
1855:56.58,262.32865731462925
1856:52.93,246.29859719438878
1857:60.246,307.3807615230461
1858:63.47,349.60320641282567
1859:62.244,292.4168336673347
1860:59.19,264.00200400801606
1861:58.732,301.92985971943887
1862:62.724,355.9699398797595
1863:61.258,303.0440881763527
1864:58.55,256.24649298597194
1865:54.028,272.60320641282567
1866:56.652,267.1482965931864
1867:50.632,235.97394789579158
1868:54.262,238.73547094188376
1869:51.264,211.00200400801603
1870:52.35,248.45090180360722
1871:54.98,250.01402805611224
1872:44.854,197.24248496993988
1873:39.024,177.42685370741484
1874:45.97,191.31262525050101
1875:52.664,235.74749498997997
1876:54.494,251.2004008016032
1877:50.808,210.0501002004008
1878:47.66,207.21442885771543
1879:51.274,252.35270541082164
1880:44.638,205.2745490981964
1881:50.366,226.66933867735472
1882:40.266,168.90781563126254
1883:48.454,227.07214428857716
1884:49.814,214.83366733466934
1885:55.498,251.5370741482966
1886:54.748,261.15430861723445
1887:57.982,281.65330661322645
1888:63.374,283.01603206412824
1889:62.226,304.7414829659319
1890:58.104,252.44288577154308
1891:54.13,315.99599198396794
1892:48.908,233.91382765531063
1893:52.756,241.71543086172343
1894:54.214,245.9178356713427
1895:53.216,241.43687374749499
1896:50.834,217.2565130260521
1897:46.686,201.06613226452905
1898:40.394,166.1122244488978
1899:49.774,226.69138276553107
1900:50.208,226.92985971943887
1901:41.696,181.04809619238478
1902:50.808,211.10821643286573
1903:37.192,147.0741482965932
1904:50.196,205.62725450901803
1905:43.288,193.85370741482967
1906:46.706,202.41683366733466
1907:43.868,186.94188376753507
1908:46.514,210.4869739478958
1909:40.514,176.20240480961922
1910:44.542,188.0681362725451
1911:43.85,185.94188376753507
1912:44.662,195.89579158316633
1913:51.118,227.27054108216433
1914:43.232,170.31663326653307
1915:47.6,203.8617234468938
1916:48.616,192.72745490981964
1917:49.192,195.44288577154308
1918:55.874,271.9178356713427
1919:56.464,264.69739478957916
1920:48.924,245.96593186372746
1921:56.704,287.29258517034066
1922:58.87,270.0100200400802
1923:48.99,214.43687374749499
1924:54.264,257.42284569138275
1925:56.18,261.9498997995992
1926:57.594,283.34068136272543
1927:56.982,264.29258517034066
1928:49.988,226.2925851703407
1929:62.424,269.30060120240483
1930:40.016,177.31462925851704
1931:48.266,213.53507014028057
1932:45.334,203.34669338677355
1933:44.652,210.34068136272546
1934:47.336,199.90180360721442
1935:52.516,244.3426853707415
1936:51.126,229.43286573146293
1937:41.776,188.54509018036072
1938:44.14,204.8557114228457
1939:51.978,216.51102204408818
1940:60.594,297.8897795591182
1941:63.052,299.98597194388776
1942:54.508,238.8697394789579
1943:54.968,236.3186372745491
1944:49.328,210.21042084168337
1945:49.966,251.4749498997996
1946:53.108,240.40280561122245
1947:41.02,188.95390781563125
1948:51.214,216.1062124248497
1949:41.922,194.2004008016032
1950:42.954,173.71543086172343
1951:42.586,184.83366733466934
1952:45.25,199.98396793587173
1953:54.2,224.48897795591182
1954:49.568,222.74749498997997
1955:49.124,218.63927855711424
1956:44.37,175.9438877755511
1957:56.588,254.04008016032063
1958:58.734,281.0
1959:48.004,210.32865731462925
1960:48.784,192.47094188376752
1961:43.61,195.6993987975952
1962:50.434,204.7935871743487
1963:56.816,277.9178356713427
1964:52.774,228.20440881763528
1965:59.86,344.27054108216436
1966:61.192,345.1202404809619
1967:54.814,270.8436873747495
1968:59.518,281.59519038076155
1969:57.678,293.0561122244489
1970:59.144,292.21042084168334
1971:60.392,271.5851703406814
1972:53.336,251.2625250501002
1973:60.928,303.8517034068136
1974:56.054,274.89579158316633
1975:46.814,219.49899799599197
1976:61.544,264.8436873747495
1977:52.442,248.93386773547095
1978:59.146,289.4569138276553
1979:55.33,253.5310621242485
1980:46.12,209.7314629258517
1981:48.134,216.04008016032063
1982:48.414,213.11022044088176
1983:58.988,252.24649298597194
1984:51.334,253.67935871743487
1985:57.916,297.11623246492985
1986:48.42,208.59519038076152
1987:51.924,248.0941883767535
1988:51.356,227.7254509018036
1989:57.596,254.90380761523045
1990:51.594,227.5931863727455
1991:41.756,196.05811623246493
1992:55.196,228.15230460921845
1993:48.054,214.16032064128257
1994:51.848,250.00400801603206
1995:56.138,265.71543086172346
1996:48.16,201.749498997996
1997:45.654,209.39478957915833
1998:58.178,262.41082164328657
1999:56.454,260.4689378757515
2000:56.136,269.9819639278557
2001:50.292,251.58517034068137
2002:44.674,190.7134268537074
2003:51.662,245.09819639278558
2004:51.882,236.3927855711423
2005:43.938,188.43286573146293
2006:51.712,232.56312625250501
2007:44.582,203.77955911823648
2008:50.764,234.65931863727454
2009:49.252,210.55911823647295
2010:41.144,176.41082164328657
2011:43.696,183.6753507014028
2012:42.338,176.4248496993988
2013:47.914,222.62725450901803
2014:43.356,180.99599198396794
2015:57.58,265.35671342685373
2016:57.846,260.71543086172346
2017:46.198,202.70941883767534
2018:59.538,320.91983967935874
2019:60.122,266.937875751503
2020:51.804,241.4448897795591
2021:46.416,213.68937875751504
2022:44.898,195.81563126252505
2023:53.462,239.89579158316633
2024:52.12,252.6012024048096
2025:49.508,228.32064128256513
2026:54.412,277.74749498997994
2027:64.212,307.0080160320641
2028:54.728,241.11422845691382
2029:39.16,179.30260521042084
2030:52.66,245.53306613226454
2031:51.04,232.48296593186373
2032:56.398,297.67334669338675
2033:51.934,246.75350701402806
2034:61.73,310.25450901803606
2035:62.314,333.0200400801603
2036:50.278,250.31262525050101
2037:58.4,294.0060120240481
2038:58.44,296.46693386773546
2039:62.042,304.8897795591182
2040:56.588,315.3306613226453
2041:58.958,275.3446893787575
2042:58.764,343.7815631262525
2043:58.576,295.25250501002006
2044:49.424,222.3066132264529
2045:52.492,243.90981963927857
2046:48.834,243.55911823647295
2047:45.88,212.02204408817636
2048:61.172,260.96593186372746
2049:57.534,256.3627254509018
2050:48.62,205.4869739478958
2051:52.73,247.7735470941884
2052:59.646,318.9639278557114
2053:55.742,243.65531062124248
2054:49.608,232.66533066132266
2055:61.422,316.27054108216436
2056:56.554,271.55110220440883
2057:61.25,289.2885771543086
2058:48.384,205.46492985971943
2059:48.292,226.8557114228457
2060:48.632,209.9318637274549
2061:47.832,218.98797595190382
2062:52.244,245.9438877755511
2063:59.096,285.2785571142285
2064:57.058,281.55310621242484
2065:53.958,255.77555110220442
2066:50.83,243.19038076152304
2067:49.074,227.5811623246493
2068:56.504,252.57715430861722
2069:53.652,255.5130260521042
2070:52.384,250.4308617234469
2071:50.528,225.05811623246493
2072:64.496,329.813627254509
2073:56.42,263.80360721442884
2074:54.438,244.8697394789579
2075:55.444,269.69739478957916
2076:56.678,267.4909819639279
2077:56.456,278.8817635270541
2078:50.638,252.6192384769539
2079:39.966,193.1803607214429
2080:53.74,252.9579158316633
2081:54.724,264.11422845691385
2082:47.342,196.57314629258516
2083:43.168,192.44689378757516
2084:51.62,218.07014028056113
2085:45.03,186.10220440881764
2086:59.288,280.0741482965932
2087:55.114,279.0841683366734
2088:59.162,289.30260521042084
2089:59.58,312.7695390781563
2090:56.624,285.9879759519038
2091:52.862,246.0320641282565
2092:53.436,245.48496993987976
2093:53.158,258.43887775551104
2094:57.578,268.1823647294589
2095:60.95,284.5130260521042
2096:51.67,255.71142284569137
2097:48.044,261.90180360721445
2098:58.67,304.03206412825654
2099:61.186,301.1663326653307
2100:57.648,338.65931863727457
2101:49.22,218.54509018036072
2102:54.322,253.01402805611224
2103:55.378,259.57114228456913
2104:52.42,240.22044088176352
2105:53.178,257.39078156312627
2106:57.814,263.55310621242484
2107:50.266,262.46492985971946
2108:59.488,276.90380761523045
2109:56.616,247.65531062124248
2110:49.912,218.81362725450902
2111:49.254,227.2444889779559
2112:46.192,192.2264529058116
2113:58.732,316.5070140280561
2114:52.124,247.00801603206412
2115:54.134,250.4749498997996
2116:53.94,303.4709418837675
2117:48.9,215.86573146292585
2118:56.346,248.75951903807615
2119:53.75,269.57715430861725
2120:50.706,231.9498997995992
2121:45.106,194.49899799599197
2122:43.97,187.96392785571143
2123:57.418,348.12825651302603
2124:66.628,334.6212424849699
2125:53.77,263.7995991983968
2126:45.274,196.27655310621242
2127:49.25,230.69739478957916
2128:46.158,209.38677354709418
2129:57.346,267.26653306613224
2130:48.37,229.35871743486973
2131:55.224,263.4188376753507
2132:52.372,249.02805611222445
2133:42.39,206.81763527054107
2134:58.552,274.5751503006012
2135:55.778,257.7054108216433
2136:59.516,289.2004008016032
2137:50.576,239.1442885771543
2138:53.324,275.2685370741483
2139:54.722,263.73346693386776
2140:59.03,294.4248496993988
2141:50.03,223.2825651302605
2142:58.516,266.314629258517
2143:49.764,233.7875751503006
2144:51.454,245.0060120240481
2145:46.954,226.16032064128257
2146:53.632,264.0841683366734
2147:57.212,347.37675350701403
2148:50.722,250.52304609218436
2149:60.936,349.1843687374749
2150:59.842,341.0561122244489
2151:55.558,322.7855711422846
2152:56.958,345.4889779559118
2153:52.12,262.9939879759519
2154:52.464,256.82965931863725
2155:53.086,248.93587174348698
2156:61.358,308.48496993987976
2157:53.606,255.85771543086173
2158:53.65,232.19839679358716
2159:59.128,310.80160320641284
2160:53.986,320.44889779559117
2161:54.026,260.9058116232465
2162:54.412,281.2324649298597
2163:58.848,315.5871743486974
2164:62.318,325.5170340681363
2165:52.512,261.4909819639279
2166:63.348,349.6553106212425
2167:57.118,302.9458917835671
2168:61.55,329.6833667334669
2169:55.856,258.3066132264529
2170:61.688,301.29058116232466
2171:53.822,282.39679358717433
2172:61.226,301.813627254509
2173:59.024,300.1022044088176
2174:59.358,333.6312625250501
2175:61.838,355.8677354709419
2176:62.46,288.95991983967934
2177:58.978,303.0761523046092
2178:57.428,263.8236472945892
2179:60.18,340.7314629258517
2180:49.236,246.39478957915833
2181:61.274,302.32264529058114
2182:51.544,227.7815631262525
2183:54.818,285.7434869739479
2184:58.382,260.90981963927857
2185:44.366,223.749498997996
2186:44.608,196.54509018036072
2187:51.03,232.14228456913827
2188:43.39,188.5250501002004
2189:62.368,280.2625250501002
2190:52.202,239.28857715430863
2191:48.136,203.4629258517034
2192:52.666,238.05410821643287
2193:46.184,210.97795591182364
2194:44.09,189.4629258517034
2195:42.65,187.3987975951904
2196:45.182,190.07615230460922
2197:49.964,221.83967935871743
2198:60.126,262.6192384769539
2199:36.244,152.61723446893788
2200:39.798,163.2364729458918
2201:44.744,190.5370741482966
2202:41.258,185.33466933867734
2203:54.212,251.39078156312624
2204:44.048,218.35270541082164
2205:61.846,347.3346693386774
2206:48.504,217.6432865731463
2207:53.05,246.1062124248497
2208:51.888,241.97394789579158
2209:54.57,277.56112224448896
2210:50.44,223.2925851703407
2211:36.206,154.96993987975952
2212:45.368,209.32665330661322
2213:45.632,203.2625250501002
2214:45.048,210.15831663326654
2215:36.68,153.1442885771543
2216:40.514,165.6012024048096
2217:48.626,234.81362725450902
2218:46.9,204.4949899799599
2219:50.372,226.63326653306612
2220:44.376,188.70340681362725
2221:45.948,204.34468937875752
2222:48.708,219.9318637274549
2223:53.674,249.5370741482966
2224:52.05,232.1442885771543
2225:40.57,194.87775551102203
2226:56.188,262.69739478957916
2227:50.616,207.02605210420842
2228:50.522,220.6372745490982
2229:54.784,230.5551102204409
2230:55.174,251.55310621242484
2231:43.46,199.5811623246493
2232:47.992,203.85170340681364
2233:55.008,232.29458917835672
2234:44.7,193.2865731462926
2235:43.768,197.01402805611224
2236:53.586,258.20841683366734
2237:48.536,224.45490981963928
2238:58.344,327.84769539078155
2239:60.46,324.05811623246495
2240:52.334,267.2885771543086
2241:60.41,336.43887775551104
2242:54.65,246.39078156312624
2243:58.982,264.9919839679359
2244:65.372,303.8557114228457
2245:57.1,270.7775551102204
2246:54.996,245.89579158316633
2247:50.982,245.27855711422845
2248:48.382,208.98597194388776
2249:59.112,283.5130260521042
2250:56.808,256.0741482965932
2251:56.716,260.60320641282567
2252:55.312,244.85370741482967
2253:59.76,287.23446893787576
2254:48.428,229.80761523046093
2255:45.998,211.22444889779558
2256:32.486,141.22845691382764
2257:38.284,154.3006012024048
2258:36.186,162.69138276553107
2259:43.28,210.28056112224448
2260:44.3,204.8376753507014
2261:48.5,226.83567134268537
2262:47.934,227.39078156312624
2263:55.116,257.56913827655313
2264:55.894,250.55711422845692
2265:52.822,277.9639278557114
2266:56.92,309.4569138276553
2267:62.1,320.52104208416836
2268:55.718,380.70741482965934
2269:65.574,307.14028056112227
2270:60.686,344.2024048096192
2271:64.022,356.4549098196393
2272:61.758,415.60320641282567
2273:59.028,329.28256513026054
2274:54.894,260.74549098196394
2275:61.532,312.0480961923848
2276:52.062,240.27855711422845
2277:54.982,275.35871743486973
2278:51.18,256.064128256513
2279:62.414,278.186372745491
2280:57.234,286.94188376753505
2281:63.358,312.31062124248496
2282:50.644,245.05210420841684
2283:58.34,295.0360721442886
2284:64.16,340.01603206412824
2285:57.714,353.0661322645291
2286:63.386,385.37474949899797
2287:61.222,396.751503006012
2288:60.458,338.24448897795594
2289:60.648,311.99799599198394
2290:61.438,351.60320641282567
2291:56.736,332.0681362725451
2292:64.872,374.1322645290581
2293:54.012,275.9138276553106
2294:61.688,342.8817635270541
2295:64.542,335.6292585170341
2296:62.108,296.85370741482967
2297:62.438,297.1743486973948
2298:67.262,354.43887775551104
2299:57.216,300.08817635270543
2300:61.85,309.5671342685371
2301:60.332,295.1102204408818
2302:56.642,309.7675350701403
2303:59.444,306.87174348697397
2304:61.482,304.00200400801606
2305:55.15,260.19839679358716
2306:44.232,209.07214428857716
2307:55.248,270.6192384769539
2308:58.056,276.5170340681363
2309:58.386,248.96993987975952
2310:60.262,290.3607214428858
2311:64.642,277.1843687374749
2312:50.854,242.1002004008016
2313:59.394,288.92985971943887
