0:21.026,106.48496993987976
1:31.666,177.5190380761523
2:25.986,140.19238476953907
3:28.028,134.98997995991985
4:26.932,144.43687374749499
5:35.398,189.19639278557113
6:37.034,194.17835671342687
7:34.694,185.4248496993988
8:34.998,173.5551102204409
9:35.108,189.56112224448898
10:33.958,196.9318637274549
11:26.492,146.98597194388776
12:26.66,156.50100200400803
13:26.55,142.90180360721442
14:32.962,174.43486973947896
15:37.414,200.57314629258516
16:28.292,152.74549098196394
17:40.752,224.80360721442887
18:35.914,199.82965931863728
19:41.464,222.87174348697394
20:29.908,178.67935871743487
21:32.906,172.81563126252505
22:39.718,211.71142284569137
23:26.9,142.74148296593185
24:29.322,157.625250501002
25:23.426,135.20440881763528
26:31.49,161.53507014028057
27:27.592,159.5691382765531
28:26.68,126.80160320641282
29:31.658,168.36673346693388
30:29.536,158.2364729458918
31:31.362,158.79158316633266
32:34.426,179.97995991983967
33:30.302,161.2825651302605
34:27.928,163.41683366733466
35:34.218,163.09819639278558
36:33.166,177.37074148296594
37:32.39,169.3567134268537
38:26.98,140.54509018036072
39:23.298,123.48697394789579
40:25.614,139.99799599198397
41:24.138,116.59519038076152
42:28.22,154.28857715430863
43:31.07,164.9939879759519
44:28.852,152.48496993987976
45:29.282,152.69539078156313
46:25.056,133.49899799599197
47:33.458,184.29859719438878
48:35.18,188.54909819639278
49:27.01,147.19038076152304
50:31.704,172.03406813627254
51:28.572,158.7074148296593
52:36.084,188.26653306613227
53:36.39,185.74749498997997
54:28.362,145.97194388777555
55:36.996,203.30260521042084
56:30.514,159.52905811623248
57:38.014,205.9318637274549
58:28.638,149.1442885771543
59:28.244,152.9579158316633
60:25.666,144.6112224448898
61:31.516,167.89178356713427
62:31.474,159.7254509018036
63:25.326,130.69138276553107
64:22.808,115.5691382765531
65:32.146,157.15831663326654
66:30.72,170.99799599198397
67:23.718,122.19238476953907
68:32.566,166.16032064128257
69:27.112,138.88176352705412
70:30.292,169.28857715430863
71:29.132,157.19038076152304
72:30.796,165.08416833667334
73:30.194,159.52104208416833
74:37.92,202.2565130260521
75:24.946,134.94589178356713
76:28.15,150.49098196392785
77:39.656,229.8436873747495
78:27.662,162.9619238476954
79:31.666,176.25450901803606
80:28.63,149.8617234468938
81:34.042,174.1062124248497
82:36.74,200.1202404809619
83:26.454,146.09819639278558
84:30.024,151.1202404809619
85:31.008,160.4448897795591
86:31.516,157.04609218436875
87:31.134,168.9318637274549
88:29.552,167.85370741482967
89:21.684,111.86372745490982
90:29.39,169.39478957915833
91:26.94,138.92985971943887
92:30.746,177.76553106212424
93:32.942,194.6753507014028
94:27.146,148.03607214428857
95:34.188,194.7695390781563
96:30.952,163.93386773547095
97:28.308,157.29458917835672
98:33.806,192.9318637274549
99:28.978,162.57715430861722
100:39.824,214.9679358717435
101:30.666,160.6573146292585
102:41.13,240.67334669338678
103:40.544,246.39679358717436
104:39.296,215.92384769539078
105:34.232,192.51703406813627
106:41.09,235.92985971943887
107:39.82,232.3066132264529
108:35.72,200.98396793587173
109:32.414,175.60320641282564
110:33.732,179.49298597194388
111:32.688,186.4629258517034
112:35.946,192.48296593186373
113:35.43,193.34869739478958
114:29.506,161.6072144288577
115:28.416,152.82965931863728
116:30.38,167.7815631262525
117:34.122,187.0941883767535
118:27.708,145.72945891783567
119:39.444,219.24649298597194
120:28.792,151.1382765531062
121:34.876,182.75951903807615
122:32.152,177.32865731462925
123:36.458,205.17034068136272
124:32.43,175.01402805611224
125:29.662,156.3186372745491
126:32.798,180.91583166332666
127:29.314,164.8697394789579
128:37.578,209.46693386773546
129:38.698,205.99198396793588
130:39.234,219.24849699398797
131:39.888,224.57915831663325
132:35.284,197.70140280561122
133:40.222,218.83567134268537
134:38.194,261.2785571142285
135:36.722,221.02004008016033
136:39.268,228.85771543086173
137:42.638,246.84769539078155
138:40.046,213.4068136272545
139:37.31,237.66132264529057
140:30.524,177.02605210420842
141:37.166,204.7935871743487
142:39.716,224.25450901803606
143:31.51,181.29859719438878
144:31.716,170.2444889779559
145:39.696,244.57715430861722
146:30.304,151.4869739478958
147:29.552,158.52304609218436
148:35.796,202.43687374749499
149:34.294,197.63927855711424
150:39.952,213.6072144288577
151:33.534,198.67735470941884
152:40.14,241.77154308617236
153:38.798,223.7074148296593
154:34.406,205.32064128256513
155:35.234,193.4749498997996
156:38.594,210.28056112224448
157:39.928,236.19839679358716
158:30.706,165.04008016032063
159:33.68,195.82364729458916
160:32.142,177.68336673346693
161:27.046,151.24849699398797
162:32.62,191.58517034068137
163:30.218,168.74749498997997
164:38.69,210.5811623246493
165:32.712,173.7635270541082
166:33.96,189.0420841683367
167:33.098,175.5551102204409
168:27.986,168.53507014028057
169:29.554,166.66933867735472
170:30.86,165.1803607214429
171:32.478,192.24849699398797
172:36.404,201.75150300601203
173:31.23,170.80761523046093
174:34.842,180.89779559118236
175:38.02,214.7875751503006
176:34.914,201.48496993987976
177:38.448,220.80160320641284
178:32.128,188.6933867735471
179:30.348,179.06212424849699
180:26.404,145.06613226452905
181:30.11,157.15831663326654
182:29.428,168.81362725450902
183:38.534,217.59118236472946
184:35.56,208.63326653306612
185:36.518,219.91583166332666
186:31.95,190.92384769539078
187:38.948,232.3426853707415
188:36.334,188.70941883767534
189:37.092,202.59919839679358
190:41.714,235.82765531062125
191:25.896,143.85771543086173
192:37.452,227.4188376753507
193:42.032,232.61523046092185
194:37.988,204.35270541082164
195:36.198,206.62324649298597
196:32.586,192.33667334669337
197:38.598,235.45490981963928
198:31.368,197.74749498997997
199:33.814,193.68336673346693
200:37.06,216.11422845691382
201:42.61,248.5130260521042
202:35.638,203.52905811623248
203:35.082,198.9498997995992
204:35.874,201.35470941883767
205:30.404,168.76753507014027
206:34.962,202.84969939879758
207:34.056,205.2004008016032
208:38.882,208.68737474949899
209:43.256,262.5551102204409
210:36.976,212.83366733466934
211:36.6,243.9939879759519
212:44.858,275.39278557114227
213:41.54,256.1583166332665
214:40.026,249.09218436873746
215:43.02,277.2224448897796
216:37.418,216.1122244488978
217:49.536,290.2004008016032
218:36.462,216.26052104208418
219:44.878,258.35270541082167
220:34.81,199.7434869739479
221:41.452,252.88376753507015
222:32.338,156.30861723446893
223:33.11,179.01603206412827
224:36.048,203.27054108216433
225:45.192,267.4328657314629
226:42.006,248.41683366733466
227:33.208,192.34669338677355
228:40.89,241.27855711422845
229:42.3,246.5551102204409
230:46.242,295.7034068136273
231:39.602,233.71142284569137
232:46.878,260.9879759519038
233:40.384,225.06012024048096
234:31.358,183.7935871743487
235:39.982,222.21643286573146
236:41.118,247.12224448897797
237:38.774,221.24048096192385
238:38.392,228.33466933867734
239:39.886,223.21442885771543
240:37.226,231.79759519038078
241:46.216,276.4929859719439
242:31.15,178.91583166332666
243:31.454,179.6012024048096
244:28.318,172.3507014028056
245:38.88,223.86372745490982
246:30.83,185.20440881763528
247:40.574,240.84769539078155
248:33.608,186.66332665330663
249:33.506,183.6372745490982
250:38.52,238.2865731462926
251:31.96,194.7735470941884
252:42.108,262.6833667334669
253:39.45,210.48296593186373
254:28.102,144.66332665330663
255:41.1,232.34068136272546
256:36.894,204.07615230460922
257:27.68,158.7735470941884
258:30.672,168.75751503006012
259:31.976,165.8196392785571
260:28.792,167.29659318637275
261:33.928,177.68537074148296
262:36.07,193.7074148296593
263:34.672,194.1683366733467
264:42.858,252.08016032064128
265:44.08,266.34669338677355
266:41.086,240.62124248496994
267:45.376,264.67334669338675
268:46.918,310.66132264529057
269:48.426,330.9819639278557
270:45.122,275.6132264529058
271:44.316,241.33066132264528
272:41.11,243.08016032064128
273:35.182,215.0941883767535
274:43.028,242.6192384769539
275:40.606,228.76753507014027
276:37.606,232.02605210420842
277:40.134,244.39478957915833
278:36.926,215.6813627254509
279:42.74,240.26052104208418
280:34.936,208.2565130260521
281:43.038,259.6132264529058
282:41.21,229.23246492985973
283:35.088,190.04809619238478
284:41.828,257.9178356713427
285:38.126,204.17434869739478
286:42.294,236.61723446893788
287:37.152,210.21643286573146
288:39.356,218.14028056112224
289:39.032,219.9679358717435
290:39.58,234.0941883767535
291:35.034,182.41482965931863
292:38.254,207.0821643286573
293:34.512,206.73547094188376
294:43.408,250.23446893787576
295:45.516,250.76553106212424
296:38.13,218.47895791583167
297:42.8,234.03406813627254
298:46.002,260.34669338677355
299:42.38,235.2685370741483
300:42.23,266.7795591182365
301:39.344,231.09619238476955
302:42.836,305.16032064128257
303:42.132,236.80360721442887
304:34.206,202.34669338677355
305:37.448,214.24849699398797
306:46.38,272.8376753507014
307:38.792,208.39679358717436
308:39.678,244.69539078156313
309:36.302,206.18837675350701
310:41.684,230.88376753507015
311:32.684,192.8697394789579
312:39.754,205.2124248496994
313:41.102,228.98396793587173
314:35.522,201.875751503006
315:37.93,201.98797595190382
316:27.566,159.5511022044088
317:40.926,225.23246492985973
318:37.146,211.31062124248496
319:46.126,251.96993987975952
320:41.106,227.06613226452905
321:37.21,207.1803607214429
322:34.41,192.34869739478958
323:35.526,192.0420841683367
324:39.722,233.29058116232466
325:39.46,223.02805611222445
326:38.214,211.8056112224449
327:33.97,191.8797595190381
328:36.344,203.15230460921845
329:31.47,172.09218436873746
330:28.844,167.89779559118236
331:34.598,184.41482965931863
332:23.776,131.60921843687376
333:33.212,184.46092184368737
334:35.708,193.3507014028056
335:34.598,181.02805611222445
336:36.734,194.6993987975952
337:30.158,162.90380761523045
338:35.37,198.88376753507015
339:28.244,162.5310621242485
340:30.034,163.81162324649299
341:39.514,228.49899799599197
342:36.8,203.3246492985972
343:40.724,233.65931863727454
344:31.178,167.71543086172343
345:30.43,160.80961923847696
346:30.692,180.38677354709418
347:28.986,161.42685370741484
348:30.012,164.02004008016033
349:30.212,167.50701402805612
350:31.736,154.1623246492986
351:36.332,191.10821643286573
352:34.846,200.0941883767535
353:36.514,189.0881763527054
354:39.34,210.32865731462925
355:29.158,153.92184368737475
356:34.158,171.53306613226454
357:31.13,172.90981963927857
358:25.546,130.0240480961924
359:38.16,205.41082164328657
360:33.386,178.80160320641284
361:33.166,185.65931863727454
362:49.824,273.65330661322645
363:39.046,222.51503006012024
364:35.326,198.1943887775551
365:34.024,211.82164328657313
366:33.81,194.67334669338678
367:40.944,218.9619238476954
368:43.762,238.66132264529057
369:45.254,275.4509018036072
370:44.318,277.85971943887773
371:38.06,226.57114228456913
372:36.348,214.08016032064128
373:37.406,212.08617234468937
374:32.972,189.34468937875752
375:43.096,243.54909819639278
376:42.784,248.05410821643287
377:42.216,249.2064128256513
378:42.464,250.41082164328657
379:39.598,244.71543086172343
380:42.52,219.5370741482966
381:35.152,186.15831663326654
382:41.774,224.5310621242485
383:42.688,256.8817635270541
384:38.722,205.18637274549098
385:44.504,231.88376753507015
386:39.446,215.1442885771543
387:33.832,186.9939879759519
388:36.68,207.75751503006012
389:34.578,179.42885771543087
390:31.142,154.87174348697394
391:37.196,198.57114228456913
392:37.318,198.71543086172343
393:36.596,195.34068136272546
394:30.63,158.7555110220441
395:41.366,228.41482965931863
396:30.22,161.50701402805612
397:37.452,200.8797595190381
398:33.278,189.9939879759519
399:36.498,207.67935871743487
400:30.332,176.49899799599197
401:38.16,212.57715430861722
402:34.154,182.24849699398797
403:41.428,248.15831663326654
404:34.98,189.82164328657313
405:28.77,146.97995991983967
406:37.074,202.85170340681364
407:32.506,192.01002004008015
408:36.338,188.46492985971943
409:38.026,212.0561122244489
410:29.876,155.6573146292585
411:34.338,191.26052104208418
412:32.072,183.22244488977955
413:37.0,205.33066132264528
414:34.336,204.83366733466934
415:38.312,218.7995991983968
416:42.056,254.33667334669337
417:39.678,269.07214428857714
418:38.91,234.31262525050101
419:34.846,216.67334669338678
420:39.008,215.20240480961922
421:33.514,197.6192384769539
422:36.316,199.47695390781564
423:43.556,247.98396793587173
424:35.462,192.15030060120242
425:31.63,179.07014028056113
426:33.162,185.29859719438878
427:41.476,229.23847695390782
428:36.902,226.91983967935872
429:44.19,250.54909819639278
430:39.706,242.97995991983967
431:37.33,210.2745490981964
432:31.55,172.07815631262525
433:36.636,219.99799599198397
434:35.828,222.72745490981964
435:45.852,283.1843687374749
436:40.106,209.1803607214429
437:41.852,255.42084168336675
438:41.646,247.63927855711424
439:41.628,238.41482965931863
440:38.998,218.53306613226454
441:36.384,217.68537074148296
442:31.222,170.08617234468937
443:33.758,188.6933867735471
444:42.466,261.4188376753507
445:42.778,276.08016032064126
446:36.964,206.25851703406815
447:38.382,235.03406813627254
448:35.436,189.5691382765531
449:40.444,244.5190380761523
450:37.834,210.92384769539078
451:33.776,190.3186372745491
452:37.026,216.4809619238477
453:37.534,226.34669338677355
454:40.266,232.0380761523046
455:40.158,222.56713426853707
456:49.246,270.9178356713427
457:36.554,213.09218436873746
458:34.272,204.13627254509018
459:38.688,207.2184368737475
460:37.536,218.2745490981964
461:39.586,229.8316633266533
462:38.566,216.67735470941884
463:44.588,244.9759519038076
464:40.926,213.7635270541082
465:43.278,253.98396793587173
466:39.362,231.43286573146293
467:39.708,242.3807615230461
468:40.218,250.45090180360722
469:43.33,247.64529058116233
470:33.746,197.59919839679358
471:35.974,200.37074148296594
472:32.392,167.53306613226454
473:35.922,206.2064128256513
474:29.948,170.3927855711423
475:30.708,162.23847695390782
476:38.296,217.7815631262525
477:31.442,172.62324649298597
478:37.192,197.79158316633266
479:31.392,174.74749498997997
480:28.636,163.54909819639278
481:37.076,194.2364729458918
482:37.694,201.09819639278558
483:29.168,171.7815631262525
484:36.466,205.53306613226454
485:35.352,204.86773547094188
486:33.614,188.33667334669337
487:37.55,210.8316633266533
488:41.582,266.85971943887773
489:38.188,230.14629258517033
490:40.158,246.3687374749499
491:39.872,243.43286573146293
492:41.992,235.55711422845692
493:37.57,213.5751503006012
494:32.402,191.19038076152304
495:37.226,218.70340681362725
496:31.34,181.7134268537074
497:29.296,162.46492985971943
498:34.34,190.62725450901803
499:29.946,163.2865731462926
500:34.54,197.0501002004008
501:30.378,163.7074148296593
502:27.888,157.2444889779559
503:32.176,182.17835671342687
504:27.186,168.81763527054107
505:37.494,213.9819639278557
506:31.486,175.83366733466934
507:35.35,215.6573146292585
508:27.94,144.24649298597194
509:38.074,197.31262525050101
510:30.754,173.6753507014028
511:34.446,175.40280561122245
512:39.03,217.31663326653307
513:39.642,217.32665330661322
514:23.162,127.40681362725451
515:29.632,171.34669338677355
516:40.016,211.28456913827657
517:35.178,200.85771543086173
518:35.932,208.88577154308618
519:40.938,229.2264529058116
520:40.976,266.9238476953908
521:43.762,271.49699398797594
522:41.26,229.70340681362725
523:41.79,232.25450901803606
524:33.674,188.97394789579158
525:33.814,224.374749498998
526:36.446,200.33466933867734
527:40.414,223.92785571142284
528:37.502,231.96392785571143
529:39.91,238.05811623246493
530:42.576,275.0180360721443
531:40.118,260.1302605210421
532:48.444,276.2304609218437
533:42.842,265.81963927855713
534:46.348,259.9078156312625
535:44.498,334.92785571142286
536:49.094,320.0921843687375
537:44.178,344.1823647294589
538:47.884,336.8236472945892
539:40.924,235.96593186372746
540:41.432,231.37875751503006
541:41.932,262.82164328657313
542:37.666,209.2685370741483
543:39.212,218.48496993987976
544:39.3,227.2364729458918
545:35.076,227.2304609218437
546:36.188,200.14629258517033
547:39.686,239.45090180360722
548:34.846,196.24649298597194
549:38.89,215.90981963927857
550:39.414,242.13426853707415
551:44.426,307.4529058116232
552:40.096,237.5811623246493
553:41.082,254.91382765531063
554:35.502,214.62324649298597
555:40.672,239.74749498997997
556:36.404,223.70541082164328
557:36.202,209.13426853707415
558:37.238,219.13226452905812
559:38.102,231.3687374749499
560:40.398,245.77555110220442
561:35.662,204.92985971943887
562:42.618,248.30260521042084
563:43.206,239.85971943887776
564:39.418,238.40480961923848
565:33.68,183.32264529058116
566:31.856,197.4689378757515
567:40.174,224.56513026052104
568:32.744,189.84569138276552
569:39.31,226.69539078156313
570:42.422,229.47094188376752
571:43.556,248.2444889779559
572:41.744,275.85771543086173
573:37.142,202.80961923847696
574:41.306,241.6072144288577
575:36.366,207.7374749498998
576:39.732,241.07014028056113
577:41.464,219.8797595190381
578:37.208,247.94789579158316
579:36.272,208.25250501002003
580:39.824,216.02204408817636
581:41.306,250.2685370741483
582:40.982,226.4308617234469
583:34.016,200.7875751503006
584:39.146,232.99198396793588
585:41.584,266.1442885771543
586:36.502,210.89779559118236
587:36.772,214.0821643286573
588:43.144,271.6192384769539
589:40.56,221.10220440881764
590:40.22,231.48897795591182
591:41.386,264.57915831663325
592:30.78,175.3426853707415
593:40.448,221.76553106212424
594:38.12,210.1122244488978
595:29.75,159.75150300601203
596:25.614,135.1122244488978
597:31.02,177.55310621242484
598:28.192,149.73947895791582
599:35.064,195.37074148296594
600:30.616,176.2004008016032
601:31.638,182.28456913827657
602:30.192,170.43887775551102
603:26.646,150.27254509018036
604:35.424,219.51703406813627
605:31.97,182.58917835671343
606:33.402,187.49098196392785
607:31.518,172.04609218436875
608:32.216,176.07014028056113
609:31.73,177.90781563126254
610:31.304,169.44288577154308
611:33.46,176.68537074148296
612:33.968,176.99799599198397
613:37.862,202.0881763527054
614:25.912,142.80360721442887
615:34.508,178.77955911823648
616:28.218,151.43687374749499
617:24.868,134.4068136272545
618:26.738,143.5190380761523
619:33.742,180.34669338677355
620:29.854,156.749498997996
621:37.986,208.23446893787576
622:31.632,165.4809619238477
623:32.418,168.19238476953907
624:34.048,183.6673346693387
625:35.568,196.3426853707415
626:20.862,115.06613226452906
627:30.216,157.51703406813627
628:26.516,134.35470941883767
629:31.786,160.68937875751504
630:29.81,157.65130260521042
631:35.49,185.00400801603206
632:30.488,172.90981963927857
633:33.11,186.9318637274549
634:40.174,219.87775551102203
635:27.908,160.3927855711423
636:40.002,205.56312625250501
637:41.546,226.80160320641284
638:43.08,239.19839679358716
639:37.608,189.04408817635272
640:37.558,208.8937875751503
641:39.206,225.6012024048096
642:37.142,207.64729458917836
643:43.45,260.89178356713427
644:42.836,265.4909819639279
645:44.078,251.14629258517033
646:39.128,219.30460921843687
647:38.998,239.23446893787576
648:44.838,264.2945891783567
649:38.31,214.71142284569137
650:40.004,240.7815631262525
651:36.984,213.84569138276552
652:35.402,183.41482965931863
653:31.298,179.8877755511022
654:34.838,188.5931863727455
655:40.22,225.3627254509018
656:30.786,168.28857715430863
657:41.65,228.6753507014028
658:34.318,184.04008016032063
659:41.742,223.14629258517033
660:45.386,263.97595190380764
661:42.532,233.21042084168337
662:36.814,216.35871743486973
663:44.806,315.6653306613226
664:38.874,214.12625250501003
665:47.06,289.4909819639279
666:42.718,237.7995991983968
667:39.92,251.5190380761523
668:36.522,204.88376753507015
669:39.618,212.29058116232466
670:41.594,211.5310621242485
671:40.258,244.01202404809618
672:38.874,211.53907815631263
673:31.566,183.55911823647295
674:39.488,213.38476953907815
675:35.34,193.24849699398797
676:31.722,178.13426853707415
677:35.504,183.33867735470943
678:29.02,160.6813627254509
679:31.572,161.20841683366734
680:33.196,190.12825651302606
681:35.35,204.92184368737475
682:39.344,221.1943887775551
683:37.852,205.9438877755511
684:34.734,201.4128256513026
685:38.082,210.39078156312624
686:33.362,183.70941883767534
687:42.186,237.1943887775551
688:41.832,240.16432865731463
689:36.73,233.11022044088176
690:35.004,204.82565130260522
691:32.096,176.3006012024048
692:42.906,243.20841683366734
693:33.99,190.74148296593185
694:38.926,220.73346693386773
695:44.174,257.17234468937875
696:40.386,243.625250501002
697:40.254,226.3627254509018
698:47.42,295.22645290581164
699:45.764,300.1563126252505
700:44.212,254.04408817635272
701:42.588,246.2865731462926
702:39.636,262.6492985971944
703:42.584,285.32865731462925
704:47.286,260.4889779559118
705:38.832,238.60320641282564
706:42.618,274.09819639278555
707:38.37,225.2925851703407
708:43.066,293.4629258517034
709:44.802,289.81963927855713
710:45.706,277.6813627254509
711:41.8,234.71943887775552
712:46.296,295.0080160320641
713:30.918,178.85170340681364
714:37.366,211.18837675350701
715:43.846,249.98997995991985
716:43.008,252.7815631262525
717:39.04,231.13426853707415
718:40.718,245.49298597194388
719:39.264,230.25250501002003
720:39.158,230.42084168336675
721:46.354,257.69138276553105
722:45.174,288.71743486973946
723:36.28,225.19639278557113
724:40.264,226.15831663326654
725:36.052,205.72945891783567
726:45.646,276.9238476953908
727:39.7,230.50100200400803
728:32.802,208.57114228456913
729:39.422,223.50100200400803
730:39.478,234.40280561122245
731:32.538,191.64729458917836
732:44.678,238.4689378757515
733:38.192,253.3987975951904
734:40.172,225.18837675350701
735:44.81,277.32665330661325
736:39.57,245.26052104208418
737:38.41,212.11422845691382
738:37.636,239.13226452905812
739:45.558,296.7615230460922
740:36.186,206.29458917835672
741:35.98,213.82164328657313
742:43.33,289.88376753507015
743:45.154,305.5931863727455
744:46.252,272.7234468937876
745:41.006,253.33466933867734
746:47.788,294.12625250501003
747:40.892,244.35871743486973
748:41.834,271.3887775551102
749:37.768,202.04609218436875
750:30.822,179.86573146292585
751:42.246,264.8557114228457
752:35.798,212.36072144288576
753:43.462,249.00801603206412
754:41.396,246.87174348697394
755:39.53,220.43286573146293
756:38.04,212.2064128256513
757:40.952,244.52705410821645
758:40.112,229.72745490981964
759:41.856,267.87575150300603
760:31.154,178.7434869739479
761:35.348,210.3687374749499
762:34.018,198.6372745490982
763:45.75,255.12625250501003
764:39.404,224.64128256513027
765:35.32,198.00801603206412
766:39.67,221.02805611222445
767:42.474,254.05811623246493
768:45.476,265.12224448897797
769:36.368,200.18236472945893
770:46.528,286.07014028056113
771:38.55,217.99599198396794
772:46.88,323.2204408817635
773:44.488,276.90180360721445
774:43.2,269.6492985971944
775:45.082,256.4889779559118
776:41.074,272.34669338677355
777:45.718,279.1442885771543
778:41.372,284.1663326653307
779:44.55,317.30060120240483
780:45.838,284.0561122244489
781:47.07,323.02404809619236
782:44.778,268.5290581162325
783:43.444,295.44889779559117
784:39.674,241.33066132264528
785:42.274,267.71543086172346
786:46.582,323.01402805611224
787:46.436,292.1923847695391
788:45.986,297.37474949899797
789:41.262,256.53306613226454
790:47.656,304.84569138276555
791:45.036,259.47895791583164
792:45.162,295.2204408817635
793:43.176,257.8997995991984
794:42.854,292.99599198396794
795:43.594,289.8897795591182
796:41.67,252.0180360721443
797:40.658,236.65531062124248
798:42.99,233.5511022044088
799:37.944,222.02004008016033
800:43.362,330.00200400801606
801:46.894,326.1182364729459
802:42.178,239.18837675350701
803:45.518,268.85971943887773
804:45.484,280.28456913827654
805:45.224,261.09018036072143
806:38.94,260.7975951903808
807:42.776,259.27054108216436
808:43.264,280.1002004008016
809:40.132,239.6012024048096
810:46.904,298.8416833667335
811:34.608,199.1302605210421
812:40.556,249.37274549098197
813:42.856,260.29058116232466
814:43.632,272.33867735470943
815:41.222,266.6753507014028
816:46.084,303.0941883767535
817:44.68,282.50501002004006
818:47.812,308.25450901803606
819:47.704,283.3426853707415
820:40.388,252.45290581162325
821:44.232,267.5310621242485
822:42.848,246.41482965931863
823:45.884,282.20841683366734
824:43.102,296.09819639278555
825:32.25,184.49899799599197
826:42.462,242.12825651302606
827:42.166,232.88376753507015
828:43.836,264.8997995991984
829:39.776,247.0501002004008
830:43.36,263.8677354709419
831:40.496,274.4128256513026
832:40.884,220.0941883767535
833:35.33,199.28056112224448
834:36.044,212.3246492985972
835:43.994,257.685370741483
836:37.002,215.5250501002004
837:33.5,190.54909819639278
838:34.632,198.10420841683367
839:43.75,279.39078156312627
840:42.864,255.72945891783567
841:42.262,255.81162324649299
842:43.808,269.09819639278555
843:38.984,230.6753507014028
844:42.728,265.80961923847696
845:45.844,286.07815631262525
846:44.474,318.9699398797595
847:36.568,218.16432865731463
848:50.254,310.4068136272545
849:38.516,213.90380761523045
850:38.36,212.1062124248497
851:43.0,262.8076152304609
852:43.07,262.0060120240481
853:46.432,284.6933867735471
854:42.9,263.4889779559118
855:39.698,224.5190380761523
856:42.8,257.6212424849699
857:43.872,270.6573146292585
858:36.916,217.3066132264529
859:37.522,225.7635270541082
860:48.686,307.3446893787575
861:46.104,277.70941883767534
862:40.864,233.57114228456913
863:42.468,238.95591182364728
864:47.556,306.14028056112227
865:38.262,227.51102204408818
866:43.618,263.6573146292585
867:35.452,220.97995991983967
868:39.362,231.3326653306613
869:39.194,229.43887775551102
870:45.226,270.57114228456913
871:40.946,235.56713426853707
872:39.474,240.8436873747495
873:38.598,217.67735470941884
874:29.874,165.2825651302605
875:33.604,206.46693386773546
876:47.87,307.0941883767535
877:32.54,193.2004008016032
878:39.39,251.24649298597194
879:46.902,304.5811623246493
880:37.596,233.44288577154308
881:34.796,215.70340681362725
882:37.654,239.47294589178355
883:43.786,250.0240480961924
884:45.702,312.7995991983968
885:40.232,222.2364729458918
886:42.51,218.28056112224448
887:43.336,254.93587174348698
888:39.058,222.9619238476954
889:40.294,228.29859719438878
890:32.876,207.0501002004008
891:33.582,198.45490981963928
892:42.36,257.4689378757515
893:40.79,240.3246492985972
894:35.294,200.5931863727455
895:32.65,184.55911823647295
896:38.984,216.87374749498997
897:41.17,247.13426853707415
898:39.282,219.22845691382764
899:42.978,226.34068136272546
900:38.168,218.7635270541082
901:32.096,178.5050100200401
902:27.576,154.73547094188376
903:40.53,231.77755511022045
904:39.718,210.9759519038076
905:41.216,239.49098196392785
906:37.634,211.44689378757516
907:36.102,210.5871743486974
908:40.906,246.22044088176352
909:37.306,215.03607214428857
910:35.226,192.80160320641284
911:29.554,161.1302605210421
912:33.834,196.08416833667334
913:38.06,218.1683366733467
914:32.298,173.73547094188376
915:32.124,189.53907815631263
916:29.44,163.93386773547095
917:28.22,152.82765531062125
918:31.8,169.70140280561122
919:29.448,165.34669338677355
920:37.152,220.02004008016033
921:31.422,188.19238476953907
922:35.248,187.28456913827657
923:34.936,196.95390781563125
924:39.028,211.7735470941884
925:33.8,181.96993987975952
926:30.872,170.16432865731463
927:40.644,221.42084168336675
928:35.366,193.7434869739479
929:42.946,242.32064128256513
930:40.42,231.47895791583167
931:40.42,240.00400801603206
932:41.42,249.80160320641284
933:40.116,246.45891783567134
934:44.762,315.28256513026054
935:42.978,249.9819639278557
936:43.314,268.8436873747495
937:44.584,276.0761523046092
938:44.496,266.65330661322645
939:34.27,197.3987975951904
940:42.168,256.1823647294589
941:43.626,235.94188376753507
942:35.186,193.4248496993988
943:43.162,274.9238476953908
944:37.794,208.59118236472946
945:40.636,242.31462925851704
946:39.522,217.49098196392785
947:42.394,246.08016032064128
948:41.962,266.5871743486974
949:41.592,242.06212424849699
950:39.142,216.37675350701403
951:39.14,216.3246492985972
952:37.758,217.18236472945893
953:39.766,222.0180360721443
954:40.474,235.65130260521042
955:42.698,248.23246492985973
956:37.426,198.45891783567134
957:39.77,240.16432865731463
958:33.328,184.96993987975952
959:26.882,150.66933867735472
960:37.236,221.57915831663325
961:33.014,173.15030060120242
962:28.122,148.8436873747495
963:30.892,154.05210420841684
964:31.788,181.5691382765531
965:34.732,173.33466933867734
966:32.748,193.88577154308618
967:26.4,141.80761523046093
968:31.18,176.22845691382764
969:28.47,150.0320641282565
970:28.758,149.5250501002004
971:36.418,223.4749498997996
972:28.95,165.77755511022045
973:35.822,190.41082164328657
974:31.538,165.28056112224448
975:32.728,176.3006012024048
976:33.014,175.8797595190381
977:31.562,188.62324649298597
978:38.352,223.63527054108218
979:27.678,154.37074148296594
980:30.694,169.40280561122245
981:22.948,125.18837675350701
982:30.444,164.21042084168337
983:36.42,212.68537074148296
984:31.47,164.03006012024048
985:33.746,213.67735470941884
986:33.89,192.7555110220441
987:35.656,195.43486973947896
988:33.084,189.1382765531062
989:40.666,216.11623246492985
990:32.39,183.1202404809619
991:32.408,173.90380761523045
992:32.974,189.28857715430863
993:27.9,158.2444889779559
994:37.436,210.91583166332666
995:28.354,158.20240480961922
996:28.044,155.0240480961924
997:30.246,179.25450901803606
998:33.298,177.05210420841684
999:23.49,134.79759519038078
1000:22.498,121.64128256513025
1001:22.812,118.79158316633267
1002:32.724,189.3987975951904
1003:32.862,180.44088176352705
1004:28.142,154.88376753507015
1005:24.85,133.5050100200401
1006:22.024,118.312625250501
1007:22.276,128.14829659318636
1008:22.87,115.94589178356713
1009:27.156,141.05410821643287
1010:25.82,139.68336673346693
1011:26.5,143.34669338677355
1012:29.752,159.44689378757516
1013:28.454,154.05811623246493
1014:29.094,169.40480961923848
1015:34.212,186.4188376753507
1016:28.624,156.28857715430863
1017:29.138,168.21442885771543
1018:35.412,185.89779559118236
1019:33.162,181.65931863727454
1020:29.38,182.03006012024048
1021:28.912,167.93987975951904
1022:26.574,134.3186372745491
1023:34.9,188.98997995991985
1024:28.448,163.8797595190381
1025:33.026,186.14028056112224
1026:33.64,196.73947895791582
1027:39.54,228.81763527054107
1028:33.546,174.88376753507015
1029:38.474,229.71142284569137
1030:28.012,142.24649298597194
1031:41.66,235.19238476953907
1032:43.448,243.3887775551102
1033:39.158,228.15230460921845
1034:43.504,249.6112224448898
1035:43.35,248.2184368737475
1036:41.19,263.98396793587176
1037:39.724,244.8056112224449
1038:32.336,199.00801603206412
1039:33.482,201.7434869739479
1040:33.284,199.65330661322645
1041:39.178,236.0420841683367
1042:40.864,229.9258517034068
1043:38.914,231.8937875751503
1044:32.716,190.15831663326654
1045:38.198,226.08617234468937
1046:34.642,209.1302605210421
1047:34.792,192.43286573146293
1048:35.294,219.42885771543087
1049:26.922,162.25450901803606
1050:27.868,145.7434869739479
1051:28.952,165.99799599198397
1052:39.098,205.64128256513027
1053:42.058,251.15230460921845
1054:34.518,199.27655310621242
1055:32.296,175.6673346693387
1056:33.432,193.25450901803606
1057:32.414,180.1943887775551
1058:32.208,186.1623246492986
1059:37.772,209.2124248496994
1060:28.328,158.0320641282565
1061:29.702,172.26052104208418
1062:24.854,137.06212424849699
1063:30.724,164.48496993987976
1064:36.762,191.57915831663325
1065:36.664,203.09218436873746
1066:30.228,161.97194388777555
1067:41.044,247.9679358717435
1068:39.336,217.98797595190382
1069:34.986,189.3627254509018
1070:33.33,184.6372745490982
1071:35.994,210.49899799599197
1072:35.806,199.88577154308618
1073:38.91,222.75751503006012
1074:26.77,143.1563126252505
1075:31.64,180.77955911823648
1076:31.996,178.46492985971943
1077:36.448,201.16032064128257
1078:36.992,201.85771543086173
1079:33.524,202.81362725450902
1080:29.44,161.9498997995992
1081:30.164,163.8697394789579
1082:35.642,209.48897795591182
1083:32.766,179.55310621242484
1084:45.994,284.17034068136275
1085:37.726,218.04008016032063
1086:36.782,230.7695390781563
1087:29.574,166.80160320641284
1088:37.164,219.01603206412827
1089:37.018,211.94188376753507
1090:37.318,209.44689378757516
1091:41.716,224.3066132264529
1092:39.642,204.0380761523046
1093:36.992,215.43687374749499
1094:38.562,241.7134268537074
1095:37.24,187.62324649298597
1096:35.346,199.02004008016033
1097:34.938,191.71543086172343
1098:31.352,195.31462925851704
1099:32.472,176.9939879759519
1100:37.468,220.74749498997997
1101:38.528,218.09619238476955
1102:35.402,192.83567134268537
1103:35.214,197.50901803607215
1104:44.544,245.56513026052104
1105:38.246,227.88977955911824
1106:36.032,214.3246492985972
1107:35.064,192.71142284569137
1108:37.762,221.5551102204409
1109:35.458,213.18236472945893
1110:38.694,216.54108216432866
1111:34.756,195.40881763527054
1112:38.44,230.2444889779559
1113:35.424,204.52304609218436
1114:38.874,208.02004008016033
1115:31.576,185.8937875751503
1116:30.372,175.2745490981964
1117:34.802,200.57715430861722
1118:40.686,241.34468937875752
1119:32.004,188.47895791583167
1120:34.284,196.9058116232465
1121:38.632,226.66132264529057
1122:35.892,222.79559118236472
1123:33.232,191.01202404809618
1124:36.5,204.57915831663325
1125:42.852,236.4569138276553
1126:38.682,222.09218436873746
1127:34.152,202.67334669338678
1128:42.226,256.03206412825654
1129:35.898,210.875751503006
1130:43.058,271.6953907815631
1131:39.938,248.4248496993988
1132:44.1,240.47895791583167
1133:40.014,244.93787575150301
1134:35.628,204.52905811623248
1135:36.384,198.17635270541084
1136:38.246,216.43887775551102
1137:36.118,204.92184368737475
1138:33.906,225.50901803607215
1139:36.552,217.0
1140:35.428,194.8697394789579
1141:40.81,269.1943887775551
1142:38.632,230.0501002004008
1143:33.488,196.7374749498998
1144:41.446,242.52304609218436
1145:35.276,184.02805611222445
1146:38.354,238.38476953907815
1147:41.236,227.5370741482966
1148:35.08,199.16633266533066
1149:42.844,260.12424849699397
1150:34.768,218.86773547094188
1151:41.386,229.71543086172343
1152:37.734,218.39078156312624
1153:33.684,201.03006012024048
1154:34.452,217.4448897795591
1155:43.16,249.82164328657313
1156:35.992,214.92785571142284
1157:31.294,174.32064128256513
1158:36.954,225.74148296593185
1159:30.51,175.84569138276552
1160:32.782,203.4569138276553
1161:35.988,194.20240480961922
1162:35.382,207.4068136272545
1163:35.164,206.5551102204409
1164:37.49,226.77555110220442
1165:32.98,184.2184368737475
1166:41.314,247.90781563126254
1167:38.838,232.60921843687376
1168:33.506,189.1002004008016
1169:41.384,237.86773547094188
1170:36.438,229.51503006012024
1171:39.278,234.19639278557113
1172:36.148,223.65931863727454
1173:39.752,226.70140280561122
1174:37.752,225.17234468937875
1175:40.466,223.12625250501003
1176:39.112,228.0681362725451
1177:40.248,233.21442885771543
1178:36.112,216.72344689378758
1179:40.76,231.6432865731463
1180:36.194,227.3567134268537
1181:43.108,236.52705410821645
1182:40.04,210.30260521042084
1183:47.03,271.5170340681363
1184:40.618,246.79559118236472
1185:34.746,196.6492985971944
1186:42.878,264.5731462925852
1187:34.976,227.57114228456913
1188:42.19,251.20440881763528
1189:38.378,217.10821643286573
1190:44.938,284.94789579158316
1191:46.506,263.312625250501
1192:40.758,232.8697394789579
1193:45.862,293.92785571142286
1194:43.038,239.55310621242484
1195:39.202,228.13426853707415
1196:39.326,227.74549098196394
1197:34.568,213.35470941883767
1198:36.69,208.97995991983967
1199:43.042,252.12625250501003
1200:31.738,171.56513026052104
1201:30.066,163.92384769539078
1202:24.258,128.75150300601203
1203:31.316,171.50300601202406
1204:23.072,127.47294589178357
1205:28.244,140.71943887775552
1206:25.486,136.2064128256513
1207:26.24,146.7995991983968
1208:27.798,145.79559118236472
1209:25.382,130.93787575150301
1210:31.858,170.42685370741484
1211:31.394,167.02004008016033
1212:36.76,203.15430861723448
1213:35.662,178.42284569138278
1214:34.198,191.37875751503006
1215:33.25,185.374749498998
1216:31.578,165.03607214428857
1217:34.864,190.8937875751503
1218:39.116,208.77154308617236
1219:32.248,177.96392785571143
1220:28.082,157.52905811623248
1221:28.23,152.9258517034068
1222:26.256,132.27254509018036
1223:23.96,133.68537074148296
1224:28.922,159.3066132264529
1225:22.69,116.22845691382766
1226:19.746,103.45290581162325
1227:24.814,126.66933867735472
1228:26.428,145.04609218436875
1229:26.622,136.87374749498997
1230:23.546,118.01002004008016
1231:22.776,119.54709418837675
1232:25.258,142.5511022044088
1233:26.918,145.59118236472946
1234:26.268,138.62124248496994
1235:28.782,140.5871743486974
1236:26.078,137.374749498998
1237:26.172,143.11422845691382
1238:25.97,139.62124248496994
1239:26.244,146.6112224448898
1240:23.096,128.11022044088176
1241:29.01,156.22044088176352
1242:28.456,151.7635270541082
1243:29.984,165.29458917835672
1244:26.856,148.35270541082164
1245:34.69,191.37675350701403
1246:23.222,119.74549098196393
1247:34.29,173.05410821643287
1248:29.106,143.49699398797594
1249:35.588,186.04809619238478
1250:25.056,134.01402805611224
1251:27.07,147.6813627254509
1252:28.072,160.33867735470943
1253:31.474,165.1202404809619
1254:27.934,151.6673346693387
1255:25.416,133.86573146292585
1256:25.556,135.72945891783567
1257:29.048,148.90380761523045
1258:23.756,128.18436873747495
1259:29.284,159.5871743486974
1260:32.08,163.48897795591182
1261:27.708,149.98997995991985
1262:33.222,185.5310621242485
1263:29.148,163.7434869739479
1264:29.976,151.4809619238477
1265:29.33,157.47294589178355
1266:27.69,152.92985971943887
1267:24.766,124.1002004008016
1268:32.21,166.4188376753507
1269:26.57,131.7174348697395
1270:33.142,166.5691382765531
1271:24.774,142.57915831663325
1272:26.442,137.66533066132266
1273:33.266,189.06012024048096
1274:33.938,193.3186372745491
1275:33.484,180.11022044088176
1276:27.944,162.33066132264528
1277:35.09,205.5130260521042
1278:30.766,165.7314629258517
1279:34.626,207.13426853707415
1280:35.658,217.6673346693387
1281:28.418,160.3807615230461
1282:30.084,173.8436873747495
1283:35.28,211.93987975951904
1284:30.134,165.53306613226454
1285:41.164,217.05210420841684
1286:33.142,189.6012024048096
1287:35.62,205.22044088176352
1288:34.778,190.55911823647295
1289:35.562,202.9579158316633
1290:34.114,200.5430861723447
1291:35.122,202.48496993987976
1292:30.436,175.16633266533066
1293:38.462,198.2184368737475
1294:26.826,159.62725450901803
1295:30.868,171.0561122244489
1296:33.78,193.23446893787576
1297:42.184,248.6933867735471
1298:41.942,262.2565130260521
1299:38.786,216.07815631262525
1300:34.98,186.7174348697395
1301:33.734,176.81162324649299
1302:39.016,225.52705410821645
1303:31.224,172.7174348697395
1304:30.958,174.42685370741484
1305:33.416,208.7074148296593
1306:35.358,209.9058116232465
1307:34.396,187.85771543086173
1308:38.842,217.56713426853707
1309:35.716,195.6993987975952
1310:38.038,216.67334669338678
1311:34.504,185.124248496994
1312:38.022,218.0320641282565
1313:28.41,157.81763527054107
1314:28.178,147.93386773547095
1315:33.838,195.49098196392785
1316:37.786,200.1062124248497
1317:34.41,209.91382765531063
1318:40.902,196.26052104208418
1319:36.288,203.91983967935872
1320:40.776,220.04008016032063
1321:34.26,208.23847695390782
1322:43.488,232.250501002004
1323:41.28,252.21643286573146
1324:25.072,132.47094188376752
1325:34.094,198.58517034068137
1326:34.63,201.1442885771543
1327:30.264,168.20240480961922
1328:40.598,235.4689378757515
1329:34.384,195.6112224448898
1330:27.148,153.8697394789579
1331:32.094,178.00801603206412
1332:30.988,175.75350701402806
1333:30.696,177.56513026052104
1334:30.146,167.9318637274549
1335:34.028,188.48296593186373
1336:29.572,171.78356713426854
1337:36.066,194.60320641282564
1338:30.564,170.34869739478958
1339:34.352,179.0320641282565
1340:30.022,177.4488977955912
1341:40.99,232.26452905811624
1342:35.56,176.04809619238478
1343:34.59,187.72745490981964
1344:30.224,168.59919839679358
1345:33.444,185.34468937875752
1346:35.822,199.0821643286573
1347:38.102,226.39679358717436
1348:34.872,191.78356713426854
1349:31.006,169.61523046092185
1350:35.214,195.65330661322645
1351:30.28,178.8436873747495
1352:33.618,172.52304609218436
1353:29.378,158.4248496993988
1354:31.308,178.94589178356713
1355:33.046,173.83967935871743
1356:30.492,167.65531062124248
1357:26.642,153.72945891783567
1358:36.13,208.57915831663325
1359:30.078,164.1943887775551
1360:22.798,119.61122244488978
1361:22.638,116.14829659318637
1362:23.718,126.12424849699399
1363:37.276,201.0180360721443
1364:30.24,167.54108216432866
1365:31.318,171.17635270541084
1366:33.022,177.17835671342687
1367:29.82,156.59919839679358
1368:24.536,120.51503006012024
1369:26.642,142.75951903807615
1370:34.302,197.11022044088176
1371:33.408,184.6673346693387
1372:27.976,171.05210420841684
1373:32.256,175.65130260521042
1374:24.598,134.9178356713427
1375:29.388,174.42885771543087
1376:29.788,161.4869739478958
1377:37.22,209.19839679358716
1378:24.92,152.8797595190381
1379:43.854,256.74749498997994
1380:36.276,199.57915831663325
1381:36.148,207.1122244488978
1382:34.838,203.93386773547095
1383:40.254,243.37074148296594
1384:27.284,155.22444889779558
1385:34.966,195.4128256513026
1386:34.324,188.01002004008015
1387:38.976,231.18236472945893
1388:39.664,242.11422845691382
1389:36.162,183.7254509018036
1390:30.092,159.96593186372746
1391:39.868,211.63527054108218
1392:31.904,175.875751503006
1393:26.894,150.60921843687376
1394:34.376,187.39078156312624
1395:41.266,254.8617234468938
1396:36.358,234.31462925851704
1397:37.794,225.64529058116233
1398:43.45,249.38476953907815
1399:38.962,224.20841683366734
1400:34.69,194.39679358717436
1401:28.594,159.01002004008015
1402:45.602,266.1182364729459
1403:36.29,214.94188376753507
1404:42.468,241.18637274549098
1405:44.6,227.79759519038078
1406:35.768,201.84569138276552
1407:38.038,231.60521042084167
1408:33.108,183.16432865731463
1409:33.582,194.87775551102203
1410:30.246,169.0881763527054
1411:40.512,227.90981963927857
1412:33.096,183.3426853707415
1413:28.948,170.70541082164328
1414:33.598,186.8697394789579
1415:38.02,220.08416833667334
1416:30.15,150.89178356713427
1417:28.382,159.61322645290582
1418:31.828,174.68937875751504
1419:36.168,205.62925851703406
1420:34.184,194.6312625250501
1421:31.904,182.80360721442887
1422:35.954,215.50701402805612
1423:39.602,236.1803607214429
1424:36.784,202.29859719438878
1425:33.972,179.13226452905812
1426:33.25,185.72144288577155
1427:36.352,200.98396793587173
1428:34.74,208.68737474949899
1429:33.146,183.5811623246493
1430:32.216,195.85771543086173
1431:40.306,226.85370741482967
1432:41.774,240.14629258517033
1433:39.548,224.3006012024048
1434:41.77,235.3627254509018
1435:44.074,256.9338677354709
1436:31.968,168.97394789579158
1437:27.374,157.61322645290582
1438:38.596,216.41482965931863
1439:37.744,205.11623246492985
1440:34.722,189.4188376753507
1441:32.038,180.78356713426854
1442:38.538,212.11422845691382
1443:38.824,210.48496993987976
1444:38.416,218.27855711422845
1445:39.68,217.57715430861722
1446:34.402,180.06212424849699
1447:44.054,237.3927855711423
1448:33.776,188.32264529058116
1449:34.988,202.4128256513026
1450:37.37,215.97394789579158
1451:41.706,221.48296593186373
1452:38.976,215.66132264529057
1453:36.396,207.13426853707415
1454:43.13,256.5470941883768
1455:29.94,176.65531062124248
1456:29.714,162.84769539078155
1457:36.696,201.6573146292585
1458:36.398,187.21042084168337
1459:39.82,225.55911823647295
1460:35.374,188.12224448897797
1461:30.0,164.4308617234469
1462:33.346,206.6492985971944
1463:24.62,135.27054108216433
1464:36.214,198.57715430861722
1465:26.864,140.54108216432866
1466:30.564,166.13226452905812
1467:33.668,182.75150300601203
1468:27.756,157.67735470941884
1469:37.878,206.6372745490982
1470:37.508,204.42084168336675
1471:31.69,182.99799599198397
1472:37.734,210.45090180360722
1473:35.076,196.90981963927857
1474:33.974,199.15030060120242
1475:33.976,198.7074148296593
1476:32.3,171.19639278557113
1477:38.012,213.13627254509018
1478:39.356,223.03607214428857
1479:38.968,217.08617234468937
1480:44.55,262.30861723446895
1481:42.296,228.93587174348698
1482:39.146,238.4248496993988
1483:33.576,177.91583166332666
1484:38.498,233.61723446893788
1485:31.4,167.68537074148296
1486:35.236,189.2364729458918
1487:30.692,176.70140280561122
1488:30.196,166.62124248496994
1489:29.388,174.15030060120242
1490:21.114,116.61523046092185
1491:25.194,131.7695390781563
1492:29.806,156.52905811623248
1493:26.136,143.52905811623248
1494:32.026,166.59118236472946
1495:31.514,164.3507014028056
1496:29.158,155.63527054108218
1497:28.208,141.7074148296593
1498:29.024,153.95991983967937
1499:30.954,158.5310621242485
1500:28.274,156.15230460921845
1501:23.79,128.70941883767534
1502:27.144,155.4949899799599
1503:23.146,116.33266533066133
1504:24.024,130.3807615230461
1505:24.204,137.66132264529057
1506:34.984,199.9498997995992
1507:33.504,178.94789579158316
1508:21.252,129.23847695390782
1509:29.222,150.56513026052104
1510:32.138,183.06412825651302
1511:25.652,149.26052104208418
1512:33.756,187.73346693386773
1513:26.436,139.4448897795591
1514:30.028,169.63527054108218
1515:26.602,162.08016032064128
1516:31.162,163.42284569138278
1517:30.452,172.85971943887776
1518:30.498,156.30460921843687
1519:28.816,154.9498997995992
1520:28.206,144.0681362725451
1521:27.892,149.1563126252505
1522:33.702,193.42284569138278
1523:27.498,148.44088176352705
1524:32.356,170.95190380761522
1525:25.01,140.87374749498997
1526:29.862,164.11422845691382
1527:33.59,180.84168336673346
1528:28.956,143.84969939879758
1529:30.454,161.29659318637275
1530:30.588,160.59519038076152
1531:27.162,140.34669338677355
1532:32.94,184.4569138276553
1533:30.204,169.09819639278558
1534:32.894,185.49699398797594
1535:34.544,177.88176352705412
1536:23.748,116.54509018036072
1537:28.198,144.82164328657313
1538:28.432,154.7074148296593
1539:24.06,134.61322645290582
1540:28.478,143.19238476953907
1541:25.592,131.05811623246493
1542:30.48,173.48897795591182
1543:27.458,148.9178356713427
1544:27.118,143.08416833667334
1545:28.436,147.37675350701403
1546:31.398,168.17434869739478
1547:26.222,134.08416833667334
1548:29.316,160.3507014028056
1549:33.638,174.2184368737475
1550:28.422,155.63527054108218
1551:24.656,125.42885771543087
1552:24.444,136.60320641282564
1553:25.606,147.79559118236472
1554:26.318,140.20240480961922
1555:26.222,136.45290581162325
1556:27.226,141.47294589178355
1557:24.542,127.687374749499
1558:25.404,136.6993987975952
1559:25.338,132.0320641282565
1560:28.158,141.71142284569137
1561:30.74,147.4569138276553
1562:28.058,147.67735470941884
1563:31.058,154.58917835671343
1564:25.762,135.59719438877755
1565:26.076,134.09218436873746
1566:28.928,145.15831663326654
1567:31.376,162.33867735470943
1568:32.944,181.22444889779558
1569:28.26,154.88176352705412
1570:28.328,142.80761523046093
1571:29.576,158.95591182364728
1572:33.576,173.0821643286573
1573:31.064,163.09619238476955
1574:24.97,141.5511022044088
1575:30.562,154.0941883767535
1576:27.214,146.4629258517034
1577:26.444,148.00801603206412
1578:28.484,164.77555110220442
1579:24.076,132.24649298597194
1580:24.272,124.80961923847696
1581:27.48,148.38476953907815
1582:29.496,158.9118236472946
1583:29.124,158.79759519038078
1584:25.738,141.54909819639278
1585:27.228,149.4569138276553
1586:24.622,128.79759519038078
1587:29.678,162.20440881763528
1588:28.302,142.74549098196394
1589:26.444,144.04609218436875
1590:28.794,156.73947895791582
1591:32.642,168.64128256513027
1592:23.908,120.19639278557115
1593:23.372,115.41683366733467
1594:21.77,116.13827655310621
1595:28.244,143.92985971943887
1596:21.274,110.24649298597194
1597:24.302,133.53507014028057
1598:26.032,133.22244488977955
1599:22.26,118.54909819639279
1600:27.786,145.70941883767534
1601:21.128,112.01803607214428
1602:21.94,118.16432865731463
1603:25.59,120.97795591182364
1604:31.356,166.84168336673346
1605:35.914,194.56513026052104
1606:29.48,163.75350701402806
1607:32.656,156.20440881763528
1608:33.21,175.75350701402806
1609:30.84,170.4569138276553
1610:37.466,212.0821643286573
1611:37.324,201.31462925851704
1612:35.378,190.51102204408818
1613:26.924,138.8316633266533
1614:27.62,127.96392785571142
1615:24.86,132.2685370741483
1616:23.236,129.2184368737475
1617:27.084,157.5511022044088
1618:24.926,126.85571142284569
1619:24.434,132.18236472945893
1620:27.754,146.5250501002004
1621:22.734,109.5691382765531
1622:27.228,146.42885771543087
1623:29.482,159.0561122244489
1624:23.532,120.47294589178357
1625:21.262,106.88977955911824
1626:29.668,143.40080160320642
1627:25.57,141.1002004008016
1628:30.116,155.76753507014027
1629:32.226,168.55310621242484
1630:27.15,140.18837675350701
1631:26.612,145.7995991983968
1632:26.92,143.54909819639278
1633:21.104,111.14228456913828
1634:26.612,147.3246492985972
1635:28.044,144.6312625250501
1636:33.824,191.3887775551102
1637:31.78,174.89579158316633
1638:32.552,193.27054108216433
1639:38.678,221.49699398797594
1640:37.936,198.50701402805612
1641:39.576,212.83567134268537
1642:46.932,275.02204408817636
1643:43.532,235.0681362725451
1644:37.828,224.42284569138278
1645:41.404,256.8937875751503
1646:32.9,195.7134268537074
1647:37.654,203.2444889779559
1648:37.47,205.75951903807615
1649:46.792,302.9258517034068
1650:44.214,250.69138276553107
1651:31.57,180.0741482965932
1652:29.998,182.74749498997997
1653:35.352,208.65531062124248
1654:28.226,155.76553106212424
1655:34.806,177.3807615230461
1656:30.846,164.81362725450902
1657:36.07,183.77555110220442
1658:35.082,197.374749498998
1659:31.986,183.88376753507015
1660:27.046,144.17835671342687
1661:26.83,153.92184368737475
1662:30.912,182.1943887775551
1663:33.844,195.3066132264529
1664:39.448,222.30861723446893
1665:39.93,230.0881763527054
1666:32.626,181.4569138276553
1667:42.24,251.5430861723447
1668:42.34,243.59719438877755
1669:30.81,173.0060120240481
1670:33.692,197.97394789579158
1671:33.028,181.67935871743487
1672:37.13,198.50100200400803
1673:36.64,205.3246492985972
1674:36.316,243.8557114228457
1675:31.302,164.6673346693387
1676:37.528,216.67935871743487
1677:32.672,183.86372745490982
1678:34.734,193.7254509018036
1679:36.696,197.0240480961924
1680:42.252,265.6573146292585
1681:34.718,184.90380761523045
1682:40.28,214.2124248496994
1683:33.644,185.30460921843687
1684:40.986,224.1302605210421
1685:33.788,179.77755511022045
1686:28.858,158.20240480961922
1687:28.902,158.63527054108218
1688:27.352,144.21442885771543
1689:33.008,190.4809619238477
1690:35.79,191.66332665330663
1691:28.956,163.3426853707415
1692:38.03,211.64529058116233
1693:36.232,182.04609218436875
1694:34.804,195.59719438877755
1695:39.838,247.3567134268537
1696:29.558,175.6492985971944
1697:25.944,143.38677354709418
1698:32.178,169.16633266533066
1699:32.96,187.30861723446893
1700:35.496,192.1943887775551
1701:26.202,150.87374749498997
1702:34.986,189.24649298597194
1703:35.046,194.85771543086173
1704:37.594,218.8436873747495
1705:35.138,192.77555110220442
1706:35.144,204.3326653306613
1707:31.28,171.61723446893788
1708:36.514,218.27054108216433
1709:39.06,219.3066132264529
1710:39.512,231.52905811623248
1711:34.704,183.33867735470943
1712:33.864,199.64128256513027
1713:37.698,224.20440881763528
1714:37.382,208.7374749498998
1715:34.66,191.45891783567134
1716:37.72,208.3807615230461
1717:41.636,216.7434869739479
1718:33.054,190.6673346693387
1719:36.248,207.4128256513026
1720:37.7,198.84769539078155
1721:28.138,156.79559118236472
1722:24.118,133.43687374749499
1723:29.27,159.04809619238478
1724:40.318,201.24248496993988
1725:33.23,180.89779559118236
1726:29.208,170.4488977955912
1727:30.24,156.24248496993988
1728:26.23,136.20240480961922
1729:25.478,137.43887775551102
1730:30.032,172.33667334669337
1731:24.222,137.8997995991984
1732:27.528,166.6012024048096
1733:32.912,169.9619238476954
1734:26.328,130.3186372745491
1735:31.942,170.82965931863728
1736:30.858,171.09619238476955
1737:28.604,150.72344689378758
1738:29.936,162.76152304609218
1739:24.672,123.39078156312625
1740:29.144,143.31262525050101
1741:27.73,137.2865731462926
1742:29.252,157.7074148296593
1743:35.178,200.43486973947896
1744:30.368,174.25450901803606
1745:26.932,153.9258517034068
1746:29.956,154.13426853707415
1747:24.738,132.52104208416833
1748:30.806,183.749498997996
1749:30.916,164.8436873747495
1750:25.642,130.29058116232466
1751:21.732,114.61122244488978
1752:21.528,112.1623246492986
1753:36.098,192.81362725450902
1754:33.75,184.98997995991985
1755:34.792,184.64729458917836
1756:34.97,189.48897795591182
1757:32.354,168.6312625250501
1758:33.92,203.04008016032063
1759:34.16,177.7555110220441
1760:26.878,144.98597194388776
1761:24.654,132.93787575150301
1762:29.408,157.7314629258517
1763:29.4,152.31262525050101
1764:26.156,136.09819639278558
1765:29.858,157.14629258517033
1766:29.94,161.05410821643287
1767:31.34,159.82164328657313
1768:26.064,141.51703406813627
1769:31.564,167.26653306613227
1770:41.236,237.81563126252505
1771:38.45,214.33066132264528
1772:35.246,191.5931863727455
1773:33.778,183.03006012024048
1774:32.012,179.76753507014027
1775:36.976,208.46092184368737
1776:33.178,175.0681362725451
1777:35.018,193.40480961923848
1778:36.75,206.83366733466934
1779:30.078,162.81362725450902
1780:25.738,135.95991983967937
1781:29.602,161.6072144288577
1782:32.074,175.85771543086173
1783:30.324,170.0060120240481
1784:25.44,137.00400801603206
1785:29.696,163.77555110220442
1786:28.97,171.91583166332666
1787:31.878,163.45090180360722
1788:28.164,173.2184368737475
1789:28.346,147.0501002004008
1790:30.72,167.62725450901803
1791:26.174,137.2444889779559
1792:22.728,124.37074148296593
1793:31.516,159.58917835671343
1794:28.778,159.31062124248496
1795:27.912,164.27054108216433
1796:34.942,184.18436873747495
1797:29.832,167.64128256513027
1798:33.588,189.5310621242485
1799:36.09,190.62124248496994
1800:27.552,156.09819639278558
1801:28.442,155.0681362725451
1802:30.288,172.49298597194388
1803:26.94,141.63927855711424
1804:32.01,181.1302605210421
1805:33.13,163.9058116232465
1806:29.574,159.82965931863728
1807:30.118,159.10220440881764
1808:33.014,178.42885771543087
1809:31.394,168.84969939879758
1810:27.928,155.04809619238478
1811:29.756,158.29659318637275
1812:27.166,148.6813627254509
1813:27.71,143.94188376753507
1814:28.594,153.2264529058116
1815:25.706,130.17635270541084
1816:29.15,151.0561122244489
1817:31.504,166.0741482965932
1818:29.21,156.5190380761523
1819:32.104,179.2825651302605
1820:34.216,205.13627254509018
1821:26.97,143.4488977955912
1822:29.038,168.6573146292585
1823:30.806,160.68737474949899
1824:23.918,122.89579158316633
1825:28.292,150.73346693386773
1826:29.704,150.96392785571143
1827:30.656,171.32865731462925
1828:30.93,168.63927855711424
1829:36.634,185.8617234468938
1830:27.95,146.54709418837675
1831:31.838,176.91382765531063
1832:27.446,154.9058116232465
1833:36.144,203.35871743486973
1834:32.412,173.7995991983968
1835:39.356,214.49899799599197
1836:30.358,159.51703406813627
1837:39.53,222.0941883767535
1838:31.374,175.91983967935872
1839:28.318,159.39078156312624
1840:30.992,166.71142284569137
1841:29.85,158.61723446893788
1842:31.724,172.59719438877755
1843:30.086,159.4188376753507
1844:33.906,178.15030060120242
1845:22.758,130.55911823647295
1846:26.29,135.19038076152304
1847:33.492,189.9118236472946
1848:33.36,178.11022044088176
1849:24.514,145.35470941883767
1850:34.72,178.0941883767535
1851:38.116,222.27254509018036
1852:28.128,140.64529058116233
1853:24.406,126.48697394789579
1854:32.89,169.07214428857716
1855:25.346,124.99398797595191
1856:27.054,140.76553106212424
1857:30.022,159.38677354709418
1858:36.194,190.94789579158316
1859:35.186,201.66332665330663
1860:31.342,178.69138276553107
1861:34.266,178.17635270541084
1862:31.404,187.98797595190382
1863:33.68,193.59919839679358
1864:30.626,174.17835671342687
1865:26.244,144.89779559118236
1866:34.234,175.50300601202406
1867:34.038,184.72745490981964
1868:36.024,210.7254509018036
1869:26.02,160.3186372745491
1870:31.712,160.18236472945893
1871:26.802,147.04008016032063
1872:36.522,193.42084168336675
1873:40.566,214.9318637274549
1874:28.506,155.5050100200401
1875:34.736,188.87174348697394
1876:32.262,170.16432865731463
1877:32.306,164.92384769539078
1878:33.836,181.02204408817636
1879:34.042,177.3927855711423
1880:34.238,199.11823647294588
1881:40.258,219.54509018036072
1882:38.914,198.2364729458918
1883:34.12,187.35270541082164
1884:37.678,199.27254509018036
1885:33.86,175.3186372745491
1886:34.468,200.625250501002
1887:35.942,193.59519038076152
1888:36.29,197.00200400801603
1889:33.676,179.92785571142284
1890:30.128,159.69138276553107
1891:30.728,163.21442885771543
1892:39.018,208.99799599198397
1893:28.55,147.75951903807615
1894:31.028,162.47895791583167
1895:30.838,159.19639278557113
1896:31.438,168.48897795591182
1897:31.436,173.08416833667334
1898:26.828,148.29659318637275
1899:29.216,153.06412825651302
1900:26.002,138.6312625250501
1901:31.014,158.2004008016032
1902:28.8,164.84769539078155
1903:33.686,194.37875751503006
1904:39.516,211.0501002004008
1905:26.922,137.3807615230461
1906:26.39,157.43286573146293
1907:34.512,174.4248496993988
1908:31.982,176.0821643286573
1909:29.374,158.1803607214429
1910:28.634,162.8617234468938
1911:27.484,152.29458917835672
1912:30.376,165.27254509018036
1913:38.934,210.2064128256513
1914:37.344,203.60921843687376
1915:31.202,180.6813627254509
1916:35.328,192.9939879759519
1917:25.144,144.4949899799599
1918:25.7,149.7074148296593
1919:24.742,130.10220440881764
1920:33.97,168.41482965931863
1921:32.36,168.78356713426854
1922:26.022,133.6573146292585
1923:28.464,153.84769539078155
1924:28.712,144.71543086172343
1925:32.288,178.54509018036072
1926:26.378,146.80160320641284
1927:35.086,183.59118236472946
1928:37.242,213.82164328657313
1929:36.966,214.4569138276553
1930:30.93,183.65531062124248
1931:34.882,206.12825651302606
1932:32.694,172.24048096192385
1933:33.21,184.36472945891782
1934:27.856,156.40080160320642
1935:29.462,149.4068136272545
1936:30.004,155.65531062124248
1937:25.464,139.2064128256513
1938:27.572,144.84969939879758
1939:28.302,157.22845691382764
1940:23.634,126.78557114228457
1941:30.12,160.77555110220442
1942:26.586,154.56713426853707
1943:37.152,200.60921843687376
1944:29.642,156.65330661322645
1945:25.494,137.73947895791582
1946:27.49,164.02004008016033
1947:26.048,135.33667334669337
1948:21.1,111.50100200400801
1949:23.16,126.29659318637275
1950:25.358,127.60921843687375
1951:26.042,140.0821643286573
1952:24.528,147.3186372745491
1953:24.012,139.03607214428857
1954:24.734,126.57715430861724
1955:21.318,112.55511022044088
1956:22.224,110.2064128256513
1957:24.168,122.1623246492986
1958:18.986,104.19038076152304
1959:27.918,148.89178356713427
1960:22.856,114.21843687374749
1961:19.972,104.87174348697395
1962:25.332,133.17034068136272
1963:26.204,133.81162324649299
1964:28.494,155.79759519038078
1965:31.124,170.10220440881764
1966:21.228,108.51302605210421
1967:22.226,119.59118236472946
1968:19.744,107.78557114228457
1969:26.31,141.58917835671343
1970:24.098,122.27855711422846
1971:23.874,136.34669338677355
1972:25.7,134.50701402805612
1973:25.066,130.41482965931863
1974:22.972,120.312625250501
1975:26.18,152.4448897795591
1976:31.488,171.75751503006012
1977:33.902,179.68336673346693
1978:31.688,169.21643286573146
1979:30.434,169.4068136272545
1980:28.064,157.71142284569137
1981:27.24,137.6312625250501
1982:25.998,135.14028056112224
1983:32.742,198.47895791583167
1984:39.224,214.9118236472946
1985:36.676,210.0941883767535
1986:34.13,193.34468937875752
1987:34.172,176.25250501002003
1988:28.846,155.6072144288577
1989:32.192,173.4569138276553
1990:36.786,208.0180360721443
1991:31.89,181.9619238476954
1992:37.65,221.70941883767534
1993:30.64,173.6372745490982
1994:36.796,206.5050100200401
1995:36.446,203.79559118236472
1996:32.742,187.73947895791582
1997:28.752,159.27254509018036
1998:30.184,163.8436873747495
1999:37.228,210.03006012024048
2000:30.59,165.38677354709418
2001:36.434,206.6372745490982
2002:39.152,211.01202404809618
2003:27.822,161.1442885771543
2004:27.772,162.00801603206412
2005:34.928,198.6673346693387
2006:35.81,196.87374749498997
2007:32.566,190.18436873747495
2008:30.518,175.35871743486973
2009:35.078,204.0180360721443
2010:27.366,148.2304609218437
2011:30.116,166.93386773547095
2012:28.69,156.69539078156313
2013:26.026,149.02605210420842
2014:32.752,182.2364729458918
2015:40.448,222.52905811623248
2016:27.686,149.84569138276552
2017:30.65,170.5551102204409
2018:30.498,167.0501002004008
2019:31.196,166.92985971943887
2020:32.384,168.18236472945893
2021:34.486,199.06012024048096
2022:33.708,178.00801603206412
2023:34.78,200.3246492985972
2024:25.706,138.18837675350701
2025:31.412,185.8937875751503
2026:29.004,157.6673346693387
2027:23.252,134.61322645290582
2028:34.716,193.95190380761522
2029:33.832,191.50701402805612
2030:44.064,230.67334669338678
2031:35.848,199.9438877755511
2032:44.85,257.23647294589176
2033:35.894,227.50300601202406
2034:35.534,204.13426853707415
2035:31.3,181.50300601202406
2036:32.532,173.44088176352705
2037:32.37,177.17434869739478
2038:36.484,186.48496993987976
2039:39.298,223.8697394789579
2040:38.73,240.25851703406815
2041:38.858,223.72745490981964
2042:37.956,209.5250501002004
2043:34.6,199.6312625250501
2044:42.032,255.04408817635272
2045:33.772,198.10220440881764
2046:32.372,193.92985971943887
2047:37.884,237.42685370741484
2048:33.612,190.15030060120242
2049:31.092,176.26052104208418
2050:37.22,209.5871743486974
2051:31.948,176.33867735470943
2052:32.512,161.0681362725451
2053:26.91,161.11422845691382
2054:28.228,164.19639278557113
2055:28.308,146.5511022044088
2056:26.522,149.72745490981964
2057:30.302,165.98797595190382
2058:36.046,186.14228456913827
2059:34.472,193.7875751503006
2060:33.364,172.99799599198397
2061:29.788,171.06412825651302
2062:31.554,166.78557114228457
2063:30.612,162.75350701402806
2064:30.008,162.8997995991984
2065:24.06,130.749498997996
2066:24.612,126.44288577154309
2067:28.288,157.0881763527054
2068:24.882,139.1202404809619
2069:26.73,142.20440881763528
2070:21.794,121.22044088176352
2071:25.862,138.4629258517034
2072:25.834,151.7815631262525
2073:24.908,148.2264529058116
2074:22.704,115.95390781563127
2075:25.722,136.6813627254509
2076:25.972,155.17635270541084
2077:24.718,141.54909819639278
2078:26.528,141.80761523046093
2079:27.264,144.6192384769539
2080:26.05,142.4809619238477
2081:36.152,196.9498997995992
2082:41.654,238.1202404809619
2083:43.76,258.4188376753507
2084:26.982,162.1943887775551
2085:32.482,181.75150300601203
2086:30.95,160.32264529058116
2087:26.546,152.50901803607215
2088:33.07,178.3426853707415
2089:34.02,190.61723446893788
2090:35.562,199.5370741482966
2091:29.65,170.7815631262525
2092:30.51,184.19839679358716
2093:27.318,145.34669338677355
2094:24.702,127.625250501002
2095:26.158,148.51503006012024
2096:39.784,221.1122244488978
2097:41.718,259.03406813627254
2098:34.71,191.0501002004008
2099:34.618,197.50300601202406
2100:39.794,215.15430861723448
2101:40.09,232.26452905811624
2102:35.134,210.40080160320642
2103:29.778,167.34669338677355
2104:34.256,189.06613226452905
2105:30.532,170.8056112224449
2106:30.236,172.22845691382764
2107:35.396,186.46492985971943
2108:30.05,159.33667334669337
2109:30.046,158.77755511022045
2110:34.388,189.07615230460922
2111:28.102,155.88977955911824
2112:23.756,129.68937875751504
2113:27.294,158.12825651302606
2114:21.802,128.02605210420842
2115:25.05,130.9819639278557
2116:25.934,133.52304609218436
2117:30.612,168.24248496993988
2118:37.332,201.5430861723447
2119:32.79,183.8557114228457
2120:43.556,256.062124248497
2121:29.402,172.53306613226454
2122:35.59,194.7635270541082
2123:37.49,201.81763527054107
2124:36.85,189.1943887775551
2125:32.186,184.10420841683367
2126:27.728,153.6813627254509
2127:26.492,148.97995991983967
2128:32.702,170.44088176352705
2129:38.656,205.61723446893788
2130:30.694,172.38276553106212
2131:34.638,182.85170340681364
2132:36.828,193.61322645290582
2133:32.308,178.0741482965932
2134:32.444,188.87775551102203
2135:27.56,139.36673346693388
2136:31.44,160.27655310621242
2137:29.53,160.44689378757516
2138:28.104,144.41683366733466
2139:30.612,167.81162324649299
2140:32.058,178.1062124248497
2141:35.286,190.5551102204409
2142:33.432,190.22845691382764
2143:29.452,170.2625250501002
2144:24.634,121.63326653306613
2145:28.19,154.87374749498997
2146:33.472,170.81362725450902
2147:32.908,168.09218436873746
2148:28.552,149.50300601202406
2149:26.316,135.35871743486973
2150:26.764,144.2184368737475
2151:25.902,141.24849699398797
2152:30.272,163.67134268537075
2153:29.196,157.22444889779558
2154:28.48,147.8056112224449
2155:25.99,132.48897795591182
2156:28.182,153.00200400801603
2157:24.98,140.38677354709418
2158:30.024,155.7434869739479
2159:27.094,147.40080160320642
2160:31.554,164.66933867735472
2161:35.638,191.2364729458918
2162:30.49,162.74749498997997
2163:22.446,109.32865731462925
2164:27.754,146.65931863727454
2165:28.048,160.55310621242484
2166:27.888,162.08016032064128
2167:29.144,166.80961923847696
2168:31.248,189.72144288577155
2169:28.238,144.2925851703407
2170:27.994,157.4569138276553
2171:38.654,212.77555110220442
2172:39.914,209.17635270541084
2173:28.768,164.29058116232466
2174:27.114,149.96593186372746
2175:25.282,134.81763527054107
2176:26.982,138.07214428857716
2177:24.416,122.1943887775551
2178:33.92,167.50701402805612
2179:24.174,136.31262525050101
2180:28.636,141.65931863727454
2181:29.346,159.28857715430863
2182:29.102,158.38677354709418
2183:30.912,174.3066132264529
2184:29.112,159.35871743486973
2185:31.42,166.50701402805612
2186:23.722,131.8697394789579
2187:26.256,134.34068136272546
2188:26.23,150.43486973947896
2189:22.932,117.63326653306613
2190:20.942,118.33667334669339
2191:25.038,129.7074148296593
2192:25.958,145.13226452905812
2193:29.15,162.83567134268537
2194:29.908,165.875751503006
2195:32.904,192.52104208416833
2196:26.172,152.5250501002004
2197:27.102,138.98597194388776
2198:29.184,168.02805611222445
2199:24.124,136.34669338677355
2200:24.064,130.7935871743487
2201:30.128,154.5871743486974
2202:25.786,133.14829659318636
2203:26.536,148.374749498998
2204:24.948,140.5310621242485
2205:30.224,163.52304609218436
2206:35.726,181.11422845691382
2207:27.104,149.1002004008016
2208:23.666,124.71342685370742
2209:26.934,135.96392785571143
2210:29.454,161.95390781563125
2211:31.24,181.97394789579158
2212:26.692,148.41082164328657
2213:25.158,135.18637274549098
2214:34.442,174.78957915831663
2215:37.07,198.85971943887776
2216:42.026,225.39679358717436
2217:43.478,248.08617234468937
2218:44.17,243.66332665330663
2219:36.546,216.0240480961924
2220:35.212,194.37875751503006
2221:40.878,246.7434869739479
2222:39.052,216.43687374749499
2223:38.556,215.625250501002
2224:36.072,218.57114228456913
2225:47.372,242.81763527054107
2226:36.756,212.84569138276552
2227:34.404,190.875751503006
2228:35.628,200.12825651302606
2229:37.822,203.79158316633266
2230:29.92,171.39679358717436
2231:39.102,230.42685370741484
2232:30.308,181.9759519038076
2233:37.65,229.9058116232465
2234:36.506,195.97995991983967
2235:38.178,204.81162324649299
2236:35.394,204.42885771543087
2237:41.122,233.749498997996
2238:39.36,232.06412825651302
2239:27.832,158.7815631262525
2240:38.006,227.35470941883767
2241:42.24,216.2364729458918
2242:42.9,251.3927855711423
2243:38.14,229.43486973947896
2244:30.364,171.36072144288576
2245:37.974,216.8937875751503
2246:37.45,205.35871743486973
2247:38.908,203.29058116232466
2248:41.49,247.54108216432866
2249:42.534,248.14829659318636
2250:28.884,164.62925851703406
