0:41.716,146.5050100200401
1:63.782,212.1623246492986
2:57.308,209.52705410821645
3:55.172,206.91583166332666
4:49.432,170.26452905811624
5:50.922,168.61322645290582
6:42.282,134.52905811623248
7:55.598,188.9939879759519
8:48.87,172.57715430861722
9:43.8,148.2124248496994
10:43.664,140.55711422845692
11:48.726,159.45490981963928
12:58.678,225.21643286573146
13:60.964,209.13627254509018
14:66.52,239.4629258517034
15:66.572,228.72144288577155
16:68.458,272.24649298597194
17:47.24,154.7635270541082
18:51.61,164.68537074148296
19:53.792,203.38476953907815
20:56.33,210.71943887775552
21:53.524,181.7074148296593
22:46.192,156.0180360721443
23:40.946,142.2124248496994
24:63.22,257.5250501002004
25:52.506,188.97394789579158
26:58.094,193.1202404809619
27:52.206,177.84569138276552
28:30.166,102.66733466933867
29:38.648,131.6673346693387
30:49.644,174.04609218436875
31:55.666,181.62324649298597
32:41.58,130.61723446893788
33:50.654,182.9619238476954
34:51.56,173.69138276553107
35:53.806,178.81362725450902
36:53.47,192.2004008016032
37:53.396,181.8376753507014
38:55.934,200.124248496994
39:58.612,216.3426853707415
40:45.822,160.21042084168337
41:43.364,145.31262525050101
42:53.154,168.4308617234469
43:57.858,205.95390781563125
44:56.496,207.18236472945893
45:53.176,183.35270541082164
46:44.934,150.22444889779558
47:53.912,186.01402805611224
48:49.864,179.54709418837675
49:47.808,167.53907815631263
50:42.63,144.74549098196394
51:45.38,147.73547094188376
52:64.104,202.68537074148296
53:46.07,156.32665330661322
54:49.482,173.38476953907815
55:41.942,145.0240480961924
56:46.836,156.93787575150301
57:49.854,160.44689378757516
58:50.678,183.49298597194388
59:61.254,206.42284569138278
60:57.546,181.8997995991984
61:52.684,179.63326653306612
62:53.554,176.5250501002004
63:53.812,190.43887775551102
64:48.99,165.5511022044088
65:69.704,248.09218436873746
66:63.246,239.2304609218437
67:60.74,206.17635270541084
68:42.138,138.24649298597194
69:39.184,123.8056112224449
70:26.456,78.91783567134269
71:39.816,128.61523046092185
72:48.636,166.71543086172343
73:50.226,168.875751503006
74:40.82,146.1803607214429
75:45.944,141.45090180360722
76:45.602,152.01002004008015
77:47.768,156.47695390781564
78:42.154,131.34669338677355
79:54.524,182.82565130260522
80:49.492,172.0060120240481
81:46.154,143.3186372745491
82:47.62,157.20240480961922
83:31.306,109.40280561122245
84:47.538,152.7254509018036
85:33.402,96.68336673346694
86:37.78,130.15430861723448
87:38.116,116.50300601202404
88:34.842,106.07414829659318
89:57.684,186.12825651302606
90:60.626,192.24649298597194
91:46.876,153.76753507014027
92:34.412,108.5811623246493
93:51.088,173.250501002004
94:60.088,201.10821643286573
95:61.48,213.8697394789579
96:47.48,159.50901803607215
97:71.364,250.8697394789579
98:61.504,203.7735470941884
99:61.418,204.96593186372746
100:55.906,171.60921843687376
101:70.044,256.84569138276555
102:56.346,193.76753507014027
103:64.102,222.80160320641284
104:59.91,196.13627254509018
105:54.352,180.89779559118236
106:58.434,199.2625250501002
107:59.408,196.7314629258517
108:76.826,304.78957915831666
109:76.72,267.4148296593186
110:77.504,307.6553106212425
111:50.394,162.4248496993988
112:60.568,196.83967935871743
113:51.046,164.40080160320642
114:47.384,162.46092184368737
115:60.326,202.53507014028057
116:45.998,148.46693386773546
117:62.45,226.22845691382764
118:55.168,185.88376753507015
119:60.578,233.5871743486974
120:45.696,159.50701402805612
121:42.374,145.80160320641284
122:51.43,174.32865731462925
123:44.382,144.61523046092185
124:43.15,135.91583166332666
125:47.362,157.5190380761523
126:65.306,240.19238476953907
127:43.198,138.71543086172343
128:58.652,209.34869739478958
129:63.94,209.82565130260522
130:38.898,118.73947895791584
131:48.356,159.64128256513027
132:49.468,163.99599198396794
133:40.504,135.82765531062125
134:54.428,180.59919839679358
135:51.138,179.84969939879758
136:39.506,132.1202404809619
137:65.796,237.31462925851704
138:48.152,163.92384769539078
139:65.044,243.76152304609218
140:44.758,142.56112224448898
141:52.606,178.6112224448898
142:54.748,173.1803607214429
143:55.842,210.75150300601203
144:59.156,214.13426853707415
145:40.006,139.62925851703406
146:64.746,222.7695390781563
147:42.24,136.2184368737475
148:52.738,176.73346693386773
149:38.01,116.64729458917836
150:53.82,176.93386773547095
151:54.08,187.8697394789579
152:50.67,171.3186372745491
153:47.958,163.9498997995992
154:62.394,197.9058116232465
155:35.608,119.64929859719439
156:49.864,163.749498997996
157:67.98,257.3246492985972
158:65.56,242.9579158316633
159:40.906,130.64729458917836
160:57.412,225.75751503006012
161:33.416,122.66733466933867
162:45.364,142.15430861723448
163:36.772,133.09619238476955
164:36.36,114.58517034068136
165:50.956,181.7434869739479
166:57.034,198.75751503006012
167:39.82,125.40080160320642
168:57.612,193.46693386773546
169:54.09,188.25450901803606
170:41.338,144.01402805611224
171:39.134,132.48897795591182
172:41.858,134.90380761523045
173:44.024,145.7434869739479
174:52.776,170.43486973947896
175:45.612,156.68537074148296
176:42.832,156.76152304609218
177:56.252,195.7174348697395
178:57.95,214.05410821643287
179:52.976,189.7735470941884
180:60.212,212.98997995991985
181:75.592,289.6312625250501
182:56.442,198.1943887775551
183:67.382,257.0060120240481
184:63.268,246.72945891783567
185:70.786,272.8977955911824
186:74.776,264.59519038076155
187:62.894,237.44088176352705
188:73.956,269.07214428857714
189:64.258,247.93987975951904
190:52.552,181.02805611222445
191:51.706,193.12625250501003
192:54.36,185.86372745490982
193:51.396,179.1803607214429
194:33.98,121.6753507014028
195:47.508,153.71543086172343
196:36.378,129.15030060120242
197:58.468,238.33667334669337
198:69.458,266.96793587174346
199:50.074,171.42284569138278
200:50.796,177.72945891783567
201:25.66,82.41082164328657
202:39.298,134.71142284569137
203:36.066,123.82765531062124
204:54.836,183.83967935871743
205:65.792,251.0881763527054
206:63.026,235.27254509018036
207:59.058,215.01603206412827
208:74.13,307.4248496993988
209:57.312,197.36673346693388
210:62.222,214.43286573146293
211:56.928,196.57114228456913
212:52.304,179.82164328657313
213:74.45,318.0360721442886
214:59.302,233.8436873747495
215:61.692,207.29659318637275
216:73.452,340.250501002004
217:63.542,259.0460921843687
218:59.166,218.94589178356713
219:74.406,276.0440881763527
220:57.678,222.15230460921845
221:71.734,253.22244488977955
222:70.636,290.11422845691385
223:71.976,313.27054108216436
224:71.676,286.8256513026052
225:73.092,284.5090180360721
226:65.756,264.3607214428858
227:72.71,310.49498997995994
228:76.936,289.1022044088176
229:65.324,226.3627254509018
230:64.964,241.2865731462926
231:79.146,274.5991983967936
232:65.572,239.88577154308618
233:63.304,259.8176352705411
234:61.488,210.4248496993988
235:65.426,256.60320641282567
236:66.734,281.5130260521042
237:67.97,266.2605210420842
238:72.176,291.7755511022044
239:71.166,286.90981963927857
240:56.198,204.63326653306612
241:48.154,163.08617234468937
242:39.092,140.35270541082164
243:63.722,230.23246492985973
244:60.066,194.44088176352705
245:44.524,149.18837675350701
246:44.276,146.67735470941884
247:66.874,236.18236472945893
248:66.508,227.21042084168337
249:57.85,200.90781563126254
250:42.716,139.86372745490982
251:41.366,133.4488977955912
252:48.75,175.36673346693388
253:30.8,104.77354709418837
254:45.332,154.27855711422845
255:40.582,137.52104208416833
256:57.246,192.50701402805612
257:37.346,135.97795591182364
258:43.014,148.93386773547095
259:56.47,205.34869739478958
260:50.48,167.91583166332666
261:43.374,161.93987975951904
262:57.154,194.14629258517033
263:49.112,170.07014028056113
264:45.296,150.53907815631263
265:54.298,186.62925851703406
266:66.134,271.07815631262525
267:77.334,299.1563126252505
268:73.376,308.58917835671343
269:62.608,210.59519038076152
270:67.162,232.21042084168337
271:72.478,251.09018036072143
272:65.998,243.69138276553107
273:45.628,150.5511022044088
274:46.066,146.0180360721443
275:60.378,242.46492985971943
276:46.516,153.55711422845692
277:56.268,200.2685370741483
278:52.262,177.04408817635272
279:43.172,141.5310621242485
280:41.888,155.14829659318636
281:55.646,196.63927855711424
282:48.63,168.0941883767535
283:49.878,179.875751503006
284:58.888,198.75951903807615
285:73.768,310.8236472945892
286:74.128,349.5831663326653
287:77.84,305.5731462925852
288:70.822,255.66132264529057
289:57.36,222.49899799599197
290:71.424,277.29258517034066
291:69.368,286.1583166332665
292:71.588,281.35871743486973
293:73.582,299.7695390781563
294:72.558,359.4509018036072
295:71.304,284.64328657314627
296:76.13,310.8436873747495
297:65.156,262.7314629258517
298:69.476,256.7434869739479
299:66.574,246.59719438877755
300:60.498,223.97995991983967
301:76.098,314.8977955911824
302:73.176,266.67935871743487
303:74.912,299.7194388777555
304:74.924,312.5290581162325
305:76.898,338.4168336673347
306:66.636,325.9639278557114
307:72.58,359.4509018036072
308:73.594,293.7414829659319
309:69.692,264.0180360721443
310:73.794,342.76352705410824
311:70.346,291.5811623246493
312:63.812,241.84769539078155
313:47.888,157.62925851703406
314:71.998,254.7995991983968
315:68.476,257.76553106212424
316:67.796,250.08016032064128
317:75.094,275.2044088176353
318:76.99,355.6372745490982
319:70.906,260.2024048096192
320:78.902,346.44689378757516
321:63.036,241.70541082164328
322:73.064,267.2244488977956
323:69.146,280.1943887775551
324:62.732,209.65531062124248
325:76.904,292.937875751503
326:79.85,312.2224448897796
327:72.532,306.9939879759519
328:71.806,351.1122244488978
329:67.79,271.2424849699399
330:75.002,327.00400801603206
331:67.794,265.9519038076152
332:54.062,177.19238476953907
333:72.668,305.60921843687373
334:72.748,282.6452905811623
335:67.042,292.2965931863727
336:64.978,245.22444889779558
337:77.844,308.07214428857714
338:70.014,267.92184368737475
339:71.166,254.62124248496994
340:55.74,202.25851703406815
341:61.666,234.82965931863728
342:73.94,309.6112224448898
343:64.238,241.32264529058116
344:79.072,301.565130260521
345:75.456,295.8496993987976
346:68.422,244.47895791583167
347:74.104,275.2184368737475
348:58.918,190.6813627254509
349:68.116,276.89178356713427
350:64.488,249.99599198396794
351:55.894,194.0380761523046
352:58.318,202.55911823647295
353:67.16,249.4128256513026
354:49.23,156.9619238476954
355:48.35,166.01603206412827
356:39.036,142.7254509018036
357:45.96,152.26452905811624
358:41.86,127.74949899799599
359:53.902,187.3246492985972
360:54.016,181.4629258517034
361:34.258,114.76953907815631
362:33.772,104.69739478957916
363:38.71,118.40681362725451
364:49.506,179.56312625250501
365:39.732,119.91983967935872
366:63.43,238.01603206412827
367:42.882,142.9498997995992
368:49.394,169.28056112224448
369:45.076,156.19038076152304
370:50.496,184.87174348697394
371:49.846,169.67134268537075
372:41.536,133.93987975951904
373:33.708,101.87374749498998
374:40.21,135.8316633266533
375:50.244,164.7995991983968
376:58.778,195.99599198396794
377:49.886,161.3927855711423
378:53.692,185.07815631262525
379:40.948,143.31663326653307
380:51.458,175.3507014028056
381:40.276,122.31663326653306
382:47.79,154.07615230460922
383:63.014,222.60320641282564
384:42.836,139.46693386773546
385:48.938,151.98597194388776
386:48.678,164.45891783567134
387:56.754,207.25250501002003
388:50.944,172.82565130260522
389:47.378,161.91983967935872
390:51.358,169.12224448897797
391:67.826,256.36472945891785
392:63.354,231.14829659318636
393:64.702,241.250501002004
394:65.94,269.6753507014028
395:57.786,212.01002004008015
396:77.496,345.3547094188377
397:71.018,260.5390781563126
398:75.32,331.1843687374749
399:60.888,220.28456913827657
400:52.702,170.78557114228457
401:44.874,154.9579158316633
402:50.652,165.90380761523045
403:47.222,150.27655310621242
404:38.16,132.6112224448898
405:47.972,175.22044088176352
406:55.106,196.01402805611224
407:67.678,251.28056112224448
408:61.792,212.3687374749499
409:51.582,169.8617234468938
410:37.864,131.45290581162325
411:35.094,115.82965931863727
412:41.424,139.5430861723447
413:50.266,169.9579158316633
414:48.618,167.4689378757515
415:39.308,132.03406813627254
416:47.862,162.7995991983968
417:58.85,229.40280561122245
418:68.368,288.85370741482967
419:55.908,205.84168336673346
420:52.404,210.23847695390782
421:60.96,224.97995991983967
422:49.704,183.0
423:54.796,185.59519038076152
424:48.69,176.22244488977955
425:58.172,192.3246492985972
426:71.57,258.7875751503006
427:69.072,228.3927855711423
428:61.674,224.96392785571143
429:56.204,200.7815631262525
430:62.678,224.7134268537074
431:71.798,274.85971943887773
432:65.682,237.84168336673346
433:69.65,297.6132264529058
434:67.764,242.0380761523046
435:67.702,272.59519038076155
436:62.182,210.37274549098197
437:56.032,197.45090180360722
438:58.518,197.0060120240481
439:56.354,192.4308617234469
440:56.906,197.77755511022045
441:61.382,218.83967935871743
442:49.814,165.66332665330663
443:71.966,282.50501002004006
444:45.806,157.55911823647295
445:47.98,169.00801603206412
446:47.474,166.2304609218437
447:39.336,136.65130260521042
448:70.654,243.9579158316633
449:72.4,276.77354709418836
450:68.048,250.28857715430863
451:59.006,244.56513026052104
452:55.174,193.26452905811624
453:52.084,182.23847695390782
454:59.476,204.44689378757516
455:48.782,168.5811623246493
456:31.376,109.71543086172345
457:45.768,163.02004008016033
458:43.67,151.10821643286573
459:66.732,238.91382765531063
460:38.278,126.39879759519039
461:63.196,216.28056112224448
462:58.904,223.56112224448898
463:70.968,256.50300601202406
464:72.974,331.76553106212424
465:67.454,284.8416833667335
466:71.046,296.38476953907815
467:62.864,236.6753507014028
468:59.236,185.77555110220442
469:46.332,160.58917835671343
470:46.192,166.89779559118236
471:65.816,234.52705410821645
472:67.288,271.0921843687375
473:74.606,261.6633266533066
474:54.412,201.06212424849699
475:53.084,198.98997995991985
476:46.094,154.5871743486974
477:44.85,157.89579158316633
478:38.224,122.57114228456913
479:60.906,218.91583166332666
480:52.428,179.98597194388776
481:61.678,215.4629258517034
482:49.59,170.03006012024048
483:42.546,134.68737474949899
484:47.556,162.84569138276552
485:59.418,207.78356713426854
486:44.93,155.24248496993988
487:50.66,183.39679358717436
488:49.906,184.05210420841684
489:55.118,199.21442885771543
490:52.266,163.13226452905812
491:49.474,177.87174348697394
492:40.048,134.14228456913827
493:44.18,138.84569138276552
494:48.512,149.29859719438878
495:51.21,164.5370741482966
496:44.176,151.23446893787576
497:53.094,181.27054108216433
498:32.134,110.18436873747495
499:29.324,90.57915831663327
500:46.714,150.2064128256513
501:38.232,124.7314629258517
502:57.206,196.56513026052104
503:53.55,181.8877755511022
504:73.65,271.99599198396794
505:74.476,289.72945891783564
506:67.048,253.46092184368737
507:65.89,222.10420841683367
508:60.776,218.21042084168337
509:57.988,209.19639278557113
510:60.118,208.54108216432866
511:60.69,208.92184368737475
512:66.752,253.9759519038076
513:56.524,209.6072144288577
514:60.392,227.08416833667334
515:76.404,307.2765531062124
516:56.5,206.64729458917836
517:52.86,182.75150300601203
518:63.648,269.3326653306613
519:65.544,252.02605210420842
520:55.764,186.81162324649299
521:38.696,127.06813627254509
522:50.09,183.47094188376752
523:46.088,155.22044088176352
524:61.57,213.7695390781563
525:60.852,233.15230460921845
526:50.676,164.50300601202406
527:42.512,142.16032064128257
528:45.534,155.4068136272545
529:67.622,259.248496993988
530:73.178,259.8617234468938
531:66.052,249.87775551102203
532:52.684,182.0180360721443
533:65.828,260.4609218436874
534:52.096,166.06212424849699
535:45.35,152.3627254509018
536:56.558,184.57314629258516
537:49.644,160.18236472945893
538:60.904,204.67735470941884
539:59.162,210.2364729458918
540:78.192,322.10420841683367
541:74.804,312.9058116232465
542:67.246,276.9258517034068
543:71.562,302.9519038076152
544:65.614,261.64128256513027
545:47.764,165.93386773547095
546:58.716,239.92985971943887
547:33.976,121.8937875751503
548:40.21,128.2364729458918
549:50.776,169.93386773547095
550:38.524,137.71142284569137
551:51.38,168.79759519038078
552:50.698,183.1122244488978
553:52.794,177.8797595190381
554:56.034,205.30260521042084
555:47.418,158.93987975951904
556:52.572,182.4809619238477
557:58.232,205.92384769539078
558:61.99,222.5511022044088
559:59.49,195.89579158316633
560:48.68,179.38476953907815
561:52.502,187.27655310621242
562:57.746,206.39679358717436
563:48.894,156.5551102204409
564:63.272,213.7555110220441
565:72.958,247.87775551102203
566:60.346,222.29458917835672
567:72.718,282.4829659318637
568:64.256,239.30861723446893
569:55.99,194.01603206412827
570:66.854,240.02805611222445
571:80.126,379.685370741483
572:62.978,228.12224448897797
573:55.54,191.39078156312624
574:74.224,305.2885771543086
575:66.458,256.72945891783564
576:69.094,247.62124248496994
577:67.972,232.2064128256513
578:44.894,149.5130260521042
579:56.89,202.79559118236472
580:53.756,172.12825651302606
581:44.976,160.749498997996
582:59.05,193.73346693386773
583:45.484,151.34869739478958
584:51.058,165.86573146292585
585:61.084,198.12825651302606
586:53.534,196.78356713426854
587:62.196,233.9939879759519
588:46.668,154.17434869739478
589:56.458,193.92184368737475
590:50.758,179.31462925851704
591:61.35,200.63326653306612
592:47.262,157.92785571142284
593:47.262,153.8997995991984
594:65.446,232.59118236472946
595:36.554,122.14428857715431
596:44.784,144.42885771543087
597:46.622,153.46092184368737
598:58.704,200.33667334669337
599:45.278,140.20240480961922
600:27.754,85.08817635270542
601:37.654,116.27655310621242
602:41.722,142.87174348697394
603:41.35,126.38476953907815
604:31.458,94.8997995991984
605:47.966,179.81563126252505
606:40.976,133.84769539078155
607:49.594,150.38276553106212
608:38.482,133.22244488977955
609:33.718,125.93386773547094
610:44.308,150.08416833667334
611:42.06,148.21042084168337
612:45.376,157.18436873747495
613:39.838,132.5871743486974
614:29.562,93.0561122244489
615:43.618,141.51503006012024
616:39.304,133.17434869739478
617:38.262,129.74148296593185
618:54.934,171.92384769539078
619:56.308,184.85771543086173
620:41.452,140.72945891783567
621:28.38,93.02004008016031
622:46.178,151.2064128256513
623:53.75,176.53306613226454
624:49.212,167.10220440881764
625:54.25,154.80160320641284
626:40.932,137.19238476953907
627:51.738,176.06412825651302
628:52.078,170.48296593186373
629:55.334,193.38677354709418
630:59.706,201.47895791583167
631:61.72,216.48897795591182
632:47.504,160.2745490981964
633:46.236,145.43887775551102
634:53.098,182.35270541082164
635:53.77,164.1122244488978
636:68.906,243.90981963927857
637:62.43,229.52905811623248
638:53.836,172.05811623246493
639:52.018,187.13226452905812
640:42.566,148.79559118236472
641:54.166,191.61723446893788
642:49.282,168.5250501002004
643:61.364,219.7134268537074
644:48.252,174.1062124248497
645:69.602,277.39679358717433
646:46.224,150.9819639278557
647:50.184,165.57715430861722
648:56.224,189.83567134268537
649:58.95,191.13226452905812
650:59.784,203.53306613226454
651:59.832,195.9438877755511
652:65.134,236.06212424849699
653:63.016,234.42084168336675
654:72.836,269.32665330661325
655:62.65,247.9118236472946
656:47.734,152.38476953907815
657:62.61,199.5751503006012
658:65.87,239.07815631262525
659:64.108,204.62925851703406
660:69.768,247.81763527054107
661:74.346,287.56112224448896
662:59.826,218.25450901803606
663:60.114,215.0180360721443
664:64.458,245.59519038076152
665:59.122,222.52304609218436
666:62.478,209.22845691382764
667:47.864,170.24649298597194
668:70.704,279.935871743487
669:57.376,203.00801603206412
670:64.242,221.07014028056113
671:51.75,183.04008016032063
672:57.288,187.76152304609218
673:41.18,145.4809619238477
674:53.508,176.1202404809619
675:66.24,230.82164328657313
676:68.296,236.19038076152304
677:78.244,289.8557114228457
678:71.584,262.5250501002004
679:71.102,274.7675350701403
680:72.468,316.2585170340681
681:76.916,334.3046092184369
682:70.528,377.9919839679359
683:74.326,319.3867735470942
684:68.684,287.6132264529058
685:58.164,193.33867735470943
686:66.16,225.49899799599197
687:53.252,195.80360721442887
688:54.746,205.2124248496994
689:66.554,240.59919839679358
690:75.048,249.62324649298597
691:56.554,215.0941883767535
692:72.39,281.1202404809619
693:70.824,251.65130260521042
694:66.938,266.80160320641284
695:63.58,219.46092184368737
696:70.066,292.90981963927857
697:77.854,318.76352705410824
698:80.834,309.7935871743487
699:79.684,352.46693386773546
700:69.052,258.24448897795594
701:71.352,301.0761523046092
702:70.26,272.84569138276555
703:79.326,307.47895791583164
704:61.024,214.79559118236472
705:60.862,202.08416833667334
706:63.11,243.14629258517033
707:74.918,284.25250501002006
708:58.236,200.79759519038078
709:68.012,250.49699398797594
710:59.848,208.95190380761522
711:58.404,208.4949899799599
712:56.9,198.28056112224448
713:57.986,202.75751503006012
714:67.68,268.749498997996
715:45.886,146.43286573146293
716:63.006,231.26052104208418
717:60.096,228.17635270541084
718:75.402,283.8897795591182
719:72.58,298.4428857715431
720:75.416,304.4709418837675
721:67.342,233.6012024048096
722:63.744,231.00400801603206
723:56.962,202.8697394789579
724:57.558,215.58917835671343
725:38.64,140.5250501002004
726:52.226,186.31462925851704
727:65.768,234.33667334669337
728:48.114,159.9178356713427
729:40.244,133.02004008016033
730:49.74,159.8316633266533
731:46.048,161.92384769539078
732:41.946,155.4248496993988
733:37.562,112.5190380761523
734:57.74,202.0501002004008
735:51.976,168.4749498997996
736:49.006,172.48496993987976
737:33.148,107.68937875751503
738:33.628,99.16432865731463
739:43.17,132.82765531062125
740:40.092,132.98396793587173
741:45.146,156.86773547094188
742:32.874,105.55911823647294
743:30.626,102.99198396793587
744:42.382,133.59519038076152
745:52.506,184.71142284569137
746:38.962,133.16633266533066
747:50.256,161.62725450901803
748:36.416,124.03607214428858
749:30.112,102.39478957915831
750:41.474,142.4068136272545
751:40.332,137.3887775551102
752:40.994,157.04809619238478
753:44.204,146.93787575150301
754:48.898,156.99198396793588
755:33.282,103.41683366733467
756:27.91,81.81563126252505
757:38.352,132.14228456913827
758:51.854,188.88577154308618
759:50.148,177.33066132264528
760:43.57,154.5130260521042
761:45.416,154.42885771543087
762:40.888,142.87374749498997
763:47.206,162.05210420841684
764:45.796,154.03006012024048
765:41.166,142.50901803607215
766:35.78,112.41482965931864
767:53.602,191.0
768:38.524,115.2064128256513
769:40.266,129.0320641282565
770:41.814,129.04008016032063
771:37.65,123.92985971943888
772:41.258,139.3807615230461
773:34.126,114.48697394789579
774:46.038,167.6312625250501
775:31.084,106.48697394789579
776:33.262,111.05811623246493
777:44.824,157.1122244488978
778:48.742,147.47094188376752
779:56.576,214.4128256513026
780:61.128,235.02204408817636
781:71.578,308.1663326653307
782:59.116,230.6112224448898
783:76.652,308.6392785571142
784:73.88,318.1022044088176
785:62.054,220.6112224448898
786:66.364,290.29058116232466
787:73.92,392.6553106212425
788:67.594,277.1442885771543
789:62.914,260.8056112224449
790:69.908,265.87775551102203
791:49.098,156.97795591182364
792:53.91,204.9819639278557
793:66.074,229.47895791583167
794:67.264,253.32064128256513
795:61.91,242.6573146292585
796:62.274,206.50901803607215
797:67.976,236.65130260521042
798:63.964,236.16032064128257
799:61.598,224.81563126252505
800:73.608,289.0861723446894
801:45.324,156.7314629258517
802:54.248,187.1062124248497
803:70.1,310.1623246492986
804:71.632,302.37474949899797
805:68.756,251.0
806:57.206,221.10821643286573
807:54.398,186.24048096192385
808:68.022,257.5310621242485
809:53.988,175.70140280561122
810:63.34,249.4308617234469
811:47.746,163.44288577154308
812:59.254,240.8436873747495
813:62.342,239.66332665330663
814:52.992,185.65531062124248
815:57.446,203.5250501002004
816:60.032,226.88577154308618
817:50.65,174.96993987975952
818:46.494,157.83567134268537
819:40.38,131.96993987975952
820:49.052,175.11623246492985
821:58.124,211.21042084168337
822:43.024,146.62725450901803
823:44.286,155.35270541082164
824:45.692,154.74749498997997
825:31.618,100.25450901803607
826:34.88,120.52705410821643
827:33.752,107.53106212424849
828:28.056,100.35871743486975
829:51.376,160.5130260521042
830:37.484,119.91583166332666
831:55.006,202.01402805611224
832:50.336,168.98597194388776
833:54.38,206.5130260521042
834:60.782,222.0561122244489
835:67.148,254.96593186372746
836:43.83,150.65330661322645
837:41.656,140.19238476953907
838:42.86,138.07815631262525
839:45.27,143.63326653306612
840:64.606,220.98597194388776
841:49.722,170.01002004008015
842:50.158,180.98396793587173
843:53.436,173.87374749498997
844:53.208,190.0941883767535
845:59.908,200.04408817635272
846:70.32,264.9438877755511
847:70.768,290.8517034068136
848:69.91,281.90981963927857
849:62.722,239.42084168336675
850:66.058,233.44689378757516
851:72.944,323.34068136272543
852:67.578,228.31663326653307
853:65.426,243.0561122244489
854:73.248,267.2064128256513
855:54.456,191.02805611222445
856:54.856,192.54108216432866
857:61.918,214.33466933867734
858:73.95,335.48496993987976
859:76.202,385.1022044088176
860:65.598,260.5190380761523
861:76.736,266.61523046092185
862:67.89,334.6833667334669
863:73.688,277.1302605210421
864:61.742,189.21643286573146
865:61.086,203.47695390781564
866:64.326,235.56513026052104
867:63.532,253.61322645290582
868:60.386,223.33466933867734
869:63.246,250.11022044088176
870:61.292,221.42685370741484
871:66.766,261.8637274549098
872:70.658,285.4168336673347
873:50.044,181.7374749498998
874:64.156,238.3627254509018
875:52.31,185.88977955911824
876:62.288,232.09619238476955
877:51.188,203.5050100200401
878:68.486,270.563126252505
879:73.928,271.51503006012024
880:65.808,254.98797595190382
881:54.264,208.02204408817636
882:64.594,207.0320641282565
883:65.812,254.64729458917836
884:78.964,298.8416833667335
885:60.774,203.7935871743487
886:72.812,310.92985971943887
887:61.006,239.6993987975952
888:70.9,242.12825651302606
889:75.5,273.97595190380764
890:83.198,299.1923847695391
891:77.862,370.42885771543087
892:78.232,333.3246492985972
893:76.114,332.6112224448898
894:46.448,151.3186372745491
895:58.072,208.97995991983967
896:56.51,178.5691382765531
897:64.996,231.96993987975952
898:49.054,162.3426853707415
899:65.85,233.84969939879758
900:71.144,282.88577154308615
901:60.268,216.92384769539078
902:69.508,265.0360721442886
903:59.932,209.5551102204409
904:72.52,282.9819639278557
905:55.718,197.45290581162325
906:66.29,258.03406813627254
907:59.014,257.1382765531062
908:65.06,242.3326653306613
909:65.988,214.66533066132266
910:59.084,217.59519038076152
911:67.134,254.7434869739479
912:65.106,217.91583166332666
913:61.96,229.6312625250501
914:70.538,235.75350701402806
915:71.808,245.0681362725451
916:67.272,259.30060120240483
917:60.132,218.3186372745491
918:54.618,188.04408817635272
919:54.074,174.83366733466934
920:56.236,208.8697394789579
921:69.37,297.5090180360721
922:70.078,314.34068136272543
923:65.796,257.6392785571142
924:68.604,273.85971943887773
925:62.504,235.66533066132266
926:59.586,219.10420841683367
927:58.626,234.02204408817636
928:46.346,161.38677354709418
929:45.688,162.8316633266533
930:44.986,145.9619238476954
931:47.614,158.5871743486974
932:49.938,172.26052104208418
933:51.31,193.18637274549098
934:41.476,137.00400801603206
935:29.32,104.84769539078157
936:62.4,229.36072144288576
937:65.648,225.03607214428857
938:70.734,257.80360721442884
939:65.932,262.69138276553105
940:51.518,186.33466933867734
941:65.66,246.84168336673346
942:67.292,269.062124248497
943:61.948,220.62124248496994
944:56.918,207.70941883767534
945:57.92,220.13426853707415
946:58.596,209.1122244488978
947:66.124,254.64729458917836
948:60.616,254.6993987975952
949:74.796,308.4809619238477
950:75.512,307.62324649298597
951:72.91,291.53507014028054
952:62.316,226.9819639278557
953:53.228,191.49098196392785
954:59.796,210.66332665330663
955:69.204,268.3987975951904
956:60.026,238.3426853707415
957:66.204,267.5090180360721
958:60.322,224.01202404809618
959:70.826,260.89579158316633
960:55.952,213.9258517034068
961:69.338,271.6212424849699
962:55.24,197.23446893787576
963:65.592,247.52104208416833
964:47.952,173.89579158316633
965:73.316,256.53306613226454
966:75.682,351.8797595190381
967:76.544,349.064128256513
968:69.346,239.3627254509018
969:74.424,312.82965931863725
970:76.272,322.20841683366734
971:79.732,328.2124248496994
972:74.288,283.0741482965932
973:59.238,215.17635270541084
974:64.498,250.66533066132266
975:52.29,200.71142284569137
976:60.884,234.56513026052104
977:47.62,177.80961923847696
978:65.76,231.59719438877755
979:61.558,215.64729458917836
980:68.034,254.65130260521042
981:65.75,249.76553106212424
982:58.798,216.01603206412827
983:69.428,263.78957915831666
984:71.11,283.3186372745491
985:68.078,274.80961923847696
986:71.75,281.3346693386774
987:77.43,334.75350701402806
988:50.828,192.29058116232466
989:73.62,308.57915831663325
990:52.756,191.27054108216433
991:75.246,326.9939879759519
992:72.568,357.5170340681363
993:75.374,339.3326653306613
994:76.608,325.34068136272543
995:67.504,348.4709418837675
996:69.03,278.34068136272543
997:71.19,296.68937875751504
998:56.306,217.07815631262525
999:64.524,257.2044088176353
1000:80.12,332.4328657314629
1001:68.634,306.064128256513
1002:69.59,311.17234468937875
1003:67.41,322.72945891783564
1004:81.314,382.4328657314629
1005:68.588,348.37474949899797
1006:74.466,365.0941883767535
1007:69.924,316.9919839679359
1008:77.762,339.7114228456914
1009:74.798,320.3607214428858
1010:71.774,396.687374749499
1011:65.856,427.35871743486973
1012:76.38,373.5310621242485
1013:74.314,322.87775551102203
1014:81.186,345.0280561122245
1015:74.884,370.2204408817635
1016:68.172,414.35871743486973
1017:74.27,292.1583166332665
1018:73.058,374.1382765531062
1019:60.744,237.94188376753507
1020:72.324,335.5851703406814
1021:73.602,288.64729458917833
1022:71.826,418.22845691382764
1023:72.694,297.60320641282567
1024:69.448,289.7995991983968
1025:75.91,325.1743486973948
1026:58.722,219.43887775551102
1027:64.682,241.37074148296594
1028:57.69,213.94789579158316
1029:58.626,233.3246492985972
1030:54.738,201.6573146292585
1031:63.29,244.72344689378758
1032:69.972,351.7755511022044
1033:74.558,311.6553106212425
1034:68.15,266.97795591182364
1035:67.092,252.0681362725451
1036:49.558,195.39078156312624
1037:69.116,267.8156312625251
1038:68.41,302.99599198396794
1039:70.858,313.34669338677355
1040:73.996,308.21643286573146
1041:67.858,353.70941883767534
1042:75.736,361.7414829659319
1043:72.5,323.0440881763527
1044:55.912,217.0180360721443
1045:71.968,302.13426853707415
1046:69.078,278.9178356713427
1047:68.806,314.51503006012024
1048:53.904,195.07815631262525
1049:64.252,245.66132264529057
1050:50.504,163.05410821643287
1051:44.648,159.2264529058116
1052:56.68,195.1302605210421
1053:53.666,170.47294589178355
1054:50.502,180.89178356713427
1055:53.458,184.28857715430863
1056:56.816,203.43486973947896
1057:55.836,192.2685370741483
1058:62.196,237.17635270541084
1059:50.428,170.4308617234469
1060:59.394,200.69539078156313
1061:49.182,180.1683366733467
1062:55.504,195.84969939879758
1063:54.802,199.2184368737475
1064:45.014,164.93987975951904
1065:65.026,246.19238476953907
1066:46.548,162.97995991983967
1067:56.246,195.47294589178355
1068:67.932,297.06012024048096
1069:63.94,265.36673346693385
1070:75.082,334.18036072144287
1071:68.506,308.64128256513027
1072:65.87,280.7374749498998
1073:63.762,310.1362725450902
1074:59.732,219.11823647294588
1075:63.84,250.59919839679358
1076:65.7,263.47895791583164
1077:56.832,199.37675350701403
1078:59.188,231.16633266533066
1079:70.528,269.14228456913827
1080:69.088,265.2024048096192
1081:63.43,238.66933867735472
1082:53.916,194.41683366733466
1083:55.512,197.2124248496994
1084:53.048,187.8997995991984
1085:56.736,207.68937875751504
1086:56.712,221.74749498997997
1087:38.876,140.26052104208418
1088:37.57,136.2124248496994
1089:49.706,171.8196392785571
1090:40.136,141.0821643286573
1091:46.54,170.66933867735472
1092:31.748,106.2685370741483
1093:45.588,150.22444889779558
1094:60.61,205.54509018036072
1095:50.47,180.71543086172343
1096:58.522,201.67735470941884
1097:59.856,218.9318637274549
1098:65.864,266.8937875751503
1099:60.44,238.9118236472946
1100:51.204,199.07014028056113
1101:56.174,191.82364729458916
1102:54.404,181.33466933867734
1103:48.926,167.77154308617236
1104:47.162,178.40280561122245
1105:49.402,174.9178356713427
1106:55.014,183.07014028056113
1107:50.406,170.28056112224448
1108:60.078,215.5370741482966
1109:40.65,132.14028056112224
1110:68.184,255.6492985971944
1111:63.202,228.75350701402806
1112:44.476,148.09218436873746
1113:50.438,180.76152304609218
1114:38.412,133.57715430861722
1115:43.234,156.2304609218437
1116:45.95,157.06212424849699
1117:62.142,221.1062124248497
1118:47.686,163.41683366733466
1119:59.932,205.5370741482966
1120:70.706,226.75350701402806
1121:71.202,270.52304609218436
1122:62.638,227.64729458917836
1123:59.462,206.9258517034068
1124:59.5,224.65531062124248
1125:63.552,258.69939879759517
1126:74.93,280.498997995992
1127:69.924,417.6693386773547
1128:75.856,318.2885771543086
1129:61.732,249.32064128256513
1130:67.742,253.70340681362725
1131:60.888,227.54709418837675
1132:59.598,209.94188376753507
1133:65.572,224.56112224448898
1134:58.834,218.9258517034068
1135:50.592,169.20440881763528
1136:65.976,225.34869739478958
1137:65.276,238.96993987975952
1138:56.174,201.13627254509018
1139:61.034,218.1122244488978
1140:71.018,267.2304609218437
1141:56.098,209.17234468937875
1142:52.43,185.3246492985972
1143:74.25,289.1663326653307
1144:68.312,257.6653306613226
1145:67.572,235.41482965931863
1146:68.888,266.55110220440883
1147:62.966,244.17835671342687
1148:50.088,160.12224448897797
1149:65.854,246.25851703406815
1150:69.714,286.1763527054108
1151:58.532,208.1442885771543
1152:52.872,191.80360721442887
1153:58.774,208.4749498997996
1154:54.564,186.8196392785571
1155:62.962,235.2685370741483
1156:72.31,277.70741482965934
1157:66.702,269.20841683366734
1158:75.008,301.9879759519038
1159:62.668,239.59919839679358
1160:44.432,169.84769539078155
1161:60.046,244.62925851703406
1162:49.396,180.9759519038076
1163:54.178,182.1442885771543
1164:46.07,154.40480961923848
1165:47.19,164.9178356713427
1166:62.196,233.14629258517033
1167:41.706,140.9759519038076
1168:59.068,211.57314629258516
1169:43.76,143.9498997995992
1170:61.59,247.62124248496994
1171:42.734,149.0240480961924
1172:57.848,214.28456913827657
1173:50.286,175.77755511022045
1174:59.074,206.4629258517034
1175:53.26,176.82965931863728
1176:55.536,208.26653306613227
1177:52.802,185.1683366733467
1178:67.814,256.4168336673347
1179:70.882,273.1022044088176
1180:48.21,169.30260521042084
1181:36.64,120.12625250501002
1182:60.016,215.04408817635272
1183:38.69,138.6492985971944
1184:60.59,212.72344689378758
1185:65.53,249.8316633266533
1186:49.76,174.61523046092185
1187:56.77,206.95190380761522
1188:45.0,141.2745490981964
1189:40.396,146.06212424849699
1190:55.064,192.1302605210421
1191:53.72,188.8557114228457
1192:46.182,162.4809619238477
1193:39.752,135.2444889779559
1194:65.394,244.63527054108218
1195:69.104,251.54509018036072
1196:52.074,173.93587174348698
1197:63.362,230.46092184368737
1198:50.972,182.73346693386773
1199:63.414,251.8877755511022
1200:65.872,238.94789579158316
1201:72.366,275.19038076152304
1202:41.7,141.08416833667334
1203:72.98,259.9539078156313
1204:55.438,176.31462925851704
1205:76.574,255.71142284569137
1206:52.276,177.14028056112224
1207:54.228,174.1442885771543
1208:70.522,259.2144288577154
1209:67.686,248.7134268537074
1210:46.154,168.29859719438878
1211:68.622,265.17034068136275
1212:51.384,164.06613226452905
1213:58.844,210.8997995991984
1214:53.42,177.0881763527054
1215:43.962,148.60921843687376
1216:48.298,170.47695390781564
1217:45.566,169.68737474949899
1218:51.124,180.58316633266534
1219:56.7,205.0240480961924
1220:53.566,190.43286573146293
1221:66.48,260.90981963927857
1222:61.476,219.7555110220441
1223:46.978,153.33867735470943
1224:65.97,259.65931863727457
1225:56.228,203.73947895791582
1226:49.042,171.4569138276553
1227:66.054,262.8977955911824
1228:66.178,269.19639278557116
1229:75.364,340.61523046092185
1230:71.228,345.30260521042084
1231:72.04,344.0941883767535
1232:72.716,323.7194388777555
1233:59.244,229.05811623246493
1234:58.578,215.81563126252505
1235:76.51,326.87374749498997
1236:52.626,197.2004008016032
1237:62.134,228.04408817635272
1238:69.662,259.4869739478958
1239:70.292,296.84569138276555
1240:65.556,266.6492985971944
1241:69.506,339.01402805611224
1242:73.114,312.2585170340681
1243:64.08,266.87775551102203
1244:60.45,218.26452905811624
1245:55.83,205.97995991983967
1246:64.218,237.96392785571143
1247:78.006,299.4569138276553
1248:59.526,191.7374749498998
1249:70.554,276.563126252505
1250:71.004,323.01603206412824
1251:72.304,277.0681362725451
1252:64.198,246.24048096192385
1253:59.966,225.7374749498998
1254:74.206,278.31062124248496
1255:64.944,259.9158316633266
1256:70.316,346.4248496993988
1257:68.51,366.75551102204406
1258:81.856,313.87374749498997
1259:58.284,234.68737474949899
1260:72.088,338.9258517034068
1261:64.728,256.40881763527057
1262:70.896,336.02204408817636
1263:71.51,322.3707414829659
1264:71.328,375.314629258517
1265:71.622,380.44889779559117
1266:68.58,426.8797595190381
1267:69.868,322.15230460921845
1268:69.002,400.61523046092185
1269:63.532,456.2805611222445
1270:69.538,396.3547094188377
1271:68.846,393.2685370741483
1272:68.946,328.67134268537075
1273:66.962,374.96593186372746
1274:66.008,254.43486973947896
1275:55.12,190.22244488977955
1276:62.888,255.91983967935872
1277:57.376,222.74148296593185
1278:63.558,243.59719438877755
1279:66.304,256.7875751503006
1280:68.548,333.4268537074148
1281:64.83,252.81563126252505
1282:69.234,298.1823647294589
1283:66.462,368.2064128256513
1284:54.616,195.49298597194388
1285:63.798,240.8316633266533
1286:60.184,227.0180360721443
1287:56.696,210.10420841683367
1288:57.328,218.49899799599197
1289:58.272,205.19839679358716
1290:52.622,180.62324649298597
1291:67.054,240.52905811623248
1292:68.95,283.48496993987976
1293:65.512,265.38476953907815
1294:64.192,254.24649298597194
1295:62.98,232.3246492985972
1296:62.628,276.08817635270543
1297:59.97,251.54108216432866
1298:71.05,276.67134268537075
1299:69.616,287.9879759519038
1300:74.442,360.61523046092185
1301:68.984,261.0480961923848
1302:73.7,319.8436873747495
1303:71.848,261.94188376753505
1304:75.84,325.44889779559117
1305:70.838,347.563126252505
1306:64.964,232.8617234468938
1307:65.368,230.69739478957916
1308:72.238,256.9739478957916
1309:54.832,181.89579158316633
1310:30.596,93.42084168336673
1311:33.772,108.89178356713427
1312:51.908,176.80360721442887
1313:65.554,230.61723446893788
1314:73.754,246.70941883767534
1315:64.558,261.96593186372746
1316:47.92,170.2124248496994
1317:59.36,197.21643286573146
1318:46.344,161.27855711422845
1319:52.554,189.61723446893788
1320:46.722,139.06212424849699
1321:54.266,193.31262525050101
1322:63.49,245.3426853707415
1323:53.448,177.94589178356713
1324:50.648,183.06012024048096
1325:48.066,168.72745490981964
1326:50.482,188.124248496994
1327:33.086,109.35070140280561
1328:60.824,199.94188376753507
1329:50.66,182.5250501002004
1330:31.994,110.78156312625251
1331:26.864,87.42484969939879
1332:32.412,111.90581162324649
1333:54.52,191.45891783567134
1334:42.33,139.94789579158316
1335:50.684,161.3186372745491
1336:42.166,149.16432865731463
1337:51.564,171.93787575150301
1338:50.794,183.3807615230461
1339:41.178,132.53507014028057
1340:44.708,158.0420841683367
1341:47.904,156.79759519038078
1342:36.242,112.82164328657315
1343:35.302,118.86573146292585
1344:37.664,118.08216432865731
1345:38.454,140.53507014028057
1346:38.208,123.02204408817636
1347:45.6,153.8697394789579
1348:34.08,120.42284569138276
1349:51.98,184.8937875751503
1350:65.252,225.8937875751503
1351:30.14,101.30861723446894
1352:38.042,119.40681362725451
1353:43.236,146.0
1354:33.672,105.34268537074148
1355:39.348,146.86773547094188
1356:45.524,152.89779559118236
1357:37.054,125.39879759519039
1358:37.734,129.41482965931863
1359:48.286,165.8697394789579
1360:47.13,160.90380761523045
1361:29.196,88.72144288577154
1362:36.61,114.06012024048096
1363:42.684,143.72344689378758
1364:48.448,164.15430861723448
1365:39.16,125.22044088176352
1366:33.888,105.18637274549098
1367:38.626,131.6072144288577
1368:29.602,99.41683366733467
1369:34.84,100.83967935871743
1370:31.724,92.1503006012024
1371:39.696,125.5190380761523
1372:39.194,124.26452905811624
1373:30.234,96.69739478957916
1374:49.996,154.84569138276552
1375:33.486,110.61923847695391
1376:39.614,130.83366733466934
1377:30.846,96.48296593186373
1378:47.002,164.8436873747495
1379:41.46,153.97795591182364
1380:39.456,129.5871743486974
1381:25.946,80.84368737474949
1382:32.484,113.70741482965931
1383:29.822,109.67735470941884
1384:52.67,172.17434869739478
1385:51.962,191.30460921843687
1386:49.358,186.6072144288577
1387:64.826,253.51503006012024
1388:60.056,197.59719438877755
1389:60.528,212.59919839679358
1390:41.564,136.65130260521042
1391:49.374,182.31262525050101
1392:40.608,142.04609218436875
1393:40.11,138.13426853707415
1394:52.714,176.71142284569137
1395:40.054,128.3246492985972
1396:34.988,123.00801603206413
1397:66.838,250.45891783567134
1398:45.892,158.12825651302606
1399:45.516,166.68537074148296
1400:57.812,211.91983967935872
1401:40.554,132.6673346693387
1402:63.334,224.20841683366734
1403:59.85,223.2444889779559
1404:52.866,193.32264529058116
1405:70.658,232.06412825651302
1406:63.31,235.47294589178355
1407:50.208,179.34068136272546
1408:42.19,138.91983967935872
1409:42.372,146.6372745490982
1410:45.386,137.00400801603206
1411:45.344,143.06012024048096
1412:46.904,158.43486973947896
1413:41.526,140.62124248496994
1414:48.0,164.43286573146293
1415:46.42,148.09619238476955
1416:43.2,157.41482965931863
1417:50.542,152.95190380761522
1418:51.94,174.52104208416833
1419:62.948,210.82565130260522
1420:43.398,142.47294589178355
1421:46.336,156.39078156312624
1422:37.252,128.37675350701403
1423:35.108,120.40681362725451
1424:37.83,140.11422845691382
1425:42.186,148.9759519038076
1426:44.802,159.74148296593185
1427:44.86,147.11623246492985
1428:50.216,167.7695390781563
1429:47.514,168.72945891783567
1430:38.006,128.3807615230461
1431:60.872,204.2685370741483
1432:45.834,160.89579158316633
1433:41.218,136.7134268537074
1434:40.302,146.64128256513027
1435:47.736,160.56112224448898
1436:36.488,127.73947895791584
1437:49.75,164.0180360721443
1438:57.738,202.1563126252505
1439:44.858,160.07815631262525
1440:47.768,162.29859719438878
1441:54.29,185.05210420841684
1442:43.776,157.4248496993988
1443:42.484,139.29458917835672
1444:43.458,147.78356713426854
1445:54.096,185.95591182364728
1446:32.376,100.4308617234469
1447:27.624,87.56312625250501
1448:25.152,74.74949899799599
1449:32.218,97.48697394789579
1450:23.514,72.82164328657315
1451:31.634,96.50701402805612
1452:39.832,129.6673346693387
1453:37.296,130.84969939879758
1454:43.36,138.11623246492985
1455:48.184,172.97995991983967
1456:39.578,125.88376753507013
1457:41.344,122.81563126252505
1458:29.398,90.46693386773548
1459:37.044,112.07815631262525
1460:32.768,113.16032064128257
1461:43.646,144.625250501002
1462:33.232,105.23446893787575
1463:35.126,116.27454909819639
1464:28.97,94.1623246492986
1465:30.952,108.83567134268537
1466:32.832,105.53306613226452
1467:24.202,71.7374749498998
1468:28.33,92.93987975951904
1469:22.486,67.99599198396794
1470:21.99,66.91583166332666
1471:37.23,126.4749498997996
1472:40.278,146.6112224448898
1473:26.906,83.7374749498998
1474:28.202,86.062124248497
1475:26.23,77.55511022044088
1476:41.658,131.9819639278557
1477:34.228,108.56312625250501
1478:26.142,80.55711422845691
1479:25.496,76.20240480961924
1480:31.29,94.18036072144288
1481:27.328,81.32064128256513
1482:29.18,85.46893787575151
1483:26.828,81.21643286573146
1484:22.422,71.96192384769539
1485:33.386,103.97795591182364
1486:34.544,108.09619238476954
1487:30.8,101.38076152304609
1488:30.548,99.07815631262525
1489:30.89,102.05410821643287
1490:35.418,110.40080160320642
1491:38.138,123.3186372745491
1492:53.748,193.5871743486974
1493:33.004,102.7374749498998
1494:43.044,130.47895791583167
1495:33.848,113.29058116232466
1496:33.306,102.01803607214428
1497:39.056,129.88176352705412
1498:36.304,115.374749498998
1499:47.142,150.67334669338678
1500:49.296,155.86573146292585
1501:35.26,114.62925851703407
1502:30.15,93.08617234468937
1503:49.068,163.2004008016032
1504:29.176,91.86372745490982
1505:30.61,101.70741482965931
1506:39.596,122.86172344689379
1507:32.834,101.85370741482966
1508:44.494,131.65330661322645
1509:34.082,114.94789579158316
1510:39.536,118.05811623246493
1511:37.004,115.8997995991984
1512:46.41,168.2625250501002
1513:36.452,122.47695390781563
1514:32.714,102.58316633266533
1515:22.264,63.64729458917836
1516:28.366,83.36673346693387
1517:29.684,90.09819639278557
1518:27.924,88.15230460921843
1519:32.924,97.16032064128257
1520:32.892,111.65531062124248
1521:30.17,102.14629258517034
1522:32.098,96.59118236472946
1523:32.552,92.45490981963928
1524:37.268,114.12024048096193
1525:38.324,125.19038076152304
1526:38.606,122.38276553106212
1527:28.864,86.20841683366733
1528:36.564,110.6753507014028
1529:31.632,101.53507014028057
1530:32.834,106.57114228456913
1531:47.202,143.3687374749499
1532:42.554,134.67935871743487
1533:43.998,140.52705410821645
1534:41.5,132.40480961923848
1535:36.768,124.00601202404809
1536:35.408,114.38276553106212
1537:31.254,95.73547094188376
1538:38.84,117.71743486973948
1539:45.578,158.11422845691382
1540:50.822,174.54909819639278
1541:50.054,166.15430861723448
1542:55.506,191.11623246492985
1543:32.572,106.66933867735472
1544:37.61,111.6993987975952
1545:34.22,110.7374749498998
1546:32.978,104.58316633266533
1547:37.582,119.58917835671343
1548:31.658,91.24448897795591
1549:36.992,133.47094188376752
1550:63.704,200.6372745490982
1551:34.07,104.55711422845691
1552:51.228,172.75951903807615
1553:54.784,190.20240480961922
1554:41.544,138.34068136272546
1555:62.58,213.67735470941884
1556:42.504,138.87374749498997
1557:44.684,138.1442885771543
1558:36.394,109.80761523046093
1559:41.572,133.50300601202406
1560:32.0,108.44689378757515
1561:31.11,96.96793587174349
1562:35.194,109.26052104208416
1563:32.768,110.04809619238478
1564:26.85,76.65130260521042
1565:28.228,92.8376753507014
1566:33.586,116.81162324649299
1567:32.892,100.9879759519038
1568:30.518,97.62925851703407
1569:39.432,130.2825651302605
1570:47.002,147.44088176352705
1571:34.252,115.02204408817636
1572:34.74,113.50100200400801
1573:22.652,69.52905811623246
1574:18.268,50.95190380761523
1575:20.546,58.276553106212425
1576:20.248,56.99599198396793
1577:21.24,59.64328657314629
1578:20.688,54.44889779559118
1579:21.404,58.29258517034068
1580:27.338,81.02404809619239
1581:27.716,77.98396793587175
1582:52.836,157.49899799599197
1583:53.536,194.0741482965932
1584:57.032,192.3066132264529
1585:50.124,158.93386773547095
1586:41.816,135.8697394789579
1587:39.384,132.07815631262525
1588:62.35,208.37675350701403
1589:47.552,156.0420841683367
1590:52.216,175.9939879759519
1591:51.118,178.69739478957916
1592:46.37,158.75751503006012
1593:52.162,198.17234468937875
1594:58.834,214.73947895791582
1595:54.916,186.7695390781563
1596:38.14,127.37875751503006
1597:45.186,150.69739478957916
1598:62.59,221.98597194388776
1599:51.972,179.07014028056113
1600:47.396,163.99599198396794
1601:47.726,145.45090180360722
1602:47.148,143.66933867735472
1603:42.672,132.14028056112224
1604:41.042,130.30460921843687
1605:38.768,120.59118236472946
1606:33.656,115.8056112224449
1607:40.564,132.7815631262525
1608:47.706,167.69539078156313
1609:36.39,116.72144288577154
1610:43.968,130.50300601202406
1611:39.79,125.48897795591182
1612:38.306,118.56513026052104
1613:41.608,134.62324649298597
1614:48.414,152.70541082164328
1615:52.436,190.09619238476955
1616:58.354,209.69739478957916
1617:34.504,113.60721442885772
1618:30.568,99.99398797595191
1619:31.152,93.56513026052104
1620:49.71,168.59919839679358
1621:28.074,81.07815631262525
1622:25.916,81.8056112224449
1623:46.292,156.77555110220442
1624:54.396,182.7434869739479
1625:37.076,131.54909819639278
1626:47.69,165.8557114228457
1627:49.366,154.77755511022045
1628:44.372,145.33667334669337
1629:63.54,215.1202404809619
1630:44.014,141.10420841683367
1631:42.514,131.5811623246493
1632:26.218,85.32865731462925
1633:33.038,111.8817635270541
1634:34.726,106.18436873747495
1635:44.162,145.9759519038076
1636:38.246,120.85571142284569
1637:44.482,156.0881763527054
1638:41.556,123.61122244488978
1639:31.804,102.62925851703407
1640:37.182,122.05811623246493
1641:42.962,144.6112224448898
1642:43.874,153.65130260521042
1643:38.466,131.05410821643287
1644:37.48,118.44088176352706
1645:51.838,168.374749498998
1646:40.574,136.54509018036072
1647:40.398,130.91583166332666
1648:48.838,169.42284569138278
1649:41.294,131.19238476953907
1650:31.316,95.20440881763527
1651:28.304,89.93587174348697
1652:30.57,94.51703406813627
1653:19.402,54.11623246492986
1654:29.638,89.56312625250501
1655:44.396,136.30861723446893
1656:28.6,85.14428857715431
1657:25.392,75.0501002004008
1658:28.148,80.35871743486975
1659:23.946,64.86372745490982
1660:30.31,89.85170340681363
1661:21.368,61.48697394789579
1662:41.152,121.95390781563127
1663:35.54,113.62124248496994
1664:40.51,148.02605210420842
1665:34.872,103.60721442885772
1666:23.58,63.791583166332664
1667:38.066,119.37675350701403
1668:34.344,107.26452905811624
1669:40.27,127.27054108216433
1670:35.964,103.72545090180361
1671:38.12,120.25851703406813
1672:26.55,85.33867735470942
1673:49.8,169.3567134268537
1674:67.602,239.06412825651302
1675:66.54,244.60921843687376
1676:58.92,186.71943887775552
1677:34.542,119.51102204408818
1678:48.778,166.30861723446893
1679:41.244,131.31262525050101
1680:42.192,138.65931863727454
1681:31.854,101.74549098196393
1682:30.252,101.54709418837675
1683:46.496,175.90781563126254
1684:34.034,109.02004008016031
1685:34.64,131.3426853707415
1686:34.076,117.36072144288578
1687:38.456,124.87775551102204
1688:35.462,123.31062124248497
1689:43.224,130.5511022044088
1690:34.574,115.90981963927855
1691:37.666,125.88977955911824
1692:49.366,179.02605210420842
1693:33.72,113.92184368737475
1694:27.686,83.53907815631263
1695:31.282,101.2064128256513
1696:30.37,94.32865731462925
1697:47.468,142.7815631262525
1698:38.718,128.19639278557113
1699:34.196,111.4749498997996
1700:45.444,147.23446893787576
1701:44.522,142.6432865731463
1702:30.76,99.23246492985972
1703:37.146,115.49498997995993
1704:47.42,156.32264529058116
1705:46.102,145.66933867735472
1706:35.454,114.98196392785572
1707:48.636,146.6993987975952
1708:36.914,123.02204408817636
1709:30.784,91.80160320641282
1710:28.376,87.14629258517034
1711:27.432,85.45691382765531
1712:27.936,86.67134268537075
1713:32.616,108.72945891783567
1714:32.284,105.1002004008016
1715:38.938,124.57515030060121
1716:35.108,115.9559118236473
1717:34.068,108.71743486973948
1718:29.192,84.28857715430861
1719:37.968,119.88577154308618
1720:37.942,122.58316633266533
1721:32.064,96.56713426853707
1722:41.478,141.0561122244489
1723:46.42,145.05210420841684
1724:31.842,91.35270541082164
1725:32.8,106.66533066132264
1726:32.17,94.43286573146293
1727:33.504,104.03607214428858
1728:40.794,134.42084168336675
1729:26.188,79.71943887775551
1730:37.66,128.15230460921845
1731:38.848,118.87775551102204
1732:39.17,119.47895791583166
1733:51.71,176.97194388777555
1734:48.474,143.98797595190382
1735:46.466,155.01002004008015
1736:33.86,105.89579158316633
1737:32.996,101.49699398797596
1738:28.246,86.0440881763527
1739:36.438,109.97194388777555
1740:40.53,129.51703406813627
1741:36.588,120.75951903807615
1742:34.454,115.12024048096193
1743:42.982,128.30460921843687
1744:32.258,107.77354709418837
1745:38.17,125.39879759519039
1746:37.356,128.55911823647295
1747:26.372,86.68937875751503
1748:30.958,95.71142284569139
1749:39.6,128.11022044088176
1750:36.742,121.46893787575151
1751:49.508,159.68537074148296
1752:34.842,115.16032064128257
1753:30.232,91.23246492985972
1754:33.986,106.35270541082164
1755:42.11,149.9438877755511
1756:42.762,143.66332665330663
1757:44.992,153.78557114228457
1758:51.428,157.24649298597194
1759:43.95,151.43687374749499
1760:46.166,164.98997995991985
1761:40.928,130.5751503006012
1762:47.574,156.70140280561122
1763:37.21,125.41482965931864
1764:48.83,158.94188376753507
1765:39.402,135.80961923847696
1766:39.438,135.1002004008016
1767:49.416,160.5190380761523
1768:31.224,95.67935871743487
1769:37.526,114.71943887775551
1770:40.306,133.85771543086173
1771:32.346,110.03406813627255
1772:44.73,135.52304609218436
1773:38.102,120.28056112224449
1774:41.072,138.43887775551102
1775:41.554,142.2124248496994
1776:66.508,233.7374749498998
1777:50.514,170.01402805611224
1778:53.808,181.1683366733467
1779:48.87,182.77755511022045
1780:45.864,148.19839679358716
1781:41.37,135.0821643286573
1782:54.886,186.35270541082164
1783:68.326,281.87775551102203
1784:61.108,199.91583166332666
1785:62.742,200.02805611222445
1786:57.972,216.29659318637275
1787:42.98,148.99799599198397
1788:33.298,104.2064128256513
1789:38.26,118.06412825651303
1790:47.816,145.23446893787576
1791:27.196,81.97795591182364
1792:41.684,118.01402805611222
1793:29.546,85.38877755511022
1794:32.394,88.81362725450902
1795:27.772,84.12024048096193
1796:35.5,116.40881763527054
1797:29.66,85.59719438877755
1798:37.978,120.10821643286573
1799:34.432,94.41282565130261
1800:36.178,108.27655310621242
1801:44.46,139.42284569138278
1802:26.04,80.92985971943888
1803:35.332,107.18436873747495
1804:38.71,125.44088176352706
1805:34.068,105.39679358717434
1806:38.416,119.35470941883767
1807:53.912,167.62124248496994
1808:51.538,167.3927855711423
1809:39.618,126.2064128256513
1810:41.466,122.03807615230461
1811:37.258,119.69138276553106
1812:47.866,158.33066132264528
1813:32.846,105.81162324649299
1814:30.426,103.18837675350701
1815:28.542,91.37274549098197
1816:22.54,68.6432865731463
1817:35.63,100.21442885771543
1818:48.406,155.0821643286573
1819:34.13,106.8937875751503
1820:37.658,109.69338677354709
1821:34.492,107.9438877755511
1822:38.994,123.13426853707415
1823:43.648,152.30861723446893
1824:41.728,134.82164328657313
1825:39.432,130.06012024048096
1826:47.998,153.02204408817636
1827:52.4,177.64128256513027
1828:34.042,109.27454909819639
1829:32.216,99.4809619238477
1830:37.83,112.5370741482966
1831:40.878,139.07014028056113
1832:39.11,120.96993987975952
1833:47.318,160.64729458917836
1834:52.334,180.28456913827657
1835:44.364,138.59519038076152
1836:48.01,151.66332665330663
1837:55.892,193.83567134268537
1838:76.292,269.9158316633266
1839:74.57,278.08016032064126
1840:70.742,292.6693386773547
1841:67.566,236.91583166332666
1842:73.3,248.08617234468937
1843:71.216,275.56913827655313
1844:71.228,272.5811623246493
1845:62.672,218.26452905811624
1846:59.812,221.41082164328657
1847:69.368,260.2565130260521
1848:53.924,183.65931863727454
1849:58.54,209.7695390781563
1850:53.014,183.374749498998
1851:68.29,242.02805611222445
1852:74.962,322.88376753507015
1853:82.89,357.4869739478958
1854:74.614,264.3066132264529
1855:69.44,234.33066132264528
1856:68.802,237.33466933867734
1857:75.65,278.57715430861725
1858:78.172,338.43086172344687
1859:70.758,295.2384769539078
1860:64.552,216.65531062124248
1861:65.81,225.46693386773546
1862:66.848,265.5571142284569
1863:57.324,204.7074148296593
1864:64.378,210.79158316633266
1865:49.23,170.2685370741483
1866:63.512,208.82565130260522
1867:64.804,230.9438877755511
1868:52.068,183.14028056112224
1869:38.968,117.95190380761522
1870:46.494,145.23446893787576
1871:71.338,258.42084168336675
1872:61.586,205.8196392785571
1873:56.08,188.86773547094188
1874:48.748,170.21442885771543
1875:70.87,262.312625250501
1876:40.284,122.58717434869739
1877:62.76,226.5871743486974
1878:40.094,129.89178356713427
1879:49.738,166.11623246492985
1880:45.032,169.54108216432866
1881:44.398,148.75350701402806
1882:45.03,149.6492985971944
1883:64.52,194.41082164328657
1884:63.338,235.24849699398797
1885:51.056,169.45891783567134
1886:68.078,249.09619238476955
1887:61.174,197.55911823647295
1888:51.256,166.73346693386773
1889:61.996,191.4128256513026
1890:59.148,195.73346693386773
1891:62.86,210.3887775551102
1892:48.31,166.58316633266534
1893:52.198,160.9579158316633
1894:45.23,155.82364729458916
1895:51.62,176.54709418837675
1896:70.334,252.2004008016032
1897:67.128,225.89178356713427
1898:55.314,178.79158316633266
1899:39.136,127.42885771543087
1900:43.06,129.30861723446893
1901:51.766,175.71142284569137
1902:78.026,252.97995991983967
1903:59.262,201.72945891783567
1904:56.724,168.48897795591182
1905:63.41,217.15430861723448
1906:54.904,168.03006012024048
1907:62.802,216.5130260521042
1908:62.846,217.7434869739479
1909:54.038,176.52304609218436
1910:55.258,178.01002004008015
1911:64.268,213.22444889779558
1912:70.544,240.14629258517033
1913:74.764,263.49498997995994
1914:55.076,171.28056112224448
1915:61.352,211.31663326653307
1916:60.98,218.3186372745491
1917:63.948,236.18837675350701
1918:69.792,242.91583166332666
1919:62.274,222.7254509018036
1920:56.794,191.47695390781564
1921:48.526,163.30460921843687
1922:49.634,159.52304609218436
1923:47.354,164.71543086172343
1924:53.726,170.97995991983967
1925:57.752,170.88376753507015
1926:73.506,293.24448897795594
1927:51.686,180.75951903807615
1928:40.362,118.09619238476954
1929:44.816,154.43887775551102
1930:43.0,134.75350701402806
1931:40.202,148.5430861723447
1932:42.738,137.55310621242484
1933:59.126,193.27655310621242
1934:68.842,275.42885771543087
1935:66.776,219.27254509018036
1936:68.508,247.63326653306612
1937:73.054,318.94188376753505
1938:57.318,213.79158316633266
1939:51.282,161.59519038076152
1940:61.798,198.27855711422845
1941:71.818,259.7615230460922
1942:68.622,245.53507014028057
1943:71.078,232.5310621242485
1944:75.596,270.6673346693387
1945:49.898,172.9318637274549
1946:42.216,127.77955911823648
1947:54.41,183.81763527054107
1948:37.334,118.97995991983969
1949:64.492,243.02805611222445
1950:62.442,201.55310621242484
1951:50.398,171.82364729458916
1952:61.084,206.72745490981964
1953:55.68,214.23847695390782
1954:51.676,184.49899799599197
1955:49.312,175.33867735470943
1956:68.414,242.5250501002004
1957:65.876,229.5430861723447
1958:70.83,258.6492985971944
1959:71.466,279.4008016032064
1960:75.164,290.7675350701403
1961:70.238,268.4328657314629
1962:66.476,219.3567134268537
1963:75.59,311.3066132264529
1964:72.56,312.21643286573146
1965:64.914,225.29859719438878
1966:67.912,229.19238476953907
1967:55.246,198.52905811623248
1968:58.538,218.9178356713427
1969:64.666,228.74749498997997
1970:64.642,228.76553106212424
1971:69.73,242.2304609218437
1972:58.15,205.18637274549098
1973:57.2,186.9619238476954
1974:62.724,209.98396793587173
1975:75.55,285.8176352705411
1976:57.024,187.8196392785571
1977:68.1,248.76553106212424
1978:70.934,256.8076152304609
1979:76.056,296.00400801603206
1980:79.582,325.75551102204406
1981:69.356,244.124248496994
1982:77.168,278.8697394789579
1983:73.438,296.91983967935874
1984:71.27,259.46693386773546
1985:77.204,410.501002004008
1986:79.15,290.8617234468938
1987:69.726,264.31062124248496
1988:68.932,265.2625250501002
1989:71.864,329.2124248496994
1990:80.162,278.5270541082164
1991:73.572,288.24649298597194
1992:77.108,293.9799599198397
1993:68.884,248.45090180360722
1994:55.134,193.05811623246493
1995:70.922,255.02605210420842
1996:66.062,239.2825651302605
1997:51.532,157.29859719438878
1998:46.848,153.25851703406815
1999:55.478,174.42084168336675
2000:54.866,195.97995991983967
2001:56.432,190.81362725450902
2002:48.638,166.5751503006012
2003:44.182,153.50901803607215
2004:61.754,219.9058116232465
2005:45.556,152.89579158316633
2006:50.972,166.10420841683367
2007:54.874,192.91983967935872
2008:58.304,191.34068136272546
2009:60.592,222.2825651302605
2010:60.228,193.1623246492986
2011:56.716,198.86372745490982
2012:64.774,222.45490981963928
2013:64.656,238.124248496994
2014:48.102,165.68737474949899
2015:54.938,179.9438877755511
2016:70.856,264.4448897795591
2017:64.856,207.8316633266533
2018:53.3,171.2264529058116
2019:59.884,212.4629258517034
2020:45.06,147.8316633266533
2021:57.172,199.07815631262525
2022:72.48,251.41082164328657
2023:59.112,209.8376753507014
2024:68.1,290.47895791583164
2025:54.622,193.29859719438878
2026:71.446,287.67134268537075
2027:59.128,210.11022044088176
2028:74.556,266.2144288577154
2029:63.428,217.1202404809619
2030:71.344,253.45290581162325
2031:70.202,282.9498997995992
2032:57.7,198.33667334669337
2033:69.192,277.2805611222445
2034:49.222,167.37274549098197
2035:47.808,155.54108216432866
2036:55.866,189.0320641282565
2037:79.03,321.99799599198394
2038:78.124,285.76553106212424
2039:54.964,197.0180360721443
2040:39.86,133.7174348697395
2041:44.11,142.4569138276553
2042:37.446,129.17835671342687
2043:46.968,151.3627254509018
2044:36.164,123.4749498997996
2045:68.16,234.60320641282564
2046:67.106,216.01002004008015
2047:62.214,230.96392785571143
2048:54.594,167.11823647294588
2049:69.224,262.7755511022044
2050:72.318,302.8637274549098
2051:68.956,262.4448897795591
2052:70.604,253.2124248496994
2053:61.68,212.96392785571143
2054:75.874,309.4188376753507
2055:62.048,229.90380761523045
2056:66.6,248.4949899799599
2057:70.224,302.9719438877755
2058:76.138,301.87174348697397
2059:49.914,171.7074148296593
2060:48.642,166.2184368737475
2061:65.044,263.90380761523045
2062:69.314,238.20240480961922
2063:64.446,221.7555110220441
2064:50.992,168.10420841683367
2065:49.908,177.35270541082164
2066:47.89,166.76753507014027
2067:37.982,120.0440881763527
2068:45.7,142.14829659318636
2069:52.262,185.26052104208418
2070:48.052,148.73346693386773
2071:51.174,162.70340681362725
2072:48.09,165.46693386773546
2073:40.238,131.60921843687376
2074:37.396,128.2444889779559
2075:45.846,158.99599198396794
2076:35.144,110.90180360721443
2077:51.802,180.54509018036072
2078:54.324,197.8056112224449
2079:43.106,131.10821643286573
2080:45.352,153.96392785571143
2081:38.138,132.9058116232465
2082:50.224,159.9438877755511
2083:38.85,132.74549098196394
2084:45.058,142.44088176352705
2085:39.97,126.10220440881764
2086:49.842,173.3326653306613
2087:52.738,173.03006012024048
2088:49.628,166.9759519038076
2089:47.734,152.4448897795591
2090:74.398,256.23446893787576
2091:51.27,173.85170340681364
2092:40.48,132.4749498997996
2093:45.316,146.6813627254509
2094:50.944,181.44288577154308
2095:45.544,148.27655310621242
2096:52.274,181.2364729458918
2097:48.086,167.7134268537074
2098:51.32,179.09819639278558
2099:46.394,166.12224448897797
2100:50.726,162.9438877755511
2101:54.582,168.8436873747495
2102:50.464,172.5370741482966
2103:63.672,213.98997995991985
2104:70.528,249.69138276553107
2105:47.496,156.22044088176352
2106:46.086,160.4629258517034
2107:54.932,175.91382765531063
2108:63.536,238.13226452905812
2109:65.64,209.41082164328657
2110:50.892,166.02004008016033
2111:52.216,178.2865731462926
2112:59.1,187.78356713426854
2113:53.634,196.5430861723447
2114:51.672,164.6993987975952
2115:59.346,192.74549098196394
2116:55.402,182.3246492985972
2117:54.718,184.45090180360722
2118:64.642,215.90380761523045
2119:67.818,230.68737474949899
2120:58.676,189.23446893787576
2121:54.294,180.80761523046093
2122:58.456,198.7254509018036
2123:56.968,187.59519038076152
2124:36.152,116.91382765531063
2125:51.608,176.17234468937875
2126:28.366,86.47695390781563
2127:39.576,129.78557114228457
2128:35.032,119.28456913827655
2129:44.586,136.39478957915833
2130:63.42,197.4248496993988
2131:49.682,170.749498997996
2132:61.308,204.90180360721442
2133:61.508,214.09218436873746
2134:49.408,162.2004008016032
2135:57.898,199.51703406813627
2136:56.228,189.3987975951904
2137:67.182,244.38276553106212
2138:69.814,234.28857715430863
2139:51.248,158.3567134268537
2140:49.864,162.9178356713427
2141:41.442,136.96392785571143
2142:51.604,176.02004008016033
2143:64.734,219.92384769539078
2144:56.594,194.71943887775552
2145:53.244,183.67735470941884
2146:69.248,235.04008016032063
2147:67.662,270.3687374749499
2148:56.556,197.17234468937875
2149:59.514,208.82364729458916
2150:54.128,191.73947895791582
2151:49.552,156.6753507014028
2152:51.996,176.75751503006012
2153:44.884,154.59118236472946
2154:56.552,187.1803607214429
2155:50.764,167.59919839679358
2156:50.926,169.4488977955912
2157:40.404,145.77755511022045
2158:35.078,108.21442885771543
2159:57.628,183.12825651302606
2160:51.256,162.5430861723447
2161:36.934,128.90981963927857
2162:49.832,166.79559118236472
2163:52.272,177.02204408817636
2164:36.802,110.8056112224449
2165:42.804,139.74749498997997
2166:38.258,125.85571142284569
2167:41.216,131.39078156312624
2168:51.566,165.2825651302605
2169:63.738,199.66933867735472
2170:45.29,144.56513026052104
2171:53.468,174.77154308617236
2172:52.36,164.53907815631263
2173:49.664,160.92785571142284
2174:52.552,165.3006012024048
2175:47.65,154.80961923847696
2176:36.45,113.46693386773548
2177:59.468,191.01402805611224
2178:48.634,160.6192384769539
2179:63.544,203.21042084168337
2180:41.66,141.82364729458916
2181:41.08,129.50300601202406
2182:49.1,169.5751503006012
2183:43.84,145.71943887775552
2184:34.82,117.36472945891784
2185:25.06,86.3567134268537
2186:38.272,127.37274549098197
2187:36.548,124.09018036072145
2188:28.986,93.90581162324649
2189:29.172,103.81162324649299
2190:35.622,122.82565130260521
2191:51.728,182.57915831663325
2192:46.654,153.75350701402806
2193:62.426,233.85170340681364
2194:39.03,133.17434869739478
2195:44.48,154.02204408817636
2196:53.856,199.20440881763528
2197:38.57,122.68336673346694
2198:36.856,117.45290581162325
2199:34.618,112.69338677354709
2200:48.554,178.4308617234469
2201:36.946,123.93987975951904
2202:39.756,128.9118236472946
2203:43.672,134.99599198396794
2204:45.64,160.61322645290582
2205:41.99,141.1623246492986
2206:50.346,186.88376753507015
2207:56.18,201.65531062124248
2208:47.474,170.6813627254509
2209:68.162,224.34468937875752
2210:60.834,204.80761523046093
2211:54.534,185.07615230460922
2212:62.542,208.84969939879758
2213:52.85,186.7374749498998
2214:64.528,251.80360721442887
2215:42.574,141.42685370741484
2216:49.948,177.8196392785571
2217:44.78,148.91583166332666
2218:39.856,128.37074148296594
2219:44.566,135.46693386773546
2220:36.33,130.7254509018036
2221:37.014,110.35871743486975
2222:41.59,133.0741482965932
2223:42.148,142.75751503006012
2224:29.33,95.24849699398797
2225:41.362,148.22044088176352
2226:72.556,264.5731462925852
2227:62.67,196.22244488977955
2228:60.412,207.9438877755511
2229:56.488,195.73346693386773
2230:56.192,181.250501002004
2231:38.888,116.41683366733467
2232:57.84,192.1803607214429
2233:56.304,184.82565130260522
2234:53.632,159.50300601202406
2235:50.818,180.29859719438878
2236:45.428,149.2745490981964
2237:38.098,127.73547094188376
2238:33.226,109.50300601202404
2239:45.262,134.16432865731463
2240:43.478,138.0060120240481
2241:42.152,128.9258517034068
2242:47.208,169.94188376753507
2243:46.97,152.8617234468938
2244:56.016,181.4188376753507
2245:39.482,124.57515030060121
2246:25.794,75.77955911823648
2247:43.368,147.26452905811624
2248:26.994,78.97995991983969
2249:34.844,109.5370741482966
2250:35.792,125.88577154308618
2251:60.01,201.77755511022045
2252:39.268,135.88977955911824
2253:50.936,163.02004008016033
