0:61.55,443.9158316633266
1:66.092,422.0921843687375
2:66.48,437.10420841683367
3:73.804,376.6693386773547
4:73.97,326.18036072144287
5:65.468,394.37474949899797
6:66.418,347.61523046092185
7:64.198,258.26653306613224
8:67.338,280.77354709418836
9:58.47,230.66933867735472
10:63.232,447.10821643286573
11:72.606,323.2224448897796
12:76.786,345.39278557114227
13:77.932,280.9458917835671
14:73.146,333.434869739479
15:75.916,375.40480961923845
16:75.484,340.3246492985972
17:74.186,329.37675350701403
18:72.3,386.2605210420842
19:68.954,409.1362725450902
20:71.71,404.26653306613224
21:69.89,408.37675350701403
22:70.788,369.6192384769539
23:72.35,341.06012024048096
24:74.792,376.52304609218436
25:71.898,414.08817635270543
26:72.03,307.749498997996
27:75.058,362.33867735470943
28:69.006,334.81963927855713
29:67.038,400.8416833667335
30:69.972,425.2785571142285
31:72.676,379.70941883767534
32:69.092,399.88577154308615
33:68.28,394.1943887775551
34:74.352,356.9619238476954
35:64.74,240.50901803607215
36:75.862,351.15430861723445
37:69.934,403.79158316633266
38:71.858,260.8897795591182
39:70.862,259.9799599198397
40:70.022,409.7394789579158
41:71.184,306.73547094188376
42:67.354,360.248496993988
43:76.108,316.5110220440882
44:69.452,348.70941883767534
45:69.524,278.58917835671343
46:67.328,284.6933867735471
47:72.918,309.2004008016032
48:71.056,283.9258517034068
49:73.622,346.5871743486974
50:68.682,263.9619238476954
51:69.648,295.6953907815631
52:67.64,350.8697394789579
53:70.054,317.3066132264529
54:74.252,313.3887775551102
55:71.122,304.44689378757516
56:80.526,376.4148296593186
57:76.44,329.87374749498997
58:76.484,417.89178356713427
59:66.898,449.5170340681363
60:66.862,442.1482965931864
61:70.792,420.24649298597194
62:69.13,397.67935871743487
63:69.244,270.4008016032064
64:59.52,215.2745490981964
65:64.538,243.42284569138278
66:57.844,225.98797595190382
67:67.29,269.59519038076155
68:60.3,231.50300601202406
69:71.624,257.11422845691385
70:69.926,243.11422845691382
71:72.02,274.4068136272545
72:71.072,296.2324649298597
73:63.628,232.33066132264528
74:68.504,264.22845691382764
75:66.906,226.63527054108218
76:58.694,209.31062124248496
77:61.36,230.30460921843687
78:65.712,233.74148296593185
79:65.864,241.53306613226454
80:69.814,245.3687374749499
81:65.292,223.00400801603206
82:48.266,178.94589178356713
83:59.514,234.10821643286573
84:64.756,216.95991983967937
85:68.562,289.68937875751504
86:53.76,178.67935871743487
87:54.43,194.3426853707415
88:62.48,227.58917835671343
89:69.066,268.2004008016032
90:62.686,239.4248496993988
91:71.804,266.3346693386774
92:69.422,292.36472945891785
93:67.386,249.79759519038078
94:58.304,220.124248496994
95:61.53,224.9619238476954
96:60.744,207.82965931863728
97:51.35,186.05410821643287
98:61.25,245.5050100200401
99:67.166,251.20841683366734
100:61.088,237.35470941883767
101:64.772,244.3627254509018
102:55.544,203.04408817635272
103:64.648,226.37875751503006
104:56.28,200.16032064128257
105:56.784,196.99599198396794
106:40.682,140.80360721442887
107:54.152,187.72945891783567
108:57.472,208.62925851703406
109:67.9,256.7995991983968
110:67.956,233.5430861723447
111:62.692,233.6072144288577
112:54.366,183.22044088176352
113:65.87,249.29058116232466
114:68.026,254.14829659318636
115:55.73,205.28456913827657
116:71.854,317.75350701402806
117:72.21,332.7675350701403
118:68.718,262.8436873747495
119:61.606,263.5490981963928
120:67.574,258.5671342685371
121:59.672,216.12625250501003
122:57.022,226.84769539078155
123:60.13,211.14629258517033
124:59.304,224.59118236472946
125:53.664,178.72344689378758
126:49.938,185.86773547094188
127:65.692,238.43887775551102
128:62.456,224.78957915831663
129:68.682,243.03406813627254
130:77.734,342.30861723446895
131:61.818,235.27855711422845
132:62.152,229.39078156312624
133:72.704,252.22444889779558
134:65.122,251.54909819639278
135:49.718,156.4488977955912
136:56.846,207.30861723446893
137:64.734,244.19038076152304
138:58.344,217.51503006012024
139:57.794,208.39078156312624
140:56.854,193.18637274549098
141:61.932,258.62725450901803
142:51.178,196.66332665330663
143:51.152,164.48496993987976
144:51.414,180.82164328657313
145:45.914,163.2364729458918
146:45.056,158.51503006012024
147:55.96,213.8376753507014
148:55.63,204.97795591182364
149:50.844,180.64128256513027
150:45.022,155.71142284569137
151:58.302,218.55911823647295
152:64.788,221.0681362725451
153:45.566,163.124248496994
154:59.156,211.00400801603206
155:52.166,179.47695390781564
156:48.632,165.52705410821645
157:40.314,153.58917835671343
158:61.286,208.0060120240481
159:67.838,249.97194388777555
160:69.714,281.02204408817636
161:68.33,303.5991983967936
162:70.688,254.99599198396794
163:62.932,232.14228456913827
164:64.06,223.11422845691382
165:44.616,162.43887775551102
166:52.0,203.43887775551102
167:57.69,244.39478957915833
168:70.874,280.60320641282567
169:59.11,205.20440881763528
170:64.06,235.7174348697395
171:57.72,209.50901803607215
172:49.286,171.43887775551102
173:56.55,217.50100200400803
174:40.478,133.875751503006
175:43.06,145.36472945891782
176:37.636,129.98997995991985
177:52.194,183.54709418837675
178:41.822,140.7134268537074
179:51.268,190.8877755511022
180:46.806,169.0240480961924
181:66.3,236.08416833667334
182:60.172,210.4248496993988
183:61.966,221.78557114228457
184:50.268,180.6012024048096
185:61.504,229.88176352705412
186:58.41,220.23246492985973
187:63.212,240.7374749498998
188:67.206,247.48897795591182
189:66.794,288.0080160320641
190:64.27,250.18436873747495
191:62.434,238.31663326653307
192:64.492,233.76553106212424
193:54.152,195.98597194388776
194:64.026,230.14629258517033
195:50.744,172.22244488977955
196:54.546,185.41683366733466
197:40.89,141.95390781563125
198:57.664,209.56513026052104
199:52.014,181.65531062124248
200:52.13,189.96392785571143
201:34.41,120.95190380761522
202:49.132,165.84769539078155
203:52.932,197.5931863727455
204:53.322,203.03607214428857
205:56.184,202.6933867735471
206:55.396,195.7695390781563
207:52.872,189.6372745490982
208:50.986,180.76753507014027
209:40.856,157.31663326653307
210:49.588,177.61322645290582
211:50.544,185.9939879759519
212:46.936,160.69539078156313
213:75.812,333.4068136272545
214:63.938,265.8557114228457
215:59.46,257.7254509018036
216:64.96,286.08817635270543
217:60.722,414.2605210420842
218:67.838,387.6653306613226
219:67.644,324.98396793587176
220:61.198,296.32064128256513
221:72.986,345.6012024048096
222:68.282,286.935871743487
223:66.224,294.3947895791583
224:70.076,313.2404809619238
225:72.236,370.5290581162325
226:62.556,221.77154308617236
227:68.824,322.5090180360721
228:72.54,354.1362725450902
229:69.008,309.25450901803606
230:72.226,404.94789579158316
231:67.95,323.7955911823647
232:64.268,263.9498997995992
233:73.4,337.563126252505
234:58.856,257.16032064128257
235:63.696,273.57715430861725
236:68.79,284.8677354709419
237:65.492,271.19639278557116
238:70.63,342.58917835671343
239:70.316,340.72745490981964
240:70.884,395.7995991983968
241:73.962,332.52304609218436
242:67.484,320.37274549098197
243:62.452,259.7675350701403
244:76.262,359.71543086172346
245:72.988,337.7114228456914
246:65.922,288.90180360721445
247:79.882,359.4749498997996
248:70.612,293.06012024048096
249:70.4,352.6933867735471
250:77.778,326.75551102204406
251:68.37,287.9258517034068
252:66.966,372.57915831663325
253:69.26,402.54108216432866
254:72.946,358.5110220440882
255:63.944,439.9879759519038
256:56.618,448.10420841683367
257:53.276,474.44689378757516
258:59.93,467.2865731462926
259:63.414,450.2384769539078
260:48.56,499.7054108216433
261:51.054,492.3426853707415
262:49.788,493.29058116232466
263:58.094,468.37675350701403
264:62.406,465.3507014028056
265:53.972,457.4889779559118
266:58.554,474.0200400801603
267:63.214,434.9178356713427
268:70.226,393.24649298597194
269:71.488,428.7795591182365
270:61.526,448.3446893787575
271:72.968,405.96593186372746
272:68.064,405.6633266533066
273:60.98,444.6192384769539
274:70.884,418.5310621242485
275:64.522,432.55110220440883
276:72.024,329.03206412825654
277:72.164,307.21643286573146
278:69.524,355.3987975951904
279:66.408,418.77354709418836
280:59.51,440.501002004008
281:44.368,507.935871743487
282:60.94,405.24649298597194
283:50.456,484.5390781563126
284:67.672,411.2044088176353
285:56.448,484.52304609218436
286:63.408,438.6813627254509
287:50.016,495.6112224448898
288:63.292,419.70941883767534
289:69.166,400.4509018036072
290:68.182,394.0380761523046
291:65.736,402.53306613226454
292:67.712,408.1663326653307
293:64.718,407.8356713426854
294:68.772,340.14228456913827
295:62.192,274.37675350701403
296:53.054,477.1683366733467
297:67.77,410.3627254509018
298:66.064,373.12424849699397
299:66.156,441.76553106212424
300:68.044,367.8176352705411
301:71.216,411.5490981963928
302:61.452,429.96793587174346
303:72.704,330.6553106212425
304:60.6,448.85771543086173
305:67.444,382.6292585170341
306:65.454,439.43086172344687
307:69.08,322.90981963927857
308:63.562,465.74549098196394
309:70.878,407.53306613226454
310:74.434,397.9939879759519
311:71.658,386.21643286573146
312:58.752,448.65330661322645
313:41.656,530.9338677354709
314:61.086,464.9458917835671
315:67.532,413.28256513026054
316:55.148,497.9078156312625
317:63.62,443.69138276553105
318:69.988,413.13426853707415
319:65.452,383.12825651302603
320:68.152,294.8517034068136
321:53.056,496.64328657314627
322:45.93,496.59519038076155
323:63.038,445.22645290581164
324:52.46,475.61723446893785
325:62.242,446.03406813627254
326:55.664,482.6452905811623
327:63.792,425.3366733466934
328:65.956,447.0180360721443
329:53.994,487.13426853707415
330:46.782,514.3867735470942
331:70.702,422.5130260521042
332:60.05,438.17234468937875
333:65.812,361.1503006012024
334:61.636,427.2745490981964
335:59.828,451.91983967935874
336:59.458,463.21042084168334
337:62.454,450.99599198396794
338:53.06,494.5390781563126
339:56.126,468.7014028056112
340:59.948,468.4609218436874
341:59.904,460.47895791583164
342:72.702,400.18036072144287
343:53.0,504.75551102204406
344:60.32,453.6012024048096
345:46.178,515.8517034068136
346:69.17,409.42084168336675
347:58.764,461.2184368737475
348:57.616,471.25450901803606
349:65.928,436.4629258517034
350:70.746,335.0501002004008
351:67.056,430.55911823647295
352:67.072,413.1663326653307
353:66.926,446.0861723446894
354:72.768,404.6633266533066
355:61.918,447.2324649298597
356:62.768,418.70741482965934
357:66.226,422.95991983967934
358:74.22,336.05210420841684
359:72.73,297.7014028056112
360:70.794,372.3166332665331
361:67.64,382.61723446893785
362:70.646,336.8677354709419
363:59.45,465.76352705410824
364:68.166,348.44889779559117
365:71.854,392.2404809619238
366:74.102,401.78356713426854
367:68.944,369.23647294589176
368:66.572,411.34068136272543
369:66.49,356.89579158316633
370:64.686,406.9819639278557
371:73.69,410.58917835671343
372:67.458,312.67334669338675
373:72.114,363.20841683366734
374:61.776,414.7975951903808
375:66.922,422.3607214428858
376:65.436,438.12424849699397
377:65.524,364.0921843687375
378:67.774,297.36472945891785
379:69.77,375.5871743486974
380:70.716,395.0440881763527
381:62.362,449.12224448897797
382:69.358,375.5270541082164
383:72.502,391.2004008016032
384:67.89,427.22845691382764
385:68.59,391.7695390781563
386:72.286,350.3446893787575
387:55.104,468.8677354709419
388:71.036,348.2685370741483
389:69.69,388.44088176352705
390:71.4,359.65931863727457
391:68.162,377.82164328657313
392:71.964,388.09619238476955
393:56.638,476.5390781563126
394:54.798,481.3807615230461
395:67.958,297.17234468937875
396:74.862,351.92184368737475
397:73.926,350.06012024048096
398:69.242,330.92785571142286
399:71.834,311.4609218436874
400:73.458,396.44689378757516
401:72.916,379.6553106212425
402:76.35,425.0180360721443
403:74.004,372.0861723446894
404:72.562,310.59519038076155
405:66.26,417.9318637274549
406:71.41,376.2024048096192
407:70.042,312.07214428857714
408:63.132,243.07014028056113
409:60.882,444.2745490981964
410:67.302,416.44088176352705
411:56.526,461.1503006012024
412:50.686,500.74549098196394
413:69.158,410.4729458917836
414:71.324,358.1643286573146
415:65.306,402.66132264529057
416:72.786,293.6573146292585
417:77.6,350.685370741483
418:72.38,375.5250501002004
419:65.432,423.7414829659319
420:79.194,355.03406813627254
421:68.386,291.89178356713427
422:76.602,298.02404809619236
423:69.926,370.2565130260521
424:73.314,340.0360721442886
425:75.074,369.94789579158316
426:72.388,298.6312625250501
427:71.578,318.7995991983968
428:78.882,365.98597194388776
429:70.206,393.6573146292585
430:71.05,386.34869739478955
431:62.162,461.5571142284569
432:72.692,348.96793587174346
433:74.014,272.5270541082164
434:69.244,274.92785571142286
435:71.616,345.3807615230461
436:67.11,281.27054108216436
437:67.056,297.0861723446894
438:72.504,321.685370741483
439:73.304,373.9138276553106
440:65.684,278.87174348697397
441:69.894,290.87374749498997
442:70.216,294.2865731462926
443:70.93,414.0741482965932
444:70.036,288.0541082164329
445:67.966,276.74749498997994
446:75.41,387.44088176352705
447:74.028,323.9639278557114
448:66.198,280.0761523046092
449:62.674,259.749498997996
450:72.84,356.2244488977956
451:62.434,256.9939879759519
452:53.852,205.62124248496994
453:69.188,269.0120240480962
454:70.31,278.501002004008
455:69.904,320.09619238476955
456:74.572,305.6633266533066
457:73.47,302.1663326653307
458:68.13,318.07815631262525
459:74.234,325.0
460:71.138,312.3186372745491
461:67.334,266.8376753507014
462:70.308,316.2565130260521
463:69.508,413.25250501002006
464:77.576,370.43887775551104
465:66.504,421.3947895791583
466:74.886,352.7855711422846
467:71.598,338.5470941883768
468:70.358,339.35871743486973
469:70.474,397.72945891783564
470:74.012,393.4549098196393
471:71.614,438.6212424849699
472:65.882,441.75551102204406
473:72.652,411.01402805611224
474:45.872,504.8637274549098
475:69.608,410.1002004008016
476:71.608,361.2044088176353
477:71.868,292.0841683366734
478:69.524,285.2124248496994
479:72.284,308.64128256513027
480:66.692,384.56913827655313
481:43.296,525.2625250501002
482:63.264,442.31062124248496
483:68.7,417.33867735470943
484:67.61,416.30060120240483
485:69.57,374.3687374749499
486:60.626,451.2765531062124
487:67.57,425.66132264529057
488:71.008,430.70941883767534
489:65.338,414.52104208416836
490:75.064,411.30861723446895
491:65.442,411.6192384769539
492:62.932,452.5450901803607
493:69.558,374.6212424849699
494:45.6,519.0360721442886
495:66.32,419.2625250501002
496:77.04,399.9639278557114
497:69.662,408.2565130260521
498:73.772,419.44889779559117
499:74.334,335.54108216432866
500:68.622,437.85971943887773
501:68.608,389.12224448897797
502:69.966,357.9819639278557
503:70.954,281.4549098196393
504:64.54,232.84969939879758
505:72.214,276.74749498997994
506:63.574,279.45891783567134
507:69.866,335.8817635270541
508:61.634,203.56312625250501
509:68.938,281.67735470941886
510:66.482,396.0360721442886
511:70.562,367.5470941883768
512:67.444,395.2625250501002
513:72.108,394.02404809619236
514:65.078,409.78356713426854
515:72.068,435.82965931863725
516:77.33,362.5130260521042
517:59.35,467.78957915831666
518:62.756,459.6813627254509
519:64.482,445.42284569138275
520:62.386,448.26452905811624
521:60.82,430.2885771543086
522:69.446,396.1823647294589
523:75.064,410.5370741482966
524:70.048,339.565130260521
525:65.152,294.4448897795591
526:71.816,292.75551102204406
527:74.232,308.39278557114227
528:73.8,286.5551102204409
529:71.6,372.0501002004008
530:65.476,247.12825651302606
531:70.842,290.7034068136273
532:77.972,366.88376753507015
533:70.396,324.5190380761523
534:66.496,331.7815631262525
535:66.868,393.6212424849699
536:65.834,437.0200400801603
537:69.978,325.47895791583164
538:68.256,357.8677354709419
539:73.342,313.0561122244489
540:68.926,288.46693386773546
541:64.084,272.2024048096192
542:70.238,324.97595190380764
543:70.27,348.2064128256513
544:70.506,371.46693386773546
545:75.888,326.4248496993988
546:68.032,353.07014028056113
547:75.65,327.32064128256513
548:79.246,344.937875751503
549:76.718,372.0821643286573
550:68.396,385.71743486973946
551:73.254,366.0380761523046
552:74.0,340.67134268537075
553:71.534,324.08016032064126
554:77.712,309.74549098196394
555:70.11,284.90380761523045
556:68.808,356.99799599198394
557:67.052,340.5270541082164
558:65.53,328.0280561122245
559:66.72,420.87174348697397
560:56.298,458.87374749498997
561:70.97,399.98396793587176
562:72.788,388.17835671342687
563:66.472,427.8637274549098
564:69.354,420.0501002004008
565:74.994,410.1663326653307
566:48.992,517.436873747495
567:66.35,405.06012024048096
568:62.576,435.19639278557116
569:64.41,450.8557114228457
570:51.986,487.8897795591182
571:52.49,481.13426853707415
572:59.376,457.69739478957916
573:72.858,399.84769539078155
574:41.602,530.3026052104209
575:63.476,459.6492985971944
576:52.01,503.3346693386774
577:54.106,484.5731462925852
578:33.892,550.8436873747495
579:56.252,482.29058116232466
580:68.04,383.8076152304609
581:62.914,456.02404809619236
582:58.334,480.0100200400802
583:61.606,386.6693386773547
584:69.504,324.2685370741483
585:68.76,308.74749498997994
586:71.656,366.9158316633266
587:72.522,408.2785571142285
588:73.002,385.35671342685373
589:73.014,399.55911823647295
590:57.134,448.2404809619238
591:47.082,523.5791583166333
592:59.048,460.32865731462925
593:66.626,410.56913827655313
594:70.012,353.7875751503006
595:67.834,372.51503006012024
596:64.332,433.67334669338675
597:67.344,388.55310621242484
598:69.434,407.90380761523045
599:61.32,446.3887775551102
600:62.776,455.248496993988
601:72.68,407.25250501002006
602:67.52,411.76553106212424
603:74.344,372.40280561122245
604:78.434,332.39679358717433
605:72.746,297.34869739478955
606:72.412,381.21643286573146
607:75.262,341.6292585170341
608:72.604,355.4689378757515
609:71.634,340.14629258517033
610:72.794,344.89579158316633
611:71.114,351.90380761523045
612:72.636,365.34068136272543
613:69.922,389.67334669338675
614:72.884,370.8176352705411
615:70.47,383.91983967935874
616:58.986,479.71743486973946
617:64.974,413.8557114228457
618:82.274,322.87174348697397
619:69.188,387.80360721442884
620:62.192,448.85971943887773
621:68.288,347.5370741482966
622:67.474,423.1102204408818
623:72.468,403.501002004008
624:73.356,411.6112224448898
625:73.58,386.17234468937875
626:70.546,356.30861723446895
627:66.806,402.02204408817636
628:63.552,460.7755511022044
629:69.618,373.9919839679359
630:69.394,350.1122244488978
631:56.184,483.62324649298597
632:68.438,431.44088176352705
633:65.44,402.2625250501002
634:66.894,424.2685370741483
635:56.762,459.9639278557114
636:66.922,446.2204408817635
637:68.786,422.5571142284569
638:69.772,387.30260521042084
639:71.166,381.0380761523046
640:68.896,420.12424849699397
641:62.998,441.64128256513027
642:73.95,419.14629258517033
643:60.844,453.67735470941886
644:68.144,417.48496993987976
645:59.56,477.12625250501003
646:46.888,513.503006012024
647:63.034,446.84769539078155
648:65.366,409.2585170340681
649:46.214,507.09619238476955
650:54.352,480.96593186372746
651:58.404,484.15230460921845
652:62.956,457.15430861723445
653:47.928,513.2625250501002
654:49.482,503.1322645290581
655:57.332,462.87374749498997
656:46.198,513.7655310621243
657:57.372,461.8617234468938
658:43.866,515.8937875751503
659:67.748,436.4068136272545
660:71.502,413.8677354709419
661:66.018,419.6452905811623
662:55.898,472.02404809619236
663:58.198,479.97595190380764
664:61.412,469.2424849699399
665:63.43,449.90180360721445
666:59.386,462.3346693386774
667:44.982,518.3687374749499
668:52.466,468.42284569138275
669:57.604,477.9498997995992
670:53.826,484.50300601202406
671:72.324,404.8376753507014
672:48.406,503.0460921843687
673:50.264,498.2785571142285
674:57.488,479.91983967935874
675:68.598,408.32865731462925
676:68.854,359.7254509018036
677:69.878,422.32064128256513
678:62.806,456.74549098196394
679:63.042,459.935871743487
680:61.674,460.42885771543087
681:66.658,436.25450901803606
682:59.712,447.2765531062124
683:59.964,478.55310621242484
684:48.89,503.4729458917836
685:66.852,389.3947895791583
686:54.908,480.87575150300603
687:60.82,446.4128256513026
688:45.256,515.0541082164328
689:56.574,472.32865731462925
690:57.184,467.1923847695391
691:57.932,460.8156312625251
692:47.74,506.1683366733467
693:54.454,467.55911823647295
694:48.488,494.80961923847696
695:71.82,432.2605210420842
696:56.022,481.3807615230461
697:61.702,440.8496993987976
698:61.21,455.6813627254509
699:52.424,489.062124248497
700:59.046,461.12825651302603
701:68.734,396.91983967935874
702:72.632,384.565130260521
703:63.832,443.95791583166334
704:70.188,395.1202404809619
705:69.164,370.5250501002004
706:64.042,441.76352705410824
707:48.688,508.65330661322645
708:61.922,453.00400801603206
709:57.516,462.75350701402806
710:61.904,449.0480961923848
711:54.722,473.5490981963928
712:65.024,396.2384769539078
713:43.37,522.3426853707415
714:65.238,436.10420841683367
715:58.088,471.1482965931864
716:62.92,448.85971943887773
717:54.952,488.0300601202405
718:44.304,501.6633266533066
719:65.73,418.7014028056112
720:57.116,461.21643286573146
721:60.404,451.7595190380762
722:63.744,438.3947895791583
723:70.81,428.30060120240483
724:57.48,449.1442885771543
725:54.868,475.6933867735471
726:54.912,469.9498997995992
727:40.32,537.1503006012024
728:43.742,524.7995991983968
729:33.394,565.6633266533066
730:40.64,540.685370741483
731:43.49,521.8196392785571
732:44.584,507.6372745490982
733:39.706,540.3967935871743
734:50.626,498.8356713426854
735:64.846,446.94789579158316
736:63.424,467.07214428857714
737:50.512,496.3887775551102
738:51.084,500.7955911823647
739:65.202,458.2965931863727
740:43.752,515.7294589178357
741:51.206,490.4829659318637
742:34.01,551.2424849699398
743:32.022,560.060120240481
744:40.564,529.8356713426854
745:49.276,496.6673346693387
746:32.02,551.9819639278558
747:46.272,526.8056112224449
748:49.226,501.83967935871743
749:45.576,516.5671342685371
750:44.434,522.6212424849699
751:43.278,523.1743486973947
752:56.928,475.6372745490982
753:65.286,415.59519038076155
754:70.808,400.61723446893785
755:58.074,472.563126252505
756:47.71,515.4088176352706
757:72.364,418.62725450901803
758:63.368,451.8897795591182
759:53.478,489.8256513026052
760:60.488,458.4909819639279
761:69.362,397.11422845691385
762:64.392,454.61723446893785
763:53.744,467.96593186372746
764:72.156,409.6653306613226
765:68.52,420.3867735470942
766:64.66,433.8517034068136
767:57.472,462.47895791583164
768:55.074,489.38276553106215
769:57.506,490.3366733466934
770:57.86,481.8937875751503
771:38.932,543.875751503006
772:51.736,511.71743486973946
773:57.448,478.90380761523045
774:62.64,424.7114228456914
775:57.484,461.7795591182365
776:48.148,503.27254509018036
777:43.742,515.1523046092184
778:45.896,521.3807615230461
779:51.392,499.0260521042084
780:50.866,477.9058116232465
781:56.192,458.2064128256513
782:53.744,483.0681362725451
783:54.734,457.6673346693387
784:56.02,492.3326653306613
785:71.224,401.28456913827654
786:63.234,448.5130260521042
787:69.606,385.87575150300603
788:62.236,452.82765531062125
789:70.22,390.50501002004006
790:78.404,393.4268537074148
791:77.264,361.76553106212424
792:68.268,424.27254509018036
793:70.312,376.27254509018036
794:71.452,398.0501002004008
795:66.176,391.2565130260521
796:74.768,369.02204408817636
797:77.852,391.4448897795591
798:71.756,345.78957915831666
799:67.866,372.69138276553105
800:64.704,392.35270541082167
801:69.374,400.6312625250501
802:73.448,405.3446893787575
803:69.076,404.8176352705411
804:72.964,388.5270541082164
805:68.444,389.07014028056113
806:73.314,341.22645290581164
807:73.566,366.1683366733467
808:61.806,481.21643286573146
809:68.218,437.1763527054108
810:69.188,401.7855711422846
811:70.928,288.21042084168334
812:67.78,271.3867735470942
813:79.618,373.8176352705411
814:73.002,332.8416833667335
815:68.016,273.314629258517
816:68.582,313.3066132264529
817:70.134,264.38476953907815
818:78.114,298.8376753507014
819:75.802,298.6392785571142
820:52.794,185.02204408817636
821:76.522,296.2585170340681
822:71.42,316.8356713426854
823:69.03,277.12625250501003
824:61.028,228.43687374749499
825:67.666,237.95591182364728
826:71.712,344.8697394789579
827:67.374,258.52304609218436
828:57.806,210.43286573146293
829:71.71,299.6633266533066
830:60.13,230.45891783567134
831:75.416,298.248496993988
832:70.86,324.3446893787575
833:70.368,284.5110220440882
834:69.58,272.0180360721443
835:65.122,250.3186372745491
836:65.998,246.7935871743487
837:64.878,315.1322645290581
838:67.93,237.7735470941884
839:58.926,217.12825651302606
840:66.2,282.0180360721443
841:60.1,241.05811623246493
842:68.802,273.74549098196394
843:55.608,219.83967935871743
844:74.238,341.2625250501002
845:63.208,222.73947895791582
846:61.306,218.12224448897797
847:63.956,273.9939879759519
848:64.504,257.20841683366734
849:52.338,199.47895791583167
850:63.538,252.82164328657313
851:69.512,387.8356713426854
852:71.152,305.03206412825654
853:57.35,196.69539078156313
854:70.454,262.1022044088176
855:67.9,257.57915831663325
856:65.242,233.73547094188376
857:70.418,309.1663326653307
858:60.474,217.90180360721442
859:57.41,188.62324649298597
860:69.28,250.76753507014027
861:72.49,334.6112224448898
862:72.796,329.2605210420842
863:72.424,275.9559118236473
864:61.98,256.0460921843687
865:68.608,249.88176352705412
866:66.586,242.97394789579158
867:78.616,289.85971943887773
868:68.914,257.2124248496994
869:69.724,337.3627254509018
870:72.696,352.3607214428858
871:71.92,275.0080160320641
872:73.656,277.7795591182365
873:78.464,307.37474949899797
874:68.818,307.250501002004
875:71.758,315.9939879759519
876:70.478,282.9539078156313
877:73.53,275.37474949899797
878:78.148,342.74549098196394
879:74.972,306.2745490981964
880:69.14,295.80360721442884
881:74.26,297.86573146292585
882:72.43,291.12224448897797
883:53.14,183.8056112224449
884:68.102,303.6953907815631
885:50.522,177.08617234468937
886:53.346,192.2184368737475
887:53.864,186.3426853707415
888:63.592,238.74549098196394
889:64.308,237.96993987975952
890:53.156,201.35470941883767
891:54.224,187.03607214428857
892:59.78,227.82565130260522
893:66.072,254.51102204408818
894:72.786,303.72945891783564
895:75.064,309.59118236472943
896:81.672,371.60320641282567
897:66.374,417.2945891783567
898:65.91,288.7034068136273
899:72.154,411.8677354709419
900:68.728,423.74549098196394
901:76.82,373.8997995991984
902:56.192,494.00200400801606
903:69.072,416.8236472945892
904:62.734,432.064128256513
905:67.32,430.7214428857715
906:74.36,390.02204408817636
907:76.636,347.5090180360721
908:66.08,282.71543086172346
909:74.694,331.5571142284569
910:75.81,362.7815631262525
911:66.662,232.84569138276552
912:69.242,264.9899799599198
913:67.066,258.59719438877755
914:71.904,334.37274549098197
915:63.724,245.1683366733467
916:71.612,344.7695390781563
917:65.488,252.49699398797594
918:70.982,296.12224448897797
919:76.858,357.61723446893785
920:72.79,422.98597194388776
921:70.538,341.92785571142286
922:64.384,428.5551102204409
923:59.574,461.9458917835671
924:69.868,399.064128256513
925:55.902,471.63326653306615
926:62.91,450.20841683366734
927:71.034,400.1743486973948
928:71.286,397.38276553106215
929:73.294,384.6012024048096
930:62.222,443.3446893787575
931:60.5,444.37474949899797
932:76.16,383.3627254509018
933:71.762,376.34869739478955
934:69.04,388.5671342685371
935:71.856,385.86573146292585
936:72.016,379.8517034068136
937:77.752,355.6452905811623
938:69.4,420.6312625250501
939:70.544,398.4529058116232
940:78.1,396.8256513026052
941:69.892,367.42885771543087
942:73.988,394.33867735470943
943:78.386,339.36673346693385
944:76.19,348.4689378757515
945:76.13,379.18036072144287
946:75.15,382.7034068136273
947:71.79,356.8677354709419
948:74.416,387.7995991983968
949:69.556,324.8416833667335
950:75.342,354.9619238476954
951:71.186,352.2024048096192
952:81.932,348.89579158316633
953:69.794,391.0200400801603
954:69.256,418.1743486973948
955:73.74,366.82164328657313
956:70.978,410.30861723446895
957:71.648,380.186372745491
958:68.056,281.80360721442884
959:60.166,453.9138276553106
960:75.124,342.5090180360721
961:67.656,273.32264529058114
962:60.878,244.70140280561122
963:69.448,267.14629258517033
964:74.222,369.5571142284569
965:68.242,393.03406813627254
966:63.872,262.7434869739479
967:74.788,394.3507014028056
968:74.32,339.5190380761523
969:60.624,220.0
970:64.274,243.60921843687376
971:68.432,303.47895791583164
972:70.07,269.65130260521045
973:70.128,326.12625250501003
974:64.27,242.5430861723447
975:67.886,306.4809619238477
976:68.436,273.2965931863727
977:72.708,302.67134268537075
978:67.064,255.3927855711423
979:69.36,367.62725450901803
980:70.232,308.9238476953908
981:62.91,241.52905811623248
982:70.97,322.3426853707415
983:72.498,293.84769539078155
984:64.984,269.90380761523045
985:70.486,277.85971943887773
986:65.988,260.90981963927857
987:50.064,184.87174348697394
988:64.43,223.24248496993988
989:73.798,316.47695390781564
990:76.504,273.1943887775551
991:72.47,345.565130260521
992:70.29,273.30861723446895
993:75.402,315.65330661322645
994:72.898,292.6212424849699
995:70.87,293.1482965931864
996:69.624,363.9919839679359
997:66.828,255.76753507014027
998:73.936,295.92785571142286
999:73.784,271.314629258517
1000:72.1,261.186372745491
1001:75.588,336.87575150300603
1002:55.65,219.47695390781564
1003:59.882,220.29859719438878
1004:61.686,264.2885771543086
1005:74.168,382.04008016032066
1006:73.568,308.2765531062124
1007:72.968,313.06012024048096
1008:65.362,246.29659318637275
1009:60.574,214.35470941883767
1010:73.42,297.0120240480962
1011:77.228,355.9158316633266
1012:75.604,369.0
1013:75.366,295.7995991983968
1014:67.08,251.87174348697394
1015:74.844,344.8356713426854
1016:73.502,331.5190380761523
1017:68.92,390.9799599198397
1018:73.714,341.01402805611224
1019:64.548,440.44889779559117
1020:70.894,294.4869739478958
1021:73.078,309.9338677354709
1022:74.4,323.67735470941886
1023:58.506,225.53907815631263
1024:68.106,290.39278557114227
1025:71.022,264.99799599198394
1026:61.176,227.50300601202406
1027:68.166,243.1943887775551
1028:72.244,269.26653306613224
1029:70.72,270.30060120240483
1030:72.144,270.9639278557114
1031:65.144,387.80961923847696
1032:76.834,353.1382765531062
1033:76.964,316.4068136272545
1034:71.588,333.55110220440883
1035:61.99,241.5050100200401
1036:64.29,236.36072144288576
1037:78.234,346.09018036072143
1038:81.798,346.0460921843687
1039:70.93,309.4008016032064
1040:74.202,361.0541082164329
1041:69.276,373.51503006012024
1042:71.188,331.87174348697397
1043:67.778,354.0761523046092
1044:62.52,385.3366733466934
1045:74.6,363.4068136272545
1046:72.3,362.09619238476955
1047:74.506,369.1102204408818
1048:71.476,298.4188376753507
1049:70.182,306.4448897795591
1050:73.422,312.4609218436874
1051:76.232,343.09819639278555
1052:72.69,338.6553106212425
1053:72.41,410.7695390781563
1054:74.642,320.60721442885773
1055:74.22,303.90380761523045
1056:75.636,314.11422845691385
1057:68.606,407.6292585170341
1058:70.924,365.3507014028056
1059:80.896,360.64729458917833
1060:70.55,315.9178356713427
1061:74.862,320.71543086172346
1062:59.664,476.0060120240481
1063:51.118,500.4248496993988
1064:75.422,337.8376753507014
1065:69.26,396.66132264529057
1066:73.682,350.5110220440882
1067:64.062,244.23446893787576
1068:73.238,321.6833667334669
1069:59.534,226.61322645290582
1070:60.37,215.2064128256513
1071:58.482,233.83967935871743
1072:68.306,269.9919839679359
1073:54.536,193.76553106212424
1074:68.028,252.3006012024048
1075:67.68,263.8817635270541
1076:70.03,281.64729458917833
1077:78.726,348.02204408817636
1078:66.688,407.92785571142286
1079:71.59,322.72945891783564
1080:67.014,436.1743486973948
1081:59.712,458.1583166332665
1082:68.42,386.4909819639279
1083:65.794,442.8977955911824
1084:68.68,381.5190380761523
1085:70.808,305.8156312625251
1086:66.964,400.4929859719439
1087:74.954,340.3607214428858
1088:73.294,276.30260521042084
1089:74.848,348.43086172344687
1090:68.322,338.2565130260521
1091:70.942,397.2625250501002
1092:66.492,436.6212424849699
1093:69.146,382.2024048096192
1094:72.83,358.5110220440882
1095:67.28,312.39679358717433
1096:75.53,349.94789579158316
1097:69.462,384.9639278557114
1098:70.136,340.47895791583164
1099:73.76,323.79158316633266
1100:76.666,351.07014028056113
1101:76.704,302.1663326653307
1102:75.274,374.7855711422846
1103:74.516,368.3426853707415
1104:75.918,340.59719438877755
1105:76.516,307.4909819639279
1106:68.188,331.53306613226454
1107:76.156,296.87174348697397
1108:70.342,351.8376753507014
1109:77.2,388.751503006012
1110:75.74,383.59719438877755
1111:68.3,293.3446893787575
1112:68.558,288.7575150300601
1113:54.934,211.52705410821645
1114:65.942,257.39078156312627
1115:64.492,225.95591182364728
1116:50.836,180.92384769539078
1117:68.338,246.29659318637275
1118:54.998,217.0420841683367
1119:72.572,284.7054108216433
1120:60.402,245.14228456913827
1121:53.908,217.37074148296594
1122:67.354,271.7114228456914
1123:70.27,287.95791583166334
1124:71.768,327.71743486973946
1125:71.62,330.7114228456914
1126:72.382,333.2004008016032
1127:75.266,368.63527054108215
1128:71.998,359.9519038076152
1129:72.38,352.8336673346693
1130:68.546,428.6012024048096
1131:73.818,313.9238476953908
1132:70.456,280.98396793587176
1133:70.792,310.1322645290581
1134:74.552,293.8977955911824
1135:71.752,327.11422845691385
1136:68.008,261.5470941883768
1137:74.524,336.1623246492986
1138:68.732,312.80961923847696
1139:74.88,301.30060120240483
1140:72.998,320.77154308617236
1141:74.306,337.5090180360721
1142:74.58,367.8376753507014
1143:65.5,435.22845691382764
1144:73.864,303.9899799599198
1145:72.404,392.26452905811624
1146:73.33,410.4268537074148
1147:72.52,367.69939879759517
1148:72.132,356.36472945891785
1149:71.356,352.3446893787575
1150:70.516,323.60320641282567
1151:73.602,361.0360721442886
1152:74.386,329.6833667334669
1153:68.462,397.5390781563126
1154:73.552,329.5871743486974
1155:65.686,303.9639278557114
1156:63.252,233.16032064128257
1157:67.55,269.4068136272545
1158:54.538,200.45290581162325
1159:74.282,350.5831663326653
1160:78.11,407.6112224448898
1161:72.662,340.68937875751504
1162:68.272,270.8056112224449
1163:71.584,298.85971943887773
1164:66.304,278.63326653306615
1165:73.926,344.7815631262525
1166:70.934,328.7695390781563
1167:71.608,360.5270541082164
1168:70.32,316.4128256513026
1169:77.802,345.8316633266533
1170:72.906,351.98396793587176
1171:78.314,337.46492985971946
1172:65.066,274.3366733466934
1173:69.07,278.4629258517034
1174:71.62,328.17234468937875
1175:71.338,408.29258517034066
1176:63.718,469.7875751503006
1177:68.72,424.9458917835671
1178:68.646,406.5250501002004
1179:73.112,414.0761523046092
1180:69.626,405.7675350701403
1181:74.036,363.18036072144287
1182:74.446,349.6452905811623
1183:66.254,420.60921843687373
1184:68.97,422.8316633266533
1185:68.854,412.4148296593186
1186:67.982,412.5470941883768
1187:65.998,435.05811623246495
1188:63.57,453.9178356713427
1189:72.502,395.32665330661325
1190:79.79,401.434869739479
1191:57.256,452.8817635270541
1192:72.118,418.91983967935874
1193:69.494,407.5551102204409
1194:58.858,466.9318637274549
1195:67.018,404.2885771543086
1196:72.792,349.3046092184369
1197:71.176,319.67935871743487
1198:65.812,300.3627254509018
1199:71.666,367.1102204408818
1200:74.636,310.7615230460922
1201:77.282,397.5310621242485
1202:72.318,356.7795591182365
1203:67.686,381.8897795591182
1204:69.662,339.44088176352705
1205:73.052,304.1923847695391
1206:74.246,392.92184368737475
1207:66.304,400.0561122244489
1208:68.968,431.1823647294589
1209:58.864,463.39679358717433
1210:70.502,397.8236472945892
1211:63.66,445.99799599198394
1212:67.19,307.02204408817636
1213:69.38,423.1563126252505
1214:82.922,370.0200400801603
1215:67.868,396.7675350701403
1216:69.66,351.26452905811624
1217:69.1,399.17034068136275
1218:74.318,368.68937875751504
1219:49.21,496.3787575150301
1220:71.3,405.42084168336675
1221:70.162,424.37675350701403
1222:60.39,449.2765531062124
1223:61.17,472.73547094188376
1224:57.14,457.97795591182364
1225:70.392,423.56913827655313
1226:69.24,341.0941883767535
1227:69.056,419.90981963927857
1228:53.188,503.72945891783564
1229:52.87,487.56913827655313
1230:68.116,333.1102204408818
1231:70.54,430.1503006012024
1232:69.48,427.8997995991984
1233:69.694,408.42284569138275
1234:70.968,399.3186372745491
1235:65.916,446.2184368737475
1236:55.862,449.4749498997996
1237:59.574,453.8557114228457
1238:67.764,410.03406813627254
1239:59.296,472.0100200400802
1240:50.224,491.8697394789579
1241:57.634,470.84769539078155
1242:64.832,402.8316633266533
1243:59.974,459.85771543086173
1244:57.228,464.1943887775551
1245:70.844,396.2965931863727
1246:64.34,429.6292585170341
1247:69.292,388.2404809619238
1248:63.932,428.5270541082164
1249:70.218,380.52104208416836
1250:69.94,329.3687374749499
1251:69.092,420.59519038076155
1252:77.154,333.34669338677355
1253:68.026,398.71743486973946
1254:78.502,329.38476953907815
1255:62.384,433.0460921843687
1256:65.96,275.9539078156313
1257:69.576,372.44689378757516
1258:68.824,373.9058116232465
1259:69.792,316.02204408817636
1260:68.71,281.3346693386774
1261:66.62,275.35871743486973
1262:66.424,279.01603206412824
1263:67.688,292.8056112224449
1264:64.156,287.55110220440883
1265:74.408,365.7935871743487
1266:74.568,324.78957915831666
1267:76.294,334.57715430861725
1268:71.444,319.9819639278557
1269:71.728,299.5811623246493
1270:70.058,361.3426853707415
1271:71.85,297.312625250501
1272:65.89,262.1943887775551
1273:68.808,266.85971943887773
1274:69.762,341.67334669338675
1275:64.522,288.97795591182364
1276:61.55,234.56513026052104
1277:68.976,315.65330661322645
1278:75.944,328.98597194388776
1279:70.648,329.17234468937875
1280:72.418,357.15430861723445
1281:69.344,401.3366733466934
1282:65.046,378.7955911823647
1283:66.98,398.6833667334669
1284:79.6,395.19839679358716
1285:67.722,421.53306613226454
1286:75.248,357.6953907815631
1287:66.816,358.02204408817636
1288:76.264,407.9338677354709
1289:74.128,345.8637274549098
1290:71.204,326.9719438877755
1291:69.858,358.35270541082167
1292:71.172,413.57715430861725
1293:69.912,386.49699398797594
1294:71.47,387.42885771543087
1295:70.162,365.97795591182364
1296:67.498,377.4529058116232
1297:66.252,386.13426853707415
1298:54.778,464.22845691382764
1299:54.91,479.8877755511022
1300:58.168,464.9879759519038
1301:61.002,457.7434869739479
1302:67.352,414.2605210420842
1303:69.952,351.563126252505
1304:73.228,365.7855711422846
1305:61.534,448.1583166332665
1306:68.752,318.9539078156313
1307:70.028,409.09018036072143
1308:72.706,353.1643286573146
1309:72.322,402.4328657314629
1310:69.76,372.3787575150301
1311:67.388,404.7615230460922
1312:57.256,466.6392785571142
1313:63.56,431.5390781563126
1314:48.404,497.94188376753505
1315:63.942,417.2044088176353
1316:64.162,446.7875751503006
1317:66.802,416.4008016032064
1318:60.586,465.09619238476955
1319:66.648,439.0841683366734
1320:64.096,429.08817635270543
1321:73.514,327.55911823647295
1322:64.354,247.7555110220441
1323:73.764,294.67935871743487
1324:69.818,384.8416833667335
1325:71.106,324.17034068136275
1326:66.678,348.1202404809619
1327:68.12,361.7254509018036
1328:69.362,279.4689378757515
1329:76.61,356.9338677354709
1330:67.644,309.4448897795591
1331:70.274,319.12224448897797
1332:62.302,446.72745490981964
1333:63.544,442.94188376753505
1334:71.792,379.35871743486973
1335:71.11,364.3046092184369
1336:66.338,439.08817635270543
1337:67.946,374.26653306613224
1338:68.488,348.0100200400802
1339:76.198,383.24448897795594
1340:71.916,321.02404809619236
1341:70.322,359.9799599198397
1342:66.802,358.40480961923845
1343:69.638,363.40280561122245
1344:69.1,367.7935871743487
1345:66.942,413.5130260521042
1346:73.43,341.76352705410824
1347:67.576,315.5250501002004
1348:70.052,333.813627254509
1349:56.002,208.57114228456913
1350:69.042,281.5731462925852
1351:73.542,332.38276553106215
1352:73.836,369.35871743486973
1353:73.444,342.87775551102203
1354:71.476,290.52304609218436
1355:68.024,265.4549098196393
1356:72.612,304.3987975951904
1357:68.662,291.7114228456914
1358:69.588,277.6372745490982
1359:61.254,284.35871743486973
1360:64.662,245.02004008016033
1361:69.072,291.26653306613224
1362:73.844,310.69739478957916
1363:67.402,255.2925851703407
1364:61.448,254.85170340681364
1365:65.306,256.46492985971946
1366:71.1,287.59719438877755
1367:65.212,266.82164328657313
1368:70.682,337.18036072144287
1369:68.428,285.38276553106215
1370:63.76,319.3046092184369
1371:71.0,287.2985971943888
1372:60.526,250.69539078156313
1373:66.84,313.687374749499
1374:72.8,301.40881763527057
1375:55.638,213.47895791583167
1376:63.7,237.46492985971943
1377:70.386,295.16032064128257
1378:64.018,245.91983967935872
1379:69.192,281.1683366733467
1380:68.414,279.6372745490982
1381:68.092,311.59719438877755
1382:70.682,342.4509018036072
1383:62.296,268.85971943887773
1384:54.578,217.4068136272545
1385:50.42,189.66933867735472
1386:72.558,312.64328657314627
1387:67.288,306.5731462925852
1388:69.97,309.4428857715431
1389:70.83,348.36472945891785
1390:69.528,308.22845691382764
1391:63.376,245.61523046092185
1392:60.796,233.74749498997997
1393:50.232,191.76152304609218
1394:65.23,290.1623246492986
1395:69.712,303.54108216432866
1396:72.252,315.188376753507
1397:68.118,293.32064128256513
1398:70.342,332.2585170340681
1399:67.19,279.37675350701403
1400:65.136,273.5811623246493
1401:56.712,206.63927855711424
1402:70.9,379.51503006012024
1403:66.952,273.0501002004008
1404:70.394,282.2144288577154
1405:71.516,271.57114228456913
1406:69.974,294.2685370741483
1407:67.038,299.5871743486974
1408:75.532,301.63326653306615
1409:70.894,283.09018036072143
1410:62.156,254.4949899799599
1411:64.546,254.46092184368737
1412:69.018,271.501002004008
1413:69.474,362.248496993988
1414:64.236,306.59118236472943
1415:57.098,220.5250501002004
1416:70.932,288.67735470941886
1417:60.922,255.78356713426854
1418:60.11,216.10220440881764
1419:70.152,401.4729458917836
1420:67.366,426.7114228456914
1421:67.318,317.29258517034066
1422:65.21,262.88577154308615
1423:69.306,274.08817635270543
1424:66.022,284.36673346693385
1425:71.356,349.1482965931864
1426:73.448,371.3446893787575
1427:71.828,314.1102204408818
1428:67.302,264.7675350701403
1429:63.208,269.2184368737475
1430:69.94,382.83967935871743
1431:69.872,307.01603206412824
1432:64.972,314.6833667334669
1433:69.286,374.3547094188377
1434:72.428,322.6553106212425
1435:64.908,325.6553106212425
1436:68.776,381.45891783567134
1437:71.522,327.7194388777555
1438:71.754,329.7615230460922
1439:66.48,294.85370741482967
1440:72.4,386.5871743486974
1441:70.344,333.80360721442884
1442:66.92,291.5831663326653
1443:56.452,241.75350701402806
1444:71.886,302.1623246492986
1445:72.852,339.4609218436874
1446:61.868,254.3426853707415
1447:61.084,247.6753507014028
1448:66.454,283.09619238476955
1449:73.192,322.96793587174346
1450:57.168,451.062124248497
1451:64.404,372.0941883767535
1452:71.026,313.6372745490982
1453:64.418,274.0480961923848
1454:66.466,289.0480961923848
1455:69.49,269.0100200400802
1456:67.928,291.46693386773546
1457:74.178,320.2985971943888
1458:58.028,249.81162324649299
1459:64.238,297.65931863727457
1460:65.716,324.37675350701403
1461:64.304,267.0
1462:69.228,335.99599198396794
1463:59.67,230.37274549098197
1464:57.738,234.5871743486974
1465:56.25,206.19639278557113
1466:54.752,206.67334669338678
1467:56.892,243.7174348697395
1468:62.97,231.78356713426854
1469:53.486,202.45090180360722
1470:59.296,249.70340681362725
1471:69.78,366.61723446893785
1472:72.608,322.1563126252505
1473:64.58,240.26653306613227
1474:72.524,346.3867735470942
1475:71.426,283.9158316633266
1476:65.098,283.9318637274549
1477:55.746,200.22244488977955
1478:64.608,236.20240480961922
1479:71.554,301.6673346693387
1480:62.258,255.5551102204409
1481:61.29,258.69739478957916
1482:63.878,280.9078156312625
1483:65.76,251.64729458917836
1484:73.902,310.0300601202405
1485:66.132,293.8977955911824
1486:62.988,247.30260521042084
1487:63.386,244.60921843687376
1488:68.72,298.22845691382764
1489:74.146,351.1062124248497
1490:68.274,426.7134268537074
1491:74.88,344.2044088176353
1492:68.192,383.6953907815631
1493:71.692,285.5991983967936
1494:66.624,351.3867735470942
1495:74.302,320.25250501002006
1496:75.384,322.5571142284569
1497:71.708,319.436873747495
1498:69.854,388.9879759519038
1499:75.516,364.1623246492986
1500:54.456,487.8356713426854
1501:68.622,438.9639278557114
1502:75.396,311.07815631262525
1503:65.516,450.9458917835671
1504:73.062,365.3687374749499
1505:57.284,452.12224448897797
1506:55.362,456.4148296593186
1507:70.902,430.40480961923845
1508:55.756,476.0661322645291
1509:56.362,471.04008016032066
1510:59.848,446.5430861723447
1511:74.458,309.4749498997996
1512:72.592,341.4008016032064
1513:67.966,266.35671342685373
1514:73.938,411.6833667334669
1515:67.638,389.811623246493
1516:67.442,424.1482965931864
1517:69.47,390.42284569138275
1518:65.902,417.67735470941886
1519:52.882,496.6693386773547
1520:56.72,476.3046092184369
1521:52.624,480.28256513026054
1522:51.256,509.9258517034068
1523:60.484,440.5170340681363
1524:56.614,465.74749498997994
1525:65.316,423.50300601202406
1526:68.944,406.9178356713427
1527:63.206,407.9078156312625
1528:74.892,389.19639278557116
1529:74.508,317.8156312625251
1530:68.59,417.68937875751504
1531:71.33,393.2885771543086
1532:74.074,386.9178356713427
1533:68.958,412.64729458917833
1534:68.986,383.8517034068136
1535:72.046,291.7615230460922
1536:69.606,382.42084168336675
1537:65.934,429.64128256513027
1538:77.118,402.5070140280561
1539:65.174,449.1663326653307
1540:72.904,392.6372745490982
1541:64.046,432.85370741482967
1542:69.382,421.79158316633266
1543:67.204,425.3446893787575
1544:67.556,459.8356713426854
1545:66.948,428.2224448897796
1546:45.444,521.871743486974
1547:60.914,461.00400801603206
1548:68.858,405.9559118236473
1549:72.668,379.2865731462926
1550:69.004,326.96793587174346
1551:55.968,482.98597194388776
1552:67.26,440.2024048096192
1553:68.112,386.7414829659319
1554:59.986,466.09819639278555
1555:64.248,448.76352705410824
1556:56.316,486.7995991983968
1557:65.488,426.14629258517033
1558:53.72,484.5130260521042
1559:69.83,439.250501002004
1560:55.752,471.1362725450902
1561:58.794,466.90180360721445
1562:72.06,351.4428857715431
1563:70.67,383.3066132264529
1564:59.758,467.80360721442884
1565:55.592,491.59519038076155
1566:51.962,497.4909819639279
1567:62.604,454.4168336673347
1568:52.85,501.55110220440883
1569:68.484,428.72945891783564
1570:67.34,413.3987975951904
1571:59.704,429.12224448897797
1572:70.0,431.15230460921845
1573:59.426,457.41082164328657
1574:58.928,478.312625250501
1575:78.296,308.40280561122245
1576:75.654,353.0561122244489
1577:74.104,325.6192384769539
1578:68.332,330.03406813627254
1579:72.972,305.6573146292585
1580:64.66,246.69739478957916
1581:70.268,272.54108216432866
1582:75.054,335.68937875751504
1583:55.356,484.51503006012024
1584:74.824,378.85771543086173
1585:55.444,484.56913827655313
1586:61.408,440.62324649298597
1587:70.874,351.6492985971944
1588:73.926,379.8076152304609
1589:64.374,445.186372745491
1590:47.248,508.87775551102203
1591:43.422,521.9218436873748
1592:56.864,477.434869739479
1593:68.696,434.68937875751504
1594:74.554,360.91983967935874
1595:61.096,443.5851703406814
1596:63.086,459.64328657314627
1597:59.838,455.23446893787576
1598:67.828,431.53306613226454
1599:51.632,499.2244488977956
1600:73.842,427.2745490981964
1601:72.856,372.935871743487
1602:75.786,395.4509018036072
1603:57.408,476.3366733466934
1604:68.892,417.94789579158316
1605:68.702,417.7995991983968
1606:64.922,462.66132264529057
1607:64.164,441.44088176352705
1608:60.378,452.95991983967934
1609:66.69,458.62525050100203
1610:69.2,417.6012024048096
1611:62.502,448.0080160320641
1612:51.93,498.1623246492986
1613:49.982,507.36673346693385
1614:64.976,444.5811623246493
1615:76.942,384.7214428857715
1616:74.776,404.8356713426854
1617:68.22,441.7755511022044
1618:63.146,460.8316633266533
1619:69.786,383.04008016032066
1620:76.784,376.25250501002006
1621:67.908,418.98597194388776
1622:64.804,463.80360721442884
1623:75.87,350.77354709418836
1624:67.162,253.25450901803606
1625:67.452,266.935871743487
1626:64.142,246.45090180360722
1627:67.242,254.08617234468937
1628:76.48,268.8877755511022
1629:63.366,209.66332665330663
1630:68.23,270.71743486973946
1631:69.554,229.66132264529057
1632:71.236,278.8356713426854
1633:61.132,215.5511022044088
1634:55.65,191.65130260521042
1635:55.094,211.16633266533066
1636:68.946,266.5831663326653
1637:74.422,329.65931863727457
1638:63.526,246.3807615230461
1639:66.044,293.8937875751503
1640:78.43,331.9519038076152
1641:78.566,356.8517034068136
1642:72.812,283.0180360721443
1643:71.426,292.37675350701403
1644:55.264,207.0
1645:73.054,321.062124248497
1646:75.782,334.58917835671343
1647:72.052,305.7114228456914
1648:58.792,222.54909819639278
1649:74.5,341.14028056112227
1650:65.276,249.67334669338678
1651:62.984,247.70340681362725
1652:57.784,197.44088176352705
1653:53.214,190.88977955911824
1654:61.724,202.14228456913827
1655:65.564,231.73346693386773
1656:66.4,240.28056112224448
1657:61.506,230.17635270541084
1658:55.988,205.16432865731463
1659:67.936,245.4629258517034
1660:65.87,242.64729458917836
1661:61.248,222.92785571142284
1662:68.518,266.86573146292585
1663:63.31,246.24649298597194
1664:56.192,221.0060120240481
1665:69.916,243.74148296593185
1666:63.348,248.49098196392785
1667:67.662,233.6933867735471
1668:64.668,221.95591182364728
1669:72.15,254.34869739478958
1670:74.96,299.8236472945892
1671:80.43,327.0100200400802
1672:70.414,285.2304609218437
1673:73.924,329.7995991983968
1674:58.774,204.7635270541082
1675:58.848,212.69539078156313
1676:68.702,252.82164328657313
1677:64.552,228.3887775551102
1678:69.248,261.687374749499
1679:62.35,232.77154308617236
1680:71.938,269.7875751503006
1681:59.372,217.26452905811624
1682:65.654,233.81763527054107
1683:53.856,183.124248496994
1684:50.56,171.01202404809618
1685:58.868,209.12224448897797
1686:75.13,273.3947895791583
1687:79.228,310.60921843687373
1688:69.088,305.82164328657313
1689:51.284,186.81763527054107
1690:62.922,249.5050100200401
1691:39.506,124.5250501002004
1692:39.578,136.73346693386773
1693:50.116,188.17234468937875
1694:54.468,196.7314629258517
1695:55.106,198.73947895791582
1696:56.11,212.2064128256513
1697:51.704,175.76753507014027
1698:56.71,215.31062124248496
1699:50.736,170.31663326653307
1700:39.878,138.90380761523045
1701:44.808,152.59719438877755
1702:70.97,233.3627254509018
1703:59.532,210.5250501002004
1704:46.268,160.47895791583167
1705:52.162,177.44689378757516
1706:55.576,189.749498997996
1707:31.304,100.96192384769539
1708:36.952,113.54108216432866
1709:27.368,85.08016032064128
1710:39.672,134.77555110220442
1711:34.242,110.49098196392785
1712:32.75,108.70941883767534
1713:39.338,127.59719438877755
1714:36.318,132.71142284569137
1715:39.914,137.33066132264528
1716:61.746,218.3807615230461
1717:65.594,216.83366733466934
1718:69.464,260.0280561122245
1719:61.65,218.10220440881764
1720:64.154,216.87374749498997
1721:42.342,134.31462925851704
1722:45.692,168.4809619238477
1723:57.88,187.96593186372746
1724:61.328,212.5430861723447
1725:61.856,221.5551102204409
1726:46.948,157.46492985971943
1727:67.322,233.62124248496994
1728:61.988,193.6372745490982
1729:45.716,155.06212424849699
1730:60.85,206.09819639278558
1731:62.368,204.6192384769539
1732:71.028,279.1923847695391
1733:56.456,205.36673346693388
1734:53.718,191.09018036072143
1735:66.684,255.0180360721443
1736:68.064,235.2865731462926
1737:73.938,277.40480961923845
1738:66.396,250.56713426853707
1739:64.8,251.3186372745491
1740:71.188,293.58917835671343
1741:75.976,297.9498997995992
1742:76.474,311.7755511022044
1743:76.864,310.5110220440882
1744:68.83,253.9679358717435
1745:68.124,247.90781563126254
1746:60.396,213.3006012024048
1747:70.968,268.4188376753507
1748:87.774,311.4068136272545
1749:50.486,187.42685370741484
1750:59.008,205.63927855711424
1751:47.784,147.29659318637275
1752:64.696,233.5050100200401
1753:62.846,220.14228456913827
1754:61.462,215.40280561122245
1755:62.466,222.64529058116233
1756:58.29,211.31062124248496
1757:65.264,256.0260521042084
1758:65.118,230.59719438877755
1759:59.182,227.65330661322645
1760:46.956,171.2825651302605
1761:49.668,181.31663326653307
1762:49.51,177.59919839679358
1763:69.276,240.250501002004
1764:61.76,204.32264529058116
1765:58.12,212.18436873747495
1766:65.514,250.30460921843687
1767:51.59,189.98797595190382
1768:46.786,160.80360721442887
1769:42.672,151.99599198396794
1770:36.26,131.65330661322645
1771:51.608,181.56112224448898
1772:61.624,212.5751503006012
1773:39.734,132.250501002004
1774:58.514,208.39078156312624
1775:43.102,145.749498997996
1776:59.966,198.19038076152304
1777:57.304,199.77955911823648
1778:39.318,130.4689378757515
1779:42.954,150.95390781563125
1780:47.714,170.32064128256513
1781:45.296,155.04408817635272
1782:56.14,185.90180360721442
1783:48.086,161.96593186372746
1784:65.956,256.9619238476954
1785:64.954,218.38476953907815
1786:78.22,291.4749498997996
1787:76.93,275.79158316633266
1788:70.274,269.79158316633266
1789:66.178,215.29058116232466
1790:62.672,206.7635270541082
1791:65.276,242.7555110220441
1792:72.614,250.09018036072143
1793:72.414,268.5470941883768
1794:52.014,184.6673346693387
1795:58.43,202.96392785571143
1796:59.844,208.59719438877755
1797:73.11,309.28256513026054
1798:63.522,218.83567134268537
1799:50.782,171.74148296593185
1800:49.142,167.93386773547095
1801:44.576,157.0320641282565
1802:46.318,156.28056112224448
1803:68.096,232.9759519038076
1804:41.728,130.19839679358716
1805:50.148,155.97795591182364
1806:61.444,228.85971943887776
1807:61.416,216.54909819639278
1808:41.14,129.3927855711423
1809:41.134,131.52705410821645
1810:51.164,176.09619238476955
1811:47.198,163.5370741482966
1812:59.524,192.56713426853707
1813:47.106,160.60320641282564
1814:62.568,213.4629258517034
1815:49.076,173.59519038076152
1816:73.908,262.8557114228457
1817:56.186,202.2264529058116
1818:65.704,247.95991983967937
1819:62.698,216.70541082164328
1820:70.188,256.0821643286573
1821:55.83,211.6573146292585
1822:55.396,187.2184368737475
1823:47.164,149.2264529058116
1824:69.324,247.28056112224448
1825:63.822,239.1122244488978
1826:69.216,238.56513026052104
1827:61.212,220.6072144288577
1828:59.588,215.15831663326654
1829:67.536,229.33867735470943
1830:71.888,242.21042084168337
1831:52.166,183.40881763527054
1832:42.908,149.70941883767534
1833:52.408,190.0881763527054
1834:43.004,151.374749498998
1835:55.052,186.9318637274549
1836:40.808,140.2304609218437
1837:77.446,301.30260521042084
1838:52.614,198.77154308617236
1839:56.268,202.40480961923848
1840:65.538,240.57715430861722
1841:73.448,289.70741482965934
1842:74.526,301.18036072144287
1843:69.942,264.99599198396794
1844:57.498,210.97194388777555
1845:69.252,282.50300601202406
1846:73.468,284.36673346693385
1847:59.426,208.20841683366734
1848:59.704,214.39679358717436
1849:63.712,218.7074148296593
1850:70.922,271.8877755511022
1851:71.77,302.44088176352705
1852:69.7,269.6633266533066
1853:61.336,217.4629258517034
1854:55.024,181.83567134268537
1855:56.866,190.86773547094188
1856:59.168,207.4949899799599
1857:67.986,278.73346693386776
1858:52.458,183.2304609218437
1859:51.802,180.51102204408818
1860:55.81,206.02004008016033
1861:65.498,225.29659318637275
1862:60.182,218.05811623246493
1863:62.81,226.03406813627254
1864:60.236,236.86372745490982
1865:72.228,254.6933867735471
1866:60.382,207.84569138276552
1867:59.664,215.34869739478958
1868:47.612,157.82164328657313
1869:54.806,170.26052104208418
1870:54.442,193.9579158316633
1871:31.012,107.88577154308618
1872:59.32,212.66332665330663
1873:48.85,154.4689378757515
1874:56.644,194.09619238476955
1875:65.518,246.34669338677355
1876:47.054,175.35470941883767
1877:65.234,238.23246492985973
1878:65.57,230.37274549098197
1879:53.46,191.7935871743487
1880:72.482,255.84769539078155
1881:69.74,274.2204408817635
1882:68.94,238.03406813627254
1883:70.022,326.6012024048096
1884:37.488,144.88176352705412
1885:68.856,245.8376753507014
1886:46.984,171.4869739478958
1887:60.32,223.94589178356713
1888:66.406,250.67935871743487
1889:74.306,259.14028056112227
1890:52.266,188.72144288577155
1891:53.738,172.20240480961922
1892:48.366,159.45891783567134
1893:54.47,186.2064128256513
1894:42.296,146.58517034068137
1895:59.658,194.5430861723447
1896:47.584,153.15230460921845
1897:50.484,180.97995991983967
1898:52.138,178.3807615230461
1899:47.026,152.74749498997997
1900:57.102,209.59919839679358
1901:46.728,163.69138276553107
1902:49.73,156.625250501002
1903:46.228,157.57114228456913
1904:43.95,161.2745490981964
1905:39.664,131.77955911823648
1906:46.7,152.72945891783567
1907:35.402,113.49699398797596
1908:40.176,132.31062124248496
1909:42.546,145.90380761523045
1910:50.68,202.66132264529057
1911:56.602,213.4248496993988
1912:57.736,181.00200400801603
1913:46.758,159.5310621242485
1914:38.966,127.64128256513025
1915:46.162,150.17034068136272
1916:54.456,185.86773547094188
1917:44.292,166.9619238476954
1918:45.538,150.29859719438878
1919:49.974,176.52905811623248
1920:42.684,139.1302605210421
1921:43.16,139.16032064128257
1922:32.232,100.18436873747495
1923:31.844,91.51302605210421
1924:38.904,128.74148296593185
1925:53.566,190.74148296593185
1926:40.758,133.15230460921845
1927:44.112,157.05410821643287
1928:46.77,158.04008016032063
1929:49.04,146.63326653306612
1930:54.202,184.45290581162325
1931:40.572,135.81563126252505
1932:41.586,124.27254509018036
1933:39.336,129.03607214428857
1934:54.57,178.6813627254509
1935:36.022,125.13226452905812
1936:41.928,147.16032064128257
1937:53.322,186.41683366733466
1938:35.388,117.79158316633267
1939:42.644,146.7695390781563
1940:40.766,143.61523046092185
1941:32.278,111.3006012024048
1942:42.436,142.54909819639278
1943:49.998,173.08617234468937
1944:47.58,169.57314629258516
1945:53.69,192.11623246492985
1946:52.972,178.1442885771543
1947:47.352,169.56713426853707
1948:33.938,118.02404809619239
1949:34.788,121.0501002004008
1950:37.158,114.28657314629258
1951:48.814,158.09018036072143
1952:37.238,124.18236472945891
1953:39.67,133.6192384769539
1954:51.426,185.1062124248497
1955:56.71,199.08416833667334
1956:41.092,145.92384769539078
1957:48.098,158.20841683366734
1958:47.758,172.28056112224448
1959:46.792,153.1122244488978
1960:60.516,204.06412825651302
1961:49.918,173.46693386773546
1962:48.116,173.76753507014027
1963:70.384,299.04208416833666
1964:69.526,265.186372745491
1965:71.136,356.77154308617236
1966:73.154,280.7194388777555
1967:65.136,253.25450901803606
1968:65.628,246.60320641282564
1969:40.114,134.48496993987976
1970:47.516,170.19839679358716
1971:53.846,181.67334669338678
1972:50.258,177.4248496993988
1973:61.334,209.34869739478958
1974:49.62,187.34468937875752
1975:52.174,181.85971943887776
1976:52.14,187.6192384769539
1977:42.248,162.91583166332666
1978:41.574,138.6072144288577
1979:57.49,220.93787575150301
1980:45.154,162.81563126252505
1981:49.544,180.6993987975952
1982:60.294,218.06212424849699
1983:36.278,116.61523046092185
1984:30.878,102.35871743486975
1985:49.392,168.85170340681364
1986:53.438,181.2825651302605
1987:53.124,192.2745490981964
1988:48.592,172.86372745490982
1989:60.196,219.3887775551102
1990:63.132,226.5130260521042
1991:52.228,186.91983967935872
1992:55.974,197.32264529058116
1993:49.082,176.21442885771543
1994:46.936,165.72745490981964
1995:55.808,189.9819639278557
1996:48.354,167.68937875751504
1997:60.484,211.11422845691382
1998:53.874,187.96993987975952
1999:62.366,243.14629258517033
2000:52.49,178.2685370741483
2001:40.308,139.37274549098197
2002:49.706,180.6112224448898
2003:56.174,194.38677354709418
2004:53.904,179.64529058116233
2005:59.28,211.20440881763528
2006:56.61,202.0180360721443
2007:56.322,184.48897795591182
2008:64.292,232.42685370741484
2009:65.002,262.749498997996
2010:74.41,297.55110220440883
2011:70.196,305.94789579158316
2012:62.046,222.9619238476954
2013:71.572,316.45891783567134
2014:55.712,184.78356713426854
2015:54.072,196.12224448897797
2016:48.324,169.47094188376752
2017:56.826,187.59919839679358
2018:51.752,193.20240480961922
2019:43.172,140.89779559118236
2020:37.676,128.3426853707415
2021:48.218,157.374749498998
2022:68.774,225.66132264529057
2023:43.286,138.79759519038078
2024:36.32,126.28256513026052
2025:38.446,124.23246492985972
2026:44.65,150.21643286573146
2027:56.724,200.56713426853707
2028:64.174,224.61523046092185
2029:51.594,184.83366733466934
2030:47.878,161.08016032064128
2031:48.092,167.0240480961924
2032:50.248,186.62725450901803
2033:66.492,257.1382765531062
2034:59.946,204.53306613226454
2035:46.422,170.18236472945893
2036:47.494,159.14829659318636
2037:50.096,162.7434869739479
2038:44.846,162.9258517034068
2039:51.034,189.54909819639278
2040:70.796,264.436873747495
2041:50.862,177.80360721442887
2042:58.572,198.25250501002003
2043:53.112,200.30861723446893
2044:44.272,156.77755511022045
2045:64.516,270.4448897795591
2046:62.112,236.57114228456913
2047:38.376,124.84569138276554
2048:61.638,226.7254509018036
2049:55.068,204.7374749498998
2050:55.14,182.63527054108218
2051:62.956,248.47094188376752
2052:41.392,145.82765531062125
2053:70.128,310.52304609218436
2054:66.04,232.39478957915833
2055:55.276,179.65531062124248
2056:43.366,155.0420841683367
2057:52.634,184.31663326653307
2058:49.644,170.1442885771543
2059:61.374,213.56112224448898
2060:48.038,179.7635270541082
2061:52.746,174.60521042084167
2062:63.048,242.64128256513027
2063:57.404,216.3887775551102
2064:62.158,211.65931863727454
2065:70.812,291.7254509018036
2066:62.682,246.41482965931863
2067:65.156,269.75350701402806
2068:67.346,261.25450901803606
2069:42.038,147.0561122244489
2070:56.754,190.71142284569137
2071:45.306,170.11623246492985
2072:50.012,176.30260521042084
2073:55.366,190.1062124248497
2074:57.372,220.56713426853707
2075:55.25,192.20240480961922
2076:35.656,125.687374749499
2077:35.864,125.29058116232466
2078:52.188,202.6112224448898
2079:45.312,152.28056112224448
2080:61.108,227.64128256513027
2081:51.572,170.90180360721442
2082:57.54,212.91382765531063
2083:52.306,199.31663326653307
2084:46.59,164.61322645290582
2085:56.166,196.99198396793588
2086:57.23,199.83967935871743
2087:64.676,243.08416833667334
2088:40.308,141.75350701402806
2089:48.566,163.43486973947896
2090:39.54,132.7374749498998
2091:46.18,161.3246492985972
2092:42.724,141.90781563126254
2093:44.504,167.7555110220441
2094:56.522,215.6933867735471
2095:61.4,267.57114228456913
2096:49.004,172.81362725450902
2097:53.844,192.10420841683367
2098:43.828,160.00200400801603
2099:53.152,180.32665330661322
2100:54.506,186.95591182364728
2101:49.486,176.3987975951904
2102:48.664,163.54909819639278
2103:41.526,142.47895791583167
2104:48.498,159.93587174348698
2105:42.482,143.98597194388776
2106:51.166,185.12625250501003
2107:38.19,126.6813627254509
2108:41.694,141.84969939879758
2109:50.622,165.59519038076152
2110:53.938,178.61523046092185
2111:51.21,179.11823647294588
2112:62.076,214.09018036072143
2113:48.88,180.35270541082164
2114:44.976,160.749498997996
2115:60.792,223.17434869739478
2116:43.922,157.81162324649299
2117:59.876,220.4448897795591
2118:44.676,144.2565130260521
2119:36.17,129.17434869739478
2120:37.552,130.96993987975952
2121:26.164,85.1062124248497
2122:37.102,126.03006012024048
2123:37.048,133.70140280561122
2124:39.49,138.94789579158316
2125:39.612,142.25250501002003
2126:32.136,104.43887775551102
2127:56.076,195.77955911823648
2128:38.052,134.26452905811624
2129:41.862,146.7995991983968
2130:59.844,212.78356713426854
2131:32.726,103.29458917835672
2132:42.552,150.74148296593185
2133:28.452,91.78557114228457
2134:44.708,156.3987975951904
2135:47.552,176.2625250501002
2136:42.12,142.18436873747495
2137:35.526,115.45490981963928
2138:42.818,145.9118236472946
2139:42.302,140.0380761523046
2140:43.95,146.36472945891782
2141:52.282,170.59919839679358
2142:34.014,109.48296593186373
2143:39.952,129.85771543086173
2144:45.996,154.11823647294588
2145:40.198,141.67735470941884
2146:43.346,147.124248496994
2147:39.686,132.95991983967937
2148:39.83,132.77555110220442
2149:39.552,128.29058116232466
2150:47.212,165.69138276553107
2151:39.924,138.43486973947896
2152:43.57,139.21042084168337
2153:41.63,138.2064128256513
2154:32.998,114.18436873747495
2155:44.882,146.79559118236472
2156:48.392,156.5691382765531
2157:42.97,152.19639278557113
2158:45.46,164.47094188376752
2159:47.734,166.32865731462925
2160:47.324,163.6753507014028
2161:40.23,129.22044088176352
2162:35.374,131.51102204408818
2163:37.34,133.40280561122245
2164:39.362,148.15831663326654
2165:53.534,204.5871743486974
2166:46.996,157.75350701402806
2167:41.69,148.50901803607215
2168:46.45,166.50901803607215
2169:63.128,231.23446893787576
2170:55.12,190.89779559118236
2171:47.316,158.60521042084167
2172:58.996,223.97995991983967
2173:42.636,146.18236472945893
2174:34.37,114.5811623246493
2175:43.624,149.72144288577155
2176:32.736,114.09018036072145
2177:49.548,174.56713426853707
2178:39.978,130.8797595190381
2179:41.188,133.58517034068137
2180:44.086,147.5931863727455
2181:50.54,182.97795591182364
2182:32.738,109.44288577154309
2183:35.464,129.36072144288576
2184:37.49,131.06613226452905
2185:48.486,160.98797595190382
2186:44.838,153.96392785571143
2187:45.8,173.74549098196394
2188:45.368,158.24048096192385
2189:59.28,237.3987975951904
2190:46.346,157.60921843687376
2191:48.554,172.61322645290582
2192:48.462,176.13627254509018
2193:51.38,183.7555110220441
2194:54.262,188.88577154308618
2195:66.4,249.76152304609218
2196:59.494,243.0060120240481
2197:40.122,127.81763527054109
2198:45.488,159.49899799599197
2199:42.848,146.22444889779558
2200:61.666,222.69539078156313
2201:60.582,236.54108216432866
2202:60.252,228.49098196392785
2203:66.09,240.9178356713427
2204:59.334,208.2685370741483
2205:62.854,244.49899799599197
2206:52.046,190.0501002004008
2207:41.292,138.3326653306613
2208:57.886,194.41082164328657
2209:62.514,229.04408817635272
2210:50.558,177.0
2211:62.092,212.91382765531063
2212:49.996,171.66533066132266
2213:58.78,196.97194388777555
2214:66.816,237.749498997996
2215:56.586,215.38677354709418
2216:67.904,259.6633266533066
2217:60.768,222.21042084168337
2218:48.546,174.46693386773546
2219:61.412,227.51503006012024
2220:64.526,244.0060120240481
2221:60.048,224.75350701402806
2222:66.42,251.80761523046093
2223:61.252,225.3186372745491
2224:64.602,219.12224448897797
