0:68.73,264.436873747495
1:73.642,324.0661322645291
2:68.584,262.04008016032066
3:78.378,313.11623246492985
4:72.012,291.4268537074148
5:68.63,282.87575150300603
6:68.96,284.85771543086173
7:74.34,287.9939879759519
8:61.598,263.99599198396794
9:54.358,238.45090180360722
10:71.91,287.6292585170341
11:53.506,198.14028056112224
12:68.234,250.72344689378758
13:64.988,233.09018036072143
14:69.49,330.40280561122245
15:72.284,321.96593186372746
16:64.464,269.25250501002006
17:69.334,278.5250501002004
18:62.234,240.21442885771543
19:67.142,257.7995991983968
20:63.74,259.6052104208417
21:60.586,216.7995991983968
22:59.086,210.50701402805612
23:67.78,257.1743486973948
24:70.128,249.56112224448898
25:66.85,258.7775551102204
26:68.014,262.6372745490982
27:68.058,295.8156312625251
28:73.7,273.3787575150301
29:66.402,243.1122244488978
30:71.098,350.6012024048096
31:70.158,315.43086172344687
32:54.864,191.3987975951904
33:59.348,197.04809619238478
34:80.298,303.7815631262525
35:67.558,250.36673346693388
36:58.736,235.9679358717435
37:67.488,265.44088176352705
38:71.408,304.5571142284569
39:67.752,310.1503006012024
40:54.824,191.5050100200401
41:52.558,208.09819639278558
42:68.042,257.90380761523045
43:65.808,260.1583166332665
44:71.178,335.67935871743487
45:71.608,270.8176352705411
46:65.4,419.44088176352705
47:69.892,261.27054108216436
48:70.436,256.90380761523045
49:70.76,303.0100200400802
50:68.032,270.7695390781563
51:65.196,241.60921843687376
52:74.436,268.08016032064126
53:68.174,295.3987975951904
54:72.126,321.40881763527057
55:76.944,341.2805611222445
56:65.404,254.01202404809618
57:72.876,372.85370741482967
58:68.974,242.0741482965932
59:60.378,208.60921843687376
60:68.858,255.5430861723447
61:62.918,243.6372745490982
62:69.17,282.0260521042084
63:62.158,223.40881763527054
64:55.354,208.30260521042084
65:58.24,251.44288577154308
66:64.768,246.01002004008015
67:51.972,176.0501002004008
68:54.568,193.78957915831663
69:49.758,172.81162324649299
70:42.616,138.66132264529057
71:62.444,224.52304609218436
72:32.66,110.8937875751503
73:55.918,194.3507014028056
74:51.682,183.86372745490982
75:59.242,211.9759519038076
76:50.958,165.0501002004008
77:65.814,233.26653306613227
78:64.7,244.7815631262525
79:44.08,146.97995991983967
80:59.69,193.25450901803606
81:48.456,171.59519038076152
82:49.02,167.06412825651302
83:62.942,238.14028056112224
84:52.386,166.66132264529057
85:61.026,218.59919839679358
86:42.596,123.34869739478958
87:53.086,181.74749498997997
88:60.756,208.40881763527054
89:55.01,193.92184368737475
90:29.266,95.70941883767534
91:39.616,133.38677354709418
92:34.21,111.10420841683367
93:54.94,189.82765531062125
94:34.214,115.53507014028057
95:56.874,203.14228456913827
96:45.534,156.89779559118236
97:36.23,116.88376753507013
98:36.758,122.95991983967936
99:42.046,144.84168336673346
100:31.38,101.74148296593187
101:38.334,127.12825651302605
102:53.39,187.15430861723448
103:44.506,148.42685370741484
104:44.098,159.59519038076152
105:41.414,143.5250501002004
106:51.094,173.3887775551102
107:41.51,130.81162324649299
108:40.294,131.4689378757515
109:48.01,156.5310621242485
110:47.21,147.8316633266533
111:37.226,116.82965931863727
112:57.72,197.67334669338678
113:55.762,178.3627254509018
114:57.64,192.7174348697395
115:52.064,189.79158316633266
116:42.246,141.01603206412827
117:40.064,134.4569138276553
118:40.306,148.6072144288577
119:61.44,212.6192384769539
120:32.52,109.57915831663327
121:27.086,89.33867735470942
122:37.222,127.62925851703407
123:34.264,113.98597194388778
124:30.908,105.04008016032064
125:26.516,86.91182364729458
126:35.48,118.39879759519039
127:30.952,101.92384769539078
128:51.438,183.13627254509018
129:44.58,143.75751503006012
130:41.62,143.10220440881764
131:45.586,164.49899799599197
132:41.674,139.8937875751503
133:39.208,129.21042084168337
134:33.432,119.42484969939879
135:31.634,98.88977955911824
136:51.386,165.54709418837675
137:43.726,147.4869739478958
138:41.238,144.67935871743487
139:38.852,140.13226452905812
140:45.646,140.42885771543087
141:42.592,141.0741482965932
142:69.28,258.8937875751503
143:52.862,175.86372745490982
144:72.142,307.98597194388776
145:55.738,196.55310621242484
146:66.52,238.75951903807615
147:75.54,326.2565130260521
148:62.132,218.39679358717436
149:62.578,244.9118236472946
150:75.06,280.7875751503006
151:67.536,256.04208416833666
152:61.844,236.5931863727455
153:59.182,227.7635270541082
154:62.176,212.90781563126254
155:51.282,176.91583166332666
156:68.664,256.06012024048096
157:50.828,171.6492985971944
158:46.4,155.3507014028056
159:61.036,235.39478957915833
160:58.312,189.61322645290582
161:38.596,134.74549098196394
162:40.916,142.38677354709418
163:38.556,123.88376753507013
164:51.524,171.4308617234469
165:55.324,195.78957915831663
166:42.948,142.74549098196394
167:42.594,143.4569138276553
168:38.824,128.6192384769539
169:31.288,99.50501002004007
170:39.634,121.54509018036072
171:36.486,114.54909819639279
172:36.436,118.04208416833667
173:46.544,153.3627254509018
174:38.13,122.46492985971943
175:35.2,122.43687374749499
176:54.766,199.03006012024048
177:49.918,164.84969939879758
178:59.066,200.0180360721443
179:59.57,214.32865731462925
180:42.37,145.4749498997996
181:47.0,149.59519038076152
182:47.332,153.99599198396794
183:46.14,159.1062124248497
184:42.996,129.06412825651302
185:41.43,131.64729458917836
186:55.712,193.07615230460922
187:45.374,152.83567134268537
188:35.684,124.08016032064128
189:25.912,87.73947895791584
190:45.084,164.92785571142284
191:48.826,159.17034068136272
192:44.936,158.2685370741483
193:33.318,113.66533066132264
194:41.104,125.44689378757515
195:43.142,141.8056112224449
196:54.26,188.2364729458918
197:45.856,146.2004008016032
198:39.438,120.44088176352706
199:46.186,164.08016032064128
200:55.926,183.15230460921845
201:55.592,192.45290581162325
202:36.644,132.79559118236472
203:36.988,118.22244488977955
204:39.5,135.95190380761522
205:36.692,119.25851703406813
206:35.364,119.62324649298597
207:31.09,93.06012024048096
208:46.418,164.3246492985972
209:36.664,127.66132264529058
210:48.276,164.9759519038076
211:35.48,100.95791583166333
212:35.854,126.6312625250501
213:36.756,139.79158316633266
214:36.82,116.34669338677355
215:26.954,83.84168336673346
216:49.552,161.2304609218437
217:30.208,103.34068136272545
218:39.384,136.41082164328657
219:33.24,111.96993987975952
220:33.218,109.77955911823648
221:50.336,186.02004008016033
222:34.938,131.11623246492985
223:54.884,193.12224448897797
224:45.086,147.3066132264529
225:54.078,174.88176352705412
226:38.892,125.06412825651303
227:31.938,110.11222444889779
228:48.49,173.1623246492986
229:42.306,139.54909819639278
230:35.136,115.61923847695391
231:29.442,101.87975951903807
232:30.906,96.34468937875752
233:22.764,74.28657314629258
234:34.832,119.13627254509018
235:54.154,189.5050100200401
236:36.192,127.45691382765531
237:48.052,157.6492985971944
238:42.474,146.04609218436875
239:50.416,187.19238476953907
240:54.466,211.15430861723448
241:47.69,169.57314629258516
242:51.846,199.36072144288576
243:46.018,149.64529058116233
244:57.446,222.80961923847696
245:54.704,177.7735470941884
246:63.992,223.5370741482966
247:56.386,211.2865731462926
248:53.856,192.42284569138278
249:51.532,188.90781563126254
250:81.234,336.42284569138275
251:70.328,269.65330661322645
252:62.16,255.02605210420842
253:65.358,243.4809619238477
254:54.942,197.52905811623248
255:62.358,231.24649298597194
256:57.63,207.82765531062125
257:73.16,312.3867735470942
258:60.786,253.99599198396794
259:41.27,142.1122244488978
260:47.172,173.2745490981964
261:60.024,228.25450901803606
262:53.384,207.96392785571143
263:47.0,156.5050100200401
264:35.35,115.84769539078157
265:54.372,205.4188376753507
266:41.058,149.250501002004
267:47.716,159.97995991983967
268:46.588,155.53507014028057
269:44.588,149.95591182364728
270:31.514,101.04809619238478
271:31.538,113.48496993987976
272:34.118,115.09218436873748
273:34.526,114.14629258517034
274:34.892,128.40280561122245
275:52.928,200.6813627254509
276:59.036,227.9939879759519
277:56.152,213.72144288577155
278:44.32,169.38276553106212
279:50.846,180.72344689378758
280:52.234,192.0060120240481
281:50.348,177.31062124248496
282:53.864,190.67334669338678
283:63.658,222.3627254509018
284:56.576,208.00400801603206
285:45.564,168.38476953907815
286:64.186,265.7114228456914
287:40.56,131.89178356713427
288:46.762,164.47094188376752
289:61.568,220.93386773547095
290:58.63,217.82164328657313
291:53.096,193.79759519038078
292:60.7,228.88977955911824
293:40.008,144.23246492985973
294:46.274,153.78356713426854
295:52.086,195.5050100200401
296:58.214,208.3807615230461
297:62.774,232.16633266533066
298:51.44,186.05811623246493
299:40.4,142.53907815631263
300:45.944,163.5190380761523
301:64.388,249.06412825651302
302:44.488,157.64729458917836
303:42.074,150.30460921843687
304:50.634,170.68537074148296
305:49.538,175.5811623246493
306:54.492,211.80360721442887
307:54.138,195.82364729458916
308:67.35,260.9919839679359
309:52.852,204.06613226452905
310:47.622,158.82765531062125
311:50.818,183.89178356713427
312:45.374,161.57314629258516
313:44.22,152.9579158316633
314:46.462,171.6933867735471
315:53.656,192.00200400801603
316:51.77,205.63527054108218
317:53.68,204.81162324649299
318:51.904,180.6753507014028
319:55.866,209.7254509018036
320:49.88,189.27254509018036
321:56.07,208.14629258517033
322:56.362,201.8877755511022
323:65.116,273.5430861723447
324:62.022,218.69539078156313
325:66.242,235.9258517034068
326:47.906,155.07615230460922
327:59.872,220.47895791583167
328:50.46,173.22044088176352
329:44.106,138.5130260521042
330:34.428,108.32865731462925
331:39.968,145.91382765531063
332:46.076,155.05210420841684
333:39.12,130.46092184368737
334:35.322,122.75150300601203
335:33.978,113.40280561122245
336:32.652,108.57515030060121
337:33.082,104.41082164328657
338:34.576,113.72945891783567
339:33.93,112.17635270541082
340:29.234,92.02404809619239
341:34.884,118.85370741482966
342:28.068,90.55310621242485
343:31.416,115.59318637274549
344:47.05,164.14228456913827
345:31.554,106.93587174348697
346:36.882,125.03006012024048
347:38.36,127.03607214428858
348:32.518,110.23046092184369
349:29.206,100.86773547094188
350:25.82,81.10220440881764
351:35.842,133.2925851703407
352:42.962,137.625250501002
353:37.926,130.58917835671343
354:38.916,140.99198396793588
355:27.376,87.5250501002004
356:35.144,124.27655310621242
357:27.608,93.92785571142285
358:57.474,195.17835671342687
359:39.7,128.75150300601203
360:39.464,143.8376753507014
361:35.596,111.14228456913828
362:39.656,128.12224448897797
363:31.296,119.28857715430861
364:37.852,135.7254509018036
365:41.626,148.1302605210421
366:37.938,123.04809619238478
367:52.306,186.92184368737475
368:39.976,144.58316633266534
369:31.08,110.63527054108216
370:30.976,107.39078156312625
371:37.686,132.47695390781564
372:39.68,134.3507014028056
373:47.646,150.12224448897797
374:40.382,135.7074148296593
375:33.954,109.52905811623246
376:47.874,162.66332665330663
377:48.31,175.0
378:41.966,155.45891783567134
379:48.958,168.2745490981964
380:37.556,120.73547094188376
381:37.246,124.07014028056112
382:36.252,118.65130260521042
383:34.92,119.91783567134269
384:41.696,140.93987975951904
385:54.126,180.2184368737475
386:53.832,198.70140280561122
387:49.958,188.10220440881764
388:44.446,153.7695390781563
389:27.648,86.27855711422846
390:39.374,130.51703406813627
391:34.868,117.96793587174349
392:39.832,138.44288577154308
393:29.958,96.84368737474949
394:26.848,83.27655310621242
395:32.994,112.31663326653306
396:32.818,103.70741482965931
397:43.582,151.00400801603206
398:31.272,101.61523046092185
399:51.136,179.6112224448898
400:51.464,182.4308617234469
401:42.182,147.92384769539078
402:35.912,133.58316633266534
403:47.238,169.28857715430863
404:36.532,107.92184368737475
405:56.538,192.54108216432866
406:52.244,185.87775551102203
407:41.806,141.73346693386773
408:59.496,200.85170340681364
409:58.146,227.2444889779559
410:41.874,158.4068136272545
411:60.422,221.57314629258516
412:66.344,236.70541082164328
413:53.728,199.43286573146293
414:43.0,154.64729458917836
415:55.752,206.3246492985972
416:59.206,210.51102204408818
417:48.86,168.21442885771543
418:62.422,230.88176352705412
419:47.19,173.33867735470943
420:73.82,307.8677354709419
421:58.572,220.64529058116233
422:60.234,218.8316633266533
423:53.892,210.62925851703406
424:60.952,237.65330661322645
425:71.514,270.9238476953908
426:63.864,261.55110220440883
427:70.816,284.2965931863727
428:70.254,259.93987975951904
429:59.398,197.30460921843687
430:61.206,245.16633266533066
431:64.456,257.60721442885773
432:63.688,241.4068136272545
433:58.864,219.1122244488978
434:50.01,175.0320641282565
435:60.176,257.0681362725451
436:53.356,188.23246492985973
437:42.014,159.7635270541082
438:43.328,156.83967935871743
439:46.434,168.05210420841684
440:58.21,196.14028056112224
441:48.54,170.90380761523045
442:63.766,239.68737474949899
443:58.928,219.46492985971943
444:63.51,253.27054108216433
445:60.714,214.3887775551102
446:61.918,222.30260521042084
447:53.28,178.5511022044088
448:60.25,229.9058116232465
449:51.328,193.2184368737475
450:49.272,173.75751503006012
451:53.654,198.8376753507014
452:57.138,201.79759519038078
453:53.456,211.22845691382764
454:53.084,201.05811623246493
455:42.11,139.45290581162325
456:46.264,166.75150300601203
457:58.502,221.14228456913827
458:50.922,190.18236472945893
459:61.646,230.56713426853707
460:72.138,343.6753507014028
461:63.276,242.53306613226454
462:51.328,186.04609218436875
463:61.326,227.32865731462925
464:57.272,203.27054108216433
465:63.97,244.65931863727454
466:57.806,218.82565130260522
467:67.554,240.01002004008015
468:67.464,254.3807615230461
469:67.782,256.72945891783564
470:62.634,237.31062124248496
471:64.894,247.69138276553107
472:56.402,213.7815631262525
473:56.13,209.67334669338678
474:63.466,239.6573146292585
475:55.32,195.6312625250501
476:53.228,195.79759519038078
477:52.948,164.57114228456913
478:56.984,197.01002004008015
479:63.136,242.4128256513026
480:56.13,210.77755511022045
481:52.57,204.89178356713427
482:49.88,168.21643286573146
483:53.68,202.08617234468937
484:39.178,134.87775551102203
485:64.044,248.01202404809618
486:38.114,130.52304609218436
487:37.148,118.20040080160321
488:39.842,135.14829659318636
489:30.264,104.12625250501002
490:51.504,193.03607214428857
491:63.644,231.28456913827657
492:58.992,217.32665330661322
493:44.1,150.62725450901803
494:52.036,185.62725450901803
495:39.33,146.99599198396794
496:49.056,175.9819639278557
497:45.29,169.17034068136272
498:51.644,186.99599198396794
499:58.266,220.17234468937875
500:54.026,182.75951903807615
501:50.56,183.11422845691382
502:45.492,155.73346693386773
503:76.762,300.687374749499
504:60.972,232.6312625250501
505:69.402,266.52304609218436
506:60.332,229.07014028056113
507:53.702,187.00801603206412
508:60.184,212.41482965931863
509:46.744,154.54709418837675
510:44.974,171.71142284569137
511:71.292,246.54709418837675
512:73.48,301.0060120240481
513:69.732,250.1382765531062
514:49.322,186.67735470941884
515:53.902,185.72745490981964
516:54.102,185.62725450901803
517:66.81,252.0741482965932
518:50.872,166.05811623246493
519:45.04,155.124248496994
520:30.904,109.42484969939879
521:64.454,248.34068136272546
522:74.92,297.17835671342687
523:67.844,279.5871743486974
524:61.822,214.17034068136272
525:68.936,243.8056112224449
526:79.004,283.312625250501
527:63.164,257.5851703406814
528:54.642,191.59118236472946
529:65.586,259.32064128256513
530:66.426,242.92384769539078
531:60.232,223.44288577154308
532:66.952,288.62525050100203
533:52.286,187.40280561122245
534:61.56,217.0881763527054
535:69.616,282.5751503006012
536:61.318,240.6312625250501
537:69.094,358.61723446893785
538:58.396,208.9178356713427
539:65.11,254.21442885771543
540:59.406,245.3687374749499
541:68.102,243.46693386773546
542:44.872,154.86773547094188
543:59.268,224.50901803607215
544:49.244,178.76553106212424
545:61.362,221.0561122244489
546:48.852,187.63326653306612
547:58.898,220.23847695390782
548:57.944,216.4809619238477
549:56.726,217.8617234468938
550:43.41,146.99198396793588
551:40.71,145.34068136272546
552:60.454,233.1122244488978
553:42.958,141.89579158316633
554:46.83,161.90781563126254
555:48.954,155.80160320641284
556:36.498,122.84368737474949
557:56.61,191.8617234468938
558:42.766,157.06412825651302
559:40.96,141.85971943887776
560:61.062,208.1563126252505
561:49.25,169.49298597194388
562:39.666,138.92184368737475
563:40.374,151.46693386773546
564:45.48,154.49699398797594
565:35.472,122.54108216432866
566:34.522,119.16032064128257
567:55.494,199.78557114228457
568:69.218,239.84769539078155
569:51.662,181.56713426853707
570:45.942,177.4128256513026
571:69.862,278.9639278557114
572:56.862,208.13426853707415
573:45.762,166.77755511022045
574:46.952,165.28456913827657
575:50.488,186.7174348697395
576:54.254,177.50100200400803
577:46.08,160.7815631262525
578:42.604,159.55711422845692
579:46.26,168.2004008016032
580:44.186,180.07815631262525
581:40.314,138.37675350701403
582:61.534,230.52304609218436
583:58.746,214.47695390781564
584:62.694,238.89779559118236
585:63.8,249.64128256513027
586:61.454,228.26052104208418
587:57.884,197.70941883767534
588:46.794,183.30260521042084
589:74.294,310.7374749498998
590:72.302,322.36472945891785
591:53.424,197.87374749498997
592:65.288,242.69138276553107
593:51.696,184.3326653306613
594:49.448,183.62324649298597
595:52.448,180.45090180360722
596:60.926,222.98597194388776
597:63.038,270.57114228456913
598:56.628,199.12625250501003
599:76.782,316.4869739478958
600:73.116,289.5290581162325
601:52.792,192.62324649298597
602:49.56,188.63326653306612
603:62.7,235.76152304609218
604:48.198,164.250501002004
605:55.718,205.48496993987976
606:66.504,277.90981963927857
607:68.748,275.8617234468938
608:75.394,351.55911823647295
609:56.902,204.59919839679358
610:65.276,241.11022044088176
611:70.646,266.49699398797594
612:70.402,256.31062124248496
613:68.916,283.9078156312625
614:63.742,247.2184368737475
615:73.046,275.064128256513
616:57.494,208.69739478957916
617:61.526,225.6753507014028
618:66.856,257.6112224448898
619:81.01,304.51503006012024
620:74.714,346.17034068136275
621:59.814,215.54709418837675
622:65.528,253.73346693386773
623:54.324,203.99599198396794
624:64.278,275.5170340681363
625:66.54,281.12825651302603
626:61.156,228.5130260521042
627:60.162,226.02605210420842
628:66.138,261.248496993988
629:39.16,143.0380761523046
630:51.602,189.58917835671343
631:55.69,211.75751503006012
632:60.488,222.23246492985973
633:53.194,196.3066132264529
634:64.782,249.21442885771543
635:60.782,237.4689378757515
636:59.594,248.2565130260521
637:56.488,227.16032064128257
638:69.0,282.4268537074148
639:70.474,267.1382765531062
640:64.138,231.4068136272545
641:54.606,209.97795591182364
642:53.334,199.0
643:66.238,217.96392785571143
644:51.138,188.53507014028057
645:62.484,224.11422845691382
646:60.868,241.84969939879758
647:68.002,262.14629258517033
648:66.498,243.83567134268537
649:71.412,279.77354709418836
650:72.154,315.5731462925852
651:63.248,266.39078156312627
652:73.158,311.73346693386776
653:60.654,227.70541082164328
654:61.198,281.7254509018036
655:61.36,225.94789579158316
656:49.424,169.87775551102203
657:50.226,165.25450901803606
658:36.88,128.7695390781563
659:56.168,193.6432865731463
660:37.702,127.57515030060121
661:57.902,206.84769539078155
662:61.598,239.79158316633266
663:58.71,212.67735470941884
664:43.138,176.29058116232466
665:65.334,251.93587174348698
666:59.482,222.6933867735471
667:63.052,230.70140280561122
668:49.002,156.9579158316633
669:51.594,198.07214428857716
670:48.178,172.8997995991984
671:47.488,156.59919839679358
672:50.588,182.72945891783567
673:41.886,144.50100200400803
674:51.218,176.12224448897797
675:53.894,201.45490981963928
676:67.272,262.01402805611224
677:46.662,156.8557114228457
678:53.432,197.65931863727454
679:50.972,210.69138276553107
680:60.212,203.81162324649299
681:50.356,171.15030060120242
682:51.784,190.3687374749499
683:69.594,280.7134268537074
684:43.076,171.62124248496994
685:52.812,182.93987975951904
686:41.236,146.31462925851704
687:63.644,240.53907815631263
688:44.218,156.27054108216433
689:47.43,164.6753507014028
690:55.252,203.45490981963928
691:50.758,184.7074148296593
692:42.918,139.62124248496994
693:53.224,186.8056112224449
694:54.076,180.87174348697394
695:58.88,204.35871743486973
696:49.95,169.2625250501002
697:60.958,221.88577154308618
698:57.344,204.49899799599197
699:65.422,224.4448897795591
700:45.384,172.4569138276553
701:38.442,133.62124248496994
702:74.558,298.71743486973946
703:61.278,213.81162324649299
704:59.248,231.52304609218436
705:71.614,346.7595190380762
706:68.306,299.09619238476955
707:68.746,240.65130260521042
708:67.692,276.75551102204406
709:61.67,230.02805611222445
710:62.114,205.70941883767534
711:68.018,251.83567134268537
712:65.5,260.5130260521042
713:55.574,214.4448897795591
714:56.226,214.29659318637275
715:60.068,208.1122244488978
716:74.344,319.19038076152304
717:68.58,278.55911823647295
718:63.762,265.67134268537075
719:60.12,206.9619238476954
720:54.26,204.22044088176352
721:72.348,260.87374749498997
722:74.736,307.12825651302603
723:71.168,256.80360721442884
724:62.026,234.83967935871743
725:63.814,229.5050100200401
726:75.568,334.9238476953908
727:68.558,369.11422845691385
728:68.916,253.5310621242485
729:67.128,260.56112224448896
730:65.586,241.3987975951904
731:62.736,236.13226452905812
732:63.036,244.69539078156313
733:68.136,238.0681362725451
734:65.5,242.27655310621242
735:52.17,202.17434869739478
736:61.308,238.62324649298597
737:65.722,282.4889779559118
738:78.478,339.09619238476955
739:67.2,284.0180360721443
740:68.962,283.0541082164329
741:68.042,251.2124248496994
742:56.47,213.4809619238477
743:63.892,255.08416833667334
744:67.094,270.1482965931864
745:69.018,313.29058116232466
746:54.724,185.4749498997996
747:65.186,242.1302605210421
748:69.394,265.9318637274549
749:66.49,239.749498997996
750:70.012,258.7034068136273
751:76.87,347.9458917835671
752:55.31,222.77755511022045
753:74.246,297.4268537074148
754:63.28,242.68537074148296
755:51.592,178.3186372745491
756:58.226,219.0941883767535
757:63.14,253.40881763527054
758:70.59,343.9158316633266
759:67.286,308.14629258517033
760:54.614,191.15230460921845
761:66.634,257.24649298597194
762:67.104,367.0200400801603
763:73.534,332.25450901803606
764:78.58,374.61723446893785
765:63.332,397.8496993987976
766:69.694,317.14629258517033
767:71.764,369.9939879759519
768:64.694,250.6813627254509
769:72.43,322.24649298597194
770:62.216,226.94589178356713
771:67.072,274.3607214428858
772:55.304,192.78957915831663
773:53.188,179.63326653306612
774:60.756,218.37074148296594
775:30.73,100.21843687374749
776:42.154,145.5130260521042
777:50.878,176.00200400801603
778:61.488,219.1943887775551
779:40.594,139.68537074148296
780:50.52,168.76753507014027
781:61.266,224.18436873747495
782:53.562,191.96993987975952
783:61.732,229.0420841683367
784:68.048,265.08817635270543
785:51.588,193.70941883767534
786:72.13,274.6633266533066
787:73.288,278.1122244488978
788:53.382,210.31663326653307
789:61.624,226.04008016032063
790:75.474,311.0060120240481
791:65.15,234.82164328657313
792:56.364,202.6312625250501
793:58.682,227.70541082164328
794:58.72,213.6993987975952
795:63.108,245.9058116232465
796:48.96,174.56713426853707
797:56.092,217.18436873747495
798:66.952,265.1623246492986
799:66.26,232.0060120240481
800:68.202,302.25450901803606
801:60.742,205.4128256513026
802:49.534,179.6112224448898
803:49.596,182.15430861723448
804:59.212,216.99799599198397
805:65.364,273.6052104208417
806:71.628,261.4809619238477
807:77.576,336.0541082164329
808:72.17,328.7575150300601
809:68.962,310.42885771543087
810:65.962,265.09619238476955
811:48.458,172.28456913827657
812:71.504,308.0541082164329
813:72.122,314.5130260521042
814:64.808,255.3186372745491
815:71.656,250.48897795591182
816:71.496,339.4549098196393
817:65.648,267.1362725450902
818:58.414,239.5430861723447
819:68.634,238.3987975951904
820:68.412,255.3326653306613
821:53.752,189.34669338677355
822:68.982,254.25851703406815
823:68.976,265.17034068136275
824:71.194,263.44088176352705
825:64.386,242.49298597194388
826:69.302,308.7795591182365
827:51.058,186.7995991983968
828:66.702,258.4529058116232
829:62.694,244.04609218436875
830:63.524,225.23246492985973
831:60.586,214.02204408817636
832:60.048,219.49699398797594
833:68.178,254.42084168336675
834:63.676,235.87174348697394
835:62.3,250.3687374749499
836:63.786,260.0080160320641
837:75.012,328.7815631262525
838:65.688,254.22845691382764
839:60.344,255.15430861723448
840:67.42,290.35871743486973
841:61.386,242.4689378757515
842:71.494,308.42084168336675
843:70.224,304.35270541082167
844:64.376,272.4128256513026
845:65.418,264.55110220440883
846:71.554,345.63326653306615
847:76.878,322.7595190380762
848:70.036,283.2685370741483
849:72.294,288.4509018036072
850:55.26,202.37875751503006
851:63.718,249.5310621242485
852:68.262,275.77354709418836
853:56.1,209.28056112224448
854:64.394,234.0501002004008
855:60.498,215.63326653306612
856:53.014,172.3426853707415
857:52.472,197.68937875751504
858:50.272,180.02605210420842
859:53.28,184.63527054108218
860:38.956,143.7074148296593
861:47.702,176.88376753507015
862:56.244,192.02204408817636
863:62.372,229.41482965931863
864:50.646,191.4689378757515
865:45.48,169.3567134268537
866:57.034,206.29058116232466
867:51.912,180.01002004008015
868:65.43,246.5931863727455
869:60.042,238.20240480961922
870:44.884,166.0881763527054
871:49.848,183.04008016032063
872:54.442,205.16032064128257
873:58.604,196.59919839679358
874:55.438,199.6012024048096
875:50.132,176.6813627254509
876:60.196,223.40480961923848
877:57.218,226.37675350701403
878:51.452,202.04008016032063
879:60.588,216.96593186372746
880:57.894,215.16432865731463
881:55.242,187.07815631262525
882:59.84,200.5551102204409
883:46.95,157.70340681362725
884:46.198,157.58517034068137
885:45.758,156.83567134268537
886:41.772,135.4869739478958
887:38.85,135.81563126252505
888:40.444,140.10220440881764
889:39.806,130.71543086172343
890:49.31,174.99799599198397
891:46.576,170.03006012024048
892:54.484,183.80961923847696
893:36.164,126.5811623246493
894:46.042,150.87174348697394
895:56.508,227.46693386773546
896:63.14,236.38476953907815
897:48.804,176.14829659318636
898:56.696,204.5551102204409
899:42.32,148.12224448897797
900:48.92,170.36673346693388
901:56.032,186.88577154308618
902:50.782,199.7434869739479
903:64.298,257.28256513026054
904:52.832,189.7875751503006
905:58.618,231.2004008016032
906:69.118,252.24248496993988
907:55.822,197.5811623246493
908:53.236,204.6312625250501
909:47.378,172.45490981963928
910:57.964,218.8436873747495
911:55.474,211.5370741482966
912:74.062,320.0821643286573
913:75.446,321.14028056112227
914:69.562,289.565130260521
915:55.12,221.85771543086173
916:61.174,247.13426853707415
917:68.932,243.51503006012024
918:63.662,231.39078156312624
919:47.17,186.7635270541082
920:63.418,244.33667334669337
921:62.77,244.34468937875752
922:47.054,164.16032064128257
923:63.324,247.10420841683367
924:68.0,269.7054108216433
925:55.714,191.01402805611224
926:71.792,253.31262525050101
927:57.574,217.29458917835672
928:54.872,210.2565130260521
929:59.608,251.3987975951904
930:60.404,221.68537074148296
931:67.716,267.44689378757516
932:71.842,293.01402805611224
933:71.414,286.2885771543086
934:66.618,285.57114228456913
935:67.486,319.19839679358716
936:65.528,248.7434869739479
937:59.008,222.7174348697395
938:67.44,260.7675350701403
939:69.384,270.25450901803606
940:58.152,233.50300601202406
941:74.366,317.4448897795591
942:71.682,334.17835671342687
943:65.84,253.52304609218436
944:69.386,385.81963927855713
945:75.79,388.0180360721443
946:58.698,249.63326653306612
947:57.738,239.73947895791582
948:52.516,189.76553106212424
949:46.528,169.42885771543087
950:58.472,210.42685370741484
951:65.69,285.98396793587176
952:43.416,148.9679358717435
953:58.77,219.96993987975952
954:60.742,217.11422845691382
955:62.56,233.4188376753507
956:51.43,178.56312625250501
957:64.524,233.11823647294588
958:56.91,215.90380761523045
959:44.004,171.15430861723448
960:47.3,169.67134268537075
961:64.336,239.76753507014027
962:52.954,202.17034068136272
963:52.318,191.2745490981964
964:58.892,209.74749498997997
965:63.88,232.92384769539078
966:67.49,265.80360721442884
967:61.328,228.61322645290582
968:58.662,217.08416833667334
969:66.802,239.4248496993988
970:55.976,205.08016032064128
971:47.212,171.59118236472946
972:42.26,149.1623246492986
973:49.644,180.7074148296593
974:61.398,262.90981963927857
975:67.858,279.55110220440883
976:69.488,271.23446893787576
977:65.894,264.7975951903808
978:66.202,244.62324649298597
979:68.67,245.92384769539078
980:54.006,207.63527054108218
981:46.32,161.6072144288577
982:59.158,222.92985971943887
983:40.396,136.80160320641284
984:68.658,237.84168336673346
985:39.364,139.10821643286573
986:46.298,164.58316633266534
987:69.88,320.14028056112227
988:62.338,242.29859719438878
989:67.818,309.90380761523045
990:57.006,209.83567134268537
991:48.856,175.42084168336675
992:57.04,225.43286573146293
993:43.302,162.52905811623248
994:55.604,193.4068136272545
995:54.612,199.00200400801603
996:59.42,221.44689378757516
997:66.85,243.1442885771543
998:47.69,169.84769539078155
999:44.606,147.18236472945893
1000:48.078,174.6933867735471
1001:60.74,223.74148296593185
1002:60.372,219.90781563126254
1003:38.394,140.96392785571143
1004:27.99,93.8056112224449
1005:36.244,129.4488977955912
1006:43.914,158.23246492985973
1007:34.184,129.42685370741484
1008:47.306,173.76753507014027
1009:39.382,149.09018036072143
1010:44.642,178.06012024048096
1011:41.752,148.30260521042084
1012:69.092,271.48496993987976
1013:53.932,215.25250501002003
1014:58.196,209.42685370741484
1015:44.494,155.87374749498997
1016:59.252,204.75951903807615
1017:46.744,172.65931863727454
1018:55.462,208.2745490981964
1019:67.032,247.48496993987976
1020:51.608,178.67334669338678
1021:50.132,181.04609218436875
1022:44.66,151.45490981963928
1023:52.496,200.69739478957916
1024:59.022,213.46693386773546
1025:55.328,212.15230460921845
1026:59.942,225.02605210420842
1027:34.118,131.93587174348698
1028:52.206,189.91983967935872
1029:50.536,185.01202404809618
1030:56.132,199.99799599198397
1031:65.262,274.0921843687375
1032:58.152,217.51503006012024
1033:59.43,219.63527054108218
1034:67.35,251.09018036072143
1035:61.766,239.374749498998
1036:37.184,141.50701402805612
1037:49.846,188.2825651302605
1038:55.356,207.41482965931863
1039:55.122,206.17034068136272
1040:52.322,203.0941883767535
1041:52.864,209.6072144288577
1042:53.038,187.92785571142284
1043:61.958,249.7695390781563
1044:55.788,214.83967935871743
1045:44.12,161.2625250501002
1046:55.214,211.37274549098197
1047:64.772,261.5490981963928
1048:66.414,265.28456913827654
1049:67.358,288.73547094188376
1050:71.382,266.05210420841684
1051:67.068,268.90380761523045
1052:68.76,297.4729458917836
1053:63.736,246.60521042084167
1054:66.614,245.99799599198397
1055:69.612,282.186372745491
1056:68.734,280.64729458917833
1057:74.144,325.7114228456914
1058:69.9,265.53306613226454
1059:58.352,214.61523046092185
1060:61.334,237.84168336673346
1061:56.67,213.23246492985973
1062:58.028,235.34869739478958
1063:62.416,225.5310621242485
1064:55.51,223.5050100200401
1065:51.73,181.61723446893788
1066:62.788,249.1442885771543
1067:57.742,210.59118236472946
1068:52.746,199.31462925851704
1069:74.284,304.26653306613224
1070:62.86,257.07815631262525
1071:63.376,254.51703406813627
1072:61.186,230.8376753507014
1073:68.736,293.4909819639279
1074:63.042,235.3687374749499
1075:54.958,214.37675350701403
1076:75.142,378.0440881763527
1077:67.39,317.69739478957916
1078:56.506,206.55911823647295
1079:53.466,192.66332665330663
1080:61.2,212.89779559118236
1081:51.542,170.1943887775551
1082:56.518,196.8557114228457
1083:59.958,221.2865731462926
1084:61.038,225.14829659318636
1085:54.128,203.8436873747495
1086:50.44,178.99198396793588
1087:52.038,195.45891783567134
1088:57.456,209.7995991983968
1089:50.018,184.75350701402806
1090:57.348,207.0060120240481
1091:47.408,170.96593186372746
1092:58.502,222.3887775551102
1093:61.202,223.01002004008015
1094:59.172,210.19038076152304
1095:51.36,196.20440881763528
1096:62.57,227.84769539078155
1097:51.01,202.07014028056113
1098:68.62,274.53507014028054
1099:63.796,255.78557114228457
1100:42.714,149.96993987975952
1101:47.214,165.92785571142284
1102:51.498,178.66933867735472
1103:44.102,156.8797595190381
1104:35.962,135.3326653306613
1105:42.132,160.88376753507015
1106:52.21,178.6993987975952
1107:46.082,161.1202404809619
1108:45.782,174.20240480961922
1109:44.352,159.625250501002
1110:41.546,146.28857715430863
1111:46.074,165.5190380761523
1112:47.582,168.22845691382764
1113:44.006,150.63527054108218
1114:48.174,171.64729458917836
1115:47.114,184.6933867735471
1116:49.978,175.64529058116233
1117:64.79,252.6933867735471
1118:47.416,166.4068136272545
1119:43.548,157.37675350701403
1120:40.838,157.09619238476955
1121:53.71,181.31062124248496
1122:55.036,203.31262525050101
1123:59.458,230.625250501002
1124:47.922,160.4569138276553
1125:42.574,152.19038076152304
1126:38.874,139.17434869739478
1127:45.38,153.1623246492986
1128:54.858,194.46092184368737
1129:54.482,199.75150300601203
1130:52.41,187.0881763527054
1131:62.882,228.1943887775551
1132:63.756,258.9519038076152
1133:48.634,175.50100200400803
1134:51.718,186.84168336673346
1135:64.724,244.74148296593185
1136:60.418,205.28857715430863
1137:40.026,142.374749498998
1138:70.958,268.6292585170341
1139:43.126,154.97394789579158
1140:50.952,177.62324649298597
1141:48.012,180.5130260521042
1142:63.256,228.37074148296594
1143:66.556,286.4869739478958
1144:48.61,186.99198396793588
1145:60.998,225.69539078156313
1146:62.676,229.66132264529057
1147:51.538,200.92384769539078
1148:57.282,199.05811623246493
1149:59.98,228.35270541082164
1150:68.412,278.8977955911824
1151:65.702,256.6673346693387
1152:62.11,244.13426853707415
1153:60.574,232.01002004008015
1154:53.576,186.69539078156313
1155:72.6,261.65931863727457
1156:45.922,165.7134268537074
1157:57.848,225.91382765531063
1158:61.154,226.11422845691382
1159:53.96,202.97995991983967
1160:68.054,279.1643286573146
1161:36.026,136.05811623246493
1162:34.076,123.62725450901803
1163:49.28,175.30861723446893
1164:45.466,163.93386773547095
1165:56.528,203.30460921843687
1166:43.232,163.34669338677355
1167:60.5,224.17635270541084
1168:53.53,197.4689378757515
1169:36.3,133.5871743486974
1170:47.934,164.2184368737475
1171:46.538,178.60320641282564
1172:39.684,136.6673346693387
1173:45.614,168.95991983967937
1174:32.442,114.38076152304609
1175:34.04,122.36673346693387
1176:41.7,140.49098196392785
1177:42.192,145.7935871743487
1178:36.642,138.749498997996
1179:42.206,151.36673346693388
1180:36.116,127.23446893787575
1181:53.114,191.04008016032063
1182:46.628,177.87174348697394
1183:43.842,162.64529058116233
1184:30.692,108.92985971943888
1185:35.202,122.05811623246493
1186:47.588,178.5310621242485
1187:37.648,132.5370741482966
1188:47.902,168.96993987975952
1189:31.36,111.82565130260521
1190:39.904,139.34068136272546
1191:40.602,130.1943887775551
1192:28.982,96.34068136272545
1193:32.586,119.26052104208416
1194:35.602,123.08617234468937
1195:39.906,140.31462925851704
1196:57.646,221.8997995991984
1197:55.998,198.03406813627254
1198:44.08,153.13226452905812
1199:52.44,177.69739478957916
1200:33.648,110.59719438877755
1201:52.57,181.7134268537074
1202:46.302,175.0821643286573
1203:38.99,135.03006012024048
1204:33.56,110.57915831663327
1205:50.784,164.63326653306612
1206:54.782,207.21643286573146
1207:44.924,164.57314629258516
1208:37.782,142.25450901803606
1209:35.39,123.58717434869739
1210:33.01,112.02404809619239
1211:44.672,151.84769539078155
1212:32.542,117.36472945891784
1213:30.146,113.54308617234469
1214:41.93,138.3927855711423
1215:39.608,136.70140280561122
1216:35.466,127.15631262525051
1217:39.952,128.2184368737475
1218:40.324,144.23246492985973
1219:44.136,160.65531062124248
1220:37.44,125.90581162324649
1221:34.976,122.6753507014028
1222:44.432,150.9939879759519
1223:44.822,137.58517034068137
1224:39.164,137.98997995991985
1225:37.744,131.38276553106212
1226:29.854,96.63326653306613
1227:35.474,108.99198396793587
1228:36.544,121.81763527054109
1229:37.798,131.56713426853707
1230:43.138,147.45090180360722
1231:36.426,126.91983967935872
1232:33.406,116.08617234468937
1233:39.794,136.27054108216433
1234:31.204,107.48296593186373
1235:36.28,129.17835671342687
1236:34.212,119.83567134268537
1237:52.51,182.32064128256513
1238:47.668,175.5691382765531
1239:53.48,180.90981963927857
1240:50.156,175.875751503006
1241:39.07,129.5871743486974
1242:48.384,166.54108216432866
1243:39.19,136.09218436873746
1244:27.366,90.75551102204409
1245:42.628,151.20240480961922
1246:31.996,105.25250501002004
1247:35.18,124.32665330661322
1248:29.448,98.72344689378758
1249:42.814,156.93787575150301
1250:32.418,105.75350701402806
1251:41.056,143.33066132264528
1252:34.068,110.52304609218437
1253:38.876,136.4629258517034
1254:47.196,168.24649298597194
1255:45.998,182.14629258517033
1256:43.076,157.11823647294588
1257:41.354,142.55711422845692
1258:33.632,118.73547094188376
1259:39.184,140.16633266533066
1260:39.78,139.06012024048096
1261:53.24,204.20240480961922
1262:50.192,176.82164328657313
1263:61.392,245.3066132264529
1264:42.336,158.09018036072143
1265:44.54,171.9058116232465
1266:44.89,166.3687374749499
1267:45.074,157.93987975951904
1268:36.502,124.62925851703407
1269:28.258,89.42685370741484
1270:44.066,162.875751503006
1271:47.436,172.6372745490982
1272:48.624,172.77154308617236
1273:41.004,144.5691382765531
1274:40.996,150.84569138276552
1275:42.758,151.46092184368737
1276:49.614,172.6492985971944
1277:65.412,237.62324649298597
1278:59.696,227.39679358717436
1279:67.262,245.69739478957916
1280:63.128,256.17034068136275
1281:44.93,156.61523046092185
1282:60.126,229.4188376753507
1283:59.258,214.57114228456913
1284:71.75,336.9719438877755
1285:50.11,186.6993987975952
1286:55.904,196.97795591182364
1287:49.47,173.54909819639278
1288:39.098,134.24248496993988
1289:55.308,210.1062124248497
1290:48.222,178.25851703406815
1291:50.536,190.49899799599197
1292:52.138,194.87775551102203
1293:52.878,192.4448897795591
1294:45.584,167.31462925851704
1295:53.218,200.2865731462926
1296:38.16,139.61723446893788
1297:50.666,180.17034068136272
1298:54.028,213.49699398797594
1299:61.098,224.07815631262525
1300:54.646,197.34068136272546
1301:53.012,201.44088176352705
1302:57.582,211.9819639278557
1303:55.712,210.37274549098197
1304:54.996,211.40881763527054
1305:52.592,193.76753507014027
1306:59.618,237.32865731462925
1307:54.782,184.92384769539078
1308:53.438,194.55711422845692
1309:45.898,171.68737474949899
1310:58.052,203.625250501002
1311:39.074,147.9579158316633
1312:48.264,180.3567134268537
1313:54.002,180.27855711422845
1314:37.644,142.5250501002004
1315:43.71,166.92785571142284
1316:51.148,184.61523046092185
1317:76.136,277.17835671342687
1318:56.178,219.92184368737475
1319:59.202,231.94188376753507
1320:61.942,241.5370741482966
1321:63.602,267.50300601202406
1322:61.806,250.6012024048096
1323:66.556,240.4448897795591
1324:47.954,186.0240480961924
1325:54.028,212.87775551102203
1326:54.224,195.49298597194388
1327:49.426,192.48897795591182
1328:68.858,258.93987975951904
1329:68.26,262.1442885771543
1330:47.76,174.56312625250501
1331:58.084,227.23847695390782
1332:46.85,177.2184368737475
1333:39.872,146.18436873747495
1334:48.59,184.34468937875752
1335:45.776,170.1002004008016
1336:41.83,150.5190380761523
1337:39.128,149.42084168336675
1338:59.23,209.76553106212424
1339:62.11,243.4629258517034
1340:41.958,153.57314629258516
1341:52.41,189.5310621242485
1342:57.84,196.40881763527054
1343:61.524,231.52905811623248
1344:60.84,210.15430861723448
1345:43.61,165.53907815631263
1346:48.104,188.16432865731463
1347:53.57,181.23847695390782
1348:38.896,138.5190380761523
1349:49.848,172.37274549098197
1350:49.102,187.8797595190381
1351:43.516,150.48296593186373
1352:42.878,163.87174348697394
1353:38.38,137.06412825651302
1354:53.1,192.24649298597194
1355:50.384,191.56112224448898
1356:61.398,223.7695390781563
1357:67.238,257.31062124248496
1358:51.724,176.7695390781563
1359:56.842,225.47094188376752
1360:66.822,280.4328657314629
1361:71.604,292.57114228456913
1362:60.534,227.3887775551102
1363:74.04,294.77354709418836
1364:71.888,289.14629258517033
1365:69.274,291.563126252505
1366:58.66,227.24248496993988
1367:72.714,307.9438877755511
1368:68.408,240.24649298597194
1369:54.002,208.54909819639278
1370:49.298,184.67935871743487
1371:56.132,204.10220440881764
1372:60.844,242.59519038076152
1373:55.322,196.0
1374:71.436,299.1763527054108
1375:66.698,304.2805611222445
1376:70.502,300.1102204408818
1377:61.806,243.2925851703407
1378:59.21,216.8056112224449
1379:68.04,251.84769539078155
1380:71.65,281.4008016032064
1381:61.778,268.64328657314627
1382:55.082,215.02004008016033
1383:67.376,314.35270541082167
1384:58.564,200.62124248496994
1385:51.138,188.82765531062125
1386:64.544,304.32865731462925
1387:53.126,188.89579158316633
1388:65.346,248.12625250501003
1389:53.496,208.02204408817636
1390:59.056,229.02004008016033
1391:57.894,220.5370741482966
1392:61.382,250.54108216432866
1393:58.544,228.5811623246493
1394:52.716,201.39478957915833
1395:55.68,201.7314629258517
1396:69.918,289.811623246493
1397:62.172,241.50100200400803
1398:42.848,164.4448897795591
1399:56.732,225.0681362725451
1400:60.93,241.70140280561122
1401:46.464,162.52304609218436
1402:44.346,157.2444889779559
1403:54.796,199.00400801603206
1404:56.73,217.3927855711423
1405:64.084,269.17835671342687
1406:56.22,212.6813627254509
1407:45.626,159.01002004008015
1408:58.73,236.92785571142284
1409:46.372,166.32665330661322
1410:51.708,182.19038076152304
1411:51.88,189.29458917835672
1412:46.074,172.5310621242485
1413:52.822,190.08416833667334
1414:54.86,215.92184368737475
1415:63.522,251.02004008016033
1416:57.338,230.16633266533066
1417:50.734,200.51102204408818
1418:52.506,203.42084168336675
1419:60.824,238.8196392785571
1420:59.232,241.3567134268537
1421:65.45,246.42685370741484
1422:48.018,182.60521042084167
1423:57.598,224.50100200400803
1424:57.732,238.77154308617236
1425:57.308,215.7815631262525
1426:65.852,251.8196392785571
1427:58.138,203.60921843687376
1428:59.294,236.30861723446893
1429:49.96,183.11623246492985
1430:56.52,233.08016032064128
1431:42.286,143.90981963927857
1432:50.498,190.28056112224448
1433:53.748,201.66132264529057
1434:60.194,234.10420841683367
1435:59.832,219.2925851703407
1436:60.876,229.56312625250501
1437:59.002,235.88176352705412
1438:58.728,229.4629258517034
1439:62.388,253.22845691382764
1440:58.774,254.9498997995992
1441:59.48,231.16032064128257
1442:53.846,211.97795591182364
1443:50.344,202.625250501002
1444:54.806,202.09819639278558
1445:54.322,208.27655310621242
1446:51.292,184.80761523046093
1447:33.612,119.64729458917836
1448:34.9,126.39879759519039
1449:45.646,171.09619238476955
1450:60.264,225.67334669338678
1451:56.984,214.14028056112224
1452:54.444,204.77955911823648
1453:40.516,146.66132264529057
1454:46.714,171.28857715430863
1455:59.438,245.99799599198397
1456:70.498,283.18036072144287
1457:61.896,256.1482965931864
1458:67.716,278.7795591182365
1459:64.852,233.97394789579158
1460:54.742,205.7254509018036
1461:51.38,193.17635270541084
1462:50.228,178.4809619238477
1463:60.096,219.7555110220441
1464:60.832,223.79759519038078
1465:53.848,189.43286573146293
1466:44.89,163.5551102204409
1467:36.356,126.40881763527054
1468:48.558,167.0561122244489
1469:53.542,194.2184368737475
1470:55.216,195.92184368737475
1471:44.66,161.3627254509018
1472:62.384,239.96593186372746
1473:39.308,142.25851703406815
1474:50.764,173.64729458917836
1475:40.238,138.8557114228457
1476:64.386,256.80961923847696
1477:48.338,166.7995991983968
1478:54.538,209.64529058116233
1479:54.334,194.55310621242484
1480:54.448,187.0380761523046
1481:55.482,210.49298597194388
1482:52.63,173.67935871743487
1483:50.008,177.55711422845692
1484:40.618,149.8376753507014
1485:52.684,187.99799599198397
1486:54.744,197.3887775551102
1487:55.848,195.68537074148296
1488:60.242,226.24649298597194
1489:33.134,127.28256513026052
1490:70.596,290.86573146292585
1491:56.988,201.21442885771543
1492:68.336,253.18436873747495
1493:56.458,233.95190380761522
1494:51.018,178.0240480961924
1495:40.586,142.7434869739479
1496:42.736,152.87775551102203
1497:51.114,172.99198396793588
1498:35.84,121.3687374749499
1499:45.936,171.70140280561122
1500:43.898,165.28857715430863
1501:45.544,157.55310621242484
1502:49.288,173.45090180360722
1503:46.602,158.9498997995992
1504:46.166,156.54108216432866
1505:59.732,216.17434869739478
1506:42.456,156.95390781563125
1507:50.38,202.0380761523046
1508:46.286,165.80360721442887
1509:28.11,94.63927855711422
1510:34.27,112.03006012024048
1511:37.762,132.7935871743487
1512:42.352,150.6933867735471
1513:40.172,128.77555110220442
1514:50.962,184.89579158316633
1515:53.28,194.28056112224448
1516:46.746,169.43486973947896
1517:36.636,124.59118236472946
1518:40.044,137.78957915831663
1519:50.664,174.67134268537075
1520:39.266,128.42885771543087
1521:29.784,99.2244488977956
1522:52.706,185.55310621242484
1523:56.742,211.91583166332666
1524:45.388,172.13426853707415
1525:45.164,163.22044088176352
1526:62.14,219.4869739478958
1527:55.53,228.50300601202406
1528:63.786,249.4689378757515
1529:56.618,193.67935871743487
1530:61.574,235.48296593186373
1531:55.326,209.7995991983968
1532:59.5,228.98997995991985
1533:60.316,238.31262525050101
1534:46.602,182.89579158316633
1535:60.982,232.2124248496994
1536:52.716,179.96993987975952
1537:48.976,175.68937875751504
1538:57.356,202.23246492985973
1539:66.628,252.31062124248496
1540:66.568,273.30260521042084
1541:50.87,197.05210420841684
1542:68.14,273.5390781563126
1543:65.42,259.2004008016032
1544:56.462,203.01603206412827
1545:57.254,214.20841683366734
1546:49.494,182.7555110220441
1547:61.306,221.31262525050101
1548:64.564,243.88176352705412
1549:72.694,299.6132264529058
1550:76.754,331.7194388777555
1551:65.092,282.20841683366734
1552:65.124,257.67735470941886
1553:54.17,193.73547094188376
1554:62.944,235.43687374749499
1555:58.258,237.3426853707415
1556:64.442,275.685370741483
1557:56.996,201.9679358717435
1558:61.846,271.23647294589176
1559:62.67,339.67334669338675
1560:69.238,322.7595190380762
1561:71.102,312.46492985971946
1562:57.048,239.7935871743487
1563:60.21,243.35270541082164
1564:55.922,205.61523046092185
1565:64.358,247.03406813627254
1566:65.522,249.81362725450902
1567:49.048,181.2304609218437
1568:44.878,166.75951903807615
1569:51.178,189.5691382765531
1570:67.108,261.5250501002004
1571:51.39,199.61723446893788
1572:68.824,255.4869739478958
1573:52.864,186.99198396793588
1574:53.636,192.6112224448898
1575:54.604,194.0741482965932
1576:50.316,181.64529058116233
1577:48.174,157.14228456913827
1578:31.322,108.90981963927855
1579:30.998,100.89178356713427
1580:32.028,101.72945891783567
1581:31.612,100.60921843687375
1582:54.738,193.2865731462926
1583:43.326,145.8376753507014
1584:48.048,174.02004008016033
1585:49.544,179.45290581162325
1586:46.31,160.9498997995992
1587:47.894,153.12224448897797
1588:62.054,234.94789579158316
1589:47.194,172.1122244488978
1590:37.904,125.99198396793587
1591:49.864,192.7254509018036
1592:54.354,185.07214428857716
1593:47.554,176.06613226452905
1594:50.208,174.7254509018036
1595:56.404,194.4749498997996
1596:48.21,168.1302605210421
1597:59.7,205.72945891783567
1598:51.904,196.63326653306612
1599:55.402,227.5370741482966
1600:39.034,148.56312625250501
1601:67.536,228.8617234468938
1602:54.834,227.0881763527054
1603:45.518,168.3627254509018
1604:62.522,250.83967935871743
1605:52.012,193.7635270541082
1606:65.492,238.41482965931863
1607:56.648,202.97394789579158
1608:66.208,250.45490981963928
1609:62.612,239.73947895791582
1610:66.532,291.5851703406814
1611:73.47,271.77154308617236
1612:70.22,318.8677354709419
1613:67.284,276.5851703406814
1614:64.278,296.1362725450902
1615:71.588,385.434869739479
1616:68.162,380.9879759519038
1617:72.784,312.1583166332665
1618:65.468,272.5731462925852
1619:74.522,323.77354709418836
1620:67.636,287.40881763527057
1621:58.872,269.79158316633266
1622:58.028,215.42685370741484
1623:67.092,304.0501002004008
1624:55.702,223.7815631262525
1625:60.844,247.39679358717436
1626:58.626,209.80160320641284
1627:48.174,182.75350701402806
1628:48.652,178.76152304609218
1629:39.988,151.61322645290582
1630:70.66,274.2004008016032
1631:66.672,335.685370741483
1632:73.388,306.97595190380764
1633:80.232,315.63326653306615
1634:59.708,230.3927855711423
1635:63.584,257.93987975951904
1636:77.504,313.2204408817635
1637:62.41,261.3987975951904
1638:72.412,341.9258517034068
1639:52.944,196.94789579158316
1640:56.814,219.60521042084167
1641:70.33,307.40881763527057
1642:69.262,283.71543086172346
1643:56.352,217.6312625250501
1644:52.034,198.42084168336675
1645:55.372,204.59118236472946
1646:64.632,280.68937875751504
1647:60.644,237.2264529058116
1648:64.268,263.1102204408818
1649:74.58,315.83967935871743
1650:71.462,371.6192384769539
1651:72.756,308.4008016032064
1652:62.588,252.33867735470943
1653:70.268,279.90380761523045
1654:63.982,226.01402805611224
1655:56.938,227.4248496993988
1656:59.452,230.8937875751503
1657:71.414,283.5991983967936
1658:54.58,217.58316633266534
1659:74.81,375.7054108216433
1660:72.016,321.9699398797595
1661:58.338,245.27254509018036
1662:72.37,293.6192384769539
1663:55.65,223.61322645290582
1664:64.55,259.89579158316633
1665:62.152,245.48897795591182
1666:50.016,172.76152304609218
1667:58.78,214.28056112224448
1668:57.326,217.16432865731463
1669:61.43,259.92985971943887
1670:47.25,168.66933867735472
1671:55.684,207.2124248496994
1672:61.768,244.2064128256513
1673:58.862,224.2925851703407
1674:42.456,151.88977955911824
1675:61.116,244.4749498997996
1676:56.162,202.37875751503006
1677:54.702,229.57314629258516
1678:52.812,188.02004008016033
1679:60.29,241.30260521042084
1680:60.582,234.44088176352705
1681:70.71,307.2765531062124
1682:66.16,279.09619238476955
1683:60.256,239.86372745490982
1684:44.628,166.4869739478958
1685:62.014,251.54709418837675
1686:59.334,219.47294589178355
1687:59.526,223.56112224448898
1688:63.99,276.9799599198397
1689:48.124,170.6012024048096
1690:59.686,242.6813627254509
1691:66.708,276.8256513026052
1692:53.488,215.6312625250501
1693:65.216,275.5190380761523
1694:67.344,260.24649298597194
1695:50.88,185.1623246492986
1696:56.988,199.3006012024048
1697:48.502,175.11823647294588
1698:35.818,134.03406813627254
1699:50.454,191.54509018036072
1700:47.798,172.4488977955912
1701:48.092,181.05811623246493
1702:59.148,248.5130260521042
1703:63.552,284.2745490981964
1704:57.036,236.89178356713427
1705:58.962,218.6813627254509
1706:49.012,185.5511022044088
1707:49.26,186.88977955911824
1708:59.286,244.8697394789579
1709:63.506,252.6192384769539
1710:61.632,236.5871743486974
1711:60.782,266.46492985971946
1712:61.694,232.72945891783567
1713:56.1,202.6813627254509
1714:55.664,210.1382765531062
1715:69.47,313.4709418837675
1716:50.724,192.10821643286573
1717:56.022,253.2064128256513
1718:60.526,233.21042084168337
1719:71.498,357.4328657314629
1720:72.974,318.9158316633266
1721:63.722,226.08617234468937
1722:52.112,188.65130260521042
1723:65.634,246.56112224448898
1724:69.53,288.98597194388776
1725:63.07,271.4929859719439
1726:63.504,236.35871743486973
1727:57.312,228.66132264529057
1728:65.03,252.83967935871743
1729:63.9,253.87775551102203
1730:62.514,235.1683366733467
1731:51.01,198.98597194388776
1732:45.896,183.90981963927857
1733:53.246,196.58917835671343
1734:57.354,222.97795591182364
1735:57.114,206.81563126252505
1736:51.734,200.95591182364728
1737:63.244,280.9138276553106
1738:68.804,241.3887775551102
1739:49.266,189.03006012024048
1740:62.836,288.80360721442884
1741:53.86,211.16032064128257
1742:54.768,226.8196392785571
1743:61.772,264.94789579158316
1744:58.736,237.27855711422845
1745:63.058,254.57114228456913
1746:64.536,276.0541082164329
1747:56.376,225.17034068136272
1748:57.334,226.7995991983968
1749:58.946,238.33466933867734
1750:54.91,232.85370741482967
1751:49.298,210.7875751503006
1752:65.474,259.7194388777555
1753:53.26,205.79559118236472
1754:57.85,220.75150300601203
1755:64.164,292.1022044088176
1756:50.754,194.86372745490982
1757:67.464,285.21643286573146
1758:51.532,191.85170340681364
1759:54.364,229.9178356713427
1760:57.168,221.7374749498998
1761:43.444,170.44689378757516
1762:50.498,186.98797595190382
1763:60.738,234.52705410821645
1764:52.176,223.77755511022045
1765:37.278,137.31462925851704
1766:53.296,198.98997995991985
1767:46.264,165.82164328657313
1768:59.886,223.31062124248496
1769:54.382,184.72945891783567
1770:58.096,195.51102204408818
1771:44.936,174.6012024048096
1772:48.57,170.79759519038078
1773:44.552,138.61723446893788
1774:44.694,164.7314629258517
1775:45.6,164.75150300601203
1776:36.68,130.51102204408818
1777:49.014,171.8196392785571
1778:55.748,197.35470941883767
1779:40.844,160.63927855711424
1780:45.884,162.84569138276552
1781:46.406,166.95190380761522
1782:57.282,203.89579158316633
1783:43.966,156.37875751503006
1784:51.56,197.88577154308618
1785:55.308,198.54709418837675
1786:65.86,239.94188376753507
1787:53.106,180.70941883767534
1788:35.426,130.29458917835672
1789:47.702,172.40280561122245
1790:55.712,189.250501002004
1791:50.82,210.04008016032063
1792:53.478,201.58517034068137
1793:53.254,198.5310621242485
1794:56.524,223.59519038076152
1795:45.554,172.68737474949899
1796:38.602,131.29859719438878
1797:46.316,186.7314629258517
1798:52.156,179.79759519038078
1799:46.734,169.27855711422845
1800:42.158,158.66933867735472
1801:51.776,184.7134268537074
1802:43.986,157.04809619238478
1803:52.584,180.09018036072143
1804:46.538,169.87374749498997
1805:36.522,119.23647294589178
1806:52.012,171.8797595190381
1807:50.352,178.77955911823648
1808:38.692,128.82364729458916
1809:41.864,147.250501002004
1810:39.502,140.49098196392785
1811:43.596,155.19038076152304
1812:49.27,174.17835671342687
1813:42.496,148.54709418837675
1814:43.04,155.29058116232466
1815:36.382,125.88777555110221
1816:42.102,144.9819639278557
1817:51.326,180.85370741482967
1818:45.798,156.56112224448898
1819:35.06,126.9438877755511
1820:49.356,172.64128256513027
1821:51.564,175.12224448897797
1822:21.166,68.92184368737475
1823:27.782,85.72144288577154
1824:28.098,87.65330661322645
1825:34.482,114.84769539078157
1826:43.692,139.12825651302606
1827:48.804,168.89779559118236
1828:40.614,131.48496993987976
1829:51.804,173.4689378757515
1830:55.702,204.7314629258517
1831:45.434,163.34468937875752
1832:37.0,131.35470941883767
1833:56.248,192.03607214428857
1834:63.796,232.73547094188376
1835:47.714,171.07214428857716
1836:50.762,168.16032064128257
1837:41.332,134.12224448897797
1838:41.064,143.31462925851704
1839:47.616,164.44689378757516
1840:56.204,206.36673346693388
1841:62.632,219.34869739478958
1842:36.834,123.937875751503
1843:42.128,148.38677354709418
1844:47.926,160.8436873747495
1845:44.202,149.07014028056113
1846:57.004,203.02004008016033
1847:45.426,163.7815631262525
1848:64.162,238.51703406813627
1849:42.462,139.42284569138278
1850:41.91,144.93386773547095
1851:43.802,142.21042084168337
1852:49.158,164.58517034068137
1853:45.364,164.68937875751504
1854:36.266,130.83967935871743
1855:39.694,142.9438877755511
1856:48.074,187.38276553106212
1857:40.05,142.93587174348698
1858:43.738,148.1943887775551
1859:40.636,144.38677354709418
1860:49.372,178.81563126252505
1861:44.888,155.38476953907815
1862:61.068,216.37875751503006
1863:51.746,167.67334669338678
1864:36.252,122.49498997995993
1865:45.396,181.10420841683367
1866:45.6,161.46092184368737
1867:60.756,222.93787575150301
1868:49.916,180.92384769539078
1869:65.096,285.8056112224449
1870:55.904,215.35270541082164
1871:61.93,242.09218436873746
1872:55.442,228.61723446893788
1873:58.5,218.36072144288576
1874:56.354,216.5751503006012
1875:53.916,193.31262525050101
1876:55.702,199.9939879759519
1877:62.998,270.4709418837675
1878:50.906,177.3326653306613
1879:61.714,225.0821643286573
1880:58.474,201.66933867735472
1881:59.716,199.50701402805612
1882:59.804,253.94589178356713
1883:52.198,191.38476953907815
1884:46.724,178.11623246492985
1885:55.422,197.92184368737475
1886:37.458,137.24048096192385
1887:38.472,127.2565130260521
1888:34.932,115.59719438877755
1889:37.084,130.1563126252505
1890:36.55,125.78957915831663
1891:33.272,111.09018036072145
1892:31.588,108.87374749498998
1893:44.518,144.64128256513027
1894:30.368,101.7314629258517
1895:35.564,119.09418837675351
1896:48.492,179.65931863727454
1897:56.328,203.55310621242484
1898:64.002,221.89779559118236
1899:35.618,117.70541082164328
1900:50.486,194.0320641282565
1901:34.532,125.33466933867736
1902:42.172,140.83366733466934
1903:41.932,152.79158316633266
1904:40.998,142.64529058116233
1905:54.066,186.1563126252505
1906:45.538,164.09218436873746
1907:45.796,164.4569138276553
1908:55.454,179.36072144288576
1909:50.54,175.65931863727454
1910:43.526,148.34669338677355
1911:37.662,127.28056112224449
1912:40.844,137.70340681362725
1913:25.252,88.90180360721443
1914:46.352,154.54909819639278
1915:37.652,139.7815631262525
1916:53.608,189.54108216432866
1917:45.812,163.15430861723448
1918:52.052,176.3006012024048
1919:48.136,169.24248496993988
1920:48.246,186.33667334669337
1921:57.39,235.85370741482967
1922:42.892,154.6072144288577
1923:40.558,141.54509018036072
1924:42.296,151.27054108216433
1925:48.998,177.5430861723447
1926:60.952,232.45891783567134
1927:62.518,245.34468937875752
1928:63.878,240.51102204408818
1929:66.792,259.4569138276553
1930:67.072,259.78356713426854
1931:60.434,244.40080160320642
1932:73.762,323.685370741483
1933:66.058,261.2765531062124
1934:46.37,161.50701402805612
1935:48.826,170.39478957915833
1936:60.61,243.51503006012024
1937:59.112,220.86773547094188
1938:59.974,237.74749498997997
1939:62.666,246.29458917835672
1940:48.128,160.7074148296593
1941:53.024,180.17034068136272
1942:60.472,226.00801603206412
1943:54.778,204.78957915831663
1944:41.338,154.94188376753507
1945:46.244,171.6753507014028
1946:49.368,169.89579158316633
1947:43.096,159.51102204408818
1948:48.672,183.08617234468937
1949:54.61,220.9498997995992
1950:66.584,224.31462925851704
1951:60.012,236.92384769539078
1952:49.336,175.56312625250501
1953:46.718,151.48897795591182
1954:59.224,212.31462925851704
1955:67.796,258.6192384769539
1956:73.88,266.0921843687375
1957:64.162,240.94789579158316
1958:65.746,294.44889779559117
1959:53.524,201.75350701402806
1960:71.322,300.77354709418836
1961:67.798,279.1122244488978
1962:63.31,274.1943887775551
1963:52.796,195.96593186372746
1964:65.846,275.1763527054108
1965:48.678,187.12825651302606
1966:50.052,176.21042084168337
1967:54.334,192.77955911823648
1968:51.268,182.15831663326654
1969:44.802,171.85771543086173
1970:49.424,177.05210420841684
1971:39.088,145.68336673346693
1972:50.072,192.4488977955912
1973:56.57,203.46092184368737
1974:52.988,195.9759519038076
1975:49.542,198.29659318637275
1976:39.93,136.9318637274549
1977:48.558,164.62124248496994
1978:44.946,167.91382765531063
1979:36.214,131.03006012024048
1980:45.69,170.85370741482967
1981:54.01,207.14829659318636
1982:53.144,190.30861723446893
1983:41.174,139.30260521042084
1984:56.736,224.1943887775551
1985:54.338,203.71943887775552
1986:56.48,213.71543086172343
1987:51.9,185.98997995991985
1988:39.842,132.23246492985973
1989:61.16,223.39478957915833
1990:49.462,185.95591182364728
1991:57.84,205.87174348697394
1992:44.564,155.87374749498997
1993:55.268,202.41683366733466
1994:42.166,147.5370741482966
1995:45.848,158.4749498997996
1996:47.006,153.4448897795591
1997:28.956,98.30260521042084
1998:38.826,146.625250501002
1999:37.634,138.60320641282564
2000:32.996,113.12625250501002
2001:40.664,144.90180360721442
2002:47.906,174.11022044088176
2003:54.026,200.25450901803606
2004:42.05,152.62124248496994
2005:37.816,135.4809619238477
2006:39.384,132.8196392785571
2007:29.628,104.50100200400801
2008:34.574,119.91583166332666
2009:32.976,107.47094188376754
2010:53.548,181.01402805611224
2011:34.968,131.0881763527054
2012:27.922,93.54509018036072
2013:31.472,116.12024048096193
2014:36.992,123.81763527054109
2015:32.258,108.2565130260521
2016:31.594,103.51102204408818
2017:47.486,196.87174348697394
2018:28.78,96.20440881763527
2019:30.1,106.45490981963928
2020:37.91,125.78557114228457
2021:32.328,122.83967935871743
2022:38.462,143.08016032064128
2023:36.198,125.12424849699399
2024:41.41,140.3887775551102
2025:40.058,157.85771543086173
2026:49.286,178.59118236472946
2027:45.836,162.03006012024048
2028:39.144,140.3887775551102
2029:41.356,157.70541082164328
2030:45.07,154.94789579158316
2031:63.254,267.2865731462926
2032:52.944,198.79559118236472
2033:59.572,218.52705410821645
2034:42.404,148.53507014028057
2035:67.86,286.4889779559118
2036:51.318,194.1382765531062
2037:51.638,187.8877755511022
2038:61.772,237.20240480961922
2039:54.822,200.4068136272545
2040:56.438,216.7314629258517
2041:54.1,204.5871743486974
2042:58.698,235.3507014028056
2043:55.82,211.78356713426854
2044:59.542,215.53306613226454
2045:40.39,147.90781563126254
2046:50.666,187.87775551102203
2047:53.098,209.30260521042084
2048:51.964,185.66533066132266
2049:52.982,192.72945891783567
2050:56.45,226.23446893787576
2051:48.602,171.78957915831663
2052:44.658,159.14629258517033
2053:44.534,165.97995991983967
2054:42.458,154.1382765531062
2055:53.722,208.28456913827657
2056:54.386,193.4689378757515
2057:62.236,236.42284569138278
2058:66.542,250.875751503006
2059:52.934,194.6933867735471
2060:53.686,200.6372745490982
2061:50.004,196.15230460921845
2062:54.702,198.6673346693387
2063:63.694,241.48496993987976
2064:55.594,195.11022044088176
2065:62.186,243.15831663326654
2066:48.63,187.7995991983968
2067:35.412,119.2565130260521
2068:42.308,149.1563126252505
2069:68.492,283.188376753507
2070:57.572,221.50901803607215
2071:48.098,187.54709418837675
2072:43.96,152.47895791583167
2073:30.68,99.1002004008016
2074:29.858,105.9498997995992
2075:28.022,92.53306613226452
2076:39.782,138.17034068136272
2077:38.87,138.98396793587173
2078:41.762,150.28056112224448
2079:37.406,139.96993987975952
2080:33.408,120.51302605210421
2081:35.084,130.79559118236472
2082:35.018,123.45691382765531
2083:30.684,108.73547094188376
2084:50.896,188.2264529058116
2085:54.408,188.40881763527054
2086:59.97,228.82565130260522
2087:36.484,140.92184368737475
2088:42.47,155.88977955911824
2089:52.826,190.4128256513026
2090:65.666,287.0200400801603
2091:65.586,228.2264529058116
2092:66.88,227.83366733466934
2093:51.308,198.17034068136272
2094:52.442,183.71943887775552
2095:58.336,219.72745490981964
2096:60.048,257.2384769539078
2097:40.792,136.8196392785571
2098:49.254,184.46092184368737
2099:41.792,149.33466933867734
2100:44.998,148.5691382765531
2101:51.638,185.34669338677355
2102:64.96,239.1563126252505
2103:68.474,342.27254509018036
2104:69.95,380.33867735470943
2105:67.818,280.1062124248497
2106:56.068,226.86372745490982
2107:58.848,231.13426853707415
2108:58.252,211.70140280561122
2109:67.406,267.28456913827654
2110:41.514,158.65531062124248
2111:54.806,198.07815631262525
2112:47.838,178.0420841683367
2113:40.616,153.15831663326654
2114:48.26,176.84969939879758
2115:41.436,148.19038076152304
2116:66.108,262.33867735470943
2117:63.884,281.69138276553105
2118:66.89,251.68937875751504
2119:50.034,191.7314629258517
2120:55.67,212.33667334669337
2121:54.146,209.46693386773546
2122:63.938,247.28456913827657
2123:57.832,206.4128256513026
2124:59.906,208.87374749498997
2125:64.558,258.25450901803606
2126:61.892,214.4068136272545
2127:57.902,220.90981963927857
2128:53.024,193.06012024048096
2129:45.502,158.78957915831663
2130:67.828,261.66132264529057
2131:66.762,261.75350701402806
2132:66.728,280.42284569138275
2133:62.052,220.07615230460922
2134:63.96,259.1823647294589
2135:48.578,183.58316633266534
2136:51.296,182.56713426853707
2137:67.986,272.12224448897797
2138:56.642,218.07014028056113
2139:61.764,236.1803607214429
2140:62.59,235.97194388777555
2141:72.956,302.87174348697397
2142:74.522,366.6392785571142
2143:61.218,235.75350701402806
2144:59.782,205.6372745490982
2145:53.07,218.20841683366734
2146:59.888,224.23847695390782
2147:60.182,221.10821643286573
2148:56.4,205.8196392785571
2149:57.184,210.60320641282564
2150:64.612,252.36072144288576
2151:61.632,219.89178356713427
2152:46.67,145.31062124248496
2153:64.494,273.3426853707415
2154:47.082,153.6673346693387
2155:45.542,169.6673346693387
2156:46.104,169.05210420841684
2157:61.158,199.98597194388776
2158:60.208,241.03607214428857
2159:44.448,153.70541082164328
2160:57.452,214.36673346693388
2161:58.842,210.94789579158316
2162:68.486,258.58917835671343
2163:65.83,259.6052104208417
2164:59.324,213.80160320641284
2165:64.648,249.23246492985973
2166:64.934,249.374749498998
2167:69.784,264.565130260521
2168:70.51,245.37675350701403
2169:57.734,207.95390781563125
2170:60.928,237.52905811623248
2171:72.072,280.57114228456913
2172:62.38,227.07615230460922
2173:71.324,343.8336673346693
2174:63.724,263.03406813627254
2175:65.226,292.0661322645291
2176:63.196,259.6372745490982
2177:55.254,209.6573146292585
2178:69.264,264.9158316633266
2179:66.536,276.4929859719439
2180:70.266,284.5430861723447
2181:60.812,254.63527054108218
2182:70.736,277.22645290581164
2183:71.49,326.9338677354709
2184:66.29,258.87174348697397
2185:67.898,297.77154308617236
2186:76.604,292.46693386773546
2187:64.98,257.7374749498998
2188:71.288,286.064128256513
2189:77.396,302.1122244488978
2190:64.548,242.57715430861722
2191:69.58,263.2685370741483
2192:55.778,214.6673346693387
2193:67.524,294.188376753507
2194:66.218,255.35871743486973
2195:66.314,260.89178356713427
2196:72.28,355.8877755511022
2197:70.832,339.8517034068136
2198:74.062,382.98597194388776
2199:75.67,376.2685370741483
2200:71.172,365.2404809619238
2201:73.19,338.2785571142285
2202:72.8,277.50501002004006
2203:62.334,252.21643286573146
2204:67.192,256.9078156312625
2205:55.09,189.66332665330663
2206:47.908,169.34068136272546
2207:64.7,253.91382765531063
2208:67.772,407.99599198396794
2209:72.45,340.248496993988
2210:70.314,354.94789579158316
2211:63.968,237.4488977955912
2212:64.556,272.27254509018036
2213:59.08,224.51703406813627
2214:67.478,290.8356713426854
2215:65.654,249.17635270541084
2216:70.068,286.17835671342687
2217:55.232,187.4569138276553
2218:64.586,243.4248496993988
2219:62.256,226.77154308617236
2220:48.384,162.41683366733466
2221:67.266,233.58917835671343
2222:51.304,170.22845691382764
2223:66.646,243.23446893787576
