0:64.164,418.0460921843687
1:67.906,424.52104208416836
2:70.356,370.9619238476954
3:69.636,332.6953907815631
4:71.454,360.92985971943887
5:69.656,289.47895791583164
6:69.33,371.1943887775551
7:66.024,304.3046092184369
8:68.93,344.75350701402806
9:71.216,378.02404809619236
10:65.55,413.0460921843687
11:60.146,439.27054108216436
12:69.948,301.44889779559117
13:73.394,306.1663326653307
14:75.526,361.0100200400802
15:67.792,395.9879759519038
16:72.84,313.7054108216433
17:70.936,318.9539078156313
18:65.862,313.0541082164329
19:62.926,318.9719438877755
20:68.106,326.7935871743487
21:68.826,345.40480961923845
22:70.968,289.0941883767535
23:65.002,241.69138276553107
24:68.75,312.1643286573146
25:71.062,332.4909819639279
26:63.066,239.93386773547095
27:55.406,221.27655310621242
28:55.468,213.38476953907815
29:59.096,221.8316633266533
30:64.058,292.79158316633266
31:65.148,257.3627254509018
32:75.112,303.4128256513026
33:68.212,280.87174348697397
34:65.228,245.19639278557113
35:53.854,200.26653306613227
36:72.528,282.6192384769539
37:65.928,249.08016032064128
38:65.804,259.6012024048096
39:60.792,247.86773547094188
40:72.132,366.89579158316633
41:76.134,332.8076152304609
42:69.924,357.0100200400802
43:68.31,269.77354709418836
44:63.32,244.61523046092185
45:59.332,221.42084168336675
46:59.464,229.3246492985972
47:63.382,251.21042084168337
48:63.778,243.9579158316633
49:69.838,336.32264529058114
50:63.416,267.2965931863727
51:70.778,285.88577154308615
52:73.484,304.0861723446894
53:68.65,283.92985971943887
54:64.212,257.90380761523045
55:71.162,290.78356713426854
56:76.248,312.0841683366734
57:70.38,334.7194388777555
58:67.848,274.37274549098197
59:69.524,298.9158316633266
60:67.902,312.5090180360721
61:73.2,392.42084168336675
62:74.334,358.9559118236473
63:68.152,329.0360721442886
64:73.258,315.0681362725451
65:71.054,294.52104208416836
66:70.2,377.4268537074148
67:71.432,326.5871743486974
68:67.814,270.1943887775551
69:70.17,313.3507014028056
70:65.886,272.57114228456913
71:68.21,330.73547094188376
72:68.648,366.8897795591182
73:72.686,381.39278557114227
74:64.32,323.6292585170341
75:65.624,342.1663326653307
76:68.658,322.52304609218436
77:66.914,305.62725450901803
78:74.066,328.98597194388776
79:65.06,264.95791583166334
80:77.714,323.34869739478955
81:70.764,413.0300601202405
82:68.942,402.6833667334669
83:52.606,490.3306613226453
84:64.59,429.56112224448896
85:68.026,420.25250501002006
86:64.134,449.1743486973948
87:58.91,470.7254509018036
88:70.888,393.40480961923845
89:72.638,348.5851703406814
90:66.994,306.25250501002006
91:72.154,370.0501002004008
92:71.452,399.9739478957916
93:71.944,354.77354709418836
94:63.398,272.8897795591182
95:72.08,364.6553106212425
96:70.852,323.1022044088176
97:69.358,318.92985971943887
98:74.606,313.92985971943887
99:71.234,357.43086172344687
100:69.064,433.5931863727455
101:68.104,395.4128256513026
102:66.428,413.8156312625251
103:71.012,288.43887775551104
104:66.112,373.1623246492986
105:61.568,420.6813627254509
106:62.368,443.29058116232466
107:75.306,309.9639278557114
108:73.608,313.5430861723447
109:68.748,362.27054108216436
110:61.624,248.37875751503006
111:69.552,298.6392785571142
112:74.256,308.9739478957916
113:70.16,356.95991983967934
114:72.34,401.2565130260521
115:67.916,304.7975951903808
116:72.344,307.44889779559117
117:73.556,358.08016032064126
118:67.354,282.65130260521045
119:65.522,265.55310621242484
120:61.16,233.5370741482966
121:67.85,270.62525050100203
122:66.198,290.9539078156313
123:64.24,392.9318637274549
124:64.558,322.7054108216433
125:65.912,269.26653306613224
126:67.554,272.09018036072143
127:66.428,360.70941883767534
128:73.038,320.35671342685373
129:75.95,365.1182364729459
130:75.148,332.8056112224449
131:69.664,328.05210420841684
132:68.652,303.6212424849699
133:66.024,296.18036072144287
134:77.142,367.90380761523045
135:78.602,336.07815631262525
136:77.566,361.7755511022044
137:56.808,481.6653306613226
138:63.52,417.62525050100203
139:53.94,490.7815631262525
140:71.494,397.7995991983968
141:56.95,447.7414829659319
142:67.962,362.1062124248497
143:64.102,381.5130260521042
144:62.606,419.35671342685373
145:70.156,317.61523046092185
146:64.446,400.5270541082164
147:48.41,494.9799599198397
148:65.736,420.41082164328657
149:65.452,362.1823647294589
150:64.544,373.3306613226453
151:62.096,424.11623246492985
152:71.4,370.39679358717433
153:63.512,379.687374749499
154:66.166,426.312625250501
155:61.328,453.70741482965934
156:67.65,404.2304609218437
157:67.188,392.4268537074148
158:67.77,313.0681362725451
159:69.072,353.3687374749499
160:71.376,360.24448897795594
161:69.63,388.14629258517033
162:69.356,342.8336673346693
163:68.502,378.436873747495
164:70.56,293.23446893787576
165:65.468,442.30060120240483
166:57.92,454.96593186372746
167:69.428,359.80160320641284
168:66.732,327.0821643286573
169:70.022,375.0260521042084
170:60.848,430.0360721442886
171:70.5,378.935871743487
172:62.308,376.18036072144287
173:59.71,263.6813627254509
174:67.378,324.7875751503006
175:69.26,278.3246492985972
176:71.982,347.47695390781564
177:70.268,323.062124248497
178:70.028,441.8977955911824
179:59.394,433.0200400801603
180:64.842,425.434869739479
181:69.376,296.65130260521045
182:70.35,284.7194388777555
183:67.8,294.87374749498997
184:70.802,374.92184368737475
185:66.966,321.44889779559117
186:65.882,286.2945891783567
187:64.708,259.7815631262525
188:73.216,339.0741482965932
189:69.07,356.4509018036072
190:70.564,330.0380761523046
191:69.932,340.87174348697397
192:70.164,282.1623246492986
193:70.75,308.248496993988
194:66.738,396.0681362725451
195:68.982,357.3787575150301
196:71.88,365.2424849699399
197:68.83,339.9138276553106
198:65.546,265.59519038076155
199:66.9,317.0360721442886
200:68.47,284.8897795591182
201:63.998,229.63527054108218
202:71.68,293.4068136272545
203:57.832,218.29659318637275
204:62.226,233.5751503006012
205:60.73,222.96993987975952
206:54.42,198.13627254509018
207:58.646,212.61322645290582
208:56.64,219.85771543086173
209:57.748,216.250501002004
210:62.524,255.39478957915833
211:46.418,174.11823647294588
212:46.776,171.58917835671343
213:54.406,203.00400801603206
214:47.778,179.88176352705412
215:67.35,268.63326653306615
216:53.352,206.88176352705412
217:61.348,231.87374749498997
218:62.342,252.33667334669337
219:68.164,260.78957915831666
220:63.512,249.19038076152304
221:49.504,180.43486973947896
222:66.176,269.68937875751504
223:57.664,219.82364729458916
224:54.0,192.5050100200401
225:57.904,206.34468937875752
226:69.044,291.00400801603206
227:61.746,244.21042084168337
228:71.55,291.59519038076155
229:66.886,268.9719438877755
230:75.334,358.85771543086173
231:67.856,251.76152304609218
232:66.148,267.35671342685373
233:68.52,270.35671342685373
234:52.892,196.6112224448898
235:68.244,254.14228456913827
236:60.992,232.15230460921845
237:67.508,290.2184368737475
238:72.792,273.99799599198394
239:67.512,248.92985971943887
240:67.698,269.92184368737475
241:55.62,213.7735470941884
242:65.75,256.20841683366734
243:71.882,287.6132264529058
244:73.154,329.09018036072143
245:68.446,246.47695390781564
246:69.48,346.16032064128257
247:73.212,352.9939879759519
248:53.616,190.50701402805612
249:58.74,207.76753507014027
250:72.538,300.7314629258517
251:61.078,257.69939879759517
252:68.518,348.5070140280561
253:61.752,245.6993987975952
254:66.792,280.85971943887773
255:65.316,291.67735470941886
256:75.908,336.7214428857715
257:69.05,299.2304609218437
258:71.408,325.7995991983968
259:75.346,296.45891783567134
260:62.02,259.4729458917836
261:62.442,249.40280561122245
262:67.12,261.1102204408818
263:62.024,254.77755511022045
264:63.86,261.00400801603206
265:74.216,317.5130260521042
266:62.984,228.2565130260521
267:73.26,296.64328657314627
268:70.478,307.22645290581164
269:62.208,235.1062124248497
270:63.556,272.2785571142285
271:65.278,230.76753507014027
272:63.65,233.7815631262525
273:72.47,321.38476953907815
274:69.142,262.6673346693387
275:71.022,318.37675350701403
276:58.604,194.1943887775551
277:66.534,257.6132264529058
278:65.058,235.61523046092185
279:55.708,214.37875751503006
280:57.048,228.4629258517034
281:55.242,180.5871743486974
282:52.876,185.47094188376752
283:50.178,184.1683366733467
284:56.764,206.625250501002
285:57.148,211.9178356713427
286:60.48,218.67134268537075
287:42.744,150.92184368737475
288:49.96,187.64128256513027
289:61.882,210.4869739478958
290:58.728,222.70140280561122
291:66.77,255.01002004008015
292:64.314,246.27054108216433
293:61.928,259.84569138276555
294:52.116,191.1563126252505
295:60.22,207.9438877755511
296:76.47,319.6573146292585
297:74.088,328.7795591182365
298:51.812,189.2685370741483
299:41.18,148.36673346693388
300:38.996,142.8997995991984
301:65.66,253.76553106212424
302:65.81,247.09018036072143
303:59.152,227.64529058116233
304:59.048,213.7815631262525
305:59.502,221.20240480961922
306:58.736,253.51503006012024
307:66.666,279.12625250501003
308:46.494,165.3066132264529
309:49.212,181.2685370741483
310:53.82,198.98396793587173
311:60.196,224.72144288577155
312:52.368,197.43887775551102
313:71.284,274.01402805611224
314:64.88,264.1002004008016
315:54.89,208.12825651302606
316:54.216,208.22444889779558
317:65.72,259.4829659318637
318:67.842,265.2404809619238
319:57.69,235.52905811623248
320:59.886,237.69539078156313
321:61.01,222.9498997995992
322:66.192,279.12625250501003
323:59.948,247.27655310621242
324:65.746,250.45090180360722
325:53.388,214.4689378757515
326:58.216,225.09819639278558
327:69.27,261.15430861723445
328:65.44,261.2044088176353
329:67.096,267.16032064128257
330:65.068,271.2424849699399
331:56.576,213.48296593186373
332:54.764,202.124248496994
333:54.436,198.29659318637275
334:55.446,211.85370741482967
335:58.146,216.6813627254509
336:67.702,320.05210420841684
337:65.758,258.48496993987976
338:59.474,213.9118236472946
339:58.518,209.27254509018036
340:57.464,196.96593186372746
341:60.364,249.51703406813627
342:74.724,331.7675350701403
343:53.532,206.4188376753507
344:55.492,211.54108216432866
345:66.292,269.8416833667335
346:58.244,235.84168336673346
347:67.864,276.8637274549098
348:65.754,245.62124248496994
349:61.16,239.98396793587173
350:68.03,279.3707414829659
351:65.012,263.8997995991984
352:67.74,262.436873747495
353:53.242,191.9759519038076
354:68.4,248.28056112224448
355:54.942,204.55911823647295
356:56.184,211.05410821643287
357:53.698,201.55310621242484
358:57.032,216.87174348697394
359:48.272,185.7935871743487
360:52.226,215.18837675350701
361:68.59,310.1002004008016
362:64.484,282.9639278557114
363:59.368,230.75751503006012
364:68.196,316.76352705410824
365:71.074,323.74749498997994
366:71.576,361.12224448897797
367:61.61,230.5751503006012
368:71.94,344.70741482965934
369:73.106,300.97795591182364
370:69.15,286.687374749499
371:69.686,308.85370741482967
372:61.048,237.19639278557113
373:74.454,312.2184368737475
374:56.464,200.84168336673346
375:55.574,205.3066132264529
376:57.374,223.9178356713427
377:66.418,271.56112224448896
378:69.45,287.3186372745491
379:64.204,270.8677354709419
380:54.006,194.2444889779559
381:64.864,270.1022044088176
382:62.598,242.21442885771543
383:61.984,250.17835671342687
384:68.63,258.98597194388776
385:44.076,167.44288577154308
386:47.728,181.9579158316633
387:66.782,266.2585170340681
388:61.094,239.19639278557113
389:53.176,190.64529058116233
390:58.686,226.24649298597194
391:57.54,228.34068136272546
392:62.914,241.47695390781564
393:63.316,242.62925851703406
394:46.622,176.8196392785571
395:45.764,172.87174348697394
396:55.352,216.4488977955912
397:56.458,230.33867735470943
398:52.196,189.03006012024048
399:50.458,204.82364729458916
400:60.626,234.31262525050101
401:60.764,255.09218436873746
402:64.152,270.71543086172346
403:74.256,326.62725450901803
404:56.096,227.07815631262525
405:65.53,252.89779559118236
406:60.086,258.2685370741483
407:67.322,277.4328657314629
408:67.064,287.5170340681363
409:63.644,244.18236472945893
410:54.126,208.77755511022045
411:57.536,208.61322645290582
412:59.146,233.01402805611224
413:49.116,196.01202404809618
414:60.414,240.4128256513026
415:60.406,225.32865731462925
416:62.752,278.61723446893785
417:63.32,260.68937875751504
418:51.786,195.78957915831663
419:56.126,216.01603206412827
420:69.958,288.1943887775551
421:64.764,287.3446893787575
422:59.332,235.62324649298597
423:49.374,180.43887775551102
424:58.588,239.95591182364728
425:51.356,194.71543086172343
426:57.212,218.15230460921845
427:66.616,272.2885771543086
428:62.112,251.90781563126254
429:58.6,237.875751503006
430:55.226,218.52905811623248
431:64.72,264.5170340681363
432:62.386,258.3787575150301
433:67.008,302.3066132264529
434:54.758,221.32865731462925
435:61.578,255.2184368737475
436:71.814,360.8977955911824
437:72.334,359.21042084168334
438:62.21,233.17434869739478
439:55.732,217.08016032064128
440:65.484,271.6492985971944
441:68.72,304.43086172344687
442:72.672,321.7955911823647
443:66.692,265.46492985971946
444:56.052,194.2364729458918
445:71.04,326.813627254509
446:69.066,424.9158316633266
447:64.88,345.0200400801603
448:63.898,318.8817635270541
449:70.742,390.1563126252505
450:69.85,364.3607214428858
451:66.598,381.7194388777555
452:69.912,374.6132264529058
453:65.104,391.1503006012024
454:67.936,344.54108216432866
455:67.434,337.3186372745491
456:67.594,300.9318637274549
457:59.998,230.09819639278558
458:69.862,294.1563126252505
459:67.076,303.82965931863725
460:60.726,232.27254509018036
461:61.952,275.2064128256513
462:76.074,336.75350701402806
463:60.808,246.74148296593185
464:54.182,217.9438877755511
465:67.072,389.2565130260521
466:72.85,312.34068136272543
467:67.566,317.2324649298597
468:71.026,363.52104208416836
469:58.34,230.17835671342687
470:64.994,271.57915831663325
471:67.242,265.7414829659319
472:58.622,258.78957915831666
473:73.528,306.5270541082164
474:62.86,282.8076152304609
475:70.312,336.46693386773546
476:67.342,276.8176352705411
477:69.188,329.6753507014028
478:72.878,297.9438877755511
479:66.184,366.3707414829659
480:71.942,324.4428857715431
481:56.718,223.98797595190382
482:74.782,299.01603206412824
483:65.056,380.749498997996
484:76.17,361.1302605210421
485:64.862,412.7995991983968
486:64.508,326.5671342685371
487:63.2,397.21643286573146
488:69.744,305.59519038076155
489:75.402,343.0120240480962
490:70.394,354.3867735470942
491:63.29,261.62525050100203
492:66.946,370.563126252505
493:67.954,274.37675350701403
494:69.684,344.78356713426854
495:69.726,276.23647294589176
496:58.662,221.65931863727454
497:63.704,276.5811623246493
498:58.658,223.06212424849699
499:70.776,329.2144288577154
500:71.118,333.87775551102203
501:74.456,358.3186372745491
502:70.088,358.3306613226453
503:66.788,262.42284569138275
504:73.106,296.4328657314629
505:71.894,309.434869739479
506:69.286,310.65130260521045
507:69.436,321.98597194388776
508:71.572,328.12825651302603
509:72.93,376.8697394789579
510:72.942,359.3507014028056
511:68.534,375.07014028056113
512:69.67,411.48496993987976
513:71.91,385.6132264529058
514:71.914,412.436873747495
515:73.558,364.50501002004006
516:68.968,394.38476953907815
517:60.152,438.58917835671343
518:50.83,488.186372745491
519:67.87,403.2885771543086
520:54.718,474.2585170340681
521:67.854,336.6052104208417
522:71.736,372.7615230460922
523:69.918,340.2144288577154
524:71.65,353.9498997995992
525:68.552,341.2424849699399
526:75.466,362.87775551102203
527:63.28,446.56112224448896
528:64.356,407.46693386773546
529:71.23,369.0681362725451
530:69.762,375.44689378757516
531:65.922,290.6212424849699
532:63.146,451.50300601202406
533:67.02,425.4889779559118
534:63.704,413.436873747495
535:65.216,417.5110220440882
536:58.738,442.8797595190381
537:56.72,460.3366733466934
538:70.352,383.4328657314629
539:61.048,463.5571142284569
540:60.486,432.9639278557114
541:61.414,436.6933867735471
542:67.526,399.6372745490982
543:64.76,373.05210420841684
544:71.362,378.7995991983968
545:70.59,378.5090180360721
546:70.212,318.3807615230461
547:63.93,437.8997995991984
548:65.456,283.62725450901803
549:57.028,464.0300601202405
550:59.73,445.7234468937876
551:72.76,397.7955911823647
552:71.73,309.38476953907815
553:64.558,459.07214428857714
554:56.932,458.96793587174346
555:65.992,369.1683366733467
556:75.046,382.9058116232465
557:71.236,356.4869739478958
558:66.836,405.8076152304609
559:72.54,372.501002004008
560:68.886,391.7995991983968
561:69.748,369.3246492985972
562:63.552,424.99599198396794
563:71.34,416.4328657314629
564:69.134,398.062124248497
565:73.398,404.4729458917836
566:69.91,380.10420841683367
567:71.312,399.8977955911824
568:63.344,420.92985971943887
569:67.348,397.8877755511022
570:64.91,416.2424849699399
571:66.828,390.46492985971946
572:67.794,405.42885771543087
573:62.634,435.9438877755511
574:71.988,411.7194388777555
575:58.008,464.5931863727455
576:54.58,461.2565130260521
577:62.032,437.9819639278557
578:65.19,412.69739478957916
579:68.318,393.0
580:72.41,379.501002004008
581:64.794,408.1503006012024
582:65.336,371.66132264529057
583:66.22,412.6112224448898
584:60.754,464.08016032064126
585:62.462,433.4188376753507
586:68.866,415.73547094188376
587:66.692,383.4148296593186
588:77.762,358.2204408817635
589:63.384,404.41082164328657
590:68.426,334.188376753507
591:65.96,379.8176352705411
592:56.492,443.41082164328657
593:60.422,450.7575150300601
594:66.144,368.9338677354709
595:65.502,276.7855711422846
596:65.62,351.8256513026052
597:69.698,349.6052104208417
598:67.21,371.2404809619238
599:65.03,378.2765531062124
600:70.356,342.40881763527057
601:66.332,348.9699398797595
602:65.862,318.4008016032064
603:70.334,346.8156312625251
604:67.398,343.60320641282567
605:65.408,279.5450901803607
606:64.028,270.16032064128257
607:68.416,302.08817635270543
608:62.55,254.4689378757515
609:71.556,326.19639278557116
610:71.402,351.0761523046092
611:66.616,289.9438877755511
612:58.02,235.374749498998
613:63.818,271.436873747495
614:66.96,337.0200400801603
615:59.264,248.64729458917836
616:63.77,332.87575150300603
617:67.634,299.8376753507014
618:66.356,319.9138276553106
619:69.314,331.687374749499
620:61.614,280.65330661322645
621:63.06,267.7955911823647
622:64.628,272.51503006012024
623:59.198,243.55911823647295
624:65.484,287.69939879759517
625:68.244,337.8336673346693
626:65.032,292.03406813627254
627:64.646,286.28256513026054
628:64.156,305.2024048096192
629:68.722,298.34669338677355
630:69.188,342.32665330661325
631:62.562,305.35270541082167
632:55.564,217.65130260521042
633:58.268,252.71943887775552
634:60.264,261.0360721442886
635:58.296,258.65330661322645
636:54.428,209.97995991983967
637:42.536,159.14829659318636
638:56.752,216.04408817635272
639:64.764,309.188376753507
640:63.686,267.78356713426854
641:67.716,251.4869739478958
642:70.2,277.1663326653307
643:73.798,355.1643286573146
644:70.406,364.38276553106215
645:69.19,351.7414829659319
646:72.622,329.29258517034066
647:72.844,305.1362725450902
648:60.93,276.2625250501002
649:60.87,251.3927855711423
650:59.238,253.46492985971943
651:71.39,317.14228456913827
652:68.606,294.64729458917833
653:64.962,269.0761523046092
654:63.798,287.09018036072143
655:59.702,261.40480961923845
656:64.62,307.5250501002004
657:63.476,322.565130260521
658:72.86,378.2785571142285
659:58.946,401.44889779559117
660:47.188,492.05210420841684
661:62.23,423.69939879759517
662:62.966,445.1823647294589
663:74.57,370.5290581162325
664:68.634,407.06012024048096
665:68.046,320.26653306613224
666:62.786,270.00400801603206
667:66.106,355.98396793587176
668:54.866,213.6753507014028
669:68.508,331.2224448897796
670:69.172,356.2244488977956
671:68.594,364.3066132264529
672:65.342,328.7595190380762
673:55.698,227.02605210420842
674:63.374,407.7034068136273
675:54.262,226.9498997995992
676:66.584,318.6312625250501
677:56.032,245.09218436873746
678:58.732,263.14629258517033
679:64.046,372.15230460921845
680:63.718,263.565130260521
681:56.014,229.59118236472946
682:62.942,258.5851703406814
683:70.918,325.34869739478955
684:68.726,409.7134268537074
685:69.724,315.5370741482966
686:66.842,378.0180360721443
687:68.148,344.7114228456914
688:69.708,359.11623246492985
689:63.152,280.03406813627254
690:68.016,343.4549098196393
691:68.974,327.0080160320641
692:60.236,312.3426853707415
693:62.706,264.0541082164329
694:64.29,393.0380761523046
695:68.474,374.64128256513027
696:62.914,274.3046092184369
697:71.184,299.6573146292585
698:60.84,253.91583166332666
699:68.338,332.5070140280561
700:60.11,430.5130260521042
701:64.89,344.8617234468938
702:56.74,415.89579158316633
703:63.514,288.1182364729459
704:55.304,451.7394789579158
705:68.216,423.13426853707415
706:63.236,441.7014028056112
707:72.394,338.11623246492985
708:70.294,336.65931863727457
709:69.066,331.7675350701403
710:71.32,333.74749498997994
711:66.248,256.7975951903808
712:70.746,335.9258517034068
713:66.074,290.0480961923848
714:69.482,371.4128256513026
715:72.136,331.062124248497
716:66.696,364.7975951903808
717:68.22,337.12825651302603
718:65.622,313.49699398797594
719:64.148,256.1382765531062
720:63.944,262.0120240480962
721:62.118,242.50100200400803
722:57.754,240.625250501002
723:66.916,399.08016032064126
724:68.336,337.1102204408818
725:72.022,334.32064128256513
726:71.002,365.34068136272543
727:72.232,364.1482965931864
728:58.352,269.62525050100203
729:73.93,310.1623246492986
730:70.09,338.9559118236473
731:71.328,378.6372745490982
732:70.498,318.24649298597194
733:70.43,339.39078156312627
734:71.714,364.7875751503006
735:59.01,462.34068136272543
736:68.77,382.78356713426854
737:70.098,349.6933867735471
738:68.214,380.9799599198397
739:71.716,313.186372745491
740:67.114,401.4869739478958
741:67.39,343.7575150300601
742:60.392,234.18236472945893
743:69.97,318.6292585170341
744:63.56,324.0841683366734
745:67.192,375.064128256513
746:65.71,330.0380761523046
747:61.262,252.50100200400803
748:69.072,373.2745490981964
749:65.018,282.9438877755511
750:71.478,364.03206412825654
751:65.626,440.70941883767534
752:67.718,332.75551102204406
753:68.754,362.8877755511022
754:62.556,309.65330661322645
755:65.15,386.0941883767535
756:71.432,408.6813627254509
757:67.7,389.1923847695391
758:69.598,347.2765531062124
759:67.73,329.9078156312625
760:73.298,314.71743486973946
761:65.228,275.1202404809619
762:71.858,355.9539078156313
763:66.918,393.0661322645291
764:68.43,302.49699398797594
765:74.14,393.0380761523046
766:72.746,333.687374749499
767:69.28,369.250501002004
768:66.742,364.62525050100203
769:67.836,357.92785571142286
770:68.442,319.3687374749499
771:69.41,343.68937875751504
772:65.022,298.69939879759517
773:74.376,342.2064128256513
774:64.304,242.31663326653307
775:67.876,280.0861723446894
776:68.654,280.73346693386776
777:56.372,225.02805611222445
778:43.512,155.40080160320642
779:45.714,157.40080160320642
780:55.76,215.25250501002003
781:48.89,176.80360721442887
782:53.038,197.81563126252505
783:58.718,230.43887775551102
784:59.778,219.14228456913827
785:50.676,184.67735470941884
786:42.882,155.59519038076152
787:64.984,322.9458917835671
788:70.0,339.9719438877755
789:63.734,294.749498997996
790:65.988,392.48496993987976
791:58.784,449.0821643286573
792:61.704,250.83567134268537
793:71.03,300.59118236472943
794:62.902,289.08016032064126
795:65.356,314.7935871743487
796:72.026,296.86573146292585
797:63.854,272.15230460921845
798:57.584,227.0741482965932
799:66.886,339.01603206412824
800:68.878,358.85971943887773
801:63.436,355.4448897795591
802:72.326,353.57715430861725
803:73.966,311.8336673346693
804:67.13,288.4709418837675
805:66.664,348.42284569138275
806:68.936,295.2965931863727
807:70.804,300.0681362725451
808:68.8,281.5090180360721
809:50.132,192.11823647294588
810:63.918,269.8256513026052
811:74.104,365.9919839679359
812:66.162,375.3987975951904
813:61.788,241.18236472945893
814:64.652,312.6553106212425
815:65.306,278.81963927855713
816:66.95,291.1563126252505
817:55.896,237.1943887775551
818:67.12,309.0841683366734
819:69.458,304.811623246493
820:64.512,276.1843687374749
821:64.364,407.76352705410824
822:69.288,369.35871743486973
823:68.888,335.0060120240481
824:69.064,313.66132264529057
825:65.86,308.0941883767535
826:68.514,376.7014028056112
827:72.924,359.6933867735471
828:68.32,352.61523046092185
829:60.166,434.7114228456914
830:72.522,332.4248496993988
831:66.588,322.62525050100203
832:73.936,372.4188376753507
833:70.88,325.37675350701403
834:68.948,317.0661322645291
835:66.022,370.4729458917836
836:71.292,342.32064128256513
837:60.362,248.80961923847696
838:57.508,221.1302605210421
839:61.85,255.09218436873746
840:62.276,331.44889779559117
841:67.666,317.13426853707415
842:62.646,339.57715430861725
843:71.012,294.72945891783564
844:56.446,214.3987975951904
845:68.416,330.56112224448896
846:74.636,328.08016032064126
847:74.25,320.7615230460922
848:55.872,213.6813627254509
849:60.558,253.55711422845692
850:58.662,231.32865731462925
851:45.33,196.88176352705412
852:75.476,324.1362725450902
853:56.91,223.14629258517033
854:64.224,258.4889779559118
855:51.092,198.64729458917836
856:65.148,232.45490981963928
857:67.978,267.77154308617236
858:60.354,251.70941883767534
859:64.796,256.2745490981964
860:59.536,264.2985971943888
861:68.8,307.1022044088176
862:61.278,258.3426853707415
863:69.89,262.3627254509018
864:64.55,263.6452905811623
865:67.668,281.59519038076155
866:58.412,252.80961923847696
867:68.454,379.9879759519038
868:69.45,324.35871743486973
869:64.902,264.21042084168334
870:59.896,250.84969939879758
871:65.982,276.5270541082164
872:75.926,292.4729458917836
873:63.578,267.7815631262525
874:63.734,359.2685370741483
875:67.182,261.32865731462925
876:61.406,254.57715430861722
877:64.656,291.87374749498997
878:71.176,344.6052104208417
879:59.916,432.0080160320641
880:61.164,252.03406813627254
881:59.742,240.9498997995992
882:59.762,265.67334669338675
883:54.108,236.21442885771543
884:55.38,200.3186372745491
885:47.336,178.2064128256513
886:53.808,220.64128256513027
887:59.3,238.39679358717436
888:58.63,211.53507014028057
889:61.016,264.0280561122245
890:45.538,172.52705410821645
891:51.218,189.5551102204409
892:44.476,164.48496993987976
893:63.426,279.8416833667335
894:66.628,253.8997995991984
895:70.424,325.57715430861725
896:69.82,337.08016032064126
897:71.876,309.71543086172346
898:66.912,280.4929859719439
899:61.702,247.85370741482967
900:51.638,200.09218436873746
901:69.088,338.6553106212425
902:65.684,271.60721442885773
903:70.626,292.9258517034068
904:63.39,285.4809619238477
905:69.024,266.6653306613226
906:68.93,380.685370741483
907:62.964,296.8156312625251
908:67.198,267.8056112224449
909:68.008,286.38276553106215
910:74.136,316.09018036072143
911:68.348,350.5310621242485
912:68.13,282.77354709418836
913:41.934,164.26653306613227
914:58.326,222.22044088176352
915:62.454,233.96993987975952
916:62.66,245.07815631262525
917:66.948,306.3246492985972
918:65.492,299.27254509018036
919:62.894,244.8797595190381
920:64.394,260.72745490981964
921:65.304,252.69138276553107
922:55.276,205.83967935871743
923:63.36,246.90380761523045
924:50.04,185.86372745490982
925:58.902,238.82164328657313
926:68.686,290.0180360721443
927:63.248,257.18036072144287
928:50.462,176.90981963927857
929:41.954,154.93987975951904
930:38.53,145.75350701402806
931:39.7,150.5250501002004
932:43.76,153.25450901803606
933:33.032,125.1623246492986
934:42.082,149.42685370741484
935:59.968,224.95390781563125
936:68.27,311.749498997996
937:64.738,268.9799599198397
938:57.608,224.79759519038078
939:54.126,209.06412825651302
940:68.342,277.11623246492985
941:61.068,224.82164328657313
942:53.28,200.21442885771543
943:66.018,280.312625250501
944:31.506,115.20040080160321
945:49.744,182.93987975951904
946:57.18,211.87174348697394
947:44.562,164.33466933867734
948:48.134,195.4869739478958
949:59.536,227.7875751503006
950:53.084,215.85370741482967
951:67.3,306.84569138276555
952:68.958,264.4248496993988
953:65.158,246.22444889779558
954:63.772,269.5270541082164
955:73.04,317.749498997996
956:59.506,249.97394789579158
957:59.794,255.3186372745491
958:53.012,209.75751503006012
959:56.442,233.43486973947896
960:57.47,208.5430861723447
961:47.3,176.11823647294588
962:62.632,271.1643286573146
963:56.212,225.22845691382764
964:60.924,227.32264529058116
965:54.41,226.4689378757515
966:58.02,221.79158316633266
967:51.716,206.32064128256513
968:53.47,212.92985971943887
969:53.068,186.34869739478958
970:43.97,158.4569138276553
971:47.522,166.7815631262525
972:56.256,204.95190380761522
973:48.322,191.2685370741483
974:59.508,219.56112224448898
975:47.844,181.4448897795591
976:58.75,216.93987975951904
977:48.262,178.2745490981964
978:62.54,238.6192384769539
979:61.18,231.70140280561122
980:54.374,198.96593186372746
981:67.962,282.7114228456914
982:55.622,213.30260521042084
983:57.998,208.8697394789579
984:52.906,195.72745490981964
985:54.766,212.45891783567134
986:47.66,195.62124248496994
987:56.068,217.19238476953907
988:53.038,214.61322645290582
989:42.158,140.0501002004008
990:46.504,177.0681362725451
991:46.688,153.7635270541082
992:34.984,118.58517034068136
993:45.92,163.58517034068137
994:49.116,184.4749498997996
995:63.904,253.74749498997997
996:61.668,247.65531062124248
997:61.34,238.33466933867734
998:61.246,236.05811623246493
999:72.456,312.18036072144287
1000:57.832,217.35470941883767
1001:53.672,200.03607214428857
1002:51.892,191.83567134268537
1003:56.554,217.29058116232466
1004:48.082,179.32865731462925
1005:46.984,164.52905811623248
1006:47.348,166.00400801603206
1007:48.476,181.1803607214429
1008:43.218,159.40080160320642
1009:50.252,176.33466933867734
1010:44.706,154.03006012024048
1011:54.208,204.36072144288576
1012:74.856,351.94789579158316
1013:59.94,225.00801603206412
1014:61.904,249.19839679358716
1015:62.4,227.75951903807615
1016:58.416,208.9759519038076
1017:57.898,219.93386773547095
1018:60.718,236.69138276553107
1019:55.164,224.70541082164328
1020:49.67,183.64128256513027
1021:58.204,233.10420841683367
1022:58.458,231.1122244488978
1023:50.428,179.11623246492985
1024:52.976,197.65531062124248
1025:56.854,218.81162324649299
1026:58.62,211.60921843687376
1027:53.536,206.95190380761522
1028:58.564,210.14829659318636
1029:54.12,197.34468937875752
1030:63.624,261.7034068136273
1031:63.58,270.4709418837675
1032:63.67,223.90981963927857
1033:55.072,201.66533066132266
1034:57.454,207.07615230460922
1035:62.482,235.60320641282564
1036:68.14,274.10420841683367
1037:67.678,286.82965931863725
1038:69.308,274.96793587174346
1039:59.06,243.13627254509018
1040:73.126,303.98396793587176
1041:69.032,266.7434869739479
1042:64.724,255.6492985971944
1043:74.802,336.00200400801606
1044:66.126,242.2124248496994
1045:77.646,310.73346693386776
1046:74.02,299.7615230460922
1047:71.904,274.57114228456913
1048:54.956,199.33867735470943
1049:51.66,210.35270541082164
1050:51.614,184.7695390781563
1051:48.856,181.63527054108218
1052:67.11,268.01402805611224
1053:53.758,206.23246492985973
1054:56.264,231.06613226452905
1055:68.462,280.85971943887773
1056:61.484,212.51102204408818
1057:71.57,301.56913827655313
1058:65.408,246.7555110220441
1059:51.352,196.14629258517033
1060:58.398,221.21643286573146
1061:65.044,248.8697394789579
1062:52.904,204.83567134268537
1063:68.362,272.8637274549098
1064:55.252,213.81362725450902
1065:64.054,259.5851703406814
1066:58.39,215.5250501002004
1067:68.152,287.79158316633266
1068:49.776,189.66132264529057
1069:56.608,201.50100200400803
1070:55.438,196.07014028056113
1071:64.626,258.9498997995992
1072:67.892,252.6813627254509
1073:56.364,219.57114228456913
1074:59.038,234.45290581162325
1075:52.046,186.91983967935872
1076:57.654,217.9058116232465
1077:71.2,256.314629258517
1078:71.518,297.2384769539078
1079:47.438,169.1623246492986
1080:39.238,141.00801603206412
1081:43.472,158.6813627254509
1082:51.204,187.6813627254509
1083:54.178,199.32064128256513
1084:39.912,142.65531062124248
1085:35.954,129.42885771543087
1086:30.682,102.97394789579158
1087:37.128,127.78557114228457
1088:44.72,167.90180360721442
1089:53.55,192.62124248496994
1090:62.446,258.0260521042084
1091:62.212,264.72945891783564
1092:69.586,318.064128256513
1093:71.636,323.8697394789579
1094:67.942,283.3707414829659
1095:68.218,312.88577154308615
1096:68.996,375.65330661322645
1097:64.874,266.54108216432866
1098:64.2,245.73547094188376
1099:70.282,297.09018036072143
1100:60.568,229.4569138276553
1101:47.746,199.7695390781563
1102:55.126,225.3927855711423
1103:58.262,231.27655310621242
1104:56.988,216.49699398797594
1105:66.704,267.1482965931864
1106:64.71,270.565130260521
1107:56.932,226.2685370741483
1108:61.08,230.41482965931863
1109:69.208,320.02404809619236
1110:69.316,281.0
1111:70.056,289.2144288577154
1112:57.402,225.58316633266534
1113:58.814,229.35470941883767
1114:60.874,232.16633266533066
1115:47.934,160.4629258517034
1116:40.212,151.01402805611224
1117:65.274,245.83366733466934
1118:50.482,198.34669338677355
1119:57.872,206.70541082164328
1120:77.444,306.2625250501002
1121:64.658,271.35270541082167
1122:65.808,277.6012024048096
1123:60.218,233.62925851703406
1124:64.282,255.26452905811624
1125:58.508,203.1623246492986
1126:67.234,292.35270541082167
1127:63.736,259.80160320641284
1128:65.294,252.65931863727454
1129:62.632,231.6432865731463
1130:63.398,265.6212424849699
1131:70.856,305.36472945891785
1132:55.734,229.374749498998
1133:66.764,271.1503006012024
1134:64.31,253.0941883767535
1135:61.91,241.82965931863728
1136:67.078,267.2384769539078
1137:69.018,290.9939879759519
1138:55.404,213.08617234468937
1139:52.116,201.95991983967937
1140:67.388,300.9258517034068
1141:66.05,275.7414829659319
1142:65.572,253.9058116232465
1143:70.958,278.0120240480962
1144:65.63,294.29258517034066
1145:66.342,387.68937875751504
1146:64.38,330.7595190380762
1147:69.166,326.2785571142285
1148:67.428,278.09619238476955
1149:68.858,318.6492985971944
1150:65.716,335.5811623246493
1151:67.106,392.28456913827654
1152:62.774,368.5250501002004
1153:68.422,344.39679358717433
1154:64.978,286.09619238476955
1155:65.108,357.0501002004008
1156:66.922,431.52304609218436
1157:68.846,383.21643286573146
1158:62.386,399.9238476953908
1159:65.592,410.7755511022044
1160:67.582,311.0541082164329
1161:66.54,424.4068136272545
1162:68.794,417.9899799599198
1163:69.574,398.7775551102204
1164:65.452,319.0280561122245
1165:60.568,251.33867735470943
1166:69.36,310.9498997995992
1167:65.302,366.2585170340681
1168:66.406,290.84569138276555
1169:67.612,371.32665330661325
1170:65.574,344.33867735470943
1171:70.882,292.60721442885773
1172:67.658,365.12424849699397
1173:67.906,370.5370741482966
1174:66.08,345.97795591182364
1175:64.606,306.52304609218436
1176:69.406,375.0120240480962
1177:72.364,351.4268537074148
1178:69.312,344.4929859719439
1179:72.918,303.09018036072143
1180:67.012,370.1062124248497
1181:74.162,402.57915831663325
1182:62.32,424.8697394789579
1183:59.914,407.19839679358716
1184:67.128,416.9438877755511
1185:58.532,452.0060120240481
1186:68.252,291.10821643286573
1187:70.67,383.72745490981964
1188:67.326,294.92184368737475
1189:68.318,333.69939879759517
1190:69.238,315.28456913827654
1191:70.592,299.07214428857714
1192:67.936,368.9819639278557
1193:64.82,439.3807615230461
1194:73.67,377.7134268537074
1195:58.152,429.82965931863725
1196:63.004,420.15430861723445
1197:69.504,305.73346693386776
1198:66.68,312.2565130260521
1199:68.072,297.32064128256513
1200:73.29,331.6573146292585
1201:66.246,371.7975951903808
1202:66.356,292.7434869739479
1203:61.474,286.9078156312625
1204:64.588,300.7935871743487
1205:63.95,303.31062124248496
1206:59.946,240.82364729458916
1207:57.934,225.13627254509018
1208:66.534,291.49699398797594
1209:64.002,265.75350701402806
1210:67.288,406.1442885771543
1211:75.806,328.8897795591182
1212:67.618,342.5470941883768
1213:65.81,397.87374749498997
1214:64.616,384.44689378757516
1215:69.788,317.3326653306613
1216:69.924,369.30861723446895
1217:59.978,464.42284569138275
1218:73.228,398.35871743486973
1219:68.076,380.2044088176353
1220:70.124,299.49699398797594
1221:70.676,301.80360721442884
1222:72.374,329.38476953907815
1223:64.996,290.94789579158316
1224:69.484,301.50300601202406
1225:58.35,216.92384769539078
1226:71.056,301.43887775551104
1227:69.784,357.60721442885773
1228:54.978,202.49899799599197
1229:74.284,324.34869739478955
1230:64.808,261.9879759519038
1231:64.938,251.11823647294588
1232:65.658,250.52304609218436
1233:54.668,207.04809619238478
1234:65.188,279.1643286573146
1235:68.568,259.11623246492985
1236:63.134,262.7775551102204
1237:53.844,197.90180360721442
1238:64.516,264.96793587174346
1239:66.386,276.3607214428858
1240:64.884,265.0460921843687
1241:68.268,341.0440881763527
1242:71.23,298.82965931863725
1243:61.302,238.7434869739479
1244:64.838,255.11823647294588
1245:73.65,320.12825651302603
1246:64.738,256.7755511022044
1247:55.508,225.10420841683367
1248:66.978,268.6192384769539
1249:63.758,253.01402805611224
1250:70.108,305.56112224448896
1251:62.824,263.8156312625251
1252:66.198,255.99799599198397
1253:61.754,281.27254509018036
1254:64.968,290.87174348697397
1255:66.894,272.749498997996
1256:57.138,216.7254509018036
1257:68.058,254.99599198396794
1258:69.688,265.4448897795591
1259:66.428,240.25851703406815
1260:65.162,235.16432865731463
1261:71.662,283.63527054108215
1262:51.522,196.55711422845692
1263:50.204,187.23446893787576
1264:55.136,200.5811623246493
1265:69.656,328.0661322645291
1266:68.738,244.84969939879758
1267:66.18,244.79559118236472
1268:74.47,322.88376753507015
1269:67.842,264.9939879759519
1270:64.894,240.9118236472946
1271:55.428,215.250501002004
1272:70.906,264.5551102204409
1273:61.508,236.49298597194388
1274:67.79,281.62324649298597
1275:69.268,288.4709418837675
1276:64.836,425.8256513026052
1277:70.55,321.91983967935874
1278:71.694,302.4068136272545
1279:71.028,297.5470941883768
1280:64.52,254.34869739478958
1281:76.69,314.29258517034066
1282:65.502,265.9699398797595
1283:60.622,219.28456913827657
1284:68.562,255.53907815631263
1285:63.498,288.23446893787576
1286:61.98,240.35270541082164
1287:67.066,264.40881763527057
1288:70.924,275.7314629258517
1289:59.206,219.74148296593185
1290:56.788,222.71943887775552
1291:59.864,227.37074148296594
1292:62.652,230.93386773547095
1293:55.036,209.37074148296594
1294:54.558,196.43687374749499
1295:59.144,229.75751503006012
1296:59.328,232.60320641282564
1297:65.646,236.54909819639278
1298:57.432,240.61523046092185
1299:61.008,239.53907815631263
1300:52.016,197.34468937875752
1301:70.52,321.501002004008
1302:63.288,226.31062124248496
1303:48.48,175.3887775551102
1304:59.268,221.77955911823648
1305:61.598,242.03607214428857
1306:66.346,275.4068136272545
1307:70.724,288.9819639278557
1308:53.972,205.07214428857716
1309:56.276,197.61523046092185
1310:52.006,189.95190380761522
1311:61.732,218.29058116232466
1312:53.362,179.9619238476954
1313:49.496,194.55911823647295
1314:51.662,199.14829659318636
1315:58.282,225.83967935871743
1316:61.044,265.19639278557116
1317:68.36,284.08817635270543
1318:50.172,171.92184368737475
1319:61.234,224.2444889779559
1320:60.566,221.250501002004
1321:60.958,234.83967935871743
1322:65.004,247.51703406813627
1323:56.758,199.4689378757515
1324:41.09,143.5811623246493
1325:60.022,209.9318637274549
1326:62.568,199.7074148296593
1327:64.384,244.88176352705412
1328:57.428,218.71543086172343
1329:75.718,324.0541082164329
1330:69.486,270.2565130260521
1331:51.306,174.49298597194388
1332:41.466,140.1122244488978
1333:31.01,111.50701402805612
1334:45.748,171.25250501002003
1335:43.624,158.93386773547095
1336:59.062,220.77555110220442
1337:48.994,186.8056112224449
1338:52.656,204.12224448897797
1339:52.574,202.4068136272545
1340:67.496,275.7134268537074
1341:67.492,281.99599198396794
1342:63.586,248.57915831663325
1343:65.62,248.73947895791582
1344:65.872,272.59519038076155
1345:70.258,273.66132264529057
1346:58.518,208.52905811623248
1347:45.344,172.7995991983968
1348:51.672,185.5130260521042
1349:59.062,245.4068136272545
1350:62.022,228.31262525050101
1351:64.47,276.43086172344687
1352:66.828,288.64729458917833
1353:70.146,417.86573146292585
1354:64.474,254.63326653306612
1355:59.938,255.66533066132266
1356:62.93,253.22044088176352
1357:64.604,249.5751503006012
1358:51.878,185.06613226452905
1359:63.694,254.56513026052104
1360:65.304,271.97595190380764
1361:35.7,126.96192384769539
1362:69.58,307.35671342685373
1363:73.164,353.0921843687375
1364:71.54,277.3987975951904
1365:68.778,280.248496993988
1366:61.528,249.05210420841684
1367:54.088,216.54709418837675
1368:62.848,267.12424849699397
1369:65.054,265.5671342685371
1370:68.294,281.1563126252505
1371:73.472,362.0180360721443
1372:64.172,259.8056112224449
1373:40.346,154.32264529058116
1374:54.954,217.18236472945893
1375:68.19,280.85370741482967
1376:62.778,259.7014028056112
1377:64.366,266.62725450901803
1378:54.046,192.44689378757516
1379:51.882,206.56513026052104
1380:58.61,224.91382765531063
1381:63.83,253.4689378757515
1382:61.698,253.10220440881764
1383:59.586,249.49298597194388
1384:70.144,272.1002004008016
1385:66.664,292.6452905811623
1386:71.998,300.0460921843687
1387:59.746,241.70941883767534
1388:54.632,200.18837675350701
1389:68.212,304.28456913827654
1390:56.808,215.64128256513027
1391:54.902,231.73947895791582
1392:55.65,219.7254509018036
1393:53.414,207.9438877755511
1394:57.93,218.30861723446893
1395:56.606,233.15230460921845
1396:68.83,302.4689378757515
1397:62.4,278.22645290581164
1398:67.176,307.8336673346693
1399:66.744,363.6813627254509
1400:68.574,373.90981963927857
1401:67.002,381.4689378757515
1402:76.57,345.5811623246493
1403:71.258,293.0080160320641
1404:56.23,211.24849699398797
1405:74.156,311.0821643286573
1406:64.052,249.5931863727455
1407:66.252,266.49498997995994
1408:56.062,223.8617234468938
1409:63.612,259.4689378757515
1410:66.566,262.10420841683367
1411:58.682,232.97394789579158
1412:61.166,242.35270541082164
1413:63.102,271.29258517034066
1414:58.998,218.10821643286573
1415:51.716,196.88376753507015
1416:65.188,266.501002004008
1417:64.536,251.5370741482966
1418:62.754,259.5450901803607
1419:66.984,245.4248496993988
1420:66.294,262.62525050100203
1421:61.204,260.60921843687373
1422:69.196,326.8637274549098
1423:67.91,237.2064128256513
1424:63.406,258.77154308617236
1425:59.398,228.36673346693388
1426:58.238,232.3066132264529
1427:65.222,267.68937875751504
1428:61.814,262.811623246493
1429:66.122,290.9719438877755
1430:59.28,234.51102204408818
1431:52.686,207.43687374749499
1432:60.628,254.9498997995992
1433:57.242,210.3807615230461
1434:51.836,187.53306613226454
1435:56.688,211.10821643286573
1436:50.588,173.7434869739479
1437:58.874,234.4188376753507
1438:54.846,219.2865731462926
1439:48.752,189.80961923847696
1440:58.17,217.96392785571143
1441:54.388,208.31462925851704
1442:40.942,152.18236472945893
1443:39.516,136.60320641282564
1444:45.714,162.7635270541082
1445:37.898,141.22444889779558
1446:29.912,108.70741482965931
1447:49.646,194.03406813627254
1448:39.492,144.27655310621242
1449:70.246,285.54108216432866
1450:50.954,201.0941883767535
1451:48.068,198.56112224448898
1452:67.312,384.09619238476955
1453:62.552,255.3987975951904
1454:58.164,230.124248496994
1455:61.642,242.14028056112224
1456:71.142,311.4549098196393
1457:65.372,320.34669338677355
1458:62.334,255.98797595190382
1459:63.488,298.250501002004
1460:70.152,297.7314629258517
1461:71.398,276.7034068136273
1462:69.59,313.98396793587176
1463:63.172,228.43887775551102
1464:61.226,253.25450901803606
1465:63.274,251.47895791583167
1466:67.86,263.4008016032064
1467:52.184,202.98396793587173
1468:55.556,241.16633266533066
1469:47.864,186.45290581162325
1470:57.114,217.21442885771543
1471:58.5,225.3246492985972
1472:59.628,230.34068136272546
1473:63.636,264.59118236472943
1474:68.364,279.9458917835671
1475:53.54,210.92785571142284
1476:68.064,323.4889779559118
1477:52.922,191.54108216432866
1478:65.682,251.65330661322645
1479:65.15,277.2004008016032
1480:67.322,274.9719438877755
1481:54.828,199.95390781563125
1482:55.608,231.29659318637275
1483:49.178,168.749498997996
1484:58.224,217.8316633266533
1485:39.938,144.0380761523046
1486:47.616,158.2925851703407
1487:49.658,188.77154308617236
1488:61.004,240.78356713426854
1489:63.976,268.2585170340681
1490:58.654,223.3326653306613
1491:58.516,271.34068136272543
1492:65.002,256.7975951903808
1493:77.4,356.56112224448896
1494:64.216,243.17635270541084
1495:60.894,290.1102204408818
1496:63.554,321.38476953907815
1497:55.406,208.63326653306612
1498:63.4,267.501002004008
1499:70.718,308.05210420841684
1500:62.034,244.45090180360722
1501:61.884,236.96593186372746
1502:72.502,317.749498997996
1503:56.438,201.06212424849699
1504:63.212,233.89779559118236
1505:64.268,252.09619238476955
1506:71.882,282.64128256513027
1507:70.216,294.3707414829659
1508:72.392,322.0360721442886
1509:74.088,322.34068136272543
1510:67.824,314.99599198396794
1511:73.65,278.8977955911824
1512:71.368,295.5130260521042
1513:65.928,250.3567134268537
1514:62.496,241.46092184368737
1515:62.512,229.70140280561122
1516:60.374,240.40881763527054
1517:60.896,209.4809619238477
1518:76.008,296.7234468937876
1519:65.036,262.4148296593186
1520:63.65,236.4629258517034
1521:65.37,281.44088176352705
1522:75.118,295.7955911823647
1523:73.268,317.68937875751504
1524:73.692,295.0761523046092
1525:68.422,286.89579158316633
1526:63.426,247.68937875751504
1527:73.22,335.751503006012
1528:75.324,369.7575150300601
1529:69.386,295.63326653306615
1530:74.586,306.7034068136273
1531:65.092,242.91583166332666
1532:65.102,274.24649298597194
1533:54.838,224.23246492985973
1534:62.122,223.79158316633266
1535:50.808,201.01202404809618
1536:63.97,240.875751503006
1537:51.66,190.91583166332666
1538:72.588,291.7855711422846
1539:75.792,399.54108216432866
1540:61.906,267.44689378757516
1541:72.336,306.062124248497
1542:65.728,254.31262525050101
1543:70.776,254.94589178356713
1544:63.506,276.7214428857715
1545:75.336,310.2945891783567
1546:76.748,362.70741482965934
1547:69.518,323.9639278557114
1548:70.808,301.7815631262525
1549:61.296,237.97194388777555
1550:65.12,248.38276553106212
1551:71.714,306.186372745491
1552:63.616,255.7254509018036
1553:76.208,296.4709418837675
1554:70.43,270.2865731462926
1555:55.45,222.17835671342687
1556:73.034,349.5731462925852
1557:69.24,276.8336673346693
1558:57.338,212.53507014028057
1559:66.696,266.0501002004008
1560:51.152,175.3186372745491
1561:47.02,175.98396793587173
1562:58.46,216.0681362725451
1563:58.986,218.82965931863728
1564:63.256,249.73346693386773
1565:59.662,237.86773547094188
1566:72.884,293.7675350701403
1567:53.576,215.37875751503006
1568:55.1,209.4188376753507
1569:63.572,242.75350701402806
1570:64.06,230.22244488977955
1571:55.088,192.72945891783567
1572:53.446,186.58517034068137
1573:48.31,204.84569138276552
1574:58.186,225.21442885771543
1575:62.778,234.3807615230461
1576:50.216,184.59919839679358
1577:67.374,272.01402805611224
1578:67.942,253.29458917835672
1579:48.92,193.3186372745491
1580:59.594,233.83567134268537
1581:48.16,168.11422845691382
1582:69.288,279.2244488977956
1583:66.156,246.92184368737475
1584:43.214,159.875751503006
1585:44.744,174.70140280561122
1586:64.632,269.61523046092185
1587:66.462,270.1643286573146
1588:45.112,166.74148296593185
1589:71.658,304.9639278557114
1590:61.964,313.2384769539078
1591:70.482,283.3246492985972
1592:69.192,290.61723446893785
1593:71.674,287.8637274549098
1594:52.034,194.43887775551102
1595:72.09,328.50300601202406
1596:49.982,197.96392785571143
1597:50.53,186.47895791583167
1598:63.282,253.53907815631263
1599:66.896,253.01402805611224
1600:63.316,264.5551102204409
1601:61.194,255.92985971943887
1602:68.574,286.7414829659319
1603:68.906,395.248496993988
1604:64.31,269.4008016032064
1605:68.192,284.1683366733467
1606:67.122,271.26653306613224
1607:67.892,280.3366733466934
1608:52.614,188.8617234468938
1609:49.74,182.7815631262525
1610:54.296,181.73547094188376
1611:59.682,213.3186372745491
1612:49.862,184.66332665330663
1613:44.802,154.45490981963928
1614:42.488,150.1202404809619
1615:56.778,212.9498997995992
1616:59.786,246.62124248496994
1617:57.504,207.93386773547095
1618:50.162,193.73947895791582
1619:63.652,252.5190380761523
1620:60.716,230.45891783567134
1621:65.712,265.2404809619238
1622:57.024,207.27254509018036
1623:72.53,320.14629258517033
1624:54.424,200.28456913827657
1625:54.074,204.9318637274549
1626:68.084,280.03206412825654
1627:59.694,225.79559118236472
1628:62.994,240.46492985971943
1629:66.91,295.7394789579158
1630:71.68,280.2745490981964
1631:58.056,235.9258517034068
1632:64.65,235.8056112224449
1633:67.45,282.84769539078155
1634:56.886,202.39679358717436
1635:54.374,228.4629258517034
1636:53.036,197.65130260521042
1637:59.386,228.53907815631263
1638:47.902,180.4809619238477
1639:51.2,202.40280561122245
1640:64.612,279.90981963927857
1641:57.354,226.02004008016033
1642:57.084,220.3006012024048
1643:62.778,304.8256513026052
1644:65.538,312.62324649298597
1645:44.948,174.2264529058116
1646:57.528,228.3567134268537
1647:52.556,196.61322645290582
1648:69.174,270.2585170340681
1649:71.032,279.4829659318637
1650:67.516,310.35871743486973
1651:64.704,265.35871743486973
1652:62.186,256.6492985971944
1653:61.742,240.8436873747495
1654:55.284,228.15430861723448
1655:64.316,261.2184368737475
1656:62.16,321.17835671342687
1657:51.296,204.23446893787576
1658:62.422,262.27254509018036
1659:64.67,269.82765531062125
1660:66.904,305.04008016032066
1661:70.622,285.69138276553105
1662:60.778,239.20841683366734
1663:49.992,206.56112224448898
1664:71.02,276.4128256513026
1665:68.264,265.3707414829659
1666:69.268,373.4268537074148
1667:69.628,346.8517034068136
1668:64.12,283.57114228456913
1669:66.132,276.6212424849699
1670:66.692,270.09619238476955
1671:51.07,189.1382765531062
1672:46.284,178.89178356713427
1673:53.548,219.19238476953907
1674:66.602,244.74749498997997
1675:71.782,331.72745490981964
1676:61.146,296.07014028056113
1677:67.834,355.2625250501002
1678:71.37,314.4709418837675
1679:69.29,369.93987975951904
1680:65.728,387.7575150300601
1681:69.56,418.05210420841684
1682:71.254,419.4829659318637
1683:63.948,390.1503006012024
1684:67.438,401.13426853707415
1685:66.492,401.3166332665331
1686:61.526,438.56913827655313
1687:71.174,325.29258517034066
1688:63.928,417.6312625250501
1689:71.332,350.1923847695391
1690:72.976,315.91983967935874
1691:59.586,397.64128256513027
1692:70.388,316.6012024048096
1693:66.852,319.26653306613224
1694:73.198,315.53306613226454
1695:72.462,385.98396793587176
1696:72.82,348.6933867735471
1697:71.334,341.70741482965934
1698:67.164,375.53507014028054
1699:72.006,351.09018036072143
1700:70.668,358.0821643286573
1701:68.172,418.84769539078155
1702:65.948,430.2605210420842
1703:71.138,382.2224448897796
1704:67.31,271.5931863727455
1705:73.31,322.70741482965934
1706:68.494,269.66132264529057
1707:66.154,317.19639278557116
1708:71.298,318.22645290581164
1709:68.332,381.6452905811623
1710:70.176,305.7234468937876
1711:70.418,268.6653306613226
1712:65.404,269.4729458917836
1713:59.512,246.81763527054107
1714:72.684,347.5110220440882
1715:59.096,239.9759519038076
1716:71.336,361.15430861723445
1717:75.388,366.30060120240483
1718:65.02,306.6192384769539
1719:69.74,281.7935871743487
1720:65.918,259.0080160320641
1721:64.718,271.3166332665331
1722:62.616,264.42885771543087
1723:72.712,320.15430861723445
1724:60.198,217.51703406813627
1725:73.742,298.75350701402806
1726:70.326,295.9819639278557
1727:63.04,219.3186372745491
1728:72.236,324.2204408817635
1729:74.646,312.8997995991984
1730:70.346,342.19038076152304
1731:67.132,249.26052104208418
1732:49.898,187.95591182364728
1733:61.384,232.78557114228457
1734:62.822,248.06412825651302
1735:65.912,257.96593186372746
1736:67.064,245.34468937875752
1737:60.676,237.34669338677355
1738:48.636,185.93587174348698
1739:55.428,216.43286573146293
1740:60.42,238.99599198396794
1741:41.39,149.24248496993988
1742:36.68,145.8376753507014
1743:39.394,155.4128256513026
1744:45.934,155.25450901803606
1745:68.978,268.11422845691385
1746:68.744,252.08617234468937
1747:66.8,290.9819639278557
1748:67.354,273.87174348697397
1749:58.004,233.1683366733467
1750:67.836,291.687374749499
1751:57.588,209.16633266533066
1752:63.13,261.5270541082164
1753:72.482,306.1362725450902
1754:72.546,278.5470941883768
1755:59.878,250.61322645290582
1756:54.636,193.2004008016032
1757:46.152,175.8316633266533
1758:39.552,142.4629258517034
1759:57.462,209.4809619238477
1760:49.886,182.21643286573146
1761:54.466,204.7374749498998
1762:56.188,203.52304609218436
1763:50.634,183.3186372745491
1764:50.668,182.6673346693387
1765:35.902,127.58316633266533
1766:47.952,164.78957915831663
1767:41.438,149.8376753507014
1768:47.368,155.72945891783567
1769:47.198,172.47094188376752
1770:44.714,145.8316633266533
1771:61.008,208.60320641282564
1772:63.872,237.99799599198397
1773:55.374,208.19639278557113
1774:50.116,179.44088176352705
1775:54.738,187.17434869739478
1776:58.552,212.10220440881764
1777:67.918,252.78957915831663
1778:70.73,297.35671342685373
1779:61.136,250.72745490981964
1780:65.16,262.29258517034066
1781:68.744,270.1623246492986
1782:58.918,219.6993987975952
1783:57.476,221.74549098196394
1784:60.152,241.82364729458916
1785:62.606,234.84969939879758
1786:43.776,144.6112224448898
1787:68.24,253.58917835671343
1788:72.668,265.7234468937876
1789:74.76,338.3326653306613
1790:67.616,238.57114228456913
1791:58.378,221.90781563126254
1792:59.37,240.56112224448898
1793:61.974,235.7815631262525
1794:62.314,248.82765531062125
1795:56.768,221.4629258517034
1796:39.748,145.47094188376752
1797:57.346,206.15230460921845
1798:46.796,178.81563126252505
1799:60.834,223.95591182364728
1800:50.642,181.5551102204409
1801:64.508,223.14829659318636
1802:67.824,269.63326653306615
1803:62.826,235.44088176352705
1804:64.932,235.8056112224449
1805:63.264,291.7134268537074
1806:42.046,151.61723446893788
1807:57.57,215.13426853707415
1808:59.392,206.40280561122245
1809:68.86,258.36472945891785
1810:74.246,345.1923847695391
1811:52.252,189.6813627254509
1812:54.224,203.92184368737475
1813:60.446,208.8877755511022
1814:51.612,174.25851703406815
1815:60.306,247.01402805611224
1816:49.07,181.45290581162325
1817:30.512,105.25250501002004
1818:53.508,207.0240480961924
1819:60.528,205.82565130260522
1820:47.08,164.1062124248497
1821:69.844,302.685370741483
1822:77.094,314.1482965931864
1823:63.266,258.4709418837675
1824:65.244,251.07815631262525
1825:65.708,245.66933867735472
1826:52.066,182.77955911823648
1827:54.75,186.9939879759519
1828:48.848,176.86773547094188
1829:60.454,223.46492985971943
1830:69.466,277.0861723446894
1831:57.338,236.32064128256513
1832:66.896,281.27054108216436
1833:67.01,247.34468937875752
1834:62.29,245.2064128256513
1835:52.592,193.83967935871743
1836:41.518,142.1623246492986
1837:47.78,178.24248496993988
1838:46.878,164.67935871743487
1839:55.826,214.2745490981964
1840:48.08,170.87374749498997
1841:41.422,146.83366733466934
1842:54.632,209.51703406813627
1843:59.008,243.99799599198397
1844:66.396,261.85370741482967
1845:77.428,321.72945891783564
1846:67.948,262.7955911823647
1847:65.132,272.50300601202406
1848:69.744,289.1202404809619
1849:64.948,263.9138276553106
1850:61.238,239.02805611222445
1851:51.092,174.82364729458916
1852:63.456,268.4328657314629
1853:67.202,268.563126252505
1854:52.154,192.32064128256513
1855:52.078,207.4188376753507
1856:58.884,243.0681362725451
1857:59.604,218.50901803607215
1858:54.172,210.2745490981964
1859:61.354,210.19038076152304
1860:54.554,187.92384769539078
1861:46.122,163.67935871743487
1862:52.456,186.04809619238478
1863:53.502,199.32264529058116
1864:49.56,191.8196392785571
1865:43.146,158.30861723446893
1866:50.24,201.34869739478958
1867:44.04,158.8557114228457
1868:62.168,248.85170340681364
1869:62.608,244.4248496993988
1870:58.378,223.26452905811624
1871:52.92,194.05811623246493
1872:53.036,197.3507014028056
1873:62.55,262.1182364729459
1874:47.156,165.2184368737475
1875:40.946,143.44088176352705
1876:49.474,182.71943887775552
1877:57.904,225.17234468937875
1878:51.6,176.14629258517033
1879:43.538,163.58316633266534
1880:45.378,160.33466933867734
1881:44.186,147.75350701402806
1882:50.872,190.4949899799599
1883:42.146,143.82765531062125
1884:38.616,141.13226452905812
1885:59.928,205.8196392785571
1886:46.596,163.27054108216433
1887:36.058,130.02605210420842
1888:59.386,229.47094188376752
1889:60.576,239.25450901803606
1890:37.868,138.47895791583167
1891:47.97,151.2685370741483
1892:54.36,199.74148296593185
1893:54.796,189.32665330661322
1894:52.656,192.99198396793588
1895:51.652,173.82164328657313
1896:52.848,212.40080160320642
1897:51.408,181.1382765531062
1898:44.02,157.55310621242484
1899:48.258,169.05210420841684
1900:48.116,178.74549098196394
1901:49.45,184.37074148296594
1902:50.348,187.44689378757516
1903:52.028,190.39478957915833
1904:55.048,207.7314629258517
1905:55.026,188.95591182364728
1906:47.3,173.46092184368737
1907:45.628,166.31262525050101
1908:53.102,184.72745490981964
1909:49.284,187.60521042084167
1910:44.832,167.6072144288577
1911:33.964,111.03807615230461
1912:45.006,165.85771543086173
1913:41.75,156.80961923847696
1914:44.37,158.0741482965932
1915:58.266,210.82364729458916
1916:54.738,195.4809619238477
1917:45.72,154.04408817635272
1918:47.216,177.85971943887776
1919:52.912,201.9178356713427
1920:40.648,148.01402805611224
1921:35.506,130.91983967935872
1922:60.68,209.07615230460922
1923:44.394,161.03006012024048
1924:41.514,143.82765531062125
1925:59.08,192.66533066132266
1926:47.884,175.01402805611224
1927:47.878,190.3687374749499
1928:56.044,192.37274549098197
1929:51.964,188.02605210420842
1930:48.79,190.0681362725451
1931:62.334,275.6372745490982
1932:41.708,158.97795591182364
1933:50.564,189.20440881763528
1934:46.838,181.0180360721443
1935:48.18,181.4248496993988
1936:44.346,169.92785571142284
1937:44.884,178.14629258517033
1938:48.898,188.83366733466934
1939:53.27,199.7254509018036
1940:53.17,184.67935871743487
1941:65.13,262.86573146292585
1942:64.496,253.12825651302606
1943:62.762,276.09018036072143
1944:67.022,417.4008016032064
1945:59.694,444.92184368737475
1946:68.634,302.09619238476955
1947:53.916,216.15430861723448
1948:66.984,295.11422845691385
1949:62.74,263.8236472945892
1950:64.614,276.3166332665331
1951:54.924,201.6072144288577
1952:63.674,247.45290581162325
1953:48.804,191.6192384769539
1954:46.9,173.0941883767535
1955:49.588,181.24649298597194
1956:46.67,183.15230460921845
1957:49.314,192.87374749498997
1958:42.756,155.82765531062125
1959:57.684,231.48897795591182
1960:65.278,260.1102204408818
1961:61.31,226.13226452905812
1962:45.196,186.99599198396794
1963:62.672,252.9258517034068
1964:42.732,173.43687374749499
1965:63.246,269.62525050100203
1966:59.7,247.0561122244489
1967:49.99,205.52104208416833
1968:55.374,236.7434869739479
1969:54.448,225.1943887775551
1970:59.128,217.17034068136272
1971:68.572,335.5751503006012
1972:58.698,238.7735470941884
1973:62.624,257.17034068136275
1974:70.306,282.2384769539078
1975:46.428,184.59118236472946
1976:45.424,172.08016032064128
1977:69.648,280.6372745490982
1978:68.366,336.1823647294589
1979:70.97,366.3887775551102
1980:67.504,439.40280561122245
1981:56.948,448.32064128256513
1982:77.474,343.47895791583164
1983:68.156,312.94188376753505
1984:67.916,317.0761523046092
1985:67.672,339.1362725450902
1986:71.032,363.0821643286573
1987:70.236,293.26653306613224
1988:72.62,291.04208416833666
1989:75.822,348.1102204408818
1990:69.498,356.2745490981964
1991:68.516,248.85971943887776
1992:71.992,301.82765531062125
1993:71.52,357.7695390781563
1994:65.856,261.5110220440882
1995:67.134,313.88376753507015
1996:73.674,294.66132264529057
1997:62.606,442.0841683366734
1998:74.296,332.5571142284569
1999:64.878,406.08817635270543
2000:65.408,415.0921843687375
2001:75.042,320.23647294589176
2002:69.918,402.3887775551102
2003:69.454,339.1442885771543
2004:67.76,436.3547094188377
2005:66.87,362.8877755511022
2006:76.886,360.01402805611224
2007:69.88,372.45891783567134
2008:69.06,293.22845691382764
2009:69.312,321.63527054108215
2010:66.086,377.4188376753507
2011:66.956,439.16032064128257
2012:73.502,377.7935871743487
2013:66.832,397.8316633266533
2014:65.746,402.1503006012024
2015:73.946,365.312625250501
2016:71.038,319.06012024048096
2017:73.11,350.85771543086173
2018:73.944,378.91182364729457
2019:66.884,385.30861723446895
2020:65.49,401.12424849699397
2021:66.914,326.9639278557114
2022:63.08,411.2324649298597
2023:75.21,329.38476953907815
2024:65.772,417.3326653306613
2025:58.736,461.13426853707415
2026:69.308,424.5130260521042
2027:67.726,440.0460921843687
2028:73.924,321.314629258517
2029:67.484,404.2144288577154
2030:64.862,313.3607214428858
2031:69.956,321.10821643286573
2032:70.926,340.5811623246493
2033:66.458,318.6673346693387
2034:75.406,363.83967935871743
2035:71.872,390.43887775551104
2036:71.758,322.23647294589176
2037:68.718,419.09018036072143
2038:71.068,291.00400801603206
2039:68.84,398.53507014028054
2040:72.336,314.77154308617236
2041:60.512,219.63326653306612
2042:67.188,300.6052104208417
2043:64.962,269.7234468937876
2044:75.408,371.5190380761523
2045:71.65,302.77154308617236
2046:68.046,282.07014028056113
2047:64.422,282.4609218436874
2048:69.234,277.1763527054108
2049:61.544,237.44288577154308
2050:57.688,210.82765531062125
2051:74.716,357.57715430861725
2052:68.812,363.82965931863725
2053:67.216,299.4729458917836
2054:67.446,323.2184368737475
2055:75.18,312.8356713426854
2056:73.916,340.34869739478955
2057:64.638,243.44088176352705
2058:72.94,377.27254509018036
2059:67.63,292.3046092184369
2060:66.536,337.498997995992
2061:68.61,418.4869739478958
2062:74.192,355.3066132264529
2063:69.446,341.37474949899797
2064:67.17,342.36472945891785
2065:70.88,393.53507014028054
2066:72.578,367.9338677354709
2067:68.65,380.2765531062124
2068:71.336,361.39078156312627
2069:72.686,316.7414829659319
2070:77.636,312.0
2071:72.576,378.5270541082164
2072:69.162,303.16032064128257
2073:69.606,316.3887775551102
2074:71.24,273.5991983967936
2075:67.084,268.7955911823647
2076:70.682,282.0360721442886
2077:70.204,264.3446893787575
2078:76.33,327.62324649298597
2079:70.782,276.1022044088176
2080:79.408,354.34869739478955
2081:73.728,369.0741482965932
2082:74.554,373.1583166332665
2083:74.024,393.2004008016032
2084:68.52,390.91983967935874
2085:67.606,420.8697394789579
2086:65.634,351.70941883767534
2087:72.102,363.5290581162325
2088:63.184,421.0260521042084
2089:71.852,336.92985971943887
2090:65.758,343.72745490981964
2091:73.256,358.7755511022044
2092:73.252,285.98396793587176
2093:70.14,304.1763527054108
2094:71.302,302.6052104208417
2095:66.474,282.67134268537075
2096:71.434,322.5290581162325
2097:70.762,313.1663326653307
2098:71.762,322.0180360721443
2099:69.902,341.0100200400802
2100:73.14,363.36472945891785
2101:72.52,353.34068136272543
2102:72.776,334.3246492985972
2103:72.54,349.1623246492986
2104:71.326,371.00200400801606
2105:65.16,324.05811623246495
2106:73.362,328.8997995991984
2107:70.76,324.0460921843687
2108:72.836,278.27254509018036
2109:63.704,262.65931863727457
2110:65.708,257.49498997995994
2111:64.02,293.80160320641284
2112:77.746,337.95991983967934
2113:70.002,299.0180360721443
2114:70.688,295.11623246492985
2115:66.954,251.32865731462925
2116:68.118,281.24448897795594
2117:69.382,353.6833667334669
2118:72.596,354.314629258517
2119:70.97,328.02404809619236
2120:74.024,317.4869739478958
2121:67.496,391.3186372745491
2122:60.128,420.80160320641284
2123:65.158,261.0
2124:62.404,442.6212424849699
2125:68.83,382.60320641282567
2126:67.694,445.00400801603206
2127:62.784,431.498997995992
2128:78.404,355.9619238476954
2129:75.63,314.7254509018036
2130:56.938,233.10821643286573
2131:73.302,347.69939879759517
2132:66.588,336.32865731462925
2133:45.932,500.2384769539078
2134:64.606,454.4689378757515
2135:66.176,426.685370741483
2136:62.604,255.78957915831663
2137:62.278,451.05210420841684
2138:72.44,402.1763527054108
2139:62.028,435.6953907815631
2140:51.784,483.82965931863725
2141:69.026,429.0300601202405
2142:64.1,439.749498997996
2143:50.624,478.57715430861725
2144:71.538,344.5470941883768
2145:65.55,417.5430861723447
2146:62.116,383.90180360721445
2147:65.96,417.10821643286573
2148:69.072,420.9939879759519
2149:65.04,385.248496993988
2150:66.562,381.81963927855713
2151:63.492,413.6192384769539
2152:71.618,404.05811623246495
2153:67.03,335.59519038076155
2154:65.506,367.38476953907815
2155:70.102,347.8997995991984
2156:60.778,427.58917835671343
2157:74.64,390.60721442885773
2158:69.528,427.42284569138275
2159:71.652,360.76553106212424
2160:68.646,395.9919839679359
2161:70.158,367.8436873747495
2162:59.576,440.2424849699399
2163:72.46,353.5190380761523
2164:67.232,415.3987975951904
2165:71.714,343.0661322645291
2166:69.212,336.70741482965934
2167:66.44,306.95991983967934
2168:67.976,280.5831663326653
2169:74.58,343.52104208416836
2170:71.582,388.09819639278555
2171:68.33,299.37675350701403
2172:68.204,278.85971943887773
2173:70.116,344.16032064128257
2174:61.61,242.60921843687376
2175:62.182,270.8797595190381
2176:72.414,359.2785571142285
2177:70.524,333.4268537074148
2178:70.39,338.4929859719439
2179:70.572,336.17034068136275
2180:78.422,327.19639278557116
2181:70.622,311.5450901803607
2182:65.088,254.1062124248497
2183:67.188,301.4168336673347
2184:73.988,338.4509018036072
2185:69.324,357.7975951903808
2186:76.188,349.7054108216433
2187:68.698,335.55911823647295
2188:63.226,430.30060120240483
2189:70.032,346.2004008016032
2190:64.834,408.5190380761523
2191:68.412,422.89178356713427
2192:63.25,458.49498997995994
2193:70.184,381.9458917835671
2194:81.12,368.1302605210421
2195:71.168,380.65330661322645
2196:70.132,343.67935871743487
2197:75.29,387.0561122244489
2198:72.488,333.4889779559118
2199:67.91,338.8416833667335
2200:70.652,364.71543086172346
2201:65.552,350.7815631262525
2202:65.674,349.35270541082167
2203:65.242,277.52304609218436
2204:69.284,349.0180360721443
2205:69.578,375.34869739478955
2206:65.364,247.49699398797594
2207:73.542,373.7314629258517
2208:71.002,395.1002004008016
2209:64.768,370.9739478957916
2210:66.976,390.5831663326653
2211:61.78,464.56112224448896
2212:66.622,285.4909819639279
2213:52.812,225.60521042084167
2214:69.374,370.4188376753507
2215:67.22,397.6933867735471
2216:53.466,488.3306613226453
2217:67.03,434.17835671342687
2218:70.742,351.38476953907815
2219:71.188,295.4689378757515
2220:67.99,409.73547094188376
2221:68.8,416.66132264529057
2222:65.16,424.20841683366734
2223:69.326,386.7695390781563
2224:59.984,443.2144288577154
2225:64.848,407.98597194388776
2226:62.346,443.31062124248496
2227:64.126,435.9799599198397
2228:66.196,399.81963927855713
2229:61.386,271.62324649298597
2230:62.548,250.04809619238478
2231:47.526,186.58316633266534
2232:52.578,196.97795591182364
2233:55.886,220.53507014028057
2234:52.384,202.72144288577155
2235:65.17,294.1743486973948
2236:65.208,307.3987975951904
2237:66.46,251.6112224448898
2238:55.704,260.1663326653307
2239:58.414,238.50300601202406
2240:67.52,270.9258517034068
2241:66.65,285.57915831663325
2242:77.558,321.7795591182365
2243:63.072,429.9719438877755
2244:70.338,363.2224448897796
