0:39.01,174.4188376753507
1:47.436,207.69739478957916
2:38.334,167.18236472945893
3:37.49,177.3507014028056
4:39.628,170.8316633266533
5:40.642,186.19639278557113
6:35.802,169.07615230460922
7:41.648,210.1202404809619
8:43.156,207.50701402805612
9:32.92,142.3186372745491
10:37.276,166.3006012024048
11:40.06,189.03006012024048
12:47.308,218.26653306613227
13:42.876,195.5190380761523
14:40.02,178.4689378757515
15:31.0,128.94589178356713
16:35.826,160.1943887775551
17:50.078,218.4248496993988
18:56.36,267.4448897795591
19:50.294,206.73947895791582
20:32.488,145.89178356713427
21:37.094,168.6813627254509
22:32.514,153.16032064128257
23:45.434,204.1382765531062
24:39.244,178.15030060120242
25:54.318,234.03006012024048
26:39.85,173.87775551102203
27:47.808,261.35871743486973
28:40.478,185.65130260521042
29:45.896,202.79158316633266
30:55.232,255.85971943887776
31:47.544,234.57114228456913
32:42.91,210.21643286573146
33:41.626,192.42685370741484
34:41.622,184.6993987975952
35:39.556,186.26452905811624
36:36.434,164.15030060120242
37:31.42,138.97795591182364
38:33.876,144.749498997996
39:33.982,143.47294589178355
40:24.504,108.3186372745491
41:37.284,161.81362725450902
42:20.914,89.91382765531063
43:30.782,126.04809619238478
44:31.716,126.84569138276554
45:28.194,124.55110220440882
46:32.068,135.4949899799599
47:34.542,158.13627254509018
48:36.442,168.01202404809618
49:34.106,148.2745490981964
50:33.712,150.48296593186373
51:33.224,156.84969939879758
52:36.296,159.92384769539078
53:32.336,138.39679358717436
54:31.798,135.98797595190382
55:32.912,137.7314629258517
56:26.724,114.62925851703407
57:31.948,135.1062124248497
58:31.566,122.72344689378758
59:29.112,124.41082164328657
60:30.322,126.02004008016031
61:41.99,172.32665330661322
62:30.616,122.82164328657315
63:36.74,158.11422845691382
64:36.604,152.37675350701403
65:35.244,157.83366733466934
66:32.442,149.26452905811624
67:26.858,114.59719438877755
68:29.358,127.60721442885772
69:27.914,112.3186372745491
70:36.63,162.4949899799599
71:35.728,152.93587174348698
72:32.668,143.09018036072143
73:37.986,175.80160320641284
74:32.582,145.84969939879758
75:33.632,148.97194388777555
76:38.744,160.81362725450902
77:28.658,125.52304609218437
78:30.556,127.42084168336673
79:43.14,193.79759519038078
80:25.072,116.59719438877755
81:44.144,196.9118236472946
82:32.662,138.08016032064128
83:24.026,107.70340681362725
84:33.424,150.01002004008015
85:36.614,152.1442885771543
86:39.428,173.95190380761522
87:26.65,105.38276553106212
88:33.478,147.1563126252505
89:30.306,148.31663326653307
90:34.74,151.57715430861722
91:34.102,138.4128256513026
92:43.61,199.3246492985972
93:45.176,214.90981963927857
94:38.994,171.9058116232465
95:25.606,113.02605210420842
96:32.054,138.8617234468938
97:42.416,206.875751503006
98:40.026,177.76753507014027
99:43.422,196.39078156312624
100:35.89,158.92985971943887
101:26.414,108.13627254509018
102:30.202,118.48897795591182
103:27.994,120.54509018036072
104:29.138,118.45290581162325
105:24.192,104.9438877755511
106:30.778,136.45290581162325
107:37.988,166.3186372745491
108:33.994,151.97394789579158
109:34.076,144.07815631262525
110:29.094,140.92785571142284
111:31.17,133.0
112:29.566,120.75951903807615
113:33.278,139.7134268537074
114:41.846,201.82364729458916
115:29.876,134.0821643286573
116:35.262,143.68336673346693
117:39.576,173.56713426853707
118:40.776,166.47094188376752
119:42.116,194.9438877755511
120:32.196,138.250501002004
121:32.42,141.58917835671343
122:40.12,178.3326653306613
123:41.05,188.25450901803606
124:38.808,164.22044088176352
125:39.142,167.9118236472946
126:28.15,126.30460921843688
127:31.87,141.68937875751504
128:32.808,142.23446893787576
129:35.074,150.42885771543087
130:35.858,159.64729458917836
131:34.06,141.5190380761523
132:27.494,110.2685370741483
133:42.696,169.3987975951904
134:34.916,145.75350701402806
135:34.798,139.94789579158316
136:28.09,123.062124248497
137:35.528,148.7134268537074
138:29.618,112.13627254509018
139:40.57,171.72144288577155
140:32.294,133.82765531062125
141:29.794,115.03406813627255
142:32.708,143.81362725450902
143:27.906,111.69739478957916
144:27.666,116.66533066132264
145:27.172,105.77755511022045
146:28.664,110.60120240480961
147:26.338,109.062124248497
148:31.564,136.31062124248496
149:28.584,121.27655310621242
150:27.854,107.19038076152304
151:32.056,123.03006012024048
152:31.002,139.3326653306613
153:31.258,122.15430861723446
154:25.012,98.57314629258516
155:26.11,109.67935871743487
156:29.06,128.82565130260522
157:27.78,113.02004008016031
158:19.744,76.37875751503006
159:32.848,132.35871743486973
160:27.278,106.3627254509018
161:28.268,111.96593186372745
162:29.364,121.88376753507013
163:17.998,69.42885771543087
164:32.002,131.75150300601203
165:27.824,119.72945891783567
166:28.004,122.8937875751503
167:28.982,109.36072144288578
168:28.912,124.58717434869739
169:27.414,103.44889779559118
170:40.484,161.6192384769539
171:28.256,104.58917835671343
172:29.766,120.86372745490982
173:26.804,113.92585170340682
174:29.762,116.41683366733467
175:23.826,96.11222444889779
176:26.278,98.96392785571142
177:23.004,88.82164328657315
178:25.46,103.40480961923848
179:30.822,120.08817635270542
180:20.248,76.60320641282566
181:21.088,81.02004008016031
182:33.184,145.4869739478958
183:24.148,105.79959919839679
184:27.712,106.83567134268537
185:20.144,92.23446893787575
186:23.57,101.3687374749499
187:24.626,97.99198396793587
188:24.004,95.4308617234469
189:26.604,102.45691382765531
190:24.338,99.01803607214428
191:22.508,87.4749498997996
192:32.366,144.0320641282565
193:27.344,116.18036072144288
194:24.934,97.67134268537075
195:35.19,152.73346693386773
196:20.536,85.79959919839679
197:29.932,131.31062124248496
198:28.496,119.22845691382766
199:31.624,130.34468937875752
200:31.14,125.49498997995993
201:30.59,122.67134268537075
202:25.59,104.12825651302605
203:26.67,117.0440881763527
204:30.844,128.29058116232466
205:24.956,93.70741482965931
206:17.978,66.68537074148297
207:24.52,93.98997995991984
208:25.808,114.93587174348697
209:23.992,112.81362725450902
210:22.654,97.54909819639279
211:27.25,113.21643286573146
212:28.51,118.40280561122245
213:28.876,124.61122244488978
214:36.65,149.64128256513027
215:34.446,138.6012024048096
216:30.002,125.64128256513025
217:28.284,114.89178356713427
218:29.596,116.17434869739479
219:31.916,136.02004008016033
220:51.33,250.3687374749499
221:38.988,166.84569138276552
222:32.91,131.3887775551102
223:30.236,133.09218436873746
224:30.532,120.17034068136273
225:30.544,145.40080160320642
226:28.122,121.99198396793587
227:28.386,126.32665330661322
228:23.964,93.81362725450902
229:25.582,104.50701402805612
230:26.098,113.59719438877755
231:33.554,142.13226452905812
232:27.54,119.52905811623246
233:38.142,169.8617234468938
234:35.744,164.3246492985972
235:25.952,108.27054108216433
236:31.368,131.81763527054107
237:28.146,131.1623246492986
238:24.106,102.35470941883767
239:27.684,114.14428857715431
240:21.718,99.18436873747495
241:21.706,97.71743486973948
242:24.564,103.29458917835672
243:23.6,105.23046092184369
244:30.304,142.55911823647295
245:34.464,151.3687374749499
246:33.574,138.72745490981964
247:30.65,129.5310621242485
248:34.986,151.9939879759519
249:35.034,148.6112224448898
250:41.79,179.59118236472946
251:44.478,194.7174348697395
252:36.55,145.28456913827657
253:38.756,165.09018036072143
254:30.292,142.65931863727454
255:40.412,178.97394789579158
256:45.864,198.51503006012024
257:42.804,199.02805611222445
258:49.276,231.20841683366734
259:36.598,172.82565130260522
260:28.014,124.03006012024048
261:42.98,182.91583166332666
262:40.426,179.8997995991984
263:34.162,153.6072144288577
264:36.1,160.81563126252505
265:36.514,151.2625250501002
266:34.788,157.00200400801603
267:41.73,174.89178356713427
268:36.54,168.95190380761522
269:36.94,167.67334669338678
270:30.71,133.72945891783567
271:36.424,151.01202404809618
272:43.26,183.4749498997996
273:45.218,198.6933867735471
274:45.874,214.31062124248496
275:34.798,154.39478957915833
276:44.518,184.58517034068137
277:39.618,166.8196392785571
278:28.156,125.39478957915831
279:36.55,159.80761523046093
280:37.62,153.2745490981964
281:43.944,192.59719438877755
282:34.744,144.56112224448898
283:35.246,152.31062124248496
284:36.534,144.9438877755511
285:48.53,188.28857715430863
286:28.772,125.92785571142285
287:42.75,186.20240480961922
288:38.646,173.59919839679358
289:43.642,200.27054108216433
290:31.422,144.30260521042084
291:34.85,154.34468937875752
292:47.854,230.12224448897797
293:44.556,207.76152304609218
294:41.964,189.9118236472946
295:54.834,254.83967935871743
296:47.588,218.78557114228457
297:54.528,252.40280561122245
298:56.476,268.2004008016032
299:37.144,164.23847695390782
300:55.81,290.59519038076155
301:45.596,209.30861723446893
302:40.502,182.50300601202406
303:52.866,277.3807615230461
304:47.276,219.76553106212424
305:43.698,209.71142284569137
306:51.432,241.0240480961924
307:47.928,218.9058116232465
308:48.806,243.0180360721443
309:48.396,241.82765531062125
310:53.546,257.7815631262525
311:45.588,205.2685370741483
312:51.902,242.1623246492986
313:41.576,194.4869739478958
314:55.934,270.7034068136273
315:45.908,217.09018036072143
316:48.438,237.1623246492986
317:49.266,227.18637274549098
318:39.31,180.11623246492985
319:60.588,312.8416833667335
320:45.976,211.70140280561122
321:47.868,238.44088176352705
322:55.772,301.32264529058114
323:46.522,214.97795591182364
324:41.986,189.11022044088176
325:34.902,156.49699398797594
326:35.82,152.73346693386773
327:39.442,190.84969939879758
328:56.57,276.3326653306613
329:38.156,176.98797595190382
330:58.836,315.13426853707415
331:51.942,225.5370741482966
332:44.524,204.64729458917836
333:40.066,166.03006012024048
334:41.836,185.15230460921845
335:41.288,185.3507014028056
336:34.08,154.5811623246493
337:35.298,153.10220440881764
338:34.808,141.49098196392785
339:43.74,190.7735470941884
340:38.804,170.24649298597194
341:41.482,198.2124248496994
342:45.918,194.14629258517033
343:46.164,233.3567134268537
344:40.27,178.6372745490982
345:32.016,138.95591182364728
346:43.76,195.4188376753507
347:37.26,172.86773547094188
348:47.868,212.6813627254509
349:39.768,181.1442885771543
350:38.092,166.21643286573146
351:37.41,159.07615230460922
352:36.756,155.70541082164328
353:35.164,165.85771543086173
354:34.744,147.54709418837675
355:37.72,164.91382765531063
356:38.306,180.2925851703407
357:45.06,202.79158316633266
358:32.688,164.07214428857716
359:42.588,214.08617234468937
360:37.01,174.20841683366734
361:37.436,167.65330661322645
362:54.422,247.37274549098197
363:41.02,182.625250501002
364:31.01,136.02204408817636
365:41.048,176.46693386773546
366:45.75,208.99599198396794
367:45.44,214.53907815631263
368:33.006,153.63326653306612
369:32.996,141.30260521042084
370:24.02,103.1943887775551
371:31.056,126.13226452905812
372:40.534,172.44689378757516
373:33.738,155.36472945891782
374:28.492,127.74749498997996
375:31.72,140.94589178356713
376:34.378,156.48296593186373
377:36.178,156.18436873747495
378:41.938,182.11623246492985
379:37.504,166.6933867735471
380:43.94,196.14629258517033
381:41.214,184.80360721442887
382:41.65,184.1202404809619
383:39.672,165.93386773547095
384:35.826,163.7735470941884
385:42.35,201.2685370741483
386:39.34,164.13226452905812
387:29.442,124.05410821643287
388:36.104,176.2825651302605
389:34.84,156.57715430861722
390:39.208,163.15831663326654
391:45.08,190.41683366733466
392:32.472,146.4308617234469
393:30.886,141.63326653306612
394:25.918,117.96593186372745
395:28.082,122.81162324649299
396:30.98,126.26653306613227
397:32.348,134.49098196392785
398:28.24,121.61923847695391
399:33.164,147.3186372745491
400:17.154,70.625250501002
401:24.482,116.625250501002
402:26.624,124.82565130260521
403:39.486,173.57114228456913
404:39.546,178.10420841683367
405:34.344,150.94789579158316
406:29.118,134.55711422845692
407:34.096,148.3807615230461
408:36.0,159.4488977955912
409:40.8,181.124248496994
410:37.066,158.32665330661322
411:31.996,141.99198396793588
412:32.33,146.92384769539078
413:27.29,123.61523046092185
414:36.222,170.63927855711424
415:44.296,185.85971943887776
416:35.62,160.62725450901803
417:38.334,172.24849699398797
418:31.088,140.79559118236472
419:31.952,139.37074148296594
420:47.422,199.51703406813627
421:41.238,190.01002004008015
422:45.592,220.7254509018036
423:47.952,210.374749498998
424:41.492,182.79559118236472
425:43.87,193.0420841683367
426:39.336,181.76152304609218
427:43.496,178.47094188376752
428:32.498,158.17635270541084
429:34.528,151.7815631262525
430:38.392,182.875751503006
431:35.482,166.03406813627254
432:40.896,180.03006012024048
433:43.716,191.81362725450902
434:46.634,186.6933867735471
435:50.224,221.2064128256513
436:48.554,231.43286573146293
437:49.092,214.9579158316633
438:35.072,154.8877755511022
439:43.732,195.97795591182364
440:40.904,177.8997995991984
441:42.922,193.1563126252505
442:43.106,212.30260521042084
443:47.026,217.7875751503006
444:44.314,216.1122244488978
445:56.198,264.85771543086173
446:50.626,245.37675350701403
447:53.048,256.07815631262525
448:54.686,263.2204408817635
449:56.3,283.50300601202406
450:57.756,255.27254509018036
451:36.802,182.65330661322645
452:54.434,255.38276553106212
453:47.43,209.77755511022045
454:32.23,161.83567134268537
455:37.35,158.60521042084167
456:46.284,215.71543086172343
457:31.728,142.10220440881764
458:42.644,187.2925851703407
459:49.492,233.24649298597194
460:44.542,204.15831663326654
461:43.402,221.47695390781564
462:43.794,187.03006012024048
463:43.526,199.23847695390782
464:49.582,220.42284569138278
465:48.118,236.5751503006012
466:43.456,195.0741482965932
467:46.672,213.82364729458916
468:44.582,206.4448897795591
469:42.736,200.9679358717435
470:45.146,206.27855711422845
471:49.896,234.04609218436875
472:49.996,227.89178356713427
473:46.828,207.24849699398797
474:53.63,265.84569138276555
475:50.514,264.6212424849699
476:59.966,337.87775551102203
477:40.52,182.01402805611224
478:53.99,253.31262525050101
479:51.816,254.96993987975952
480:57.572,285.8236472945892
481:45.922,217.6372745490982
482:54.714,253.1062124248497
483:53.486,268.0741482965932
484:48.448,215.27655310621242
485:54.84,245.40080160320642
486:43.376,202.71943887775552
487:59.318,277.4729458917836
488:58.822,314.5470941883768
489:36.238,157.3326653306613
490:52.092,232.7935871743487
491:46.296,192.46092184368737
492:49.286,230.31462925851704
493:53.73,257.0941883767535
494:51.054,247.17835671342687
495:44.336,203.1122244488978
496:37.226,163.92785571142284
497:38.694,182.91382765531063
498:52.236,236.6072144288577
499:48.294,223.43486973947896
500:57.722,278.62725450901803
501:44.704,210.64128256513027
502:35.248,145.62124248496994
503:37.85,169.81563126252505
504:50.518,219.61322645290582
505:51.978,264.08016032064126
506:45.63,213.4689378757515
507:48.564,220.80160320641284
508:42.566,209.94789579158316
509:36.858,176.18837675350701
510:43.614,204.8997995991984
511:42.862,195.4949899799599
512:55.82,267.0661322645291
513:45.172,215.7134268537074
514:47.224,219.26052104208418
515:43.318,197.6573146292585
516:45.168,196.63927855711424
517:44.942,222.1943887775551
518:40.806,186.3066132264529
519:39.914,193.3927855711423
520:33.392,158.92384769539078
521:33.422,160.15230460921845
522:38.924,173.96593186372746
523:35.66,171.17234468937875
524:30.152,130.10220440881764
525:35.206,154.06212424849699
526:42.698,187.9819639278557
527:33.572,154.01603206412827
528:36.064,161.40080160320642
529:42.264,187.90180360721442
530:49.92,227.59519038076152
531:48.382,227.00200400801603
532:49.144,218.3807615230461
533:35.388,164.48496993987976
534:38.338,172.70140280561122
535:41.974,200.59719438877755
536:35.018,163.49298597194388
537:41.28,190.9258517034068
538:41.048,179.65130260521042
539:47.396,239.250501002004
540:36.42,165.47094188376752
541:35.16,158.7174348697395
542:32.084,145.8697394789579
543:33.22,149.42685370741484
544:36.278,169.82565130260522
545:37.306,177.45290581162325
546:33.536,157.06412825651302
547:30.886,135.91983967935872
548:36.276,179.30861723446893
549:40.914,197.91382765531063
550:39.142,191.01402805611224
551:31.478,137.96593186372746
552:37.578,171.9178356713427
553:43.644,192.96593186372746
554:34.874,175.5551102204409
555:35.384,177.3246492985972
556:45.342,226.1382765531062
557:43.408,202.3066132264529
558:30.716,149.2364729458918
559:41.296,178.61322645290582
560:33.94,146.02204408817636
561:35.022,172.69539078156313
562:36.342,157.15831663326654
563:37.71,167.41482965931863
564:34.872,172.7434869739479
565:46.082,196.28056112224448
566:37.878,173.33466933867734
567:37.448,163.06212424849699
568:43.594,194.84769539078155
569:38.33,179.33066132264528
570:40.132,178.50300601202406
571:43.894,193.10821643286573
572:32.734,146.9438877755511
573:47.53,236.98797595190382
574:39.078,176.17034068136272
575:47.202,231.21042084168337
576:61.534,303.6012024048096
577:60.056,339.40881763527057
578:46.16,227.68336673346693
579:47.458,212.55711422845692
580:49.6,275.81963927855713
581:47.874,255.94188376753507
582:34.37,167.3927855711423
583:51.076,236.73346693386773
584:39.63,193.91583166332666
585:43.832,241.17034068136272
586:44.122,213.61723446893788
587:35.42,173.35270541082164
588:55.232,268.3346693386774
589:50.174,240.99599198396794
590:31.706,146.52104208416833
591:45.09,203.39679358717436
592:27.596,117.7935871743487
593:39.358,187.1062124248497
594:40.784,202.31663326653307
595:36.054,182.7735470941884
596:37.294,165.8196392785571
597:33.376,165.29659318637275
598:34.618,154.91382765531063
599:34.016,157.3927855711423
600:33.06,153.79759519038078
601:25.916,114.13426853707415
602:23.514,116.30260521042084
603:32.504,152.60521042084167
604:24.724,109.7434869739479
605:30.848,153.4869739478958
606:31.184,132.9619238476954
607:28.82,136.5551102204409
608:29.774,138.1122244488978
609:33.258,148.83967935871743
610:36.544,176.39078156312624
611:39.83,182.91583166332666
612:39.076,169.09819639278558
613:38.426,166.93787575150301
614:41.964,208.98396793587173
615:33.91,158.5370741482966
616:38.054,177.75951903807615
617:38.074,183.61523046092185
618:30.184,132.1382765531062
619:52.402,284.0681362725451
620:40.018,178.53907815631263
621:38.472,186.01002004008015
622:33.47,152.19639278557113
623:33.352,155.27855711422845
624:26.6,127.36673346693387
625:31.394,143.18637274549098
626:35.966,166.85170340681364
627:33.498,147.06613226452905
628:23.544,96.0561122244489
629:27.068,119.85370741482966
630:29.392,118.31663326653306
631:26.476,112.91983967935872
632:30.724,142.70140280561122
633:30.838,123.46693386773548
634:32.146,137.5811623246493
635:28.92,133.80961923847696
636:34.258,159.99599198396794
637:40.818,199.90981963927857
638:39.078,158.48496993987976
639:39.162,190.14629258517033
640:36.928,169.66332665330663
641:37.794,191.1442885771543
642:38.796,184.68537074148296
643:32.578,150.0501002004008
644:29.606,141.49699398797594
645:32.614,142.13426853707415
646:39.482,190.78356713426854
647:39.93,165.59519038076152
648:42.956,204.07815631262525
649:45.368,217.11823647294588
650:36.874,158.1943887775551
651:41.132,181.90781563126254
652:32.676,144.58316633266534
653:37.018,172.57314629258516
654:29.754,135.82965931863728
655:41.976,189.92785571142284
656:32.48,145.0420841683367
657:36.088,169.79559118236472
658:34.134,146.77955911823648
659:36.748,170.34669338677355
660:38.218,172.62925851703406
661:36.166,163.68737474949899
662:41.184,190.32264529058116
663:44.218,204.78356713426854
664:43.284,181.22244488977955
665:44.268,180.5250501002004
666:36.368,172.19038076152304
667:49.19,235.17835671342687
668:42.152,182.81162324649299
669:39.416,188.90380761523045
670:44.254,224.6372745490982
671:54.112,287.77154308617236
672:46.626,247.7074148296593
673:54.462,289.12825651302603
674:53.574,300.09819639278555
675:49.258,258.32064128256513
676:47.498,222.21042084168337
677:36.33,163.98597194388776
678:36.326,164.33667334669337
679:37.494,171.98997995991985
680:40.482,208.55911823647295
681:41.954,200.6993987975952
682:41.976,205.9619238476954
683:51.682,247.41482965931863
684:40.74,195.78557114228457
685:40.998,183.33667334669337
686:40.634,186.5370741482966
687:43.04,194.58517034068137
688:58.066,318.0120240480962
689:38.306,171.90180360721442
690:46.846,221.59719438877755
691:45.428,223.00200400801603
692:55.826,272.7795591182365
693:41.71,202.11623246492985
694:46.526,195.10420841683367
695:40.556,197.25450901803606
696:43.464,210.59919839679358
697:45.536,222.2064128256513
698:50.236,228.91382765531063
699:35.676,160.32264529058116
700:51.584,255.31663326653307
701:40.694,193.8877755511022
702:49.314,246.14629258517033
703:42.494,202.68336673346693
704:36.83,165.1442885771543
705:41.448,183.98396793587173
706:35.658,167.05811623246493
707:36.25,160.95591182364728
708:46.92,226.13627254509018
709:48.14,246.65931863727454
710:49.432,247.27855711422845
711:46.776,198.45490981963928
712:47.394,224.60320641282564
713:50.144,225.7635270541082
714:51.602,239.74749498997997
715:51.814,236.50901803607215
716:45.838,222.77955911823648
717:49.18,235.0420841683367
718:51.738,283.1102204408818
719:46.184,228.39478957915833
720:44.028,222.91983967935872
721:50.114,258.43887775551104
722:55.234,309.62525050100203
723:46.732,226.26653306613227
724:54.892,259.62725450901803
725:62.488,323.9158316633266
726:53.87,280.7434869739479
727:52.33,301.3807615230461
728:53.168,277.12825651302603
729:54.46,265.0060120240481
730:56.584,266.65130260521045
731:50.644,254.8436873747495
732:38.928,177.89579158316633
733:50.212,249.78557114228457
734:52.568,243.9498997995992
735:47.496,226.06613226452905
736:42.646,207.44689378757516
737:42.188,198.35871743486973
738:35.944,164.4128256513026
739:41.716,204.70541082164328
740:47.18,239.32665330661322
741:42.832,176.84769539078155
742:52.636,262.6553106212425
743:48.088,215.18837675350701
744:42.688,200.4068136272545
745:42.434,206.20240480961922
746:32.992,146.52304609218436
747:37.368,180.58517034068137
748:35.92,170.27855711422845
749:42.02,186.7314629258517
750:48.92,232.00400801603206
751:38.918,178.93787575150301
752:59.214,266.9819639278557
753:53.95,267.685370741483
754:53.85,259.68937875751504
755:50.598,218.15430861723448
756:44.526,216.0881763527054
757:51.022,243.14028056112224
758:60.192,284.9639278557114
759:52.504,242.30861723446893
760:42.458,186.43887775551102
761:29.314,131.3687374749499
762:30.898,131.1302605210421
763:33.82,133.30460921843687
764:23.418,100.26452905811624
765:25.19,98.81763527054109
766:34.826,165.6312625250501
767:30.312,127.13226452905812
768:41.408,175.82765531062125
769:38.204,162.8196392785571
770:44.242,194.47695390781564
771:35.214,144.11623246492985
772:39.916,170.57915831663325
773:40.46,172.32865731462925
774:32.736,133.6673346693387
775:41.532,179.64729458917836
776:32.462,146.66132264529057
777:33.858,144.68537074148296
778:34.85,152.58517034068137
779:40.182,176.7254509018036
780:39.014,167.5190380761523
781:38.144,162.3246492985972
782:38.172,167.2825651302605
783:32.17,136.27855711422845
784:41.562,189.72144288577155
785:38.14,168.18837675350701
786:33.65,142.31462925851704
787:39.678,181.51703406813627
788:53.728,274.57715430861725
789:41.32,193.66332665330663
790:42.4,189.10220440881764
791:43.602,206.8617234468938
792:36.146,144.71943887775552
793:32.726,137.77955911823648
794:28.442,121.1503006012024
795:32.95,149.4569138276553
796:27.062,111.37074148296593
797:29.928,134.90781563126254
798:35.514,154.19038076152304
799:28.94,125.312625250501
800:27.616,119.57715430861724
801:22.388,95.87575150300601
802:30.676,122.43486973947896
803:26.482,109.37875751503006
804:42.322,179.08016032064128
805:37.472,159.81362725450902
806:32.554,146.13226452905812
807:38.72,174.01202404809618
808:39.522,170.47094188376752
809:44.78,211.0881763527054
810:43.764,224.47895791583167
811:43.492,203.88577154308618
812:44.942,236.46092184368737
813:36.096,156.32264529058116
814:34.86,160.3186372745491
815:41.66,194.15831663326654
816:39.68,206.52104208416833
817:35.138,159.0741482965932
818:32.778,163.17635270541084
819:43.128,190.60521042084167
820:40.962,186.15030060120242
821:38.958,175.4488977955912
822:42.218,200.02004008016033
823:40.094,185.59719438877755
824:42.454,196.43486973947896
825:36.138,156.88176352705412
826:37.234,160.67935871743487
827:40.966,170.45290581162325
828:36.92,154.5931863727455
829:34.066,161.07615230460922
830:39.906,178.0681362725451
831:32.61,147.3426853707415
832:35.066,162.88977955911824
833:37.808,173.41683366733466
834:34.474,164.0561122244489
835:36.828,167.16032064128257
836:39.126,183.4749498997996
837:38.82,171.7875751503006
838:33.61,163.53507014028057
839:30.12,147.74148296593185
840:39.1,173.85971943887776
841:32.14,142.62725450901803
842:38.314,175.3687374749499
843:34.374,163.51703406813627
844:31.204,151.74549098196394
845:31.904,133.6673346693387
846:33.288,138.87374749498997
847:31.076,134.59118236472946
848:30.182,130.82965931863728
849:28.978,131.47294589178355
850:25.706,115.62324649298597
851:36.07,165.7074148296593
852:35.32,145.04408817635272
853:29.536,132.66933867735472
854:30.688,135.50701402805612
855:35.028,156.9939879759519
856:35.598,160.60921843687376
857:25.126,104.38476953907815
858:37.21,179.65531062124248
859:40.662,189.7995991983968
860:47.064,231.77154308617236
861:44.826,194.14228456913827
862:41.8,209.21042084168337
863:39.678,180.82565130260522
864:45.664,217.0741482965932
865:52.264,249.61523046092185
866:51.162,264.33867735470943
867:39.288,182.44689378757516
868:37.474,192.65130260521042
869:44.264,227.39478957915833
870:40.664,183.4248496993988
871:48.876,238.65130260521042
872:54.71,286.2204408817635
873:54.24,272.6633266533066
874:43.86,228.6673346693387
875:46.134,209.95190380761522
876:45.616,233.00200400801603
877:47.246,215.2444889779559
878:32.246,139.3687374749499
879:50.242,221.21643286573146
880:50.054,255.14228456913827
881:35.53,165.09018036072143
882:41.94,210.73346693386773
883:56.39,293.67735470941886
884:41.106,198.39679358717436
885:34.852,152.88176352705412
886:42.088,184.3627254509018
887:38.326,172.90380761523045
888:42.632,198.21442885771543
889:38.834,179.95190380761522
890:51.068,266.7394789579158
891:36.256,160.7555110220441
892:46.152,199.79158316633266
893:37.654,173.51102204408818
894:41.338,194.78557114228457
895:36.66,166.14028056112224
896:38.534,179.11422845691382
897:36.764,161.01002004008015
898:34.954,156.98396793587173
899:28.622,127.40480961923848
900:40.796,190.30260521042084
901:44.386,207.43486973947896
902:42.696,191.70941883767534
903:26.494,131.7735470941884
904:31.86,143.17434869739478
905:43.426,192.6673346693387
906:34.012,160.35871743486973
907:38.806,181.98797595190382
908:47.466,228.68737474949899
909:34.73,178.34669338677355
910:37.444,175.22444889779558
911:52.176,255.11623246492985
912:41.166,186.72144288577155
913:36.352,179.43486973947896
914:39.262,179.64729458917836
915:50.642,262.4629258517034
916:51.056,258.12625250501003
917:42.6,203.8316633266533
918:48.814,252.88977955911824
919:54.354,274.0561122244489
920:48.618,254.13627254509018
921:43.96,198.54709418837675
922:45.862,235.26653306613227
923:47.188,229.47895791583167
924:43.904,208.90981963927857
925:38.878,193.17835671342687
926:41.576,188.19839679358716
927:51.098,254.24048096192385
928:55.398,305.563126252505
929:53.072,276.70741482965934
930:51.23,241.82164328657313
931:49.204,273.937875751503
932:56.184,302.2945891783567
933:54.656,268.4749498997996
934:48.648,252.19238476953907
935:57.856,299.5390781563126
936:57.948,284.5571142284569
937:55.182,275.3807615230461
938:60.036,355.27254509018036
939:60.618,339.87174348697397
940:53.212,291.27054108216436
941:49.574,258.47695390781564
942:54.95,268.3687374749499
943:57.382,312.7615230460922
944:53.69,277.3987975951904
945:51.698,275.4068136272545
946:45.984,231.2745490981964
947:44.374,217.1302605210421
948:30.878,146.9118236472946
949:40.924,193.52304609218436
950:48.558,265.7575150300601
951:45.348,201.30861723446893
952:47.504,241.21042084168337
953:49.816,257.0861723446894
954:48.964,225.9579158316633
955:43.366,200.93987975951904
956:41.53,211.7555110220441
957:48.168,245.74148296593185
958:45.894,212.3807615230461
959:47.688,222.2004008016032
960:57.438,360.74749498997994
961:56.616,301.43086172344687
962:49.308,212.65531062124248
963:50.336,242.44288577154308
964:48.8,232.89779559118236
965:42.434,186.96392785571143
966:46.604,209.73547094188376
967:51.838,251.38677354709418
968:47.524,225.19038076152304
969:49.124,220.93787575150301
970:39.062,176.2444889779559
971:42.836,218.65330661322645
972:37.0,162.63326653306612
973:54.596,274.52104208416836
974:59.12,308.1202404809619
975:46.998,226.2304609218437
976:40.764,200.2565130260521
977:39.522,181.374749498998
978:48.582,248.05410821643287
979:35.83,174.77555110220442
980:48.026,224.49699398797594
981:42.634,189.39078156312624
982:47.876,221.52104208416833
983:51.952,264.7374749498998
984:44.874,212.55911823647295
985:47.926,237.06212424849699
986:40.648,183.39078156312624
987:41.084,188.7555110220441
988:55.056,258.1022044088176
989:39.214,191.0681362725451
990:44.76,211.76553106212424
991:49.124,239.97394789579158
992:41.104,196.03607214428857
993:39.582,208.21643286573146
994:55.978,298.99799599198394
995:53.428,256.5070140280561
996:52.05,263.36472945891785
997:47.23,220.8316633266533
998:51.694,297.60320641282567
999:55.314,280.7114228456914
1000:56.804,286.4689378757515
1001:54.084,273.77154308617236
1002:52.776,246.04408817635272
1003:56.21,280.8416833667335
1004:46.74,220.66332665330663
1005:47.398,222.9619238476954
1006:51.314,254.60320641282564
1007:53.932,263.87575150300603
1008:49.764,218.40080160320642
1009:46.856,222.8196392785571
1010:53.612,251.4749498997996
1011:55.896,310.1182364729459
1012:57.648,295.5751503006012
1013:45.352,244.22444889779558
1014:49.188,239.62725450901803
1015:54.41,261.98597194388776
1016:54.36,326.7795591182365
1017:52.568,261.6573146292585
1018:48.702,236.1563126252505
1019:54.134,251.5931863727455
1020:50.486,265.9939879759519
1021:53.668,277.2885771543086
1022:46.038,234.17234468937875
1023:59.076,315.4268537074148
1024:54.562,299.3246492985972
1025:56.928,338.1102204408818
1026:53.862,332.9919839679359
1027:40.686,199.48897795591182
1028:44.914,206.19038076152304
1029:39.53,183.65531062124248
1030:46.144,248.74549098196394
1031:42.81,217.6993987975952
1032:37.088,175.81362725450902
1033:45.864,231.30460921843687
1034:44.978,223.5250501002004
1035:52.058,226.8937875751503
1036:34.284,160.92985971943887
1037:41.492,196.44288577154308
1038:49.136,246.04008016032063
1039:41.898,198.10821643286573
1040:51.008,249.17034068136272
1041:47.012,222.34068136272546
1042:46.802,223.68937875751504
1043:44.054,212.5430861723447
1044:49.538,265.2324649298597
1045:48.938,235.6673346693387
1046:43.622,208.64128256513027
1047:49.564,252.47094188376752
1048:54.264,308.00200400801606
1049:47.412,231.75350701402806
1050:46.628,206.77955911823648
1051:43.998,204.53306613226454
1052:50.026,245.43687374749499
1053:52.354,267.76553106212424
1054:44.36,207.20240480961922
1055:55.106,318.1643286573146
1056:50.474,269.58917835671343
1057:57.83,307.4529058116232
1058:52.974,245.82965931863728
1059:52.52,267.5170340681363
1060:50.772,250.88577154308618
1061:48.424,234.61723446893788
1062:34.652,154.16432865731463
1063:44.968,215.60921843687376
1064:44.38,197.36072144288576
1065:52.038,260.52104208416836
1066:48.04,231.15030060120242
1067:49.472,252.3326653306613
1068:49.688,257.5931863727455
1069:47.97,246.04609218436875
1070:55.31,283.60320641282567
1071:50.712,277.4609218436874
1072:50.75,245.9118236472946
1073:48.476,263.6192384769539
1074:54.264,297.7815631262525
1075:47.31,247.0420841683367
1076:44.876,226.66533066132266
1077:46.622,214.5370741482966
1078:47.122,236.5871743486974
1079:48.94,247.40881763527054
1080:52.36,259.32064128256513
1081:52.328,255.17234468937875
1082:46.11,241.54108216432866
1083:43.326,208.62324649298597
1084:49.26,254.37274549098197
1085:48.874,305.02204408817636
1086:53.352,287.0100200400802
1087:44.796,236.49298597194388
1088:47.894,234.13627254509018
1089:40.6,195.5250501002004
1090:56.824,271.2024048096192
1091:44.472,201.29859719438878
1092:45.82,229.05811623246493
1093:48.5,265.248496993988
1094:50.936,265.07014028056113
1095:44.27,207.45490981963928
1096:44.192,216.96993987975952
1097:59.048,319.4569138276553
1098:44.924,212.55310621242484
1099:52.562,298.2945891783567
1100:53.644,282.5490981963928
1101:54.118,320.3627254509018
1102:56.382,308.4428857715431
1103:50.788,242.9118236472946
1104:45.388,227.77555110220442
1105:39.914,203.0821643286573
1106:47.848,217.4448897795591
1107:39.524,183.16633266533066
1108:46.114,260.0180360721443
1109:51.866,263.03206412825654
1110:47.926,252.64729458917836
1111:49.816,224.24849699398797
1112:43.688,220.61322645290582
1113:49.854,229.75150300601203
1114:51.592,240.07214428857716
1115:57.72,271.9639278557114
1116:53.754,267.6753507014028
1117:54.32,281.0460921843687
1118:53.228,241.82364729458916
1119:51.18,236.374749498998
1120:59.104,329.0460921843687
1121:56.144,309.9438877755511
1122:50.12,261.91983967935874
1123:50.452,283.14028056112227
1124:53.432,277.9238476953908
1125:51.55,233.86372745490982
1126:42.318,196.8196392785571
1127:45.77,218.0821643286573
1128:54.41,249.70340681362725
1129:46.752,253.97795591182364
1130:54.132,282.9458917835671
1131:54.96,345.2765531062124
1132:57.644,289.1643286573146
1133:51.19,249.06012024048096
1134:46.052,219.5310621242485
1135:60.308,279.44689378757516
1136:56.292,243.1302605210421
1137:52.04,250.86372745490982
1138:43.464,214.45490981963928
1139:48.746,250.32865731462925
1140:53.936,264.19038076152304
1141:52.146,257.0060120240481
1142:47.42,214.37875751503006
1143:61.614,323.6312625250501
1144:54.682,251.21442885771543
1145:50.762,264.71543086172346
1146:52.436,253.64729458917836
1147:46.562,223.7374749498998
1148:47.74,221.83967935871743
1149:50.464,235.61523046092185
1150:51.48,258.5450901803607
1151:53.782,288.0200400801603
1152:47.562,258.38276553106215
1153:39.188,191.82164328657313
1154:32.42,153.31663326653307
1155:30.9,129.95991983967937
1156:34.156,147.70340681362725
1157:41.348,196.00200400801603
1158:41.516,192.84569138276552
1159:32.704,148.7875751503006
1160:37.05,162.21643286573146
1161:32.884,146.51703406813627
1162:46.558,207.01603206412827
1163:35.884,158.79559118236472
1164:31.582,135.63326653306612
1165:37.362,174.08617234468937
1166:37.936,167.87775551102203
1167:47.116,224.76753507014027
1168:45.066,194.68537074148296
1169:43.042,185.98797595190382
1170:38.032,170.6813627254509
1171:37.93,162.02204408817636
1172:42.462,198.6933867735471
1173:43.528,181.93386773547095
1174:41.278,199.0060120240481
1175:43.436,199.33066132264528
1176:41.284,185.54509018036072
1177:44.402,205.84569138276552
1178:44.376,211.17635270541084
1179:42.408,191.3887775551102
1180:41.208,184.43887775551102
1181:48.22,234.91382765531063
1182:44.462,210.94188376753507
1183:42.854,197.0380761523046
1184:36.654,160.80761523046093
1185:41.248,194.76553106212424
1186:37.89,173.42284569138278
1187:34.702,149.71142284569137
1188:30.872,136.54709418837675
1189:35.94,166.48897795591182
1190:45.842,202.35871743486973
1191:45.404,224.80761523046093
1192:42.14,193.08016032064128
1193:32.964,157.95390781563125
1194:32.256,143.77955911823648
1195:39.474,181.95190380761522
1196:34.08,151.4689378757515
1197:41.1,186.15430861723448
1198:33.722,151.83567134268537
1199:34.926,160.68737474949899
1200:40.426,179.5050100200401
1201:34.25,146.17434869739478
1202:41.174,192.51703406813627
1203:49.986,224.68937875751504
1204:55.04,274.49699398797594
1205:45.798,221.17034068136272
1206:48.114,238.0060120240481
1207:44.484,225.97194388777555
1208:49.296,257.2805611222445
1209:45.084,219.66332665330663
1210:47.518,227.69539078156313
1211:54.96,293.7034068136273
1212:44.692,218.6993987975952
1213:59.904,293.498997995992
1214:43.992,213.62124248496994
1215:52.724,251.6312625250501
1216:42.7,208.06012024048096
1217:39.798,190.83967935871743
1218:34.23,157.7815631262525
1219:45.096,196.02805611222445
1220:43.01,192.1382765531062
1221:47.238,229.99198396793588
1222:39.018,177.11823647294588
1223:35.504,169.97795591182364
1224:38.676,173.41683366733466
1225:37.462,163.38276553106212
1226:42.666,212.21442885771543
1227:42.954,210.8316633266533
1228:48.986,226.9579158316633
1229:42.584,210.86372745490982
1230:39.952,173.124248496994
1231:40.904,198.14829659318636
1232:39.65,187.7555110220441
1233:45.282,217.43887775551102
1234:41.594,198.83567134268537
1235:39.92,173.74148296593185
1236:32.69,145.11823647294588
1237:24.546,106.76152304609218
1238:35.908,159.45891783567134
1239:31.06,135.97995991983967
1240:31.144,129.7695390781563
1241:42.12,204.73947895791582
1242:38.454,187.57114228456913
1243:34.102,158.2064128256513
1244:31.182,138.14829659318636
1245:36.916,164.40280561122245
1246:44.324,212.8557114228457
1247:39.814,179.56713426853707
1248:35.736,167.7555110220441
1249:42.064,182.62725450901803
1250:33.528,156.99599198396794
1251:38.586,172.5751503006012
1252:45.2,202.32264529058116
1253:34.964,156.88577154308618
1254:54.734,281.5310621242485
1255:41.61,199.87174348697394
1256:55.556,291.75551102204406
1257:54.93,377.2044088176353
1258:56.102,331.75350701402806
1259:56.318,308.2324649298597
1260:57.488,311.1583166332665
1261:53.918,315.69138276553105
1262:49.844,265.92184368737475
1263:43.62,199.83567134268537
1264:53.396,265.33867735470943
1265:54.992,313.1923847695391
1266:51.358,317.937875751503
1267:58.272,338.90180360721445
1268:55.328,355.62525050100203
1269:53.922,325.6492985971944
1270:52.954,298.84769539078155
1271:57.754,271.3987975951904
1272:53.36,307.2945891783567
1273:45.146,214.4308617234469
1274:51.53,268.7875751503006
1275:46.142,209.92985971943887
1276:40.542,193.9318637274549
1277:47.872,229.70140280561122
1278:42.668,196.7374749498998
1279:42.162,197.6072144288577
1280:43.296,224.76152304609218
1281:45.708,233.58917835671343
1282:41.632,198.95591182364728
1283:48.952,269.7955911823647
1284:48.318,230.94589178356713
1285:53.126,283.20841683366734
1286:41.632,196.9679358717435
1287:38.056,176.5050100200401
1288:51.202,232.83567134268537
1289:48.316,222.19238476953907
1290:41.38,196.42685370741484
1291:48.534,221.4629258517034
1292:49.034,213.83366733466934
1293:47.568,218.7174348697395
1294:51.98,271.04008016032066
1295:38.972,207.63927855711424
1296:51.572,258.38276553106215
1297:52.632,299.8056112224449
1298:53.134,320.6112224448898
1299:50.53,259.8937875751503
1300:42.206,220.250501002004
1301:54.3,271.4268537074148
1302:45.14,227.0060120240481
1303:44.516,239.5931863727455
1304:49.116,237.59519038076152
1305:45.392,242.25851703406815
1306:48.338,245.31262525050101
1307:53.49,348.6452905811623
1308:54.89,329.7815631262525
1309:48.506,270.19839679358716
1310:36.956,178.96392785571143
1311:52.146,287.09819639278555
1312:39.09,201.10220440881764
1313:44.732,228.00200400801603
1314:49.488,274.1302605210421
1315:48.442,231.6432865731463
1316:46.158,222.5811623246493
1317:49.072,250.3567134268537
1318:56.476,315.8697394789579
1319:48.072,266.65330661322645
1320:52.962,322.62324649298597
1321:54.46,351.14228456913827
1322:57.158,361.3987975951904
1323:55.518,384.3066132264529
1324:50.904,405.2384769539078
1325:52.122,387.1643286573146
1326:52.814,337.21643286573146
1327:52.896,323.6192384769539
1328:57.6,358.9919839679359
1329:55.022,406.0280561122245
1330:54.458,371.46693386773546
1331:53.576,345.14629258517033
1332:58.156,355.6693386773547
1333:51.728,323.73547094188376
1334:50.434,312.07214428857714
1335:54.08,325.4809619238477
1336:53.69,353.5450901803607
1337:51.43,321.9178356713427
1338:53.33,368.8056112224449
1339:53.08,327.312625250501
1340:53.038,293.498997995992
1341:56.206,362.3326653306613
1342:50.592,263.21042084168334
1343:56.188,331.2945891783567
1344:55.748,344.5571142284569
1345:55.854,397.9939879759519
1346:48.842,415.8336673346693
1347:53.198,390.42284569138275
1348:54.26,317.4809619238477
1349:56.274,327.0060120240481
1350:43.53,208.0881763527054
1351:47.724,265.4529058116232
1352:49.942,233.8376753507014
1353:48.968,267.09619238476955
1354:51.052,277.2945891783567
1355:45.254,243.2625250501002
1356:45.116,251.87374749498997
1357:53.888,302.0120240480962
1358:58.438,312.17234468937875
1359:40.928,203.47294589178355
1360:52.81,286.1563126252505
1361:49.994,291.72945891783564
1362:47.524,247.92985971943887
1363:48.502,252.11823647294588
1364:52.372,266.95791583166334
1365:53.66,357.39278557114227
1366:51.138,323.2985971943888
1367:43.868,218.1943887775551
1368:50.658,257.5490981963928
1369:50.646,273.56913827655313
1370:50.252,270.8937875751503
1371:49.378,274.4068136272545
1372:49.146,248.6673346693387
1373:50.614,339.9498997995992
1374:53.98,349.1442885771543
1375:46.78,258.19639278557116
1376:51.312,302.9639278557114
1377:57.704,322.8336673346693
1378:48.644,272.9338677354709
1379:47.988,256.4609218436874
1380:49.528,306.3426853707415
1381:46.164,257.4869739478958
1382:50.87,296.75551102204406
1383:53.938,332.6953907815631
1384:55.694,307.7434869739479
1385:56.158,372.09018036072143
1386:55.832,310.1843687374749
1387:55.466,362.38476953907815
1388:53.49,320.32064128256513
1389:52.918,394.0681362725451
1390:53.92,360.23647294589176
1391:46.958,453.2945891783567
1392:55.884,351.17234468937875
1393:54.13,341.3446893787575
1394:39.176,481.05210420841684
1395:49.316,440.59519038076155
1396:52.164,434.36673346693385
1397:55.912,360.42084168336675
1398:55.672,323.937875751503
1399:51.456,396.91182364729457
1400:57.272,340.00200400801606
1401:54.546,363.08016032064126
1402:53.032,430.4729458917836
1403:52.094,406.2565130260521
1404:52.246,405.6132264529058
1405:57.908,388.9819639278557
1406:54.796,326.12424849699397
1407:50.616,416.89178356713427
1408:54.078,323.9699398797595
1409:53.09,388.08817635270543
1410:54.296,319.0480961923848
1411:53.84,344.1022044088176
1412:54.504,331.78356713426854
1413:54.676,366.44088176352705
1414:52.852,378.6813627254509
1415:39.792,482.2124248496994
1416:55.306,358.7755511022044
1417:54.582,337.6132264529058
1418:55.932,337.80160320641284
1419:53.396,350.3366733466934
1420:53.888,321.937875751503
1421:55.7,363.935871743487
1422:55.344,365.1182364729459
1423:47.97,395.75350701402806
1424:54.654,324.24448897795594
1425:52.75,388.5751503006012
1426:57.074,298.1202404809619
1427:54.868,350.29058116232466
1428:56.446,328.6132264529058
1429:56.03,346.7374749498998
1430:55.738,409.15230460921845
1431:52.198,348.8336673346693
1432:49.396,418.5090180360721
1433:54.378,354.56913827655313
1434:54.206,324.6553106212425
1435:51.932,272.9879759519038
1436:55.582,354.4569138276553
1437:50.242,424.8937875751503
1438:51.238,360.65931863727457
1439:56.094,316.5470941883768
1440:53.98,321.62525050100203
1441:53.832,357.7795591182365
1442:57.356,363.6953907815631
1443:54.868,320.27254509018036
1444:53.926,328.98396793587176
1445:54.638,352.06012024048096
1446:48.62,427.52304609218436
1447:41.316,460.51503006012024
1448:52.366,358.20841683366734
1449:52.682,359.07815631262525
1450:52.264,313.4889779559118
1451:44.804,441.0360721442886
1452:56.272,376.0360721442886
1453:44.336,448.84769539078155
1454:52.926,405.3987975951904
1455:55.714,378.1322645290581
1456:54.26,329.64128256513027
1457:53.57,280.4428857715431
1458:53.666,298.37474949899797
1459:50.866,307.436873747495
1460:45.106,221.26052104208418
1461:51.834,260.91983967935874
1462:58.488,320.27054108216436
1463:54.488,339.7194388777555
1464:51.942,266.5250501002004
1465:49.982,252.2825651302605
1466:51.556,282.37274549098197
1467:51.452,322.3326653306613
1468:43.822,207.6072144288577
1469:52.086,327.03406813627254
1470:49.456,277.9258517034068
1471:51.396,278.1843687374749
1472:52.758,326.32665330661325
1473:45.83,256.436873747495
1474:47.714,261.5551102204409
1475:43.884,227.39679358717436
1476:51.104,251.7174348697395
1477:51.578,258.4809619238477
1478:45.892,212.57314629258516
1479:39.446,185.96993987975952
1480:47.068,260.7595190380762
1481:47.526,239.95991983967937
1482:47.044,231.37274549098197
1483:39.006,197.49298597194388
1484:56.25,279.24649298597194
1485:44.288,237.22444889779558
1486:50.77,276.3947895791583
1487:48.816,249.09018036072143
1488:53.246,272.1503006012024
1489:49.014,282.5871743486974
1490:44.608,235.1623246492986
1491:50.426,302.47895791583164
1492:47.73,234.42284569138278
1493:52.57,286.0260521042084
1494:52.696,291.7034068136273
1495:46.66,227.64729458917836
1496:40.344,180.86372745490982
1497:42.68,202.49098196392785
1498:47.416,240.85971943887776
1499:54.35,279.9058116232465
1500:46.706,224.2004008016032
1501:39.03,182.54709418837675
1502:36.752,167.74148296593185
1503:30.71,157.44689378757516
1504:32.72,151.4869739478958
1505:35.488,162.79559118236472
1506:25.976,116.50501002004007
1507:37.266,171.72144288577155
1508:30.614,149.82765531062125
1509:36.03,165.60921843687376
1510:43.638,203.59719438877755
1511:35.422,163.8697394789579
1512:37.752,176.06212424849699
1513:34.27,164.124248496994
1514:28.988,133.70340681362725
1515:30.172,157.99198396793588
1516:28.522,126.84368737474949
1517:34.844,160.3687374749499
1518:37.372,169.68336673346693
1519:33.668,159.0501002004008
1520:35.984,169.02805611222445
1521:37.014,184.8376753507014
1522:29.062,137.13627254509018
1523:29.316,131.34669338677355
1524:28.138,124.9438877755511
1525:35.42,153.22444889779558
1526:29.782,154.30861723446893
1527:38.734,160.81563126252505
1528:32.334,154.50300601202406
1529:34.71,173.33466933867734
1530:37.116,178.18837675350701
1531:27.986,124.29659318637275
1532:33.088,145.02004008016033
1533:34.884,156.07615230460922
1534:34.142,153.66132264529057
1535:33.044,158.8617234468938
1536:34.874,157.66132264529057
1537:32.916,152.0821643286573
1538:30.868,133.8436873747495
1539:43.12,191.3246492985972
1540:39.844,197.95190380761522
1541:34.67,148.65130260521042
1542:28.052,140.4488977955912
1543:35.78,165.8196392785571
1544:34.918,158.02004008016033
1545:34.606,166.92985971943887
1546:40.4,192.5691382765531
1547:33.86,154.08416833667334
1548:37.824,182.79158316633266
1549:26.23,114.66132264529058
1550:35.292,166.42685370741484
1551:32.202,135.46693386773546
1552:30.884,139.7314629258517
1553:32.146,141.2124248496994
1554:36.958,176.00400801603206
1555:27.978,131.15831663326654
1556:34.496,159.92785571142284
1557:30.84,153.41683366733466
1558:34.824,165.15831663326654
1559:42.506,193.45490981963928
1560:27.262,122.49298597194388
1561:27.29,117.97595190380761
1562:32.45,146.02204408817636
1563:36.588,162.17635270541084
1564:36.932,170.2444889779559
1565:35.292,177.2925851703407
1566:39.378,187.05210420841684
1567:42.09,187.00801603206412
1568:33.164,145.74148296593185
1569:33.738,152.11623246492985
1570:37.832,178.96593186372746
1571:40.764,184.4629258517034
1572:37.78,177.5511022044088
1573:41.386,191.77154308617236
1574:39.126,196.68336673346693
1575:44.348,199.19238476953907
1576:36.052,169.2004008016032
1577:34.81,154.69138276553107
1578:42.142,192.03006012024048
1579:38.206,163.9438877755511
1580:38.332,184.4569138276553
1581:36.17,166.15230460921845
1582:34.264,153.1302605210421
1583:29.592,129.81162324649299
1584:49.134,228.83366733466934
1585:48.114,236.7134268537074
1586:54.34,264.3246492985972
1587:47.676,227.39679358717436
1588:48.094,222.15831663326654
1589:42.662,206.15030060120242
1590:49.744,246.83567134268537
1591:50.112,243.22845691382764
1592:56.558,281.3507014028056
1593:49.666,234.1943887775551
1594:45.146,228.90781563126254
1595:40.632,192.74148296593185
1596:53.248,258.70941883767534
1597:47.844,232.62725450901803
1598:37.484,180.9178356713427
1599:41.194,189.14629258517033
1600:42.402,191.72945891783567
1601:48.696,229.6072144288577
1602:51.912,279.50300601202406
1603:48.808,234.70140280561122
1604:54.32,270.18036072144287
1605:44.858,219.07014028056113
1606:46.406,198.25851703406815
1607:37.732,173.38276553106212
1608:40.31,192.9619238476954
1609:37.748,173.14028056112224
1610:50.49,217.03406813627254
1611:37.054,155.8797595190381
1612:38.086,178.06212424849699
1613:30.306,135.62925851703406
1614:37.496,165.61723446893788
1615:34.504,157.66933867735472
1616:37.652,179.0320641282565
1617:39.832,177.40080160320642
1618:44.826,192.75150300601203
1619:42.162,189.5370741482966
1620:40.522,201.5511022044088
1621:49.302,217.98597194388776
1622:32.968,164.4448897795591
1623:39.128,185.8697394789579
1624:47.482,233.2124248496994
1625:34.73,155.11022044088176
1626:41.694,192.71142284569137
1627:37.7,166.99599198396794
1628:38.554,170.46492985971943
1629:34.656,154.3807615230461
1630:40.736,178.35871743486973
1631:34.89,155.21643286573146
1632:46.53,219.36472945891782
1633:48.994,239.70140280561122
1634:35.858,167.18236472945893
1635:36.924,153.8617234468938
1636:31.03,141.0681362725451
1637:43.226,192.82565130260522
1638:46.448,192.65330661322645
1639:43.29,194.6372745490982
1640:46.398,239.61723446893788
1641:42.266,191.5691382765531
1642:54.4,251.60320641282564
1643:33.888,158.60921843687376
1644:35.882,163.01002004008015
1645:37.586,168.3246492985972
1646:35.552,166.96993987975952
1647:35.18,152.749498997996
1648:38.99,177.2364729458918
1649:41.222,181.7695390781563
1650:36.752,171.6813627254509
1651:51.448,228.9058116232465
1652:39.62,185.75951903807615
1653:48.114,208.22244488977955
1654:41.656,209.46693386773546
1655:37.804,165.250501002004
1656:40.456,182.0060120240481
1657:37.012,167.81162324649299
1658:50.96,241.3987975951904
1659:44.942,201.25250501002003
1660:35.216,163.09218436873746
1661:34.524,162.71543086172343
1662:34.454,152.45290581162325
1663:28.702,132.6312625250501
1664:22.924,101.55711422845691
1665:29.186,126.23046092184369
1666:28.34,127.80761523046093
1667:31.37,144.7695390781563
1668:28.08,116.51503006012024
1669:30.516,141.65330661322645
1670:33.524,147.8056112224449
1671:35.296,160.76553106212424
1672:38.024,155.30460921843687
1673:30.642,133.2825651302605
1674:27.97,121.61723446893788
1675:29.138,135.55911823647295
1676:24.336,102.69539078156312
1677:29.738,126.37274549098197
1678:35.498,164.85370741482967
1679:30.604,130.62725450901803
1680:26.562,120.34268537074148
1681:30.288,135.749498997996
1682:27.378,125.26052104208416
1683:31.192,138.5050100200401
1684:26.564,113.95190380761522
1685:33.834,145.82765531062125
1686:26.064,116.7935871743487
1687:29.996,126.50501002004007
1688:29.164,132.72745490981964
1689:27.37,122.52304609218437
1690:29.654,124.76553106212425
1691:20.842,91.65731462925852
1692:23.67,93.14428857715431
1693:31.024,131.14829659318636
1694:30.476,140.2264529058116
1695:34.746,164.11623246492985
1696:25.78,104.07615230460922
1697:30.448,133.06212424849699
1698:33.12,156.73547094188376
1699:26.09,107.55511022044088
1700:23.558,101.60320641282566
1701:25.38,112.19238476953907
1702:27.912,130.96593186372746
1703:35.796,149.64729458917836
1704:24.28,103.64729458917836
1705:24.05,111.40080160320642
1706:30.128,130.49699398797594
1707:31.646,135.47695390781564
1708:30.19,133.0821643286573
1709:34.764,151.44088176352705
1710:27.342,126.27054108216433
1711:30.146,135.3186372745491
1712:31.014,146.52104208416833
1713:31.414,147.3627254509018
1714:32.71,153.58917835671343
1715:33.43,135.5691382765531
1716:34.236,150.250501002004
1717:38.042,167.82364729458916
1718:34.49,156.81362725450902
1719:44.964,234.28456913827657
1720:48.096,226.18236472945893
1721:40.5,190.9058116232465
1722:42.84,209.2064128256513
1723:30.854,137.63527054108218
1724:32.618,152.62725450901803
1725:40.814,194.96392785571143
1726:31.174,142.17835671342687
1727:36.752,169.27054108216433
1728:30.712,152.53507014028057
1729:32.244,144.06212424849699
1730:35.974,171.37274549098197
1731:32.508,155.93987975951904
1732:37.4,173.66332665330663
1733:39.89,180.50100200400803
1734:34.406,157.49298597194388
1735:49.05,261.498997995992
1736:46.412,242.43486973947896
1737:43.634,198.59118236472946
1738:35.552,162.3927855711423
1739:32.616,142.2825651302605
1740:46.074,229.96993987975952
1741:43.074,182.65531062124248
1742:35.978,179.82565130260522
1743:47.742,226.56312625250501
1744:40.34,194.54509018036072
1745:33.84,154.86372745490982
1746:33.772,161.94188376753507
1747:40.666,201.33667334669337
1748:36.31,169.3426853707415
1749:37.228,188.96993987975952
1750:43.226,211.47294589178355
1751:38.632,183.72144288577155
1752:31.94,154.28857715430863
1753:38.358,169.52705410821645
1754:46.328,217.13226452905812
1755:28.07,128.94789579158316
1756:28.23,121.73547094188376
1757:35.332,147.61723446893788
1758:35.858,156.23847695390782
1759:29.12,146.59118236472946
1760:43.434,200.42084168336675
1761:40.436,184.52104208416833
1762:39.238,191.67935871743487
1763:42.182,196.04609218436875
1764:35.202,151.17434869739478
1765:35.618,162.29859719438878
1766:39.032,173.82364729458916
1767:37.194,163.84969939879758
1768:33.392,145.32865731462925
1769:33.63,148.0240480961924
1770:38.356,171.02004008016033
1771:39.816,183.4749498997996
1772:34.82,157.20240480961922
1773:36.156,179.70941883767534
1774:49.622,216.53507014028057
1775:44.208,197.33066132264528
1776:31.542,148.7174348697395
1777:34.354,158.02004008016033
1778:32.95,151.71142284569137
1779:38.308,160.97995991983967
1780:29.664,141.5370741482966
1781:38.986,179.9679358717435
1782:38.394,179.88977955911824
1783:39.958,191.7174348697395
1784:36.93,159.49298597194388
1785:32.236,148.1062124248497
1786:36.46,160.30460921843687
1787:28.112,135.0
1788:34.24,159.23246492985973
1789:32.2,149.14228456913827
1790:27.594,126.62725450901803
1791:35.286,163.7314629258517
1792:29.994,141.36072144288576
1793:34.288,155.01002004008015
1794:33.124,152.58517034068137
1795:31.088,134.60921843687376
1796:36.188,166.44088176352705
1797:25.226,102.61523046092185
1798:26.87,116.09619238476954
1799:32.922,144.62124248496994
1800:32.658,146.749498997996
1801:27.77,109.17434869739479
1802:29.978,122.98396793587175
1803:29.554,142.02805611222445
1804:24.592,109.17234468937876
1805:24.802,103.18036072144288
1806:30.08,127.37074148296593
1807:24.566,108.14228456913828
1808:29.65,130.70140280561122
1809:25.3,107.81362725450902
1810:25.304,111.79559118236473
1811:38.556,166.25250501002003
1812:35.958,156.71943887775552
1813:40.742,204.92985971943887
1814:43.796,198.0941883767535
1815:41.236,189.43887775551102
1816:32.198,136.07214428857716
1817:29.73,130.0060120240481
1818:45.006,208.36072144288576
1819:32.118,143.64729458917836
1820:45.626,214.57114228456913
1821:34.996,169.94589178356713
1822:39.306,170.99799599198397
1823:39.586,182.67935871743487
1824:33.794,155.8877755511022
1825:35.202,157.19238476953907
1826:44.292,202.42284569138278
1827:31.414,138.75350701402806
1828:33.438,150.26052104208418
1829:31.466,146.60320641282564
1830:37.47,167.50701402805612
1831:36.12,151.49899799599197
1832:44.906,207.1122244488978
1833:46.726,227.45490981963928
1834:49.756,229.53306613226454
1835:47.428,226.71543086172343
1836:43.106,196.88176352705412
1837:50.984,241.77154308617236
1838:50.084,228.44288577154308
1839:51.856,249.28857715430863
1840:47.304,229.65931863727454
1841:34.258,156.69739478957916
1842:24.102,102.53907815631263
1843:34.9,150.74749498997997
1844:34.098,153.7074148296593
1845:33.868,159.79759519038078
1846:40.216,174.02805611222445
1847:38.176,165.60921843687376
1848:36.642,173.04609218436875
1849:28.058,130.04008016032063
1850:33.044,137.0420841683367
1851:28.262,138.47094188376752
1852:31.7,144.22044088176352
1853:34.574,148.19839679358716
1854:32.274,148.54509018036072
1855:38.662,176.45090180360722
1856:42.272,187.88577154308618
1857:36.884,175.2685370741483
1858:33.728,148.95390781563125
1859:41.784,173.50901803607215
1860:50.646,229.3567134268537
1861:35.928,157.83366733466934
1862:35.24,150.35470941883767
1863:29.472,125.82765531062124
1864:29.836,131.01002004008015
1865:32.734,138.16032064128257
1866:36.846,160.53306613226454
1867:37.368,163.0
1868:44.306,185.65330661322645
1869:32.854,146.77955911823648
1870:32.854,133.35470941883767
1871:32.76,139.8697394789579
1872:29.52,120.64128256513025
1873:31.236,134.97995991983967
1874:25.222,105.64729458917836
1875:29.076,128.22444889779558
1876:31.006,147.01402805611224
1877:45.42,201.01202404809618
1878:33.726,166.2925851703407
1879:39.31,164.03607214428857
1880:41.59,171.2304609218437
1881:36.186,162.70541082164328
1882:39.43,169.0320641282565
1883:28.25,123.44889779559118
1884:44.99,197.1202404809619
1885:34.882,162.8376753507014
1886:38.804,167.42885771543087
1887:37.48,178.65931863727454
1888:37.5,181.20440881763528
1889:39.536,174.83366733466934
1890:38.804,169.2865731462926
1891:35.308,169.79559118236472
1892:28.852,129.8997995991984
1893:48.082,210.82164328657313
1894:31.588,135.70541082164328
1895:36.824,162.10220440881764
1896:33.846,146.59118236472946
1897:42.01,179.67334669338678
1898:24.53,104.47695390781563
1899:22.468,92.69539078156312
1900:23.832,99.54909819639279
1901:25.552,112.5250501002004
1902:24.138,108.1623246492986
1903:31.598,133.77755511022045
1904:25.784,111.33867735470942
1905:25.668,105.59519038076152
1906:31.502,137.34669338677355
1907:18.34,71.64529058116233
1908:25.148,96.87775551102204
1909:21.972,80.03607214428858
1910:24.22,102.5811623246493
1911:25.54,110.13026052104209
1912:28.76,133.7815631262525
1913:28.622,129.19639278557113
1914:32.34,130.99799599198397
1915:22.5,91.08617234468937
1916:26.166,117.03607214428858
1917:33.734,132.86372745490982
1918:28.258,118.0561122244489
1919:30.37,122.61523046092185
1920:22.494,95.71743486973948
1921:29.572,121.97194388777555
1922:20.346,83.02004008016031
1923:19.656,69.46492985971943
1924:24.554,98.7314629258517
1925:23.804,95.52104208416834
1926:29.594,126.74148296593187
1927:33.61,136.7434869739479
1928:30.856,125.24448897795591
1929:32.33,125.87575150300601
1930:40.678,182.82565130260522
1931:36.984,154.5310621242485
1932:26.638,104.40881763527054
1933:32.628,138.27855711422845
1934:26.808,104.92585170340682
1935:31.28,129.04609218436875
1936:26.992,105.84368737474949
1937:24.868,104.5811623246493
1938:26.296,106.10420841683367
1939:26.158,111.95791583166333
1940:29.47,119.43887775551102
1941:27.548,109.84368737474949
1942:24.494,105.22845691382766
1943:27.056,116.59318637274549
1944:23.222,96.03607214428858
1945:27.464,118.42084168336673
1946:22.364,97.18436873747495
1947:30.024,129.65931863727454
1948:29.812,136.67334669338678
1949:35.806,148.09018036072143
1950:30.974,128.37274549098197
1951:32.04,136.14228456913827
1952:28.682,119.65931863727455
1953:35.622,150.4569138276553
1954:26.646,109.45490981963928
1955:35.708,144.1803607214429
1956:35.138,157.6112224448898
1957:35.998,161.52705410821645
1958:38.1,183.59519038076152
1959:26.348,114.34068136272545
1960:36.366,162.41082164328657
1961:32.242,144.09619238476955
1962:38.598,178.07815631262525
1963:34.942,146.7074148296593
1964:30.786,132.54709418837675
1965:30.642,140.42284569138278
1966:26.424,118.24448897795591
1967:21.972,88.53907815631263
1968:22.916,91.32264529058116
1969:23.768,105.40881763527054
1970:28.538,120.5370741482966
1971:27.292,118.3687374749499
1972:42.676,197.59519038076152
1973:26.468,107.79559118236473
1974:30.098,125.47294589178357
1975:39.464,171.29859719438878
1976:34.61,156.95390781563125
1977:27.836,116.2064128256513
1978:37.278,166.2264529058116
1979:35.792,158.38276553106212
1980:32.086,137.82965931863728
1981:41.308,183.58316633266534
1982:40.51,180.5430861723447
1983:38.132,175.93587174348698
1984:45.934,212.27655310621242
1985:50.902,231.51503006012024
1986:49.82,234.9679358717435
1987:42.004,187.16432865731463
1988:43.686,198.5050100200401
1989:38.682,182.94589178356713
1990:34.472,175.63326653306612
1991:36.412,169.83366733466934
1992:35.75,172.32865731462925
1993:30.86,131.17034068136272
1994:33.912,165.14629258517033
1995:45.926,226.09819639278558
1996:48.204,225.17434869739478
1997:46.02,211.90781563126254
1998:35.58,173.94188376753507
1999:52.412,230.96593186372746
2000:40.79,193.12825651302606
2001:38.836,173.56713426853707
2002:40.714,177.83967935871743
2003:36.944,174.0881763527054
2004:23.862,109.74749498997996
2005:33.042,152.09018036072143
2006:33.988,138.06613226452905
2007:35.184,159.93987975951904
2008:28.904,130.5130260521042
2009:30.114,127.8056112224449
2010:24.326,102.28456913827655
2011:36.806,166.26052104208418
2012:32.562,136.5050100200401
2013:35.31,154.2064128256513
2014:27.43,114.66533066132264
2015:31.114,130.0
2016:32.756,144.0
2017:43.372,203.42084168336675
2018:29.238,131.2124248496994
2019:47.308,202.14028056112224
2020:40.598,198.94789579158316
2021:43.648,208.5691382765531
2022:42.616,202.03607214428857
2023:40.186,196.8877755511022
2024:37.908,184.0320641282565
2025:43.014,190.31262525050101
2026:41.214,201.10420841683367
2027:37.228,172.76152304609218
2028:41.764,199.59719438877755
2029:32.204,142.2925851703407
2030:38.456,180.39679358717436
2031:29.928,125.35070140280561
2032:28.236,117.28256513026052
2033:33.676,132.5511022044088
2034:32.848,135.8376753507014
2035:32.916,125.25450901803607
2036:28.112,111.92384769539078
2037:30.608,115.90981963927855
2038:34.002,154.875751503006
2039:25.35,104.75551102204409
2040:23.568,95.17034068136273
2041:32.234,133.45891783567134
2042:25.062,107.63326653306613
2043:25.948,109.76553106212425
2044:28.158,109.3567134268537
2045:29.38,129.85971943887776
2046:29.32,126.32064128256513
2047:35.76,166.04809619238478
2048:34.164,140.62324649298597
2049:32.068,144.82565130260522
2050:33.834,143.23847695390782
2051:45.436,202.5130260521042
2052:42.592,178.7935871743487
2053:29.31,122.13226452905812
2054:37.384,162.2304609218437
2055:40.872,185.71142284569137
2056:33.456,144.22244488977955
2057:37.114,167.3507014028056
2058:36.526,157.47294589178355
2059:38.536,161.01402805611224
2060:33.056,143.28456913827657
2061:34.46,150.0380761523046
2062:29.818,122.40681362725451
2063:26.394,111.65531062124248
2064:29.006,129.31663326653307
2065:34.03,146.45090180360722
2066:25.902,113.76352705410822
2067:31.656,139.40480961923848
2068:36.798,173.15831663326654
2069:32.454,142.47895791583167
2070:21.578,84.62925851703407
2071:38.672,172.28056112224448
2072:41.704,190.37274549098197
2073:37.5,164.16432865731463
2074:27.308,115.37675350701403
2075:43.602,211.7695390781563
2076:41.872,187.10220440881764
2077:41.374,183.8557114228457
2078:33.064,146.0420841683367
2079:40.952,188.9258517034068
2080:35.992,161.10821643286573
2081:42.794,197.1623246492986
2082:43.424,180.4308617234469
2083:28.268,121.5691382765531
2084:32.192,139.2444889779559
2085:33.912,142.59919839679358
2086:33.988,147.36472945891782
2087:30.334,125.2124248496994
2088:31.332,127.96392785571142
2089:33.386,143.70541082164328
2090:32.008,135.0320641282565
2091:33.802,153.5310621242485
2092:32.272,136.81563126252505
2093:31.992,140.9579158316633
2094:23.938,95.8817635270541
2095:29.906,136.4749498997996
2096:28.326,120.49899799599199
2097:31.842,142.5050100200401
2098:32.168,144.0681362725451
2099:29.52,139.7735470941884
2100:30.232,133.9498997995992
2101:38.868,180.8196392785571
2102:37.084,182.34068136272546
2103:27.318,126.61923847695391
2104:37.976,161.84769539078155
2105:38.258,170.5751503006012
2106:24.078,107.3186372745491
2107:48.198,231.82364729458916
2108:39.606,182.76553106212424
2109:32.39,148.76152304609218
2110:28.094,130.97795591182364
2111:41.604,196.3987975951904
2112:36.832,154.62324649298597
2113:42.782,198.01202404809618
2114:39.842,183.49298597194388
2115:28.106,123.78957915831663
2116:38.226,174.4869739478958
2117:38.254,192.9619238476954
2118:37.52,172.90380761523045
2119:41.728,201.7995991983968
2120:45.214,214.03406813627254
2121:50.65,230.3066132264529
2122:46.196,198.06613226452905
2123:47.7,244.56112224448898
2124:41.964,193.84769539078155
2125:45.524,210.88376753507015
2126:40.516,184.0420841683367
2127:41.98,186.11422845691382
2128:43.082,194.7635270541082
2129:35.572,153.82565130260522
2130:31.372,139.16432865731463
2131:35.106,149.66533066132266
2132:34.536,154.5130260521042
2133:37.368,176.5931863727455
2134:34.012,147.29058116232466
2135:33.758,157.28857715430863
2136:39.098,171.38677354709418
2137:35.996,169.48897795591182
2138:35.616,158.50300601202406
2139:31.492,134.5931863727455
2140:31.23,146.0060120240481
2141:33.218,154.25851703406815
2142:29.894,139.8617234468938
2143:33.528,135.18236472945893
2144:28.468,123.50100200400801
2145:33.204,134.61523046092185
2146:32.318,138.06212424849699
2147:37.028,160.17434869739478
2148:36.388,157.3987975951904
2149:31.278,137.91983967935872
2150:33.844,147.82164328657313
2151:37.442,159.28456913827657
2152:37.714,158.15030060120242
2153:31.198,142.3807615230461
2154:42.438,183.84969939879758
2155:38.064,160.9498997995992
2156:36.586,160.0881763527054
2157:34.092,156.3687374749499
2158:26.784,112.71142284569139
2159:33.89,139.92785571142284
2160:24.664,102.51703406813627
2161:35.848,140.78957915831663
2162:34.41,146.1563126252505
2163:30.482,141.9498997995992
2164:34.726,156.84969939879758
2165:30.366,125.32064128256513
2166:29.85,131.43687374749499
2167:25.198,110.89579158316633
2168:33.476,155.17234468937875
2169:25.088,107.78156312625251
2170:27.364,122.07014028056112
2171:23.384,98.41082164328657
2172:26.266,114.99799599198397
2173:30.538,134.11823647294588
2174:28.846,133.6112224448898
2175:28.248,122.85170340681363
2176:26.246,114.24048096192385
2177:33.984,141.65931863727454
2178:28.316,123.48897795591182
2179:25.584,116.13426853707415
2180:37.736,163.84569138276552
2181:21.746,91.69138276553106
2182:28.36,117.8056112224449
2183:26.412,102.58717434869739
2184:33.36,147.90380761523045
2185:35.834,148.36072144288576
2186:30.712,120.3687374749499
2187:34.044,149.124248496994
2188:25.786,107.91182364729458
2189:36.894,175.41683366733466
2190:29.776,132.2004008016032
2191:28.004,114.29458917835672
2192:21.998,95.94188376753507
2193:28.318,124.09819639278557
2194:26.342,118.39078156312625
2195:25.148,113.74148296593187
2196:30.762,143.17034068136272
2197:25.618,106.48697394789579
2198:23.186,89.6312625250501
2199:25.184,110.00601202404809
2200:22.028,85.13426853707415
2201:22.232,84.50100200400801
2202:32.402,144.78957915831663
2203:20.194,84.78557114228457
2204:29.61,125.12224448897796
2205:26.5,111.02805611222445
2206:25.01,100.96192384769539
2207:23.982,102.22645290581163
2208:27.626,108.64128256513025
2209:25.676,104.12825651302605
2210:27.57,125.60120240480961
2211:26.85,116.6813627254509
2212:31.486,137.15831663326654
2213:29.2,136.29659318637275
2214:22.1,83.0
2215:20.868,90.36472945891784
2216:20.436,86.8937875751503
2217:21.596,90.27254509018036
2218:24.522,102.76753507014028
2219:22.646,88.73547094188376
