0:32.052,146.90981963927857
1:25.35,107.57915831663327
2:24.558,95.59919839679358
3:31.722,137.28456913827657
4:34.184,137.99198396793588
5:27.838,116.55511022044088
6:25.108,107.15831663326654
7:33.904,154.05210420841684
8:42.406,179.18637274549098
9:25.364,106.70741482965931
10:29.096,123.12024048096193
11:26.482,113.53907815631263
12:26.624,104.77755511022045
13:32.934,138.31462925851704
14:36.636,145.66933867735472
15:38.808,170.82765531062125
16:42.674,193.7555110220441
17:32.39,144.9258517034068
18:39.808,175.16633266533066
19:43.374,187.83366733466934
20:38.6,173.875751503006
21:41.654,184.70340681362725
22:47.702,207.51503006012024
23:52.51,250.73947895791582
24:47.086,239.94589178356713
25:38.38,165.0941883767535
26:46.782,218.57915831663325
27:33.908,142.97194388777555
28:38.466,156.2364729458918
29:37.566,169.71943887775552
30:44.72,197.9619238476954
31:31.852,137.09018036072143
32:28.18,115.3246492985972
33:32.698,153.6492985971944
34:41.404,179.56513026052104
35:41.486,179.05410821643287
36:48.526,223.40080160320642
37:37.034,167.67334669338678
38:36.598,171.04609218436875
39:40.056,174.76553106212424
40:32.832,153.22044088176352
41:35.712,158.58917835671343
42:36.236,155.12825651302606
43:36.05,166.70941883767534
44:35.224,153.41482965931863
45:28.188,129.1803607214429
46:30.292,145.52104208416833
47:36.218,158.11823647294588
48:37.948,185.53507014028057
49:39.376,172.0060120240481
50:40.458,163.97194388777555
51:48.058,231.42685370741484
52:40.984,185.81362725450902
53:37.562,178.96593186372746
54:43.972,189.55310621242484
55:37.774,173.37675350701403
56:34.766,153.63326653306612
57:45.388,201.4809619238477
58:33.234,157.42084168336675
59:39.128,170.65330661322645
60:47.81,207.12625250501003
61:51.862,237.85170340681364
62:42.0,181.25250501002003
63:42.034,191.6312625250501
64:33.886,144.24248496993988
65:30.764,134.32064128256513
66:26.966,118.06012024048096
67:28.756,121.45691382765531
68:32.558,155.2825651302605
69:33.322,144.38677354709418
70:28.716,111.27254509018036
71:31.656,145.13226452905812
72:30.184,129.9679358717435
73:32.45,141.6492985971944
74:25.188,109.03607214428858
75:30.09,123.91382765531063
76:34.174,163.72344689378758
77:45.512,196.82965931863728
78:48.006,204.07615230460922
79:39.516,185.39679358717436
80:28.15,121.38276553106212
81:28.092,113.1943887775551
82:28.374,115.01603206412825
83:28.402,117.60521042084169
84:33.424,152.31262525050101
85:26.702,114.7434869739479
86:31.48,126.15631262525051
87:27.91,125.38476953907815
88:33.276,144.0941883767535
89:26.822,112.3867735470942
90:35.492,160.8617234468938
91:36.458,161.46693386773546
92:28.098,121.49699398797596
93:27.124,126.12024048096193
94:33.958,140.75350701402806
95:32.718,146.2064128256513
96:35.462,152.69138276553107
97:29.024,126.3867735470942
98:31.826,142.85370741482967
99:34.16,145.8056112224449
100:31.454,128.56713426853707
101:30.854,131.14629258517033
102:37.168,162.7735470941884
103:34.986,159.64729458917836
104:27.496,109.97995991983969
105:26.098,114.3567134268537
106:24.378,99.47895791583166
107:21.476,88.81362725450902
108:20.736,87.85370741482966
109:28.78,121.86573146292585
110:19.536,82.99198396793587
111:26.138,108.87975951903807
112:25.726,115.92785571142285
113:35.344,150.00801603206412
114:32.624,145.67935871743487
115:34.872,156.80961923847696
116:32.48,145.95991983967937
117:45.896,198.03006012024048
118:43.582,204.31062124248496
119:36.608,168.37074148296594
120:33.556,157.2364729458918
121:47.564,198.37875751503006
122:38.952,176.8056112224449
123:47.702,205.70140280561122
124:45.632,196.28857715430863
125:56.29,261.73547094188376
126:45.38,210.04008016032063
127:47.898,216.72745490981964
128:34.144,155.5751503006012
129:42.356,190.7695390781563
130:43.018,207.13226452905812
131:50.328,213.24649298597194
132:56.124,266.24649298597194
133:39.986,186.1683366733467
134:38.822,160.0741482965932
135:42.43,199.4488977955912
136:48.936,220.8056112224449
137:41.308,189.59719438877755
138:46.36,207.6573146292585
139:42.142,180.54709418837675
140:50.652,235.95390781563125
141:51.7,250.39478957915833
142:40.724,177.30861723446893
143:37.954,175.95190380761522
144:37.248,180.81162324649299
145:34.5,173.31262525050101
146:31.556,139.22044088176352
147:28.858,122.15230460921843
148:41.506,180.0380761523046
149:42.418,206.00801603206412
150:39.898,184.12825651302606
151:48.522,214.5310621242485
152:40.552,186.42885771543087
153:46.64,213.43687374749499
154:35.51,155.30260521042084
155:46.83,213.08617234468937
156:50.042,217.95991983967937
157:46.676,218.6432865731463
158:49.726,226.87374749498997
159:41.496,188.40480961923848
160:33.146,146.18837675350701
161:44.168,184.24649298597194
162:29.984,133.11823647294588
163:36.85,164.52905811623248
164:39.366,180.51503006012024
165:39.438,174.90380761523045
166:47.038,202.27254509018036
167:38.456,165.8697394789579
168:38.174,176.39478957915833
169:39.418,181.40080160320642
170:44.516,200.19839679358716
171:39.446,163.46693386773546
172:35.602,171.93386773547095
173:32.344,143.52304609218436
174:38.43,154.70941883767534
175:57.022,266.59118236472943
176:40.356,186.2625250501002
177:38.214,172.96392785571143
178:47.482,215.55310621242484
179:46.13,229.6312625250501
180:51.672,225.89178356713427
181:39.96,180.7695390781563
182:49.834,236.34068136272546
183:49.378,233.3006012024048
184:49.09,228.5250501002004
185:52.61,236.1442885771543
186:49.156,226.25851703406815
187:41.654,198.01202404809618
188:48.21,213.3567134268537
189:50.208,214.8316633266533
190:48.46,234.25851703406815
191:39.094,176.13226452905812
192:46.622,221.86773547094188
193:44.586,212.65130260521042
194:43.602,181.41482965931863
195:57.85,274.186372745491
196:50.176,233.45490981963928
197:46.528,201.45490981963928
198:50.198,220.28456913827657
199:50.56,232.31262525050101
200:51.972,241.9819639278557
201:49.826,214.14228456913827
202:38.968,173.85771543086173
203:36.572,167.09018036072143
204:39.518,171.13627254509018
205:39.55,174.74749498997997
206:42.252,191.47294589178355
207:43.268,205.81362725450902
208:37.016,164.7314629258517
209:32.946,150.92184368737475
210:44.012,199.35270541082164
211:44.248,206.35470941883767
212:39.14,183.8617234468938
213:42.532,194.05811623246493
214:42.934,191.54108216432866
215:41.998,197.8797595190381
216:41.354,202.58517034068137
217:51.826,219.66933867735472
218:49.298,227.7134268537074
219:54.73,267.72745490981964
220:51.834,240.83967935871743
221:46.022,208.04609218436875
222:46.446,220.28456913827657
223:54.268,266.67134268537075
224:52.228,250.5430861723447
225:57.07,250.32264529058116
226:52.466,265.34869739478955
227:56.31,261.05210420841684
228:55.822,266.9318637274549
229:55.46,274.4889779559118
230:59.848,339.1843687374749
231:57.09,331.7234468937876
232:60.21,343.31062124248496
233:62.402,312.61723446893785
234:49.932,234.3426853707415
235:56.116,256.314629258517
236:44.172,218.45490981963928
237:41.296,189.3687374749499
238:51.712,240.54909819639278
239:36.834,167.86372745490982
240:40.158,181.6673346693387
241:37.118,164.87174348697394
242:43.134,176.90380761523045
243:54.15,250.7074148296593
244:37.026,172.75350701402806
245:35.88,150.11422845691382
246:33.51,157.50100200400803
247:40.298,186.01402805611224
248:37.16,167.9679358717435
249:37.908,166.23446893787576
250:42.81,201.54108216432866
251:42.984,211.4949899799599
252:38.386,180.08416833667334
253:48.202,228.71943887775552
254:47.416,210.2184368737475
255:45.696,201.95591182364728
256:49.12,222.21042084168337
257:29.806,139.9579158316633
258:41.124,209.45090180360722
259:49.21,224.7314629258517
260:45.212,222.28456913827657
261:46.684,217.46492985971943
262:45.948,196.44689378757516
263:38.822,178.3326653306613
264:46.278,227.75350701402806
265:39.398,176.99799599198397
266:37.982,175.4448897795591
267:43.37,191.3627254509018
268:40.882,178.2444889779559
269:38.894,185.04008016032063
270:42.352,187.94589178356713
271:47.784,233.30260521042084
272:45.752,191.0681362725451
273:46.94,209.6012024048096
274:58.146,269.0300601202405
275:57.472,294.4268537074148
276:51.376,238.81763527054107
277:42.998,210.84969939879758
278:47.222,250.7134268537074
279:41.02,183.53507014028057
280:39.224,194.0821643286573
281:45.274,239.02204408817636
282:54.14,284.57715430861725
283:42.288,189.57715430861722
284:35.348,166.01603206412827
285:35.24,165.6072144288577
286:32.688,136.01002004008015
287:38.066,171.8376753507014
288:44.882,203.35470941883767
289:51.66,271.1182364729459
290:54.48,272.62525050100203
291:49.292,238.87775551102203
292:41.35,195.75150300601203
293:38.202,174.23246492985973
294:46.748,219.72344689378758
295:55.41,256.8677354709419
296:45.518,211.0060120240481
297:41.194,188.62124248496994
298:40.664,185.72745490981964
299:44.736,210.29058116232466
300:48.164,215.37875751503006
301:34.698,158.13426853707415
302:39.032,187.80360721442887
303:48.618,222.13426853707415
304:57.998,301.7935871743487
305:52.83,269.1583166332665
306:45.48,225.8617234468938
307:46.654,226.29458917835672
308:40.872,186.80360721442887
309:38.454,186.06012024048096
310:35.886,165.33066132264528
311:44.406,195.08617234468937
312:34.012,153.61523046092185
313:45.688,208.47895791583167
314:39.71,184.13627254509018
315:41.538,185.44088176352705
316:49.752,223.9939879759519
317:37.512,171.01402805611224
318:41.506,189.2264529058116
319:48.292,232.37274549098197
320:45.722,221.49699398797594
321:46.546,237.31262525050101
322:47.218,223.04809619238478
323:42.02,194.96392785571143
324:38.196,184.7735470941884
325:42.236,178.7374749498998
326:44.22,221.72945891783567
327:39.162,189.77755511022045
328:45.27,202.8937875751503
329:42.678,193.99799599198397
330:35.426,156.6933867735471
331:40.002,178.43687374749499
332:41.432,196.79158316633266
333:29.878,143.82765531062125
334:31.648,146.72344689378758
335:41.664,187.33466933867734
336:46.782,206.5050100200401
337:40.42,182.5190380761523
338:42.142,195.24649298597194
339:39.872,181.7254509018036
340:36.004,154.3927855711423
341:39.016,181.95991983967937
342:40.152,184.32665330661322
343:38.838,170.22044088176352
344:38.736,173.2865731462926
345:34.882,156.7254509018036
346:31.55,132.14629258517033
347:43.876,189.374749498998
348:45.044,218.749498997996
349:43.958,208.7374749498998
350:45.138,208.9819639278557
351:38.2,193.20841683366734
352:45.148,205.374749498998
353:40.478,186.25250501002003
354:45.468,217.93787575150301
355:44.392,206.40480961923848
356:46.356,208.68537074148296
357:47.118,235.19639278557113
358:45.84,236.6112224448898
359:49.142,250.9579158316633
360:47.328,225.66533066132266
361:48.166,231.99599198396794
362:55.958,284.8637274549098
363:52.382,244.2685370741483
364:39.888,174.68937875751504
365:33.876,149.68336673346693
366:30.466,134.21643286573146
367:32.362,152.81162324649299
368:37.554,176.1683366733467
369:34.034,164.85971943887776
370:42.472,213.0
371:45.824,205.5130260521042
372:53.686,251.38677354709418
373:58.992,332.8797595190381
374:54.102,282.9238476953908
375:47.01,235.8997995991984
376:48.452,222.3927855711423
377:49.028,235.20841683366734
378:49.204,221.83366733466934
379:46.18,207.27054108216433
380:43.4,185.6933867735471
381:37.232,171.94589178356713
382:39.692,174.15230460921845
383:35.406,160.1062124248497
384:35.214,157.6432865731463
385:37.85,170.65330661322645
386:36.754,154.9498997995992
387:47.066,220.75350701402806
388:36.002,161.4068136272545
389:37.054,169.1122244488978
390:30.456,138.74148296593185
391:54.844,263.7134268537074
392:40.584,163.92985971943887
393:38.484,180.0240480961924
394:40.71,187.0561122244489
395:38.99,178.84969939879758
396:38.97,177.03006012024048
397:41.258,188.35470941883767
398:39.648,172.02805611222445
399:41.39,185.7074148296593
400:34.826,159.63527054108218
401:40.326,183.29859719438878
402:44.658,191.65130260521042
403:33.68,162.3807615230461
404:37.274,157.61723446893788
405:43.888,187.19839679358716
406:44.018,194.3426853707415
407:30.848,135.61723446893788
408:36.064,153.32064128256513
409:34.994,152.77955911823648
410:34.874,145.43687374749499
411:42.352,188.70541082164328
412:32.32,151.67735470941884
413:34.366,162.32264529058116
414:41.41,185.01002004008015
415:43.508,199.3507014028056
416:40.538,175.5130260521042
417:42.806,195.97394789579158
418:33.738,155.1563126252505
419:36.684,156.98597194388776
420:45.4,211.32264529058116
421:37.372,157.21643286573146
422:49.564,223.68336673346693
423:40.554,182.7875751503006
424:43.736,185.10821643286573
425:44.1,194.89779559118236
426:43.5,194.89178356713427
427:33.8,160.70140280561122
428:41.136,181.06212424849699
429:42.784,180.31663326653307
430:38.776,178.63527054108218
431:38.346,185.04408817635272
432:34.132,143.04408817635272
433:43.238,186.2264529058116
434:43.262,191.0420841683367
435:33.588,143.5551102204409
436:35.51,147.40480961923848
437:35.302,158.51102204408818
438:35.098,160.4128256513026
439:37.274,157.0060120240481
440:44.038,192.3066132264529
441:40.992,194.82364729458916
442:50.148,230.26452905811624
443:36.422,181.07615230460922
444:43.742,193.98597194388776
445:41.318,167.74549098196394
446:47.068,209.09018036072143
447:48.51,222.68937875751504
448:45.822,220.2364729458918
449:55.858,252.3987975951904
450:57.36,276.07214428857714
451:45.474,217.13226452905812
452:39.486,184.10220440881764
453:53.436,238.9438877755511
454:43.734,202.24248496993988
455:53.768,258.80360721442884
456:54.618,254.10420841683367
457:42.424,193.56513026052104
458:56.858,281.5991983967936
459:57.046,286.12424849699397
460:56.464,290.52304609218436
461:54.096,286.9318637274549
462:42.138,200.15230460921845
463:50.128,233.2264529058116
464:52.536,246.49098196392785
465:61.064,320.4428857715431
466:56.088,305.81963927855713
467:57.79,303.35871743486973
468:54.192,344.5851703406814
469:60.366,346.9058116232465
470:58.594,305.80160320641284
471:61.49,297.00400801603206
472:55.46,375.5831663326653
473:60.408,350.77154308617236
474:54.81,351.6833667334669
475:58.668,355.94188376753505
476:56.898,383.7935871743487
477:60.982,359.64128256513027
478:58.242,326.5110220440882
479:56.146,295.15230460921845
480:54.76,309.40480961923845
481:54.616,276.1022044088176
482:55.09,277.23647294589176
483:56.812,287.14228456913827
484:54.796,284.10821643286573
485:56.06,268.8617234468938
486:51.818,248.63326653306612
487:48.438,243.50300601202406
488:56.296,292.5470941883768
489:49.908,220.44088176352705
490:55.368,292.2424849699399
491:52.566,294.3867735470942
492:50.76,237.250501002004
493:47.594,224.81763527054107
494:59.594,303.24448897795594
495:57.086,333.3787575150301
496:46.658,211.73346693386773
497:52.154,248.02004008016033
498:60.128,304.1943887775551
499:54.67,290.87174348697397
500:52.654,263.08817635270543
501:52.816,253.1302605210421
502:54.462,266.15430861723445
503:49.166,245.38677354709418
504:55.586,281.15430861723445
505:48.414,237.8436873747495
506:58.698,288.4609218436874
507:54.382,302.51503006012024
508:57.792,340.80360721442884
509:61.338,294.73346693386776
510:53.788,340.3607214428858
511:61.202,353.87374749498997
512:58.524,322.89579158316633
513:57.754,327.3326653306613
514:57.018,319.26653306613224
515:56.018,354.2404809619238
516:54.39,344.563126252505
517:61.544,331.7875751503006
518:60.426,326.9519038076152
519:47.612,449.63527054108215
520:66.052,371.65330661322645
521:57.326,343.4448897795591
522:54.318,257.73346693386776
523:59.14,321.09819639278555
524:57.986,364.1202404809619
525:58.696,394.5470941883768
526:59.562,392.2745490981964
527:59.22,373.3707414829659
528:64.26,393.00200400801606
529:56.668,354.50501002004006
530:56.56,293.5130260521042
531:50.83,352.5310621242485
532:51.788,326.8977955911824
533:55.894,332.5811623246493
534:50.848,252.33667334669337
535:51.426,333.5811623246493
536:50.408,270.6292585170341
537:55.308,271.95991983967934
538:56.91,369.7114228456914
539:52.736,262.7374749498998
540:51.222,267.8496993987976
541:55.862,363.7394789579158
542:52.234,249.02004008016033
543:62.624,309.71743486973946
544:51.216,272.90180360721445
545:55.864,375.55911823647295
546:53.614,273.11623246492985
547:54.622,304.9258517034068
548:58.268,339.11422845691385
549:53.94,264.55911823647295
550:52.386,221.40280561122245
551:42.47,201.48296593186373
552:43.584,183.3887775551102
553:41.212,173.5931863727455
554:47.218,225.4629258517034
555:43.454,216.44088176352705
556:50.472,213.24248496993988
557:50.494,226.18637274549098
558:43.254,194.6573146292585
559:47.518,210.9258517034068
560:42.168,193.6072144288577
561:46.618,221.35470941883767
562:45.144,197.41082164328657
563:42.062,194.18837675350701
564:38.778,179.6573146292585
565:40.7,177.75751503006012
566:47.816,232.98597194388776
567:58.924,257.54108216432866
568:54.484,258.5811623246493
569:50.886,229.6012024048096
570:51.362,225.62725450901803
571:46.478,205.7314629258517
572:47.674,202.60521042084167
573:57.168,276.23446893787576
574:64.12,315.5731462925852
575:56.602,252.64529058116233
576:55.562,300.9178356713427
577:57.922,309.1362725450902
578:57.984,298.73547094188376
579:56.002,257.6192384769539
580:49.274,243.72745490981964
581:42.682,209.2925851703407
582:43.812,213.18236472945893
583:50.664,210.0060120240481
584:46.986,220.0240480961924
585:43.584,196.59919839679358
586:52.244,265.04208416833666
587:49.85,234.02605210420842
588:55.634,275.2945891783567
589:54.03,257.69739478957916
590:63.594,301.186372745491
591:61.33,344.80360721442884
592:55.566,248.17434869739478
593:50.38,237.43687374749499
594:56.974,289.0480961923848
595:63.59,312.21643286573146
596:46.946,230.42885771543087
597:49.28,247.67935871743487
598:39.584,191.42885771543087
599:46.38,196.0420841683367
600:43.048,200.40881763527054
601:34.528,153.26052104208418
602:57.386,284.4729458917836
603:38.63,176.0060120240481
604:38.848,182.43887775551102
605:40.328,182.36072144288576
606:48.088,217.34869739478958
607:48.21,216.34068136272546
608:55.79,277.65931863727457
609:59.002,292.98597194388776
610:51.668,266.5751503006012
611:47.684,221.19038076152304
612:47.816,230.98997995991985
613:43.564,206.2685370741483
614:45.518,198.9258517034068
615:43.232,205.95390781563125
616:42.464,196.0941883767535
617:49.714,241.6372745490982
618:49.838,215.7074148296593
619:47.524,209.2304609218437
620:45.994,253.4248496993988
621:48.346,232.4949899799599
622:54.364,314.5931863727455
623:56.572,283.07014028056113
624:46.53,221.62925851703406
625:51.562,221.68336673346693
626:37.576,178.46492985971943
627:36.204,161.7555110220441
628:37.478,171.45090180360722
629:32.704,144.07615230460922
630:41.776,184.66933867735472
631:38.474,168.04008016032063
632:39.802,164.03607214428857
633:38.87,169.06212424849699
634:37.758,162.00200400801603
635:48.548,214.22845691382764
636:42.89,203.76553106212424
637:56.406,297.76352705410824
638:47.214,196.5871743486974
639:39.856,176.04408817635272
640:44.212,197.57114228456913
641:28.336,121.93587174348697
642:28.302,124.66933867735472
643:50.47,226.33066132264528
644:40.168,175.6372745490982
645:39.712,181.67735470941884
646:40.278,187.40080160320642
647:40.062,186.40480961923848
648:59.62,325.9639278557114
649:54.696,269.1182364729459
650:51.42,245.08016032064128
651:48.548,221.41482965931863
652:53.662,257.0541082164329
653:51.032,227.46092184368737
654:52.0,252.45891783567134
655:50.248,237.75751503006012
656:47.166,233.34869739478958
657:50.168,217.76152304609218
658:34.996,161.14228456913827
659:45.808,219.50901803607215
660:51.738,259.4268537074148
661:39.9,195.72344689378758
662:51.326,231.09018036072143
663:45.306,200.45090180360722
664:48.926,224.3066132264529
665:45.5,235.23847695390782
666:54.85,271.8236472945892
667:52.272,288.82765531062125
668:54.104,275.3046092184369
669:48.118,243.3567134268537
670:48.51,260.40881763527057
671:45.452,223.3507014028056
672:61.686,336.7234468937876
673:57.214,309.32865731462925
674:55.166,305.23647294589176
675:58.256,289.5671342685371
676:46.364,244.84569138276552
677:56.534,299.82765531062125
678:54.672,305.57715430861725
679:52.978,301.9819639278557
680:51.468,244.99198396793588
681:46.29,222.98597194388776
682:50.238,407.4609218436874
683:52.334,390.46492985971946
684:55.23,338.0380761523046
685:55.2,326.5470941883768
686:48.52,439.6052104208417
687:55.806,375.6212424849699
688:52.656,315.76352705410824
689:51.672,395.5270541082164
690:57.778,353.4168336673347
691:59.128,368.87174348697397
692:56.366,400.82965931863725
693:54.432,395.28456913827654
694:58.138,325.9699398797595
695:55.944,321.65130260521045
696:54.618,392.57715430861725
697:54.214,394.93987975951904
698:56.736,307.0180360721443
699:54.728,302.04008016032066
700:51.112,303.2865731462926
701:55.096,290.54108216432866
702:54.878,342.71743486973946
703:54.93,355.5991983967936
704:55.562,383.32264529058114
705:55.472,372.4328657314629
706:52.068,394.19839679358716
707:54.942,399.1102204408818
708:46.42,453.9318637274549
709:51.724,404.51503006012024
710:51.238,334.9799599198397
711:54.404,350.751503006012
712:52.75,382.3066132264529
713:55.584,401.1643286573146
714:54.064,398.4929859719439
715:59.406,351.565130260521
716:48.904,415.61723446893785
717:53.518,348.9899799599198
718:56.134,350.48496993987976
719:53.766,369.7955911823647
720:57.836,396.7595190380762
721:51.402,389.94188376753505
722:38.342,492.7234468937876
723:46.844,460.5731462925852
724:50.144,452.5110220440882
725:55.854,372.9919839679359
726:60.422,367.7374749498998
727:56.05,380.1683366733467
728:58.178,320.04008016032066
729:56.65,307.1663326653307
730:52.368,280.32665330661325
731:54.992,270.12825651302603
732:50.304,298.1743486973948
733:57.724,324.2865731462926
734:53.592,296.312625250501
735:59.522,327.7414829659319
736:56.764,305.54108216432866
737:56.216,293.501002004008
738:52.112,314.92184368737475
739:55.628,322.0761523046092
740:50.34,304.39278557114227
741:46.106,218.41482965931863
742:58.02,296.23446893787576
743:57.428,281.08016032064126
744:60.644,383.14028056112227
745:57.942,401.29058116232466
746:55.98,367.19839679358716
747:58.55,343.76553106212424
748:58.9,352.2024048096192
749:54.992,406.19038076152304
750:58.114,345.4689378757515
751:56.52,393.2945891783567
752:52.458,342.8617234468938
753:56.1,376.1923847695391
754:56.684,326.60721442885773
755:55.638,316.94188376753505
756:53.242,328.46693386773546
757:53.166,281.5370741482966
758:53.632,309.7955911823647
759:54.864,337.30260521042084
760:56.494,385.1382765531062
761:55.756,375.1062124248497
762:53.392,263.8797595190381
763:57.824,293.2044088176353
764:54.308,316.82164328657313
765:59.616,336.1923847695391
766:54.364,394.29258517034066
767:53.238,259.434869739479
768:57.922,344.0861723446894
769:53.854,268.00400801603206
770:54.636,319.563126252505
771:54.14,268.2865731462926
772:59.222,316.6372745490982
773:52.686,361.60921843687373
774:56.406,378.75350701402806
775:59.486,367.0260521042084
776:53.15,409.3166332665331
777:57.584,357.10420841683367
778:60.872,335.9539078156313
779:58.04,364.85971943887773
780:56.23,364.85370741482967
781:58.894,338.14629258517033
782:54.636,318.188376753507
783:53.372,399.5571142284569
784:58.28,395.39679358717433
785:53.05,356.84569138276555
786:61.624,365.0080160320641
787:57.338,316.2144288577154
788:50.372,409.68937875751504
789:50.698,420.02404809619236
790:48.174,429.6673346693387
791:51.256,439.7755511022044
792:54.158,392.7815631262525
793:54.204,401.07815631262525
794:53.16,384.3507014028056
795:50.836,439.0440881763527
796:43.368,477.15430861723445
797:37.812,486.60320641282567
798:51.44,420.0921843687375
799:53.164,389.87575150300603
800:51.628,384.1503006012024
801:53.622,383.7975951903808
802:53.844,376.37675350701403
803:52.48,404.0260521042084
804:54.06,410.51503006012024
805:59.196,403.12825651302603
806:57.92,354.95791583166334
807:56.168,392.062124248497
808:52.15,337.064128256513
809:52.054,411.498997995992
810:57.046,365.97595190380764
811:55.784,391.9739478957916
812:58.248,338.7054108216433
813:55.966,372.04208416833666
814:53.094,412.41082164328657
815:54.664,384.1302605210421
816:54.262,389.5851703406814
817:53.524,406.749498997996
818:53.062,398.2685370741483
819:45.006,455.74749498997994
820:45.516,462.77154308617236
821:49.452,433.52104208416836
822:55.69,395.23446893787576
823:56.022,382.9519038076152
824:56.182,377.1062124248497
825:56.598,337.21643286573146
826:54.604,386.32264529058114
827:56.614,387.42284569138275
828:53.84,389.64729458917833
829:52.444,425.42885771543087
830:62.332,370.73547094188376
831:58.916,321.7775551102204
832:47.856,393.47895791583164
833:52.198,421.7314629258517
834:54.192,279.2384769539078
835:51.658,262.39278557114227
836:55.566,385.40280561122245
837:55.58,303.749498997996
838:53.018,344.4709418837675
839:48.97,253.8557114228457
840:54.15,346.1923847695391
841:56.718,325.3887775551102
842:55.148,335.85971943887773
843:45.746,223.2565130260521
844:45.73,243.83366733466934
845:44.562,219.12224448897797
846:53.932,289.3707414829659
847:60.688,324.0861723446894
848:56.44,335.77154308617236
849:59.374,330.40280561122245
850:45.538,253.4248496993988
851:48.458,267.34869739478955
852:58.334,323.43086172344687
853:53.526,312.3426853707415
854:57.368,357.85370741482967
855:56.078,352.2865731462926
856:58.968,301.32264529058114
857:56.442,410.73547094188376
858:56.716,300.31062124248496
859:53.2,265.5250501002004
860:52.042,272.69939879759517
861:49.772,285.0681362725451
862:51.254,274.9559118236473
863:53.586,308.9519038076152
864:54.562,331.9739478957916
865:51.734,363.1302605210421
866:51.54,348.29058116232466
867:60.338,352.89178356713427
868:55.66,333.55911823647295
869:56.652,379.12224448897797
870:54.85,324.85771543086173
871:52.434,262.6112224448898
872:48.11,274.312625250501
873:56.096,317.8877755511022
874:50.256,422.00200400801606
875:54.284,390.7234468937876
876:57.41,369.0861723446894
877:53.084,383.87374749498997
878:53.868,385.0360721442886
879:54.664,313.86573146292585
880:55.202,314.2204408817635
881:52.662,302.06012024048096
882:55.71,366.5450901803607
883:53.364,296.9519038076152
884:53.866,410.0761523046092
885:45.164,448.81963927855713
886:51.744,404.75551102204406
887:54.656,374.6813627254509
888:50.66,405.0280561122245
889:52.564,371.65931863727457
890:51.05,387.9699398797595
891:53.584,378.6292585170341
892:44.364,457.9519038076152
893:56.47,386.8056112224449
894:50.058,433.05811623246495
895:48.382,432.1322645290581
896:56.724,325.6212424849699
897:51.7,389.5250501002004
898:51.96,308.4328657314629
899:50.704,298.0681362725451
900:50.1,281.1743486973948
901:51.384,267.7575150300601
902:56.324,311.08016032064126
903:54.88,298.15430861723445
904:49.394,285.4328657314629
905:57.094,326.0681362725451
906:42.332,236.1002004008016
907:56.082,327.17034068136275
908:50.676,298.7595190380762
909:60.288,323.82965931863725
910:59.276,322.46693386773546
911:55.64,390.42284569138275
912:53.064,300.6372745490982
913:56.276,306.85370741482967
914:57.836,300.4569138276553
915:53.266,306.0941883767535
916:55.474,281.07214428857714
917:52.54,315.30861723446895
918:53.374,321.93987975951904
919:56.486,324.9438877755511
920:50.252,347.44889779559117
921:58.434,378.4829659318637
922:57.312,332.5470941883768
923:56.76,333.2224448897796
924:57.388,345.0460921843687
925:47.97,304.186372745491
926:52.624,313.9519038076152
927:51.28,286.2384769539078
928:57.546,336.8416833667335
929:54.968,346.4428857715431
930:56.424,320.8256513026052
931:50.288,246.98797595190382
932:48.226,264.9879759519038
933:48.836,287.0941883767535
934:49.17,277.82765531062125
935:51.226,271.92184368737475
936:50.778,298.65931863727457
937:51.972,280.687374749499
938:43.64,230.2625250501002
939:47.248,236.66332665330663
940:49.792,263.71743486973946
941:51.264,272.436873747495
942:53.362,294.1563126252505
943:53.336,291.08016032064126
944:50.026,291.55310621242484
945:55.304,345.54108216432866
946:53.912,350.5991983967936
947:53.402,342.3326653306613
948:52.494,387.99599198396794
949:51.404,310.67935871743487
950:52.696,281.7394789579158
951:54.502,374.60921843687373
952:52.966,359.7935871743487
953:52.732,372.02404809619236
954:58.218,333.0200400801603
955:55.008,328.2384769539078
956:54.426,328.19639278557116
957:52.808,324.0921843687375
958:51.176,288.30861723446895
959:46.854,232.7374749498998
960:41.916,214.9258517034068
961:48.096,253.71943887775552
962:45.53,240.0941883767535
963:45.838,236.13426853707415
964:55.638,359.5831663326653
965:54.418,306.81963927855713
966:54.508,330.3306613226453
967:53.73,338.38276553106215
968:52.634,286.37274549098197
969:51.948,294.82164328657313
970:54.534,320.3346693386774
971:48.814,261.1202404809619
972:53.43,283.3346693386774
973:42.692,230.92985971943887
974:48.244,266.1823647294589
975:55.602,367.7374749498998
976:55.034,316.9438877755511
977:52.076,320.35671342685373
978:46.254,246.4949899799599
979:53.33,276.50501002004006
980:45.18,255.2685370741483
981:50.83,282.3607214428858
982:55.516,329.49498997995994
983:49.98,257.8436873747495
984:51.458,261.25250501002006
985:50.944,265.2765531062124
986:53.73,303.8557114228457
987:54.818,312.3607214428858
988:52.046,271.98396793587176
989:53.756,303.1122244488978
990:53.932,342.4128256513026
991:55.878,338.0360721442886
992:53.576,378.3246492985972
993:52.684,359.188376753507
994:53.832,317.16032064128257
995:49.57,288.97795591182364
996:50.346,286.4268537074148
997:56.008,326.10821643286573
998:40.91,216.3807615230461
999:48.44,271.3987975951904
1000:52.14,334.1943887775551
1001:54.02,340.4509018036072
1002:49.32,273.94188376753505
1003:56.546,260.4168336673347
1004:48.248,281.47695390781564
1005:51.004,288.16032064128257
1006:52.964,293.8877755511022
1007:49.372,289.25450901803606
1008:51.71,306.9639278557114
1009:54.73,316.61723446893785
1010:53.746,362.0180360721443
1011:52.538,274.0180360721443
1012:52.06,389.4569138276553
1013:48.842,399.0921843687375
1014:55.196,384.6953907815631
1015:55.762,390.8436873747495
1016:52.252,323.4609218436874
1017:50.406,356.80160320641284
1018:49.554,397.17234468937875
1019:51.822,431.50300601202406
1020:52.658,329.26452905811624
1021:50.804,327.53507014028054
1022:52.456,320.16032064128257
1023:54.482,339.7054108216433
1024:53.846,303.2124248496994
1025:56.116,313.6753507014028
1026:55.01,297.751503006012
1027:51.05,288.4168336673347
1028:56.194,365.28456913827654
1029:53.076,347.28456913827654
1030:45.742,241.15230460921845
1031:38.87,187.24048096192385
1032:53.142,293.5250501002004
1033:51.146,259.1302605210421
1034:51.732,295.6012024048096
1035:49.936,266.5551102204409
1036:54.058,307.21042084168334
1037:56.238,333.1382765531062
1038:54.12,350.46693386773546
1039:50.918,310.25250501002006
1040:50.922,283.4749498997996
1041:43.46,231.55911823647295
1042:51.024,235.95991983967937
1043:40.77,215.22244488977955
1044:42.122,201.10220440881764
1045:45.34,243.22244488977955
1046:52.236,293.6012024048096
1047:58.264,315.9138276553106
1048:46.766,258.87374749498997
1049:46.57,240.88376753507015
1050:46.084,237.40080160320642
1051:44.668,237.3507014028056
1052:52.746,289.00400801603206
1053:45.03,226.4128256513026
1054:50.834,282.7695390781563
1055:53.732,314.5270541082164
1056:47.676,266.8376753507014
1057:49.652,239.2825651302605
1058:52.486,254.64128256513027
1059:48.626,244.90981963927857
1060:55.182,316.314629258517
1061:48.774,321.0681362725451
1062:59.346,372.53507014028054
1063:53.926,276.91983967935874
1064:48.24,262.1623246492986
1065:50.664,276.7214428857715
1066:52.53,269.59519038076155
1067:53.576,286.2965931863727
1068:55.972,343.9058116232465
1069:53.846,319.05811623246495
1070:54.322,355.5430861723447
1071:50.214,356.3066132264529
1072:47.316,241.56312625250501
1073:52.492,283.68937875751504
1074:55.678,309.80961923847696
1075:46.718,239.67134268537075
1076:49.382,275.1022044088176
1077:53.08,297.0440881763527
1078:51.43,378.32064128256513
1079:54.53,292.73547094188376
1080:54.086,351.95791583166334
1081:56.394,323.29258517034066
1082:54.018,306.7575150300601
1083:59.912,328.6452905811623
1084:49.17,262.8797595190381
1085:45.388,228.90380761523045
1086:45.51,212.2124248496994
1087:48.13,240.11022044088176
1088:51.344,242.60320641282564
1089:50.046,262.4549098196393
1090:48.514,256.1182364729459
1091:51.172,249.62324649298597
1092:45.756,228.67935871743487
1093:44.516,225.66332665330663
1094:49.336,262.0260521042084
1095:41.444,209.5050100200401
1096:39.538,189.18637274549098
1097:34.052,164.57715430861722
1098:32.044,155.13426853707415
1099:34.456,172.54709418837675
1100:43.46,218.24649298597194
1101:34.342,162.75150300601203
1102:37.192,173.07615230460922
1103:38.99,186.56513026052104
1104:41.756,195.8316633266533
1105:43.72,228.86773547094188
1106:44.158,217.66132264529057
1107:43.152,207.15030060120242
1108:44.264,232.2184368737475
1109:47.99,228.59118236472946
1110:44.778,228.00200400801603
1111:46.798,232.44088176352705
1112:40.266,207.76753507014027
1113:44.45,212.18436873747495
1114:48.366,230.8697394789579
1115:44.902,212.72945891783567
1116:43.758,222.17635270541084
1117:50.158,246.01002004008015
1118:46.41,205.33466933867734
1119:40.242,187.44288577154308
1120:43.138,207.54108216432866
1121:39.102,192.41082164328657
1122:43.808,213.16432865731463
1123:46.132,240.47294589178355
1124:39.168,187.1202404809619
1125:45.038,213.09218436873746
1126:52.688,240.18837675350701
1127:42.178,201.37274549098197
1128:50.574,259.6312625250501
1129:34.734,151.74549098196394
1130:40.962,197.10821643286573
1131:57.044,295.062124248497
1132:51.944,273.6553106212425
1133:56.814,291.43086172344687
1134:47.918,219.57915831663325
1135:47.928,228.70140280561122
1136:56.706,287.52104208416836
1137:47.926,234.50100200400803
1138:53.946,269.6392785571142
1139:51.552,260.9519038076152
1140:49.716,264.76553106212424
1141:45.654,226.99599198396794
1142:44.702,259.6452905811623
1143:42.22,215.98597194388776
1144:48.18,244.56112224448898
1145:34.946,169.82164328657313
1146:55.174,298.69138276553105
1147:52.484,302.37274549098197
1148:47.88,266.84569138276555
1149:55.244,351.55911823647295
1150:53.334,347.3947895791583
1151:56.758,296.5190380761523
1152:52.882,271.82164328657313
1153:58.208,315.56913827655313
1154:55.42,260.312625250501
1155:57.67,325.5370741482966
1156:51.304,260.4008016032064
1157:49.904,257.0120240480962
1158:55.362,289.1923847695391
1159:43.064,212.59719438877755
1160:53.228,304.6012024048096
1161:60.556,349.8376753507014
1162:45.474,233.49098196392785
1163:57.534,318.67935871743487
1164:51.544,275.60921843687373
1165:59.748,312.2044088176353
1166:37.72,187.68937875751504
1167:49.84,292.8617234468938
1168:55.03,288.75350701402806
1169:36.486,169.34068136272546
1170:54.662,257.5851703406814
1171:46.064,233.83567134268537
1172:50.726,237.76753507014027
1173:46.092,212.51102204408818
1174:47.904,254.91382765531063
1175:40.486,189.53507014028057
1176:39.162,188.2825651302605
1177:31.726,146.24649298597194
1178:34.024,154.45290581162325
1179:41.134,186.64729458917836
1180:37.508,169.8997995991984
1181:49.08,260.9158316633266
1182:52.886,282.7615230460922
1183:55.422,277.0080160320641
1184:52.836,241.82364729458916
1185:44.218,207.29058116232466
1186:47.568,263.42084168336675
1187:50.458,267.9819639278557
1188:57.232,349.30060120240483
1189:56.538,304.70941883767534
1190:47.54,236.33667334669337
1191:54.35,274.1583166332665
1192:57.998,328.09819639278555
1193:54.986,291.9498997995992
1194:58.26,329.6833667334669
1195:53.852,348.1923847695391
1196:50.038,263.23647294589176
1197:53.93,273.72745490981964
1198:45.19,224.1122244488978
1199:47.158,232.83567134268537
1200:51.894,239.07214428857716
1201:49.568,261.9699398797595
1202:52.722,242.99799599198397
1203:49.968,249.04609218436875
1204:47.434,242.93987975951904
1205:50.572,252.07815631262525
1206:41.996,221.87374749498997
1207:50.998,262.52304609218436
1208:49.82,253.43486973947896
1209:45.9,240.78557114228457
1210:51.466,260.7134268537074
1211:47.894,244.27655310621242
1212:45.464,232.3066132264529
1213:44.9,240.86573146292585
1214:45.524,234.4488977955912
1215:54.818,308.0941883767535
1216:52.974,286.0861723446894
1217:55.726,280.8517034068136
1218:48.558,226.11623246492985
1219:51.826,279.90180360721445
1220:40.414,200.19839679358716
1221:50.96,256.937875751503
1222:54.164,287.47895791583164
1223:50.794,267.73346693386776
1224:48.58,253.3326653306613
1225:47.83,244.81563126252505
1226:46.372,235.38276553106212
1227:48.676,240.64128256513027
1228:39.866,195.08016032064128
1229:47.842,227.60921843687376
1230:43.956,185.83967935871743
1231:51.38,265.9138276553106
1232:46.654,241.59919839679358
1233:50.14,266.42284569138275
1234:46.246,230.06012024048096
1235:48.966,244.68937875751504
1236:51.294,259.36673346693385
1237:41.956,207.0681362725451
1238:44.35,196.75951903807615
1239:39.614,195.23446893787576
1240:41.224,199.32665330661322
1241:53.82,251.57314629258516
1242:43.504,195.40080160320642
1243:38.914,200.65330661322645
1244:45.936,209.82765531062125
1245:40.882,205.749498997996
1246:47.136,216.32264529058116
1247:49.136,239.8697394789579
1248:56.172,304.9238476953908
1249:53.348,357.99799599198394
1250:51.368,261.5470941883768
1251:49.588,250.96993987975952
1252:58.132,331.49498997995994
1253:49.56,258.9939879759519
1254:42.972,236.07815631262525
1255:52.128,298.0280561122245
1256:45.156,221.0240480961924
1257:51.68,272.61723446893785
1258:47.784,218.5430861723447
1259:46.682,228.23446893787576
1260:52.886,291.7815631262525
1261:47.344,226.87374749498997
1262:47.72,269.2945891783567
1263:52.042,268.3426853707415
1264:47.502,251.73346693386773
1265:58.778,318.17234468937875
1266:48.026,250.04008016032063
1267:39.974,200.49699398797594
1268:43.952,217.7434869739479
1269:45.338,228.9498997995992
1270:41.718,188.87174348697394
1271:44.904,218.68937875751504
1272:44.678,207.9579158316633
1273:43.81,202.5871743486974
1274:40.028,188.15430861723448
1275:43.286,203.12224448897797
1276:34.648,150.17635270541084
1277:44.236,210.57915831663325
1278:36.332,175.5871743486974
1279:36.316,163.82965931863728
1280:35.14,163.43687374749499
1281:54.086,267.90180360721445
1282:42.648,205.20440881763528
1283:43.526,201.3927855711423
1284:47.132,209.37675350701403
1285:40.246,182.88376753507015
1286:46.914,211.45090180360722
1287:35.294,168.23246492985973
1288:44.576,211.14629258517033
1289:37.498,169.87174348697394
1290:41.24,187.19238476953907
1291:33.806,163.81763527054107
1292:43.156,198.98997995991985
1293:48.104,229.52304609218436
1294:39.226,171.74148296593185
1295:33.252,145.28857715430863
1296:34.678,158.8557114228457
1297:49.734,226.93987975951904
1298:43.302,192.47895791583167
1299:51.494,257.57715430861725
1300:58.382,303.8617234468938
1301:61.97,341.1843687374749
1302:62.166,353.6673346693387
1303:57.742,317.0300601202405
1304:50.412,239.60921843687376
1305:44.172,221.5050100200401
1306:43.548,196.97795591182364
1307:49.816,235.09819639278558
1308:53.794,247.31462925851704
1309:50.278,239.8196392785571
1310:48.512,234.9679358717435
1311:45.344,212.64729458917836
1312:54.78,263.1322645290581
1313:44.576,207.4248496993988
1314:48.216,213.44088176352705
1315:45.206,215.39478957915833
1316:43.63,218.01002004008015
1317:44.208,201.75350701402806
1318:54.98,270.0841683366734
1319:35.734,163.3567134268537
1320:43.372,222.54108216432866
1321:33.762,151.31462925851704
1322:35.674,171.7134268537074
1323:44.058,191.35270541082164
1324:50.132,224.97795591182364
1325:37.584,169.15030060120242
1326:39.576,170.26052104208418
1327:40.564,190.15831663326654
1328:31.618,143.52104208416833
1329:37.2,149.95390781563125
1330:37.466,160.32264529058116
1331:47.35,218.74549098196394
1332:57.6,294.0080160320641
1333:47.232,214.02204408817636
1334:41.178,199.4749498997996
1335:38.64,194.82965931863728
1336:46.104,204.46693386773546
1337:41.624,194.39679358717436
1338:51.276,231.66933867735472
1339:42.146,202.89178356713427
1340:59.34,277.2144288577154
1341:47.274,244.75751503006012
1342:34.556,154.77555110220442
1343:50.896,258.6192384769539
1344:43.326,198.5931863727455
1345:47.63,231.8797595190381
1346:53.448,226.23446893787576
1347:46.322,234.88376753507015
1348:48.17,207.98396793587173
1349:60.704,303.0300601202405
1350:45.89,221.02004008016033
1351:41.858,211.78356713426854
1352:43.332,203.19238476953907
1353:44.792,213.28056112224448
1354:41.074,198.4869739478958
1355:50.812,236.2925851703407
1356:52.158,246.50300601202406
1357:34.862,164.15831663326654
1358:39.346,186.08617234468937
1359:53.002,264.46693386773546
1360:39.748,205.02004008016033
1361:50.554,234.69539078156313
1362:48.54,247.01603206412827
1363:50.474,232.44689378757516
1364:36.908,172.88577154308618
1365:45.2,216.15230460921845
1366:38.254,191.0881763527054
1367:41.88,196.1202404809619
1368:46.194,226.00200400801603
1369:45.238,229.1302605210421
1370:38.702,178.0420841683367
1371:40.982,194.04609218436875
1372:49.0,225.82164328657313
1373:43.102,191.3927855711423
1374:37.586,183.6432865731463
1375:49.422,259.85771543086173
1376:43.924,214.03607214428857
1377:47.014,220.8797595190381
1378:45.366,221.1803607214429
1379:31.72,142.3186372745491
1380:40.074,188.59719438877755
1381:46.93,241.7815631262525
1382:43.9,184.96392785571143
1383:51.728,254.22845691382764
1384:38.248,190.2745490981964
1385:51.39,259.1202404809619
1386:41.92,199.64729458917836
1387:49.598,238.80961923847696
1388:40.924,196.06012024048096
1389:40.102,198.42284569138278
1390:44.224,207.0821643286573
1391:43.118,205.91382765531063
1392:41.076,191.43486973947896
1393:31.376,140.3507014028056
1394:45.56,226.04008016032063
1395:45.374,205.749498997996
1396:37.616,176.40280561122245
1397:37.25,167.49298597194388
1398:40.746,191.625250501002
1399:44.246,206.24849699398797
1400:40.75,198.34068136272546
1401:36.982,169.20440881763528
1402:45.768,216.28056112224448
1403:43.022,214.01402805611224
1404:47.268,239.28456913827657
1405:43.424,210.6993987975952
1406:44.612,208.18436873747495
1407:54.296,270.7615230460922
1408:34.92,158.250501002004
1409:51.332,275.60921843687373
1410:45.906,232.10220440881764
1411:35.5,170.3006012024048
1412:47.828,221.12224448897797
1413:44.052,204.81763527054107
1414:42.68,211.6573146292585
1415:52.474,270.5370741482966
1416:50.858,245.1943887775551
1417:37.486,181.97394789579158
1418:43.516,237.80160320641284
1419:53.084,328.1943887775551
1420:49.82,250.84769539078155
1421:48.116,240.23847695390782
1422:47.942,255.71943887775552
1423:49.682,264.15430861723445
1424:55.4,300.1022044088176
1425:50.858,268.8817635270541
1426:46.772,219.7555110220441
1427:43.362,217.11823647294588
1428:44.894,223.62925851703406
1429:41.406,197.76152304609218
1430:38.858,177.0420841683367
1431:44.534,213.61523046092185
1432:35.94,163.76553106212424
1433:41.426,186.7434869739479
1434:41.948,211.95991983967937
1435:46.038,226.51102204408818
1436:43.212,207.73947895791582
1437:40.648,195.7735470941884
1438:45.706,215.55310621242484
1439:57.728,309.6292585170341
1440:62.03,295.4248496993988
1441:39.252,182.76553106212424
1442:47.416,222.95591182364728
1443:53.572,268.8176352705411
1444:49.114,240.7074148296593
1445:56.296,307.250501002004
1446:42.95,201.58517034068137
1447:45.264,210.93386773547095
1448:45.122,212.11623246492985
1449:52.526,271.7374749498998
1450:47.322,220.16032064128257
1451:44.406,222.1442885771543
1452:38.692,172.82965931863728
1453:39.096,191.0881763527054
1454:47.512,223.06012024048096
1455:46.15,223.64128256513027
1456:45.516,229.38677354709418
1457:55.564,332.1623246492986
1458:50.912,248.85370741482967
1459:49.388,235.67134268537075
1460:56.706,290.95991983967934
1461:50.69,245.8557114228457
1462:49.474,245.82765531062125
1463:51.958,266.5430861723447
1464:49.37,243.14028056112224
1465:47.278,255.33466933867734
1466:42.84,210.91382765531063
1467:42.186,211.05410821643287
1468:53.708,284.87775551102203
1469:35.332,167.07214428857716
1470:45.046,225.01603206412827
1471:47.792,228.69539078156313
1472:45.102,234.20240480961922
1473:41.224,196.43486973947896
1474:46.542,238.82565130260522
1475:57.608,277.12825651302603
1476:51.796,259.7815631262525
1477:50.132,237.15230460921845
1478:45.448,223.68937875751504
1479:56.284,282.3346693386774
1480:39.914,186.60521042084167
1481:41.796,213.3987975951904
1482:49.194,259.2945891783567
1483:44.574,216.91382765531063
1484:49.178,238.01603206412827
1485:48.172,244.42685370741484
1486:49.248,260.78356713426854
1487:50.002,249.32064128256513
1488:41.922,220.23246492985973
1489:44.404,212.5370741482966
1490:42.476,210.41482965931863
1491:40.906,204.59919839679358
1492:49.502,255.8877755511022
1493:57.25,308.4008016032064
1494:50.582,279.4248496993988
1495:45.28,242.74148296593185
1496:51.536,269.188376753507
1497:36.734,168.50300601202406
1498:45.17,220.0501002004008
1499:41.568,197.3627254509018
1500:38.162,199.70941883767534
1501:51.12,267.064128256513
1502:55.636,286.96793587174346
1503:52.544,264.30861723446895
1504:54.056,266.4529058116232
1505:58.158,285.7434869739479
1506:38.98,193.47695390781564
1507:41.092,202.2264529058116
1508:43.112,209.21042084168337
1509:42.856,196.10220440881764
1510:49.686,241.70340681362725
1511:54.358,272.65130260521045
1512:36.872,191.12825651302606
1513:42.002,210.13627254509018
1514:37.61,199.03607214428857
1515:52.758,263.7034068136273
1516:55.134,308.13426853707415
1517:46.98,245.75951903807615
1518:50.09,241.29659318637275
1519:43.488,206.07214428857716
1520:53.53,278.15430861723445
1521:59.582,322.63326653306615
1522:56.88,304.7214428857715
1523:50.826,265.82164328657313
1524:46.844,224.91583166332666
1525:46.308,228.09018036072143
1526:51.262,253.01603206412827
1527:51.214,264.1022044088176
1528:38.294,178.71543086172343
1529:53.256,274.6653306613226
1530:54.716,324.65130260521045
1531:55.91,319.5490981963928
1532:54.512,313.2785571142285
1533:48.524,245.1803607214429
1534:54.224,298.1663326653307
1535:50.994,318.94789579158316
1536:52.16,285.4008016032064
1537:55.678,267.5731462925852
1538:49.046,249.01002004008015
1539:55.824,317.82965931863725
1540:50.646,272.4809619238477
1541:51.506,240.7074148296593
1542:42.3,205.60320641282564
1543:43.986,215.69739478957916
1544:39.326,196.45090180360722
1545:53.112,282.7434869739479
1546:38.862,194.29659318637275
1547:48.688,249.17034068136272
1548:48.85,246.29659318637275
1549:46.452,226.57314629258516
1550:48.694,239.87174348697394
1551:56.942,307.6573146292585
1552:47.462,234.94589178356713
1553:44.854,240.84969939879758
1554:51.84,286.80961923847696
1555:43.362,238.13426853707415
1556:49.554,268.2685370741483
1557:49.186,250.1202404809619
1558:55.78,370.9519038076152
1559:54.394,269.19038076152304
1560:46.27,230.47294589178355
1561:47.194,222.4689378757515
1562:49.472,277.32865731462925
1563:49.968,262.1683366733467
1564:51.764,278.35671342685373
1565:50.89,259.5931863727455
1566:47.154,238.6753507014028
1567:49.342,261.04008016032066
1568:50.448,262.69939879759517
1569:50.384,254.92184368737475
1570:49.004,259.2224448897796
1571:46.416,232.90781563126254
1572:42.986,196.6112224448898
1573:49.1,245.9759519038076
1574:53.09,275.04208416833666
1575:53.952,297.08817635270543
1576:47.49,231.8617234468938
1577:49.202,242.95991983967937
1578:42.34,190.16633266533066
1579:40.532,205.49699398797594
1580:39.57,206.66933867735472
1581:34.646,180.17635270541084
1582:46.068,228.9939879759519
1583:39.592,184.78557114228457
1584:35.426,178.7434869739479
1585:33.002,155.5130260521042
1586:41.918,190.07615230460922
1587:47.182,281.3707414829659
1588:54.646,274.5250501002004
1589:46.81,251.16432865731463
1590:41.32,196.34669338677355
1591:41.504,205.34468937875752
1592:37.718,189.40080160320642
1593:34.368,171.8196392785571
1594:41.896,202.48296593186373
1595:38.99,183.74749498997997
1596:37.73,178.64128256513027
1597:44.152,199.15831663326654
1598:38.508,193.80961923847696
1599:40.098,189.0501002004008
1600:37.92,185.06012024048096
1601:45.34,246.58917835671343
1602:50.844,256.87374749498997
1603:38.774,189.98597194388776
1604:39.452,187.08016032064128
1605:41.182,197.98997995991985
1606:38.604,186.1623246492986
1607:34.78,166.37875751503006
1608:43.28,208.16032064128257
1609:37.996,169.7635270541082
1610:41.932,195.43687374749499
1611:40.128,197.71142284569137
1612:43.362,216.374749498998
1613:45.998,221.25851703406815
1614:40.58,211.33466933867734
1615:47.892,213.59118236472946
1616:42.774,225.5190380761523
1617:39.076,184.5551102204409
1618:35.168,163.28857715430863
1619:36.498,152.18837675350701
1620:36.216,165.12825651302606
1621:37.864,183.40480961923848
1622:36.546,181.9058116232465
1623:46.978,227.85170340681364
1624:37.198,194.37875751503006
1625:40.33,184.20440881763528
1626:38.096,186.14228456913827
1627:35.864,163.6072144288577
1628:36.176,168.50300601202406
1629:40.026,186.1623246492986
1630:44.496,205.11422845691382
1631:43.782,215.01002004008015
1632:40.006,189.72344689378758
1633:35.726,154.64529058116233
1634:46.144,245.6673346693387
1635:55.11,259.24448897795594
1636:46.796,218.7174348697395
1637:46.072,224.72945891783567
1638:47.792,227.57314629258516
1639:47.36,241.6432865731463
1640:48.87,220.67935871743487
1641:46.454,237.67935871743487
1642:47.718,240.15030060120242
1643:53.566,275.61523046092185
1644:46.4,232.4689378757515
1645:53.246,263.24448897795594
1646:45.146,220.67134268537075
1647:46.574,241.02805611222445
1648:55.758,331.7014028056112
1649:50.34,277.02404809619236
1650:51.61,296.9318637274549
1651:51.91,288.85771543086173
1652:47.954,240.1623246492986
1653:51.758,289.0541082164329
1654:54.832,295.6192384769539
1655:50.506,254.44288577154308
1656:40.792,206.95991983967937
1657:56.036,337.6112224448898
1658:44.852,238.06412825651302
1659:53.368,296.687374749499
1660:54.082,338.93987975951904
1661:56.342,284.65330661322645
1662:50.73,352.2124248496994
1663:53.372,353.70941883767534
1664:54.182,276.2324649298597
1665:47.954,251.63326653306612
1666:53.848,291.9258517034068
1667:42.926,241.0501002004008
1668:44.508,228.59519038076152
1669:54.046,271.74749498997994
1670:56.446,297.4749498997996
1671:47.86,249.1563126252505
1672:44.71,219.6432865731463
1673:39.718,199.48897795591182
1674:41.756,212.50100200400803
1675:53.204,273.6653306613226
1676:48.044,240.1943887775551
1677:58.358,299.80961923847696
1678:54.076,264.7815631262525
1679:52.014,263.42084168336675
1680:50.98,256.7314629258517
1681:51.726,284.7775551102204
1682:49.3,288.1482965931864
1683:50.062,267.8356713426854
1684:44.204,236.3507014028056
1685:53.77,298.9559118236473
1686:56.136,304.18036072144287
1687:51.888,261.4689378757515
1688:49.966,276.813627254509
1689:51.54,306.1122244488978
1690:58.678,327.99799599198394
1691:53.758,337.33867735470943
1692:44.334,238.36072144288576
1693:48.366,243.76553106212424
1694:51.594,275.0861723446894
1695:58.442,313.8897795591182
1696:52.914,277.7254509018036
1697:45.69,230.10420841683367
1698:43.634,213.15430861723448
1699:44.97,233.3426853707415
1700:45.156,212.8056112224449
1701:39.562,177.82765531062125
1702:47.628,238.12825651302606
1703:52.664,265.8336673346693
1704:49.128,260.8236472945892
1705:55.726,280.7695390781563
1706:51.798,266.44689378757516
1707:40.68,210.92985971943887
1708:41.474,190.13226452905812
1709:42.964,200.97194388777555
1710:50.002,267.88376753507015
1711:44.436,215.90180360721442
1712:44.7,210.5050100200401
1713:50.272,231.11823647294588
1714:51.532,264.8356713426854
1715:46.574,229.5310621242485
1716:52.968,272.4629258517034
1717:50.056,252.98797595190382
1718:48.732,245.06613226452905
1719:39.258,180.24649298597194
1720:50.446,237.14028056112224
1721:53.898,256.0681362725451
1722:48.796,219.2565130260521
1723:40.9,196.91382765531063
1724:41.338,189.86773547094188
1725:43.55,220.12224448897797
1726:49.73,266.4709418837675
1727:55.116,291.1843687374749
1728:57.93,305.10821643286573
1729:46.318,208.14829659318636
1730:52.462,294.50300601202406
1731:43.704,205.0681362725451
1732:51.146,246.04408817635272
1733:49.376,270.2244488977956
1734:54.812,376.98597194388776
1735:51.026,264.3366733466934
1736:55.372,295.86573146292585
1737:55.376,287.67935871743487
1738:57.79,321.5991983967936
1739:53.436,356.19038076152304
1740:48.724,234.0420841683367
1741:46.308,225.7875751503006
1742:44.608,222.7434869739479
1743:48.496,221.52905811623248
1744:40.434,209.8937875751503
1745:37.162,184.7875751503006
1746:41.42,210.3567134268537
1747:47.96,247.1122244488978
1748:52.522,266.6292585170341
1749:52.792,259.7775551102204
1750:46.686,244.33867735470943
1751:46.016,229.33667334669337
1752:38.916,208.36072144288576
1753:52.878,283.67735470941886
1754:43.706,201.81763527054107
1755:46.634,250.01002004008015
1756:49.034,253.9759519038076
1757:55.38,292.2685370741483
1758:54.972,283.9338677354709
1759:55.124,289.81963927855713
1760:40.59,212.21643286573146
1761:47.354,252.8436873747495
1762:47.582,228.09218436873746
1763:39.316,206.17835671342687
1764:46.392,230.14829659318636
1765:41.284,195.48296593186373
1766:45.354,248.40881763527054
1767:54.532,264.2024048096192
1768:47.842,264.97595190380764
1769:53.666,301.25250501002006
1770:49.866,256.3246492985972
1771:53.422,255.75751503006012
1772:51.438,264.90981963927857
1773:54.542,275.85971943887773
1774:55.718,297.14228456913827
1775:53.472,275.74749498997994
1776:52.248,282.77154308617236
1777:61.178,361.2805611222445
1778:56.556,308.7314629258517
1779:56.222,287.68937875751504
1780:53.086,289.8617234468938
1781:52.772,299.5571142284569
1782:55.27,298.6553106212425
1783:51.08,252.22044088176352
1784:54.428,286.1923847695391
1785:53.582,290.40280561122245
1786:52.406,248.6192384769539
1787:54.792,257.6212424849699
1788:51.508,275.99799599198394
1789:49.052,250.48496993987976
1790:51.006,236.07014028056113
1791:58.356,351.8977955911824
1792:52.954,277.09018036072143
1793:48.98,238.4308617234469
1794:54.862,266.03206412825654
1795:55.534,291.5390781563126
1796:42.352,184.78356713426854
1797:49.74,242.05811623246493
1798:52.744,248.73547094188376
1799:56.824,298.4729458917836
1800:48.63,232.37074148296594
1801:52.686,255.67935871743487
1802:50.596,248.78356713426854
1803:51.362,265.7134268537074
1804:45.082,221.9498997995992
1805:38.358,184.6112224448898
1806:48.034,224.5430861723447
1807:39.356,190.23246492985973
1808:35.922,159.99599198396794
1809:41.332,188.57114228456913
1810:42.974,191.57715430861722
1811:48.646,239.1943887775551
1812:44.036,206.77154308617236
1813:41.224,191.06412825651302
1814:43.548,195.16032064128257
1815:51.742,246.3066132264529
1816:39.822,178.76753507014027
1817:42.81,192.61523046092185
1818:41.286,177.88977955911824
1819:45.44,218.82765531062125
1820:46.938,219.24248496993988
1821:49.09,220.02805611222445
1822:40.102,178.04609218436875
1823:38.078,177.07615230460922
1824:37.81,168.31663326653307
1825:28.97,129.38276553106212
1826:47.83,221.10220440881764
1827:39.308,190.98797595190382
1828:46.972,224.2124248496994
1829:45.354,228.3246492985972
1830:43.824,193.5871743486974
1831:44.304,218.16032064128257
1832:49.422,230.27855711422845
1833:47.494,225.0741482965932
1834:52.828,274.08016032064126
1835:50.776,221.00400801603206
1836:42.346,193.48296593186373
1837:45.65,224.2184368737475
1838:44.262,205.5250501002004
1839:30.198,123.78957915831663
1840:31.176,122.71943887775551
1841:25.738,102.66933867735472
1842:33.542,162.2745490981964
1843:39.272,181.81563126252505
1844:40.106,189.82364729458916
1845:35.38,173.63326653306612
1846:37.798,170.3927855711423
1847:37.318,161.72144288577155
1848:37.65,174.50901803607215
1849:33.87,158.55911823647295
1850:33.352,143.09819639278558
1851:44.396,225.45891783567134
1852:44.202,209.97995991983967
1853:39.224,180.8376753507014
1854:38.086,177.45290581162325
1855:35.598,181.31062124248496
1856:34.086,167.50300601202406
1857:47.346,222.20440881763528
1858:44.672,204.68937875751504
1859:39.046,161.374749498998
1860:42.19,199.78557114228457
1861:35.704,151.16432865731463
1862:41.66,195.89779559118236
1863:52.72,241.37274549098197
1864:43.242,190.84769539078155
1865:36.452,162.57314629258516
1866:48.348,227.124248496994
1867:52.77,253.77755511022045
1868:30.128,141.50300601202406
1869:35.954,171.82565130260522
1870:39.292,170.89779559118236
1871:38.426,171.55310621242484
1872:37.108,178.56713426853707
1873:31.158,138.59919839679358
1874:43.824,212.18236472945893
1875:44.114,207.19839679358716
1876:45.874,211.02204408817636
1877:44.858,218.71142284569137
1878:38.914,182.71543086172343
1879:40.132,165.25450901803606
1880:50.564,246.1683366733467
1881:50.552,303.7254509018036
1882:52.252,267.92985971943887
1883:31.766,145.79559118236472
1884:47.626,220.4248496993988
1885:29.036,131.76152304609218
1886:26.814,116.11623246492987
1887:38.588,183.42885771543087
1888:41.452,182.250501002004
1889:42.438,185.97995991983967
1890:35.202,151.6753507014028
1891:41.17,197.38677354709418
1892:44.876,189.0180360721443
1893:31.416,152.80160320641284
1894:34.698,152.04609218436875
1895:33.29,150.62124248496994
1896:46.874,219.91583166332666
1897:42.488,197.77755511022045
1898:37.396,167.03006012024048
1899:42.892,204.47695390781564
1900:42.122,202.93386773547095
1901:35.38,165.09018036072143
1902:38.536,183.3246492985972
1903:37.322,177.67935871743487
1904:54.044,250.86773547094188
1905:52.224,249.9318637274549
1906:33.462,168.3006012024048
1907:50.896,240.08617234468937
1908:51.294,254.11623246492985
1909:42.344,208.18637274549098
1910:43.872,202.54709418837675
1911:47.334,227.7134268537074
1912:44.74,220.94789579158316
1913:37.822,195.40080160320642
1914:49.108,237.22845691382764
1915:45.672,239.16432865731463
1916:44.474,237.6372745490982
1917:44.382,238.96593186372746
1918:52.668,271.1643286573146
1919:47.544,247.74148296593185
1920:50.632,243.46693386773546
1921:48.192,258.01402805611224
1922:54.708,283.2144288577154
1923:44.006,195.9058116232465
1924:42.704,202.38476953907815
1925:46.662,212.76553106212424
1926:39.206,167.17034068136272
1927:50.77,271.7795591182365
1928:45.292,218.23446893787576
1929:45.036,215.85771543086173
1930:56.412,283.8436873747495
1931:52.424,285.9078156312625
1932:54.49,295.89178356713427
1933:47.346,248.0941883767535
1934:47.442,241.3066132264529
1935:40.742,192.32665330661322
1936:40.252,186.9939879759519
1937:54.922,267.9639278557114
1938:44.736,210.70941883767534
1939:33.082,170.55711422845692
1940:34.104,157.07014028056113
1941:37.92,192.41482965931863
1942:50.198,257.7254509018036
1943:41.834,204.12825651302606
1944:53.86,289.1763527054108
1945:52.458,277.312625250501
1946:46.354,234.1563126252505
1947:43.33,226.9579158316633
1948:42.028,198.45490981963928
1949:42.434,218.01603206412827
1950:36.368,174.7735470941884
1951:46.608,227.37675350701403
1952:41.128,207.05210420841684
1953:50.488,241.46693386773546
1954:43.112,200.6573146292585
1955:39.346,188.55911823647295
1956:50.298,269.59519038076155
1957:41.626,203.32264529058116
1958:42.966,213.25851703406815
1959:34.952,172.3987975951904
1960:39.478,185.87775551102203
1961:42.18,220.52104208416833
1962:44.046,214.85370741482967
1963:39.396,191.27855711422845
1964:39.76,203.06012024048096
1965:45.894,220.5931863727455
1966:39.538,188.64529058116233
1967:44.968,221.46693386773546
1968:41.548,219.63326653306612
1969:43.408,201.9679358717435
1970:41.518,197.35871743486973
1971:45.296,199.18637274549098
1972:36.432,178.749498997996
1973:46.538,233.7434869739479
1974:37.662,203.62124248496994
1975:42.99,209.25450901803606
1976:43.894,214.55310621242484
1977:46.204,266.186372745491
1978:43.798,207.33066132264528
1979:41.408,190.17635270541084
1980:39.34,194.36673346693388
1981:52.918,269.10821643286573
1982:46.834,241.61523046092185
1983:38.366,195.97194388777555
1984:43.078,203.1623246492986
1985:40.274,197.0741482965932
1986:41.592,198.67334669338678
1987:43.306,233.18436873747495
1988:46.286,233.33466933867734
1989:48.668,256.9559118236473
1990:43.388,222.5250501002004
1991:45.134,213.23847695390782
1992:43.134,191.7935871743487
1993:36.996,163.24048096192385
1994:47.978,236.14629258517033
1995:44.044,213.1002004008016
1996:45.894,227.97394789579158
1997:40.346,202.56513026052104
1998:45.738,210.63326653306612
1999:46.69,228.4128256513026
2000:49.258,269.71743486973946
2001:46.22,227.73547094188376
2002:42.548,201.52905811623248
2003:36.36,170.68737474949899
2004:41.236,215.50300601202406
2005:41.734,189.09619238476955
2006:47.202,236.34068136272546
2007:43.446,213.94589178356713
2008:43.984,226.5050100200401
2009:39.952,193.51703406813627
2010:41.894,215.04609218436875
2011:47.734,220.93587174348698
2012:40.484,206.29058116232466
2013:44.428,215.47895791583167
2014:40.42,180.1803607214429
2015:38.968,184.10420841683367
2016:41.95,187.15230460921845
2017:40.948,182.73346693386773
2018:42.346,199.1382765531062
2019:39.662,185.29859719438878
2020:38.754,175.52104208416833
2021:49.494,259.0120240480962
2022:32.666,152.8557114228457
2023:43.008,207.94188376753507
2024:39.286,189.18837675350701
2025:44.722,214.9318637274549
2026:44.954,202.16432865731463
2027:42.688,220.68937875751504
2028:53.4,263.67134268537075
2029:46.998,233.0561122244489
2030:38.01,195.66533066132266
2031:45.062,210.1002004008016
2032:50.1,228.03406813627254
2033:38.068,187.42685370741484
2034:50.722,239.97995991983967
2035:43.33,224.23446893787576
2036:44.538,206.63326653306612
2037:50.194,225.0320641282565
2038:43.198,233.22444889779558
2039:47.378,236.5871743486974
2040:38.1,190.16032064128257
2041:39.234,198.66332665330663
2042:44.346,212.0821643286573
2043:37.234,184.53507014028057
2044:34.224,158.7735470941884
2045:41.678,193.39679358717436
2046:42.254,212.7635270541082
2047:44.362,213.47895791583167
2048:48.84,238.3006012024048
2049:47.57,229.69539078156313
2050:44.57,218.31462925851704
2051:38.19,167.7434869739479
2052:50.652,246.0501002004008
2053:37.338,186.92384769539078
2054:26.246,115.19639278557115
2055:37.772,165.02204408817636
2056:30.61,145.88577154308618
2057:32.552,151.7735470941884
2058:28.232,120.59719438877755
2059:31.402,149.16633266533066
2060:33.912,150.24048096192385
2061:36.014,155.0501002004008
2062:30.116,145.59519038076152
2063:32.986,142.92985971943887
2064:41.5,211.21643286573146
2065:42.83,188.6432865731463
2066:43.32,195.8997995991984
2067:32.856,131.5250501002004
2068:33.506,137.85370741482967
2069:33.36,152.11022044088176
2070:32.656,148.12825651302606
2071:22.708,104.36673346693387
2072:27.626,119.73346693386773
2073:29.634,144.17835671342687
2074:32.942,148.05410821643287
2075:39.772,189.17034068136272
2076:42.392,208.82965931863728
2077:34.068,157.88977955911824
2078:30.112,139.7735470941884
2079:30.936,134.89579158316633
2080:30.658,143.7695390781563
2081:45.974,228.05210420841684
2082:32.676,164.2004008016032
2083:31.95,136.7995991983968
2084:33.876,146.2625250501002
2085:28.87,124.53907815631263
2086:33.958,151.8056112224449
2087:41.472,199.4128256513026
2088:33.72,166.46092184368737
2089:48.566,234.40080160320642
2090:35.278,152.2925851703407
2091:33.876,155.73346693386773
2092:33.444,142.78356713426854
2093:36.072,172.83967935871743
2094:30.428,142.70140280561122
2095:29.972,139.10821643286573
2096:30.65,135.8877755511022
2097:31.314,145.78356713426854
2098:29.36,126.91583166332666
2099:33.824,144.97194388777555
2100:39.286,186.5130260521042
2101:39.842,188.7735470941884
2102:35.712,154.51703406813627
2103:34.224,153.43687374749499
2104:38.2,179.87775551102203
2105:40.998,208.93987975951904
2106:29.938,134.124248496994
2107:33.406,155.6192384769539
2108:43.352,199.18436873747495
2109:36.992,167.4569138276553
2110:39.152,163.9579158316633
2111:29.678,131.16432865731463
2112:33.272,143.6112224448898
2113:27.95,124.36673346693387
2114:34.102,155.57915831663325
2115:32.29,141.11823647294588
2116:35.848,165.5310621242485
2117:33.814,160.10821643286573
2118:30.81,132.53306613226454
2119:38.68,157.06012024048096
2120:36.134,160.86773547094188
2121:28.916,112.52104208416834
2122:37.334,160.33066132264528
2123:37.846,180.28056112224448
2124:43.828,202.4809619238477
2125:46.802,216.2565130260521
2126:38.524,173.72144288577155
2127:34.99,146.49699398797594
2128:36.656,171.9058116232465
2129:32.258,154.4188376753507
2130:35.112,164.7134268537074
2131:35.316,148.99799599198397
2132:37.516,165.96392785571143
2133:38.412,181.70941883767534
2134:37.422,178.2745490981964
2135:39.348,191.32665330661322
2136:28.072,126.62324649298597
2137:34.028,160.2865731462926
2138:37.768,177.4488977955912
2139:39.908,166.1803607214429
2140:35.404,162.3887775551102
2141:37.95,180.02605210420842
2142:45.252,210.01402805611224
2143:30.672,133.9058116232465
2144:44.898,219.57715430861722
2145:39.606,186.9619238476954
2146:49.434,228.70140280561122
2147:49.02,252.33667334669337
2148:51.588,255.46492985971943
2149:40.044,202.56312625250501
2150:40.476,178.2364729458918
2151:47.994,225.42885771543087
2152:48.46,217.9939879759519
2153:48.978,241.18837675350701
2154:36.836,172.7134268537074
2155:42.476,214.30260521042084
2156:42.46,194.625250501002
2157:44.266,211.43687374749499
2158:43.24,204.07615230460922
2159:36.578,176.73547094188376
2160:47.496,214.1623246492986
2161:48.234,216.9258517034068
2162:32.602,154.05811623246493
2163:47.928,204.17635270541084
2164:41.786,186.2444889779559
2165:33.674,159.92785571142284
2166:45.446,210.99198396793588
2167:37.848,160.95991983967937
2168:33.228,168.6673346693387
2169:45.442,197.00400801603206
2170:38.982,172.11422845691382
2171:36.082,161.89579158316633
2172:44.316,219.66132264529057
2173:42.638,210.98597194388776
2174:37.506,169.10821643286573
2175:39.648,187.45490981963928
2176:45.226,223.24248496993988
2177:55.506,297.12424849699397
2178:52.394,285.8376753507014
2179:46.724,218.9939879759519
2180:49.162,242.22044088176352
2181:50.806,206.56112224448898
2182:47.906,246.13226452905812
2183:52.272,271.6392785571142
2184:42.862,218.0681362725451
2185:49.214,234.01402805611224
2186:35.714,173.33867735470943
2187:50.434,243.80761523046093
2188:44.49,231.66533066132266
2189:44.276,218.7134268537074
2190:38.5,180.18236472945893
2191:33.628,152.93987975951904
2192:36.152,173.52705410821645
2193:41.746,183.04008016032063
2194:35.658,162.4128256513026
2195:38.432,170.6192384769539
2196:36.91,173.85771543086173
2197:28.8,126.3687374749499
2198:32.044,157.2925851703407
2199:31.354,142.90981963927857
2200:43.446,203.91983967935872
2201:34.114,168.13627254509018
2202:41.17,193.98396793587173
2203:48.082,231.84168336673346
2204:40.034,196.04809619238478
2205:40.176,191.6933867735471
2206:34.768,171.0420841683367
2207:32.202,151.9438877755511
2208:43.66,223.65531062124248
2209:39.188,185.46492985971943
2210:37.154,180.4949899799599
2211:44.018,218.30260521042084
2212:53.576,263.13426853707415
2213:41.786,209.80160320641284
2214:44.27,209.7815631262525
2215:37.036,184.75350701402806
2216:47.452,233.17835671342687
2217:36.892,181.12825651302606
2218:52.29,248.5551102204409
2219:34.94,163.3006012024048
2220:40.516,200.74148296593185
2221:46.856,214.23446893787576
2222:43.794,186.1943887775551
2223:39.89,168.5310621242485
2224:36.324,166.84168336673346
2225:47.184,221.33466933867734
2226:44.164,213.56112224448898
2227:37.124,170.36472945891782
2228:47.476,210.32665330661322
2229:45.54,206.2745490981964
2230:48.644,233.37274549098197
2231:42.434,197.1442885771543
2232:48.066,221.0
2233:39.56,191.4629258517034
2234:39.052,178.77154308617236
