0, 0, 0, 0.02000025222589351, 0, 863.1861224489796
1, 1.0000125724487359, 0, 0.02000025144897472, 1.0000125724487359, 624.6440816326531
2, 1.0000178935690514, 0, 0.4000051175428521, 1.0000178935690514, 400.85061224489795
3, 1.0000182212423243, 0, 0.7200095029236686, 1.0000182212423243, 493.64244897959185
4, 1.0000195110530115, 0, 0.8800131479405644, 1.0000195110530115, 446.9665306122449
5, 1.0000189125295509, 0, 0.9000142186536333, 1.0000195110530115, 364.8448979591837
6, 1.0000192994306667, 0, 0.8800143420289861, 1.0000195110530115, 334.6457142857143
7, 1.0000200140098068, 0, 0.9000160740051943, 1.0000200140098068, 337.0334693877551
8, 1.0000467267884678, 0, 0.9200229135871427, 1.0000467267884678, 317.59755102040816
9, 1.0000780213778575, 0, 0.9400300889747334, 1.0000780213778575, 271.4016326530612
10, 1.0000517437648764, 0, 0.9800266848987619, 1.0000780213778575, 231.9542857142857
11, 1.000068166325835, 0, 0.9800278247890136, 1.0000780213778575, 236.5591836734694
12, 1.0000647878198898, 0, 0.9600319049197321, 1.0000780213778575, 171.68408163265306
13, 1.0000686860361288, 0, 0.9600374110459843, 1.0000780213778575, 123.69714285714285
14, 1.0000828088771117, 0, 0.9600469223963495, 1.0000828088771117, 104.70693877551021
15, 1.0000744712540959, 0, 0.9600413134015691, 1.0000828088771117, 83.63510204081632
16, 1.0000734376147462, 0, 0.9200394633444507, 1.0000828088771117, 44.990204081632655
17, 1.0000605033881897, 0, 0.9800400436357535, 1.0000828088771117, 40.878367346938774
18, 1.0000586613480378, 0, 0.9800412690305018, 1.0000828088771117, 23.996734693877553
19, 1.0000635001270002, 0, 0.9800416848271852, 1.0000828088771117, 24.06204081632653
20, 1.0000659195781147, 0, 0.9800446121771118, 1.0000828088771117, 25.347755102040818
21, 1.000079968012795, 0, 0.9800540730711709, 1.0000828088771117, 30.324081632653062
22, 1.0001050309841404, 0, 0.9800586479956291, 1.0001050309841404, 35.42612244897959
23, 1.0002041232904675, 0, 0.9600952264065215, 1.0002041232904675, 40.222857142857144
24, 1.0002074258452602, 0, 0.9600934272303288, 1.0002074258452602, 41.54938775510204
25, 1.0002109259649863, 0, 0.9801043303253125, 1.0002109259649863, 46.01387755102041
26, 1.000171144959781, 0, 0.9801005281551977, 1.0002109259649863, 45.83591836734694
27, 1.0002507522567703, 0, 0.9801055415266291, 1.0002507522567703, 51.1934693877551
28, 1.000559284116331, 0, 0.9601431522183306, 1.000559284116331, 45.50448979591837
29, 1.0013003901170352, 0, 0.9802452218463372, 1.0013003901170352, 46.95265306122449
30, 1.002710027100271, 0, 0.9602568760881672, 1.002710027100271, 51.61387755102041
31, 1.0027624309392265, 1.0000215959399632, 1.0002594916704752, 1.0027624309392265, 50.22775510204082
32, 1.000464252553389, 0, 0.9601276879013809, 1.0027624309392265, 51.455510204081634
33, 1.0001790510295434, 0, 0.9800930188350817, 1.0027624309392265, 51.604897959183674
34, 1.000150489089541, 0, 0.9600798767358272, 1.0027624309392265, 56.373061224489796
35, 1.0000929108984484, 0, 0.9600552814810013, 1.0027624309392265, 57.056326530612246
36, 1.0000868507903422, 1.0000221690165825, 1.000059480029852, 1.0027624309392265, 59.6995918367347
37, 1.0002630194634403, 1.0000231165768974, 1.0000909123016195, 1.0027624309392265, 63.64408163265306
38, 1.0001996805111821, 0, 0.9800907570136002, 1.0027624309392265, 67.99673469387756
39, 1.0001928268414964, 0, 0.9800966716134569, 1.0027624309392265, 70.18285714285715
40, 1.0002328830926874, 1.0000322227234646, 1.0001047814670523, 1.0027624309392265, 64.00244897959183
41, 1.0003858024691359, 1.000062964362171, 1.0001042894084093, 1.0027624309392265, 63.59428571428571
42, 1.0002037489812552, 1.000059150597421, 1.0000923362033367, 1.0027624309392265, 68.00081632653061
43, 1.000127959053103, 1.0000237315487208, 1.000079693713825, 1.0027624309392265, 65.32979591836735
44, 1.0006020469596628, 0, 0.9801204385495157, 1.0027624309392265, 66.85142857142857
45, 1.000121802679659, 1.0000474969127007, 1.0000860625902468, 1.0027624309392265, 68.81061224489795
46, 1.0001344447432106, 0, 0.9600824374199024, 1.0027624309392265, 70.13224489795918
47, 1.0002455192732629, 0, 0.9401132122014211, 1.0027624309392265, 77.62285714285714
48, 1.0007645259938838, 0, 0.9401375885755708, 1.0027624309392265, 84.95918367346938
49, 1.0004589261128958, 0, 0.9601442484280358, 1.0027624309392265, 87.98367346938775
50, 1.000264480296218, 0, 0.9601039871842673, 1.0027624309392265, 88.32326530612245
51, 1.000171291538198, 0, 0.940080223084122, 1.0027624309392265, 89.29469387755103
52, 1.0002043318348999, 0, 0.980094615461758, 1.0027624309392265, 84.88734693877551
53, 1.0006238303181534, 1.0000276579267617, 1.0001609689920223, 1.0027624309392265, 98.28489795918367
54, 1.0002005615724028, 1.0000232579774864, 1.0000941727758696, 1.0027624309392265, 96.51510204081633
55, 1.0002728512960437, 0, 0.9601076249592582, 1.0027624309392265, 102.92816326530613
56, 1.0002551020408164, 0, 0.9800968090680585, 1.0027624309392265, 102.89551020408163
57, 1.0001370050691876, 1.0000236607987885, 1.0000741016611958, 1.0027624309392265, 104.57959183673469
58, 1.0003529827038475, 0, 0.980110541300434, 1.0027624309392265, 111.90530612244898
59, 1.000141502759304, 0, 0.9800784953835201, 1.0027624309392265, 115.97551020408163
60, 1.0001611084259707, 0, 0.9800875528015013, 1.0027624309392265, 120.26775510204082
61, 1.0002273243919073, 1.0000253100480891, 1.000087671049867, 1.0027624309392265, 113.81795918367347
62, 1.00033760972316, 0, 0.9601108707123112, 1.0027624309392265, 104.3330612244898
63, 1.0003362474781439, 0, 0.980112281938905, 1.0027624309392265, 120.98040816326531
64, 1.0006949270326615, 0, 0.9601261177875753, 1.0027624309392265, 124.96
65, 1.0002598077422706, 0, 0.9600814462794031, 1.0027624309392265, 125.11673469387755
66, 1.000668449197861, 0, 0.9001153369577133, 1.0027624309392265, 120.39591836734694
67, 1.0002965599051008, 0, 0.9200959584493207, 1.0027624309392265, 131.3012244897959
68, 1.0018867924528303, 0, 0.9401941449801092, 1.0027624309392265, 132.05551020408163
69, 1.000463392029657, 0, 0.980174182806151, 1.0027624309392265, 120.41469387755102
70, 1.0016778523489933, 0, 0.960250303201188, 1.0027624309392265, 124.17795918367347
71, 1.0006002400960383, 0, 0.9801964196051597, 1.0027624309392265, 135.54122448979592
72, 1.0003474635163307, 0, 0.9801134347552243, 1.0027624309392265, 139.64816326530612
73, 1.000202922077922, 1.000031561671506, 1.0001088784746661, 1.0027624309392265, 140.17469387755102
74, 1.0008340283569641, 1.0000223129615995, 1.0001507453485385, 1.0027624309392265, 146.89142857142858
75, 1.0004780114722753, 0, 0.980170259315907, 1.0027624309392265, 135.78204081632654
76, 1.0011160714285714, 1.0000236966824645, 1.00017322370283, 1.0027624309392265, 135.64979591836735
77, 1.0007434944237918, 0, 0.9802040589132891, 1.0027624309392265, 141.1934693877551
78, 1.0014513788098693, 0, 0.9601833636572497, 1.0027624309392265, 156.534693877551
79, 1.0001459002042603, 0, 0.9600773744202007, 1.0027624309392265, 160.84979591836733
80, 1.0002991325157045, 0, 0.9801013302627457, 1.0027624309392265, 162.1395918367347
81, 1.0002192501644376, 0, 0.9800873849961599, 1.0027624309392265, 166.88244897959183
82, 1.0001481262035254, 1.000026775195459, 1.0000750436166932, 1.0027624309392265, 158.9551020408163
83, 1.000228832951945, 0, 0.9801027770874449, 1.0027624309392265, 161.5869387755102
84, 1.0007468259895445, 0, 0.9401197846641223, 1.0027624309392265, 169.9804081632653
85, 1.00032154340836, 0, 0.9801139959312833, 1.0027624309392265, 154.64244897959185
86, 1.0006211180124223, 0, 0.9801291675840571, 1.0027624309392265, 175.32326530612244
87, 1.0004043671653862, 1.000033132330528, 1.0001484465653363, 1.0027624309392265, 174.09795918367348
88, 1.0027472527472527, 1.0000273500533325, 1.0002231966990045, 1.0027624309392265, 167.29142857142858
89, 1.0003121098626717, 0, 0.9801096257813862, 1.0027624309392265, 165.25061224489795
90, 1.0001382361072713, 1.0000256930705789, 1.0000778024227173, 1.0027624309392265, 158.16734693877552
91, 1.0002843332385556, 0, 0.9400978921399432, 1.0027624309392265, 158.0081632653061
92, 1.000152207001522, 0, 0.9800886151348915, 1.0027624309392265, 150.6669387755102
93, 1.000191460846257, 0, 0.9800932313744813, 1.0027624309392265, 124.91265306122449
94, 1.0000893176134333, 1.000022088220352, 1.0000557342915872, 1.0027624309392265, 124.04244897959184
95, 1.0001036806635561, 0, 0.960060912173615, 1.0027624309392265, 129.52244897959184
96, 1.0001299376299377, 0, 0.9600668333617557, 1.0027624309392265, 138.7461224489796
97, 1.0002138122728244, 1.0000214813541846, 1.0000797571252087, 1.0027624309392265, 128.39510204081634
98, 1.0006954102920724, 1.000020421499755, 1.0000927181778163, 1.0027624309392265, 135.0
99, 1.0008312551953449, 1.0000214178624973, 1.0001081096709152, 1.0027624309392265, 144.57714285714286
100, 1.000361402240694, 1.000016138663396, 1.0001007315032375, 1.0027624309392265, 147.2391836734694
101, 1.0004355400696865, 0, 0.9801160629967611, 1.0027624309392265, 147.66204081632654
102, 1.0008169934640523, 0, 0.9601161071810296, 1.0027624309392265, 149.0195918367347
103, 1.000870322019147, 0, 0.940105402635211, 1.0027624309392265, 149.31510204081633
104, 1.0004187604690118, 0, 0.9401352500146427, 1.0027624309392265, 148.3257142857143
105, 1.000086903623881, 0, 0.9600541278694876, 1.0027624309392265, 152.83265306122448
106, 1.0000804958544636, 0, 0.960049559408256, 1.0027624309392265, 156.45142857142858
107, 1.0000921149594695, 0, 0.9600576725152284, 1.0027624309392265, 159.3412244897959
108, 1.0001169727453503, 0, 0.9400626429073052, 1.0027624309392265, 155.87755102040816
109, 1.0000978760888715, 0, 0.9600481655934523, 1.0027624309392265, 156.7322448979592
110, 1.0000806386581726, 0, 0.9400438022850718, 1.0027624309392265, 157.5404081632653
111, 1.0000671817265703, 0, 0.900039989474369, 1.0027624309392265, 155.77469387755102
112, 1.0000667155914338, 0, 0.9200451843569506, 1.0027624309392265, 139.0930612244898
113, 1.000109781534746, 0, 0.9800559705557211, 1.0027624309392265, 147.38938775510204
114, 1.000090440444967, 0, 0.9800500371281418, 1.0027624309392265, 135.03183673469388
115, 1.0000715256419426, 0, 0.9400466176160314, 1.0027624309392265, 112.05469387755102
116, 1.0000679624847084, 1.00002018937635, 1.0000473071278333, 1.0027624309392265, 85.2408163265306
117, 1.0000669209663386, 1.000024967542195, 1.0000486398093953, 1.0027624309392265, 96.94448979591837
118, 1.0000633312222926, 1.0000246341823915, 1.0000456282405232, 1.0027624309392265, 89.82285714285715
119, 1.0000739918608954, 0, 0.9800482979437304, 1.0027624309392265, 100.39755102040816
120, 1.0000685588920883, 0, 0.9800501976529123, 1.0027624309392265, 86.65795918367347
121, 1.0000909090909091, 0, 0.9800601508529272, 1.0027624309392265, 99.66204081632652
122, 1.0001047888504664, 0, 0.9800569892871459, 1.0027624309392265, 80.71918367346939
123, 1.0000806321561038, 0, 0.9800571709114095, 1.0027624309392265, 79.40408163265306
124, 1.0000931705953602, 0, 0.9600584678728237, 1.0027624309392265, 85.26938775510204
125, 1.0001050640890943, 0, 0.9800512465600668, 1.0027624309392265, 86.6995918367347
126, 1.0000807232805942, 0, 0.9800556856306308, 1.0027624309392265, 82.96897959183673
127, 1.0001154334526146, 1.0000473193583495, 1.0000655892708306, 1.0027624309392265, 84.16081632653061
128, 1.0000956114351276, 1.0000405005872586, 1.0000641168261977, 1.0027624309392265, 79.11102040816327
129, 1.0000789203693474, 0, 0.980053278404563, 1.0027624309392265, 94.12489795918367
130, 1.0000830357884247, 0, 0.9800573408694333, 1.0027624309392265, 94.63510204081632
131, 1.0000761092929447, 0, 0.980047882520034, 1.0027624309392265, 86.97387755102041
132, 1.0000722386765875, 0, 0.9800469048786643, 1.0027624309392265, 81.67102040816326
133, 1.0000585720142916, 0, 0.9600428894467713, 1.0027624309392265, 73.07510204081633
134, 1.0000714489854243, 0, 0.9600488439828868, 1.0027624309392265, 76.76897959183674
135, 1.0000749007564977, 0, 0.9600460617807414, 1.0027624309392265, 78.36081632653061
136, 1.0000812347684809, 0, 0.9800540488113705, 1.0027624309392265, 79.79673469387755
137, 1.0000695652173912, 0, 0.9400422135414679, 1.0027624309392265, 88.45061224489795
138, 1.0000561734636557, 0, 0.9400412384568267, 1.0027624309392265, 87.37795918367347
139, 1.000060742270546, 0, 0.9600407582404944, 1.0027624309392265, 87.30285714285715
140, 1.0000663042036866, 0, 0.9200417218956168, 1.0027624309392265, 89.56163265306122
141, 1.000054758514949, 0, 0.9400361456573707, 1.0027624309392265, 89.70693877551021
142, 1.0000691945751452, 0, 0.9400448722472237, 1.0027624309392265, 86.10204081632654
143, 1.000062676277029, 0, 0.9800418205205141, 1.0027624309392265, 97.17959183673469
144, 1.0000574514535219, 0, 0.9800436734718011, 1.0027624309392265, 91.42122448979592
145, 1.000055984772142, 0, 0.9800416666266575, 1.0027624309392265, 88.69224489795918
146, 1.000062375249501, 0, 0.9800447039451464, 1.0027624309392265, 89.07020408163265
147, 1.0000653338560042, 1.0000249295739536, 1.0000465329620947, 1.0027624309392265, 99.34122448979592
148, 1.000073751751604, 1.0000243291243949, 1.0000445361942258, 1.0027624309392265, 88.68816326530612
149, 1.0000575043128235, 0, 0.9800361662862395, 1.0027624309392265, 96.20408163265306
150, 1.0000687096330905, 0, 0.9800482667666008, 1.0027624309392265, 98.88734693877551
151, 1.0000685025345937, 1.0000374826642677, 1.0000510571160854, 1.0027624309392265, 115.93877551020408
152, 1.0000761672633103, 0, 0.9800538708973451, 1.0027624309392265, 112.2204081632653
153, 1.000078839482813, 0, 0.9600485930610807, 1.0027624309392265, 107.88163265306123
154, 1.0000883158173628, 1.000025338265849, 1.0000510781842926, 1.0027624309392265, 97.32489795918367
155, 1.0000630914826498, 1.0000274250610208, 1.0000455547718365, 1.0027624309392265, 103.72244897959183
156, 1.0000849256900213, 0, 0.9800534272703101, 1.0027624309392265, 101.42367346938775
157, 1.0000824266402901, 0, 0.9800474822637695, 1.0027624309392265, 113.7795918367347
158, 1.0000839983200336, 1.0000252238617733, 1.0000535970357192, 1.0027624309392265, 118.55020408163266
159, 1.0001284686536485, 0, 0.9800595520795351, 1.0027624309392265, 126.28489795918367
160, 1.0001682368775235, 0, 0.9800624282218103, 1.0027624309392265, 113.0661224489796
161, 1.00006903693476, 1.000025040691123, 1.000041800551184, 1.0027624309392265, 110.20163265306122
162, 1.0000645911380959, 1.0000246135669981, 1.0000471216742823, 1.0027624309392265, 104.53469387755102
163, 1.0000676589986468, 0, 0.9400425664335524, 1.0027624309392265, 101.28816326530612
164, 1.0001394894685451, 0, 0.9600600534732249, 1.0027624309392265, 117.93877551020408
165, 1.000079636855937, 0, 0.9400530174051498, 1.0027624309392265, 103.03591836734694
166, 1.0000984930562395, 0, 0.900058016090466, 1.0027624309392265, 102.08
167, 1.0000990295107943, 0, 0.9000569739221683, 1.0027624309392265, 103.91591836734693
168, 1.000110864745011, 0, 0.92005884393005, 1.0027624309392265, 100.03428571428572
169, 1.0001258178158028, 0, 0.9400728572315619, 1.0027624309392265, 97.56816326530613
170, 1.00009762764815, 0, 0.9800635602864084, 1.0027624309392265, 97.42285714285714
171, 1.000083605049745, 0, 0.9800545499904416, 1.0027624309392265, 97.57306122448979
172, 1.0000827677536832, 0, 0.9400548129229827, 1.0027624309392265, 96.90775510204081
173, 1.0001276650070217, 0, 0.940056341986552, 1.0027624309392265, 103.23020408163265
174, 1.0000854043897855, 0, 0.940055349369196, 1.0027624309392265, 104.35918367346939
175, 1.000075199278087, 0, 0.9400472796956789, 1.0027624309392265, 96.27673469387756
176, 1.0000868583340572, 0, 0.9800543923963997, 1.0027624309392265, 98.30122448979591
177, 1.0000769171602184, 0, 0.9800539173677795, 1.0027624309392265, 103.5469387755102
178, 1.0001072616110693, 0, 0.9600583160858548, 1.0027624309392265, 99.72081632653061
179, 1.0000832570144034, 0, 0.9800506854526584, 1.0027624309392265, 110.76081632653062
180, 1.0001082719792118, 0, 0.9800616957231882, 1.0027624309392265, 109.34285714285714
181, 1.0000884251481121, 0, 0.9800582585616401, 1.0027624309392265, 109.73224489795918
182, 1.0001129560600925, 1.0000208463623097, 1.0000598881107652, 1.0027624309392265, 110.32
183, 1.0001187789523696, 0, 0.9800661068061062, 1.0027624309392265, 110.28
184, 1.0001236858379716, 0, 0.9800664195914105, 1.0027624309392265, 91.69061224489796
185, 1.0001126379815273, 0, 0.9800581948433181, 1.0027624309392265, 71.35510204081632
186, 1.0001007759750076, 0, 0.9800656189728228, 1.0027624309392265, 68.76571428571428
187, 1.0001463271875914, 1.00002108414683, 1.0000672703074072, 1.0027624309392265, 87.5869387755102
188, 1.0002788622420524, 0, 0.9800762540278327, 1.0027624309392265, 100.02612244897959
189, 1.0001077818495365, 0, 0.940060750505536, 1.0027624309392265, 110.07183673469387
190, 1.0001169590643275, 1.0000254336436238, 1.0000635852469175, 1.0027624309392265, 119.95918367346938
191, 1.0000881290208865, 0, 0.9800639042184924, 1.0027624309392265, 128.13061224489795
192, 1.000115035085701, 0, 0.9800623643688685, 1.0027624309392265, 129.8522448979592
193, 1.0000951655881234, 0, 0.9600637199979986, 1.0027624309392265, 122.32571428571428
194, 1.0000896137646742, 0, 0.9800634744738442, 1.0027624309392265, 124.38122448979591
195, 1.0000863185153215, 0, 0.960060268062218, 1.0027624309392265, 133.69387755102042
196, 1.0001447387465625, 0, 0.9800684621378687, 1.0027624309392265, 130.9142857142857
197, 1.0001088850174216, 0, 0.9600627398793736, 1.0027624309392265, 125.89632653061224
198, 1.0001186239620403, 0, 0.9400661191381622, 1.0027624309392265, 135.12081632653062
199, 1.0002977076510866, 0, 0.98009158085802, 1.0027624309392265, 128.48326530612246
200, 1.000169434090139, 0, 0.9800856718991681, 1.0027624309392265, 148.87510204081633
201, 1.000236518448439, 1.0000232921063053, 1.000095129767736, 1.0027624309392265, 142.56489795918367
202, 1.0002139037433155, 1.0000221190002212, 1.0001045338403312, 1.0027624309392265, 142.72489795918366
203, 1.0002962962962962, 1.0000217945644356, 1.000098228885988, 1.0027624309392265, 141.98530612244897
204, 1.0001696928559307, 0, 0.9600696634851671, 1.0027624309392265, 131.92979591836735
205, 1.0001945146858588, 0, 0.9800885589047634, 1.0027624309392265, 127.71020408163265
206, 1.0002579313902502, 0, 0.980079799340017, 1.0027624309392265, 135.81714285714287
207, 1.0002463054187192, 1.0000221454513243, 1.0000874968648663, 1.0027624309392265, 140.4318367346939
208, 1.000126374320738, 1.0000256772371292, 1.0000736215326809, 1.0027624309392265, 131.43755102040816
209, 1.0001180637544274, 0, 0.9800724723020983, 1.0027624309392265, 131.15918367346939
210, 1.0001080380293863, 0, 0.9800492471071618, 1.0027624309392265, 135.91755102040815
211, 1.0001245485116452, 0, 0.9600632975829856, 1.0027624309392265, 148.97061224489795
212, 1.0001067008109261, 0, 0.9600517564238333, 1.0027624309392265, 138.93632653061223
213, 1.0002117746717492, 0, 0.9600584108979656, 1.0027624309392265, 116.02938775510204
214, 1.0000884720870564, 0, 0.9400426006857073, 1.0027624309392265, 97.78367346938775
215, 1.000085792724777, 0, 0.9600458633515596, 1.0027624309392265, 82.25877551020409
216, 1.0001933114247052, 0, 0.960068065276491, 1.0027624309392265, 84.16244897959184
217, 1.0002794076557697, 0, 0.9200783720628043, 1.0027624309392265, 71.33469387755102
218, 1.000796178343949, 0, 0.9601271220660043, 1.0027624309392265, 61.06122448979592
219, 1.0000982414775519, 0, 0.9800618490755366, 1.0027624309392265, 60.94938775510204
220, 1.000228675966156, 0, 0.9600702770607269, 1.0027624309392265, 61.13551020408163
221, 1.000165480721496, 0, 0.9800699138348259, 1.0027624309392265, 62.266938775510205
222, 1.000224265530388, 1.000023195936072, 1.0000877749214332, 1.0027624309392265, 65.14530612244899
223, 1.000270782561603, 1.0000216905624364, 1.0000789060911732, 1.0027624309392265, 68.64326530612244
224, 1.0003095017022594, 0, 0.9800838155535706, 1.0027624309392265, 68.35102040816327
225, 1.0025445292620865, 0, 0.9801595098578193, 1.0027624309392265, 62.13551020408163
226, 1.0006609385327165, 0, 0.9601670788169252, 1.0027624309392265, 54.97632653061225
227, 1.0005790387955993, 1.0000249563264287, 1.0001719378197496, 1.0027624309392265, 58.648979591836735
228, 1.0192307692307692, 1.0000332590547776, 1.000572242201509, 1.0192307692307692, 65.11102040816327
229, 1.0007267441860466, 0, 0.9801965746023126, 1.0192307692307692, 60.077551020408166
230, 1.0004618937644343, 1.000038983315141, 1.0001603523576634, 1.0192307692307692, 55.00734693877551
231, 1.0013623978201636, 0, 0.9801781494159708, 1.0192307692307692, 50.48
232, 1.0003988831272437, 0, 0.9801397959439477, 1.0192307692307692, 57.10122448979592
233, 1.0011160714285714, 0, 0.9201742187812857, 1.0192307692307692, 59.266938775510205
234, 1.0010799136069115, 0, 0.9602309169136496, 1.0192307692307692, 59.97142857142857
235, 1.0075757575757576, 0, 0.9403201521582263, 1.0192307692307692, 57.36571428571428
236, 1.0006277463904583, 0, 0.9401603750883331, 1.0192307692307692, 57.85224489795918
237, 1.001007049345418, 0, 0.9401573098603528, 1.0192307692307692, 64.96571428571428
238, 1.0026385224274406, 0, 0.9802171386857235, 1.0192307692307692, 64.9069387755102
239, 1.0009460737937559, 0, 0.9401989108568976, 1.0192307692307692, 66.78367346938775
240, 1.000414937759336, 0, 0.9601523672731612, 1.0192307692307692, 66.50204081632653
241, 1.0006345177664975, 0, 0.9601693754787364, 1.0192307692307692, 70.00734693877551
242, 1.0005344735435595, 0, 0.9801704156292739, 1.0192307692307692, 76.67020408163265
243, 1.0006600660066007, 1.0000274182934854, 1.0002030254377472, 1.0192307692307692, 81.4130612244898
244, 1.001129943502825, 1.0000225963168003, 1.000192292265842, 1.0192307692307692, 85.56571428571428
245, 1.0013888888888889, 1.0000265667755905, 1.0001902467936998, 1.0192307692307692, 78.82040816326531
246, 1.000738552437223, 1.0000286549372457, 1.0001363654457982, 1.0192307692307692, 78.91918367346939
247, 1.0002547770700636, 0, 0.9400836779682131, 1.0192307692307692, 86.32571428571428
248, 1.0012755102040816, 0, 0.9601235961377658, 1.0192307692307692, 87.62775510204082
249, 1.000903342366757, 0, 0.9601409443606889, 1.0192307692307692, 93.90448979591837
250, 1.0004623208506704, 0, 0.9601214459515371, 1.0192307692307692, 89.7738775510204
251, 1.0008873114463177, 1.000021608539695, 1.000173184465548, 1.0192307692307692, 79.99673469387756
252, 1.0014684287812041, 1.0000234329232571, 1.000138499504907, 1.0192307692307692, 75.7330612244898
253, 1.0004161464835621, 0, 0.9801105453333934, 1.0192307692307692, 61.44897959183673
254, 1.0009970089730809, 0, 0.960187060278981, 1.0192307692307692, 64.66775510204081
255, 1.000669792364367, 0, 0.9401105220322508, 1.0192307692307692, 47.36571428571428
256, 1.001432664756447, 0, 0.9601938332363124, 1.0192307692307692, 49.14530612244898
257, 1.0030864197530864, 0, 0.9802337128320123, 1.0192307692307692, 51.1534693877551
258, 1.0005720823798627, 1.0000216670638962, 1.0001364067677998, 1.0192307692307692, 71.59755102040816
259, 1.0010775862068966, 1.0000210921516104, 1.000184933622915, 1.0192307692307692, 76.17551020408163
260, 1.0019157088122606, 1.0000205892647573, 1.0002216870502216, 1.0192307692307692, 79.24734693877551
261, 1.0012345679012347, 0, 0.9601443890594674, 1.0192307692307692, 72.56
262, 1.0016051364365972, 0, 0.9601894414186992, 1.0192307692307692, 66.34367346938775
263, 1.0006341154090044, 0, 0.9801330935995753, 1.0192307692307692, 61.86612244897959
264, 1.0008904719501335, 0, 0.9801803821164549, 1.0192307692307692, 66.3804081632653
265, 1.000464252553389, 0, 0.9600940871926718, 1.0192307692307692, 68.72163265306122
266, 1.0003208213025345, 0, 0.9401110006661112, 1.0192307692307692, 64.43102040816326
267, 1.0003716090672612, 0, 0.9800942498609778, 1.0192307692307692, 63.436734693877554
268, 1.0006246096189881, 0, 0.9801203622066335, 1.0192307692307692, 63.51265306122449
269, 1.000990099009901, 0, 0.9801784157740725, 1.0192307692307692, 72.6334693877551
270, 1.0015576323987538, 0, 0.940186161526619, 1.0192307692307692, 76.79183673469387
271, 1.0004566210045662, 0, 0.9600506952350516, 1.0192307692307692, 73.1461224489796
272, 1.0002198285337436, 0, 0.9800538780434497, 1.0192307692307692, 62.64326530612245
273, 1.000454338936847, 1.0000238447231629, 1.0000912603610086, 1.0192307692307692, 66.09142857142857
274, 1.0005844535359438, 1.0000226567279153, 1.000094049402771, 1.0192307692307692, 70.04244897959184
275, 1.0019193857965452, 1.0000221243832828, 1.0001163296285964, 1.0192307692307692, 65.20408163265306
276, 1.000611995104039, 1.0000156416192205, 1.0001298676550048, 1.0192307692307692, 68.13224489795918
277, 1.0039370078740157, 1.0000148674566243, 1.000306315611583, 1.0192307692307692, 69.54612244897959
278, 1.0021008403361344, 0, 0.9802064214767741, 1.0192307692307692, 69.08897959183673
279, 1.0021505376344086, 0, 0.9602006383133983, 1.0192307692307692, 56.54857142857143
280, 1.0004725897920606, 0, 0.9601323821515412, 1.0192307692307692, 60.071836734693875
281, 1.0005611672278338, 0, 0.9601832167931138, 1.0192307692307692, 66.1665306122449
282, 1.0004017677782242, 0, 0.9801187985255218, 1.0192307692307692, 73.7134693877551
283, 1.0006191950464396, 0, 0.9801500479186456, 1.0192307692307692, 72.50530612244899
284, 1.0009416195856873, 0, 0.9801708058606847, 1.0192307692307692, 84.64734693877551
285, 1.0004940711462451, 0, 0.9800996405900263, 1.0192307692307692, 86.8538775510204
286, 1.000390320062451, 0, 0.9600754838803469, 1.0192307692307692, 87.5004081632653
287, 1.0001332800213247, 0, 0.9600695545235993, 1.0192307692307692, 88.65714285714286
288, 1.0006756756756756, 0, 0.9601026039357486, 1.0192307692307692, 89.98938775510204
289, 1.0005120327700974, 0, 0.9400659285412555, 1.0192307692307692, 92.68
290, 1.0006067961165048, 0, 0.9400640807971716, 1.0192307692307692, 86.60979591836735
291, 1.002257336343115, 0, 0.9601697664028574, 1.0192307692307692, 74.46122448979592
292, 1.0005515719801434, 0, 0.9801424679303953, 1.0192307692307692, 71.62448979591836
293, 1.001338688085676, 1.0000203330554482, 1.0001325181679108, 1.0192307692307692, 66.51510204081633
294, 1.0031347962382444, 1.0000215852184424, 1.0001590171763066, 1.0192307692307692, 72.75183673469388
295, 1.00117508813161, 1.0000237495843822, 1.0002102195761866, 1.0192307692307692, 76.44571428571429
296, 1.0013262599469497, 0, 0.980191997051051, 1.0192307692307692, 78.96244897959184
297, 1.0017064846416381, 0, 0.9802595172808961, 1.0192307692307692, 79.24489795918367
298, 1.0003237293622531, 0, 0.9800825488280667, 1.0192307692307692, 80.58938775510204
299, 1.0007178750897343, 0, 0.94014582663973, 1.0192307692307692, 61.177142857142854
300, 1.0007479431563202, 1.000021542438604, 1.0001763652191114, 1.0192307692307692, 59.92979591836735
301, 1.0009099181073704, 0, 0.9601836199862193, 1.0192307692307692, 59.72816326530612
302, 1.0008210180623973, 1.0000210419998317, 1.0001610750534353, 1.0192307692307692, 55.53795918367347
303, 1.000341997264022, 1.0000209498669683, 1.000085483859408, 1.0192307692307692, 57.59183673469388
304, 1.0006464124111183, 0, 0.9801252376988215, 1.0192307692307692, 58.43265306122449
305, 1.0015873015873016, 0, 0.9801517701218043, 1.0192307692307692, 62.049795918367344
306, 1.000790513833992, 0, 0.9801413267526782, 1.0192307692307692, 58.1265306122449
307, 1.002906976744186, 0, 0.9601676710099281, 1.0192307692307692, 64.17224489795919
308, 1.0005797101449276, 0, 0.9801588702022684, 1.0192307692307692, 72.30204081632652
309, 1.0011494252873563, 0, 0.9801588473003369, 1.0192307692307692, 72.54938775510205
310, 1.0008665511265165, 0, 0.9801610825092919, 1.0192307692307692, 66.39836734693877
311, 1.0003892565200467, 0, 0.9801248879260188, 1.0192307692307692, 63.95510204081633
312, 1.0007347538574578, 0, 0.9601732518230502, 1.0192307692307692, 68.4334693877551
313, 1.0016556291390728, 1.000021636123672, 1.000242313742458, 1.0192307692307692, 66.82122448979592
314, 1.000734214390602, 0, 0.960178880411061, 1.0192307692307692, 66.95755102040816
315, 1.0007552870090635, 0, 0.9601215901416029, 1.0192307692307692, 71.44081632653061
316, 1.0014245014245013, 0, 0.9801794764699622, 1.0192307692307692, 73.30857142857143
317, 1.0005488474204172, 0, 0.9401342794133576, 1.0192307692307692, 76.66857142857143
318, 1.0007501875468867, 0, 0.9801361776957548, 1.0192307692307692, 75.34693877551021
319, 1.0006309148264985, 0, 0.960119085419583, 1.0192307692307692, 77.19918367346939
320, 1.001098901098901, 0, 0.9601813104762061, 1.0192307692307692, 81.5738775510204
321, 1.0007235890014472, 0, 0.9601492676050215, 1.0192307692307692, 80.95918367346938
322, 1.0003746721618583, 0, 0.9801147295926705, 1.0192307692307692, 89.4734693877551
323, 1.0013020833333333, 0, 0.9601958509101495, 1.0192307692307692, 90.43183673469387
324, 1.0004089979550101, 0, 0.9601261381080558, 1.0192307692307692, 88.52
325, 1.0011363636363637, 0, 0.9801741264443521, 1.0192307692307692, 95.94857142857143
326, 1.0008968609865472, 0, 0.9601797108910346, 1.0192307692307692, 101.23346938775511
327, 1.0021413276231264, 0, 0.9402091326994101, 1.0192307692307692, 102.22775510204082
328, 1.0028169014084507, 0, 0.9201715411962053, 1.0192307692307692, 107.36081632653061
329, 1.0005324813631522, 0, 0.8801330150137546, 1.0192307692307692, 109.43020408163265
330, 1.0004436557231589, 0, 0.9400721148636965, 1.0192307692307692, 112.67183673469388
331, 1.0010615711252655, 0, 0.9601428580329981, 1.0192307692307692, 111.38938775510204
332, 1.0024813895781637, 0, 0.9601555774493202, 1.0192307692307692, 108.96081632653062
333, 1.0009633911368014, 1.0000208368061343, 1.0001923226264566, 1.0192307692307692, 108.92163265306122
334, 1.002375296912114, 1.0000210331482415, 1.0002089317567309, 1.0192307692307692, 93.06367346938775
335, 1.0018796992481203, 0, 0.980186805110999, 1.0192307692307692, 83.80489795918368
336, 1.0011641443538999, 0, 0.9802151252250563, 1.0192307692307692, 58.0
337, 1.0004933399111988, 0, 0.980094867812146, 1.0192307692307692, 51.884897959183675
338, 1.0013089005235603, 0, 0.9602084058770382, 1.0192307692307692, 48.6
339, 1.0007980845969673, 0, 0.9601880790576591, 1.0192307692307692, 51.29387755102041
340, 1.0013262599469497, 0, 0.9801567732150498, 1.0192307692307692, 58.41877551020408
341, 1.0006016847172081, 0, 0.9601496207075593, 1.0192307692307692, 54.089795918367344
342, 1.001180637544274, 0, 0.960190774219957, 1.0192307692307692, 49.120816326530615
343, 1.0006644518272425, 0, 0.9801460325113129, 1.0192307692307692, 54.07265306122449
344, 1.0096153846153846, 0, 0.9603533384003912, 1.0192307692307692, 55.81387755102041
345, 1.0008, 0, 0.9601740326533361, 1.0192307692307692, 53.12489795918367
346, 1.0021551724137931, 0, 0.960147319043053, 1.0192307692307692, 59.031836734693876
347, 1.0012150668286757, 0, 0.9201826452094245, 1.0192307692307692, 60.97795918367347
348, 1.0019493177387915, 0, 0.9401940070539812, 1.0192307692307692, 66.18530612244898
349, 1.0006199628022319, 0, 0.9201545210125104, 1.0192307692307692, 72.55183673469388
350, 1.0005938242280286, 0, 0.9401391304693177, 1.0192307692307692, 72.49877551020408
351, 1.0019762845849802, 0, 0.980257221423876, 1.0192307692307692, 76.40408163265306
352, 1.0006353240152477, 0, 0.9201572419923859, 1.0192307692307692, 76.62775510204082
353, 1.0238095238095237, 0, 0.9406808182146694, 1.0238095238095237, 82.95102040816326
354, 1.0021367521367521, 0, 0.980235911255381, 1.0238095238095237, 78.40081632653062
355, 1.0013605442176872, 0, 0.9602076630402132, 1.0238095238095237, 80.08571428571429
356, 1.0009930486593843, 0, 0.9601596800202379, 1.0238095238095237, 85.16816326530612
357, 1.0012376237623761, 0, 0.9601945184382038, 1.0238095238095237, 88.9934693877551
358, 1.0020491803278688, 0, 0.960169514202925, 1.0238095238095237, 97.8538775510204
359, 1.0013089005235603, 0, 0.9201546233927462, 1.0238095238095237, 88.45959183673469
360, 1.0002981514609421, 0, 0.940068130993108, 1.0238095238095237, 93.30285714285715
361, 1.0033557046979866, 0, 0.9602181893384087, 1.0238095238095237, 101.31755102040816
362, 1.0004842615012106, 0, 0.9801058405566014, 1.0238095238095237, 108.4334693877551
363, 1.00625, 0, 0.960339232204635, 1.0238095238095237, 108.98285714285714
364, 1.0007745933384973, 0, 0.9401499882666751, 1.0238095238095237, 107.03428571428572
365, 1.0123456790123457, 0, 0.9204304212766021, 1.0238095238095237, 109.27102040816327
366, 1.0011764705882353, 0, 0.9201264880824468, 1.0238095238095237, 101.15265306122448
367, 1.0013422818791946, 0, 0.9201567853782692, 1.0238095238095237, 105.19918367346939
368, 1.000825763831544, 0, 0.9801306570344599, 1.0238095238095237, 109.40163265306123
369, 1.0018450184501846, 0, 0.9801831013047846, 1.0238095238095237, 109.38938775510204
370, 1.0008849557522124, 1.0000230829601588, 1.0001366884732295, 1.0238095238095237, 106.5934693877551
371, 1.00354609929078, 0, 0.9602945948739939, 1.0238095238095237, 109.15918367346939
372, 1.0005390835579515, 1.0000250991416093, 1.00011663475414, 1.0238095238095237, 108.56163265306122
373, 1.002967359050445, 0, 0.9802571269805324, 1.0238095238095237, 108.04489795918367
374, 1.0013262599469497, 0, 0.9802003255839373, 1.0238095238095237, 106.62938775510204
375, 1.003717472118959, 0, 0.98019914366376, 1.0238095238095237, 112.16081632653061
376, 1.0011961722488039, 0, 0.9801601597340942, 1.0238095238095237, 124.88244897959184
377, 1.0003698224852071, 0, 0.9801228404782978, 1.0238095238095237, 119.48571428571428
378, 1.0005461496450028, 0, 0.9801556675854899, 1.0238095238095237, 101.94204081632653
379, 1.0009182736455464, 1.0000248651067956, 1.000151732307008, 1.0238095238095237, 94.97877551020409
380, 1.00139470013947, 1.0000245978255522, 1.0001743557236364, 1.0238095238095237, 107.60816326530612
381, 1.0003818251240932, 0, 0.9801298441730344, 1.0238095238095237, 95.93469387755103
382, 1.0003972983710767, 0, 0.9801551710137442, 1.0238095238095237, 97.75836734693877
383, 1.003003003003003, 1.0000262061374774, 1.0002522480548917, 1.0238095238095237, 101.57795918367347
384, 1.0015384615384615, 1.0000247439006285, 1.0002309233033153, 1.0238095238095237, 92.6269387755102
385, 1.001034126163392, 0, 0.9801803606802955, 1.0238095238095237, 100.6726530612245
386, 1.0009057971014492, 0, 0.9602255558601861, 1.0238095238095237, 98.91918367346939
387, 1.0014792899408285, 0, 0.9601744868552855, 1.0238095238095237, 106.38775510204081
388, 1.0014124293785311, 0, 0.9801837539434267, 1.0238095238095237, 108.24
389, 1.0003381805884342, 0, 0.9800943696321548, 1.0238095238095237, 103.9534693877551
390, 1.000981354268891, 0, 0.9601344651828001, 1.0238095238095237, 104.67102040816326
391, 1.0003412969283276, 0, 0.9600776664794115, 1.0238095238095237, 101.02367346938776
392, 1.006993006993007, 0, 0.940292737231008, 1.0238095238095237, 119.89714285714285
393, 1.0026881720430108, 0, 0.9402664010725564, 1.0238095238095237, 122.93795918367347
394, 1.0008183306055647, 0, 0.9601681382019046, 1.0238095238095237, 110.51591836734694
395, 1.0006134969325153, 1.0000228948211916, 1.0001234149145444, 1.0238095238095237, 91.5804081632653
396, 1.0003056234718826, 1.000022652622041, 1.000105066676177, 1.0238095238095237, 79.20489795918367
397, 1.0001353912808015, 1.0000179523544512, 1.0000498867337604, 1.0238095238095237, 74.4791836734694
398, 1.0002628120893562, 0, 0.9800626462435457, 1.0238095238095237, 69.40816326530613
399, 1.0001526251526252, 0, 0.9800671835209204, 1.0238095238095237, 69.87591836734694
400, 1.0001788908765652, 0, 0.9600688243166193, 1.0238095238095237, 61.44489795918367
401, 1.0004284490145672, 0, 0.940113362331664, 1.0238095238095237, 71.53142857142858
402, 1.0002953337271117, 1.000019917938095, 1.0001123326025634, 1.0238095238095237, 73.61714285714285
403, 1.0004133939644482, 1.0000196517706246, 1.00009586022301, 1.0238095238095237, 75.55836734693878
404, 1.00065445026178, 0, 0.9801320590948666, 1.0238095238095237, 74.52979591836734
405, 1.0007225433526012, 1.0000266453503863, 1.0001155381862963, 1.0238095238095237, 77.29632653061225
406, 1.0003943217665616, 1.0000235399355006, 1.0000934769849785, 1.0238095238095237, 74.45714285714286
407, 1.0004266211604096, 0, 0.9601135088434593, 1.0238095238095237, 78.64408163265306
408, 1.001230012300123, 0, 0.9801561848970605, 1.0238095238095237, 80.75428571428571
409, 1.0002536139994929, 1.0000211954217888, 1.0001076998384817, 1.0238095238095237, 78.43836734693878
410, 1.0006518904823989, 0, 0.9801707100448739, 1.0238095238095237, 73.9134693877551
411, 1.0012722646310432, 0, 0.9801812120365752, 1.0238095238095237, 75.88163265306123
412, 1.0007215007215007, 0, 0.980165111722189, 1.0238095238095237, 75.48326530612245
413, 1.0007163323782235, 0, 0.9801511700921794, 1.0238095238095237, 74.84897959183674
414, 1.0008810572687226, 0, 0.9601774883778185, 1.0238095238095237, 70.24979591836734
415, 1.000931098696462, 0, 0.9401462422815925, 1.0238095238095237, 71.91673469387756
416, 1.0006191950464396, 0, 0.9201024973551774, 1.0238095238095237, 75.89551020408163
417, 1.0023310023310024, 0, 0.9401453231646454, 1.0238095238095237, 78.39591836734694
418, 1.0014224751066856, 0, 0.9401784589147593, 1.0238095238095237, 80.66775510204081
419, 1.0013774104683195, 0, 0.9202313397928438, 1.0238095238095237, 75.48816326530613
420, 1.0010172939979654, 0, 0.9601846418480687, 1.0238095238095237, 77.56897959183674
421, 1.0009319664492078, 0, 0.9801849200057628, 1.0238095238095237, 74.85714285714286
422, 1.0018587360594795, 0, 0.9801367937730047, 1.0238095238095237, 81.13877551020408
423, 1.0012239902080784, 0, 0.9802127758032164, 1.0238095238095237, 81.49551020408163
424, 1.0007235890014472, 0, 0.9801381740722879, 1.0238095238095237, 86.40489795918367
425, 1.0004950495049505, 0, 0.9801482888330976, 1.0238095238095237, 85.3273469387755
426, 1.000586854460094, 1.0000293987946494, 1.0001594388685582, 1.0238095238095237, 86.8334693877551
427, 1.0018115942028984, 1.0000258111142657, 1.0001878945287708, 1.0238095238095237, 93.84163265306123
428, 1.0013020833333333, 1.0000330065683072, 1.0001719599870833, 1.0238095238095237, 93.84489795918367
429, 1.002932551319648, 0, 0.9802004646109036, 1.0238095238095237, 98.98122448979592
430, 1.0007057163020465, 0, 0.9601198512224766, 1.0238095238095237, 93.93469387755103
431, 1.0003208213025345, 0, 0.9600935837727356, 1.0238095238095237, 94.33632653061224
432, 1.0001871607711024, 0, 0.9600533592110375, 1.0238095238095237, 92.06693877551021
433, 1.0005141388174807, 0, 0.9800759459498639, 1.0238095238095237, 81.88326530612245
434, 1.0003417634996583, 0, 0.9601006210760962, 1.0238095238095237, 72.45714285714286
435, 1.0007722007722009, 0, 0.9801499316977444, 1.0238095238095237, 63.751836734693875
436, 1.00078125, 1.0000214242865713, 1.0001595432304833, 1.0238095238095237, 67.8865306122449
437, 1.0010060362173039, 1.0000215294522907, 1.0001044520994917, 1.0238095238095237, 58.376326530612246
438, 1.0003563791874555, 1.0000211412020887, 1.0000922678969228, 1.0238095238095237, 58.453877551020405
439, 1.000682128240109, 0, 0.9800919394224776, 1.0238095238095237, 64.9338775510204
440, 1.0004297378599054, 0, 0.9600999258288087, 1.0238095238095237, 69.04408163265306
441, 1.00054914881933, 0, 0.960128048212651, 1.0238095238095237, 67.91673469387756
442, 1.002415458937198, 0, 0.9802133506058701, 1.0238095238095237, 63.778775510204085
443, 1.0021598272138228, 1.0000220264317181, 1.0001859343791384, 1.0238095238095237, 66.48163265306123
444, 1.0007479431563202, 0, 0.9600850742456875, 1.0238095238095237, 76.88897959183673
445, 1.0005333333333333, 0, 0.9800946113546506, 1.0238095238095237, 83.38857142857142
446, 1.0016977928692699, 0, 0.940205129907833, 1.0238095238095237, 86.84489795918367
447, 1.00028328611898, 0, 0.9000891163308737, 1.0238095238095237, 87.84
448, 1.001733102253033, 0, 0.9402075177934176, 1.0238095238095237, 89.44571428571429
449, 1.000494804552202, 0, 0.9801617423858505, 1.0238095238095237, 91.85632653061225
450, 1.000563063063063, 0, 0.9601716154963804, 1.0238095238095237, 92.14367346938775
451, 1.0010593220338984, 0, 0.9801440795003322, 1.0238095238095237, 97.11836734693877
452, 1.000925925925926, 0, 0.9601512767277087, 1.0238095238095237, 95.32897959183674
453, 1.0003563791874555, 0, 0.9801003015846395, 1.0238095238095237, 93.84897959183674
454, 1.000877192982456, 0, 0.9601275403097612, 1.0238095238095237, 94.10530612244898
455, 1.00027808676307, 1.0000242806847153, 1.0000984763738676, 1.0238095238095237, 90.63673469387756
456, 1.0005434782608695, 0, 0.9601211189567391, 1.0238095238095237, 79.2465306122449
457, 1.000739098300074, 0, 0.9601232754458784, 1.0238095238095237, 77.32897959183674
458, 1.0003269042170644, 0, 0.9200741717865938, 1.0238095238095237, 69.18204081632653
459, 1.0016447368421053, 0, 0.9201264976122485, 1.0238095238095237, 67.21224489795918
460, 1.0010775862068966, 0, 0.9401253506561978, 1.0238095238095237, 70.64408163265306
461, 1.000361402240694, 0, 0.9400825715044648, 1.0238095238095237, 68.16897959183673
462, 1.0013071895424837, 0, 0.9800945180052892, 1.0238095238095237, 67.9069387755102
463, 1.000882612533098, 0, 0.9800461970987672, 1.0238095238095237, 66.96326530612245
464, 1.0010373443983402, 1.0000143816605065, 1.000140055535455, 1.0238095238095237, 61.44
465, 1.0015748031496063, 0, 0.9802196175553921, 1.0238095238095237, 60.623673469387754
466, 1.0060240963855422, 0, 0.9603511481962408, 1.0238095238095237, 58.183673469387756
467, 1.0021645021645023, 0, 0.9602218018964841, 1.0238095238095237, 59.94122448979592
468, 1.001124859392576, 0, 0.9601749018172366, 1.0238095238095237, 58.373061224489796
469, 1.0004312203536008, 0, 0.9800912247338209, 1.0238095238095237, 64.44816326530612
470, 1.0015408320493067, 1.0000151155584442, 1.0002557903050344, 1.0238095238095237, 66.74204081632654
471, 1.000909090909091, 0, 0.9601232896403193, 1.0238095238095237, 63.8
472, 1.001865671641791, 0, 0.9602200331061984, 1.0238095238095237, 59.795102040816325
473, 1.0002177226213804, 0, 0.9800731337208908, 1.0238095238095237, 58.76897959183673
474, 1.0006414368184733, 0, 0.9801646589469031, 1.0238095238095237, 62.901224489795915
475, 1.024390243902439, 0, 0.9407051532881097, 1.024390243902439, 69.45469387755102
476, 1.0010504201680672, 0, 0.9601546489521973, 1.024390243902439, 74.03183673469388
477, 1.0010362694300519, 0, 0.9602211659452063, 1.024390243902439, 80.14857142857143
478, 1.0013679890560876, 0, 0.9602454327088573, 1.024390243902439, 76.35918367346939
479, 1.0025252525252526, 0, 0.9802815182874887, 1.024390243902439, 85.05877551020409
480, 1.001338688085676, 1.000020279862097, 1.0002417945193536, 1.024390243902439, 85.48653061224489
481, 1.0010183299389002, 0, 0.9601995386361288, 1.024390243902439, 88.58938775510204
482, 1.0009328358208955, 0, 0.9602233741903902, 1.024390243902439, 84.01142857142857
483, 1.0023866348448687, 0, 0.9603040861622324, 1.024390243902439, 93.12244897959184
484, 1.000739098300074, 0, 0.9601747500775992, 1.024390243902439, 96.59428571428572
485, 1.001865671641791, 0, 0.9802764833793074, 1.024390243902439, 100.65387755102041
486, 1.0009930486593843, 0, 0.9802657068494095, 1.024390243902439, 107.86448979591837
487, 1.001497005988024, 0, 0.9602181856911072, 1.024390243902439, 109.51591836734694
488, 1.0009514747859183, 1.0000211783641832, 1.0001661134928366, 1.024390243902439, 111.62857142857143
489, 1.0011737089201878, 1.0000135339974014, 1.0001458871935263, 1.024390243902439, 106.85877551020408
490, 1.0025641025641026, 1.0000156946449872, 1.0001693193990895, 1.024390243902439, 109.10938775510203
491, 1.0002927400468384, 1.0000235593459925, 1.000110336851237, 1.024390243902439, 113.69877551020409
492, 1.0003769317753486, 0, 0.9801161215192902, 1.024390243902439, 113.63510204081632
493, 1.000659195781147, 1.0000220945647371, 1.0001702241272574, 1.024390243902439, 109.35265306122449
494, 1.000537345513165, 0, 0.9801467742375715, 1.024390243902439, 113.24326530612245
495, 1.0004923682914821, 0, 0.9801237055886703, 1.024390243902439, 107.3934693877551
496, 1.0005449591280653, 0, 0.9801294796766196, 1.024390243902439, 102.96
497, 1.0026881720430108, 0, 0.9401132870447961, 1.024390243902439, 99.2326530612245
498, 1.0004889975550122, 0, 0.8801040536316255, 1.024390243902439, 100.73632653061225
499, 1.0008361204013378, 0, 0.9401663037627886, 1.024390243902439, 97.16571428571429
