1: 118 1
2: 115 1
3: 113 1
4: 115 1
5: 114 1
6: 118 1
7: 117 1
8: 112 1
9: 118 1
10: 117 1
11: 116 1
12: 110 1
13: 110 1
14: 108 1
15: 111 1
16: 105 1
17: 114 1
18: 119 1
19: 112 1
20: 115 1
21: 115 1
22: 112 1
23: 119 1
24: 115 1
25: 112 1
26: 108 1
27: 112 1
28: 110 1
29: 116 1
30: 109 1
31: 115 1
32: 105 1
33: 114 1
34: 117 1
35: 113 1
36: 113 1
37: 111 1
38: 109 1
39: 117 1
40: 110 1
41: 115 1
42: 113 1
43: 113 1
44: 113 1
45: 115 1
46: 116 1
47: 113 1
48: 120 1
49: 123 1
50: 111 1
51: 111 1
52: 114 1
53: 108 1
54: 115 1
55: 117 1
56: 118 1
57: 115 1
58: 111 1
59: 111 1
60: 112 1
61: 116 1
62: 115 1
63: 108 1
64: 118 1
65: 110 1
66: 118 1
67: 123 1
68: 117 1
69: 109 1
70: 113 1
71: 111 1
72: 116 1
73: 114 1
74: 111 1
75: 110 1
76: 114 1
77: 117 1
78: 117 1
79: 112 1
80: 110 1
81: 108 1
82: 113 1
83: 111 1
84: 115 1
85: 114 1
86: 108 1
87: 114 1
88: 115 1
89: 117 1
90: 115 1
91: 118 1
92: 114 1
93: 108 1
94: 110 1
95: 117 1
96: 117 1
97: 118 1
98: 109 1
99: 105 1
100: 115 1
101: 116 1
102: 110 1
103: 109 0
104: 110 0
105: 108 0
106: 113 0
107: 115 0
108: 115 0
109: 114 0
110: 115 0
111: 110 0
112: 113 0
113: 113 0
114: 101 0
115: 116 0
116: 115 0
117: 111 0
118: 113 0
119: 109 0
120: 112 0
121: 109 0
122: 117 0
123: 112 0
124: 111 0
125: 109 0
126: 111 0
127: 115 0
128: 104 0
129: 114 0
130: 111 0
131: 113 0
132: 113 0
133: 106 0
134: 120 0
135: 115 0
136: 120 0
137: 119 0
138: 111 0
139: 118 0
140: 114 0
141: 109 0
142: 110 0
143: 120 0
144: 109 0
145: 113 0
146: 113 0
147: 118 0
148: 115 0
149: 114 0
150: 114 0
151: 110 0
152: 119 1
153: 114 1
154: 106 1
155: 120 1
156: 114 1
157: 111 1
158: 112 1
159: 116 1
160: 118 1
161: 108 1
162: 114 1
163: 107 1
164: 111 1
165: 113 1
166: 114 1
167: 104 1
168: 114 1
169: 114 1
170: 115 1
171: 110 1
172: 112 1
173: 116 1
174: 112 1
175: 114 1
176: 108 1
177: 114 1
178: 114 1
179: 111 1
180: 115 1
181: 117 1
182: 115 1
183: 119 1
184: 114 1
185: 117 1
186: 115 1
187: 121 1
188: 120 1
189: 119 1
190: 111 1
191: 110 1
192: 118 1
193: 115 1
194: 117 1
195: 119 1
196: 116 1
197: 115 1
198: 118 1
199: 111 1
200: 119 1
201: 117 1
202: 114 1
203: 114 1
204: 113 1
205: 107 1
206: 115 1
207: 105 1
208: 114 1
209: 116 1
210: 112 1
211: 119 1
212: 111 1
213: 113 1
214: 117 1
215: 107 1
216: 111 1
217: 112 1
218: 117 1
219: 109 1
220: 115 1
221: 111 1
222: 116 1
223: 119 1
224: 114 1
225: 113 1
226: 110 1
227: 109 1
228: 114 1
229: 107 1
230: 112 1
231: 109 1
232: 115 1
233: 115 1
234: 116 1
235: 105 1
236: 113 1
237: 116 1
238: 112 1
239: 107 1
240: 110 1
241: 113 1
242: 115 1
243: 114 1
244: 113 1
245: 119 1
246: 109 1
247: 117 1
248: 120 1
249: 117 1
250: 121 1
251: 113 1
252: 113 1
253: 111 1
254: 109 1
255: 112 1
256: 112 1
257: 116 1
258: 116 1
259: 111 1
260: 113 1
261: 119 1
262: 111 1
263: 114 1
264: 114 1
265: 119 1
266: 117 1
267: 120 1
268: 115 1
269: 117 1
270: 115 1
271: 113 1
272: 111 1
273: 112 1
274: 113 1
275: 116 1
276: 119 1
277: 111 1
278: 113 1
279: 115 1
280: 113 1
281: 119 1
282: 118 1
283: 114 1
284: 115 1
285: 109 1
286: 117 1
287: 118 1
288: 112 1
289: 113 1
290: 112 1
291: 119 1
292: 116 1
293: 121 1
294: 114 1
295: 110 1
296: 119 1
297: 121 1
298: 111 1
299: 117 0
300: 111 0
301: 112 0
302: 117 0
303: 109 0
304: 107 0
305: 109 0
306: 113 0
307: 119 0
308: 117 0
309: 122 0
310: 111 0
311: 117 0
312: 115 0
313: 120 0
314: 115 0
315: 115 0
316: 119 0
317: 115 0
318: 118 0
319: 99 0
320: 113 0
321: 111 0
322: 120 0
323: 113 0
324: 113 0
325: 111 0
326: 116 0
327: 115 0
328: 115 0
329: 114 0
330: 116 0
331: 121 0
332: 119 0
333: 115 0
334: 116 0
335: 109 0
336: 114 0
337: 117 0
338: 117 0
339: 116 0
340: 111 0
341: 115 0
342: 113 0
343: 119 0
344: 113 0
345: 115 0
346: 114 0
347: 120 0
348: 118 0
349: 119 0
350: 116 0
351: 116 0
352: 113 0
353: 109 0
354: 118 0
355: 110 0
356: 117 0
357: 111 0
358: 111 0
359: 113 0
360: 117 0
361: 114 0
362: 116 0
363: 110 0
364: 119 0
365: 111 0
366: 121 0
367: 115 0
368: 114 0
369: 117 0
370: 117 0
371: 115 0
372: 117 0
373: 109 0
374: 120 0
375: 114 0
376: 108 0
377: 116 0
378: 117 0
379: 115 0
380: 120 0
381: 118 0
382: 115 0
383: 115 0
384: 114 0
385: 114 0
386: 108 0
387: 115 0
388: 109 0
389: 114 0
390: 104 0
391: 114 0
392: 115 0
393: 122 0
394: 113 0
395: 120 0
396: 108 0
397: 118 0
398: 116 0
399: 115 0
400: 121 0
401: 113 0
402: 115 0
403: 110 0
404: 116 0
405: 115 0
406: 112 0
407: 115 0
408: 115 0
409: 115 0
410: 117 0
411: 111 0
412: 116 0
413: 111 0
414: 118 0
415: 116 0
416: 113 0
417: 115 0
418: 118 0
419: 114 0
420: 113 0
421: 110 0
422: 117 0
423: 106 0
424: 110 0
425: 114 0
426: 114 0
427: 112 0
428: 112 0
429: 109 0
430: 112 0
431: 115 0
432: 115 0
433: 117 0
434: 117 0
435: 115 0
436: 115 0
437: 113 0
438: 118 0
439: 118 0
440: 115 0
441: 112 0
442: 118 0
443: 119 0
444: 113 0
445: 117 0
446: 115 0
447: 116 0
448: 111 0
449: 113 0
450: 112 0
451: 117 0
452: 119 0
453: 119 0
454: 117 0
455: 111 0
456: 117 0
457: 113 0
458: 115 0
459: 105 0
460: 112 0
461: 115 0
462: 113 0
463: 113 0
464: 119 0
465: 112 0
466: 111 0
467: 112 0
468: 111 0
469: 117 0
470: 115 0
471: 111 0
472: 115 0
473: 118 0
474: 118 0
475: 113 0
476: 110 0
477: 120 0
478: 119 0
479: 115 0
480: 116 0
481: 113 0
482: 117 0
483: 110 0
484: 112 0
485: 115 0
486: 113 0
487: 112 0
488: 117 0
489: 115 0
490: 116 0
491: 114 0
492: 117 0
493: 111 0
494: 117 0
495: 113 0
496: 111 0
497: 111 0
498: 111 0
499: 118 0
500: 119 0
