1: 362 1
2: 359 1
3: 360 1
4: 354 1
5: 347 1
6: 348 1
7: 349 1
8: 357 1
9: 360 1
10: 347 1
11: 348 1
12: 347 1
13: 359 1
14: 358 1
15: 349 1
16: 348 1
17: 350 1
18: 358 1
19: 359 1
20: 348 1
21: 366 1
22: 357 1
23: 356 1
24: 348 1
25: 351 1
26: 361 1
27: 358 1
28: 359 1
29: 352 1
30: 347 1
31: 360 1
32: 358 1
33: 362 1
34: 350 1
35: 344 1
36: 357 1
37: 361 1
38: 350 1
39: 347 1
40: 361 1
41: 360 1
42: 358 1
43: 346 1
44: 348 1
45: 358 1
46: 358 1
47: 358 1
48: 346 1
49: 351 1
50: 356 1
51: 356 1
52: 359 1
53: 358 1
54: 344 1
55: 345 1
56: 344 1
57: 356 1
58: 361 1
59: 347 1
60: 348 1
61: 349 1
62: 359 1
63: 358 1
64: 346 1
65: 344 1
66: 356 1
67: 355 1
68: 347 1
69: 345 1
70: 357 1
71: 353 1
72: 354 1
73: 350 1
74: 344 1
75: 357 1
76: 362 1
77: 360 1
78: 349 1
79: 348 1
80: 359 1
81: 361 1
82: 345 1
83: 349 1
84: 353 1
85: 355 1
86: 362 1
87: 346 1
88: 342 1
89: 349 1
90: 356 1
91: 358 1
92: 348 1
93: 351 1
94: 361 1
95: 362 1
96: 361 1
97: 344 1
98: 348 1
99: 362 1
100: 359 1
101: 347 1
102: 359 1
103: 357 0
104: 361 0
105: 360 0
106: 347 0
107: 351 0
108: 349 0
109: 346 0
110: 352 0
111: 344 0
112: 347 0
113: 347 0
114: 344 0
115: 349 0
116: 351 0
117: 361 0
118: 360 0
119: 359 0
120: 358 0
121: 362 0
122: 359 0
123: 360 0
124: 357 0
125: 357 0
126: 356 0
127: 356 0
128: 347 0
129: 347 0
130: 349 0
131: 347 0
132: 347 0
133: 348 0
134: 343 0
135: 344 0
136: 345 0
137: 346 0
138: 348 0
139: 343 0
140: 358 0
141: 353 0
142: 351 0
143: 356 0
144: 353 0
145: 352 0
146: 353 0
147: 354 0
148: 354 0
149: 357 0
150: 361 0
151: 348 0
152: 345 0
153: 342 0
154: 348 0
155: 341 0
156: 349 0
157: 345 0
158: 347 0
159: 350 0
160: 361 0
161: 359 0
162: 358 0
163: 357 0
164: 362 0
165: 360 0
166: 361 0
167: 362 0
168: 359 0
169: 358 0
170: 360 0
171: 361 0
172: 351 0
173: 351 0
174: 346 0
175: 347 0
176: 343 0
177: 349 0
178: 349 0
179: 349 0
180: 342 0
181: 346 0
182: 343 0
183: 358 0
184: 359 0
185: 362 0
186: 359 0
187: 356 0
188: 355 0
189: 354 0
190: 354 0
191: 355 0
192: 358 0
193: 355 0
194: 355 0
195: 343 0
196: 346 0
197: 341 0
198: 343 0
199: 347 0
200: 341 0
201: 344 0
202: 342 0
203: 345 0
204: 341 0
205: 346 0
206: 354 0
207: 356 0
208: 353 0
209: 351 0
210: 353 0
211: 353 0
212: 355 0
213: 356 0
214: 357 0
215: 355 0
216: 356 0
217: 357 0
218: 349 0
219: 347 0
220: 343 0
221: 348 0
222: 349 0
223: 345 0
224: 347 0
225: 346 0
226: 345 0
227: 345 0
228: 347 0
229: 354 0
230: 356 0
231: 358 0
232: 355 0
233: 356 0
234: 357 0
235: 356 0
236: 354 0
237: 357 0
238: 356 0
239: 353 0
240: 355 0
241: 349 0
242: 345 0
243: 349 0
244: 346 0
245: 346 0
246: 346 0
247: 347 0
248: 345 0
249: 342 0
250: 354 0
251: 353 0
252: 355 0
253: 356 0
254: 345 0
255: 343 0
256: 341 0
257: 345 0
258: 342 0
259: 342 0
260: 338 0
261: 345 0
262: 341 0
263: 344 0
264: 350 0
265: 344 0
266: 356 0
267: 357 0
268: 354 0
269: 360 0
270: 355 0
271: 354 0
272: 358 0
273: 356 0
274: 356 0
275: 350 0
276: 356 0
277: 348 0
278: 347 0
279: 349 0
280: 351 0
281: 351 0
282: 346 0
283: 352 0
284: 352 0
285: 346 0
286: 345 0
287: 350 0
288: 344 0
289: 357 0
290: 363 0
291: 361 0
292: 358 0
293: 359 0
294: 360 0
295: 361 0
296: 365 0
297: 355 0
298: 357 0
299: 351 1
300: 359 1
301: 350 1
302: 359 1
303: 347 1
304: 356 1
305: 345 1
306: 364 1
307: 358 1
308: 343 1
309: 351 1
310: 346 1
311: 357 1
312: 345 1
313: 359 1
314: 345 1
315: 346 1
316: 358 1
317: 345 1
318: 357 1
319: 342 1
320: 355 1
321: 346 1
322: 356 1
323: 359 1
324: 343 1
325: 357 1
326: 347 1
327: 363 1
328: 349 1
329: 359 1
330: 360 1
331: 347 1
332: 359 1
333: 345 1
334: 360 1
335: 344 1
336: 357 1
337: 347 1
338: 347 1
339: 358 1
340: 353 1
341: 359 1
342: 350 1
343: 359 1
344: 351 1
345: 359 1
346: 355 1
347: 351 1
348: 353 1
349: 361 1
350: 351 1
351: 362 1
352: 349 1
353: 364 1
354: 348 1
355: 359 1
356: 360 1
357: 346 1
358: 359 1
359: 350 1
360: 360 1
361: 347 1
362: 358 1
363: 348 1
364: 343 1
365: 356 1
366: 345 1
367: 354 1
368: 345 1
369: 356 1
370: 349 1
371: 359 1
372: 360 1
373: 348 1
374: 351 1
375: 343 1
376: 356 1
377: 348 1
378: 357 1
379: 345 1
380: 345 1
381: 360 1
382: 347 1
383: 356 1
384: 347 1
385: 361 1
386: 350 1
387: 359 1
388: 361 1
389: 346 1
390: 361 1
391: 345 1
392: 359 1
393: 348 1
394: 358 1
395: 352 1
396: 346 1
397: 358 1
398: 343 1
399: 344 1
400: 363 1
401: 349 1
402: 357 1
403: 347 1
404: 361 1
405: 344 1
406: 357 1
407: 357 1
408: 346 1
409: 358 1
410: 346 1
411: 356 1
412: 347 1
413: 355 1
414: 343 1
415: 344 1
416: 357 1
417: 349 1
418: 360 1
419: 346 1
420: 359 1
421: 347 1
422: 356 1
423: 361 1
424: 347 1
425: 356 1
426: 344 1
427: 352 1
428: 343 1
429: 353 1
430: 342 1
431: 340 1
432: 352 1
433: 342 1
434: 355 1
435: 342 1
436: 357 1
437: 345 1
438: 352 1
439: 358 1
440: 343 1
441: 355 1
442: 343 1
443: 355 1
444: 343 1
445: 351 1
446: 359 0
447: 355 0
448: 358 0
449: 351 0
450: 347 0
451: 347 0
452: 345 0
453: 345 0
454: 346 0
455: 348 0
456: 350 0
457: 349 0
458: 348 0
459: 347 0
460: 352 0
461: 352 0
462: 355 0
463: 349 0
464: 353 0
465: 356 0
466: 352 0
467: 353 0
468: 356 0
469: 356 0
470: 354 0
471: 358 0
472: 347 0
473: 344 0
474: 345 0
475: 343 0
476: 342 0
477: 343 0
478: 339 0
479: 342 0
480: 345 0
481: 341 0
482: 342 0
483: 352 0
484: 352 0
485: 353 0
486: 356 0
487: 351 0
488: 355 0
489: 356 0
490: 352 0
491: 353 0
492: 357 0
493: 353 0
494: 353 0
495: 346 0
496: 348 0
497: 349 0
498: 347 0
499: 345 0
500: 347 0
