1: 717 1
2: 715 1
3: 715 1
4: 715 1
5: 715 1
6: 716 1
7: 715 1
8: 715 1
9: 715 1
10: 715 1
11: 715 1
12: 715 1
13: 715 1
14: 715 1
15: 717 1
16: 717 1
17: 717 1
18: 717 1
19: 718 1
20: 718 1
21: 715 1
22: 716 1
23: 716 1
24: 715 1
25: 715 1
26: 715 1
27: 717 1
28: 715 1
29: 715 1
30: 715 1
31: 715 1
32: 715 1
33: 715 1
34: 714 1
35: 718 1
36: 717 1
37: 718 1
38: 717 1
39: 718 1
40: 718 1
41: 721 1
42: 722 1
43: 718 1
44: 719 1
45: 719 1
46: 719 1
47: 714 1
48: 714 1
49: 714 1
50: 714 1
51: 715 1
52: 44 1
53: 715 1
54: 715 1
55: 72 1
56: 715 1
57: 715 1
58: 715 1
59: 715 1
60: 717 1
61: 715 1
62: 715 1
63: 715 1
64: 715 1
65: 715 1
66: 715 1
67: 715 1
68: 714 1
69: 714 1
70: 715 1
71: 715 1
72: 715 1
73: 715 1
74: 79 1
75: 14 1
76: 49 1
77: 714 1
78: 714 1
79: 715 1
80: 97 1
81: 41 1
82: 54 1
83: 95 1
84: 715 1
85: 715 1
86: 715 1
87: 715 1
88: 73 1
89: 39 1
90: 108 1
91: 106 1
92: 93 1
93: 47 1
94: 127 1
95: 82 1
96: 108 1
97: 100 1
98: 117 1
99: 85 1
100: 66 1
101: 47 1
102: 54 1
103: 44 0
104: 126 0
105: 107 0
106: 75 0
107: 85 0
108: 22 0
109: 32 0
110: 85 0
111: 56 0
112: 43 0
113: 73 0
114: 62 0
115: 49 0
116: 714 0
117: 83 0
118: 99 0
119: 715 0
120: 67 0
121: 77 0
122: 37 0
123: 714 0
124: 714 0
125: 714 0
126: 31 0
127: 61 0
128: 714 0
129: 61 0
130: 47 0
131: 714 0
132: 715 0
133: 714 0
134: 108 0
135: 63 0
136: 715 0
137: 715 0
138: 59 0
139: 82 0
140: 38 0
141: 92 0
142: 111 0
143: 24 0
144: 170 0
145: 97 0
146: 15 0
147: 60 0
148: 69 0
149: 50 0
150: 41 0
151: 65 0
152: 82 0
153: 42 1
154: 92 1
155: 83 1
156: 58 1
157: 9 1
158: 715 1
159: 715 1
160: 715 1
161: 715 1
162: 715 1
163: 715 1
164: 715 1
165: 715 1
166: 85 1
167: 76 1
168: 108 1
169: 75 1
170: 48 1
171: 77 1
172: 89 1
173: 27 1
174: 715 1
175: 715 1
176: 715 1
177: 715 1
178: 715 1
179: 715 1
180: 715 1
181: 715 1
182: 715 1
183: 123 1
184: 64 1
185: 9 1
186: 39 1
187: 47 1
188: 39 1
189: 15 1
190: 715 1
191: 714 1
192: 715 1
193: 714 1
194: 94 1
195: 99 1
196: 53 1
197: 59 1
198: 116 1
199: 121 1
200: 29 1
201: 88 1
202: 130 1
203: 81 0
204: 72 0
205: 92 0
206: 65 0
207: 91 0
208: 89 0
209: 99 0
210: 66 0
211: 99 0
212: 54 0
213: 48 0
214: 85 0
215: 59 0
216: 3 0
217: 715 0
218: 714 0
219: 715 0
220: 714 0
221: 715 0
222: 715 0
223: 100 0
224: 30 0
225: 89 0
226: 53 0
227: 714 0
228: 715 0
229: 714 0
230: 715 0
231: 716 0
232: 714 0
233: 714 0
234: 714 0
235: 714 0
236: 80 0
237: 35 0
238: 714 0
239: 714 0
240: 714 0
241: 79 0
242: 56 0
243: 714 0
244: 71 0
245: 714 0
246: 714 0
247: 714 0
248: 714 0
249: 714 0
250: 46 0
251: 715 0
252: 714 1
253: 714 1
254: 78 1
255: 715 1
256: 715 1
257: 17 1
258: 45 1
259: 48 1
260: 69 1
261: 49 1
262: 53 1
263: 715 1
264: 715 1
265: 715 1
266: 715 1
267: 715 1
268: 717 1
269: 715 1
270: 715 1
271: 715 1
272: 715 1
273: 715 1
274: 715 1
275: 715 1
276: 715 1
277: 715 1
278: 716 1
279: 715 1
280: 715 1
281: 715 1
282: 715 1
283: 715 1
284: 715 1
285: 715 1
286: 715 1
287: 715 1
288: 715 1
289: 715 1
290: 715 1
291: 715 1
292: 715 1
293: 715 1
294: 715 1
295: 715 1
296: 715 1
297: 715 1
298: 715 1
299: 715 1
300: 715 1
301: 715 1
302: 715 0
303: 715 0
304: 715 0
305: 715 0
306: 715 0
307: 715 0
308: 715 0
309: 715 0
310: 715 0
311: 715 0
312: 715 0
313: 715 0
314: 715 0
315: 715 0
316: 715 0
317: 715 0
318: 715 0
319: 715 0
320: 715 0
321: 715 0
322: 715 0
323: 715 0
324: 715 0
325: 715 0
326: 715 0
327: 715 0
328: 715 0
329: 715 0
330: 715 0
331: 715 0
332: 715 0
333: 715 0
334: 715 0
335: 714 0
336: 715 0
337: 715 0
338: 715 0
339: 715 0
340: 715 0
341: 715 0
342: 715 0
343: 715 0
344: 67 0
345: 715 0
346: 715 0
347: 714 0
348: 715 0
349: 715 0
350: 714 0
351: 715 0
352: 714 0
353: 714 0
354: 714 0
355: 714 0
356: 714 0
357: 714 0
358: 714 0
359: 715 0
360: 714 0
361: 714 0
362: 714 0
363: 714 0
364: 714 0
365: 714 0
366: 714 0
367: 714 0
368: 714 0
369: 714 0
370: 714 0
371: 714 0
372: 714 0
373: 714 0
374: 714 0
375: 714 0
376: 714 0
377: 715 0
378: 714 0
379: 715 0
380: 714 0
381: 714 0
382: 714 0
383: 714 0
384: 714 0
385: 714 0
386: 714 0
387: 714 0
388: 714 0
389: 714 0
390: 714 0
391: 714 0
392: 714 0
393: 714 0
394: 714 0
395: 714 0
396: 714 0
397: 714 0
398: 714 0
399: 714 0
400: 714 0
401: 714 0
402: 714 0
403: 714 0
404: 714 0
405: 714 0
406: 715 0
407: 714 0
408: 714 0
409: 715 0
410: 714 0
411: 716 0
412: 715 0
413: 714 0
414: 714 0
415: 715 0
416: 715 0
417: 714 0
418: 714 0
419: 716 0
420: 714 0
421: 714 0
422: 714 0
423: 714 0
424: 715 0
425: 117 0
426: 116 0
427: 115 0
428: 63 0
429: 52 0
430: 65 0
431: 60 0
432: 714 0
433: 714 0
434: 714 0
435: 714 0
436: 714 0
437: 714 0
438: 714 0
439: 73 0
440: 714 0
441: 714 0
442: 714 0
443: 714 0
444: 714 0
445: 714 0
446: 714 0
447: 714 0
448: 714 0
449: 40 1
450: 715 1
451: 715 1
452: 714 1
453: 715 1
454: 714 1
455: 714 1
456: 21 1
457: 714 1
458: 714 1
459: 715 1
460: 715 1
461: 714 1
462: 715 1
463: 714 1
464: 714 1
465: 715 1
466: 714 1
467: 714 1
468: 715 1
469: 715 1
470: 714 1
471: 715 1
472: 715 1
473: 715 1
474: 714 1
475: 715 1
476: 715 1
477: 714 1
478: 715 1
479: 715 1
480: 715 1
481: 714 1
482: 715 1
483: 715 1
484: 715 1
485: 715 1
486: 715 1
487: 715 1
488: 714 1
489: 714 1
490: 715 1
491: 715 1
492: 715 1
493: 715 1
494: 715 1
495: 714 1
496: 715 1
497: 715 1
498: 715 1
499: 714 0
500: 714 0
