1: 63 0
2: 39 0
3: 12 0
4: 56 0
5: 35 0
6: 31 0
7: 55 0
8: 55 0
9: 37 0
10: 44 0
11: 44 0
12: 717 0
13: 717 0
14: 719 0
15: 718 0
16: 719 0
17: 718 0
18: 718 0
19: 718 0
20: 719 0
21: 718 0
22: 717 0
23: 718 0
24: 718 0
25: 717 0
26: 716 0
27: 717 0
28: 716 0
29: 717 0
30: 718 0
31: 716 0
32: 716 0
33: 716 0
34: 717 0
35: 717 0
36: 716 0
37: 716 0
38: 717 0
39: 29 0
40: 33 0
41: 107 0
42: 77 0
43: 18 0
44: 98 0
45: 69 0
46: 74 0
47: 37 0
48: 29 0
49: 56 0
50: 62 0
51: 64 0
52: 42 0
53: 53 1
54: 63 1
55: 30 1
56: 134 1
57: 69 1
58: 66 1
59: 92 1
60: 60 1
61: 66 1
62: 37 1
63: 85 1
64: 61 1
65: 57 1
66: 49 1
67: 65 1
68: 67 1
69: 89 1
70: 13 1
71: 43 1
72: 16 1
73: 91 1
74: 20 1
75: 80 1
76: 71 1
77: 100 1
78: 92 1
79: 99 1
80: 17 1
81: 716 1
82: 717 1
83: 716 1
84: 717 1
85: 717 1
86: 717 1
87: 717 1
88: 716 1
89: 717 1
90: 717 1
91: 717 1
92: 716 1
93: 45 1
94: 79 1
95: 39 1
96: 81 1
97: 40 1
98: 52 1
99: 25 1
100: 55 1
101: 94 1
102: 61 1
103: 59 1
104: 86 0
105: 83 0
106: 22 0
107: 81 0
108: 78 0
109: 99 0
110: 48 0
111: 68 0
112: 56 0
113: 53 0
114: 55 0
115: 16 0
116: 716 0
117: 716 0
118: 716 0
119: 716 0
120: 716 0
121: 716 0
122: 716 0
123: 716 0
124: 716 0
125: 716 0
126: 716 0
127: 716 0
128: 717 0
129: 716 0
130: 716 0
131: 716 0
132: 716 0
133: 716 0
134: 716 0
135: 716 0
136: 716 0
137: 716 0
138: 718 0
139: 716 0
140: 716 0
141: 716 0
142: 716 0
143: 717 0
144: 718 0
145: 717 0
146: 716 0
147: 717 0
148: 716 0
149: 716 0
150: 717 0
151: 716 0
152: 716 0
153: 716 0
154: 716 0
155: 716 0
156: 716 0
157: 95 0
158: 74 0
159: 90 0
160: 61 0
161: 66 0
162: 95 0
163: 72 0
164: 109 0
165: 121 0
166: 82 0
167: 110 0
168: 68 0
169: 73 0
170: 96 0
171: 108 0
172: 73 0
173: 116 0
174: 71 0
175: 84 0
176: 35 0
177: 43 0
178: 103 0
179: 61 0
180: 87 0
181: 82 0
182: 110 0
183: 86 0
184: 110 0
185: 112 0
186: 75 0
187: 118 0
188: 47 0
189: 67 0
190: 86 0
191: 71 0
192: 77 0
193: 42 0
194: 99 0
195: 39 0
196: 58 0
197: 86 0
198: 61 0
199: 111 0
200: 143 0
201: 134 0
202: 113 0
203: 171 1
204: 129 1
205: 97 1
206: 133 1
207: 145 1
208: 163 1
209: 161 1
210: 97 1
211: 147 1
212: 122 1
213: 128 1
214: 119 1
215: 91 1
216: 109 1
217: 116 1
218: 145 1
219: 131 1
220: 101 1
221: 115 1
222: 109 1
223: 127 1
224: 83 1
225: 115 1
226: 76 1
227: 42 1
228: 35 1
229: 79 1
230: 31 1
231: 55 1
232: 59 1
233: 59 1
234: 25 1
235: 27 1
236: 9 1
237: 717 1
238: 717 1
239: 717 1
240: 717 1
241: 717 1
242: 717 1
243: 717 1
244: 716 1
245: 717 1
246: 717 1
247: 716 1
248: 716 1
249: 717 1
250: 718 1
251: 717 1
252: 716 1
253: 718 0
254: 717 0
255: 716 0
256: 717 0
257: 716 0
258: 86 0
259: 41 0
260: 59 0
261: 69 0
262: 37 0
263: 49 0
264: 75 0
265: 53 0
266: 55 0
267: 84 0
268: 67 0
269: 107 0
270: 93 0
271: 32 0
272: 58 0
273: 103 0
274: 59 0
275: 111 0
276: 80 0
277: 31 0
278: 85 0
279: 63 0
280: 120 0
281: 38 0
282: 83 0
283: 61 0
284: 35 0
285: 73 0
286: 106 0
287: 100 0
288: 109 0
289: 86 0
290: 83 0
291: 11 0
292: 47 0
293: 52 0
294: 52 0
295: 63 0
296: 91 0
297: 89 0
298: 35 0
299: 73 0
300: 83 0
301: 47 0
302: 97 0
303: 66 1
304: 99 1
305: 46 1
306: 69 1
307: 89 1
308: 68 1
309: 65 1
310: 43 1
311: 68 1
312: 87 1
313: 93 1
314: 109 1
315: 36 1
316: 39 1
317: 80 1
318: 54 1
319: 88 1
320: 58 1
321: 52 1
322: 94 1
323: 83 1
324: 61 1
325: 86 1
326: 120 1
327: 50 1
328: 72 1
329: 52 1
330: 90 1
331: 142 1
332: 94 1
333: 69 1
334: 49 1
335: 78 1
336: 97 1
337: 129 1
338: 134 1
339: 105 1
340: 115 1
341: 99 1
342: 86 1
343: 102 1
344: 78 1
345: 136 1
346: 70 1
347: 115 1
348: 65 1
349: 131 1
350: 111 1
351: 70 1
352: 80 1
353: 122 1
354: 100 1
355: 126 1
356: 75 1
357: 65 1
358: 60 1
359: 94 1
360: 110 1
361: 112 1
362: 71 1
363: 100 1
364: 101 1
365: 90 1
366: 119 1
367: 47 1
368: 81 1
369: 78 1
370: 93 1
371: 105 1
372: 47 1
373: 61 1
374: 31 1
375: 104 1
376: 177 1
377: 54 1
378: 147 1
379: 91 1
380: 67 1
381: 35 1
382: 66 1
383: 106 1
384: 142 1
385: 70 1
386: 87 1
387: 52 1
388: 70 1
389: 70 1
390: 111 1
391: 99 1
392: 66 1
393: 34 1
394: 81 1
395: 721 1
396: 716 1
397: 55 1
398: 67 1
399: 94 1
400: 34 1
401: 83 1
402: 47 1
403: 83 1
404: 105 1
405: 81 0
406: 101 0
407: 79 0
408: 92 0
409: 37 0
410: 37 0
411: 96 0
412: 73 0
413: 103 0
414: 54 0
415: 97 0
416: 108 0
417: 93 0
418: 93 0
419: 49 0
420: 85 0
421: 58 0
422: 103 0
423: 85 0
424: 94 0
425: 110 0
426: 134 0
427: 105 0
428: 97 0
429: 19 0
430: 59 0
431: 81 0
432: 95 0
433: 82 0
434: 78 0
435: 40 0
436: 75 0
437: 125 0
438: 85 0
439: 127 0
440: 138 0
441: 118 0
442: 105 0
443: 101 0
444: 115 0
445: 94 0
446: 109 0
447: 75 0
448: 78 0
449: 86 0
450: 80 0
451: 93 0
452: 58 0
453: 57 0
454: 92 0
455: 126 1
456: 65 1
457: 52 1
458: 62 1
459: 34 1
460: 88 1
461: 82 1
462: 79 1
463: 50 1
464: 76 1
465: 157 1
466: 73 1
467: 119 1
468: 52 1
469: 121 1
470: 55 1
471: 36 1
472: 25 1
473: 63 1
474: 50 1
475: 34 1
476: 81 1
477: 70 1
478: 77 1
479: 87 1
480: 80 1
481: 85 1
482: 97 1
483: 71 1
484: 71 1
485: 68 1
486: 61 1
487: 73 1
488: 62 1
489: 44 1
490: 47 1
491: 61 1
492: 26 1
493: 44 1
494: 33 1
495: 66 1
496: 49 1
497: 80 1
498: 76 1
499: 26 1
500: 716 1
