1: 718 0
2: 715 0
3: 716 0
4: 715 0
5: 715 0
6: 716 0
7: 715 0
8: 715 0
9: 715 0
10: 715 0
11: 715 0
12: 717 0
13: 715 0
14: 715 0
15: 717 0
16: 717 0
17: 717 0
18: 718 0
19: 718 0
20: 719 0
21: 715 0
22: 716 0
23: 716 0
24: 715 0
25: 714 0
26: 715 0
27: 715 0
28: 714 0
29: 715 0
30: 715 0
31: 715 0
32: 715 0
33: 715 0
34: 715 0
35: 715 0
36: 715 0
37: 715 0
38: 714 0
39: 714 0
40: 716 0
41: 717 0
42: 715 0
43: 714 0
44: 716 0
45: 715 0
46: 714 0
47: 715 0
48: 715 0
49: 715 0
50: 714 0
51: 715 0
52: 715 0
53: 715 0
54: 715 0
55: 714 0
56: 715 0
57: 715 0
58: 715 0
59: 715 0
60: 715 0
61: 715 0
62: 715 0
63: 715 0
64: 715 0
65: 715 0
66: 715 0
67: 715 0
68: 715 0
69: 715 0
70: 715 0
71: 715 0
72: 715 0
73: 714 0
74: 715 0
75: 715 0
76: 104 0
77: 84 0
78: 56 0
79: 89 0
80: 93 0
81: 60 0
82: 87 0
83: 9 0
84: 35 0
85: 55 0
86: 714 0
87: 715 0
88: 714 0
89: 715 0
90: 715 0
91: 715 0
92: 59 0
93: 85 0
94: 45 0
95: 107 0
96: 88 0
97: 37 0
98: 81 0
99: 714 0
100: 714 0
101: 715 0
102: 714 0
103: 715 1
104: 715 1
105: 715 1
106: 715 1
107: 714 1
108: 715 1
109: 715 1
110: 715 1
111: 715 1
112: 715 1
113: 715 1
114: 714 1
115: 714 1
116: 714 1
117: 715 1
118: 715 1
119: 715 1
120: 715 1
121: 715 1
122: 715 1
123: 715 1
124: 715 1
125: 715 1
126: 715 1
127: 715 1
128: 715 1
129: 715 1
130: 715 1
131: 715 1
132: 715 1
133: 715 1
134: 715 1
135: 715 1
136: 715 1
137: 715 1
138: 715 1
139: 715 1
140: 715 1
141: 715 1
142: 715 1
143: 715 1
144: 715 1
145: 715 1
146: 715 1
147: 715 1
148: 715 1
149: 715 1
150: 715 1
151: 715 1
152: 715 1
153: 715 1
154: 715 1
155: 715 1
156: 715 1
157: 715 1
158: 715 1
159: 715 1
160: 715 1
161: 715 1
162: 715 1
163: 715 1
164: 715 1
165: 715 1
166: 715 1
167: 715 1
168: 715 1
169: 715 1
170: 715 1
171: 715 1
172: 715 1
173: 715 1
174: 715 1
175: 715 1
176: 715 1
177: 715 1
178: 715 1
179: 715 1
180: 715 1
181: 715 1
182: 715 1
183: 715 1
184: 715 1
185: 715 1
186: 715 1
187: 715 1
188: 715 1
189: 715 1
190: 715 1
191: 715 1
192: 715 1
193: 715 1
194: 715 1
195: 715 1
196: 715 1
197: 715 1
198: 715 1
199: 715 1
200: 715 1
201: 715 1
202: 715 1
203: 715 1
204: 715 1
205: 715 1
206: 715 1
207: 118 1
208: 715 1
209: 715 1
210: 715 1
211: 715 1
212: 715 1
213: 715 1
214: 715 1
215: 715 1
216: 715 1
217: 715 1
218: 715 1
219: 715 1
220: 715 1
221: 715 1
222: 715 1
223: 715 1
224: 715 1
225: 715 1
226: 67 1
227: 32 1
228: 715 1
229: 715 1
230: 715 1
231: 715 1
232: 715 1
233: 714 1
234: 715 1
235: 715 1
236: 715 1
237: 86 1
238: 16 1
239: 715 1
240: 715 1
241: 43 1
242: 25 1
243: 34 1
244: 103 1
245: 96 1
246: 59 1
247: 28 1
248: 715 1
249: 715 1
250: 81 1
251: 715 1
252: 12 0
253: 714 0
254: 715 0
255: 715 0
256: 715 0
257: 715 0
258: 714 0
259: 37 0
260: 37 0
261: 44 0
262: 43 0
263: 50 0
264: 105 0
265: 104 0
266: 715 0
267: 715 0
268: 715 0
269: 715 0
270: 715 0
271: 715 0
272: 714 0
273: 714 0
274: 715 0
275: 714 0
276: 714 0
277: 715 0
278: 715 0
279: 714 0
280: 715 0
281: 715 0
282: 714 0
283: 715 0
284: 715 0
285: 715 0
286: 714 0
287: 714 0
288: 714 0
289: 714 0
290: 714 0
291: 714 0
292: 714 0
293: 714 0
294: 714 0
295: 714 0
296: 714 0
297: 714 0
298: 714 0
299: 714 0
300: 714 0
301: 715 0
302: 714 0
303: 715 0
304: 714 0
305: 714 0
306: 717 0
307: 714 0
308: 714 0
309: 715 0
310: 714 0
311: 714 0
312: 714 0
313: 714 0
314: 714 0
315: 714 0
316: 714 0
317: 714 0
318: 714 0
319: 714 0
320: 714 0
321: 714 0
322: 714 0
323: 714 0
324: 714 0
325: 714 0
326: 714 0
327: 714 0
328: 714 0
329: 714 0
330: 714 0
331: 714 0
332: 86 0
333: 93 0
334: 83 0
335: 16 0
336: 714 0
337: 714 0
338: 89 0
339: 73 0
340: 64 0
341: 89 0
342: 715 0
343: 714 0
344: 714 0
345: 714 0
346: 716 0
347: 714 0
348: 714 0
349: 714 0
350: 714 0
351: 715 1
352: 715 1
353: 714 1
354: 714 1
355: 41 1
356: 715 1
357: 714 1
358: 714 1
359: 715 1
360: 714 1
361: 714 1
362: 715 1
363: 714 1
364: 714 1
365: 715 1
366: 714 1
367: 714 1
368: 715 1
369: 715 1
370: 714 1
371: 714 1
372: 714 1
373: 714 1
374: 715 1
375: 714 1
376: 714 1
377: 714 1
378: 715 1
379: 714 1
380: 714 1
381: 714 1
382: 715 1
383: 714 1
384: 58 1
385: 95 1
386: 106 1
387: 55 1
388: 715 1
389: 715 1
390: 714 1
391: 714 1
392: 714 1
393: 714 1
394: 715 1
395: 715 1
396: 714 1
397: 715 1
398: 714 1
399: 714 1
400: 714 0
401: 714 0
402: 714 0
403: 714 0
404: 714 0
405: 715 0
406: 715 0
407: 714 0
408: 715 0
409: 715 0
410: 715 0
411: 714 0
412: 715 0
413: 714 0
414: 715 0
415: 714 0
416: 714 0
417: 714 0
418: 714 0
419: 714 0
420: 714 0
421: 714 0
422: 714 0
423: 714 0
424: 714 0
425: 714 0
426: 715 0
427: 714 0
428: 715 0
429: 715 0
430: 714 0
431: 715 0
432: 715 0
433: 714 0
434: 714 0
435: 715 0
436: 714 0
437: 714 0
438: 714 0
439: 714 0
440: 714 0
441: 715 0
442: 714 0
443: 714 0
444: 714 0
445: 714 0
446: 714 0
447: 714 0
448: 714 0
449: 714 0
450: 715 0
451: 714 0
452: 715 0
453: 715 1
454: 715 1
455: 715 1
456: 714 1
457: 715 1
458: 714 1
459: 100 1
460: 77 1
461: 101 1
462: 99 1
463: 47 1
464: 47 1
465: 130 1
466: 55 1
467: 74 1
468: 63 1
469: 120 1
470: 127 1
471: 41 1
472: 89 1
473: 25 1
474: 20 1
475: 92 1
476: 67 1
477: 715 1
478: 715 1
479: 715 1
480: 715 1
481: 715 1
482: 181 1
483: 101 1
484: 93 1
485: 66 1
486: 61 1
487: 715 1
488: 715 1
489: 51 1
490: 68 1
491: 31 1
492: 91 1
493: 63 1
494: 70 1
495: 47 1
496: 20 1
497: 715 1
498: 56 1
499: 79 1
500: 100 1
