1: 0 0
2: 0 0
3: 0 0
4: 0 0
5: 0 0
6: 0 0
7: 5 0
8: 2 0
9: 0 0
10: 3 0
11: 0 0
12: 0 0
13: 0 0
14: 0 0
15: 0 0
16: 0 0
17: 2 0
18: 2 0
19: 0 0
20: 0 0
21: 0 0
22: 0 0
23: 0 0
24: 0 0
25: 0 0
26: 0 0
27: 0 0
28: 0 0
29: 0 0
30: 0 0
31: 9 0
32: 0 0
33: 0 0
34: 26 0
35: 0 0
36: 22 0
37: 0 0
38: 1 0
39: 0 0
40: 35 0
41: 0 0
42: 0 0
43: 0 0
44: 0 0
45: 0 0
46: 0 0
47: 0 0
48: 0 0
49: 1 0
50: 0 0
51: 0 0
52: 0 0
53: 1 0
54: 7 0
55: 0 1
56: 55 1
57: 0 1
58: 0 1
59: 0 1
60: 5 1
61: 6 1
62: 3 1
63: 10 1
64: 9 1
65: 0 1
66: 0 1
67: 3 1
68: 5 1
69: 0 1
70: 0 1
71: 1 1
72: 0 1
73: 0 1
74: 7 1
75: 10 1
76: 1 1
77: 3 1
78: 21 1
79: 0 1
80: 32 1
81: 0 1
82: 7 1
83: 0 1
84: 14 1
85: 11 1
86: 6 1
87: 29 1
88: 19 1
89: 6 1
90: 0 1
91: 2 1
92: 0 1
93: 0 1
94: 10 1
95: 0 1
96: 0 1
97: 0 1
98: 0 1
99: 0 1
100: 0 1
101: 0 1
102: 0 1
103: 0 1
104: 0 1
105: 7 1
106: 0 1
107: 0 0
108: 0 0
109: 0 0
110: 23 0
111: 0 0
112: 0 0
113: 0 0
114: 0 0
115: 0 0
116: 8 0
117: 0 0
118: 0 0
119: 0 0
120: 0 0
121: 0 0
122: 0 0
123: 0 0
124: 0 0
125: 0 0
126: 0 0
127: 0 0
128: 1 0
129: 0 0
130: 0 0
131: 0 0
132: 0 0
133: 0 0
134: 0 0
135: 20 0
136: 42 0
137: 0 0
138: 0 0
139: 13 0
140: 0 0
141: 0 0
142: 0 0
143: 0 0
144: 1 0
145: 0 0
146: 0 0
147: 0 0
148: 0 0
149: 7 0
150: 0 0
151: 0 0
152: 0 0
153: 0 0
154: 0 0
155: 28 0
156: 0 0
157: 0 0
158: 0 0
159: 0 1
160: 0 1
161: 0 1
162: 0 1
163: 28 1
164: 0 1
165: 0 1
166: 0 1
167: 0 1
168: 0 1
169: 0 1
170: 0 1
171: 0 1
172: 0 1
173: 0 1
174: 0 1
175: 0 1
176: 0 1
177: 0 1
178: 0 1
179: 1 1
180: 0 1
181: 0 1
182: 0 1
183: 1 1
184: 2 1
185: 2 1
186: 0 1
187: 0 1
188: 0 1
189: 0 1
190: 0 1
191: 0 1
192: 4 1
193: 0 1
194: 0 1
195: 0 1
196: 0 1
197: 1 1
198: 0 1
199: 2 1
200: 0 1
201: 0 1
202: 0 1
203: 0 1
204: 0 1
205: 0 1
206: 0 1
207: 0 1
208: 9 1
209: 0 1
210: 0 1
211: 4 0
212: 0 0
213: 0 0
214: 0 0
215: 0 0
216: 25 0
217: 3 0
218: 0 0
219: 0 0
220: 0 0
221: 0 0
222: 0 0
223: 0 0
224: 0 0
225: 40 0
226: 0 0
227: 2 0
228: 0 0
229: 0 0
230: 0 0
231: 0 0
232: 0 0
233: 0 0
234: 7 0
235: 17 0
236: 0 0
237: 0 0
238: 2 0
239: 3 0
240: 15 0
241: 0 0
242: 5 0
243: 13 0
244: 16 0
245: 0 0
246: 0 0
247: 0 0
248: 7 0
249: 0 0
250: 0 0
251: 17 0
252: 59 0
253: 0 0
254: 85 0
255: 0 0
256: 2 0
257: 7 0
258: 0 0
259: 0 0
260: 0 0
261: 5 0
262: 0 0
263: 0 0
264: 0 0
265: 1 0
266: 0 0
267: 2 0
268: 0 0
269: 33 0
270: 0 0
271: 0 0
272: 0 0
273: 7 0
274: 0 0
275: 0 0
276: 3 0
277: 17 0
278: 0 0
279: 0 0
280: 0 0
281: 0 0
282: 0 0
283: 0 0
284: 0 0
285: 0 0
286: 0 0
287: 0 0
288: 0 0
289: 15 0
290: 0 0
291: 0 0
292: 3 0
293: 14 0
294: 0 0
295: 0 0
296: 0 0
297: 0 0
298: 19 0
299: 0 0
300: 0 0
301: 0 0
302: 0 0
303: 0 0
304: 0 0
305: 0 0
306: 0 0
307: 0 0
308: 3 0
309: 0 0
310: 0 0
311: 0 0
312: 0 0
313: 0 0
314: 0 0
315: 0 0
316: 0 0
317: 0 0
318: 0 0
319: 0 0
320: 0 0
321: 0 0
322: 5 0
323: 0 0
324: 0 0
325: 0 0
326: 0 0
327: 4 0
328: 12 0
329: 1 0
330: 0 0
331: 0 0
332: 8 0
333: 0 0
334: 0 0
335: 2 0
336: 1 0
337: 0 0
338: 0 0
339: 0 0
340: 23 0
341: 1 0
342: 7 0
343: 0 0
344: 0 0
345: 0 0
346: 0 0
347: 0 0
348: 58 0
349: 0 0
350: 0 0
351: 0 0
352: 0 0
353: 7 0
354: 10 0
355: 0 0
356: 0 0
357: 0 0
358: 0 0
359: 0 0
360: 1 0
361: 0 0
362: 0 0
363: 1 0
364: 1 0
365: 0 0
366: 8 1
367: 10 1
368: 0 1
369: 0 1
370: 0 1
371: 0 1
372: 0 1
373: 7 1
374: 0 1
375: 0 1
376: 23 1
377: 13 1
378: 0 1
379: 0 1
380: 0 1
381: 10 1
382: 14 1
383: 0 1
384: 0 1
385: 0 1
386: 7 1
387: 3 1
388: 16 1
389: 0 1
390: 3 1
391: 6 1
392: 0 1
393: 0 1
394: 0 1
395: 0 1
396: 0 1
397: 0 1
398: 0 1
399: 0 1
400: 0 1
401: 0 1
402: 0 1
403: 0 1
404: 0 1
405: 0 1
406: 0 1
407: 0 1
408: 0 1
409: 0 1
410: 2 1
411: 0 1
412: 7 1
413: 1 1
414: 13 1
415: 0 1
416: 0 1
417: 0 1
418: 5 1
419: 0 1
420: 1 1
421: 0 1
422: 0 1
423: 2 1
424: 0 1
425: 0 1
426: 0 1
427: 0 1
428: 0 1
429: 0 1
430: 0 1
431: 0 1
432: 0 1
433: 0 1
434: 0 1
435: 0 1
436: 0 1
437: 0 1
438: 0 1
439: 5 1
440: 0 1
441: 20 1
442: 12 1
443: 3 1
444: 1 1
445: 35 1
446: 12 1
447: 0 1
448: 11 1
449: 0 1
450: 2 1
451: 2 1
452: 0 1
453: 0 1
454: 0 1
455: 1 1
456: 0 1
457: 0 1
458: 0 1
459: 0 1
460: 0 1
461: 0 1
462: 0 1
463: 0 1
464: 0 1
465: 0 1
466: 0 1
467: 0 1
468: 0 1
469: 0 1
470: 0 1
471: 0 1
472: 7 1
473: 0 1
474: 0 1
475: 0 1
476: 0 1
477: 8 1
478: 5 1
479: 8 1
480: 0 1
481: 0 1
482: 0 1
483: 2 1
484: 39 1
485: 0 1
486: 0 1
487: 0 1
488: 0 1
489: 0 1
490: 13 1
491: 3 1
492: 0 1
493: 9 1
494: 0 1
495: 0 1
496: 1 1
497: 0 1
498: 0 1
499: 3 1
500: 3 1
