1: 718 1
2: 716 1
3: 715 1
4: 715 1
5: 715 1
6: 716 1
7: 715 1
8: 715 1
9: 715 1
10: 715 1
11: 715 1
12: 34 1
13: 18 1
14: 717 1
15: 717 1
16: 717 1
17: 717 1
18: 716 1
19: 718 1
20: 716 1
21: 714 1
22: 716 1
23: 716 1
24: 715 1
25: 714 1
26: 715 1
27: 715 1
28: 714 1
29: 715 1
30: 715 1
31: 715 1
32: 715 1
33: 715 1
34: 715 1
35: 715 1
36: 715 1
37: 715 1
38: 715 1
39: 715 1
40: 717 1
41: 717 1
42: 716 1
43: 715 1
44: 715 1
45: 715 1
46: 715 1
47: 715 1
48: 715 1
49: 715 1
50: 715 1
51: 715 1
52: 715 1
53: 715 1
54: 715 1
55: 715 1
56: 715 1
57: 715 1
58: 715 1
59: 714 1
60: 715 1
61: 715 1
62: 715 1
63: 715 1
64: 715 1
65: 715 1
66: 715 1
67: 715 1
68: 715 1
69: 715 1
70: 715 1
71: 715 1
72: 75 1
73: 53 1
74: 50 1
75: 66 1
76: 36 1
77: 83 1
78: 87 1
79: 88 1
80: 715 1
81: 715 1
82: 715 1
83: 715 1
84: 715 1
85: 715 1
86: 715 1
87: 714 1
88: 714 1
89: 714 1
90: 715 1
91: 87 1
92: 74 1
93: 96 1
94: 119 1
95: 94 1
96: 88 1
97: 99 1
98: 714 1
99: 714 1
100: 715 1
101: 714 1
102: 714 1
103: 714 1
104: 715 1
105: 715 1
106: 71 1
107: 49 1
108: 714 1
109: 715 1
110: 714 1
111: 714 1
112: 714 1
113: 714 1
114: 714 1
115: 715 1
116: 715 1
117: 715 1
118: 715 1
119: 714 1
120: 714 1
121: 715 1
122: 715 1
123: 714 1
124: 715 1
125: 714 1
126: 715 1
127: 714 1
128: 714 1
129: 715 1
130: 715 1
131: 715 1
132: 714 1
133: 715 1
134: 714 1
135: 714 1
136: 715 1
137: 714 1
138: 714 1
139: 715 1
140: 715 1
141: 715 1
142: 714 1
143: 715 1
144: 714 1
145: 715 1
146: 714 1
147: 714 1
148: 714 1
149: 715 1
150: 714 1
151: 715 1
152: 714 1
153: 715 1
154: 714 1
155: 714 1
156: 715 1
157: 714 1
158: 714 1
159: 714 1
160: 714 1
161: 714 1
162: 715 1
163: 715 1
164: 715 1
165: 718 1
166: 714 1
167: 715 1
168: 715 1
169: 715 1
170: 715 1
171: 715 1
172: 34 1
173: 715 1
174: 715 1
175: 715 1
176: 715 1
177: 715 1
178: 715 1
179: 715 1
180: 715 1
181: 715 1
182: 715 1
183: 715 1
184: 715 1
185: 715 1
186: 715 1
187: 715 1
188: 715 1
189: 715 1
190: 715 1
191: 715 1
192: 715 1
193: 715 1
194: 715 1
195: 715 1
196: 715 1
197: 715 1
198: 714 1
199: 715 1
200: 715 1
201: 714 0
202: 714 0
203: 714 0
204: 715 0
205: 714 0
206: 715 0
207: 715 0
208: 714 0
209: 715 0
210: 715 0
211: 715 0
212: 715 0
213: 715 0
214: 715 0
215: 715 0
216: 715 0
217: 715 0
218: 715 0
219: 715 0
220: 715 0
221: 715 0
222: 715 0
223: 715 0
224: 715 0
225: 714 0
226: 714 0
227: 714 0
228: 714 0
229: 716 0
230: 715 0
231: 715 0
232: 715 0
233: 714 0
234: 714 0
235: 714 0
236: 715 0
237: 714 0
238: 714 0
239: 715 0
240: 715 0
241: 714 0
242: 715 0
243: 714 0
244: 714 0
245: 99 0
246: 714 0
247: 714 0
248: 714 0
249: 714 0
250: 714 0
251: 714 0
252: 714 0
253: 714 0
254: 715 0
255: 715 0
256: 715 0
257: 715 0
258: 714 0
259: 715 0
260: 714 0
261: 714 0
262: 715 0
263: 715 0
264: 5 0
265: 715 0
266: 717 0
267: 714 0
268: 714 0
269: 715 0
270: 715 0
271: 714 0
272: 714 0
273: 715 0
274: 714 0
275: 714 0
276: 715 0
277: 714 0
278: 714 0
279: 714 0
280: 714 0
281: 715 0
282: 715 0
283: 715 0
284: 715 0
285: 715 0
286: 715 0
287: 717 0
288: 715 0
289: 715 0
290: 715 0
291: 715 0
292: 715 0
293: 715 0
294: 714 0
295: 714 0
296: 714 0
297: 714 0
298: 714 0
299: 715 1
300: 715 1
301: 715 1
302: 715 1
303: 715 1
304: 715 1
305: 715 1
306: 715 1
307: 715 1
308: 715 1
309: 714 1
310: 714 1
311: 715 1
312: 715 1
313: 715 1
314: 714 1
315: 715 1
316: 714 1
317: 714 1
318: 714 1
319: 714 1
320: 714 1
321: 714 1
322: 714 1
323: 715 1
324: 714 1
325: 714 1
326: 714 1
327: 714 1
328: 714 1
329: 715 1
330: 715 1
331: 714 1
332: 715 1
333: 714 1
334: 715 1
335: 714 1
336: 714 1
337: 715 1
338: 715 1
339: 714 1
340: 715 1
341: 714 1
342: 715 1
343: 715 1
344: 715 1
345: 715 1
346: 714 1
347: 714 1
348: 714 0
349: 714 0
350: 714 0
351: 714 0
352: 714 0
353: 714 0
354: 714 0
355: 714 0
356: 714 0
357: 714 0
358: 714 0
359: 714 0
360: 714 0
361: 714 0
362: 714 0
363: 714 0
364: 714 0
365: 714 0
366: 714 0
367: 714 0
368: 714 0
369: 715 0
370: 714 0
371: 714 0
372: 714 0
373: 714 0
374: 714 0
375: 714 0
376: 714 0
377: 84 0
378: 140 0
379: 37 0
380: 714 0
381: 715 0
382: 95 0
383: 97 0
384: 715 0
385: 714 0
386: 714 0
387: 714 0
388: 714 0
389: 714 0
390: 714 0
391: 714 0
392: 714 0
393: 714 0
394: 714 0
395: 714 0
396: 714 0
397: 715 0
398: 715 0
399: 714 0
400: 715 0
401: 715 0
402: 715 0
403: 714 0
404: 715 0
405: 715 0
406: 715 0
407: 715 0
408: 715 0
409: 714 0
410: 715 0
411: 715 0
412: 714 0
413: 715 0
414: 714 0
415: 715 0
416: 715 0
417: 714 0
418: 715 0
419: 715 0
420: 715 0
421: 715 0
422: 715 0
423: 715 0
424: 715 0
425: 715 0
426: 714 0
427: 715 0
428: 715 0
429: 714 0
430: 715 0
431: 715 0
432: 714 0
433: 715 0
434: 715 0
435: 1 0
436: 715 0
437: 714 0
438: 714 0
439: 715 0
440: 715 0
441: 715 0
442: 715 0
443: 715 0
444: 715 0
445: 715 0
446: 715 0
447: 715 0
448: 715 0
449: 715 0
450: 715 0
451: 715 0
452: 714 0
453: 715 0
454: 715 0
455: 715 0
456: 714 0
457: 714 0
458: 715 0
459: 714 0
460: 715 0
461: 715 0
462: 715 0
463: 714 0
464: 714 0
465: 714 0
466: 715 0
467: 714 0
468: 715 0
469: 715 0
470: 715 0
471: 714 0
472: 715 0
473: 715 0
474: 715 0
475: 715 0
476: 715 0
477: 715 0
478: 715 0
479: 715 0
480: 715 0
481: 715 0
482: 715 0
483: 715 0
484: 715 0
485: 715 0
486: 715 0
487: 714 0
488: 714 0
489: 715 0
490: 714 0
491: 714 0
492: 715 0
493: 715 0
494: 715 0
495: 715 0
496: 715 0
497: 715 0
498: 714 0
499: 714 0
500: 714 0
