1: 220 0
2: 253 0
3: 193 0
4: 226 0
5: 228 0
6: 188 0
7: 243 0
8: 303 0
9: 253 0
10: 242 0
11: 307 0
12: 216 0
13: 261 0
14: 223 0
15: 225 0
16: 210 0
17: 202 0
18: 255 0
19: 225 0
20: 317 0
21: 274 0
22: 242 0
23: 233 0
24: 257 0
25: 248 0
26: 263 0
27: 225 0
28: 238 0
29: 235 0
30: 259 0
31: 277 0
32: 230 0
33: 292 0
34: 173 0
35: 236 0
36: 249 0
37: 268 0
38: 205 0
39: 271 0
40: 230 0
41: 242 0
42: 308 0
43: 270 0
44: 208 0
45: 225 0
46: 192 0
47: 261 0
48: 223 0
49: 235 0
50: 229 0
51: 220 0
52: 227 0
53: 183 0
54: 251 0
55: 297 0
56: 249 0
57: 238 0
58: 237 0
59: 230 0
60: 264 0
61: 263 0
62: 267 0
63: 259 0
64: 236 0
65: 255 0
66: 284 0
67: 264 0
68: 257 0
69: 213 0
70: 223 0
71: 227 0
72: 222 0
73: 194 0
74: 241 0
75: 197 0
76: 189 0
77: 159 0
78: 239 0
79: 211 0
80: 289 0
81: 287 0
82: 250 0
83: 255 0
84: 312 0
85: 258 0
86: 335 0
87: 210 0
88: 261 0
89: 221 0
90: 227 0
91: 241 0
92: 306 0
93: 261 0
94: 303 0
95: 253 0
96: 263 0
97: 216 0
98: 205 0
99: 231 0
100: 202 0
101: 191 0
102: 222 0
103: 315 1
104: 259 1
105: 242 1
106: 250 1
107: 210 1
108: 190 1
109: 193 1
110: 194 1
111: 272 1
112: 259 1
113: 253 1
114: 282 1
115: 309 1
116: 301 1
117: 319 1
118: 233 1
119: 326 1
120: 244 1
121: 208 1
122: 273 1
123: 222 1
124: 275 1
125: 213 1
126: 264 1
127: 232 1
128: 247 1
129: 294 1
130: 220 1
131: 248 1
132: 282 1
133: 286 1
134: 351 1
135: 277 1
136: 237 1
137: 231 1
138: 251 1
139: 231 1
140: 247 1
141: 290 1
142: 260 1
143: 237 1
144: 267 1
145: 262 1
146: 284 1
147: 247 1
148: 244 1
149: 294 1
150: 207 1
151: 210 1
152: 205 1
153: 205 1
154: 263 1
155: 261 1
156: 205 1
157: 242 1
158: 265 1
159: 260 1
160: 301 1
161: 256 1
162: 345 1
163: 294 1
164: 181 1
165: 207 1
166: 235 1
167: 203 1
168: 176 1
169: 182 1
170: 159 1
171: 174 1
172: 204 1
173: 209 1
174: 207 1
175: 235 1
176: 232 1
177: 261 1
178: 176 1
179: 176 1
180: 199 1
181: 250 1
182: 188 1
183: 175 1
184: 245 1
185: 183 1
186: 158 1
187: 217 1
188: 177 1
189: 204 1
190: 229 1
191: 214 1
192: 191 1
193: 194 1
194: 212 1
195: 234 1
196: 240 1
197: 182 1
198: 251 1
199: 238 1
200: 150 1
201: 208 1
202: 271 1
203: 196 1
204: 243 1
205: 187 1
206: 219 1
207: 195 1
208: 257 1
209: 269 1
210: 268 1
211: 236 1
212: 189 1
213: 208 1
214: 188 1
215: 206 1
216: 245 1
217: 219 1
218: 232 1
219: 241 1
220: 220 1
221: 178 1
222: 247 1
223: 210 1
224: 241 1
225: 183 1
226: 225 1
227: 260 1
228: 295 1
229: 213 1
230: 274 1
231: 234 1
232: 264 1
233: 303 1
234: 227 1
235: 299 1
236: 236 1
237: 221 1
238: 194 1
239: 214 1
240: 228 1
241: 182 1
242: 229 1
243: 253 1
244: 251 1
245: 236 1
246: 241 1
247: 214 1
248: 193 1
249: 211 1
250: 275 1
251: 188 1
252: 188 1
253: 204 1
254: 227 1
255: 189 1
256: 167 1
257: 210 1
258: 253 1
259: 236 1
260: 264 1
261: 238 1
262: 246 1
263: 220 1
264: 234 1
265: 190 1
266: 260 1
267: 258 1
268: 227 1
269: 238 1
270: 201 1
271: 281 1
272: 232 1
273: 243 1
274: 225 1
275: 191 1
276: 222 1
277: 158 1
278: 204 1
279: 212 1
280: 170 1
281: 221 1
282: 228 1
283: 173 1
284: 254 1
285: 202 1
286: 208 1
287: 252 1
288: 218 1
289: 220 1
290: 195 1
291: 199 1
292: 209 1
293: 218 1
294: 202 1
295: 239 1
296: 176 1
297: 205 1
298: 210 1
299: 242 1
300: 234 1
301: 245 0
302: 193 0
303: 200 0
304: 249 0
305: 226 0
306: 209 0
307: 216 0
308: 169 0
309: 243 0
310: 277 0
311: 266 0
312: 250 0
313: 216 0
314: 223 0
315: 183 0
316: 195 0
317: 239 0
318: 209 0
319: 219 0
320: 212 0
321: 239 0
322: 211 0
323: 211 0
324: 217 0
325: 231 0
326: 283 0
327: 217 0
328: 161 0
329: 186 0
330: 191 0
331: 199 0
332: 175 0
333: 225 0
334: 235 0
335: 181 0
336: 212 0
337: 269 0
338: 206 0
339: 223 0
340: 238 0
341: 213 0
342: 213 0
343: 233 0
344: 259 0
345: 210 0
346: 223 0
347: 198 0
348: 161 0
349: 182 0
350: 240 0
351: 168 0
352: 224 0
353: 309 0
354: 247 0
355: 266 0
356: 197 0
357: 231 0
358: 214 0
359: 217 0
360: 205 0
361: 189 0
362: 229 0
363: 257 0
364: 227 0
365: 184 0
366: 181 0
367: 241 0
368: 157 0
369: 173 0
370: 201 0
371: 210 0
372: 245 0
373: 215 0
374: 179 0
375: 196 0
376: 260 0
377: 175 0
378: 247 0
379: 205 0
380: 258 0
381: 203 0
382: 233 0
383: 260 0
384: 184 0
385: 209 0
386: 237 0
387: 298 0
388: 232 0
389: 234 0
390: 187 0
391: 209 0
392: 240 0
393: 232 0
394: 193 0
395: 148 0
396: 179 0
397: 174 0
398: 188 0
399: 231 0
400: 196 0
401: 154 0
402: 169 0
403: 227 1
404: 219 1
405: 187 1
406: 310 1
407: 239 1
408: 189 1
409: 266 1
410: 255 1
411: 217 1
412: 225 1
413: 219 1
414: 287 1
415: 257 1
416: 285 1
417: 264 1
418: 274 1
419: 189 1
420: 184 1
421: 218 1
422: 214 1
423: 212 1
424: 186 1
425: 191 1
426: 244 1
427: 220 1
428: 236 1
429: 184 1
430: 161 1
431: 224 1
432: 177 1
433: 191 1
434: 253 1
435: 228 1
436: 188 1
437: 222 1
438: 201 1
439: 213 1
440: 194 1
441: 222 1
442: 211 1
443: 177 1
444: 237 1
445: 175 1
446: 168 1
447: 181 1
448: 196 1
449: 158 1
450: 177 1
451: 179 1
452: 175 0
453: 185 0
454: 171 0
455: 184 0
456: 162 0
457: 173 0
458: 181 0
459: 216 0
460: 169 0
461: 212 0
462: 240 0
463: 183 0
464: 206 0
465: 209 0
466: 240 0
467: 206 0
468: 170 0
469: 205 0
470: 208 0
471: 186 0
472: 208 0
473: 174 0
474: 172 0
475: 213 0
476: 175 0
477: 204 0
478: 178 0
479: 195 0
480: 181 0
481: 159 0
482: 195 0
483: 174 0
484: 144 0
485: 135 0
486: 191 0
487: 234 0
488: 141 0
489: 169 0
490: 170 0
491: 223 0
492: 227 0
493: 240 0
494: 239 0
495: 191 0
496: 191 0
497: 243 0
498: 244 0
499: 197 0
500: 205 0
