1: 155 1
2: 168 1
3: 157 1
4: 186 1
5: 165 1
6: 164 1
7: 145 1
8: 175 1
9: 201 1
10: 173 1
11: 181 1
12: 206 1
13: 198 1
14: 178 1
15: 267 1
16: 160 1
17: 215 1
18: 194 1
19: 245 1
20: 197 1
21: 207 1
22: 220 1
23: 173 1
24: 236 1
25: 183 1
26: 220 1
27: 210 1
28: 161 1
29: 166 1
30: 210 1
31: 199 1
32: 200 1
33: 244 1
34: 202 1
35: 231 1
36: 207 1
37: 280 1
38: 195 1
39: 210 1
40: 146 1
41: 211 1
42: 174 1
43: 213 1
44: 184 1
45: 172 1
46: 172 1
47: 184 1
48: 259 1
49: 167 1
50: 181 1
51: 182 1
52: 153 0
53: 160 0
54: 212 0
55: 184 0
56: 160 0
57: 220 0
58: 208 0
59: 187 0
60: 235 0
61: 171 0
62: 244 0
63: 200 0
64: 170 0
65: 189 0
66: 164 0
67: 264 0
68: 186 0
69: 224 0
70: 200 0
71: 244 0
72: 140 0
73: 225 0
74: 247 0
75: 214 0
76: 268 0
77: 208 0
78: 270 0
79: 201 0
80: 238 0
81: 236 0
82: 291 0
83: 186 0
84: 239 0
85: 195 0
86: 243 0
87: 272 0
88: 256 0
89: 198 0
90: 207 0
91: 216 0
92: 229 0
93: 191 0
94: 179 0
95: 184 0
96: 208 0
97: 213 0
98: 167 0
99: 203 0
100: 183 0
101: 127 0
102: 196 0
103: 223 1
104: 305 1
105: 251 1
106: 247 1
107: 203 1
108: 151 1
109: 144 1
110: 152 1
111: 120 1
112: 122 1
113: 194 1
114: 194 1
115: 249 1
116: 182 1
117: 179 1
118: 228 1
119: 178 1
120: 208 1
121: 158 1
122: 202 1
123: 254 1
124: 251 1
125: 227 1
126: 201 1
127: 194 1
128: 178 1
129: 196 1
130: 188 1
131: 259 1
132: 315 1
133: 319 1
134: 339 1
135: 276 1
136: 314 1
137: 250 1
138: 223 1
139: 205 1
140: 218 1
141: 171 1
142: 174 1
143: 190 1
144: 185 1
145: 190 1
146: 263 1
147: 167 1
148: 166 1
149: 175 1
150: 148 1
151: 165 1
152: 149 0
153: 162 0
154: 178 0
155: 165 0
156: 168 0
157: 254 0
158: 247 0
159: 191 0
160: 175 0
161: 184 0
162: 241 0
163: 245 0
164: 204 0
165: 205 0
166: 205 0
167: 264 0
168: 204 0
169: 259 0
170: 208 0
171: 225 0
172: 236 0
173: 224 0
174: 188 0
175: 232 0
176: 217 0
177: 240 0
178: 150 0
179: 185 0
180: 191 0
181: 206 0
182: 161 0
183: 173 0
184: 182 0
185: 194 0
186: 242 0
187: 241 0
188: 210 0
189: 216 0
190: 198 0
191: 151 0
192: 163 0
193: 201 0
194: 200 0
195: 246 0
196: 193 0
197: 222 0
198: 188 0
199: 213 0
200: 229 0
201: 199 0
202: 207 0
203: 247 0
204: 200 0
205: 123 0
206: 187 0
207: 180 0
208: 144 0
209: 183 0
210: 215 0
211: 148 0
212: 187 0
213: 211 0
214: 159 0
215: 162 0
216: 157 0
217: 224 0
218: 144 0
219: 155 0
220: 132 0
221: 139 0
222: 117 0
223: 251 0
224: 135 0
225: 156 0
226: 140 0
227: 131 0
228: 168 0
229: 137 0
230: 129 0
231: 136 0
232: 123 0
233: 131 0
234: 163 0
235: 187 0
236: 146 0
237: 139 0
238: 135 0
239: 145 0
240: 195 0
241: 194 0
242: 159 0
243: 174 0
244: 177 0
245: 175 0
246: 183 0
247: 190 0
248: 160 0
249: 138 0
250: 178 0
251: 151 0
252: 146 0
253: 117 0
254: 159 0
255: 102 0
256: 144 0
257: 131 0
258: 153 0
259: 131 0
260: 153 0
261: 172 0
262: 166 0
263: 196 0
264: 173 0
265: 190 0
266: 207 0
267: 130 0
268: 168 0
269: 204 0
270: 195 0
271: 171 0
272: 168 0
273: 226 0
274: 140 0
275: 131 0
276: 153 0
277: 177 0
278: 163 0
279: 181 0
280: 175 0
281: 243 0
282: 202 0
283: 175 0
284: 136 0
285: 256 0
286: 163 0
287: 145 0
288: 151 0
289: 131 0
290: 140 0
291: 177 0
292: 171 0
293: 128 0
294: 176 0
295: 126 0
296: 163 0
297: 178 0
298: 205 0
299: 134 1
300: 165 1
301: 164 1
302: 157 1
303: 143 1
304: 143 1
305: 127 1
306: 139 1
307: 168 1
308: 94 1
309: 168 1
310: 153 1
311: 197 1
312: 194 1
313: 168 1
314: 155 1
315: 119 1
316: 147 1
317: 142 1
318: 169 1
319: 175 1
320: 132 1
321: 160 1
322: 192 1
323: 193 1
324: 174 1
325: 188 1
326: 164 1
327: 253 1
328: 198 1
329: 232 1
330: 200 1
331: 202 1
332: 147 1
333: 146 1
334: 145 1
335: 164 1
336: 181 1
337: 157 1
338: 200 1
339: 95 1
340: 153 1
341: 221 1
342: 157 1
343: 128 1
344: 139 1
345: 159 1
346: 158 1
347: 136 1
348: 201 0
349: 143 0
350: 166 0
351: 190 0
352: 155 0
353: 218 0
354: 204 0
355: 159 0
356: 197 0
357: 222 0
358: 239 0
359: 185 0
360: 184 0
361: 193 0
362: 128 0
363: 223 0
364: 204 0
365: 215 0
366: 156 0
367: 243 0
368: 195 0
369: 131 0
370: 161 0
371: 128 0
372: 185 0
373: 184 0
374: 217 0
375: 172 0
376: 153 0
377: 157 0
378: 202 0
379: 133 0
380: 125 0
381: 206 0
382: 122 0
383: 171 0
384: 135 0
385: 141 0
386: 202 0
387: 154 0
388: 232 0
389: 155 0
390: 237 0
391: 176 0
392: 155 0
393: 153 0
394: 189 0
395: 179 0
396: 201 0
397: 170 1
398: 153 1
399: 148 1
400: 177 1
401: 219 1
402: 237 1
403: 193 1
404: 149 1
405: 164 1
406: 221 1
407: 186 1
408: 201 1
409: 219 1
410: 160 1
411: 182 1
412: 199 1
413: 208 1
414: 207 1
415: 181 1
416: 232 1
417: 192 1
418: 191 1
419: 279 1
420: 215 1
421: 278 1
422: 181 1
423: 209 1
424: 291 1
425: 221 1
426: 202 1
427: 169 1
428: 173 1
429: 173 1
430: 170 1
431: 206 1
432: 157 1
433: 179 1
434: 163 1
435: 181 1
436: 226 1
437: 202 1
438: 174 1
439: 191 1
440: 199 1
441: 157 1
442: 146 1
443: 135 1
444: 185 1
445: 230 1
446: 209 1
447: 195 1
448: 138 1
449: 162 1
450: 187 1
451: 165 1
452: 162 1
453: 159 1
454: 213 1
455: 209 1
456: 168 1
457: 201 1
458: 185 1
459: 228 1
460: 165 1
461: 234 1
462: 280 1
463: 191 1
464: 125 1
465: 243 1
466: 238 1
467: 199 1
468: 281 1
469: 227 1
470: 229 1
471: 259 1
472: 215 1
473: 231 1
474: 223 1
475: 232 1
476: 212 1
477: 235 1
478: 231 1
479: 177 1
480: 238 1
481: 261 1
482: 225 1
483: 209 1
484: 204 1
485: 233 1
486: 193 1
487: 179 1
488: 181 1
489: 161 1
490: 224 1
491: 194 1
492: 207 1
493: 212 1
494: 153 1
495: 182 1
496: 209 0
497: 190 0
498: 173 0
499: 194 0
500: 211 0
