1: 353 0
2: 366 0
3: 354 0
4: 346 0
5: 347 0
6: 354 0
7: 351 0
8: 346 0
9: 363 0
10: 362 0
11: 358 0
12: 352 0
13: 353 0
14: 359 0
15: 362 0
16: 359 0
17: 359 0
18: 364 0
19: 357 0
20: 361 0
21: 358 0
22: 363 0
23: 357 0
24: 360 0
25: 360 0
26: 358 0
27: 361 0
28: 347 0
29: 349 0
30: 350 0
31: 352 0
32: 346 0
33: 347 0
34: 349 0
35: 350 0
36: 351 0
37: 351 0
38: 351 0
39: 344 0
40: 354 0
41: 351 0
42: 350 0
43: 351 0
44: 348 0
45: 352 0
46: 346 0
47: 348 0
48: 341 0
49: 350 0
50: 352 0
51: 350 0
52: 365 1
53: 337 1
54: 345 1
55: 348 1
56: 355 1
57: 361 1
58: 349 1
59: 347 1
60: 361 1
61: 354 1
62: 353 1
63: 351 1
64: 346 1
65: 361 1
66: 364 1
67: 347 1
68: 349 1
69: 359 1
70: 355 1
71: 354 1
72: 342 1
73: 348 1
74: 357 1
75: 360 1
76: 349 1
77: 354 1
78: 361 1
79: 356 1
80: 355 1
81: 352 1
82: 348 1
83: 353 1
84: 358 1
85: 361 1
86: 342 1
87: 342 1
88: 362 1
89: 360 1
90: 353 1
91: 344 1
92: 359 1
93: 363 1
94: 362 1
95: 352 1
96: 346 1
97: 354 1
98: 358 1
99: 363 1
100: 351 1
101: 347 1
102: 354 1
103: 355 0
104: 353 0
105: 359 0
106: 346 0
107: 345 0
108: 347 0
109: 351 0
110: 349 0
111: 348 0
112: 348 0
113: 348 0
114: 345 0
115: 348 0
116: 338 0
117: 350 0
118: 363 0
119: 361 0
120: 359 0
121: 354 0
122: 355 0
123: 363 0
124: 359 0
125: 357 0
126: 360 0
127: 361 0
128: 361 0
129: 352 0
130: 352 0
131: 345 0
132: 348 0
133: 348 0
134: 349 0
135: 350 0
136: 349 0
137: 351 0
138: 347 0
139: 349 0
140: 350 0
141: 358 0
142: 360 0
143: 362 0
144: 359 0
145: 361 0
146: 357 0
147: 363 0
148: 362 0
149: 361 0
150: 358 0
151: 360 0
152: 360 1
153: 349 1
154: 361 1
155: 366 1
156: 344 1
157: 361 1
158: 347 1
159: 361 1
160: 347 1
161: 358 1
162: 352 1
163: 343 1
164: 354 1
165: 349 1
166: 355 1
167: 351 1
168: 345 1
169: 361 1
170: 346 1
171: 355 1
172: 344 1
173: 349 1
174: 348 1
175: 350 1
176: 362 1
177: 347 1
178: 357 1
179: 347 1
180: 365 1
181: 349 1
182: 353 1
183: 358 1
184: 348 1
185: 356 1
186: 348 1
187: 363 1
188: 344 1
189: 357 1
190: 361 1
191: 350 1
192: 357 1
193: 351 1
194: 360 1
195: 351 1
196: 363 1
197: 351 1
198: 351 1
199: 362 1
200: 348 1
201: 354 0
202: 356 0
203: 353 0
204: 359 0
205: 350 0
206: 347 0
207: 343 0
208: 346 0
209: 346 0
210: 353 0
211: 347 0
212: 346 0
213: 349 0
214: 348 0
215: 347 0
216: 359 0
217: 354 0
218: 363 0
219: 360 0
220: 363 0
221: 357 0
222: 353 0
223: 353 0
224: 350 0
225: 361 0
226: 358 0
227: 360 0
228: 344 0
229: 349 0
230: 350 0
231: 348 0
232: 351 0
233: 350 0
234: 348 0
235: 344 0
236: 348 0
237: 353 0
238: 348 0
239: 358 0
240: 356 0
241: 366 0
242: 355 0
243: 357 0
244: 359 0
245: 362 0
246: 361 0
247: 364 0
248: 359 0
249: 362 0
250: 348 1
251: 354 1
252: 345 1
253: 364 1
254: 347 1
255: 354 1
256: 361 1
257: 348 1
258: 356 1
259: 341 1
260: 353 1
261: 347 1
262: 359 1
263: 350 1
264: 347 1
265: 362 1
266: 348 1
267: 361 1
268: 353 1
269: 359 1
270: 349 1
271: 352 1
272: 362 1
273: 349 1
274: 354 1
275: 352 1
276: 358 1
277: 342 1
278: 348 1
279: 336 1
280: 348 1
281: 354 1
282: 352 1
283: 360 1
284: 341 1
285: 358 1
286: 348 1
287: 353 1
288: 359 1
289: 354 1
290: 354 1
291: 350 1
292: 361 1
293: 350 1
294: 360 1
295: 360 1
296: 348 1
297: 358 1
298: 350 1
299: 357 0
300: 364 0
301: 361 0
302: 360 0
303: 351 0
304: 351 0
305: 353 0
306: 353 0
307: 353 0
308: 351 0
309: 344 0
310: 347 0
311: 349 0
312: 349 0
313: 353 0
314: 365 0
315: 366 0
316: 355 0
317: 362 0
318: 354 0
319: 360 0
320: 360 0
321: 361 0
322: 361 0
323: 360 0
324: 363 0
325: 362 0
326: 352 0
327: 352 0
328: 349 0
329: 351 0
330: 351 0
331: 353 0
332: 355 0
333: 346 0
334: 352 0
335: 352 0
336: 350 0
337: 365 0
338: 366 0
339: 362 0
340: 355 0
341: 364 0
342: 362 0
343: 356 0
344: 361 0
345: 362 0
346: 360 0
347: 358 0
348: 347 1
349: 363 1
350: 348 1
351: 361 1
352: 348 1
353: 358 1
354: 350 1
355: 355 1
356: 362 1
357: 346 1
358: 360 1
359: 351 1
360: 357 1
361: 348 1
362: 357 1
363: 351 1
364: 352 1
365: 362 1
366: 346 1
367: 361 1
368: 349 1
369: 362 1
370: 347 1
371: 355 1
372: 360 1
373: 349 1
374: 359 1
375: 347 1
376: 359 1
377: 346 1
378: 352 1
379: 355 1
380: 346 1
381: 357 1
382: 348 1
383: 355 1
384: 342 1
385: 359 1
386: 345 1
387: 349 1
388: 357 1
389: 345 1
390: 356 1
391: 345 1
392: 359 1
393: 345 1
394: 354 1
395: 361 1
396: 343 1
397: 350 0
398: 354 0
399: 347 0
400: 346 0
401: 350 0
402: 353 0
403: 349 0
404: 343 0
405: 344 0
406: 348 0
407: 349 0
408: 345 0
409: 342 0
410: 348 0
411: 352 0
412: 345 0
413: 350 0
414: 352 0
415: 351 0
416: 347 0
417: 350 0
418: 345 0
419: 353 0
420: 350 0
421: 353 0
422: 346 0
423: 351 0
424: 355 0
425: 353 0
426: 351 0
427: 351 0
428: 356 0
429: 361 0
430: 364 0
431: 355 0
432: 364 0
433: 357 0
434: 352 0
435: 352 0
436: 352 0
437: 349 0
438: 351 0
439: 351 0
440: 350 0
441: 346 0
442: 348 0
443: 349 0
444: 351 0
445: 347 0
446: 356 1
447: 363 1
448: 364 1
449: 355 1
450: 356 1
451: 352 1
452: 363 1
453: 362 1
454: 353 1
455: 361 1
456: 363 1
457: 354 1
458: 356 1
459: 361 1
460: 355 1
461: 357 1
462: 365 1
463: 361 1
464: 363 1
465: 360 1
466: 365 1
467: 360 1
468: 359 1
469: 357 1
470: 356 1
471: 352 1
472: 357 1
473: 359 1
474: 353 1
475: 349 1
476: 347 1
477: 346 1
478: 344 1
479: 346 1
480: 342 1
481: 345 1
482: 349 1
483: 347 1
484: 350 1
485: 344 1
486: 350 1
487: 344 1
488: 344 1
489: 349 1
490: 346 1
491: 343 1
492: 348 1
493: 349 1
494: 349 1
495: 349 0
496: 364 0
497: 354 0
498: 354 0
499: 362 0
500: 359 0
