1: 43 1
2: 81 1
3: 716 1
4: 715 1
5: 715 1
6: 715 1
7: 715 1
8: 715 1
9: 715 1
10: 715 1
11: 140 1
12: 715 1
13: 715 1
14: 715 1
15: 94 1
16: 717 1
17: 76 1
18: 717 1
19: 717 1
20: 720 1
21: 715 1
22: 717 1
23: 717 1
24: 716 1
25: 715 1
26: 715 1
27: 715 1
28: 715 1
29: 715 1
30: 715 1
31: 715 1
32: 715 1
33: 715 1
34: 715 1
35: 715 1
36: 715 1
37: 715 1
38: 715 1
39: 715 1
40: 717 1
41: 716 1
42: 715 1
43: 715 1
44: 715 1
45: 715 1
46: 715 1
47: 715 1
48: 715 1
49: 715 1
50: 715 1
51: 715 1
52: 715 0
53: 715 0
54: 715 0
55: 715 0
56: 715 0
57: 715 0
58: 715 0
59: 715 0
60: 715 0
61: 715 0
62: 715 0
63: 715 0
64: 715 0
65: 715 0
66: 54 0
67: 715 0
68: 715 0
69: 53 0
70: 81 0
71: 66 0
72: 714 0
73: 714 0
74: 715 0
75: 715 0
76: 715 0
77: 715 0
78: 715 0
79: 715 0
80: 715 0
81: 715 0
82: 715 0
83: 715 0
84: 715 0
85: 715 0
86: 715 0
87: 715 0
88: 74 0
89: 59 0
90: 65 0
91: 69 0
92: 121 0
93: 142 0
94: 110 0
95: 34 0
96: 714 0
97: 5 0
98: 714 0
99: 714 0
100: 714 0
101: 714 0
102: 714 0
103: 192 1
104: 60 1
105: 63 1
106: 715 1
107: 65 1
108: 51 1
109: 85 1
110: 84 1
111: 108 1
112: 60 1
113: 130 1
114: 78 1
115: 165 1
116: 81 1
117: 115 1
118: 111 1
119: 131 1
120: 119 1
121: 61 1
122: 165 1
123: 170 1
124: 152 1
125: 154 1
126: 139 1
127: 152 1
128: 123 1
129: 94 1
130: 159 1
131: 99 1
132: 83 1
133: 88 1
134: 118 1
135: 139 1
136: 26 1
137: 111 1
138: 78 1
139: 98 1
140: 67 1
141: 109 1
142: 81 1
143: 79 1
144: 126 1
145: 88 1
146: 47 1
147: 85 1
148: 124 1
149: 16 1
150: 112 1
151: 90 1
152: 60 1
153: 37 1
154: 41 1
155: 137 1
156: 94 1
157: 109 1
158: 50 1
159: 15 1
160: 86 1
161: 89 1
162: 41 1
163: 96 1
164: 172 1
165: 85 1
166: 52 1
167: 52 1
168: 65 1
169: 88 1
170: 60 1
171: 109 1
172: 124 1
173: 63 1
174: 108 1
175: 90 1
176: 171 1
177: 49 1
178: 139 1
179: 109 1
180: 157 1
181: 137 1
182: 134 1
183: 137 1
184: 169 1
185: 122 1
186: 135 1
187: 115 1
188: 92 1
189: 72 1
190: 69 1
191: 50 1
192: 68 1
193: 89 1
194: 64 1
195: 103 1
196: 118 1
197: 88 1
198: 43 1
199: 715 1
200: 715 1
201: 715 1
202: 714 0
203: 715 0
204: 714 0
205: 714 0
206: 714 0
207: 714 0
208: 714 0
209: 715 0
210: 715 0
211: 715 0
212: 715 0
213: 715 0
214: 714 0
215: 715 0
216: 715 0
217: 715 0
218: 714 0
219: 715 0
220: 714 0
221: 715 0
222: 715 0
223: 31 0
224: 714 0
225: 715 0
226: 714 0
227: 715 0
228: 714 0
229: 714 0
230: 715 0
231: 714 0
232: 714 0
233: 715 0
234: 714 0
235: 715 0
236: 715 0
237: 715 0
238: 714 0
239: 715 0
240: 715 0
241: 715 0
242: 715 0
243: 715 0
244: 715 0
245: 98 0
246: 71 0
247: 75 0
248: 133 0
249: 74 0
250: 83 0
251: 131 0
252: 88 1
253: 33 1
254: 127 1
255: 70 1
256: 120 1
257: 714 1
258: 715 1
259: 714 1
260: 714 1
261: 714 1
262: 715 1
263: 715 1
264: 715 1
265: 714 1
266: 715 1
267: 99 1
268: 65 1
269: 82 1
270: 78 1
271: 52 1
272: 119 1
273: 43 1
274: 52 1
275: 86 1
276: 122 1
277: 138 1
278: 113 1
279: 76 1
280: 33 1
281: 86 1
282: 41 1
283: 715 1
284: 715 1
285: 715 1
286: 715 1
287: 715 1
288: 715 1
289: 718 1
290: 715 1
291: 715 1
292: 715 1
293: 715 1
294: 715 1
295: 715 1
296: 715 1
297: 715 1
298: 715 1
299: 715 1
300: 715 1
301: 715 0
302: 715 0
303: 63 0
304: 23 0
305: 66 0
306: 103 0
307: 99 0
308: 715 0
309: 715 0
310: 715 0
311: 715 0
312: 715 0
313: 714 0
314: 714 0
315: 714 0
316: 714 0
317: 715 0
318: 714 0
319: 714 0
320: 715 0
321: 714 0
322: 715 0
323: 715 0
324: 715 0
325: 715 0
326: 715 0
327: 715 0
328: 714 0
329: 714 0
330: 714 0
331: 715 0
332: 715 0
333: 714 0
334: 714 0
335: 714 0
336: 715 0
337: 714 0
338: 717 0
339: 714 0
340: 715 0
341: 714 0
342: 715 0
343: 715 0
344: 715 0
345: 715 0
346: 714 0
347: 715 0
348: 714 0
349: 714 0
350: 714 0
351: 714 0
352: 714 0
353: 714 0
354: 714 0
355: 715 0
356: 714 0
357: 714 0
358: 715 0
359: 714 0
360: 715 0
361: 715 0
362: 714 0
363: 714 0
364: 715 0
365: 55 0
366: 126 0
367: 135 0
368: 157 0
369: 117 0
370: 106 0
371: 93 0
372: 127 0
373: 83 0
374: 155 0
375: 78 0
376: 101 0
377: 151 0
378: 62 0
379: 105 0
380: 111 0
381: 54 0
382: 93 0
383: 70 0
384: 128 0
385: 91 0
386: 123 0
387: 216 0
388: 97 0
389: 143 0
390: 155 0
391: 91 0
392: 118 0
393: 141 0
394: 109 0
395: 126 0
396: 170 0
397: 61 0
398: 211 0
399: 132 1
400: 129 1
401: 127 1
402: 89 1
403: 89 1
404: 85 1
405: 166 1
406: 97 1
407: 194 1
408: 144 1
409: 131 1
410: 170 1
411: 72 1
412: 80 1
413: 72 1
414: 192 1
415: 52 1
416: 51 1
417: 138 1
418: 73 1
419: 53 1
420: 46 1
421: 92 1
422: 103 1
423: 138 1
424: 121 1
425: 72 1
426: 95 1
427: 105 1
428: 151 1
429: 87 1
430: 715 1
431: 65 1
432: 57 1
433: 82 1
434: 10 1
435: 82 1
436: 92 1
437: 61 1
438: 53 1
439: 69 1
440: 68 1
441: 45 1
442: 65 1
443: 121 1
444: 145 1
445: 60 1
446: 36 1
447: 35 1
448: 715 1
449: 44 0
450: 50 0
451: 31 0
452: 56 0
453: 64 0
454: 130 0
455: 79 0
456: 74 0
457: 56 0
458: 75 0
459: 57 0
460: 65 0
461: 88 0
462: 67 0
463: 95 0
464: 141 0
465: 64 0
466: 80 0
467: 97 0
468: 81 0
469: 99 0
470: 117 0
471: 114 0
472: 150 0
473: 55 0
474: 81 0
475: 105 0
476: 135 0
477: 96 0
478: 185 0
479: 123 0
480: 89 0
481: 137 0
482: 142 0
483: 140 0
484: 153 0
485: 170 0
486: 62 0
487: 117 0
488: 74 0
489: 85 0
490: 108 0
491: 101 0
492: 73 0
493: 168 0
494: 94 0
495: 100 0
496: 126 0
497: 130 0
498: 111 0
499: 32 0
500: 715 0
