1: 118 0
2: 137 0
3: 149 0
4: 179 0
5: 144 0
6: 156 0
7: 127 0
8: 141 0
9: 132 0
10: 123 0
11: 132 0
12: 106 0
13: 110 0
14: 123 0
15: 111 0
16: 85 0
17: 123 0
18: 109 0
19: 93 0
20: 97 0
21: 100 0
22: 130 0
23: 96 0
24: 145 0
25: 138 0
26: 132 0
27: 132 0
28: 150 0
29: 139 0
30: 158 0
31: 100 0
32: 114 0
33: 119 0
34: 128 0
35: 84 0
36: 96 0
37: 101 0
38: 120 0
39: 113 0
40: 139 0
41: 75 0
42: 106 0
43: 122 0
44: 122 0
45: 145 0
46: 121 0
47: 108 0
48: 128 0
49: 115 0
50: 130 0
51: 48 0
52: 135 1
53: 132 1
54: 115 1
55: 130 1
56: 150 1
57: 189 1
58: 140 1
59: 142 1
60: 129 1
61: 105 1
62: 110 1
63: 96 1
64: 117 1
65: 126 1
66: 120 1
67: 127 1
68: 125 1
69: 241 1
70: 151 1
71: 77 1
72: 164 1
73: 162 1
74: 62 1
75: 138 1
76: 98 1
77: 66 1
78: 133 1
79: 149 1
80: 120 1
81: 92 1
82: 104 1
83: 137 1
84: 114 1
85: 102 1
86: 88 1
87: 146 1
88: 69 1
89: 48 1
90: 55 1
91: 63 1
92: 126 1
93: 60 1
94: 54 1
95: 77 1
96: 36 1
97: 102 1
98: 76 1
99: 90 1
100: 42 1
101: 83 1
102: 85 1
103: 101 1
104: 71 1
105: 83 1
106: 83 1
107: 90 1
108: 103 1
109: 114 1
110: 75 1
111: 49 1
112: 69 1
113: 56 1
114: 23 1
115: 45 1
116: 40 1
117: 59 1
118: 57 1
119: 56 1
120: 19 1
121: 59 1
122: 72 1
123: 89 1
124: 79 1
125: 109 1
126: 91 1
127: 12 1
128: 81 1
129: 51 1
130: 62 1
131: 41 1
132: 717 1
133: 717 1
134: 717 1
135: 717 1
136: 717 1
137: 717 1
138: 717 1
139: 717 1
140: 717 1
141: 717 1
142: 719 1
143: 717 1
144: 50 1
145: 64 1
146: 78 1
147: 74 1
148: 118 1
149: 54 1
150: 49 1
151: 58 1
152: 71 1
153: 122 0
154: 113 0
155: 105 0
156: 86 0
157: 83 0
158: 55 0
159: 29 0
160: 73 0
161: 63 0
162: 19 0
163: 717 0
164: 717 0
165: 717 0
166: 716 0
167: 718 0
168: 716 0
169: 717 0
170: 95 0
171: 71 0
172: 161 0
173: 36 0
174: 59 0
175: 101 0
176: 81 0
177: 99 0
178: 106 0
179: 69 0
180: 75 0
181: 99 0
182: 57 0
183: 34 0
184: 11 0
185: 717 0
186: 716 0
187: 717 0
188: 717 0
189: 716 0
190: 717 0
191: 718 0
192: 717 0
193: 717 0
194: 717 0
195: 717 0
196: 717 0
197: 718 0
198: 717 0
199: 716 0
200: 717 0
201: 716 0
202: 717 0
203: 717 1
204: 716 1
205: 717 1
206: 716 1
207: 716 1
208: 716 1
209: 716 1
210: 716 1
211: 717 1
212: 716 1
213: 717 1
214: 716 1
215: 716 1
216: 717 1
217: 716 1
218: 716 1
219: 717 1
220: 58 1
221: 82 1
222: 21 1
223: 78 1
224: 111 1
225: 23 1
226: 49 1
227: 41 1
228: 77 1
229: 54 1
230: 55 1
231: 93 1
232: 83 1
233: 64 1
234: 84 1
235: 39 1
236: 59 1
237: 64 1
238: 49 1
239: 133 1
240: 93 1
241: 102 1
242: 88 1
243: 63 1
244: 124 1
245: 79 1
246: 52 1
247: 69 1
248: 96 1
249: 79 1
250: 76 1
251: 94 1
252: 87 0
253: 59 0
254: 118 0
255: 85 0
256: 128 0
257: 128 0
258: 63 0
259: 130 0
260: 180 0
261: 108 0
262: 52 0
263: 76 0
264: 41 0
265: 82 0
266: 67 0
267: 98 0
268: 99 0
269: 79 0
270: 68 0
271: 37 0
272: 33 0
273: 717 0
274: 717 0
275: 716 0
276: 717 0
277: 717 0
278: 717 0
279: 717 0
280: 717 0
281: 717 0
282: 717 0
283: 717 0
284: 717 0
285: 717 0
286: 716 0
287: 716 0
288: 718 0
289: 717 0
290: 718 0
291: 719 0
292: 717 0
293: 716 0
294: 717 0
295: 716 0
296: 716 0
297: 716 0
298: 716 0
299: 716 0
300: 716 0
301: 716 0
302: 716 0
303: 716 0
304: 716 0
305: 716 0
306: 716 0
307: 716 0
308: 716 0
309: 716 0
310: 716 0
311: 716 0
312: 716 0
313: 716 0
314: 716 0
315: 716 0
316: 716 0
317: 716 0
318: 716 0
319: 716 0
320: 718 0
321: 716 0
322: 716 0
323: 717 0
324: 716 0
325: 717 0
326: 717 0
327: 69 0
328: 72 0
329: 107 0
330: 63 0
331: 70 0
332: 81 0
333: 716 0
334: 716 0
335: 718 0
336: 716 0
337: 716 0
338: 717 0
339: 716 0
340: 716 0
341: 716 0
342: 716 0
343: 716 0
344: 716 0
345: 717 0
346: 716 0
347: 716 0
348: 716 0
349: 716 0
350: 717 0
351: 716 0
352: 717 0
353: 717 0
354: 717 0
355: 717 0
356: 717 0
357: 717 0
358: 127 0
359: 41 0
360: 56 0
361: 65 0
362: 31 0
363: 99 0
364: 108 0
365: 41 0
366: 53 0
367: 69 0
368: 87 0
369: 83 0
370: 14 0
371: 78 0
372: 25 0
373: 66 0
374: 73 0
375: 76 0
376: 59 0
377: 66 0
378: 42 0
379: 40 0
380: 26 0
381: 55 0
382: 67 0
383: 56 0
384: 98 0
385: 74 0
386: 72 0
387: 83 0
388: 77 0
389: 109 0
390: 43 0
391: 76 0
392: 101 0
393: 41 0
394: 98 0
395: 65 0
396: 28 0
397: 48 0
398: 97 0
399: 89 0
400: 82 0
401: 50 1
402: 75 1
403: 69 1
404: 49 1
405: 50 1
406: 81 1
407: 112 1
408: 88 1
409: 126 1
410: 95 1
411: 117 1
412: 96 1
413: 99 1
414: 38 1
415: 92 1
416: 80 1
417: 38 1
418: 46 1
419: 51 1
420: 81 1
421: 59 1
422: 43 1
423: 106 1
424: 67 1
425: 59 1
426: 40 1
427: 93 1
428: 67 1
429: 58 1
430: 7 1
431: 17 1
432: 49 1
433: 20 1
434: 64 1
435: 74 1
436: 88 1
437: 717 1
438: 719 1
439: 717 1
440: 717 1
441: 717 1
442: 717 1
443: 717 1
444: 717 1
445: 717 1
446: 717 1
447: 717 1
448: 717 1
449: 717 1
450: 717 1
451: 717 1
452: 717 1
453: 717 1
454: 717 1
455: 718 1
456: 717 1
457: 717 1
458: 718 1
459: 717 1
460: 717 1
461: 717 1
462: 717 1
463: 717 1
464: 717 1
465: 717 1
466: 719 1
467: 717 1
468: 717 1
469: 717 1
470: 717 1
471: 717 1
472: 717 1
473: 717 1
474: 717 1
475: 717 1
476: 719 1
477: 719 1
478: 717 1
479: 717 1
480: 720 1
481: 718 1
482: 719 1
483: 719 1
484: 717 1
485: 717 1
486: 717 1
487: 718 1
488: 716 1
489: 716 1
490: 115 1
491: 134 1
492: 119 1
493: 63 1
494: 48 1
495: 47 1
496: 119 1
497: 83 1
498: 71 1
499: 54 1
500: 63 1
