1: 720 1
2: 716 1
3: 716 1
4: 716 1
5: 716 1
6: 717 1
7: 715 1
8: 715 1
9: 715 1
10: 715 1
11: 715 1
12: 715 1
13: 715 1
14: 715 1
15: 717 1
16: 717 1
17: 717 1
18: 717 1
19: 718 1
20: 718 1
21: 715 1
22: 716 1
23: 717 1
24: 715 1
25: 715 1
26: 715 1
27: 716 1
28: 715 1
29: 715 1
30: 715 1
31: 715 1
32: 715 1
33: 715 1
34: 715 1
35: 715 1
36: 714 1
37: 715 1
38: 715 1
39: 715 1
40: 717 1
41: 717 1
42: 715 1
43: 715 1
44: 714 1
45: 715 1
46: 715 1
47: 715 1
48: 715 1
49: 715 1
50: 715 1
51: 715 1
52: 715 1
53: 715 1
54: 715 1
55: 715 1
56: 715 1
57: 715 1
58: 715 1
59: 715 1
60: 715 1
61: 715 1
62: 715 1
63: 715 1
64: 715 1
65: 715 1
66: 715 1
67: 715 1
68: 714 1
69: 715 1
70: 716 1
71: 715 1
72: 715 1
73: 715 1
74: 715 1
75: 715 1
76: 715 1
77: 715 1
78: 715 1
79: 715 1
80: 716 1
81: 715 1
82: 714 1
83: 715 1
84: 715 1
85: 715 1
86: 714 1
87: 715 1
88: 714 1
89: 715 1
90: 715 1
91: 715 1
92: 715 1
93: 715 1
94: 715 1
95: 714 1
96: 715 1
97: 715 1
98: 714 1
99: 714 1
100: 715 1
101: 714 1
102: 715 1
103: 715 0
104: 715 0
105: 714 0
106: 714 0
107: 714 0
108: 715 0
109: 714 0
110: 714 0
111: 715 0
112: 714 0
113: 714 0
114: 714 0
115: 714 0
116: 715 0
117: 715 0
118: 715 0
119: 715 0
120: 715 0
121: 715 0
122: 715 0
123: 715 0
124: 715 0
125: 715 0
126: 715 0
127: 715 0
128: 715 0
129: 715 0
130: 715 0
131: 715 0
132: 715 0
133: 715 0
134: 715 0
135: 715 0
136: 714 0
137: 715 0
138: 715 0
139: 715 0
140: 715 0
141: 715 0
142: 715 0
143: 715 0
144: 715 0
145: 715 0
146: 715 0
147: 715 0
148: 715 0
149: 715 0
150: 715 0
151: 714 0
152: 715 1
153: 715 1
154: 715 1
155: 714 1
156: 715 1
157: 715 1
158: 715 1
159: 714 1
160: 714 1
161: 715 1
162: 715 1
163: 715 1
164: 714 1
165: 716 1
166: 715 1
167: 714 1
168: 714 1
169: 715 1
170: 714 1
171: 714 1
172: 716 1
173: 714 1
174: 714 1
175: 715 1
176: 714 1
177: 715 1
178: 715 1
179: 715 1
180: 715 1
181: 715 1
182: 715 1
183: 715 1
184: 715 1
185: 714 1
186: 715 1
187: 714 1
188: 714 1
189: 714 1
190: 715 1
191: 714 1
192: 714 1
193: 715 1
194: 715 1
195: 714 1
196: 714 1
197: 714 1
198: 715 1
199: 715 1
200: 715 1
201: 715 0
202: 717 0
203: 714 0
204: 714 0
205: 714 0
206: 714 0
207: 715 0
208: 714 0
209: 714 0
210: 714 0
211: 714 0
212: 714 0
213: 714 0
214: 715 0
215: 714 0
216: 715 0
217: 714 0
218: 716 0
219: 714 0
220: 715 0
221: 715 0
222: 715 0
223: 715 0
224: 715 0
225: 714 0
226: 714 0
227: 714 0
228: 715 0
229: 714 0
230: 714 0
231: 714 0
232: 714 0
233: 715 0
234: 714 0
235: 715 0
236: 715 0
237: 715 0
238: 716 0
239: 716 0
240: 715 0
241: 715 0
242: 715 0
243: 715 0
244: 715 0
245: 715 0
246: 715 0
247: 715 0
248: 715 0
249: 714 0
250: 714 1
251: 715 1
252: 715 1
253: 715 1
254: 715 1
255: 715 1
256: 715 1
257: 715 1
258: 715 1
259: 715 1
260: 715 1
261: 715 1
262: 715 1
263: 715 1
264: 715 1
265: 715 1
266: 715 1
267: 715 1
268: 715 1
269: 715 1
270: 715 1
271: 715 1
272: 715 1
273: 715 1
274: 715 1
275: 715 1
276: 715 1
277: 715 1
278: 715 1
279: 715 1
280: 715 1
281: 714 1
282: 715 1
283: 714 1
284: 715 1
285: 714 1
286: 714 1
287: 714 1
288: 714 1
289: 714 1
290: 714 1
291: 715 1
292: 715 1
293: 715 1
294: 715 1
295: 714 1
296: 715 1
297: 714 1
298: 715 1
299: 714 0
300: 715 0
301: 714 0
302: 714 0
303: 715 0
304: 714 0
305: 714 0
306: 715 0
307: 714 0
308: 714 0
309: 714 0
310: 714 0
311: 714 0
312: 714 0
313: 714 0
314: 715 0
315: 715 0
316: 714 0
317: 715 0
318: 715 0
319: 714 0
320: 715 0
321: 715 0
322: 715 0
323: 714 0
324: 714 0
325: 714 0
326: 714 0
327: 714 0
328: 714 0
329: 714 0
330: 714 0
331: 714 0
332: 714 0
333: 714 0
334: 714 0
335: 715 0
336: 714 0
337: 714 0
338: 715 0
339: 714 0
340: 715 0
341: 715 0
342: 715 0
343: 714 0
344: 714 0
345: 714 0
346: 715 0
347: 714 0
348: 714 0
349: 715 0
350: 715 0
351: 715 0
352: 714 0
353: 715 0
354: 714 0
355: 715 0
356: 715 0
357: 715 0
358: 715 0
359: 715 0
360: 715 0
361: 715 0
362: 715 0
363: 715 0
364: 715 0
365: 715 0
366: 715 0
367: 715 0
368: 714 0
369: 714 0
370: 714 0
371: 714 0
372: 714 0
373: 714 0
374: 714 0
375: 714 0
376: 714 0
377: 714 0
378: 714 0
379: 714 0
380: 715 0
381: 715 0
382: 714 0
383: 714 0
384: 714 0
385: 714 0
386: 714 0
387: 715 0
388: 714 0
389: 715 0
390: 714 0
391: 714 0
392: 714 0
393: 714 0
394: 714 0
395: 714 0
396: 715 0
397: 714 0
398: 714 0
399: 715 0
400: 714 0
401: 714 0
402: 714 0
403: 714 0
404: 715 0
405: 715 0
406: 715 0
407: 714 0
408: 715 0
409: 714 0
410: 715 0
411: 715 0
412: 715 0
413: 715 0
414: 715 0
415: 714 0
416: 714 0
417: 714 0
418: 714 0
419: 714 0
420: 714 0
421: 714 0
422: 714 0
423: 714 0
424: 714 0
425: 714 0
426: 714 0
427: 714 0
428: 715 0
429: 714 0
430: 714 0
431: 715 0
432: 714 0
433: 714 0
434: 715 0
435: 714 0
436: 715 0
437: 715 0
438: 714 0
439: 714 0
440: 714 0
441: 714 0
442: 714 0
443: 714 0
444: 714 0
445: 714 0
446: 715 1
447: 714 1
448: 715 1
449: 715 1
450: 714 1
451: 715 1
452: 714 1
453: 715 1
454: 714 1
455: 715 1
456: 714 1
457: 714 1
458: 715 1
459: 714 1
460: 715 1
461: 715 1
462: 715 1
463: 715 1
464: 714 1
465: 714 1
466: 715 1
467: 715 1
468: 715 1
469: 715 1
470: 715 1
471: 715 1
472: 715 1
473: 715 1
474: 715 1
475: 715 1
476: 715 1
477: 715 1
478: 715 1
479: 715 1
480: 715 1
481: 715 1
482: 715 1
483: 715 1
484: 715 1
485: 715 1
486: 715 1
487: 715 1
488: 715 1
489: 715 1
490: 715 1
491: 715 1
492: 715 1
493: 715 1
494: 714 1
495: 715 0
496: 714 0
497: 714 0
498: 715 0
499: 714 0
500: 715 0
