1: 717 0
2: 714 0
3: 716 0
4: 23 0
5: 81 0
6: 61 0
7: 69 0
8: 37 0
9: 121 0
10: 16 0
11: 79 0
12: 58 0
13: 68 0
14: 20 0
15: 44 0
16: 54 0
17: 715 0
18: 716 0
19: 716 0
20: 716 0
21: 717 0
22: 716 0
23: 716 0
24: 717 0
25: 715 0
26: 714 0
27: 717 0
28: 716 0
29: 715 0
30: 714 0
31: 715 0
32: 714 0
33: 714 0
34: 714 0
35: 715 0
36: 715 0
37: 715 0
38: 714 0
39: 714 0
40: 716 0
41: 715 0
42: 715 0
43: 715 0
44: 714 0
45: 714 0
46: 714 0
47: 715 0
48: 714 0
49: 714 0
50: 715 0
51: 714 0
52: 714 1
53: 715 1
54: 714 1
55: 714 1
56: 715 1
57: 714 1
58: 714 1
59: 715 1
60: 714 1
61: 714 1
62: 714 1
63: 715 1
64: 714 1
65: 714 1
66: 715 1
67: 714 1
68: 714 1
69: 715 1
70: 714 1
71: 714 1
72: 715 1
73: 41 1
74: 714 1
75: 715 1
76: 714 1
77: 714 1
78: 714 1
79: 715 1
80: 714 1
81: 714 1
82: 715 1
83: 714 1
84: 714 1
85: 715 1
86: 714 1
87: 714 1
88: 715 1
89: 714 1
90: 714 1
91: 715 1
92: 714 1
93: 714 1
94: 35 1
95: 714 1
96: 714 1
97: 714 1
98: 715 1
99: 714 1
100: 714 1
101: 37 1
102: 714 1
103: 714 0
104: 715 0
105: 714 0
106: 714 0
107: 715 0
108: 714 0
109: 714 0
110: 715 0
111: 714 0
112: 714 0
113: 715 0
114: 714 0
115: 714 0
116: 714 0
117: 714 0
118: 714 0
119: 714 0
120: 714 0
121: 714 0
122: 714 0
123: 716 0
124: 715 0
125: 714 0
126: 714 0
127: 716 0
128: 714 0
129: 714 0
130: 716 0
131: 714 0
132: 714 0
133: 715 0
134: 714 0
135: 714 0
136: 716 0
137: 714 0
138: 714 0
139: 715 0
140: 714 0
141: 714 0
142: 715 0
143: 714 0
144: 714 0
145: 715 0
146: 714 0
147: 714 0
148: 715 0
149: 714 0
150: 714 0
151: 715 0
152: 714 0
153: 714 0
154: 715 0
155: 714 0
156: 715 0
157: 714 0
158: 715 0
159: 715 0
160: 714 0
161: 714 0
162: 715 0
163: 714 0
164: 714 0
165: 715 0
166: 714 0
167: 715 0
168: 715 0
169: 714 0
170: 715 0
171: 715 0
172: 714 0
173: 714 0
174: 715 0
175: 714 0
176: 714 0
177: 715 0
178: 714 0
179: 714 0
180: 715 0
181: 714 0
182: 714 0
183: 715 0
184: 714 0
185: 714 0
186: 716 0
187: 714 0
188: 715 0
189: 714 0
190: 714 0
191: 715 0
192: 714 0
193: 714 0
194: 715 0
195: 714 0
196: 714 0
197: 715 0
198: 714 0
199: 714 0
200: 715 0
201: 714 1
202: 714 1
203: 716 1
204: 714 1
205: 714 1
206: 715 1
207: 714 1
208: 714 1
209: 715 1
210: 714 1
211: 714 1
212: 715 1
213: 714 1
214: 714 1
215: 714 1
216: 714 1
217: 714 1
218: 714 1
219: 714 1
220: 716 1
221: 714 1
222: 714 1
223: 715 1
224: 714 1
225: 714 1
226: 715 1
227: 714 1
228: 714 1
229: 715 1
230: 714 1
231: 714 1
232: 715 1
233: 714 1
234: 714 1
235: 716 1
236: 714 1
237: 714 1
238: 715 1
239: 714 1
240: 714 1
241: 715 1
242: 714 1
243: 714 1
244: 715 1
245: 714 1
246: 714 1
247: 714 1
248: 714 1
249: 714 1
250: 714 0
251: 714 0
252: 715 0
253: 714 0
254: 714 0
255: 715 0
256: 714 0
257: 714 0
258: 715 0
259: 714 0
260: 714 0
261: 715 0
262: 714 0
263: 714 0
264: 715 0
265: 714 0
266: 714 0
267: 715 0
268: 714 0
269: 714 0
270: 715 0
271: 714 0
272: 714 0
273: 715 0
274: 714 0
275: 714 0
276: 714 0
277: 714 0
278: 714 0
279: 714 0
280: 714 0
281: 714 0
282: 714 0
283: 714 0
284: 715 0
285: 714 0
286: 714 0
287: 715 0
288: 715 0
289: 714 0
290: 715 0
291: 714 0
292: 714 0
293: 715 0
294: 714 0
295: 714 0
296: 715 0
297: 714 0
298: 714 0
299: 715 0
300: 714 0
301: 714 0
302: 715 0
303: 714 0
304: 714 0
305: 715 0
306: 714 0
307: 714 0
308: 715 0
309: 23 0
310: 18 0
311: 37 0
312: 714 0
313: 714 0
314: 715 0
315: 714 0
316: 714 0
317: 715 0
318: 714 0
319: 714 0
320: 715 0
321: 714 0
322: 714 0
323: 714 0
324: 714 0
325: 715 0
326: 714 0
327: 714 0
328: 715 0
329: 714 0
330: 714 0
331: 715 0
332: 714 0
333: 37 0
334: 715 0
335: 714 0
336: 714 0
337: 715 0
338: 714 0
339: 714 0
340: 715 0
341: 714 0
342: 714 0
343: 715 0
344: 52 0
345: 71 0
346: 105 0
347: 67 0
348: 60 1
349: 97 1
350: 70 1
351: 37 1
352: 111 1
353: 124 1
354: 40 1
355: 85 1
356: 91 1
357: 31 1
358: 53 1
359: 75 1
360: 100 1
361: 81 1
362: 127 1
363: 65 1
364: 67 1
365: 40 1
366: 43 1
367: 75 1
368: 716 1
369: 33 1
370: 21 1
371: 66 1
372: 33 1
373: 714 1
374: 715 1
375: 714 1
376: 714 1
377: 20 1
378: 714 1
379: 714 1
380: 716 1
381: 714 1
382: 714 1
383: 715 1
384: 714 1
385: 714 1
386: 715 1
387: 714 1
388: 714 1
389: 715 1
390: 714 1
391: 714 1
392: 715 1
393: 714 1
394: 714 1
395: 715 1
396: 714 1
397: 714 1
398: 715 1
399: 714 1
400: 715 1
401: 714 1
402: 714 1
403: 715 1
404: 714 1
405: 714 1
406: 715 1
407: 714 1
408: 714 1
409: 715 1
410: 714 1
411: 714 1
412: 715 1
413: 714 1
414: 714 1
415: 715 1
416: 714 1
417: 714 1
418: 716 1
419: 714 1
420: 714 1
421: 715 1
422: 58 1
423: 714 1
424: 715 1
425: 714 1
426: 714 1
427: 715 1
428: 714 1
429: 714 1
430: 715 1
431: 714 1
432: 714 1
433: 715 1
434: 714 1
435: 715 1
436: 714 1
437: 714 1
438: 715 1
439: 714 1
440: 714 1
441: 715 1
442: 714 1
443: 714 1
444: 715 1
445: 714 1
446: 714 1
447: 715 1
448: 714 1
449: 714 1
450: 715 1
451: 714 1
452: 714 1
453: 715 1
454: 714 1
455: 714 1
456: 715 1
457: 714 1
458: 714 1
459: 715 1
460: 714 1
461: 714 1
462: 714 1
463: 714 1
464: 714 1
465: 714 1
466: 714 1
467: 68 1
468: 714 1
469: 714 1
470: 715 1
471: 714 1
472: 714 1
473: 715 1
474: 714 1
475: 714 1
476: 715 1
477: 714 1
478: 714 1
479: 715 1
480: 714 1
481: 714 1
482: 715 1
483: 66 1
484: 714 1
485: 715 1
486: 715 1
487: 714 1
488: 715 1
489: 714 1
490: 714 1
491: 716 1
492: 714 1
493: 714 1
494: 716 1
495: 714 1
496: 714 1
497: 715 1
498: 714 1
499: 714 0
500: 715 0
