1: 320 1
2: 327 1
3: 320 1
4: 312 1
5: 358 1
6: 350 1
7: 322 1
8: 318 1
9: 306 1
10: 313 1
11: 328 1
12: 302 1
13: 330 1
14: 347 1
15: 340 1
16: 330 1
17: 331 1
18: 336 1
19: 325 1
20: 478 1
21: 359 1
22: 354 1
23: 411 1
24: 386 1
25: 414 1
26: 327 1
27: 388 1
28: 376 1
29: 496 1
30: 397 1
31: 451 1
32: 481 1
33: 391 1
34: 425 1
35: 360 1
36: 313 1
37: 435 1
38: 350 1
39: 545 1
40: 509 1
41: 556 1
42: 574 1
43: 440 1
44: 459 1
45: 574 1
46: 522 1
47: 580 1
48: 571 1
49: 579 1
50: 428 1
51: 476 1
52: 558 0
53: 585 0
54: 583 0
55: 573 0
56: 574 0
57: 579 0
58: 579 0
59: 441 0
60: 578 0
61: 517 0
62: 443 0
63: 483 0
64: 574 0
65: 445 0
66: 466 0
67: 577 0
68: 435 0
69: 577 0
70: 531 0
71: 574 0
72: 415 0
73: 579 0
74: 565 0
75: 542 0
76: 546 0
77: 460 0
78: 479 0
79: 451 0
80: 494 0
81: 577 0
82: 462 0
83: 384 0
84: 400 0
85: 341 0
86: 437 0
87: 580 0
88: 446 0
89: 516 0
90: 417 0
91: 414 0
92: 418 0
93: 516 0
94: 349 0
95: 346 0
96: 392 0
97: 521 0
98: 412 0
99: 413 0
100: 578 0
101: 547 0
102: 560 0
103: 579 0
104: 497 0
105: 568 0
106: 439 0
107: 541 0
108: 382 0
109: 339 0
110: 463 0
111: 460 0
112: 517 0
113: 505 0
114: 457 0
115: 462 0
116: 454 0
117: 449 0
118: 449 0
119: 393 0
120: 446 0
121: 378 0
122: 415 0
123: 395 0
124: 484 0
125: 478 0
126: 321 0
127: 382 0
128: 372 0
129: 511 0
130: 471 0
131: 454 0
132: 484 0
133: 494 0
134: 376 0
135: 572 0
136: 447 0
137: 376 0
138: 446 0
139: 459 0
140: 540 0
141: 428 0
142: 489 0
143: 329 0
144: 438 0
145: 480 0
146: 510 0
147: 315 0
148: 440 0
149: 362 0
150: 381 0
151: 403 0
152: 459 0
153: 438 0
154: 426 0
155: 331 0
156: 425 0
157: 455 0
158: 417 0
159: 468 0
160: 368 0
161: 378 0
162: 419 0
163: 328 0
164: 417 0
165: 416 0
166: 349 0
167: 431 0
168: 448 0
169: 431 0
170: 561 0
171: 414 0
172: 465 0
173: 504 0
174: 504 0
175: 453 0
176: 419 0
177: 567 0
178: 411 0
179: 576 0
180: 306 0
181: 329 0
182: 371 0
183: 494 0
184: 433 0
185: 465 0
186: 512 0
187: 577 0
188: 577 0
189: 530 0
190: 532 0
191: 482 0
192: 383 0
193: 448 0
194: 396 0
195: 374 0
196: 387 0
197: 362 0
198: 321 0
199: 426 0
200: 447 0
201: 546 1
202: 448 1
203: 580 1
204: 421 1
205: 403 1
206: 454 1
207: 389 1
208: 478 1
209: 569 1
210: 584 1
211: 520 1
212: 500 1
213: 452 1
214: 576 1
215: 533 1
216: 337 1
217: 421 1
218: 499 1
219: 478 1
220: 577 1
221: 438 1
222: 445 1
223: 456 1
224: 384 1
225: 416 1
226: 542 1
227: 461 1
228: 380 1
229: 515 1
230: 385 1
231: 468 1
232: 421 1
233: 414 1
234: 312 1
235: 478 1
236: 583 1
237: 367 1
238: 478 1
239: 454 1
240: 355 1
241: 331 1
242: 300 1
243: 366 1
244: 313 1
245: 351 1
246: 360 1
247: 348 1
248: 342 1
249: 539 1
250: 345 1
251: 299 1
252: 279 1
253: 395 1
254: 373 1
255: 487 1
256: 309 1
257: 366 1
258: 315 1
259: 318 1
260: 332 1
261: 345 1
262: 302 1
263: 345 1
264: 304 1
265: 329 1
266: 361 1
267: 305 1
268: 329 1
269: 434 1
270: 467 1
271: 315 1
272: 381 1
273: 290 1
274: 354 1
275: 333 1
276: 445 1
277: 413 1
278: 460 1
279: 461 1
280: 575 1
281: 541 1
282: 508 1
283: 460 1
284: 561 1
285: 356 1
286: 364 1
287: 430 1
288: 319 1
289: 360 1
290: 383 1
291: 340 1
292: 342 1
293: 339 1
294: 495 1
295: 321 1
296: 519 1
297: 446 1
298: 435 1
299: 445 0
300: 408 0
301: 337 0
302: 509 0
303: 370 0
304: 456 0
305: 359 0
306: 390 0
307: 378 0
308: 391 0
309: 562 0
310: 554 0
311: 529 0
312: 580 0
313: 532 0
314: 479 0
315: 530 0
316: 423 0
317: 575 0
318: 405 0
319: 514 0
320: 512 0
321: 429 0
322: 370 0
323: 433 0
324: 476 0
325: 419 0
326: 373 0
327: 457 0
328: 418 0
329: 487 0
330: 585 0
331: 577 0
332: 449 0
333: 294 0
334: 326 0
335: 385 0
336: 574 0
337: 517 0
338: 472 0
339: 391 0
340: 391 0
341: 367 0
342: 523 0
343: 507 0
344: 347 0
345: 482 0
346: 490 0
347: 370 0
348: 359 0
349: 397 0
350: 412 0
351: 390 0
352: 543 1
353: 339 1
354: 417 1
355: 353 1
356: 408 1
357: 342 1
358: 353 1
359: 421 1
360: 452 1
361: 352 1
362: 444 1
363: 322 1
364: 373 1
365: 311 1
366: 380 1
367: 358 1
368: 349 1
369: 313 1
370: 302 1
371: 287 1
372: 290 1
373: 310 1
374: 379 1
375: 395 1
376: 365 1
377: 327 1
378: 401 1
379: 429 1
380: 386 1
381: 332 1
382: 384 1
383: 335 1
384: 359 1
385: 350 1
386: 372 1
387: 368 1
388: 331 1
389: 354 1
390: 368 1
391: 382 1
392: 409 1
393: 364 1
394: 363 1
395: 453 1
396: 337 1
397: 303 1
398: 351 1
399: 380 1
400: 316 1
401: 338 0
402: 328 0
403: 297 0
404: 342 0
405: 340 0
406: 300 0
407: 333 0
408: 325 0
409: 335 0
410: 298 0
411: 316 0
412: 301 0
413: 339 0
414: 313 0
415: 323 0
416: 298 0
417: 339 0
418: 355 0
419: 307 0
420: 290 0
421: 343 0
422: 371 0
423: 324 0
424: 316 0
425: 342 0
426: 313 0
427: 331 0
428: 317 0
429: 333 0
430: 285 0
431: 298 0
432: 304 0
433: 351 0
434: 323 0
435: 335 0
436: 337 0
437: 300 0
438: 300 0
439: 338 0
440: 298 0
441: 319 0
442: 330 0
443: 360 0
444: 316 0
445: 285 0
446: 350 0
447: 312 0
448: 318 0
449: 312 0
450: 291 1
451: 341 1
452: 310 1
453: 341 1
454: 333 1
455: 322 1
456: 335 1
457: 342 1
458: 306 1
459: 325 1
460: 317 1
461: 366 1
462: 405 1
463: 317 1
464: 323 1
465: 297 1
466: 319 1
467: 331 1
468: 309 1
469: 341 1
470: 328 1
471: 320 1
472: 362 1
473: 290 1
474: 346 1
475: 329 1
476: 308 1
477: 327 1
478: 308 1
479: 337 1
480: 342 1
481: 328 1
482: 328 1
483: 330 1
484: 325 1
485: 353 1
486: 305 1
487: 359 1
488: 325 1
489: 313 1
490: 335 1
491: 332 1
492: 358 1
493: 384 1
494: 331 1
495: 302 1
496: 324 1
497: 294 1
498: 333 1
499: 358 1
500: 360 0
