1: 718 1
2: 716 1
3: 715 1
4: 715 1
5: 715 1
6: 716 1
7: 715 1
8: 715 1
9: 715 1
10: 715 1
11: 715 1
12: 715 1
13: 715 1
14: 715 1
15: 717 1
16: 717 1
17: 717 1
18: 717 1
19: 718 1
20: 720 1
21: 715 1
22: 716 1
23: 716 1
24: 715 1
25: 714 1
26: 715 1
27: 714 1
28: 714 1
29: 715 1
30: 715 1
31: 715 1
32: 715 1
33: 715 1
34: 715 1
35: 715 1
36: 714 1
37: 715 1
38: 715 1
39: 718 1
40: 717 1
41: 715 1
42: 715 1
43: 715 1
44: 715 1
45: 715 1
46: 715 1
47: 715 1
48: 715 1
49: 714 1
50: 715 1
51: 715 1
52: 714 0
53: 715 0
54: 715 0
55: 715 0
56: 714 0
57: 715 0
58: 715 0
59: 715 0
60: 715 0
61: 715 0
62: 715 0
63: 715 0
64: 715 0
65: 715 0
66: 715 0
67: 715 0
68: 716 0
69: 715 0
70: 715 0
71: 715 0
72: 715 0
73: 715 0
74: 714 0
75: 715 0
76: 715 0
77: 715 0
78: 714 0
79: 714 0
80: 715 0
81: 714 0
82: 715 0
83: 714 0
84: 715 0
85: 715 0
86: 715 0
87: 715 0
88: 715 0
89: 715 0
90: 715 0
91: 715 0
92: 715 0
93: 715 0
94: 715 0
95: 715 0
96: 715 0
97: 715 0
98: 714 0
99: 714 0
100: 715 0
101: 714 0
102: 715 0
103: 714 0
104: 715 0
105: 714 0
106: 714 0
107: 714 0
108: 715 0
109: 714 0
110: 714 0
111: 715 0
112: 714 0
113: 714 0
114: 715 0
115: 715 0
116: 714 0
117: 715 0
118: 715 0
119: 715 0
120: 715 0
121: 715 0
122: 715 0
123: 715 0
124: 715 0
125: 715 0
126: 714 0
127: 714 0
128: 714 0
129: 714 0
130: 714 0
131: 714 0
132: 714 0
133: 714 0
134: 715 0
135: 714 0
136: 714 0
137: 715 0
138: 715 0
139: 714 0
140: 715 0
141: 714 0
142: 715 0
143: 715 0
144: 715 0
145: 715 0
146: 715 0
147: 714 0
148: 714 0
149: 715 0
150: 716 0
151: 714 0
152: 715 1
153: 715 1
154: 715 1
155: 715 1
156: 714 1
157: 714 1
158: 715 1
159: 714 1
160: 714 1
161: 715 1
162: 714 1
163: 715 1
164: 715 1
165: 715 1
166: 715 1
167: 715 1
168: 715 1
169: 714 1
170: 715 1
171: 715 1
172: 715 1
173: 715 1
174: 714 1
175: 715 1
176: 715 1
177: 715 1
178: 715 1
179: 714 1
180: 714 1
181: 715 1
182: 715 1
183: 714 1
184: 714 1
185: 715 1
186: 714 1
187: 715 1
188: 715 1
189: 714 1
190: 714 1
191: 715 1
192: 715 1
193: 715 1
194: 714 1
195: 715 1
196: 715 1
197: 714 1
198: 715 1
199: 714 1
200: 714 1
201: 715 1
202: 715 1
203: 715 1
204: 715 1
205: 715 1
206: 715 1
207: 715 1
208: 715 1
209: 715 1
210: 715 1
211: 715 1
212: 715 1
213: 715 1
214: 715 1
215: 715 1
216: 715 1
217: 715 1
218: 715 1
219: 715 1
220: 715 1
221: 715 1
222: 715 1
223: 715 1
224: 715 1
225: 715 1
226: 715 1
227: 715 1
228: 715 1
229: 715 1
230: 717 1
231: 717 1
232: 717 1
233: 717 1
234: 718 1
235: 717 1
236: 719 1
237: 717 1
238: 719 1
239: 720 1
240: 718 1
241: 715 1
242: 715 1
243: 716 1
244: 715 1
245: 715 1
246: 715 1
247: 714 1
248: 716 1
249: 714 1
250: 714 1
251: 714 1
252: 714 1
253: 715 1
254: 714 1
255: 715 1
256: 715 1
257: 714 1
258: 714 1
259: 715 1
260: 714 1
261: 714 1
262: 714 1
263: 715 1
264: 715 1
265: 715 1
266: 714 1
267: 34 1
268: 89 1
269: 98 1
270: 31 1
271: 14 1
272: 715 1
273: 715 1
274: 714 1
275: 714 1
276: 714 1
277: 714 1
278: 715 1
279: 714 1
280: 715 1
281: 715 1
282: 714 1
283: 715 1
284: 715 1
285: 714 1
286: 716 1
287: 718 1
288: 714 1
289: 715 1
290: 714 1
291: 714 1
292: 715 1
293: 715 1
294: 715 1
295: 715 1
296: 714 1
297: 715 1
298: 714 1
299: 715 1
300: 715 1
301: 714 0
302: 714 0
303: 714 0
304: 714 0
305: 715 0
306: 715 0
307: 715 0
308: 715 0
309: 715 0
310: 715 0
311: 715 0
312: 715 0
313: 715 0
314: 715 0
315: 715 0
316: 715 0
317: 715 0
318: 716 0
319: 715 0
320: 715 0
321: 715 0
322: 715 0
323: 715 0
324: 715 0
325: 715 0
326: 715 0
327: 715 0
328: 715 0
329: 715 0
330: 715 0
331: 715 0
332: 715 0
333: 715 0
334: 41 0
335: 60 0
336: 715 0
337: 715 0
338: 715 0
339: 715 0
340: 715 0
341: 715 0
342: 715 0
343: 715 0
344: 715 0
345: 715 0
346: 714 0
347: 714 0
348: 714 0
349: 714 0
350: 714 0
351: 714 0
352: 714 0
353: 715 0
354: 714 0
355: 714 0
356: 715 0
357: 714 0
358: 714 0
359: 715 0
360: 714 0
361: 714 0
362: 714 0
363: 714 0
364: 714 0
365: 714 0
366: 714 0
367: 714 0
368: 714 0
369: 714 0
370: 714 0
371: 714 0
372: 714 0
373: 714 0
374: 714 0
375: 714 0
376: 714 0
377: 714 0
378: 714 0
379: 715 0
380: 714 0
381: 714 0
382: 714 0
383: 714 0
384: 714 0
385: 714 0
386: 714 0
387: 714 0
388: 18 0
389: 714 0
390: 714 0
391: 36 0
392: 714 0
393: 714 0
394: 715 0
395: 714 0
396: 716 0
397: 718 0
398: 31 0
399: 87 1
400: 42 1
401: 49 1
402: 93 1
403: 132 1
404: 15 1
405: 47 1
406: 99 1
407: 43 1
408: 56 1
409: 119 1
410: 39 1
411: 95 1
412: 37 1
413: 71 1
414: 76 1
415: 119 1
416: 38 1
417: 32 1
418: 70 1
419: 33 1
420: 45 1
421: 95 1
422: 44 1
423: 112 1
424: 129 1
425: 131 1
426: 99 1
427: 129 1
428: 77 1
429: 142 1
430: 208 1
431: 172 1
432: 137 1
433: 134 1
434: 54 1
435: 139 1
436: 185 1
437: 118 1
438: 118 1
439: 89 1
440: 133 1
441: 79 1
442: 145 1
443: 119 1
444: 124 1
445: 89 1
446: 94 1
447: 111 1
448: 101 1
449: 47 0
450: 78 0
451: 90 0
452: 138 0
453: 108 0
454: 73 0
455: 51 0
456: 123 0
457: 61 0
458: 71 0
459: 72 0
460: 75 0
461: 113 0
462: 93 0
463: 83 0
464: 69 0
465: 49 0
466: 75 0
467: 48 0
468: 66 0
469: 58 0
470: 82 0
471: 81 0
472: 146 0
473: 128 0
474: 123 0
475: 126 0
476: 67 0
477: 35 0
478: 714 0
479: 714 0
480: 715 0
481: 714 0
482: 714 0
483: 714 0
484: 714 0
485: 714 0
486: 714 0
487: 714 0
488: 715 0
489: 715 0
490: 715 0
491: 715 0
492: 715 0
493: 714 0
494: 714 0
495: 715 0
496: 714 0
497: 715 0
498: 715 0
499: 714 0
500: 715 0
