1: 64 0
2: 50 0
3: 111 0
4: 69 0
5: 113 0
6: 33 0
7: 58 0
8: 51 0
9: 714 0
10: 715 0
11: 715 0
12: 715 0
13: 64 0
14: 62 0
15: 60 0
16: 109 0
17: 141 0
18: 132 0
19: 92 0
20: 101 0
21: 108 0
22: 107 0
23: 84 0
24: 92 0
25: 86 0
26: 117 0
27: 115 0
28: 71 0
29: 62 0
30: 83 0
31: 69 0
32: 95 0
33: 66 0
34: 34 0
35: 59 0
36: 25 0
37: 62 0
38: 104 0
39: 101 0
40: 125 0
41: 186 0
42: 109 0
43: 108 0
44: 127 0
45: 29 0
46: 82 0
47: 74 0
48: 75 0
49: 137 0
50: 127 0
51: 110 0
52: 52 0
53: 129 0
54: 56 0
55: 142 0
56: 90 0
57: 60 0
58: 110 0
59: 43 0
60: 31 0
61: 68 0
62: 75 0
63: 99 0
64: 122 0
65: 106 0
66: 75 0
67: 72 0
68: 96 0
69: 117 0
70: 45 0
71: 64 0
72: 49 0
73: 67 0
74: 116 0
75: 38 0
76: 71 0
77: 48 0
78: 112 0
79: 126 0
80: 102 0
81: 53 0
82: 64 0
83: 92 0
84: 83 0
85: 16 0
86: 83 0
87: 82 0
88: 71 0
89: 36 0
90: 97 0
91: 87 0
92: 89 0
93: 66 0
94: 110 0
95: 58 0
96: 715 0
97: 715 0
98: 715 0
99: 715 0
100: 714 0
101: 715 0
102: 715 0
103: 122 0
104: 77 0
105: 40 0
106: 69 0
107: 75 0
108: 67 0
109: 70 0
110: 115 0
111: 43 0
112: 69 0
113: 38 0
114: 69 0
115: 27 0
116: 67 0
117: 24 0
118: 45 0
119: 714 0
120: 714 0
121: 715 0
122: 714 0
123: 715 0
124: 715 0
125: 715 0
126: 715 0
127: 714 0
128: 715 0
129: 715 0
130: 715 0
131: 714 0
132: 715 0
133: 714 0
134: 715 0
135: 714 0
136: 715 0
137: 714 0
138: 715 0
139: 715 0
140: 714 0
141: 714 0
142: 120 0
143: 109 0
144: 74 0
145: 108 0
146: 51 0
147: 70 0
148: 58 0
149: 26 0
150: 84 0
151: 81 0
152: 16 0
153: 41 1
154: 115 1
155: 50 1
156: 63 1
157: 27 1
158: 47 1
159: 87 1
160: 88 1
161: 48 1
162: 78 1
163: 87 1
164: 90 1
165: 61 1
166: 7 1
167: 70 1
168: 45 1
169: 24 1
170: 42 1
171: 96 1
172: 68 1
173: 78 1
174: 82 1
175: 107 1
176: 71 1
177: 24 1
178: 53 1
179: 31 1
180: 79 1
181: 41 1
182: 49 1
183: 102 1
184: 94 1
185: 59 1
186: 83 1
187: 81 1
188: 715 1
189: 715 1
190: 715 1
191: 715 1
192: 715 1
193: 715 1
194: 715 1
195: 715 1
196: 102 1
197: 99 1
198: 715 1
199: 715 1
200: 715 1
201: 715 1
202: 715 1
203: 715 1
204: 715 1
205: 715 1
206: 715 1
207: 715 1
208: 715 1
209: 715 1
210: 715 1
211: 715 1
212: 715 1
213: 715 1
214: 715 1
215: 715 1
216: 715 1
217: 715 1
218: 715 1
219: 715 1
220: 715 1
221: 715 1
222: 715 1
223: 715 1
224: 715 1
225: 715 1
226: 715 1
227: 715 1
228: 715 1
229: 715 1
230: 715 1
231: 714 1
232: 71 1
233: 62 1
234: 715 1
235: 715 1
236: 112 1
237: 117 1
238: 163 1
239: 87 1
240: 131 1
241: 137 1
242: 172 1
243: 120 1
244: 135 1
245: 127 1
246: 77 1
247: 36 1
248: 138 1
249: 95 1
250: 131 1
251: 144 1
252: 77 1
253: 60 0
254: 105 0
255: 133 0
256: 155 0
257: 72 0
258: 89 0
259: 99 0
260: 83 0
261: 48 0
262: 120 0
263: 125 0
264: 135 0
265: 114 0
266: 125 0
267: 120 0
268: 101 0
269: 85 0
270: 56 0
271: 72 0
272: 112 0
273: 85 0
274: 74 0
275: 85 0
276: 118 0
277: 71 0
278: 56 0
279: 83 0
280: 95 0
281: 144 0
282: 715 0
283: 714 0
284: 716 0
285: 714 0
286: 715 0
287: 714 0
288: 714 0
289: 715 0
290: 77 0
291: 73 0
292: 114 0
293: 103 0
294: 120 0
295: 115 0
296: 166 0
297: 50 0
298: 42 0
299: 124 0
300: 135 0
301: 137 0
302: 146 0
303: 89 0
304: 106 0
305: 89 0
306: 103 0
307: 98 0
308: 109 0
309: 23 0
310: 714 0
311: 714 0
312: 714 0
313: 714 0
314: 715 0
315: 714 0
316: 715 0
317: 714 0
318: 715 0
319: 714 0
320: 715 0
321: 714 0
322: 715 0
323: 715 0
324: 715 0
325: 714 0
326: 714 0
327: 715 0
328: 715 0
329: 714 0
330: 714 0
331: 715 0
332: 714 0
333: 714 0
334: 714 0
335: 714 0
336: 714 0
337: 714 0
338: 714 0
339: 714 0
340: 714 0
341: 714 0
342: 715 0
343: 715 0
344: 715 0
345: 715 0
346: 715 0
347: 715 0
348: 714 0
349: 714 0
350: 714 0
351: 714 1
352: 715 1
353: 714 1
354: 714 1
355: 714 1
356: 714 1
357: 715 1
358: 714 1
359: 715 1
360: 715 1
361: 99 1
362: 138 1
363: 111 1
364: 101 1
365: 89 1
366: 57 1
367: 714 1
368: 715 1
369: 715 1
370: 715 1
371: 715 1
372: 15 1
373: 81 1
374: 8 1
375: 715 1
376: 715 1
377: 715 1
378: 715 1
379: 715 1
380: 714 1
381: 715 1
382: 715 1
383: 714 1
384: 715 1
385: 715 1
386: 715 1
387: 714 1
388: 714 1
389: 715 1
390: 714 1
391: 714 1
392: 715 1
393: 715 1
394: 715 1
395: 715 1
396: 716 1
397: 715 1
398: 715 1
399: 716 1
400: 716 1
401: 716 1
402: 716 1
403: 715 1
404: 716 1
405: 716 1
406: 715 1
407: 716 1
408: 716 1
409: 716 1
410: 716 1
411: 29 1
412: 127 1
413: 75 1
414: 121 1
415: 95 1
416: 62 1
417: 126 1
418: 80 1
419: 93 1
420: 59 1
421: 69 1
422: 62 1
423: 715 1
424: 715 1
425: 715 1
426: 715 1
427: 715 1
428: 715 1
429: 715 1
430: 715 1
431: 715 1
432: 715 1
433: 715 1
434: 714 1
435: 714 1
436: 714 1
437: 715 1
438: 714 1
439: 715 1
440: 715 1
441: 714 1
442: 715 1
443: 715 1
444: 714 1
445: 715 1
446: 715 1
447: 715 1
448: 715 1
449: 714 1
450: 715 1
451: 714 1
452: 715 1
453: 714 1
454: 715 1
455: 142 1
456: 66 1
457: 111 1
458: 96 1
459: 48 1
460: 90 1
461: 79 1
462: 31 1
463: 17 1
464: 715 1
465: 715 1
466: 714 1
467: 715 1
468: 715 1
469: 714 1
470: 714 1
471: 715 1
472: 714 1
473: 714 1
474: 715 1
475: 715 1
476: 714 1
477: 715 1
478: 714 1
479: 714 1
480: 714 1
481: 715 1
482: 714 1
483: 715 1
484: 715 1
485: 715 1
486: 714 1
487: 715 1
488: 36 1
489: 66 1
490: 40 1
491: 35 1
492: 95 1
493: 99 1
494: 53 1
495: 54 1
496: 57 1
497: 715 1
498: 714 1
499: 715 1
500: 715 1
