0, 0, 0, 7.241296133462699e-40, 0, 865.3061224489796
1, 1.9093715841822013e-100, 0, 3.818743168364403e-102, 1.9093715841822013e-100, 700.0555102040817
2, 1.141641170981213e-32, 0, 2.294381014392357e-34, 1.141641170981213e-32, 485.85714285714283
3, 2.3548460714834044e-16, 0, 4.709705703974439e-18, 2.3548460714834044e-16, 320.66938775510204
4, 1.3780081774423001e-24, 0, 2.759439698479625e-26, 2.3548460714834044e-16, 233.52979591836734
5, 1.343812277631519e-06, 0, 5.774178273662594e-08, 1.343812277631519e-06, 155.6065306122449
6, 2.9521100236169564e-14, 0, 5.930457090252003e-16, 1.343812277631519e-06, 139.5681632653061
7, 9.104080001181529e-30, 0, 1.8208213611915908e-31, 1.343812277631519e-06, 106.20979591836735
8, 2.3858570142511543e-15, 0, 4.7718053372108473e-17, 1.343812277631519e-06, 77.39510204081633
9, 0.8377693123411386, 0, 0.05744745705216705, 0.8377693123411386, 83.10938775510203
10, 0.7933108632661057, 0, 0.102621001621146, 0.8377693123411386, 59.353469387755105
11, 0.9862344980688312, 0, 0.1492065142069328, 0.9862344980688312, 64.31591836734694
12, 0.979406992660776, 0, 0.11696195105368419, 0.9862344980688312, 54.85469387755102
13, 0.9412448230150238, 0, 0.10854209870389095, 0.9862344980688312, 58.671020408163265
14, 0.9503922356189344, 0, 0.06947767268658178, 0.9862344980688312, 64.89877551020408
15, 0.762451693724411, 0, 0.06900241304825354, 0.9862344980688312, 68.60244897959184
16, 0.9697160328339264, 0, 0.15632873229362354, 0.9862344980688312, 70.12
17, 0.9644661916233148, 0, 0.1057849952655663, 0.9862344980688312, 70.66204081632652
18, 0.7356975920901512, 0, 0.06161557775141931, 0.9862344980688312, 66.72244897959183
19, 0.9666390461810984, 0, 0.16322843883875382, 0.9862344980688312, 56.72326530612245
20, 0.9984332286697314, 0, 0.17176811453055893, 0.9984332286697314, 59.27265306122449
21, 0.9720753081522843, 0, 0.13105164293649743, 0.9984332286697314, 65.69551020408163
22, 0.818707726599363, 0, 0.08274167546140873, 0.9984332286697314, 70.40081632653062
23, 0.9626282258799163, 0, 0.09092379087784115, 0.9984332286697314, 70.92489795918367
24, 0.9969626221939075, 0, 0.22229552818729445, 0.9984332286697314, 72.63102040816327
25, 0.817411613580694, 0, 0.0855786888395451, 0.9984332286697314, 76.02938775510204
26, 0.9447976513236398, 0, 0.095741949063658, 0.9984332286697314, 78.39183673469388
27, 0.9648543467939006, 0, 0.1827587807666673, 0.9984332286697314, 77.44816326530612
28, 0.9410809430284317, 0, 0.17391423140952633, 0.9984332286697314, 72.01224489795918
29, 0.9688687501761524, 0, 0.16909631621401902, 0.9984332286697314, 68.03591836734694
30, 0.9452743038347265, 0, 0.14070023863986197, 0.9984332286697314, 70.43918367346939
31, 0.9753331978304555, 0, 0.12196387199575451, 0.9984332286697314, 74.36979591836734
32, 0.44389149590835963, 0, 0.020027887515442863, 0.9984332286697314, 77.12408163265306
33, 0.870804310141282, 0, 0.1114345983892143, 0.9984332286697314, 80.10612244897959
34, 0.9897566986466073, 0, 0.11852102729640654, 0.9984332286697314, 77.34204081632653
35, 0.9390982947570689, 0, 0.12769259052455947, 0.9984332286697314, 87.3534693877551
36, 0.8909739177033548, 0, 0.16277702304635555, 0.9984332286697314, 86.67183673469388
37, 0.992944507683016, 0, 0.18333889414874663, 0.9984332286697314, 84.7861224489796
38, 0.9422237557206721, 0, 0.13914203118904397, 0.9984332286697314, 91.69551020408163
39, 0.8926808748186934, 0, 0.08858109389230774, 0.9984332286697314, 93.42448979591836
40, 0.9686246260120446, 0, 0.15038985294612447, 0.9984332286697314, 93.5934693877551
41, 0.999982000161999, 0, 0.12267636904690608, 0.999982000161999, 90.4604081632653
42, 0.9221908095938252, 1.8869113801265457e-14, 0.24165244798393143, 0.999982000161999, 100.3926530612245
43, 0.9578432610422793, 0, 0.1804340948188954, 0.999982000161999, 101.50857142857143
44, 0.7562538906418041, 0, 0.07092798698086801, 0.999982000161999, 101.44816326530612
45, 0.8753530397484852, 0, 0.05783595235991096, 0.999982000161999, 87.9526530612245
46, 0.9035036537160807, 0, 0.16493402292163592, 0.999982000161999, 100.80489795918368
47, 0.9471620084301181, 0, 0.06077318311706732, 0.999982000161999, 90.8669387755102
48, 0.9924640388241406, 0, 0.16082034290376865, 0.999982000161999, 89.07673469387755
49, 0.971377122896466, 0, 0.12090172888755121, 0.999982000161999, 90.83428571428571
50, 0.9188190038905474, 0, 0.2073461639670872, 0.999982000161999, 75.20734693877552
51, 0.9882120290073675, 0, 0.16869608864766802, 0.999982000161999, 69.92571428571429
52, 0.9849760035352019, 0, 0.1599526646039961, 0.999982000161999, 64.90040816326531
53, 0.979705634889625, 0, 0.17900563628098692, 0.999982000161999, 61.36489795918367
54, 0.9721908704731402, 0, 0.13220872016565224, 0.999982000161999, 62.031020408163265
55, 0.9577025881442326, 0, 0.11519154682280748, 0.999982000161999, 64.01061224489796
56, 0.8444488398263167, 0, 0.07535018237412916, 0.999982000161999, 66.6334693877551
57, 0.9312261456740666, 0, 0.13896124989988265, 0.999982000161999, 73.96897959183673
58, 0.8184487489115532, 0, 0.14002294341687468, 0.999982000161999, 78.94367346938776
59, 0.862458713179293, 0, 0.13771924088334653, 0.999982000161999, 76.19428571428571
60, 0.9819248510319615, 0, 0.1564447807312593, 0.999982000161999, 79.06285714285714
61, 0.9554221445429361, 0, 0.16128124826134244, 0.999982000161999, 87.48734693877552
62, 0.9856539001953453, 0, 0.20318417758499888, 0.999982000161999, 87.66122448979591
63, 0.7978840442882552, 0, 0.1773942978623819, 0.999982000161999, 88.24897959183673
64, 0.9455910237741391, 0, 0.170978947545325, 0.999982000161999, 90.83673469387755
65, 0.9470058579669858, 0, 0.1392569467962912, 0.999982000161999, 87.74285714285715
66, 0.9409168563457145, 0, 0.05866239910188287, 0.999982000161999, 94.91428571428571
67, 0.7962735471294193, 0, 0.09706828273858198, 0.999982000161999, 78.85632653061225
68, 0.9493259001948161, 0, 0.11072207168934828, 0.999982000161999, 75.17469387755102
69, 0.9781913242622374, 0, 0.08821807313750445, 0.999982000161999, 78.62530612244898
70, 0.9463791475530463, 0, 0.05239799631061885, 0.999982000161999, 68.26530612244898
71, 0.9298136167656185, 0, 0.1708372960067817, 0.999982000161999, 74.2530612244898
72, 0.8223204442810896, 0, 0.14825264161000665, 0.999982000161999, 76.56979591836735
73, 0.9352157758575249, 0, 0.1184134587250199, 0.999982000161999, 71.72326530612244
74, 0.9502405413657433, 0, 0.16397587927551352, 0.999982000161999, 73.90938775510205
75, 0.9649832840704209, 0, 0.16901621497838604, 0.999982000161999, 80.37714285714286
76, 0.8862234803721394, 0, 0.13079845368301352, 0.999982000161999, 82.31755102040816
77, 0.8397588598204926, 0, 0.17002179804220874, 0.999982000161999, 81.89469387755102
78, 0.9616928856233163, 0, 0.1855572105240091, 0.999982000161999, 79.46448979591837
79, 0.998622824178179, 0, 0.1886600574325123, 0.999982000161999, 82.46367346938776
80, 0.8100976362496732, 0, 0.1662221992967887, 0.999982000161999, 85.3126530612245
81, 0.8685062474043685, 0, 0.20188547047804384, 0.999982000161999, 95.91265306122449
82, 0.7851659949648409, 0, 0.14981630342714153, 0.999982000161999, 94.81795918367347
83, 0.9455910237741391, 0, 0.1830577861279913, 0.999982000161999, 99.63918367346939
84, 0.9552777672811237, 0, 0.20103577234517672, 0.999982000161999, 102.48244897959184
85, 0.979705634889625, 0, 0.17972980481330297, 0.999982000161999, 103.83102040816327
86, 0.992885305131739, 0, 0.1826400367097228, 0.999982000161999, 105.82122448979592
87, 0.8981518517782026, 0, 0.1632756123975775, 0.999982000161999, 100.02122448979591
88, 0.9588218382820232, 0, 0.1981458438898309, 0.999982000161999, 101.97469387755102
89, 0.877379087639592, 0, 0.169430598697525, 0.999982000161999, 110.55428571428571
90, 0.9721908704731402, 0, 0.1338602566900908, 0.999982000161999, 104.92897959183674
91, 0.9667648382711531, 0, 0.1384163672599118, 0.999982000161999, 116.75102040816327
92, 0.244260377928938, 0, 0.01572330353837164, 0.999982000161999, 119.71591836734694
93, 0.791959915651227, 0, 0.14676637430258105, 0.999982000161999, 119.6195918367347
94, 0.7505844381826011, 0, 0.13032839011729297, 0.999982000161999, 115.94367346938776
95, 0.8192253134227819, 0, 0.14575965289787282, 0.999982000161999, 116.22204081632653
96, 0.9441591839376352, 0, 0.16206981199091028, 0.999982000161999, 111.07183673469387
97, 0.9859871075224773, 0, 0.18676046054533493, 0.999982000161999, 122.3926530612245
98, 0.8636297561455324, 0, 0.09031830192239507, 0.999982000161999, 125.35918367346939
99, 0.9731071057521895, 0, 0.25935257788092825, 0.999982000161999, 117.4261224489796
100, 0.6870067750623811, 0, 0.1543536049830338, 0.999982000161999, 98.5469387755102
101, 0.9071376058447749, 0, 0.17611282460333544, 0.999982000161999, 96.72408163265307
102, 0.9579837151072167, 0, 0.15759944568129935, 0.999982000161999, 97.20244897959184
103, 0.8685062474043685, 0, 0.20331416256284512, 0.999982000161999, 90.55428571428571
104, 0.9841951041587422, 0, 0.159213277116384, 0.999982000161999, 90.33224489795919
105, 0.9896855624403801, 0, 0.23291539588056398, 0.999982000161999, 94.81061224489795
106, 0.878499008485914, 0, 0.17605143419380145, 0.999982000161999, 95.41632653061224
107, 0.9716107671891228, 0, 0.19032124567704234, 0.999982000161999, 78.59836734693877
108, 0.9836637822723169, 0, 0.18241616324470328, 0.999982000161999, 77.77469387755102
109, 0.9908618837008523, 0, 0.20797452228065347, 0.999982000161999, 75.89632653061224
110, 0.9905914153272147, 0, 0.25614662627966867, 0.999982000161999, 72.88244897959184
111, 0.8866587229443096, 0, 0.21169738964214208, 0.999982000161999, 75.11673469387755
112, 0.9292806376961443, 0, 0.17073655961274298, 0.999982000161999, 77.3273469387755
113, 0.9959581901895135, 0, 0.1709040797663609, 0.999982000161999, 81.53387755102041
114, 0.631989815297961, 0, 0.15098101160785884, 0.999982000161999, 82.55836734693878
115, 0.9533811573901613, 0, 0.1776280314971643, 0.999982000161999, 85.87673469387755
116, 0.9299908793811207, 0, 0.19020250392055188, 0.999982000161999, 86.03755102040816
117, 0.9733338661243873, 0, 0.07962853060058397, 0.999982000161999, 87.09551020408163
118, 0.45440427663989374, 0, 0.012381055116243678, 0.999982000161999, 83.12816326530613
119, 0.18468160327744892, 0, 0.007814009413939033, 0.999982000161999, 78.17714285714285
120, 0.7220762761733224, 0, 0.05173570588941459, 0.999982000161999, 82.5004081632653
121, 0.6723740306973213, 0, 0.019953087345019795, 0.999982000161999, 75.61387755102041
122, 0.7783087364796047, 0, 0.05671360521353644, 0.999982000161999, 84.63918367346939
123, 0.9614236493101846, 0, 0.2061070511513622, 0.999982000161999, 84.42530612244897
124, 0.9340128106014304, 0, 0.22545063070814464, 0.999982000161999, 88.62040816326531
125, 0.9905231906929969, 0, 0.22502510222140068, 0.999982000161999, 91.80489795918368
126, 0.9718434958360075, 0, 0.18420724726026655, 0.999982000161999, 100.0595918367347
127, 0.92495286456047, 0, 0.17396652014759093, 0.999982000161999, 105.20244897959184
128, 0.8735411859788501, 0, 0.18473220135813925, 0.999982000161999, 105.39020408163265
129, 0.8387651737087269, 0, 0.23323329090759676, 0.999982000161999, 104.38938775510204
130, 0.9460645287947521, 0, 0.17165631603085832, 0.999982000161999, 113.55183673469388
131, 0.9940771098823674, 0, 0.18752835069370413, 0.999982000161999, 101.57959183673469
132, 0.9420611183828799, 0, 0.14818546197532922, 0.999982000161999, 92.16734693877551
133, 0.9879826669115023, 0, 0.20130729146950344, 0.999982000161999, 80.4130612244898
134, 0.9657521994360766, 0, 0.21212999542263347, 0.999982000161999, 70.64816326530612
135, 0.9932945823190039, 0, 0.2077182513863144, 0.999982000161999, 71.75836734693877
136, 0.9255000203319255, 0, 0.14451212308045946, 0.999982000161999, 65.85877551020408
137, 0.8018929771261972, 0, 0.1613260693929373, 0.999982000161999, 58.31918367346939
138, 0.9083358181306183, 0, 0.064332037984907, 0.999982000161999, 63.755918367346936
139, 0.373212244896216, 0, 0.015304470496136712, 0.999982000161999, 61.987755102040815
140, 0.775825135532971, 0, 0.021071298791098612, 0.999982000161999, 64.20326530612245
141, 0.50230331681144, 0, 0.03241549036316392, 0.999982000161999, 67.09877551020408
142, 0.00045067003091917344, 0, 1.2954703208914898e-05, 0.999982000161999, 73.56897959183674
143, 0.9051259940750328, 0, 0.0528531159512551, 0.999982000161999, 73.26775510204082
144, 0.8943767920354231, 0, 0.13040416291296467, 0.999982000161999, 74.6995918367347
145, 0.9897566986466073, 0, 0.19130570951344278, 0.999982000161999, 78.51102040816326
146, 0.9930034655134529, 0, 0.1794745933082445, 0.999982000161999, 76.9730612244898
147, 0.9382634555087764, 0, 0.14304278518789798, 0.999982000161999, 82.06775510204082
148, 0.9632896582772513, 0, 0.16181971538863063, 0.999982000161999, 85.72244897959183
149, 0.989827592509004, 0, 0.1374246100086078, 0.999982000161999, 89.47755102040816
150, 0.8419866457668214, 0, 0.14093350926098408, 0.999982000161999, 84.0661224489796
151, 0.9874390555599719, 0, 0.16570614201265743, 0.999982000161999, 86.65142857142857
152, 0.9524934963343737, 0, 0.19208856841364863, 0.999982000161999, 89.92244897959183
153, 0.9593761974989303, 0, 0.14967258528731006, 0.999982000161999, 99.30285714285715
154, 0.988288000727223, 0, 0.1495148160959728, 0.999982000161999, 103.30122448979591
155, 0.9523447998951764, 0, 0.24180920707173922, 0.999982000161999, 102.08
156, 0.8796148612327688, 0, 0.18239778702572387, 0.999982000161999, 101.4465306122449
157, 0.9952095111690844, 0, 0.17866185098048312, 0.999982000161999, 108.75510204081633
158, 0.9176812921027233, 0, 0.12660827902716254, 0.999982000161999, 102.06122448979592
159, 0.915000081166557, 0, 0.1644150125762732, 0.999982000161999, 95.38857142857142
160, 0.8924681073753857, 0, 0.13272863435525017, 0.999982000161999, 109.13224489795918
161, 0.908534879025579, 0, 0.15728126692243374, 0.999982000161999, 115.48734693877552
162, 0.8417396641655046, 0, 0.14359906785626486, 0.999982000161999, 122.27428571428571
163, 0.821032979846279, 0, 0.14171245864809465, 0.999982000161999, 120.56
164, 0.7862573483012749, 0, 0.0925174665698674, 0.999982000161999, 126.07428571428571
165, 0.9597896577864817, 0, 0.13627425796801793, 0.999982000161999, 118.08979591836734
166, 0.9524934963343737, 0, 0.2308545568112215, 0.999982000161999, 109.62857142857143
167, 0.9800021631735565, 0, 0.11297772405034781, 0.999982000161999, 109.4930612244898
168, 0.9113023944257206, 0, 0.1620297128153419, 0.999982000161999, 113.89387755102041
169, 0.9755507213865467, 0, 0.10397660144957102, 0.999982000161999, 106.93306122448979
170, 0.3520392865833991, 0, 0.0297262410126673, 0.999982000161999, 107.69632653061224
171, 0.9829420379686922, 0, 0.09072123433274815, 0.999982000161999, 101.5330612244898
172, 0.9369170761184318, 0, 0.1740979220016938, 0.999982000161999, 106.44816326530612
173, 0.9214469018176431, 0, 0.13097871175329664, 0.999982000161999, 100.60326530612245
174, 0.9515980973284552, 0, 0.15008657393516253, 0.999982000161999, 107.18612244897959
175, 0.9846313222567069, 0, 0.2042889863427875, 0.999982000161999, 105.95673469387755
176, 0.9807825554503631, 0, 0.17476326970666287, 0.999982000161999, 108.61714285714285
177, 0.9924028801122202, 0, 0.14950606680618983, 0.999982000161999, 113.78448979591836
178, 0.699468075462208, 0, 0.1372420021652189, 0.999982000161999, 98.8604081632653
179, 0.7951977127216369, 0, 0.047484552572298847, 0.999982000161999, 91.56734693877551
180, 0.9851469116976695, 0, 0.19078078840964285, 0.999982000161999, 90.03836734693877
181, 0.9800021631735565, 0, 0.23900023615027424, 0.999982000161999, 99.53469387755102
182, 0.9738967374550571, 0, 0.1677620320711927, 0.999982000161999, 102.99673469387756
183, 0.9365784418072545, 0, 0.14886079908125865, 0.999982000161999, 92.53632653061224
184, 0.9229316262119941, 0, 0.25745397199786646, 0.999982000161999, 98.44979591836734
185, 0.945432768720874, 0, 0.19239681506700682, 0.999982000161999, 90.50367346938775
186, 0.9893262481124748, 0, 0.16976354824702927, 0.999982000161999, 77.65714285714286
187, 0.9404233573022409, 0, 0.19941843110225332, 0.999982000161999, 75.46938775510205
188, 0.9451156292300925, 0, 0.16874461424598955, 0.999982000161999, 80.31591836734694
189, 0.9718434958360075, 0, 0.18006419326622436, 0.999982000161999, 94.53877551020408
190, 0.8888248117820069, 0, 0.16031074828786493, 0.999982000161999, 97.2408163265306
191, 0.9399280022524173, 0, 0.22633809080128756, 0.999982000161999, 99.88244897959184
192, 0.9783962768127004, 0, 0.20036378960940315, 0.999982000161999, 102.87591836734694
193, 0.9327999658463767, 0, 0.17185201017630594, 0.999982000161999, 105.27510204081632
194, 0.7235322745431626, 0, 0.14804598658812934, 0.999982000161999, 108.73142857142857
195, 0.8886089646688402, 0, 0.10187066834195875, 0.999982000161999, 106.86448979591837
196, 0.9982016190284373, 0, 0.19104639871663026, 0.999982000161999, 108.96244897959184
197, 0.9877511356075794, 0, 0.1819373234002272, 0.999982000161999, 98.43102040816326
198, 0.8276933859508705, 0, 0.14360303922768736, 0.999982000161999, 94.93795918367347
199, 0.979406992660776, 0, 0.17770344675062577, 0.999982000161999, 103.6073469387755
200, 0.9844575501641669, 0, 0.09320246036134094, 0.999982000161999, 108.29469387755103
201, 0.9521958886203965, 0, 0.1612846023432516, 0.999982000161999, 117.20734693877552
202, 0.7394382519848468, 0, 0.13538212868629473, 0.999982000161999, 120.35755102040817
203, 0.9828507514660983, 0, 0.11511343650287226, 0.999982000161999, 112.78204081632653
204, 0.7916894085536671, 0, 0.10839783756244806, 0.999982000161999, 105.45387755102041
205, 0.6672769345552716, 0, 0.07818614672226004, 0.999982000161999, 89.15836734693877
206, 0.996265864289481, 0, 0.11828225206405758, 0.999982000161999, 82.28408163265306
207, 0.5880371663516614, 0, 0.0167505700022668, 0.999982000161999, 77.00326530612244
208, 0.23997869629920693, 0, 0.006248866945596399, 0.999982000161999, 70.71918367346939
209, 0.9390982947570689, 0, 0.042113980260768874, 0.999982000161999, 74.41714285714286
210, 0.7414473497369839, 0, 0.02794319158830698, 0.999982000161999, 71.65959183673469
211, 0.7214934349341331, 0, 0.05831142663853779, 0.999982000161999, 70.13551020408163
212, 0.9276710091998581, 0, 0.11899552183123728, 0.999982000161999, 75.24979591836734
213, 0.8753530397484852, 0, 0.06166459466610826, 0.999982000161999, 95.15102040816326
214, 0.9500886338026269, 0, 0.09127995504606895, 0.999982000161999, 111.33387755102041
215, 0.9740086202689184, 0, 0.18014342237786468, 0.999982000161999, 120.42530612244897
216, 0.7683284254043229, 0, 0.13930361683500966, 0.999982000161999, 121.49142857142857
217, 0.9624952720385527, 0, 0.20681198205917273, 0.999982000161999, 128.48816326530613
218, 0.9879826669115023, 0, 0.13015232116906014, 0.999982000161999, 124.28163265306122
219, 0.8710332529146578, 0, 0.1555204900570274, 0.999982000161999, 120.03918367346938
220, 0.9712599575976909, 0, 0.20574933954146044, 0.999982000161999, 115.25632653061224
221, 0.8424801945369068, 0, 0.1733263195515827, 0.999982000161999, 123.47428571428571
222, 0.9491727150881278, 0, 0.1878002063607185, 0.999982000161999, 111.34285714285714
223, 0.8833780741248359, 0, 0.14376398659281445, 0.999982000161999, 103.7795918367347
224, 0.9558539734835048, 0, 0.13841656650779124, 0.999982000161999, 71.51755102040816
225, 0.9808790446802417, 0, 0.14906260490438697, 0.999982000161999, 70.58775510204082
226, 0.9619612353714544, 0, 0.20120409747787968, 0.999982000161999, 71.9795918367347
227, 0.9865609957200723, 0, 0.1987751289247963, 0.999982000161999, 73.04408163265306
228, 0.7179911757867746, 0, 0.1035508019337606, 0.999982000161999, 69.37877551020408
229, 0.9394307944023778, 0, 0.14392726369450995, 0.999982000161999, 73.9461224489796
230, 0.9267698669075553, 0, 0.07430884539789724, 0.999982000161999, 77.27020408163266
231, 0.5741118017850892, 0, 0.09386883140861457, 0.999982000161999, 78.37959183673469
232, 0.9081365738159256, 0, 0.15157050015760962, 0.999982000161999, 79.20489795918367
233, 0.9322771614278308, 0, 0.1665844327756564, 0.999982000161999, 77.03755102040816
234, 0.9647251855641463, 0, 0.10998799902043425, 0.999982000161999, 83.27755102040817
235, 0.9670157463005933, 0, 0.12633149535802754, 0.999982000161999, 90.57469387755103
236, 0.9435173739326904, 0, 0.1802512539469185, 0.999982000161999, 95.70367346938775
237, 0.9539686211033609, 0, 0.059621590636124704, 0.999982000161999, 90.57551020408164
238, 0.05735814057328166, 0, 0.0019446789160594501, 0.999982000161999, 82.50285714285714
239, 0.9312261456740666, 0, 0.049600294823127895, 0.999982000161999, 79.56571428571428
240, 0.9732206009864601, 0, 0.09839058885161255, 0.999982000161999, 79.5934693877551
241, 0.202205251686623, 0, 0.008662122053737217, 0.999982000161999, 67.06938775510204
242, 0.9768363680991448, 0, 0.12983887490271068, 0.999982000161999, 61.34530612244898
243, 0.855831301456926, 0, 0.1111134976711282, 0.999982000161999, 61.226938775510206
244, 0.9896855624403801, 0, 0.17383789556630785, 0.999982000161999, 54.32734693877551
245, 0.8551143083542857, 0, 0.09737593300446536, 0.999982000161999, 54.80244897959184
246, 0.7091980176342247, 0, 0.049772619295035875, 0.999982000161999, 72.35591836734694
247, 0.9002244795824356, 0, 0.08751398182492817, 0.999982000161999, 87.52326530612245
248, 0.9889608832120624, 0, 0.12223505734893533, 0.999982000161999, 91.58530612244898
249, 0.997116166260315, 0, 0.1926553581509979, 0.999982000161999, 92.13142857142857
250, 0.9745645725429071, 0, 0.23630425750937523, 0.999982000161999, 81.34204081632653
251, 0.987673476727547, 0, 0.23830528023570494, 0.999982000161999, 62.88734693877551
252, 0.9233008727068546, 0, 0.21291111959380463, 0.999982000161999, 54.38448979591837
253, 0.9055297703037961, 0, 0.17392310825277113, 0.999982000161999, 54.74612244897959
254, 0.7876192430493146, 0, 0.13541903064454366, 0.999982000161999, 70.81877551020408
255, 0.9906593969956858, 0, 0.19923892231637086, 0.999982000161999, 73.15836734693877
256, 0.9289243268985502, 0, 0.20409849888713485, 0.999982000161999, 62.242448979591835
257, 0.9774666307944375, 0, 0.058956498279072074, 0.999982000161999, 60.76816326530612
258, 0.7829784349041888, 0, 0.1537860427181528, 0.999982000161999, 59.80408163265306
259, 0.9612886989374637, 0, 0.2028166572395582, 0.999982000161999, 66.32571428571428
260, 0.9901784248215282, 0, 0.2019971540846477, 0.999982000161999, 66.66530612244898
261, 0.9418982736433371, 0, 0.2582105415569169, 0.999982000161999, 61.115102040816325
262, 0.9364088193988752, 0, 0.16294791773966966, 0.999982000161999, 61.17142857142857
263, 0.92107379138237, 0, 0.1360975682738329, 0.999982000161999, 57.27265306122449
264, 0.9738967374550571, 0, 0.17892135537453138, 0.999982000161999, 60.25469387755102
265, 0.9938584369730953, 0, 0.274525959726718, 0.999982000161999, 63.26122448979592
266, 0.9611535272186599, 0, 0.15001174286846786, 0.999982000161999, 63.460408163265306
267, 0.9662603187166354, 0, 0.2178967744130627, 0.999982000161999, 63.38775510204081
268, 0.9902478635182347, 0, 0.22902030717477528, 0.999982000161999, 62.6865306122449
269, 0.7738880918645767, 0, 0.12137710857862348, 0.999982000161999, 57.81469387755102
270, 0.9666390461810984, 0, 0.18469237895411308, 0.999982000161999, 58.5330612244898
271, 0.9662603187166354, 0, 0.05075320928386101, 0.999982000161999, 51.97959183673469
272, 0.8824969025845955, 0, 0.1501335477992142, 0.999982000161999, 52.49142857142857
273, 0.9022793330386611, 0, 0.17194149519928043, 0.999982000161999, 52.59102040816327
274, 0.8512681288543408, 0, 0.09436889864094482, 0.999982000161999, 60.81469387755102
275, 0.886441185750353, 0, 0.1269293372782131, 0.999982000161999, 64.07183673469387
276, 0.9703144109549572, 0, 0.23695691195236243, 0.999982000161999, 63.906122448979595
277, 0.9930621785790393, 0, 0.23498548606920833, 0.999982000161999, 69.53551020408163
278, 0.8782753491517157, 0, 0.07006221548678152, 0.999982000161999, 72.89714285714285
279, 0.9919679308420597, 0, 0.2241810844152959, 0.999982000161999, 80.12408163265306
280, 0.9802965755381631, 0, 0.2535763667148083, 0.999982000161999, 80.59673469387755
281, 0.9449567450215063, 0, 0.18785856986328692, 0.999982000161999, 66.63836734693878
282, 0.9746750700650291, 0, 0.14629407669599573, 0.999982000161999, 67.92979591836735
283, 0.9787019510896853, 0, 0.14481548384422133, 0.999982000161999, 70.07265306122449
284, 0.935386819081823, 0, 0.1833035619068388, 0.999982000161999, 58.30530612244898
285, 0.7949284844824454, 0, 0.12334775927037735, 0.999982000161999, 61.12326530612245
286, 0.9582639663286285, 0, 0.19816524971285004, 0.999982000161999, 58.77061224489796
287, 0.8171520244451125, 0, 0.14267322274174535, 0.999982000161999, 55.36816326530612
288, 0.6074404550195998, 0, 0.07110391241873645, 0.999982000161999, 70.65632653061225
289, 0.9002244795824356, 0, 0.04969864181166213, 0.999982000161999, 83.40326530612245
290, 0.8875271868778032, 0, 0.04651054529064154, 0.999982000161999, 68.00244897959183
291, 0.5117581519562256, 0, 0.036916209302216535, 0.999982000161999, 57.95755102040816
292, 0.9153853772998733, 0, 0.04742567757608958, 0.999982000161999, 59.93469387755102
293, 0.9596520578087306, 0, 0.12084091931383732, 0.999982000161999, 62.773877551020405
294, 0.9409168563457145, 0, 0.14061128599604586, 0.999982000161999, 61.25877551020408
295, 0.8666565645474607, 0, 0.19940027043724717, 0.999982000161999, 64.6195918367347
296, 0.9355576596990668, 0, 0.1410008730385799, 0.999982000161999, 63.83673469387755
297, 0.947629192876223, 0, 0.14027500729143907, 0.999982000161999, 68.94938775510204
298, 0.9283883761165623, 0, 0.1822068544030612, 0.999982000161999, 68.88
299, 0.9118907160321313, 0, 0.2050940319957955, 0.999982000161999, 74.65387755102041
300, 0.8137663447066975, 0, 0.15767881105286377, 0.999982000161999, 75.87755102040816
301, 0.9888130446112331, 0, 0.1746121190431401, 0.999982000161999, 75.85632653061225
302, 0.9725361810666002, 0, 0.13870981862078527, 0.999982000161999, 75.4530612244898
303, 0.7548396019890073, 0, 0.17340300561314753, 0.999982000161999, 79.91020408163266
304, 0.9369170761184318, 0, 0.1894120015214671, 0.999982000161999, 80.31673469387755
305, 0.9810713158149547, 0, 0.16939469662226703, 0.999982000161999, 84.53142857142858
306, 0.9892536589621667, 0, 0.2726364234485344, 0.999982000161999, 81.44
307, 0.804286282838474, 0, 0.22065358139452715, 0.999982000161999, 76.39836734693877
308, 0.9837529308420689, 0, 0.1960670845311804, 0.999982000161999, 81.56
309, 0.9564267015285463, 0, 0.1002141979469472, 0.999982000161999, 80.43183673469387
310, 0.6747692489245011, 0, 0.059954299350236905, 0.999982000161999, 84.30122448979591
311, 0.9417352216193108, 0, 0.17804751140429165, 0.999982000161999, 90.88244897959184
312, 0.9775708587304991, 0, 0.257989631557648, 0.999982000161999, 88.30530612244898
313, 0.9675148551847023, 0, 0.16300003626818008, 0.999982000161999, 83.12081632653062
314, 0.9952581532226233, 0, 0.27988825503734804, 0.999982000161999, 79.32979591836735
315, 0.9255000203319255, 0, 0.11946470984704093, 0.999982000161999, 70.30775510204082
316, 0.9632896582772513, 0, 0.1758850069536231, 0.999982000161999, 82.13551020408163
317, 0.8375200083509434, 0, 0.10746919446450635, 0.999982000161999, 85.42285714285714
318, 0.9041133855155015, 0, 0.11268641029691893, 0.999982000161999, 85.45632653061224
319, 0.9888870847597918, 0, 0.24474277082424645, 0.999982000161999, 86.55591836734693
320, 0.8907597755861236, 0, 0.14379515383005473, 0.999982000161999, 85.34530612244897
321, 0.9774666307944375, 0, 0.22406612235260892, 0.999982000161999, 92.27428571428571
322, 0.9305214742335824, 0, 0.1431445033745197, 0.999982000161999, 84.6669387755102
323, 0.989180827842654, 0, 0.20385333369229325, 0.999982000161999, 92.71265306122449
324, 0.934529579342974, 0, 0.3013118048365833, 0.999982000161999, 100.43183673469387
325, 0.8444488398263167, 0, 0.1272010465992759, 0.999982000161999, 103.56571428571428
326, 0.8840372095316265, 0, 0.11053228395768121, 0.999982000161999, 104.87918367346938
327, 0.8370209951466725, 0, 0.15418486924736166, 0.999982000161999, 114.00734693877551
328, 0.9701951908964435, 0, 0.16905698475973932, 0.999982000161999, 115.86448979591837
329, 0.7930408860303788, 0, 0.14619119584810164, 0.999982000161999, 105.41795918367347
330, 0.9607466849735685, 0, 0.23326699727902678, 0.999982000161999, 105.84979591836735
331, 0.997724467957357, 0.0, 0.18570045826300358, 0.999982000161999, 100.17387755102041
332, 0.9530861315795482, 0, 0.17885802430060957, 0.999982000161999, 88.12734693877552
333, 0.9880593620427125, 0, 0.16733806402198875, 0.999982000161999, 98.73061224489796
334, 0.8962714090406687, 0, 0.17006101416753075, 0.999982000161999, 83.76163265306123
335, 0.7150659519875491, 0, 0.16653713148107052, 0.999982000161999, 95.48653061224489
336, 0.9227467123140717, 0, 0.19721504279133054, 0.999982000161999, 91.55755102040817
337, 0.855831301456926, 0, 0.17663118820213505, 0.999982000161999, 94.96244897959184
338, 0.9716107671891228, 0, 0.17413587797309749, 0.999982000161999, 96.90285714285714
339, 0.7144801954864035, 0, 0.1551309093254221, 0.999982000161999, 109.29061224489796
340, 0.9969236167943623, 0, 0.24110757406307448, 0.999982000161999, 110.95020408163265
341, 0.9922798297843644, 0, 0.15254085135067535, 0.999982000161999, 103.97795918367346
342, 0.9742316937839026, 0, 0.1794021043956406, 0.999982000161999, 99.56081632653061
343, 0.7827045382418681, 6.746318939689581e-23, 0.15138666133910147, 0.999982000161999, 114.39183673469388
344, 0.9608825201377785, 0, 0.2136965691586472, 0.999982000161999, 99.04816326530612
345, 0.9176812921027233, 0, 0.2626427457402399, 0.999982000161999, 91.51918367346939
346, 0.9303448082414207, 0, 0.20260359915744, 0.999982000161999, 65.04244897959184
347, 0.9853168641979192, 0, 0.20956439560046022, 0.999982000161999, 81.81632653061224
348, 0.9957769422929579, 0, 0.22751572123551456, 0.999982000161999, 74.34938775510204
349, 0.991841462993374, 0, 0.2123341534106782, 0.999982000161999, 58.24
350, 0.9997355349770412, 0, 0.19382010045657064, 0.999982000161999, 60.89551020408163
351, 0.9661336261388074, 0, 0.13269450353546816, 0.999982000161999, 61.27428571428572
352, 0.9719595165781733, 0, 0.18321582491141686, 0.999982000161999, 78.90448979591837
353, 0.944319114443147, 0, 0.18958079150832574, 0.999982000161999, 77.59020408163265
354, 0.9538220789305027, 0, 0.15782343204213148, 0.999982000161999, 78.65632653061225
355, 0.9688687501761524, 0, 0.17082292598637316, 0.999982000161999, 75.61224489795919
356, 0.8488454686177809, 0, 0.19523667577355613, 0.999982000161999, 75.59102040816326
357, 0.9509968773364729, 0, 0.18210961735926248, 0.999982000161999, 80.28244897959183
358, 0.784619709561718, 0, 0.12449269095191026, 0.999982000161999, 73.12571428571428
359, 0.9404233573022409, 0, 0.20268437137618595, 0.999982000161999, 79.70775510204082
360, 0.915000081166557, 0, 0.1717288576899299, 0.999982000161999, 79.72
361, 0.9418982736433371, 0, 0.14242448396705248, 0.999982000161999, 82.74285714285715
362, 0.9852320074371869, 0, 0.22238112668361457, 0.999982000161999, 87.2465306122449
363, 0.8975266190059231, 0, 0.1248682622476356, 0.999982000161999, 83.73795918367347
364, 0.9913911452470044, 0, 0.19303677063930177, 0.999982000161999, 89.80489795918368
365, 0.9826674668927676, 0, 0.22225917465429518, 0.999982000161999, 86.34122448979592
366, 0.8629275868947963, 0, 0.16615440664814454, 0.999982000161999, 94.6734693877551
367, 0.8259086333144807, 0, 0.18572961700111373, 0.999982000161999, 79.89387755102041
368, 0.9089324499974613, 0, 0.17112990129510608, 0.999982000161999, 76.68326530612245
369, 0.9441591839376352, 0, 0.14030398217399212, 0.999982000161999, 74.83183673469388
370, 0.9379280862742546, 0, 0.148306889788152, 0.999982000161999, 82.6
371, 0.9850615770425544, 0, 0.2149409608050297, 0.999982000161999, 88.37959183673469
372, 0.9578432610422793, 0, 0.08282346166131166, 0.999982000161999, 88.00734693877551
373, 0.9788033743342681, 0, 0.13719219832178597, 0.999982000161999, 81.27510204081632
374, 0.9717272460111495, 0, 0.16098656848365384, 0.999982000161999, 69.6065306122449
375, 0.9564267015285463, 0, 0.17104084534480385, 0.999982000161999, 70.76408163265306
376, 0.8996045509952315, 0, 0.1875621710164723, 0.999982000161999, 82.8604081632653
377, 0.9979220369606985, 0, 0.2592234662189414, 0.999982000161999, 88.52408163265306
378, 0.9305214742335824, 0, 0.21936908294317303, 0.999982000161999, 90.9795918367347
379, 0.9979220369606985, 0, 0.21159855199597785, 0.999982000161999, 92.35510204081632
380, 0.8402548838639021, 0, 0.22454568249125026, 0.999982000161999, 90.77224489795918
381, 0.894588001690401, 0, 0.17653148852452627, 0.999982000161999, 95.24244897959184
382, 0.9854014819168534, 0, 0.1950125917423163, 0.999982000161999, 101.44163265306122
383, 0.974895371523991, 0, 0.19981313670012318, 0.999982000161999, 107.89877551020408
384, 0.9778821424024875, 0, 0.1449197324790639, 0.999982000161999, 102.62857142857143
385, 0.7255679873656871, 0, 0.15154216728316475, 0.999982000161999, 110.55510204081632
386, 0.8335128791675417, 0, 0.18904815927468976, 0.999982000161999, 105.91510204081632
387, 0.9441591839376352, 0, 0.16476071109076096, 0.999982000161999, 115.85714285714286
388, 0.9747853364191532, 0, 0.12226286422422833, 0.999982000161999, 105.04408163265306
389, 0.7531397330036405, 0, 0.09587180371505628, 0.999982000161999, 111.00816326530612
390, 0.8888248117820069, 0, 0.13523090073565286, 0.999982000161999, 109.27755102040817
391, 0.9813579531380127, 0, 0.21528807953090814, 0.999982000161999, 102.21469387755101
392, 0.9097253847631723, 0, 0.059480707781350436, 0.999982000161999, 93.32326530612245
393, 0.9490193174448327, 0, 0.16688765328217026, 0.999982000161999, 81.95755102040816
394, 0.9400933266275996, 0, 0.10816284311013902, 0.999982000161999, 86.3330612244898
395, 0.9233008727068546, 0, 0.16398925036280818, 0.999982000161999, 84.91918367346939
396, 0.979705634889625, 0, 0.18352576150293237, 0.999982000161999, 87.29224489795918
397, 0.9449567450215063, 0, 0.15391849088513695, 0.999982000161999, 90.1134693877551
398, 0.98010053582768, 0, 0.1311463486641071, 0.999982000161999, 91.04163265306123
399, 0.9410809430284317, 0, 0.16471034380837954, 0.999982000161999, 84.24244897959184
400, 0.5418725244211773, 0, 0.02304030704305106, 0.999982000161999, 91.70448979591836
401, 0.7672120876480062, 0, 0.015589195086892764, 0.999982000161999, 87.5265306122449
402, 0.467598854093467, 0, 0.029295742172510134, 0.999982000161999, 78.07428571428571
403, 0.13158555902035554, 0, 0.010533886525071005, 0.999982000161999, 77.00897959183673
404, 0.6071371901701187, 0, 0.03617064212246096, 0.999982000161999, 85.18448979591837
405, 0.6976929832921608, 0, 0.04379079380167017, 0.999982000161999, 70.31755102040816
406, 0.7548396019890073, 0, 0.08556339125176222, 0.999982000161999, 56.160816326530615
407, 0.9998098930726125, 0, 0.14013545463871124, 0.999982000161999, 55.58204081632653
408, 0.9488657073759718, 0, 0.1790654202696263, 0.999982000161999, 56.01469387755102
409, 0.6455967959121934, 0, 0.09906336985788138, 0.999982000161999, 59.0
410, 0.9931788702405232, 0, 0.09076244275154403, 0.999982000161999, 56.82938775510204
411, 0.927130914080088, 0, 0.026450839756822643, 0.999982000161999, 55.077551020408166
412, 0.958403763280909, 0, 0.08238931961201706, 0.999982000161999, 62.38857142857143
413, 0.9886642394458887, 0, 0.12404605628865639, 0.999982000161999, 69.42938775510204
414, 0.9256820146651548, 0, 0.11210467294655144, 0.999982000161999, 70.73469387755102
415, 0.9065360329917543, 0, 0.11521961945458925, 0.999982000161999, 69.99918367346939
416, 0.8466528725789254, 0, 0.09848048824155095, 0.999982000161999, 76.13877551020408
417, 0.997116166260315, 0, 0.1718187569578742, 0.999982000161999, 77.56816326530613
418, 0.7235322745431626, 0, 0.07396550805994344, 0.999982000161999, 76.68163265306123
419, 0.9990759272184604, 0, 0.13086990276148622, 0.999982000161999, 79.72734693877551
420, 0.8689671122021958, 0, 0.10895147421378182, 0.999982000161999, 82.21795918367347
421, 0.9415719624282025, 0, 0.06623313846648408, 0.999982000161999, 80.34122448979592
422, 0.9310502769449283, 0, 0.1188644196865998, 0.999982000161999, 83.20326530612245
423, 0.9280300873575604, 0, 0.14300333856972747, 0.999982000161999, 87.76653061224489
424, 0.9654967917584801, 0, 0.10899345082891383, 0.999982000161999, 86.8865306122449
425, 0.7957358459773436, 0, 0.0890801902732782, 0.999982000161999, 87.8538775510204
426, 0.9615583782382694, 0, 0.15049475618473138, 0.999982000161999, 78.22122448979592
427, 0.9936358376152722, 0, 0.14940008626188528, 0.999982000161999, 82.22857142857143
428, 0.7402997368478892, 0, 0.0944806063404228, 0.999982000161999, 83.85877551020408
429, 0.8685062474043685, 0, 0.12081757705025009, 0.999982000161999, 86.17469387755102
430, 0.9873604338553411, 0, 0.1515524331534613, 0.999982000161999, 85.72897959183673
431, 0.6669768108584744, 0, 0.09407447963121615, 0.999982000161999, 91.32326530612245
432, 0.8960615940594516, 0, 0.11665005057899823, 0.999982000161999, 98.74857142857142
433, 0.9677630545752681, 0, 0.1740519532622759, 0.999982000161999, 100.92
434, 0.9377600949519727, 0, 0.16845733386523226, 0.999982000161999, 104.24
435, 0.8924681073753857, 0, 0.06499891874399358, 0.999982000161999, 107.6073469387755
436, 0.9744538439342401, 0, 0.12468169286509877, 0.999982000161999, 104.13551020408163
437, 0.8631617956464526, 0, 0.09415452740070986, 0.999982000161999, 107.95673469387755
438, 0.9460645287947521, 0, 0.13743248703314673, 0.999982000161999, 115.65142857142857
439, 0.8870932921793199, 0, 0.12507324315636445, 0.999982000161999, 116.60326530612245
440, 0.9626282258799163, 0, 0.10707789780383153, 0.999982000161999, 122.74938775510203
441, 0.9163453185798028, 0, 0.19327663482966784, 0.999982000161999, 117.43673469387755
442, 0.8582116771131302, 0, 0.08213941882113844, 0.999982000161999, 116.19265306122449
443, 0.9494788726539978, 0, 0.19329421956097584, 0.999982000161999, 131.73795918367347
444, 0.9142272326724461, 0, 0.13220022763039055, 0.999982000161999, 133.6334693877551
445, 0.7646950707076553, 0, 0.0928256458887553, 0.999982000161999, 139.09142857142857
446, 0.9894707002894516, 0, 0.15639808831947877, 0.999982000161999, 121.41877551020409
447, 0.9816424655091981, 0, 0.11152816654442922, 0.999982000161999, 128.08244897959185
448, 0.9632896582772513, 0, 0.20594856030288333, 0.999982000161999, 136.84489795918367
449, 0.8584488981448637, 0, 0.13424514239742497, 0.999982000161999, 136.8473469387755
450, 0.9789045633632076, 0, 0.16614598895424837, 0.999982000161999, 126.91020408163266
451, 0.9538220789305027, 0, 0.13504900770308914, 0.999982000161999, 125.32979591836735
452, 0.876705190419171, 0, 0.09586950062276452, 0.999982000161999, 116.56816326530613
453, 0.6926541267366625, 0, 0.05545084847108646, 0.999982000161999, 106.17877551020408
454, 0.9397624720104555, 0, 0.11826439167018593, 0.999982000161999, 111.56244897959184
455, 0.8937421216051649, 0, 0.11832981723675276, 0.999982000161999, 115.01632653061225
456, 0.9898982439747636, 0, 0.1582493696054819, 0.999982000161999, 120.99755102040817
457, 0.7062556475658802, 0, 0.15903884856117642, 0.999982000161999, 117.68081632653062
458, 0.9630257530675481, 0, 0.11977223431238952, 0.999982000161999, 127.3126530612245
459, 0.9907271356477442, 0, 0.2104869743086074, 0.999982000161999, 133.74448979591835
460, 0.7816079553634715, 0, 0.07723306769361475, 0.999982000161999, 137.64408163265307
461, 0.6896838326179059, 0, 0.02020633530676525, 0.999982000161999, 140.1730612244898
462, 0.41211776833720215, 0, 0.022541822077866397, 0.999982000161999, 132.87102040816328
463, 0.5147221054620503, 0, 0.021192965102211084, 0.999982000161999, 117.59591836734694
464, 0.55600047801095, 0, 0.05189952461622562, 0.999982000161999, 104.40408163265306
465, 0.8680447589852844, 0, 0.11384135965959058, 0.999982000161999, 95.56489795918367
466, 0.9564267015285463, 0, 0.16292266608990347, 0.999982000161999, 105.91673469387756
467, 0.8461640716998498, 0, 0.08862661455913282, 0.999982000161999, 93.68
468, 0.9372548956126777, 0, 0.1656944576163756, 0.999982000161999, 103.1004081632653
469, 0.8473850145326768, 0, 0.15321528837314435, 0.999982000161999, 91.53877551020408
470, 0.6902782512487675, 0, 0.0944199963677751, 0.999982000161999, 76.97632653061224
471, 0.720035239082194, 0, 0.025099283494562707, 0.999982000161999, 89.98938775510204
472, 0.6465026382233333, 0, 0.024552213833304366, 0.999982000161999, 120.28244897959183
473, 0.8753530397484852, 0, 0.10384004509603771, 0.999982000161999, 129.7869387755102
474, 0.9774666307944375, 0, 0.14632189052183897, 0.999982000161999, 129.0138775510204
475, 0.9180612908119591, 0, 0.14315223339223165, 0.999982000161999, 131.74693877551022
476, 0.8762551178699075, 0, 0.12819329279494363, 0.999982000161999, 125.3534693877551
477, 0.6855180151628489, 0, 0.12002755964014412, 0.999982000161999, 144.51020408163265
478, 0.9770473875439337, 0, 0.13907644908181704, 0.999982000161999, 135.17551020408163
479, 0.762451693724411, 0, 0.1385126008166251, 0.999982000161999, 120.78448979591836
480, 0.9746750700650291, 0, 0.07623763105658275, 0.999982000161999, 109.7795918367347
