1, 0, 0, 0.0, 2.499937501562461e-05, 0.0
2, 0, 0, 0.0, 2.499937501562461e-05, 0.0
3, 0, 0, 0.0, 2.499937501562461e-05, 0.0
4, 0.0002640612622128334, 0, 5.281225244256667e-06, 0.0002640612622128334, 0.0
5, 0.00026574541589157585, 0, 5.9503827254575696e-05, 0.00026574541589157585, 0.0
6, 0.0002663825253063399, 0, 9.665109189399525e-05, 0.0002663825253063399, 0.0
7, 0.0002981514609421586, 0, 0.00014511481352742618, 0.0002981514609421586, 0.0
8, 0.0003206155819172812, 0, 0.00018395863566497833, 0.0003206155819172812, 0.0
9, 0.0003681885125184094, 0, 0.00022185303948397573, 0.0003681885125184094, 0.0
10, 0.00038491147036181676, 0, 0.0002094585857096049, 0.00038491147036181676, 0.0
11, 0.0003604902667627974, 0, 0.0002486213277356729, 0.00038491147036181676, 0.0
12, 0.0003606202668589975, 0, 0.0002709426320856755, 0.00038491147036181676, 0.0
13, 0.0003943217665615142, 0, 0.00026801744761258394, 0.0003943217665615142, 0.0
14, 0.000397456279809221, 0, 0.0002807554842048338, 0.000397456279809221, 0.0
15, 0.00041684035014589413, 0, 0.0002848507424427542, 0.00041684035014589413, 0.0
16, 0.00047393364928909954, 0, 0.0002917723812218916, 0.00047393364928909954, 0.0
17, 0.0032679738562091504, 0, 0.0005728844960314393, 0.0032679738562091504, 0.0
18, 0.018518518518518517, 0, 0.0007058569882686282, 0.018518518518518517, 0.0
19, 0.00037835792659856227, 0, 0.0003068055493571639, 0.018518518518518517, 0.0
20, 0.0004297378599054577, 0, 0.0002662469048369823, 0.018518518518518517, 0.0
21, 9.69274013763691e-05, 0, 7.472113430002746e-05, 0.018518518518518517, 0.0
22, 0.0003633720930232558, 0, 0.00013996905724665096, 0.018518518518518517, 0.0
23, 0.0002360160490913382, 0, 0.00013925742119149262, 0.018518518518518517, 0.0
24, 0.0002626740215392698, 0, 0.000143606778046146, 0.018518518518518517, 0.0
25, 0.0002731494127287626, 0, 0.00016773535385857264, 0.018518518518518517, 0.0
26, 0.00035385704175513094, 0, 0.00019352059110920244, 0.018518518518518517, 0.0
27, 0.0008984725965858042, 0, 0.00027169743066851273, 0.018518518518518517, 0.0
28, 0.0037313432835820895, 0, 0.0005379798322229095, 0.018518518518518517, 0.0
29, 0.016666666666666666, 0, 0.0013040579798338423, 0.018518518518518517, 0.0
30, 0.003389830508474576, 0, 0.0007051038065314881, 0.018518518518518517, 0.0
31, 0.02, 0, 0.0028628072976789386, 0.02, 0.0
32, 0.016129032258064516, 0, 0.0019443263269732444, 0.02, 0.0
33, 0.008130081300813009, 0, 0.0012603165473872996, 0.02, 0.0
34, 0.023255813953488372, 0, 0.002660089437154734, 0.023255813953488372, 0.0
35, 0.058823529411764705, 0, 0.005089781774597774, 0.058823529411764705, 0.0
36, 0.015625, 0, 0.0019072285609888434, 0.058823529411764705, 0.0
37, 0.07692307692307693, 0, 0.0028528266428937406, 0.07692307692307693, 0.0
38, 0.025, 0, 0.0022005639839357454, 0.07692307692307693, 0.0
39, 0.07142857142857142, 0, 0.002867579238411966, 0.07692307692307693, 0.0
40, 1.0, 0, 0.022836357971894424, 1.0, 0.0
41, 0.3333333333333333, 0, 0.009723546786066146, 1.0, 0.0
42, 0.06666666666666667, 0, 0.004746442484674485, 1.0, 0.0
43, 0.125, 0, 0.005059576207420921, 1.0, 0.0
44, 0.05, 0.0001447178002894356, 0.003851386227589007, 1.0, 0.0
45, 0.027777777777777776, 0.0001764602082230457, 0.002850025355838728, 1.0, 0.0
46, 0.0078125, 0, 0.0005977662277474171, 1.0, 0.0
47, 0.005681818181818182, 0, 0.0004124074825584399, 1.0, 0.0
48, 0.04, 0, 0.0015524204777597026, 1.0, 0.0
49, 0.07692307692307693, 0, 0.0052247075513418275, 1.0, 0.0
50, 0.0625, 0, 0.006667985174565504, 1.0, 0.0
51, 0.25, 0, 0.01586148513516902, 1.0, 0.0
52, 0.1, 0, 0.0054995220921531755, 1.0, 0.0
53, 0.25, 0.00020580366330520683, 0.00928689572517024, 1.0, 0.0
54, 0.1111111111111111, 0.00015482272797646694, 0.006883810260214023, 1.0, 0.0
55, 0.14285714285714285, 0, 0.009595780468852528, 1.0, 0.0
56, 1.0, 0, 0.0273733100920622, 1.0, 0.0
57, 0.05555555555555555, 0, 0.009429514653016514, 1.0, 0.0
58, 0.25, 0, 0.01499060915087152, 1.0, 0.0
59, 0.015625, 0, 0.002892734680294882, 1.0, 0.0
60, 0.009345794392523364, 0, 0.0016062520496549115, 1.0, 0.0
61, 0.045454545454545456, 0, 0.00274507717872565, 1.0, 0.0
62, 0.004807692307692308, 0, 0.0011779285134590333, 1.0, 0.0
63, 0.07692307692307693, 0, 0.0042490332940047296, 1.0, 0.0
64, 0.029411764705882353, 0, 0.00456886012221703, 1.0, 0.0
65, 0.25, 0, 0.008104986277895042, 1.0, 0.0
66, 0.25, 0, 0.013031216207538544, 1.0, 0.0
67, 0.037037037037037035, 0, 0.0031525032221707827, 1.0, 0.0
68, 1.0, 0.0001539882968894364, 0.030920561694943154, 1.0, 0.0
69, 1, 0.0003961965134706815, 0.02525544339875953, 1.0, 0.0
70, 0.0625, 0.0004522840343735866, 0.0043598001635226325, 1.0, 0.0
71, 1.0, 0, 0.029964904126653553, 1.0, 0.0
72, 0.5, 0, 0.014145754665899403, 1.0, 0.0
73, 0.3333333333333333, 0, 0.010082217692616803, 1.0, 0.0
74, 1.0, 0.00018737118231216038, 0.023385104607866188, 1.0, 0.0
75, 0.07692307692307693, 0.0002457606291472106, 0.006473682930741595, 1.0, 0.0
76, 0.04, 0.000326477309826967, 0.0037265991713462555, 1.0, 0.0
77, 0.015384615384615385, 0, 0.0035628414290192287, 1.0, 0.0
78, 0.14285714285714285, 0, 0.006675540278712233, 1.0, 0.0
79, 0.029411764705882353, 0, 0.005795999560987293, 1.0, 0.0
80, 0.07692307692307693, 0, 0.008431578214555422, 1.0, 0.0
81, 0.08333333333333333, 0, 0.007566485399499809, 1.0, 0.0
82, 0.25, 0, 0.009481827760076727, 1.0, 0.0
83, 0.07142857142857142, 0, 0.004163101917706032, 1.0, 0.0
84, 0.038461538461538464, 0, 0.005682105111048973, 1.0, 0.0
85, 0.03225806451612903, 0, 0.0037989454771539736, 1.0, 0.0
86, 1.0, 0, 0.022959661448086734, 1.0, 0.0
87, 0.08333333333333333, 0, 0.004654340620107434, 1.0, 0.0
88, 0.16666666666666666, 0, 0.009776266401867698, 1.0, 0.0
89, 0.16666666666666666, 0, 0.008100060764862292, 1.0, 0.0
90, 0.03571428571428571, 0, 0.00504899173914244, 1.0, 0.0
91, 0.0625, 0, 0.005410262247687489, 1.0, 0.0
92, 0.1111111111111111, 0, 0.006053032107949583, 1.0, 0.0
93, 0.041666666666666664, 0, 0.00329272970983995, 1.0, 0.0
94, 0.021739130434782608, 0, 0.003783630250679005, 1.0, 0.0
95, 0.02040816326530612, 0.000333667000333667, 0.0021334734613259474, 1.0, 0.0
96, 0.0047169811320754715, 0, 0.00045372219559579514, 1.0, 0.0
97, 0.0136986301369863, 0, 0.0017948665142974573, 1.0, 0.0
98, 0.14285714285714285, 0, 0.006060112654275148, 1.0, 0.0
99, 0.5, 0, 0.013718152910246023, 1.0, 0.0
100, 0.014084507042253521, 0, 0.0022147185549278485, 1.0, 0.0
101, 0.0625, 0, 0.0023951903168844373, 1.0, 0.0
102, 0.006535947712418301, 0, 0.0009487309504522848, 1.0, 0.0
103, 0.03225806451612903, 0, 0.002764074374389255, 1.0, 0.0
104, 0.25, 0, 0.013220765160719074, 1.0, 0.0
105, 0.3333333333333333, 0, 0.009478878217369917, 1.0, 0.0
106, 0.02564102564102564, 0, 0.0027129258804266445, 1.0, 0.0
107, 0.05, 0, 0.004573424669096571, 1.0, 0.0
108, 0.037037037037037035, 0, 0.003916716086543442, 1.0, 0.0
109, 0.016666666666666666, 0, 0.0027403056040321426, 1.0, 0.0
110, 0.2, 0, 0.00809492827037438, 1.0, 0.0
111, 0.5, 0, 0.014532658505426526, 1.0, 0.0
112, 0.0625, 0, 0.006290630374096173, 1.0, 0.0
113, 0.3333333333333333, 0, 0.019572092277879795, 1.0, 0.0
114, 0.00847457627118644, 0, 0.0025171848517767156, 1.0, 0.0
115, 0.07692307692307693, 0, 0.004909322021499476, 1.0, 0.0
116, 0.3333333333333333, 0, 0.010266526472380324, 1.0, 0.0
117, 0.045454545454545456, 2.499937501562461e-05, 0.003705637312714517, 1.0, 0.0
118, 0.029411764705882353, 0, 0.004203370421356897, 1.0, 0.0
119, 1.0, 0, 0.023325730245177305, 1.0, 0.0
120, 0.125, 0.00039984006397441024, 0.00877336487652276, 1.0, 0.0
121, 0.05, 0.0004995004995004995, 0.004185348922959943, 1.0, 0.0
122, 0.16666666666666666, 0.0004930966469428008, 0.00948057270536918, 1.0, 0.0
123, 0.5, 0, 0.012982114230961956, 1.0, 0.0
124, 0.02127659574468085, 0, 0.0027790489288505855, 1.0, 0.0
125, 0.030303030303030304, 0, 0.002749127919268658, 1.0, 0.0
126, 0.09090909090909091, 0, 0.004693915314046031, 1.0, 0.0
127, 0.041666666666666664, 0, 0.005427115317789397, 1.0, 0.0
128, 0.5, 0, 0.019012660184222645, 1.0, 0.0
129, 0.25, 0, 0.009438309258299924, 1.0, 0.0
130, 0.034482758620689655, 0, 0.003315378870640613, 1.0, 0.0
131, 0.3333333333333333, 0, 0.012686488979444764, 1.0, 0.0
132, 0.5, 0, 0.013908260150696088, 1.0, 0.0
133, 0.125, 0, 0.008701011199764064, 1.0, 0.0
134, 0.2, 0, 0.01076686733511318, 1.0, 0.0
135, 0.007042253521126761, 0, 0.0014159503795604634, 1.0, 0.0
136, 0.1, 0, 0.004708081677905265, 1.0, 0.0
137, 0.00980392156862745, 0, 0.001516496895299555, 1.0, 0.0
138, 0.2, 0, 0.008920155409508797, 1.0, 0.0
139, 0.03225806451612903, 0, 0.004527231710362831, 1.0, 0.0
140, 0.03225806451612903, 0, 0.0044033586690982104, 1.0, 0.0
141, 0.012048192771084338, 0, 0.0028153940719738966, 1.0, 0.0
142, 1.0, 0, 0.0293474788781051, 1.0, 0.0
143, 0.2, 0, 0.011929812596541809, 1.0, 0.0
144, 0.007194244604316547, 0, 0.0019523929467812203, 1.0, 0.0
145, 0.125, 0, 0.005858322564082529, 1.0, 0.0
146, 0.08333333333333333, 0, 0.004464528783071913, 1.0, 0.0
147, 0.2, 0, 0.007411942308977625, 1.0, 0.0
148, 0.027777777777777776, 0, 0.004683284613971822, 1.0, 0.0
149, 0.0625, 0, 0.0033471701991694054, 1.0, 0.0
150, 0.25, 0, 0.008230599911052981, 1.0, 0.0
151, 0.25, 0, 0.006461501863884681, 1.0, 0.0
152, 0.009523809523809525, 0, 0.0016208505967405511, 1.0, 0.0
153, 0.25, 0, 0.006869367583909027, 1.0, 0.0
154, 0.06666666666666667, 0, 0.004359576255376231, 1.0, 0.0
155, 0.09090909090909091, 0, 0.005665116958782599, 1.0, 0.0
156, 0.14285714285714285, 0, 0.006375008996410667, 1.0, 0.0
157, 0.05263157894736842, 0, 0.005183519839958809, 1.0, 0.0
158, 0.017543859649122806, 0, 0.0019932039971761197, 1.0, 0.0
159, 0.05555555555555555, 0, 0.004759574490840072, 1.0, 0.0
160, 0.14285714285714285, 0, 0.00534644166604887, 1.0, 0.0
161, 1.0, 0, 0.027937283806379613, 1.0, 0.0
162, 0.1, 0, 0.008019119175566844, 1.0, 0.0
163, 0.012987012987012988, 0, 0.0030462527150709362, 1.0, 0.0
164, 0.25, 0.0001362769146906514, 0.007692487758845448, 1.0, 0.0
165, 0.0037735849056603774, 0, 0.0005058712857190729, 1.0, 0.0
166, 0.00028256569652444194, 0, 0.00020771020369399662, 1.0, 0.0
167, 0.0003835826620636747, 0, 0.00018340173832189193, 1.0, 0.0
168, 0.002079002079002079, 0, 0.00027157646301089936, 1.0, 0.0
169, 0.001451378809869376, 0, 0.00032812257963297196, 1.0, 0.0
170, 0.018518518518518517, 0, 0.0009059412944047561, 1.0, 0.0
171, 0.004878048780487805, 0, 0.0005655268428911937, 1.0, 0.0
172, 0.001937984496124031, 0, 0.0003950887864516326, 1.0, 0.0
173, 0.0006045949214026602, 0, 0.00033244574422356505, 1.0, 0.0
174, 0.0013227513227513227, 0, 0.00037615530665945904, 1.0, 0.0
175, 0.05263157894736842, 0, 0.0026541256129185386, 1.0, 0.0
176, 0.012658227848101266, 0, 0.0014952545411620524, 1.0, 0.0
177, 0.01694915254237288, 0, 0.0023946000877844644, 1.0, 0.0
178, 0.034482758620689655, 0, 0.003664748488277197, 1.0, 0.0
179, 0.0196078431372549, 0, 0.0020619801071244674, 1.0, 0.0
180, 0.2, 0, 0.00614025264201687, 1.0, 0.0
181, 0.1, 0, 0.0028495410017302463, 1.0, 0.0
182, 0.0136986301369863, 0, 0.0012665878326886817, 1.0, 0.0
183, 0.1, 0, 0.0035001014973778362, 1.0, 0.0
184, 0.045454545454545456, 0, 0.004711929275686964, 1.0, 0.0
185, 0.14285714285714285, 0, 0.00754494725708209, 1.0, 0.0
186, 0.05, 0, 0.0044054121799345595, 1.0, 0.0
187, 0.14285714285714285, 0, 0.0045595974593811255, 1.0, 0.0
188, 0.2, 0.00040032025620496394, 0.005897027123427661, 1.0, 0.0
189, 0.03333333333333333, 0, 0.0031791139605799844, 1.0, 0.0
190, 0.25, 0, 0.009816593671996058, 1.0, 0.0
191, 0.07142857142857142, 0.0002697599136768276, 0.003957817525952271, 1.0, 0.0
192, 0.017543859649122806, 0, 0.0020514975000108402, 1.0, 0.0
193, 0.25, 0, 0.006637835927938512, 1.0, 0.0
194, 0.034482758620689655, 0, 0.004237312128705949, 1.0, 0.0
195, 0.01818181818181818, 0, 0.0008024947627476624, 1.0, 0.0
196, 0.0008928571428571428, 0, 0.0002301214966621241, 1.0, 0.0
197, 0.0011160714285714285, 0, 0.00016169827627566724, 1.0, 0.0
198, 0.011235955056179775, 0, 0.0008888991967910804, 1.0, 0.0
199, 0.015384615384615385, 0, 0.0021910573662176623, 1.0, 0.0
200, 0.02564102564102564, 0, 0.0032877669980777026, 1.0, 0.0
201, 0.02631578947368421, 0, 0.003028119620320928, 1.0, 0.0
202, 0.06666666666666667, 0, 0.004040988823354161, 1.0, 0.0
203, 0.08333333333333333, 0, 0.004054106563621624, 1.0, 0.0
204, 0.03125, 0, 0.004959649566141822, 1.0, 0.0
205, 0.05555555555555555, 0, 0.00301428158015983, 1.0, 0.0
206, 0.038461538461538464, 0, 0.0036490770791710743, 1.0, 0.0
207, 0.2, 0, 0.007104538487792517, 1.0, 0.0
208, 0.16666666666666666, 0, 0.006190078812999921, 1.0, 0.0
209, 0.038461538461538464, 0, 0.0025508931867606706, 1.0, 0.0
210, 0.006802721088435374, 0, 0.0008904830831572748, 1.0, 0.0
211, 0.008333333333333333, 0, 0.0010025297523638726, 1.0, 0.0
212, 0.008547008547008548, 0, 0.0010637519825772166, 1.0, 0.0
213, 0.004464285714285714, 0, 0.0008825136955627492, 1.0, 0.0
214, 1.0, 0, 0.023175101587472616, 1.0, 0.0
215, 0.023809523809523808, 0, 0.0030054113465692632, 1.0, 0.0
216, 0.05, 0, 0.003255670570956687, 1.0, 0.0
217, 0.07692307692307693, 0, 0.0035796385882198413, 1.0, 0.0
218, 0.016666666666666666, 0, 0.0021737923960006896, 1.0, 0.0
219, 0.25, 0, 0.005972535802419399, 1.0, 0.0
220, 0.004366812227074236, 0, 0.000766708887749192, 1.0, 0.0
221, 0.00423728813559322, 0, 0.0007693281098926824, 1.0, 0.0
222, 0.02631578947368421, 0, 0.00228122879464045, 1.0, 0.0
223, 0.018518518518518517, 0, 0.002141883420287418, 1.0, 0.0
224, 0.03125, 0, 0.0026066463649512934, 1.0, 0.0
225, 0.018867924528301886, 0, 0.002001498469783143, 1.0, 0.0
226, 0.07142857142857142, 0, 0.006795944721747861, 1.0, 0.0
227, 0.016666666666666666, 0, 0.0027191233849693346, 1.0, 0.0
228, 0.014492753623188406, 0, 0.002903040986935605, 1.0, 0.0
229, 0.05263157894736842, 0, 0.004931585048497226, 1.0, 0.0
230, 0.16666666666666666, 0, 0.007121240861112574, 1.0, 0.0
231, 0.08333333333333333, 0, 0.004624968983733478, 1.0, 0.0
232, 0.16666666666666666, 0, 0.009640126321404895, 1.0, 0.0
233, 0.25, 0, 0.017340518113621466, 1.0, 0.0
234, 0.5, 0, 0.01685832026586164, 1.0, 0.0
235, 0.16666666666666666, 0, 0.013374321705602299, 1.0, 0.0
236, 0.5, 0, 0.02140277659666977, 1.0, 0.0
237, 0.018518518518518517, 0, 0.002123940990438716, 1.0, 0.0
238, 0.006134969325153374, 0, 0.0009916031769953745, 1.0, 0.0
239, 0.030303030303030304, 0, 0.0032743933774097133, 1.0, 0.0
240, 0.1, 0, 0.005892258845299081, 1.0, 0.0
241, 0.2, 0, 0.00954551833289047, 1.0, 0.0
242, 0.08333333333333333, 0, 0.004157345999672459, 1.0, 0.0
243, 0.5, 0, 0.013378052228405936, 1.0, 0.0
244, 0.125, 0, 0.006642118383367734, 1.0, 0.0
245, 0.07142857142857142, 0, 0.0065266339475467325, 1.0, 0.0
246, 0.16666666666666666, 0, 0.008229389823680353, 1.0, 0.0
247, 0.07142857142857142, 0, 0.004308198900396843, 1.0, 0.0
248, 1.0, 0, 0.04238028495214393, 1.0, 0.0
249, 0.5, 0, 0.01760036288675906, 1.0, 0.0
250, 0.16666666666666666, 0, 0.00597119622281997, 1.0, 0.0
251, 0.5, 0, 0.016327168938376654, 1.0, 0.0
252, 0.3333333333333333, 0, 0.012211717600984157, 1.0, 0.0
253, 0.3333333333333333, 0, 0.012531356102258228, 1.0, 0.0
254, 0.01694915254237288, 0, 0.0024062317491416515, 1.0, 0.0
255, 0.2, 0, 0.009280495460661613, 1.0, 0.0
256, 0.14285714285714285, 0, 0.008647688051517456, 1.0, 0.0
257, 0.045454545454545456, 0, 0.0032551156257622643, 1.0, 0.0
258, 0.012345679012345678, 0, 0.0022789726674030913, 1.0, 0.0
259, 0.03225806451612903, 0, 0.005498171502566377, 1.0, 0.0
260, 0.034482758620689655, 0, 0.002349138790602983, 1.0, 0.0
261, 0.013333333333333334, 0, 0.0023458826828577682, 1.0, 0.0
262, 0.016129032258064516, 0, 0.0020079783723544807, 1.0, 0.0
263, 0.023809523809523808, 0, 0.0027719426546953542, 1.0, 0.0
264, 0.16666666666666666, 0, 0.008448849883486868, 1.0, 0.0
265, 0.25, 0, 0.009176479528712306, 1.0, 0.0
266, 0.5, 0, 0.012203955920733785, 1.0, 0.0
267, 0.03571428571428571, 0, 0.002934318928375349, 1.0, 0.0
268, 0.014285714285714285, 0, 0.0016956191360203226, 1.0, 0.0
269, 0.011904761904761904, 0, 0.0018407947780430646, 1.0, 0.0
270, 0.03571428571428571, 0, 0.0027312902618549743, 1.0, 0.0
271, 1.0, 0, 0.024058675109110517, 1.0, 0.0
272, 0.3333333333333333, 0, 0.010893332395485653, 1.0, 0.0
273, 0.0023148148148148147, 0, 0.0006295470991311058, 1.0, 0.0
274, 0.002881844380403458, 0, 0.0008634262553763326, 1.0, 0.0
275, 0.017857142857142856, 0, 0.0015808859180434201, 1.0, 0.0
276, 1, 0, 0.024832658093925177, 1.0, 0.0
277, 0.058823529411764705, 0, 0.0036823817114962987, 1.0, 0.0
278, 0.5, 0, 0.0215562887895524, 1.0, 0.0
279, 0.25, 0, 0.013673813873797352, 1.0, 0.0
280, 0.2, 0, 0.01330426272164045, 1.0, 0.0
281, 0.2, 0, 0.00831786464303211, 1.0, 0.0
282, 0.3333333333333333, 0, 0.011370312932903658, 1.0, 0.0
283, 0.16666666666666666, 0, 0.006041514441834009, 1.0, 0.0
284, 1.0, 0, 0.02424643863946192, 1.0, 0.0
285, 0.013333333333333334, 0, 0.0018961034587304405, 1.0, 0.0
286, 1, 0, 0.02424577666706346, 1.0, 0.0
287, 1.0, 0, 0.025046138611457346, 1.0, 0.0
288, 0.1, 0, 0.007129930417555643, 1.0, 0.0
289, 1, 0, 0.029474284316703653, 1.0, 0.0
290, 0.04, 0, 0.003142173703782371, 1.0, 0.0
291, 0.25, 0, 0.011033737804591593, 1.0, 0.0
292, 0.038461538461538464, 0, 0.0032097027617342248, 1.0, 0.0
293, 0.05263157894736842, 0, 0.003564216604171959, 1.0, 0.0
294, 0.09090909090909091, 0, 0.009720603153319995, 1.0, 0.0
295, 0.03333333333333333, 0, 0.005127900112879823, 1.0, 0.0
296, 0.2, 0, 0.012575505214279319, 1.0, 0.0
297, 0.07142857142857142, 0, 0.005844770295368413, 1.0, 0.0
298, 0.25, 0, 0.01073494851879312, 1.0, 0.0
299, 0.08333333333333333, 0, 0.005552803650055066, 1.0, 0.0
300, 0.01818181818181818, 0, 0.0031951230543359565, 1.0, 0.0
301, 0.125, 0, 0.009659221280119548, 1.0, 0.0
302, 1.0, 0, 0.027026217310803125, 1.0, 0.0
303, 0.08333333333333333, 0, 0.007806985728706684, 1.0, 0.0
304, 0.1, 0, 0.01067456079333915, 1.0, 0.0
305, 0.125, 0, 0.009374759439555546, 1.0, 0.0
306, 0.3333333333333333, 0, 0.013196104921647292, 1.0, 0.0
307, 0.025, 0, 0.004700444517512223, 1.0, 0.0
308, 0.03225806451612903, 0, 0.006028018827261056, 1.0, 0.0
309, 0.3333333333333333, 0, 0.012559384400021382, 1.0, 0.0
310, 0.3333333333333333, 0, 0.012688680325101603, 1.0, 0.0
311, 0.16666666666666666, 0, 0.010645776195471596, 1.0, 0.0
312, 0.25, 0, 0.014116323513581297, 1.0, 0.0
313, 1.0, 0, 0.02553166863869751, 1.0, 0.0
314, 0.025, 0, 0.003344573953904128, 1.0, 0.0
315, 0.027777777777777776, 0, 0.004265142243738959, 1.0, 0.0
316, 0.25, 0, 0.01019436881587857, 1.0, 0.0
317, 1.0, 0, 0.028022235839901558, 1.0, 0.0
318, 0.034482758620689655, 0, 0.004482320572935178, 1.0, 0.0
319, 0.007462686567164179, 0, 0.0019726526967673635, 1.0, 0.0
320, 0.0196078431372549, 0, 0.0025905027781588374, 1.0, 0.0
321, 0.07142857142857142, 0, 0.0049116411596694136, 1.0, 0.0
322, 0.038461538461538464, 0, 0.0022704309714795478, 1.0, 0.0
323, 0.0196078431372549, 0, 0.0022758504814919004, 1.0, 0.0
324, 0.2, 0, 0.006299561372729082, 1.0, 0.0
325, 0.05, 0, 0.003300896652056468, 1.0, 0.0
326, 0.037037037037037035, 0, 0.0036820415527445954, 1.0, 0.0
327, 0.1, 0, 0.006747666616479818, 1.0, 0.0
328, 0.07142857142857142, 0, 0.006621845414867422, 1.0, 0.0
329, 0.027777777777777776, 0, 0.0036954416779025837, 1.0, 0.0
330, 0.2, 0, 0.0097874244740988, 1.0, 0.0
331, 0.024390243902439025, 0, 0.0026775329627583473, 1.0, 0.0
332, 0.014492753623188406, 0, 0.002311987108875273, 1.0, 0.0
333, 1.0, 0, 0.02765813582596742, 1.0, 0.0
334, 0.125, 0, 0.004222479943366347, 1.0, 0.0
335, 0.027777777777777776, 0, 0.002139261873808547, 1.0, 0.0
336, 0.0018018018018018018, 0, 0.0005470344630991812, 1.0, 0.0
337, 0.0007473841554559044, 0, 0.00032299345700958246, 1.0, 0.0
338, 0.0004807692307692308, 0, 0.00030760024139346283, 1.0, 0.0
339, 0.0007930214115781126, 0, 0.000353571729264583, 1.0, 0.0
340, 0.00145985401459854, 0, 0.0003849594439848479, 1.0, 0.0
341, 0.0014903129657228018, 0, 0.0005801910161263919, 1.0, 0.0
342, 0.0015360983102918587, 0, 0.0005539253844665175, 1.0, 0.0
343, 0.0026455026455026454, 0, 0.0007693383784408887, 1.0, 0.0
344, 0.003215434083601286, 0, 0.0007746044121835597, 1.0, 0.0
345, 0.0012453300124533001, 0, 0.0005745150751277236, 1.0, 0.0
346, 0.0010799136069114472, 0, 0.0005288990710943224, 1.0, 0.0
347, 0.0017513134851138354, 0, 0.0006126650983725668, 1.0, 0.0
348, 0.002188183807439825, 0, 0.000596049810463276, 1.0, 0.0
349, 0.05, 0, 0.0023951725637326475, 1.0, 0.0
350, 0.009615384615384616, 0, 0.0016206212186704388, 1.0, 0.0
351, 0.14285714285714285, 0, 0.0044408851931878, 1.0, 0.0
352, 0.01639344262295082, 0, 0.0029195946068790975, 1.0, 0.0
353, 0.25, 0, 0.01554315395330211, 1.0, 0.0
354, 1.0, 0, 0.042477606262940844, 1.0, 0.0
355, 0.03571428571428571, 0, 0.0054300729462633335, 1.0, 0.0
356, 0.125, 0, 0.006363444523451154, 1.0, 0.0
357, 0.030303030303030304, 0, 0.0024572649533588287, 1.0, 0.0
358, 0.09090909090909091, 0, 0.005336565314224523, 1.0, 0.0
359, 0.008333333333333333, 0, 0.0017401434672681096, 1.0, 0.0
360, 0.0625, 0, 0.00472026101793385, 1.0, 0.0
361, 0.013888888888888888, 0, 0.0020355161122468973, 1.0, 0.0
362, 0.010309278350515464, 0, 0.0018493439240425999, 1.0, 0.0
363, 0.009259259259259259, 0, 0.001495000928449176, 1.0, 0.0
364, 1.0, 0, 0.02084362187465401, 1.0, 0.0
365, 0.0027100271002710027, 0, 0.0007539159699443142, 1.0, 0.0
366, 0.001841620626151013, 0, 0.0006990485367106103, 1.0, 0.0
367, 0.0020876826722338203, 0, 0.0010006670741134153, 1.0, 0.0
368, 0.004878048780487805, 0, 0.001101874832347904, 1.0, 0.0
369, 0.0040650406504065045, 0, 0.0007214771082792216, 1.0, 0.0
370, 0.007194244604316547, 0, 0.0010510329337315688, 1.0, 0.0
371, 0.008403361344537815, 0, 0.0011875625065063992, 1.0, 0.0
372, 0.16666666666666666, 0, 0.006755242747218329, 1.0, 0.0
373, 1.0, 0, 0.021912788051811224, 1.0, 0.0
374, 0.043478260869565216, 0, 0.0067595036154043, 1.0, 0.0
375, 0.07692307692307693, 0, 0.0069753903118425975, 1.0, 0.0
376, 0.5, 0, 0.017966678937261372, 1.0, 0.0
377, 0.09090909090909091, 0, 0.008640634674263771, 1.0, 0.0
378, 0.3333333333333333, 0, 0.014158790056311573, 1.0, 0.0
379, 0.05263157894736842, 0, 0.004931350969226531, 1.0, 0.0
380, 0.05555555555555555, 0, 0.005005578497760744, 1.0, 0.0
381, 0.05263157894736842, 0, 0.006132315272738993, 1.0, 0.0
382, 0.03571428571428571, 0, 0.004293149652527105, 1.0, 0.0
383, 0.0196078431372549, 0, 0.0031950889435164226, 1.0, 0.0
384, 0.014925373134328358, 0, 0.0034951073872399856, 1.0, 0.0
385, 0.08333333333333333, 0, 0.00861053205991424, 1.0, 0.0
386, 0.017241379310344827, 0, 0.0033260188491844285, 1.0, 0.0
387, 0.021739130434782608, 0, 0.0037425838971448903, 1.0, 0.0
388, 0.16666666666666666, 0, 0.009244397659784688, 1.0, 0.0
389, 0.14285714285714285, 0, 0.006969479991133779, 1.0, 0.0
390, 0.0625, 0, 0.004567228844934245, 1.0, 0.0
391, 0.017241379310344827, 0, 0.0017244518144312977, 1.0, 0.0
392, 0.05263157894736842, 0, 0.004848012865934962, 1.0, 0.0
393, 0.027777777777777776, 0, 0.0028217694050596265, 1.0, 0.0
394, 0.027777777777777776, 0, 0.003277070768553741, 1.0, 0.0
395, 0.3333333333333333, 0, 0.0121783370626573, 1.0, 0.0
396, 0.045454545454545456, 0, 0.003582952551566123, 1.0, 0.0
397, 0.16666666666666666, 0, 0.009676789945283043, 1.0, 0.0
398, 0.0625, 0, 0.007202680065507252, 1.0, 0.0
399, 0.25, 0, 0.013616347469899983, 1.0, 0.0
400, 0.034482758620689655, 0, 0.003164394420325034, 1.0, 0.0
401, 0.0625, 0, 0.004977107390149177, 1.0, 0.0
402, 0.2, 0, 0.009638506048736019, 1.0, 0.0
403, 0.5, 0, 0.01460986357078573, 1.0, 0.0
404, 0.2, 0, 0.01417589172443048, 1.0, 0.0
405, 0.125, 0, 0.006821880078791416, 1.0, 0.0
406, 0.07692307692307693, 0, 0.008140187431253689, 1.0, 0.0
407, 0.2, 0, 0.010384427897215786, 1.0, 0.0
408, 0.25, 0, 0.010493487426515126, 1.0, 0.0
409, 0.029411764705882353, 0, 0.0026281590213023103, 1.0, 0.0
410, 0.02631578947368421, 0, 0.002264841852846142, 1.0, 0.0
411, 0.125, 0, 0.00605039432323563, 1.0, 0.0
412, 0.02, 0, 0.0030899698425855275, 1.0, 0.0
413, 0.08333333333333333, 0, 0.005003186891887211, 1.0, 0.0
414, 0.2, 0, 0.0054231816292110505, 1.0, 0.0
415, 0.025, 0, 0.0031122133389009077, 1.0, 0.0
416, 0.045454545454545456, 0, 0.0034663542187750394, 1.0, 0.0
417, 0.25, 0, 0.0076204858571143255, 1.0, 0.0
418, 0.03125, 0, 0.0047385692902422874, 1.0, 0.0
419, 0.03333333333333333, 0, 0.0031388505329893127, 1.0, 0.0
420, 0.1111111111111111, 0, 0.007632741807814048, 1.0, 0.0
421, 0.1, 0, 0.00811992394988509, 1.0, 0.0
422, 0.01639344262295082, 0, 0.003161211528946069, 1.0, 0.0
423, 0.08333333333333333, 0, 0.004964907734852948, 1.0, 0.0
424, 1.0, 0, 0.02991861191909126, 1.0, 0.0
425, 0.09090909090909091, 0, 0.006978849949560883, 1.0, 0.0
426, 0.14285714285714285, 0, 0.008711431094325121, 1.0, 0.0
427, 0.3333333333333333, 0, 0.023684225810296368, 1.0, 0.0
428, 0.1, 0, 0.011475023674280745, 1.0, 0.0
429, 0.3333333333333333, 0, 0.013271697380883369, 1.0, 0.0
430, 1.0, 0, 0.023978925889482614, 1.0, 0.0
431, 0.004149377593360996, 0, 0.0013708949879339576, 1.0, 0.0
432, 0.013888888888888888, 0, 0.0015323716362147727, 1.0, 0.0
433, 0.0030211480362537764, 0, 0.001261173786899786, 1.0, 0.0
434, 0.0033783783783783786, 0, 0.000992691478989627, 1.0, 0.0
435, 0.0078125, 0, 0.0014495758717199398, 1.0, 0.0
436, 0.045454545454545456, 0, 0.001976692674531955, 1.0, 0.0
437, 0.004201680672268907, 0, 0.0011200039307991754, 1.0, 0.0
438, 0.0019455252918287938, 0, 0.0007783772165348361, 1.0, 0.0
439, 0.002136752136752137, 0, 0.0008194910053688304, 1.0, 0.0
440, 0.009615384615384616, 0, 0.0012394341328677509, 1.0, 0.0
441, 0.043478260869565216, 0, 0.004195950743249826, 1.0, 0.0
442, 0.037037037037037035, 0, 0.0041058984114915684, 1.0, 0.0
443, 0.012658227848101266, 0, 0.002251203606328258, 1.0, 0.0
444, 0.014492753623188406, 0, 0.0025708902660909814, 1.0, 0.0
445, 0.020833333333333332, 0, 0.0037650392515847907, 1.0, 0.0
446, 0.2, 0, 0.008912715453954351, 1.0, 0.0
447, 1.0, 0, 0.0221413034128714, 1.0, 0.0
448, 0.010752688172043012, 0, 0.002194202247552391, 1.0, 0.0
449, 0.019230769230769232, 0, 0.0025614350892174276, 1.0, 0.0
450, 0.023809523809523808, 0, 0.0035155820480522156, 1.0, 0.0
451, 0.25, 0, 0.008954856175744085, 1.0, 0.0
452, 0.023809523809523808, 0, 0.0038297464228943595, 1.0, 0.0
453, 0.015384615384615385, 0, 0.002454686193642124, 1.0, 0.0
454, 0.1111111111111111, 0, 0.00648478992557684, 1.0, 0.0
455, 0.05263157894736842, 0, 0.00388342720042576, 1.0, 0.0
456, 0.2, 0, 0.006438600301381618, 1.0, 0.0
457, 1, 0, 0.0281200664290637, 1.0, 0.0
458, 0.2, 0, 0.013104896784224546, 1.0, 0.0
459, 1.0, 0, 0.05377941333641876, 1.0, 0.0
460, 1.0, 0, 0.032693260945393605, 1.0, 0.0
461, 0.2, 0, 0.008502785262364835, 1.0, 0.0
462, 0.125, 0, 0.007401440738065325, 1.0, 0.0
463, 0.125, 0, 0.005039091414849472, 1.0, 0.0
464, 0.07692307692307693, 0, 0.007118437326673531, 1.0, 0.0
465, 0.07142857142857142, 0, 0.008509019786819132, 1.0, 0.0
466, 0.03333333333333333, 0, 0.006176924805698634, 1.0, 0.0
467, 0.16666666666666666, 0, 0.011343506217275711, 1.0, 0.0
468, 0.037037037037037035, 0, 0.005349060714981453, 1.0, 0.0
469, 1.0, 0, 0.027524799680279287, 1.0, 0.0
470, 0.25, 0, 0.01697762513429788, 1.0, 0.0
471, 0.09090909090909091, 0, 0.007020696401419939, 1.0, 0.0
472, 0.06666666666666667, 0, 0.004835406307013888, 1.0, 0.0
473, 0.08333333333333333, 0, 0.007040441175371809, 1.0, 0.0
474, 0.16666666666666666, 0, 0.007962235830836814, 1.0, 0.0
475, 1.0, 0, 0.028059817850690175, 1.0, 0.0
476, 0.08333333333333333, 0, 0.005003260400560119, 1.0, 0.0
477, 0.5, 0, 0.018904204299295135, 1.0, 0.0
478, 0.1, 0, 0.008209349442792006, 1.0, 0.0
479, 0.14285714285714285, 0, 0.00798966828909529, 1.0, 0.0
480, 0.0625, 0, 0.006596599853095969, 1.0, 0.0
481, 1, 0, 0.026391726767695814, 1.0, 0.0
482, 0.14285714285714285, 0, 0.008419630715272658, 1.0, 0.0
483, 1.0, 0, 0.030910335762112783, 1.0, 0.0
484, 0.2, 0, 0.007640369789704388, 1.0, 0.0
485, 0.5, 0, 0.019927926371660413, 1.0, 0.0
486, 0.07142857142857142, 0, 0.007615515602703092, 1.0, 0.0
487, 0.03571428571428571, 0, 0.003527386508005655, 1.0, 0.0
488, 0.09090909090909091, 0, 0.008359997392976586, 1.0, 0.0
489, 1.0, 0, 0.02895585028120508, 1.0, 0.0
490, 1.0, 0, 0.024466703396887127, 1.0, 0.0
491, 0.09090909090909091, 0, 0.005908659009377712, 1.0, 0.0
492, 0.25, 0, 0.01302496614014631, 1.0, 0.0
493, 0.058823529411764705, 0, 0.0037573355864083265, 1.0, 0.0
494, 1.0, 0, 0.02552673647226059, 1.0, 0.0
495, 0.06666666666666667, 0, 0.005023653149987384, 1.0, 0.0
496, 0.5, 0, 0.015523913742727253, 1.0, 0.0
497, 0.03125, 0, 0.003876633907670266, 1.0, 0.0
498, 0.02857142857142857, 0, 0.003829077162985619, 1.0, 0.0
499, 0.06666666666666667, 0, 0.004509400570298461, 1.0, 0.0
