1: 357
2: 251
3: 269
4: 404
5: 124
6: 372
7: 360
8: 2
9: 213
10: 75
11: 294
12: 277
13: 204
14: 167
15: 403
16: 387
17: 291
18: 468
19: 457
20: 375
21: 347
22: 151
23: 90
24: 409
25: 343
26: 374
27: 19
28: 365
29: 303
30: 404
31: 344
32: 102
33: 204
34: 409
35: 354
36: 263
37: 316
38: 391
39: 353
40: 321
41: 325
42: 349
43: 176
44: 358
45: 365
46: 317
47: 376
48: 418
49: 365
50: 360
51: 255
52: 313
53: 335
54: 266
55: 398
56: 364
57: 387
58: 335
59: 386
60: 2
61: 257
62: 276
63: 337
64: 365
65: 370
66: 342
67: 400
68: 271
69: 401
70: 299
71: 362
72: 237
73: 274
74: 272
75: 374
76: 418
77: 382
78: 373
79: 170
80: 347
81: 306
82: 304
83: 355
84: 320
85: 279
86: 312
87: 263
88: 411
89: 326
90: 340
91: 326
92: 364
93: 340
94: 275
95: 407
96: 399
97: 352
98: 440
99: 232
100: 331
101: 359
102: 355
103: 355
104: 288
105: 350
106: 90
107: 279
108: 347
109: 369
110: 366
111: 390
112: 314
113: 338
114: 409
115: 406
116: 369
117: 283
118: 367
119: 232
120: 381
121: 277
122: 283
123: 173
124: 194
125: 315
126: 359
127: 160
128: 304
129: 320
130: 295
131: 396
132: 419
133: 344
134: 399
135: 334
136: 419
137: 381
138: 345
139: 298
140: 431
141: 326
142: 248
143: 351
144: 279
145: 311
146: 345
147: 345
148: 315
149: 311
150: 346
151: 252
152: 370
153: 331
154: 251
155: 192
156: 295
157: 286
158: 288
159: 339
160: 288
161: 394
162: 307
163: 378
164: 411
165: 334
166: 375
167: 364
168: 344
169: 346
170: 293
171: 326
172: 429
173: 321
174: 328
175: 407
176: 352
177: 349
178: 303
179: 260
180: 319
181: 277
182: 294
183: 263
184: 285
185: 343
186: 326
187: 307
188: 260
189: 258
190: 249
191: 262
192: 289
193: 259
194: 223
195: 239
196: 281
197: 321
198: 220
199: 268
200: 320
201: 325
202: 241
203: 317
204: 241
205: 310
206: 367
207: 273
208: 257
209: 275
210: 380
211: 288
212: 335
213: 242
214: 258
215: 264
216: 351
217: 306
218: 295
219: 349
220: 335
221: 373
222: 381
223: 378
224: 256
225: 201
226: 362
227: 332
228: 340
229: 421
230: 366
231: 291
232: 346
233: 273
234: 269
235: 298
236: 329
237: 189
238: 233
239: 260
240: 277
241: 295
242: 242
243: 250
244: 286
245: 279
246: 290
247: 277
248: 254
249: 239
250: 252
251: 365
252: 245
253: 291
254: 307
255: 293
256: 253
257: 276
258: 203
259: 248
260: 240
261: 357
262: 266
263: 312
264: 255
265: 325
266: 248
267: 217
268: 273
269: 276
270: 331
271: 257
272: 303
273: 280
274: 280
275: 91
276: 401
277: 242
278: 301
279: 270
280: 323
281: 339
282: 392
283: 307
284: 327
285: 396
286: 408
287: 328
288: 401
289: 231
290: 138
291: 229
292: 263
293: 401
294: 393
295: 435
296: 203
297: 419
298: 424
299: 299
300: 390
301: 312
302: 181
303: 166
304: 110
305: 432
306: 384
307: 358
308: 210
309: 245
310: 208
311: 397
312: 235
313: 238
314: 216
315: 415
316: 406
317: 305
318: 326
319: 370
320: 363
321: 202
322: 158
323: 446
324: 396
325: 423
326: 273
327: 360
328: 358
329: 384
330: 300
331: 458
332: 467
333: 455
334: 185
335: 310
336: 223
337: 408
338: 316
339: 302
340: 312
341: 296
342: 346
343: 245
344: 340
345: 349
346: 342
347: 363
348: 416
349: 387
350: 233
351: 379
352: 298
353: 196
354: 444
355: 331
356: 382
357: 358
358: 291
359: 94
360: 81
361: 434
362: 58
363: 171
364: 204
365: 331
366: 258
367: 313
368: 395
369: 323
370: 256
371: 395
372: 436
373: 362
374: 410
375: 178
376: 435
377: 388
378: 427
379: 430
380: 337
381: 371
382: 414
383: 76
384: 96
385: 116
386: 280
387: 190
388: 377
389: 155
390: 410
391: 340
392: 266
393: 304
394: 363
395: 340
396: 389
397: 328
398: 28
399: 314
400: 316
401: 323
402: 164
403: 91
404: 403
405: 363
406: 421
407: 359
408: 102
409: 270
410: 327
411: 434
412: 402
413: 378
414: 302
415: 433
416: 267
417: 356
418: 341
419: 396
420: 334
421: 88
422: 354
423: 425
424: 271
425: 435
426: 450
427: 362
428: 269
429: 357
430: 363
431: 376
432: 394
433: 342
434: 382
435: 437
436: 354
437: 329
438: 361
439: 299
440: 404
441: 286
442: 374
443: 342
444: 329
445: 370
446: 272
447: 349
448: 303
449: 378
450: 368
451: 244
452: 187
453: 392
454: 309
455: 395
456: 379
457: 440
458: 380
459: 353
460: 194
461: 329
462: 326
463: 309
464: 352
465: 368
466: 281
467: 382
468: 347
469: 270
470: 360
471: 406
472: 310
473: 329
474: 370
475: 275
476: 427
477: 399
478: 80
479: 375
480: 399
481: 145
482: 406
483: 121
484: 358
485: 330
486: 391
487: 288
488: 173
489: 413
490: 45
491: 327
492: 101
493: 248
494: 361
495: 380
496: 385
497: 398
498: 105
499: 421
500: 202
