1: 345
2: 322
3: 343
4: 309
5: 454
6: 366
7: 379
8: 337
9: 379
10: 292
11: 322
12: 311
13: 319
14: 293
15: 382
16: 347
17: 281
18: 371
19: 373
20: 320
21: 377
22: 338
23: 337
24: 325
25: 307
26: 296
27: 293
28: 381
29: 344
30: 294
31: 269
32: 346
33: 401
34: 380
35: 313
36: 347
37: 392
38: 387
39: 305
40: 348
41: 393
42: 377
43: 344
44: 406
45: 336
46: 397
47: 377
48: 287
49: 345
50: 280
51: 348
52: 368
53: 385
54: 339
55: 407
56: 378
57: 328
58: 259
59: 384
60: 365
61: 425
62: 274
63: 347
64: 467
65: 351
66: 358
67: 327
68: 307
69: 295
70: 335
71: 305
72: 346
73: 339
74: 323
75: 343
76: 417
77: 408
78: 367
79: 403
80: 317
81: 384
82: 464
83: 374
84: 384
85: 325
86: 398
87: 364
88: 328
89: 414
90: 394
91: 344
92: 326
93: 376
94: 358
95: 320
96: 337
97: 417
98: 339
99: 321
100: 392
101: 324
102: 330
103: 397
104: 367
105: 346
106: 434
107: 392
108: 363
109: 298
110: 308
111: 314
112: 305
113: 356
114: 275
115: 231
116: 289
117: 324
118: 298
119: 324
120: 282
121: 269
122: 348
123: 340
124: 371
125: 361
126: 432
127: 401
128: 344
129: 375
130: 333
131: 346
132: 333
133: 356
134: 298
135: 309
136: 312
137: 328
138: 298
139: 355
140: 329
141: 298
142: 363
143: 339
144: 344
145: 316
146: 255
147: 353
148: 377
149: 279
150: 281
151: 353
152: 310
153: 333
154: 307
155: 328
156: 399
157: 313
158: 372
159: 317
160: 300
161: 381
162: 317
163: 328
164: 368
165: 389
166: 286
167: 312
168: 350
169: 369
170: 407
171: 263
172: 413
173: 323
174: 346
175: 331
176: 383
177: 317
178: 337
179: 352
180: 380
181: 377
182: 342
183: 352
184: 346
185: 371
186: 396
187: 416
188: 372
189: 404
190: 330
191: 372
192: 337
193: 354
194: 328
195: 303
196: 436
197: 365
198: 307
199: 374
200: 394
201: 335
202: 391
203: 379
204: 381
205: 381
206: 425
207: 383
208: 353
209: 400
210: 404
211: 384
212: 371
213: 350
214: 363
215: 376
216: 394
217: 379
218: 380
219: 333
220: 315
221: 444
222: 425
223: 412
224: 326
225: 339
226: 360
227: 324
228: 300
229: 362
230: 394
231: 410
232: 395
233: 445
234: 365
235: 350
236: 396
237: 416
238: 346
239: 368
240: 376
241: 341
242: 375
243: 359
244: 391
245: 317
246: 353
247: 341
248: 361
249: 325
250: 412
251: 343
252: 371
253: 285
254: 318
255: 344
256: 283
257: 290
258: 364
259: 363
260: 388
261: 411
262: 360
263: 392
264: 387
265: 331
266: 349
267: 316
268: 345
269: 328
270: 301
271: 324
272: 338
273: 318
274: 382
275: 422
276: 295
277: 421
278: 401
279: 355
280: 320
281: 352
282: 437
283: 323
284: 334
285: 362
286: 416
287: 444
288: 386
289: 364
290: 391
291: 339
292: 412
293: 424
294: 464
295: 374
296: 344
297: 362
298: 341
299: 395
300: 372
301: 387
302: 325
303: 435
304: 364
305: 379
306: 393
307: 356
308: 408
309: 312
310: 289
311: 275
312: 318
313: 415
314: 336
315: 424
316: 372
317: 392
318: 342
319: 289
320: 307
321: 372
322: 389
323: 290
324: 367
325: 385
326: 346
327: 347
328: 423
329: 325
330: 393
331: 426
332: 392
333: 374
334: 402
335: 437
336: 363
337: 384
338: 325
339: 370
340: 393
341: 414
342: 318
343: 375
344: 425
345: 386
346: 383
347: 393
348: 385
349: 344
350: 352
351: 387
352: 404
353: 415
354: 386
355: 390
356: 425
357: 413
358: 430
359: 363
360: 369
361: 374
362: 390
363: 353
364: 365
365: 391
366: 371
367: 312
368: 404
369: 368
370: 373
371: 412
372: 381
373: 422
374: 402
375: 402
376: 409
377: 389
378: 397
379: 362
380: 340
381: 375
382: 364
383: 410
384: 427
385: 364
386: 324
387: 340
388: 383
389: 359
390: 331
391: 399
392: 393
393: 422
394: 445
395: 374
396: 456
397: 454
398: 411
399: 444
400: 460
401: 406
402: 459
403: 424
404: 428
405: 373
406: 333
407: 406
408: 369
409: 404
410: 407
411: 404
412: 418
413: 397
414: 428
415: 449
416: 369
417: 451
418: 325
419: 390
420: 365
421: 391
422: 399
423: 385
424: 379
425: 345
426: 420
427: 406
428: 411
429: 435
430: 429
431: 405
432: 455
433: 351
434: 321
435: 435
436: 447
437: 347
438: 392
439: 330
440: 388
441: 374
442: 403
443: 391
444: 313
445: 402
446: 351
447: 341
448: 335
449: 373
450: 347
451: 339
452: 402
453: 457
454: 276
455: 328
456: 283
457: 360
458: 406
459: 310
460: 353
461: 367
462: 369
463: 336
464: 363
465: 413
466: 353
467: 336
468: 357
469: 369
470: 440
471: 411
472: 387
473: 393
474: 457
475: 415
476: 415
477: 442
478: 367
479: 448
480: 427
481: 426
482: 385
483: 385
484: 368
485: 379
486: 442
487: 304
488: 361
489: 332
490: 419
491: 360
492: 367
493: 368
494: 407
495: 373
496: 435
497: 293
498: 308
499: 327
500: 327
