1: 181
2: 211
3: 149
4: 109
5: 206
6: 101
7: 154
8: 94
9: 115
10: 122
11: 191
12: 156
13: 90
14: 159
15: 97
16: 253
17: 178
18: 151
19: 165
20: 115
21: 183
22: 185
23: 163
24: 115
25: 176
26: 212
27: 122
28: 192
29: 98
30: 102
31: 98
32: 301
33: 266
34: 93
35: 196
36: 47
37: 95
38: 282
39: 197
40: 228
41: 160
42: 111
43: 175
44: 163
45: 236
46: 125
47: 192
48: 129
49: 141
50: 121
51: 94
52: 167
53: 138
54: 228
55: 199
56: 290
57: 213
58: 299
59: 159
60: 148
61: 156
62: 211
63: 142
64: 118
65: 190
66: 182
67: 145
68: 176
69: 89
70: 83
71: 55
72: 131
73: 102
74: 157
75: 230
76: 183
77: 181
78: 108
79: 73
80: 126
81: 128
82: 146
83: 177
84: 136
85: 107
86: 195
87: 141
88: 199
89: 159
90: 137
91: 288
92: 188
93: 140
94: 226
95: 146
96: 227
97: 310
98: 163
99: 202
100: 212
101: 178
102: 252
103: 189
104: 219
105: 224
106: 416
107: 224
108: 376
109: 270
110: 146
111: 197
112: 246
113: 133
114: 147
115: 274
116: 204
117: 165
118: 242
119: 215
120: 174
121: 104
122: 210
123: 203
124: 283
125: 155
126: 257
127: 152
128: 165
129: 137
130: 92
131: 198
132: 153
133: 129
134: 76
135: 176
136: 70
137: 221
138: 151
139: 209
140: 152
141: 139
142: 125
143: 165
144: 120
145: 121
146: 267
147: 205
148: 88
149: 163
150: 78
151: 194
152: 149
153: 125
154: 159
155: 99
156: 211
157: 199
158: 335
159: 280
160: 175
161: 285
162: 242
163: 221
164: 168
165: 89
166: 66
167: 195
168: 128
169: 223
170: 182
171: 175
172: 314
173: 193
174: 158
175: 172
176: 151
177: 152
178: 138
179: 380
180: 241
181: 220
182: 262
183: 283
184: 233
185: 360
186: 215
187: 232
188: 276
189: 137
190: 208
191: 258
192: 245
193: 300
194: 180
195: 224
196: 176
197: 368
198: 212
199: 149
200: 138
201: 156
202: 436
203: 246
204: 197
205: 297
206: 252
207: 167
208: 249
209: 351
210: 250
211: 230
212: 336
213: 426
214: 256
215: 187
216: 326
217: 179
218: 304
219: 190
220: 168
221: 349
222: 311
223: 329
224: 250
225: 102
226: 229
227: 153
228: 192
229: 199
230: 97
231: 169
232: 167
233: 163
234: 230
235: 268
236: 194
237: 155
238: 277
239: 169
240: 266
241: 240
242: 257
243: 192
244: 237
245: 161
246: 132
247: 264
248: 195
249: 232
250: 255
251: 208
252: 188
253: 163
254: 135
255: 124
256: 201
257: 432
258: 278
259: 120
260: 187
261: 81
262: 205
263: 172
264: 184
265: 152
266: 113
267: 174
268: 255
269: 72
270: 118
271: 104
272: 165
273: 107
274: 155
275: 179
276: 55
277: 56
278: 183
279: 168
280: 125
281: 97
282: 125
283: 124
284: 131
285: 176
286: 104
287: 148
288: 143
289: 178
290: 99
291: 164
292: 177
293: 71
294: 123
295: 176
296: 187
297: 225
298: 152
299: 171
300: 200
301: 384
302: 103
303: 221
304: 142
305: 193
306: 167
307: 152
308: 142
309: 187
310: 271
311: 198
312: 282
313: 269
314: 344
315: 446
316: 404
317: 141
318: 276
319: 264
320: 392
321: 416
322: 224
323: 152
324: 263
325: 313
326: 266
327: 308
328: 435
329: 384
330: 405
331: 236
332: 399
333: 274
334: 373
335: 309
336: 203
337: 266
338: 364
339: 298
340: 325
341: 228
342: 154
343: 342
344: 150
345: 416
346: 287
347: 348
348: 384
349: 419
350: 414
351: 391
352: 300
353: 265
354: 204
355: 362
356: 408
357: 305
358: 241
359: 439
360: 384
361: 362
362: 280
363: 389
364: 269
365: 337
366: 175
367: 237
368: 270
369: 123
370: 200
371: 414
372: 352
373: 271
374: 186
375: 438
376: 176
377: 404
378: 161
379: 200
380: 154
381: 224
382: 292
383: 244
384: 174
385: 318
386: 229
387: 203
388: 288
389: 199
390: 283
391: 227
392: 198
393: 395
394: 365
395: 277
396: 262
397: 424
398: 430
399: 430
400: 244
401: 204
402: 337
403: 420
404: 432
405: 418
406: 387
407: 343
408: 302
409: 280
410: 222
411: 297
412: 362
413: 327
414: 197
415: 255
416: 258
417: 427
418: 365
419: 402
420: 284
421: 305
422: 294
423: 290
424: 270
425: 252
426: 265
427: 242
428: 296
429: 267
430: 435
431: 434
432: 283
433: 341
434: 413
435: 336
436: 416
437: 206
438: 183
439: 197
440: 119
441: 142
442: 176
443: 284
444: 251
445: 341
446: 331
447: 433
448: 258
449: 411
450: 274
451: 414
452: 308
453: 161
454: 416
455: 315
456: 442
457: 240
458: 353
459: 234
460: 317
461: 198
462: 225
463: 295
464: 185
465: 233
466: 173
467: 200
468: 305
469: 157
470: 132
471: 305
472: 368
473: 279
474: 312
475: 260
476: 396
477: 289
478: 315
479: 442
480: 431
481: 238
482: 231
483: 180
484: 250
485: 186
486: 279
487: 410
488: 169
489: 211
490: 234
491: 340
492: 285
493: 274
494: 427
495: 150
496: 422
497: 210
498: 418
499: 426
500: 322
