1: 119
2: 327
3: 63
4: 403
5: 252
6: 287
7: 170
8: 138
9: 144
10: 397
11: 318
12: 403
13: 405
14: 129
15: 377
16: 338
17: 204
18: 269
19: 52
20: 261
21: 101
22: 138
23: 235
24: 388
25: 259
26: 404
27: 250
28: 425
29: 279
30: 105
31: 224
32: 378
33: 163
34: 335
35: 393
36: 340
37: 296
38: 309
39: 422
40: 432
41: 323
42: 333
43: 304
44: 410
45: 347
46: 283
47: 124
48: 287
49: 336
50: 399
51: 440
52: 409
53: 375
54: 413
55: 383
56: 387
57: 392
58: 345
59: 398
60: 401
61: 447
62: 399
63: 343
64: 288
65: 447
66: 383
67: 455
68: 408
69: 281
70: 427
71: 424
72: 312
73: 273
74: 280
75: 399
76: 395
77: 414
78: 413
79: 371
80: 449
81: 325
82: 423
83: 363
84: 387
85: 51
86: 401
87: 411
88: 386
89: 372
90: 355
91: 374
92: 331
93: 452
94: 363
95: 296
96: 31
97: 387
98: 361
99: 359
100: 393
101: 390
102: 444
103: 245
104: 419
105: 444
106: 336
107: 448
108: 372
109: 239
110: 386
111: 332
112: 419
113: 347
114: 345
115: 106
116: 331
117: 315
118: 270
119: 452
120: 160
121: 282
122: 303
123: 383
124: 415
125: 329
126: 379
127: 339
128: 365
129: 354
130: 440
131: 359
132: 137
133: 241
134: 261
135: 334
136: 219
137: 361
138: 344
139: 345
140: 140
141: 421
142: 315
143: 375
144: 348
145: 290
146: 391
147: 392
148: 417
149: 273
150: 375
151: 456
152: 422
153: 387
154: 288
155: 349
156: 407
157: 157
158: 78
159: 416
160: 356
161: 437
162: 280
163: 225
164: 214
165: 327
166: 362
167: 201
168: 413
169: 437
170: 366
171: 137
172: 408
173: 397
174: 419
175: 412
176: 397
177: 82
178: 126
179: 303
180: 427
181: 227
182: 389
183: 52
184: 196
185: 397
186: 366
187: 406
188: 430
189: 283
190: 199
191: 333
192: 50
193: 44
194: 438
195: 42
196: 267
197: 299
198: 461
199: 243
200: 268
201: 310
202: 324
203: 136
204: 180
205: 61
206: 169
207: 127
208: 459
209: 264
210: 402
211: 214
212: 452
213: 262
214: 351
215: 144
216: 200
217: 173
218: 434
219: 311
220: 400
221: 101
222: 313
223: 407
224: 72
225: 408
226: 137
227: 346
228: 125
229: 126
230: 442
231: 281
232: 369
233: 223
234: 286
235: 200
236: 119
237: 173
238: 320
239: 384
240: 295
241: 183
242: 431
243: 229
244: 283
245: 200
246: 386
247: 356
248: 358
249: 266
250: 142
251: 410
252: 308
253: 313
254: 78
255: 399
256: 334
257: 371
258: 389
259: 72
260: 308
261: 33
262: 348
263: 198
264: 188
265: 404
266: 460
267: 404
268: 306
269: 388
270: 376
271: 383
272: 390
273: 327
274: 123
275: 370
276: 444
277: 241
278: 418
279: 382
280: 382
281: 317
282: 368
283: 383
284: 372
285: 261
286: 43
287: 436
288: 173
289: 344
290: 353
291: 109
292: 406
293: 120
294: 389
295: 435
296: 392
297: 417
298: 373
299: 353
300: 438
301: 288
302: 357
303: 310
304: 180
305: 366
306: 403
307: 411
308: 323
309: 381
310: 333
311: 295
312: 366
313: 368
314: 392
315: 329
316: 399
317: 198
318: 291
319: 387
320: 316
321: 403
322: 335
323: 244
324: 320
325: 444
326: 393
327: 453
328: 434
329: 432
330: 221
331: 415
332: 448
333: 388
334: 275
335: 256
336: 352
337: 137
338: 260
339: 168
340: 430
341: 340
342: 437
343: 313
344: 395
345: 406
346: 112
347: 375
348: 374
349: 449
350: 407
351: 251
352: 403
353: 428
354: 408
355: 399
356: 442
357: 300
358: 342
359: 334
360: 333
361: 349
362: 334
363: 430
364: 321
365: 395
366: 286
367: 354
368: 350
369: 309
370: 325
371: 438
372: 288
373: 387
374: 300
375: 377
376: 312
377: 299
378: 301
379: 315
380: 367
381: 320
382: 300
383: 276
384: 257
385: 327
386: 349
387: 443
388: 297
389: 408
390: 452
391: 328
392: 424
393: 370
394: 395
395: 349
396: 371
397: 389
398: 444
399: 414
400: 304
401: 320
402: 385
403: 429
404: 385
405: 393
406: 345
407: 353
408: 416
409: 411
410: 364
411: 344
412: 355
413: 167
414: 253
415: 244
416: 290
417: 341
418: 310
419: 295
420: 112
421: 153
422: 127
423: 45
424: 219
425: 73
426: 158
427: 251
428: 138
429: 387
430: 126
431: 216
432: 186
433: 445
434: 428
435: 35
436: 198
437: 118
438: 68
439: 391
440: 120
441: 466
442: 117
443: 101
444: 47
445: 29
446: 158
447: 49
448: 277
449: 94
450: 212
451: 151
452: 388
453: 336
454: 304
455: 110
456: 311
457: 66
458: 205
459: 206
460: 220
461: 79
462: 157
463: 152
464: 284
465: 104
466: 422
467: 307
468: 84
469: 140
470: 177
471: 51
472: 382
473: 75
474: 90
475: 246
476: 265
477: 362
478: 191
479: 165
480: 228
481: 61
482: 331
483: 274
484: 303
485: 384
486: 363
487: 295
488: 335
489: 327
490: 326
491: 299
492: 353
493: 363
494: 291
495: 308
496: 208
497: 413
498: 359
499: 360
500: 360
