1: 247
2: 54
3: 47
4: 138
5: 252
6: 178
7: 176
8: 217
9: 222
10: 250
11: 371
12: 288
13: 120
14: 269
15: 367
16: 400
17: 278
18: 308
19: 289
20: 389
21: 423
22: 346
23: 193
24: 303
25: 69
26: 209
27: 226
28: 272
29: 85
30: 419
31: 121
32: 430
33: 109
34: 138
35: 72
36: 121
37: 162
38: 354
39: 110
40: 52
41: 107
42: 371
43: 32
44: 251
45: 39
46: 118
47: 59
48: 51
49: 112
50: 64
51: 121
52: 67
53: 286
54: 72
55: 57
56: 118
57: 149
58: 157
59: 95
60: 150
61: 84
62: 87
63: 101
64: 141
65: 72
66: 400
67: 22
68: 108
69: 31
70: 113
71: 175
72: 237
73: 217
74: 175
75: 248
76: 123
77: 180
78: 232
79: 71
80: 170
81: 144
82: 104
83: 193
84: 27
85: 63
86: 196
87: 277
88: 262
89: 135
90: 78
91: 287
92: 75
93: 115
94: 52
95: 173
96: 69
97: 226
98: 264
99: 106
100: 342
101: 119
102: 381
103: 114
104: 305
105: 225
106: 208
107: 163
108: 153
109: 154
110: 274
111: 184
112: 96
113: 134
114: 192
115: 162
116: 162
117: 243
118: 472
119: 101
120: 169
121: 310
122: 316
123: 280
124: 274
125: 124
126: 251
127: 136
128: 40
129: 191
130: 400
131: 204
132: 203
133: 74
134: 287
135: 27
136: 263
137: 273
138: 93
139: 214
140: 113
141: 124
142: 169
143: 131
144: 166
145: 219
146: 354
147: 83
148: 336
149: 257
150: 268
151: 328
152: 370
153: 179
154: 103
155: 455
156: 294
157: 86
158: 364
159: 88
160: 243
161: 76
162: 185
163: 302
164: 167
165: 76
166: 97
167: 71
168: 423
169: 384
170: 151
171: 446
172: 95
173: 178
174: 95
175: 38
176: 397
177: 53
178: 325
179: 36
180: 212
181: 174
182: 75
183: 134
184: 179
185: 86
186: 95
187: 103
188: 175
189: 101
190: 155
191: 81
192: 46
193: 180
194: 111
195: 262
196: 325
197: 387
198: 171
199: 175
200: 72
201: 121
202: 150
203: 132
204: 64
205: 106
206: 62
207: 115
208: 41
209: 67
210: 326
211: 133
212: 212
213: 109
214: 141
215: 123
216: 167
217: 109
218: 149
219: 132
220: 54
221: 89
222: 35
223: 34
224: 103
225: 207
226: 52
227: 64
228: 56
229: 159
230: 83
231: 125
232: 155
233: 157
234: 147
235: 84
236: 76
237: 114
238: 48
239: 142
240: 152
241: 80
242: 49
243: 139
244: 83
245: 182
246: 63
247: 85
248: 65
249: 84
250: 156
251: 128
252: 143
253: 135
254: 93
255: 97
256: 149
257: 162
258: 98
259: 107
260: 47
261: 87
262: 103
263: 313
264: 95
265: 142
266: 70
267: 76
268: 86
269: 213
270: 18
271: 112
272: 172
273: 95
274: 162
275: 188
276: 86
277: 186
278: 119
279: 57
280: 125
281: 166
282: 85
283: 245
284: 70
285: 77
286: 136
287: 54
288: 77
289: 136
290: 117
291: 154
292: 76
293: 124
294: 414
295: 267
296: 82
297: 173
298: 142
299: 137
300: 81
301: 109
302: 128
303: 72
304: 46
305: 61
306: 68
307: 233
308: 125
309: 120
310: 38
311: 42
312: 91
313: 203
314: 110
315: 205
316: 139
317: 108
318: 205
319: 144
320: 285
321: 251
322: 287
323: 46
324: 43
325: 152
326: 214
327: 261
328: 228
329: 211
330: 137
331: 71
332: 128
333: 118
334: 68
335: 162
336: 68
337: 332
338: 51
339: 213
340: 67
341: 179
342: 51
343: 96
344: 33
345: 131
346: 115
347: 39
348: 276
349: 106
350: 115
351: 59
352: 76
353: 112
354: 126
355: 102
356: 121
357: 95
358: 205
359: 55
360: 219
361: 252
362: 189
363: 265
364: 111
365: 72
366: 359
367: 204
368: 268
369: 13
370: 158
371: 96
372: 137
373: 168
374: 120
375: 80
376: 36
377: 198
378: 71
379: 418
380: 238
381: 80
382: 161
383: 46
384: 128
385: 92
386: 142
387: 128
388: 34
389: 223
390: 156
391: 126
392: 42
393: 102
394: 91
395: 247
396: 251
397: 187
398: 61
399: 129
400: 159
401: 287
402: 234
403: 159
404: 39
405: 85
406: 93
407: 248
408: 175
409: 128
410: 223
411: 128
412: 61
413: 202
414: 252
415: 437
416: 218
417: 151
418: 240
419: 289
420: 139
421: 55
422: 80
423: 57
424: 222
425: 126
426: 151
427: 82
428: 104
429: 61
430: 81
431: 235
432: 111
433: 103
434: 125
435: 87
436: 120
437: 111
438: 82
439: 132
440: 72
441: 131
442: 167
443: 78
444: 34
445: 56
446: 139
447: 89
448: 144
449: 155
450: 139
451: 152
452: 97
453: 146
454: 71
455: 56
456: 80
457: 129
458: 44
459: 113
460: 209
461: 147
462: 50
463: 58
464: 212
465: 91
466: 102
467: 163
468: 65
469: 83
470: 117
471: 168
472: 59
473: 65
474: 79
475: 125
476: 59
477: 66
478: 64
479: 69
480: 86
481: 174
482: 132
483: 117
484: 141
485: 103
486: 192
487: 41
488: 279
489: 308
490: 249
491: 92
492: 89
493: 57
494: 316
495: 29
496: 263
497: 187
498: 255
499: 94
500: 132
