1: 64
2: 69
3: 66
4: 63
5: 68
6: 67
7: 66
8: 63
9: 68
10: 67
11: 69
12: 69
13: 67
14: 69
15: 63
16: 65
17: 65
18: 68
19: 67
20: 68
21: 63
22: 65
23: 64
24: 67
25: 65
26: 63
27: 66
28: 64
29: 68
30: 63
31: 68
32: 67
33: 65
34: 68
35: 63
36: 68
37: 70
38: 64
39: 67
40: 63
41: 69
42: 65
43: 67
44: 67
45: 63
46: 69
47: 67
48: 68
49: 67
50: 66
51: 67
52: 66
53: 66
54: 66
55: 68
56: 68
57: 67
58: 66
59: 67
60: 68
61: 69
62: 63
63: 67
64: 68
65: 67
66: 69
67: 67
68: 69
69: 68
70: 64
71: 69
72: 64
73: 67
74: 71
75: 66
76: 68
77: 68
78: 69
79: 69
80: 68
81: 69
82: 66
83: 67
84: 69
85: 70
86: 70
87: 70
88: 65
89: 72
90: 71
91: 71
92: 69
93: 67
94: 68
95: 64
96: 69
97: 69
98: 66
99: 64
100: 68
101: 70
102: 67
103: 71
104: 67
105: 69
106: 65
107: 70
108: 68
109: 69
110: 68
111: 66
112: 67
113: 65
114: 69
115: 65
116: 65
117: 69
118: 66
119: 69
120: 67
121: 67
122: 69
123: 65
124: 67
125: 63
126: 65
127: 69
128: 69
129: 69
130: 67
131: 69
132: 68
133: 63
134: 67
135: 68
136: 68
137: 68
138: 67
139: 64
140: 67
141: 67
142: 69
143: 68
144: 66
145: 69
146: 63
147: 68
148: 69
149: 65
150: 68
151: 64
152: 70
153: 66
154: 67
155: 69
156: 70
157: 65
158: 67
159: 72
160: 70
161: 67
162: 70
163: 67
164: 70
165: 71
166: 68
167: 70
168: 68
169: 66
170: 70
171: 69
172: 69
173: 67
174: 67
175: 69
176: 68
177: 69
178: 68
179: 66
180: 69
181: 71
182: 69
183: 69
184: 70
185: 69
186: 68
187: 70
188: 70
189: 70
190: 71
191: 73
192: 67
193: 68
194: 69
195: 71
196: 65
197: 66
198: 69
199: 66
200: 68
201: 73
202: 68
203: 69
204: 68
205: 65
206: 66
207: 67
208: 69
209: 70
210: 68
211: 69
212: 70
213: 71
214: 67
215: 64
216: 68
217: 66
218: 67
219: 65
220: 66
221: 65
222: 65
223: 69
224: 66
225: 72
226: 65
227: 68
228: 69
229: 65
230: 65
231: 67
232: 65
233: 67
234: 69
235: 67
236: 69
237: 69
238: 70
239: 67
240: 69
241: 69
242: 63
243: 68
244: 69
245: 69
246: 65
247: 67
248: 67
249: 70
250: 64
251: 72
252: 69
253: 71
254: 64
255: 69
256: 69
257: 68
258: 68
259: 70
260: 67
261: 70
262: 69
263: 69
264: 69
265: 68
266: 70
267: 65
268: 69
269: 65
270: 69
271: 65
272: 69
273: 67
274: 67
275: 68
276: 69
277: 70
278: 69
279: 67
280: 65
281: 69
282: 65
283: 69
284: 70
285: 67
286: 66
287: 68
288: 70
289: 69
290: 68
291: 69
292: 68
293: 69
294: 68
295: 68
296: 67
297: 68
298: 69
299: 68
300: 65
301: 73
302: 69
303: 70
304: 69
305: 71
306: 71
307: 67
308: 70
309: 68
310: 70
311: 69
312: 71
313: 70
314: 67
315: 71
316: 65
317: 71
318: 68
319: 69
320: 66
321: 70
322: 65
323: 66
324: 70
325: 67
326: 69
327: 65
328: 64
329: 67
330: 68
331: 69
332: 64
333: 68
334: 68
335: 64
336: 67
337: 67
338: 65
339: 71
340: 69
341: 68
342: 66
343: 71
344: 70
345: 67
346: 70
347: 69
348: 70
349: 71
350: 70
351: 71
352: 68
353: 65
354: 68
355: 65
356: 67
357: 66
358: 69
359: 70
360: 71
361: 69
362: 71
363: 69
364: 67
365: 65
366: 65
367: 68
368: 67
369: 69
370: 67
371: 69
372: 67
373: 66
374: 70
375: 69
376: 69
377: 67
378: 66
379: 67
380: 65
381: 69
382: 69
383: 68
384: 63
385: 66
386: 70
387: 69
388: 67
389: 67
390: 65
391: 69
392: 69
393: 63
394: 70
395: 70
396: 69
397: 69
398: 64
399: 67
400: 71
401: 70
402: 69
403: 66
404: 69
405: 69
406: 65
407: 69
408: 67
409: 70
410: 70
411: 69
412: 69
413: 65
414: 67
415: 67
416: 67
417: 65
418: 66
419: 68
420: 70
421: 67
422: 67
423: 64
424: 71
425: 67
426: 69
427: 64
428: 69
429: 69
430: 70
431: 67
432: 70
433: 67
434: 69
435: 68
436: 69
437: 71
438: 69
439: 69
440: 70
441: 64
442: 66
443: 66
444: 64
445: 68
446: 64
447: 68
448: 64
449: 69
450: 70
451: 69
452: 68
453: 68
454: 67
455: 70
456: 65
457: 69
458: 70
459: 66
460: 69
461: 66
462: 68
463: 62
464: 69
465: 70
466: 66
467: 67
468: 68
469: 63
470: 71
471: 65
472: 69
473: 70
474: 69
475: 67
476: 70
477: 69
478: 66
479: 70
480: 66
481: 64
482: 70
483: 69
484: 70
485: 69
486: 70
487: 71
488: 69
489: 68
490: 69
491: 69
492: 68
493: 65
494: 64
495: 68
496: 70
497: 69
498: 71
499: 65
500: 66
