1: 373
2: 373
3: 367
4: 370
5: 376
6: 372
7: 369
8: 372
9: 371
10: 382
11: 371
12: 366
13: 376
14: 371
15: 377
16: 368
17: 374
18: 376
19: 371
20: 372
21: 376
22: 364
23: 367
24: 369
25: 372
26: 364
27: 366
28: 367
29: 377
30: 370
31: 367
32: 372
33: 373
34: 372
35: 369
36: 370
37: 368
38: 369
39: 371
40: 376
41: 375
42: 377
43: 375
44: 380
45: 381
46: 375
47: 377
48: 372
49: 381
50: 374
51: 379
52: 378
53: 376
54: 378
55: 373
56: 375
57: 376
58: 377
59: 372
60: 374
61: 372
62: 372
63: 374
64: 374
65: 367
66: 374
67: 371
68: 367
69: 370
70: 373
71: 373
72: 375
73: 380
74: 375
75: 375
76: 374
77: 371
78: 369
79: 380
80: 379
81: 371
82: 378
83: 370
84: 371
85: 373
86: 376
87: 373
88: 373
89: 375
90: 365
91: 366
92: 371
93: 373
94: 375
95: 378
96: 376
97: 375
98: 374
99: 376
100: 373
101: 367
102: 373
103: 366
104: 376
105: 373
106: 371
107: 374
108: 373
109: 377
110: 372
111: 374
112: 364
113: 369
114: 378
115: 367
116: 373
117: 371
118: 365
119: 367
120: 373
121: 366
122: 369
123: 372
124: 370
125: 373
126: 366
127: 374
128: 370
129: 370
130: 366
131: 369
132: 369
133: 365
134: 370
135: 370
136: 369
137: 366
138: 367
139: 376
140: 368
141: 371
142: 366
143: 373
144: 370
145: 366
146: 372
147: 375
148: 374
149: 374
150: 375
151: 367
152: 372
153: 372
154: 374
155: 369
156: 369
157: 378
158: 375
159: 375
160: 376
161: 373
162: 377
163: 364
164: 372
165: 365
166: 372
167: 373
168: 373
169: 378
170: 377
171: 367
172: 374
173: 371
174: 376
175: 377
176: 369
177: 372
178: 370
179: 369
180: 369
181: 368
182: 371
183: 373
184: 371
185: 370
186: 373
187: 377
188: 374
189: 368
190: 374
191: 370
192: 370
193: 367
194: 373
195: 364
196: 377
197: 369
198: 364
199: 366
200: 371
201: 366
202: 372
203: 369
204: 374
205: 373
206: 374
207: 372
208: 374
209: 372
210: 377
211: 378
212: 373
213: 379
214: 374
215: 377
216: 369
217: 375
218: 370
219: 370
220: 366
221: 374
222: 369
223: 371
224: 375
225: 371
226: 377
227: 370
228: 378
229: 374
230: 375
231: 372
232: 376
233: 366
234: 368
235: 368
236: 371
237: 371
238: 369
239: 367
240: 371
241: 373
242: 379
243: 372
244: 377
245: 371
246: 372
247: 371
248: 370
249: 373
250: 380
251: 374
252: 374
253: 372
254: 377
255: 380
256: 375
257: 372
258: 377
259: 375
260: 370
261: 370
262: 372
263: 373
264: 376
265: 371
266: 375
267: 373
268: 372
269: 377
270: 371
271: 371
272: 371
273: 375
274: 376
275: 369
276: 375
277: 378
278: 372
279: 371
280: 367
281: 372
282: 376
283: 371
284: 374
285: 370
286: 370
287: 372
288: 369
289: 374
290: 377
291: 378
292: 377
293: 368
294: 374
295: 369
296: 374
297: 369
298: 377
299: 374
300: 365
301: 372
302: 368
303: 373
304: 374
305: 372
306: 372
307: 376
308: 373
309: 369
310: 372
311: 370
312: 373
313: 374
314: 374
315: 372
316: 368
317: 376
318: 372
319: 372
320: 372
321: 374
322: 374
323: 373
324: 372
325: 371
326: 374
327: 374
328: 370
329: 369
330: 370
331: 372
332: 374
333: 376
334: 367
335: 369
336: 368
337: 379
338: 376
339: 377
340: 377
341: 376
342: 374
343: 369
344: 372
345: 370
346: 379
347: 367
348: 376
349: 374
350: 371
351: 373
352: 374
353: 382
354: 374
355: 378
356: 385
357: 376
358: 381
359: 373
360: 380
361: 377
362: 378
363: 382
364: 376
365: 380
366: 376
367: 380
368: 382
369: 376
370: 380
371: 379
372: 383
373: 377
374: 379
375: 378
376: 377
377: 377
378: 375
379: 376
380: 374
381: 376
382: 380
383: 380
384: 380
385: 381
386: 372
387: 376
388: 381
389: 374
390: 375
391: 376
392: 378
393: 378
394: 376
395: 374
396: 372
397: 374
398: 376
399: 377
400: 370
401: 374
402: 371
403: 376
404: 374
405: 376
406: 378
407: 372
408: 373
409: 379
410: 382
411: 370
412: 376
413: 373
414: 374
415: 378
416: 382
417: 380
418: 378
419: 379
420: 374
421: 378
422: 376
423: 376
424: 375
425: 377
426: 373
427: 379
428: 373
429: 372
430: 374
431: 374
432: 370
433: 368
434: 373
435: 377
436: 378
437: 374
438: 379
439: 379
440: 371
441: 379
442: 375
443: 369
444: 377
445: 379
446: 370
447: 377
448: 374
449: 380
450: 376
451: 368
452: 376
453: 373
454: 381
455: 374
456: 375
457: 376
458: 378
459: 374
460: 373
461: 373
462: 372
463: 374
464: 371
465: 373
466: 369
467: 375
468: 365
469: 366
470: 375
471: 371
472: 370
473: 371
474: 379
475: 371
476: 378
477: 376
478: 375
479: 372
480: 371
481: 367
482: 374
483: 372
484: 374
485: 365
486: 377
487: 375
488: 372
489: 372
490: 374
491: 374
492: 373
493: 368
494: 371
495: 375
496: 380
497: 374
498: 374
499: 373
500: 376
