1: 46
2: 83
3: 240
4: 273
5: 416
6: 348
7: 221
8: 327
9: 211
10: 100
11: 472
12: 227
13: 370
14: 145
15: 237
16: 457
17: 412
18: 299
19: 426
20: 394
21: 334
22: 318
23: 428
24: 382
25: 393
26: 412
27: 380
28: 439
29: 334
30: 415
31: 186
32: 286
33: 435
34: 77
35: 436
36: 233
37: 322
38: 263
39: 42
40: 227
41: 79
42: 152
43: 97
44: 347
45: 91
46: 33
47: 102
48: 227
49: 128
50: 99
51: 182
52: 79
53: 107
54: 101
55: 154
56: 169
57: 262
58: 386
59: 226
60: 204
61: 193
62: 287
63: 232
64: 170
65: 415
66: 329
67: 206
68: 228
69: 252
70: 218
71: 271
72: 245
73: 229
74: 170
75: 201
76: 306
77: 329
78: 250
79: 100
80: 305
81: 152
82: 186
83: 149
84: 203
85: 223
86: 212
87: 283
88: 266
89: 259
90: 165
91: 132
92: 101
93: 169
94: 121
95: 167
96: 192
97: 253
98: 353
99: 131
100: 223
101: 247
102: 132
103: 47
104: 242
105: 261
106: 250
107: 445
108: 407
109: 307
110: 318
111: 307
112: 462
113: 186
114: 388
115: 404
116: 88
117: 145
118: 420
119: 253
120: 75
121: 142
122: 214
123: 282
124: 440
125: 258
126: 365
127: 413
128: 241
129: 436
130: 199
131: 427
132: 311
133: 463
134: 98
135: 434
136: 65
137: 135
138: 203
139: 408
140: 55
141: 341
142: 386
143: 407
144: 226
145: 336
146: 432
147: 442
148: 35
149: 458
150: 403
151: 368
152: 231
153: 223
154: 253
155: 328
156: 363
157: 298
158: 336
159: 429
160: 197
161: 314
162: 329
163: 305
164: 351
165: 355
166: 331
167: 356
168: 92
169: 320
170: 124
171: 150
172: 180
173: 264
174: 333
175: 284
176: 283
177: 413
178: 452
179: 321
180: 325
181: 414
182: 346
183: 341
184: 456
185: 176
186: 142
187: 357
188: 355
189: 408
190: 374
191: 440
192: 257
193: 337
194: 386
195: 254
196: 308
197: 213
198: 309
199: 465
200: 250
201: 192
202: 331
203: 441
204: 346
205: 138
206: 395
207: 223
208: 110
209: 399
210: 429
211: 238
212: 367
213: 443
214: 412
215: 396
216: 253
217: 366
218: 308
219: 392
220: 349
221: 424
222: 392
223: 216
224: 257
225: 279
226: 357
227: 374
228: 451
229: 440
230: 415
231: 400
232: 427
233: 334
234: 419
235: 429
236: 198
237: 404
238: 437
239: 424
240: 262
241: 204
242: 453
243: 119
244: 454
245: 423
246: 417
247: 394
248: 442
249: 240
250: 394
251: 384
252: 53
253: 365
254: 222
255: 228
256: 293
257: 132
258: 423
259: 343
260: 391
261: 152
262: 219
263: 301
264: 314
265: 352
266: 377
267: 416
268: 413
269: 319
270: 448
271: 396
272: 432
273: 344
274: 81
275: 99
276: 346
277: 358
278: 340
279: 284
280: 435
281: 228
282: 304
283: 369
284: 327
285: 340
286: 375
287: 457
288: 359
289: 203
290: 382
291: 218
292: 358
293: 206
294: 409
295: 436
296: 453
297: 432
298: 127
299: 359
300: 365
301: 272
302: 428
303: 364
304: 227
305: 387
306: 263
307: 336
308: 452
309: 448
310: 249
311: 318
312: 78
313: 325
314: 352
315: 43
316: 432
317: 351
318: 112
319: 340
320: 187
321: 397
322: 86
323: 71
324: 395
325: 310
326: 365
327: 247
328: 401
329: 447
330: 313
331: 416
332: 211
333: 447
334: 449
335: 432
336: 386
337: 404
338: 380
339: 439
340: 274
341: 378
342: 358
343: 344
344: 309
345: 342
346: 342
347: 388
348: 343
349: 293
350: 378
351: 432
352: 399
353: 397
354: 409
355: 466
356: 408
357: 336
358: 393
359: 372
360: 422
361: 418
362: 461
363: 459
364: 282
365: 383
366: 404
367: 450
368: 367
369: 357
370: 393
371: 367
372: 349
373: 392
374: 261
375: 302
376: 416
377: 360
378: 401
379: 89
380: 361
381: 245
382: 332
383: 364
384: 426
385: 366
386: 434
387: 448
388: 268
389: 365
390: 435
391: 409
392: 342
393: 332
394: 399
395: 249
396: 280
397: 140
398: 200
399: 395
400: 361
401: 449
402: 368
403: 344
404: 411
405: 277
406: 456
407: 437
408: 399
409: 391
410: 331
411: 387
412: 414
413: 293
414: 288
415: 454
416: 429
417: 453
418: 298
419: 381
420: 456
421: 418
422: 422
423: 426
424: 351
425: 315
426: 418
427: 454
428: 135
429: 378
430: 147
431: 359
432: 469
433: 449
434: 252
435: 420
436: 235
437: 249
438: 434
439: 159
440: 273
441: 82
442: 351
443: 209
444: 429
445: 247
446: 428
447: 455
448: 372
449: 414
450: 363
451: 391
452: 384
453: 334
454: 396
455: 208
456: 426
457: 199
458: 209
459: 365
460: 291
461: 403
462: 419
463: 440
464: 427
465: 420
466: 398
467: 339
468: 412
469: 366
470: 328
471: 263
472: 412
473: 295
474: 365
475: 106
476: 423
477: 308
478: 400
479: 249
480: 423
481: 205
482: 75
483: 397
484: 334
485: 404
486: 103
487: 247
488: 431
489: 377
490: 136
491: 60
492: 129
493: 325
494: 115
495: 292
496: 454
497: 288
498: 92
499: 275
500: 181
