1: 105
2: 144
3: 111
4: 89
5: 89
6: 153
7: 98
8: 112
9: 120
10: 135
11: 134
12: 89
13: 79
14: 113
15: 105
16: 158
17: 94
18: 170
19: 95
20: 139
21: 109
22: 91
23: 98
24: 100
25: 87
26: 65
27: 116
28: 110
29: 89
30: 127
31: 178
32: 116
33: 88
34: 107
35: 202
36: 83
37: 110
38: 83
39: 105
40: 107
41: 100
42: 91
43: 102
44: 88
45: 111
46: 94
47: 141
48: 88
49: 104
50: 121
51: 140
52: 95
53: 80
54: 101
55: 94
56: 115
57: 115
58: 108
59: 100
60: 99
61: 124
62: 148
63: 136
64: 95
65: 96
66: 118
67: 129
68: 100
69: 129
70: 128
71: 138
72: 98
73: 79
74: 156
75: 97
76: 106
77: 119
78: 138
79: 124
80: 139
81: 127
82: 155
83: 108
84: 112
85: 185
86: 138
87: 192
88: 157
89: 84
90: 90
91: 129
92: 133
93: 166
94: 146
95: 120
96: 125
97: 118
98: 129
99: 120
100: 108
101: 106
102: 99
103: 106
104: 92
105: 192
106: 124
107: 73
108: 130
109: 98
110: 132
111: 80
112: 92
113: 134
114: 134
115: 79
116: 138
117: 114
118: 96
119: 88
120: 143
121: 87
122: 140
123: 100
124: 263
125: 95
126: 111
127: 105
128: 82
129: 150
130: 97
131: 130
132: 121
133: 93
134: 83
135: 124
136: 141
137: 195
138: 118
139: 87
140: 136
141: 131
142: 130
143: 101
144: 166
145: 128
146: 181
147: 123
148: 114
149: 138
150: 164
151: 123
152: 244
153: 130
154: 125
155: 125
156: 211
157: 100
158: 115
159: 141
160: 92
161: 95
162: 96
163: 94
164: 100
165: 123
166: 88
167: 116
168: 136
169: 120
170: 127
171: 152
172: 130
173: 151
174: 113
175: 171
176: 157
177: 106
178: 224
179: 193
180: 191
181: 151
182: 93
183: 145
184: 98
185: 120
186: 138
187: 112
188: 78
189: 132
190: 105
191: 165
192: 82
193: 138
194: 183
195: 102
196: 124
197: 97
198: 125
199: 112
200: 107
201: 111
202: 118
203: 96
204: 87
205: 94
206: 107
207: 162
208: 98
209: 94
210: 95
211: 99
212: 82
213: 78
214: 104
215: 121
216: 102
217: 120
218: 138
219: 122
220: 105
221: 110
222: 74
223: 85
224: 81
225: 94
226: 130
227: 128
228: 76
229: 112
230: 104
231: 84
232: 113
233: 93
234: 137
235: 105
236: 125
237: 145
238: 98
239: 117
240: 134
241: 125
242: 203
243: 187
244: 175
245: 217
246: 197
247: 90
248: 144
249: 137
250: 122
251: 153
252: 174
253: 151
254: 159
255: 102
256: 94
257: 149
258: 149
259: 135
260: 159
261: 147
262: 139
263: 247
264: 173
265: 211
266: 112
267: 152
268: 99
269: 155
270: 116
271: 188
272: 218
273: 119
274: 184
275: 147
276: 148
277: 133
278: 103
279: 191
280: 164
281: 165
282: 96
283: 145
284: 128
285: 101
286: 147
287: 126
288: 115
289: 83
290: 139
291: 130
292: 92
293: 114
294: 93
295: 129
296: 93
297: 98
298: 112
299: 117
300: 86
301: 113
302: 129
303: 95
304: 196
305: 97
306: 117
307: 90
308: 114
309: 90
310: 84
311: 95
312: 70
313: 111
314: 123
315: 115
316: 89
317: 102
318: 90
319: 120
320: 105
321: 103
322: 148
323: 127
324: 74
325: 99
326: 79
327: 127
328: 96
329: 141
330: 128
331: 121
332: 113
333: 137
334: 134
335: 81
336: 111
337: 85
338: 118
339: 104
340: 87
341: 126
342: 101
343: 77
344: 91
345: 157
346: 118
347: 101
348: 111
349: 119
350: 129
351: 101
352: 80
353: 105
354: 123
355: 129
356: 91
357: 96
358: 136
359: 71
360: 106
361: 91
362: 109
363: 138
364: 172
365: 118
366: 143
367: 143
368: 104
369: 97
370: 124
371: 115
372: 122
373: 120
374: 92
375: 123
376: 140
377: 93
378: 190
379: 175
380: 104
381: 115
382: 136
383: 89
384: 82
385: 112
386: 128
387: 117
388: 122
389: 216
390: 138
391: 160
392: 175
393: 130
394: 161
395: 152
396: 164
397: 92
398: 123
399: 177
400: 93
401: 86
402: 107
403: 102
404: 130
405: 130
406: 130
407: 104
408: 115
409: 219
410: 182
411: 126
412: 121
413: 162
414: 126
415: 159
416: 96
417: 154
418: 119
419: 143
420: 156
421: 145
422: 151
423: 123
424: 112
425: 133
426: 117
427: 138
428: 139
429: 102
430: 142
431: 108
432: 124
433: 93
434: 89
435: 130
436: 177
437: 122
438: 110
439: 109
440: 107
441: 142
442: 193
443: 104
444: 162
445: 128
446: 109
447: 93
448: 103
449: 144
450: 108
451: 81
452: 161
453: 94
454: 114
455: 186
456: 116
457: 163
458: 142
459: 137
460: 150
461: 125
462: 129
463: 133
464: 102
465: 147
466: 145
467: 198
468: 151
469: 225
470: 108
471: 90
472: 138
473: 188
474: 136
475: 157
476: 208
477: 171
478: 138
479: 120
480: 133
481: 133
482: 142
483: 178
484: 195
485: 181
486: 123
487: 146
488: 114
489: 102
490: 165
491: 97
492: 135
493: 132
494: 139
495: 124
496: 156
497: 144
498: 115
499: 147
500: 104
