1: 193
2: 242
3: 307
4: 39
5: 396
6: 339
7: 145
8: 93
9: 323
10: 259
11: 99
12: 134
13: 385
14: 375
15: 317
16: 435
17: 250
18: 150
19: 326
20: 232
21: 400
22: 237
23: 142
24: 292
25: 337
26: 413
27: 159
28: 372
29: 371
30: 208
31: 368
32: 416
33: 364
34: 321
35: 286
36: 235
37: 343
38: 195
39: 122
40: 266
41: 38
42: 307
43: 338
44: 349
45: 355
46: 209
47: 32
48: 383
49: 391
50: 227
51: 317
52: 384
53: 409
54: 285
55: 256
56: 424
57: 402
58: 372
59: 320
60: 344
61: 399
62: 235
63: 438
64: 336
65: 448
66: 428
67: 413
68: 407
69: 394
70: 362
71: 398
72: 267
73: 409
74: 350
75: 382
76: 390
77: 379
78: 328
79: 380
80: 367
81: 442
82: 447
83: 415
84: 440
85: 6
86: 342
87: 133
88: 380
89: 131
90: 331
91: 135
92: 323
93: 270
94: 406
95: 339
96: 309
97: 338
98: 391
99: 408
100: 214
101: 324
102: 149
103: 297
104: 375
105: 414
106: 373
107: 146
108: 358
109: 69
110: 281
111: 377
112: 136
113: 15
114: 327
115: 423
116: 337
117: 405
118: 379
119: 410
120: 231
121: 47
122: 91
123: 451
124: 272
125: 320
126: 364
127: 88
128: 23
129: 363
130: 106
131: 47
132: 205
133: 347
134: 404
135: 426
136: 345
137: 128
138: 112
139: 289
140: 116
141: 234
142: 100
143: 50
144: 161
145: 213
146: 345
147: 211
148: 441
149: 244
150: 370
151: 263
152: 344
153: 417
154: 354
155: 148
156: 236
157: 322
158: 289
159: 389
160: 463
161: 368
162: 347
163: 220
164: 316
165: 338
166: 337
167: 438
168: 228
169: 406
170: 342
171: 399
172: 352
173: 357
174: 395
175: 421
176: 413
177: 386
178: 309
179: 373
180: 315
181: 251
182: 443
183: 355
184: 428
185: 371
186: 291
187: 42
188: 358
189: 279
190: 136
191: 324
192: 315
193: 368
194: 269
195: 306
196: 365
197: 85
198: 304
199: 247
200: 313
201: 247
202: 357
203: 377
204: 359
205: 246
206: 330
207: 387
208: 208
209: 308
210: 385
211: 440
212: 345
213: 449
214: 363
215: 68
216: 256
217: 387
218: 438
219: 380
220: 356
221: 358
222: 335
223: 347
224: 350
225: 379
226: 417
227: 351
228: 52
229: 154
230: 350
231: 362
232: 348
233: 94
234: 128
235: 391
236: 354
237: 435
238: 419
239: 339
240: 352
241: 388
242: 358
243: 246
244: 366
245: 174
246: 216
247: 374
248: 394
249: 365
250: 376
251: 194
252: 426
253: 382
254: 347
255: 373
256: 405
257: 377
258: 440
259: 181
260: 376
261: 113
262: 433
263: 4
264: 101
265: 375
266: 354
267: 33
268: 369
269: 173
270: 311
271: 338
272: 386
273: 323
274: 426
275: 97
276: 215
277: 381
278: 333
279: 324
280: 282
281: 351
282: 389
283: 295
284: 321
285: 362
286: 322
287: 336
288: 399
289: 329
290: 388
291: 385
292: 416
293: 437
294: 168
295: 336
296: 352
297: 205
298: 389
299: 331
300: 376
301: 372
302: 320
303: 327
304: 378
305: 358
306: 368
307: 222
308: 375
309: 429
310: 379
311: 171
312: 331
313: 102
314: 400
315: 304
316: 352
317: 324
318: 375
319: 379
320: 419
321: 446
322: 457
323: 379
324: 349
325: 319
326: 401
327: 316
328: 342
329: 334
330: 320
331: 396
332: 328
333: 380
334: 410
335: 332
336: 376
337: 402
338: 368
339: 315
340: 329
341: 251
342: 299
343: 350
344: 297
345: 348
346: 368
347: 409
348: 443
349: 295
350: 304
351: 328
352: 372
353: 322
354: 358
355: 390
356: 367
357: 345
358: 2
359: 294
360: 322
361: 294
362: 299
363: 399
364: 311
365: 249
366: 418
367: 308
368: 253
369: 363
370: 363
371: 272
372: 401
373: 412
374: 305
375: 322
376: 333
377: 277
378: 260
379: 408
380: 381
381: 355
382: 248
383: 298
384: 363
385: 355
386: 352
387: 167
388: 454
389: 249
390: 316
391: 351
392: 339
393: 319
394: 360
395: 341
396: 422
397: 371
398: 334
399: 378
400: 139
401: 414
402: 271
403: 360
404: 357
405: 405
406: 281
407: 204
408: 236
409: 210
410: 289
411: 404
412: 272
413: 143
414: 449
415: 265
416: 191
417: 365
418: 329
419: 372
420: 173
421: 351
422: 307
423: 177
424: 155
425: 349
426: 411
427: 414
428: 429
429: 228
430: 289
431: 399
432: 128
433: 419
434: 418
435: 18
436: 347
437: 243
438: 16
439: 393
440: 186
441: 320
442: 294
443: 207
444: 148
445: 0
446: 424
447: 367
448: 198
449: 363
450: 320
451: 16
452: 326
453: 389
454: 226
455: 169
456: 134
457: 262
458: 364
459: 181
460: 144
461: 288
462: 216
463: 270
464: 272
465: 330
466: 272
467: 337
468: 83
469: 459
470: 336
471: 294
472: 310
473: 380
474: 428
475: 298
476: 235
477: 321
478: 327
479: 98
480: 306
481: 288
482: 412
483: 442
484: 463
485: 147
486: 385
487: 389
488: 4
489: 363
490: 395
491: 361
492: 402
493: 331
494: 374
495: 327
496: 338
497: 366
498: 309
499: 268
500: 261
