1: 336
2: 295
3: 355
4: 318
5: 417
6: 368
7: 336
8: 413
9: 355
10: 319
11: 322
12: 337
13: 396
14: 374
15: 351
16: 344
17: 341
18: 334
19: 324
20: 349
21: 297
22: 275
23: 425
24: 69
25: 319
26: 328
27: 361
28: 347
29: 140
30: 88
31: 154
32: 394
33: 366
34: 156
35: 348
36: 352
37: 361
38: 109
39: 236
40: 407
41: 407
42: 360
43: 391
44: 237
45: 177
46: 298
47: 364
48: 410
49: 359
50: 315
51: 304
52: 139
53: 258
54: 293
55: 346
56: 266
57: 291
58: 299
59: 292
60: 349
61: 341
62: 238
63: 335
64: 268
65: 327
66: 340
67: 281
68: 229
69: 254
70: 250
71: 274
72: 227
73: 354
74: 408
75: 384
76: 174
77: 206
78: 447
79: 339
80: 350
81: 353
82: 297
83: 355
84: 358
85: 432
86: 439
87: 413
88: 394
89: 435
90: 453
91: 213
92: 417
93: 294
94: 268
95: 377
96: 417
97: 289
98: 425
99: 322
100: 415
101: 342
102: 405
103: 401
104: 35
105: 383
106: 333
107: 35
108: 380
109: 5
110: 305
111: 409
112: 83
113: 287
114: 413
115: 370
116: 369
117: 335
118: 313
119: 365
120: 279
121: 336
122: 321
123: 361
124: 388
125: 347
126: 301
127: 11
128: 293
129: 270
130: 385
131: 335
132: 277
133: 385
134: 304
135: 62
136: 293
137: 339
138: 99
139: 79
140: 278
141: 395
142: 145
143: 249
144: 374
145: 210
146: 396
147: 140
148: 331
149: 410
150: 340
151: 230
152: 397
153: 245
154: 326
155: 335
156: 375
157: 368
158: 317
159: 105
160: 237
161: 271
162: 404
163: 398
164: 323
165: 122
166: 362
167: 348
168: 248
169: 371
170: 222
171: 323
172: 195
173: 355
174: 96
175: 5
176: 330
177: 370
178: 349
179: 45
180: 156
181: 341
182: 367
183: 88
184: 241
185: 365
186: 306
187: 321
188: 389
189: 203
190: 303
191: 315
192: 343
193: 117
194: 361
195: 379
196: 378
197: 411
198: 262
199: 266
200: 387
201: 389
202: 350
203: 382
204: 350
205: 361
206: 281
207: 304
208: 252
209: 348
210: 286
211: 289
212: 309
213: 192
214: 347
215: 141
216: 283
217: 408
218: 407
219: 231
220: 331
221: 238
222: 369
223: 264
224: 330
225: 345
226: 349
227: 331
228: 295
229: 360
230: 152
231: 154
232: 368
233: 369
234: 317
235: 204
236: 444
237: 348
238: 210
239: 2
240: 303
241: 364
242: 348
243: 225
244: 192
245: 275
246: 223
247: 310
248: 333
249: 297
250: 314
251: 327
252: 391
253: 348
254: 352
255: 387
256: 415
257: 24
258: 403
259: 230
260: 390
261: 350
262: 267
263: 361
264: 362
265: 427
266: 225
267: 433
268: 329
269: 334
270: 340
271: 338
272: 388
273: 408
274: 341
275: 292
276: 291
277: 366
278: 356
279: 341
280: 192
281: 314
282: 380
283: 351
284: 356
285: 266
286: 451
287: 377
288: 398
289: 366
290: 332
291: 367
292: 361
293: 448
294: 392
295: 424
296: 128
297: 408
298: 346
299: 407
300: 330
301: 453
302: 420
303: 394
304: 299
305: 309
306: 354
307: 342
308: 306
309: 361
310: 305
311: 344
312: 364
313: 383
314: 352
315: 137
316: 355
317: 349
318: 355
319: 387
320: 381
321: 293
322: 303
323: 379
324: 397
325: 389
326: 350
327: 391
328: 290
329: 410
330: 390
331: 338
332: 345
333: 349
334: 370
335: 311
336: 372
337: 385
338: 356
339: 331
340: 303
341: 352
342: 295
343: 399
344: 273
345: 320
346: 304
347: 366
348: 196
349: 200
350: 337
351: 297
352: 314
353: 220
354: 283
355: 343
356: 363
357: 324
358: 380
359: 218
360: 369
361: 124
362: 446
363: 418
364: 321
365: 218
366: 143
367: 350
368: 146
369: 143
370: 300
371: 387
372: 169
373: 403
374: 251
375: 239
376: 211
377: 67
378: 347
379: 384
380: 414
381: 362
382: 200
383: 112
384: 341
385: 356
386: 324
387: 142
388: 140
389: 164
390: 322
391: 241
392: 141
393: 269
394: 217
395: 353
396: 331
397: 307
398: 384
399: 301
400: 291
401: 270
402: 359
403: 292
404: 260
405: 260
406: 235
407: 224
408: 231
409: 378
410: 288
411: 277
412: 300
413: 287
414: 265
415: 328
416: 158
417: 116
418: 333
419: 233
420: 353
421: 392
422: 366
423: 150
424: 314
425: 241
426: 312
427: 313
428: 413
429: 316
430: 335
431: 302
432: 230
433: 340
434: 222
435: 380
436: 209
437: 117
438: 18
439: 5
440: 297
441: 307
442: 337
443: 311
444: 382
445: 8
446: 80
447: 359
448: 263
449: 278
450: 263
451: 315
452: 357
453: 220
454: 338
455: 408
456: 291
457: 272
458: 252
459: 359
460: 360
461: 330
462: 407
463: 430
464: 276
465: 256
466: 337
467: 355
468: 123
469: 370
470: 365
471: 416
472: 350
473: 273
474: 366
475: 371
476: 423
477: 350
478: 312
479: 335
480: 295
481: 349
482: 389
483: 324
484: 329
485: 145
486: 390
487: 376
488: 180
489: 178
490: 415
491: 90
492: 402
493: 190
494: 375
495: 235
496: 390
497: 132
498: 398
499: 293
500: 262
