1: 292
2: 348
3: 305
4: 303
5: 354
6: 278
7: 345
8: 332
9: 368
10: 410
11: 362
12: 312
13: 306
14: 342
15: 348
16: 352
17: 347
18: 331
19: 391
20: 366
21: 274
22: 358
23: 279
24: 367
25: 426
26: 380
27: 294
28: 346
29: 383
30: 342
31: 359
32: 434
33: 348
34: 350
35: 392
36: 353
37: 377
38: 338
39: 326
40: 302
41: 317
42: 326
43: 341
44: 323
45: 344
46: 408
47: 317
48: 350
49: 291
50: 297
51: 274
52: 327
53: 298
54: 336
55: 333
56: 399
57: 335
58: 358
59: 288
60: 256
61: 290
62: 296
63: 295
64: 370
65: 333
66: 312
67: 303
68: 335
69: 347
70: 256
71: 396
72: 289
73: 259
74: 287
75: 296
76: 243
77: 287
78: 287
79: 238
80: 356
81: 286
82: 261
83: 265
84: 289
85: 295
86: 322
87: 355
88: 344
89: 267
90: 238
91: 271
92: 290
93: 342
94: 396
95: 321
96: 346
97: 306
98: 273
99: 382
100: 336
101: 341
102: 226
103: 307
104: 253
105: 328
106: 239
107: 276
108: 326
109: 310
110: 313
111: 409
112: 342
113: 282
114: 427
115: 365
116: 284
117: 298
118: 338
119: 397
120: 409
121: 316
122: 398
123: 330
124: 417
125: 408
126: 417
127: 343
128: 336
129: 376
130: 348
131: 348
132: 309
133: 372
134: 436
135: 339
136: 345
137: 352
138: 345
139: 346
140: 434
141: 351
142: 358
143: 346
144: 350
145: 365
146: 407
147: 362
148: 403
149: 289
150: 329
151: 462
152: 301
153: 450
154: 302
155: 323
156: 432
157: 405
158: 368
159: 343
160: 383
161: 227
162: 368
163: 403
164: 343
165: 361
166: 289
167: 384
168: 369
169: 376
170: 343
171: 353
172: 289
173: 276
174: 221
175: 370
176: 369
177: 244
178: 316
179: 375
180: 430
181: 287
182: 402
183: 351
184: 452
185: 382
186: 329
187: 400
188: 335
189: 243
190: 245
191: 328
192: 257
193: 272
194: 259
195: 185
196: 435
197: 327
198: 308
199: 310
200: 287
201: 417
202: 270
203: 371
204: 327
205: 308
206: 232
207: 254
208: 286
209: 362
210: 360
211: 332
212: 354
213: 469
214: 364
215: 332
216: 286
217: 429
218: 272
219: 345
220: 304
221: 433
222: 325
223: 316
224: 299
225: 325
226: 160
227: 283
228: 311
229: 332
230: 319
231: 390
232: 289
233: 325
234: 332
235: 284
236: 307
237: 445
238: 305
239: 344
240: 428
241: 336
242: 322
243: 298
244: 301
245: 331
246: 273
247: 321
248: 381
249: 304
250: 345
251: 310
252: 312
253: 404
254: 319
255: 433
256: 289
257: 361
258: 178
259: 291
260: 358
261: 322
262: 310
263: 292
264: 293
265: 282
266: 296
267: 378
268: 351
269: 273
270: 302
271: 315
272: 374
273: 382
274: 377
275: 352
276: 313
277: 228
278: 110
279: 160
280: 260
281: 329
282: 377
283: 380
284: 346
285: 405
286: 367
287: 248
288: 342
289: 349
290: 310
291: 271
292: 347
293: 393
294: 208
295: 295
296: 320
297: 346
298: 294
299: 364
300: 306
301: 391
302: 124
303: 95
304: 64
305: 323
306: 280
307: 362
308: 350
309: 323
310: 357
311: 366
312: 361
313: 407
314: 407
315: 381
316: 414
317: 332
318: 361
319: 351
320: 412
321: 412
322: 394
323: 348
324: 375
325: 304
326: 372
327: 149
328: 427
329: 394
330: 447
331: 367
332: 367
333: 360
334: 340
335: 427
336: 377
337: 301
338: 417
339: 404
340: 408
341: 436
342: 409
343: 291
344: 329
345: 379
346: 408
347: 363
348: 379
349: 448
350: 399
351: 361
352: 404
353: 356
354: 442
355: 370
356: 364
357: 320
358: 372
359: 382
360: 339
361: 444
362: 355
363: 375
364: 455
365: 390
366: 344
367: 381
368: 345
369: 426
370: 405
371: 304
372: 318
373: 348
374: 375
375: 294
376: 376
377: 305
378: 290
379: 305
380: 300
381: 260
382: 249
383: 271
384: 336
385: 351
386: 37
387: 278
388: 416
389: 296
390: 263
391: 297
392: 286
393: 397
394: 274
395: 242
396: 372
397: 254
398: 322
399: 354
400: 404
401: 325
402: 380
403: 219
404: 304
405: 307
406: 273
407: 390
408: 336
409: 311
410: 328
411: 370
412: 281
413: 291
414: 289
415: 348
416: 399
417: 70
418: 316
419: 461
420: 296
421: 359
422: 284
423: 358
424: 348
425: 345
426: 397
427: 280
428: 374
429: 418
430: 333
431: 365
432: 391
433: 396
434: 120
435: 438
436: 354
437: 276
438: 323
439: 354
440: 278
441: 75
442: 296
443: 258
444: 28
445: 342
446: 416
447: 327
448: 417
449: 372
450: 312
451: 340
452: 318
453: 335
454: 350
455: 397
456: 317
457: 308
458: 294
459: 396
460: 350
461: 96
462: 389
463: 430
464: 85
465: 330
466: 314
467: 395
468: 284
469: 308
470: 15
471: 285
472: 254
473: 367
474: 272
475: 238
476: 390
477: 343
478: 353
479: 397
480: 353
481: 367
482: 315
483: 286
484: 351
485: 128
486: 363
487: 339
488: 296
489: 297
490: 377
491: 441
492: 466
493: 369
494: 308
495: 261
496: 248
497: 339
498: 227
499: 374
500: 387
