1: 186
2: 225
3: 222
4: 154
5: 103
6: 278
7: 340
8: 231
9: 251
10: 253
11: 137
12: 198
13: 241
14: 175
15: 115
16: 191
17: 132
18: 221
19: 145
20: 92
21: 110
22: 91
23: 118
24: 143
25: 220
26: 196
27: 130
28: 171
29: 122
30: 110
31: 208
32: 277
33: 181
34: 224
35: 160
36: 160
37: 169
38: 251
39: 168
40: 112
41: 132
42: 208
43: 139
44: 146
45: 196
46: 125
47: 193
48: 105
49: 163
50: 166
51: 149
52: 201
53: 94
54: 198
55: 238
56: 214
57: 228
58: 262
59: 125
60: 195
61: 129
62: 279
63: 228
64: 191
65: 184
66: 165
67: 201
68: 238
69: 174
70: 197
71: 215
72: 145
73: 175
74: 161
75: 207
76: 210
77: 94
78: 158
79: 194
80: 148
81: 170
82: 185
83: 200
84: 105
85: 107
86: 158
87: 132
88: 112
89: 211
90: 117
91: 155
92: 36
93: 113
94: 37
95: 128
96: 36
97: 211
98: 220
99: 144
100: 109
101: 100
102: 135
103: 211
104: 95
105: 76
106: 196
107: 137
108: 127
109: 291
110: 87
111: 36
112: 66
113: 40
114: 65
115: 119
116: 217
117: 150
118: 173
119: 150
120: 102
121: 237
122: 149
123: 155
124: 171
125: 337
126: 171
127: 155
128: 94
129: 89
130: 85
131: 139
132: 66
133: 95
134: 81
135: 145
136: 110
137: 86
138: 112
139: 118
140: 253
141: 223
142: 249
143: 101
144: 227
145: 217
146: 212
147: 212
148: 187
149: 104
150: 196
151: 228
152: 212
153: 234
154: 216
155: 132
156: 281
157: 161
158: 125
159: 187
160: 179
161: 203
162: 160
163: 296
164: 175
165: 188
166: 164
167: 118
168: 206
169: 91
170: 101
171: 86
172: 150
173: 102
174: 64
175: 136
176: 245
177: 188
178: 101
179: 61
180: 81
181: 143
182: 239
183: 61
184: 99
185: 136
186: 43
187: 137
188: 136
189: 118
190: 94
191: 91
192: 156
193: 171
194: 75
195: 50
196: 76
197: 130
198: 139
199: 90
200: 62
201: 157
202: 81
203: 68
204: 171
205: 41
206: 66
207: 147
208: 55
209: 136
210: 84
211: 223
212: 129
213: 117
214: 211
215: 222
216: 111
217: 227
218: 227
219: 98
220: 248
221: 64
222: 130
223: 125
224: 159
225: 81
226: 85
227: 107
228: 133
229: 152
230: 106
231: 79
232: 48
233: 150
234: 171
235: 88
236: 108
237: 131
238: 104
239: 200
240: 80
241: 140
242: 100
243: 184
244: 140
245: 140
246: 223
247: 138
248: 134
249: 50
250: 93
251: 122
252: 164
253: 82
254: 157
255: 120
256: 145
257: 180
258: 164
259: 43
260: 256
261: 125
262: 88
263: 125
264: 99
265: 106
266: 109
267: 158
268: 100
269: 70
270: 107
271: 169
272: 176
273: 165
274: 121
275: 110
276: 113
277: 142
278: 127
279: 97
280: 117
281: 64
282: 85
283: 165
284: 84
285: 171
286: 183
287: 125
288: 138
289: 155
290: 81
291: 241
292: 123
293: 107
294: 179
295: 83
296: 88
297: 78
298: 104
299: 120
300: 98
301: 106
302: 83
303: 82
304: 103
305: 105
306: 66
307: 155
308: 73
309: 73
310: 173
311: 118
312: 236
313: 198
314: 220
315: 262
316: 255
317: 184
318: 184
319: 170
320: 189
321: 181
322: 231
323: 160
324: 192
325: 184
326: 186
327: 238
328: 253
329: 165
330: 241
331: 313
332: 195
333: 155
334: 165
335: 260
336: 97
337: 100
338: 118
339: 147
340: 183
341: 135
342: 175
343: 171
344: 204
345: 139
346: 130
347: 119
348: 287
349: 149
350: 175
351: 266
352: 158
353: 217
354: 179
355: 206
356: 262
357: 320
358: 223
359: 156
360: 368
361: 167
362: 164
363: 113
364: 200
365: 159
366: 121
367: 277
368: 148
369: 286
370: 256
371: 178
372: 153
373: 119
374: 281
375: 142
376: 204
377: 149
378: 75
379: 132
380: 161
381: 238
382: 224
383: 170
384: 255
385: 71
386: 102
387: 113
388: 185
389: 119
390: 251
391: 195
392: 227
393: 234
394: 138
395: 199
396: 199
397: 197
398: 138
399: 180
400: 148
401: 196
402: 166
403: 143
404: 185
405: 256
406: 162
407: 143
408: 210
409: 248
410: 70
411: 176
412: 175
413: 91
414: 177
415: 164
416: 192
417: 135
418: 205
419: 104
420: 160
421: 141
422: 98
423: 157
424: 230
425: 95
426: 97
427: 198
428: 114
429: 123
430: 126
431: 100
432: 128
433: 69
434: 117
435: 207
436: 235
437: 224
438: 168
439: 200
440: 166
441: 171
442: 215
443: 144
444: 137
445: 128
446: 164
447: 171
448: 161
449: 134
450: 232
451: 250
452: 219
453: 152
454: 186
455: 183
456: 222
457: 305
458: 240
459: 145
460: 116
461: 241
462: 198
463: 136
464: 211
465: 226
466: 119
467: 197
468: 249
469: 184
470: 264
471: 342
472: 241
473: 129
474: 255
475: 155
476: 176
477: 161
478: 198
479: 196
480: 126
481: 251
482: 226
483: 224
484: 190
485: 246
486: 309
487: 180
488: 220
489: 241
490: 148
491: 229
492: 162
493: 260
494: 267
495: 238
496: 135
497: 382
498: 304
499: 318
500: 226
