1: 373
2: 363
3: 363
4: 366
5: 368
6: 366
7: 368
8: 365
9: 362
10: 364
11: 366
12: 370
13: 365
14: 364
15: 367
16: 369
17: 370
18: 371
19: 369
20: 369
21: 374
22: 364
23: 364
24: 370
25: 371
26: 365
27: 365
28: 365
29: 363
30: 364
31: 368
32: 367
33: 369
34: 361
35: 362
36: 365
37: 366
38: 370
39: 365
40: 367
41: 366
42: 364
43: 371
44: 370
45: 364
46: 368
47: 368
48: 373
49: 369
50: 364
51: 368
52: 369
53: 363
54: 368
55: 372
56: 366
57: 367
58: 368
59: 365
60: 373
61: 374
62: 372
63: 366
64: 373
65: 376
66: 369
67: 367
68: 363
69: 371
70: 367
71: 363
72: 367
73: 366
74: 368
75: 366
76: 364
77: 367
78: 363
79: 371
80: 373
81: 375
82: 371
83: 376
84: 371
85: 363
86: 369
87: 368
88: 367
89: 368
90: 362
91: 371
92: 368
93: 367
94: 367
95: 363
96: 362
97: 367
98: 368
99: 365
100: 369
101: 371
102: 365
103: 364
104: 370
105: 364
106: 364
107: 370
108: 366
109: 373
110: 374
111: 369
112: 366
113: 364
114: 373
115: 368
116: 364
117: 370
118: 373
119: 368
120: 368
121: 363
122: 366
123: 365
124: 369
125: 367
126: 369
127: 363
128: 361
129: 366
130: 380
131: 366
132: 368
133: 363
134: 365
135: 363
136: 364
137: 372
138: 367
139: 365
140: 370
141: 372
142: 366
143: 364
144: 368
145: 365
146: 361
147: 363
148: 368
149: 364
150: 366
151: 367
152: 364
153: 369
154: 363
155: 362
156: 365
157: 360
158: 365
159: 366
160: 363
161: 368
162: 367
163: 368
164: 373
165: 370
166: 364
167: 361
168: 359
169: 371
170: 373
171: 367
172: 362
173: 370
174: 367
175: 368
176: 373
177: 365
178: 365
179: 366
180: 364
181: 367
182: 361
183: 364
184: 366
185: 365
186: 371
187: 366
188: 361
189: 360
190: 369
191: 367
192: 372
193: 367
194: 362
195: 368
196: 364
197: 365
198: 369
199: 365
200: 370
201: 370
202: 373
203: 376
204: 365
205: 356
206: 365
207: 371
208: 365
209: 369
210: 371
211: 373
212: 376
213: 367
214: 372
215: 372
216: 365
217: 374
218: 367
219: 368
220: 372
221: 375
222: 367
223: 367
224: 371
225: 372
226: 370
227: 365
228: 369
229: 371
230: 367
231: 371
232: 364
233: 362
234: 368
235: 371
236: 372
237: 368
238: 361
239: 369
240: 367
241: 365
242: 372
243: 372
244: 373
245: 370
246: 367
247: 363
248: 368
249: 365
250: 371
251: 368
252: 370
253: 369
254: 369
255: 367
256: 368
257: 370
258: 368
259: 361
260: 363
261: 366
262: 360
263: 364
264: 366
265: 364
266: 362
267: 368
268: 359
269: 361
270: 360
271: 364
272: 353
273: 359
274: 359
275: 364
276: 362
277: 365
278: 361
279: 362
280: 368
281: 364
282: 372
283: 373
284: 364
285: 365
286: 363
287: 371
288: 373
289: 369
290: 366
291: 365
292: 370
293: 358
294: 363
295: 361
296: 361
297: 370
298: 360
299: 363
300: 355
301: 356
302: 360
303: 368
304: 358
305: 366
306: 363
307: 371
308: 365
309: 362
310: 365
311: 365
312: 362
313: 365
314: 366
315: 360
316: 363
317: 362
318: 366
319: 359
320: 363
321: 368
322: 355
323: 361
324: 365
325: 356
326: 362
327: 368
328: 365
329: 370
330: 368
331: 367
332: 365
333: 373
334: 372
335: 363
336: 367
337: 373
338: 368
339: 371
340: 364
341: 364
342: 371
343: 366
344: 365
345: 372
346: 363
347: 365
348: 362
349: 363
350: 360
351: 363
352: 370
353: 367
354: 369
355: 367
356: 364
357: 369
358: 377
359: 372
360: 362
361: 370
362: 367
363: 369
364: 374
365: 371
366: 370
367: 366
368: 367
369: 368
370: 367
371: 369
372: 364
373: 365
374: 366
375: 365
376: 367
377: 367
378: 373
379: 369
380: 361
381: 363
382: 359
383: 363
384: 359
385: 365
386: 359
387: 359
388: 355
389: 357
390: 355
391: 360
392: 355
393: 362
394: 364
395: 364
396: 363
397: 359
398: 364
399: 368
400: 363
401: 365
402: 361
403: 366
404: 368
405: 372
406: 367
407: 366
408: 360
409: 369
410: 369
411: 366
412: 360
413: 365
414: 366
415: 365
416: 360
417: 358
418: 362
419: 359
420: 369
421: 363
422: 359
423: 363
424: 372
425: 361
426: 367
427: 364
428: 365
429: 375
430: 369
431: 366
432: 365
433: 368
434: 365
435: 364
436: 370
437: 364
438: 364
439: 366
440: 365
441: 366
442: 358
443: 368
444: 360
445: 361
446: 365
447: 361
448: 367
449: 368
450: 368
451: 364
452: 364
453: 364
454: 365
455: 362
456: 367
457: 364
458: 367
459: 365
460: 367
461: 359
462: 366
463: 365
464: 367
465: 366
466: 359
467: 365
468: 361
469: 360
470: 363
471: 360
472: 365
473: 371
474: 369
475: 360
476: 361
477: 365
478: 365
479: 368
480: 362
481: 366
482: 364
483: 362
484: 373
485: 365
486: 373
487: 364
488: 370
489: 362
490: 366
491: 365
492: 360
493: 362
494: 360
495: 361
496: 362
497: 361
498: 364
499: 362
500: 368
