1: 116
2: 137
3: 124
4: 114
5: 96
6: 124
7: 154
8: 140
9: 148
10: 133
11: 152
12: 143
13: 147
14: 160
15: 134
16: 120
17: 139
18: 124
19: 139
20: 149
21: 120
22: 188
23: 129
24: 115
25: 116
26: 126
27: 104
28: 91
29: 125
30: 103
31: 97
32: 115
33: 117
34: 166
35: 119
36: 146
37: 117
38: 183
39: 136
40: 132
41: 132
42: 132
43: 135
44: 158
45: 106
46: 102
47: 124
48: 132
49: 89
50: 108
51: 109
52: 109
53: 120
54: 114
55: 106
56: 121
57: 127
58: 127
59: 120
60: 126
61: 115
62: 126
63: 119
64: 106
65: 130
66: 92
67: 132
68: 114
69: 111
70: 110
71: 126
72: 97
73: 108
74: 125
75: 120
76: 126
77: 119
78: 120
79: 111
80: 104
81: 116
82: 122
83: 130
84: 148
85: 90
86: 158
87: 121
88: 112
89: 97
90: 113
91: 126
92: 98
93: 80
94: 123
95: 106
96: 138
97: 96
98: 121
99: 126
100: 115
101: 132
102: 124
103: 102
104: 114
105: 99
106: 128
107: 110
108: 111
109: 119
110: 122
111: 105
112: 134
113: 122
114: 107
115: 136
116: 115
117: 104
118: 107
119: 138
120: 104
121: 116
122: 136
123: 130
124: 116
125: 133
126: 128
127: 139
128: 134
129: 103
130: 127
131: 147
132: 119
133: 119
134: 143
135: 147
136: 115
137: 134
138: 145
139: 115
140: 167
141: 151
142: 143
143: 159
144: 145
145: 122
146: 145
147: 186
148: 202
149: 139
150: 129
151: 127
152: 103
153: 118
154: 151
155: 152
156: 136
157: 129
158: 138
159: 154
160: 117
161: 131
162: 162
163: 164
164: 135
165: 160
166: 132
167: 170
168: 118
169: 105
170: 132
171: 115
172: 112
173: 118
174: 128
175: 120
176: 146
177: 128
178: 132
179: 142
180: 124
181: 112
182: 87
183: 101
184: 167
185: 111
186: 112
187: 93
188: 128
189: 106
190: 135
191: 137
192: 136
193: 123
194: 123
195: 129
196: 163
197: 142
198: 94
199: 125
200: 147
201: 110
202: 166
203: 139
204: 120
205: 167
206: 164
207: 169
208: 160
209: 131
210: 188
211: 129
212: 186
213: 158
214: 133
215: 178
216: 145
217: 139
218: 150
219: 133
220: 190
221: 189
222: 145
223: 118
224: 122
225: 145
226: 153
227: 143
228: 155
229: 169
230: 166
231: 123
232: 148
233: 195
234: 164
235: 133
236: 115
237: 133
238: 140
239: 157
240: 120
241: 125
242: 138
243: 150
244: 151
245: 186
246: 144
247: 134
248: 137
249: 102
250: 132
251: 106
252: 123
253: 128
254: 85
255: 139
256: 127
257: 123
258: 137
259: 117
260: 150
261: 131
262: 132
263: 162
264: 153
265: 140
266: 129
267: 109
268: 155
269: 176
270: 156
271: 113
272: 129
273: 145
274: 128
275: 189
276: 187
277: 122
278: 109
279: 128
280: 145
281: 137
282: 139
283: 154
284: 172
285: 90
286: 168
287: 141
288: 113
289: 112
290: 105
291: 119
292: 116
293: 134
294: 107
295: 107
296: 99
297: 138
298: 126
299: 142
300: 191
301: 109
302: 149
303: 122
304: 114
305: 109
306: 146
307: 109
308: 140
309: 130
310: 113
311: 126
312: 119
313: 126
314: 113
315: 128
316: 121
317: 115
318: 117
319: 123
320: 123
321: 114
322: 159
323: 136
324: 127
325: 138
326: 105
327: 148
328: 102
329: 144
330: 99
331: 149
332: 142
333: 147
334: 160
335: 111
336: 153
337: 119
338: 132
339: 133
340: 127
341: 136
342: 105
343: 117
344: 130
345: 113
346: 106
347: 108
348: 106
349: 115
350: 116
351: 149
352: 138
353: 151
354: 124
355: 91
356: 107
357: 146
358: 151
359: 218
360: 142
361: 127
362: 94
363: 121
364: 169
365: 117
366: 184
367: 155
368: 113
369: 140
370: 124
371: 146
372: 139
373: 135
374: 128
375: 123
376: 160
377: 155
378: 190
379: 152
380: 134
381: 149
382: 186
383: 142
384: 143
385: 105
386: 136
387: 109
388: 144
389: 168
390: 164
391: 143
392: 108
393: 197
394: 148
395: 136
396: 136
397: 136
398: 121
399: 126
400: 122
401: 165
402: 134
403: 174
404: 101
405: 183
406: 188
407: 170
408: 138
409: 164
410: 153
411: 133
412: 148
413: 126
414: 143
415: 142
416: 140
417: 135
418: 115
419: 116
420: 128
421: 121
422: 126
423: 148
424: 135
425: 134
426: 158
427: 132
428: 131
429: 189
430: 108
431: 140
432: 102
433: 133
434: 134
435: 141
436: 153
437: 102
438: 140
439: 133
440: 121
441: 107
442: 107
443: 132
444: 162
445: 165
446: 132
447: 126
448: 206
449: 154
450: 123
451: 156
452: 135
453: 161
454: 159
455: 126
456: 148
457: 169
458: 153
459: 143
460: 98
461: 115
462: 107
463: 115
464: 138
465: 95
466: 156
467: 132
468: 121
469: 136
470: 128
471: 161
472: 177
473: 119
474: 135
475: 130
476: 168
477: 132
478: 144
479: 144
480: 83
481: 124
482: 155
483: 147
484: 121
485: 119
486: 159
487: 119
488: 92
489: 125
490: 116
491: 102
492: 110
493: 116
494: 125
495: 136
496: 115
497: 113
498: 142
499: 188
500: 187
