1: 240
2: 291
3: 330
4: 295
5: 354
6: 193
7: 372
8: 238
9: 313
10: 215
11: 396
12: 253
13: 296
14: 215
15: 370
16: 388
17: 373
18: 249
19: 363
20: 367
21: 385
22: 52
23: 313
24: 359
25: 259
26: 245
27: 334
28: 291
29: 423
30: 360
31: 339
32: 276
33: 11
34: 367
35: 423
36: 289
37: 278
38: 275
39: 322
40: 292
41: 343
42: 192
43: 305
44: 414
45: 355
46: 305
47: 273
48: 253
49: 284
50: 352
51: 263
52: 286
53: 256
54: 291
55: 270
56: 309
57: 171
58: 356
59: 411
60: 249
61: 267
62: 363
63: 201
64: 278
65: 364
66: 321
67: 354
68: 376
69: 363
70: 289
71: 292
72: 314
73: 360
74: 314
75: 11
76: 386
77: 258
78: 348
79: 361
80: 330
81: 321
82: 357
83: 340
84: 249
85: 354
86: 287
87: 300
88: 305
89: 330
90: 395
91: 164
92: 309
93: 255
94: 286
95: 390
96: 343
97: 305
98: 348
99: 318
100: 224
101: 283
102: 296
103: 347
104: 364
105: 325
106: 363
107: 313
108: 289
109: 220
110: 241
111: 329
112: 234
113: 405
114: 231
115: 330
116: 236
117: 208
118: 228
119: 346
120: 355
121: 350
122: 143
123: 219
124: 177
125: 279
126: 175
127: 347
128: 372
129: 379
130: 397
131: 264
132: 96
133: 362
134: 151
135: 237
136: 221
137: 320
138: 421
139: 293
140: 387
141: 243
142: 367
143: 320
144: 2
145: 388
146: 364
147: 407
148: 393
149: 304
150: 258
151: 271
152: 363
153: 342
154: 304
155: 305
156: 312
157: 303
158: 366
159: 282
160: 367
161: 346
162: 210
163: 307
164: 358
165: 216
166: 391
167: 323
168: 341
169: 340
170: 314
171: 356
172: 297
173: 47
174: 299
175: 341
176: 365
177: 329
178: 363
179: 335
180: 279
181: 350
182: 386
183: 341
184: 183
185: 309
186: 344
187: 304
188: 390
189: 411
190: 330
191: 317
192: 149
193: 264
194: 202
195: 307
196: 214
197: 69
198: 138
199: 339
200: 269
201: 204
202: 169
203: 281
204: 385
205: 205
206: 380
207: 390
208: 436
209: 415
210: 167
211: 313
212: 302
213: 101
214: 352
215: 258
216: 31
217: 123
218: 79
219: 262
220: 284
221: 349
222: 65
223: 72
224: 86
225: 240
226: 265
227: 339
228: 277
229: 353
230: 210
231: 169
232: 345
233: 248
234: 353
235: 281
236: 218
237: 290
238: 314
239: 407
240: 95
241: 173
242: 212
243: 372
244: 252
245: 171
246: 123
247: 242
248: 146
249: 108
250: 51
251: 200
252: 248
253: 92
254: 139
255: 112
256: 197
257: 195
258: 103
259: 244
260: 93
261: 209
262: 119
263: 216
264: 169
265: 164
266: 420
267: 233
268: 148
269: 78
270: 432
271: 410
272: 432
273: 109
274: 240
275: 61
276: 294
277: 220
278: 229
279: 83
280: 323
281: 137
282: 364
283: 369
284: 347
285: 228
286: 117
287: 342
288: 156
289: 374
290: 407
291: 295
292: 150
293: 383
294: 290
295: 87
296: 20
297: 74
298: 143
299: 125
300: 82
301: 141
302: 324
303: 272
304: 263
305: 267
306: 405
307: 223
308: 370
309: 184
310: 277
311: 161
312: 274
313: 298
314: 277
315: 420
316: 414
317: 387
318: 369
319: 88
320: 240
321: 355
322: 207
323: 243
324: 407
325: 231
326: 396
327: 390
328: 129
329: 176
330: 215
331: 196
332: 217
333: 141
334: 35
335: 129
336: 135
337: 224
338: 311
339: 101
340: 297
341: 53
342: 302
343: 340
344: 170
345: 297
346: 77
347: 415
348: 170
349: 274
350: 323
351: 387
352: 253
353: 105
354: 61
355: 130
356: 29
357: 79
358: 433
359: 409
360: 139
361: 346
362: 297
363: 325
364: 159
365: 267
366: 350
367: 369
368: 104
369: 246
370: 149
371: 291
372: 148
373: 127
374: 382
375: 392
376: 331
377: 223
378: 344
379: 211
380: 355
381: 174
382: 223
383: 342
384: 99
385: 221
386: 300
387: 389
388: 154
389: 159
390: 99
391: 132
392: 281
393: 163
394: 170
395: 210
396: 253
397: 84
398: 130
399: 221
400: 182
401: 367
402: 304
403: 369
404: 101
405: 354
406: 451
407: 116
408: 163
409: 241
410: 326
411: 187
412: 105
413: 324
414: 266
415: 156
416: 122
417: 204
418: 22
419: 56
420: 107
421: 368
422: 40
423: 125
424: 230
425: 188
426: 301
427: 26
428: 362
429: 219
430: 212
431: 235
432: 90
433: 116
434: 215
435: 293
436: 69
437: 125
438: 26
439: 61
440: 160
441: 150
442: 277
443: 77
444: 86
445: 258
446: 81
447: 369
448: 41
449: 244
450: 178
451: 160
452: 68
453: 221
454: 178
455: 260
456: 333
457: 35
458: 267
459: 319
460: 333
461: 425
462: 349
463: 294
464: 331
465: 233
466: 270
467: 292
468: 280
469: 313
470: 140
471: 301
472: 286
473: 336
474: 380
475: 324
476: 285
477: 369
478: 298
479: 344
480: 338
481: 381
482: 358
483: 318
484: 352
485: 185
486: 361
487: 335
488: 357
489: 281
490: 273
491: 285
492: 328
493: 345
494: 93
495: 248
496: 217
497: 275
498: 50
499: 294
500: 188
