1: 63
2: 73
3: 292
4: 71
5: 208
6: 114
7: 47
8: 273
9: 187
10: 312
11: 215
12: 134
13: 202
14: 85
15: 217
16: 274
17: 267
18: 47
19: 110
20: 436
21: 213
22: 276
23: 445
24: 463
25: 21
26: 60
27: 88
28: 179
29: 256
30: 127
31: 301
32: 100
33: 410
34: 295
35: 261
36: 101
37: 97
38: 213
39: 82
40: 148
41: 332
42: 336
43: 258
44: 298
45: 202
46: 331
47: 161
48: 368
49: 337
50: 318
51: 147
52: 216
53: 184
54: 48
55: 444
56: 162
57: 376
58: 334
59: 153
60: 158
61: 292
62: 225
63: 391
64: 225
65: 395
66: 439
67: 237
68: 134
69: 334
70: 113
71: 104
72: 263
73: 245
74: 427
75: 159
76: 417
77: 264
78: 356
79: 407
80: 180
81: 152
82: 344
83: 343
84: 156
85: 291
86: 419
87: 37
88: 111
89: 344
90: 120
91: 426
92: 91
93: 394
94: 453
95: 276
96: 263
97: 287
98: 117
99: 353
100: 182
101: 404
102: 354
103: 256
104: 328
105: 189
106: 170
107: 133
108: 170
109: 376
110: 288
111: 40
112: 91
113: 327
114: 157
115: 170
116: 275
117: 249
118: 281
119: 46
120: 255
121: 427
122: 414
123: 232
124: 253
125: 331
126: 57
127: 327
128: 457
129: 32
130: 91
131: 163
132: 259
133: 254
134: 435
135: 86
136: 116
137: 292
138: 41
139: 386
140: 336
141: 397
142: 403
143: 383
144: 356
145: 429
146: 225
147: 424
148: 325
149: 416
150: 321
151: 402
152: 410
153: 427
154: 289
155: 248
156: 448
157: 346
158: 334
159: 229
160: 339
161: 323
162: 361
163: 232
164: 407
165: 395
166: 228
167: 337
168: 281
169: 415
170: 319
171: 329
172: 297
173: 445
174: 335
175: 458
176: 166
177: 276
178: 249
179: 308
180: 269
181: 124
182: 448
183: 427
184: 140
185: 313
186: 341
187: 282
188: 445
189: 388
190: 261
191: 390
192: 249
193: 360
194: 204
195: 199
196: 396
197: 56
198: 131
199: 57
200: 282
201: 369
202: 395
203: 186
204: 145
205: 261
206: 41
207: 302
208: 57
209: 80
210: 65
211: 205
212: 400
213: 166
214: 132
215: 265
216: 212
217: 410
218: 258
219: 299
220: 123
221: 408
222: 175
223: 377
224: 410
225: 273
226: 340
227: 37
228: 123
229: 413
230: 124
231: 365
232: 333
233: 222
234: 368
235: 406
236: 166
237: 380
238: 427
239: 417
240: 406
241: 248
242: 65
243: 304
244: 396
245: 444
246: 171
247: 431
248: 455
249: 263
250: 248
251: 299
252: 90
253: 320
254: 300
255: 322
256: 171
257: 149
258: 48
259: 112
260: 308
261: 193
262: 278
263: 121
264: 117
265: 268
266: 394
267: 163
268: 81
269: 406
270: 39
271: 218
272: 120
273: 444
274: 151
275: 202
276: 86
277: 183
278: 326
279: 263
280: 99
281: 394
282: 204
283: 227
284: 295
285: 189
286: 343
287: 362
288: 297
289: 129
290: 370
291: 307
292: 215
293: 393
294: 318
295: 193
296: 113
297: 100
298: 67
299: 402
300: 190
301: 213
302: 443
303: 266
304: 109
305: 399
306: 302
307: 276
308: 340
309: 388
310: 361
311: 127
312: 111
313: 402
314: 161
315: 457
316: 412
317: 85
318: 27
319: 209
320: 150
321: 337
322: 425
323: 394
324: 177
325: 404
326: 223
327: 169
328: 250
329: 147
330: 440
331: 373
332: 193
333: 96
334: 106
335: 96
336: 354
337: 267
338: 330
339: 159
340: 186
341: 342
342: 175
343: 385
344: 185
345: 224
346: 190
347: 136
348: 88
349: 144
350: 304
351: 131
352: 158
353: 116
354: 319
355: 141
356: 185
357: 95
358: 354
359: 284
360: 75
361: 119
362: 79
363: 340
364: 368
365: 397
366: 405
367: 343
368: 380
369: 179
370: 384
371: 411
372: 278
373: 142
374: 167
375: 253
376: 393
377: 381
378: 395
379: 140
380: 263
381: 332
382: 414
383: 244
384: 384
385: 378
386: 57
387: 160
388: 428
389: 132
390: 436
391: 51
392: 400
393: 419
394: 218
395: 304
396: 168
397: 395
398: 283
399: 83
400: 385
401: 184
402: 358
403: 294
404: 363
405: 422
406: 366
407: 410
408: 286
409: 365
410: 386
411: 404
412: 333
413: 442
414: 310
415: 173
416: 156
417: 181
418: 230
419: 441
420: 345
421: 271
422: 222
423: 180
424: 325
425: 452
426: 346
427: 95
428: 111
429: 238
430: 345
431: 154
432: 432
433: 372
434: 202
435: 316
436: 401
437: 397
438: 403
439: 345
440: 258
441: 384
442: 83
443: 432
444: 406
445: 287
446: 339
447: 256
448: 293
449: 197
450: 222
451: 333
452: 198
453: 373
454: 289
455: 253
456: 327
457: 370
458: 338
459: 290
460: 302
461: 361
462: 389
463: 357
464: 384
465: 137
466: 424
467: 221
468: 456
469: 294
470: 8
471: 363
472: 289
473: 408
474: 245
475: 162
476: 64
477: 124
478: 155
479: 222
480: 185
481: 203
482: 149
483: 141
484: 341
485: 74
486: 266
487: 290
488: 313
489: 356
490: 429
491: 333
492: 55
493: 41
494: 149
495: 79
496: 177
497: 396
498: 189
499: 312
500: 43
