1: 375
2: 14
3: 328
4: 361
5: 420
6: 375
7: 230
8: 231
9: 403
10: 236
11: 316
12: 297
13: 178
14: 174
15: 29
16: 93
17: 277
18: 74
19: 162
20: 89
21: 58
22: 370
23: 160
24: 380
25: 228
26: 391
27: 245
28: 245
29: 142
30: 340
31: 394
32: 291
33: 378
34: 316
35: 419
36: 315
37: 119
38: 183
39: 181
40: 208
41: 431
42: 113
43: 189
44: 357
45: 321
46: 86
47: 377
48: 429
49: 397
50: 397
51: 111
52: 330
53: 330
54: 187
55: 337
56: 335
57: 177
58: 289
59: 376
60: 385
61: 434
62: 396
63: 355
64: 80
65: 401
66: 205
67: 306
68: 424
69: 96
70: 146
71: 368
72: 378
73: 341
74: 297
75: 413
76: 359
77: 220
78: 109
79: 353
80: 173
81: 249
82: 405
83: 365
84: 292
85: 385
86: 104
87: 400
88: 310
89: 209
90: 374
91: 61
92: 169
93: 363
94: 314
95: 299
96: 189
97: 267
98: 137
99: 262
100: 232
101: 359
102: 349
103: 318
104: 412
105: 197
106: 272
107: 112
108: 363
109: 226
110: 208
111: 250
112: 160
113: 102
114: 288
115: 66
116: 88
117: 298
118: 132
119: 144
120: 75
121: 337
122: 95
123: 222
124: 371
125: 358
126: 438
127: 339
128: 48
129: 323
130: 184
131: 406
132: 167
133: 241
134: 80
135: 61
136: 2
137: 112
138: 390
139: 429
140: 102
141: 116
142: 433
143: 79
144: 354
145: 287
146: 76
147: 189
148: 357
149: 387
150: 186
151: 183
152: 305
153: 206
154: 362
155: 440
156: 318
157: 20
158: 382
159: 344
160: 421
161: 376
162: 384
163: 81
164: 125
165: 238
166: 213
167: 463
168: 335
169: 367
170: 117
171: 163
172: 164
173: 118
174: 248
175: 271
176: 409
177: 135
178: 301
179: 365
180: 430
181: 449
182: 441
183: 363
184: 90
185: 301
186: 45
187: 142
188: 276
189: 425
190: 367
191: 193
192: 191
193: 372
194: 351
195: 145
196: 391
197: 405
198: 401
199: 165
200: 117
201: 189
202: 378
203: 83
204: 433
205: 399
206: 305
207: 321
208: 269
209: 290
210: 380
211: 351
212: 393
213: 54
214: 415
215: 391
216: 301
217: 60
218: 273
219: 337
220: 425
221: 412
222: 276
223: 416
224: 315
225: 281
226: 288
227: 116
228: 89
229: 305
230: 79
231: 166
232: 140
233: 113
234: 255
235: 323
236: 314
237: 347
238: 356
239: 324
240: 106
241: 194
242: 361
243: 395
244: 159
245: 348
246: 289
247: 243
248: 293
249: 296
250: 373
251: 261
252: 289
253: 239
254: 353
255: 357
256: 403
257: 295
258: 313
259: 327
260: 381
261: 364
262: 446
263: 337
264: 335
265: 403
266: 77
267: 332
268: 283
269: 262
270: 391
271: 344
272: 374
273: 144
274: 293
275: 352
276: 291
277: 344
278: 416
279: 362
280: 320
281: 328
282: 373
283: 326
284: 189
285: 302
286: 284
287: 338
288: 392
289: 397
290: 403
291: 312
292: 227
293: 66
294: 176
295: 83
296: 271
297: 245
298: 338
299: 333
300: 390
301: 413
302: 270
303: 241
304: 256
305: 137
306: 407
307: 382
308: 357
309: 376
310: 400
311: 211
312: 166
313: 312
314: 374
315: 35
316: 312
317: 81
318: 268
319: 252
320: 78
321: 310
322: 190
323: 81
324: 201
325: 423
326: 297
327: 244
328: 337
329: 100
330: 105
331: 424
332: 233
333: 124
334: 211
335: 286
336: 146
337: 340
338: 184
339: 318
340: 230
341: 66
342: 447
343: 227
344: 368
345: 247
346: 390
347: 253
348: 339
349: 359
350: 394
351: 228
352: 276
353: 8
354: 74
355: 44
356: 194
357: 215
358: 373
359: 158
360: 111
361: 100
362: 264
363: 367
364: 446
365: 197
366: 31
367: 265
368: 114
369: 158
370: 57
371: 335
372: 39
373: 349
374: 342
375: 445
376: 191
377: 240
378: 117
379: 211
380: 206
381: 156
382: 248
383: 215
384: 313
385: 243
386: 246
387: 73
388: 322
389: 228
390: 170
391: 300
392: 251
393: 233
394: 257
395: 48
396: 139
397: 28
398: 161
399: 39
400: 140
401: 176
402: 181
403: 288
404: 295
405: 111
406: 109
407: 210
408: 142
409: 51
410: 120
411: 146
412: 260
413: 48
414: 386
415: 231
416: 355
417: 296
418: 271
419: 87
420: 97
421: 240
422: 375
423: 289
424: 137
425: 351
426: 332
427: 240
428: 333
429: 300
430: 337
431: 276
432: 321
433: 381
434: 357
435: 270
436: 267
437: 426
438: 399
439: 418
440: 415
441: 205
442: 309
443: 368
444: 75
445: 311
446: 172
447: 6
448: 152
449: 298
450: 60
451: 179
452: 344
453: 249
454: 143
455: 384
456: 314
457: 298
458: 372
459: 355
460: 394
461: 379
462: 352
463: 369
464: 272
465: 321
466: 115
467: 253
468: 393
469: 375
470: 424
471: 408
472: 410
473: 111
474: 217
475: 426
476: 257
477: 261
478: 171
479: 303
480: 270
481: 111
482: 192
483: 113
484: 199
485: 339
486: 114
487: 147
488: 164
489: 180
490: 382
491: 391
492: 407
493: 50
494: 331
495: 279
496: 94
497: 293
498: 94
499: 302
500: 169
