1: 80
2: 80
3: 123
4: 124
5: 108
6: 104
7: 112
8: 133
9: 67
10: 76
11: 209
12: 58
13: 84
14: 81
15: 103
16: 61
17: 76
18: 36
19: 79
20: 97
21: 112
22: 97
23: 44
24: 81
25: 43
26: 97
27: 136
28: 149
29: 67
30: 138
31: 179
32: 106
33: 121
34: 50
35: 118
36: 129
37: 83
38: 123
39: 63
40: 73
41: 124
42: 100
43: 171
44: 86
45: 55
46: 101
47: 74
48: 105
49: 67
50: 105
51: 121
52: 165
53: 168
54: 47
55: 92
56: 142
57: 86
58: 106
59: 70
60: 71
61: 99
62: 98
63: 39
64: 86
65: 72
66: 69
67: 43
68: 124
69: 99
70: 66
71: 69
72: 90
73: 102
74: 95
75: 54
76: 86
77: 120
78: 70
79: 95
80: 76
81: 99
82: 110
83: 106
84: 73
85: 43
86: 161
87: 190
88: 131
89: 57
90: 109
91: 75
92: 69
93: 155
94: 76
95: 80
96: 72
97: 47
98: 129
99: 48
100: 87
101: 71
102: 106
103: 71
104: 93
105: 132
106: 89
107: 30
108: 93
109: 76
110: 53
111: 169
112: 146
113: 37
114: 58
115: 183
116: 79
117: 171
118: 36
119: 181
120: 210
121: 114
122: 128
123: 78
124: 150
125: 133
126: 142
127: 110
128: 53
129: 201
130: 92
131: 78
132: 104
133: 85
134: 101
135: 142
136: 189
137: 109
138: 132
139: 98
140: 145
141: 128
142: 122
143: 52
144: 283
145: 56
146: 431
147: 68
148: 120
149: 48
150: 23
151: 72
152: 73
153: 139
154: 146
155: 125
156: 113
157: 110
158: 140
159: 81
160: 180
161: 117
162: 239
163: 99
164: 83
165: 60
166: 136
167: 331
168: 272
169: 250
170: 49
171: 159
172: 286
173: 344
174: 11
175: 120
176: 65
177: 207
178: 134
179: 113
180: 204
181: 244
182: 219
183: 153
184: 98
185: 124
186: 220
187: 73
188: 102
189: 95
190: 138
191: 184
192: 52
193: 216
194: 111
195: 262
196: 172
197: 271
198: 213
199: 206
200: 138
201: 185
202: 423
203: 156
204: 308
205: 40
206: 316
207: 126
208: 104
209: 121
210: 181
211: 143
212: 119
213: 171
214: 172
215: 208
216: 178
217: 157
218: 178
219: 403
220: 224
221: 309
222: 78
223: 123
224: 248
225: 53
226: 302
227: 312
228: 257
229: 321
230: 95
231: 172
232: 141
233: 111
234: 240
235: 129
236: 79
237: 84
238: 58
239: 57
240: 261
241: 107
242: 180
243: 70
244: 103
245: 412
246: 145
247: 175
248: 136
249: 450
250: 167
251: 95
252: 187
253: 313
254: 324
255: 156
256: 143
257: 150
258: 109
259: 358
260: 153
261: 50
262: 292
263: 169
264: 117
265: 69
266: 98
267: 27
268: 398
269: 115
270: 82
271: 38
272: 123
273: 22
274: 34
275: 198
276: 109
277: 33
278: 184
279: 170
280: 70
281: 184
282: 123
283: 151
284: 145
285: 385
286: 228
287: 245
288: 98
289: 140
290: 189
291: 116
292: 120
293: 195
294: 87
295: 141
296: 100
297: 113
298: 170
299: 234
300: 170
301: 131
302: 93
303: 126
304: 219
305: 305
306: 155
307: 118
308: 194
309: 198
310: 121
311: 97
312: 226
313: 132
314: 248
315: 236
316: 165
317: 152
318: 102
319: 166
320: 162
321: 189
322: 109
323: 135
324: 75
325: 89
326: 62
327: 399
328: 284
329: 147
330: 96
331: 105
332: 50
333: 87
334: 137
335: 135
336: 130
337: 82
338: 46
339: 131
340: 205
341: 242
342: 147
343: 199
344: 180
345: 78
346: 156
347: 111
348: 197
349: 90
350: 51
351: 100
352: 126
353: 123
354: 290
355: 424
356: 95
357: 283
358: 78
359: 195
360: 414
361: 292
362: 240
363: 46
364: 162
365: 115
366: 229
367: 113
368: 211
369: 195
370: 75
371: 155
372: 121
373: 136
374: 220
375: 46
376: 311
377: 137
378: 62
379: 55
380: 267
381: 167
382: 126
383: 75
384: 75
385: 241
386: 135
387: 78
388: 90
389: 74
390: 123
391: 181
392: 36
393: 195
394: 52
395: 30
396: 307
397: 193
398: 306
399: 62
400: 176
401: 82
402: 150
403: 52
404: 220
405: 243
406: 210
407: 273
408: 138
409: 181
410: 69
411: 92
412: 99
413: 118
414: 80
415: 45
416: 84
417: 286
418: 101
419: 82
420: 226
421: 148
422: 389
423: 160
424: 46
425: 193
426: 237
427: 379
428: 57
429: 312
430: 190
431: 291
432: 59
433: 143
434: 67
435: 270
436: 209
437: 201
438: 250
439: 421
440: 254
441: 318
442: 295
443: 70
444: 136
445: 126
446: 111
447: 392
448: 235
449: 151
450: 165
451: 147
452: 355
453: 423
454: 255
455: 91
456: 443
457: 402
458: 406
459: 259
460: 346
461: 187
462: 197
463: 325
464: 137
465: 314
466: 453
467: 160
468: 325
469: 167
470: 117
471: 214
472: 98
473: 156
474: 149
475: 328
476: 262
477: 253
478: 333
479: 305
480: 79
481: 212
482: 79
483: 111
484: 273
485: 123
486: 187
487: 120
488: 191
489: 54
490: 266
491: 275
492: 203
493: 373
494: 126
495: 420
496: 101
497: 383
498: 362
499: 372
500: 184
