1: 247
2: 222
3: 337
4: 284
5: 354
6: 271
7: 226
8: 379
9: 249
10: 139
11: 160
12: 328
13: 354
14: 283
15: 319
16: 182
17: 268
18: 174
19: 328
20: 88
21: 323
22: 329
23: 362
24: 339
25: 229
26: 303
27: 283
28: 113
29: 368
30: 339
31: 317
32: 186
33: 233
34: 250
35: 287
36: 330
37: 327
38: 299
39: 381
40: 366
41: 177
42: 291
43: 71
44: 317
45: 307
46: 84
47: 364
48: 309
49: 369
50: 312
51: 357
52: 308
53: 10
54: 374
55: 405
56: 60
57: 300
58: 282
59: 346
60: 277
61: 294
62: 282
63: 326
64: 410
65: 251
66: 334
67: 5
68: 329
69: 433
70: 260
71: 147
72: 311
73: 401
74: 412
75: 300
76: 333
77: 256
78: 337
79: 206
80: 319
81: 314
82: 300
83: 253
84: 279
85: 306
86: 39
87: 357
88: 313
89: 338
90: 332
91: 348
92: 409
93: 203
94: 279
95: 255
96: 291
97: 271
98: 315
99: 249
100: 175
101: 280
102: 276
103: 246
104: 276
105: 293
106: 315
107: 275
108: 214
109: 281
110: 380
111: 407
112: 264
113: 262
114: 253
115: 355
116: 371
117: 302
118: 234
119: 268
120: 261
121: 243
122: 288
123: 251
124: 235
125: 260
126: 226
127: 303
128: 335
129: 280
130: 317
131: 321
132: 280
133: 344
134: 304
135: 344
136: 342
137: 288
138: 304
139: 340
140: 302
141: 267
142: 330
143: 373
144: 350
145: 350
146: 379
147: 277
148: 349
149: 304
150: 301
151: 299
152: 120
153: 328
154: 273
155: 270
156: 334
157: 285
158: 288
159: 185
160: 298
161: 308
162: 337
163: 360
164: 385
165: 375
166: 305
167: 257
168: 252
169: 281
170: 325
171: 324
172: 217
173: 278
174: 273
175: 226
176: 357
177: 243
178: 306
179: 250
180: 199
181: 340
182: 312
183: 285
184: 329
185: 331
186: 298
187: 393
188: 289
189: 298
190: 114
191: 279
192: 244
193: 241
194: 235
195: 392
196: 252
197: 256
198: 344
199: 323
200: 333
201: 351
202: 364
203: 237
204: 367
205: 309
206: 355
207: 323
208: 350
209: 336
210: 317
211: 313
212: 328
213: 302
214: 329
215: 335
216: 330
217: 263
218: 346
219: 310
220: 2
221: 232
222: 253
223: 304
224: 233
225: 290
226: 305
227: 284
228: 316
229: 307
230: 292
231: 329
232: 299
233: 232
234: 229
235: 362
236: 267
237: 320
238: 304
239: 296
240: 331
241: 354
242: 229
243: 349
244: 304
245: 334
246: 300
247: 342
248: 304
249: 323
250: 416
251: 409
252: 332
253: 327
254: 417
255: 375
256: 313
257: 339
258: 372
259: 214
260: 342
261: 281
262: 387
263: 263
264: 381
265: 310
266: 9
267: 322
268: 378
269: 400
270: 359
271: 389
272: 391
273: 341
274: 49
275: 357
276: 382
277: 133
278: 277
279: 350
280: 269
281: 394
282: 172
283: 312
284: 233
285: 269
286: 167
287: 348
288: 374
289: 274
290: 309
291: 312
292: 297
293: 319
294: 348
295: 292
296: 344
297: 276
298: 283
299: 332
300: 297
301: 273
302: 153
303: 402
304: 335
305: 312
306: 262
307: 227
308: 190
309: 307
310: 238
311: 276
312: 297
313: 370
314: 384
315: 363
316: 388
317: 242
318: 314
319: 376
320: 297
321: 283
322: 169
323: 195
324: 314
325: 259
326: 309
327: 327
328: 322
329: 301
330: 302
331: 367
332: 311
333: 292
334: 366
335: 294
336: 320
337: 361
338: 357
339: 352
340: 335
341: 327
342: 330
343: 338
344: 133
345: 352
346: 404
347: 370
348: 194
349: 318
350: 196
351: 357
352: 369
353: 364
354: 447
355: 353
356: 392
357: 226
358: 339
359: 280
360: 77
361: 271
362: 320
363: 385
364: 349
365: 307
366: 267
367: 312
368: 353
369: 5
370: 291
371: 328
372: 391
373: 333
374: 261
375: 304
376: 351
377: 306
378: 295
379: 139
380: 310
381: 102
382: 364
383: 20
384: 295
385: 368
386: 337
387: 323
388: 414
389: 123
390: 256
391: 127
392: 199
393: 287
394: 346
395: 308
396: 337
397: 44
398: 324
399: 328
400: 339
401: 365
402: 301
403: 280
404: 351
405: 190
406: 376
407: 300
408: 286
409: 311
410: 303
411: 333
412: 319
413: 293
414: 311
415: 251
416: 269
417: 304
418: 274
419: 278
420: 278
421: 376
422: 257
423: 318
424: 333
425: 298
426: 403
427: 254
428: 338
429: 278
430: 260
431: 315
432: 250
433: 293
434: 247
435: 313
436: 294
437: 246
438: 318
439: 375
440: 251
441: 335
442: 301
443: 312
444: 389
445: 326
446: 327
447: 282
448: 354
449: 296
450: 378
451: 2
452: 268
453: 294
454: 198
455: 273
456: 339
457: 325
458: 253
459: 328
460: 333
461: 291
462: 301
463: 331
464: 316
465: 381
466: 198
467: 174
468: 51
469: 399
470: 289
471: 397
472: 234
473: 132
474: 325
475: 312
476: 285
477: 353
478: 232
479: 314
480: 322
481: 249
482: 254
483: 277
484: 248
485: 330
486: 344
487: 355
488: 243
489: 260
490: 318
491: 257
492: 318
493: 217
494: 217
495: 220
496: 287
497: 317
498: 290
499: 368
500: 172
