1: 36 0
2: 1 0
3: 0 0
4: 0 0
5: 0 0
6: 0 0
7: 36 0
8: 36 0
9: 36 0
10: 36 0
11: 34 0
12: 711 0
13: 711 0
14: 712 0
15: 711 0
16: 712 0
17: 675 0
18: 676 0
19: 674 0
20: 674 0
21: 676 0
22: 711 0
23: 710 0
24: 710 0
25: 710 0
26: 711 0
27: 674 0
28: 674 0
29: 676 0
30: 675 0
31: 675 0
32: 710 0
33: 711 0
34: 711 0
35: 710 0
36: 712 0
37: 711 0
38: 674 0
39: 674 0
40: 674 0
41: 674 0
42: 675 0
43: 710 0
44: 710 0
45: 709 0
46: 710 0
47: 710 0
48: 674 0
49: 674 0
50: 676 0
51: 674 0
52: 674 0
53: 0 0
54: 0 0
55: 0 0
56: 0 0
57: 0 0
58: 35 0
59: 35 0
60: 35 0
61: 36 0
62: 34 0
63: 711 0
64: 711 0
65: 710 0
66: 710 0
67: 711 0
68: 674 0
69: 675 0
70: 676 0
71: 675 0
72: 674 0
73: 710 0
74: 712 0
75: 710 0
76: 710 0
77: 713 0
78: 710 0
79: 674 0
80: 675 0
81: 676 0
82: 674 0
83: 674 0
84: 711 0
85: 709 0
86: 709 0
87: 710 0
88: 710 0
89: 674 0
90: 675 0
91: 675 0
92: 674 0
93: 675 0
94: 710 0
95: 710 0
96: 711 0
97: 710 0
98: 710 0
99: 676 0
100: 674 0
101: 676 0
102: 674 0
103: 674 0
104: 675 1
105: 710 1
106: 674 1
107: 0 1
108: 35 1
109: 0 1
110: 36 1
111: 0 1
112: 36 1
113: 35 1
114: 0 1
115: 35 1
116: 0 1
117: 35 1
118: 0 1
119: 36 1
120: 0 1
121: 35 1
122: 0 1
123: 35 1
124: 0 1
125: 35 1
126: 0 1
127: 35 1
128: 0 1
129: 35 1
130: 0 1
131: 35 1
132: 711 1
133: 674 1
134: 710 1
135: 676 1
136: 710 1
137: 674 1
138: 711 1
139: 674 1
140: 0 1
141: 35 1
142: 0 1
143: 35 1
144: 0 1
145: 37 1
146: 710 1
147: 675 1
148: 711 1
149: 674 1
150: 711 1
151: 675 1
152: 710 1
153: 675 1
154: 0 1
155: 33 1
156: 0 1
157: 34 1
158: 0 1
159: 35 1
160: 0 1
161: 35 1
162: 0 1
163: 34 1
164: 710 1
165: 676 1
166: 711 1
167: 674 1
168: 0 1
169: 35 1
170: 710 1
171: 674 1
172: 711 1
173: 674 1
174: 709 1
175: 676 1
176: 710 1
177: 674 1
178: 712 1
179: 674 1
180: 710 1
181: 675 1
182: 0 1
183: 35 1
184: 0 1
185: 34 1
186: 710 1
187: 675 1
188: 710 1
189: 674 1
190: 0 1
191: 34 1
192: 711 1
193: 674 1
194: 710 1
195: 675 1
196: 710 1
197: 674 1
198: 711 1
199: 675 1
200: 710 1
201: 674 1
202: 712 1
203: 673 1
204: 674 1
205: 712 0
206: 710 0
207: 710 0
208: 711 0
209: 710 0
210: 674 0
211: 675 0
212: 674 0
213: 674 0
214: 674 0
215: 711 0
216: 710 0
217: 710 0
218: 712 0
219: 710 0
220: 674 0
221: 674 0
222: 675 0
223: 674 0
224: 674 0
225: 710 0
226: 710 0
227: 710 0
228: 710 0
229: 710 0
230: 674 0
231: 676 0
232: 674 0
233: 674 0
234: 675 0
235: 711 0
236: 710 0
237: 711 0
238: 711 0
239: 710 0
240: 675 0
241: 674 0
242: 674 0
243: 675 0
244: 674 0
245: 711 0
246: 710 0
247: 710 0
248: 711 0
249: 710 0
250: 674 0
251: 675 0
252: 674 0
253: 674 0
254: 674 0
255: 710 0
256: 710 0
257: 710 0
258: 711 0
259: 673 0
260: 674 0
261: 674 0
262: 674 0
263: 674 0
264: 711 0
265: 710 0
266: 711 0
267: 710 0
268: 711 0
269: 674 0
270: 674 0
271: 675 0
272: 675 0
273: 674 0
274: 710 0
275: 711 0
276: 710 0
277: 710 0
278: 711 0
279: 674 0
280: 673 0
281: 674 0
282: 675 0
283: 674 0
284: 710 0
285: 710 0
286: 710 0
287: 710 0
288: 711 0
289: 674 0
290: 674 0
291: 675 0
292: 674 0
293: 674 0
294: 710 0
295: 711 0
296: 710 0
297: 710 0
298: 711 0
299: 673 0
300: 674 0
301: 676 0
302: 674 0
303: 674 0
304: 712 1
305: 674 1
306: 710 1
307: 675 1
308: 710 1
309: 674 1
310: 710 1
311: 675 1
312: 710 1
313: 674 1
314: 710 1
315: 674 1
316: 710 1
317: 675 1
318: 710 1
319: 674 1
320: 710 1
321: 676 1
322: 673 1
323: 0 1
324: 0 1
325: 33 1
326: 0 1
327: 33 1
328: 712 1
329: 674 1
330: 710 1
331: 676 1
332: 710 1
333: 674 1
334: 711 1
335: 674 1
336: 710 1
337: 675 1
338: 710 1
339: 674 1
340: 710 1
341: 712 1
342: 674 1
343: 710 1
344: 675 1
345: 710 1
346: 674 1
347: 710 1
348: 674 1
349: 710 1
350: 674 1
351: 712 1
352: 674 1
353: 710 1
354: 676 1
355: 710 1
356: 674 1
357: 712 1
358: 674 1
359: 710 1
360: 674 1
361: 711 1
362: 674 1
363: 711 1
364: 675 1
365: 710 1
366: 674 1
367: 710 1
368: 674 1
369: 710 1
370: 674 1
371: 710 1
372: 674 1
373: 710 1
374: 675 1
375: 709 1
376: 674 1
377: 0 1
378: 34 1
379: 0 1
380: 34 1
381: 0 1
382: 34 1
383: 0 1
384: 34 1
385: 0 1
386: 34 1
387: 0 1
388: 34 1
389: 710 1
390: 674 1
391: 710 1
392: 674 1
393: 710 1
394: 674 1
395: 710 1
396: 674 1
397: 711 1
398: 674 1
399: 710 1
400: 674 1
401: 711 1
402: 674 1
403: 674 1
404: 711 0
405: 711 0
406: 709 0
407: 709 0
408: 710 0
409: 674 0
410: 674 0
411: 674 0
412: 674 0
413: 673 0
414: 711 0
415: 710 0
416: 710 0
417: 712 0
418: 710 0
419: 673 0
420: 674 0
421: 675 0
422: 674 0
423: 674 0
424: 711 0
425: 709 0
426: 709 0
427: 710 0
428: 710 0
429: 674 0
430: 674 0
431: 674 0
432: 673 0
433: 674 0
434: 711 0
435: 710 0
436: 710 0
437: 712 0
438: 710 0
439: 673 0
440: 674 0
441: 674 0
442: 673 0
443: 674 0
444: 710 0
445: 709 0
446: 710 0
447: 710 0
448: 709 0
449: 674 0
450: 674 0
451: 674 0
452: 673 0
453: 673 0
454: 711 0
455: 710 0
456: 710 0
457: 711 0
458: 709 0
459: 673 0
460: 673 0
461: 674 0
462: 673 0
463: 674 0
464: 710 0
465: 709 0
466: 710 0
467: 711 0
468: 710 0
469: 674 0
470: 675 0
471: 673 0
472: 674 0
473: 673 0
474: 710 0
475: 710 0
476: 709 0
477: 710 0
478: 674 0
479: 673 0
480: 673 0
481: 674 0
482: 673 0
483: 710 0
484: 710 0
485: 710 0
486: 709 0
487: 711 0
488: 673 0
489: 674 0
490: 674 0
491: 674 0
492: 673 0
493: 710 0
494: 710 0
495: 710 0
496: 710 0
497: 710 0
498: 673 0
499: 674 0
500: 675 0
501: 675 0
502: 674 0
503: 712 1
504: 675 1
505: 710 1
506: 674 1
507: 712 1
508: 674 1
509: 710 1
510: 675 1
511: 710 1
512: 674 1
513: 711 1
514: 674 1
515: 710 1
516: 675 1
517: 710 1
518: 673 1
519: 710 1
520: 675 1
521: 0 1
522: 34 1
523: 1 1
524: 34 1
525: 711 1
526: 674 1
527: 711 1
528: 675 1
529: 0 1
530: 33 1
531: 0 1
532: 34 1
533: 0 1
534: 34 1
535: 0 1
536: 34 1
537: 1 1
538: 34 1
539: 0 1
540: 33 1
541: 711 1
542: 674 1
543: 711 1
544: 675 1
545: 0 1
546: 33 1
547: 0 1
548: 34 1
549: 0 1
550: 33 1
551: 710 1
552: 674 1
553: 711 1
554: 675 1
555: 712 1
556: 675 1
557: 713 1
558: 674 1
559: 710 1
560: 676 1
561: 711 1
562: 675 1
563: 713 1
564: 676 1
565: 712 1
566: 675 1
567: 713 1
568: 675 1
569: 710 1
570: 675 1
571: 711 1
572: 673 1
573: 710 1
574: 675 1
575: 710 1
576: 674 1
577: 711 1
578: 673 1
579: 710 1
580: 676 1
581: 710 1
582: 673 1
583: 711 1
584: 674 1
585: 710 1
586: 673 1
587: 711 1
588: 674 1
589: 710 1
590: 675 1
591: 0 1
592: 33 1
593: 0 1
594: 33 1
595: 0 1
596: 33 1
597: 0 1
598: 34 1
599: 0 1
600: 34 1
601: 0 1
602: 33 1
603: 33 1
604: 0 0
605: 1 0
606: 0 0
607: 0 0
608: 0 0
609: 33 0
610: 33 0
611: 33 0
612: 33 0
613: 33 0
614: 0 0
615: 0 0
616: 0 0
617: 0 0
618: 0 0
619: 35 0
620: 34 0
621: 33 0
622: 32 0
623: 33 0
624: 0 0
625: 0 0
626: 0 0
627: 0 0
628: 0 0
629: 0 0
630: 33 0
631: 34 0
632: 34 0
633: 33 0
634: 34 0
635: 710 0
636: 710 0
637: 710 0
638: 711 0
639: 710 0
640: 673 0
641: 676 0
642: 674 0
643: 674 0
644: 676 0
645: 0 0
646: 0 0
647: 0 0
648: 0 0
649: 0 0
650: 33 0
651: 34 0
652: 33 0
653: 33 0
654: 34 0
655: 0 0
656: 0 0
657: 0 0
658: 0 0
659: 0 0
660: 36 0
661: 33 0
662: 33 0
663: 33 0
664: 33 0
665: 0 0
666: 0 0
667: 0 0
668: 0 0
669: 0 0
670: 33 0
671: 33 0
672: 33 0
673: 34 0
674: 33 0
675: 0 0
676: 0 0
677: 0 0
678: 0 0
679: 0 0
680: 34 0
681: 34 0
682: 34 0
683: 33 0
684: 33 0
685: 0 0
686: 0 0
687: 0 0
688: 0 0
689: 0 0
690: 0 0
691: 33 0
692: 33 0
693: 33 0
694: 34 0
695: 33 0
696: 711 0
697: 710 0
698: 710 0
699: 711 0
700: 710 0
701: 673 0
702: 674 0
703: 674 0
704: 674 0
705: 674 0
706: 711 1
707: 674 1
708: 710 1
709: 676 1
710: 710 1
711: 674 1
712: 713 1
713: 674 1
714: 710 1
715: 674 1
716: 710 1
717: 674 1
718: 711 1
719: 674 1
720: 710 1
721: 674 1
722: 0 1
723: 33 1
724: 0 1
725: 33 1
726: 0 1
727: 33 1
728: 0 1
729: 33 1
730: 0 1
731: 33 1
732: 0 1
733: 33 1
734: 0 1
735: 33 1
736: 711 1
737: 674 1
738: 710 1
739: 675 1
740: 0 1
741: 33 1
742: 0 1
743: 32 1
744: 0 1
745: 33 1
746: 0 1
747: 33 1
748: 0 1
749: 34 1
750: 710 1
751: 674 1
752: 710 1
753: 675 1
754: 710 1
755: 673 1
756: 0 1
757: 33 1
758: 0 1
759: 33 1
760: 0 1
761: 33 1
762: 0 1
763: 33 1
764: 0 1
765: 33 1
766: 0 1
767: 33 1
768: 0 1
769: 33 1
770: 0 1
771: 35 1
772: 34 1
773: 0 1
774: 34 1
775: 710 1
776: 675 1
777: 710 1
778: 673 1
779: 0 1
780: 33 1
781: 0 1
782: 33 1
783: 0 1
784: 34 1
785: 0 1
786: 34 1
787: 711 1
788: 674 1
789: 711 1
790: 675 1
791: 710 1
792: 674 1
793: 711 1
794: 674 1
795: 710 1
796: 674 1
797: 0 1
798: 33 1
799: 0 1
800: 33 1
801: 0 1
802: 33 1
803: 0 1
804: 32 1
805: 0 1
806: 35 1
807: 0 0
808: 0 0
809: 0 0
810: 0 0
811: 0 0
812: 33 0
813: 33 0
814: 33 0
815: 33 0
816: 33 0
817: 0 0
818: 0 0
819: 0 0
820: 0 0
821: 0 0
822: 34 0
823: 34 0
824: 33 0
825: 33 0
826: 34 0
827: 0 0
828: 0 0
829: 0 0
830: 0 0
831: 0 0
832: 34 0
833: 34 0
834: 33 0
835: 34 0
836: 33 0
837: 0 0
838: 0 0
839: 0 0
840: 0 0
841: 0 0
842: 34 0
843: 33 0
844: 33 0
845: 33 0
846: 34 0
847: 0 0
848: 0 0
849: 0 0
850: 0 0
851: 0 0
852: 0 0
853: 35 0
854: 33 0
855: 34 0
856: 34 0
857: 34 0
858: 0 0
859: 0 0
860: 0 0
861: 0 0
862: 0 0
863: 33 0
864: 33 0
865: 33 0
866: 33 0
867: 33 0
868: 0 0
869: 0 0
870: 1 0
871: 0 0
872: 0 0
873: 33 0
874: 33 0
875: 33 0
876: 33 0
877: 33 0
878: 0 0
879: 0 0
880: 0 0
881: 0 0
882: 0 0
883: 34 0
884: 34 0
885: 33 0
886: 33 0
887: 33 0
888: 0 0
889: 0 0
890: 0 0
891: 0 0
892: 0 0
893: 0 0
894: 34 0
895: 33 0
896: 33 0
897: 34 0
898: 34 0
899: 711 0
900: 710 0
901: 710 0
902: 711 0
903: 710 0
904: 674 0
905: 674 0
906: 675 0
907: 674 0
908: 674 0
909: 711 1
910: 674 1
911: 710 1
912: 674 1
913: 710 1
914: 674 1
915: 710 1
916: 674 1
917: 710 1
918: 673 1
919: 712 1
920: 674 1
921: 710 1
922: 676 1
923: 710 1
924: 674 1
925: 711 1
926: 673 1
927: 710 1
928: 675 1
929: 710 1
930: 674 1
931: 712 1
932: 674 1
933: 710 1
934: 674 1
935: 711 1
936: 674 1
937: 712 1
938: 673 1
939: 711 1
940: 674 1
941: 710 1
942: 674 1
943: 0 1
944: 33 1
945: 0 1
946: 31 1
947: 0 1
948: 33 1
949: 0 1
950: 34 1
951: 0 1
952: 34 1
953: 0 1
954: 33 1
955: 712 1
956: 675 1
957: 710 1
958: 674 1
959: 711 1
960: 674 1
961: 710 1
962: 675 1
963: 710 1
964: 673 1
965: 710 1
966: 674 1
967: 710 1
968: 674 1
969: 711 1
970: 674 1
971: 710 1
972: 674 1
973: 711 1
974: 674 1
975: 711 1
976: 675 1
977: 710 1
978: 674 1
979: 712 1
980: 674 1
981: 710 1
982: 676 1
983: 0 1
984: 33 1
985: 1 1
986: 34 1
987: 0 1
988: 34 1
989: 0 1
990: 35 1
991: 710 1
992: 674 1
993: 710 1
994: 674 1
995: 0 1
996: 34 1
997: 0 1
998: 35 1
999: 0 1
1000: 35 1
