1: 35 0
2: 1 0
3: 0 0
4: 0 0
5: 0 0
6: 0 0
7: 35 0
8: 34 0
9: 35 0
10: 35 0
11: 35 0
12: 0 0
13: 0 0
14: 0 0
15: 0 0
16: 0 0
17: 37 0
18: 35 0
19: 35 0
20: 35 0
21: 34 0
22: 35 0
23: 0 0
24: 0 0
25: 0 0
26: 0 0
27: 0 0
28: 35 0
29: 35 0
30: 34 0
31: 35 0
32: 34 0
33: 0 0
34: 0 0
35: 0 0
36: 0 0
37: 0 0
38: 35 0
39: 34 0
40: 34 0
41: 33 0
42: 35 0
43: 34 0
44: 0 0
45: 0 0
46: 0 0
47: 0 0
48: 0 0
49: 35 0
50: 35 0
51: 35 0
52: 34 0
53: 34 0
54: 0 0
55: 0 0
56: 0 0
57: 0 0
58: 0 0
59: 35 0
60: 34 0
61: 35 0
62: 35 0
63: 35 0
64: 711 0
65: 709 0
66: 710 0
67: 711 0
68: 710 0
69: 710 0
70: 675 0
71: 675 0
72: 674 0
73: 674 0
74: 676 0
75: 0 0
76: 0 0
77: 0 0
78: 0 0
79: 0 0
80: 35 0
81: 33 0
82: 34 0
83: 34 0
84: 35 0
85: 0 0
86: 0 0
87: 0 0
88: 0 0
89: 0 0
90: 35 0
91: 34 0
92: 34 0
93: 34 0
94: 34 0
95: 711 0
96: 711 0
97: 711 0
98: 711 0
99: 711 0
100: 710 0
101: 674 0
102: 675 0
103: 674 0
104: 674 0
105: 676 0
106: 33 1
107: 0 1
108: 35 1
109: 709 1
110: 675 1
111: 712 1
112: 675 1
113: 710 1
114: 675 1
115: 711 1
116: 674 1
117: 710 1
118: 676 1
119: 710 1
120: 674 1
121: 0 1
122: 34 1
123: 711 1
124: 674 1
125: 711 1
126: 675 1
127: 710 1
128: 674 1
129: 712 1
130: 674 1
131: 711 1
132: 675 1
133: 710 1
134: 674 1
135: 711 1
136: 674 1
137: 710 1
138: 676 1
139: 710 1
140: 674 1
141: 710 1
142: 674 1
143: 709 1
144: 674 1
145: 710 1
146: 674 1
147: 0 1
148: 35 1
149: 0 1
150: 35 1
151: 0 1
152: 36 1
153: 0 1
154: 35 1
155: 711 1
156: 675 1
157: 710 1
158: 676 1
159: 711 1
160: 674 1
161: 710 1
162: 675 1
163: 710 1
164: 674 1
165: 711 1
166: 674 1
167: 0 1
168: 35 1
169: 0 1
170: 34 1
171: 711 1
172: 674 1
173: 710 1
174: 675 1
175: 711 1
176: 674 1
177: 711 1
178: 675 1
179: 0 1
180: 35 1
181: 710 1
182: 675 1
183: 711 1
184: 674 1
185: 0 1
186: 34 1
187: 0 1
188: 34 1
189: 0 1
190: 35 1
191: 0 1
192: 34 1
193: 0 1
194: 35 1
195: 0 1
196: 34 1
197: 710 1
198: 675 1
199: 710 1
200: 674 1
201: 710 1
202: 676 1
203: 0 1
204: 34 1
205: 34 1
206: 0 0
207: 0 0
208: 0 0
209: 0 0
210: 0 0
211: 35 0
212: 35 0
213: 33 0
214: 34 0
215: 34 0
216: 0 0
217: 0 0
218: 0 0
219: 0 0
220: 0 0
221: 0 0
222: 35 0
223: 35 0
224: 34 0
225: 34 0
226: 35 0
227: 1 0
228: 0 0
229: 0 0
230: 0 0
231: 0 0
232: 35 0
233: 35 0
234: 35 0
235: 34 0
236: 35 0
237: 710 0
238: 710 0
239: 712 0
240: 710 0
241: 710 0
242: 674 0
243: 675 0
244: 674 0
245: 674 0
246: 675 0
247: 710 0
248: 710 0
249: 710 0
250: 710 0
251: 710 0
252: 674 0
253: 673 0
254: 674 0
255: 674 0
256: 675 0
257: 710 0
258: 710 0
259: 712 0
260: 710 0
261: 710 0
262: 674 0
263: 674 0
264: 673 0
265: 675 0
266: 674 0
267: 0 0
268: 0 0
269: 0 0
270: 0 0
271: 0 0
272: 34 0
273: 34 0
274: 33 0
275: 33 0
276: 33 0
277: 710 0
278: 711 0
279: 711 0
280: 710 0
281: 710 0
282: 674 0
283: 675 0
284: 675 0
285: 674 0
286: 675 0
287: 710 0
288: 709 0
289: 710 0
290: 710 0
291: 710 0
292: 675 0
293: 674 0
294: 674 0
295: 674 0
296: 676 0
297: 710 0
298: 710 0
299: 711 0
300: 710 0
301: 710 0
302: 674 0
303: 674 0
304: 675 0
305: 675 0
306: 674 0
307: 711 1
308: 675 1
309: 711 1
310: 675 1
311: 710 1
312: 675 1
313: 711 1
314: 674 1
315: 710 1
316: 675 1
317: 710 1
318: 674 1
319: 712 1
320: 674 1
321: 710 1
322: 674 1
323: 710 1
324: 674 1
325: 710 1
326: 674 1
327: 710 1
328: 674 1
329: 711 1
330: 674 1
331: 710 1
332: 676 1
333: 35 1
334: 33 1
335: 0 1
336: 34 1
337: 0 1
338: 35 1
339: 0 1
340: 34 1
341: 711 1
342: 674 1
343: 0 1
344: 35 1
345: 0 1
346: 34 1
347: 0 1
348: 35 1
349: 0 1
350: 34 1
351: 0 1
352: 34 1
353: 711 1
354: 674 1
355: 710 1
356: 677 1
357: 710 1
358: 674 1
359: 713 1
360: 674 1
361: 709 1
362: 674 1
363: 709 1
364: 674 1
365: 711 1
366: 674 1
367: 711 1
368: 674 1
369: 710 1
370: 674 1
371: 710 1
372: 675 1
373: 710 1
374: 674 1
375: 710 1
376: 675 1
377: 0 1
378: 33 1
379: 711 1
380: 674 1
381: 0 1
382: 34 1
383: 0 1
384: 34 1
385: 0 1
386: 34 1
387: 0 1
388: 34 1
389: 0 1
390: 34 1
391: 0 1
392: 34 1
393: 0 1
394: 34 1
395: 711 1
396: 676 1
397: 709 1
398: 674 1
399: 712 1
400: 674 1
401: 710 1
402: 675 1
403: 711 1
404: 674 1
405: 710 1
406: 675 1
407: 0 0
408: 33 0
409: 33 0
410: 33 0
411: 34 0
412: 33 0
413: 0 0
414: 0 0
415: 0 0
416: 0 0
417: 0 0
418: 0 0
419: 34 0
420: 33 0
421: 33 0
422: 34 0
423: 34 0
424: 0 0
425: 0 0
426: 0 0
427: 0 0
428: 0 0
429: 35 0
430: 33 0
431: 33 0
432: 34 0
433: 34 0
434: 0 0
435: 0 0
436: 0 0
437: 0 0
438: 0 0
439: 34 0
440: 34 0
441: 36 0
442: 33 0
443: 34 0
444: 0 0
445: 0 0
446: 0 0
447: 0 0
448: 0 0
449: 34 0
450: 34 0
451: 33 0
452: 35 0
453: 33 0
454: 0 0
455: 0 0
456: 0 0
457: 0 0
458: 0 0
459: 35 0
460: 34 0
461: 33 0
462: 33 0
463: 34 0
464: 33 0
465: 0 0
466: 0 0
467: 0 0
468: 0 0
469: 0 0
470: 34 0
471: 33 0
472: 34 0
473: 34 0
474: 34 0
475: 0 0
476: 0 0
477: 0 0
478: 0 0
479: 0 0
480: 35 0
481: 34 0
482: 35 0
483: 34 0
484: 34 0
485: 711 0
486: 710 0
487: 710 0
488: 711 0
489: 709 0
490: 674 0
491: 675 0
492: 674 0
493: 674 0
494: 675 0
495: 710 0
496: 709 0
497: 710 0
498: 711 0
499: 710 0
500: 673 0
501: 675 0
502: 674 0
503: 674 0
504: 674 0
505: 674 0
506: 674 0
507: 675 0
508: 674 0
509: 710 1
510: 674 1
511: 0 1
512: 34 1
513: 0 1
514: 34 1
515: 0 1
516: 35 1
517: 0 1
518: 34 1
519: 710 1
520: 674 1
521: 0 1
522: 34 1
523: 710 1
524: 675 1
525: 710 1
526: 674 1
527: 711 1
528: 674 1
529: 710 1
530: 676 1
531: 710 1
532: 674 1
533: 711 1
534: 674 1
535: 710 1
536: 674 1
537: 710 1
538: 676 1
539: 711 1
540: 674 1
541: 711 1
542: 674 1
543: 0 1
544: 34 1
545: 0 1
546: 33 1
547: 0 1
548: 33 1
549: 0 1
550: 33 1
551: 0 1
552: 33 1
553: 0 1
554: 34 1
555: 0 1
556: 34 1
557: 0 1
558: 34 1
559: 0 1
560: 34 1
561: 0 1
562: 34 1
563: 0 1
564: 35 1
565: 0 1
566: 35 1
567: 0 1
568: 0 1
569: 34 1
570: 710 1
571: 674 1
572: 711 1
573: 673 1
574: 710 1
575: 675 1
576: 710 1
577: 674 1
578: 673 1
579: 710 1
580: 674 1
581: 0 1
582: 0 1
583: 33 1
584: 0 1
585: 35 1
586: 0 1
587: 35 1
588: 712 1
589: 676 1
590: 712 1
591: 675 1
592: 712 1
593: 676 1
594: 712 1
595: 677 1
596: 712 1
597: 675 1
598: 712 1
599: 675 1
600: 712 1
601: 675 1
602: 712 1
603: 675 1
604: 673 1
605: 710 1
606: 673 1
607: 0 1
608: 0 1
609: 32 1
610: 0 0
611: 34 0
612: 33 0
613: 33 0
614: 33 0
615: 34 0
616: 0 0
617: 0 0
618: 0 0
619: 0 0
620: 0 0
621: 35 0
622: 33 0
623: 33 0
624: 34 0
625: 34 0
626: 33 0
627: 710 0
628: 710 0
629: 710 0
630: 710 0
631: 710 0
632: 674 0
633: 674 0
634: 674 0
635: 675 0
636: 0 0
637: 0 0
638: 0 0
639: 0 0
640: 0 0
641: 0 0
642: 34 0
643: 34 0
644: 34 0
645: 34 0
646: 34 0
647: 0 0
648: 0 0
649: 0 0
650: 0 0
651: 0 0
652: 34 0
653: 34 0
654: 34 0
655: 33 0
656: 34 0
657: 0 0
658: 0 0
659: 0 0
660: 0 0
661: 0 0
662: 35 0
663: 34 0
664: 34 0
665: 35 0
666: 34 0
667: 0 0
668: 0 0
669: 0 0
670: 0 0
671: 0 0
672: 36 0
673: 35 0
674: 35 0
675: 35 0
676: 35 0
677: 0 0
678: 0 0
679: 0 0
680: 1 0
681: 0 0
682: 0 0
683: 33 0
684: 34 0
685: 34 0
686: 35 0
687: 33 0
688: 0 0
689: 0 0
690: 0 0
691: 1 0
692: 0 0
693: 34 0
694: 34 0
695: 34 0
696: 34 0
697: 34 0
698: 710 0
699: 710 0
700: 710 0
701: 710 0
702: 710 0
703: 676 0
704: 674 0
705: 674 0
706: 674 0
707: 674 0
708: 674 0
709: 675 0
710: 675 0
711: 674 1
712: 0 1
713: 34 1
714: 0 1
715: 35 1
716: 0 1
717: 34 1
718: 0 1
719: 35 1
720: 0 1
721: 34 1
722: 1 1
723: 34 1
724: 0 1
725: 34 1
726: 0 1
727: 34 1
728: 0 1
729: 35 1
730: 0 1
731: 35 1
732: 1 1
733: 33 1
734: 0 1
735: 35 1
736: 0 1
737: 35 1
738: 0 1
739: 35 1
740: 0 1
741: 34 1
742: 0 1
743: 35 1
744: 711 1
745: 675 1
746: 710 1
747: 674 1
748: 712 1
749: 674 1
750: 710 1
751: 676 1
752: 710 1
753: 674 1
754: 711 1
755: 674 1
756: 710 1
757: 674 1
758: 710 1
759: 674 1
760: 710 1
761: 675 1
762: 710 1
763: 674 1
764: 711 1
765: 674 1
766: 710 1
767: 674 1
768: 710 1
769: 674 1
770: 710 1
771: 675 1
772: 0 1
773: 33 1
774: 0 1
775: 34 1
776: 0 1
777: 34 1
778: 0 1
779: 35 1
780: 0 1
781: 34 1
782: 0 1
783: 34 1
784: 0 1
785: 34 1
786: 710 1
787: 674 1
788: 711 1
789: 674 1
790: 710 1
791: 675 1
792: 710 1
793: 674 1
794: 711 1
795: 674 1
796: 710 1
797: 674 1
798: 710 1
799: 672 1
800: 710 1
801: 674 1
802: 710 1
803: 674 1
804: 711 1
805: 675 1
806: 710 1
807: 674 1
808: 712 1
809: 674 1
810: 710 1
811: 676 1
812: 0 0
813: 0 0
814: 33 0
815: 33 0
816: 33 0
817: 33 0
818: 34 0
819: 0 0
820: 0 0
821: 0 0
822: 0 0
823: 0 0
824: 35 0
825: 35 0
826: 35 0
827: 34 0
828: 34 0
829: 0 0
830: 0 0
831: 0 0
832: 0 0
833: 0 0
834: 35 0
835: 34 0
836: 34 0
837: 34 0
838: 33 0
839: 0 0
840: 0 0
841: 0 0
842: 0 0
843: 0 0
844: 0 0
845: 35 0
846: 35 0
847: 33 0
848: 35 0
849: 34 0
850: 0 0
851: 0 0
852: 0 0
853: 0 0
854: 0 0
855: 35 0
856: 34 0
857: 33 0
858: 35 0
859: 34 0
860: 0 0
861: 0 0
862: 0 0
863: 0 0
864: 0 0
865: 35 0
866: 33 0
867: 34 0
868: 35 0
869: 32 0
870: 0 0
871: 0 0
872: 0 0
873: 0 0
874: 0 0
875: 35 0
876: 34 0
877: 34 0
878: 34 0
879: 33 0
880: 710 0
881: 710 0
882: 710 0
883: 710 0
884: 711 0
885: 674 0
886: 675 0
887: 674 0
888: 674 0
889: 674 0
890: 711 0
891: 710 0
892: 712 0
893: 711 0
894: 709 0
895: 673 0
896: 676 0
897: 674 0
898: 673 0
899: 676 0
900: 710 0
901: 710 0
902: 710 0
903: 710 0
904: 710 0
905: 674 0
906: 674 0
907: 674 0
908: 674 0
909: 674 0
910: 674 0
911: 674 0
912: 675 0
913: 674 0
914: 709 1
915: 674 1
916: 712 1
917: 674 1
918: 710 1
919: 676 1
920: 710 1
921: 674 1
922: 710 1
923: 674 1
924: 709 1
925: 675 1
926: 710 1
927: 674 1
928: 711 1
929: 675 1
930: 710 1
931: 674 1
932: 711 1
933: 674 1
934: 709 1
935: 674 1
936: 710 1
937: 674 1
938: 710 1
939: 674 1
940: 710 1
941: 673 1
942: 0 1
943: 34 1
944: 0 1
945: 33 1
946: 0 1
947: 34 1
948: 0 1
949: 32 1
950: 0 1
951: 34 1
952: 0 1
953: 33 1
954: 0 1
955: 34 1
956: 0 1
957: 35 1
958: 0 1
959: 34 1
960: 0 1
961: 35 1
962: 0 1
963: 34 1
964: 0 1
965: 35 1
966: 0 1
967: 35 1
968: 710 1
969: 677 1
970: 710 1
971: 674 1
972: 711 1
973: 675 1
974: 710 1
975: 674 1
976: 0 1
977: 34 1
978: 0 1
979: 34 1
980: 0 1
981: 35 1
982: 0 1
983: 34 1
984: 0 1
985: 34 1
986: 0 1
987: 34 1
988: 710 1
989: 673 1
990: 711 1
991: 676 1
992: 710 1
993: 675 1
994: 0 1
995: 35 1
996: 0 1
997: 35 1
998: 0 1
999: 36 1
1000: 711 1
