1: 35 0
2: 711 0
3: 712 0
4: 710 0
5: 710 0
6: 710 0
7: 674 0
8: 674 0
9: 674 0
10: 675 0
11: 674 0
12: 711 0
13: 713 0
14: 711 0
15: 711 0
16: 712 0
17: 674 0
18: 674 0
19: 674 0
20: 675 0
21: 674 0
22: 710 0
23: 714 0
24: 710 0
25: 710 0
26: 711 0
27: 674 0
28: 674 0
29: 675 0
30: 675 0
31: 674 0
32: 710 0
33: 710 0
34: 710 0
35: 710 0
36: 710 0
37: 674 0
38: 674 0
39: 675 0
40: 674 0
41: 674 0
42: 711 0
43: 711 0
44: 710 0
45: 711 0
46: 710 0
47: 675 0
48: 674 0
49: 674 0
50: 675 0
51: 674 0
52: 674 0
53: 709 0
54: 711 0
55: 711 0
56: 710 0
57: 711 0
58: 675 0
59: 674 0
60: 674 0
61: 675 0
62: 674 0
63: 710 0
64: 711 0
65: 710 0
66: 710 0
67: 710 0
68: 674 0
69: 674 0
70: 674 0
71: 675 0
72: 674 0
73: 710 0
74: 712 0
75: 709 0
76: 710 0
77: 711 0
78: 674 0
79: 674 0
80: 674 0
81: 675 0
82: 674 0
83: 710 0
84: 712 0
85: 710 0
86: 710 0
87: 710 0
88: 674 0
89: 674 0
90: 675 0
91: 675 0
92: 674 0
93: 0 0
94: 0 0
95: 0 0
96: 0 0
97: 0 0
98: 35 0
99: 34 0
100: 34 0
101: 34 0
102: 33 0
103: 33 0
104: 34 1
105: 710 1
106: 674 1
107: 0 1
108: 35 1
109: 710 1
110: 675 1
111: 712 1
112: 674 1
113: 711 1
114: 674 1
115: 711 1
116: 675 1
117: 710 1
118: 675 1
119: 711 1
120: 674 1
121: 710 1
122: 675 1
123: 710 1
124: 674 1
125: 711 1
126: 673 1
127: 710 1
128: 674 1
129: 710 1
130: 674 1
131: 711 1
132: 674 1
133: 710 1
134: 674 1
135: 710 1
136: 674 1
137: 710 1
138: 675 1
139: 710 1
140: 674 1
141: 711 1
142: 675 1
143: 0 1
144: 34 1
145: 0 1
146: 34 1
147: 1 1
148: 33 1
149: 1 1
150: 33 1
151: 0 1
152: 33 1
153: 0 1
154: 35 1
155: 712 1
156: 674 1
157: 0 1
158: 33 1
159: 0 1
160: 34 1
161: 0 1
162: 34 1
163: 710 1
164: 674 1
165: 712 1
166: 674 1
167: 710 1
168: 675 1
169: 709 1
170: 675 1
171: 711 1
172: 674 1
173: 710 1
174: 674 1
175: 711 1
176: 674 1
177: 0 1
178: 33 1
179: 0 1
180: 33 1
181: 0 1
182: 34 1
183: 0 1
184: 34 1
185: 0 1
186: 35 1
187: 710 1
188: 674 1
189: 710 1
190: 674 1
191: 710 1
192: 675 1
193: 710 1
194: 674 1
195: 711 1
196: 673 1
197: 710 1
198: 675 1
199: 710 1
200: 674 1
201: 0 1
202: 34 1
203: 34 1
204: 709 0
205: 712 0
206: 710 0
207: 710 0
208: 710 0
209: 674 0
210: 674 0
211: 674 0
212: 674 0
213: 674 0
214: 710 0
215: 710 0
216: 710 0
217: 710 0
218: 711 0
219: 674 0
220: 674 0
221: 673 0
222: 675 0
223: 674 0
224: 0 0
225: 0 0
226: 0 0
227: 0 0
228: 0 0
229: 35 0
230: 34 0
231: 34 0
232: 34 0
233: 33 0
234: 0 0
235: 0 0
236: 0 0
237: 0 0
238: 0 0
239: 35 0
240: 34 0
241: 33 0
242: 34 0
243: 34 0
244: 0 0
245: 0 0
246: 0 0
247: 0 0
248: 0 0
249: 0 0
250: 33 0
251: 33 0
252: 34 0
253: 33 0
254: 33 0
255: 710 0
256: 711 0
257: 710 0
258: 710 0
259: 711 0
260: 673 0
261: 675 0
262: 674 0
263: 674 0
264: 674 0
265: 710 0
266: 711 0
267: 711 0
268: 710 0
269: 711 0
270: 674 0
271: 674 0
272: 675 0
273: 674 0
274: 674 0
275: 710 0
276: 711 0
277: 710 0
278: 710 0
279: 710 0
280: 674 0
281: 674 0
282: 674 0
283: 674 0
284: 702 0
285: 710 0
286: 710 0
287: 710 0
288: 709 0
289: 674 0
290: 674 0
291: 673 0
292: 675 0
293: 675 0
294: 710 0
295: 710 0
296: 711 0
297: 710 0
298: 710 0
299: 675 0
300: 673 0
301: 674 0
302: 675 0
303: 674 0
304: 674 1
305: 676 1
306: 710 1
307: 673 1
308: 710 1
309: 674 1
310: 710 1
311: 674 1
312: 712 1
313: 674 1
314: 711 1
315: 674 1
316: 710 1
317: 674 1
318: 710 1
319: 674 1
320: 709 1
321: 674 1
322: 712 1
323: 674 1
324: 0 1
325: 33 1
326: 0 1
327: 34 1
328: 710 1
329: 675 1
330: 710 1
331: 674 1
332: 711 1
333: 674 1
334: 710 1
335: 674 1
336: 710 1
337: 674 1
338: 710 1
339: 674 1
340: 710 1
341: 673 1
342: 0 1
343: 33 1
344: 0 1
345: 33 1
346: 0 1
347: 33 1
348: 0 1
349: 33 1
350: 0 1
351: 35 1
352: 0 1
353: 34 1
354: 0 1
355: 35 1
356: 0 1
357: 35 1
358: 0 1
359: 34 1
360: 0 1
361: 33 1
362: 0 1
363: 35 1
364: 0 1
365: 33 1
366: 0 1
367: 34 1
368: 710 1
369: 674 1
370: 0 1
371: 33 1
372: 0 1
373: 33 1
374: 0 1
375: 34 1
376: 0 1
377: 34 1
378: 0 1
379: 33 1
380: 709 1
381: 673 1
382: 709 1
383: 675 1
384: 710 1
385: 673 1
386: 712 1
387: 673 1
388: 709 1
389: 674 1
390: 710 1
391: 673 1
392: 710 1
393: 673 1
394: 709 1
395: 673 1
396: 0 1
397: 33 1
398: 0 1
399: 33 1
400: 0 1
401: 33 1
402: 709 1
403: 674 1
404: 674 1
405: 0 0
406: 0 0
407: 0 0
408: 0 0
409: 0 0
410: 34 0
411: 33 0
412: 33 0
413: 33 0
414: 33 0
415: 33 0
416: 710 0
417: 710 0
418: 710 0
419: 710 0
420: 711 0
421: 673 0
422: 673 0
423: 675 0
424: 673 0
425: 710 0
426: 712 0
427: 710 0
428: 711 0
429: 711 0
430: 673 0
431: 673 0
432: 674 0
433: 674 0
434: 673 0
435: 710 0
436: 710 0
437: 710 0
438: 709 0
439: 710 0
440: 673 0
441: 673 0
442: 673 0
443: 674 0
444: 674 0
445: 710 0
446: 711 0
447: 710 0
448: 709 0
449: 710 0
450: 673 0
451: 673 0
452: 674 0
453: 673 0
454: 673 0
455: 710 0
456: 710 0
457: 710 0
458: 711 0
459: 711 0
460: 673 0
461: 674 0
462: 673 0
463: 676 0
464: 674 0
465: 712 0
466: 712 0
467: 712 0
468: 711 0
469: 711 0
470: 676 0
471: 675 0
472: 675 0
473: 675 0
474: 675 0
475: 0 0
476: 0 0
477: 0 0
478: 0 0
479: 0 0
480: 33 0
481: 33 0
482: 34 0
483: 33 0
484: 32 0
485: 0 0
486: 0 0
487: 0 0
488: 0 0
489: 0 0
490: 33 0
491: 33 0
492: 34 0
493: 33 0
494: 33 0
495: 0 0
496: 0 0
497: 0 0
498: 0 0
499: 0 0
500: 0 0
501: 33 0
502: 33 0
503: 33 0
504: 33 0
505: 33 0
506: 34 1
507: 0 1
508: 34 1
509: 711 1
510: 675 1
511: 710 1
512: 675 1
513: 711 1
514: 674 1
515: 711 1
516: 674 1
517: 710 1
518: 674 1
519: 0 1
520: 34 1
521: 0 1
522: 32 1
523: 0 1
524: 33 1
525: 710 1
526: 674 1
527: 710 1
528: 673 1
529: 710 1
530: 674 1
531: 710 1
532: 673 1
533: 711 1
534: 674 1
535: 709 1
536: 674 1
537: 710 1
538: 673 1
539: 711 1
540: 674 1
541: 710 1
542: 674 1
543: 710 1
544: 673 1
545: 0 1
546: 33 1
547: 0 1
548: 34 1
549: 0 1
550: 33 1
551: 0 1
552: 34 1
553: 0 1
554: 34 1
555: 0 1
556: 0 1
557: 34 1
558: 0 1
559: 33 1
560: 0 1
561: 34 1
562: 710 1
563: 674 1
564: 0 1
565: 35 1
566: 0 1
567: 33 1
568: 0 1
569: 33 1
570: 0 1
571: 35 1
572: 0 1
573: 34 1
574: 0 1
575: 34 1
576: 0 1
577: 33 1
578: 0 1
579: 33 1
580: 710 1
581: 674 1
582: 709 1
583: 673 1
584: 711 1
585: 673 1
586: 710 1
587: 675 1
588: 710 1
589: 673 1
590: 711 1
591: 674 1
592: 710 1
593: 674 1
594: 711 1
595: 673 1
596: 711 1
597: 674 1
598: 710 1
599: 674 1
600: 710 1
601: 674 1
602: 710 1
603: 674 1
604: 0 1
605: 33 1
606: 33 1
607: 711 0
608: 710 0
609: 710 0
610: 710 0
611: 712 0
612: 673 0
613: 674 0
614: 675 0
615: 674 0
616: 673 0
617: 710 0
618: 710 0
619: 710 0
620: 711 0
621: 710 0
622: 674 0
623: 673 0
624: 675 0
625: 673 0
626: 673 0
627: 711 0
628: 710 0
629: 709 0
630: 710 0
631: 710 0
632: 673 0
633: 674 0
634: 675 0
635: 674 0
636: 710 0
637: 711 0
638: 710 0
639: 710 0
640: 712 0
641: 673 0
642: 673 0
643: 675 0
644: 675 0
645: 673 0
646: 0 0
647: 0 0
648: 0 0
649: 0 0
650: 0 0
651: 0 0
652: 33 0
653: 33 0
654: 33 0
655: 33 0
656: 34 0
657: 0 0
658: 0 0
659: 0 0
660: 0 0
661: 0 0
662: 33 0
663: 34 0
664: 33 0
665: 35 0
666: 34 0
667: 0 0
668: 0 0
669: 0 0
670: 0 0
671: 0 0
672: 34 0
673: 34 0
674: 33 0
675: 33 0
676: 33 0
677: 0 0
678: 0 0
679: 0 0
680: 0 0
681: 0 0
682: 34 0
683: 33 0
684: 33 0
685: 34 0
686: 33 0
687: 0 0
688: 0 0
689: 0 0
690: 0 0
691: 0 0
692: 0 0
693: 33 0
694: 33 0
695: 34 0
696: 33 0
697: 35 0
698: 0 0
699: 0 0
700: 0 0
701: 0 0
702: 0 0
703: 34 0
704: 33 0
705: 33 0
706: 33 0
707: 33 0
708: 34 1
709: 0 1
710: 0 1
711: 34 1
712: 711 1
713: 675 1
714: 710 1
715: 675 1
716: 711 1
717: 675 1
718: 672 1
719: 711 1
720: 673 1
721: 710 1
722: 675 1
723: 710 1
724: 673 1
725: 710 1
726: 673 1
727: 710 1
728: 674 1
729: 710 1
730: 673 1
731: 0 1
732: 34 1
733: 0 1
734: 33 1
735: 0 1
736: 0 1
737: 33 1
738: 2 1
739: 33 1
740: 0 1
741: 32 1
742: 0 1
743: 33 1
744: 0 1
745: 33 1
746: 0 1
747: 33 1
748: 0 1
749: 33 1
750: 0 1
751: 33 1
752: 0 1
753: 33 1
754: 0 1
755: 33 1
756: 0 1
757: 33 1
758: 710 1
759: 674 1
760: 0 1
761: 34 1
762: 710 1
763: 674 1
764: 710 1
765: 674 1
766: 711 1
767: 673 1
768: 710 1
769: 675 1
770: 710 1
771: 673 1
772: 710 1
773: 674 1
774: 710 1
775: 674 1
776: 710 1
777: 673 1
778: 711 1
779: 674 1
780: 710 1
781: 675 1
782: 0 1
783: 33 1
784: 0 1
785: 35 1
786: 711 1
787: 675 1
788: 0 1
789: 34 1
790: 0 1
791: 34 1
792: 710 1
793: 674 1
794: 710 1
795: 674 1
796: 711 1
797: 674 1
798: 709 1
799: 674 1
800: 710 1
801: 674 1
802: 711 1
803: 674 1
804: 711 1
805: 675 1
806: 712 1
807: 674 1
808: 674 1
809: 712 0
810: 710 0
811: 710 0
812: 710 0
813: 711 0
814: 675 0
815: 674 0
816: 675 0
817: 675 0
818: 674 0
819: 711 0
820: 711 0
821: 710 0
822: 711 0
823: 711 0
824: 673 0
825: 674 0
826: 675 0
827: 674 0
828: 674 0
829: 712 0
830: 710 0
831: 710 0
832: 710 0
833: 710 0
834: 674 0
835: 674 0
836: 674 0
837: 673 0
838: 709 0
839: 711 0
840: 710 0
841: 710 0
842: 711 0
843: 673 0
844: 674 0
845: 674 0
846: 675 0
847: 673 0
848: 710 0
849: 711 0
850: 710 0
851: 710 0
852: 712 0
853: 673 0
854: 674 0
855: 675 0
856: 673 0
857: 673 0
858: 712 0
859: 711 0
860: 710 0
861: 710 0
862: 711 0
863: 673 0
864: 673 0
865: 674 0
866: 674 0
867: 674 0
868: 710 0
869: 710 0
870: 710 0
871: 709 0
872: 710 0
873: 673 0
874: 673 0
875: 675 0
876: 674 0
877: 673 0
878: 711 0
879: 710 0
880: 710 0
881: 711 0
882: 711 0
883: 673 0
884: 674 0
885: 674 0
886: 674 0
887: 674 0
888: 0 0
889: 0 0
890: 0 0
891: 0 0
892: 0 0
893: 34 0
894: 33 0
895: 33 0
896: 33 0
897: 34 0
898: 0 0
899: 0 0
900: 0 0
901: 0 0
902: 0 0
903: 33 0
904: 33 0
905: 34 0
906: 33 0
907: 33 0
908: 34 0
909: 675 1
910: 711 1
911: 673 1
912: 710 1
913: 674 1
914: 710 1
915: 674 1
916: 711 1
917: 673 1
918: 710 1
919: 675 1
920: 0 1
921: 33 1
922: 0 1
923: 33 1
924: 0 1
925: 33 1
926: 0 1
927: 34 1
928: 710 1
929: 675 1
930: 710 1
931: 673 1
932: 710 1
933: 674 1
934: 710 1
935: 674 1
936: 710 1
937: 674 1
938: 710 1
939: 674 1
940: 710 1
941: 674 1
942: 711 1
943: 675 1
944: 710 1
945: 674 1
946: 712 1
947: 673 1
948: 710 1
949: 675 1
950: 710 1
951: 673 1
952: 711 1
953: 673 1
954: 710 1
955: 675 1
956: 710 1
957: 674 1
958: 710 1
959: 674 1
960: 710 1
961: 673 1
962: 712 1
963: 673 1
964: 710 1
965: 674 1
966: 710 1
967: 674 1
968: 710 1
969: 674 1
970: 710 1
971: 674 1
972: 710 1
973: 674 1
974: 710 1
975: 675 1
976: 710 1
977: 673 1
978: 711 1
979: 675 1
980: 0 1
981: 34 1
982: 0 1
983: 35 1
984: 0 1
985: 33 1
986: 0 1
987: 34 1
988: 0 1
989: 35 1
990: 0 1
991: 34 1
992: 0 1
993: 33 1
994: 0 1
995: 34 1
996: 0 1
997: 34 1
998: 0 1
999: 34 1
1000: 0 1
