1: 36 0
2: 711 0
3: 711 0
4: 711 0
5: 711 0
6: 711 0
7: 674 0
8: 675 0
9: 674 0
10: 675 0
11: 675 0
12: 711 0
13: 712 0
14: 711 0
15: 710 0
16: 710 0
17: 675 0
18: 674 0
19: 674 0
20: 674 0
21: 675 0
22: 710 0
23: 711 0
24: 712 0
25: 710 0
26: 711 0
27: 673 0
28: 676 0
29: 676 0
30: 674 0
31: 676 0
32: 711 0
33: 710 0
34: 710 0
35: 711 0
36: 710 0
37: 674 0
38: 676 0
39: 675 0
40: 674 0
41: 674 0
42: 711 0
43: 710 0
44: 710 0
45: 712 0
46: 710 0
47: 673 0
48: 674 0
49: 674 0
50: 674 0
51: 675 0
52: 674 0
53: 710 0
54: 710 0
55: 712 0
56: 710 0
57: 710 0
58: 675 0
59: 674 0
60: 674 0
61: 675 0
62: 675 0
63: 710 0
64: 710 0
65: 711 0
66: 710 0
67: 710 0
68: 674 0
69: 675 0
70: 674 0
71: 674 0
72: 675 0
73: 710 0
74: 711 0
75: 710 0
76: 710 0
77: 711 0
78: 674 0
79: 675 0
80: 674 0
81: 674 0
82: 674 0
83: 710 0
84: 710 0
85: 710 0
86: 710 0
87: 710 0
88: 673 0
89: 675 0
90: 675 0
91: 675 0
92: 676 0
93: 0 0
94: 0 0
95: 0 0
96: 0 0
97: 0 0
98: 0 0
99: 34 0
100: 33 0
101: 35 0
102: 35 0
103: 34 0
104: 35 1
105: 710 1
106: 676 1
107: 711 1
108: 674 1
109: 0 1
110: 35 1
111: 0 1
112: 35 1
113: 0 1
114: 35 1
115: 710 1
116: 674 1
117: 710 1
118: 674 1
119: 711 1
120: 675 1
121: 710 1
122: 674 1
123: 711 1
124: 674 1
125: 710 1
126: 675 1
127: 710 1
128: 674 1
129: 710 1
130: 674 1
131: 711 1
132: 674 1
133: 711 1
134: 675 1
135: 710 1
136: 674 1
137: 711 1
138: 674 1
139: 711 1
140: 675 1
141: 710 1
142: 674 1
143: 712 1
144: 674 1
145: 710 1
146: 675 1
147: 710 1
148: 676 1
149: 710 1
150: 674 1
151: 710 1
152: 674 1
153: 710 1
154: 673 1
155: 710 1
156: 674 1
157: 710 1
158: 674 1
159: 711 1
160: 674 1
161: 710 1
162: 674 1
163: 711 1
164: 674 1
165: 710 1
166: 676 1
167: 710 1
168: 674 1
169: 711 1
170: 674 1
171: 710 1
172: 676 1
173: 0 1
174: 35 1
175: 711 1
176: 675 1
177: 710 1
178: 675 1
179: 711 1
180: 673 1
181: 711 1
182: 674 1
183: 710 1
184: 675 1
185: 710 1
186: 674 1
187: 710 1
188: 674 1
189: 711 1
190: 674 1
191: 710 1
192: 675 1
193: 710 1
194: 673 1
195: 710 1
196: 675 1
197: 710 1
198: 674 1
199: 711 1
200: 674 1
201: 0 1
202: 35 1
203: 34 0
204: 0 0
205: 0 0
206: 0 0
207: 0 0
208: 0 0
209: 33 0
210: 33 0
211: 33 0
212: 34 0
213: 33 0
214: 0 0
215: 0 0
216: 0 0
217: 0 0
218: 0 0
219: 34 0
220: 34 0
221: 35 0
222: 35 0
223: 33 0
224: 0 0
225: 0 0
226: 0 0
227: 0 0
228: 0 0
229: 35 0
230: 34 0
231: 34 0
232: 35 0
233: 34 0
234: 0 0
235: 0 0
236: 0 0
237: 0 0
238: 0 0
239: 35 0
240: 35 0
241: 34 0
242: 35 0
243: 34 0
244: 0 0
245: 0 0
246: 0 0
247: 0 0
248: 0 0
249: 0 0
250: 35 0
251: 35 0
252: 35 0
253: 35 0
254: 35 0
255: 0 0
256: 0 0
257: 0 0
258: 0 0
259: 0 0
260: 35 0
261: 35 0
262: 35 0
263: 34 0
264: 34 0
265: 0 0
266: 0 0
267: 0 0
268: 0 0
269: 0 0
270: 35 0
271: 34 0
272: 34 0
273: 35 0
274: 33 0
275: 0 0
276: 0 0
277: 0 0
278: 0 0
279: 0 0
280: 36 0
281: 34 0
282: 34 0
283: 35 0
284: 35 0
285: 0 0
286: 0 0
287: 0 0
288: 0 0
289: 0 0
290: 0 0
291: 35 0
292: 35 0
293: 35 0
294: 34 0
295: 35 0
296: 0 0
297: 0 0
298: 0 0
299: 0 0
300: 0 0
301: 35 0
302: 34 0
303: 34 0
304: 33 0
305: 33 0
306: 35 1
307: 33 1
308: 0 1
309: 34 1
310: 0 1
311: 34 1
312: 0 1
313: 35 1
314: 0 1
315: 34 1
316: 0 1
317: 35 1
318: 710 1
319: 676 1
320: 710 1
321: 674 1
322: 0 1
323: 34 1
324: 710 1
325: 675 1
326: 710 1
327: 674 1
328: 713 1
329: 674 1
330: 710 1
331: 675 1
332: 711 1
333: 674 1
334: 711 1
335: 675 1
336: 710 1
337: 674 1
338: 710 1
339: 674 1
340: 710 1
341: 674 1
342: 711 1
343: 674 1
344: 710 1
345: 674 1
346: 710 1
347: 674 1
348: 711 1
349: 674 1
350: 710 1
351: 674 1
352: 0 1
353: 33 1
354: 0 1
355: 34 1
356: 0 1
357: 35 1
358: 0 1
359: 34 1
360: 0 1
361: 34 1
362: 0 1
363: 35 1
364: 0 1
365: 35 1
366: 710 1
367: 674 1
368: 710 1
369: 675 1
370: 710 1
371: 674 1
372: 0 1
373: 34 1
374: 710 1
375: 675 1
376: 710 1
377: 674 1
378: 710 1
379: 676 1
380: 710 1
381: 674 1
382: 711 1
383: 674 1
384: 710 1
385: 673 1
386: 710 1
387: 674 1
388: 0 1
389: 35 1
390: 0 1
391: 34 1
392: 1 1
393: 35 1
394: 0 1
395: 35 1
396: 0 1
397: 35 1
398: 0 1
399: 34 1
400: 0 1
401: 35 1
402: 0 1
403: 35 1
404: 0 1
405: 35 1
406: 35 1
407: 710 0
408: 710 0
409: 711 0
410: 710 0
411: 710 0
412: 674 0
413: 674 0
414: 675 0
415: 674 0
416: 674 0
417: 711 0
418: 710 0
419: 710 0
420: 711 0
421: 710 0
422: 675 0
423: 675 0
424: 674 0
425: 674 0
426: 676 0
427: 0 0
428: 0 0
429: 0 0
430: 0 0
431: 0 0
432: 35 0
433: 35 0
434: 35 0
435: 35 0
436: 35 0
437: 0 0
438: 0 0
439: 0 0
440: 0 0
441: 0 0
442: 34 0
443: 35 0
444: 35 0
445: 35 0
446: 35 0
447: 0 0
448: 0 0
449: 0 0
450: 0 0
451: 0 0
452: 37 0
453: 36 0
454: 34 0
455: 35 0
456: 34 0
457: 34 0
458: 710 0
459: 711 0
460: 711 0
461: 710 0
462: 711 0
463: 675 0
464: 674 0
465: 675 0
466: 674 0
467: 0 0
468: 0 0
469: 0 0
470: 0 0
471: 0 0
472: 0 0
473: 35 0
474: 36 0
475: 35 0
476: 34 0
477: 35 0
478: 0 0
479: 0 0
480: 0 0
481: 0 0
482: 0 0
483: 35 0
484: 35 0
485: 35 0
486: 34 0
487: 34 0
488: 0 0
489: 0 0
490: 0 0
491: 0 0
492: 0 0
493: 35 0
494: 34 0
495: 34 0
496: 34 0
497: 34 0
498: 0 0
499: 0 0
500: 0 0
501: 0 0
502: 0 0
503: 35 0
504: 33 0
505: 35 0
506: 35 0
507: 34 0
508: 35 0
509: 0 1
510: 35 1
511: 0 1
512: 35 1
513: 0 1
514: 35 1
515: 711 1
516: 674 1
517: 711 1
518: 675 1
519: 710 1
520: 674 1
521: 0 1
522: 34 1
523: 0 1
524: 33 1
525: 0 1
526: 33 1
527: 710 1
528: 675 1
529: 710 1
530: 674 1
531: 710 1
532: 674 1
533: 710 1
534: 674 1
535: 0 1
536: 33 1
537: 0 1
538: 35 1
539: 710 1
540: 674 1
541: 711 1
542: 674 1
543: 710 1
544: 675 1
545: 711 1
546: 674 1
547: 710 1
548: 674 1
549: 0 1
550: 33 1
551: 711 1
552: 674 1
553: 710 1
554: 674 1
555: 710 1
556: 674 1
557: 710 1
558: 674 1
559: 710 1
560: 673 1
561: 711 1
562: 674 1
563: 710 1
564: 675 1
565: 0 1
566: 34 1
567: 0 1
568: 35 1
569: 710 1
570: 674 1
571: 0 1
572: 35 1
573: 1 1
574: 34 1
575: 0 1
576: 35 1
577: 0 1
578: 34 1
579: 0 1
580: 35 1
581: 0 1
582: 36 1
583: 34 1
584: 0 1
585: 34 1
586: 0 1
587: 34 1
588: 0 1
589: 35 1
590: 0 1
591: 33 1
592: 0 1
593: 34 1
594: 710 1
595: 675 1
596: 711 1
597: 674 1
598: 0 1
599: 35 1
600: 0 1
601: 34 1
602: 0 1
603: 34 1
604: 0 1
605: 34 1
606: 0 1
607: 33 1
608: 0 1
609: 34 1
610: 33 0
611: 33 0
612: 0 0
613: 0 0
614: 0 0
615: 0 0
616: 0 0
617: 34 0
618: 33 0
619: 34 0
620: 34 0
621: 34 0
622: 0 0
623: 0 0
624: 0 0
625: 0 0
626: 0 0
627: 33 0
628: 33 0
629: 34 0
630: 34 0
631: 34 0
632: 0 0
633: 0 0
634: 0 0
635: 0 0
636: 0 0
637: 34 0
638: 35 0
639: 35 0
640: 34 0
641: 33 0
642: 0 0
643: 0 0
644: 0 0
645: 0 0
646: 0 0
647: 35 0
648: 34 0
649: 33 0
650: 33 0
651: 33 0
652: 36 0
653: 0 0
654: 0 0
655: 0 0
656: 0 0
657: 0 0
658: 35 0
659: 35 0
660: 33 0
661: 35 0
662: 34 0
663: 711 0
664: 709 0
665: 709 0
666: 711 0
667: 710 0
668: 674 0
669: 674 0
670: 675 0
671: 674 0
672: 674 0
673: 711 0
674: 709 0
675: 710 0
676: 709 0
677: 710 0
678: 674 0
679: 674 0
680: 674 0
681: 673 0
682: 673 0
683: 711 0
684: 710 0
685: 709 0
686: 712 0
687: 710 0
688: 673 0
689: 674 0
690: 674 0
691: 673 0
692: 674 0
693: 710 0
694: 710 0
695: 710 0
696: 710 0
697: 673 0
698: 675 0
699: 674 0
700: 674 0
701: 674 0
702: 710 0
703: 711 0
704: 710 0
705: 709 0
706: 711 0
707: 673 0
708: 673 0
709: 673 0
710: 674 0
711: 709 1
712: 674 1
713: 710 1
714: 673 1
715: 709 1
716: 673 1
717: 710 1
718: 675 1
719: 711 1
720: 673 1
721: 710 1
722: 673 1
723: 710 1
724: 674 1
725: 710 1
726: 674 1
727: 710 1
728: 674 1
729: 710 1
730: 674 1
731: 710 1
732: 674 1
733: 710 1
734: 673 1
735: 710 1
736: 675 1
737: 0 1
738: 33 1
739: 0 1
740: 34 1
741: 709 1
742: 675 1
743: 711 1
744: 674 1
745: 711 1
746: 675 1
747: 710 1
748: 674 1
749: 710 1
750: 674 1
751: 710 1
752: 674 1
753: 710 1
754: 674 1
755: 710 1
756: 675 1
757: 710 1
758: 673 1
759: 711 1
760: 673 1
761: 710 1
762: 673 1
763: 710 1
764: 673 1
765: 710 1
766: 674 1
767: 710 1
768: 674 1
769: 710 1
770: 673 1
771: 711 1
772: 674 1
773: 710 1
774: 711 1
775: 673 1
776: 711 1
777: 674 1
778: 710 1
779: 674 1
780: 710 1
781: 673 1
782: 709 1
783: 673 1
784: 709 1
785: 674 1
786: 710 1
787: 673 1
788: 710 1
789: 675 1
790: 710 1
791: 673 1
792: 0 1
793: 34 1
794: 0 1
795: 34 1
796: 0 1
797: 34 1
798: 0 1
799: 0 1
800: 33 1
801: 0 1
802: 34 1
803: 0 1
804: 35 1
805: 711 1
806: 675 1
807: 710 1
808: 675 1
809: 710 1
810: 674 1
811: 710 0
812: 710 0
813: 710 0
814: 674 0
815: 674 0
816: 675 0
817: 674 0
818: 673 0
819: 711 0
820: 710 0
821: 710 0
822: 710 0
823: 710 0
824: 674 0
825: 674 0
826: 674 0
827: 673 0
828: 674 0
829: 710 0
830: 710 0
831: 711 0
832: 710 0
833: 710 0
834: 674 0
835: 673 0
836: 674 0
837: 676 0
838: 674 0
839: 714 0
840: 711 0
841: 710 0
842: 710 0
843: 710 0
844: 673 0
845: 674 0
846: 675 0
847: 673 0
848: 673 0
849: 711 0
850: 710 0
851: 710 0
852: 711 0
853: 710 0
854: 673 0
855: 673 0
856: 674 0
857: 674 0
858: 673 0
859: 710 0
860: 710 0
861: 709 0
862: 710 0
863: 711 0
864: 673 0
865: 674 0
866: 674 0
867: 672 0
868: 674 0
869: 712 0
870: 710 0
871: 710 0
872: 712 0
873: 709 0
874: 673 0
875: 673 0
876: 673 0
877: 673 0
878: 0 0
879: 0 0
880: 0 0
881: 0 0
882: 0 0
883: 0 0
884: 35 0
885: 33 0
886: 33 0
887: 34 0
888: 34 0
889: 711 0
890: 710 0
891: 712 0
892: 711 0
893: 710 0
894: 673 0
895: 674 0
896: 674 0
897: 673 0
898: 673 0
899: 711 0
900: 710 0
901: 710 0
902: 710 0
903: 710 0
904: 673 0
905: 674 0
906: 674 0
907: 675 0
908: 674 0
909: 675 0
910: 710 1
911: 675 1
912: 711 1
913: 674 1
914: 711 1
915: 673 1
916: 710 1
917: 675 1
918: 710 1
919: 673 1
920: 711 1
921: 674 1
922: 711 1
923: 674 1
924: 710 1
925: 674 1
926: 710 1
927: 673 1
928: 710 1
929: 675 1
930: 710 1
931: 674 1
932: 712 1
933: 673 1
934: 710 1
935: 674 1
936: 710 1
937: 673 1
938: 710 1
939: 674 1
940: 710 1
941: 673 1
942: 711 1
943: 674 1
944: 710 1
945: 675 1
946: 711 1
947: 674 1
948: 710 1
949: 675 1
950: 710 1
951: 674 1
952: 712 1
953: 674 1
954: 0 1
955: 35 1
956: 0 1
957: 34 1
958: 710 1
959: 675 1
960: 0 1
961: 34 1
962: 0 1
963: 34 1
964: 0 1
965: 35 1
966: 0 1
967: 35 1
968: 0 1
969: 35 1
970: 0 1
971: 35 1
972: 0 1
973: 35 1
974: 0 1
975: 35 1
976: 0 1
977: 35 1
978: 0 1
979: 0 1
980: 35 1
981: 0 1
982: 34 1
983: 0 1
984: 35 1
985: 0 1
986: 35 1
987: 0 1
988: 35 1
989: 710 1
990: 674 1
991: 708 1
992: 674 1
993: 710 1
994: 674 1
995: 710 1
996: 675 1
997: 711 1
998: 674 1
999: 711 1
1000: 675 1
