1: 35 0
2: 0 0
3: 0 0
4: 0 0
5: 0 0
6: 0 0
7: 36 0
8: 35 0
9: 35 0
10: 35 0
11: 35 0
12: 0 0
13: 0 0
14: 0 0
15: 0 0
16: 0 0
17: 36 0
18: 35 0
19: 35 0
20: 34 0
21: 35 0
22: 35 0
23: 0 0
24: 0 0
25: 0 0
26: 0 0
27: 0 0
28: 36 0
29: 35 0
30: 35 0
31: 35 0
32: 35 0
33: 710 0
34: 711 0
35: 711 0
36: 710 0
37: 711 0
38: 676 0
39: 675 0
40: 675 0
41: 675 0
42: 676 0
43: 0 0
44: 0 0
45: 0 0
46: 0 0
47: 1 0
48: 36 0
49: 35 0
50: 35 0
51: 34 0
52: 35 0
53: 34 0
54: 0 0
55: 0 0
56: 0 0
57: 0 0
58: 0 0
59: 37 0
60: 34 0
61: 35 0
62: 35 0
63: 35 0
64: 0 0
65: 0 0
66: 0 0
67: 0 0
68: 0 0
69: 36 0
70: 35 0
71: 35 0
72: 36 0
73: 34 0
74: 34 0
75: 0 0
76: 0 0
77: 0 0
78: 0 0
79: 0 0
80: 35 0
81: 35 0
82: 36 0
83: 34 0
84: 35 0
85: 0 0
86: 0 0
87: 0 0
88: 0 0
89: 0 0
90: 34 0
91: 35 0
92: 34 0
93: 34 0
94: 35 0
95: 35 0
96: 0 0
97: 0 0
98: 0 0
99: 0 0
100: 0 0
101: 35 0
102: 35 0
103: 35 0
104: 34 0
105: 35 0
106: 35 1
107: 0 1
108: 35 1
109: 710 1
110: 675 1
111: 711 1
112: 674 1
113: 710 1
114: 675 1
115: 710 1
116: 674 1
117: 710 1
118: 675 1
119: 710 1
120: 674 1
121: 711 1
122: 675 1
123: 710 1
124: 674 1
125: 710 1
126: 674 1
127: 711 1
128: 675 1
129: 710 1
130: 675 1
131: 711 1
132: 674 1
133: 711 1
134: 675 1
135: 0 1
136: 35 1
137: 0 1
138: 36 1
139: 0 1
140: 36 1
141: 711 1
142: 674 1
143: 710 1
144: 674 1
145: 710 1
146: 674 1
147: 710 1
148: 675 1
149: 710 1
150: 674 1
151: 710 1
152: 674 1
153: 0 1
154: 34 1
155: 0 1
156: 35 1
157: 0 1
158: 34 1
159: 710 1
160: 674 1
161: 712 1
162: 674 1
163: 710 1
164: 674 1
165: 710 1
166: 674 1
167: 0 1
168: 34 1
169: 711 1
170: 675 1
171: 711 1
172: 674 1
173: 710 1
174: 675 1
175: 0 1
176: 35 1
177: 710 1
178: 676 1
179: 711 1
180: 674 1
181: 712 1
182: 674 1
183: 710 1
184: 675 1
185: 0 1
186: 35 1
187: 0 1
188: 35 1
189: 710 1
190: 674 1
191: 711 1
192: 676 1
193: 710 1
194: 676 1
195: 710 1
196: 674 1
197: 711 1
198: 676 1
199: 710 1
200: 674 1
201: 711 1
202: 674 1
203: 0 1
204: 34 1
205: 34 1
206: 711 0
207: 710 0
208: 711 0
209: 710 0
210: 711 0
211: 674 0
212: 675 0
213: 674 0
214: 675 0
215: 674 0
216: 710 0
217: 710 0
218: 711 0
219: 710 0
220: 710 0
221: 675 0
222: 674 0
223: 674 0
224: 674 0
225: 674 0
226: 710 0
227: 710 0
228: 710 0
229: 711 0
230: 710 0
231: 675 0
232: 675 0
233: 674 0
234: 675 0
235: 675 0
236: 710 0
237: 710 0
238: 711 0
239: 710 0
240: 710 0
241: 676 0
242: 673 0
243: 674 0
244: 675 0
245: 674 0
246: 710 0
247: 711 0
248: 710 0
249: 710 0
250: 709 0
251: 675 0
252: 674 0
253: 674 0
254: 676 0
255: 674 0
256: 710 0
257: 710 0
258: 711 0
259: 710 0
260: 710 0
261: 675 0
262: 674 0
263: 674 0
264: 675 0
265: 674 0
266: 709 0
267: 712 0
268: 710 0
269: 710 0
270: 711 0
271: 676 0
272: 675 0
273: 675 0
274: 676 0
275: 674 0
276: 710 0
277: 710 0
278: 710 0
279: 710 0
280: 711 0
281: 674 0
282: 674 0
283: 674 0
284: 676 0
285: 710 0
286: 710 0
287: 712 0
288: 710 0
289: 711 0
290: 674 0
291: 675 0
292: 674 0
293: 676 0
294: 674 0
295: 710 0
296: 711 0
297: 710 0
298: 710 0
299: 711 0
300: 675 0
301: 674 0
302: 675 0
303: 674 0
304: 675 0
305: 675 1
306: 674 1
307: 711 1
308: 674 1
309: 710 1
310: 674 1
311: 710 1
312: 674 1
313: 710 1
314: 674 1
315: 0 1
316: 35 1
317: 0 1
318: 34 1
319: 1 1
320: 35 1
321: 0 1
322: 34 1
323: 0 1
324: 35 1
325: 0 1
326: 33 1
327: 712 1
328: 674 1
329: 0 1
330: 34 1
331: 0 1
332: 33 1
333: 0 1
334: 34 1
335: 0 1
336: 34 1
337: 0 1
338: 35 1
339: 710 1
340: 675 1
341: 711 1
342: 674 1
343: 710 1
344: 674 1
345: 710 1
346: 674 1
347: 711 1
348: 674 1
349: 710 1
350: 674 1
351: 712 1
352: 674 1
353: 710 1
354: 675 1
355: 710 1
356: 674 1
357: 710 1
358: 674 1
359: 710 1
360: 675 1
361: 711 1
362: 674 1
363: 711 1
364: 674 1
365: 710 1
366: 675 1
367: 711 1
368: 674 1
369: 0 1
370: 33 1
371: 0 1
372: 34 1
373: 0 1
374: 34 1
375: 710 1
376: 674 1
377: 0 1
378: 34 1
379: 711 1
380: 674 1
381: 711 1
382: 674 1
383: 0 1
384: 34 1
385: 710 1
386: 674 1
387: 711 1
388: 674 1
389: 710 1
390: 674 1
391: 711 1
392: 673 1
393: 0 1
394: 33 1
395: 0 1
396: 35 1
397: 0 1
398: 33 1
399: 0 1
400: 33 1
401: 0 1
402: 33 1
403: 0 1
404: 34 1
405: 34 1
406: 0 0
407: 0 0
408: 0 0
409: 0 0
410: 0 0
411: 36 0
412: 35 0
413: 34 0
414: 35 0
415: 33 0
416: 0 0
417: 2 0
418: 0 0
419: 0 0
420: 0 0
421: 0 0
422: 33 0
423: 33 0
424: 33 0
425: 33 0
426: 33 0
427: 0 0
428: 0 0
429: 0 0
430: 0 0
431: 0 0
432: 33 0
433: 33 0
434: 35 0
435: 34 0
436: 33 0
437: 0 0
438: 0 0
439: 0 0
440: 0 0
441: 0 0
442: 34 0
443: 34 0
444: 33 0
445: 34 0
446: 34 0
447: 0 0
448: 0 0
449: 0 0
450: 0 0
451: 0 0
452: 35 0
453: 34 0
454: 35 0
455: 34 0
456: 34 0
457: 0 0
458: 0 0
459: 0 0
460: 0 0
461: 0 0
462: 0 0
463: 34 0
464: 34 0
465: 33 0
466: 34 0
467: 34 0
468: 0 0
469: 0 0
470: 0 0
471: 0 0
472: 0 0
473: 35 0
474: 33 0
475: 34 0
476: 34 0
477: 34 0
478: 711 0
479: 710 0
480: 710 0
481: 710 0
482: 710 0
483: 675 0
484: 673 0
485: 674 0
486: 674 0
487: 674 0
488: 710 0
489: 712 0
490: 711 0
491: 709 0
492: 709 0
493: 676 0
494: 673 0
495: 674 0
496: 675 0
497: 674 0
498: 710 0
499: 710 0
500: 710 0
501: 711 0
502: 710 0
503: 674 0
504: 675 0
505: 673 0
506: 674 0
507: 675 0
508: 674 1
509: 711 1
510: 675 1
511: 710 1
512: 674 1
513: 0 1
514: 33 1
515: 710 1
516: 676 1
517: 710 1
518: 674 1
519: 711 1
520: 674 1
521: 710 1
522: 675 1
523: 710 1
524: 674 1
525: 0 1
526: 34 1
527: 0 1
528: 35 1
529: 0 1
530: 35 1
531: 0 1
532: 34 1
533: 0 1
534: 35 1
535: 1 1
536: 34 1
537: 0 1
538: 35 1
539: 710 1
540: 675 1
541: 712 1
542: 674 1
543: 711 1
544: 675 1
545: 710 1
546: 674 1
547: 711 1
548: 674 1
549: 710 1
550: 675 1
551: 710 1
552: 674 1
553: 712 1
554: 674 1
555: 710 1
556: 676 1
557: 710 1
558: 675 1
559: 710 1
560: 674 1
561: 710 1
562: 674 1
563: 0 1
564: 34 1
565: 710 1
566: 674 1
567: 0 1
568: 35 1
569: 710 1
570: 675 1
571: 710 1
572: 674 1
573: 0 1
574: 35 1
575: 710 1
576: 675 1
577: 0 1
578: 35 1
579: 0 1
580: 35 1
581: 0 1
582: 35 1
583: 711 1
584: 674 1
585: 0 1
586: 35 1
587: 0 1
588: 0 1
589: 35 1
590: 0 1
591: 35 1
592: 0 1
593: 34 1
594: 0 1
595: 34 1
596: 0 1
597: 35 1
598: 0 1
599: 34 1
600: 0 1
601: 35 1
602: 710 1
603: 675 1
604: 710 1
605: 674 1
606: 710 1
607: 675 1
608: 674 1
609: 711 0
610: 711 0
611: 710 0
612: 711 0
613: 710 0
614: 674 0
615: 675 0
616: 674 0
617: 674 0
618: 676 0
619: 710 0
620: 711 0
621: 710 0
622: 710 0
623: 711 0
624: 674 0
625: 674 0
626: 674 0
627: 675 0
628: 674 0
629: 710 0
630: 711 0
631: 710 0
632: 710 0
633: 673 0
634: 674 0
635: 674 0
636: 675 0
637: 675 0
638: 0 0
639: 0 0
640: 0 0
641: 0 0
642: 0 0
643: 0 0
644: 35 0
645: 34 0
646: 35 0
647: 35 0
648: 35 0
649: 0 0
650: 0 0
651: 0 0
652: 0 0
653: 0 0
654: 35 0
655: 34 0
656: 35 0
657: 35 0
658: 35 0
659: 0 0
660: 0 0
661: 0 0
662: 0 0
663: 0 0
664: 36 0
665: 35 0
666: 35 0
667: 35 0
668: 35 0
669: 0 0
670: 0 0
671: 0 0
672: 0 0
673: 0 0
674: 35 0
675: 35 0
676: 35 0
677: 35 0
678: 35 0
679: 0 0
680: 0 0
681: 0 0
682: 0 0
683: 0 0
684: 0 0
685: 35 0
686: 35 0
687: 35 0
688: 35 0
689: 35 0
690: 0 0
691: 0 0
692: 0 0
693: 1 0
694: 0 0
695: 35 0
696: 37 0
697: 35 0
698: 35 0
699: 35 0
700: 0 0
701: 0 0
702: 0 0
703: 0 0
704: 0 0
705: 35 0
706: 35 0
707: 35 0
708: 35 0
709: 35 0
710: 0 1
711: 35 1
712: 0 1
713: 35 1
714: 0 1
715: 35 1
716: 0 1
717: 35 1
718: 0 1
719: 35 1
720: 0 1
721: 35 1
722: 0 1
723: 35 1
724: 0 1
725: 35 1
726: 0 1
727: 35 1
728: 0 1
729: 35 1
730: 0 1
731: 35 1
732: 0 1
733: 35 1
734: 0 1
735: 34 1
736: 0 1
737: 36 1
738: 0 1
739: 35 1
740: 710 1
741: 674 1
742: 712 1
743: 675 1
744: 710 1
745: 674 1
746: 711 1
747: 675 1
748: 0 1
749: 34 1
750: 0 1
751: 35 1
752: 0 1
753: 36 1
754: 0 1
755: 0 1
756: 34 1
757: 0 1
758: 35 1
759: 0 1
760: 35 1
761: 0 1
762: 35 1
763: 0 1
764: 35 1
765: 0 1
766: 33 1
767: 709 1
768: 675 1
769: 710 1
770: 675 1
771: 710 1
772: 674 1
773: 711 1
774: 675 1
775: 710 1
776: 674 1
777: 711 1
778: 674 1
779: 711 1
780: 676 1
781: 710 1
782: 674 1
783: 712 1
784: 674 1
785: 710 1
786: 676 1
787: 0 1
788: 35 1
789: 711 1
790: 674 1
791: 710 1
792: 676 1
793: 710 1
794: 674 1
795: 711 1
796: 675 1
797: 710 1
798: 674 1
799: 0 1
800: 35 1
801: 0 1
802: 34 1
803: 0 1
804: 35 1
805: 0 1
806: 34 1
807: 0 1
808: 35 1
809: 710 1
810: 674 1
811: 675 0
812: 711 0
813: 711 0
814: 710 0
815: 710 0
816: 710 0
817: 675 0
818: 674 0
819: 675 0
820: 674 0
821: 674 0
822: 0 0
823: 0 0
824: 0 0
825: 0 0
826: 0 0
827: 34 0
828: 35 0
829: 34 0
830: 34 0
831: 33 0
832: 0 0
833: 0 0
834: 0 0
835: 0 0
836: 0 0
837: 35 0
838: 34 0
839: 34 0
840: 34 0
841: 35 0
842: 0 0
843: 0 0
844: 0 0
845: 0 0
846: 0 0
847: 36 0
848: 34 0
849: 34 0
850: 35 0
851: 34 0
852: 0 0
853: 0 0
854: 0 0
855: 0 0
856: 0 0
857: 35 0
858: 35 0
859: 34 0
860: 35 0
861: 35 0
862: 0 0
863: 0 0
864: 0 0
865: 0 0
866: 0 0
867: 0 0
868: 36 0
869: 34 0
870: 35 0
871: 35 0
872: 34 0
873: 0 0
874: 0 0
875: 0 0
876: 0 0
877: 1 0
878: 36 0
879: 36 0
880: 33 0
881: 35 0
882: 34 0
883: 0 0
884: 0 0
885: 0 0
886: 0 0
887: 0 0
888: 35 0
889: 35 0
890: 35 0
891: 35 0
892: 34 0
893: 0 0
894: 0 0
895: 0 0
896: 0 0
897: 0 0
898: 36 0
899: 35 0
900: 35 0
901: 35 0
902: 35 0
903: 0 0
904: 0 0
905: 0 0
906: 0 0
907: 0 0
908: 0 0
909: 36 0
910: 35 0
911: 35 0
912: 35 0
913: 34 0
914: 35 1
915: 0 1
916: 35 1
917: 0 1
918: 36 1
919: 0 1
920: 35 1
921: 0 1
922: 36 1
923: 0 1
924: 0 1
925: 35 1
926: 710 1
927: 675 1
928: 710 1
929: 675 1
930: 0 1
931: 35 1
932: 0 1
933: 35 1
934: 0 1
935: 35 1
936: 710 1
937: 674 1
938: 710 1
939: 675 1
940: 710 1
941: 674 1
942: 712 1
943: 674 1
944: 710 1
945: 675 1
946: 710 1
947: 674 1
948: 711 1
949: 675 1
950: 0 1
951: 34 1
952: 710 1
953: 674 1
954: 711 1
955: 675 1
956: 710 1
957: 675 1
958: 710 1
959: 676 1
960: 674 1
961: 710 1
962: 675 1
963: 710 1
964: 674 1
965: 710 1
966: 674 1
967: 710 1
968: 674 1
969: 710 1
970: 674 1
971: 710 1
972: 676 1
973: 710 1
974: 674 1
975: 711 1
976: 674 1
977: 709 1
978: 674 1
979: 711 1
980: 674 1
981: 710 1
982: 675 1
983: 0 1
984: 35 1
985: 710 1
986: 674 1
987: 710 1
988: 674 1
989: 710 1
990: 674 1
991: 709 1
992: 676 1
993: 0 1
994: 34 1
995: 0 1
996: 35 1
997: 0 1
998: 33 1
999: 0 1
1000: 35 1
