1: 38 0
2: 0 0
3: 0 0
4: 0 0
5: 0 0
6: 0 0
7: 38 0
8: 38 0
9: 39 0
10: 37 0
11: 38 0
12: 0 0
13: 0 0
14: 1 0
15: 0 0
16: 0 0
17: 39 0
18: 37 0
19: 37 0
20: 38 0
21: 37 0
22: 38 0
23: 0 0
24: 0 0
25: 0 0
26: 0 0
27: 0 0
28: 37 0
29: 37 0
30: 37 0
31: 39 0
32: 37 0
33: 0 0
34: 0 0
35: 0 0
36: 0 0
37: 0 0
38: 39 0
39: 37 0
40: 36 0
41: 36 0
42: 37 0
43: 0 0
44: 0 0
45: 0 0
46: 0 0
47: 0 0
48: 1 0
49: 37 0
50: 38 0
51: 37 0
52: 37 0
53: 36 0
54: 0 0
55: 0 0
56: 0 0
57: 0 0
58: 0 0
59: 38 0
60: 37 0
61: 36 0
62: 37 0
63: 36 0
64: 1 0
65: 0 0
66: 0 0
67: 0 0
68: 0 0
69: 0 0
70: 37 0
71: 38 0
72: 37 0
73: 37 0
74: 37 0
75: 0 0
76: 2 0
77: 0 0
78: 0 0
79: 0 0
80: 37 0
81: 37 0
82: 36 0
83: 36 0
84: 37 0
85: 0 0
86: 0 0
87: 1 0
88: 0 0
89: 0 0
90: 0 0
91: 37 0
92: 37 0
93: 37 0
94: 38 0
95: 37 0
96: 0 0
97: 0 0
98: 0 0
99: 0 0
100: 0 0
101: 37 0
102: 37 0
103: 37 0
104: 37 0
105: 37 0
106: 0 1
107: 38 1
108: 0 1
109: 37 1
110: 0 1
111: 37 1
112: 0 1
113: 37 1
114: 0 1
115: 37 1
116: 710 1
117: 676 1
118: 712 1
119: 674 1
120: 710 1
121: 675 1
122: 711 1
123: 674 1
124: 710 1
125: 675 1
126: 710 1
127: 674 1
128: 710 1
129: 674 1
130: 711 1
131: 674 1
132: 0 1
133: 37 1
134: 0 1
135: 38 1
136: 711 1
137: 674 1
138: 710 1
139: 675 1
140: 710 1
141: 674 1
142: 712 1
143: 674 1
144: 710 1
145: 676 1
146: 710 1
147: 673 1
148: 710 1
149: 674 1
150: 710 1
151: 674 1
152: 710 1
153: 674 1
154: 710 1
155: 674 1
156: 710 1
157: 674 1
158: 710 1
159: 674 1
160: 0 1
161: 37 1
162: 0 1
163: 38 1
164: 0 1
165: 37 1
166: 711 1
167: 674 1
168: 710 1
169: 676 1
170: 709 1
171: 674 1
172: 712 1
173: 674 1
174: 710 1
175: 674 1
176: 710 1
177: 674 1
178: 710 1
179: 674 1
180: 709 1
181: 674 1
182: 711 1
183: 674 1
184: 710 1
185: 675 1
186: 710 1
187: 674 1
188: 709 1
189: 674 1
190: 710 1
191: 674 1
192: 710 1
193: 674 1
194: 709 1
195: 675 1
196: 0 1
197: 36 1
198: 0 1
199: 36 1
200: 0 1
201: 36 1
202: 0 1
203: 37 1
204: 0 1
205: 37 1
206: 36 1
207: 0 0
208: 0 0
209: 0 0
210: 0 0
211: 0 0
212: 37 0
213: 35 0
214: 37 0
215: 37 0
216: 36 0
217: 0 0
218: 0 0
219: 0 0
220: 0 0
221: 0 0
222: 37 0
223: 38 0
224: 35 0
225: 37 0
226: 37 0
227: 1 0
228: 0 0
229: 0 0
230: 0 0
231: 0 0
232: 37 0
233: 37 0
234: 37 0
235: 37 0
236: 37 0
237: 0 0
238: 0 0
239: 0 0
240: 0 0
241: 0 0
242: 0 0
243: 38 0
244: 37 0
245: 37 0
246: 37 0
247: 37 0
248: 710 0
249: 710 0
250: 711 0
251: 710 0
252: 710 0
253: 675 0
254: 674 0
255: 674 0
256: 674 0
257: 674 0
258: 710 0
259: 710 0
260: 710 0
261: 709 0
262: 710 0
263: 675 0
264: 674 0
265: 674 0
266: 676 0
267: 710 0
268: 710 0
269: 711 0
270: 710 0
271: 710 0
272: 674 0
273: 674 0
274: 675 0
275: 674 0
276: 674 0
277: 710 0
278: 710 0
279: 710 0
280: 710 0
281: 710 0
282: 674 0
283: 675 0
284: 674 0
285: 674 0
286: 675 0
287: 710 0
288: 709 0
289: 710 0
290: 710 0
291: 710 0
292: 674 0
293: 675 0
294: 674 0
295: 674 0
296: 674 0
297: 710 0
298: 710 0
299: 711 0
300: 710 0
301: 711 0
302: 674 0
303: 674 0
304: 674 0
305: 674 0
306: 674 0
307: 1 1
308: 36 1
309: 710 1
310: 675 1
311: 710 1
312: 675 1
313: 711 1
314: 673 1
315: 710 1
316: 677 1
317: 710 1
318: 674 1
319: 712 1
320: 674 1
321: 710 1
322: 675 1
323: 710 1
324: 674 1
325: 711 1
326: 674 1
327: 710 1
328: 674 1
329: 710 1
330: 674 1
331: 710 1
332: 711 1
333: 674 1
334: 710 1
335: 673 1
336: 711 1
337: 674 1
338: 710 1
339: 674 1
340: 711 1
341: 673 1
342: 711 1
343: 674 1
344: 711 1
345: 674 1
346: 710 1
347: 673 1
348: 710 1
349: 674 1
350: 710 1
351: 674 1
352: 711 1
353: 673 1
354: 710 1
355: 674 1
356: 710 1
357: 674 1
358: 710 1
359: 674 1
360: 710 1
361: 674 1
362: 0 1
363: 36 1
364: 0 1
365: 36 1
366: 0 1
367: 37 1
368: 0 1
369: 37 1
370: 0 1
371: 38 1
372: 0 1
373: 38 1
374: 0 1
375: 1 1
376: 37 1
377: 0 1
378: 37 1
379: 711 1
380: 674 1
381: 0 1
382: 37 1
383: 0 1
384: 37 1
385: 0 1
386: 36 1
387: 0 1
388: 37 1
389: 0 1
390: 38 1
391: 0 1
392: 37 1
393: 0 1
394: 38 1
395: 0 1
396: 37 1
397: 710 1
398: 674 1
399: 711 1
400: 675 1
401: 710 1
402: 675 1
403: 711 1
404: 674 1
405: 710 1
406: 675 1
407: 674 1
408: 710 0
409: 710 0
410: 710 0
411: 710 0
412: 710 0
413: 675 0
414: 674 0
415: 673 0
416: 674 0
417: 674 0
418: 710 0
419: 710 0
420: 711 0
421: 709 0
422: 710 0
423: 674 0
424: 674 0
425: 674 0
426: 675 0
427: 674 0
428: 711 0
429: 710 0
430: 710 0
431: 710 0
432: 711 0
433: 674 0
434: 675 0
435: 674 0
436: 675 0
437: 675 0
438: 711 0
439: 711 0
440: 711 0
441: 710 0
442: 673 0
443: 675 0
444: 674 0
445: 674 0
446: 675 0
447: 710 0
448: 710 0
449: 710 0
450: 710 0
451: 710 0
452: 674 0
453: 674 0
454: 674 0
455: 673 0
456: 675 0
457: 710 0
458: 710 0
459: 712 0
460: 711 0
461: 710 0
462: 673 0
463: 675 0
464: 674 0
465: 673 0
466: 675 0
467: 710 0
468: 710 0
469: 711 0
470: 710 0
471: 710 0
472: 675 0
473: 674 0
474: 674 0
475: 674 0
476: 675 0
477: 710 0
478: 709 0
479: 711 0
480: 710 0
481: 710 0
482: 673 0
483: 674 0
484: 674 0
485: 674 0
486: 674 0
487: 710 0
488: 710 0
489: 711 0
490: 710 0
491: 710 0
492: 675 0
493: 673 0
494: 673 0
495: 674 0
496: 674 0
497: 710 0
498: 711 0
499: 711 0
500: 710 0
501: 711 0
502: 674 0
503: 674 0
504: 675 0
505: 674 0
506: 674 0
507: 36 1
508: 37 1
509: 0 1
510: 37 1
511: 0 1
512: 36 1
513: 0 1
514: 36 1
515: 0 1
516: 36 1
517: 0 1
518: 37 1
519: 0 1
520: 37 1
521: 0 1
522: 38 1
523: 710 1
524: 674 1
525: 710 1
526: 675 1
527: 710 1
528: 674 1
529: 711 1
530: 674 1
531: 710 1
532: 676 1
533: 710 1
534: 674 1
535: 710 1
536: 675 1
537: 710 1
538: 675 1
539: 711 1
540: 674 1
541: 711 1
542: 674 1
543: 710 1
544: 675 1
545: 0 1
546: 37 1
547: 0 1
548: 37 1
549: 0 1
550: 37 1
551: 0 1
552: 37 1
553: 711 1
554: 674 1
555: 710 1
556: 676 1
557: 712 1
558: 674 1
559: 712 1
560: 674 1
561: 710 1
562: 674 1
563: 0 1
564: 37 1
565: 0 1
566: 37 1
567: 0 1
568: 37 1
569: 3 1
570: 37 1
571: 0 1
572: 37 1
573: 0 1
574: 37 1
575: 0 1
576: 37 1
577: 710 1
578: 674 1
579: 711 1
580: 674 1
581: 710 1
582: 674 1
583: 712 1
584: 674 1
585: 710 1
586: 675 1
587: 710 1
588: 674 1
589: 710 1
590: 674 1
591: 710 1
592: 674 1
593: 0 1
594: 37 1
595: 710 1
596: 674 1
597: 710 1
598: 674 1
599: 711 1
600: 674 1
601: 710 1
602: 673 1
603: 711 1
604: 674 1
605: 711 1
606: 675 1
607: 674 1
608: 711 0
609: 710 0
610: 710 0
611: 711 0
612: 711 0
613: 674 0
614: 676 0
615: 673 0
616: 675 0
617: 674 0
618: 710 0
619: 711 0
620: 710 0
621: 710 0
622: 710 0
623: 674 0
624: 673 0
625: 674 0
626: 674 0
627: 710 0
628: 709 0
629: 710 0
630: 710 0
631: 710 0
632: 674 0
633: 674 0
634: 674 0
635: 674 0
636: 675 0
637: 711 0
638: 710 0
639: 711 0
640: 711 0
641: 710 0
642: 674 0
643: 675 0
644: 674 0
645: 674 0
646: 675 0
647: 710 0
648: 710 0
649: 711 0
650: 710 0
651: 710 0
652: 675 0
653: 674 0
654: 673 0
655: 674 0
656: 674 0
657: 710 0
658: 710 0
659: 711 0
660: 710 0
661: 709 0
662: 673 0
663: 674 0
664: 673 0
665: 675 0
666: 674 0
667: 710 0
668: 710 0
669: 712 0
670: 710 0
671: 710 0
672: 677 0
673: 674 0
674: 673 0
675: 674 0
676: 674 0
677: 710 0
678: 711 0
679: 710 0
680: 710 0
681: 711 0
682: 674 0
683: 674 0
684: 673 0
685: 675 0
686: 673 0
687: 709 0
688: 710 0
689: 711 0
690: 710 0
691: 709 0
692: 675 0
693: 673 0
694: 673 0
695: 674 0
696: 674 0
697: 710 0
698: 711 0
699: 710 0
700: 709 0
701: 712 0
702: 675 0
703: 673 0
704: 674 0
705: 674 0
706: 674 0
707: 675 1
708: 710 1
709: 674 1
710: 0 1
711: 36 1
712: 0 1
713: 36 1
714: 0 1
715: 36 1
716: 710 1
717: 674 1
718: 0 1
719: 36 1
720: 0 1
721: 1 1
722: 35 1
723: 0 1
724: 36 1
725: 0 1
726: 36 1
727: 710 1
728: 674 1
729: 711 1
730: 674 1
731: 710 1
732: 675 1
733: 0 1
734: 36 1
735: 0 1
736: 36 1
737: 0 1
738: 36 1
739: 0 1
740: 37 1
741: 0 1
742: 36 1
743: 0 1
744: 36 1
745: 0 1
746: 37 1
747: 0 1
748: 35 1
749: 0 1
750: 37 1
751: 0 1
752: 37 1
753: 0 1
754: 37 1
755: 0 1
756: 36 1
757: 710 1
758: 674 1
759: 0 1
760: 36 1
761: 710 1
762: 675 1
763: 0 1
764: 37 1
765: 710 1
766: 675 1
767: 710 1
768: 674 1
769: 710 1
770: 675 1
771: 711 1
772: 673 1
773: 0 1
774: 35 1
775: 0 1
776: 37 1
777: 0 1
778: 37 1
779: 710 1
780: 674 1
781: 710 1
782: 673 1
783: 711 1
784: 674 1
785: 710 1
786: 675 1
787: 710 1
788: 673 1
789: 0 1
790: 37 1
791: 0 1
792: 36 1
793: 0 1
794: 37 1
795: 710 1
796: 674 1
797: 710 1
798: 673 1
799: 0 1
800: 36 1
801: 0 1
802: 36 1
803: 0 1
804: 37 1
805: 0 1
806: 37 1
807: 36 1
808: 0 0
809: 0 0
810: 0 0
811: 0 0
812: 0 0
813: 0 0
814: 36 0
815: 36 0
816: 36 0
817: 36 0
818: 37 0
819: 0 0
820: 0 0
821: 0 0
822: 0 0
823: 0 0
824: 37 0
825: 37 0
826: 36 0
827: 35 0
828: 36 0
829: 710 0
830: 710 0
831: 710 0
832: 710 0
833: 710 0
834: 674 0
835: 674 0
836: 673 0
837: 674 0
838: 675 0
839: 0 0
840: 0 0
841: 0 0
842: 0 0
843: 0 0
844: 36 0
845: 37 0
846: 36 0
847: 35 0
848: 36 0
849: 0 0
850: 0 0
851: 0 0
852: 0 0
853: 0 0
854: 37 0
855: 36 0
856: 36 0
857: 36 0
858: 36 0
859: 710 0
860: 710 0
861: 711 0
862: 710 0
863: 709 0
864: 675 0
865: 673 0
866: 674 0
867: 676 0
868: 674 0
869: 0 0
870: 1 0
871: 0 0
872: 0 0
873: 0 0
874: 37 0
875: 36 0
876: 36 0
877: 37 0
878: 36 0
879: 0 0
880: 0 0
881: 0 0
882: 0 0
883: 0 0
884: 0 0
885: 35 0
886: 36 0
887: 37 0
888: 37 0
889: 37 0
890: 0 0
891: 0 0
892: 0 0
893: 0 0
894: 0 0
895: 36 0
896: 36 0
897: 37 0
898: 37 0
899: 37 0
900: 0 0
901: 0 0
902: 0 0
903: 0 0
904: 0 0
905: 36 0
906: 36 0
907: 36 0
908: 35 0
909: 35 0
910: 0 1
911: 38 1
912: 711 1
913: 674 1
914: 710 1
915: 675 1
916: 0 1
917: 35 1
918: 0 1
919: 36 1
920: 0 1
921: 36 1
922: 0 1
923: 37 1
924: 0 1
925: 36 1
926: 0 1
927: 37 1
928: 0 1
929: 37 1
930: 0 1
931: 37 1
932: 711 1
933: 674 1
934: 710 1
935: 675 1
936: 711 1
937: 674 1
938: 710 1
939: 676 1
940: 710 1
941: 674 1
942: 0 1
943: 37 1
944: 0 1
945: 37 1
946: 710 1
947: 674 1
948: 711 1
949: 674 1
950: 0 1
951: 36 1
952: 0 1
953: 37 1
954: 0 1
955: 37 1
956: 711 1
957: 675 1
958: 710 1
959: 675 1
960: 710 1
961: 674 1
962: 711 1
963: 674 1
964: 710 1
965: 674 1
966: 710 1
967: 674 1
968: 710 1
969: 675 1
970: 710 1
971: 673 1
972: 710 1
973: 673 1
974: 710 1
975: 675 1
976: 710 1
977: 673 1
978: 711 1
979: 675 1
980: 710 1
981: 674 1
982: 711 1
983: 674 1
984: 711 1
985: 673 1
986: 710 1
987: 674 1
988: 710 1
989: 674 1
990: 0 1
991: 36 1
992: 0 1
993: 37 1
994: 0 1
995: 37 1
996: 0 1
997: 37 1
998: 0 1
999: 36 1
1000: 0 1
