1: 35 0
2: 0 0
3: 0 0
4: 1 0
5: 0 0
6: 0 0
7: 35 0
8: 34 0
9: 35 0
10: 35 0
11: 34 0
12: 0 0
13: 0 0
14: 0 0
15: 0 0
16: 0 0
17: 35 0
18: 36 0
19: 34 0
20: 35 0
21: 34 0
22: 34 0
23: 0 0
24: 0 0
25: 0 0
26: 0 0
27: 0 0
28: 35 0
29: 34 0
30: 35 0
31: 35 0
32: 34 0
33: 0 0
34: 0 0
35: 0 0
36: 0 0
37: 0 0
38: 35 0
39: 34 0
40: 34 0
41: 35 0
42: 34 0
43: 0 0
44: 0 0
45: 0 0
46: 0 0
47: 0 0
48: 0 0
49: 34 0
50: 35 0
51: 35 0
52: 34 0
53: 35 0
54: 0 0
55: 0 0
56: 0 0
57: 0 0
58: 0 0
59: 35 0
60: 37 0
61: 35 0
62: 35 0
63: 34 0
64: 712 0
65: 710 0
66: 710 0
67: 710 0
68: 710 0
69: 673 0
70: 675 0
71: 677 0
72: 674 0
73: 674 0
74: 676 0
75: 710 0
76: 711 0
77: 712 0
78: 710 0
79: 710 0
80: 675 0
81: 675 0
82: 674 0
83: 674 0
84: 676 0
85: 710 0
86: 710 0
87: 710 0
88: 710 0
89: 710 0
90: 675 0
91: 675 0
92: 674 0
93: 675 0
94: 674 0
95: 710 0
96: 711 0
97: 710 0
98: 710 0
99: 710 0
100: 673 0
101: 674 0
102: 674 0
103: 674 0
104: 674 0
105: 711 1
106: 674 1
107: 710 1
108: 676 1
109: 710 1
110: 674 1
111: 712 1
112: 710 1
113: 673 1
114: 711 1
115: 675 1
116: 710 1
117: 675 1
118: 710 1
119: 673 1
120: 710 1
121: 675 1
122: 710 1
123: 674 1
124: 711 1
125: 674 1
126: 710 1
127: 673 1
128: 710 1
129: 674 1
130: 710 1
131: 674 1
132: 710 1
133: 673 1
134: 0 1
135: 34 1
136: 0 1
137: 34 1
138: 711 1
139: 674 1
140: 710 1
141: 676 1
142: 710 1
143: 674 1
144: 712 1
145: 674 1
146: 710 1
147: 673 1
148: 710 1
149: 674 1
150: 710 1
151: 675 1
152: 710 1
153: 674 1
154: 710 1
155: 675 1
156: 710 1
157: 675 1
158: 0 1
159: 33 1
160: 0 1
161: 34 1
162: 0 1
163: 35 1
164: 0 1
165: 36 1
166: 0 1
167: 35 1
168: 0 1
169: 35 1
170: 0 1
171: 0 1
172: 34 1
173: 0 1
174: 35 1
175: 2 1
176: 35 1
177: 0 1
178: 35 1
179: 0 1
180: 34 1
181: 710 1
182: 674 1
183: 710 1
184: 675 1
185: 710 1
186: 673 1
187: 710 1
188: 675 1
189: 710 1
190: 674 1
191: 712 1
192: 674 1
193: 710 1
194: 674 1
195: 711 1
196: 675 1
197: 710 1
198: 675 1
199: 711 1
200: 674 1
201: 710 1
202: 675 1
203: 710 1
204: 674 1
205: 710 0
206: 709 0
207: 709 0
208: 714 0
209: 710 0
210: 674 0
211: 675 0
212: 673 0
213: 674 0
214: 674 0
215: 710 0
216: 710 0
217: 710 0
218: 710 0
219: 710 0
220: 674 0
221: 674 0
222: 674 0
223: 674 0
224: 675 0
225: 710 0
226: 710 0
227: 710 0
228: 712 0
229: 710 0
230: 675 0
231: 676 0
232: 674 0
233: 674 0
234: 675 0
235: 710 0
236: 710 0
237: 711 0
238: 710 0
239: 709 0
240: 674 0
241: 675 0
242: 674 0
243: 675 0
244: 675 0
245: 0 0
246: 1 0
247: 0 0
248: 0 0
249: 0 0
250: 35 0
251: 34 0
252: 35 0
253: 35 0
254: 34 0
255: 0 0
256: 0 0
257: 0 0
258: 0 0
259: 0 0
260: 36 0
261: 34 0
262: 34 0
263: 35 0
264: 35 0
265: 0 0
266: 0 0
267: 0 0
268: 0 0
269: 0 0
270: 0 0
271: 35 0
272: 35 0
273: 35 0
274: 35 0
275: 34 0
276: 0 0
277: 0 0
278: 0 0
279: 0 0
280: 0 0
281: 35 0
282: 35 0
283: 35 0
284: 35 0
285: 34 0
286: 0 0
287: 0 0
288: 0 0
289: 0 0
290: 0 0
291: 35 0
292: 34 0
293: 35 0
294: 35 0
295: 35 0
296: 0 0
297: 0 0
298: 0 0
299: 0 0
300: 0 0
301: 35 0
302: 34 0
303: 35 0
304: 35 0
305: 35 0
306: 35 0
307: 0 1
308: 35 1
309: 0 1
310: 35 1
311: 0 1
312: 33 1
313: 0 1
314: 34 1
315: 710 1
316: 676 1
317: 710 1
318: 674 1
319: 712 1
320: 673 1
321: 710 1
322: 675 1
323: 710 1
324: 674 1
325: 711 1
326: 675 1
327: 709 1
328: 675 1
329: 710 1
330: 674 1
331: 711 1
332: 676 1
333: 710 1
334: 675 1
335: 710 1
336: 675 1
337: 710 1
338: 674 1
339: 711 1
340: 674 1
341: 710 1
342: 674 1
343: 710 1
344: 674 1
345: 710 1
346: 674 1
347: 0 1
348: 34 1
349: 0 1
350: 34 1
351: 710 1
352: 675 1
353: 710 1
354: 674 1
355: 710 1
356: 675 1
357: 0 1
358: 34 1
359: 0 1
360: 34 1
361: 0 1
362: 35 1
363: 0 1
364: 35 1
365: 0 1
366: 33 1
367: 0 1
368: 35 1
369: 0 1
370: 33 1
371: 0 1
372: 35 1
373: 0 1
374: 34 1
375: 0 1
376: 34 1
377: 0 1
378: 35 1
379: 0 1
380: 34 1
381: 0 1
382: 34 1
383: 0 1
384: 35 1
385: 0 1
386: 34 1
387: 0 1
388: 35 1
389: 0 1
390: 35 1
391: 0 1
392: 35 1
393: 0 1
394: 35 1
395: 710 1
396: 674 1
397: 711 1
398: 674 1
399: 710 1
400: 675 1
401: 710 1
402: 674 1
403: 710 1
404: 674 1
405: 710 1
406: 675 1
407: 674 0
408: 710 0
409: 710 0
410: 711 0
411: 710 0
412: 674 0
413: 676 0
414: 674 0
415: 675 0
416: 674 0
417: 710 0
418: 711 0
419: 710 0
420: 710 0
421: 711 0
422: 673 0
423: 674 0
424: 675 0
425: 674 0
426: 675 0
427: 710 0
428: 710 0
429: 710 0
430: 711 0
431: 710 0
432: 674 0
433: 675 0
434: 674 0
435: 674 0
436: 674 0
437: 710 0
438: 710 0
439: 710 0
440: 710 0
441: 710 0
442: 674 0
443: 675 0
444: 676 0
445: 675 0
446: 675 0
447: 712 0
448: 710 0
449: 710 0
450: 712 0
451: 709 0
452: 674 0
453: 676 0
454: 674 0
455: 674 0
456: 675 0
457: 710 0
458: 710 0
459: 711 0
460: 710 0
461: 710 0
462: 674 0
463: 675 0
464: 674 0
465: 675 0
466: 675 0
467: 710 0
468: 710 0
469: 710 0
470: 710 0
471: 710 0
472: 674 0
473: 675 0
474: 673 0
475: 673 0
476: 675 0
477: 710 0
478: 709 0
479: 711 0
480: 709 0
481: 711 0
482: 674 0
483: 675 0
484: 674 0
485: 674 0
486: 675 0
487: 709 0
488: 710 0
489: 709 0
490: 710 0
491: 709 0
492: 674 0
493: 674 0
494: 673 0
495: 673 0
496: 674 0
497: 709 0
498: 709 0
499: 711 0
500: 710 0
501: 709 0
502: 673 0
503: 674 0
504: 674 0
505: 674 0
506: 674 0
507: 710 1
508: 674 1
509: 0 1
510: 35 1
511: 0 1
512: 0 1
513: 34 1
514: 0 1
515: 34 1
516: 0 1
517: 35 1
518: 0 1
519: 33 1
520: 1 1
521: 34 1
522: 0 1
523: 33 1
524: 0 1
525: 34 1
526: 0 1
527: 34 1
528: 0 1
529: 35 1
530: 0 1
531: 34 1
532: 0 1
533: 34 1
534: 0 1
535: 35 1
536: 0 1
537: 34 1
538: 0 1
539: 33 1
540: 0 1
541: 35 1
542: 0 1
543: 34 1
544: 0 1
545: 34 1
546: 0 1
547: 34 1
548: 0 1
549: 35 1
550: 0 1
551: 34 1
552: 0 1
553: 35 1
554: 34 1
555: 0 1
556: 33 1
557: 711 1
558: 674 1
559: 710 1
560: 675 1
561: 0 1
562: 35 1
563: 0 1
564: 36 1
565: 0 1
566: 35 1
567: 0 1
568: 35 1
569: 0 1
570: 34 1
571: 710 1
572: 673 1
573: 710 1
574: 675 1
575: 710 1
576: 674 1
577: 711 1
578: 674 1
579: 710 1
580: 676 1
581: 0 1
582: 34 1
583: 0 1
584: 34 1
585: 0 1
586: 34 1
587: 0 1
588: 34 1
589: 0 1
590: 34 1
591: 0 1
592: 35 1
593: 0 1
594: 35 1
595: 0 1
596: 34 1
597: 0 1
598: 34 1
599: 0 1
600: 34 1
601: 711 1
602: 674 1
603: 711 1
604: 674 1
605: 710 1
606: 674 1
607: 710 1
608: 674 1
609: 674 0
610: 674 0
611: 713 0
612: 711 0
613: 710 0
614: 712 0
615: 710 0
616: 674 0
617: 674 0
618: 674 0
619: 674 0
620: 677 0
621: 711 0
622: 710 0
623: 710 0
624: 710 0
625: 710 0
626: 673 0
627: 675 0
628: 674 0
629: 673 0
630: 673 0
631: 0 0
632: 0 0
633: 0 0
634: 0 0
635: 0 0
636: 34 0
637: 33 0
638: 33 0
639: 33 0
640: 35 0
641: 0 0
642: 0 0
643: 0 0
644: 0 0
645: 0 0
646: 34 0
647: 33 0
648: 34 0
649: 34 0
650: 34 0
651: 0 0
652: 0 0
653: 0 0
654: 0 0
655: 0 0
656: 35 0
657: 34 0
658: 34 0
659: 33 0
660: 34 0
661: 710 0
662: 710 0
663: 710 0
664: 710 0
665: 711 0
666: 674 0
667: 674 0
668: 675 0
669: 674 0
670: 674 0
671: 710 0
672: 710 0
673: 710 0
674: 711 0
675: 710 0
676: 674 0
677: 674 0
678: 675 0
679: 674 0
680: 675 0
681: 711 0
682: 710 0
683: 710 0
684: 710 0
685: 711 0
686: 674 0
687: 674 0
688: 675 0
689: 674 0
690: 673 0
691: 710 0
692: 710 0
693: 710 0
694: 710 0
695: 710 0
696: 673 0
697: 674 0
698: 675 0
699: 674 0
700: 674 0
701: 711 0
702: 710 0
703: 710 0
704: 710 0
705: 710 0
706: 675 0
707: 674 0
708: 674 0
709: 711 1
710: 673 1
711: 711 1
712: 674 1
713: 710 1
714: 674 1
715: 711 1
716: 674 1
717: 710 1
718: 675 1
719: 0 1
720: 33 1
721: 0 1
722: 34 1
723: 0 1
724: 34 1
725: 710 1
726: 674 1
727: 710 1
728: 674 1
729: 710 1
730: 674 1
731: 710 1
732: 674 1
733: 711 1
734: 674 1
735: 710 1
736: 674 1
737: 710 1
738: 674 1
739: 711 1
740: 674 1
741: 712 1
742: 674 1
743: 710 1
744: 674 1
745: 709 1
746: 674 1
747: 710 1
748: 675 1
749: 0 1
750: 33 1
751: 0 1
752: 35 1
753: 0 1
754: 35 1
755: 0 1
756: 35 1
757: 0 1
758: 35 1
759: 0 1
760: 34 1
761: 0 1
762: 34 1
763: 0 1
764: 35 1
765: 0 1
766: 0 1
767: 34 1
768: 0 1
769: 35 1
770: 0 1
771: 35 1
772: 0 1
773: 34 1
774: 0 1
775: 34 1
776: 0 1
777: 35 1
778: 711 1
779: 674 1
780: 710 1
781: 675 1
782: 710 1
783: 674 1
784: 710 1
785: 675 1
786: 710 1
787: 674 1
788: 0 1
789: 34 1
790: 0 1
791: 35 1
792: 0 1
793: 35 1
794: 0 1
795: 34 1
796: 0 1
797: 35 1
798: 0 1
799: 35 1
800: 0 1
801: 34 1
802: 0 1
803: 33 1
804: 712 1
805: 675 1
806: 711 1
807: 676 1
808: 0 1
809: 35 1
810: 35 0
811: 0 0
812: 0 0
813: 0 0
814: 0 0
815: 0 0
816: 35 0
817: 34 0
818: 34 0
819: 34 0
820: 35 0
821: 710 0
822: 711 0
823: 710 0
824: 709 0
825: 710 0
826: 675 0
827: 674 0
828: 674 0
829: 675 0
830: 674 0
831: 710 0
832: 711 0
833: 710 0
834: 711 0
835: 710 0
836: 674 0
837: 674 0
838: 674 0
839: 675 0
840: 674 0
841: 709 0
842: 711 0
843: 710 0
844: 710 0
845: 710 0
846: 675 0
847: 674 0
848: 675 0
849: 675 0
850: 674 0
851: 710 0
852: 710 0
853: 710 0
854: 710 0
855: 711 0
856: 674 0
857: 674 0
858: 674 0
859: 675 0
860: 674 0
861: 710 0
862: 711 0
863: 709 0
864: 710 0
865: 708 0
866: 675 0
867: 674 0
868: 674 0
869: 674 0
870: 674 0
871: 710 0
872: 712 0
873: 710 0
874: 710 0
875: 712 0
876: 674 0
877: 673 0
878: 674 0
879: 674 0
880: 674 0
881: 710 0
882: 710 0
883: 710 0
884: 710 0
885: 710 0
886: 674 0
887: 674 0
888: 674 0
889: 674 0
890: 674 0
891: 710 0
892: 711 0
893: 710 0
894: 710 0
895: 711 0
896: 673 0
897: 673 0
898: 675 0
899: 674 0
900: 673 0
901: 711 0
902: 710 0
903: 709 0
904: 710 0
905: 710 0
906: 673 0
907: 674 0
908: 674 0
909: 674 0
910: 674 1
911: 709 1
912: 674 1
913: 710 1
914: 673 1
915: 711 1
916: 674 1
917: 0 1
918: 34 1
919: 0 1
920: 34 1
921: 0 1
922: 35 1
923: 0 1
924: 35 1
925: 0 1
926: 35 1
927: 710 1
928: 675 1
929: 710 1
930: 674 1
931: 709 1
932: 675 1
933: 710 1
934: 673 1
935: 711 1
936: 674 1
937: 710 1
938: 672 1
939: 710 1
940: 673 1
941: 710 1
942: 674 1
943: 711 1
944: 673 1
945: 711 1
946: 675 1
947: 710 1
948: 674 1
949: 711 1
950: 674 1
951: 710 1
952: 675 1
953: 710 1
954: 674 1
955: 712 1
956: 674 1
957: 710 1
958: 674 1
959: 710 1
960: 674 1
961: 711 1
962: 674 1
963: 710 1
964: 673 1
965: 711 1
966: 673 1
967: 708 1
968: 675 1
969: 710 1
970: 674 1
971: 710 1
972: 674 1
973: 0 1
974: 34 1
975: 0 1
976: 35 1
977: 0 1
978: 34 1
979: 0 1
980: 34 1
981: 0 1
982: 35 1
983: 0 1
984: 35 1
985: 0 1
986: 34 1
987: 0 1
988: 35 1
989: 0 1
990: 35 1
991: 0 1
992: 0 1
993: 35 1
994: 0 1
995: 34 1
996: 711 1
997: 674 1
998: 710 1
999: 675 1
1000: 710 1
