1: 34 0
2: 0 0
3: 0 0
4: 0 0
5: 0 0
6: 0 0
7: 36 0
8: 35 0
9: 35 0
10: 35 0
11: 36 0
12: 0 0
13: 0 0
14: 0 0
15: 0 0
16: 2 0
17: 36 0
18: 35 0
19: 35 0
20: 34 0
21: 34 0
22: 35 0
23: 0 0
24: 0 0
25: 0 0
26: 0 0
27: 0 0
28: 35 0
29: 35 0
30: 34 0
31: 34 0
32: 35 0
33: 0 0
34: 0 0
35: 0 0
36: 0 0
37: 0 0
38: 34 0
39: 35 0
40: 34 0
41: 35 0
42: 36 0
43: 0 0
44: 0 0
45: 0 0
46: 0 0
47: 0 0
48: 0 0
49: 35 0
50: 36 0
51: 35 0
52: 36 0
53: 36 0
54: 0 0
55: 0 0
56: 0 0
57: 0 0
58: 0 0
59: 36 0
60: 36 0
61: 36 0
62: 35 0
63: 35 0
64: 0 0
65: 0 0
66: 0 0
67: 0 0
68: 0 0
69: 0 0
70: 35 0
71: 35 0
72: 36 0
73: 35 0
74: 36 0
75: 0 0
76: 0 0
77: 0 0
78: 0 0
79: 0 0
80: 36 0
81: 36 0
82: 35 0
83: 36 0
84: 35 0
85: 0 0
86: 0 0
87: 0 0
88: 0 0
89: 0 0
90: 0 0
91: 35 0
92: 36 0
93: 36 0
94: 35 0
95: 36 0
96: 0 0
97: 0 0
98: 0 0
99: 0 0
100: 0 0
101: 36 0
102: 35 0
103: 35 0
104: 35 0
105: 36 0
106: 710 1
107: 674 1
108: 711 1
109: 675 1
110: 710 1
111: 676 1
112: 710 1
113: 674 1
114: 710 1
115: 675 1
116: 709 1
117: 675 1
118: 711 1
119: 674 1
120: 710 1
121: 674 1
122: 710 1
123: 674 1
124: 0 1
125: 34 1
126: 0 1
127: 35 1
128: 0 1
129: 35 1
130: 0 1
131: 35 1
132: 710 1
133: 674 1
134: 710 1
135: 676 1
136: 710 1
137: 674 1
138: 711 1
139: 674 1
140: 710 1
141: 675 1
142: 0 1
143: 36 1
144: 0 1
145: 35 1
146: 710 1
147: 674 1
148: 710 1
149: 674 1
150: 710 1
151: 675 1
152: 710 1
153: 674 1
154: 710 1
155: 675 1
156: 710 1
157: 674 1
158: 712 1
159: 675 1
160: 710 1
161: 674 1
162: 711 1
163: 674 1
164: 710 1
165: 675 1
166: 710 1
167: 674 1
168: 712 1
169: 710 1
170: 673 1
171: 0 1
172: 0 1
173: 35 1
174: 0 1
175: 34 1
176: 0 1
177: 36 1
178: 711 1
179: 674 1
180: 710 1
181: 674 1
182: 710 1
183: 674 1
184: 710 1
185: 675 1
186: 710 1
187: 674 1
188: 710 1
189: 674 1
190: 710 1
191: 675 1
192: 711 1
193: 674 1
194: 710 1
195: 712 1
196: 674 1
197: 710 1
198: 676 1
199: 711 1
200: 673 1
201: 711 1
202: 674 1
203: 710 1
204: 675 1
205: 674 1
206: 0 0
207: 0 0
208: 0 0
209: 0 0
210: 0 0
211: 35 0
212: 35 0
213: 34 0
214: 35 0
215: 35 0
216: 34 0
217: 0 0
218: 0 0
219: 0 0
220: 0 0
221: 0 0
222: 35 0
223: 35 0
224: 35 0
225: 35 0
226: 35 0
227: 0 0
228: 0 0
229: 0 0
230: 0 0
231: 0 0
232: 35 0
233: 35 0
234: 35 0
235: 35 0
236: 35 0
237: 711 0
238: 710 0
239: 710 0
240: 711 0
241: 710 0
242: 675 0
243: 675 0
244: 674 0
245: 676 0
246: 675 0
247: 710 0
248: 710 0
249: 711 0
250: 710 0
251: 710 0
252: 675 0
253: 674 0
254: 674 0
255: 674 0
256: 674 0
257: 710 0
258: 710 0
259: 710 0
260: 710 0
261: 710 0
262: 675 0
263: 674 0
264: 674 0
265: 676 0
266: 674 0
267: 710 0
268: 710 0
269: 711 0
270: 710 0
271: 710 0
272: 675 0
273: 674 0
274: 674 0
275: 675 0
276: 674 0
277: 710 0
278: 711 0
279: 710 0
280: 709 0
281: 710 0
282: 675 0
283: 674 0
284: 674 0
285: 675 0
286: 674 0
287: 710 0
288: 710 0
289: 710 0
290: 710 0
291: 710 0
292: 675 0
293: 674 0
294: 674 0
295: 675 0
296: 1 0
297: 0 0
298: 0 0
299: 0 0
300: 0 0
301: 0 0
302: 34 0
303: 35 0
304: 35 0
305: 35 0
306: 34 0
307: 674 1
308: 0 1
309: 35 1
310: 0 1
311: 36 1
312: 712 1
313: 674 1
314: 710 1
315: 675 1
316: 710 1
317: 674 1
318: 711 1
319: 674 1
320: 710 1
321: 674 1
322: 711 1
323: 674 1
324: 710 1
325: 675 1
326: 710 1
327: 674 1
328: 710 1
329: 674 1
330: 710 1
331: 674 1
332: 711 1
333: 674 1
334: 710 1
335: 676 1
336: 710 1
337: 674 1
338: 712 1
339: 674 1
340: 0 1
341: 35 1
342: 711 1
343: 674 1
344: 711 1
345: 675 1
346: 710 1
347: 675 1
348: 710 1
349: 675 1
350: 710 1
351: 674 1
352: 710 1
353: 675 1
354: 710 1
355: 676 1
356: 0 1
357: 33 1
358: 0 1
359: 35 1
360: 710 1
361: 674 1
362: 0 1
363: 34 1
364: 0 1
365: 35 1
366: 0 1
367: 35 1
368: 0 1
369: 36 1
370: 0 1
371: 35 1
372: 0 1
373: 35 1
374: 710 1
375: 674 1
376: 710 1
377: 673 1
378: 710 1
379: 675 1
380: 709 1
381: 674 1
382: 0 1
383: 35 1
384: 710 1
385: 675 1
386: 710 1
387: 673 1
388: 711 1
389: 675 1
390: 710 1
391: 674 1
392: 712 1
393: 675 1
394: 711 1
395: 674 1
396: 711 1
397: 674 1
398: 711 1
399: 676 1
400: 711 1
401: 674 1
402: 713 1
403: 675 1
404: 711 1
405: 677 1
406: 675 1
407: 710 0
408: 711 0
409: 711 0
410: 710 0
411: 711 0
412: 675 0
413: 674 0
414: 674 0
415: 675 0
416: 675 0
417: 710 0
418: 712 0
419: 710 0
420: 710 0
421: 710 0
422: 676 0
423: 675 0
424: 674 0
425: 676 0
426: 674 0
427: 0 0
428: 0 0
429: 0 0
430: 0 0
431: 0 0
432: 35 0
433: 35 0
434: 35 0
435: 35 0
436: 36 0
437: 710 0
438: 711 0
439: 710 0
440: 710 0
441: 710 0
442: 675 0
443: 675 0
444: 675 0
445: 676 0
446: 674 0
447: 0 0
448: 0 0
449: 0 0
450: 0 0
451: 0 0
452: 35 0
453: 35 0
454: 36 0
455: 35 0
456: 34 0
457: 711 0
458: 710 0
459: 710 0
460: 711 0
461: 710 0
462: 675 0
463: 675 0
464: 674 0
465: 675 0
466: 675 0
467: 710 0
468: 710 0
469: 711 0
470: 710 0
471: 710 0
472: 675 0
473: 674 0
474: 674 0
475: 674 0
476: 674 0
477: 709 0
478: 710 0
479: 710 0
480: 710 0
481: 710 0
482: 675 0
483: 675 0
484: 674 0
485: 676 0
486: 675 0
487: 709 0
488: 710 0
489: 711 0
490: 710 0
491: 710 0
492: 675 0
493: 674 0
494: 674 0
495: 675 0
496: 674 0
497: 710 0
498: 711 0
499: 710 0
500: 709 0
501: 710 0
502: 675 0
503: 674 0
504: 674 0
505: 675 0
506: 674 0
507: 674 1
508: 710 1
509: 674 1
510: 710 1
511: 674 1
512: 710 1
513: 674 1
514: 710 1
515: 675 1
516: 710 1
517: 674 1
518: 712 1
519: 674 1
520: 710 1
521: 674 1
522: 711 1
523: 674 1
524: 711 1
525: 675 1
526: 710 1
527: 674 1
528: 710 1
529: 673 1
530: 711 1
531: 674 1
532: 710 1
533: 674 1
534: 0 1
535: 34 1
536: 0 1
537: 34 1
538: 0 1
539: 34 1
540: 0 1
541: 35 1
542: 711 1
543: 674 1
544: 710 1
545: 675 1
546: 710 1
547: 674 1
548: 710 1
549: 673 1
550: 710 1
551: 675 1
552: 710 1
553: 674 1
554: 0 1
555: 34 1
556: 0 1
557: 35 1
558: 0 1
559: 34 1
560: 0 1
561: 35 1
562: 0 1
563: 34 1
564: 0 1
565: 36 1
566: 0 1
567: 36 1
568: 35 1
569: 0 1
570: 35 1
571: 0 1
572: 35 1
573: 0 1
574: 34 1
575: 0 1
576: 34 1
577: 0 1
578: 35 1
579: 0 1
580: 35 1
581: 0 1
582: 35 1
583: 710 1
584: 675 1
585: 710 1
586: 675 1
587: 711 1
588: 674 1
589: 711 1
590: 675 1
591: 710 1
592: 675 1
593: 711 1
594: 674 1
595: 710 1
596: 676 1
597: 710 1
598: 674 1
599: 711 1
600: 674 1
601: 710 1
602: 675 1
603: 710 1
604: 674 1
605: 711 1
606: 674 1
607: 674 0
608: 0 0
609: 0 0
610: 0 0
611: 0 0
612: 0 0
613: 34 0
614: 35 0
615: 35 0
616: 35 0
617: 35 0
618: 0 0
619: 0 0
620: 0 0
621: 0 0
622: 0 0
623: 35 0
624: 35 0
625: 37 0
626: 36 0
627: 35 0
628: 0 0
629: 0 0
630: 0 0
631: 0 0
632: 0 0
633: 35 0
634: 35 0
635: 35 0
636: 35 0
637: 35 0
638: 0 0
639: 0 0
640: 0 0
641: 0 0
642: 0 0
643: 35 0
644: 34 0
645: 35 0
646: 34 0
647: 34 0
648: 0 0
649: 0 0
650: 0 0
651: 0 0
652: 0 0
653: 0 0
654: 35 0
655: 34 0
656: 34 0
657: 35 0
658: 35 0
659: 0 0
660: 1 0
661: 1 0
662: 0 0
663: 0 0
664: 35 0
665: 34 0
666: 35 0
667: 34 0
668: 34 0
669: 0 0
670: 0 0
671: 0 0
672: 0 0
673: 0 0
674: 35 0
675: 35 0
676: 35 0
677: 34 0
678: 35 0
679: 0 0
680: 0 0
681: 0 0
682: 0 0
683: 0 0
684: 35 0
685: 34 0
686: 35 0
687: 34 0
688: 35 0
689: 0 0
690: 0 0
691: 0 0
692: 0 0
693: 0 0
694: 0 0
695: 35 0
696: 35 0
697: 34 0
698: 34 0
699: 35 0
700: 0 0
701: 0 0
702: 0 0
703: 0 0
704: 0 0
705: 35 0
706: 34 0
707: 35 0
708: 35 0
709: 34 0
710: 0 1
711: 34 1
712: 0 1
713: 35 1
714: 0 1
715: 34 1
716: 0 1
717: 35 1
718: 0 1
719: 34 1
720: 0 1
721: 35 1
722: 0 1
723: 35 1
724: 0 1
725: 33 1
726: 0 1
727: 35 1
728: 0 1
729: 34 1
730: 0 1
731: 34 1
732: 0 1
733: 34 1
734: 0 1
735: 35 1
736: 0 1
737: 33 1
738: 0 1
739: 35 1
740: 0 1
741: 35 1
742: 712 1
743: 674 1
744: 711 1
745: 675 1
746: 710 1
747: 674 1
748: 711 1
749: 675 1
750: 710 1
751: 675 1
752: 711 1
753: 674 1
754: 710 1
755: 675 1
756: 710 1
757: 674 1
758: 710 1
759: 674 1
760: 710 1
761: 674 1
762: 711 1
763: 674 1
764: 710 1
765: 674 1
766: 710 1
767: 675 1
768: 0 1
769: 35 1
770: 0 1
771: 34 1
772: 712 1
773: 674 1
774: 710 1
775: 675 1
776: 710 1
777: 673 1
778: 709 1
779: 675 1
780: 710 1
781: 674 1
782: 711 1
783: 675 1
784: 710 1
785: 674 1
786: 710 1
787: 674 1
788: 710 1
789: 674 1
790: 710 1
791: 672 1
792: 712 1
793: 674 1
794: 0 1
795: 34 1
796: 0 1
797: 34 1
798: 0 1
799: 35 1
800: 0 1
801: 35 1
802: 0 1
803: 35 1
804: 0 1
805: 35 1
806: 0 1
807: 34 1
808: 0 1
809: 35 1
810: 35 1
811: 0 0
812: 0 0
813: 0 0
814: 0 0
815: 0 0
816: 35 0
817: 35 0
818: 35 0
819: 34 0
820: 34 0
821: 0 0
822: 0 0
823: 0 0
824: 0 0
825: 0 0
826: 0 0
827: 35 0
828: 35 0
829: 35 0
830: 35 0
831: 34 0
832: 0 0
833: 0 0
834: 0 0
835: 0 0
836: 0 0
837: 35 0
838: 36 0
839: 34 0
840: 35 0
841: 35 0
842: 0 0
843: 0 0
844: 0 0
845: 0 0
846: 0 0
847: 36 0
848: 34 0
849: 33 0
850: 35 0
851: 35 0
852: 0 0
853: 0 0
854: 0 0
855: 0 0
856: 0 0
857: 37 0
858: 35 0
859: 34 0
860: 35 0
861: 35 0
862: 710 0
863: 711 0
864: 710 0
865: 710 0
866: 710 0
867: 675 0
868: 674 0
869: 674 0
870: 675 0
871: 675 0
872: 710 0
873: 709 0
874: 711 0
875: 710 0
876: 710 0
877: 676 0
878: 673 0
879: 673 0
880: 675 0
881: 674 0
882: 710 0
883: 712 0
884: 710 0
885: 709 0
886: 711 0
887: 675 0
888: 674 0
889: 674 0
890: 675 0
891: 674 0
892: 709 0
893: 709 0
894: 710 0
895: 710 0
896: 710 0
897: 674 0
898: 673 0
899: 673 0
900: 675 0
901: 674 0
902: 710 0
903: 711 0
904: 710 0
905: 709 0
906: 710 0
907: 674 0
908: 673 0
909: 674 0
910: 674 0
911: 674 0
912: 674 1
913: 710 1
914: 673 1
915: 0 1
916: 34 1
917: 0 1
918: 0 1
919: 34 1
920: 0 1
921: 34 1
922: 0 1
923: 34 1
924: 0 1
925: 35 1
926: 0 1
927: 34 1
928: 0 1
929: 34 1
930: 0 1
931: 35 1
932: 0 1
933: 35 1
934: 0 1
935: 35 1
936: 0 1
937: 35 1
938: 0 1
939: 35 1
940: 0 1
941: 35 1
942: 0 1
943: 34 1
944: 710 1
945: 675 1
946: 709 1
947: 674 1
948: 711 1
949: 674 1
950: 0 1
951: 34 1
952: 0 1
953: 35 1
954: 0 1
955: 35 1
956: 0 1
957: 36 1
958: 0 1
959: 35 1
960: 0 1
961: 35 1
962: 0 1
963: 34 1
964: 0 1
965: 35 1
966: 709 1
967: 674 1
968: 710 1
969: 674 1
970: 0 1
971: 36 1
972: 0 1
973: 36 1
974: 2 1
975: 0 1
976: 34 1
977: 0 1
978: 34 1
979: 0 1
980: 35 1
981: 0 1
982: 35 1
983: 0 1
984: 34 1
985: 0 1
986: 33 1
987: 0 1
988: 35 1
989: 0 1
990: 35 1
991: 0 1
992: 35 1
993: 0 1
994: 34 1
995: 0 1
996: 35 1
997: 0 1
998: 35 1
999: 0 1
1000: 35 1
