1: 35 0
2: 0 0
3: 0 0
4: 0 0
5: 0 0
6: 0 0
7: 36 0
8: 36 0
9: 35 0
10: 35 0
11: 35 0
12: 0 0
13: 0 0
14: 0 0
15: 0 0
16: 2 0
17: 36 0
18: 35 0
19: 35 0
20: 34 0
21: 35 0
22: 34 0
23: 0 0
24: 0 0
25: 0 0
26: 0 0
27: 0 0
28: 35 0
29: 35 0
30: 35 0
31: 35 0
32: 34 0
33: 710 0
34: 711 0
35: 710 0
36: 710 0
37: 711 0
38: 675 0
39: 674 0
40: 676 0
41: 675 0
42: 674 0
43: 710 0
44: 711 0
45: 710 0
46: 710 0
47: 710 0
48: 675 0
49: 674 0
50: 675 0
51: 675 0
52: 674 0
53: 711 0
54: 710 0
55: 711 0
56: 711 0
57: 710 0
58: 675 0
59: 674 0
60: 674 0
61: 674 0
62: 674 0
63: 674 0
64: 710 0
65: 711 0
66: 710 0
67: 710 0
68: 710 0
69: 675 0
70: 674 0
71: 674 0
72: 675 0
73: 674 0
74: 710 0
75: 710 0
76: 710 0
77: 710 0
78: 711 0
79: 674 0
80: 674 0
81: 674 0
82: 676 0
83: 674 0
84: 710 0
85: 712 0
86: 710 0
87: 709 0
88: 711 0
89: 675 0
90: 674 0
91: 674 0
92: 675 0
93: 674 0
94: 0 0
95: 0 0
96: 0 0
97: 0 0
98: 0 0
99: 35 0
100: 34 0
101: 34 0
102: 34 0
103: 35 0
104: 35 0
105: 35 1
106: 710 1
107: 674 1
108: 710 1
109: 675 1
110: 710 1
111: 675 1
112: 711 1
113: 675 1
114: 711 1
115: 674 1
116: 711 1
117: 675 1
118: 710 1
119: 676 1
120: 0 1
121: 35 1
122: 0 1
123: 35 1
124: 0 1
125: 34 1
126: 711 1
127: 674 1
128: 0 1
129: 35 1
130: 0 1
131: 35 1
132: 0 1
133: 35 1
134: 0 1
135: 34 1
136: 0 1
137: 35 1
138: 0 1
139: 35 1
140: 1 1
141: 35 1
142: 0 1
143: 34 1
144: 0 1
145: 36 1
146: 0 1
147: 35 1
148: 0 1
149: 0 1
150: 34 1
151: 0 1
152: 34 1
153: 0 1
154: 35 1
155: 710 1
156: 674 1
157: 0 1
158: 35 1
159: 0 1
160: 35 1
161: 0 1
162: 35 1
163: 0 1
164: 35 1
165: 0 1
166: 35 1
167: 0 1
168: 35 1
169: 0 1
170: 35 1
171: 0 1
172: 35 1
173: 0 1
174: 35 1
175: 710 1
176: 675 1
177: 711 1
178: 674 1
179: 710 1
180: 676 1
181: 710 1
182: 675 1
183: 710 1
184: 674 1
185: 711 1
186: 674 1
187: 711 1
188: 675 1
189: 0 1
190: 35 1
191: 711 1
192: 674 1
193: 0 1
194: 34 1
195: 710 1
196: 674 1
197: 711 1
198: 674 1
199: 711 1
200: 677 1
201: 710 1
202: 674 1
203: 710 1
204: 674 1
205: 673 1
206: 711 0
207: 711 0
208: 710 0
209: 710 0
210: 710 0
211: 674 0
212: 675 0
213: 675 0
214: 674 0
215: 674 0
216: 710 0
217: 712 0
218: 710 0
219: 710 0
220: 710 0
221: 674 0
222: 674 0
223: 674 0
224: 674 0
225: 674 0
226: 710 0
227: 710 0
228: 710 0
229: 710 0
230: 711 0
231: 674 0
232: 675 0
233: 675 0
234: 674 0
235: 675 0
236: 710 0
237: 711 0
238: 711 0
239: 710 0
240: 674 0
241: 674 0
242: 674 0
243: 674 0
244: 674 0
245: 710 0
246: 711 0
247: 710 0
248: 710 0
249: 710 0
250: 675 0
251: 674 0
252: 674 0
253: 675 0
254: 674 0
255: 710 0
256: 710 0
257: 710 0
258: 710 0
259: 710 0
260: 674 0
261: 674 0
262: 674 0
263: 674 0
264: 675 0
265: 710 0
266: 711 0
267: 711 0
268: 710 0
269: 713 0
270: 676 0
271: 674 0
272: 674 0
273: 676 0
274: 674 0
275: 710 0
276: 711 0
277: 710 0
278: 711 0
279: 711 0
280: 674 0
281: 673 0
282: 673 0
283: 675 0
284: 674 0
285: 710 0
286: 712 0
287: 710 0
288: 709 0
289: 710 0
290: 674 0
291: 674 0
292: 675 0
293: 676 0
294: 675 0
295: 711 0
296: 712 0
297: 710 0
298: 710 0
299: 714 0
300: 676 0
301: 675 0
302: 676 0
303: 677 0
304: 676 0
305: 677 1
306: 712 1
307: 674 1
308: 711 1
309: 674 1
310: 710 1
311: 674 1
312: 710 1
313: 674 1
314: 710 1
315: 673 1
316: 710 1
317: 674 1
318: 710 1
319: 675 1
320: 710 1
321: 674 1
322: 710 1
323: 674 1
324: 710 1
325: 674 1
326: 711 1
327: 674 1
328: 711 1
329: 674 1
330: 710 1
331: 675 1
332: 711 1
333: 674 1
334: 711 1
335: 674 1
336: 712 1
337: 675 1
338: 710 1
339: 675 1
340: 0 1
341: 34 1
342: 710 1
343: 675 1
344: 708 1
345: 674 1
346: 711 1
347: 674 1
348: 710 1
349: 675 1
350: 0 1
351: 35 1
352: 1 1
353: 35 1
354: 0 1
355: 33 1
356: 0 1
357: 34 1
358: 710 1
359: 675 1
360: 710 1
361: 674 1
362: 710 1
363: 675 1
364: 710 1
365: 674 1
366: 711 1
367: 674 1
368: 710 1
369: 674 1
370: 710 1
371: 674 1
372: 710 1
373: 675 1
374: 0 1
375: 35 1
376: 0 1
377: 35 1
378: 0 1
379: 36 1
380: 711 1
381: 674 1
382: 710 1
383: 675 1
384: 710 1
385: 674 1
386: 711 1
387: 674 1
388: 710 1
389: 674 1
390: 710 1
391: 674 1
392: 710 1
393: 675 1
394: 710 1
395: 674 1
396: 712 1
397: 674 1
398: 710 1
399: 676 1
400: 0 1
401: 33 1
402: 0 1
403: 34 1
404: 34 1
405: 710 0
406: 711 0
407: 710 0
408: 710 0
409: 710 0
410: 674 0
411: 674 0
412: 675 0
413: 674 0
414: 674 0
415: 710 0
416: 711 0
417: 710 0
418: 710 0
419: 711 0
420: 674 0
421: 675 0
422: 674 0
423: 674 0
424: 675 0
425: 711 0
426: 711 0
427: 711 0
428: 710 0
429: 710 0
430: 675 0
431: 674 0
432: 675 0
433: 675 0
434: 674 0
435: 710 0
436: 711 0
437: 710 0
438: 710 0
439: 711 0
440: 674 0
441: 674 0
442: 676 0
443: 674 0
444: 674 0
445: 710 0
446: 710 0
447: 710 0
448: 710 0
449: 711 0
450: 675 0
451: 674 0
452: 675 0
453: 675 0
454: 674 0
455: 710 0
456: 711 0
457: 710 0
458: 711 0
459: 712 0
460: 674 0
461: 674 0
462: 675 0
463: 674 0
464: 674 0
465: 711 0
466: 710 0
467: 710 0
468: 709 0
469: 711 0
470: 674 0
471: 674 0
472: 675 0
473: 674 0
474: 709 0
475: 710 0
476: 710 0
477: 709 0
478: 710 0
479: 674 0
480: 674 0
481: 674 0
482: 674 0
483: 674 0
484: 710 0
485: 712 0
486: 710 0
487: 710 0
488: 711 0
489: 675 0
490: 674 0
491: 675 0
492: 675 0
493: 674 0
494: 711 0
495: 710 0
496: 710 0
497: 711 0
498: 710 0
499: 675 0
500: 674 0
501: 674 0
502: 675 0
503: 674 0
504: 710 1
505: 675 1
506: 711 1
507: 674 1
508: 710 1
509: 674 1
510: 710 1
511: 674 1
512: 710 1
513: 674 1
514: 710 1
515: 674 1
516: 710 1
517: 675 1
518: 711 1
519: 674 1
520: 713 1
521: 674 1
522: 711 1
523: 675 1
524: 710 1
525: 676 1
526: 711 1
527: 674 1
528: 0 1
529: 34 1
530: 2 1
531: 35 1
532: 0 1
533: 34 1
534: 0 1
535: 33 1
536: 0 1
537: 33 1
538: 0 1
539: 34 1
540: 0 1
541: 33 1
542: 0 1
543: 34 1
544: 710 1
545: 676 1
546: 711 1
547: 675 1
548: 710 1
549: 675 1
550: 710 1
551: 674 1
552: 712 1
553: 674 1
554: 0 1
555: 35 1
556: 710 1
557: 675 1
558: 712 1
559: 675 1
560: 710 1
561: 674 1
562: 0 1
563: 35 1
564: 0 1
565: 35 1
566: 0 1
567: 35 1
568: 0 1
569: 35 1
570: 711 1
571: 675 1
572: 711 1
573: 675 1
574: 709 1
575: 674 1
576: 711 1
577: 674 1
578: 0 1
579: 33 1
580: 0 1
581: 34 1
582: 0 1
583: 34 1
584: 710 1
585: 674 1
586: 710 1
587: 674 1
588: 710 1
589: 675 1
590: 0 1
591: 33 1
592: 711 1
593: 674 1
594: 709 1
595: 674 1
596: 710 1
597: 673 1
598: 710 1
599: 675 1
600: 710 1
601: 674 1
602: 710 1
603: 675 1
604: 674 1
605: 711 0
606: 711 0
607: 710 0
608: 710 0
609: 712 0
610: 674 0
611: 674 0
612: 676 0
613: 674 0
614: 674 0
615: 710 0
616: 710 0
617: 710 0
618: 711 0
619: 710 0
620: 674 0
621: 674 0
622: 674 0
623: 674 0
624: 674 0
625: 711 0
626: 711 0
627: 710 0
628: 710 0
629: 711 0
630: 673 0
631: 674 0
632: 675 0
633: 674 0
634: 674 0
635: 710 0
636: 710 0
637: 710 0
638: 711 0
639: 710 0
640: 674 0
641: 674 0
642: 675 0
643: 674 0
644: 710 0
645: 711 0
646: 710 0
647: 711 0
648: 709 0
649: 674 0
650: 674 0
651: 674 0
652: 674 0
653: 674 0
654: 709 0
655: 710 0
656: 709 0
657: 710 0
658: 710 0
659: 673 0
660: 673 0
661: 674 0
662: 675 0
663: 673 0
664: 710 0
665: 711 0
666: 710 0
667: 710 0
668: 709 0
669: 673 0
670: 674 0
671: 674 0
672: 674 0
673: 675 0
674: 709 0
675: 710 0
676: 710 0
677: 709 0
678: 710 0
679: 674 0
680: 673 0
681: 674 0
682: 675 0
683: 674 0
684: 0 0
685: 0 0
686: 0 0
687: 0 0
688: 0 0
689: 36 0
690: 35 0
691: 35 0
692: 35 0
693: 36 0
694: 0 0
695: 0 0
696: 0 0
697: 0 0
698: 0 0
699: 37 0
700: 35 0
701: 34 0
702: 36 0
703: 34 0
704: 35 0
705: 35 1
706: 0 1
707: 35 1
708: 0 1
709: 34 1
710: 0 1
711: 35 1
712: 0 1
713: 35 1
714: 0 1
715: 35 1
716: 0 1
717: 35 1
718: 0 1
719: 35 1
720: 0 1
721: 0 1
722: 35 1
723: 0 1
724: 35 1
725: 0 1
726: 35 1
727: 0 1
728: 35 1
729: 710 1
730: 674 1
731: 710 1
732: 675 1
733: 710 1
734: 674 1
735: 0 1
736: 34 1
737: 0 1
738: 35 1
739: 711 1
740: 675 1
741: 710 1
742: 674 1
743: 711 1
744: 675 1
745: 710 1
746: 675 1
747: 710 1
748: 674 1
749: 710 1
750: 674 1
751: 710 1
752: 674 1
753: 710 1
754: 674 1
755: 710 1
756: 675 1
757: 710 1
758: 674 1
759: 711 1
760: 674 1
761: 711 1
762: 674 1
763: 0 1
764: 34 1
765: 0 1
766: 34 1
767: 0 1
768: 35 1
769: 0 1
770: 34 1
771: 0 1
772: 35 1
773: 0 1
774: 35 1
775: 710 1
776: 675 1
777: 710 1
778: 674 1
779: 711 1
780: 675 1
781: 709 1
782: 674 1
783: 0 1
784: 34 1
785: 0 1
786: 35 1
787: 0 1
788: 34 1
789: 0 1
790: 35 1
791: 0 1
792: 34 1
793: 0 1
794: 34 1
795: 0 1
796: 34 1
797: 0 1
798: 35 1
799: 0 1
800: 35 1
801: 0 1
802: 35 1
803: 0 1
804: 34 1
805: 34 1
806: 0 0
807: 0 0
808: 0 0
809: 0 0
810: 0 0
811: 35 0
812: 35 0
813: 34 0
814: 34 0
815: 34 0
816: 0 0
817: 0 0
818: 0 0
819: 0 0
820: 0 0
821: 0 0
822: 35 0
823: 34 0
824: 35 0
825: 35 0
826: 35 0
827: 0 0
828: 0 0
829: 0 0
830: 0 0
831: 0 0
832: 35 0
833: 34 0
834: 35 0
835: 34 0
836: 35 0
837: 0 0
838: 0 0
839: 0 0
840: 0 0
841: 0 0
842: 34 0
843: 34 0
844: 34 0
845: 34 0
846: 35 0
847: 0 0
848: 0 0
849: 0 0
850: 0 0
851: 0 0
852: 35 0
853: 34 0
854: 34 0
855: 33 0
856: 34 0
857: 710 0
858: 711 0
859: 710 0
860: 711 0
861: 711 0
862: 674 0
863: 675 0
864: 674 0
865: 674 0
866: 675 0
867: 710 0
868: 710 0
869: 710 0
870: 710 0
871: 710 0
872: 675 0
873: 673 0
874: 674 0
875: 674 0
876: 674 0
877: 710 0
878: 711 0
879: 710 0
880: 710 0
881: 711 0
882: 674 0
883: 673 0
884: 674 0
885: 674 0
886: 674 0
887: 710 0
888: 710 0
889: 709 0
890: 710 0
891: 710 0
892: 675 0
893: 674 0
894: 675 0
895: 675 0
896: 674 0
897: 710 0
898: 712 0
899: 710 0
900: 710 0
901: 712 0
902: 674 0
903: 674 0
904: 674 0
905: 674 0
906: 675 0
907: 35 1
908: 33 1
909: 0 1
910: 34 1
911: 0 1
912: 34 1
913: 0 1
914: 34 1
915: 0 1
916: 35 1
917: 0 1
918: 34 1
919: 0 1
920: 36 1
921: 0 1
922: 35 1
923: 0 1
924: 34 1
925: 0 1
926: 35 1
927: 0 1
928: 35 1
929: 0 1
930: 35 1
931: 0 1
932: 35 1
933: 710 1
934: 674 1
935: 0 1
936: 35 1
937: 0 1
938: 35 1
939: 0 1
940: 34 1
941: 0 1
942: 36 1
943: 0 1
944: 36 1
945: 0 1
946: 35 1
947: 0 1
948: 36 1
949: 0 1
950: 36 1
951: 710 1
952: 676 1
953: 711 1
954: 674 1
955: 711 1
956: 675 1
957: 710 1
958: 674 1
959: 711 1
960: 673 1
961: 710 1
962: 675 1
963: 711 1
964: 674 1
965: 711 1
966: 674 1
967: 710 1
968: 675 1
969: 710 1
970: 674 1
971: 710 1
972: 675 1
973: 0 1
974: 35 1
975: 0 1
976: 35 1
977: 0 1
978: 35 1
979: 710 1
980: 675 1
981: 0 1
982: 35 1
983: 710 1
984: 674 1
985: 0 1
986: 35 1
987: 0 1
988: 36 1
989: 710 1
990: 674 1
991: 0 1
992: 35 1
993: 35 1
994: 0 1
995: 35 1
996: 711 1
997: 674 1
998: 710 1
999: 676 1
1000: 710 1
