1: 34 0
2: 0 0
3: 0 0
4: 0 0
5: 0 0
6: 0 0
7: 33 0
8: 35 0
9: 35 0
10: 35 0
11: 35 0
12: 0 0
13: 0 0
14: 0 0
15: 0 0
16: 0 0
17: 35 0
18: 35 0
19: 35 0
20: 33 0
21: 34 0
22: 34 0
23: 0 0
24: 0 0
25: 0 0
26: 0 0
27: 0 0
28: 36 0
29: 34 0
30: 34 0
31: 35 0
32: 35 0
33: 0 0
34: 0 0
35: 0 0
36: 0 0
37: 0 0
38: 36 0
39: 34 0
40: 33 0
41: 34 0
42: 35 0
43: 0 0
44: 0 0
45: 0 0
46: 0 0
47: 0 0
48: 0 0
49: 35 0
50: 34 0
51: 35 0
52: 35 0
53: 35 0
54: 0 0
55: 0 0
56: 0 0
57: 0 0
58: 0 0
59: 35 0
60: 35 0
61: 35 0
62: 35 0
63: 35 0
64: 711 0
65: 710 0
66: 711 0
67: 710 0
68: 710 0
69: 686 0
70: 675 0
71: 674 0
72: 674 0
73: 675 0
74: 674 0
75: 0 0
76: 0 0
77: 0 0
78: 0 0
79: 0 0
80: 33 0
81: 34 0
82: 35 0
83: 35 0
84: 34 0
85: 0 0
86: 0 0
87: 0 0
88: 0 0
89: 0 0
90: 35 0
91: 34 0
92: 34 0
93: 34 0
94: 34 0
95: 0 0
96: 0 0
97: 0 0
98: 0 0
99: 0 0
100: 0 0
101: 35 0
102: 34 0
103: 34 0
104: 35 0
105: 35 0
106: 34 1
107: 0 1
108: 35 1
109: 710 1
110: 675 1
111: 710 1
112: 674 1
113: 710 1
114: 675 1
115: 710 1
116: 674 1
117: 710 1
118: 675 1
119: 710 1
120: 674 1
121: 711 1
122: 675 1
123: 710 1
124: 674 1
125: 710 1
126: 674 1
127: 0 1
128: 33 1
129: 710 1
130: 674 1
131: 711 1
132: 674 1
133: 0 1
134: 34 1
135: 0 1
136: 35 1
137: 0 1
138: 34 1
139: 0 1
140: 36 1
141: 34 1
142: 0 1
143: 34 1
144: 710 1
145: 675 1
146: 710 1
147: 674 1
148: 710 1
149: 674 1
150: 710 1
151: 674 1
152: 674 1
153: 710 1
154: 674 1
155: 711 1
156: 674 1
157: 710 1
158: 676 1
159: 710 1
160: 674 1
161: 712 1
162: 674 1
163: 710 1
164: 674 1
165: 710 1
166: 673 1
167: 711 1
168: 674 1
169: 710 1
170: 674 1
171: 711 1
172: 674 1
173: 710 1
174: 675 1
175: 710 1
176: 674 1
177: 710 1
178: 674 1
179: 710 1
180: 673 1
181: 712 1
182: 674 1
183: 0 1
184: 34 1
185: 0 1
186: 33 1
187: 0 1
188: 35 1
189: 0 1
190: 34 1
191: 0 1
192: 35 1
193: 0 1
194: 35 1
195: 0 1
196: 0 1
197: 34 1
198: 0 1
199: 35 1
200: 0 1
201: 33 1
202: 710 1
203: 674 1
204: 710 1
205: 675 1
206: 673 0
207: 709 0
208: 711 0
209: 710 0
210: 711 0
211: 673 0
212: 674 0
213: 676 0
214: 674 0
215: 674 0
216: 711 0
217: 712 0
218: 710 0
219: 711 0
220: 710 0
221: 674 0
222: 674 0
223: 674 0
224: 674 0
225: 675 0
226: 0 0
227: 0 0
228: 0 0
229: 0 0
230: 0 0
231: 0 0
232: 35 0
233: 34 0
234: 33 0
235: 35 0
236: 35 0
237: 0 0
238: 0 0
239: 0 0
240: 0 0
241: 0 0
242: 35 0
243: 35 0
244: 35 0
245: 35 0
246: 35 0
247: 0 0
248: 0 0
249: 0 0
250: 0 0
251: 0 0
252: 35 0
253: 35 0
254: 35 0
255: 35 0
256: 35 0
257: 0 0
258: 0 0
259: 0 0
260: 0 0
261: 0 0
262: 37 0
263: 35 0
264: 35 0
265: 35 0
266: 34 0
267: 1 0
268: 0 0
269: 0 0
270: 0 0
271: 0 0
272: 35 0
273: 35 0
274: 35 0
275: 35 0
276: 34 0
277: 35 0
278: 0 0
279: 0 0
280: 0 0
281: 0 0
282: 0 0
283: 35 0
284: 35 0
285: 34 0
286: 35 0
287: 35 0
288: 0 0
289: 0 0
290: 0 0
291: 0 0
292: 0 0
293: 34 0
294: 35 0
295: 35 0
296: 33 0
297: 35 0
298: 0 0
299: 0 0
300: 0 0
301: 0 0
302: 0 0
303: 35 0
304: 35 0
305: 33 0
306: 35 0
307: 35 0
308: 0 1
309: 34 1
310: 0 1
311: 33 1
312: 0 1
313: 35 1
314: 710 1
315: 674 1
316: 710 1
317: 675 1
318: 711 1
319: 674 1
320: 710 1
321: 675 1
322: 710 1
323: 676 1
324: 710 1
325: 674 1
326: 710 1
327: 676 1
328: 710 1
329: 674 1
330: 713 1
331: 674 1
332: 710 1
333: 675 1
334: 710 1
335: 674 1
336: 711 1
337: 675 1
338: 709 1
339: 674 1
340: 711 1
341: 674 1
342: 710 1
343: 675 1
344: 0 1
345: 34 1
346: 710 1
347: 674 1
348: 710 1
349: 674 1
350: 0 1
351: 34 1
352: 710 1
353: 674 1
354: 710 1
355: 674 1
356: 711 1
357: 674 1
358: 710 1
359: 674 1
360: 0 1
361: 34 1
362: 710 1
363: 676 1
364: 710 1
365: 675 1
366: 710 1
367: 674 1
368: 710 1
369: 674 1
370: 711 1
371: 675 1
372: 712 1
373: 675 1
374: 710 1
375: 674 1
376: 0 1
377: 35 1
378: 0 1
379: 34 1
380: 0 1
381: 35 1
382: 0 1
383: 34 1
384: 711 1
385: 674 1
386: 710 1
387: 676 1
388: 710 1
389: 674 1
390: 712 1
391: 674 1
392: 710 1
393: 674 1
394: 710 1
395: 674 1
396: 711 1
397: 675 1
398: 710 1
399: 674 1
400: 712 1
401: 674 1
402: 710 1
403: 675 1
404: 710 1
405: 673 1
406: 710 1
407: 674 1
408: 710 0
409: 710 0
410: 710 0
411: 710 0
412: 710 0
413: 674 0
414: 674 0
415: 674 0
416: 675 0
417: 674 0
418: 0 0
419: 0 0
420: 0 0
421: 0 0
422: 0 0
423: 35 0
424: 33 0
425: 34 0
426: 33 0
427: 34 0
428: 34 0
429: 0 0
430: 0 0
431: 0 0
432: 0 0
433: 0 0
434: 33 0
435: 33 0
436: 33 0
437: 34 0
438: 34 0
439: 0 0
440: 0 0
441: 0 0
442: 0 0
443: 0 0
444: 34 0
445: 34 0
446: 34 0
447: 33 0
448: 33 0
449: 710 0
450: 711 0
451: 710 0
452: 710 0
453: 711 0
454: 676 0
455: 675 0
456: 674 0
457: 675 0
458: 675 0
459: 710 0
460: 710 0
461: 711 0
462: 710 0
463: 711 0
464: 675 0
465: 674 0
466: 674 0
467: 676 0
468: 674 0
469: 710 0
470: 712 0
471: 710 0
472: 710 0
473: 710 0
474: 674 0
475: 674 0
476: 674 0
477: 675 0
478: 674 0
479: 710 0
480: 710 0
481: 710 0
482: 710 0
483: 711 0
484: 675 0
485: 673 0
486: 674 0
487: 676 0
488: 673 0
489: 0 0
490: 0 0
491: 0 0
492: 0 0
493: 0 0
494: 34 0
495: 33 0
496: 33 0
497: 33 0
498: 33 0
499: 0 0
500: 0 0
501: 0 0
502: 0 0
503: 0 0
504: 33 0
505: 33 0
506: 34 0
507: 33 0
508: 33 0
509: 0 1
510: 34 1
511: 0 1
512: 33 1
513: 0 1
514: 33 1
515: 0 1
516: 33 1
517: 0 1
518: 33 1
519: 0 1
520: 34 1
521: 1 1
522: 34 1
523: 0 1
524: 33 1
525: 0 1
526: 34 1
527: 0 1
528: 33 1
529: 0 1
530: 33 1
531: 0 1
532: 34 1
533: 0 1
534: 33 1
535: 0 1
536: 33 1
537: 0 1
538: 34 1
539: 710 1
540: 674 1
541: 710 1
542: 674 1
543: 710 1
544: 674 1
545: 710 1
546: 674 1
547: 710 1
548: 675 1
549: 0 1
550: 33 1
551: 0 1
552: 33 1
553: 0 1
554: 35 1
555: 0 1
556: 0 1
557: 33 1
558: 0 1
559: 34 1
560: 710 1
561: 674 1
562: 710 1
563: 674 1
564: 710 1
565: 675 1
566: 711 1
567: 674 1
568: 710 1
569: 674 1
570: 710 1
571: 712 1
572: 674 1
573: 710 1
574: 675 1
575: 712 1
576: 674 1
577: 711 1
578: 676 1
579: 710 1
580: 674 1
581: 710 1
582: 674 1
583: 711 1
584: 674 1
585: 0 1
586: 35 1
587: 0 1
588: 34 1
589: 0 1
590: 35 1
591: 32 1
592: 0 1
593: 34 1
594: 0 1
595: 33 1
596: 0 1
597: 34 1
598: 0 1
599: 34 1
600: 0 1
601: 34 1
602: 0 1
603: 33 1
604: 710 1
605: 675 1
606: 710 1
607: 674 1
608: 710 1
609: 673 1
610: 673 0
611: 710 0
612: 710 0
613: 710 0
614: 710 0
615: 710 0
616: 674 0
617: 674 0
618: 675 0
619: 674 0
620: 673 0
621: 710 0
622: 711 0
623: 711 0
624: 710 0
625: 711 0
626: 675 0
627: 674 0
628: 674 0
629: 675 0
630: 709 0
631: 710 0
632: 711 0
633: 711 0
634: 709 0
635: 675 0
636: 673 0
637: 673 0
638: 675 0
639: 674 0
640: 0 0
641: 0 0
642: 0 0
643: 0 0
644: 0 0
645: 0 0
646: 33 0
647: 33 0
648: 33 0
649: 33 0
650: 33 0
651: 0 0
652: 0 0
653: 0 0
654: 0 0
655: 0 0
656: 34 0
657: 33 0
658: 34 0
659: 34 0
660: 33 0
661: 0 0
662: 0 0
663: 0 0
664: 0 0
665: 0 0
666: 33 0
667: 34 0
668: 34 0
669: 33 0
670: 33 0
671: 0 0
672: 0 0
673: 0 0
674: 0 0
675: 0 0
676: 34 0
677: 33 0
678: 34 0
679: 32 0
680: 33 0
681: 711 0
682: 710 0
683: 710 0
684: 711 0
685: 710 0
686: 675 0
687: 675 0
688: 674 0
689: 675 0
690: 675 0
691: 710 0
692: 711 0
693: 712 0
694: 710 0
695: 710 0
696: 676 0
697: 674 0
698: 674 0
699: 676 0
700: 674 0
701: 710 0
702: 710 0
703: 712 0
704: 711 0
705: 710 0
706: 674 0
707: 674 0
708: 674 0
709: 674 0
710: 674 0
711: 711 1
712: 675 1
713: 0 1
714: 33 1
715: 0 1
716: 33 1
717: 0 1
718: 32 1
719: 0 1
720: 33 1
721: 0 1
722: 33 1
723: 0 1
724: 33 1
725: 0 1
726: 33 1
727: 0 1
728: 33 1
729: 0 1
730: 34 1
731: 0 1
732: 33 1
733: 0 1
734: 33 1
735: 0 1
736: 34 1
737: 0 1
738: 35 1
739: 0 1
740: 34 1
741: 0 1
742: 34 1
743: 0 1
744: 35 1
745: 0 1
746: 35 1
747: 0 1
748: 35 1
749: 0 1
750: 0 1
751: 34 1
752: 710 1
753: 675 1
754: 710 1
755: 673 1
756: 710 1
757: 675 1
758: 710 1
759: 710 1
760: 674 1
761: 709 1
762: 674 1
763: 710 1
764: 673 1
765: 711 1
766: 674 1
767: 710 1
768: 674 1
769: 710 1
770: 675 1
771: 711 1
772: 674 1
773: 711 1
774: 675 1
775: 710 1
776: 673 1
777: 710 1
778: 673 1
779: 710 1
780: 674 1
781: 0 1
782: 34 1
783: 0 1
784: 34 1
785: 0 1
786: 35 1
787: 0 1
788: 35 1
789: 0 1
790: 0 1
791: 34 1
792: 0 1
793: 34 1
794: 0 1
795: 33 1
796: 0 1
797: 34 1
798: 0 1
799: 34 1
800: 712 1
801: 674 1
802: 710 1
803: 674 1
804: 710 1
805: 674 1
806: 710 1
807: 674 1
808: 710 1
809: 674 1
810: 710 1
811: 674 1
812: 710 0
813: 710 0
814: 710 0
815: 710 0
816: 710 0
817: 675 0
818: 673 0
819: 674 0
820: 676 0
821: 674 0
822: 710 0
823: 711 0
824: 710 0
825: 710 0
826: 711 0
827: 674 0
828: 674 0
829: 674 0
830: 675 0
831: 674 0
832: 710 0
833: 711 0
834: 710 0
835: 710 0
836: 709 0
837: 674 0
838: 673 0
839: 674 0
840: 674 0
841: 673 0
842: 710 0
843: 710 0
844: 710 0
845: 710 0
846: 710 0
847: 674 0
848: 673 0
849: 674 0
850: 675 0
851: 674 0
852: 712 0
853: 712 0
854: 710 0
855: 711 0
856: 710 0
857: 674 0
858: 675 0
859: 675 0
860: 674 0
861: 675 0
862: 710 0
863: 711 0
864: 711 0
865: 711 0
866: 712 0
867: 675 0
868: 674 0
869: 675 0
870: 675 0
871: 675 0
872: 710 0
873: 712 0
874: 710 0
875: 710 0
876: 710 0
877: 674 0
878: 674 0
879: 675 0
880: 674 0
881: 675 0
882: 710 0
883: 712 0
884: 711 0
885: 711 0
886: 712 0
887: 675 0
888: 673 0
889: 674 0
890: 676 0
891: 674 0
892: 0 0
893: 0 0
894: 1 0
895: 0 0
896: 0 0
897: 35 0
898: 34 0
899: 34 0
900: 33 0
901: 33 0
902: 0 0
903: 0 0
904: 1 0
905: 0 0
906: 0 0
907: 35 0
908: 33 0
909: 33 0
910: 33 0
911: 33 0
912: 0 1
913: 34 1
914: 0 1
915: 33 1
916: 0 1
917: 32 1
918: 0 1
919: 34 1
920: 713 1
921: 674 1
922: 710 1
923: 675 1
924: 711 1
925: 674 1
926: 711 1
927: 675 1
928: 0 1
929: 33 1
930: 0 1
931: 33 1
932: 0 1
933: 33 1
934: 710 1
935: 674 1
936: 710 1
937: 675 1
938: 711 1
939: 674 1
940: 711 1
941: 675 1
942: 710 1
943: 674 1
944: 711 1
945: 674 1
946: 710 1
947: 675 1
948: 710 1
949: 673 1
950: 711 1
951: 674 1
952: 710 1
953: 675 1
954: 710 1
955: 674 1
956: 710 1
957: 675 1
958: 710 1
959: 674 1
960: 711 1
961: 674 1
962: 710 1
963: 674 1
964: 710 1
965: 673 1
966: 710 1
967: 674 1
968: 710 1
969: 673 1
970: 711 1
971: 674 1
972: 710 1
973: 675 1
974: 710 1
975: 673 1
976: 0 1
977: 34 1
978: 0 1
979: 34 1
980: 0 1
981: 34 1
982: 0 1
983: 34 1
984: 0 1
985: 33 1
986: 0 1
987: 34 1
988: 710 1
989: 674 1
990: 710 1
991: 674 1
992: 0 1
993: 33 1
994: 0 1
995: 33 1
996: 0 1
997: 34 1
998: 0 1
999: 34 1
1000: 0 1
