1: 35 0
2: 0 0
3: 0 0
4: 0 0
5: 0 0
6: 0 0
7: 35 0
8: 35 0
9: 34 0
10: 34 0
11: 35 0
12: 0 0
13: 0 0
14: 0 0
15: 0 0
16: 0 0
17: 36 0
18: 35 0
19: 34 0
20: 36 0
21: 35 0
22: 34 0
23: 0 0
24: 0 0
25: 0 0
26: 0 0
27: 0 0
28: 34 0
29: 36 0
30: 34 0
31: 33 0
32: 34 0
33: 0 0
34: 0 0
35: 0 0
36: 0 0
37: 0 0
38: 35 0
39: 35 0
40: 35 0
41: 35 0
42: 33 0
43: 34 0
44: 0 0
45: 0 0
46: 0 0
47: 0 0
48: 0 0
49: 34 0
50: 35 0
51: 35 0
52: 34 0
53: 35 0
54: 0 0
55: 0 0
56: 0 0
57: 0 0
58: 0 0
59: 36 0
60: 36 0
61: 34 0
62: 34 0
63: 34 0
64: 0 0
65: 0 0
66: 0 0
67: 0 0
68: 0 0
69: 0 0
70: 35 0
71: 35 0
72: 35 0
73: 34 0
74: 35 0
75: 0 0
76: 0 0
77: 0 0
78: 0 0
79: 0 0
80: 35 0
81: 35 0
82: 35 0
83: 35 0
84: 34 0
85: 0 0
86: 1 0
87: 0 0
88: 0 0
89: 0 0
90: 0 0
91: 35 0
92: 34 0
93: 35 0
94: 35 0
95: 34 0
96: 0 0
97: 0 0
98: 0 0
99: 0 0
100: 0 0
101: 35 0
102: 35 0
103: 34 0
104: 34 0
105: 35 0
106: 0 1
107: 35 1
108: 710 1
109: 674 1
110: 710 1
111: 675 1
112: 710 1
113: 676 1
114: 711 1
115: 674 1
116: 710 1
117: 675 1
118: 710 1
119: 674 1
120: 711 1
121: 674 1
122: 710 1
123: 675 1
124: 710 1
125: 674 1
126: 0 1
127: 34 1
128: 0 1
129: 34 1
130: 0 1
131: 35 1
132: 0 1
133: 33 1
134: 0 1
135: 34 1
136: 0 1
137: 35 1
138: 0 1
139: 35 1
140: 711 1
141: 675 1
142: 0 1
143: 34 1
144: 0 1
145: 34 1
146: 710 1
147: 675 1
148: 710 1
149: 674 1
150: 0 1
151: 35 1
152: 0 1
153: 34 1
154: 0 1
155: 35 1
156: 0 1
157: 34 1
158: 0 1
159: 34 1
160: 0 1
161: 35 1
162: 0 1
163: 36 1
164: 711 1
165: 675 1
166: 710 1
167: 676 1
168: 711 1
169: 674 1
170: 710 1
171: 675 1
172: 0 1
173: 35 1
174: 0 1
175: 34 1
176: 0 1
177: 35 1
178: 0 1
179: 35 1
180: 2 1
181: 35 1
182: 0 1
183: 0 1
184: 35 1
185: 0 1
186: 35 1
187: 0 1
188: 35 1
189: 0 1
190: 35 1
191: 0 1
192: 34 1
193: 710 1
194: 676 1
195: 710 1
196: 674 1
197: 710 1
198: 675 1
199: 710 1
200: 675 1
201: 711 1
202: 674 1
203: 711 1
204: 674 1
205: 710 1
206: 674 1
207: 674 0
208: 0 0
209: 0 0
210: 0 0
211: 0 0
212: 0 0
213: 33 0
214: 33 0
215: 34 0
216: 35 0
217: 35 0
218: 711 0
219: 711 0
220: 710 0
221: 711 0
222: 710 0
223: 674 0
224: 674 0
225: 674 0
226: 674 0
227: 674 0
228: 710 0
229: 710 0
230: 710 0
231: 710 0
232: 710 0
233: 674 0
234: 675 0
235: 674 0
236: 676 0
237: 674 0
238: 711 0
239: 711 0
240: 710 0
241: 711 0
242: 674 0
243: 673 0
244: 674 0
245: 675 0
246: 674 0
247: 711 0
248: 711 0
249: 710 0
250: 708 0
251: 711 0
252: 673 0
253: 674 0
254: 676 0
255: 673 0
256: 674 0
257: 0 0
258: 0 0
259: 0 0
260: 0 0
261: 0 0
262: 0 0
263: 34 0
264: 34 0
265: 35 0
266: 34 0
267: 35 0
268: 0 0
269: 0 0
270: 0 0
271: 0 0
272: 0 0
273: 35 0
274: 34 0
275: 33 0
276: 34 0
277: 34 0
278: 0 0
279: 0 0
280: 0 0
281: 0 0
282: 0 0
283: 35 0
284: 34 0
285: 34 0
286: 34 0
287: 33 0
288: 0 0
289: 0 0
290: 0 0
291: 0 0
292: 0 0
293: 35 0
294: 35 0
295: 34 0
296: 34 0
297: 34 0
298: 709 0
299: 709 0
300: 711 0
301: 710 0
302: 710 0
303: 674 0
304: 674 0
305: 674 0
306: 675 0
307: 673 0
308: 710 1
309: 674 1
310: 710 1
311: 674 1
312: 711 1
313: 673 1
314: 710 1
315: 674 1
316: 710 1
317: 674 1
318: 709 1
319: 673 1
320: 710 1
321: 674 1
322: 710 1
323: 674 1
324: 710 1
325: 674 1
326: 710 1
327: 675 1
328: 711 1
329: 675 1
330: 709 1
331: 673 1
332: 0 1
333: 33 1
334: 0 1
335: 33 1
336: 710 1
337: 673 1
338: 710 1
339: 674 1
340: 709 1
341: 674 1
342: 710 1
343: 673 1
344: 710 1
345: 675 1
346: 709 1
347: 674 1
348: 711 1
349: 674 1
350: 711 1
351: 673 1
352: 0 1
353: 34 1
354: 710 1
355: 675 1
356: 711 1
357: 674 1
358: 710 1
359: 675 1
360: 673 1
361: 0 1
362: 0 1
363: 33 1
364: 0 1
365: 33 1
366: 0 1
367: 33 1
368: 0 1
369: 35 1
370: 0 1
371: 33 1
372: 0 1
373: 35 1
374: 0 1
375: 34 1
376: 0 1
377: 34 1
378: 0 1
379: 34 1
380: 0 1
381: 34 1
382: 0 1
383: 34 1
384: 710 1
385: 674 1
386: 710 1
387: 674 1
388: 710 1
389: 674 1
390: 710 1
391: 674 1
392: 710 1
393: 674 1
394: 711 1
395: 675 1
396: 0 1
397: 34 1
398: 0 1
399: 33 1
400: 0 1
401: 35 1
402: 0 1
403: 35 1
404: 0 1
405: 35 1
406: 0 1
407: 34 1
408: 34 1
409: 711 0
410: 710 0
411: 710 0
412: 710 0
413: 710 0
414: 674 0
415: 674 0
416: 674 0
417: 674 0
418: 674 0
419: 712 0
420: 710 0
421: 710 0
422: 712 0
423: 710 0
424: 673 0
425: 674 0
426: 674 0
427: 674 0
428: 675 0
429: 711 0
430: 710 0
431: 710 0
432: 710 0
433: 710 0
434: 675 0
435: 674 0
436: 674 0
437: 673 0
438: 674 0
439: 712 0
440: 710 0
441: 710 0
442: 711 0
443: 710 0
444: 673 0
445: 674 0
446: 674 0
447: 673 0
448: 674 0
449: 710 0
450: 710 0
451: 711 0
452: 711 0
453: 710 0
454: 674 0
455: 675 0
456: 674 0
457: 674 0
458: 673 0
459: 711 0
460: 711 0
461: 710 0
462: 711 0
463: 711 0
464: 673 0
465: 673 0
466: 674 0
467: 674 0
468: 674 0
469: 710 0
470: 710 0
471: 709 0
472: 711 0
473: 709 0
474: 673 0
475: 675 0
476: 674 0
477: 674 0
478: 710 0
479: 710 0
480: 710 0
481: 710 0
482: 711 0
483: 674 0
484: 674 0
485: 674 0
486: 675 0
487: 674 0
488: 711 0
489: 711 0
490: 710 0
491: 710 0
492: 712 0
493: 673 0
494: 674 0
495: 676 0
496: 673 0
497: 674 0
498: 710 0
499: 710 0
500: 710 0
501: 710 0
502: 710 0
503: 673 0
504: 674 0
505: 675 0
506: 674 0
507: 674 0
508: 711 1
509: 674 1
510: 710 1
511: 674 1
512: 711 1
513: 674 1
514: 710 1
515: 676 1
516: 0 1
517: 33 1
518: 710 1
519: 674 1
520: 710 1
521: 675 1
522: 710 1
523: 674 1
524: 711 1
525: 675 1
526: 710 1
527: 675 1
528: 711 1
529: 674 1
530: 711 1
531: 674 1
532: 710 1
533: 675 1
534: 0 1
535: 33 1
536: 0 1
537: 33 1
538: 0 1
539: 33 1
540: 0 1
541: 34 1
542: 0 1
543: 35 1
544: 0 1
545: 34 1
546: 0 1
547: 35 1
548: 0 1
549: 34 1
550: 0 1
551: 34 1
552: 0 1
553: 33 1
554: 0 1
555: 34 1
556: 0 1
557: 34 1
558: 0 1
559: 33 1
560: 0 1
561: 35 1
562: 0 1
563: 33 1
564: 0 1
565: 34 1
566: 0 1
567: 33 1
568: 0 1
569: 34 1
570: 1 1
571: 0 1
572: 33 1
573: 0 1
574: 34 1
575: 1 1
576: 33 1
577: 0 1
578: 34 1
579: 0 1
580: 33 1
581: 0 1
582: 33 1
583: 0 1
584: 34 1
585: 0 1
586: 33 1
587: 0 1
588: 34 1
589: 0 1
590: 34 1
591: 0 1
592: 34 1
593: 0 1
594: 34 1
595: 709 1
596: 675 1
597: 710 1
598: 674 1
599: 710 1
600: 675 1
601: 0 1
602: 33 1
603: 0 1
604: 35 1
605: 0 1
606: 35 1
607: 0 1
608: 34 1
609: 34 1
610: 0 0
611: 0 0
612: 0 0
613: 0 0
614: 1 0
615: 36 0
616: 35 0
617: 34 0
618: 35 0
619: 33 0
620: 0 0
621: 0 0
622: 0 0
623: 0 0
624: 0 0
625: 35 0
626: 33 0
627: 34 0
628: 34 0
629: 33 0
630: 34 0
631: 0 0
632: 0 0
633: 0 0
634: 0 0
635: 0 0
636: 33 0
637: 34 0
638: 34 0
639: 33 0
640: 34 0
641: 0 0
642: 1 0
643: 0 0
644: 0 0
645: 0 0
646: 35 0
647: 32 0
648: 33 0
649: 33 0
650: 35 0
651: 0 0
652: 0 0
653: 0 0
654: 0 0
655: 0 0
656: 35 0
657: 34 0
658: 35 0
659: 34 0
660: 35 0
661: 0 0
662: 0 0
663: 0 0
664: 0 0
665: 0 0
666: 35 0
667: 35 0
668: 33 0
669: 34 0
670: 34 0
671: 711 0
672: 710 0
673: 711 0
674: 710 0
675: 711 0
676: 675 0
677: 674 0
678: 675 0
679: 674 0
680: 674 0
681: 709 0
682: 710 0
683: 710 0
684: 710 0
685: 710 0
686: 673 0
687: 674 0
688: 675 0
689: 674 0
690: 674 0
691: 711 0
692: 710 0
693: 709 0
694: 710 0
695: 710 0
696: 675 0
697: 674 0
698: 674 0
699: 675 0
700: 674 0
701: 710 0
702: 711 0
703: 710 0
704: 711 0
705: 711 0
706: 673 0
707: 674 0
708: 676 0
709: 673 0
710: 674 0
711: 712 1
712: 674 1
713: 710 1
714: 674 1
715: 710 1
716: 674 1
717: 710 1
718: 674 1
719: 710 1
720: 674 1
721: 711 1
722: 674 1
723: 710 1
724: 675 1
725: 710 1
726: 673 1
727: 710 1
728: 675 1
729: 710 1
730: 674 1
731: 674 1
732: 710 1
733: 673 1
734: 711 1
735: 673 1
736: 710 1
737: 675 1
738: 710 1
739: 673 1
740: 710 1
741: 675 1
742: 710 1
743: 674 1
744: 711 1
745: 674 1
746: 710 1
747: 674 1
748: 0 1
749: 33 1
750: 0 1
751: 35 1
752: 0 1
753: 35 1
754: 0 1
755: 0 1
756: 33 1
757: 0 1
758: 35 1
759: 0 1
760: 34 1
761: 0 1
762: 34 1
763: 0 1
764: 33 1
765: 0 1
766: 33 1
767: 0 1
768: 33 1
769: 0 1
770: 33 1
771: 0 1
772: 33 1
773: 0 1
774: 33 1
775: 0 1
776: 33 1
777: 0 1
778: 33 1
779: 0 1
780: 35 1
781: 0 1
782: 34 1
783: 0 1
784: 34 1
785: 0 1
786: 35 1
787: 710 1
788: 674 1
789: 711 1
790: 674 1
791: 711 1
792: 675 1
793: 710 1
794: 674 1
795: 713 1
796: 674 1
797: 710 1
798: 676 1
799: 711 1
800: 674 1
801: 0 1
802: 33 1
803: 711 1
804: 674 1
805: 711 1
806: 674 1
807: 710 1
808: 673 1
809: 710 1
810: 674 1
811: 674 1
812: 0 0
813: 0 0
814: 0 0
815: 0 0
816: 0 0
817: 34 0
818: 34 0
819: 34 0
820: 34 0
821: 33 0
822: 0 0
823: 0 0
824: 0 0
825: 0 0
826: 0 0
827: 35 0
828: 35 0
829: 34 0
830: 33 0
831: 33 0
832: 0 0
833: 0 0
834: 0 0
835: 0 0
836: 0 0
837: 0 0
838: 35 0
839: 34 0
840: 34 0
841: 34 0
842: 34 0
843: 710 0
844: 710 0
845: 710 0
846: 711 0
847: 709 0
848: 674 0
849: 674 0
850: 673 0
851: 674 0
852: 675 0
853: 709 0
854: 710 0
855: 709 0
856: 711 0
857: 710 0
858: 673 0
859: 675 0
860: 674 0
861: 674 0
862: 674 0
863: 710 0
864: 709 0
865: 710 0
866: 711 0
867: 672 0
868: 673 0
869: 675 0
870: 674 0
871: 673 0
872: 712 0
873: 710 0
874: 710 0
875: 710 0
876: 710 0
877: 674 0
878: 674 0
879: 674 0
880: 673 0
881: 673 0
882: 710 0
883: 710 0
884: 709 0
885: 711 0
886: 710 0
887: 673 0
888: 673 0
889: 675 0
890: 674 0
891: 674 0
892: 711 0
893: 710 0
894: 709 0
895: 710 0
896: 710 0
897: 673 0
898: 675 0
899: 674 0
900: 673 0
901: 674 0
902: 710 0
903: 710 0
904: 710 0
905: 711 0
906: 710 0
907: 674 0
908: 673 0
909: 674 0
910: 674 0
911: 673 0
912: 711 1
913: 673 1
914: 710 1
915: 674 1
916: 710 1
917: 673 1
918: 711 1
919: 674 1
920: 0 1
921: 33 1
922: 0 1
923: 34 1
924: 710 1
925: 676 1
926: 711 1
927: 674 1
928: 710 1
929: 675 1
930: 710 1
931: 674 1
932: 710 1
933: 674 1
934: 710 1
935: 674 1
936: 710 1
937: 674 1
938: 710 1
939: 710 1
940: 673 1
941: 710 1
942: 674 1
943: 710 1
944: 674 1
945: 712 1
946: 674 1
947: 710 1
948: 674 1
949: 710 1
950: 674 1
951: 0 1
952: 35 1
953: 0 1
954: 36 1
955: 0 1
956: 1 1
957: 34 1
958: 0 1
959: 35 1
960: 0 1
961: 34 1
962: 0 1
963: 35 1
964: 0 1
965: 35 1
966: 0 1
967: 34 1
968: 0 1
969: 34 1
970: 0 1
971: 35 1
972: 711 1
973: 674 1
974: 710 1
975: 674 1
976: 710 1
977: 675 1
978: 710 1
979: 675 1
980: 0 1
981: 35 1
982: 0 1
983: 34 1
984: 0 1
985: 35 1
986: 710 1
987: 675 1
988: 710 1
989: 675 1
990: 710 1
991: 674 1
992: 711 1
993: 674 1
994: 710 1
995: 674 1
996: 710 1
997: 674 1
998: 0 1
999: 34 1
1000: 0 1
