1: 34 0
2: 0 0
3: 0 0
4: 0 0
5: 0 0
6: 0 0
7: 35 0
8: 34 0
9: 34 0
10: 33 0
11: 34 0
12: 0 0
13: 0 0
14: 0 0
15: 0 0
16: 0 0
17: 35 0
18: 35 0
19: 33 0
20: 33 0
21: 34 0
22: 34 0
23: 0 0
24: 0 0
25: 0 0
26: 0 0
27: 0 0
28: 34 0
29: 35 0
30: 33 0
31: 34 0
32: 34 0
33: 0 0
34: 0 0
35: 0 0
36: 0 0
37: 0 0
38: 35 0
39: 35 0
40: 34 0
41: 34 0
42: 35 0
43: 0 0
44: 0 0
45: 0 0
46: 0 0
47: 0 0
48: 0 0
49: 33 0
50: 34 0
51: 33 0
52: 33 0
53: 34 0
54: 0 0
55: 0 0
56: 0 0
57: 0 0
58: 0 0
59: 34 0
60: 34 0
61: 33 0
62: 34 0
63: 34 0
64: 0 0
65: 0 0
66: 0 0
67: 0 0
68: 0 0
69: 0 0
70: 34 0
71: 34 0
72: 34 0
73: 34 0
74: 34 0
75: 0 0
76: 0 0
77: 0 0
78: 0 0
79: 0 0
80: 34 0
81: 35 0
82: 34 0
83: 33 0
84: 35 0
85: 0 0
86: 0 0
87: 0 0
88: 0 0
89: 0 0
90: 0 0
91: 35 0
92: 34 0
93: 35 0
94: 35 0
95: 35 0
96: 710 0
97: 710 0
98: 710 0
99: 710 0
100: 711 0
101: 675 0
102: 674 0
103: 675 0
104: 675 0
105: 674 0
106: 0 1
107: 35 1
108: 0 1
109: 35 1
110: 0 1
111: 35 1
112: 0 1
113: 34 1
114: 0 1
115: 33 1
116: 710 1
117: 675 1
118: 710 1
119: 674 1
120: 711 1
121: 674 1
122: 0 1
123: 35 1
124: 0 1
125: 35 1
126: 0 1
127: 35 1
128: 710 1
129: 674 1
130: 711 1
131: 674 1
132: 711 1
133: 674 1
134: 710 1
135: 675 1
136: 0 1
137: 34 1
138: 0 1
139: 33 1
140: 0 1
141: 35 1
142: 0 1
143: 35 1
144: 0 1
145: 0 1
146: 35 1
147: 0 1
148: 34 1
149: 0 1
150: 34 1
151: 0 1
152: 35 1
153: 0 1
154: 34 1
155: 0 1
156: 34 1
157: 0 1
158: 34 1
159: 710 1
160: 674 1
161: 711 1
162: 674 1
163: 0 1
164: 33 1
165: 0 1
166: 33 1
167: 0 1
168: 33 1
169: 0 1
170: 35 1
171: 711 1
172: 674 1
173: 709 1
174: 674 1
175: 710 1
176: 674 1
177: 711 1
178: 674 1
179: 710 1
180: 674 1
181: 0 1
182: 33 1
183: 1 1
184: 35 1
185: 0 1
186: 34 1
187: 0 1
188: 34 1
189: 0 1
190: 34 1
191: 0 1
192: 35 1
193: 0 1
194: 35 1
195: 0 1
196: 34 1
197: 0 1
198: 35 1
199: 710 1
200: 674 1
201: 710 1
202: 673 1
203: 711 1
204: 674 1
205: 710 1
206: 674 1
207: 673 0
208: 710 0
209: 710 0
210: 710 0
211: 711 0
212: 673 0
213: 674 0
214: 673 0
215: 674 0
216: 674 0
217: 0 0
218: 0 0
219: 0 0
220: 0 0
221: 0 0
222: 35 0
223: 33 0
224: 34 0
225: 33 0
226: 34 0
227: 709 0
228: 710 0
229: 710 0
230: 710 0
231: 711 0
232: 674 0
233: 674 0
234: 674 0
235: 675 0
236: 674 0
237: 710 0
238: 711 0
239: 711 0
240: 709 0
241: 710 0
242: 674 0
243: 674 0
244: 674 0
245: 675 0
246: 674 0
247: 710 0
248: 712 0
249: 710 0
250: 710 0
251: 712 0
252: 674 0
253: 674 0
254: 674 0
255: 674 0
256: 674 0
257: 710 0
258: 710 0
259: 710 0
260: 710 0
261: 710 0
262: 673 0
263: 674 0
264: 674 0
265: 674 0
266: 674 0
267: 710 0
268: 711 0
269: 710 0
270: 710 0
271: 712 0
272: 674 0
273: 673 0
274: 674 0
275: 674 0
276: 674 0
277: 0 0
278: 0 0
279: 0 0
280: 0 0
281: 0 0
282: 35 0
283: 34 0
284: 34 0
285: 33 0
286: 34 0
287: 0 0
288: 0 0
289: 0 0
290: 0 0
291: 0 0
292: 35 0
293: 34 0
294: 34 0
295: 33 0
296: 34 0
297: 34 0
298: 0 0
299: 0 0
300: 0 0
301: 0 0
302: 0 0
303: 35 0
304: 35 0
305: 33 0
306: 35 0
307: 33 0
308: 33 1
309: 0 1
310: 35 1
311: 0 1
312: 35 1
313: 0 1
314: 36 1
315: 0 1
316: 35 1
317: 34 1
318: 710 1
319: 675 1
320: 674 1
321: 710 1
322: 674 1
323: 0 1
324: 0 1
325: 35 1
326: 0 1
327: 35 1
328: 0 1
329: 35 1
330: 0 1
331: 35 1
332: 0 1
333: 35 1
334: 0 1
335: 35 1
336: 0 1
337: 35 1
338: 0 1
339: 35 1
340: 0 1
341: 34 1
342: 0 1
343: 35 1
344: 710 1
345: 674 1
346: 711 1
347: 674 1
348: 710 1
349: 674 1
350: 710 1
351: 674 1
352: 711 1
353: 674 1
354: 710 1
355: 675 1
356: 711 1
357: 674 1
358: 711 1
359: 675 1
360: 710 1
361: 674 1
362: 711 1
363: 674 1
364: 711 1
365: 674 1
366: 710 1
367: 674 1
368: 710 1
369: 675 1
370: 710 1
371: 673 1
372: 0 1
373: 34 1
374: 710 1
375: 674 1
376: 712 1
377: 674 1
378: 0 1
379: 34 1
380: 710 1
381: 674 1
382: 711 1
383: 675 1
384: 710 1
385: 675 1
386: 710 1
387: 674 1
388: 710 1
389: 675 1
390: 710 1
391: 674 1
392: 711 1
393: 674 1
394: 710 1
395: 674 1
396: 0 1
397: 34 1
398: 0 1
399: 33 1
400: 0 1
401: 34 1
402: 0 1
403: 34 1
404: 0 1
405: 34 1
406: 0 1
407: 34 1
408: 33 1
409: 0 0
410: 0 0
411: 0 0
412: 0 0
413: 0 0
414: 35 0
415: 34 0
416: 34 0
417: 34 0
418: 34 0
419: 0 0
420: 0 0
421: 0 0
422: 0 0
423: 0 0
424: 35 0
425: 33 0
426: 33 0
427: 33 0
428: 35 0
429: 0 0
430: 0 0
431: 0 0
432: 0 0
433: 0 0
434: 0 0
435: 35 0
436: 33 0
437: 34 0
438: 34 0
439: 34 0
440: 711 0
441: 710 0
442: 709 0
443: 711 0
444: 710 0
445: 673 0
446: 675 0
447: 674 0
448: 674 0
449: 675 0
450: 710 0
451: 711 0
452: 711 0
453: 711 0
454: 709 0
455: 674 0
456: 673 0
457: 674 0
458: 674 0
459: 673 0
460: 710 0
461: 710 0
462: 709 0
463: 710 0
464: 672 0
465: 673 0
466: 674 0
467: 675 0
468: 673 0
469: 709 0
470: 711 0
471: 709 0
472: 710 0
473: 711 0
474: 673 0
475: 674 0
476: 673 0
477: 674 0
478: 675 0
479: 710 0
480: 710 0
481: 710 0
482: 709 0
483: 710 0
484: 674 0
485: 673 0
486: 675 0
487: 674 0
488: 673 0
489: 709 0
490: 711 0
491: 709 0
492: 710 0
493: 709 0
494: 673 0
495: 673 0
496: 673 0
497: 674 0
498: 674 0
499: 710 0
500: 710 0
501: 710 0
502: 709 0
503: 711 0
504: 674 0
505: 674 0
506: 675 0
507: 675 0
508: 674 0
509: 710 1
510: 675 1
511: 710 1
512: 675 1
513: 711 1
514: 674 1
515: 710 1
516: 675 1
517: 710 1
518: 674 1
519: 712 1
520: 674 1
521: 710 1
522: 674 1
523: 711 1
524: 674 1
525: 710 1
526: 675 1
527: 673 1
528: 710 1
529: 674 1
530: 0 1
531: 0 1
532: 33 1
533: 0 1
534: 35 1
535: 0 1
536: 34 1
537: 0 1
538: 35 1
539: 710 1
540: 674 1
541: 710 1
542: 674 1
543: 711 1
544: 674 1
545: 710 1
546: 675 1
547: 710 1
548: 674 1
549: 711 1
550: 674 1
551: 710 1
552: 675 1
553: 710 1
554: 674 1
555: 710 1
556: 674 1
557: 710 1
558: 674 1
559: 711 1
560: 710 1
561: 674 1
562: 710 1
563: 675 1
564: 710 1
565: 674 1
566: 711 1
567: 674 1
568: 710 1
569: 674 1
570: 710 1
571: 674 1
572: 0 1
573: 34 1
574: 0 1
575: 35 1
576: 0 1
577: 0 1
578: 35 1
579: 0 1
580: 35 1
581: 0 1
582: 35 1
583: 0 1
584: 35 1
585: 0 1
586: 33 1
587: 0 1
588: 34 1
589: 710 1
590: 675 1
591: 0 1
592: 34 1
593: 0 1
594: 34 1
595: 710 1
596: 675 1
597: 710 1
598: 674 1
599: 711 1
600: 675 1
601: 710 1
602: 674 1
603: 0 1
604: 34 1
605: 0 1
606: 33 1
607: 0 1
608: 34 1
609: 34 1
610: 0 0
611: 0 0
612: 0 0
613: 0 0
614: 0 0
615: 35 0
616: 34 0
617: 35 0
618: 34 0
619: 34 0
620: 712 0
621: 710 0
622: 710 0
623: 710 0
624: 711 0
625: 675 0
626: 674 0
627: 676 0
628: 674 0
629: 674 0
630: 711 0
631: 710 0
632: 710 0
633: 712 0
634: 710 0
635: 673 0
636: 674 0
637: 674 0
638: 674 0
639: 674 0
640: 711 0
641: 710 0
642: 710 0
643: 710 0
644: 710 0
645: 674 0
646: 674 0
647: 674 0
648: 674 0
649: 673 0
650: 711 0
651: 710 0
652: 710 0
653: 712 0
654: 710 0
655: 673 0
656: 674 0
657: 674 0
658: 674 0
659: 675 0
660: 711 0
661: 710 0
662: 711 0
663: 710 0
664: 710 0
665: 675 0
666: 674 0
667: 674 0
668: 674 0
669: 674 0
670: 711 0
671: 710 0
672: 710 0
673: 711 0
674: 710 0
675: 673 0
676: 673 0
677: 674 0
678: 674 0
679: 710 0
680: 710 0
681: 710 0
682: 708 0
683: 710 0
684: 673 0
685: 674 0
686: 675 0
687: 673 0
688: 674 0
689: 709 0
690: 711 0
691: 710 0
692: 709 0
693: 711 0
694: 674 0
695: 673 0
696: 673 0
697: 674 0
698: 674 0
699: 710 0
700: 711 0
701: 710 0
702: 710 0
703: 712 0
704: 673 0
705: 674 0
706: 675 0
707: 673 0
708: 673 0
709: 710 1
710: 674 1
711: 710 1
712: 674 1
713: 710 1
714: 674 1
715: 710 1
716: 674 1
717: 710 1
718: 673 1
719: 711 1
720: 675 1
721: 710 1
722: 673 1
723: 712 1
724: 673 1
725: 710 1
726: 676 1
727: 710 1
728: 674 1
729: 711 1
730: 674 1
731: 0 1
732: 33 1
733: 710 1
734: 674 1
735: 711 1
736: 674 1
737: 710 1
738: 675 1
739: 711 1
740: 674 1
741: 0 1
742: 33 1
743: 0 1
744: 34 1
745: 711 1
746: 675 1
747: 711 1
748: 674 1
749: 0 1
750: 35 1
751: 710 1
752: 674 1
753: 0 1
754: 34 1
755: 0 1
756: 33 1
757: 0 1
758: 35 1
759: 0 1
760: 34 1
761: 0 1
762: 34 1
763: 0 1
764: 33 1
765: 0 1
766: 35 1
767: 1 1
768: 34 1
769: 710 1
770: 676 1
771: 710 1
772: 674 1
773: 712 1
774: 674 1
775: 711 1
776: 674 1
777: 710 1
778: 673 1
779: 710 1
780: 674 1
781: 710 1
782: 673 1
783: 711 1
784: 674 1
785: 0 1
786: 33 1
787: 0 1
788: 33 1
789: 0 1
790: 33 1
791: 0 1
792: 33 1
793: 711 1
794: 674 1
795: 710 1
796: 673 1
797: 711 1
798: 673 1
799: 710 1
800: 675 1
801: 710 1
802: 673 1
803: 0 1
804: 34 1
805: 710 1
806: 675 1
807: 710 1
808: 673 1
809: 675 1
810: 711 0
811: 710 0
812: 710 0
813: 711 0
814: 710 0
815: 674 0
816: 673 0
817: 674 0
818: 674 0
819: 674 0
820: 710 0
821: 711 0
822: 709 0
823: 710 0
824: 710 0
825: 674 0
826: 675 0
827: 673 0
828: 674 0
829: 674 0
830: 711 0
831: 710 0
832: 710 0
833: 711 0
834: 710 0
835: 673 0
836: 674 0
837: 674 0
838: 674 0
839: 674 0
840: 710 0
841: 711 0
842: 710 0
843: 711 0
844: 711 0
845: 673 0
846: 675 0
847: 674 0
848: 674 0
849: 673 0
850: 711 0
851: 710 0
852: 710 0
853: 711 0
854: 673 0
855: 674 0
856: 673 0
857: 673 0
858: 673 0
859: 711 0
860: 710 0
861: 710 0
862: 709 0
863: 711 0
864: 673 0
865: 673 0
866: 675 0
867: 673 0
868: 673 0
869: 710 0
870: 710 0
871: 710 0
872: 710 0
873: 711 0
874: 673 0
875: 673 0
876: 675 0
877: 674 0
878: 673 0
879: 712 0
880: 710 0
881: 709 0
882: 710 0
883: 711 0
884: 673 0
885: 674 0
886: 675 0
887: 673 0
888: 673 0
889: 710 0
890: 710 0
891: 710 0
892: 710 0
893: 710 0
894: 673 0
895: 673 0
896: 675 0
897: 673 0
898: 673 0
899: 711 0
900: 710 0
901: 710 0
902: 710 0
903: 710 0
904: 673 0
905: 674 0
906: 674 0
907: 673 0
908: 674 0
909: 710 1
910: 673 1
911: 711 1
912: 674 1
913: 710 1
914: 674 1
915: 710 1
916: 674 1
917: 711 1
918: 673 1
919: 674 1
920: 710 1
921: 673 1
922: 710 1
923: 673 1
924: 710 1
925: 673 1
926: 711 1
927: 673 1
928: 710 1
929: 674 1
930: 709 1
931: 674 1
932: 711 1
933: 672 1
934: 710 1
935: 673 1
936: 710 1
937: 674 1
938: 710 1
939: 674 1
940: 711 1
941: 673 1
942: 0 1
943: 33 1
944: 1 1
945: 34 1
946: 0 1
947: 33 1
948: 710 1
949: 675 1
950: 0 1
951: 34 1
952: 0 1
953: 34 1
954: 0 1
955: 0 1
956: 33 1
957: 0 1
958: 33 1
959: 711 1
960: 674 1
961: 709 1
962: 673 1
963: 710 1
964: 673 1
965: 710 1
966: 674 1
967: 710 1
968: 674 1
969: 710 1
970: 674 1
971: 0 1
972: 32 1
973: 0 1
974: 31 1
975: 0 1
976: 33 1
977: 0 1
978: 33 1
979: 0 1
980: 33 1
981: 0 1
982: 33 1
983: 0 1
984: 33 1
985: 0 1
986: 33 1
987: 0 1
988: 34 1
989: 0 1
990: 34 1
991: 0 1
992: 34 1
993: 0 1
994: 33 1
995: 0 1
996: 33 1
997: 0 1
998: 34 1
999: 0 1
1000: 34 1
