1: 35 0
2: 0 0
3: 0 0
4: 0 0
5: 0 0
6: 0 0
7: 35 0
8: 36 0
9: 35 0
10: 35 0
11: 36 0
12: 0 0
13: 0 0
14: 0 0
15: 0 0
16: 0 0
17: 36 0
18: 35 0
19: 35 0
20: 35 0
21: 35 0
22: 35 0
23: 0 0
24: 0 0
25: 0 0
26: 0 0
27: 1 0
28: 35 0
29: 34 0
30: 34 0
31: 36 0
32: 36 0
33: 0 0
34: 0 0
35: 0 0
36: 0 0
37: 0 0
38: 36 0
39: 35 0
40: 34 0
41: 35 0
42: 34 0
43: 710 0
44: 710 0
45: 711 0
46: 710 0
47: 710 0
48: 711 0
49: 675 0
50: 674 0
51: 675 0
52: 675 0
53: 674 0
54: 710 0
55: 711 0
56: 710 0
57: 710 0
58: 710 0
59: 676 0
60: 674 0
61: 675 0
62: 676 0
63: 675 0
64: 711 0
65: 710 0
66: 711 0
67: 710 0
68: 710 0
69: 675 0
70: 674 0
71: 674 0
72: 674 0
73: 675 0
74: 710 0
75: 710 0
76: 711 0
77: 711 0
78: 710 0
79: 674 0
80: 676 0
81: 674 0
82: 674 0
83: 675 0
84: 710 0
85: 710 0
86: 710 0
87: 710 0
88: 710 0
89: 675 0
90: 675 0
91: 674 0
92: 674 0
93: 676 0
94: 710 0
95: 710 0
96: 712 0
97: 710 0
98: 710 0
99: 674 0
100: 675 0
101: 674 0
102: 674 0
103: 675 0
104: 674 1
105: 675 1
106: 0 1
107: 34 1
108: 0 1
109: 33 1
110: 710 1
111: 674 1
112: 710 1
113: 675 1
114: 710 1
115: 674 1
116: 711 1
117: 674 1
118: 710 1
119: 674 1
120: 0 1
121: 33 1
122: 0 1
123: 34 1
124: 0 1
125: 34 1
126: 0 1
127: 33 1
128: 0 1
129: 34 1
130: 0 1
131: 34 1
132: 0 1
133: 35 1
134: 0 1
135: 35 1
136: 710 1
137: 675 1
138: 710 1
139: 673 1
140: 712 1
141: 674 1
142: 710 1
143: 676 1
144: 710 1
145: 674 1
146: 710 1
147: 674 1
148: 710 1
149: 674 1
150: 711 1
151: 674 1
152: 710 1
153: 674 1
154: 710 1
155: 674 1
156: 711 1
157: 674 1
158: 710 1
159: 674 1
160: 0 1
161: 33 1
162: 1 1
163: 33 1
164: 710 1
165: 674 1
166: 0 1
167: 34 1
168: 1 1
169: 35 1
170: 0 1
171: 35 1
172: 0 1
173: 35 1
174: 0 1
175: 35 1
176: 0 1
177: 36 1
178: 0 1
179: 35 1
180: 0 1
181: 0 1
182: 35 1
183: 0 1
184: 35 1
185: 0 1
186: 35 1
187: 0 1
188: 34 1
189: 0 1
190: 35 1
191: 0 1
192: 34 1
193: 0 1
194: 35 1
195: 0 1
196: 35 1
197: 0 1
198: 35 1
199: 0 1
200: 35 1
201: 0 1
202: 34 1
203: 0 1
204: 35 1
205: 34 1
206: 0 0
207: 0 0
208: 0 0
209: 0 0
210: 0 0
211: 35 0
212: 34 0
213: 35 0
214: 34 0
215: 35 0
216: 710 0
217: 711 0
218: 711 0
219: 710 0
220: 710 0
221: 674 0
222: 674 0
223: 675 0
224: 675 0
225: 674 0
226: 710 0
227: 710 0
228: 711 0
229: 711 0
230: 710 0
231: 675 0
232: 674 0
233: 674 0
234: 674 0
235: 674 0
236: 710 0
237: 710 0
238: 710 0
239: 710 0
240: 710 0
241: 674 0
242: 674 0
243: 674 0
244: 674 0
245: 674 0
246: 711 0
247: 710 0
248: 711 0
249: 711 0
250: 710 0
251: 674 0
252: 674 0
253: 674 0
254: 674 0
255: 675 0
256: 0 0
257: 0 0
258: 0 0
259: 0 0
260: 0 0
261: 35 0
262: 34 0
263: 34 0
264: 33 0
265: 34 0
266: 0 0
267: 0 0
268: 0 0
269: 0 0
270: 0 0
271: 33 0
272: 35 0
273: 34 0
274: 34 0
275: 33 0
276: 0 0
277: 0 0
278: 0 0
279: 0 0
280: 0 0
281: 0 0
282: 34 0
283: 33 0
284: 34 0
285: 35 0
286: 34 0
287: 709 0
288: 710 0
289: 710 0
290: 710 0
291: 711 0
292: 674 0
293: 674 0
294: 675 0
295: 675 0
296: 674 0
297: 710 0
298: 711 0
299: 710 0
300: 711 0
301: 673 0
302: 675 0
303: 675 0
304: 674 0
305: 675 0
306: 674 1
307: 674 1
308: 710 1
309: 674 1
310: 710 1
311: 674 1
312: 710 1
313: 673 1
314: 710 1
315: 676 1
316: 710 1
317: 674 1
318: 711 1
319: 674 1
320: 710 1
321: 674 1
322: 710 1
323: 675 1
324: 710 1
325: 674 1
326: 711 1
327: 674 1
328: 710 1
329: 675 1
330: 710 1
331: 675 1
332: 711 1
333: 674 1
334: 710 1
335: 675 1
336: 0 1
337: 33 1
338: 712 1
339: 674 1
340: 0 1
341: 34 1
342: 0 1
343: 33 1
344: 710 1
345: 675 1
346: 710 1
347: 674 1
348: 711 1
349: 674 1
350: 711 1
351: 675 1
352: 710 1
353: 675 1
354: 710 1
355: 675 1
356: 711 1
357: 674 1
358: 711 1
359: 675 1
360: 710 1
361: 675 1
362: 0 1
363: 33 1
364: 710 1
365: 676 1
366: 0 1
367: 33 1
368: 0 1
369: 34 1
370: 0 1
371: 34 1
372: 0 1
373: 35 1
374: 0 1
375: 34 1
376: 0 1
377: 35 1
378: 0 1
379: 34 1
380: 0 1
381: 34 1
382: 0 1
383: 34 1
384: 0 1
385: 34 1
386: 0 1
387: 36 1
388: 0 1
389: 35 1
390: 0 1
391: 35 1
392: 0 1
393: 35 1
394: 0 1
395: 35 1
396: 710 1
397: 674 1
398: 711 1
399: 675 1
400: 710 1
401: 675 1
402: 710 1
403: 674 1
404: 711 1
405: 675 1
406: 674 1
407: 710 0
408: 710 0
409: 711 0
410: 710 0
411: 710 0
412: 675 0
413: 674 0
414: 674 0
415: 674 0
416: 674 0
417: 0 0
418: 0 0
419: 0 0
420: 0 0
421: 0 0
422: 34 0
423: 34 0
424: 34 0
425: 33 0
426: 34 0
427: 0 0
428: 0 0
429: 0 0
430: 0 0
431: 0 0
432: 36 0
433: 34 0
434: 34 0
435: 35 0
436: 34 0
437: 34 0
438: 0 0
439: 0 0
440: 0 0
441: 0 0
442: 0 0
443: 34 0
444: 35 0
445: 34 0
446: 35 0
447: 33 0
448: 710 0
449: 710 0
450: 710 0
451: 710 0
452: 711 0
453: 674 0
454: 674 0
455: 674 0
456: 675 0
457: 674 0
458: 0 0
459: 0 0
460: 0 0
461: 0 0
462: 0 0
463: 35 0
464: 33 0
465: 34 0
466: 33 0
467: 33 0
468: 0 0
469: 0 0
470: 0 0
471: 0 0
472: 0 0
473: 34 0
474: 33 0
475: 34 0
476: 33 0
477: 34 0
478: 0 0
479: 0 0
480: 0 0
481: 0 0
482: 0 0
483: 35 0
484: 35 0
485: 35 0
486: 34 0
487: 35 0
488: 0 0
489: 0 0
490: 0 0
491: 0 0
492: 0 0
493: 0 0
494: 35 0
495: 34 0
496: 34 0
497: 33 0
498: 34 0
499: 0 0
500: 0 0
501: 0 0
502: 0 0
503: 0 0
504: 35 0
505: 35 0
506: 33 0
507: 34 0
508: 34 0
509: 34 1
510: 0 1
511: 0 1
512: 34 1
513: 0 1
514: 33 1
515: 0 1
516: 35 1
517: 0 1
518: 33 1
519: 0 1
520: 35 1
521: 0 1
522: 34 1
523: 0 1
524: 33 1
525: 711 1
526: 675 1
527: 711 1
528: 676 1
529: 710 1
530: 674 1
531: 712 1
532: 674 1
533: 710 1
534: 675 1
535: 710 1
536: 674 1
537: 710 1
538: 674 1
539: 710 1
540: 674 1
541: 711 1
542: 674 1
543: 710 1
544: 674 1
545: 710 1
546: 674 1
547: 711 1
548: 674 1
549: 710 1
550: 674 1
551: 712 1
552: 674 1
553: 710 1
554: 676 1
555: 710 1
556: 674 1
557: 711 1
558: 675 1
559: 710 1
560: 675 1
561: 710 1
562: 674 1
563: 710 1
564: 710 1
565: 673 1
566: 711 1
567: 675 1
568: 710 1
569: 673 1
570: 710 1
571: 674 1
572: 710 1
573: 674 1
574: 0 1
575: 33 1
576: 0 1
577: 35 1
578: 711 1
579: 673 1
580: 710 1
581: 675 1
582: 710 1
583: 674 1
584: 712 1
585: 673 1
586: 710 1
587: 675 1
588: 710 1
589: 674 1
590: 710 1
591: 674 1
592: 0 1
593: 33 1
594: 0 1
595: 35 1
596: 0 1
597: 35 1
598: 34 1
599: 0 1
600: 33 1
601: 0 1
602: 33 1
603: 0 1
604: 34 1
605: 710 1
606: 675 1
607: 710 1
608: 674 1
609: 674 0
610: 0 0
611: 0 0
612: 0 0
613: 0 0
614: 0 0
615: 33 0
616: 33 0
617: 33 0
618: 34 0
619: 34 0
620: 0 0
621: 0 0
622: 0 0
623: 0 0
624: 0 0
625: 34 0
626: 33 0
627: 34 0
628: 34 0
629: 34 0
630: 0 0
631: 0 0
632: 0 0
633: 0 0
634: 0 0
635: 35 0
636: 34 0
637: 33 0
638: 33 0
639: 33 0
640: 0 0
641: 0 0
642: 0 0
643: 0 0
644: 0 0
645: 34 0
646: 36 0
647: 33 0
648: 33 0
649: 34 0
650: 0 0
651: 0 0
652: 0 0
653: 0 0
654: 0 0
655: 0 0
656: 35 0
657: 33 0
658: 34 0
659: 34 0
660: 33 0
661: 0 0
662: 0 0
663: 0 0
664: 0 0
665: 0 0
666: 34 0
667: 33 0
668: 34 0
669: 33 0
670: 33 0
671: 0 0
672: 0 0
673: 0 0
674: 0 0
675: 0 0
676: 34 0
677: 35 0
678: 33 0
679: 33 0
680: 33 0
681: 0 0
682: 0 0
683: 2 0
684: 0 0
685: 1 0
686: 33 0
687: 34 0
688: 35 0
689: 35 0
690: 36 0
691: 0 0
692: 0 0
693: 0 0
694: 0 0
695: 0 0
696: 0 0
697: 34 0
698: 35 0
699: 34 0
700: 34 0
701: 33 0
702: 0 0
703: 0 0
704: 0 0
705: 0 0
706: 0 0
707: 33 0
708: 34 0
709: 33 0
710: 35 0
711: 34 0
712: 0 1
713: 0 1
714: 33 1
715: 710 1
716: 675 1
717: 710 1
718: 674 1
719: 711 1
720: 674 1
721: 710 1
722: 675 1
723: 711 1
724: 674 1
725: 711 1
726: 674 1
727: 711 1
728: 0 1
729: 0 1
730: 33 1
731: 0 1
732: 34 1
733: 0 1
734: 34 1
735: 0 1
736: 34 1
737: 1 1
738: 34 1
739: 0 1
740: 33 1
741: 0 1
742: 35 1
743: 0 1
744: 34 1
745: 710 1
746: 674 1
747: 712 1
748: 674 1
749: 710 1
750: 675 1
751: 711 1
752: 674 1
753: 709 1
754: 675 1
755: 710 1
756: 674 1
757: 0 1
758: 34 1
759: 0 1
760: 33 1
761: 0 1
762: 34 1
763: 0 1
764: 33 1
765: 0 1
766: 35 1
767: 0 1
768: 33 1
769: 0 1
770: 34 1
771: 0 1
772: 34 1
773: 0 1
774: 33 1
775: 0 1
776: 33 1
777: 0 1
778: 35 1
779: 0 1
780: 34 1
781: 0 1
782: 35 1
783: 0 1
784: 35 1
785: 0 1
786: 35 1
787: 710 1
788: 675 1
789: 710 1
790: 674 1
791: 711 1
792: 674 1
793: 0 1
794: 35 1
795: 0 1
796: 0 1
797: 34 1
798: 0 1
799: 34 1
800: 0 1
801: 33 1
802: 0 1
803: 35 1
804: 0 1
805: 35 1
806: 0 1
807: 34 1
808: 710 1
809: 675 1
810: 710 1
811: 674 1
812: 711 1
813: 674 0
814: 674 0
815: 712 0
816: 710 0
817: 710 0
818: 712 0
819: 710 0
820: 674 0
821: 675 0
822: 674 0
823: 674 0
824: 674 0
825: 710 0
826: 710 0
827: 709 0
828: 711 0
829: 710 0
830: 673 0
831: 675 0
832: 674 0
833: 673 0
834: 674 0
835: 711 0
836: 710 0
837: 710 0
838: 711 0
839: 710 0
840: 674 0
841: 674 0
842: 673 0
843: 673 0
844: 675 0
845: 710 0
846: 710 0
847: 710 0
848: 711 0
849: 710 0
850: 674 0
851: 675 0
852: 673 0
853: 674 0
854: 673 0
855: 1 0
856: 0 0
857: 1 0
858: 0 0
859: 0 0
860: 33 0
861: 33 0
862: 33 0
863: 33 0
864: 32 0
865: 0 0
866: 0 0
867: 0 0
868: 0 0
869: 0 0
870: 33 0
871: 33 0
872: 33 0
873: 35 0
874: 34 0
875: 0 0
876: 0 0
877: 0 0
878: 0 0
879: 0 0
880: 0 0
881: 34 0
882: 33 0
883: 34 0
884: 33 0
885: 33 0
886: 0 0
887: 0 0
888: 0 0
889: 0 0
890: 0 0
891: 34 0
892: 33 0
893: 33 0
894: 34 0
895: 33 0
896: 0 0
897: 0 0
898: 0 0
899: 0 0
900: 0 0
901: 35 0
902: 34 0
903: 33 0
904: 33 0
905: 34 0
906: 0 0
907: 0 0
908: 0 0
909: 0 0
910: 0 0
911: 34 0
912: 34 0
913: 34 0
914: 33 0
915: 710 1
916: 675 1
917: 710 1
918: 674 1
919: 0 1
920: 33 1
921: 0 1
922: 33 1
923: 0 1
924: 34 1
925: 710 1
926: 675 1
927: 710 1
928: 674 1
929: 711 1
930: 674 1
931: 0 1
932: 35 1
933: 0 1
934: 33 1
935: 0 1
936: 34 1
937: 0 1
938: 33 1
939: 0 1
940: 34 1
941: 0 1
942: 34 1
943: 0 1
944: 33 1
945: 710 1
946: 675 1
947: 710 1
948: 675 1
949: 709 1
950: 675 1
951: 0 1
952: 34 1
953: 0 1
954: 35 1
955: 710 1
956: 674 1
957: 710 1
958: 673 1
959: 710 1
960: 674 1
961: 0 1
962: 34 1
963: 0 1
964: 34 1
965: 710 1
966: 674 1
967: 0 1
968: 31 1
969: 0 1
970: 33 1
971: 0 1
972: 0 1
973: 33 1
974: 0 1
975: 33 1
976: 0 1
977: 33 1
978: 0 1
979: 33 1
980: 0 1
981: 33 1
982: 0 1
983: 32 1
984: 0 1
985: 34 1
986: 0 1
987: 34 1
988: 0 1
989: 33 1
990: 709 1
991: 674 1
992: 710 1
993: 675 1
994: 710 1
995: 673 1
996: 710 1
997: 674 1
998: 709 1
999: 674 1
1000: 711 1
