1: 337 0
2: 339 0
3: 339 0
4: 339 0
5: 339 0
6: 333 0
7: 343 0
8: 341 0
9: 338 0
10: 339 0
11: 342 0
12: 337 0
13: 343 0
14: 338 0
15: 343 0
16: 344 0
17: 342 0
18: 343 0
19: 344 0
20: 341 0
21: 339 0
22: 339 0
23: 334 0
24: 345 0
25: 336 0
26: 336 0
27: 334 0
28: 341 0
29: 340 0
30: 335 0
31: 336 0
32: 336 0
33: 335 0
34: 340 0
35: 337 0
36: 337 0
37: 334 0
38: 337 0
39: 338 0
40: 338 0
41: 338 0
42: 340 0
43: 337 0
44: 339 0
45: 341 0
46: 337 0
47: 338 0
48: 334 0
49: 338 0
50: 338 0
51: 335 0
52: 337 0
53: 340 0
54: 336 0
55: 341 0
56: 341 0
57: 340 0
58: 338 0
59: 336 0
60: 339 0
61: 337 0
62: 344 0
63: 344 0
64: 342 0
65: 340 0
66: 337 0
67: 341 0
68: 339 0
69: 339 0
70: 341 0
71: 338 0
72: 340 0
73: 337 0
74: 342 0
75: 338 0
76: 337 0
77: 334 0
78: 337 0
79: 337 0
80: 335 0
81: 333 0
82: 338 0
83: 339 0
84: 339 0
85: 336 0
86: 338 0
87: 334 0
88: 337 0
89: 333 0
90: 335 0
91: 339 0
92: 338 0
93: 339 0
94: 339 0
95: 338 0
96: 333 0
97: 332 0
98: 332 0
99: 341 0
100: 339 0
101: 342 0
102: 335 0
103: 334 1
104: 331 1
105: 338 1
106: 337 1
107: 337 1
108: 334 1
109: 335 1
110: 337 1
111: 339 1
112: 336 1
113: 338 1
114: 341 1
115: 332 1
116: 326 1
117: 335 1
118: 327 1
119: 333 1
120: 332 1
121: 328 1
122: 331 1
123: 337 1
124: 329 1
125: 338 1
126: 338 1
127: 337 1
128: 340 1
129: 335 1
130: 330 1
131: 339 1
132: 333 1
133: 337 1
134: 336 1
135: 338 1
136: 340 1
137: 334 1
138: 329 1
139: 334 1
140: 334 1
141: 335 1
142: 337 1
143: 336 1
144: 334 1
145: 334 1
146: 337 1
147: 335 1
148: 338 1
149: 335 1
150: 341 1
151: 336 1
152: 336 1
153: 340 1
154: 341 1
155: 337 1
156: 336 1
157: 339 1
158: 338 1
159: 336 1
160: 338 1
161: 334 1
162: 337 1
163: 337 1
164: 339 1
165: 338 1
166: 342 1
167: 337 1
168: 339 1
169: 336 1
170: 334 1
171: 335 1
172: 339 1
173: 330 1
174: 334 1
175: 334 1
176: 339 1
177: 332 1
178: 334 1
179: 337 1
180: 337 1
181: 338 1
182: 337 1
183: 340 1
184: 339 1
185: 342 1
186: 336 1
187: 333 1
188: 338 1
189: 338 1
190: 333 1
191: 334 1
192: 336 1
193: 333 1
194: 329 1
195: 333 1
196: 337 1
197: 333 1
198: 334 1
199: 337 1
200: 333 1
201: 335 1
202: 334 1
203: 337 0
204: 337 0
205: 337 0
206: 331 0
207: 336 0
208: 340 0
209: 330 0
210: 333 0
211: 337 0
212: 335 0
213: 335 0
214: 333 0
215: 333 0
216: 340 0
217: 336 0
218: 334 0
219: 336 0
220: 335 0
221: 337 0
222: 333 0
223: 327 0
224: 335 0
225: 333 0
226: 333 0
227: 340 0
228: 339 0
229: 333 0
230: 333 0
231: 331 0
232: 333 0
233: 332 0
234: 330 0
235: 336 0
236: 336 0
237: 335 0
238: 335 0
239: 328 0
240: 334 0
241: 340 0
242: 338 0
243: 333 0
244: 335 0
245: 335 0
246: 337 0
247: 338 0
248: 335 0
249: 337 0
250: 335 0
251: 337 0
252: 339 0
253: 334 0
254: 336 0
255: 338 0
256: 332 0
257: 333 0
258: 336 0
259: 333 0
260: 332 0
261: 335 0
262: 336 0
263: 335 0
264: 333 0
265: 332 0
266: 339 0
267: 336 0
268: 335 0
269: 335 0
270: 331 0
271: 332 0
272: 335 0
273: 333 0
274: 336 0
275: 334 0
276: 333 0
277: 333 0
278: 334 0
279: 333 0
280: 332 0
281: 330 0
282: 324 0
283: 325 0
284: 333 0
285: 329 0
286: 332 0
287: 331 0
288: 332 0
289: 334 0
290: 333 0
291: 334 0
292: 339 0
293: 339 0
294: 331 0
295: 333 0
296: 337 0
297: 336 0
298: 334 0
299: 336 0
300: 333 0
301: 330 0
302: 332 1
303: 335 1
304: 335 1
305: 334 1
306: 330 1
307: 331 1
308: 332 1
309: 334 1
310: 333 1
311: 334 1
312: 336 1
313: 333 1
314: 331 1
315: 331 1
316: 334 1
317: 337 1
318: 335 1
319: 334 1
320: 335 1
321: 331 1
322: 336 1
323: 336 1
324: 338 1
325: 339 1
326: 332 1
327: 335 1
328: 334 1
329: 336 1
330: 339 1
331: 335 1
332: 335 1
333: 335 1
334: 332 1
335: 335 1
336: 335 1
337: 335 1
338: 337 1
339: 336 1
340: 336 1
341: 332 1
342: 332 1
343: 334 1
344: 332 1
345: 332 1
346: 336 1
347: 338 1
348: 340 1
349: 336 1
350: 339 1
351: 337 1
352: 334 1
353: 334 1
354: 339 1
355: 334 1
356: 339 1
357: 341 1
358: 338 1
359: 337 1
360: 340 1
361: 338 1
362: 337 1
363: 334 1
364: 336 1
365: 337 1
366: 336 1
367: 336 1
368: 330 1
369: 335 1
370: 332 1
371: 336 1
372: 335 1
373: 335 1
374: 339 1
375: 333 1
376: 333 1
377: 333 1
378: 332 1
379: 335 1
380: 338 1
381: 337 1
382: 335 1
383: 336 1
384: 336 1
385: 339 1
386: 328 1
387: 335 1
388: 335 1
389: 335 1
390: 338 1
391: 337 1
392: 337 1
393: 332 1
394: 337 1
395: 330 1
396: 331 1
397: 330 1
398: 334 1
399: 335 1
400: 329 1
401: 331 0
402: 329 0
403: 328 0
404: 334 0
405: 331 0
406: 328 0
407: 333 0
408: 334 0
409: 330 0
410: 330 0
411: 336 0
412: 335 0
413: 333 0
414: 330 0
415: 336 0
416: 330 0
417: 330 0
418: 328 0
419: 335 0
420: 334 0
421: 332 0
422: 331 0
423: 333 0
424: 335 0
425: 336 0
426: 330 0
427: 333 0
428: 335 0
429: 326 0
430: 333 0
431: 332 0
432: 331 0
433: 330 0
434: 327 0
435: 330 0
436: 333 0
437: 327 0
438: 326 0
439: 335 0
440: 329 0
441: 332 0
442: 333 0
443: 331 0
444: 334 0
445: 332 0
446: 334 0
447: 337 0
448: 337 0
449: 338 0
450: 338 0
451: 336 0
452: 335 0
453: 335 0
454: 333 0
455: 336 0
456: 337 0
457: 332 0
458: 336 0
459: 331 0
460: 323 0
461: 330 0
462: 332 0
463: 328 0
464: 332 0
465: 331 0
466: 332 0
467: 332 0
468: 333 0
469: 335 0
470: 337 0
471: 333 0
472: 332 0
473: 331 0
474: 334 0
475: 334 0
476: 332 0
477: 332 0
478: 330 0
479: 328 0
480: 335 0
481: 330 0
482: 330 0
483: 332 0
484: 335 0
485: 332 0
486: 332 0
487: 333 0
488: 333 0
489: 330 0
490: 331 0
491: 329 0
492: 333 0
493: 330 0
494: 328 0
495: 331 0
496: 331 0
497: 330 0
498: 325 0
499: 335 0
500: 329 0
501: 330 1
502: 331 1
503: 329 1
504: 328 1
505: 330 1
506: 327 1
507: 328 1
508: 328 1
509: 331 1
510: 328 1
511: 330 1
512: 330 1
513: 328 1
514: 333 1
515: 332 1
516: 332 1
517: 336 1
518: 336 1
519: 336 1
520: 334 1
521: 335 1
522: 334 1
523: 336 1
524: 335 1
525: 336 1
526: 336 1
527: 329 1
528: 335 1
529: 335 1
530: 337 1
531: 332 1
532: 329 1
533: 328 1
534: 327 1
535: 328 1
536: 330 1
537: 333 1
538: 332 1
539: 335 1
540: 329 1
541: 331 1
542: 330 1
543: 339 1
544: 336 1
545: 339 1
546: 337 1
547: 331 1
548: 334 1
549: 331 1
550: 337 1
551: 337 1
552: 335 1
553: 335 1
554: 335 1
555: 331 1
556: 333 1
557: 332 1
558: 335 1
559: 331 1
560: 330 1
561: 330 1
562: 332 1
563: 333 1
564: 334 1
565: 333 1
566: 335 1
567: 331 1
568: 334 1
569: 329 1
570: 335 1
571: 334 1
572: 333 1
573: 333 1
574: 330 1
575: 330 1
576: 336 1
577: 333 1
578: 332 1
579: 334 1
580: 337 1
581: 333 1
582: 332 1
583: 336 1
584: 332 1
585: 335 1
586: 335 1
587: 331 1
588: 335 1
589: 334 1
590: 339 1
591: 331 1
592: 328 1
593: 332 1
594: 331 1
595: 332 1
596: 335 1
597: 337 1
598: 338 1
599: 336 1
600: 338 0
601: 337 0
602: 333 0
603: 335 0
604: 336 0
605: 329 0
606: 324 0
607: 336 0
608: 333 0
609: 335 0
610: 336 0
611: 336 0
612: 335 0
613: 336 0
614: 333 0
615: 333 0
616: 334 0
617: 335 0
618: 332 0
619: 334 0
620: 337 0
621: 335 0
622: 331 0
623: 334 0
624: 335 0
625: 337 0
626: 331 0
627: 333 0
628: 337 0
629: 339 0
630: 339 0
631: 334 0
632: 334 0
633: 340 0
634: 336 0
635: 335 0
636: 338 0
637: 336 0
638: 334 0
639: 334 0
640: 336 0
641: 335 0
642: 333 0
643: 336 0
644: 337 0
645: 329 0
646: 332 0
647: 333 0
648: 332 0
649: 337 0
650: 335 0
651: 331 0
652: 333 0
653: 329 0
654: 337 0
655: 334 0
656: 336 0
657: 331 0
658: 336 0
659: 333 0
660: 330 0
661: 335 0
662: 334 0
663: 335 0
664: 336 0
665: 337 0
666: 337 0
667: 336 0
668: 336 0
669: 336 0
670: 333 0
671: 338 0
672: 335 0
673: 333 0
674: 335 0
675: 335 0
676: 333 0
677: 336 0
678: 334 0
679: 337 0
680: 334 0
681: 336 0
682: 336 0
683: 335 0
684: 335 0
685: 333 0
686: 333 0
687: 332 0
688: 335 0
689: 336 0
690: 335 0
691: 335 0
692: 338 0
693: 340 0
694: 338 0
695: 336 0
696: 337 0
697: 335 0
698: 339 0
699: 337 1
700: 339 1
701: 341 1
702: 336 1
703: 343 1
704: 335 1
705: 336 1
706: 336 1
707: 331 1
708: 331 1
709: 335 1
710: 341 1
711: 339 1
712: 336 1
713: 339 1
714: 341 1
715: 340 1
716: 335 1
717: 343 1
718: 339 1
719: 340 1
720: 342 1
721: 344 1
722: 340 1
723: 343 1
724: 336 1
725: 340 1
726: 337 1
727: 340 1
728: 340 1
729: 337 1
730: 337 1
731: 340 1
732: 335 1
733: 341 1
734: 335 1
735: 343 1
736: 339 1
737: 333 1
738: 337 1
739: 338 1
740: 337 1
741: 336 1
742: 333 1
743: 334 1
744: 343 1
745: 335 1
746: 340 1
747: 338 1
748: 335 1
749: 341 1
750: 339 1
751: 339 1
752: 335 1
753: 339 1
754: 341 1
755: 340 1
756: 338 1
757: 341 1
758: 336 1
759: 333 1
760: 336 1
761: 333 1
762: 329 1
763: 334 1
764: 334 1
765: 332 1
766: 338 1
767: 337 1
768: 340 1
769: 336 1
770: 339 1
771: 335 1
772: 339 1
773: 338 1
774: 335 1
775: 335 1
776: 339 1
777: 337 1
778: 342 1
779: 335 1
780: 337 1
781: 339 1
782: 339 1
783: 340 1
784: 338 1
785: 337 1
786: 340 1
787: 339 1
788: 341 1
789: 339 1
790: 344 1
791: 338 1
792: 342 1
793: 340 1
794: 340 1
795: 334 1
796: 337 1
797: 335 1
798: 331 1
799: 339 0
800: 337 0
801: 340 0
802: 337 0
803: 335 0
804: 333 0
805: 329 0
806: 336 0
807: 334 0
808: 340 0
809: 340 0
810: 337 0
811: 340 0
812: 338 0
813: 337 0
814: 337 0
815: 336 0
816: 328 0
817: 331 0
818: 336 0
819: 335 0
820: 336 0
821: 335 0
822: 335 0
823: 335 0
824: 338 0
825: 336 0
826: 338 0
827: 338 0
828: 338 0
829: 335 0
830: 334 0
831: 337 0
832: 338 0
833: 331 0
834: 335 0
835: 336 0
836: 334 0
837: 338 0
838: 333 0
839: 335 0
840: 335 0
841: 338 0
842: 335 0
843: 339 0
844: 339 0
845: 337 0
846: 336 0
847: 338 0
848: 337 0
849: 337 0
850: 337 0
851: 336 0
852: 336 0
853: 334 0
854: 335 0
855: 337 0
856: 333 0
857: 327 0
858: 331 0
859: 332 0
860: 334 0
861: 334 0
862: 334 0
863: 333 0
864: 332 0
865: 330 0
866: 334 0
867: 332 0
868: 333 0
869: 338 0
870: 340 0
871: 336 0
872: 338 0
873: 337 0
874: 337 0
875: 337 0
876: 334 0
877: 336 0
878: 333 0
879: 337 0
880: 333 0
881: 335 0
882: 335 0
883: 331 0
884: 332 0
885: 332 0
886: 336 0
887: 328 0
888: 329 0
889: 332 0
890: 331 0
891: 334 0
892: 331 0
893: 331 0
894: 332 0
895: 327 0
896: 330 0
897: 330 0
898: 332 1
899: 336 1
900: 336 1
901: 334 1
902: 332 1
903: 337 1
904: 333 1
905: 334 1
906: 334 1
907: 336 1
908: 335 1
909: 330 1
910: 327 1
911: 335 1
912: 335 1
913: 333 1
914: 331 1
915: 327 1
916: 329 1
917: 334 1
918: 334 1
919: 330 1
920: 325 1
921: 333 1
922: 331 1
923: 332 1
924: 328 1
925: 335 1
926: 339 1
927: 327 1
928: 330 1
929: 325 1
930: 326 1
931: 328 1
932: 329 1
933: 331 1
934: 327 1
935: 329 1
936: 329 1
937: 331 1
938: 331 1
939: 329 1
940: 333 1
941: 332 1
942: 334 1
943: 333 1
944: 331 1
945: 332 1
946: 328 1
947: 332 1
948: 335 1
949: 340 1
950: 333 1
951: 332 1
952: 337 1
953: 331 1
954: 332 1
955: 333 1
956: 328 1
957: 333 1
958: 334 1
959: 327 1
960: 325 1
961: 335 1
962: 336 1
963: 333 1
964: 328 1
965: 332 1
966: 334 1
967: 334 1
968: 333 1
969: 331 1
970: 333 1
971: 335 1
972: 334 1
973: 335 1
974: 333 1
975: 333 1
976: 333 1
977: 327 1
978: 340 1
979: 333 1
980: 338 1
981: 333 1
982: 333 1
983: 334 1
984: 331 1
985: 333 1
986: 326 1
987: 335 1
988: 337 1
989: 327 1
990: 333 1
991: 335 1
992: 332 1
993: 329 1
994: 329 1
995: 328 1
996: 336 1
997: 335 0
998: 337 0
999: 336 0
1000: 335 0
