1: 34 0
2: 0 0
3: 0 0
4: 0 0
5: 0 0
6: 2 0
7: 35 0
8: 34 0
9: 34 0
10: 34 0
11: 33 0
12: 710 0
13: 711 0
14: 715 0
15: 711 0
16: 712 0
17: 675 0
18: 675 0
19: 674 0
20: 673 0
21: 675 0
22: 0 0
23: 0 0
24: 0 0
25: 0 0
26: 0 0
27: 0 0
28: 35 0
29: 34 0
30: 34 0
31: 33 0
32: 33 0
33: 0 0
34: 0 0
35: 0 0
36: 0 0
37: 0 0
38: 33 0
39: 34 0
40: 33 0
41: 33 0
42: 33 0
43: 0 0
44: 0 0
45: 0 0
46: 0 0
47: 0 0
48: 0 0
49: 33 0
50: 34 0
51: 33 0
52: 33 0
53: 34 0
54: 0 0
55: 0 0
56: 0 0
57: 0 0
58: 0 0
59: 33 0
60: 34 0
61: 34 0
62: 34 0
63: 33 0
64: 711 0
65: 710 0
66: 712 0
67: 710 0
68: 710 0
69: 675 0
70: 674 0
71: 673 0
72: 674 0
73: 674 0
74: 709 0
75: 709 0
76: 710 0
77: 709 0
78: 710 0
79: 674 0
80: 674 0
81: 674 0
82: 675 0
83: 675 0
84: 674 0
85: 711 0
86: 711 0
87: 710 0
88: 710 0
89: 709 0
90: 675 0
91: 674 0
92: 674 0
93: 675 0
94: 673 0
95: 710 0
96: 709 0
97: 710 0
98: 711 0
99: 710 0
100: 674 0
101: 674 0
102: 674 0
103: 674 0
104: 675 0
105: 673 1
106: 711 1
107: 675 1
108: 710 1
109: 673 1
110: 712 1
111: 674 1
112: 710 1
113: 675 1
114: 0 1
115: 33 1
116: 0 1
117: 34 1
118: 0 1
119: 35 1
120: 0 1
121: 34 1
122: 0 1
123: 34 1
124: 0 1
125: 0 1
126: 33 1
127: 0 1
128: 33 1
129: 0 1
130: 32 1
131: 0 1
132: 33 1
133: 0 1
134: 34 1
135: 709 1
136: 675 1
137: 711 1
138: 674 1
139: 711 1
140: 675 1
141: 710 1
142: 675 1
143: 710 1
144: 674 1
145: 710 1
146: 674 1
147: 711 1
148: 674 1
149: 710 1
150: 674 1
151: 0 1
152: 33 1
153: 0 1
154: 34 1
155: 710 1
156: 674 1
157: 712 1
158: 674 1
159: 710 1
160: 675 1
161: 710 1
162: 674 1
163: 0 1
164: 34 1
165: 0 1
166: 34 1
167: 711 1
168: 675 1
169: 711 1
170: 674 1
171: 710 1
172: 675 1
173: 711 1
174: 675 1
175: 711 1
176: 674 1
177: 0 1
178: 35 1
179: 710 1
180: 675 1
181: 711 1
182: 674 1
183: 0 1
184: 33 1
185: 0 1
186: 34 1
187: 711 1
188: 674 1
189: 709 1
190: 675 1
191: 710 1
192: 676 1
193: 711 1
194: 674 1
195: 710 1
196: 674 1
197: 0 1
198: 33 1
199: 0 1
200: 34 1
201: 0 1
202: 35 1
203: 0 1
204: 34 1
205: 33 1
206: 712 0
207: 712 0
208: 711 0
209: 711 0
210: 710 0
211: 676 0
212: 676 0
213: 675 0
214: 676 0
215: 676 0
216: 711 0
217: 711 0
218: 710 0
219: 710 0
220: 710 0
221: 673 0
222: 673 0
223: 673 0
224: 675 0
225: 674 0
226: 710 0
227: 711 0
228: 710 0
229: 710 0
230: 672 0
231: 673 0
232: 674 0
233: 674 0
234: 674 0
235: 711 0
236: 710 0
237: 710 0
238: 711 0
239: 710 0
240: 674 0
241: 675 0
242: 673 0
243: 673 0
244: 675 0
245: 710 0
246: 710 0
247: 711 0
248: 710 0
249: 709 0
250: 673 0
251: 673 0
252: 673 0
253: 674 0
254: 673 0
255: 710 0
256: 709 0
257: 711 0
258: 710 0
259: 709 0
260: 674 0
261: 674 0
262: 673 0
263: 673 0
264: 674 0
265: 710 0
266: 710 0
267: 712 0
268: 709 0
269: 709 0
270: 674 0
271: 673 0
272: 673 0
273: 675 0
274: 674 0
275: 709 0
276: 710 0
277: 710 0
278: 710 0
279: 710 0
280: 674 0
281: 673 0
282: 673 0
283: 673 0
284: 674 0
285: 0 0
286: 0 0
287: 0 0
288: 0 0
289: 0 0
290: 33 0
291: 33 0
292: 33 0
293: 34 0
294: 33 0
295: 0 0
296: 0 0
297: 0 0
298: 0 0
299: 0 0
300: 34 0
301: 33 0
302: 33 0
303: 33 0
304: 33 0
305: 33 0
306: 674 1
307: 712 1
308: 673 1
309: 710 1
310: 674 1
311: 710 1
312: 674 1
313: 710 1
314: 674 1
315: 710 1
316: 674 1
317: 711 1
318: 674 1
319: 0 1
320: 33 1
321: 710 1
322: 674 1
323: 710 1
324: 675 1
325: 710 1
326: 674 1
327: 711 1
328: 674 1
329: 710 1
330: 674 1
331: 0 1
332: 33 1
333: 0 1
334: 33 1
335: 0 1
336: 33 1
337: 710 1
338: 675 1
339: 710 1
340: 674 1
341: 710 1
342: 674 1
343: 710 1
344: 675 1
345: 710 1
346: 673 1
347: 711 1
348: 674 1
349: 710 1
350: 674 1
351: 0 1
352: 33 1
353: 0 1
354: 33 1
355: 0 1
356: 33 1
357: 0 1
358: 34 1
359: 710 1
360: 675 1
361: 710 1
362: 675 1
363: 710 1
364: 675 1
365: 711 1
366: 674 1
367: 0 1
368: 33 1
369: 0 1
370: 33 1
371: 0 1
372: 33 1
373: 0 1
374: 34 1
375: 0 1
376: 33 1
377: 0 1
378: 33 1
379: 0 1
380: 34 1
381: 0 1
382: 34 1
383: 0 1
384: 33 1
385: 0 1
386: 33 1
387: 0 1
388: 33 1
389: 0 1
390: 1 1
391: 33 1
392: 1 1
393: 33 1
394: 0 1
395: 33 1
396: 710 1
397: 674 1
398: 0 1
399: 33 1
400: 0 1
401: 33 1
402: 0 1
403: 33 1
404: 710 1
405: 676 1
406: 674 0
407: 710 0
408: 711 0
409: 710 0
410: 710 0
411: 711 0
412: 674 0
413: 674 0
414: 674 0
415: 674 0
416: 674 0
417: 0 0
418: 0 0
419: 0 0
420: 0 0
421: 0 0
422: 33 0
423: 33 0
424: 33 0
425: 32 0
426: 33 0
427: 0 0
428: 0 0
429: 0 0
430: 0 0
431: 0 0
432: 33 0
433: 33 0
434: 33 0
435: 33 0
436: 33 0
437: 0 0
438: 0 0
439: 0 0
440: 0 0
441: 0 0
442: 33 0
443: 33 0
444: 33 0
445: 32 0
446: 32 0
447: 0 0
448: 0 0
449: 0 0
450: 0 0
451: 0 0
452: 33 0
453: 33 0
454: 33 0
455: 33 0
456: 33 0
457: 0 0
458: 0 0
459: 0 0
460: 0 0
461: 0 0
462: 0 0
463: 33 0
464: 34 0
465: 34 0
466: 32 0
467: 33 0
468: 0 0
469: 0 0
470: 0 0
471: 0 0
472: 0 0
473: 33 0
474: 33 0
475: 33 0
476: 33 0
477: 33 0
478: 0 0
479: 0 0
480: 0 0
481: 0 0
482: 0 0
483: 33 0
484: 33 0
485: 33 0
486: 33 0
487: 33 0
488: 0 0
489: 0 0
490: 0 0
491: 0 0
492: 0 0
493: 34 0
494: 33 0
495: 33 0
496: 33 0
497: 33 0
498: 0 0
499: 0 0
500: 0 0
501: 0 0
502: 0 0
503: 0 0
504: 34 0
505: 33 0
506: 34 0
507: 32 0
508: 33 0
509: 33 1
510: 0 1
511: 35 1
512: 710 1
513: 674 1
514: 0 1
515: 33 1
516: 710 1
517: 676 1
518: 0 1
519: 33 1
520: 711 1
521: 674 1
522: 710 1
523: 675 1
524: 710 1
525: 673 1
526: 711 1
527: 674 1
528: 710 1
529: 674 1
530: 711 1
531: 673 1
532: 710 1
533: 673 1
534: 710 1
535: 673 1
536: 710 1
537: 674 1
538: 710 1
539: 673 1
540: 710 1
541: 673 1
542: 710 1
543: 674 1
544: 710 1
545: 673 1
546: 0 1
547: 32 1
548: 0 1
549: 32 1
550: 0 1
551: 33 1
552: 709 1
553: 675 1
554: 711 1
555: 674 1
556: 710 1
557: 675 1
558: 710 1
559: 674 1
560: 709 1
561: 674 1
562: 710 1
563: 674 1
564: 710 1
565: 673 1
566: 709 1
567: 674 1
568: 0 1
569: 33 1
570: 0 1
571: 33 1
572: 0 1
573: 33 1
574: 0 1
575: 33 1
576: 0 1
577: 33 1
578: 0 1
579: 34 1
580: 0 1
581: 33 1
582: 0 1
583: 35 1
584: 0 1
585: 0 1
586: 33 1
587: 710 1
588: 674 1
589: 710 1
590: 674 1
591: 710 1
592: 674 1
593: 673 1
594: 711 1
595: 673 1
596: 710 1
597: 674 1
598: 710 1
599: 674 1
600: 710 1
601: 674 1
602: 0 1
603: 33 1
604: 711 1
605: 673 1
606: 0 1
607: 33 1
608: 33 1
609: 0 0
610: 0 0
611: 0 0
612: 0 0
613: 0 0
614: 0 0
615: 33 0
616: 32 0
617: 33 0
618: 33 0
619: 34 0
620: 709 0
621: 710 0
622: 710 0
623: 709 0
624: 711 0
625: 674 0
626: 673 0
627: 673 0
628: 674 0
629: 673 0
630: 710 0
631: 711 0
632: 710 0
633: 709 0
634: 710 0
635: 673 0
636: 673 0
637: 674 0
638: 674 0
639: 673 0
640: 710 0
641: 711 0
642: 711 0
643: 710 0
644: 674 0
645: 674 0
646: 673 0
647: 673 0
648: 675 0
649: 709 0
650: 710 0
651: 711 0
652: 709 0
653: 709 0
654: 674 0
655: 673 0
656: 673 0
657: 674 0
658: 673 0
659: 710 0
660: 709 0
661: 710 0
662: 709 0
663: 710 0
664: 674 0
665: 674 0
666: 673 0
667: 673 0
668: 673 0
669: 710 0
670: 710 0
671: 710 0
672: 709 0
673: 709 0
674: 675 0
675: 674 0
676: 674 0
677: 676 0
678: 673 0
679: 710 0
680: 711 0
681: 710 0
682: 710 0
683: 711 0
684: 674 0
685: 673 0
686: 674 0
687: 674 0
688: 673 0
689: 710 0
690: 711 0
691: 710 0
692: 710 0
693: 710 0
694: 675 0
695: 673 0
696: 673 0
697: 675 0
698: 673 0
699: 709 0
700: 710 0
701: 710 0
702: 710 0
703: 710 0
704: 674 0
705: 673 0
706: 674 0
707: 674 0
708: 673 0
709: 675 1
710: 711 1
711: 673 1
712: 711 1
713: 674 1
714: 711 1
715: 674 1
716: 710 1
717: 674 1
718: 0 1
719: 33 1
720: 0 1
721: 34 1
722: 710 1
723: 674 1
724: 711 1
725: 674 1
726: 709 1
727: 675 1
728: 711 1
729: 673 1
730: 713 1
731: 673 1
732: 710 1
733: 674 1
734: 710 1
735: 674 1
736: 711 1
737: 674 1
738: 710 1
739: 674 1
740: 710 1
741: 674 1
742: 710 1
743: 674 1
744: 710 1
745: 673 1
746: 709 1
747: 675 1
748: 709 1
749: 672 1
750: 711 1
751: 672 1
752: 710 1
753: 673 1
754: 710 1
755: 673 1
756: 711 1
757: 673 1
758: 709 1
759: 674 1
760: 710 1
761: 673 1
762: 711 1
763: 674 1
764: 711 1
765: 674 1
766: 709 1
767: 674 1
768: 711 1
769: 673 1
770: 711 1
771: 675 1
772: 710 1
773: 674 1
774: 711 1
775: 674 1
776: 711 1
777: 675 1
778: 710 1
779: 673 1
780: 711 1
781: 673 1
782: 710 1
783: 674 1
784: 710 1
785: 673 1
786: 0 1
787: 33 1
788: 711 1
789: 673 1
790: 711 1
791: 674 1
792: 710 1
793: 673 1
794: 711 1
795: 673 1
796: 711 1
797: 675 1
798: 710 1
799: 673 1
800: 712 1
801: 673 1
802: 710 1
803: 677 1
804: 710 1
805: 674 1
806: 711 1
807: 673 1
808: 674 0
809: 0 0
810: 0 0
811: 0 0
812: 0 0
813: 0 0
814: 33 0
815: 33 0
816: 32 0
817: 32 0
818: 33 0
819: 0 0
820: 0 0
821: 0 0
822: 0 0
823: 0 0
824: 33 0
825: 33 0
826: 34 0
827: 33 0
828: 33 0
829: 0 0
830: 1 0
831: 0 0
832: 0 0
833: 0 0
834: 34 0
835: 34 0
836: 33 0
837: 33 0
838: 34 0
839: 0 0
840: 0 0
841: 0 0
842: 0 0
843: 0 0
844: 34 0
845: 33 0
846: 33 0
847: 33 0
848: 33 0
849: 33 0
850: 0 0
851: 0 0
852: 0 0
853: 0 0
854: 0 0
855: 33 0
856: 33 0
857: 33 0
858: 34 0
859: 33 0
860: 0 0
861: 0 0
862: 0 0
863: 0 0
864: 0 0
865: 33 0
866: 34 0
867: 33 0
868: 33 0
869: 33 0
870: 0 0
871: 0 0
872: 0 0
873: 0 0
874: 0 0
875: 34 0
876: 34 0
877: 34 0
878: 33 0
879: 33 0
880: 710 0
881: 710 0
882: 710 0
883: 710 0
884: 710 0
885: 674 0
886: 673 0
887: 674 0
888: 674 0
889: 673 0
890: 710 0
891: 712 0
892: 710 0
893: 710 0
894: 711 0
895: 674 0
896: 673 0
897: 675 0
898: 675 0
899: 673 0
900: 711 0
901: 710 0
902: 710 0
903: 710 0
904: 711 0
905: 674 0
906: 674 0
907: 673 0
908: 674 0
909: 673 0
910: 710 1
911: 675 1
912: 710 1
913: 710 1
914: 673 1
915: 711 1
916: 673 1
917: 0 1
918: 0 1
919: 33 1
920: 710 1
921: 674 1
922: 710 1
923: 673 1
924: 710 1
925: 674 1
926: 672 1
927: 0 1
928: 0 1
929: 33 1
930: 711 1
931: 674 1
932: 710 1
933: 674 1
934: 0 1
935: 33 1
936: 0 1
937: 33 1
938: 711 1
939: 675 1
940: 710 1
941: 674 1
942: 711 1
943: 674 1
944: 710 1
945: 674 1
946: 710 1
947: 674 1
948: 711 1
949: 673 1
950: 709 1
951: 675 1
952: 33 1
953: 32 1
954: 0 1
955: 33 1
956: 709 1
957: 674 1
958: 0 1
959: 33 1
960: 0 1
961: 33 1
962: 0 1
963: 34 1
964: 0 1
965: 35 1
966: 0 1
967: 33 1
968: 0 1
969: 33 1
970: 0 1
971: 34 1
972: 0 1
973: 34 1
974: 0 1
975: 34 1
976: 0 1
977: 36 1
978: 710 1
979: 674 1
980: 711 1
981: 674 1
982: 712 1
983: 675 1
984: 710 1
985: 675 1
986: 710 1
987: 673 1
988: 710 1
989: 675 1
990: 710 1
991: 674 1
992: 711 1
993: 674 1
994: 710 1
995: 674 1
996: 710 1
997: 674 1
998: 711 1
999: 674 1
1000: 710 1
