1: 321 0
2: 321 0
3: 323 0
4: 327 0
5: 329 0
6: 326 0
7: 325 0
8: 318 0
9: 328 0
10: 324 0
11: 324 0
12: 327 0
13: 325 0
14: 328 0
15: 331 0
16: 326 0
17: 325 0
18: 323 0
19: 325 0
20: 325 0
21: 323 0
22: 321 0
23: 324 0
24: 326 0
25: 323 0
26: 328 0
27: 326 0
28: 327 0
29: 327 0
30: 327 0
31: 327 0
32: 327 0
33: 327 0
34: 328 0
35: 327 0
36: 328 0
37: 329 0
38: 331 0
39: 331 0
40: 330 0
41: 328 0
42: 328 0
43: 329 0
44: 329 0
45: 326 0
46: 328 0
47: 325 0
48: 323 0
49: 321 0
50: 325 0
51: 324 0
52: 324 0
53: 323 0
54: 326 0
55: 326 0
56: 322 0
57: 319 0
58: 323 0
59: 321 0
60: 321 0
61: 317 0
62: 323 0
63: 322 0
64: 323 0
65: 324 0
66: 327 0
67: 324 0
68: 323 0
69: 324 0
70: 325 0
71: 324 0
72: 330 0
73: 325 0
74: 321 0
75: 325 0
76: 323 0
77: 327 0
78: 325 0
79: 326 0
80: 325 0
81: 326 0
82: 328 0
83: 327 0
84: 327 0
85: 324 0
86: 320 0
87: 324 0
88: 328 0
89: 325 0
90: 326 0
91: 323 0
92: 327 0
93: 320 0
94: 325 0
95: 318 0
96: 326 0
97: 324 0
98: 325 0
99: 326 0
100: 327 0
101: 324 0
102: 325 0
103: 327 1
104: 324 1
105: 328 1
106: 323 1
107: 325 1
108: 326 1
109: 326 1
110: 325 1
111: 318 1
112: 320 1
113: 322 1
114: 323 1
115: 322 1
116: 322 1
117: 322 1
118: 321 1
119: 320 1
120: 322 1
121: 323 1
122: 324 1
123: 324 1
124: 319 1
125: 325 1
126: 321 1
127: 327 1
128: 329 1
129: 331 1
130: 328 1
131: 322 1
132: 326 1
133: 326 1
134: 327 1
135: 331 1
136: 332 1
137: 327 1
138: 322 1
139: 323 1
140: 323 1
141: 323 1
142: 322 1
143: 325 1
144: 327 1
145: 324 1
146: 322 1
147: 322 1
148: 321 1
149: 324 1
150: 324 1
151: 325 1
152: 324 1
153: 323 1
154: 321 1
155: 327 1
156: 326 1
157: 328 1
158: 329 1
159: 323 1
160: 325 1
161: 320 1
162: 328 1
163: 320 1
164: 325 1
165: 326 1
166: 327 1
167: 326 1
168: 322 1
169: 325 1
170: 329 1
171: 327 1
172: 323 1
173: 325 1
174: 325 1
175: 328 1
176: 327 1
177: 326 1
178: 322 1
179: 322 1
180: 326 1
181: 325 1
182: 325 1
183: 326 1
184: 325 1
185: 324 1
186: 327 1
187: 329 1
188: 326 1
189: 323 1
190: 327 1
191: 326 1
192: 321 1
193: 327 1
194: 324 1
195: 326 1
196: 324 1
197: 324 1
198: 319 1
199: 319 1
200: 321 1
201: 324 1
202: 326 1
203: 321 0
204: 324 0
205: 322 0
206: 327 0
207: 326 0
208: 327 0
209: 326 0
210: 325 0
211: 325 0
212: 323 0
213: 326 0
214: 325 0
215: 327 0
216: 323 0
217: 328 0
218: 323 0
219: 323 0
220: 322 0
221: 319 0
222: 325 0
223: 327 0
224: 323 0
225: 325 0
226: 327 0
227: 319 0
228: 325 0
229: 323 0
230: 322 0
231: 325 0
232: 324 0
233: 328 0
234: 328 0
235: 327 0
236: 327 0
237: 327 0
238: 329 0
239: 324 0
240: 327 0
241: 325 0
242: 321 0
243: 320 0
244: 328 0
245: 325 0
246: 325 0
247: 322 0
248: 327 0
249: 325 0
250: 323 0
251: 326 0
252: 322 0
253: 324 0
254: 330 0
255: 329 0
256: 324 0
257: 327 0
258: 326 0
259: 326 0
260: 328 0
261: 331 0
262: 328 0
263: 322 0
264: 324 0
265: 328 0
266: 325 0
267: 326 0
268: 322 0
269: 329 0
270: 327 0
271: 331 0
272: 329 0
273: 327 0
274: 326 0
275: 330 0
276: 326 0
277: 325 0
278: 326 0
279: 321 0
280: 329 0
281: 324 0
282: 325 0
283: 325 0
284: 326 0
285: 328 0
286: 326 0
287: 328 0
288: 331 0
289: 331 0
290: 330 0
291: 336 0
292: 330 0
293: 332 0
294: 330 0
295: 329 0
296: 322 0
297: 328 0
298: 324 0
299: 325 0
300: 325 0
301: 322 0
302: 327 1
303: 329 1
304: 330 1
305: 333 1
306: 326 1
307: 326 1
308: 328 1
309: 331 1
310: 326 1
311: 329 1
312: 328 1
313: 322 1
314: 330 1
315: 331 1
316: 326 1
317: 331 1
318: 326 1
319: 331 1
320: 328 1
321: 331 1
322: 327 1
323: 323 1
324: 327 1
325: 325 1
326: 325 1
327: 325 1
328: 328 1
329: 330 1
330: 323 1
331: 330 1
332: 327 1
333: 325 1
334: 328 1
335: 332 1
336: 328 1
337: 329 1
338: 328 1
339: 327 1
340: 326 1
341: 330 1
342: 328 1
343: 323 1
344: 325 1
345: 325 1
346: 328 1
347: 329 1
348: 329 1
349: 325 1
350: 326 1
351: 329 1
352: 324 1
353: 324 1
354: 324 1
355: 332 1
356: 325 1
357: 327 1
358: 331 1
359: 331 1
360: 327 1
361: 330 1
362: 327 1
363: 327 1
364: 325 1
365: 327 1
366: 330 1
367: 327 1
368: 328 1
369: 325 1
370: 324 1
371: 324 1
372: 327 1
373: 323 1
374: 325 1
375: 318 1
376: 319 1
377: 324 1
378: 319 1
379: 324 1
380: 322 1
381: 318 1
382: 325 1
383: 326 1
384: 324 1
385: 323 1
386: 325 1
387: 328 1
388: 327 1
389: 323 1
390: 325 1
391: 327 1
392: 327 1
393: 321 1
394: 326 1
395: 324 1
396: 327 1
397: 329 1
398: 330 1
399: 325 1
400: 330 1
401: 331 0
402: 327 0
403: 327 0
404: 326 0
405: 330 0
406: 326 0
407: 325 0
408: 323 0
409: 321 0
410: 321 0
411: 329 0
412: 324 0
413: 324 0
414: 324 0
415: 323 0
416: 326 0
417: 325 0
418: 322 0
419: 326 0
420: 325 0
421: 329 0
422: 324 0
423: 326 0
424: 324 0
425: 327 0
426: 330 0
427: 323 0
428: 325 0
429: 327 0
430: 321 0
431: 328 0
432: 326 0
433: 323 0
434: 324 0
435: 325 0
436: 322 0
437: 328 0
438: 328 0
439: 323 0
440: 325 0
441: 330 0
442: 327 0
443: 326 0
444: 328 0
445: 325 0
446: 329 0
447: 329 0
448: 326 0
449: 331 0
450: 325 0
451: 330 0
452: 327 0
453: 324 0
454: 327 0
455: 322 0
456: 324 0
457: 324 0
458: 327 0
459: 324 0
460: 331 0
461: 329 0
462: 331 0
463: 325 0
464: 334 0
465: 330 0
466: 326 0
467: 325 0
468: 334 0
469: 327 0
470: 330 0
471: 330 0
472: 330 0
473: 335 0
474: 332 0
475: 332 0
476: 328 0
477: 333 0
478: 325 0
479: 331 0
480: 329 0
481: 332 0
482: 328 0
483: 329 0
484: 328 0
485: 330 0
486: 327 0
487: 323 0
488: 323 0
489: 327 0
490: 326 0
491: 328 0
492: 329 0
493: 325 0
494: 327 0
495: 329 0
496: 326 0
497: 325 0
498: 329 0
499: 329 0
500: 321 0
501: 323 1
502: 321 1
503: 325 1
504: 328 1
505: 325 1
506: 325 1
507: 323 1
508: 324 1
509: 325 1
510: 327 1
511: 329 1
512: 331 1
513: 329 1
514: 326 1
515: 323 1
516: 323 1
517: 331 1
518: 328 1
519: 321 1
520: 326 1
521: 325 1
522: 326 1
523: 326 1
524: 329 1
525: 327 1
526: 332 1
527: 327 1
528: 331 1
529: 327 1
530: 329 1
531: 327 1
532: 324 1
533: 323 1
534: 328 1
535: 326 1
536: 326 1
537: 330 1
538: 326 1
539: 325 1
540: 330 1
541: 324 1
542: 331 1
543: 324 1
544: 326 1
545: 326 1
546: 325 1
547: 324 1
548: 320 1
549: 324 1
550: 325 1
551: 321 1
552: 325 1
553: 326 1
554: 327 1
555: 329 1
556: 326 1
557: 324 1
558: 329 1
559: 328 1
560: 323 1
561: 323 1
562: 323 1
563: 319 1
564: 323 1
565: 324 1
566: 321 1
567: 326 1
568: 324 1
569: 325 1
570: 325 1
571: 326 1
572: 324 1
573: 324 1
574: 324 1
575: 324 1
576: 316 1
577: 328 1
578: 326 1
579: 325 1
580: 323 1
581: 325 1
582: 323 1
583: 321 1
584: 324 1
585: 323 1
586: 322 1
587: 326 1
588: 318 1
589: 324 1
590: 326 1
591: 328 1
592: 326 1
593: 323 1
594: 328 1
595: 327 1
596: 331 1
597: 325 1
598: 335 1
599: 330 1
600: 327 0
601: 329 0
602: 329 0
603: 328 0
604: 324 0
605: 328 0
606: 323 0
607: 326 0
608: 327 0
609: 328 0
610: 327 0
611: 324 0
612: 327 0
613: 324 0
614: 327 0
615: 326 0
616: 323 0
617: 324 0
618: 331 0
619: 324 0
620: 321 0
621: 327 0
622: 324 0
623: 323 0
624: 328 0
625: 323 0
626: 327 0
627: 326 0
628: 329 0
629: 327 0
630: 330 0
631: 328 0
632: 325 0
633: 323 0
634: 322 0
635: 326 0
636: 327 0
637: 326 0
638: 329 0
639: 328 0
640: 324 0
641: 331 0
642: 322 0
643: 336 0
644: 326 0
645: 329 0
646: 322 0
647: 318 0
648: 327 0
649: 326 0
650: 331 0
651: 332 0
652: 326 0
653: 322 0
654: 330 0
655: 325 0
656: 325 0
657: 321 0
658: 326 0
659: 330 0
660: 332 0
661: 331 0
662: 333 0
663: 326 0
664: 330 0
665: 327 0
666: 325 0
667: 324 0
668: 325 0
669: 323 0
670: 324 0
671: 325 0
672: 322 0
673: 319 0
674: 325 0
675: 326 0
676: 326 0
677: 329 0
678: 331 0
679: 329 0
680: 328 0
681: 324 0
682: 325 0
683: 326 0
684: 322 0
685: 319 0
686: 324 0
687: 320 0
688: 328 0
689: 319 0
690: 329 0
691: 316 0
692: 327 0
693: 321 0
694: 326 0
695: 329 0
696: 331 0
697: 327 0
698: 327 0
699: 326 1
700: 328 1
701: 328 1
702: 329 1
703: 323 1
704: 329 1
705: 326 1
706: 322 1
707: 320 1
708: 332 1
709: 327 1
710: 326 1
711: 327 1
712: 327 1
713: 328 1
714: 326 1
715: 326 1
716: 328 1
717: 325 1
718: 326 1
719: 327 1
720: 327 1
721: 323 1
722: 326 1
723: 327 1
724: 326 1
725: 322 1
726: 322 1
727: 324 1
728: 327 1
729: 330 1
730: 327 1
731: 320 1
732: 321 1
733: 322 1
734: 324 1
735: 324 1
736: 324 1
737: 322 1
738: 327 1
739: 327 1
740: 321 1
741: 328 1
742: 325 1
743: 322 1
744: 330 1
745: 321 1
746: 324 1
747: 319 1
748: 322 1
749: 320 1
750: 324 1
751: 322 1
752: 324 1
753: 323 1
754: 329 1
755: 327 1
756: 332 1
757: 328 1
758: 330 1
759: 330 1
760: 323 1
761: 321 1
762: 328 1
763: 326 1
764: 317 1
765: 323 1
766: 325 1
767: 325 1
768: 320 1
769: 322 1
770: 324 1
771: 319 1
772: 322 1
773: 326 1
774: 324 1
775: 317 1
776: 317 1
777: 323 1
778: 320 1
779: 315 1
780: 320 1
781: 326 1
782: 319 1
783: 319 1
784: 327 1
785: 320 1
786: 326 1
787: 324 1
788: 321 1
789: 317 1
790: 319 1
791: 320 1
792: 321 1
793: 319 1
794: 321 1
795: 322 1
796: 323 1
797: 327 1
798: 328 1
799: 326 0
800: 327 0
801: 323 0
802: 327 0
803: 321 0
804: 319 0
805: 326 0
806: 320 0
807: 320 0
808: 317 0
809: 328 0
810: 325 0
811: 323 0
812: 321 0
813: 324 0
814: 323 0
815: 325 0
816: 323 0
817: 323 0
818: 318 0
819: 325 0
820: 323 0
821: 322 0
822: 321 0
823: 329 0
824: 324 0
825: 323 0
826: 324 0
827: 326 0
828: 326 0
829: 326 0
830: 324 0
831: 327 0
832: 321 0
833: 326 0
834: 324 0
835: 323 0
836: 323 0
837: 318 0
838: 324 0
839: 327 0
840: 324 0
841: 325 0
842: 323 0
843: 319 0
844: 326 0
845: 320 0
846: 322 0
847: 323 0
848: 323 0
849: 323 0
850: 325 0
851: 325 0
852: 320 0
853: 326 0
854: 324 0
855: 323 0
856: 331 0
857: 324 0
858: 325 0
859: 323 0
860: 323 0
861: 325 0
862: 323 0
863: 321 0
864: 325 0
865: 324 0
866: 324 0
867: 322 0
868: 324 0
869: 328 0
870: 324 0
871: 321 0
872: 329 0
873: 328 0
874: 329 0
875: 326 0
876: 323 0
877: 320 0
878: 317 0
879: 324 0
880: 323 0
881: 327 0
882: 323 0
883: 323 0
884: 327 0
885: 330 0
886: 327 0
887: 325 0
888: 326 0
889: 321 0
890: 326 0
891: 331 0
892: 324 0
893: 326 0
894: 331 0
895: 325 0
896: 323 0
897: 325 0
898: 319 1
899: 322 1
900: 331 1
901: 325 1
902: 324 1
903: 327 1
904: 327 1
905: 324 1
906: 325 1
907: 321 1
908: 321 1
909: 327 1
910: 324 1
911: 329 1
912: 325 1
913: 326 1
914: 323 1
915: 327 1
916: 324 1
917: 324 1
918: 321 1
919: 329 1
920: 328 1
921: 324 1
922: 321 1
923: 321 1
924: 322 1
925: 323 1
926: 326 1
927: 330 1
928: 322 1
929: 330 1
930: 325 1
931: 322 1
932: 324 1
933: 327 1
934: 323 1
935: 323 1
936: 325 1
937: 325 1
938: 323 1
939: 322 1
940: 324 1
941: 322 1
942: 323 1
943: 325 1
944: 321 1
945: 322 1
946: 322 1
947: 319 1
948: 317 1
949: 321 1
950: 322 1
951: 321 1
952: 324 1
953: 325 1
954: 317 1
955: 319 1
956: 321 1
957: 321 1
958: 324 1
959: 321 1
960: 321 1
961: 326 1
962: 318 1
963: 322 1
964: 327 1
965: 321 1
966: 329 1
967: 326 1
968: 326 1
969: 325 1
970: 328 1
971: 333 1
972: 328 1
973: 330 1
974: 323 1
975: 323 1
976: 324 1
977: 324 1
978: 327 1
979: 327 1
980: 323 1
981: 324 1
982: 325 1
983: 327 1
984: 327 1
985: 324 1
986: 324 1
987: 321 1
988: 322 1
989: 320 1
990: 318 1
991: 317 1
992: 324 1
993: 327 1
994: 327 1
995: 325 1
996: 327 1
997: 324 0
998: 326 0
999: 325 0
1000: 327 0
