0, 0, 0, 0.020000500375281463, 0, 0
1, 1.0000436547780154, 0, 0.04000137324560532, 1.0000436547780154, 1728
2, 1.0000524658971668, 0, 0.20000611206638128, 1.0000524658971668, 1728
3, 1.0000736485491235, 0, 0.2800128463097531, 1.0000736485491235, 1726
4, 1.0008025682182986, 0, 0.5200369366970284, 1.0008025682182986, 1653
5, 1.0000883236177354, 0, 0.5600246732685029, 1.0008025682182986, 1520
6, 1.0001817190623297, 0, 0.6400266068923915, 1.0008025682182986, 1155
7, 1.0000646956071684, 0, 0.7200270116777299, 1.0008025682182986, 1143
8, 1.0000579609343303, 0, 0.8200300554143892, 1.0008025682182986, 1144
9, 1.000128567755207, 0, 0.8600360628988294, 1.0008025682182986, 1127
10, 1.000170706725845, 0, 0.9000363718815012, 1.0008025682182986, 854
11, 1.0001017397497203, 0, 0.8800385609834883, 1.0008025682182986, 636
12, 1.0001017708121311, 0, 0.8600535221801715, 1.0008025682182986, 660
13, 1.0001640689089417, 0, 0.7600584361563388, 1.0008025682182986, 704
14, 1.0001023227258774, 0, 0.8600628712769417, 1.0008025682182986, 680
15, 1.0001048657718121, 0, 0.9000734716087142, 1.0008025682182986, 670
16, 1.0001031140441328, 0, 0.8000654741070599, 1.0008025682182986, 717
17, 1.0001138174368314, 0, 0.8600720523951288, 1.0008025682182986, 736
18, 1.0001243935812911, 0, 0.920083674107035, 1.0008025682182986, 734
19, 1.0001416029453412, 0, 0.9601046422213865, 1.0008025682182986, 678
20, 1.0001500375093773, 0, 0.9801109781969902, 1.0008025682182986, 683
21, 1.0001450747134775, 0, 0.9201011597295072, 1.0008025682182986, 436
22, 1.0014084507042254, 0, 0.9801231544634094, 1.0014084507042254, 418
23, 1.0027322404371584, 0, 0.9402881061313881, 1.0027322404371584, 434
24, 1.0026178010471205, 0, 0.9209947283456357, 1.0027322404371584, 463
25, 1.0061349693251533, 0, 0.9013442863901326, 1.0061349693251533, 459
26, 1.0038167938931297, 0, 0.9613517088149114, 1.0061349693251533, 466
27, 1.0024038461538463, 0, 0.9412575384357712, 1.0061349693251533, 497
28, 1.0048076923076923, 0, 0.9410462898532986, 1.0061349693251533, 527
29, 1.0120481927710843, 0, 0.9612797757026886, 1.0120481927710843, 526
30, 1.015625, 0, 0.982220718715553, 1.015625, 520
31, 1.0095238095238095, 0, 0.9425338608628009, 1.015625, 469
32, 1.0103092783505154, 0, 0.8615416705100687, 1.015625, 458
33, 1.003787878787879, 0, 0.9812650216257401, 1.015625, 524
34, 1.005181347150259, 0, 0.9613851614846799, 1.015625, 533
35, 1.0217391304347827, 0, 0.9622128063380149, 1.0217391304347827, 485
36, 1.0204081632653061, 0, 0.9224250625531467, 1.0217391304347827, 477
37, 1.0588235294117647, 0, 0.9235541182265785, 1.0588235294117647, 470
38, 1.008, 0, 0.9618741310183724, 1.0588235294117647, 492
39, 1.0101010101010102, 0, 0.9428911669710789, 1.0588235294117647, 470
40, 1.0106382978723405, 0, 0.9622803407781815, 1.0588235294117647, 487
41, 1.0526315789473684, 0, 0.9234729061540322, 1.0588235294117647, 516
42, 1.0138888888888888, 0, 0.9426347125809054, 1.0588235294117647, 496
43, 1.0112359550561798, 0, 0.882450659499791, 1.0588235294117647, 499
44, 1.0333333333333334, 0, 0.9432449597546604, 1.0588235294117647, 496
45, 1.0091743119266054, 0, 0.9022768858836482, 1.0588235294117647, 509
46, 1.008695652173913, 0, 0.8822527908360077, 1.0588235294117647, 530
47, 1.0121951219512195, 0, 0.9615361302629266, 1.0588235294117647, 490
48, 1.0063694267515924, 0, 0.9617659842330094, 1.0588235294117647, 507
49, 1.0051546391752577, 0, 0.9213416810634472, 1.0588235294117647, 425
50, 1.0044843049327354, 0, 0.9015022781379782, 1.0588235294117647, 459
51, 1.0123456790123457, 0, 0.9227004493702324, 1.0588235294117647, 408
52, 1.0232558139534884, 0, 0.964210155109052, 1.0588235294117647, 389
53, 1.0119047619047619, 0, 0.9027697372883081, 1.0588235294117647, 440
54, 1.027027027027027, 0, 0.9639674585284044, 1.0588235294117647, 442
55, 1.0070921985815602, 0, 0.9016904271164674, 1.0588235294117647, 415
56, 1.0085470085470085, 0, 0.84221347945365, 1.0588235294117647, 452
57, 1.0526315789473684, 0, 0.9238744232978731, 1.0588235294117647, 461
58, 1.0263157894736843, 0, 0.9642252556418938, 1.0588235294117647, 484
59, 1.0416666666666667, 0, 0.9635764047010666, 1.0588235294117647, 497
60, 1.013157894736842, 0, 0.9020614721983244, 1.0588235294117647, 534
61, 1.0416666666666667, 0, 0.9239692672545752, 1.0588235294117647, 474
62, 1.0454545454545454, 0, 0.9037336878850135, 1.0588235294117647, 499
63, 1.010752688172043, 0, 0.8825698398383928, 1.0588235294117647, 529
64, 1.013157894736842, 0, 0.7823570565552127, 1.0588235294117647, 562
65, 1.0053191489361701, 0, 0.7812601994253541, 1.0588235294117647, 556
66, 1.0344827586206897, 0, 0.8225952363124773, 1.0588235294117647, 513
67, 1.0091743119266054, 0, 0.9225404771391755, 1.0588235294117647, 521
68, 1.0232558139534884, 0, 0.9446074493688157, 1.0588235294117647, 494
69, 1.010989010989011, 0, 0.9025760081926496, 1.0588235294117647, 532
70, 1.0526315789473684, 0, 0.9437219250790285, 1.0588235294117647, 543
71, 1.0172413793103448, 0, 0.9433621686285635, 1.0588235294117647, 498
72, 1.009090909090909, 0, 0.9027356790429556, 1.0588235294117647, 472
73, 1.0526315789473684, 0, 0.9030940293390775, 1.0588235294117647, 459
74, 1.0101010101010102, 0, 0.8622054120180187, 1.0588235294117647, 451
75, 1.0256410256410255, 0, 0.9225551458016474, 1.0588235294117647, 444
76, 1.25, 0, 0.8878123268106285, 1.25, 454
77, 1.0185185185185186, 0, 0.9230142877357153, 1.25, 446
78, 1.0344827586206897, 0, 0.9847942634325472, 1.25, 423
79, 1.0105263157894737, 0, 0.9421893896391959, 1.25, 477
80, 1.0101010101010102, 0, 0.9627951128233483, 1.25, 453
81, 1.0217391304347827, 0, 0.9029521440047655, 1.25, 490
82, 1.0151515151515151, 0, 0.9225253900123432, 1.25, 533
83, 1.0238095238095237, 0, 0.963384934109464, 1.25, 496
84, 1.0192307692307692, 0, 0.9626467742400123, 1.25, 480
85, 1.0053191489361701, 0, 0.9413197240979307, 1.25, 492
86, 1.0092592592592593, 0, 0.922430638799245, 1.25, 498
87, 1.0060240963855422, 0, 0.9215862846780947, 1.25, 479
88, 1.0062111801242235, 0, 0.9213222414784874, 1.25, 495
89, 1.0166666666666666, 0, 0.9228809965185029, 1.25, 497
90, 1.0333333333333334, 0, 0.9029146813745942, 1.25, 512
91, 1.025, 0, 0.8419171274433478, 1.25, 505
92, 1.006578947368421, 0, 0.921322567330125, 1.25, 492
93, 1.0029411764705882, 0, 0.9213236150856826, 1.25, 446
94, 1.0285714285714285, 0, 0.9427428672533886, 1.25, 460
95, 1.0075187969924813, 0, 0.8618726066440778, 1.25, 508
96, 1.0212765957446808, 0, 0.9029357840090371, 1.25, 497
97, 1.0357142857142858, 0, 0.842829569439312, 1.25, 504
98, 1.0091743119266054, 0, 0.8612274095928847, 1.25, 491
99, 1.0064935064935066, 0, 0.9010049636400601, 1.25, 494
100, 1.0065359477124183, 0, 0.841060710062421, 1.25, 520
101, 1.0030120481927711, 0, 0.8207782471024039, 1.25, 567
102, 1.0212765957446808, 0, 0.9020338113651486, 1.25, 566
103, 1.0153846153846153, 0, 0.8625764722964475, 1.25, 559
104, 1.0066666666666666, 0, 0.8619536740309768, 1.25, 532
105, 1.008, 0, 0.8824496841575763, 1.25, 550
106, 1.0120481927710843, 0, 0.8820476703379764, 1.25, 537
107, 1.05, 0, 0.9250989692307331, 1.25, 499
108, 1.0344827586206897, 0, 0.943131831700768, 1.25, 483
109, 1.0172413793103448, 0, 0.9620943635756634, 1.25, 501
110, 1.0140845070422535, 0, 0.8825827208150776, 1.25, 472
111, 1.0126582278481013, 0, 0.8615601353625781, 1.25, 503
112, 1.0103092783505154, 0, 0.9429958524506064, 1.25, 456
113, 1.0588235294117647, 0, 0.9439937609682195, 1.25, 459
114, 1.0169491525423728, 0, 0.9024842397652638, 1.25, 474
115, 1.0064516129032257, 0, 0.9017197988282676, 1.25, 442
116, 1.0196078431372548, 0, 0.9229101201075365, 1.25, 443
117, 1.0625, 0, 0.9231658558794318, 1.25, 440
118, 1.0086206896551724, 0, 0.8825508020568499, 1.25, 476
119, 1.04, 0, 0.8835153356048941, 1.25, 479
120, 1.025, 0, 0.9230387727089874, 1.25, 478
121, 1.027027027027027, 0, 0.9035750999063619, 1.25, 439
122, 1.008695652173913, 0, 0.8618404884009149, 1.25, 439
123, 1.0064102564102564, 0, 0.9013426827301612, 1.25, 477
124, 1.0185185185185186, 0, 0.8823980637346474, 1.25, 477
125, 1.0044247787610618, 0, 0.9211229291650427, 1.25, 522
126, 1.007936507936508, 0, 0.9217237682006792, 1.25, 467
127, 1.0055555555555555, 0, 0.9012640642150965, 1.25, 516
128, 1.0051020408163265, 0, 0.9213593115176628, 1.25, 530
129, 1.02, 0, 0.8617238649515262, 1.25, 551
130, 1.0033898305084745, 0, 0.8607614297298685, 1.25, 572
131, 1.004739336492891, 0, 0.8608768955862033, 1.25, 538
132, 1.0217391304347827, 0, 0.8415698057396248, 1.25, 566
133, 1.0384615384615385, 0, 0.8419365455325913, 1.25, 529
134, 1.0080645161290323, 0, 0.8816784981753397, 1.25, 523
135, 1.0101010101010102, 0, 0.8420468055856429, 1.25, 521
136, 1.009009009009009, 0, 0.9222572007871394, 1.25, 518
137, 1.0357142857142858, 0, 0.9223564715147212, 1.25, 508
138, 1.0101010101010102, 0, 0.8827440017923213, 1.25, 480
139, 1.007462686567164, 0, 0.8816654067839842, 1.25, 500
140, 1.013157894736842, 0, 0.9425320874301222, 1.25, 499
141, 1.0135135135135136, 0, 0.941243126624471, 1.25, 507
142, 1.0022727272727272, 0, 0.9411215174616393, 1.25, 505
143, 1.0030674846625767, 0, 0.9009463357773214, 1.25, 531
144, 1.0098039215686274, 0, 0.9014909738392275, 1.25, 511
145, 1.0063291139240507, 0, 0.881046549105144, 1.25, 557
146, 1.0040160642570282, 0, 0.94098656061516, 1.25, 572
147, 1.0027472527472527, 0, 0.9206677306481865, 1.25, 539
148, 1.032258064516129, 0, 0.8617281756764182, 1.25, 538
149, 1.011111111111111, 0, 0.8214155790386657, 1.25, 483
150, 1.1428571428571428, 0, 0.8652049672278914, 1.25, 504
151, 1.0091743119266054, 0, 0.8420394034019099, 1.25, 531
152, 1.037037037037037, 0, 0.9649736670542352, 1.25, 491
153, 1.0178571428571428, 0, 0.9633741019128174, 1.25, 514
154, 1.0555555555555556, 0, 0.945997205615552, 1.25, 483
155, 1.0476190476190477, 0, 0.9662848728600452, 1.25, 482
156, 1.0166666666666666, 0, 0.9846549498392067, 1.25, 400
157, 1.0357142857142858, 0, 0.9451857212959278, 1.25, 374
158, 1.0303030303030303, 0, 0.9657395756356444, 1.25, 404
159, 1.0357142857142858, 0, 0.9850781091944253, 1.25, 409
160, 1.03125, 0, 0.9442815903812217, 1.25, 431
161, 1.0135135135135136, 0, 0.9239104517345789, 1.25, 427
162, 1.0526315789473684, 0, 0.9457302612653952, 1.25, 452
163, 1.0232558139534884, 0, 0.9426617731560217, 1.25, 472
164, 1.0476190476190477, 0, 0.9248944301946209, 1.25, 494
165, 1.0238095238095237, 0, 0.9453740908811757, 1.25, 502
166, 1.015625, 0, 0.9636006408742174, 1.25, 484
167, 1.0169491525423728, 0, 0.9428447048367645, 1.25, 512
168, 1.0277777777777777, 0, 0.9049407038054271, 1.25, 543
169, 1.032258064516129, 0, 0.904733091797435, 1.25, 557
170, 1.0126582278481013, 0, 0.943646613105695, 1.25, 524
171, 1.0256410256410255, 0, 0.9450100650539518, 1.25, 523
172, 1.0588235294117647, 0, 0.9666041165425961, 1.25, 485
173, 1.0555555555555556, 0, 0.9652945648900828, 1.25, 516
174, 1.0217391304347827, 0, 0.9635614812461714, 1.25, 434
175, 1.05, 0, 0.9056712771427661, 1.25, 498
176, 1.0217391304347827, 0, 0.9247724272037638, 1.25, 529
177, 1.04, 0, 0.9053992311415496, 1.25, 565
178, 1.018181818181818, 0, 0.8840102964035598, 1.25, 556
179, 1.0454545454545454, 0, 0.8652649565895086, 1.25, 571
180, 1.0238095238095237, 0, 0.9241290105902329, 1.25, 557
181, 1.0196078431372548, 0, 0.883207595621281, 1.25, 592
182, 1.0123456790123457, 0, 0.8831230606684115, 1.25, 586
183, 1.1, 0, 0.8878398497371736, 1.25, 631
184, 1.0476190476190477, 0, 0.9849612422912791, 1.25, 558
185, 1.0175438596491229, 0, 0.9422864561499696, 1.25, 507
186, 1.0074074074074073, 0, 0.9422879136479364, 1.25, 554
187, 1.0555555555555556, 0, 0.9257086076227387, 1.25, 550
188, 1.0196078431372548, 0, 0.8642093802365103, 1.25, 503
189, 1.0192307692307692, 0, 0.96437752631421, 1.25, 501
190, 1.0769230769230769, 0, 0.9657144029551128, 1.25, 532
191, 1.0217391304347827, 0, 0.9852940485940651, 1.25, 457
192, 1.0208333333333333, 1.0000207714517169, 1.0038750956930877, 1.25, 504
193, 1.0294117647058822, 0, 0.9644979285675825, 1.25, 491
194, 1.0158730158730158, 0, 0.9846808629190623, 1.25, 494
195, 1.25, 0, 0.970522116749541, 1.25, 510
196, 1.0232558139534884, 0, 0.9448532988053308, 1.25, 521
197, 1.0185185185185186, 0, 0.904627599480164, 1.25, 479
198, 1.04, 0, 0.9060642313272047, 1.25, 516
199, 1.0169491525423728, 0, 0.9233708014001497, 1.25, 560
200, 1.0416666666666667, 0, 0.9649301121243887, 1.25, 531
201, 1.05, 0, 0.8855533969762475, 1.25, 536
202, 1.0166666666666666, 0, 0.8041772000966863, 1.25, 570
203, 1.0454545454545454, 0, 0.8463408775238952, 1.25, 551
204, 1.0178571428571428, 0, 0.9242751508544258, 1.25, 492
205, 1.0147058823529411, 0, 0.8637705293876371, 1.25, 520
206, 1.0454545454545454, 0, 0.9059365574019604, 1.25, 541
207, 1.0454545454545454, 0, 0.9261408840589165, 1.25, 535
208, 1.0666666666666667, 0, 0.9260498645186753, 1.25, 547
209, 1.0125, 0, 0.8427453081697408, 1.25, 576
210, 1.024390243902439, 0, 0.884336454623782, 1.25, 567
211, 1.0208333333333333, 0, 0.8642378117738319, 1.25, 579
212, 1.0588235294117647, 0, 0.8650205764131141, 1.25, 585
213, 1.0119047619047619, 0, 0.8235670362071074, 1.25, 548
214, 1.0222222222222221, 0, 0.8638383604198264, 1.25, 613
215, 1.1428571428571428, 0, 0.9077251765040137, 1.25, 595
216, 1.0357142857142858, 0, 0.9245270822548431, 1.25, 583
217, 1.0163934426229508, 0, 0.9036384387830517, 1.25, 601
218, 1.0294117647058822, 0, 0.8230590983817333, 1.25, 528
219, 1.0106382978723405, 0, 0.9027819959724144, 1.25, 546
220, 1.0277777777777777, 0, 0.9447154118067337, 1.25, 558
221, 1.04, 0, 0.9245673451292231, 1.25, 553
222, 1.027027027027027, 0, 0.9644591347853259, 1.25, 540
223, 1.0142857142857142, 0, 0.9242879363003944, 1.25, 563
224, 1.018181818181818, 0, 0.8831315351018654, 1.25, 570
225, 1.037037037037037, 0, 0.8847537270481599, 1.25, 570
226, 1.04, 0, 0.8841158803203087, 1.25, 553
227, 1.0163934426229508, 0, 0.8421317944720705, 1.25, 578
228, 1.0029154518950438, 0, 0.8806408512161126, 1.25, 580
229, 1.005, 0, 0.9009731888345109, 1.25, 620
230, 1.0049019607843137, 0, 0.9010605054206187, 1.25, 612
231, 1.0136986301369864, 0, 0.9420267015029284, 1.25, 633
232, 1.0208333333333333, 0, 0.9425412719817043, 1.25, 624
233, 1.0454545454545454, 0, 0.9251454492795791, 1.25, 530
234, 1.0625, 0, 0.8653856737312989, 1.25, 506
235, 1.0256410256410255, 0, 0.9033169076751397, 1.25, 534
236, 1.0416666666666667, 0, 0.925014144404483, 1.25, 519
237, 1.25, 0, 0.9290826092784146, 1.25, 512
238, 1.032258064516129, 0, 0.9259808953000183, 1.25, 502
239, 1.0153846153846153, 0, 0.944120139210123, 1.25, 547
240, 1.0588235294117647, 0, 0.9864632321427703, 1.25, 533
241, 1.0555555555555556, 0, 0.9463590428863945, 1.25, 561
242, 1.0333333333333334, 0, 0.9645972814676163, 1.25, 519
243, 1.0113636363636365, 0, 0.9429113478846906, 1.25, 535
244, 1.0121951219512195, 0, 0.9639032349219252, 1.25, 563
245, 1.0161290322580645, 0, 0.9230744412527899, 1.25, 539
246, 1.0158730158730158, 0, 0.9230200195733951, 1.25, 515
247, 1.018181818181818, 0, 0.9227650621957746, 1.25, 569
248, 1.0071942446043165, 0, 0.9423195927450625, 1.25, 571
249, 1.0028985507246377, 0, 0.9612839081714769, 1.25, 494
250, 1.0051020408163265, 0, 0.901105485204503, 1.25, 490
251, 1.0384615384615385, 0, 0.8638469309746263, 1.25, 506
252, 1.0434782608695652, 0, 0.9254226553576518, 1.25, 476
253, 1.0222222222222221, 0, 0.9844788983722498, 1.25, 499
254, 1.05, 0, 0.9860831231394998, 1.25, 452
255, 1.0526315789473684, 0, 0.9468835691062144, 1.25, 489
256, 1.0555555555555556, 0, 0.9457992187639094, 1.25, 522
257, 1.0222222222222221, 0, 0.9241919392182915, 1.25, 503
258, 1.0158730158730158, 0, 0.9651385832194249, 1.25, 510
259, 1.0158730158730158, 0, 0.9025882109897557, 1.25, 552
260, 1.02, 0, 0.9031560196018595, 1.25, 525
261, 1.0188679245283019, 0, 0.8430388465158662, 1.25, 497
262, 1.0666666666666667, 0, 0.8642996750221615, 1.25, 515
263, 1.0714285714285714, 0, 0.9264913662052444, 1.25, 480
264, 1.0256410256410255, 0, 0.946185667031909, 1.25, 537
265, 1.0384615384615385, 0, 0.9051269287660453, 1.25, 517
266, 1.0294117647058822, 0, 0.8840890365977029, 1.25, 477
267, 1.0196078431372548, 0, 0.8638314861876405, 1.25, 514
268, 1.0196078431372548, 0, 0.8641322604098752, 1.25, 459
269, 1.0588235294117647, 0, 0.9666576274422484, 1.25, 467
270, 1.0416666666666667, 0, 0.9059088028428641, 1.25, 524
271, 1.0434782608695652, 0, 0.8655844833146579, 1.25, 501
272, 1.0294117647058822, 0, 0.9664058236836982, 1.25, 478
273, 1.1, 0, 0.9468728156603342, 1.25, 495
274, 1.0416666666666667, 0, 0.9252084792808148, 1.25, 523
275, 1.0238095238095237, 0, 0.9859571009744399, 1.25, 525
276, 1.0196078431372548, 0, 0.925503641608674, 1.25, 529
277, 1.0333333333333334, 0, 0.9257808519552527, 1.25, 520
278, 1.25, 0, 0.9319441929059586, 1.25, 557
279, 1.0909090909090908, 0, 0.8655525971867418, 1.25, 536
280, 1.125, 0, 0.8259106191974875, 1.25, 569
281, 1.0263157894736843, 0, 0.8444922773559663, 1.25, 598
282, 1.0212765957446808, 0, 0.9453244887836063, 1.25, 543
283, 1.0769230769230769, 0, 0.8860152930379271, 1.25, 508
284, 1.0909090909090908, 0, 0.9067684725503115, 1.25, 543
285, 1.0217391304347827, 0, 0.9056989960748014, 1.25, 565
286, 1.0357142857142858, 0, 0.90475486801324, 1.25, 571
287, 1.0169491525423728, 0, 0.9445878384640897, 1.25, 572
288, 1.037037037037037, 0, 0.8640346232863371, 1.25, 579
289, 1.0416666666666667, 0, 0.9257368982944576, 1.25, 500
290, 1.0344827586206897, 0, 0.9074323883990693, 1.25, 555
291, 1.0344827586206897, 0, 0.9243026597405013, 1.25, 534
292, 1.0769230769230769, 0, 0.9272150905692691, 1.25, 536
293, 1.0294117647058822, 0, 0.9249773574788511, 1.25, 532
294, 1.0714285714285714, 0, 0.9072002900518461, 1.25, 526
295, 1.0158730158730158, 0, 0.8652322883665262, 1.25, 477
296, 1.0238095238095237, 0, 0.7629909595607164, 1.25, 505
297, 1.032258064516129, 0, 0.8461274733748857, 1.25, 480
298, 1.0227272727272727, 0, 0.8642928172041353, 1.25, 455
299, 1.05, 0, 0.9048541006954565, 1.25, 441
300, 1.0344827586206897, 0, 0.9459117485484768, 1.25, 422
301, 1.0227272727272727, 0, 0.8632636810834177, 1.25, 452
302, 1.032258064516129, 0, 0.9236737127827084, 1.25, 466
303, 1.03125, 0, 0.8636153595476576, 1.25, 435
304, 1.0163934426229508, 0, 0.9038950650891746, 1.25, 454
305, 1.0833333333333333, 0, 0.9454186161175521, 1.25, 447
306, 1.024390243902439, 0, 0.8638897580747051, 1.25, 460
307, 1.0303030303030303, 0, 0.8241962597253647, 1.25, 416
308, 1.0217391304347827, 0, 0.9249353938749149, 1.25, 455
309, 1.0135135135135136, 0, 0.8846162123123505, 1.25, 482
310, 1.024390243902439, 0, 0.9258513515602469, 1.25, 534
311, 1.125, 0, 0.9872729599971604, 1.25, 517
312, 1.0357142857142858, 0, 0.9865623163789438, 1.25, 523
313, 1.0212765957446808, 0, 0.9829891972241811, 1.25, 518
314, 1.0129870129870129, 0, 0.8424516842922823, 1.25, 570
315, 1.0454545454545454, 0, 0.8635825336823275, 1.25, 530
316, 1.0769230769230769, 0, 0.9455670895716064, 1.25, 526
317, 1.0303030303030303, 0, 0.8653059795035208, 1.25, 536
318, 1.0192307692307692, 0, 0.845494496451458, 1.25, 518
319, 1.0344827586206897, 0, 0.9459375368511406, 1.25, 521
320, 1.0217391304347827, 0, 0.9630387913271531, 1.25, 532
321, 1.0105263157894737, 0, 0.9433266789169048, 1.25, 560
322, 1.0714285714285714, 0, 0.9250053616748697, 1.25, 529
323, 1.0175438596491229, 0, 0.8841930533378278, 1.25, 521
324, 1.0222222222222221, 0, 0.9050795558040083, 1.25, 544
325, 1.0147058823529411, 0, 0.9048986253292485, 1.25, 510
326, 1.0277777777777777, 0, 0.9056849098493014, 1.25, 583
327, 1.0476190476190477, 0, 0.9259533737777716, 1.25, 572
328, 1.0434782608695652, 0, 0.8850662334386414, 1.25, 586
329, 1.0476190476190477, 0, 0.9245926927624896, 1.25, 603
330, 1.25, 0, 0.9511909751875669, 1.25, 615
331, 1.0169491525423728, 0, 0.9050476230416397, 1.25, 617
332, 1.024390243902439, 0, 0.9052481562259677, 1.25, 591
333, 1.0263157894736843, 0, 0.9452394423703676, 1.25, 649
334, 1.0303030303030303, 0, 0.9849091062226709, 1.25, 549
335, 1.04, 0, 0.8847476655251226, 1.25, 584
336, 1.0178571428571428, 0, 0.8844579385853325, 1.25, 547
337, 1.0238095238095237, 0, 0.8649192055193476, 1.25, 588
338, 1.0208333333333333, 0, 0.9446593211321841, 1.25, 569
339, 1.024390243902439, 0, 0.9242103209854616, 1.25, 607
340, 1.0344827586206897, 0, 0.9040011371613796, 1.25, 582
341, 1.024390243902439, 0, 0.9253540440655073, 1.25, 573
342, 1.0416666666666667, 0, 0.8863475746291148, 1.25, 593
343, 1.0384615384615385, 0, 0.8652923118046668, 1.25, 561
344, 1.037037037037037, 0, 0.9043330647867747, 1.25, 589
345, 1.05, 0, 0.9052194552146824, 1.25, 591
346, 1.03125, 0, 0.9460201422380698, 1.25, 617
347, 1.0256410256410255, 0, 0.9436464112540136, 1.25, 606
348, 1.0769230769230769, 0, 0.9256519995896844, 1.25, 622
349, 1.0208333333333333, 0, 0.8836704733970643, 1.25, 619
350, 1.0178571428571428, 0, 0.904195741738624, 1.25, 628
351, 1.0344827586206897, 0, 0.9037482289460717, 1.25, 646
352, 1.0333333333333334, 0, 0.9240266629262159, 1.25, 624
353, 1.027027027027027, 0, 0.9056785940271486, 1.25, 592
354, 1.1111111111111112, 0, 0.9266887406511074, 1.25, 537
355, 1.02, 0, 0.9035875193960646, 1.25, 580
356, 1.0909090909090908, 0, 0.8862725769049247, 1.25, 616
357, 1.025, 0, 0.9649928110124227, 1.25, 552
358, 1.0178571428571428, 0, 0.8234211154309556, 1.25, 524
359, 1.0188679245283019, 0, 0.8440202295381735, 1.25, 551
360, 1.0151515151515151, 0, 0.8434328387214316, 1.25, 542
361, 1.0263157894736843, 0, 0.8844321329257356, 1.25, 534
362, 1.0113636363636365, 0, 0.843489480622879, 1.25, 572
363, 1.0588235294117647, 0, 0.9047013016267901, 1.25, 512
364, 1.0097087378640777, 0, 0.8018974199657322, 1.25, 517
365, 1.0052631578947369, 0, 0.841659939116555, 1.25, 542
366, 1.0217391304347827, 0, 0.8831300298170262, 1.25, 528
367, 1.0909090909090908, 0, 0.9068246979892828, 1.25, 562
368, 1.125, 0, 0.9471768062432981, 1.25, 597
369, 1.024390243902439, 0, 0.8648344368904547, 1.25, 588
370, 1.0133333333333334, 0, 0.8839898526753965, 1.25, 562
371, 1.0149253731343284, 0, 0.7826135447094533, 1.25, 616
372, 1.0185185185185186, 0, 0.7242784685413016, 1.25, 542
373, 1.0238095238095237, 0, 0.8631457262291269, 1.25, 520
374, 1.010752688172043, 0, 0.9235874353258674, 1.25, 532
375, 1.0196078431372548, 0, 0.8437076581590339, 1.25, 576
376, 1.0344827586206897, 0, 0.8865080266977532, 1.25, 586
377, 1.0212765957446808, 0, 0.9435872587781491, 1.25, 537
378, 1.0217391304347827, 0, 0.8842073855244713, 1.25, 573
379, 1.02, 0, 0.9249434862429766, 1.25, 524
380, 1.0526315789473684, 0, 0.9261291553957214, 1.25, 547
381, 1.024390243902439, 0, 0.8839593405361629, 1.25, 514
382, 1.0344827586206897, 0, 0.8854383846007753, 1.25, 505
383, 1.0121951219512195, 0, 0.9439053397634625, 1.25, 535
384, 1.0476190476190477, 0, 0.9262039941144269, 1.25, 545
385, 1.0714285714285714, 0, 0.9267977404777913, 1.25, 523
386, 1.0158730158730158, 0, 0.9243936615985501, 1.25, 532
387, 1.025, 0, 0.9042181302641068, 1.25, 588
388, 1.0666666666666667, 0, 0.843873478737999, 1.25, 605
389, 1.00990099009901, 0, 0.883146203008627, 1.25, 565
390, 1.0416666666666667, 0, 0.8647002451100643, 1.25, 556
391, 1.0555555555555556, 0, 0.885262005205314, 1.25, 540
392, 1.0384615384615385, 0, 0.925676004191388, 1.25, 565
393, 1.0909090909090908, 0, 0.9285654396716135, 1.25, 569
394, 1.0192307692307692, 0, 0.9055746425059126, 1.25, 532
395, 1.1428571428571428, 0, 0.9280280288966142, 1.25, 535
396, 1.024390243902439, 0, 0.8633263637294389, 1.25, 584
397, 1.0333333333333334, 0, 0.9455327835843932, 1.25, 568
398, 1.1, 0, 0.9677974262616713, 1.25, 556
399, 1.0169491525423728, 0, 0.9041051393276627, 1.25, 560
400, 1.0588235294117647, 0, 0.9058549466053292, 1.25, 551
401, 1.0204081632653061, 0, 0.9039007672852992, 1.25, 560
402, 1.0357142857142858, 0, 0.9246759458470599, 1.25, 572
403, 1.0333333333333334, 0, 0.9253577543994616, 1.25, 584
404, 1.0384615384615385, 0, 0.9253537846484176, 1.25, 569
405, 1.0188679245283019, 0, 0.9440922900386429, 1.25, 587
406, 1.0555555555555556, 0, 0.9666624168487269, 1.25, 581
407, 1.0294117647058822, 0, 0.9259956913268903, 1.25, 559
408, 1.0434782608695652, 0, 0.9256269765627608, 1.25, 566
409, 1.0133333333333334, 0, 0.8833745983500206, 1.25, 597
410, 1.0476190476190477, 0, 0.8255438724706579, 1.25, 619
411, 1.0294117647058822, 0, 0.9054683214870596, 1.25, 565
412, 1.0238095238095237, 0, 0.8845824510985174, 1.25, 569
413, 1.0166666666666666, 0, 0.8844958832805697, 1.25, 625
414, 1.025, 0, 0.985344598621435, 1.25, 563
415, 1.0555555555555556, 0, 0.9460902924577747, 1.25, 596
416, 1.125, 0, 0.8879592884263632, 1.25, 586
417, 1.0434782608695652, 0, 0.9466449592903993, 1.25, 418
418, 1.0175438596491229, 0, 0.9637455796409367, 1.25, 454
419, 1.025, 0, 0.9055153925362854, 1.25, 477
420, 1.0526315789473684, 0, 0.8459540877107261, 1.25, 471
421, 1.0217391304347827, 0, 0.8846730385994503, 1.25, 464
422, 1.0357142857142858, 0, 0.9446451563045742, 1.25, 450
423, 1.024390243902439, 0, 0.9436372483044357, 1.25, 469
424, 1.0263157894736843, 0, 0.9454542586182164, 1.25, 483
425, 1.0357142857142858, 0, 0.9268614842804902, 1.25, 432
426, 1.0384615384615385, 0, 0.8647432030876346, 1.25, 461
427, 1.3333333333333333, 0, 0.9142282953807004, 1.3333333333333333, 490
428, 1.0303030303030303, 0, 0.8627403505700666, 1.3333333333333333, 509
429, 1.0065359477124183, 0, 0.9020854512982186, 1.3333333333333333, 473
430, 1.0192307692307692, 0, 0.9231267204910784, 1.3333333333333333, 488
431, 1.010752688172043, 0, 0.8826070633933955, 1.3333333333333333, 528
432, 1.0153846153846153, 0, 0.9438452855170409, 1.3333333333333333, 530
433, 1.037037037037037, 0, 0.9651174967841837, 1.3333333333333333, 479
434, 1.0526315789473684, 0, 0.9254557209923491, 1.3333333333333333, 528
435, 1.0116279069767442, 0, 0.9032046691230485, 1.3333333333333333, 531
436, 1.0188679245283019, 0, 0.9046587503085292, 1.3333333333333333, 553
437, 1.0625, 0, 0.865188375171524, 1.3333333333333333, 605
438, 1.1111111111111112, 0, 0.8859151122424427, 1.3333333333333333, 556
439, 1.032258064516129, 0, 0.8844572063530574, 1.3333333333333333, 582
440, 1.0263157894736843, 0, 0.8043257540905848, 1.3333333333333333, 573
441, 1.02, 0, 0.8836916514221217, 1.3333333333333333, 584
442, 1.0212765957446808, 0, 0.8841403579915001, 1.3333333333333333, 590
443, 1.0232558139534884, 0, 0.8039242020647142, 1.3333333333333333, 622
444, 1.0256410256410255, 0, 0.8851859247131951, 1.3333333333333333, 579
445, 1.0588235294117647, 0, 0.948729462476562, 1.3333333333333333, 546
446, 1.027027027027027, 0, 0.9655269812746237, 1.3333333333333333, 463
447, 1.0153846153846153, 0, 0.9845640314871457, 1.3333333333333333, 475
448, 1.0263157894736843, 0, 0.9849747983435436, 1.3333333333333333, 482
449, 1.0277777777777777, 0, 0.9864685060502447, 1.3333333333333333, 481
450, 1.032258064516129, 0, 0.9457259541385884, 1.3333333333333333, 454
451, 1.0303030303030303, 0, 0.9057242225258765, 1.3333333333333333, 476
452, 1.0833333333333333, 0, 0.9259795769287236, 1.3333333333333333, 458
453, 1.0384615384615385, 0, 0.9264168958462992, 1.3333333333333333, 490
454, 1.0384615384615385, 0, 0.9670606674809058, 1.3333333333333333, 429
455, 1.2, 0, 0.8905383932225612, 1.3333333333333333, 451
456, 1.0384615384615385, 0, 0.9047391790226054, 1.3333333333333333, 446
457, 1.0357142857142858, 0, 0.865366637237945, 1.3333333333333333, 456
458, 1.0175438596491229, 0, 0.8242054851165378, 1.3333333333333333, 449
459, 1.02, 0, 0.7835522325471911, 1.3333333333333333, 486
460, 1.032258064516129, 0, 0.8029574970499516, 1.3333333333333333, 517
461, 1.03125, 0, 0.8236762022424557, 1.3333333333333333, 535
462, 1.02, 0, 0.8638341794203069, 1.3333333333333333, 502
463, 1.0416666666666667, 0, 0.9451599793658726, 1.3333333333333333, 460
464, 1.0555555555555556, 0, 0.9653426552169858, 1.3333333333333333, 471
465, 1.032258064516129, 0, 0.9657294006380984, 1.3333333333333333, 529
466, 1.0142857142857142, 0, 0.943443018751494, 1.3333333333333333, 507
467, 1.0227272727272727, 0, 0.9027019483100963, 1.3333333333333333, 530
468, 1.0095238095238095, 0, 0.922742550334575, 1.3333333333333333, 487
469, 1.0063694267515924, 0, 0.9017585722797884, 1.3333333333333333, 514
470, 1.015625, 0, 0.8619604168141463, 1.3333333333333333, 516
471, 1.0023201856148491, 0, 0.9212411766139539, 1.3333333333333333, 461
472, 1.004255319148936, 0, 0.8815292170323378, 1.3333333333333333, 439
473, 1.0128205128205128, 0, 0.9217980460771338, 1.3333333333333333, 442
474, 1.0277777777777777, 0, 0.9628400963316011, 1.3333333333333333, 482
475, 1.0129870129870129, 0, 0.9023497007402335, 1.3333333333333333, 482
476, 1.0256410256410255, 0, 0.9437132880752647, 1.3333333333333333, 500
477, 1.0588235294117647, 0, 0.8848139601403275, 1.3333333333333333, 525
478, 1.0277777777777777, 0, 0.904873879884263, 1.3333333333333333, 534
479, 1.024390243902439, 0, 0.9241228212265491, 1.3333333333333333, 500
480, 1.1, 0, 0.9867495936256138, 1.3333333333333333, 465
481, 1.018181818181818, 0, 0.9237721489155759, 1.3333333333333333, 509
482, 1.0212765957446808, 1.0000668404518414, 1.0044844874695655, 1.3333333333333333, 522
483, 1.0238095238095237, 0, 0.9446254289298704, 1.3333333333333333, 562
484, 1.018181818181818, 0, 0.84300035085371, 1.3333333333333333, 548
485, 1.0384615384615385, 0, 0.9243217058273556, 1.3333333333333333, 566
486, 1.0232558139534884, 0, 0.8642493601833404, 1.3333333333333333, 545
487, 1.03125, 0, 0.9051687559764069, 1.3333333333333333, 570
488, 1.0126582278481013, 0, 0.9639371767928775, 1.3333333333333333, 588
489, 1.0384615384615385, 0, 0.8654716436202101, 1.3333333333333333, 582
490, 1.037037037037037, 0, 0.8650619549775713, 1.3333333333333333, 582
491, 1.009009009009009, 0, 0.8220357918831556, 1.3333333333333333, 577
492, 1.0526315789473684, 0, 0.8649365947662301, 1.3333333333333333, 600
493, 1.0416666666666667, 0, 0.8441590270910251, 1.3333333333333333, 559
494, 1.025, 0, 0.8651417603867465, 1.3333333333333333, 594
495, 1.0303030303030303, 0, 0.8842907064349608, 1.3333333333333333, 613
496, 1.018181818181818, 0, 0.8844930895463419, 1.3333333333333333, 639
497, 1.0108695652173914, 0, 0.8823043512489092, 1.3333333333333333, 565
498, 1.0227272727272727, 0, 0.8637255031188154, 1.3333333333333333, 571
499, 1.0208333333333333, 0, 0.8845275995977374, 1.3333333333333333, 559
