1: 721 1
2: 723 1
3: 677 1
4: 721 1
5: 722 1
6: 720 1
7: 724 1
8: 722 1
9: 720 1
10: 720 1
11: 716 1
12: 703 1
13: 724 1
14: 722 1
15: 722 1
16: 725 1
17: 720 1
18: 720 1
19: 720 1
20: 720 1
21: 715 1
22: 720 1
23: 722 1
24: 722 1
25: 722 1
26: 725 1
27: 722 1
28: 720 1
29: 720 1
30: 601 1
31: 718 1
32: 569 1
33: 722 1
34: 688 1
35: 436 1
36: 722 1
37: 673 1
38: 720 1
39: 720 1
40: 720 1
41: 720 1
42: 720 1
43: 720 1
44: 722 1
45: 722 1
46: 647 1
47: 722 1
48: 722 1
49: 706 1
50: 720 1
51: 104 1
52: 149 1
53: 12 1
54: 706 1
55: 626 1
56: 720 1
57: 721 1
58: 658 1
59: 720 1
60: 720 1
61: 722 1
62: 0 1
63: 722 1
64: 114 1
65: 722 1
66: 725 1
67: 721 1
68: 721 1
69: 720 1
70: 720 1
71: 720 1
72: 716 1
73: 722 1
74: 0 1
75: 470 1
76: 722 1
77: 638 1
78: 613 1
79: 720 1
80: 721 1
81: 720 1
82: 720 1
83: 716 1
84: 718 1
85: 242 1
86: 721 1
87: 722 1
88: 722 1
89: 721 1
90: 694 1
91: 720 1
92: 721 1
93: 706 1
94: 719 1
95: 313 1
96: 155 1
97: 340 1
98: 720 1
99: 705 1
100: 648 1
101: 720 1
102: 722 1
103: 714 1
104: 724 1
105: 722 1
106: 0 1
107: 721 1
108: 279 1
109: 721 1
110: 720 1
111: 722 1
112: 719 1
113: 703 1
114: 698 1
115: 723 1
116: 722 1
117: 677 1
118: 525 1
119: 719 1
120: 686 1
121: 721 0
122: 195 0
123: 722 0
124: 721 0
125: 703 0
126: 0 0
127: 722 0
128: 722 0
129: 304 0
130: 601 0
131: 720 0
132: 369 0
133: 722 0
134: 721 0
135: 722 0
136: 721 0
137: 0 0
138: 718 0
139: 721 0
140: 637 0
141: 722 0
142: 721 0
143: 721 0
144: 722 0
145: 721 0
146: 721 0
147: 720 0
148: 722 0
149: 699 0
150: 707 0
151: 722 0
152: 721 0
153: 722 0
154: 721 0
155: 722 0
156: 702 0
157: 721 0
158: 563 0
159: 714 0
160: 664 0
161: 552 0
162: 638 0
163: 722 0
164: 662 0
165: 631 0
166: 722 0
167: 706 0
168: 722 0
169: 657 0
170: 704 0
171: 592 0
172: 683 0
173: 722 0
174: 722 0
175: 721 0
176: 724 0
177: 724 0
178: 724 0
179: 719 0
180: 717 0
181: 726 0
182: 720 0
183: 724 0
184: 722 0
185: 650 0
186: 721 0
187: 722 0
188: 722 0
189: 721 0
190: 722 0
191: 721 0
192: 721 0
193: 722 0
194: 722 0
195: 687 0
196: 722 0
197: 508 0
198: 721 0
199: 722 0
200: 722 0
201: 721 0
202: 696 0
203: 721 0
204: 721 0
205: 721 0
206: 722 0
207: 720 0
208: 677 0
209: 721 0
210: 722 0
211: 722 0
212: 527 0
213: 651 0
214: 698 0
215: 722 0
216: 342 0
217: 720 0
218: 689 0
219: 722 0
220: 721 0
221: 722 0
222: 722 0
223: 722 0
224: 633 0
225: 10 0
226: 721 0
227: 722 0
228: 722 0
229: 718 0
230: 722 0
231: 703 0
232: 722 0
233: 721 0
234: 0 0
235: 722 0
236: 722 0
237: 423 0
238: 722 0
239: 562 0
240: 722 0
241: 722 0
242: 722 0
243: 722 0
244: 722 0
245: 722 0
246: 722 0
247: 695 0
248: 721 0
249: 0 0
250: 722 0
251: 254 0
252: 716 0
253: 721 0
254: 722 0
255: 722 0
256: 348 0
257: 722 0
258: 695 0
259: 722 0
260: 722 0
261: 722 0
262: 721 0
263: 721 0
264: 666 0
265: 718 0
266: 722 0
267: 721 0
268: 722 0
269: 722 0
270: 722 0
271: 721 0
272: 659 0
273: 722 0
274: 722 0
275: 722 0
276: 722 0
277: 656 0
278: 722 0
279: 722 0
280: 722 0
281: 659 0
282: 721 0
283: 589 0
284: 721 0
285: 714 0
286: 722 0
287: 724 0
288: 721 0
289: 722 0
290: 721 0
291: 722 0
292: 595 0
293: 712 0
294: 721 0
295: 722 0
296: 702 0
297: 722 0
298: 721 0
299: 722 0
300: 711 0
301: 722 0
302: 722 0
303: 722 0
304: 722 0
305: 721 0
306: 715 0
307: 704 0
308: 722 0
309: 722 0
310: 722 0
311: 722 0
312: 722 0
313: 721 0
314: 722 0
315: 721 0
316: 722 0
317: 721 0
318: 721 0
319: 722 1
320: 721 1
321: 722 1
322: 720 1
323: 720 1
324: 722 1
325: 712 1
326: 722 1
327: 720 1
328: 716 1
329: 713 1
330: 725 1
331: 663 1
332: 725 1
333: 713 1
334: 689 1
335: 621 1
336: 722 1
337: 722 1
338: 720 1
339: 722 1
340: 482 1
341: 698 1
342: 722 1
343: 720 1
344: 722 1
345: 715 1
346: 724 1
347: 721 1
348: 650 1
349: 721 1
350: 595 1
351: 635 1
352: 720 1
353: 722 1
354: 332 1
355: 721 1
356: 717 1
357: 721 1
358: 722 1
359: 720 1
360: 722 1
361: 720 1
362: 516 1
363: 718 1
364: 0 1
365: 721 1
366: 719 1
367: 211 1
368: 720 1
369: 722 1
370: 719 1
371: 723 1
372: 627 1
373: 726 1
374: 720 1
375: 725 1
376: 716 1
377: 719 1
378: 718 1
379: 719 1
380: 721 1
381: 665 1
382: 722 1
383: 652 1
384: 722 1
385: 704 1
386: 723 1
387: 722 1
388: 650 1
389: 722 1
390: 720 1
391: 559 1
392: 620 1
393: 310 1
394: 720 1
395: 684 1
396: 719 1
397: 722 1
398: 714 1
399: 714 1
400: 648 1
401: 720 1
402: 521 1
403: 719 1
404: 720 1
405: 722 1
406: 720 1
407: 722 1
408: 554 1
409: 267 1
410: 295 1
411: 726 1
412: 720 1
413: 641 1
414: 716 1
415: 720 1
416: 370 1
417: 304 1
418: 0 1
419: 388 1
420: 87 1
421: 726 1
422: 721 1
423: 720 1
424: 722 1
425: 720 1
426: 684 1
427: 718 1
428: 727 1
429: 581 1
430: 720 1
431: 552 1
432: 510 1
433: 722 1
434: 53 1
435: 139 1
436: 722 1
437: 718 1
438: 481 1
439: 722 1
440: 720 1
441: 718 1
442: 603 1
443: 723 1
444: 590 1
445: 720 1
446: 722 1
447: 720 1
448: 595 1
449: 231 1
450: 723 1
451: 679 1
452: 726 1
453: 715 1
454: 724 1
455: 718 1
456: 569 1
457: 722 1
458: 721 1
459: 14 1
460: 259 1
461: 720 1
462: 719 1
463: 721 1
464: 720 1
465: 9 1
466: 609 1
467: 474 1
468: 459 1
469: 700 1
470: 665 1
471: 726 1
472: 722 1
473: 720 1
474: 723 1
475: 720 1
476: 714 1
477: 719 1
478: 620 1
479: 717 1
480: 722 1
481: 708 1
482: 713 1
483: 716 1
484: 718 1
485: 721 1
486: 719 1
487: 289 1
488: 718 1
489: 487 1
490: 283 1
491: 687 1
492: 703 1
493: 714 1
494: 385 1
495: 717 1
496: 719 1
497: 0 1
498: 678 1
499: 721 1
500: 720 1
