1: 721 1
2: 723 1
3: 720 1
4: 723 1
5: 722 1
6: 659 1
7: 722 1
8: 720 1
9: 726 1
10: 721 1
11: 720 1
12: 722 1
13: 722 1
14: 720 1
15: 722 1
16: 723 1
17: 722 1
18: 722 1
19: 727 1
20: 721 1
21: 721 1
22: 720 1
23: 720 1
24: 718 1
25: 722 1
26: 722 1
27: 722 1
28: 723 1
29: 724 1
30: 724 1
31: 720 1
32: 720 1
33: 719 1
34: 717 1
35: 722 1
36: 722 1
37: 722 1
38: 723 1
39: 723 1
40: 717 1
41: 717 1
42: 720 1
43: 720 1
44: 680 1
45: 721 1
46: 721 1
47: 722 1
48: 722 1
49: 724 1
50: 721 1
51: 721 1
52: 720 1
53: 720 1
54: 717 1
55: 722 1
56: 722 1
57: 721 1
58: 720 1
59: 722 1
60: 719 1
61: 719 1
62: 719 1
63: 719 1
64: 713 1
65: 690 1
66: 721 1
67: 721 1
68: 614 1
69: 722 1
70: 719 0
71: 720 0
72: 721 0
73: 721 0
74: 721 0
75: 721 0
76: 720 0
77: 719 0
78: 671 0
79: 649 0
80: 662 0
81: 721 0
82: 718 0
83: 712 0
84: 720 0
85: 714 0
86: 720 0
87: 579 0
88: 720 0
89: 624 0
90: 581 0
91: 481 0
92: 543 0
93: 720 0
94: 568 0
95: 289 0
96: 721 0
97: 720 0
98: 720 0
99: 721 0
100: 718 0
101: 717 0
102: 720 0
103: 720 0
104: 720 0
105: 720 0
106: 720 0
107: 683 0
108: 720 0
109: 720 0
110: 720 0
111: 720 0
112: 720 0
113: 720 0
114: 721 0
115: 720 0
116: 720 0
117: 457 0
118: 720 0
119: 720 0
120: 634 0
121: 121 0
122: 532 0
123: 721 0
124: 700 0
125: 645 0
126: 721 0
127: 720 0
128: 720 0
129: 720 0
130: 489 0
131: 720 0
132: 720 0
133: 720 0
134: 720 0
135: 721 0
136: 706 0
137: 704 0
138: 721 0
139: 721 0
140: 720 0
141: 720 0
142: 720 0
143: 687 0
144: 721 0
145: 720 0
146: 707 0
147: 721 0
148: 203 0
149: 720 0
150: 698 0
151: 720 0
152: 719 0
153: 720 0
154: 707 0
155: 721 0
156: 721 0
157: 721 0
158: 721 0
159: 720 0
160: 721 0
161: 720 0
162: 145 0
163: 720 0
164: 720 0
165: 608 0
166: 720 0
167: 720 0
168: 720 0
169: 721 0
170: 720 0
171: 720 0
172: 721 0
173: 722 0
174: 722 0
175: 720 0
176: 720 0
177: 666 0
178: 720 0
179: 720 0
180: 720 0
181: 720 0
182: 607 0
183: 696 0
184: 720 0
185: 721 0
186: 720 0
187: 720 0
188: 720 0
189: 720 0
190: 680 0
191: 721 0
192: 721 0
193: 720 0
194: 720 0
195: 700 0
196: 720 0
197: 720 0
198: 721 0
199: 720 0
200: 721 0
201: 549 0
202: 721 0
203: 712 0
204: 720 0
205: 722 0
206: 99 0
207: 721 0
208: 719 0
209: 613 0
210: 721 0
211: 688 0
212: 721 0
213: 719 0
214: 693 0
215: 720 0
216: 720 0
217: 720 0
218: 720 0
219: 33 0
220: 324 0
221: 720 0
222: 720 0
223: 720 0
224: 719 0
225: 707 0
226: 558 0
227: 665 0
228: 681 0
229: 706 0
230: 669 0
231: 710 0
232: 705 0
233: 644 0
234: 721 0
235: 458 0
236: 720 0
237: 720 0
238: 642 0
239: 720 0
240: 721 0
241: 719 0
242: 721 0
243: 720 0
244: 721 0
245: 720 0
246: 675 0
247: 721 0
248: 622 0
249: 720 0
250: 720 0
251: 572 0
252: 16 0
253: 722 0
254: 691 0
255: 340 0
256: 712 0
257: 721 0
258: 720 0
259: 720 0
260: 720 0
261: 721 0
262: 705 0
263: 720 0
264: 720 0
265: 720 0
266: 682 0
267: 720 0
268: 720 0
269: 719 1
270: 721 1
271: 622 1
272: 722 1
273: 716 1
274: 202 1
275: 718 1
276: 709 1
277: 464 1
278: 718 1
279: 612 1
280: 645 1
281: 107 1
282: 720 1
283: 724 1
284: 314 1
285: 611 1
286: 584 1
287: 712 1
288: 721 1
289: 701 1
290: 725 1
291: 720 1
292: 719 1
293: 721 1
294: 719 1
295: 714 1
296: 606 1
297: 537 1
298: 718 1
299: 721 1
300: 718 1
301: 724 1
302: 719 1
303: 725 1
304: 718 1
305: 719 1
306: 710 1
307: 702 1
308: 721 1
309: 718 1
310: 709 1
311: 715 1
312: 559 1
313: 591 1
314: 719 1
315: 720 1
316: 719 1
317: 592 1
318: 719 1
319: 715 1
320: 719 1
321: 656 1
322: 650 1
323: 696 1
324: 720 1
325: 719 1
326: 725 1
327: 713 1
328: 3 1
329: 714 1
330: 722 1
331: 717 1
332: 719 1
333: 720 1
334: 720 1
335: 722 1
336: 718 1
337: 723 1
338: 720 1
339: 380 1
340: 693 1
341: 718 1
342: 721 1
343: 718 1
344: 724 1
345: 716 1
346: 725 1
347: 715 1
348: 719 1
349: 719 1
350: 719 1
351: 718 1
352: 719 1
353: 721 1
354: 718 1
355: 721 1
356: 714 1
357: 723 1
358: 719 1
359: 358 1
360: 721 1
361: 719 1
362: 720 1
363: 693 1
364: 721 1
365: 718 1
366: 701 1
367: 719 1
368: 709 1
369: 541 1
370: 685 1
371: 687 1
372: 15 1
373: 289 1
374: 650 1
375: 720 1
376: 613 1
377: 721 1
378: 718 1
379: 721 1
380: 708 1
381: 719 1
382: 715 1
383: 719 1
384: 706 1
385: 719 1
386: 721 1
387: 718 1
388: 721 1
389: 714 1
390: 723 1
391: 720 1
392: 725 1
393: 719 1
394: 719 1
395: 668 1
396: 724 1
397: 718 1
398: 719 1
399: 716 1
400: 719 1
401: 213 1
402: 703 1
403: 599 1
404: 720 1
405: 403 1
406: 580 1
407: 705 1
408: 719 1
409: 658 1
410: 719 1
411: 720 1
412: 700 1
413: 720 1
414: 719 1
415: 722 1
416: 720 1
417: 718 1
418: 720 1
419: 719 1
420: 721 1
421: 714 1
422: 724 1
423: 721 1
424: 719 1
425: 721 1
426: 719 1
427: 720 1
428: 719 1
429: 721 1
430: 256 1
431: 722 1
432: 718 1
433: 719 1
434: 721 1
435: 708 1
436: 694 1
437: 718 1
438: 726 1
439: 717 1
440: 709 1
441: 455 1
442: 719 1
443: 231 1
444: 621 1
445: 707 1
446: 714 1
447: 721 1
448: 579 1
449: 724 1
450: 720 1
451: 709 1
452: 720 1
453: 717 1
454: 721 1
455: 719 1
456: 721 1
457: 718 1
458: 721 1
459: 719 1
460: 721 1
461: 707 1
462: 490 1
463: 709 1
464: 561 1
465: 720 0
466: 697 0
467: 360 0
468: 654 0
469: 283 0
470: 709 0
471: 176 0
472: 565 0
473: 716 0
474: 579 0
475: 720 0
476: 94 0
477: 694 0
478: 180 0
479: 694 0
480: 438 0
481: 720 0
482: 720 0
483: 721 0
484: 720 0
485: 720 0
486: 720 0
487: 720 0
488: 720 0
489: 713 0
490: 720 0
491: 720 0
492: 188 0
493: 721 0
494: 720 0
495: 631 0
496: 374 0
497: 343 0
498: 720 0
499: 0 0
500: 720 0
