1: 723 0
2: 722 0
3: 604 0
4: 722 0
5: 724 0
6: 722 0
7: 722 0
8: 722 0
9: 722 0
10: 722 0
11: 722 0
12: 723 0
13: 724 0
14: 721 0
15: 722 0
16: 722 0
17: 722 0
18: 722 0
19: 722 0
20: 722 0
21: 724 0
22: 722 0
23: 722 0
24: 722 0
25: 406 0
26: 722 0
27: 722 0
28: 722 0
29: 722 0
30: 722 0
31: 722 0
32: 722 0
33: 722 0
34: 722 0
35: 722 0
36: 721 0
37: 722 0
38: 722 0
39: 722 0
40: 722 0
41: 722 0
42: 526 0
43: 721 0
44: 722 0
45: 722 0
46: 722 0
47: 722 0
48: 721 0
49: 722 0
50: 722 0
51: 722 0
52: 722 0
53: 722 0
54: 702 0
55: 722 0
56: 721 0
57: 721 0
58: 722 0
59: 652 0
60: 722 0
61: 722 0
62: 722 0
63: 722 0
64: 722 0
65: 722 0
66: 722 0
67: 618 0
68: 722 0
69: 722 0
70: 722 0
71: 607 0
72: 722 0
73: 722 0
74: 718 0
75: 723 0
76: 722 0
77: 721 0
78: 653 0
79: 722 0
80: 0 0
81: 633 0
82: 628 0
83: 709 0
84: 722 0
85: 721 0
86: 713 0
87: 722 0
88: 722 0
89: 722 0
90: 722 0
91: 722 0
92: 722 0
93: 722 0
94: 722 0
95: 721 0
96: 664 0
97: 537 0
98: 697 0
99: 722 0
100: 607 0
101: 0 0
102: 583 0
103: 722 0
104: 697 0
105: 722 0
106: 722 0
107: 305 0
108: 722 0
109: 722 0
110: 722 0
111: 720 0
112: 554 0
113: 722 0
114: 722 0
115: 152 0
116: 718 0
117: 722 0
118: 721 0
119: 722 0
120: 722 0
121: 667 0
122: 277 0
123: 483 0
124: 0 0
125: 575 0
126: 362 0
127: 721 0
128: 678 0
129: 0 0
130: 722 0
131: 722 0
132: 718 0
133: 721 0
134: 722 0
135: 722 0
136: 721 0
137: 722 0
138: 722 0
139: 641 0
140: 722 0
141: 722 0
142: 722 0
143: 721 0
144: 722 0
145: 722 0
146: 721 0
147: 720 0
148: 721 0
149: 722 0
150: 722 0
151: 627 0
152: 351 0
153: 721 0
154: 32 0
155: 524 0
156: 655 0
157: 580 0
158: 722 0
159: 721 0
160: 111 0
161: 722 0
162: 597 0
163: 722 0
164: 721 0
165: 99 0
166: 605 0
167: 669 0
168: 686 0
169: 722 0
170: 722 0
171: 721 0
172: 720 0
173: 722 0
174: 499 0
175: 190 0
176: 722 0
177: 722 0
178: 721 0
179: 714 0
180: 507 0
181: 623 0
182: 720 0
183: 678 0
184: 722 0
185: 722 0
186: 0 1
187: 479 1
188: 721 1
189: 702 1
190: 333 1
191: 720 1
192: 591 1
193: 316 1
194: 0 1
195: 719 1
196: 640 1
197: 656 1
198: 720 1
199: 722 1
200: 549 1
201: 724 1
202: 720 1
203: 719 1
204: 617 1
205: 719 1
206: 722 1
207: 455 1
208: 722 1
209: 720 1
210: 723 1
211: 717 1
212: 719 1
213: 524 1
214: 630 1
215: 643 1
216: 720 1
217: 621 1
218: 7 1
219: 706 1
220: 722 1
221: 724 1
222: 722 1
223: 720 1
224: 703 1
225: 648 1
226: 725 1
227: 722 1
228: 720 1
229: 722 1
230: 720 1
231: 722 1
232: 719 1
233: 664 1
234: 719 1
235: 725 1
236: 671 1
237: 721 1
238: 722 1
239: 703 1
240: 723 1
241: 612 1
242: 418 1
243: 720 1
244: 720 1
245: 722 1
246: 619 1
247: 211 1
248: 6 1
249: 725 1
250: 656 1
251: 670 1
252: 652 1
253: 342 1
254: 722 1
255: 718 1
256: 720 1
257: 722 1
258: 654 1
259: 722 1
260: 720 1
261: 544 1
262: 718 1
263: 17 1
264: 726 1
265: 133 1
266: 442 1
267: 203 1
268: 459 1
269: 628 1
270: 367 1
271: 0 1
272: 526 1
273: 172 1
274: 655 1
275: 705 1
276: 111 1
277: 37 1
278: 720 1
279: 593 1
280: 720 1
281: 669 1
282: 0 1
283: 0 1
284: 0 1
285: 0 1
286: 0 1
287: 189 1
288: 722 1
289: 0 1
290: 725 1
291: 249 1
292: 720 1
293: 379 1
294: 15 1
295: 0 1
296: 248 1
297: 0 1
298: 0 1
299: 270 1
300: 362 1
301: 0 1
302: 4 1
303: 0 1
304: 343 1
305: 0 1
306: 0 1
307: 0 1
308: 0 1
309: 72 1
310: 0 1
311: 1 1
312: 0 1
313: 0 1
314: 0 1
315: 0 1
316: 119 1
317: 0 1
318: 0 1
319: 0 1
320: 0 1
321: 0 1
322: 67 1
323: 0 1
324: 0 1
325: 0 1
326: 0 1
327: 687 1
328: 64 1
329: 0 1
330: 211 1
331: 0 1
332: 0 1
333: 725 1
334: 246 1
335: 0 1
336: 0 1
337: 0 1
338: 0 1
339: 0 1
340: 128 1
341: 0 1
342: 0 1
343: 0 1
344: 27 1
345: 0 1
346: 0 1
347: 694 1
348: 1 1
349: 191 1
350: 0 1
351: 0 1
352: 0 1
353: 9 1
354: 0 1
355: 39 1
356: 0 1
357: 0 1
358: 0 1
359: 5 1
360: 1 1
361: 0 1
362: 394 1
363: 8 1
364: 390 1
365: 154 1
366: 0 1
367: 0 1
368: 0 1
369: 36 1
370: 28 1
371: 0 1
372: 0 1
373: 0 1
374: 0 1
375: 0 1
376: 381 1
377: 3 1
378: 0 1
379: 536 1
380: 470 1
381: 2 1
382: 33 1
383: 612 1
384: 0 1
385: 0 1
386: 0 0
387: 0 0
388: 721 0
389: 717 0
390: 722 0
391: 721 0
392: 713 0
393: 703 0
394: 722 0
395: 722 0
396: 722 0
397: 719 0
398: 172 0
399: 123 0
400: 721 0
401: 96 0
402: 172 0
403: 702 0
404: 218 0
405: 0 0
406: 151 0
407: 0 0
408: 0 0
409: 695 0
410: 0 0
411: 674 0
412: 524 0
413: 226 0
414: 721 0
415: 77 0
416: 0 0
417: 551 0
418: 524 0
419: 58 0
420: 127 0
421: 117 0
422: 564 0
423: 622 0
424: 82 0
425: 0 0
426: 0 0
427: 0 0
428: 550 0
429: 351 0
430: 566 0
431: 0 0
432: 372 0
433: 0 0
434: 198 0
435: 167 0
436: 0 0
437: 722 0
438: 17 0
439: 573 0
440: 1 0
441: 604 0
442: 721 0
443: 3 0
444: 155 0
445: 100 0
446: 37 0
447: 1 0
448: 199 0
449: 0 0
450: 552 0
451: 0 0
452: 3 0
453: 679 0
454: 713 0
455: 405 0
456: 713 0
457: 6 0
458: 6 0
459: 21 0
460: 51 0
461: 67 0
462: 314 0
463: 267 0
464: 0 0
465: 37 0
466: 0 0
467: 580 0
468: 175 0
469: 703 0
470: 0 0
471: 187 0
472: 0 0
473: 199 0
474: 641 0
475: 114 0
476: 324 0
477: 6 0
478: 339 0
479: 6 0
480: 0 0
481: 0 0
482: 14 0
483: 0 0
484: 0 0
485: 290 0
486: 628 0
487: 514 0
488: 0 0
489: 13 0
490: 660 0
491: 577 0
492: 251 0
493: 508 0
494: 59 0
495: 590 0
496: 0 0
497: 39 0
498: 0 0
499: 0 0
500: 130 0
