1: 724 1
2: 695 1
3: 696 1
4: 717 1
5: 635 1
6: 209 1
7: 721 1
8: 216 1
9: 722 1
10: 722 1
11: 724 1
12: 723 1
13: 729 1
14: 721 1
15: 224 1
16: 712 1
17: 717 1
18: 722 1
19: 95 1
20: 720 1
21: 720 1
22: 469 1
23: 691 1
24: 714 1
25: 722 1
26: 719 1
27: 722 1
28: 723 1
29: 720 1
30: 636 1
31: 720 1
32: 696 1
33: 636 1
34: 539 1
35: 722 1
36: 722 1
37: 715 1
38: 724 1
39: 720 1
40: 720 1
41: 721 1
42: 720 1
43: 704 1
44: 722 1
45: 722 1
46: 716 1
47: 214 1
48: 325 1
49: 726 1
50: 720 1
51: 720 1
52: 720 1
53: 714 1
54: 722 1
55: 722 1
56: 722 1
57: 725 1
58: 726 1
59: 720 1
60: 720 1
61: 721 1
62: 171 1
63: 0 1
64: 713 1
65: 150 1
66: 665 1
67: 708 1
68: 722 1
69: 725 1
70: 726 1
71: 569 1
72: 720 1
73: 717 1
74: 715 1
75: 717 1
76: 690 1
77: 720 1
78: 712 1
79: 548 1
80: 725 1
81: 528 1
82: 240 1
83: 509 1
84: 603 1
85: 720 1
86: 581 1
87: 416 1
88: 722 1
89: 721 1
90: 725 1
91: 719 1
92: 719 1
93: 683 1
94: 718 1
95: 715 1
96: 721 1
97: 721 1
98: 674 1
99: 722 1
100: 0 1
101: 719 1
102: 710 1
103: 718 1
104: 287 1
105: 405 1
106: 137 1
107: 718 1
108: 127 1
109: 633 1
110: 718 1
111: 721 1
112: 718 1
113: 723 1
114: 653 1
115: 451 1
116: 460 1
117: 0 1
118: 720 1
119: 354 1
120: 700 1
121: 720 1
122: 298 1
123: 712 1
124: 544 1
125: 721 1
126: 712 1
127: 713 1
128: 3 1
129: 655 1
130: 703 1
131: 718 1
132: 0 1
133: 177 1
134: 166 1
135: 270 1
136: 590 1
137: 704 1
138: 596 1
139: 0 1
140: 714 1
141: 721 1
142: 231 1
143: 724 1
144: 434 1
145: 719 1
146: 721 1
147: 714 1
148: 383 1
149: 715 1
150: 721 1
151: 719 1
152: 721 1
153: 1 1
154: 680 0
155: 709 0
156: 720 0
157: 701 0
158: 683 0
159: 400 0
160: 42 0
161: 720 0
162: 720 0
163: 682 0
164: 657 0
165: 720 0
166: 0 0
167: 0 0
168: 68 0
169: 0 0
170: 711 0
171: 403 0
172: 503 0
173: 721 0
174: 574 0
175: 188 0
176: 705 0
177: 0 0
178: 207 0
179: 704 0
180: 283 0
181: 0 0
182: 666 0
183: 720 0
184: 604 0
185: 640 0
186: 699 0
187: 83 0
188: 663 0
189: 720 0
190: 720 0
191: 720 0
192: 427 0
193: 720 0
194: 478 0
195: 705 0
196: 716 0
197: 565 0
198: 204 0
199: 581 0
200: 701 0
201: 721 0
202: 663 0
203: 720 0
204: 629 0
205: 720 0
206: 720 0
207: 720 0
208: 0 0
209: 720 0
210: 720 0
211: 721 0
212: 718 0
213: 722 0
214: 720 0
215: 720 0
216: 702 0
217: 720 0
218: 719 0
219: 720 0
220: 532 0
221: 720 0
222: 709 0
223: 516 0
224: 721 0
225: 706 0
226: 720 0
227: 721 0
228: 712 0
229: 424 0
230: 721 0
231: 720 0
232: 720 0
233: 720 0
234: 720 0
235: 720 0
236: 721 0
237: 676 0
238: 720 0
239: 721 0
240: 720 0
241: 720 0
242: 720 0
243: 720 0
244: 720 0
245: 721 0
246: 720 0
247: 720 0
248: 721 0
249: 720 0
250: 633 0
251: 720 0
252: 720 0
253: 506 0
254: 701 0
255: 720 0
256: 536 0
257: 621 0
258: 498 0
259: 721 0
260: 721 0
261: 720 0
262: 721 0
263: 694 0
264: 721 0
265: 720 0
266: 720 0
267: 720 0
268: 721 0
269: 721 0
270: 720 0
271: 721 0
272: 721 0
273: 721 0
274: 721 0
275: 721 0
276: 720 0
277: 721 0
278: 721 0
279: 721 0
280: 720 0
281: 720 0
282: 721 0
283: 721 0
284: 721 0
285: 721 0
286: 294 0
287: 721 0
288: 718 0
289: 720 0
290: 672 0
291: 720 0
292: 720 0
293: 720 0
294: 721 0
295: 720 0
296: 721 0
297: 534 0
298: 720 0
299: 519 0
300: 714 0
301: 648 0
302: 313 0
303: 663 0
304: 389 0
305: 720 0
306: 720 0
307: 649 0
308: 137 0
309: 718 0
310: 721 0
311: 720 0
312: 695 0
313: 592 0
314: 721 0
315: 390 0
316: 139 0
317: 720 0
318: 720 0
319: 718 0
320: 720 0
321: 720 0
322: 720 0
323: 721 0
324: 720 0
325: 703 0
326: 7 0
327: 721 0
328: 720 0
329: 721 0
330: 721 0
331: 721 0
332: 701 0
333: 720 0
334: 721 0
335: 720 0
336: 720 0
337: 721 0
338: 696 0
339: 638 0
340: 720 0
341: 721 0
342: 721 0
343: 721 0
344: 721 0
345: 721 0
346: 720 0
347: 720 0
348: 720 0
349: 720 0
350: 720 0
351: 721 1
352: 721 1
353: 714 1
354: 719 1
355: 649 1
356: 660 1
357: 720 1
358: 719 1
359: 721 1
360: 718 1
361: 643 1
362: 719 1
363: 719 1
364: 715 1
365: 724 1
366: 721 1
367: 437 1
368: 281 1
369: 719 1
370: 721 1
371: 719 1
372: 723 1
373: 717 1
374: 725 1
375: 715 1
376: 719 1
377: 717 1
378: 718 1
379: 675 1
380: 719 1
381: 721 1
382: 718 1
383: 723 1
384: 715 1
385: 719 1
386: 721 1
387: 559 1
388: 721 1
389: 718 1
390: 521 1
391: 712 1
392: 721 1
393: 577 1
394: 721 1
395: 719 1
396: 655 1
397: 720 1
398: 719 1
399: 721 1
400: 719 1
401: 721 1
402: 714 1
403: 723 1
404: 119 1
405: 719 1
406: 721 1
407: 719 1
408: 723 1
409: 719 1
410: 722 1
411: 717 1
412: 725 1
413: 714 1
414: 721 1
415: 721 1
416: 719 1
417: 703 1
418: 719 1
419: 724 1
420: 714 1
421: 719 1
422: 720 1
423: 719 1
424: 721 1
425: 718 1
426: 714 1
427: 718 1
428: 721 1
429: 720 1
430: 149 1
431: 721 1
432: 719 1
433: 721 1
434: 718 1
435: 716 1
436: 720 1
437: 719 1
438: 721 1
439: 712 1
440: 720 1
441: 719 1
442: 721 1
443: 719 1
444: 721 1
445: 719 1
446: 721 1
447: 719 1
448: 722 1
449: 717 1
450: 726 1
451: 720 1
452: 719 1
453: 633 1
454: 715 1
455: 609 1
456: 719 1
457: 721 1
458: 676 1
459: 723 1
460: 719 1
461: 726 1
462: 719 1
463: 724 1
464: 714 1
465: 719 1
466: 720 1
467: 719 1
468: 722 1
469: 719 1
470: 721 1
471: 719 1
472: 725 1
473: 717 1
474: 560 1
475: 714 1
476: 719 1
477: 720 1
478: 719 1
479: 720 1
480: 671 1
481: 721 1
482: 714 1
483: 722 1
484: 720 1
485: 701 1
486: 721 1
487: 718 1
488: 719 1
489: 676 1
490: 719 1
491: 219 1
492: 705 1
493: 720 1
494: 719 1
495: 523 1
496: 719 1
497: 720 1
498: 719 1
499: 721 1
500: 718 1
