1: 1 0
2: 12 0
3: 68 0
4: 0 0
5: 0 0
6: 0 0
7: 1 0
8: 1 0
9: 0 0
10: 65 0
11: 0 0
12: 8 0
13: 0 0
14: 42 0
15: 0 0
16: 0 0
17: 0 0
18: 0 0
19: 56 0
20: 3 0
21: 0 0
22: 0 0
23: 0 1
24: 0 1
25: 0 1
26: 0 1
27: 0 1
28: 0 1
29: 0 1
30: 0 1
31: 0 1
32: 0 1
33: 0 1
34: 0 1
35: 0 1
36: 0 1
37: 30 1
38: 0 1
39: 0 1
40: 0 1
41: 0 1
42: 0 1
43: 0 1
44: 0 1
45: 0 1
46: 0 1
47: 0 1
48: 0 1
49: 0 1
50: 0 1
51: 0 1
52: 0 1
53: 0 1
54: 0 1
55: 0 1
56: 0 1
57: 0 1
58: 0 1
59: 0 1
60: 0 1
61: 0 1
62: 0 1
63: 0 1
64: 0 1
65: 0 1
66: 0 1
67: 0 1
68: 0 1
69: 0 1
70: 0 1
71: 0 1
72: 0 1
73: 0 1
74: 0 1
75: 0 1
76: 0 1
77: 0 1
78: 1 1
79: 0 1
80: 0 1
81: 0 1
82: 1 1
83: 1 1
84: 0 1
85: 0 1
86: 0 1
87: 0 1
88: 0 1
89: 0 1
90: 0 1
91: 0 1
92: 0 1
93: 0 1
94: 0 1
95: 0 1
96: 0 1
97: 0 1
98: 0 1
99: 0 1
100: 0 1
101: 0 1
102: 0 1
103: 0 1
104: 0 1
105: 0 1
106: 0 1
107: 0 1
108: 1 1
109: 0 1
110: 0 1
111: 0 1
112: 0 1
113: 0 1
114: 0 1
115: 0 1
116: 0 1
117: 0 1
118: 0 1
119: 0 1
120: 0 1
121: 0 1
122: 0 1
123: 0 1
124: 0 1
125: 0 1
126: 0 1
127: 0 1
128: 0 1
129: 3 1
130: 0 1
131: 0 1
132: 0 1
133: 0 1
134: 0 1
135: 0 1
136: 0 1
137: 0 1
138: 0 1
139: 0 1
140: 0 1
141: 0 1
142: 0 1
143: 0 1
144: 0 1
145: 0 1
146: 0 1
147: 0 1
148: 0 1
149: 0 1
150: 0 1
151: 0 1
152: 0 1
153: 0 1
154: 0 1
155: 0 1
156: 0 1
157: 0 1
158: 0 1
159: 0 1
160: 0 1
161: 0 1
162: 0 1
163: 0 1
164: 0 1
165: 0 1
166: 0 1
167: 41 1
168: 0 1
169: 0 1
170: 0 1
171: 0 1
172: 0 1
173: 0 1
174: 0 1
175: 0 1
176: 0 1
177: 0 1
178: 0 1
179: 0 1
180: 0 1
181: 0 1
182: 0 1
183: 0 1
184: 0 1
185: 0 1
186: 0 1
187: 0 1
188: 0 1
189: 0 1
190: 0 1
191: 0 1
192: 0 1
193: 0 1
194: 0 1
195: 0 1
196: 0 1
197: 0 1
198: 0 1
199: 0 1
200: 0 1
201: 0 1
202: 0 1
203: 0 1
204: 0 1
205: 0 1
206: 0 1
207: 0 1
208: 0 1
209: 0 1
210: 0 1
211: 0 1
212: 0 1
213: 0 1
214: 0 1
215: 0 1
216: 0 1
217: 0 1
218: 0 1
219: 0 1
220: 0 1
221: 0 1
222: 0 1
223: 0 1
224: 23 1
225: 0 1
226: 0 1
227: 0 1
228: 0 1
229: 0 0
230: 0 0
231: 0 0
232: 0 0
233: 0 0
234: 0 0
235: 0 0
236: 0 0
237: 0 0
238: 0 0
239: 0 0
240: 0 0
241: 0 0
242: 0 0
243: 0 0
244: 0 0
245: 0 0
246: 0 0
247: 0 0
248: 0 0
249: 0 0
250: 0 0
251: 0 0
252: 0 0
253: 0 0
254: 0 0
255: 0 0
256: 0 0
257: 0 0
258: 0 0
259: 0 0
260: 0 0
261: 0 0
262: 0 0
263: 0 0
264: 0 0
265: 0 0
266: 0 0
267: 0 0
268: 0 0
269: 0 0
270: 0 0
271: 0 0
272: 0 0
273: 0 0
274: 85 0
275: 0 0
276: 0 0
277: 0 0
278: 0 0
279: 0 0
280: 0 0
281: 0 0
282: 0 0
283: 0 0
284: 0 0
285: 0 0
286: 1 0
287: 21 0
288: 0 0
289: 0 0
290: 0 0
291: 0 0
292: 0 0
293: 70 0
294: 3 0
295: 7 0
296: 0 0
297: 0 0
298: 1 0
299: 0 0
300: 0 0
301: 0 0
302: 18 0
303: 8 0
304: 24 0
305: 15 0
306: 41 0
307: 30 0
308: 19 0
309: 0 0
310: 0 0
311: 0 0
312: 1 0
313: 2 0
314: 0 0
315: 1 0
316: 0 0
317: 5 0
318: 0 0
319: 0 0
320: 35 0
321: 0 0
322: 0 0
323: 49 0
324: 9 0
325: 0 0
326: 0 0
327: 0 0
328: 0 0
329: 83 0
330: 0 0
331: 34 0
332: 0 0
333: 36 0
334: 31 0
335: 2 0
336: 0 0
337: 0 0
338: 28 0
339: 30 0
340: 1 0
341: 1 0
342: 0 0
343: 93 0
344: 0 0
345: 0 0
346: 10 0
347: 0 0
348: 0 0
349: 0 0
350: 0 0
351: 0 0
352: 11 0
353: 0 0
354: 0 0
355: 0 0
356: 0 0
357: 18 0
358: 32 0
359: 0 0
360: 0 0
361: 0 0
362: 0 0
363: 2 0
364: 0 0
365: 0 0
366: 0 0
367: 5 0
368: 1 0
369: 1 0
370: 8 0
371: 3 0
372: 0 0
373: 0 0
374: 2 0
375: 1 0
376: 0 0
377: 1 0
378: 5 0
379: 1 0
380: 2 0
381: 44 0
382: 7 0
383: 7 0
384: 7 0
385: 43 0
386: 0 0
387: 0 0
388: 0 0
389: 7 0
390: 2 0
391: 11 0
392: 22 0
393: 1 0
394: 44 0
395: 0 0
396: 23 0
397: 3 0
398: 0 0
399: 3 0
400: 8 0
401: 0 0
402: 0 0
403: 3 0
404: 1 0
405: 0 0
406: 11 0
407: 0 0
408: 0 0
409: 6 0
410: 1 0
411: 17 0
412: 0 0
413: 0 0
414: 0 0
415: 53 0
416: 0 0
417: 0 0
418: 7 0
419: 0 0
420: 5 0
421: 7 0
422: 0 0
423: 0 0
424: 3 0
425: 5 0
426: 21 0
427: 0 0
428: 0 0
429: 3 0
430: 1 0
431: 1 0
432: 0 0
433: 0 0
434: 5 1
435: 47 1
436: 5 1
437: 5 1
438: 61 1
439: 0 1
440: 24 1
441: 0 1
442: 15 1
443: 4 1
444: 0 1
445: 35 1
446: 11 1
447: 0 1
448: 0 1
449: 3 1
450: 0 1
451: 0 1
452: 73 1
453: 21 1
454: 5 1
455: 16 1
456: 50 1
457: 0 1
458: 0 1
459: 1 1
460: 0 1
461: 6 1
462: 52 1
463: 39 1
464: 30 1
465: 0 1
466: 0 1
467: 1 1
468: 1 1
469: 1 1
470: 1 1
471: 8 1
472: 0 1
473: 0 1
474: 3 1
475: 0 1
476: 13 1
477: 11 1
478: 31 1
479: 0 1
480: 0 1
481: 6 1
482: 46 1
483: 30 1
484: 0 1
485: 0 1
486: 12 1
487: 2 1
488: 0 1
489: 0 1
490: 25 1
491: 0 1
492: 5 1
493: 51 1
494: 8 1
495: 4 1
496: 0 1
497: 1 1
498: 0 1
499: 0 1
500: 8 1
