1: 249 1
2: 715 1
3: 43 1
4: 504 1
5: 0 1
6: 687 1
7: 0 1
8: 23 1
9: 0 1
10: 0 1
11: 0 1
12: 0 1
13: 0 1
14: 0 1
15: 0 1
16: 0 1
17: 0 1
18: 0 1
19: 0 1
20: 0 1
21: 0 1
22: 0 1
23: 0 1
24: 0 1
25: 0 1
26: 524 1
27: 0 1
28: 0 1
29: 11 1
30: 0 1
31: 312 1
32: 0 1
33: 104 1
34: 0 1
35: 0 1
36: 0 1
37: 0 1
38: 24 1
39: 0 1
40: 0 1
41: 0 1
42: 0 1
43: 0 1
44: 23 1
45: 0 1
46: 28 1
47: 0 1
48: 0 1
49: 0 1
50: 0 1
51: 0 1
52: 0 1
53: 0 1
54: 690 1
55: 17 1
56: 68 1
57: 0 1
58: 438 1
59: 121 1
60: 0 1
61: 0 1
62: 336 1
63: 0 1
64: 0 1
65: 278 1
66: 64 1
67: 0 1
68: 0 1
69: 548 1
70: 0 1
71: 0 1
72: 0 1
73: 488 1
74: 0 1
75: 304 1
76: 0 1
77: 0 1
78: 0 1
79: 0 1
80: 554 1
81: 0 1
82: 0 1
83: 0 1
84: 30 1
85: 716 1
86: 41 1
87: 0 1
88: 0 1
89: 172 1
90: 0 1
91: 24 1
92: 0 1
93: 145 1
94: 0 1
95: 18 1
96: 0 1
97: 0 1
98: 0 1
99: 5 1
100: 132 1
101: 697 1
102: 0 1
103: 0 1
104: 0 1
105: 0 1
106: 4 1
107: 0 1
108: 0 1
109: 719 1
110: 53 1
111: 197 1
112: 215 1
113: 214 1
114: 130 1
115: 0 1
116: 195 1
117: 627 1
118: 561 1
119: 320 1
120: 0 1
121: 719 1
122: 0 1
123: 0 1
124: 343 1
125: 391 1
126: 23 0
127: 0 0
128: 0 0
129: 705 0
130: 222 0
131: 0 0
132: 0 0
133: 0 0
134: 0 0
135: 661 0
136: 0 0
137: 11 0
138: 237 0
139: 211 0
140: 0 0
141: 0 0
142: 0 0
143: 428 0
144: 350 0
145: 464 0
146: 612 0
147: 259 0
148: 0 0
149: 559 0
150: 341 0
151: 718 0
152: 718 0
153: 0 0
154: 138 0
155: 658 0
156: 715 0
157: 515 0
158: 8 0
159: 717 0
160: 503 0
161: 0 0
162: 0 0
163: 0 0
164: 68 0
165: 320 0
166: 49 0
167: 238 0
168: 678 0
169: 175 0
170: 340 0
171: 320 0
172: 0 0
173: 0 0
174: 208 0
175: 351 0
176: 0 0
177: 4 0
178: 30 0
179: 121 0
180: 512 0
181: 513 0
182: 717 0
183: 0 0
184: 0 0
185: 376 0
186: 565 0
187: 0 0
188: 0 0
189: 0 0
190: 0 0
191: 495 0
192: 13 0
193: 0 0
194: 0 0
195: 501 0
196: 718 0
197: 718 0
198: 718 0
199: 718 0
200: 635 0
201: 706 0
202: 718 0
203: 24 0
204: 0 0
205: 261 0
206: 7 0
207: 8 0
208: 0 0
209: 708 0
210: 77 0
211: 49 0
212: 63 0
213: 0 0
214: 717 0
215: 22 0
216: 0 0
217: 0 0
218: 194 0
219: 138 0
220: 718 0
221: 718 0
222: 0 0
223: 209 0
224: 0 0
225: 0 0
226: 0 0
227: 0 0
228: 0 0
229: 0 0
230: 0 0
231: 0 0
232: 0 0
233: 137 0
234: 147 0
235: 452 0
236: 43 0
237: 0 0
238: 258 0
239: 0 0
240: 83 0
241: 0 0
242: 31 0
243: 608 0
244: 5 0
245: 67 0
246: 341 0
247: 329 0
248: 0 0
249: 83 0
250: 70 0
251: 0 0
252: 0 0
253: 19 0
254: 0 0
255: 0 0
256: 278 0
257: 247 0
258: 718 0
259: 150 0
260: 672 0
261: 582 0
262: 588 0
263: 582 0
264: 718 0
265: 701 0
266: 681 0
267: 678 0
268: 682 0
269: 113 0
270: 718 0
271: 510 0
272: 718 0
273: 522 0
274: 718 0
275: 718 0
276: 666 0
277: 718 0
278: 719 0
279: 718 0
280: 718 0
281: 608 0
282: 720 0
283: 720 0
284: 505 0
285: 644 0
286: 622 0
287: 719 0
288: 719 0
289: 294 0
290: 718 0
291: 718 0
292: 308 0
293: 719 0
294: 718 0
295: 718 0
296: 718 0
297: 719 0
298: 709 0
299: 718 0
300: 718 0
301: 718 0
302: 716 0
303: 718 0
304: 718 0
305: 718 0
306: 702 0
307: 718 0
308: 0 0
309: 447 0
310: 718 0
311: 718 0
312: 718 0
313: 718 0
314: 649 0
315: 718 0
316: 713 0
317: 718 0
318: 631 0
319: 692 0
320: 718 0
321: 455 0
322: 591 0
323: 491 0
324: 616 0
325: 718 0
326: 717 1
327: 719 1
328: 711 1
329: 714 1
330: 716 1
331: 722 1
332: 703 1
333: 711 1
334: 711 1
335: 717 1
336: 718 1
337: 717 1
338: 718 1
339: 716 1
340: 719 1
341: 665 1
342: 373 1
343: 429 1
344: 718 1
345: 719 1
346: 716 1
347: 702 1
348: 716 1
349: 722 1
350: 716 1
351: 684 1
352: 712 1
353: 719 1
354: 336 1
355: 589 1
356: 718 1
357: 712 1
358: 53 1
359: 719 1
360: 716 1
361: 720 1
362: 700 1
363: 435 1
364: 673 1
365: 446 1
366: 718 1
367: 716 1
368: 718 1
369: 668 1
370: 722 1
371: 471 1
372: 554 1
373: 719 1
374: 717 1
375: 721 1
376: 718 1
377: 720 1
378: 718 1
379: 725 1
380: 717 1
381: 712 1
382: 718 1
383: 711 1
384: 718 1
385: 718 1
386: 718 1
387: 679 1
388: 718 1
389: 682 1
390: 703 1
391: 689 1
392: 719 1
393: 31 1
394: 718 1
395: 716 1
396: 717 1
397: 373 1
398: 718 1
399: 716 1
400: 718 1
401: 716 1
402: 718 1
403: 716 1
404: 720 1
405: 326 1
406: 717 1
407: 718 1
408: 717 1
409: 41 1
410: 719 1
411: 716 1
412: 718 1
413: 624 1
414: 720 1
415: 3 1
416: 661 1
417: 716 1
418: 423 1
419: 718 1
420: 716 1
421: 719 1
422: 712 1
423: 717 1
424: 718 1
425: 717 1
426: 719 1
427: 353 1
428: 712 1
429: 660 1
430: 649 1
431: 716 1
432: 719 1
433: 613 1
434: 716 1
435: 353 1
436: 512 1
437: 715 1
438: 463 1
439: 718 1
440: 587 1
441: 722 1
442: 553 1
443: 466 1
444: 714 1
445: 596 1
446: 175 1
447: 704 1
448: 379 1
449: 716 1
450: 718 1
451: 661 1
452: 722 1
453: 718 1
454: 716 1
455: 718 1
456: 717 1
457: 718 1
458: 492 1
459: 451 1
460: 683 1
461: 447 1
462: 474 1
463: 719 1
464: 714 1
465: 722 1
466: 718 1
467: 717 1
468: 718 1
469: 717 1
470: 718 1
471: 335 1
472: 118 1
473: 702 1
474: 722 1
475: 718 1
476: 631 1
477: 129 1
478: 16 1
479: 476 1
480: 438 1
481: 716 1
482: 61 1
483: 716 1
484: 674 1
485: 716 1
486: 714 1
487: 320 1
488: 560 1
489: 715 1
490: 718 1
491: 566 1
492: 554 1
493: 250 1
494: 291 1
495: 616 1
496: 47 1
497: 120 1
498: 686 1
499: 716 1
500: 335 1
