1: 0 0
2: 442 0
3: 697 0
4: 507 0
5: 721 0
6: 720 0
7: 721 0
8: 720 0
9: 720 0
10: 721 0
11: 719 0
12: 722 0
13: 722 0
14: 720 0
15: 718 0
16: 721 0
17: 720 0
18: 720 0
19: 508 0
20: 711 0
21: 721 0
22: 721 0
23: 721 0
24: 720 0
25: 721 0
26: 721 0
27: 721 0
28: 720 0
29: 721 0
30: 721 0
31: 721 0
32: 721 0
33: 721 0
34: 721 0
35: 721 0
36: 720 0
37: 721 0
38: 720 0
39: 721 0
40: 721 0
41: 706 0
42: 719 0
43: 720 0
44: 721 0
45: 721 0
46: 721 0
47: 0 0
48: 720 0
49: 720 0
50: 721 0
51: 721 0
52: 721 0
53: 721 0
54: 674 0
55: 613 0
56: 2 0
57: 720 0
58: 153 0
59: 721 0
60: 721 0
61: 652 0
62: 481 0
63: 720 0
64: 721 0
65: 443 0
66: 721 0
67: 720 0
68: 721 0
69: 718 0
70: 720 0
71: 721 0
72: 100 0
73: 714 0
74: 678 0
75: 720 0
76: 720 0
77: 718 0
78: 720 0
79: 720 0
80: 722 1
81: 721 1
82: 687 1
83: 719 1
84: 719 1
85: 719 1
86: 676 1
87: 718 1
88: 624 1
89: 720 1
90: 684 1
91: 699 1
92: 725 1
93: 719 1
94: 719 1
95: 719 1
96: 718 1
97: 524 1
98: 721 1
99: 720 1
100: 719 1
101: 639 1
102: 718 1
103: 721 1
104: 714 1
105: 601 1
106: 720 1
107: 719 1
108: 719 1
109: 57 1
110: 691 1
111: 719 1
112: 715 1
113: 521 1
114: 590 1
115: 719 1
116: 720 1
117: 719 1
118: 712 1
119: 338 1
120: 720 1
121: 719 1
122: 725 1
123: 720 1
124: 719 1
125: 721 1
126: 721 1
127: 721 1
128: 714 1
129: 719 1
130: 721 1
131: 660 1
132: 721 1
133: 695 1
134: 675 1
135: 676 1
136: 722 1
137: 109 1
138: 721 1
139: 714 1
140: 719 1
141: 609 1
142: 721 1
143: 719 1
144: 689 1
145: 718 1
146: 721 1
147: 714 1
148: 723 1
149: 720 1
150: 724 1
151: 686 1
152: 572 1
153: 711 1
154: 689 1
155: 720 1
156: 628 1
157: 725 1
158: 720 1
159: 666 1
160: 721 1
161: 719 1
162: 695 1
163: 648 1
164: 719 1
165: 715 1
166: 719 1
167: 721 1
168: 712 1
169: 721 1
170: 714 1
171: 719 1
172: 720 1
173: 718 1
174: 291 1
175: 588 1
176: 723 1
177: 643 1
178: 719 1
179: 721 1
180: 165 1
181: 721 1
182: 719 1
183: 725 1
184: 619 1
185: 719 1
186: 720 1
187: 719 1
188: 721 1
189: 718 1
190: 725 1
191: 716 1
192: 719 1
193: 715 1
194: 715 1
195: 706 1
196: 425 1
197: 696 1
198: 719 1
199: 721 1
200: 719 1
201: 722 1
202: 716 1
203: 648 1
204: 720 1
205: 719 1
206: 700 1
207: 714 1
208: 723 1
209: 720 1
210: 719 1
211: 720 1
212: 719 1
213: 709 1
214: 719 1
215: 719 1
216: 614 1
217: 720 1
218: 718 1
219: 721 1
220: 689 1
221: 192 1
222: 720 1
223: 539 1
224: 721 1
225: 716 1
226: 723 1
227: 715 1
228: 725 1
229: 716 1
230: 719 1
231: 714 1
232: 719 1
233: 721 1
234: 719 1
235: 722 1
236: 719 1
237: 723 1
238: 716 1
239: 673 1
240: 722 1
241: 720 1
242: 722 1
243: 720 1
244: 722 1
245: 544 1
246: 723 1
247: 722 1
248: 721 1
249: 722 1
250: 720 1
251: 726 1
252: 716 1
253: 289 1
254: 722 1
255: 721 1
256: 722 1
257: 627 1
258: 722 1
259: 720 1
260: 725 1
261: 720 1
262: 721 1
263: 722 1
264: 720 1
265: 725 1
266: 722 1
267: 720 1
268: 722 1
269: 722 1
270: 722 1
271: 718 1
272: 722 1
273: 722 1
274: 722 1
275: 722 1
276: 720 1
277: 721 0
278: 722 0
279: 722 0
280: 722 0
281: 722 0
282: 722 0
283: 722 0
284: 721 0
285: 721 0
286: 722 0
287: 721 0
288: 124 0
289: 721 0
290: 722 0
291: 721 0
292: 717 0
293: 722 0
294: 722 0
295: 722 0
296: 105 0
297: 15 0
298: 650 0
299: 708 0
300: 706 0
301: 713 0
302: 522 0
303: 721 0
304: 722 0
305: 721 0
306: 714 0
307: 722 0
308: 722 0
309: 722 0
310: 721 0
311: 721 0
312: 722 0
313: 722 0
314: 722 0
315: 721 0
316: 722 0
317: 721 0
318: 722 0
319: 722 0
320: 722 0
321: 722 0
322: 721 0
323: 722 0
324: 722 0
325: 721 0
326: 721 0
327: 722 0
328: 717 0
329: 721 0
330: 722 0
331: 721 0
332: 721 0
333: 722 0
334: 722 0
335: 722 0
336: 722 0
337: 660 0
338: 722 0
339: 722 0
340: 722 0
341: 723 0
342: 654 0
343: 722 0
344: 710 0
345: 720 0
346: 720 0
347: 721 0
348: 702 0
349: 722 0
350: 722 0
351: 722 0
352: 722 0
353: 722 0
354: 722 0
355: 695 0
356: 705 0
357: 722 0
358: 722 0
359: 721 0
360: 722 0
361: 721 0
362: 710 0
363: 721 0
364: 722 0
365: 722 0
366: 0 0
367: 682 0
368: 721 0
369: 496 0
370: 721 0
371: 721 0
372: 722 0
373: 722 0
374: 721 0
375: 628 0
376: 722 0
377: 721 0
378: 319 0
379: 647 0
380: 721 0
381: 721 0
382: 722 0
383: 722 0
384: 521 0
385: 721 0
386: 722 0
387: 721 0
388: 721 0
389: 721 0
390: 0 0
391: 628 0
392: 721 0
393: 722 0
394: 722 0
395: 721 0
396: 561 0
397: 503 0
398: 720 0
399: 721 0
400: 722 0
401: 722 0
402: 722 0
403: 721 0
404: 722 0
405: 722 0
406: 722 0
407: 721 0
408: 722 0
409: 722 0
410: 722 0
411: 722 0
412: 722 0
413: 721 0
414: 722 0
415: 722 0
416: 722 0
417: 722 0
418: 685 0
419: 475 0
420: 713 0
421: 721 0
422: 722 0
423: 0 0
424: 722 0
425: 722 0
426: 708 0
427: 722 0
428: 722 0
429: 674 0
430: 722 0
431: 722 0
432: 722 0
433: 721 0
434: 712 0
435: 722 0
436: 722 0
437: 722 0
438: 722 0
439: 722 0
440: 722 0
441: 722 0
442: 722 0
443: 722 0
444: 722 0
445: 722 0
446: 722 0
447: 722 0
448: 549 0
449: 722 0
450: 713 0
451: 722 0
452: 722 0
453: 691 0
454: 722 0
455: 722 0
456: 722 0
457: 722 0
458: 722 0
459: 722 0
460: 722 0
461: 722 0
462: 722 0
463: 722 0
464: 722 0
465: 722 0
466: 722 0
467: 722 0
468: 722 0
469: 722 0
470: 722 0
471: 722 0
472: 722 0
473: 722 0
474: 718 0
475: 720 1
476: 722 1
477: 720 1
478: 669 1
479: 719 1
480: 719 1
481: 722 1
482: 720 1
483: 590 1
484: 716 1
485: 726 1
486: 718 1
487: 720 1
488: 722 1
489: 720 1
490: 722 1
491: 720 1
492: 726 1
493: 719 1
494: 721 1
495: 722 1
496: 285 1
497: 722 1
498: 717 1
499: 723 1
500: 0 1
