1: 721 0
2: 721 0
3: 722 0
4: 721 0
5: 721 0
6: 720 0
7: 721 0
8: 721 0
9: 721 0
10: 721 0
11: 721 0
12: 723 0
13: 723 0
14: 721 0
15: 721 0
16: 721 0
17: 721 0
18: 721 0
19: 721 0
20: 721 0
21: 721 0
22: 721 0
23: 721 0
24: 721 0
25: 721 0
26: 721 0
27: 721 0
28: 721 0
29: 721 0
30: 721 0
31: 721 0
32: 721 0
33: 721 0
34: 721 0
35: 721 0
36: 721 0
37: 721 0
38: 721 0
39: 721 0
40: 721 0
41: 721 0
42: 720 0
43: 721 0
44: 720 0
45: 720 0
46: 721 0
47: 721 0
48: 721 0
49: 720 0
50: 720 0
51: 721 0
52: 721 0
53: 720 0
54: 721 0
55: 721 0
56: 721 0
57: 721 0
58: 721 0
59: 720 0
60: 721 0
61: 720 0
62: 721 0
63: 720 0
64: 720 0
65: 721 0
66: 721 0
67: 720 0
68: 720 0
69: 721 0
70: 720 0
71: 720 0
72: 720 0
73: 720 0
74: 720 0
75: 721 0
76: 720 0
77: 720 0
78: 721 0
79: 720 0
80: 721 0
81: 720 0
82: 720 0
83: 720 0
84: 721 0
85: 721 0
86: 722 0
87: 720 0
88: 720 0
89: 721 0
90: 720 0
91: 721 0
92: 720 0
93: 720 0
94: 720 0
95: 721 0
96: 721 0
97: 720 0
98: 720 0
99: 720 0
100: 720 0
101: 720 0
102: 720 0
103: 720 0
104: 720 0
105: 720 0
106: 720 0
107: 720 0
108: 720 0
109: 720 0
110: 720 0
111: 720 0
112: 721 0
113: 720 0
114: 720 0
115: 720 0
116: 720 0
117: 720 0
118: 720 0
119: 721 0
120: 720 0
121: 721 0
122: 720 0
123: 720 0
124: 720 0
125: 721 0
126: 720 0
127: 720 0
128: 720 0
129: 720 0
130: 720 0
131: 720 0
132: 721 0
133: 720 0
134: 720 0
135: 720 0
136: 720 0
137: 720 0
138: 720 0
139: 720 0
140: 720 0
141: 720 0
142: 720 0
143: 721 0
144: 721 0
145: 721 0
146: 720 0
147: 721 0
148: 720 0
149: 720 0
150: 720 0
151: 720 0
152: 720 0
153: 720 0
154: 720 0
155: 721 0
156: 720 0
157: 720 0
158: 721 0
159: 720 0
160: 720 0
161: 720 0
162: 720 0
163: 721 0
164: 720 0
165: 720 0
166: 720 0
167: 722 0
168: 720 0
169: 720 0
170: 721 0
171: 720 0
172: 720 0
173: 721 0
174: 720 0
175: 720 0
176: 720 0
177: 720 0
178: 720 0
179: 720 0
180: 720 0
181: 720 0
182: 721 0
183: 720 0
184: 720 0
185: 720 0
186: 720 0
187: 721 1
188: 718 1
189: 721 1
190: 714 1
191: 724 1
192: 720 1
193: 719 1
194: 720 1
195: 719 1
196: 721 1
197: 719 1
198: 720 1
199: 718 1
200: 721 1
201: 718 1
202: 719 1
203: 720 1
204: 718 1
205: 723 1
206: 716 1
207: 719 1
208: 721 1
209: 719 1
210: 721 1
211: 719 1
212: 721 1
213: 716 1
214: 725 1
215: 721 1
216: 719 1
217: 720 1
218: 719 1
219: 721 1
220: 716 1
221: 725 1
222: 715 1
223: 722 1
224: 721 1
225: 719 1
226: 721 1
227: 719 1
228: 720 1
229: 719 1
230: 720 1
231: 718 1
232: 721 1
233: 715 1
234: 719 1
235: 720 1
236: 719 1
237: 721 1
238: 719 1
239: 721 1
240: 718 1
241: 721 1
242: 719 1
243: 723 1
244: 717 1
245: 725 1
246: 718 1
247: 724 1
248: 722 1
249: 719 1
250: 721 1
251: 719 1
252: 726 1
253: 715 1
254: 719 1
255: 720 1
256: 719 1
257: 720 1
258: 719 1
259: 720 1
260: 718 1
261: 720 1
262: 715 1
263: 719 1
264: 720 1
265: 719 1
266: 720 1
267: 718 1
268: 721 1
269: 716 1
270: 725 1
271: 721 1
272: 719 1
273: 720 1
274: 719 1
275: 720 1
276: 719 1
277: 720 1
278: 719 1
279: 721 1
280: 718 1
281: 721 1
282: 717 1
283: 725 1
284: 720 1
285: 719 1
286: 721 1
287: 718 1
288: 721 1
289: 718 1
290: 724 1
291: 719 1
292: 723 1
293: 715 1
294: 725 1
295: 716 1
296: 719 1
297: 720 1
298: 719 1
299: 721 1
300: 719 1
301: 721 1
302: 717 1
303: 719 1
304: 720 1
305: 719 1
306: 720 1
307: 719 1
308: 720 1
309: 719 1
310: 720 1
311: 719 1
312: 720 1
313: 718 1
314: 721 1
315: 718 1
316: 722 1
317: 720 1
318: 719 1
319: 720 1
320: 719 1
321: 721 1
322: 720 1
323: 721 1
324: 720 1
325: 719 1
326: 721 1
327: 718 1
328: 724 1
329: 715 1
330: 719 1
331: 721 1
332: 719 1
333: 721 1
334: 719 1
335: 721 1
336: 719 1
337: 724 1
338: 715 1
339: 719 1
340: 716 1
341: 719 1
342: 720 1
343: 719 1
344: 721 1
345: 718 1
346: 721 1
347: 714 1
348: 719 1
349: 720 1
350: 719 1
351: 721 1
352: 718 1
353: 720 1
354: 718 1
355: 720 1
356: 715 1
357: 722 1
358: 720 1
359: 719 1
360: 720 1
361: 722 1
362: 721 1
363: 719 1
364: 721 1
365: 718 1
366: 724 1
367: 720 1
368: 719 1
369: 720 1
370: 719 1
371: 721 1
372: 718 1
373: 720 1
374: 718 1
375: 720 1
376: 719 1
377: 721 1
378: 719 1
379: 721 1
380: 718 1
381: 725 1
382: 718 1
383: 719 1
384: 720 0
385: 720 0
386: 720 0
387: 721 0
388: 720 0
389: 720 0
390: 720 0
391: 720 0
392: 720 0
393: 720 0
394: 720 0
395: 720 0
396: 721 0
397: 720 0
398: 720 0
399: 720 0
400: 720 0
401: 720 0
402: 720 0
403: 720 0
404: 720 0
405: 720 0
406: 720 0
407: 720 0
408: 720 0
409: 720 0
410: 722 0
411: 722 0
412: 721 0
413: 721 0
414: 721 0
415: 722 0
416: 722 0
417: 722 0
418: 721 0
419: 721 0
420: 721 0
421: 721 0
422: 722 0
423: 721 0
424: 722 0
425: 722 0
426: 722 0
427: 722 0
428: 721 0
429: 722 0
430: 722 0
431: 722 0
432: 721 0
433: 722 0
434: 721 0
435: 721 0
436: 722 0
437: 721 0
438: 722 0
439: 721 0
440: 721 0
441: 721 0
442: 722 0
443: 722 0
444: 722 0
445: 721 0
446: 721 0
447: 721 0
448: 722 0
449: 721 0
450: 721 0
451: 722 0
452: 721 0
453: 721 0
454: 722 0
455: 722 0
456: 722 0
457: 721 0
458: 722 0
459: 721 0
460: 722 0
461: 722 0
462: 722 0
463: 721 0
464: 722 0
465: 722 0
466: 721 0
467: 722 0
468: 722 0
469: 721 0
470: 722 0
471: 722 0
472: 721 0
473: 721 0
474: 722 0
475: 722 0
476: 721 0
477: 722 0
478: 722 0
479: 721 0
480: 722 0
481: 721 0
482: 721 0
483: 722 0
484: 721 0
485: 721 0
486: 721 0
487: 721 0
488: 722 0
489: 721 0
490: 721 0
491: 722 0
492: 722 0
493: 721 0
494: 722 0
495: 721 0
496: 722 0
497: 722 0
498: 721 0
499: 722 0
500: 722 0
