1: 0 1
2: 492 1
3: 200 1
4: 130 1
5: 0 1
6: 413 1
7: 711 1
8: 638 1
9: 712 1
10: 17 1
11: 724 1
12: 678 1
13: 721 1
14: 709 1
15: 718 1
16: 720 1
17: 3 1
18: 0 1
19: 505 1
20: 2 1
21: 50 1
22: 617 1
23: 314 1
24: 35 1
25: 298 1
26: 0 1
27: 20 1
28: 141 1
29: 175 1
30: 346 1
31: 14 1
32: 716 1
33: 685 1
34: 713 1
35: 719 1
36: 0 1
37: 168 1
38: 215 1
39: 443 1
40: 504 1
41: 286 1
42: 717 1
43: 0 1
44: 712 1
45: 481 1
46: 449 1
47: 137 1
48: 568 1
49: 0 1
50: 720 1
51: 453 1
52: 148 1
53: 718 1
54: 695 1
55: 0 1
56: 7 1
57: 692 1
58: 222 1
59: 720 1
60: 717 1
61: 544 1
62: 451 1
63: 473 1
64: 718 1
65: 717 1
66: 258 1
67: 717 1
68: 518 1
69: 350 1
70: 342 1
71: 664 1
72: 333 1
73: 163 1
74: 0 1
75: 635 1
76: 662 1
77: 700 1
78: 718 1
79: 718 1
80: 711 1
81: 681 1
82: 682 1
83: 719 1
84: 720 1
85: 719 1
86: 725 1
87: 718 1
88: 0 1
89: 484 1
90: 667 1
91: 717 1
92: 25 0
93: 567 0
94: 401 0
95: 636 0
96: 349 0
97: 660 0
98: 0 0
99: 0 0
100: 515 0
101: 9 0
102: 570 0
103: 710 0
104: 708 0
105: 146 0
106: 627 0
107: 409 0
108: 619 0
109: 718 0
110: 69 0
111: 229 0
112: 668 0
113: 666 0
114: 719 0
115: 719 0
116: 719 0
117: 719 0
118: 719 0
119: 719 0
120: 719 0
121: 719 0
122: 719 0
123: 719 0
124: 720 0
125: 220 0
126: 16 0
127: 718 0
128: 300 0
129: 66 0
130: 0 0
131: 719 0
132: 512 0
133: 710 0
134: 0 0
135: 719 0
136: 145 0
137: 433 0
138: 211 0
139: 0 0
140: 95 0
141: 0 0
142: 0 0
143: 0 0
144: 0 0
145: 4 0
146: 0 0
147: 485 0
148: 0 0
149: 0 0
150: 155 0
151: 174 0
152: 663 0
153: 101 0
154: 0 0
155: 0 0
156: 708 0
157: 0 0
158: 171 0
159: 0 0
160: 47 0
161: 0 0
162: 0 0
163: 55 0
164: 0 0
165: 711 0
166: 0 0
167: 0 0
168: 93 0
169: 101 0
170: 713 0
171: 720 0
172: 357 0
173: 513 0
174: 600 0
175: 0 0
176: 0 0
177: 719 0
178: 662 0
179: 705 0
180: 3 0
181: 629 0
182: 47 0
183: 0 0
184: 720 0
185: 0 0
186: 699 0
187: 719 0
188: 0 0
189: 0 0
190: 405 0
191: 22 0
192: 634 0
193: 419 0
194: 0 0
195: 0 0
196: 0 0
197: 0 0
198: 259 0
199: 692 0
200: 0 0
201: 593 0
202: 0 0
203: 686 0
204: 438 0
205: 77 0
206: 719 0
207: 0 0
208: 177 0
209: 273 0
210: 719 0
211: 719 0
212: 0 0
213: 147 0
214: 0 0
215: 99 0
216: 0 0
217: 0 0
218: 0 0
219: 0 0
220: 5 0
221: 0 0
222: 287 0
223: 212 0
224: 290 0
225: 12 0
226: 0 0
227: 0 0
228: 1 0
229: 499 0
230: 379 0
231: 719 0
232: 716 0
233: 333 0
234: 288 0
235: 0 0
236: 376 0
237: 246 0
238: 0 0
239: 527 0
240: 336 0
241: 115 0
242: 669 0
243: 719 0
244: 718 0
245: 249 0
246: 353 0
247: 505 0
248: 606 0
249: 271 0
250: 1 0
251: 441 0
252: 241 0
253: 13 0
254: 719 0
255: 720 0
256: 0 0
257: 0 0
258: 30 0
259: 717 0
260: 0 0
261: 438 0
262: 35 0
263: 667 0
264: 713 0
265: 5 0
266: 576 0
267: 215 0
268: 562 0
269: 203 0
270: 425 0
271: 716 0
272: 597 0
273: 64 0
274: 0 0
275: 277 0
276: 719 0
277: 189 0
278: 20 0
279: 0 0
280: 0 0
281: 0 0
282: 719 0
283: 0 0
284: 108 0
285: 566 0
286: 673 0
287: 351 0
288: 704 0
289: 687 0
290: 704 0
291: 718 0
292: 27 1
293: 0 1
294: 640 1
295: 0 1
296: 165 1
297: 662 1
298: 178 1
299: 304 1
300: 0 1
301: 528 1
302: 412 1
303: 648 1
304: 359 1
305: 91 1
306: 36 1
307: 6 1
308: 155 1
309: 143 1
310: 64 1
311: 718 1
312: 0 1
313: 141 1
314: 0 1
315: 0 1
316: 716 1
317: 700 1
318: 712 1
319: 498 1
320: 619 1
321: 215 1
322: 703 1
323: 717 1
324: 0 1
325: 672 1
326: 720 1
327: 27 1
328: 0 1
329: 0 1
330: 3 1
331: 0 1
332: 714 1
333: 0 1
334: 255 1
335: 16 1
336: 710 1
337: 719 1
338: 0 1
339: 142 1
340: 0 1
341: 0 1
342: 281 1
343: 378 1
344: 0 1
345: 388 1
346: 288 1
347: 16 1
348: 242 1
349: 432 1
350: 674 1
351: 217 1
352: 9 1
353: 0 1
354: 19 1
355: 0 1
356: 0 1
357: 198 1
358: 576 1
359: 0 1
360: 697 1
361: 714 1
362: 14 1
363: 595 1
364: 608 1
365: 253 1
366: 332 1
367: 0 1
368: 326 1
369: 688 1
370: 543 1
371: 33 1
372: 547 1
373: 489 1
374: 718 1
375: 696 1
376: 68 1
377: 302 1
378: 605 1
379: 200 1
380: 692 1
381: 159 1
382: 717 1
383: 0 1
384: 717 1
385: 630 1
386: 717 1
387: 720 1
388: 716 1
389: 584 1
390: 711 1
391: 521 1
392: 717 1
393: 495 1
394: 704 1
395: 61 1
396: 0 1
397: 0 1
398: 47 1
399: 255 1
400: 6 1
401: 0 1
402: 403 1
403: 25 1
404: 652 1
405: 118 1
406: 0 1
407: 699 1
408: 0 1
409: 0 1
410: 684 1
411: 222 1
412: 1 1
413: 128 1
414: 159 1
415: 1 1
416: 15 1
417: 718 1
418: 251 1
419: 613 1
420: 0 1
421: 684 1
422: 600 1
423: 570 1
424: 0 1
425: 610 1
426: 0 1
427: 717 1
428: 205 1
429: 561 1
430: 707 1
431: 543 1
432: 193 1
433: 7 1
434: 89 1
435: 324 1
436: 15 1
437: 67 1
438: 241 1
439: 53 1
440: 208 1
441: 271 1
442: 37 1
443: 0 1
444: 184 1
445: 1 1
446: 139 1
447: 0 1
448: 377 1
449: 404 1
450: 35 1
451: 718 1
452: 709 1
453: 579 1
454: 0 1
455: 58 1
456: 10 1
457: 120 1
458: 717 1
459: 209 1
460: 677 1
461: 603 1
462: 166 1
463: 0 1
464: 717 1
465: 441 1
466: 587 1
467: 685 1
468: 718 1
469: 580 1
470: 265 1
471: 717 1
472: 75 1
473: 549 1
474: 0 1
475: 113 1
476: 676 1
477: 26 1
478: 410 1
479: 547 1
480: 718 1
481: 716 1
482: 188 1
483: 39 1
484: 181 1
485: 572 1
486: 684 1
487: 7 1
488: 0 1
489: 616 1
490: 716 1
491: 708 0
492: 676 0
493: 0 0
494: 73 0
495: 704 0
496: 490 0
497: 50 0
498: 98 0
499: 12 0
500: 25 0
