1: 0 1
2: 0 1
3: 0 1
4: 0 1
5: 0 1
6: 0 1
7: 0 1
8: 0 1
9: 0 1
10: 0 1
11: 0 1
12: 0 1
13: 0 1
14: 0 1
15: 0 1
16: 0 1
17: 0 1
18: 0 1
19: 0 1
20: 0 1
21: 0 1
22: 0 1
23: 182 1
24: 0 1
25: 0 1
26: 0 1
27: 0 1
28: 0 1
29: 0 1
30: 0 1
31: 0 1
32: 0 1
33: 0 1
34: 16 1
35: 0 1
36: 0 1
37: 160 1
38: 0 1
39: 0 1
40: 0 1
41: 0 1
42: 0 1
43: 0 1
44: 0 1
45: 0 1
46: 0 1
47: 0 1
48: 53 1
49: 0 1
50: 0 1
51: 0 1
52: 0 1
53: 0 1
54: 0 1
55: 24 1
56: 0 1
57: 0 1
58: 0 1
59: 0 1
60: 0 1
61: 0 1
62: 0 1
63: 0 1
64: 0 1
65: 0 1
66: 0 1
67: 0 1
68: 4 1
69: 0 1
70: 0 1
71: 0 1
72: 0 1
73: 0 1
74: 0 1
75: 0 1
76: 0 1
77: 0 1
78: 0 1
79: 0 1
80: 0 1
81: 0 1
82: 0 1
83: 5 1
84: 0 1
85: 171 1
86: 0 1
87: 0 1
88: 0 1
89: 105 1
90: 0 1
91: 0 1
92: 0 1
93: 0 1
94: 0 1
95: 0 1
96: 0 1
97: 0 1
98: 0 1
99: 0 1
100: 0 1
101: 89 1
102: 6 1
103: 19 1
104: 25 1
105: 603 1
106: 217 1
107: 190 1
108: 539 1
109: 698 1
110: 660 1
111: 561 1
112: 722 1
113: 175 1
114: 540 1
115: 0 1
116: 649 1
117: 380 1
118: 172 1
119: 33 1
120: 163 1
121: 6 1
122: 35 1
123: 0 1
124: 470 1
125: 0 1
126: 2 1
127: 580 1
128: 0 1
129: 0 1
130: 0 1
131: 0 1
132: 0 1
133: 0 1
134: 5 1
135: 14 1
136: 0 1
137: 0 1
138: 0 1
139: 0 1
140: 0 1
141: 0 1
142: 0 1
143: 0 1
144: 0 1
145: 0 1
146: 0 1
147: 0 1
148: 0 1
149: 0 1
150: 22 1
151: 0 1
152: 0 1
153: 186 1
154: 0 1
155: 622 1
156: 0 1
157: 0 1
158: 81 1
159: 0 1
160: 0 1
161: 0 1
162: 0 1
163: 0 1
164: 20 1
165: 0 1
166: 0 1
167: 0 1
168: 0 1
169: 0 1
170: 0 1
171: 24 1
172: 0 1
173: 0 1
174: 0 1
175: 0 1
176: 0 1
177: 0 1
178: 8 1
179: 0 1
180: 0 1
181: 0 1
182: 0 1
183: 0 1
184: 0 1
185: 0 1
186: 0 1
187: 0 1
188: 0 1
189: 0 1
190: 0 1
191: 0 1
192: 0 1
193: 5 1
194: 0 1
195: 0 1
196: 0 1
197: 0 1
198: 0 1
199: 0 1
200: 721 1
201: 0 1
202: 0 1
203: 0 1
204: 0 1
205: 0 0
206: 0 0
207: 1 0
208: 0 0
209: 55 0
210: 0 0
211: 128 0
212: 0 0
213: 0 0
214: 0 0
215: 0 0
216: 0 0
217: 0 0
218: 0 0
219: 0 0
220: 0 0
221: 0 0
222: 0 0
223: 0 0
224: 0 0
225: 0 0
226: 0 0
227: 0 0
228: 0 0
229: 0 0
230: 0 0
231: 0 0
232: 0 0
233: 0 0
234: 0 0
235: 0 0
236: 0 0
237: 0 0
238: 0 0
239: 0 0
240: 0 0
241: 0 0
242: 0 0
243: 0 0
244: 173 0
245: 0 0
246: 0 0
247: 0 0
248: 0 0
249: 0 0
250: 0 0
251: 0 0
252: 0 0
253: 0 0
254: 0 0
255: 130 0
256: 0 0
257: 0 0
258: 0 0
259: 60 0
260: 0 0
261: 0 0
262: 0 0
263: 0 0
264: 0 0
265: 0 0
266: 0 0
267: 722 0
268: 0 0
269: 0 0
270: 0 0
271: 4 0
272: 0 0
273: 0 0
274: 0 0
275: 282 0
276: 0 0
277: 77 0
278: 308 0
279: 0 0
280: 0 0
281: 0 0
282: 478 0
283: 204 0
284: 721 0
285: 0 0
286: 0 0
287: 626 0
288: 25 0
289: 303 0
290: 96 0
291: 411 0
292: 0 0
293: 0 0
294: 0 0
295: 0 0
296: 0 0
297: 0 0
298: 0 0
299: 0 0
300: 0 0
301: 0 0
302: 0 0
303: 0 0
304: 0 0
305: 0 0
306: 0 0
307: 0 0
308: 66 0
309: 0 0
310: 0 0
311: 0 0
312: 0 0
313: 271 0
314: 0 0
315: 0 0
316: 33 0
317: 53 0
318: 0 0
319: 0 0
320: 0 0
321: 0 0
322: 178 0
323: 0 0
324: 0 0
325: 0 0
326: 15 0
327: 76 0
328: 350 0
329: 0 0
330: 0 0
331: 0 0
332: 0 0
333: 0 0
334: 0 0
335: 0 0
336: 0 0
337: 0 0
338: 147 0
339: 0 0
340: 0 0
341: 0 0
342: 0 0
343: 0 0
344: 0 0
345: 0 0
346: 0 0
347: 0 0
348: 9 0
349: 0 0
350: 53 0
351: 0 0
352: 0 0
353: 0 0
354: 0 0
355: 0 0
356: 0 0
357: 0 0
358: 63 0
359: 0 0
360: 0 0
361: 0 0
362: 0 0
363: 1 0
364: 0 0
365: 0 0
366: 125 0
367: 0 0
368: 0 0
369: 0 0
370: 0 0
371: 0 0
372: 0 0
373: 0 0
374: 0 0
375: 380 0
376: 0 0
377: 0 0
378: 0 0
379: 0 0
380: 0 0
381: 0 0
382: 0 0
383: 0 0
384: 56 0
385: 627 0
386: 702 0
387: 0 0
388: 0 0
389: 0 0
390: 178 0
391: 409 0
392: 330 0
393: 722 0
394: 99 0
395: 0 0
396: 1 0
397: 128 0
398: 522 0
399: 0 0
400: 0 0
401: 0 0
402: 0 0
403: 0 0
404: 0 0
405: 0 0
406: 0 0
407: 0 0
408: 0 0
409: 0 1
410: 0 1
411: 0 1
412: 0 1
413: 1 1
414: 0 1
415: 0 1
416: 89 1
417: 0 1
418: 0 1
419: 0 1
420: 0 1
421: 0 1
422: 0 1
423: 250 1
424: 11 1
425: 0 1
426: 0 1
427: 0 1
428: 0 1
429: 0 1
430: 0 1
431: 0 1
432: 0 1
433: 5 1
434: 0 1
435: 0 1
436: 0 1
437: 0 1
438: 0 1
439: 41 1
440: 0 1
441: 0 1
442: 0 1
443: 0 1
444: 0 1
445: 61 1
446: 0 1
447: 0 1
448: 0 1
449: 0 1
450: 0 1
451: 0 1
452: 0 1
453: 0 1
454: 0 1
455: 0 1
456: 0 1
457: 0 1
458: 0 1
459: 0 1
460: 0 1
461: 0 1
462: 0 1
463: 11 1
464: 0 1
465: 0 1
466: 0 1
467: 0 1
468: 0 1
469: 0 1
470: 0 1
471: 0 1
472: 0 1
473: 0 1
474: 0 1
475: 0 1
476: 0 1
477: 0 1
478: 0 1
479: 0 1
480: 0 1
481: 0 1
482: 0 1
483: 0 1
484: 0 1
485: 0 1
486: 0 1
487: 3 1
488: 0 1
489: 0 1
490: 0 1
491: 71 1
492: 352 1
493: 571 1
494: 720 1
495: 569 1
496: 0 1
497: 390 1
498: 719 1
499: 302 1
500: 89 1
