1: 695 1
2: 694 1
3: 717 1
4: 719 1
5: 717 1
6: 711 1
7: 698 1
8: 716 1
9: 723 1
10: 718 1
11: 717 1
12: 720 1
13: 231 1
14: 720 1
15: 720 1
16: 720 1
17: 719 1
18: 725 1
19: 717 1
20: 718 1
21: 718 1
22: 717 1
23: 715 1
24: 720 1
25: 720 1
26: 719 0
27: 719 0
28: 719 0
29: 719 0
30: 719 0
31: 719 0
32: 719 0
33: 719 0
34: 719 0
35: 720 0
36: 720 0
37: 719 0
38: 719 0
39: 719 0
40: 719 0
41: 717 0
42: 601 0
43: 718 0
44: 720 0
45: 531 0
46: 719 0
47: 719 0
48: 719 0
49: 719 0
50: 653 0
51: 1 0
52: 694 0
53: 719 0
54: 720 0
55: 551 0
56: 720 0
57: 62 0
58: 0 0
59: 717 0
60: 720 0
61: 719 0
62: 719 0
63: 683 0
64: 435 0
65: 720 0
66: 665 0
67: 719 0
68: 719 0
69: 719 0
70: 719 0
71: 719 0
72: 719 0
73: 719 0
74: 719 0
75: 14 0
76: 720 0
77: 709 0
78: 719 0
79: 719 0
80: 691 0
81: 719 0
82: 720 0
83: 619 0
84: 714 0
85: 719 0
86: 718 0
87: 719 0
88: 719 0
89: 719 0
90: 718 0
91: 719 0
92: 660 0
93: 719 0
94: 720 0
95: 615 0
96: 719 0
97: 664 0
98: 710 0
99: 719 0
100: 720 0
101: 719 0
102: 719 0
103: 719 0
104: 718 0
105: 719 0
106: 720 0
107: 718 0
108: 486 0
109: 720 0
110: 525 0
111: 719 0
112: 0 0
113: 718 0
114: 719 0
115: 489 0
116: 719 0
117: 719 0
118: 720 0
119: 715 0
120: 719 0
121: 720 0
122: 719 0
123: 326 0
124: 719 0
125: 719 0
126: 719 0
127: 718 0
128: 719 0
129: 719 0
130: 719 0
131: 692 0
132: 719 0
133: 719 0
134: 719 0
135: 456 0
136: 719 0
137: 719 0
138: 720 0
139: 719 0
140: 719 0
141: 708 0
142: 719 0
143: 719 0
144: 720 0
145: 719 0
146: 717 0
147: 720 0
148: 719 0
149: 719 0
150: 719 0
151: 719 0
152: 719 0
153: 719 0
154: 719 0
155: 718 0
156: 718 0
157: 719 0
158: 416 0
159: 715 0
160: 719 0
161: 719 0
162: 719 0
163: 719 0
164: 485 0
165: 719 0
166: 719 0
167: 720 0
168: 415 0
169: 718 0
170: 718 0
171: 719 0
172: 718 0
173: 719 0
174: 719 0
175: 718 0
176: 720 0
177: 513 0
178: 719 0
179: 714 0
180: 432 0
181: 719 0
182: 255 0
183: 719 0
184: 648 0
185: 715 0
186: 0 0
187: 718 0
188: 719 0
189: 719 0
190: 718 0
191: 185 0
192: 719 0
193: 502 0
194: 719 0
195: 715 0
196: 719 0
197: 719 0
198: 596 0
199: 0 0
200: 540 0
201: 0 0
202: 274 0
203: 652 0
204: 460 0
205: 718 0
206: 307 0
207: 542 0
208: 719 0
209: 262 0
210: 0 0
211: 606 0
212: 719 0
213: 673 0
214: 719 0
215: 719 0
216: 37 0
217: 717 0
218: 668 0
219: 7 0
220: 23 0
221: 52 0
222: 67 0
223: 224 0
224: 610 0
225: 418 1
226: 330 1
227: 155 1
228: 716 1
229: 687 1
230: 713 1
231: 0 1
232: 613 1
233: 686 1
234: 719 1
235: 692 1
236: 719 1
237: 636 1
238: 719 1
239: 218 1
240: 719 1
241: 713 1
242: 723 1
243: 718 1
244: 309 1
245: 532 1
246: 234 1
247: 680 1
248: 311 1
249: 0 1
250: 719 1
251: 716 1
252: 349 1
253: 718 1
254: 521 1
255: 690 1
256: 712 1
257: 714 1
258: 715 1
259: 720 1
260: 1 1
261: 703 1
262: 718 1
263: 587 1
264: 717 1
265: 721 1
266: 717 1
267: 715 1
268: 714 1
269: 181 1
270: 713 1
271: 7 1
272: 521 1
273: 717 1
274: 589 1
275: 568 1
276: 719 1
277: 704 1
278: 80 1
279: 586 1
280: 558 1
281: 72 1
282: 33 1
283: 699 1
284: 718 1
285: 717 1
286: 437 1
287: 486 1
288: 719 1
289: 682 1
290: 620 1
291: 666 1
292: 633 1
293: 713 1
294: 712 1
295: 706 1
296: 526 1
297: 719 1
298: 717 1
299: 719 1
300: 705 1
301: 719 1
302: 708 1
303: 720 1
304: 691 1
305: 723 1
306: 720 1
307: 720 1
308: 719 1
309: 719 1
310: 674 1
311: 717 1
312: 19 1
313: 719 1
314: 668 1
315: 720 1
316: 667 1
317: 715 1
318: 716 1
319: 716 1
320: 719 1
321: 718 1
322: 719 1
323: 717 1
324: 719 1
325: 716 1
326: 719 1
327: 711 1
328: 721 1
329: 719 1
330: 709 1
331: 702 1
332: 669 1
333: 17 1
334: 0 1
335: 713 1
336: 718 1
337: 696 1
338: 717 1
339: 127 1
340: 717 1
341: 719 1
342: 714 1
343: 723 1
344: 720 1
345: 717 1
346: 719 1
347: 717 1
348: 441 1
349: 714 1
350: 170 1
351: 719 1
352: 613 1
353: 720 1
354: 686 1
355: 719 1
356: 711 1
357: 719 0
358: 717 1
359: 720 1
360: 341 1
361: 709 1
362: 720 1
363: 716 1
364: 0 1
365: 718 1
366: 722 1
367: 714 1
368: 718 1
369: 714 1
370: 718 1
371: 720 1
372: 717 1
373: 719 1
374: 664 1
375: 723 1
376: 658 1
377: 717 1
378: 667 1
379: 717 1
380: 720 1
381: 622 1
382: 720 1
383: 712 1
384: 722 1
385: 719 1
386: 717 1
387: 719 1
388: 718 1
389: 709 1
390: 605 1
391: 580 1
392: 693 1
393: 717 1
394: 594 1
395: 717 1
396: 541 1
397: 718 1
398: 649 1
399: 717 1
400: 720 1
401: 698 1
402: 719 1
403: 716 1
404: 723 1
405: 637 1
406: 717 1
407: 719 1
408: 717 1
409: 719 1
410: 717 1
411: 710 1
412: 716 1
413: 724 1
414: 712 1
415: 720 1
416: 720 1
417: 717 1
418: 716 1
419: 659 1
420: 715 1
421: 701 1
422: 0 0
423: 631 0
424: 719 0
425: 703 0
426: 720 0
427: 719 0
428: 719 0
429: 719 0
430: 718 0
431: 647 0
432: 0 0
433: 377 0
434: 79 0
435: 373 0
436: 719 0
437: 678 0
438: 720 0
439: 628 0
440: 719 0
441: 720 0
442: 719 0
443: 718 0
444: 720 0
445: 716 0
446: 570 0
447: 720 0
448: 718 0
449: 0 0
450: 720 0
451: 718 0
452: 718 0
453: 714 0
454: 718 0
455: 0 0
456: 701 0
457: 717 0
458: 719 0
459: 0 0
460: 719 0
461: 719 0
462: 685 0
463: 517 0
464: 719 0
465: 719 0
466: 578 0
467: 717 0
468: 490 0
469: 719 0
470: 712 0
471: 713 0
472: 533 0
473: 70 0
474: 719 0
475: 0 0
476: 718 0
477: 715 0
478: 719 0
479: 341 0
480: 718 0
481: 605 0
482: 585 0
483: 719 0
484: 0 0
485: 436 0
486: 708 0
487: 711 0
488: 719 0
489: 409 0
490: 306 0
491: 719 0
492: 719 0
493: 547 0
494: 719 0
495: 118 0
496: 105 0
497: 719 0
498: 714 0
499: 678 0
500: 720 0
