1: 725 1
2: 715 1
3: 0 1
4: 723 1
5: 720 1
6: 726 1
7: 603 0
8: 182 0
9: 719 0
10: 722 0
11: 699 0
12: 723 0
13: 723 0
14: 721 0
15: 721 0
16: 687 0
17: 707 0
18: 160 0
19: 722 0
20: 104 0
21: 722 0
22: 528 0
23: 627 0
24: 336 0
25: 721 0
26: 721 0
27: 721 0
28: 722 0
29: 722 0
30: 721 0
31: 723 0
32: 602 0
33: 715 0
34: 722 0
35: 124 0
36: 721 0
37: 507 0
38: 722 0
39: 643 0
40: 453 0
41: 722 0
42: 722 0
43: 371 0
44: 722 0
45: 722 0
46: 722 0
47: 614 0
48: 712 0
49: 644 0
50: 721 0
51: 718 0
52: 283 0
53: 722 0
54: 719 0
55: 439 0
56: 484 0
57: 0 0
58: 666 0
59: 175 0
60: 61 0
61: 155 0
62: 151 0
63: 306 0
64: 76 0
65: 449 0
66: 346 0
67: 721 0
68: 722 0
69: 722 0
70: 722 0
71: 720 0
72: 229 0
73: 643 0
74: 722 0
75: 570 0
76: 721 0
77: 722 0
78: 586 0
79: 639 0
80: 690 0
81: 652 0
82: 721 0
83: 721 0
84: 85 0
85: 722 0
86: 700 0
87: 719 0
88: 594 0
89: 721 0
90: 719 0
91: 581 0
92: 722 0
93: 53 0
94: 721 0
95: 721 0
96: 22 0
97: 629 0
98: 721 0
99: 0 0
100: 722 0
101: 722 0
102: 512 0
103: 703 0
104: 721 0
105: 722 0
106: 703 0
107: 350 0
108: 719 0
109: 722 0
110: 721 0
111: 722 0
112: 107 0
113: 631 0
114: 722 0
115: 708 0
116: 582 0
117: 596 0
118: 722 0
119: 613 0
120: 722 0
121: 721 0
122: 718 0
123: 722 0
124: 689 0
125: 722 0
126: 722 0
127: 721 0
128: 722 0
129: 543 0
130: 407 0
131: 690 0
132: 722 0
133: 441 0
134: 694 0
135: 722 0
136: 696 0
137: 722 0
138: 722 0
139: 722 0
140: 722 0
141: 722 0
142: 722 0
143: 721 0
144: 721 0
145: 701 0
146: 721 0
147: 722 0
148: 0 0
149: 722 0
150: 83 0
151: 521 0
152: 722 0
153: 531 0
154: 722 0
155: 721 0
156: 722 0
157: 722 0
158: 722 0
159: 511 0
160: 722 0
161: 722 0
162: 722 0
163: 721 0
164: 722 0
165: 699 0
166: 722 0
167: 697 0
168: 721 0
169: 722 0
170: 722 0
171: 722 0
172: 722 0
173: 722 0
174: 689 0
175: 722 0
176: 722 0
177: 722 0
178: 723 0
179: 722 0
180: 722 0
181: 688 0
182: 722 0
183: 723 0
184: 645 0
185: 722 0
186: 721 0
187: 721 0
188: 722 0
189: 722 0
190: 722 0
191: 714 0
192: 535 0
193: 722 0
194: 721 0
195: 716 0
196: 721 0
197: 721 0
198: 721 0
199: 531 0
200: 495 0
201: 720 0
202: 714 0
203: 720 0
204: 720 0
205: 721 0
206: 720 1
207: 719 1
208: 707 1
209: 51 1
210: 720 1
211: 714 1
212: 648 1
213: 661 1
214: 716 1
215: 616 1
216: 628 1
217: 155 1
218: 549 1
219: 681 1
220: 722 1
221: 712 1
222: 720 1
223: 610 1
224: 527 1
225: 722 1
226: 671 1
227: 720 1
228: 720 1
229: 722 1
230: 171 1
231: 722 1
232: 544 1
233: 720 1
234: 722 1
235: 605 1
236: 724 1
237: 718 1
238: 622 1
239: 721 1
240: 709 1
241: 0 1
242: 720 1
243: 720 1
244: 720 1
245: 0 1
246: 504 1
247: 0 1
248: 717 1
249: 482 1
250: 671 1
251: 355 1
252: 722 1
253: 719 1
254: 697 1
255: 0 1
256: 726 1
257: 722 1
258: 642 1
259: 312 1
260: 305 1
261: 722 1
262: 81 1
263: 496 1
264: 722 1
265: 698 1
266: 724 1
267: 700 1
268: 704 1
269: 571 1
270: 720 1
271: 578 1
272: 719 1
273: 693 1
274: 9 1
275: 692 1
276: 612 1
277: 701 1
278: 664 1
279: 498 1
280: 722 1
281: 720 1
282: 723 1
283: 721 1
284: 720 1
285: 323 1
286: 1 1
287: 408 1
288: 720 1
289: 660 1
290: 0 1
291: 0 1
292: 583 1
293: 656 1
294: 574 1
295: 675 1
296: 553 1
297: 712 1
298: 22 1
299: 666 1
300: 288 1
301: 722 1
302: 652 1
303: 723 1
304: 720 1
305: 352 1
306: 716 1
307: 721 1
308: 722 1
309: 721 1
310: 0 1
311: 0 1
312: 7 1
313: 0 1
314: 0 1
315: 0 1
316: 210 1
317: 535 1
318: 0 1
319: 276 1
320: 0 1
321: 292 1
322: 0 1
323: 0 1
324: 0 1
325: 1 1
326: 0 1
327: 0 1
328: 0 1
329: 422 1
330: 39 1
331: 390 1
332: 5 1
333: 0 1
334: 564 1
335: 380 1
336: 0 1
337: 642 1
338: 0 1
339: 1 1
340: 95 1
341: 0 1
342: 0 1
343: 630 1
344: 71 1
345: 0 1
346: 0 1
347: 0 1
348: 0 1
349: 226 1
350: 719 1
351: 725 1
352: 0 1
353: 251 1
354: 386 1
355: 581 1
356: 300 1
357: 217 1
358: 676 1
359: 713 1
360: 670 1
361: 0 1
362: 0 1
363: 720 1
364: 48 1
365: 725 1
366: 85 1
367: 471 1
368: 112 1
369: 524 1
370: 713 1
371: 725 1
372: 133 1
373: 76 1
374: 501 1
375: 356 1
376: 190 1
377: 111 1
378: 717 1
379: 644 1
380: 0 1
381: 29 1
382: 722 1
383: 617 1
384: 719 1
385: 379 1
386: 728 1
387: 716 1
388: 701 1
389: 272 1
390: 720 1
391: 678 1
392: 720 1
393: 722 1
394: 667 1
395: 702 1
396: 720 1
397: 722 1
398: 43 1
399: 337 1
400: 720 1
401: 0 1
402: 291 1
403: 129 1
404: 688 0
405: 716 0
406: 608 0
407: 11 0
408: 709 0
409: 625 0
410: 720 0
411: 388 0
412: 368 0
413: 503 0
414: 718 0
415: 722 0
416: 500 0
417: 646 0
418: 679 0
419: 245 0
420: 465 0
421: 111 0
422: 700 0
423: 36 0
424: 722 0
425: 722 0
426: 487 0
427: 565 0
428: 721 0
429: 697 0
430: 466 0
431: 693 0
432: 557 0
433: 703 0
434: 721 0
435: 722 0
436: 714 0
437: 507 0
438: 497 0
439: 721 0
440: 722 0
441: 479 0
442: 722 0
443: 722 0
444: 720 0
445: 720 0
446: 722 0
447: 341 0
448: 570 0
449: 285 0
450: 163 0
451: 721 0
452: 690 0
453: 721 0
454: 721 0
455: 7 0
456: 253 0
457: 15 0
458: 62 0
459: 0 0
460: 170 0
461: 564 0
462: 219 0
463: 722 0
464: 722 0
465: 163 0
466: 4 0
467: 536 0
468: 712 0
469: 710 0
470: 696 0
471: 479 0
472: 449 0
473: 104 0
474: 70 0
475: 722 0
476: 711 0
477: 63 0
478: 720 0
479: 333 0
480: 1 0
481: 227 0
482: 0 0
483: 720 0
484: 398 0
485: 488 0
486: 4 0
487: 508 0
488: 628 0
489: 437 0
490: 593 0
491: 712 0
492: 503 0
493: 0 0
494: 0 0
495: 710 0
496: 176 0
497: 550 0
498: 0 0
499: 719 0
500: 721 0
