1: 607 1
2: 593 1
3: 600 1
4: 603 1
5: 601 1
6: 606 1
7: 609 1
8: 599 1
9: 601 1
10: 608 1
11: 598 1
12: 600 1
13: 599 1
14: 598 1
15: 592 1
16: 602 1
17: 602 1
18: 601 1
19: 604 1
20: 608 1
21: 599 1
22: 597 1
23: 601 1
24: 599 1
25: 596 1
26: 592 1
27: 606 1
28: 601 1
29: 607 1
30: 600 1
31: 610 1
32: 601 1
33: 598 1
34: 601 1
35: 598 1
36: 598 1
37: 598 1
38: 603 1
39: 600 1
40: 599 1
41: 598 0
42: 603 0
43: 602 0
44: 593 0
45: 601 0
46: 600 0
47: 599 0
48: 607 0
49: 605 0
50: 593 0
51: 605 0
52: 602 0
53: 600 0
54: 604 0
55: 601 0
56: 599 0
57: 601 0
58: 604 0
59: 598 0
60: 603 0
61: 598 0
62: 602 0
63: 603 0
64: 599 0
65: 596 0
66: 602 0
67: 600 0
68: 606 0
69: 600 0
70: 595 0
71: 606 0
72: 601 0
73: 605 0
74: 599 0
75: 597 0
76: 593 0
77: 605 0
78: 598 0
79: 597 0
80: 596 0
81: 596 0
82: 603 0
83: 597 0
84: 607 0
85: 601 0
86: 609 0
87: 608 0
88: 604 0
89: 600 0
90: 604 0
91: 610 0
92: 596 0
93: 601 0
94: 599 0
95: 593 0
96: 598 0
97: 594 0
98: 606 0
99: 597 0
100: 596 0
101: 596 0
102: 600 0
103: 591 0
104: 596 0
105: 595 0
106: 605 0
107: 606 0
108: 604 0
109: 599 0
110: 596 0
111: 597 0
112: 602 0
113: 596 0
114: 598 0
115: 598 0
116: 596 0
117: 598 0
118: 601 0
119: 597 0
120: 602 0
121: 599 0
122: 595 0
123: 593 0
124: 599 0
125: 598 0
126: 598 0
127: 598 0
128: 600 0
129: 603 0
130: 597 0
131: 597 0
132: 597 0
133: 600 0
134: 596 0
135: 602 0
136: 597 0
137: 596 0
138: 601 0
139: 598 0
140: 600 0
141: 599 0
142: 596 0
143: 597 0
144: 601 0
145: 594 0
146: 599 0
147: 599 0
148: 600 0
149: 600 0
150: 596 0
151: 600 0
152: 598 0
153: 604 0
154: 598 0
155: 603 0
156: 596 0
157: 601 0
158: 602 0
159: 601 0
160: 602 0
161: 602 0
162: 601 0
163: 598 0
164: 604 0
165: 603 0
166: 599 0
167: 603 0
168: 600 0
169: 600 0
170: 598 0
171: 605 0
172: 599 0
173: 601 0
174: 604 0
175: 601 0
176: 601 0
177: 593 0
178: 603 0
179: 603 0
180: 602 0
181: 603 0
182: 598 0
183: 599 0
184: 596 0
185: 603 0
186: 602 0
187: 602 0
188: 603 0
189: 607 0
190: 604 0
191: 609 0
192: 602 0
193: 600 0
194: 601 0
195: 601 0
196: 608 0
197: 602 0
198: 598 0
199: 601 0
200: 598 0
201: 605 0
202: 604 0
203: 607 0
204: 606 0
205: 604 0
206: 599 0
207: 600 0
208: 602 0
209: 602 0
210: 605 0
211: 606 0
212: 610 0
213: 603 0
214: 600 0
215: 602 0
216: 592 0
217: 600 0
218: 601 0
219: 602 0
220: 599 0
221: 604 0
222: 599 0
223: 601 0
224: 601 0
225: 602 0
226: 602 0
227: 602 0
228: 603 0
229: 604 0
230: 604 0
231: 603 0
232: 605 0
233: 609 0
234: 604 0
235: 605 0
236: 604 0
237: 603 0
238: 599 0
239: 604 1
240: 600 1
241: 601 1
242: 600 1
243: 607 1
244: 606 1
245: 602 1
246: 603 1
247: 596 1
248: 604 1
249: 600 1
250: 603 1
251: 605 1
252: 607 1
253: 600 1
254: 594 1
255: 602 1
256: 601 1
257: 599 1
258: 599 1
259: 605 1
260: 600 1
261: 609 1
262: 601 1
263: 598 1
264: 608 1
265: 602 1
266: 602 1
267: 597 1
268: 601 1
269: 598 1
270: 598 1
271: 599 1
272: 605 1
273: 603 1
274: 601 1
275: 600 1
276: 602 1
277: 602 1
278: 603 1
279: 603 1
280: 596 1
281: 609 1
282: 597 1
283: 598 1
284: 601 1
285: 614 1
286: 603 1
287: 600 1
288: 606 1
289: 606 1
290: 605 1
291: 599 1
292: 604 1
293: 598 1
294: 610 1
295: 594 1
296: 601 1
297: 608 1
298: 599 1
299: 606 1
300: 598 1
301: 606 1
302: 599 1
303: 598 1
304: 595 1
305: 606 1
306: 604 1
307: 604 1
308: 596 1
309: 611 1
310: 603 1
311: 601 1
312: 607 1
313: 603 1
314: 608 1
315: 607 1
316: 608 1
317: 598 1
318: 601 1
319: 602 1
320: 600 1
321: 601 1
322: 601 1
323: 601 1
324: 599 1
325: 600 1
326: 601 1
327: 605 1
328: 596 1
329: 612 1
330: 591 1
331: 602 1
332: 601 1
333: 598 1
334: 604 1
335: 602 1
336: 602 1
337: 603 1
338: 599 1
339: 601 1
340: 602 1
341: 601 1
342: 612 1
343: 597 1
344: 603 1
345: 603 1
346: 602 1
347: 608 1
348: 605 1
349: 605 1
350: 596 1
351: 600 1
352: 600 1
353: 605 1
354: 596 1
355: 606 1
356: 604 1
357: 598 1
358: 605 1
359: 597 1
360: 597 1
361: 599 1
362: 600 1
363: 589 1
364: 609 1
365: 591 1
366: 601 1
367: 607 1
368: 599 1
369: 602 1
370: 606 1
371: 595 1
372: 594 1
373: 608 1
374: 601 1
375: 603 1
376: 602 1
377: 602 1
378: 589 1
379: 604 1
380: 603 1
381: 595 1
382: 604 1
383: 599 1
384: 600 1
385: 604 1
386: 600 1
387: 597 1
388: 604 1
389: 597 1
390: 595 1
391: 590 1
392: 600 1
393: 601 1
394: 592 1
395: 597 1
396: 600 1
397: 601 1
398: 593 1
399: 614 1
400: 601 1
401: 600 1
402: 599 1
403: 596 1
404: 597 1
405: 596 1
406: 600 1
407: 594 1
408: 605 1
409: 598 1
410: 604 1
411: 593 1
412: 612 1
413: 603 1
414: 597 1
415: 604 1
416: 603 1
417: 596 1
418: 599 1
419: 602 1
420: 600 1
421: 603 1
422: 592 1
423: 603 1
424: 595 1
425: 593 1
426: 606 1
427: 598 1
428: 601 1
429: 600 1
430: 598 1
431: 595 1
432: 595 1
433: 591 1
434: 599 1
435: 603 1
436: 598 0
437: 603 0
438: 605 0
439: 602 0
440: 605 0
441: 599 0
442: 600 0
443: 603 0
444: 600 0
445: 600 0
446: 600 0
447: 598 0
448: 600 0
449: 600 0
450: 600 0
451: 596 0
452: 596 0
453: 596 0
454: 603 0
455: 603 0
456: 602 0
457: 596 0
458: 605 0
459: 604 0
460: 605 0
461: 599 0
462: 605 0
463: 599 0
464: 600 0
465: 604 0
466: 594 0
467: 598 0
468: 602 0
469: 598 0
470: 601 0
471: 603 0
472: 599 0
473: 603 0
474: 601 0
475: 599 0
476: 596 0
477: 598 0
478: 594 0
479: 600 0
480: 601 0
481: 604 0
482: 604 0
483: 604 0
484: 602 0
485: 598 0
486: 597 0
487: 597 0
488: 598 0
489: 594 0
490: 601 0
491: 598 0
492: 597 0
493: 600 0
494: 599 0
495: 604 0
496: 600 0
497: 602 0
498: 597 0
499: 599 0
500: 598 0
