1: 607 1
2: 600 1
3: 608 1
4: 607 1
5: 601 1
6: 611 1
7: 608 1
8: 606 1
9: 606 1
10: 604 1
11: 601 1
12: 605 1
13: 600 1
14: 604 1
15: 605 1
16: 608 1
17: 606 1
18: 604 1
19: 610 1
20: 618 1
21: 601 1
22: 600 1
23: 605 1
24: 606 1
25: 601 1
26: 608 1
27: 606 1
28: 611 1
29: 615 1
30: 613 1
31: 604 1
32: 602 1
33: 600 1
34: 602 1
35: 604 1
36: 603 1
37: 604 1
38: 605 1
39: 607 1
40: 607 1
41: 607 1
42: 605 1
43: 602 1
44: 593 1
45: 600 1
46: 602 1
47: 604 1
48: 608 1
49: 604 1
50: 616 1
51: 607 1
52: 604 1
53: 607 1
54: 602 1
55: 604 1
56: 606 1
57: 608 1
58: 611 1
59: 610 1
60: 610 0
61: 601 0
62: 607 0
63: 607 0
64: 606 0
65: 607 0
66: 604 0
67: 601 0
68: 607 0
69: 602 0
70: 602 0
71: 603 0
72: 608 0
73: 605 0
74: 603 0
75: 603 0
76: 605 0
77: 602 0
78: 608 0
79: 607 0
80: 604 0
81: 599 0
82: 604 0
83: 606 0
84: 603 0
85: 605 0
86: 606 0
87: 610 0
88: 601 0
89: 601 0
90: 607 0
91: 603 0
92: 603 0
93: 603 0
94: 606 0
95: 607 0
96: 604 0
97: 607 0
98: 609 0
99: 606 0
100: 601 0
101: 604 0
102: 600 0
103: 601 0
104: 602 0
105: 601 0
106: 601 0
107: 602 0
108: 602 0
109: 607 0
110: 607 0
111: 600 0
112: 603 0
113: 605 0
114: 604 0
115: 600 0
116: 603 0
117: 608 0
118: 607 0
119: 597 0
120: 602 0
121: 606 0
122: 610 0
123: 606 0
124: 604 0
125: 607 0
126: 608 0
127: 604 0
128: 604 0
129: 604 0
130: 602 0
131: 603 0
132: 603 0
133: 600 0
134: 604 0
135: 607 0
136: 601 0
137: 602 0
138: 602 0
139: 606 0
140: 605 0
141: 599 0
142: 602 0
143: 605 0
144: 606 0
145: 599 0
146: 604 0
147: 601 0
148: 599 0
149: 606 0
150: 607 0
151: 598 0
152: 595 0
153: 606 0
154: 602 0
155: 598 0
156: 603 0
157: 603 0
158: 594 0
159: 602 0
160: 598 0
161: 597 0
162: 598 0
163: 603 0
164: 593 0
165: 596 0
166: 603 0
167: 603 0
168: 604 0
169: 603 0
170: 601 0
171: 607 0
172: 605 0
173: 602 0
174: 599 0
175: 604 0
176: 597 0
177: 605 0
178: 596 0
179: 603 0
180: 601 0
181: 607 0
182: 604 0
183: 600 0
184: 604 0
185: 605 0
186: 598 0
187: 603 0
188: 604 0
189: 606 0
190: 607 0
191: 601 0
192: 606 0
193: 605 0
194: 599 0
195: 604 0
196: 600 0
197: 604 0
198: 603 0
199: 597 0
200: 602 0
201: 604 0
202: 604 0
203: 603 0
204: 600 0
205: 598 0
206: 603 0
207: 606 0
208: 604 0
209: 602 0
210: 602 0
211: 606 0
212: 604 0
213: 604 0
214: 604 0
215: 598 0
216: 601 0
217: 601 0
218: 604 0
219: 603 0
220: 603 0
221: 606 0
222: 600 0
223: 598 0
224: 598 0
225: 603 0
226: 602 0
227: 601 0
228: 607 0
229: 606 0
230: 604 0
231: 605 0
232: 602 0
233: 606 0
234: 603 0
235: 600 0
236: 606 0
237: 607 0
238: 604 0
239: 604 0
240: 600 0
241: 602 0
242: 603 0
243: 602 0
244: 603 0
245: 601 0
246: 606 0
247: 601 0
248: 603 0
249: 603 0
250: 600 0
251: 604 0
252: 608 0
253: 604 0
254: 609 0
255: 607 0
256: 606 0
257: 605 0
258: 602 0
259: 608 1
260: 604 1
261: 603 1
262: 607 1
263: 603 1
264: 601 1
265: 601 1
266: 597 1
267: 606 1
268: 602 1
269: 607 1
270: 601 1
271: 608 1
272: 598 1
273: 606 1
274: 597 1
275: 608 1
276: 595 1
277: 602 1
278: 604 1
279: 598 1
280: 600 1
281: 598 1
282: 605 1
283: 600 1
284: 606 1
285: 595 1
286: 604 1
287: 594 1
288: 602 1
289: 604 1
290: 597 1
291: 600 1
292: 600 1
293: 602 1
294: 603 1
295: 612 1
296: 592 1
297: 605 1
298: 600 1
299: 597 1
300: 602 1
301: 593 1
302: 597 1
303: 596 1
304: 604 1
305: 598 1
306: 600 1
307: 603 1
308: 603 1
309: 595 1
310: 593 1
311: 602 1
312: 600 1
313: 600 1
314: 598 1
315: 604 1
316: 599 1
317: 595 1
318: 600 1
319: 604 1
320: 602 1
321: 600 1
322: 600 1
323: 596 1
324: 601 1
325: 598 1
326: 608 1
327: 598 1
328: 607 1
329: 598 1
330: 606 1
331: 600 1
332: 605 1
333: 602 1
334: 602 1
335: 602 1
336: 603 1
337: 606 1
338: 598 1
339: 604 1
340: 598 1
341: 602 1
342: 590 1
343: 600 1
344: 607 1
345: 599 1
346: 604 1
347: 596 1
348: 603 1
349: 602 1
350: 607 1
351: 602 1
352: 606 1
353: 600 1
354: 609 1
355: 603 1
356: 607 1
357: 609 1
358: 603 1
359: 604 1
360: 604 1
361: 604 1
362: 598 1
363: 603 1
364: 595 1
365: 602 1
366: 599 1
367: 604 1
368: 605 1
369: 600 1
370: 608 1
371: 603 1
372: 606 1
373: 600 1
374: 602 1
375: 593 1
376: 612 1
377: 595 1
378: 599 1
379: 597 1
380: 599 1
381: 601 1
382: 598 1
383: 602 1
384: 595 1
385: 597 1
386: 597 1
387: 604 1
388: 598 1
389: 605 1
390: 596 1
391: 601 1
392: 607 1
393: 595 1
394: 603 1
395: 597 1
396: 596 1
397: 601 1
398: 608 1
399: 603 1
400: 610 1
401: 596 1
402: 602 1
403: 599 1
404: 598 1
405: 599 1
406: 597 1
407: 600 1
408: 596 1
409: 595 1
410: 600 1
411: 596 1
412: 600 1
413: 598 1
414: 604 1
415: 601 1
416: 607 1
417: 598 1
418: 605 1
419: 592 1
420: 598 1
421: 594 1
422: 597 1
423: 601 1
424: 601 1
425: 600 1
426: 602 1
427: 600 1
428: 597 1
429: 609 1
430: 608 1
431: 600 1
432: 606 1
433: 593 1
434: 602 1
435: 600 1
436: 598 1
437: 600 1
438: 599 1
439: 599 1
440: 602 1
441: 593 1
442: 604 1
443: 598 1
444: 596 1
445: 602 1
446: 600 1
447: 604 1
448: 592 1
449: 606 1
450: 605 1
451: 601 1
452: 602 1
453: 602 1
454: 608 1
455: 598 0
456: 605 0
457: 608 0
458: 608 0
459: 606 0
460: 606 0
461: 608 0
462: 602 0
463: 601 0
464: 603 0
465: 592 0
466: 602 0
467: 604 0
468: 607 0
469: 601 0
470: 604 0
471: 600 0
472: 603 0
473: 606 0
474: 601 0
475: 605 0
476: 605 0
477: 603 0
478: 604 0
479: 604 0
480: 605 0
481: 604 0
482: 600 0
483: 601 0
484: 608 0
485: 601 0
486: 604 0
487: 602 0
488: 601 0
489: 604 0
490: 600 0
491: 603 0
492: 599 0
493: 610 0
494: 604 0
495: 604 0
496: 605 0
497: 600 0
498: 608 0
499: 603 0
500: 606 0
