1: 640 0
2: 637 0
3: 639 0
4: 644 0
5: 644 0
6: 645 0
7: 644 0
8: 646 0
9: 639 0
10: 642 0
11: 643 0
12: 647 0
13: 643 0
14: 644 0
15: 640 0
16: 646 0
17: 643 0
18: 648 0
19: 638 0
20: 642 0
21: 643 0
22: 642 0
23: 640 0
24: 639 0
25: 647 0
26: 643 0
27: 640 0
28: 646 0
29: 647 0
30: 640 0
31: 643 0
32: 641 0
33: 640 0
34: 638 0
35: 643 0
36: 643 0
37: 639 0
38: 646 0
39: 642 0
40: 642 0
41: 643 0
42: 643 0
43: 644 0
44: 646 0
45: 645 0
46: 645 0
47: 645 0
48: 643 0
49: 640 0
50: 643 0
51: 645 0
52: 641 0
53: 648 0
54: 647 0
55: 646 0
56: 645 0
57: 642 0
58: 647 0
59: 647 0
60: 636 0
61: 642 0
62: 646 0
63: 643 0
64: 643 0
65: 645 0
66: 644 0
67: 646 0
68: 644 0
69: 642 0
70: 643 0
71: 644 0
72: 641 0
73: 642 0
74: 642 0
75: 647 0
76: 643 0
77: 645 0
78: 642 0
79: 641 0
80: 643 0
81: 647 0
82: 642 0
83: 641 0
84: 641 0
85: 641 0
86: 642 0
87: 640 0
88: 642 0
89: 642 0
90: 639 0
91: 639 0
92: 643 0
93: 644 0
94: 637 0
95: 638 0
96: 638 0
97: 644 0
98: 640 0
99: 637 0
100: 634 0
101: 642 0
102: 642 0
103: 641 0
104: 636 0
105: 644 0
106: 638 0
107: 644 0
108: 635 0
109: 642 0
110: 643 0
111: 646 0
112: 644 0
113: 639 0
114: 642 0
115: 643 0
116: 639 0
117: 637 0
118: 640 0
119: 641 0
120: 636 0
121: 642 0
122: 644 0
123: 644 0
124: 644 0
125: 636 0
126: 642 0
127: 641 0
128: 646 0
129: 642 0
130: 643 0
131: 643 0
132: 640 0
133: 646 0
134: 645 0
135: 641 0
136: 642 0
137: 645 0
138: 645 0
139: 645 0
140: 639 0
141: 638 0
142: 645 0
143: 643 0
144: 642 0
145: 645 0
146: 643 0
147: 640 0
148: 648 0
149: 642 0
150: 643 0
151: 643 0
152: 643 0
153: 646 0
154: 641 0
155: 640 0
156: 642 0
157: 641 0
158: 644 0
159: 643 0
160: 642 0
161: 640 0
162: 645 0
163: 645 0
164: 640 0
165: 640 0
166: 643 0
167: 642 0
168: 644 0
169: 643 0
170: 637 0
171: 634 0
172: 639 0
173: 647 0
174: 643 0
175: 644 0
176: 644 0
177: 644 0
178: 644 0
179: 643 0
180: 642 0
181: 645 0
182: 644 0
183: 641 0
184: 640 0
185: 643 0
186: 643 0
187: 632 1
188: 637 1
189: 640 1
190: 640 1
191: 646 1
192: 640 1
193: 643 1
194: 645 1
195: 639 1
196: 651 1
197: 645 1
198: 642 1
199: 644 1
200: 640 1
201: 642 1
202: 642 1
203: 640 1
204: 640 1
205: 638 1
206: 646 1
207: 642 1
208: 638 1
209: 642 1
210: 641 1
211: 643 1
212: 641 1
213: 642 1
214: 640 1
215: 646 1
216: 641 1
217: 645 1
218: 645 1
219: 641 1
220: 641 1
221: 641 1
222: 639 1
223: 644 1
224: 642 1
225: 642 1
226: 633 1
227: 642 1
228: 643 1
229: 643 1
230: 639 1
231: 640 1
232: 644 1
233: 636 1
234: 648 1
235: 642 1
236: 642 1
237: 644 1
238: 643 1
239: 640 1
240: 642 1
241: 642 1
242: 644 1
243: 642 1
244: 644 1
245: 639 1
246: 645 1
247: 636 1
248: 645 1
249: 639 1
250: 641 1
251: 646 1
252: 643 1
253: 645 1
254: 644 1
255: 644 1
256: 642 1
257: 637 1
258: 638 1
259: 637 1
260: 643 1
261: 638 1
262: 640 1
263: 645 1
264: 645 1
265: 646 1
266: 644 1
267: 642 1
268: 641 1
269: 643 1
270: 648 1
271: 644 1
272: 647 1
273: 643 1
274: 643 1
275: 643 1
276: 642 1
277: 645 1
278: 635 1
279: 647 1
280: 639 1
281: 645 1
282: 636 1
283: 637 1
284: 643 1
285: 638 1
286: 639 1
287: 640 1
288: 645 1
289: 640 1
290: 646 1
291: 643 1
292: 643 1
293: 645 1
294: 643 1
295: 644 1
296: 641 1
297: 647 1
298: 644 1
299: 643 1
300: 641 1
301: 641 1
302: 646 1
303: 639 1
304: 644 1
305: 643 1
306: 639 1
307: 646 1
308: 648 1
309: 649 1
310: 639 1
311: 652 1
312: 640 1
313: 641 1
314: 644 1
315: 645 1
316: 645 1
317: 641 1
318: 645 1
319: 642 1
320: 642 1
321: 644 1
322: 643 1
323: 642 1
324: 643 1
325: 652 1
326: 648 1
327: 642 1
328: 649 1
329: 646 1
330: 642 1
331: 647 1
332: 644 1
333: 646 1
334: 636 1
335: 646 1
336: 642 1
337: 641 1
338: 642 1
339: 643 1
340: 644 1
341: 639 1
342: 651 1
343: 643 1
344: 642 1
345: 642 1
346: 637 1
347: 642 1
348: 638 1
349: 643 1
350: 644 1
351: 643 1
352: 644 1
353: 641 1
354: 644 1
355: 644 1
356: 649 1
357: 642 1
358: 650 1
359: 647 1
360: 644 1
361: 646 1
362: 642 1
363: 640 1
364: 641 1
365: 643 1
366: 646 1
367: 635 1
368: 631 1
369: 638 1
370: 642 1
371: 638 1
372: 646 1
373: 644 1
374: 647 1
375: 645 1
376: 637 1
377: 645 1
378: 650 1
379: 646 1
380: 648 1
381: 642 1
382: 657 1
383: 645 0
384: 644 0
385: 645 0
386: 646 0
387: 648 0
388: 649 0
389: 642 0
390: 646 0
391: 644 0
392: 643 0
393: 642 0
394: 645 0
395: 645 0
396: 637 0
397: 646 0
398: 644 0
399: 647 0
400: 650 0
401: 645 0
402: 644 0
403: 644 0
404: 643 0
405: 643 0
406: 646 0
407: 646 0
408: 643 0
409: 643 0
410: 642 0
411: 646 0
412: 645 0
413: 643 0
414: 640 0
415: 642 0
416: 644 0
417: 646 0
418: 647 0
419: 642 0
420: 643 0
421: 638 0
422: 641 0
423: 640 0
424: 642 0
425: 638 0
426: 646 0
427: 648 0
428: 643 0
429: 640 0
430: 644 0
431: 643 0
432: 644 0
433: 647 0
434: 645 0
435: 646 0
436: 645 0
437: 645 0
438: 649 0
439: 646 0
440: 646 0
441: 645 0
442: 648 0
443: 645 0
444: 649 0
445: 647 0
446: 642 0
447: 648 0
448: 644 0
449: 644 0
450: 648 0
451: 644 0
452: 648 0
453: 640 0
454: 644 0
455: 645 0
456: 646 0
457: 647 0
458: 645 0
459: 650 0
460: 645 0
461: 646 0
462: 642 0
463: 641 0
464: 643 0
465: 645 0
466: 644 0
467: 644 0
468: 641 0
469: 645 0
470: 645 0
471: 642 0
472: 646 0
473: 646 0
474: 644 0
475: 640 0
476: 643 0
477: 641 0
478: 645 0
479: 645 0
480: 643 0
481: 642 0
482: 642 0
483: 641 0
484: 644 0
485: 644 0
486: 644 0
487: 641 0
488: 643 0
489: 646 0
490: 644 0
491: 645 0
492: 645 0
493: 647 0
494: 648 0
495: 647 0
496: 648 0
497: 645 0
498: 645 0
499: 648 0
500: 650 0
