1: 718 0
2: 717 0
3: 718 0
4: 717 0
5: 717 0
6: 718 0
7: 717 0
8: 717 0
9: 718 0
10: 717 0
11: 717 0
12: 719 0
13: 720 0
14: 717 0
15: 718 0
16: 717 0
17: 718 0
18: 719 0
19: 717 0
20: 717 0
21: 718 0
22: 718 0
23: 717 0
24: 717 0
25: 717 0
26: 717 0
27: 717 0
28: 717 0
29: 717 0
30: 717 0
31: 717 0
32: 717 0
33: 717 0
34: 717 0
35: 717 0
36: 717 0
37: 717 0
38: 717 0
39: 717 0
40: 717 0
41: 717 0
42: 717 0
43: 717 0
44: 717 0
45: 717 0
46: 717 0
47: 717 0
48: 717 0
49: 717 0
50: 717 0
51: 717 0
52: 717 0
53: 717 0
54: 717 0
55: 717 0
56: 717 0
57: 717 0
58: 717 0
59: 717 0
60: 717 0
61: 717 0
62: 717 0
63: 717 0
64: 717 0
65: 717 0
66: 717 0
67: 717 0
68: 717 0
69: 717 0
70: 717 0
71: 717 0
72: 717 0
73: 717 0
74: 717 0
75: 717 0
76: 717 0
77: 717 0
78: 717 0
79: 717 0
80: 717 0
81: 717 0
82: 717 0
83: 717 0
84: 717 0
85: 717 0
86: 717 0
87: 717 0
88: 717 0
89: 717 0
90: 717 0
91: 717 0
92: 717 0
93: 717 0
94: 718 0
95: 717 0
96: 717 0
97: 717 0
98: 717 0
99: 717 0
100: 718 0
101: 717 0
102: 718 0
103: 717 0
104: 717 0
105: 716 0
106: 717 0
107: 717 0
108: 717 0
109: 717 0
110: 717 0
111: 717 0
112: 717 0
113: 717 0
114: 717 0
115: 717 0
116: 717 0
117: 717 0
118: 717 0
119: 717 0
120: 717 0
121: 716 0
122: 717 0
123: 717 0
124: 717 0
125: 717 0
126: 717 0
127: 717 0
128: 717 0
129: 717 0
130: 717 0
131: 717 0
132: 717 0
133: 717 0
134: 717 0
135: 717 0
136: 717 0
137: 717 0
138: 716 0
139: 717 0
140: 717 0
141: 717 0
142: 717 0
143: 717 0
144: 717 0
145: 717 0
146: 717 0
147: 717 0
148: 717 0
149: 717 0
150: 717 0
151: 717 0
152: 717 0
153: 717 0
154: 717 0
155: 717 0
156: 717 0
157: 717 0
158: 717 0
159: 717 0
160: 716 0
161: 717 0
162: 717 0
163: 717 0
164: 717 0
165: 717 0
166: 717 0
167: 717 0
168: 716 0
169: 717 0
170: 717 0
171: 717 0
172: 717 0
173: 717 0
174: 717 0
175: 717 0
176: 717 0
177: 717 0
178: 717 0
179: 717 0
180: 717 0
181: 718 0
182: 717 0
183: 717 0
184: 717 0
185: 717 0
186: 717 0
187: 717 0
188: 717 0
189: 717 0
190: 717 0
191: 717 0
192: 717 0
193: 717 0
194: 717 0
195: 718 0
196: 722 1
197: 717 1
198: 715 1
199: 717 1
200: 715 1
201: 717 1
202: 715 1
203: 717 1
204: 714 1
205: 721 1
206: 715 1
207: 720 1
208: 717 1
209: 715 1
210: 717 1
211: 715 1
212: 717 1
213: 715 1
214: 719 1
215: 715 1
216: 716 1
217: 717 1
218: 716 1
219: 717 1
220: 715 1
221: 717 1
222: 715 1
223: 717 1
224: 715 1
225: 718 1
226: 714 1
227: 718 1
228: 712 1
229: 716 1
230: 717 1
231: 715 1
232: 717 1
233: 715 1
234: 717 1
235: 715 1
236: 717 1
237: 715 1
238: 718 1
239: 713 1
240: 718 1
241: 711 1
242: 715 1
243: 717 1
244: 715 1
245: 717 1
246: 715 1
247: 718 1
248: 711 1
249: 716 1
250: 716 1
251: 715 1
252: 717 1
253: 715 1
254: 717 1
255: 715 1
256: 718 1
257: 715 1
258: 717 1
259: 714 1
260: 721 1
261: 710 1
262: 717 1
263: 717 1
264: 715 1
265: 718 1
266: 715 1
267: 717 1
268: 715 1
269: 719 1
270: 714 1
271: 721 1
272: 710 1
273: 717 1
274: 717 1
275: 715 1
276: 717 1
277: 716 1
278: 718 1
279: 715 1
280: 717 1
281: 712 1
282: 722 1
283: 717 1
284: 715 1
285: 718 1
286: 715 1
287: 718 1
288: 716 1
289: 718 1
290: 715 1
291: 717 1
292: 715 1
293: 722 1
294: 717 1
295: 715 1
296: 717 1
297: 715 1
298: 718 1
299: 715 1
300: 719 1
301: 713 1
302: 722 1
303: 712 1
304: 719 1
305: 717 1
306: 716 1
307: 717 1
308: 715 1
309: 717 1
310: 716 1
311: 718 1
312: 714 1
313: 718 1
314: 711 1
315: 715 1
316: 717 1
317: 715 1
318: 718 1
319: 715 1
320: 717 1
321: 715 1
322: 717 1
323: 715 1
324: 719 1
325: 713 1
326: 721 1
327: 717 1
328: 715 1
329: 717 1
330: 715 1
331: 718 1
332: 713 1
333: 716 1
334: 710 1
335: 716 1
336: 717 1
337: 715 1
338: 717 1
339: 715 1
340: 717 1
341: 715 1
342: 717 1
343: 717 1
344: 717 1
345: 715 1
346: 720 1
347: 717 1
348: 715 1
349: 717 1
350: 715 1
351: 717 1
352: 715 1
353: 717 1
354: 715 1
355: 717 1
356: 714 1
357: 718 1
358: 710 1
359: 719 1
360: 717 1
361: 715 1
362: 717 1
363: 715 1
364: 717 1
365: 715 1
366: 717 1
367: 712 1
368: 722 1
369: 717 1
370: 715 1
371: 718 1
372: 715 1
373: 718 1
374: 715 1
375: 717 1
376: 715 1
377: 717 1
378: 714 1
379: 722 1
380: 715 1
381: 715 1
382: 717 1
383: 715 1
384: 718 1
385: 715 1
386: 717 1
387: 715 1
388: 717 1
389: 715 1
390: 719 1
391: 715 1
392: 721 1
393: 716 0
394: 717 0
395: 717 0
396: 717 0
397: 717 0
398: 717 0
399: 717 0
400: 717 0
401: 717 0
402: 717 0
403: 717 0
404: 716 0
405: 717 0
406: 717 0
407: 717 0
408: 717 0
409: 717 0
410: 717 0
411: 717 0
412: 717 0
413: 717 0
414: 717 0
415: 717 0
416: 717 0
417: 716 0
418: 717 0
419: 717 0
420: 717 0
421: 717 0
422: 717 0
423: 717 0
424: 718 0
425: 717 0
426: 717 0
427: 717 0
428: 717 0
429: 717 0
430: 717 0
431: 717 0
432: 717 0
433: 717 0
434: 717 0
435: 717 0
436: 717 0
437: 717 0
438: 717 0
439: 717 0
440: 717 0
441: 717 0
442: 717 0
443: 717 0
444: 717 0
445: 717 0
446: 717 0
447: 717 0
448: 717 0
449: 717 0
450: 717 0
451: 717 0
452: 717 0
453: 717 0
454: 717 0
455: 717 0
456: 717 0
457: 717 0
458: 716 0
459: 717 0
460: 717 0
461: 717 0
462: 717 0
463: 717 0
464: 716 0
465: 717 0
466: 717 0
467: 717 0
468: 717 0
469: 717 0
470: 717 0
471: 717 0
472: 717 0
473: 717 0
474: 717 0
475: 717 0
476: 717 0
477: 717 0
478: 717 0
479: 717 0
480: 717 0
481: 717 0
482: 717 0
483: 717 0
484: 717 0
485: 717 0
486: 717 0
487: 717 0
488: 717 0
489: 717 0
490: 717 0
491: 717 0
492: 717 0
493: 717 0
494: 717 0
495: 716 0
496: 716 0
497: 717 0
498: 717 0
499: 716 0
500: 716 0
