1: 687 1
2: 679 1
3: 720 1
4: 521 1
5: 721 1
6: 476 1
7: 716 1
8: 720 1
9: 719 1
10: 720 1
11: 275 1
12: 723 1
13: 2 1
14: 693 1
15: 718 1
16: 720 1
17: 658 1
18: 720 1
19: 714 1
20: 122 1
21: 723 1
22: 715 1
23: 722 1
24: 682 1
25: 691 1
26: 567 1
27: 647 1
28: 630 1
29: 15 1
30: 705 1
31: 651 1
32: 722 1
33: 717 1
34: 717 1
35: 231 1
36: 718 1
37: 719 1
38: 313 1
39: 505 1
40: 719 1
41: 253 1
42: 617 1
43: 717 1
44: 718 1
45: 718 1
46: 183 1
47: 712 1
48: 720 1
49: 720 1
50: 702 1
51: 719 0
52: 718 0
53: 661 0
54: 600 0
55: 579 0
56: 714 0
57: 623 0
58: 589 0
59: 650 0
60: 668 0
61: 717 0
62: 671 0
63: 653 0
64: 720 0
65: 661 0
66: 679 0
67: 390 0
68: 492 0
69: 686 0
70: 719 0
71: 719 0
72: 518 0
73: 236 0
74: 720 0
75: 0 0
76: 719 0
77: 714 0
78: 43 0
79: 63 0
80: 701 0
81: 0 0
82: 0 0
83: 90 0
84: 335 0
85: 508 0
86: 663 0
87: 308 0
88: 0 0
89: 632 0
90: 643 0
91: 673 0
92: 719 0
93: 717 0
94: 663 0
95: 719 0
96: 719 0
97: 681 0
98: 720 0
99: 310 0
100: 720 0
101: 717 0
102: 658 0
103: 695 0
104: 440 0
105: 720 0
106: 717 0
107: 719 0
108: 707 0
109: 0 0
110: 715 0
111: 290 0
112: 557 0
113: 719 0
114: 719 0
115: 719 0
116: 720 0
117: 0 0
118: 222 0
119: 666 0
120: 716 0
121: 613 0
122: 719 0
123: 235 0
124: 345 0
125: 21 0
126: 719 0
127: 718 0
128: 718 0
129: 683 0
130: 611 0
131: 261 0
132: 544 0
133: 555 0
134: 121 0
135: 469 0
136: 642 0
137: 707 0
138: 0 0
139: 486 0
140: 619 0
141: 720 0
142: 683 0
143: 551 0
144: 265 0
145: 719 0
146: 711 0
147: 719 0
148: 464 0
149: 690 0
150: 549 0
151: 309 0
152: 537 0
153: 719 0
154: 715 0
155: 686 0
156: 719 0
157: 719 0
158: 702 0
159: 662 0
160: 185 0
161: 0 0
162: 584 0
163: 697 0
164: 60 0
165: 0 0
166: 719 0
167: 719 0
168: 719 0
169: 237 0
170: 396 0
171: 684 0
172: 448 0
173: 261 0
174: 0 0
175: 719 0
176: 630 0
177: 0 0
178: 719 0
179: 719 0
180: 719 0
181: 719 0
182: 720 0
183: 720 0
184: 719 0
185: 701 0
186: 719 0
187: 512 0
188: 156 0
189: 561 0
190: 719 0
191: 45 0
192: 0 0
193: 0 0
194: 115 0
195: 445 0
196: 486 0
197: 2 0
198: 546 0
199: 693 0
200: 254 0
201: 0 0
202: 659 0
203: 487 0
204: 0 0
205: 31 0
206: 701 0
207: 689 0
208: 227 0
209: 424 0
210: 516 0
211: 0 0
212: 91 0
213: 167 0
214: 489 0
215: 341 0
216: 295 0
217: 159 0
218: 695 0
219: 719 0
220: 265 0
221: 719 0
222: 261 0
223: 417 0
224: 5 0
225: 605 0
226: 293 0
227: 673 0
228: 278 0
229: 691 0
230: 539 0
231: 677 0
232: 718 0
233: 718 0
234: 718 0
235: 716 0
236: 526 0
237: 709 0
238: 668 0
239: 718 0
240: 0 0
241: 708 0
242: 718 0
243: 603 0
244: 718 0
245: 717 0
246: 246 0
247: 681 0
248: 718 0
249: 718 0
250: 653 1
251: 717 1
252: 717 1
253: 184 1
254: 635 1
255: 717 1
256: 708 1
257: 717 1
258: 714 1
259: 716 1
260: 574 1
261: 0 1
262: 305 1
263: 718 1
264: 717 1
265: 625 1
266: 716 1
267: 718 1
268: 716 1
269: 536 1
270: 693 1
271: 721 1
272: 377 1
273: 717 1
274: 642 1
275: 47 1
276: 716 1
277: 684 1
278: 639 1
279: 100 1
280: 634 1
281: 598 1
282: 714 1
283: 717 1
284: 582 1
285: 528 1
286: 719 1
287: 716 1
288: 718 1
289: 687 1
290: 387 1
291: 711 1
292: 716 1
293: 696 1
294: 681 1
295: 693 1
296: 717 1
297: 548 1
298: 716 1
299: 610 1
300: 1 1
301: 721 1
302: 701 1
303: 715 1
304: 706 1
305: 717 1
306: 718 1
307: 716 1
308: 718 1
309: 716 1
310: 718 1
311: 433 1
312: 718 1
313: 717 1
314: 718 1
315: 717 1
316: 723 1
317: 714 1
318: 640 1
319: 583 1
320: 712 1
321: 720 1
322: 99 1
323: 699 1
324: 0 1
325: 375 1
326: 718 1
327: 718 1
328: 716 1
329: 133 1
330: 716 1
331: 662 1
332: 718 1
333: 717 1
334: 437 1
335: 717 1
336: 716 1
337: 716 1
338: 107 1
339: 30 1
340: 716 1
341: 719 1
342: 716 1
343: 2 1
344: 672 1
345: 491 1
346: 82 1
347: 390 1
348: 566 1
349: 605 1
350: 710 1
351: 699 1
352: 3 1
353: 659 1
354: 287 1
355: 714 1
356: 562 1
357: 575 1
358: 0 1
359: 2 1
360: 678 1
361: 468 1
362: 722 1
363: 718 1
364: 716 1
365: 634 1
366: 715 1
367: 719 1
368: 716 1
369: 719 1
370: 716 1
371: 722 1
372: 711 1
373: 720 1
374: 714 1
375: 723 1
376: 718 1
377: 717 1
378: 718 1
379: 715 1
380: 714 1
381: 716 1
382: 719 1
383: 712 1
384: 717 1
385: 718 1
386: 712 1
387: 638 1
388: 638 1
389: 715 1
390: 8 1
391: 698 1
392: 292 1
393: 433 1
394: 716 1
395: 58 1
396: 226 1
397: 60 1
398: 481 1
399: 710 1
400: 548 1
401: 710 1
402: 718 1
403: 122 1
404: 0 1
405: 709 1
406: 134 1
407: 321 1
408: 310 1
409: 702 1
410: 716 1
411: 594 1
412: 249 1
413: 47 1
414: 0 1
415: 468 1
416: 671 1
417: 279 1
418: 41 1
419: 283 1
420: 0 1
421: 23 1
422: 587 1
423: 583 1
424: 280 1
425: 10 1
426: 720 1
427: 0 1
428: 688 1
429: 446 1
430: 559 1
431: 280 1
432: 699 1
433: 586 1
434: 246 1
435: 439 1
436: 493 1
437: 717 1
438: 632 1
439: 674 1
440: 153 1
441: 115 1
442: 250 1
443: 699 1
444: 0 1
445: 161 1
446: 246 1
447: 678 1
448: 558 0
449: 712 0
450: 712 0
451: 700 0
452: 30 0
453: 228 0
454: 404 0
455: 690 0
456: 0 0
457: 27 0
458: 206 0
459: 443 0
460: 22 0
461: 72 0
462: 645 0
463: 87 0
464: 0 0
465: 0 0
466: 0 0
467: 718 0
468: 402 0
469: 289 0
470: 49 0
471: 605 0
472: 266 0
473: 55 0
474: 0 0
475: 645 0
476: 211 0
477: 493 0
478: 719 0
479: 607 0
480: 620 0
481: 205 0
482: 718 0
483: 229 0
484: 718 0
485: 716 0
486: 265 0
487: 718 0
488: 364 0
489: 0 0
490: 584 0
491: 717 0
492: 103 0
493: 718 0
494: 274 0
495: 173 0
496: 225 0
497: 0 0
498: 579 0
499: 13 0
500: 718 0
