1: 471 0
2: 480 0
3: 467 0
4: 476 0
5: 474 0
6: 464 0
7: 476 0
8: 464 0
9: 468 0
10: 461 0
11: 472 0
12: 474 0
13: 464 0
14: 478 0
15: 482 0
16: 477 0
17: 460 0
18: 482 0
19: 478 0
20: 476 0
21: 480 0
22: 469 0
23: 478 0
24: 481 0
25: 476 0
26: 484 0
27: 476 0
28: 465 0
29: 481 0
30: 471 0
31: 478 0
32: 478 0
33: 468 0
34: 468 0
35: 466 0
36: 479 0
37: 470 0
38: 467 0
39: 467 0
40: 480 0
41: 475 0
42: 469 0
43: 468 0
44: 470 0
45: 475 0
46: 482 0
47: 469 0
48: 473 0
49: 464 0
50: 475 0
51: 468 0
52: 470 0
53: 478 0
54: 466 0
55: 473 0
56: 466 0
57: 469 0
58: 472 0
59: 461 0
60: 470 0
61: 477 0
62: 480 0
63: 466 0
64: 471 0
65: 474 0
66: 474 0
67: 480 0
68: 473 0
69: 478 0
70: 478 0
71: 464 0
72: 466 0
73: 475 0
74: 467 0
75: 465 0
76: 477 0
77: 459 0
78: 480 0
79: 479 0
80: 466 0
81: 482 0
82: 471 0
83: 482 0
84: 480 0
85: 474 0
86: 465 0
87: 468 0
88: 477 0
89: 483 0
90: 467 0
91: 468 0
92: 473 0
93: 464 0
94: 477 0
95: 468 0
96: 464 0
97: 480 0
98: 469 0
99: 478 0
100: 461 0
101: 466 0
102: 475 0
103: 471 0
104: 467 0
105: 478 0
106: 476 0
107: 467 0
108: 465 0
109: 481 0
110: 471 0
111: 484 0
112: 472 0
113: 480 0
114: 478 0
115: 466 0
116: 469 0
117: 474 0
118: 464 0
119: 463 0
120: 473 0
121: 470 0
122: 477 0
123: 469 0
124: 477 0
125: 471 0
126: 471 0
127: 475 0
128: 468 0
129: 478 0
130: 472 0
131: 469 0
132: 465 0
133: 471 0
134: 469 0
135: 465 0
136: 471 0
137: 470 0
138: 473 0
139: 483 0
140: 477 0
141: 470 0
142: 478 0
143: 481 0
144: 472 0
145: 471 0
146: 464 0
147: 477 0
148: 480 0
149: 482 0
150: 472 0
151: 474 0
152: 459 0
153: 474 0
154: 468 0
155: 484 0
156: 461 0
157: 479 0
158: 469 0
159: 472 0
160: 484 0
161: 473 0
162: 483 0
163: 477 0
164: 467 0
165: 469 0
166: 470 0
167: 469 0
168: 468 0
169: 468 0
170: 478 0
171: 474 0
172: 466 0
173: 472 0
174: 474 0
175: 471 0
176: 478 0
177: 464 0
178: 472 0
179: 474 0
180: 478 0
181: 466 0
182: 463 0
183: 480 0
184: 468 0
185: 483 0
186: 482 0
187: 464 0
188: 470 0
189: 467 0
190: 481 0
191: 475 0
192: 483 0
193: 476 0
194: 476 1
195: 483 1
196: 478 1
197: 475 1
198: 468 1
199: 472 1
200: 484 1
201: 475 1
202: 479 1
203: 482 1
204: 477 1
205: 482 1
206: 476 1
207: 477 1
208: 473 1
209: 477 1
210: 483 1
211: 467 1
212: 474 1
213: 467 1
214: 475 1
215: 487 1
216: 472 1
217: 481 1
218: 467 1
219: 489 1
220: 477 1
221: 478 1
222: 485 1
223: 463 1
224: 487 1
225: 481 1
226: 492 1
227: 467 1
228: 476 1
229: 483 1
230: 478 1
231: 474 1
232: 481 1
233: 476 1
234: 483 1
235: 472 1
236: 467 1
237: 473 1
238: 485 1
239: 462 1
240: 482 1
241: 476 1
242: 487 1
243: 480 1
244: 477 1
245: 483 1
246: 472 1
247: 490 1
248: 480 1
249: 479 1
250: 480 1
251: 475 1
252: 477 1
253: 477 1
254: 478 1
255: 464 1
256: 471 1
257: 476 1
258: 477 1
259: 469 1
260: 470 1
261: 482 1
262: 476 1
263: 483 1
264: 484 1
265: 478 1
266: 484 1
267: 481 1
268: 475 1
269: 470 1
270: 476 1
271: 483 1
272: 473 1
273: 485 1
274: 465 1
275: 473 1
276: 463 1
277: 468 1
278: 482 1
279: 470 1
280: 488 1
281: 483 1
282: 467 1
283: 479 1
284: 471 1
285: 468 1
286: 466 1
287: 469 1
288: 473 1
289: 481 1
290: 470 1
291: 471 1
292: 477 1
293: 484 1
294: 468 1
295: 481 1
296: 477 1
297: 465 1
298: 474 1
299: 467 1
300: 479 1
301: 478 1
302: 481 1
303: 475 1
304: 465 1
305: 464 1
306: 477 1
307: 484 1
308: 469 1
309: 478 1
310: 468 1
311: 472 1
312: 473 1
313: 472 1
314: 469 1
315: 466 1
316: 480 1
317: 475 1
318: 473 1
319: 464 1
320: 475 1
321: 464 1
322: 473 1
323: 488 1
324: 465 1
325: 483 1
326: 469 1
327: 464 1
328: 469 1
329: 478 1
330: 479 1
331: 482 1
332: 471 1
333: 473 1
334: 486 1
335: 476 1
336: 473 1
337: 468 1
338: 470 1
339: 483 1
340: 469 1
341: 484 1
342: 466 1
343: 485 1
344: 479 1
345: 474 1
346: 466 1
347: 474 1
348: 468 1
349: 474 1
350: 469 1
351: 463 1
352: 469 1
353: 474 1
354: 485 1
355: 479 1
356: 476 1
357: 464 1
358: 480 1
359: 480 1
360: 469 1
361: 469 1
362: 463 1
363: 465 1
364: 484 1
365: 470 1
366: 482 1
367: 475 1
368: 471 1
369: 469 1
370: 467 1
371: 469 1
372: 484 1
373: 462 1
374: 482 1
375: 480 1
376: 478 1
377: 473 1
378: 482 1
379: 462 1
380: 481 1
381: 467 1
382: 477 1
383: 477 1
384: 482 1
385: 466 1
386: 488 1
387: 468 1
388: 467 1
389: 476 1
390: 472 0
391: 469 0
392: 477 0
393: 479 0
394: 475 0
395: 470 0
396: 479 0
397: 470 0
398: 468 0
399: 469 0
400: 460 0
401: 462 0
402: 467 0
403: 480 0
404: 471 0
405: 475 0
406: 470 0
407: 476 0
408: 470 0
409: 473 0
410: 479 0
411: 471 0
412: 481 0
413: 477 0
414: 471 0
415: 469 0
416: 467 0
417: 469 0
418: 480 0
419: 464 0
420: 475 0
421: 466 0
422: 477 0
423: 461 0
424: 475 0
425: 463 0
426: 473 0
427: 471 0
428: 463 0
429: 465 0
430: 461 0
431: 478 0
432: 472 0
433: 478 0
434: 467 0
435: 481 0
436: 473 0
437: 479 0
438: 466 0
439: 474 0
440: 479 0
441: 477 0
442: 463 0
443: 467 0
444: 479 0
445: 478 0
446: 473 0
447: 465 0
448: 473 0
449: 477 0
450: 481 0
451: 471 0
452: 479 0
453: 467 0
454: 473 0
455: 470 0
456: 468 0
457: 465 0
458: 463 0
459: 472 0
460: 467 0
461: 479 0
462: 465 0
463: 471 0
464: 481 0
465: 464 0
466: 484 0
467: 470 0
468: 471 0
469: 474 0
470: 475 0
471: 473 0
472: 468 0
473: 467 0
474: 476 0
475: 472 0
476: 480 0
477: 477 0
478: 467 0
479: 481 0
480: 465 0
481: 479 0
482: 478 0
483: 469 0
484: 466 0
485: 465 0
486: 466 0
487: 479 0
488: 467 0
489: 477 0
490: 467 0
491: 482 0
492: 466 0
493: 476 0
494: 479 0
495: 470 0
496: 475 0
497: 481 0
498: 463 0
499: 481 0
500: 468 0
