1: 722 0
2: 697 0
3: 722 0
4: 0 0
5: 711 0
6: 722 0
7: 595 0
8: 718 0
9: 412 0
10: 722 0
11: 722 0
12: 633 0
13: 687 0
14: 715 0
15: 722 0
16: 631 0
17: 698 0
18: 637 0
19: 722 0
20: 439 0
21: 560 0
22: 642 0
23: 722 0
24: 721 0
25: 722 0
26: 722 0
27: 722 0
28: 722 0
29: 722 0
30: 722 0
31: 722 0
32: 722 0
33: 722 0
34: 722 0
35: 722 0
36: 722 0
37: 721 0
38: 721 0
39: 722 0
40: 692 0
41: 722 0
42: 722 0
43: 722 0
44: 722 0
45: 715 0
46: 721 0
47: 722 0
48: 722 0
49: 722 0
50: 722 0
51: 720 0
52: 722 0
53: 722 0
54: 722 0
55: 722 0
56: 720 0
57: 711 0
58: 722 0
59: 722 0
60: 722 0
61: 623 0
62: 722 0
63: 351 0
64: 721 0
65: 708 0
66: 722 0
67: 722 0
68: 546 0
69: 0 0
70: 722 0
71: 721 0
72: 722 0
73: 722 0
74: 641 0
75: 722 0
76: 721 0
77: 721 0
78: 722 0
79: 722 0
80: 722 0
81: 722 0
82: 549 0
83: 720 0
84: 142 0
85: 720 0
86: 722 0
87: 722 0
88: 596 0
89: 721 0
90: 718 0
91: 721 0
92: 722 0
93: 646 0
94: 721 0
95: 721 0
96: 722 0
97: 721 0
98: 701 0
99: 720 0
100: 710 0
101: 721 0
102: 722 0
103: 14 0
104: 722 0
105: 612 0
106: 721 0
107: 721 0
108: 722 0
109: 722 0
110: 722 0
111: 722 0
112: 722 0
113: 722 0
114: 721 0
115: 722 0
116: 722 0
117: 654 0
118: 721 0
119: 721 0
120: 722 0
121: 637 0
122: 722 0
123: 722 0
124: 722 0
125: 722 0
126: 722 0
127: 722 0
128: 722 0
129: 722 0
130: 712 0
131: 722 0
132: 722 0
133: 722 0
134: 628 0
135: 415 0
136: 716 0
137: 722 0
138: 224 0
139: 722 0
140: 583 0
141: 722 0
142: 722 0
143: 133 0
144: 722 0
145: 722 0
146: 722 0
147: 696 0
148: 77 0
149: 722 0
150: 721 0
151: 709 0
152: 722 0
153: 689 0
154: 722 1
155: 659 1
156: 722 1
157: 596 1
158: 455 1
159: 720 1
160: 544 1
161: 239 1
162: 0 1
163: 717 1
164: 721 1
165: 722 1
166: 719 1
167: 723 1
168: 722 1
169: 720 1
170: 722 1
171: 720 1
172: 722 1
173: 720 1
174: 618 1
175: 675 1
176: 715 1
177: 722 1
178: 721 1
179: 722 1
180: 720 1
181: 723 1
182: 0 1
183: 657 1
184: 706 1
185: 713 1
186: 722 1
187: 720 1
188: 725 1
189: 722 1
190: 720 1
191: 261 1
192: 0 1
193: 714 1
194: 722 1
195: 718 1
196: 721 1
197: 556 1
198: 720 1
199: 223 1
200: 228 1
201: 486 1
202: 720 1
203: 721 1
204: 719 1
205: 721 1
206: 708 1
207: 727 1
208: 719 1
209: 726 1
210: 716 1
211: 725 1
212: 710 1
213: 721 1
214: 715 1
215: 722 1
216: 702 1
217: 719 1
218: 722 1
219: 720 1
220: 722 1
221: 689 1
222: 48 1
223: 721 1
224: 723 1
225: 720 1
226: 723 1
227: 720 1
228: 727 1
229: 722 1
230: 557 1
231: 722 1
232: 721 1
233: 722 1
234: 707 1
235: 726 1
236: 716 1
237: 720 1
238: 222 1
239: 672 1
240: 634 1
241: 689 1
242: 88 1
243: 578 1
244: 713 1
245: 722 1
246: 706 1
247: 725 1
248: 675 1
249: 582 1
250: 679 1
251: 709 1
252: 722 1
253: 0 1
254: 432 1
255: 673 1
256: 0 1
257: 714 1
258: 679 1
259: 579 1
260: 718 1
261: 423 1
262: 715 1
263: 695 1
264: 720 1
265: 720 1
266: 722 1
267: 720 1
268: 722 1
269: 717 1
270: 726 1
271: 480 1
272: 720 1
273: 722 1
274: 720 1
275: 722 1
276: 611 1
277: 726 1
278: 720 1
279: 720 1
280: 722 1
281: 720 1
282: 722 1
283: 720 1
284: 722 1
285: 720 1
286: 41 1
287: 681 1
288: 406 1
289: 632 1
290: 701 1
291: 720 1
292: 645 1
293: 327 1
294: 692 1
295: 121 1
296: 333 1
297: 705 1
298: 719 1
299: 452 1
300: 721 1
301: 0 1
302: 10 1
303: 685 1
304: 259 1
305: 690 1
306: 722 1
307: 355 1
308: 701 1
309: 720 1
310: 719 1
311: 719 1
312: 657 1
313: 720 1
314: 727 1
315: 722 1
316: 719 1
317: 609 1
318: 681 1
319: 388 1
320: 696 1
321: 726 1
322: 493 1
323: 338 1
324: 721 1
325: 674 1
326: 722 1
327: 720 1
328: 722 1
329: 718 1
330: 198 1
331: 722 1
332: 720 1
333: 722 1
334: 682 1
335: 720 1
336: 503 1
337: 455 1
338: 723 1
339: 720 1
340: 723 1
341: 722 1
342: 720 1
343: 261 1
344: 720 1
345: 722 1
346: 715 1
347: 0 1
348: 722 1
349: 638 1
350: 722 1
351: 721 0
352: 721 0
353: 716 0
354: 721 0
355: 658 0
356: 245 0
357: 716 0
358: 623 0
359: 722 0
360: 722 0
361: 693 0
362: 722 0
363: 722 0
364: 722 0
365: 712 0
366: 722 0
367: 722 0
368: 722 0
369: 722 0
370: 721 0
371: 722 0
372: 723 0
373: 674 0
374: 722 0
375: 722 0
376: 722 0
377: 722 0
378: 722 0
379: 722 0
380: 722 0
381: 722 0
382: 722 0
383: 530 0
384: 575 0
385: 379 0
386: 67 0
387: 721 0
388: 720 0
389: 679 0
390: 599 0
391: 487 0
392: 593 0
393: 11 0
394: 44 0
395: 414 0
396: 0 0
397: 709 0
398: 722 0
399: 722 0
400: 265 0
401: 720 0
402: 722 0
403: 708 0
404: 401 0
405: 447 0
406: 722 0
407: 722 0
408: 719 0
409: 521 0
410: 67 0
411: 270 0
412: 722 0
413: 722 0
414: 711 0
415: 480 0
416: 26 0
417: 514 0
418: 722 0
419: 616 0
420: 722 0
421: 498 0
422: 718 0
423: 175 0
424: 602 0
425: 700 0
426: 96 0
427: 722 0
428: 671 0
429: 722 0
430: 722 0
431: 721 0
432: 368 0
433: 722 0
434: 722 0
435: 722 0
436: 705 0
437: 721 0
438: 722 0
439: 43 0
440: 722 0
441: 722 0
442: 722 0
443: 622 0
444: 270 0
445: 707 0
446: 722 0
447: 620 0
448: 74 0
449: 0 0
450: 722 0
451: 722 0
452: 722 0
453: 722 0
454: 0 0
455: 142 0
456: 722 0
457: 721 0
458: 722 0
459: 278 0
460: 179 0
461: 0 0
462: 684 0
463: 721 0
464: 721 0
465: 672 0
466: 19 0
467: 722 0
468: 720 0
469: 722 0
470: 719 0
471: 679 0
472: 722 0
473: 704 0
474: 721 0
475: 722 0
476: 722 0
477: 722 0
478: 721 0
479: 722 0
480: 719 0
481: 540 0
482: 402 0
483: 664 0
484: 637 0
485: 697 0
486: 283 0
487: 111 0
488: 495 0
489: 403 0
490: 644 0
491: 721 0
492: 721 0
493: 692 0
494: 233 0
495: 722 0
496: 224 0
497: 1 0
498: 722 0
499: 460 0
500: 477 0
