1: 719 1
2: 719 1
3: 719 1
4: 717 1
5: 719 1
6: 716 1
7: 722 1
8: 718 1
9: 716 1
10: 716 1
11: 714 1
12: 720 1
13: 721 1
14: 719 1
15: 719 1
16: 718 1
17: 721 1
18: 717 1
19: 716 1
20: 716 1
21: 716 1
22: 713 1
23: 720 1
24: 718 1
25: 718 1
26: 718 1
27: 720 1
28: 717 1
29: 716 1
30: 716 1
31: 717 1
32: 712 1
33: 718 1
34: 718 1
35: 719 1
36: 718 1
37: 721 1
38: 716 1
39: 717 1
40: 717 1
41: 716 1
42: 712 1
43: 718 1
44: 719 1
45: 719 1
46: 718 1
47: 44 1
48: 717 1
49: 718 1
50: 718 1
51: 718 1
52: 718 1
53: 719 1
54: 721 1
55: 717 1
56: 717 1
57: 716 1
58: 716 1
59: 712 1
60: 718 1
61: 718 1
62: 718 1
63: 719 1
64: 719 1
65: 719 1
66: 717 1
67: 717 1
68: 716 1
69: 716 1
70: 712 1
71: 718 1
72: 718 1
73: 718 1
74: 718 1
75: 719 1
76: 723 1
77: 717 1
78: 716 1
79: 716 1
80: 716 1
81: 716 1
82: 718 1
83: 718 1
84: 718 1
85: 719 1
86: 717 1
87: 723 1
88: 717 1
89: 716 1
90: 716 1
91: 714 1
92: 718 1
93: 718 1
94: 718 1
95: 718 1
96: 723 1
97: 722 1
98: 717 1
99: 717 1
100: 718 1
101: 716 1
102: 719 1
103: 716 1
104: 717 1
105: 720 1
106: 716 1
107: 718 1
108: 716 1
109: 719 1
110: 716 1
111: 722 1
112: 716 1
113: 721 1
114: 716 1
115: 723 1
116: 714 1
117: 717 1
118: 718 1
119: 716 1
120: 718 1
121: 716 1
122: 719 1
123: 714 1
124: 717 1
125: 718 1
126: 717 1
127: 718 1
128: 716 1
129: 718 1
130: 716 1
131: 719 1
132: 716 1
133: 719 1
134: 714 1
135: 717 1
136: 718 1
137: 717 1
138: 718 1
139: 582 1
140: 723 1
141: 718 1
142: 715 1
143: 718 1
144: 717 1
145: 718 1
146: 716 1
147: 718 1
148: 716 1
149: 638 1
150: 715 1
151: 717 1
152: 716 1
153: 723 1
154: 713 1
155: 717 1
156: 718 1
157: 717 1
158: 513 1
159: 659 1
160: 718 1
161: 716 1
162: 721 1
163: 716 1
164: 717 1
165: 718 1
166: 425 1
167: 718 1
168: 716 1
169: 721 1
170: 718 1
171: 718 0
172: 718 0
173: 718 0
174: 718 0
175: 719 0
176: 718 0
177: 595 0
178: 718 0
179: 718 0
180: 718 0
181: 718 0
182: 718 0
183: 718 0
184: 660 0
185: 718 0
186: 719 0
187: 720 0
188: 719 0
189: 718 0
190: 718 0
191: 718 0
192: 544 0
193: 704 0
194: 715 0
195: 605 0
196: 718 0
197: 718 0
198: 521 0
199: 718 0
200: 718 0
201: 718 0
202: 718 0
203: 717 0
204: 716 0
205: 718 0
206: 718 0
207: 717 0
208: 718 0
209: 718 0
210: 718 0
211: 718 0
212: 718 0
213: 718 0
214: 718 0
215: 718 0
216: 718 0
217: 718 0
218: 718 0
219: 718 0
220: 718 0
221: 718 0
222: 718 0
223: 718 0
224: 718 0
225: 512 0
226: 718 0
227: 718 0
228: 718 0
229: 718 0
230: 718 0
231: 718 0
232: 666 0
233: 663 0
234: 718 0
235: 696 0
236: 718 0
237: 718 0
238: 717 0
239: 718 0
240: 619 0
241: 718 0
242: 718 0
243: 680 0
244: 718 0
245: 695 0
246: 718 0
247: 708 0
248: 644 0
249: 718 0
250: 718 0
251: 718 0
252: 696 0
253: 718 0
254: 718 0
255: 718 0
256: 716 0
257: 718 0
258: 715 0
259: 718 0
260: 551 0
261: 718 0
262: 667 0
263: 707 0
264: 646 0
265: 0 0
266: 163 0
267: 14 0
268: 0 0
269: 692 0
270: 714 0
271: 718 0
272: 718 0
273: 221 0
274: 666 0
275: 719 0
276: 718 0
277: 718 0
278: 718 0
279: 718 0
280: 718 0
281: 718 0
282: 719 0
283: 718 0
284: 718 0
285: 718 0
286: 719 0
287: 718 0
288: 718 0
289: 718 0
290: 718 0
291: 718 0
292: 718 0
293: 718 0
294: 718 0
295: 713 0
296: 718 0
297: 718 0
298: 687 0
299: 503 0
300: 632 0
301: 718 0
302: 721 0
303: 715 0
304: 720 0
305: 720 0
306: 722 0
307: 687 0
308: 642 0
309: 723 0
310: 718 0
311: 718 0
312: 718 0
313: 718 0
314: 718 0
315: 718 0
316: 718 0
317: 456 0
318: 718 0
319: 702 0
320: 717 0
321: 718 0
322: 718 0
323: 718 0
324: 716 0
325: 718 0
326: 581 0
327: 718 0
328: 720 0
329: 718 0
330: 717 0
331: 685 0
332: 718 0
333: 718 0
334: 718 0
335: 718 0
336: 702 0
337: 691 0
338: 718 0
339: 718 0
340: 718 0
341: 717 0
342: 137 0
343: 718 0
344: 718 0
345: 718 0
346: 607 0
347: 718 0
348: 719 0
349: 267 0
350: 536 0
351: 718 0
352: 148 0
353: 569 0
354: 456 0
355: 718 0
356: 84 0
357: 706 0
358: 551 0
359: 718 0
360: 718 0
361: 550 0
362: 141 0
363: 718 0
364: 719 0
365: 720 0
366: 681 0
367: 717 0
368: 21 1
369: 668 1
370: 272 1
371: 716 1
372: 719 1
373: 624 1
374: 634 1
375: 712 1
376: 722 1
377: 717 1
378: 717 1
379: 628 1
380: 717 1
381: 718 1
382: 712 1
383: 719 1
384: 716 1
385: 718 1
386: 716 1
387: 719 1
388: 346 1
389: 718 1
390: 51 1
391: 716 1
392: 622 1
393: 712 1
394: 2 1
395: 677 1
396: 717 1
397: 599 1
398: 716 1
399: 718 1
400: 717 1
401: 718 1
402: 713 1
403: 718 1
404: 716 1
405: 702 1
406: 714 1
407: 717 1
408: 718 1
409: 716 1
410: 718 1
411: 716 1
412: 718 1
413: 716 1
414: 719 1
415: 716 1
416: 720 1
417: 714 1
418: 723 1
419: 716 1
420: 718 1
421: 718 1
422: 717 1
423: 718 1
424: 716 1
425: 719 1
426: 716 1
427: 721 1
428: 712 1
429: 723 1
430: 716 1
431: 711 1
432: 163 1
433: 716 1
434: 718 1
435: 716 1
436: 671 1
437: 702 1
438: 718 1
439: 716 1
440: 721 1
441: 718 1
442: 717 1
443: 719 1
444: 708 1
445: 712 1
446: 716 1
447: 718 1
448: 716 1
449: 719 1
450: 713 1
451: 721 1
452: 711 1
453: 722 1
454: 718 1
455: 717 1
456: 718 1
457: 716 1
458: 718 1
459: 716 1
460: 719 1
461: 714 1
462: 717 1
463: 718 1
464: 717 1
465: 712 1
466: 717 1
467: 718 1
468: 717 1
469: 718 1
470: 715 1
471: 718 1
472: 716 1
473: 719 1
474: 712 1
475: 717 1
476: 718 1
477: 710 1
478: 718 1
479: 716 1
480: 718 1
481: 716 1
482: 721 1
483: 598 1
484: 723 1
485: 715 1
486: 717 1
487: 711 1
488: 717 1
489: 718 1
490: 296 1
491: 662 1
492: 716 1
493: 707 1
494: 712 1
495: 300 1
496: 644 1
497: 692 1
498: 718 1
499: 716 1
500: 718 1
