1: 121 0
2: 89 0
3: 100 0
4: 92 0
5: 74 0
6: 94 0
7: 117 0
8: 84 0
9: 71 0
10: 94 0
11: 93 0
12: 113 0
13: 108 0
14: 110 0
15: 102 0
16: 120 0
17: 88 0
18: 102 0
19: 90 0
20: 89 0
21: 85 0
22: 88 0
23: 86 0
24: 123 0
25: 122 0
26: 76 0
27: 82 0
28: 123 0
29: 113 0
30: 118 0
31: 80 0
32: 78 0
33: 86 0
34: 103 0
35: 114 0
36: 95 0
37: 98 0
38: 105 1
39: 120 1
40: 92 1
41: 72 1
42: 106 1
43: 111 1
44: 85 1
45: 103 1
46: 86 1
47: 100 1
48: 109 1
49: 83 1
50: 105 1
51: 111 1
52: 93 1
53: 102 1
54: 122 1
55: 87 1
56: 106 1
57: 84 1
58: 129 1
59: 106 1
60: 120 1
61: 118 1
62: 74 1
63: 58 1
64: 73 1
65: 108 1
66: 84 1
67: 95 1
68: 111 1
69: 103 1
70: 91 1
71: 120 1
72: 104 1
73: 124 1
74: 74 1
75: 104 1
76: 92 1
77: 123 1
78: 101 1
79: 93 1
80: 70 1
81: 97 1
82: 89 1
83: 104 1
84: 101 1
85: 98 1
86: 83 1
87: 84 1
88: 128 1
89: 122 1
90: 73 1
91: 119 1
92: 117 1
93: 97 1
94: 105 1
95: 94 1
96: 89 1
97: 74 1
98: 69 1
99: 80 1
100: 71 1
101: 95 1
102: 107 1
103: 79 1
104: 81 1
105: 67 1
106: 117 1
107: 83 1
108: 69 1
109: 97 1
110: 108 1
111: 79 1
112: 82 1
113: 115 1
114: 113 1
115: 98 1
116: 95 1
117: 99 1
118: 117 1
119: 101 1
120: 107 1
121: 89 1
122: 88 1
123: 118 1
124: 113 1
125: 98 1
126: 65 1
127: 91 1
128: 88 1
129: 125 1
130: 92 1
131: 112 1
132: 83 1
133: 73 1
134: 89 1
135: 98 1
136: 93 1
137: 97 1
138: 107 1
139: 106 1
140: 119 1
141: 98 1
142: 117 1
143: 96 1
144: 117 1
145: 121 1
146: 110 1
147: 119 1
148: 82 1
149: 103 1
150: 79 1
151: 121 1
152: 105 1
153: 93 1
154: 88 1
155: 118 1
156: 115 1
157: 121 1
158: 114 1
159: 109 1
160: 96 1
161: 96 1
162: 88 1
163: 117 1
164: 83 1
165: 75 1
166: 89 1
167: 89 1
168: 116 1
169: 111 1
170: 116 1
171: 93 1
172: 93 1
173: 102 1
174: 111 1
175: 121 1
176: 84 1
177: 106 1
178: 80 1
179: 77 1
180: 93 1
181: 112 1
182: 90 1
183: 89 1
184: 107 1
185: 109 1
186: 110 1
187: 106 1
188: 108 1
189: 85 1
190: 121 1
191: 115 1
192: 93 1
193: 94 1
194: 113 1
195: 125 1
196: 121 1
197: 107 1
198: 95 1
199: 101 1
200: 95 1
201: 83 1
202: 70 1
203: 120 1
204: 83 1
205: 123 1
206: 91 1
207: 121 1
208: 105 1
209: 70 1
210: 79 1
211: 98 1
212: 123 1
213: 89 1
214: 111 1
215: 115 1
216: 78 1
217: 100 1
218: 99 1
219: 117 1
220: 119 1
221: 123 1
222: 90 1
223: 118 1
224: 87 1
225: 112 1
226: 114 1
227: 75 1
228: 83 1
229: 119 1
230: 103 1
231: 115 1
232: 110 1
233: 81 1
234: 108 1
235: 97 1
236: 109 1
237: 104 0
238: 84 0
239: 101 0
240: 77 0
241: 97 0
242: 115 0
243: 116 0
244: 118 0
245: 109 0
246: 99 0
247: 113 0
248: 123 0
249: 104 0
250: 119 0
251: 125 0
252: 70 0
253: 119 0
254: 81 0
255: 113 0
256: 59 0
257: 85 0
258: 103 0
259: 114 0
260: 85 0
261: 105 0
262: 88 0
263: 99 0
264: 129 0
265: 114 0
266: 100 0
267: 121 0
268: 112 0
269: 101 0
270: 93 0
271: 109 0
272: 83 0
273: 112 0
274: 107 0
275: 123 0
276: 112 0
277: 117 0
278: 70 0
279: 107 0
280: 70 0
281: 98 0
282: 73 0
283: 115 0
284: 111 0
285: 100 0
286: 91 0
287: 131 0
288: 87 0
289: 126 0
290: 94 0
291: 101 0
292: 118 0
293: 87 0
294: 75 0
295: 117 0
296: 113 0
297: 95 0
298: 119 0
299: 93 0
300: 114 0
301: 90 0
302: 125 0
303: 125 0
304: 91 0
305: 97 0
306: 89 0
307: 89 0
308: 97 0
309: 99 0
310: 101 0
311: 122 0
312: 120 0
313: 94 0
314: 112 0
315: 91 0
316: 122 0
317: 112 0
318: 99 0
319: 96 0
320: 87 0
321: 100 0
322: 109 0
323: 109 0
324: 125 0
325: 75 0
326: 128 0
327: 113 0
328: 110 0
329: 99 0
330: 117 0
331: 111 0
332: 121 0
333: 89 0
334: 101 0
335: 93 0
336: 101 0
337: 97 0
338: 112 0
339: 95 0
340: 115 0
341: 87 0
342: 76 0
343: 83 0
344: 100 0
345: 75 0
346: 109 0
347: 129 0
348: 83 0
349: 105 0
350: 79 0
351: 101 0
352: 95 0
353: 109 0
354: 103 0
355: 80 0
356: 119 0
357: 89 0
358: 83 0
359: 69 0
360: 123 0
361: 114 0
362: 109 0
363: 98 0
364: 76 0
365: 73 0
366: 98 0
367: 99 0
368: 81 0
369: 119 0
370: 117 0
371: 112 0
372: 89 0
373: 93 0
374: 117 0
375: 83 0
376: 99 0
377: 75 0
378: 103 0
379: 97 0
380: 99 0
381: 106 0
382: 106 0
383: 89 0
384: 89 0
385: 110 0
386: 90 0
387: 99 0
388: 85 0
389: 72 0
390: 90 0
391: 109 0
392: 95 0
393: 119 0
394: 93 0
395: 118 0
396: 108 0
397: 102 0
398: 103 0
399: 101 0
400: 86 0
401: 123 0
402: 88 0
403: 113 0
404: 83 0
405: 94 0
406: 93 0
407: 115 0
408: 117 0
409: 85 0
410: 112 0
411: 97 0
412: 101 0
413: 98 0
414: 118 0
415: 97 0
416: 107 0
417: 89 0
418: 122 0
419: 89 0
420: 103 0
421: 85 0
422: 79 0
423: 125 0
424: 107 0
425: 103 0
426: 123 0
427: 97 0
428: 92 0
429: 122 0
430: 101 0
431: 87 0
432: 95 0
433: 103 0
434: 123 0
435: 115 0
436: 105 0
437: 94 1
438: 130 1
439: 109 1
440: 95 1
441: 85 1
442: 115 1
443: 112 1
444: 131 1
445: 96 1
446: 121 1
447: 109 1
448: 95 1
449: 117 1
450: 96 1
451: 128 1
452: 91 1
453: 90 1
454: 113 1
455: 109 1
456: 119 1
457: 113 1
458: 104 1
459: 91 1
460: 120 1
461: 93 1
462: 117 1
463: 106 1
464: 95 1
465: 119 1
466: 105 1
467: 93 1
468: 122 1
469: 106 1
470: 120 1
471: 80 1
472: 108 1
473: 125 1
474: 103 1
475: 109 1
476: 77 1
477: 121 1
478: 110 1
479: 79 1
480: 99 1
481: 95 1
482: 115 1
483: 105 1
484: 114 1
485: 98 1
486: 97 1
487: 111 1
488: 119 1
489: 122 1
490: 85 1
491: 85 1
492: 118 1
493: 114 1
494: 121 1
495: 95 1
496: 86 1
497: 121 1
498: 104 1
499: 94 1
500: 81 1
