1: 0 1
2: 726 1
3: 521 1
4: 720 1
5: 727 1
6: 722 1
7: 639 1
8: 722 1
9: 693 1
10: 722 1
11: 722 1
12: 725 1
13: 724 1
14: 727 1
15: 721 1
16: 720 1
17: 720 1
18: 720 1
19: 722 1
20: 722 1
21: 722 1
22: 722 1
23: 722 1
24: 725 1
25: 721 1
26: 720 1
27: 720 1
28: 717 1
29: 722 1
30: 722 1
31: 722 1
32: 722 1
33: 723 1
34: 723 1
35: 721 1
36: 720 1
37: 721 1
38: 720 1
39: 715 1
40: 722 1
41: 474 1
42: 397 1
43: 724 1
44: 725 1
45: 721 1
46: 720 1
47: 720 1
48: 628 1
49: 713 1
50: 721 1
51: 721 1
52: 722 1
53: 593 1
54: 287 1
55: 720 1
56: 708 1
57: 176 1
58: 717 1
59: 141 1
60: 722 1
61: 722 1
62: 722 1
63: 651 1
64: 721 1
65: 370 1
66: 718 1
67: 720 1
68: 720 1
69: 716 1
70: 722 1
71: 722 1
72: 722 1
73: 40 1
74: 720 1
75: 714 1
76: 35 1
77: 720 1
78: 720 1
79: 690 1
80: 720 1
81: 722 1
82: 694 1
83: 724 1
84: 640 1
85: 725 1
86: 515 1
87: 720 1
88: 136 1
89: 0 1
90: 720 1
91: 300 1
92: 718 1
93: 716 1
94: 0 1
95: 0 1
96: 0 1
97: 718 1
98: 722 1
99: 677 1
100: 601 1
101: 721 1
102: 721 1
103: 721 1
104: 722 1
105: 548 1
106: 708 1
107: 718 1
108: 659 1
109: 722 1
110: 635 1
111: 722 1
112: 669 1
113: 290 1
114: 718 1
115: 720 1
116: 722 1
117: 720 1
118: 724 1
119: 712 1
120: 727 1
121: 490 1
122: 719 1
123: 546 1
124: 679 1
125: 354 1
126: 710 1
127: 721 1
128: 163 1
129: 686 1
130: 722 1
131: 456 1
132: 579 1
133: 697 1
134: 726 1
135: 717 1
136: 305 1
137: 722 1
138: 361 1
139: 703 1
140: 720 1
141: 714 1
142: 713 1
143: 722 1
144: 720 1
145: 726 1
146: 0 1
147: 720 1
148: 285 1
149: 714 1
150: 721 1
151: 217 1
152: 725 1
153: 684 1
154: 712 1
155: 722 1
156: 727 1
157: 719 1
158: 720 1
159: 473 1
160: 720 1
161: 697 1
162: 722 1
163: 719 1
164: 719 1
165: 73 1
166: 660 1
167: 662 1
168: 563 1
169: 512 1
170: 720 1
171: 694 1
172: 452 1
173: 719 1
174: 721 1
175: 719 1
176: 721 1
177: 697 1
178: 535 1
179: 721 1
180: 718 1
181: 721 1
182: 718 1
183: 561 1
184: 719 1
185: 139 1
186: 0 1
187: 724 1
188: 699 1
189: 719 1
190: 720 1
191: 630 0
192: 708 0
193: 720 0
194: 720 0
195: 165 0
196: 717 0
197: 715 0
198: 624 0
199: 119 0
200: 720 0
201: 720 0
202: 419 0
203: 463 0
204: 720 0
205: 0 0
206: 696 0
207: 721 0
208: 721 0
209: 442 0
210: 705 0
211: 332 0
212: 718 0
213: 323 0
214: 586 0
215: 100 0
216: 467 0
217: 720 0
218: 0 0
219: 652 0
220: 72 0
221: 708 0
222: 662 0
223: 711 0
224: 720 0
225: 720 0
226: 0 0
227: 720 0
228: 714 0
229: 720 0
230: 720 0
231: 720 0
232: 692 0
233: 721 0
234: 720 0
235: 720 0
236: 721 0
237: 720 0
238: 720 0
239: 685 0
240: 552 0
241: 589 0
242: 676 0
243: 611 0
244: 394 0
245: 587 0
246: 0 0
247: 694 0
248: 85 0
249: 53 0
250: 711 0
251: 720 0
252: 683 0
253: 721 0
254: 708 0
255: 720 0
256: 721 0
257: 721 0
258: 720 0
259: 720 0
260: 563 0
261: 721 0
262: 705 0
263: 720 0
264: 576 0
265: 589 0
266: 629 0
267: 712 0
268: 0 0
269: 489 0
270: 720 0
271: 721 0
272: 721 0
273: 694 0
274: 721 0
275: 721 0
276: 721 0
277: 706 0
278: 476 0
279: 722 0
280: 618 0
281: 469 0
282: 721 0
283: 721 0
284: 458 0
285: 710 0
286: 10 0
287: 0 0
288: 4 0
289: 245 0
290: 23 0
291: 720 0
292: 720 0
293: 709 0
294: 662 0
295: 720 0
296: 720 0
297: 720 0
298: 501 0
299: 609 0
300: 720 0
301: 671 0
302: 718 0
303: 617 0
304: 720 0
305: 720 0
306: 720 0
307: 720 0
308: 719 0
309: 659 0
310: 262 0
311: 721 0
312: 720 0
313: 709 0
314: 713 0
315: 720 0
316: 720 0
317: 611 0
318: 687 0
319: 720 0
320: 705 0
321: 618 0
322: 572 0
323: 720 0
324: 720 0
325: 492 0
326: 0 0
327: 720 0
328: 721 0
329: 720 0
330: 720 0
331: 518 0
332: 720 0
333: 288 0
334: 357 0
335: 630 0
336: 286 0
337: 691 0
338: 0 0
339: 55 0
340: 0 0
341: 574 0
342: 8 0
343: 85 0
344: 701 0
345: 44 0
346: 565 0
347: 380 0
348: 239 0
349: 468 0
350: 0 0
351: 417 0
352: 650 0
353: 720 0
354: 545 0
355: 721 0
356: 307 0
357: 698 0
358: 9 0
359: 698 0
360: 722 0
361: 665 0
362: 159 0
363: 700 0
364: 620 0
365: 529 0
366: 721 0
367: 4 0
368: 607 0
369: 174 0
370: 469 0
371: 721 0
372: 716 0
373: 697 0
374: 721 0
375: 168 0
376: 129 0
377: 117 0
378: 310 0
379: 720 0
380: 347 0
381: 720 0
382: 705 0
383: 688 0
384: 27 0
385: 644 0
386: 599 0
387: 591 0
388: 0 0
389: 717 1
390: 457 1
391: 612 1
392: 651 1
393: 71 1
394: 349 1
395: 700 1
396: 219 1
397: 3 1
398: 709 1
399: 722 1
400: 59 1
401: 302 1
402: 614 1
403: 0 1
404: 485 1
405: 333 1
406: 517 1
407: 535 1
408: 43 1
409: 0 1
410: 0 1
411: 219 1
412: 0 1
413: 694 1
414: 456 1
415: 694 1
416: 0 1
417: 545 1
418: 708 1
419: 0 1
420: 109 1
421: 717 1
422: 719 1
423: 694 1
424: 13 1
425: 196 1
426: 695 1
427: 0 1
428: 725 1
429: 22 1
430: 0 1
431: 635 1
432: 0 1
433: 444 1
434: 160 1
435: 708 1
436: 720 1
437: 544 1
438: 17 1
439: 0 1
440: 525 1
441: 393 1
442: 566 1
443: 46 1
444: 13 1
445: 718 1
446: 485 1
447: 560 1
448: 718 1
449: 720 1
450: 719 1
451: 5 1
452: 719 1
453: 721 1
454: 719 1
455: 721 1
456: 719 1
457: 722 1
458: 712 1
459: 726 1
460: 714 1
461: 722 1
462: 721 1
463: 719 1
464: 721 1
465: 719 1
466: 721 1
467: 719 1
468: 721 1
469: 716 1
470: 345 1
471: 363 1
472: 719 1
473: 636 1
474: 0 1
475: 572 1
476: 0 1
477: 705 1
478: 0 1
479: 0 1
480: 0 1
481: 0 1
482: 0 1
483: 0 1
484: 0 1
485: 35 1
486: 0 1
487: 0 1
488: 46 1
489: 3 1
490: 47 1
491: 159 1
492: 572 1
493: 235 1
494: 0 1
495: 0 1
496: 10 1
497: 0 1
498: 204 1
499: 0 1
500: 0 1
