0, 0.0, 0, 0.02000000000000057, 0, 864.8775510204082
1, 1.0000354364388924, 0.0, 0.020000708728777846, 1.0000354364388924, 711.618775510204
2, 1.9595969561695545, 0.0, 0.2108555589851836, 1.9595969561695545, 460.9191836734694
3, 1.9762619667781638, 0.0, 0.5638686479944137, 1.9762619667781638, 290.42857142857144
4, 1.9830694404273426, 0.0, 0.6437231453824489, 1.9830694404273426, 235.69387755102042
5, 1.6941968730209425, 0.0, 0.6654525997880415, 1.9830694404273426, 176.4
6, 1.3619795067307012, 0.0, 0.6730454605378418, 1.9830694404273426, 136.79102040816326
7, 1.8490883792772381, 0.0, 1.0220735500105143, 1.9830694404273426, 120.03836734693877
8, 1.988634362464016, 0.0, 1.0711117613025813, 1.988634362464016, 122.47183673469388
9, 1.97777861461126, 0.0, 0.9469664754479594, 1.988634362464016, 113.79020408163265
10, 1.96874680149753, 0.0, 0.8942705927584498, 1.988634362464016, 89.88571428571429
11, 1.9843528291401904, 0.0, 1.0607887575770079, 1.988634362464016, 96.05469387755102
12, 1.9171098693488533, 0.0, 1.1465701436136497, 1.988634362464016, 86.3004081632653
13, 1.985854284286526, 0.0, 1.2609124945361503, 1.988634362464016, 72.80081632653061
14, 1.904518971314722, 0.0, 1.022389649674058, 1.988634362464016, 76.12489795918367
15, 1.9901366451243463, 0.0, 1.1573554993398223, 1.9901366451243463, 65.46448979591837
16, 1.9719826932291684, 0.0, 1.0626012497532604, 1.9901366451243463, 67.01224489795918
17, 1.9515381295059675, 0.0, 1.1396504665916494, 1.9901366451243463, 72.25469387755102
18, 1.939663055098728, 0.0, 1.0845689999638306, 1.9901366451243463, 72.86938775510204
19, 1.6055602114848782, 0.0, 1.010171910877591, 1.9901366451243463, 77.30367346938776
20, 1.9311909878946318, 0.0, 1.1435575945010725, 1.9901366451243463, 75.27428571428571
21, 1.982186490302193, 0.0, 1.2410379568863017, 1.9901366451243463, 80.5469387755102
22, 1.9988867001785855, 0.0, 1.1829906793337055, 1.9988867001785855, 83.60979591836735
23, 1.9237061475982635, 0.0, 1.129184087504047, 1.9988867001785855, 83.67755102040816
24, 1.9977446271838901, 0.0, 1.2114034923146921, 1.9988867001785855, 81.17551020408163
25, 1.9812817242129828, 0.0, 1.0560948313769076, 1.9988867001785855, 81.9469387755102
26, 1.7116653301490414, 0.0, 0.8870225586665188, 1.9988867001785855, 82.99265306122449
27, 1.66505527598417, 0.0, 1.060615968640951, 1.9988867001785855, 77.28734693877551
28, 1.9564552465094138, 0.0, 1.1180578701949428, 1.9988867001785855, 91.19102040816327
29, 1.9798838056600425, 0.0, 1.1470116163537478, 1.9988867001785855, 85.98122448979592
30, 1.9795665314642281, 0.0, 1.1844262369272176, 1.9988867001785855, 96.19836734693878
31, 1.9289243268985503, 0.0, 1.0748820937303745, 1.9988867001785855, 100.23591836734694
32, 1.8567852287656081, 0.0, 0.9486976106053682, 1.9988867001785855, 101.37224489795918
33, 1.7756592857276812, 0.0, 0.9133148872892111, 1.9988867001785855, 102.93142857142857
34, 1.7256842181545786, 0.0, 0.8779419340503735, 1.9988867001785855, 99.5804081632653
35, 1.721026981548517, 0.0, 1.0428762798622235, 1.9988867001785855, 92.1461224489796
36, 1.9409825158147824, 0.0, 1.040295094234707, 1.9988867001785855, 90.8669387755102
37, 1.9451156292300924, 0.0, 1.0514323714374723, 1.9988867001785855, 80.05714285714286
38, 1.9977979480814885, 0.0, 1.1071674421536841, 1.9988867001785855, 88.23346938775511
39, 1.9736272780339936, 0.0, 1.0905902419043032, 1.9988867001785855, 95.04408163265306
40, 1.9835027155977474, 0.0, 1.1385289786939647, 1.9988867001785855, 91.15020408163265
41, 1.981585733122344, 0.0, 1.0150008772012995, 1.9988867001785855, 92.26040816326531
42, 1.995703337181862, 0.0, 0.9843994303306138, 1.9988867001785855, 98.80897959183673
43, 1.9510571534286876, 0.0, 0.9237947394121165, 1.9988867001785855, 102.0
44, 1.9993231091940138, 0.0, 0.9701621873489168, 1.9993231091940138, 102.1330612244898
45, 1.902238411087526, 0.0, 0.9118493426904812, 1.9993231091940138, 100.22938775510204
46, 1.998296173163805, 0.0, 1.0274599592802733, 1.9993231091940138, 95.46204081632654
47, 1.9679609629981352, 0.0, 1.1559572727759113, 1.9993231091940138, 93.09469387755102
48, 1.9641020972203898, 0.0, 1.1561412954522485, 1.9993231091940138, 86.20326530612245
49, 1.3509210814395345, 0.0, 0.9415520960983925, 1.9993231091940138, 84.42204081632653
50, 1.9380623321483679, 0.0, 1.1728844663047797, 1.9993231091940138, 96.09877551020408
51, 1.899273269659525, 0.0, 1.0735317445864292, 1.9993231091940138, 93.24734693877551
52, 1.9968685931138634, 0.0, 1.1319120757062575, 1.9993231091940138, 104.36489795918368
53, 1.992537106716275, 0.0, 1.280441026685724, 1.9993231091940138, 98.81959183673469
54, 1.9975808508690194, 0.0, 1.2019516273135, 1.9993231091940138, 105.7469387755102
55, 1.9950124791926824, 0.0, 1.1016159827010799, 1.9993231091940138, 93.72734693877551
56, 1.9653431162105295, 0.0, 1.1426021254016379, 1.9993231091940138, 103.17387755102041
57, 1.9829237996483842, 0.0, 1.0266035249366572, 1.9993231091940138, 100.19591836734693
58, 1.8300294640218961, 0.0, 0.9570483704813116, 1.9993231091940138, 87.25795918367346
59, 1.8384666432207841, 0.0, 1.037854921565948, 1.9993231091940138, 71.11020408163266
60, 1.9615583782382693, 0.0, 1.1451511680693962, 1.9993231091940138, 91.25877551020409
61, 1.9861193175370153, 0.0, 1.0401405036232376, 1.9993231091940138, 97.69551020408163
62, 1.9609096606478498, 0.0, 1.0844030839911745, 1.9993231091940138, 95.0865306122449
63, 1.9732659346578671, 0.0, 1.1026869232130956, 1.9993231091940138, 93.03673469387755
64, 1.982335165300805, 0.0, 0.9925176117002436, 1.9993231091940138, 70.04979591836735
65, 1.9829237996483842, 0.0, 0.9849902902286787, 1.9993231091940138, 66.1730612244898
66, 1.9896855624403802, 0.0, 1.0346344299061674, 1.9993231091940138, 69.76326530612245
67, 1.804710800619123, 0.0, 0.9678938412712621, 1.9993231091940138, 74.60163265306123
68, 1.9375245638882723, 0.0, 1.0005295667573777, 1.9993231091940138, 73.54040816326531
69, 1.8898155187902803, 0.0, 1.037364121573264, 1.9993231091940138, 73.81877551020408
70, 1.9541441865622988, 0.0, 1.05483642689415, 1.9993231091940138, 77.35755102040817
71, 1.932869536662093, 0.0, 1.0628752427091026, 1.9993231091940138, 81.54775510204081
72, 1.3058781925011143, 0.0, 0.9311026217468305, 1.9993231091940138, 81.09877551020408
73, 1.9428075310412063, 0.0, 1.041226433977524, 1.9993231091940138, 84.17142857142858
74, 1.9995133984289644, 0.0, 1.0876867872821063, 1.9995133984289644, 82.91918367346939
75, 1.8753530397484852, 0.0, 1.0525246848324052, 1.9995133984289644, 82.09959183673469
76, 1.9524934963343736, 0.0, 1.0749592553685916, 1.9995133984289644, 80.79755102040816
77, 1.995922256666256, 0.0, 1.0022041618354711, 1.9995133984289644, 86.76897959183674
78, 1.8639569653856445, 0.0, 1.1433963982045163, 1.9995133984289644, 89.46612244897959
79, 1.9486194896981814, 0.0, 1.1758690140343833, 1.9995133984289644, 92.9730612244898
80, 1.8102027775433767, 0.0, 1.1527853167564883, 1.9995133984289644, 99.0661224489796
81, 1.9926339830653794, 0.0, 1.213422125896543, 1.9995133984289644, 101.94204081632653
82, 1.9331474985576034, 0.0, 1.0727290271811072, 1.9995133984289644, 100.82612244897959
83, 1.8945880016904009, 0.0, 1.0671913553401096, 1.9995133984289644, 104.94857142857143
84, 1.9451156292300924, 0.0, 1.1297464181570698, 1.9995133984289644, 110.91918367346939
85, 1.9643103657655825, 0.0, 1.115606709844097, 1.9995133984289644, 103.01469387755103
86, 1.9738070651720476, 0.0, 1.1350015069341675, 1.9995133984289644, 109.28408163265306
87, 1.997176473669728, 0.0, 1.037311918496735, 1.9995133984289644, 107.59510204081633
88, 1.9801986733067554, 0.0, 1.001697231906731, 1.9995133984289644, 105.50448979591837
89, 1.9752240885323635, 0.0, 0.9841198005731571, 1.9995133984289644, 109.50204081632653
90, 1.9548433341206144, 0.0, 1.1116527949754773, 1.9995133984289644, 114.20081632653061
91, 1.8839055022197013, 0.0, 1.0480559685627857, 1.9995133984289644, 115.07755102040817
92, 1.8650765490104124, 0.0, 1.2219896402391814, 1.9995133984289644, 103.18448979591837
93, 1.9503315835218862, 0.0, 1.1161302230764425, 1.9995133984289644, 112.92408163265306
94, 1.8793028336342668, 0.0, 1.1374003559303278, 1.9995133984289644, 110.6269387755102
95, 1.8793028336342668, 0.0, 1.2171021242568325, 1.9995133984289644, 93.8661224489796
96, 1.9943555103317046, 0.0, 1.1182887991705788, 1.9995133984289644, 93.25469387755102
97, 1.9493565117019993, 0.0, 0.9781679901876177, 1.9995133984289644, 104.55428571428571
98, 1.9353526266416075, 0.0, 1.0380541572702702, 1.9995133984289644, 93.66122448979591
99, 1.9548433341206144, 0.0, 1.1030020298248844, 1.9995133984289644, 98.11755102040816
100, 1.9562266427710955, 0.0, 1.0288621155227062, 1.9995133984289644, 102.87428571428572
101, 1.9582639663286285, 0.0, 1.1728783308025335, 1.9995133984289644, 107.47183673469388
102, 1.9762619667781638, 0.0, 1.094812003204449, 1.9995133984289644, 106.0538775510204
103, 1.9859871075224773, 0.0, 1.1437177237445666, 1.9995133984289644, 87.1534693877551
104, 1.9963430230870838, 0.0, 1.179498090839104, 1.9995133984289644, 85.59836734693877
105, 1.9699081332107033, 0.0, 1.032841900404802, 1.9995133984289644, 105.02448979591837
106, 1.9420285660233607, 0.0, 1.2397739813084439, 1.9995133984289644, 114.12734693877552
107, 1.9862509140786733, 0.0, 1.0383269104782822, 1.9995133984289644, 111.78204081632653
108, 1.6932476391316125, 0.0, 0.990851344433063, 1.9995133984289644, 112.94775510204082
109, 1.98875363850809, 0.0, 1.0156716701294095, 1.9995133984289644, 115.99102040816327
110, 1.9550752746353215, 0.0, 1.0660518497597837, 1.9995133984289644, 118.6930612244898
111, 1.842825349320727, 0.0, 1.0208216775993526, 1.9995133984289644, 131.49795918367346
112, 1.9681582922719492, 0.0, 1.1110177854811603, 1.9995133984289644, 138.0865306122449
113, 1.9486194896981814, 0.0, 1.107281310568916, 1.9995133984289644, 137.9142857142857
114, 1.9140335512963689, 0.0, 0.9881650397219649, 1.9995133984289644, 140.27102040816325
115, 1.9732659346578671, 0.0, 0.9660420496657364, 1.9995133984289644, 142.27510204081634
116, 1.9989608602799955, 0.0, 1.0300784893877724, 1.9995133984289644, 140.50285714285715
117, 1.9584875362228722, 0.0, 1.1517894091113525, 1.9995133984289644, 146.6473469387755
118, 1.900265751319746, 0.0, 1.0188215241971244, 1.9995133984289644, 148.75918367346938
119, 1.742307278182246, 0.0, 1.0867536673696083, 1.9995133984289644, 152.29469387755103
120, 1.9575898923348114, 0.0, 1.0994986933373523, 1.9995133984289644, 155.97224489795917
121, 1.9976360784736094, 0.0, 1.1818116756573638, 1.9995133984289644, 154.22857142857143
122, 1.984631322256707, 0.0, 1.1400181266175395, 1.9995133984289644, 150.77795918367346
123, 1.9358987326227912, 0.0, 1.1070870579214134, 1.9995133984289644, 153.41224489795917
124, 1.9292094389413432, 0.0, 1.0057942913576157, 1.9995133984289644, 145.63020408163266
125, 1.8463596597413843, 0.0, 0.9288995226024235, 1.9995133984289644, 148.1869387755102
126, 1.9999180833553516, 0.0, 1.0674408891360667, 1.9999180833553516, 130.29061224489797
127, 1.9851809786668906, 0.0, 1.024629949262103, 1.9999180833553516, 136.12
128, 1.9963430230870838, 0.0, 0.9866568373989569, 1.9999180833553516, 124.26530612244898
129, 1.9453694079399577, 0.0, 1.0518589018579865, 1.9999180833553516, 137.52081632653062
130, 1.9996925272794286, 0.0, 1.0369150231224693, 1.9999180833553516, 135.23102040816326
131, 1.9934776832504804, 0.0, 1.3126981356573462, 1.9999180833553516, 128.5591836734694
132, 1.980041540451557, 0.0, 1.1042982211501586, 1.9999180833553516, 117.42693877551021
133, 1.9849073727983981, 0.0, 1.0596461836301507, 1.9999180833553516, 142.05714285714285
134, 1.980355203927981, 0.0, 1.1387919779130353, 1.9999180833553516, 126.33224489795919
135, 1.9257547576159002, 0.0, 1.0884320400790037, 1.9999180833553516, 145.37714285714284
136, 1.9303448082414207, 0.0, 1.1193118245962943, 1.9999180833553516, 151.99428571428572
137, 1.9948520165200958, 0.0, 1.100960033558631, 1.9999180833553516, 160.99755102040817
138, 1.9422887525570567, 0.0, 0.9960273079115802, 1.9999180833553516, 158.0857142857143
139, 1.9950124791926824, 0.0, 1.1002351920456306, 1.9999180833553516, 165.51102040816326
140, 1.9630521836720334, 0.0, 1.003341472543475, 1.9999180833553516, 150.71102040816328
141, 1.9569107806845611, 0.0, 1.0366051586589722, 1.9999180833553516, 146.80326530612246
142, 1.9323120711997346, 0.0, 1.0886213121909267, 1.9999180833553516, 154.16734693877552
143, 1.9940119204430864, 0.0, 1.1463105530106896, 1.9999180833553516, 158.59591836734694
144, 1.9956291003086268, 0.0, 1.1129187659933655, 1.9999180833553516, 166.1273469387755
145, 1.9595969561695545, 0.0, 1.1211292106394357, 1.9999180833553516, 162.62204081632652
146, 1.8628338607906647, 0.0, 1.1727604647841323, 1.9999180833553516, 157.96326530612245
147, 1.8139752816207055, 0.0, 1.0572104714969803, 1.9999180833553516, 174.04816326530613
148, 1.943324180226635, 0.0, 1.1895246902317098, 1.9999180833553516, 169.65632653061223
149, 1.9710484839111861, 0.0, 1.2520412187192222, 1.9999180833553516, 145.83755102040817
150, 1.9798838056600425, 0.0, 1.1836412694846166, 1.9999180833553516, 135.03510204081633
151, 1.9161920451550576, 0.0, 1.0207795698621178, 1.9999180833553516, 143.25306122448978
152, 1.8746295269973139, 0.0, 0.9905146127935267, 1.9999180833553516, 130.50367346938776
153, 1.9798838056600425, 0.0, 1.0407756334628635, 1.9999180833553516, 126.76979591836735
154, 1.9369847052336913, 0.0, 0.9685397897904306, 1.9999180833553516, 111.71183673469388
155, 1.978109081393232, 0.0, 1.0477132839821128, 1.9999180833553516, 98.7534693877551
156, 1.8753530397484852, 0.0, 0.981633121884001, 1.9999180833553516, 107.85469387755101
157, 1.3424437049153348, 0.0, 0.8773220531771213, 1.9999180833553516, 118.6726530612245
158, 1.980355203927981, 0.0, 0.9870365767186202, 1.9999180833553516, 128.5926530612245
159, 1.9927302335225243, 0.0, 1.1809651703565551, 1.9999180833553516, 130.95020408163265
160, 1.6375575573409973, 0.0, 1.003040688571303, 1.9999180833553516, 132.48734693877552
161, 1.8594435964406466, 0.0, 1.0269064680626676, 1.9999180833553516, 125.01795918367347
162, 1.8955993858492608, 0.0, 1.08845229308007, 1.9999180833553516, 90.67510204081633
163, 1.9669656368429673, 0.0, 1.1407025529643726, 1.9999180833553516, 85.75020408163266
164, 1.9786002937044378, 0.0, 1.0489391726519373, 1.9999180833553516, 80.0865306122449
165, 1.9882728256814786, 0.0, 1.1073889227557805, 1.9999180833553516, 93.84
166, 1.9918414629933738, 0.0, 1.0598655669087733, 1.9999180833553516, 88.2530612244898
167, 1.984631322256707, 0.0, 0.9301282003132825, 1.9999180833553516, 82.77714285714286
168, 1.9578151439660418, 0.0, 1.0235217230071227, 1.9999180833553516, 72.9461224489796
169, 1.8348691107593709, 0.0, 1.06974708438288, 1.9999180833553516, 77.36081632653061
170, 1.9584875362228722, 0.0, 1.098884799601039, 1.9999180833553516, 70.40163265306123
171, 1.9976906706134507, 0.0, 1.2415943801036768, 1.9999180833553516, 69.51020408163265
172, 1.9339782947957844, 0.0, 1.1589805262923039, 1.9999180833553516, 78.24489795918367
173, 1.111366187600319, 0.0, 0.823369122358162, 1.9999180833553516, 74.22448979591837
174, 1.0163633369263991, 0.0, 0.8003548167721881, 1.9999180833553516, 71.1404081632653
175, 1.0505590600550343, 0.0, 0.8012690281042985, 1.9999180833553516, 79.51836734693877
176, 1.73356290868377, 0.0, 0.885778102368947, 1.9999180833553516, 81.08
177, 1.4286642587896123, 0.0, 0.8652193539321995, 1.9999180833553516, 80.77469387755102
178, 1.8959356211354241, 0.0, 0.9764228137633357, 1.9999180833553516, 85.09551020408163
179, 1.9422887525570567, 0.0, 0.9705866243260701, 1.9999180833553516, 78.24163265306123
180, 1.828405524999675, 0.0, 0.9103469568102373, 1.9999180833553516, 66.15428571428572
181, 1.876435224328838, 0.0, 0.9528561541253647, 1.9999180833553516, 62.72897959183673
182, 1.988634362464016, 0.0, 0.9690594489912557, 1.9999180833553516, 72.17959183673469
183, 1.9987706762382935, 0.0, 1.2305676171583992, 1.9999180833553516, 78.20163265306122
184, 1.9251719378372982, 0.0, 1.0259131575907943, 1.9999180833553516, 91.22448979591837
185, 1.9850444814472321, 0.0, 1.0632707118110534, 1.9999180833553516, 92.56326530612245
186, 1.9529678799888224, 0.0, 1.0684289595585732, 1.9999180833553516, 95.21551020408164
187, 1.7927167730269575, 0.0, 1.0919130229333651, 1.9999180833553516, 87.01469387755103
188, 1.9569107806845611, 0.0, 1.0140584258538075, 1.9999180833553516, 84.0530612244898
189, 1.9663615107955361, 0.0, 0.9417520055674694, 1.9999180833553516, 68.8604081632653
190, 1.9584875362228722, 0.0, 1.0331498446276726, 1.9999180833553516, 84.15183673469387
191, 1.8235021488144216, 0.0, 0.7632549669569704, 1.9999180833553516, 79.15183673469387
192, 1.8332613004417175, 0.0, 0.7902207366405876, 1.9999180833553516, 75.15591836734694
193, 1.94812542559382, 0.0, 0.8855399029715847, 1.9999180833553516, 80.8538775510204
194, 1.851799183544149, 0.0, 0.9757193909547673, 1.9999180833553516, 81.0661224489796
195, 1.9881510779691678, 0.0, 1.0128560709845131, 1.9999180833553516, 79.3804081632653
196, 1.9693300850997095, 0.0, 1.1486171231922055, 1.9999180833553516, 72.99102040816327
197, 1.983788523666977, 0.0, 1.1671932011706527, 1.9999180833553516, 80.32571428571428
198, 1.9367139932476185, 0.0, 1.2766701982739308, 1.9999180833553516, 75.08081632653061
199, 1.9732659346578671, 0.0, 1.1558531083852321, 1.9999180833553516, 79.35673469387756
200, 1.9729022347546012, 0.0, 1.0560592171091696, 1.9999180833553516, 76.98040816326531
201, 1.9064556993281476, 0.0, 1.155192306486509, 1.9999180833553516, 75.87102040816326
202, 1.9294940436163681, 0.0, 1.0780443985599357, 1.9999180833553516, 76.9526530612245
203, 1.955537490066341, 0.0, 1.0848584857490327, 1.9999180833553516, 82.63918367346939
204, 1.967763054575268, 0.0, 1.1283493414847834, 1.9999180833553516, 75.11183673469388
205, 1.9844923808884436, 0.0, 1.3315232296162771, 1.9999180833553516, 81.28489795918367
206, 1.9736272780339936, 0.0, 1.1500127457829359, 1.9999180833553516, 84.86448979591837
207, 1.9909021184645006, 0.0, 1.3526186419930621, 1.9999180833553516, 81.8930612244898
208, 1.9757456998025442, 0.0, 1.2260735350600513, 1.9999180833553516, 81.31673469387755
209, 1.998104518697975, 0.0, 1.1874780730812382, 1.9999180833553516, 80.91591836734693
210, 1.973084379101126, 0.0, 0.997849113387705, 1.9999180833553516, 84.92979591836735
211, 1.9483727289517712, 0.0, 1.1545463931912479, 1.9999180833553516, 83.3134693877551
212, 1.9334249458837018, 0.0, 1.1603753515946935, 1.9999180833553516, 84.44244897959183
213, 1.9954787318454283, 0.0, 1.1952920324804936, 1.9999180833553516, 86.75428571428571
214, 1.9914302117847864, 0.0, 1.03856279223291, 1.9999180833553516, 86.22938775510204
215, 1.9843528291401904, 0.0, 0.9561360792345822, 1.9999180833553516, 98.07836734693878
216, 1.98476965298098, 0.0, 1.1113714408196713, 1.9999180833553516, 106.81632653061224
217, 1.9906865216213099, 0.0, 1.044806028145751, 1.9999180833553516, 98.87102040816326
218, 1.827184097421441, 0.0, 0.9615328156718566, 1.9999180833553516, 105.91755102040817
219, 1.8320518836075588, 0.0, 0.9660303957270783, 1.9999180833553516, 107.19836734693878
220, 1.9606922890362286, 0.0, 1.1664044018451993, 1.9999180833553516, 109.36734693877551
221, 1.9669656368429673, 0.0, 1.0211022663504508, 1.9999180833553516, 102.1134693877551
222, 1.9923414770836891, 0.0, 0.97923042618679, 1.9999180833553516, 82.85061224489796
223, 1.9171098693488533, 0.0, 0.9853042903789286, 1.9999180833553516, 93.19265306122449
224, 1.9604743518934167, 0.0, 0.9844169459981869, 1.9999180833553516, 84.18040816326531
225, 1.9539100301499994, 0.0, 0.9727243403867449, 1.9999180833553516, 84.34040816326531
226, 1.9028923016082921, 0.0, 1.087266135472396, 1.9999180833553516, 93.87836734693877
227, 1.9999740803359203, 0.0, 1.0434679876601753, 1.9999740803359203, 107.33632653061224
228, 1.977944146985406, 0.0, 1.1241670980834078, 1.9999740803359203, 95.53224489795919
229, 1.9380623321483679, 0.0, 1.0654160850780074, 1.9999740803359203, 69.60244897959184
230, 1.9732659346578671, 0.0, 1.076007639944948, 1.9999740803359203, 74.97469387755102
231, 1.888436164800995, 0.0, 1.1056456107897745, 1.9999740803359203, 88.15836734693877
232, 1.9893407369014724, 0.0, 1.0912843096130067, 1.9999740803359203, 88.08816326530612
233, 1.5784075933646209, 0.0, 0.9767802671900523, 1.9999740803359203, 91.63918367346939
234, 1.9137232713011454, 0.0, 0.9846906382030964, 1.9999740803359203, 96.02367346938776
235, 1.924000302462628, 0.0, 1.038463995356451, 1.9999740803359203, 91.35020408163265
236, 1.8976100749107632, 0.0, 1.1134603453329048, 1.9999740803359203, 99.57224489795918
237, 1.995703337181862, 0.0, 1.0335200045529844, 1.9999740803359203, 109.99265306122449
238, 1.9929208560265352, 0.0, 0.9381274938526655, 1.9999740803359203, 111.73387755102041
239, 1.9297781404038754, 0.0, 0.9490382235682597, 1.9999740803359203, 114.35428571428571
240, 1.9984776399674424, 0.0, 1.044123507269925, 1.9999740803359203, 116.13142857142857
241, 1.8999353784121267, 0.0, 0.9389641600026181, 1.9999740803359203, 120.2269387755102
242, 1.9957769422929579, 0.0, 1.0862043723025934, 1.9999740803359203, 114.57469387755103
243, 1.9624153930582735, 0.0, 1.1466769679511581, 1.9999740803359203, 117.44979591836734
244, 1.9174148407338483, 0.0, 1.1210066828494683, 1.9999740803359203, 115.68816326530612
245, 1.9300617287849315, 0.0, 1.0282347172709223, 1.9999740803359203, 124.90122448979592
246, 1.9245871180336795, 0.0, 1.1128648872720093, 1.9999740803359203, 125.53142857142858
247, 1.9966762559074265, 0.0, 1.1476515888745267, 1.9999740803359203, 117.46857142857142
248, 1.8901592675167385, 0.0, 1.013624634845893, 1.9999740803359203, 119.43918367346939
249, 1.7721130359896216, 0.0, 0.9608062716196569, 1.9999740803359203, 137.85877551020408
250, 1.7800700778006529, 0.0, 0.9174763485389699, 1.9999740803359203, 146.5673469387755
251, 1.9736272780339936, 0.0, 1.108741094425079, 1.9999740803359203, 148.78204081632654
252, 1.985854284286526, 0.0, 1.0412207447445911, 1.9999740803359203, 137.56979591836733
253, 1.8684139995701385, 0.0, 0.9621755056120647, 1.9999740803359203, 124.95918367346938
254, 1.9784371550630864, 0.0, 0.9738629701801303, 1.9999740803359203, 115.49632653061225
255, 1.9706707030309414, 0.0, 1.0341985507962004, 1.9999740803359203, 96.00489795918368
256, 1.9118515466076915, 0.0, 1.0214671850684887, 1.9999740803359203, 121.26775510204082
257, 1.889126712392789, 0.0, 1.0077600873025283, 1.9999740803359203, 118.8538775510204
258, 1.9897992640486886, 0.0, 1.2299778845408111, 1.9999740803359203, 134.42367346938775
259, 1.9903584605752571, 0.0, 1.092601891063631, 1.9999740803359203, 137.31428571428572
260, 1.8324553601555444, 0.0, 1.0978468583479088, 1.9999740803359203, 140.87755102040816
261, 1.8684139995701385, 0.0, 1.0343149559966769, 1.9999740803359203, 128.79183673469387
262, 1.9855867991619651, 0.0, 1.0911373325409621, 1.9999740803359203, 101.10530612244898
263, 1.8713535079536658, 0.0, 0.9838063076016155, 1.9999740803359203, 122.37551020408164
264, 1.9634738616861074, 0.0, 1.0653448689074037, 1.9999740803359203, 122.43755102040816
265, 1.8785884266654116, 0.0, 1.0377864054559243, 1.9999740803359203, 145.96326530612245
266, 1.9757456998025442, 0.0, 1.0920886141027177, 1.9999740803359203, 162.48
267, 1.9963430230870838, 0.0, 1.180126390845907, 1.9999740803359203, 164.29469387755103
268, 1.9283525827927313, 0.0, 1.0687260501558378, 1.9999740803359203, 156.2677551020408
269, 1.9659558787350842, 0.0, 1.09387945686059, 1.9999740803359203, 160.53306122448978
270, 1.1250341573760347, 0.0, 0.9043581910495893, 1.9999740803359203, 148.91836734693877
271, 1.8059826038669957, 0.0, 0.9234517545379378, 1.9999740803359203, 125.7738775510204
272, 1.9843528291401904, 0.0, 1.1084385411272246, 1.9999740803359203, 110.85551020408164
273, 1.978762833138117, 0.0, 1.161675569113717, 1.9999740803359203, 111.86122448979592
274, 1.979725469230976, 0.0, 1.023912010106928, 1.9999740803359203, 115.7934693877551
275, 1.9430661220348955, 0.0, 0.9426944803637705, 1.9999740803359203, 102.47102040816327
276, 1.8698869659237203, 0.0, 0.9173830385312409, 1.9999740803359203, 104.96897959183673
277, 1.8093611226514912, 0.0, 1.014760237267424, 1.9999740803359203, 109.69877551020409
278, 1.9630521836720334, 0.0, 1.089126571195402, 1.9999740803359203, 104.1134693877551
279, 1.8717191348658613, 0.0, 0.9419604487166418, 1.9999740803359203, 94.67918367346938
280, 1.9769419942417559, 0.0, 1.109822355120975, 1.9999740803359203, 97.07020408163265
281, 1.81896658149253, 0.0, 0.9813339943325669, 1.9999740803359203, 102.63183673469388
282, 1.964931736040246, 0.0, 0.9929320285084118, 1.9999740803359203, 100.05061224489796
283, 1.9824832340150973, 0.0, 1.079249481629718, 1.9999740803359203, 102.74122448979591
284, 1.988514468159074, 0.0, 0.9410397278251602, 1.9999740803359203, 93.05714285714286
285, 1.9587105447026398, 0.0, 1.012803662085041, 1.9999740803359203, 96.22204081632653
286, 1.9289243268985503, 0.0, 1.0618519881166926, 1.9999740803359203, 98.1395918367347
287, 1.9628404895502454, 0.0, 1.3090857051091944, 1.9999740803359203, 94.38530612244898
288, 1.9712364970967604, 0.0, 1.2773308463068453, 1.9999740803359203, 99.09061224489795
289, 1.778749446215866, 0.0, 1.211942857926256, 1.9999740803359203, 97.71265306122449
290, 1.881436002905837, 0.0, 0.9920669518016293, 1.9999740803359203, 77.99102040816327
291, 1.7541600089701617, 0.0, 1.0821761582236138, 1.9999740803359203, 93.43102040816326
292, 1.9958499155009948, 0.0, 1.1043542630201952, 1.9999740803359203, 99.14938775510204
293, 1.856403941390194, 0.0, 0.9984778582125755, 1.9999740803359203, 88.96816326530612
294, 1.7275424871944087, 0.0, 0.8892046715421463, 1.9999740803359203, 85.26367346938775
295, 1.9453694079399577, 0.0, 1.1174369644222815, 1.9999740803359203, 82.48163265306123
296, 1.9933864464497089, 0.0, 1.2806910323828469, 1.9999740803359203, 81.37142857142857
297, 1.9918414629933738, 0.0, 1.244340462668776, 1.9999740803359203, 80.62204081632653
298, 1.9940987611176018, 0.0, 1.267430433313976, 1.9999740803359203, 89.1665306122449
299, 1.8498647328373128, 0.0, 1.1631261248704152, 1.9999740803359203, 95.83755102040816
300, 1.9811288131842182, 0.0, 1.1850736179483712, 1.9999740803359203, 100.00816326530612
301, 1.9988486632972693, 0.0, 1.1876514098006483, 1.9999740803359203, 98.5069387755102
302, 1.9757456998025442, 0.0, 1.0705792730629913, 1.9999740803359203, 101.62938775510204
303, 1.9899123451756844, 0.0, 0.9917289850267715, 1.9999740803359203, 96.86204081632653
304, 1.9663615107955361, 0.0, 1.1887587404357034, 1.9999740803359203, 105.24897959183673
305, 1.9950917649457267, 0.0, 1.0317576423924848, 1.9999740803359203, 108.63755102040817
306, 1.956683292622198, 0.0, 0.9876751552369111, 1.9999740803359203, 106.2204081632653
307, 1.9067768590755338, 0.0, 1.1134270276333011, 1.9999740803359203, 105.86448979591837
308, 1.9999612807496097, 0.0, 1.0762047649403501, 1.9999740803359203, 100.89142857142858
309, 1.821032979846279, 0.0, 0.9856320733586597, 1.9999740803359203, 95.34857142857143
310, 1.8785884266654116, 0.0, 1.1181143237233444, 1.9999740803359203, 83.82285714285715
311, 1.9054894253236723, 0.0, 1.1114911050864718, 1.9999740803359203, 77.06775510204082
312, 1.8922125589525207, 0.0, 1.1549764858782126, 1.9999740803359203, 74.1004081632653
313, 1.9854521377820027, 0.0, 1.0210635356808557, 1.9999740803359203, 71.0930612244898
314, 1.9891077548081655, 0.0, 0.9970562559107872, 1.9999740803359203, 76.72571428571429
315, 1.980511132018687, 0.0, 1.034305424545625, 1.9999740803359203, 75.26857142857143
316, 1.996135486526273, 0.0, 1.0428667338303845, 1.9999740803359203, 77.01224489795918
317, 1.985854284286526, 0.0, 1.0137685785565167, 1.9999740803359203, 74.44571428571429
318, 1.8235021488144216, 0.0, 0.9612149784345292, 1.9999740803359203, 78.22857142857143
319, 1.9609096606478498, 0.0, 0.9807195597044508, 1.9999740803359203, 71.40408163265306
320, 1.7482506376958318, 0.0, 0.8790682653866757, 1.9999740803359203, 74.45795918367347
321, 1.7645270130243849, 0.0, 0.8412243961316611, 1.9999740803359203, 75.90122448979592
322, 1.8328584993267731, 0.0, 0.9053760114450158, 1.9999740803359203, 70.89224489795919
323, 1.9409825158147824, 0.0, 1.0388955013997132, 1.9999740803359203, 63.19428571428571
324, 1.9177193261920304, 0.0, 0.9816845525242475, 1.9999740803359203, 56.093877551020405
325, 1.9569107806845611, 0.0, 0.984703523306771, 1.9999740803359203, 65.83020408163266
326, 1.8976100749107632, 0.0, 0.857732167496945, 1.9999740803359203, 65.83020408163266
327, 1.9771105117294532, 0.0, 1.0156375429114812, 1.9999740803359203, 69.65551020408164
328, 1.943838696300543, 0.0, 0.8838404651230718, 1.9999740803359203, 73.3869387755102
329, 1.9782734175227545, 0.0, 0.9330317955012317, 1.9999740803359203, 65.03673469387755
330, 1.9604743518934167, 0.0, 0.9372628173951576, 1.9999740803359203, 64.44408163265307
331, 1.8749914885878542, 0.0, 0.8924748434369958, 1.9999740803359203, 64.31836734693877
332, 1.8976100749107632, 0.0, 0.9004792213578309, 1.9999740803359203, 69.92081632653061
333, 1.9634738616861074, 0.0, 1.0791056333710467, 1.9999740803359203, 65.32489795918367
334, 1.9882728256814786, 0.0, 1.1068951058751317, 1.9999740803359203, 63.20734693877551
335, 1.9292094389413432, 0.0, 0.9939266676066265, 1.9999740803359203, 63.36571428571428
336, 1.938865056404962, 0.0, 1.084130068094562, 1.9999740803359203, 67.22448979591837
337, 1.9700996507785167, 0.0, 1.1310168756445693, 1.9999740803359203, 72.17795918367347
338, 1.9491113815289876, 0.0, 1.1989544441463824, 1.9999740803359203, 76.67918367346938
339, 1.9266252279546459, 0.0, 1.1813240665825442, 1.9999740803359203, 77.52
340, 1.9393975814137678, 0.0, 1.0373509223388464, 1.9999740803359203, 84.26775510204082
341, 1.9356259391885597, 0.0, 1.1977772764823122, 1.9999740803359203, 89.21142857142857
342, 1.9584875362228722, 0.0, 1.058912548091136, 1.9999740803359203, 87.47265306122449
343, 1.9905777898360064, 0.0, 1.152136801783129, 1.9999740803359203, 84.78693877551021
344, 1.989456298648217, 0.0, 1.2137706525828833, 1.9999740803359203, 81.03102040816327
345, 1.9520169116598254, 0.0, 1.095002531237904, 1.9999740803359203, 84.28571428571429
346, 1.9911152249684454, 0.0, 1.120356959010424, 1.9999740803359203, 78.48653061224489
347, 1.8901592675167385, 0.0, 0.99908641948489, 1.9999740803359203, 89.29306122448979
348, 1.5948866950843301, 0.0, 0.9816672450477607, 1.9999740803359203, 90.71918367346939
349, 1.904518971314722, 0.0, 0.8586963888582827, 1.9999740803359203, 88.49061224489796
350, 1.9425484077226143, 0.0, 0.8703779259059975, 1.9999740803359203, 101.11755102040816
351, 1.825141823623021, 0.0, 1.0261215560180037, 1.9999740803359203, 102.18775510204081
352, 1.9524934963343736, 0.0, 1.0494377823777095, 1.9999740803359203, 107.34204081632653
353, 1.7965959598419223, 0.0, 0.8772924833914072, 1.9999740803359203, 106.01306122448979
354, 1.888436164800995, 0.0, 0.8780260500329313, 1.9999740803359203, 99.86448979591837
355, 1.9617734836728087, 0.0, 0.9145333389573561, 1.9999740803359203, 87.7934693877551
356, 1.6230241979112108, 0.0, 0.9747141757862733, 1.9999740803359203, 84.65632653061225
357, 1.9417678486012413, 0.0, 1.0846483740347166, 1.9999740803359203, 83.1330612244898
358, 1.7875103858408354, 0.0, 1.0912773429175067, 1.9999740803359203, 73.61714285714285
359, 1.9817368304265364, 0.0, 1.164660236181318, 1.9999740803359203, 62.63510204081633
360, 1.9723522724149873, 0.0, 1.1204297489654702, 1.9999740803359203, 73.37469387755102
361, 1.9679609629981352, 0.0, 1.174752747611349, 1.9999740803359203, 66.74938775510203
362, 1.9918414629933738, 0.0, 1.1156494799326666, 1.9999740803359203, 64.24489795918367
363, 1.9358987326227912, 0.0, 1.095186169314763, 1.9999740803359203, 59.83183673469388
364, 1.9679609629981352, 0.0, 1.2529685475925154, 1.9999740803359203, 55.71836734693878
365, 1.982335165300805, 0.0, 1.057569629945553, 1.9999740803359203, 57.20979591836735
366, 1.9317525535787645, 0.0, 1.2540435884531167, 1.9999740803359203, 61.90204081632653
367, 1.9685512118907629, 0.0, 1.1961157631424248, 1.9999740803359203, 62.93061224489796
368, 1.9515381295059675, 0.0, 1.1519032858898215, 1.9999740803359203, 65.77795918367347
369, 1.8106231549478018, 0.0, 1.057208688879744, 1.9999740803359203, 63.55102040816327
370, 1.964931736040246, 0.0, 1.142828972429119, 1.9999740803359203, 60.02040816326531
371, 1.9257547576159002, 0.0, 1.1937029024471024, 1.9999740803359203, 62.453877551020405
372, 1.9161920451550576, 0.0, 1.1954311814800291, 1.9999740803359203, 65.09142857142857
373, 1.9320325686534217, 0.0, 1.145665883033919, 1.9999740803359203, 66.20408163265306
374, 1.9875330839834646, 0.0, 1.1794595721893928, 1.9999740803359203, 76.17632653061224
375, 1.9866420203688748, 0.0, 1.1173294700985976, 1.9999740803359203, 70.23346938775511
376, 1.983214473528573, 0.0, 1.1100645364035304, 1.9999740803359203, 78.23183673469387
377, 1.9931089727713565, 0.0, 1.1116324124742747, 1.9999740803359203, 69.67183673469388
378, 1.9527309635098191, 0.0, 1.1428112165519162, 1.9999740803359203, 73.71755102040817
379, 1.9074177777301609, 0.0, 1.0652545912065974, 1.9999740803359203, 73.18448979591837
380, 1.8731775890039013, 0.0, 1.0780424677472804, 1.9999740803359203, 71.1461224489796
381, 1.9967410020999439, 0.0, 1.2342691077339645, 1.9999740803359203, 77.01877551020408
382, 1.9131012741039612, 0.0, 1.1068807527635365, 1.9999740803359203, 78.66530612244898
383, 1.7622832143295941, 0.0, 1.0318807170829833, 1.9999740803359203, 82.84979591836735
384, 1.9409825158147824, 0.0, 1.0158302817476157, 1.9999740803359203, 80.58204081632653
385, 1.899273269659525, 0.0, 1.0381100174256432, 1.9999740803359203, 77.53551020408163
386, 1.8490883792772381, 0.0, 0.954326984867021, 1.9999740803359203, 74.48081632653061
387, 1.8767951274503956, 0.0, 0.9740257058776192, 1.9999740803359203, 79.44244897959183
388, 1.8908454529814995, 0.0, 0.9163087802912319, 1.9999740803359203, 86.31510204081633
389, 1.9155777428619776, 0.0, 0.9630460514400153, 1.9999740803359203, 86.93632653061225
390, 1.7914187959975874, 0.0, 0.9375270197445318, 1.9999740803359203, 76.75183673469388
391, 1.9263355731245806, 0.0, 0.9837276058384856, 1.9999740803359203, 81.76816326530613
392, 1.8894713335458575, 0.0, 1.031521860718101, 1.9999740803359203, 74.73469387755102
393, 1.9412448230150239, 0.0, 1.1447295231471843, 1.9999740803359203, 83.07510204081633
394, 1.998104518697975, 0.0, 1.2875892271239586, 1.9999740803359203, 70.5265306122449
395, 1.9960650423156026, 0.0, 1.199113398750102, 1.9999740803359203, 75.1730612244898
396, 1.9289243268985503, 0.0, 1.1068269189748978, 1.9999740803359203, 63.41061224489796
397, 1.9356259391885597, 0.0, 1.0519858258225407, 1.9999740803359203, 66.48244897959184
398, 1.9483727289517712, 0.0, 1.2387425680895248, 1.9999740803359203, 70.96979591836735
399, 1.980355203927981, 0.0, 1.2526886421748713, 1.9999740803359203, 87.6130612244898
400, 1.9764328666295472, 0.0, 1.0703389794447866, 1.9999740803359203, 86.43265306122449
401, 1.8684139995701385, 0.0, 0.9963931351897312, 1.9999740803359203, 88.65387755102041
402, 1.6157492130606053, 0.0, 0.9408349041156899, 1.9999740803359203, 91.11020408163266
403, 1.9146526712802294, 0.0, 1.1840950835270336, 1.9999740803359203, 97.55918367346939
404, 1.9918414629933738, 0.0, 1.2030295898176853, 1.9999740803359203, 104.08734693877551
405, 1.879659410455504, 0.0, 1.1836071913295438, 1.9999740803359203, 107.11591836734694
406, 1.996410936141988, 0.0, 1.2346444056658903, 1.9999740803359203, 107.81061224489795
407, 1.8757141798467343, 0.0, 1.2139703219754794, 1.9999740803359203, 105.72489795918368
408, 1.9914302117847864, 0.0, 1.1969029581859867, 1.9999740803359203, 104.16163265306122
409, 1.9871548917469766, 0.0, 1.0633942071687839, 1.9999740803359203, 96.14938775510204
410, 1.8898155187902803, 0.0, 1.0533248833219964, 1.9999740803359203, 76.73795918367347
411, 1.8867022101877837, 0.0, 1.1532468512195697, 1.9999740803359203, 82.57632653061225
412, 1.973084379101126, 0.0, 1.153949591415601, 1.9999740803359203, 76.20163265306122
413, 1.7957358459773436, 0.0, 0.941597133288064, 1.9999740803359203, 74.52897959183673
414, 1.9286387080085539, 0.0, 1.1557134134112277, 1.9999740803359203, 80.2408163265306
415, 1.956683292622198, 0.0, 1.1019482174746935, 1.9999740803359203, 75.65795918367347
416, 1.9127895580241288, 0.0, 1.0830725965745212, 1.9999740803359203, 70.55265306122449
417, 1.9054894253236723, 0.0, 1.0727429086590496, 1.9999740803359203, 68.66857142857143
418, 1.9598171513550038, 0.0, 1.0521153260508136, 1.9999740803359203, 78.64734693877551
419, 1.9440951532330863, 0.0, 1.1176097982915327, 1.9999740803359203, 77.04979591836735
420, 1.977944146985406, 0.0, 1.1219647845862804, 1.9999740803359203, 80.76326530612245
421, 1.8962714090406687, 0.0, 0.9858062492728098, 1.9999740803359203, 82.87102040816326
422, 1.9158851355886104, 0.0, 0.9515898766719278, 1.9999740803359203, 79.07673469387755
423, 1.9077375354868296, 0.0, 1.1232056268480177, 1.9999740803359203, 71.85306122448979
424, 1.9964782160797414, 0.0, 1.1014790194746453, 1.9999740803359203, 77.5208163265306
425, 1.570181812337605, 0.0, 0.9429840187394715, 1.9999740803359203, 84.6465306122449
426, 1.9306273782560468, 0.0, 0.9463260071554082, 1.9999740803359203, 83.2669387755102
427, 1.7658705793334861, 0.0, 1.0244174305659401, 1.9999740803359203, 90.17061224489795
428, 1.5008302788807903, 0.0, 1.0312691148928563, 1.9999740803359203, 89.23591836734694
429, 1.8778723527745207, 0.0, 1.0499681796870244, 1.9999740803359203, 78.29306122448979
430, 1.6903971135906328, 0.0, 1.005302296487844, 1.9999740803359203, 72.30938775510204
431, 1.9251719378372982, 0.0, 1.1205880672493675, 1.9999740803359203, 71.12244897959184
432, 1.9865122657432073, 0.0, 1.0171080864973583, 1.9999740803359203, 58.59102040816327
433, 1.9990324683608633, 0.0, 1.1298851139237116, 1.9999740803359203, 60.031836734693876
434, 1.9634738616861074, 0.0, 1.056041516043625, 1.9999740803359203, 49.93877551020408
435, 1.9950124791926824, 0.0, 1.1466199373190147, 1.9999740803359203, 44.582857142857144
436, 1.9451156292300924, 0.0, 1.1446561735509724, 1.9999740803359203, 43.59510204081633
437, 1.9854521377820027, 0.0, 1.323394389160816, 1.9999740803359203, 47.288163265306125
438, 1.9881510779691678, 0.0, 1.316186141529505, 1.9999740803359203, 53.78857142857143
439, 1.980511132018687, 0.0, 1.2212058618570953, 1.9999740803359203, 54.78775510204082
440, 1.9866420203688748, 0.0, 1.2058098132408148, 1.9999740803359203, 61.21142857142857
441, 1.851799183544149, 0.0, 1.0334890863446649, 1.9999740803359203, 69.31102040816326
442, 1.9966762559074265, 0.0, 1.1078361501031295, 1.9999740803359203, 72.3330612244898
443, 1.7395531548270107, 0.0, 0.9999186842099189, 1.9999740803359203, 80.38448979591837
444, 1.8443997323319734, 0.0, 1.0448565250379658, 1.9999740803359203, 77.80081632653061
445, 1.9962052981473395, 0.0, 1.0302648470809463, 1.9999740803359203, 80.51102040816326
446, 1.9105942050342126, 0.0, 0.9986969191472305, 1.9999740803359203, 79.57795918367347
447, 1.8753530397484852, 0.0, 1.0689037571093782, 1.9999740803359203, 82.18204081632653
448, 1.969523350009481, 0.0, 0.9491304883641949, 1.9999740803359203, 77.54367346938776
449, 1.9260454161687908, 0.0, 1.0985381718200324, 1.9999740803359203, 75.92734693877551
450, 1.8849574802886333, 0.0, 1.0383831510658847, 1.9999740803359203, 73.78857142857143
451, 1.7149488194778804, 0.0, 0.9884751978455486, 1.9999740803359203, 76.28734693877551
452, 1.8451847808236714, 0.0, 0.9781893335517079, 1.9999740803359203, 75.31591836734694
453, 1.9792468531227017, 0.0, 1.1387817325462686, 1.9999740803359203, 79.23428571428572
454, 1.9966108760895205, 0.0, 1.234838185540547, 1.9999740803359203, 72.02285714285715
455, 1.9980550139415754, 0.0, 1.15200331431936, 1.9999740803359203, 78.04326530612245
456, 1.8959356211354241, 0.0, 1.2195922087653235, 1.9999740803359203, 80.45877551020408
457, 1.8824969025845955, 0.0, 1.1006879836398662, 1.9999740803359203, 79.61795918367346
458, 1.8552578128508483, 0.0, 1.1206598313497345, 1.9999740803359203, 78.5804081632653
459, 1.8698869659237203, 0.0, 1.0884990967539567, 1.9999740803359203, 84.08489795918368
460, 1.999945921462297, 0.0, 1.081385721475335, 1.9999740803359203, 83.16489795918368
461, 1.9647251855641463, 0.0, 1.2212436745951438, 1.9999740803359203, 88.57877551020408
462, 1.8628338607906647, 0.0, 1.1123894896697517, 1.9999740803359203, 91.36326530612244
463, 1.9399280022524175, 0.0, 1.1776091948264504, 1.9999740803359203, 81.18448979591837
464, 1.9812817242129828, 0.0, 1.1000052457692655, 1.9999740803359203, 83.64897959183673
465, 1.98476965298098, 0.0, 1.1973012803925076, 1.9999740803359203, 103.78857142857143
466, 1.9613427056536046, 0.0, 1.1246322331478973, 1.9999740803359203, 107.29795918367347
467, 1.9171098693488533, 0.0, 1.0745034703453389, 1.9999740803359203, 110.40897959183674
468, 1.9866420203688748, 0.0, 1.0543468614244886, 1.9999740803359203, 111.82367346938776
469, 1.9729022347546012, 0.0, 1.082844738229639, 1.9999740803359203, 115.60897959183673
470, 1.8148102621687294, 0.0, 1.0746323071530808, 1.9999740803359203, 115.36489795918368
471, 1.980666457283435, 0.0, 1.2030245759691138, 1.9999740803359203, 116.15918367346939
472, 1.9496010974407043, 0.0, 0.9648748945153429, 1.9999740803359203, 108.80408163265307
473, 1.9876579160545007, 0.0, 1.0082987290571297, 1.9999740803359203, 96.65714285714286
474, 1.9348044462161114, 0.0, 1.100528679926039, 1.9999740803359203, 87.78530612244899
475, 1.9948520165200958, 0.0, 1.0970860232886923, 1.9999740803359203, 91.40816326530613
476, 1.9808211794278978, 0.0, 1.122521587177544, 1.9999740803359203, 93.17469387755102
477, 1.9573640809633266, 0.0, 1.12908241217003, 1.9999740803359203, 93.23346938775511
478, 1.987905730757057, 0.0, 1.2557582944093844, 1.9999740803359203, 96.32326530612245
479, 1.98476965298098, 0.0, 1.1775861271271748, 1.9999740803359203, 98.31755102040816
480, 1.9619880215549823, 0.0, 1.2523050870309762, 1.9999740803359203, 103.98367346938775
481, 1.9498451382917286, 0.0, 1.1043704032435566, 1.9999740803359203, 89.61142857142858
482, 1.969136238467999, 0.0, 1.1986282034226141, 1.9999740803359203, 84.84326530612245
483, 1.9613427056536046, 0.0, 1.0067753437736826, 1.9999740803359203, 101.27836734693878
484, 1.8842565884798166, 0.0, 1.072493160344178, 1.9999740803359203, 106.48734693877552
485, 1.9350787954833648, 0.0, 1.0850225306253651, 1.9999740803359203, 104.51102040816326
486, 1.9334249458837018, 0.0, 1.1281239161465957, 1.9999740803359203, 76.6734693877551
487, 1.9839305142725083, 0.0, 1.3876931413988132, 1.9999740803359203, 83.72
488, 1.9969314376908134, 0.0, 1.1145887445033116, 1.9999740803359203, 80.22775510204082
489, 1.9741648686528286, 0.0, 1.3137468638752434, 1.9999740803359203, 84.66285714285715
490, 1.9943555103317046, 0.0, 1.1994090437997897, 1.9999740803359203, 93.52408163265306
491, 1.9996515807121027, 0.0, 1.2105192518815855, 1.9999740803359203, 101.60326530612245
492, 1.9842126672770823, 0.0, 1.2773759529057263, 1.9999740803359203, 93.7804081632653
493, 1.9550752746353215, 0.0, 1.212754255038164, 1.9999740803359203, 86.19020408163266
494, 1.9976360784736094, 0.0, 1.1796787645868616, 1.9999740803359203, 99.0334693877551
495, 1.9759183830401434, 0.0, 0.970326635917411, 1.9999740803359203, 100.99102040816327
496, 1.9491113815289876, 0.0, 1.1127937201571236, 1.9999740803359203, 103.96081632653062
497, 1.9496010974407043, 0.0, 1.1751390084292908, 1.9999740803359203, 108.28244897959183
498, 1.9679609629981352, 0.0, 1.253512131239806, 1.9999740803359203, 110.09061224489795
499, 1.9404563150162957, 0.0, 1.074603175549661, 1.9999740803359203, 111.96163265306123
