1, 82
2, 141
3, 110
4, 164
5, 124
6, 129
7, 130
8, 167
9, 172
10, 125
11, 116
12, 132
13, 148
14, 92
15, 64
16, 104
17, 97
18, 127
19, 107
20, 124
21, 221
22, 125
23, 88
24, 164
25, 95
26, 125
27, 192
28, 118
29, 137
30, 143
31, 129
32, 149
33, 148
34, 127
35, 151
36, 113
37, 120
38, 135
39, 127
40, 112
41, 281
42, 110
43, 125
44, 109
45, 102
46, 61
47, 18
48, 59
49, 52
50, 66
51, 91
52, 117
53, 94
54, 110
55, 65
56, 64
57, 123
58, 246
59, 182
60, 147
61, 178
62, 131
63, 123
64, 156
65, 211
66, 93
67, 84
68, 141
69, 132
70, 81
71, 89
72, 130
73, 120
74, 101
75, 66
76, 83
77, 184
78, 101
79, 104
80, 54
81, 83
82, 59
83, 248
84, 74
85, 169
86, 94
87, 121
88, 66
89, 141
90, 144
91, 47
92, 57
93, 57
94, 41
95, 56
96, 101
97, 102
98, 152
99, 81
100, 107
101, 112
102, 69
103, 67
104, 38
105, 121
106, 89
107, 182
108, 33
109, 119
110, 88
111, 12
112, 718
113, 27
114, 86
115, 49
116, 24
117, 85
118, 61
119, 43
120, 70
121, 719
122, 719
123, 718
124, 718
125, 720
126, 720
127, 720
128, 717
129, 718
130, 719
131, 718
132, 718
133, 718
134, 717
135, 718
136, 718
137, 718
138, 718
139, 719
140, 718
141, 718
142, 719
143, 718
144, 718
145, 718
146, 718
147, 718
148, 718
149, 718
150, 718
151, 718
152, 718
153, 718
154, 718
155, 718
156, 721
157, 722
158, 719
159, 719
160, 717
161, 718
162, 719
163, 718
164, 719
165, 720
166, 719
167, 720
168, 721
169, 718
170, 719
171, 720
172, 720
173, 720
174, 721
175, 721
176, 719
177, 720
178, 720
179, 720
180, 721
181, 721
182, 721
183, 721
184, 721
185, 721
186, 720
187, 721
188, 721
189, 720
190, 720
191, 720
192, 720
193, 724
194, 723
195, 724
196, 723
197, 724
198, 724
199, 724
200, 720
201, 718
202, 719
203, 719
204, 719
205, 719
206, 718
207, 719
208, 719
209, 719
210, 719
211, 719
212, 719
213, 719
214, 719
215, 719
216, 719
217, 719
218, 719
219, 720
220, 719
221, 719
222, 719
223, 721
224, 719
225, 719
226, 720
227, 719
228, 719
229, 720
230, 719
231, 719
232, 719
233, 719
234, 719
235, 719
236, 719
237, 719
238, 719
239, 719
240, 720
241, 719
242, 719
243, 719
244, 719
245, 719
246, 721
247, 719
248, 719
249, 719
250, 719
251, 718
252, 718
253, 720
254, 722
255, 724
256, 721
257, 722
258, 723
259, 721
260, 721
261, 82
262, 73
263, 38
264, 22
265, 719
266, 719
267, 721
268, 719
269, 719
270, 719
271, 719
272, 719
273, 719
274, 719
275, 719
276, 719
277, 719
278, 719
279, 722
280, 720
281, 719
282, 719
283, 719
284, 719
285, 720
286, 719
287, 719
288, 719
289, 722
290, 719
291, 719
292, 719
293, 721
294, 720
295, 718
296, 719
297, 719
298, 720
299, 722
300, 724
301, 720
302, 721
303, 722
304, 720
305, 720
306, 716
307, 716
308, 716
309, 717
310, 717
311, 717
312, 716
313, 717
314, 719
315, 719
316, 719
317, 720
318, 723
319, 721
320, 721
321, 720
322, 721
323, 721
324, 721
325, 721
326, 721
327, 720
328, 721
329, 720
330, 718
331, 720
332, 719
333, 719
334, 720
335, 718
336, 719
337, 719
338, 719
339, 719
340, 719
341, 719
342, 719
343, 719
344, 719
345, 719
346, 719
347, 720
348, 722
349, 724
350, 723
351, 721
352, 721
353, 718
354, 720
355, 720
356, 720
357, 720
358, 719
359, 720
360, 719
361, 719
362, 722
363, 721
364, 719
365, 719
366, 721
367, 722
368, 719
369, 719
370, 719
371, 720
372, 720
373, 719
374, 720
375, 721
376, 719
377, 719
378, 719
379, 719
380, 719
381, 719
382, 719
383, 723
384, 722
385, 719
386, 719
387, 719
388, 719
389, 719
390, 720
391, 719
392, 719
393, 719
394, 719
395, 721
396, 719
397, 719
398, 721
399, 720
400, 720
401, 721
402, 720
403, 720
404, 721
405, 720
406, 720
407, 720
408, 720
409, 720
410, 720
411, 720
412, 720
413, 720
414, 718
415, 719
416, 719
417, 719
418, 718
419, 719
420, 719
421, 719
422, 719
423, 720
424, 719
425, 719
426, 719
427, 721
428, 719
429, 719
430, 720
431, 720
432, 719
433, 719
434, 718
435, 719
436, 719
437, 720
438, 721
439, 721
440, 720
441, 719
442, 718
443, 718
444, 719
445, 719
446, 719
447, 719
448, 719
449, 718
450, 720
451, 718
452, 718
453, 719
454, 719
455, 719
456, 719
457, 719
458, 719
459, 720
460, 719
461, 720
462, 719
463, 719
464, 718
465, 718
466, 719
467, 718
468, 719
469, 719
470, 720
471, 720
472, 722
473, 719
474, 719
475, 719
476, 719
477, 719
478, 719
479, 719
480, 719
481, 719
482, 719
483, 718
484, 719
485, 718
486, 719
487, 719
488, 719
489, 719
490, 719
491, 720
492, 719
493, 719
494, 719
495, 719
496, 719
497, 719
498, 719
499, 718
