0, 0, 0, 0.020000253446877534, 0, 864.2669387755102
1, 1.000012580990124, 0, 0.020000251619802477, 1.000012580990124, 694.5265306122449
2, 1.0000166019191818, 0, 0.28000361023848985, 1.0000166019191818, 421.62285714285713
3, 1.0000271576774755, 0, 0.6400089994423704, 1.0000271576774755, 422.71183673469386
4, 1.000037220381881, 0, 0.7600128440355277, 1.000037220381881, 378.79673469387757
5, 1.0000346248398602, 0, 0.8200169482614958, 1.000037220381881, 285.9779591836735
6, 1.0000434310532031, 0, 0.7800195037945821, 1.0000434310532031, 236.45877551020408
7, 1.0000557072029412, 0, 0.9000287815366192, 1.0000557072029412, 178.5387755102041
8, 1.0000504872014944, 0, 0.9400309413117366, 1.0000557072029412, 135.59510204081633
9, 1.0000575771533855, 0, 0.9200353637607478, 1.0000575771533855, 109.37142857142857
10, 1.0000608568646543, 0, 0.8400384365158828, 1.0000608568646543, 73.0661224489796
11, 1.0000568698817107, 0, 0.8800381737294295, 1.0000608568646543, 46.81469387755102
12, 1.0000578871201158, 0, 0.8800397408213637, 1.0000608568646543, 31.792653061224488
13, 1.0000614665929068, 0, 0.9400424641647501, 1.0000614665929068, 34.27591836734694
14, 1.0000614552605702, 0, 0.9200445645833243, 1.0000614665929068, 39.76408163265306
15, 1.000061823802164, 0, 0.8800377326918583, 1.000061823802164, 43.44734693877551
16, 1.0000644994840042, 0, 0.8600362669281745, 1.0000644994840042, 43.5730612244898
17, 1.0000599520383693, 0, 0.9000363328967421, 1.0000644994840042, 49.160816326530615
18, 1.0000662778366913, 0, 0.9200443056961682, 1.0000662778366913, 51.88
19, 1.0000699643181976, 0, 0.9600468583579612, 1.0000699643181976, 51.098775510204085
20, 1.0000733891090563, 0, 0.9200520300923536, 1.0000733891090563, 44.18448979591837
21, 1.0000814265939255, 0, 0.880049006743921, 1.0000814265939255, 37.63755102040816
22, 1.0000817060217337, 0, 0.9000505396925925, 1.0000817060217337, 35.97714285714286
23, 1.0000825150589983, 0, 0.8400516884441531, 1.0000825150589983, 34.96163265306122
24, 1.0001468428781204, 0, 0.8200510849727877, 1.0001468428781204, 39.42530612244898
25, 1.0002614379084966, 0, 0.9000672258242247, 1.0002614379084966, 42.901224489795915
26, 1.0002493765586036, 0, 0.8200759792108111, 1.0002614379084966, 45.140408163265306
27, 1.000981354268891, 0, 0.8001292994801728, 1.000981354268891, 41.734693877551024
28, 1.001219512195122, 0, 0.8401493768227033, 1.001219512195122, 49.204081632653065
29, 1.0008591065292096, 0, 0.8601490756736806, 1.001219512195122, 51.988571428571426
30, 1.003257328990228, 0, 0.8603157811322797, 1.003257328990228, 52.82693877551021
31, 1.0006153846153847, 0, 0.8401429724677572, 1.003257328990228, 51.01714285714286
32, 1.0043668122270741, 0, 0.9404227059715947, 1.0043668122270741, 55.27755102040816
33, 1.00104821802935, 0, 0.9402156443230902, 1.0043668122270741, 60.02857142857143
34, 1.0016339869281046, 0, 0.9001772137317339, 1.0043668122270741, 60.02122448979592
35, 1.0004708097928436, 0, 0.8201203080094049, 1.0043668122270741, 54.39836734693878
36, 1.002053388090349, 0, 0.9404062401668988, 1.0043668122270741, 59.071020408163264
37, 1.0022522522522523, 0, 0.8803273554457389, 1.0043668122270741, 60.1069387755102
38, 1.0010493179433368, 0, 0.8401742849246123, 1.0043668122270741, 57.497142857142855
39, 1.0032154340836013, 0, 0.9203850196286361, 1.0043668122270741, 60.40489795918367
40, 1.0019607843137255, 0, 0.9003695758119414, 1.0043668122270741, 64.11265306122449
41, 1.001639344262295, 0, 0.8603289956731726, 1.0043668122270741, 66.6465306122449
42, 1.0010952902519168, 0, 0.8602297790508392, 1.0043668122270741, 69.6873469387755
43, 1.0034013605442176, 0, 0.8803831024103895, 1.0043668122270741, 58.711020408163265
44, 1.0026385224274406, 0, 0.8203754116659223, 1.0043668122270741, 55.394285714285715
45, 1.0008928571428573, 0, 0.840259477444749, 1.0043668122270741, 61.69387755102041
46, 1.0010626992561105, 0, 0.8602942498556422, 1.0043668122270741, 59.06122448979592
47, 1.0016233766233766, 0, 0.9002795860187169, 1.0043668122270741, 53.244897959183675
48, 1.0040983606557377, 0, 0.880550563843813, 1.0043668122270741, 46.20897959183674
49, 1.0113636363636365, 0, 0.8607946064147931, 1.0113636363636365, 45.91510204081633
50, 1.0043859649122806, 0, 0.9006196326425909, 1.0113636363636365, 40.78938775510204
51, 1.0013440860215055, 0, 0.8802876437447756, 1.0113636363636365, 45.08
52, 1.0017123287671232, 0, 0.880329338505799, 1.0113636363636365, 44.288979591836735
53, 1.0172413793103448, 0, 0.8807941163824624, 1.0172413793103448, 42.14857142857143
54, 1.004, 0, 0.8603532829352666, 1.0172413793103448, 43.54857142857143
55, 1.0046728971962617, 0, 0.9205139518970578, 1.0172413793103448, 45.50612244897959
56, 1.0022935779816513, 0, 0.8602465515642453, 1.0172413793103448, 47.481632653061226
57, 1.0024937655860349, 0, 0.8802125035384948, 1.0172413793103448, 51.49061224489796
58, 1.001085776330076, 0, 0.880233643538028, 1.0172413793103448, 55.58938775510204
59, 1.0050251256281406, 0, 0.8403555744931469, 1.0172413793103448, 55.47102040816326
60, 1.0015873015873016, 0, 0.9002410121762113, 1.0172413793103448, 56.92081632653061
61, 1.0013123359580052, 0, 0.9202593239208373, 1.0172413793103448, 62.626938775510204
62, 1.0034129692832765, 0, 0.9203342533745226, 1.0172413793103448, 64.05061224489796
63, 1.0029850746268656, 0, 0.8803434062344746, 1.0172413793103448, 63.888163265306126
64, 1.0012594458438286, 0, 0.9003518020844895, 1.0172413793103448, 68.72489795918368
65, 1.0034129692832765, 0, 0.9605138114500607, 1.0172413793103448, 68.93632653061225
66, 1.0026109660574412, 0, 0.9603262221758452, 1.0172413793103448, 73.16816326530612
67, 1.0008880994671403, 0, 0.9602209856348343, 1.0172413793103448, 75.10857142857142
68, 1.0008748906386702, 0, 0.9402405019069074, 1.0172413793103448, 68.54775510204081
69, 1.0025510204081634, 0, 0.960287711912396, 1.0172413793103448, 69.6465306122449
70, 1.0013123359580052, 0, 0.9402595867560241, 1.0172413793103448, 60.67673469387755
71, 1.0032467532467533, 0, 0.9603434089510047, 1.0172413793103448, 54.758367346938776
72, 1.0018587360594795, 0, 0.880354548831628, 1.0172413793103448, 48.563265306122446
73, 1.0085470085470085, 0, 0.8608250724959445, 1.0172413793103448, 55.46367346938776
74, 1.0033333333333334, 0, 0.9403793567012778, 1.0172413793103448, 67.76326530612245
75, 1.0015698587127158, 0, 0.8803641705217157, 1.0172413793103448, 70.67755102040816
76, 1.0035087719298246, 0, 0.9404400067415081, 1.0172413793103448, 74.65551020408164
77, 1.0015337423312884, 0, 0.9402684205994661, 1.0172413793103448, 81.33387755102041
78, 1.0015923566878981, 0, 0.9401897201581293, 1.0172413793103448, 91.7795918367347
79, 1.0008880994671403, 0, 0.8801559473028837, 1.0172413793103448, 99.02775510204081
80, 1.0010471204188482, 0, 0.9803201409768088, 1.0172413793103448, 100.6734693877551
81, 1.0023364485981308, 0, 0.9603247720212501, 1.0172413793103448, 94.56081632653061
82, 1.0013568521031209, 0, 0.9802461442878868, 1.0172413793103448, 83.1395918367347
83, 1.0017182130584192, 0, 0.9403974828440321, 1.0172413793103448, 86.25387755102041
84, 1.0040160642570282, 0, 0.9605586118829048, 1.0172413793103448, 88.55918367346939
85, 1.0071428571428571, 0, 0.9205748079084334, 1.0172413793103448, 87.09877551020408
86, 1.0034843205574913, 0, 0.9006028378883812, 1.0172413793103448, 91.07755102040817
87, 1.0153846153846153, 0, 0.9407676206742724, 1.0172413793103448, 81.41714285714286
88, 1.0021008403361344, 0, 0.9403612529990599, 1.0172413793103448, 81.04
89, 1.005952380952381, 0, 0.9406421616512144, 1.0172413793103448, 75.14693877551021
90, 1.0026666666666666, 0, 0.860400678008701, 1.0172413793103448, 70.96163265306123
91, 1.001923076923077, 0, 0.9203809974629314, 1.0172413793103448, 76.84571428571428
92, 1.0025906735751295, 0, 0.9604635827210857, 1.0172413793103448, 70.83510204081632
93, 1.002906976744186, 0, 0.960479713418128, 1.0172413793103448, 74.2269387755102
94, 1.0038610038610039, 0, 0.8805094627867526, 1.0172413793103448, 75.70122448979592
95, 1.0019607843137255, 0, 0.9603648108537368, 1.0172413793103448, 74.4465306122449
96, 1.000882612533098, 0, 0.9202426504975402, 1.0172413793103448, 75.64326530612244
97, 1.0022271714922049, 0, 0.9403636272109237, 1.0172413793103448, 78.84244897959184
98, 1.0015197568389058, 0, 0.960400220840878, 1.0172413793103448, 77.4130612244898
99, 1.0028409090909092, 0, 0.9203998988983022, 1.0172413793103448, 74.29306122448979
100, 1.0025316455696203, 0, 0.8803979501531289, 1.0172413793103448, 64.86285714285714
101, 1.0009643201542913, 0, 0.8802764991457471, 1.0172413793103448, 61.90857142857143
102, 1.0039370078740157, 0, 0.900541999411284, 1.0172413793103448, 65.74612244897959
103, 1.0059880239520957, 0, 0.9204582825360771, 1.0172413793103448, 67.70040816326531
104, 1.0013661202185793, 0, 0.9002587988563251, 1.0172413793103448, 68.3869387755102
105, 1.00354609929078, 0, 0.9006720640946421, 1.0172413793103448, 75.84489795918367
106, 1.0018281535648994, 0, 0.9603996522655955, 1.0172413793103448, 76.65387755102041
107, 1.0021598272138228, 0, 0.9605212136943146, 1.0172413793103448, 79.91591836734693
108, 1.0028011204481793, 0, 0.9605356923780326, 1.0172413793103448, 76.75183673469388
109, 1.0027932960893855, 0, 0.940351926315258, 1.0172413793103448, 68.08081632653061
110, 1.002415458937198, 0, 0.9004011575330725, 1.0172413793103448, 72.07102040816326
111, 1.0059171597633136, 0, 0.9006753568104447, 1.0172413793103448, 71.7330612244898
112, 1.0018939393939394, 0, 0.8803386915150482, 1.0172413793103448, 68.3061224489796
113, 1.0017667844522968, 0, 0.9405018461233461, 1.0172413793103448, 66.79265306122448
114, 1.0024752475247525, 0, 0.9404988109727119, 1.0172413793103448, 65.7404081632653
115, 1.0018416206261511, 0, 0.9403686031957806, 1.0172413793103448, 71.92326530612245
116, 1.0013986013986014, 0, 0.9402934571927068, 1.0172413793103448, 82.68081632653062
117, 1.0023310023310024, 0, 0.9203072483962451, 1.0172413793103448, 85.51183673469387
118, 1.000871839581517, 0, 0.9201713993059407, 1.0172413793103448, 83.93632653061225
119, 1.0015408320493067, 0, 0.9203052328826449, 1.0172413793103448, 80.99673469387756
120, 1.0013550135501355, 0, 0.9402146293852638, 1.0172413793103448, 84.83020408163266
121, 1.0009891196834817, 0, 0.9401528644148408, 1.0172413793103448, 86.43265306122449
122, 1.008130081300813, 0, 0.9604807499315907, 1.0172413793103448, 85.42530612244897
123, 1.0043478260869565, 0, 0.9405475121397376, 1.0172413793103448, 83.77469387755102
124, 1.000618811881188, 0, 0.960129452821903, 1.0172413793103448, 88.48081632653061
125, 1.0018382352941178, 0, 0.9402305196471457, 1.0172413793103448, 92.47020408163266
126, 1.0033112582781456, 0, 0.9203662846888716, 1.0172413793103448, 93.82775510204081
127, 1.0001050089257586, 0, 0.9800436335053742, 1.0172413793103448, 91.06857142857143
128, 1.0001650165016502, 0, 0.9400543570642147, 1.0172413793103448, 93.59673469387755
129, 1.0003236245954692, 0, 0.9000728108209486, 1.0172413793103448, 94.02857142857142
130, 1.0000641601437188, 0, 0.9200391088945669, 1.0172413793103448, 92.44326530612246
131, 1.0000685025345937, 0, 0.880039328131496, 1.0172413793103448, 87.60326530612245
132, 1.000119990400768, 0, 0.9000380827636323, 1.0172413793103448, 92.44081632653061
133, 1.0003026634382566, 0, 0.8800691522475402, 1.0172413793103448, 93.26938775510204
134, 1.0003664345914254, 0, 0.8800644160394991, 1.0172413793103448, 90.15755102040816
135, 1.0003337783711614, 0, 0.9000949502879315, 1.0172413793103448, 94.17714285714285
136, 1.0013227513227514, 0, 0.9001808748413115, 1.0172413793103448, 84.07102040816326
137, 1.0000636739891755, 0, 0.9400351667466568, 1.0172413793103448, 90.28326530612244
138, 1.0001449065352848, 0, 0.9400342652544676, 1.0172413793103448, 94.5469387755102
139, 1.000104275286757, 0, 0.9200326816154601, 1.0172413793103448, 85.07102040816326
140, 1.0003221649484537, 0, 0.9200619480309145, 1.0172413793103448, 77.30204081632652
141, 1.000266240681576, 0, 0.9000799292474777, 1.0172413793103448, 74.18612244897959
142, 1.0002027575020276, 0, 0.940067010946525, 1.0172413793103448, 75.35020408163265
143, 1.0000473260766682, 0, 0.8800256646103292, 1.0172413793103448, 76.96326530612245
144, 1.0000342794460442, 0, 0.800020770039454, 1.0172413793103448, 72.24163265306123
145, 1.0000586613480378, 0, 0.8200216241387582, 1.0172413793103448, 74.20816326530613
146, 1.0000675173857267, 0, 0.9400264562886756, 1.0172413793103448, 75.77795918367347
147, 1.000071772051963, 0, 0.9400295664242091, 1.0172413793103448, 63.17469387755102
148, 1.000071802972643, 0, 0.9200383604610454, 1.0172413793103448, 59.06612244897959
149, 1.0000555895269332, 0, 0.9400352662414463, 1.0172413793103448, 54.4865306122449
150, 1.0000585308750365, 0, 0.9200340328065992, 1.0172413793103448, 50.36408163265306
151, 1.0000648214169963, 0, 0.9200388133899314, 1.0172413793103448, 43.25632653061224
152, 1.0000565035597242, 0, 0.9400353756393627, 1.0172413793103448, 36.83428571428571
153, 1.000058034937032, 0, 0.9400361847100475, 1.0172413793103448, 42.57959183673469
154, 1.0000672088177969, 0, 0.9200454992917979, 1.0172413793103448, 40.32326530612245
155, 1.0000651126448756, 0, 0.9600464846389137, 1.0172413793103448, 41.35918367346939
156, 1.0000678104021157, 0, 0.940048069329073, 1.0172413793103448, 38.90857142857143
157, 1.0001750393838613, 0, 0.9200459570619042, 1.0172413793103448, 43.23918367346939
158, 1.0002712232167073, 0, 0.9400577287119353, 1.0172413793103448, 46.626938775510204
159, 1.0001129815840017, 0, 0.9600441631730893, 1.0172413793103448, 50.204897959183675
160, 1.000583430571762, 1.0000125762434762, 1.000065608986814, 1.0172413793103448, 53.546122448979595
161, 1.0001770538243626, 0, 0.9400528122830991, 1.0172413793103448, 55.23918367346939
162, 1.0000805607024894, 0, 0.9200383822130098, 1.0172413793103448, 51.564081632653064
163, 1.000080064051241, 0, 0.9400488401354866, 1.0172413793103448, 41.48897959183673
164, 1.0000674217907228, 0, 0.9000442248316639, 1.0172413793103448, 49.884081632653064
165, 1.0000644329896908, 0, 0.9800399099219673, 1.0172413793103448, 54.265306122448976
166, 1.0000653722952213, 0, 0.9200434614966012, 1.0172413793103448, 56.733877551020406
167, 1.0000719631548647, 0, 0.8400367145315848, 1.0172413793103448, 59.19591836734694
168, 1.0002366303833412, 0, 0.8800530946534608, 1.0172413793103448, 65.8334693877551
169, 1.0003849114703618, 0, 0.8600816765707684, 1.0172413793103448, 65.79020408163265
170, 1.000248508946322, 0, 0.8400628525498806, 1.0172413793103448, 65.4604081632653
171, 1.0002630194634403, 0, 0.9200692773368765, 1.0172413793103448, 61.736326530612246
172, 1.000141723356009, 0, 0.880052007837, 1.0172413793103448, 63.27265306122449
173, 1.0003648303538855, 0, 0.9600840165038281, 1.0172413793103448, 51.993469387755106
174, 1.0006849315068493, 0, 0.9201501488448595, 1.0172413793103448, 44.841632653061225
175, 1.000206953642384, 0, 0.9600788739002311, 1.0172413793103448, 37.757551020408165
176, 1.0008278145695364, 0, 0.9400992011862772, 1.0172413793103448, 30.380408163265304
177, 1.0011918951132301, 0, 0.9801548044072679, 1.0172413793103448, 31.633469387755103
178, 1.000247402276101, 1.000015237863042, 1.000068076784154, 1.0172413793103448, 31.73061224489796
179, 1.0001630789302023, 1.24998437519531e-05, 0.9800553117759755, 1.0172413793103448, 31.452244897959183
180, 1.000447828034035, 1.0000126627158994, 1.0000691985363526, 1.0172413793103448, 33.63183673469388
181, 1.000262260687123, 0, 0.9800697918394967, 1.0172413793103448, 31.882448979591835
182, 1.0003014772384684, 0, 0.9600985611736083, 1.0172413793103448, 28.543673469387755
183, 1.0006574621959237, 0, 0.9201349180182891, 1.0172413793103448, 27.366530612244897
184, 1.0008064516129032, 0, 0.8801997333989826, 1.0172413793103448, 30.31918367346939
185, 1.0029585798816567, 0, 0.9002891476728329, 1.0172413793103448, 36.56081632653061
186, 1.0004397537379068, 0, 0.9000538915198072, 1.0172413793103448, 37.57714285714286
187, 1.000796812749004, 0, 0.9201373779747121, 1.0172413793103448, 37.773061224489794
188, 1.000533902829685, 0, 0.9200847584354068, 1.0172413793103448, 39.480816326530615
189, 1.0004597701149425, 0, 0.8600790719222172, 1.0172413793103448, 48.139591836734695
190, 1.000430848772081, 0, 0.920075039755975, 1.0172413793103448, 52.20897959183674
191, 1.0002576655501159, 0, 0.9800462052975689, 1.0172413793103448, 50.56897959183674
192, 1.0002612330198537, 0, 0.9600563242079416, 1.0172413793103448, 52.35918367346939
193, 1.0022271714922049, 0, 0.9601262185737405, 1.0172413793103448, 49.78040816326531
194, 1.00026518164943, 0, 0.8800812157371678, 1.0172413793103448, 53.1134693877551
195, 1.00066181336863, 0, 0.9201026158758103, 1.0172413793103448, 54.57142857142857
196, 1.0010277492291881, 0, 0.9001304068127464, 1.0172413793103448, 49.559183673469384
197, 1.0031152647975077, 0, 0.8601839285095991, 1.0172413793103448, 45.45061224489796
198, 1.0004466279589102, 0, 0.9001434639095871, 1.0172413793103448, 46.13469387755102
199, 1.0019880715705765, 0, 0.9402201493820965, 1.0172413793103448, 47.267755102040816
200, 1.0020120724346075, 0, 0.8602145345315679, 1.0172413793103448, 51.15591836734694
201, 1.001432664756447, 0, 0.8401977856028517, 1.0172413793103448, 53.46775510204082
202, 1.0007656967840735, 0, 0.8601537759521075, 1.0172413793103448, 53.66938775510204
203, 1.0008032128514057, 0, 0.9801687493353026, 1.0172413793103448, 51.089795918367344
204, 1.0049751243781095, 0, 0.9405898497417844, 1.0172413793103448, 61.21551020408163
205, 1.0026246719160106, 0, 0.9204527246134675, 1.0172413793103448, 68.57142857142857
206, 1.0024875621890548, 0, 0.9203435360840687, 1.0172413793103448, 70.32408163265306
207, 1.0011820330969268, 0, 0.9603906751844592, 1.0172413793103448, 68.71428571428571
208, 1.0009633911368014, 0, 0.8802812836123235, 1.0172413793103448, 69.04979591836735
209, 1.005952380952381, 0, 0.8804231674125752, 1.0172413793103448, 69.20734693877552
210, 1.003030303030303, 0, 0.9002989697218937, 1.0172413793103448, 69.53877551020408
211, 1.0031847133757963, 0, 0.9403718129874389, 1.0172413793103448, 71.59591836734694
212, 1.0014556040756915, 0, 0.9602696838678407, 1.0172413793103448, 67.80571428571429
213, 1.0056497175141244, 0, 0.9403789204155075, 1.0172413793103448, 68.50448979591837
214, 1.0004847309743092, 0, 0.920159604204142, 1.0172413793103448, 69.9730612244898
215, 1.0005104645227156, 0, 0.980151696389913, 1.0172413793103448, 68.08244897959183
216, 1.0008103727714748, 0, 0.9601883322117153, 1.0172413793103448, 71.30857142857143
217, 1.0016, 0, 0.9202387927491151, 1.0172413793103448, 74.04163265306123
218, 1.0011198208286674, 0, 0.9401658494958895, 1.0172413793103448, 72.68
219, 1.000789265982636, 0, 0.9401544273366684, 1.0172413793103448, 77.90857142857143
220, 1.0002741228070176, 0, 0.9200936647293025, 1.0172413793103448, 80.54530612244898
221, 1.0006365372374284, 0, 0.9401398984518026, 1.0172413793103448, 80.30530612244898
222, 1.0009174311926605, 0, 0.900166777595468, 1.0172413793103448, 82.37387755102041
223, 1.0023696682464456, 0, 0.9602630119341119, 1.0172413793103448, 87.26938775510204
224, 1.0018450184501846, 0, 0.9201826432518365, 1.0172413793103448, 92.48163265306123
225, 1.0021786492374727, 0, 0.960193759318463, 1.0172413793103448, 92.05061224489796
226, 1.000142308239647, 0, 0.9200489779867661, 1.0172413793103448, 93.43020408163265
227, 1.0008237232289952, 0, 0.960095857573897, 1.0172413793103448, 91.2530612244898
228, 1.0003360215053763, 0, 0.9600894558232782, 1.0172413793103448, 86.77142857142857
229, 1.0001757778168394, 0, 0.9600645471497742, 1.0172413793103448, 87.31836734693877
230, 1.0006365372374284, 0, 0.9601583895317831, 1.0172413793103448, 83.43591836734694
231, 1.0012853470437018, 0, 0.9602159823654953, 1.0172413793103448, 94.90040816326531
232, 1.0005359056806002, 0, 0.9801617742730319, 1.0172413793103448, 83.87673469387755
233, 1.0006968641114982, 0, 0.9801521513390749, 1.0172413793103448, 75.69795918367348
234, 1.0003261578604044, 0, 0.9201212117072067, 1.0172413793103448, 77.48897959183674
235, 1.0000332424705805, 0, 0.9200232799238722, 1.0172413793103448, 83.9730612244898
236, 1.0000320430658804, 0, 0.8800219130427922, 1.0172413793103448, 97.88816326530612
237, 1.0000356455407429, 0, 0.9000227313080151, 1.0172413793103448, 88.24571428571429
238, 1.0000272776868522, 0, 0.900020735253058, 1.0172413793103448, 76.60897959183673
239, 1.0000552181115405, 1.24998437519531e-05, 0.9800251762788003, 1.0172413793103448, 76.97142857142858
240, 1.0001812579300344, 0, 0.960036088952569, 1.0172413793103448, 74.1134693877551
241, 1.000968992248062, 0, 0.8800591782244809, 1.0172413793103448, 74.67918367346938
242, 1.0005963029218843, 0, 0.920071929704465, 1.0172413793103448, 75.42448979591836
243, 1.001132502831257, 0, 0.9401238279304064, 1.0172413793103448, 69.69551020408163
244, 1.000371333085778, 0, 0.8600913302617434, 1.0172413793103448, 66.75265306122449
245, 1.0003496503496503, 0, 0.9400678729254633, 1.0172413793103448, 62.70204081632653
246, 1.001293661060802, 0, 0.9401126873434467, 1.0172413793103448, 59.39673469387755
247, 1.0004623208506704, 0, 0.9800837823501862, 1.0172413793103448, 57.51428571428571
248, 1.000502512562814, 0, 0.9400862583506676, 1.0172413793103448, 65.46367346938776
249, 1.0004113533525298, 0, 0.8800546283161118, 1.0172413793103448, 67.80816326530612
250, 1.000262260687123, 0, 0.9000608177696335, 1.0172413793103448, 80.06775510204082
251, 1.000231160425335, 0, 0.9200528160476086, 1.0172413793103448, 78.18857142857142
252, 1.0002637130801688, 0, 0.9000644015699808, 1.0172413793103448, 65.38612244897959
253, 1.0003263707571801, 0, 0.9200801005740915, 1.0172413793103448, 59.69714285714286
254, 1.0009132420091325, 0, 0.9600866762620756, 1.0172413793103448, 63.70122448979592
255, 1.0007304601899196, 0, 0.9401032381659238, 1.0172413793103448, 66.54530612244898
256, 1.0024271844660195, 0, 0.9002061202460865, 1.0172413793103448, 64.96979591836735
257, 1.0019723865877712, 0, 0.9603388883062328, 1.0172413793103448, 66.16571428571429
258, 1.0021186440677967, 0, 0.9602717235968453, 1.0172413793103448, 59.27836734693877
259, 1.001180637544274, 0, 0.9402406422386548, 1.0172413793103448, 43.46775510204082
260, 1.0013054830287207, 0, 0.9602816426787076, 1.0172413793103448, 42.8865306122449
261, 1.0161290322580645, 0, 0.9608233455832997, 1.0172413793103448, 44.40326530612245
262, 1.002092050209205, 0, 0.9602857024460532, 1.0172413793103448, 48.460408163265306
263, 1.0004329004329005, 0, 0.9401529601533808, 1.0172413793103448, 48.58938775510204
264, 1.0031347962382444, 0, 0.8602348049840532, 1.0172413793103448, 49.0465306122449
265, 1.002, 0, 0.8603768686764919, 1.0172413793103448, 49.53877551020408
266, 1.0064516129032257, 0, 0.8404815945415876, 1.0172413793103448, 57.81387755102041
267, 1.0060240963855422, 0, 0.8404795361792332, 1.0172413793103448, 61.479183673469386
268, 1.0059880239520957, 0, 0.9004200934173744, 1.0172413793103448, 58.8465306122449
269, 1.0048780487804878, 0, 0.920579481652557, 1.0172413793103448, 57.24734693877551
270, 1.001996007984032, 0, 0.9201979111279044, 1.0172413793103448, 57.55836734693877
271, 1.0001217433649867, 0, 0.8400507965381666, 1.0172413793103448, 52.075102040816326
272, 1.0000979527867568, 0, 0.9000492920029964, 1.0172413793103448, 56.19673469387755
273, 1.0001588562351071, 0, 0.920056520833326, 1.0172413793103448, 64.33714285714285
274, 1.0001362583458238, 0, 0.9000534014003247, 1.0172413793103448, 62.652244897959186
275, 1.0001978239366964, 0, 0.8200759337749457, 1.0172413793103448, 56.481632653061226
276, 1.000179211469534, 0, 0.9601038545454159, 1.0172413793103448, 58.097142857142856
277, 1.0001851851851853, 0, 0.9201202879417976, 1.0172413793103448, 62.57877551020408
278, 1.0004559963520292, 0, 0.9601270949670437, 1.0172413793103448, 71.1534693877551
279, 1.0002666666666666, 0, 0.8801045469382704, 1.0172413793103448, 63.583673469387755
280, 1.0001902225603956, 0, 0.8801003580382322, 1.0172413793103448, 66.70122448979592
281, 1.000250626566416, 0, 0.880109319638999, 1.0172413793103448, 68.79918367346939
282, 1.0002356267672008, 0, 0.8801041146529971, 1.0172413793103448, 68.17551020408163
283, 1.000185082361651, 0, 0.8200778141856927, 1.0172413793103448, 65.92734693877551
284, 1.0001911680367042, 0, 0.8400926268731839, 1.0172413793103448, 61.65959183673469
285, 1.000209161263334, 0, 0.8801089224905694, 1.0172413793103448, 60.819591836734695
286, 1.000210570646452, 0, 0.8601075024712266, 1.0172413793103448, 53.46612244897959
287, 1.000250563768479, 0, 0.8201112592995747, 1.0172413793103448, 55.66204081632653
288, 1.000217485863419, 0, 0.7801084163369603, 1.0172413793103448, 53.568163265306126
289, 1.0002360717658167, 0, 0.8401066583873003, 1.0172413793103448, 55.881632653061224
290, 1.000218007412252, 0, 0.8801012302578296, 1.0172413793103448, 58.775510204081634
291, 1.0002289901534234, 0, 0.8401025395268138, 1.0172413793103448, 60.328163265306124
292, 1.0002337540906965, 0, 0.88010060048107, 1.0172413793103448, 62.86938775510204
293, 1.0002138122728244, 0, 0.9001039907514129, 1.0172413793103448, 63.08244897959184
294, 1.0003081664098614, 0, 0.8801454224282316, 1.0172413793103448, 67.9795918367347
295, 1.0002636435539152, 0, 0.8601175821736127, 1.0172413793103448, 69.17959183673469
296, 1.000284656988329, 0, 0.9201204928931004, 1.0172413793103448, 73.84979591836735
297, 1.0002631578947367, 0, 0.9601638278217662, 1.0172413793103448, 71.90857142857143
298, 1.0003252032520324, 0, 0.9001508701903638, 1.0172413793103448, 76.96326530612245
299, 1.00033760972316, 0, 0.9001555991745136, 1.0172413793103448, 86.73142857142857
300, 1.0002882675122513, 0, 0.9201746630235393, 1.0172413793103448, 78.59673469387755
301, 1.0004746084480303, 0, 0.9002059578322021, 1.0172413793103448, 83.78204081632653
302, 1.0004863813229572, 0, 0.920192882423212, 1.0172413793103448, 76.96408163265306
303, 1.0005020080321285, 0, 0.9402126546934828, 1.0172413793103448, 75.69142857142857
304, 1.0012886597938144, 0, 0.9202278993983469, 1.0172413793103448, 70.19265306122449
305, 1.0010649627263046, 0, 0.9402495852173844, 1.0172413793103448, 66.5069387755102
306, 1.0031347962382444, 0, 0.9403539645913963, 1.0172413793103448, 66.13469387755102
307, 1.0036764705882353, 0, 0.9204780469192422, 1.0172413793103448, 64.08571428571429
308, 1.0025188916876575, 0, 0.9605597147704245, 1.0172413793103448, 59.822857142857146
309, 1.0045871559633028, 0, 0.9405150293432624, 1.0172413793103448, 59.94530612244898
310, 1.002754820936639, 0, 0.8603922594199537, 1.0172413793103448, 65.32408163265306
311, 1.0135135135135136, 0, 0.8606461854632892, 1.0172413793103448, 70.27020408163266
312, 1.0077519379844961, 0, 0.9205472415409485, 1.0172413793103448, 69.51020408163265
313, 1.0023809523809524, 0, 0.9805396285111493, 1.0172413793103448, 69.8465306122449
314, 1.0028901734104045, 0, 0.9205307423776307, 1.0172413793103448, 78.96816326530612
315, 1.0053763440860215, 0, 0.9006039744205755, 1.0172413793103448, 79.87102040816326
316, 1.0071428571428571, 0, 0.94071614434401, 1.0172413793103448, 76.26857142857143
317, 1.0027855153203342, 0, 0.9005222582266991, 1.0172413793103448, 79.9795918367347
318, 1.0023364485981308, 0, 0.8803841558307245, 1.0172413793103448, 75.66530612244898
319, 1.0022321428571428, 0, 0.8604611484891035, 1.0172413793103448, 65.69714285714285
320, 1.0032051282051282, 0, 0.8206537966532919, 1.0172413793103448, 66.16734693877551
321, 1.002247191011236, 0, 0.820487074538, 1.0172413793103448, 70.78530612244899
322, 1.0096153846153846, 0, 0.820625163413859, 1.0172413793103448, 66.72979591836734
323, 1.002680965147453, 0, 0.8406191416547921, 1.0172413793103448, 68.39836734693877
324, 1.005952380952381, 0, 0.860498229157255, 1.0172413793103448, 61.91836734693877
325, 1.0040160642570282, 0, 0.9206237516087314, 1.0172413793103448, 60.72489795918367
326, 1.0053763440860215, 0, 0.9209662849534078, 1.0172413793103448, 59.25632653061224
327, 1.0022779043280183, 0, 0.8805569464721821, 1.0172413793103448, 57.2734693877551
328, 1.0021052631578948, 0, 0.8604613200806783, 1.0172413793103448, 57.06367346938776
329, 1.0036764705882353, 0, 0.9204803331813133, 1.0172413793103448, 55.714285714285715
330, 1.0021321961620469, 0, 0.8603696911529526, 1.0172413793103448, 62.41061224489796
331, 1.0075187969924813, 0, 0.8806584299957835, 1.0172413793103448, 66.76326530612245
332, 1.0058479532163742, 0, 0.8806824865220508, 1.0172413793103448, 61.844897959183676
333, 1.0022371364653244, 0, 0.9005156455265214, 1.0172413793103448, 59.1134693877551
334, 1.0045871559633028, 0, 0.9206129987632281, 1.0172413793103448, 64.56081632653061
335, 1.0015873015873016, 0, 0.8802703038060261, 1.0172413793103448, 62.6130612244898
336, 1.0026109660574412, 0, 0.9004859529278949, 1.0172413793103448, 64.1404081632653
337, 1.002267573696145, 0, 0.8604504886458745, 1.0172413793103448, 57.51673469387755
338, 1.0025773195876289, 0, 0.9205447490464498, 1.0172413793103448, 61.90857142857143
339, 1.0072463768115942, 0, 0.9005683673618036, 1.0172413793103448, 62.202448979591836
340, 1.0022222222222221, 0, 0.8404815389932411, 1.0172413793103448, 63.922448979591834
341, 1.0076335877862594, 0, 0.8805643096565486, 1.0172413793103448, 67.47591836734694
342, 1.0028011204481793, 0, 0.8804261800571633, 1.0172413793103448, 70.46122448979592
343, 1.00355871886121, 0, 0.940538155792767, 1.0172413793103448, 69.23102040816326
344, 1.0033783783783783, 0, 0.8404605323321452, 1.0172413793103448, 67.16816326530612
345, 1.0075757575757576, 0, 0.9607591810658878, 1.0172413793103448, 60.89959183673469
346, 1.0052631578947369, 0, 0.9604833960087134, 1.0172413793103448, 53.48816326530612
347, 1.0126582278481013, 0, 0.940717419914363, 1.0172413793103448, 50.031836734693876
348, 1.0014814814814814, 0, 0.9003276655166177, 1.0172413793103448, 47.90857142857143
349, 1.0232558139534884, 0, 0.9212136944288907, 1.0232558139534884, 56.946938775510205
350, 1.0029239766081872, 0, 0.8804551219661002, 1.0232558139534884, 58.584489795918365
351, 1.0007418397626113, 0, 0.9402614471776555, 1.0232558139534884, 63.12734693877551
352, 1.0027322404371584, 0, 0.9003934842413471, 1.0232558139534884, 64.90204081632653
353, 1.0031746031746032, 0, 0.9005221719045224, 1.0232558139534884, 67.9069387755102
354, 1.0012836970474968, 0, 0.8602667020693506, 1.0232558139534884, 66.54040816326531
355, 1.003003003003003, 0, 0.8403801681178322, 1.0232558139534884, 62.87020408163265
356, 1.0015082956259427, 0, 0.8802389056944159, 1.0232558139534884, 56.17795918367347
357, 1.0022727272727272, 0, 0.860363544232494, 1.0232558139534884, 53.40816326530612
358, 1.001834862385321, 0, 0.8602523751950056, 1.0232558139534884, 54.946938775510205
359, 1.004201680672269, 0, 0.9006869502170782, 1.0232558139534884, 48.884081632653064
360, 1.000653167864141, 0, 0.9602783246553765, 1.0232558139534884, 49.329795918367346
361, 1.0004782400765184, 0, 0.9802094444307958, 1.0232558139534884, 50.95591836734694
362, 1.0010309278350515, 0, 0.9202486665983455, 1.0232558139534884, 57.053061224489795
363, 1.002754820936639, 0, 0.900339186281618, 1.0232558139534884, 61.22530612244898
364, 1.0038022813688212, 0, 0.8604897555491919, 1.0232558139534884, 60.99510204081633
365, 1.00355871886121, 0, 0.8403448149403964, 1.0232558139534884, 57.67755102040816
366, 1.0008635578583764, 0, 0.8601535057661894, 1.0232558139534884, 57.93061224489796
367, 1.0017953321364452, 0, 0.820353265530696, 1.0232558139534884, 56.93795918367347
368, 1.0014947683109119, 0, 0.8803469410504448, 1.0232558139534884, 52.502857142857145
369, 1.0068027210884354, 0, 0.9206015774220068, 1.0232558139534884, 54.04734693877551
370, 1.000499001996008, 0, 0.9001680519229752, 1.0232558139534884, 51.25469387755102
371, 1.0031152647975077, 0, 0.9003693402323453, 1.0232558139534884, 50.332244897959185
372, 1.004255319148936, 0, 0.880536897427674, 1.0232558139534884, 54.27755102040816
373, 1.0033003300330032, 0, 0.9004327885280868, 1.0232558139534884, 52.45061224489796
374, 1.008, 0, 0.9605317541249532, 1.0232558139534884, 51.12326530612245
375, 1.0020242914979758, 0, 0.8801984864996558, 1.0232558139534884, 55.27265306122449
376, 1.0011074197120708, 0, 0.8601714344146623, 1.0232558139534884, 55.800816326530615
377, 1.0025906735751295, 0, 0.9404420703871139, 1.0232558139534884, 59.928979591836736
378, 1.007936507936508, 0, 0.9203182691982664, 1.0232558139534884, 59.502857142857145
379, 1.0011494252873563, 0, 0.9001575291856513, 1.0232558139534884, 43.375510204081635
380, 1.0018796992481203, 0, 0.9603665081947561, 1.0232558139534884, 44.04
381, 1.0017421602787457, 0, 0.9403306651752016, 1.0232558139534884, 40.61959183673469
382, 1.0020242914979758, 0, 0.8803565760406975, 1.0232558139534884, 36.31836734693878
383, 1.0046948356807512, 0, 0.940508916918648, 1.0232558139534884, 37.89387755102041
384, 1.0018018018018018, 0, 0.9403318667055798, 1.0232558139534884, 41.071020408163264
385, 1.003076923076923, 0, 0.8603070395474239, 1.0232558139534884, 41.33795918367347
386, 1.0010706638115632, 0, 0.8201732627887407, 1.0232558139534884, 46.94122448979592
387, 1.0024813895781637, 0, 0.9003001576798267, 1.0232558139534884, 48.0465306122449
388, 1.0012531328320802, 0, 0.9002602229428558, 1.0232558139534884, 53.31755102040816
389, 1.0022727272727272, 0, 0.9003202930709823, 1.0232558139534884, 54.1265306122449
390, 1.0009025270758123, 0, 0.9002382607497925, 1.0232558139534884, 53.80897959183673
391, 1.002433090024331, 0, 0.9002908575522565, 1.0232558139534884, 56.17469387755102
392, 1.0018450184501846, 0, 0.9003060470126747, 1.0232558139534884, 58.962448979591834
393, 1.0012360939431397, 0, 0.8202627889851063, 1.0232558139534884, 61.21224489795918
394, 1.0023529411764707, 0, 0.860231357133468, 1.0232558139534884, 58.70204081632653
395, 1.0033898305084745, 0, 0.9603804917740422, 1.0232558139534884, 60.84
396, 1.0012360939431397, 0, 0.9202814194426533, 1.0232558139534884, 57.71918367346939
397, 1.0041666666666667, 0, 0.9404846853562238, 1.0232558139534884, 61.12489795918367
398, 1.0010695187165775, 0, 0.9403171245315499, 1.0232558139534884, 59.78122448979592
399, 1.0016583747927033, 0, 0.9603148713354704, 1.0232558139534884, 55.649795918367346
400, 1.0046948356807512, 0, 0.980494875991477, 1.0232558139534884, 65.16571428571429
401, 1.0046948356807512, 0, 0.9404237785154321, 1.0232558139534884, 70.20897959183674
402, 1.0078125, 0, 0.9204334682256227, 1.0232558139534884, 74.55673469387754
403, 1.002754820936639, 0, 0.9603849440356291, 1.0232558139534884, 71.85877551020408
404, 1.003690036900369, 0, 0.9603287441919676, 1.0232558139534884, 66.13224489795918
405, 1.0028169014084507, 0, 0.9402388607813008, 1.0232558139534884, 58.947755102040816
406, 1.0030487804878048, 0, 0.8203233250278613, 1.0232558139534884, 57.42612244897959
407, 1.0010695187165775, 0, 0.9001974126224017, 1.0232558139534884, 51.546938775510206
408, 1.0017123287671232, 0, 0.9203798531576082, 1.0232558139534884, 55.95673469387755
409, 1.0028818443804035, 0, 0.8603300118657705, 1.0232558139534884, 58.39836734693878
410, 1.0092592592592593, 0, 0.9006334131696855, 1.0232558139534884, 56.884081632653064
411, 1.0012853470437018, 0, 0.8802540103062849, 1.0232558139534884, 53.09224489795918
412, 1.0098039215686274, 0, 0.8805826141104789, 1.0232558139534884, 53.25387755102041
413, 1.0015337423312884, 0, 0.840265057041584, 1.0232558139534884, 57.64489795918367
414, 1.0004835589941974, 0, 0.8601074303458748, 1.0232558139534884, 59.11020408163265
415, 1.000365898280278, 0, 0.8200974423858816, 1.0232558139534884, 55.690612244897956
416, 1.0010121457489878, 0, 0.7401563547760139, 1.0232558139534884, 55.01959183673469
417, 1.0022935779816513, 0, 0.7202379244433627, 1.0232558139534884, 58.32163265306122
418, 1.002288329519451, 0, 0.7402963688152243, 1.0232558139534884, 52.860408163265305
419, 1.002288329519451, 0, 0.8402465841838278, 1.0232558139534884, 52.74285714285714
420, 1.0033003300330032, 0, 0.9004599121204919, 1.0232558139534884, 55.32
421, 1.0025974025974025, 0, 0.9205050767935787, 1.0232558139534884, 51.64489795918367
422, 1.0021276595744681, 0, 0.8802876972763224, 1.0232558139534884, 50.09469387755102
423, 1.006578947368421, 0, 0.9005588024697535, 1.0232558139534884, 50.43918367346939
424, 1.0019120458891013, 0, 0.920458942890211, 1.0232558139534884, 55.12
425, 1.000684462696783, 0, 0.9201630521467858, 1.0232558139534884, 58.23183673469388
426, 1.0026246719160106, 0, 0.8804391855695834, 1.0232558139534884, 60.51510204081632
427, 1.0017985611510791, 0, 0.880360959266036, 1.0232558139534884, 59.42530612244898
428, 1.0036363636363637, 0, 0.860449766349201, 1.0232558139534884, 62.53551020408163
429, 1.0020408163265306, 0, 0.8403305640775786, 1.0232558139534884, 62.47591836734694
430, 1.0051546391752577, 0, 0.8205032317909438, 1.0232558139534884, 60.89142857142857
431, 1.0084033613445378, 0, 0.8204719152571306, 1.0232558139534884, 65.87428571428572
432, 1.0013605442176872, 0, 0.8602311383689432, 1.0232558139534884, 63.755102040816325
433, 1.002016129032258, 0, 0.8803523408231696, 1.0232558139534884, 62.40163265306123
434, 1.0021276595744681, 0, 0.880296634156735, 1.0232558139534884, 63.522448979591836
435, 1.0016891891891893, 0, 0.8403108668400024, 1.0232558139534884, 71.19918367346939
436, 1.0056179775280898, 0, 0.9004111676578348, 1.0232558139534884, 68.12081632653062
437, 1.001082251082251, 0, 0.9402330954755872, 1.0232558139534884, 61.32489795918367
438, 1.0015898251192368, 0, 0.8803132084185852, 1.0232558139534884, 57.984489795918364
439, 1.0050761421319796, 0, 0.8606097772108738, 1.0232558139534884, 60.099591836734696
440, 1.003003003003003, 0, 0.9203919076915484, 1.0232558139534884, 59.624489795918365
441, 1.0063291139240507, 0, 0.8403933585075329, 1.0232558139534884, 54.860408163265305
442, 1.0188679245283019, 0, 0.8608187143768025, 1.0232558139534884, 48.20326530612245
443, 1.0027397260273974, 0, 0.9004733477369138, 1.0232558139534884, 51.57877551020408
444, 1.0034246575342465, 0, 0.9403816165411308, 1.0232558139534884, 46.52897959183674
445, 1.0029585798816567, 0, 0.9403323107929435, 1.0232558139534884, 46.263673469387754
446, 1.0035714285714286, 0, 0.940428044993297, 1.0232558139534884, 44.17551020408163
447, 1.0033783783783783, 0, 0.8803233908778718, 1.0232558139534884, 43.21551020408163
448, 1.0053763440860215, 0, 0.940629916363869, 1.0232558139534884, 43.14938775510204
449, 1.0045454545454546, 0, 0.9404789087861727, 1.0232558139534884, 44.78938775510204
450, 1.0016207455429498, 0, 0.9203757816172119, 1.0232558139534884, 42.67836734693878
451, 1.0045871559633028, 0, 0.9205200619454125, 1.0232558139534884, 44.563265306122446
452, 1.0041666666666667, 0, 0.9204389302837095, 1.0232558139534884, 45.093061224489794
453, 1.0052356020942408, 0, 0.9204008607791231, 1.0232558139534884, 43.56734693877551
454, 1.0013812154696133, 0, 0.9203293131265744, 1.0232558139534884, 44.73795918367347
455, 1.009009009009009, 0, 0.920501970574044, 1.0232558139534884, 46.2604081632653
456, 1.0026385224274406, 0, 0.8602836050977758, 1.0232558139534884, 48.393469387755104
457, 1.0027777777777778, 0, 0.9402253689016651, 1.0232558139534884, 49.78775510204082
458, 1.0043859649122806, 0, 0.9003942977127614, 1.0232558139534884, 55.57061224489796
459, 1.0011074197120708, 0, 0.880176732649643, 1.0232558139534884, 51.6130612244898
460, 1.0018832391713748, 0, 0.9601692636976505, 1.0232558139534884, 46.011428571428574
461, 1.0015625, 0, 0.9602292229894722, 1.0232558139534884, 46.34285714285714
462, 1.0012886597938144, 0, 0.960228869715373, 1.0232558139534884, 55.181224489795916
463, 1.001727115716753, 0, 0.9603408329094196, 1.0232558139534884, 58.62285714285714
464, 1.00187617260788, 0, 0.9803049980776056, 1.0232558139534884, 57.49551020408163
465, 1.0006798096532972, 0, 0.9202053652099975, 1.0232558139534884, 59.53795918367347
466, 1.0011961722488039, 0, 0.8802416843345228, 1.0232558139534884, 59.40571428571429
467, 1.0069444444444444, 0, 0.9603971534278655, 1.0232558139534884, 61.92326530612245
468, 1.001733102253033, 0, 0.9402707011788429, 1.0232558139534884, 60.994285714285716
469, 1.0009514747859183, 0, 0.960199744149508, 1.0232558139534884, 69.0930612244898
470, 1.0026109660574412, 0, 0.9603829541870925, 1.0232558139534884, 72.62530612244898
471, 1.0020449897750512, 0, 0.8602105577467224, 1.0232558139534884, 60.88979591836735
472, 1.0013550135501355, 0, 0.960235401552069, 1.0232558139534884, 55.90775510204082
473, 1.0005434782608695, 0, 0.9401633060541215, 1.0232558139534884, 68.43183673469387
474, 1.0027855153203342, 0, 0.9603361027093762, 1.0232558139534884, 68.2530612244898
475, 1.00625, 1.000017225341923, 1.0005475936727282, 1.0232558139534884, 73.67183673469388
476, 1.000935453695042, 0, 0.9002757711062884, 1.0232558139534884, 81.04979591836735
477, 1.003717472118959, 0, 0.9203987445040808, 1.0232558139534884, 84.68816326530612
478, 1.0062111801242235, 0, 0.940346367054095, 1.0232558139534884, 92.97387755102041
479, 1.0153846153846153, 0, 0.9406381629008733, 1.0232558139534884, 92.61632653061224
480, 1.0010060362173039, 0, 0.9001784289597369, 1.0232558139534884, 86.04979591836735
481, 1.0016920473773265, 0, 0.9603730595662379, 1.0232558139534884, 81.97061224489796
482, 1.0043290043290043, 0, 0.9203662852722643, 1.0232558139534884, 86.10122448979592
483, 1.0020366598778003, 0, 0.940381376258082, 1.0232558139534884, 86.65469387755103
484, 1.0024213075060533, 0, 0.9804454591316705, 1.0232558139534884, 90.07102040816326
485, 1.0012578616352201, 0, 0.96037302444061, 1.0232558139534884, 86.96571428571428
486, 1.0012468827930174, 0, 0.9601890562313415, 1.0232558139534884, 80.50204081632653
487, 1.0009276437847867, 0, 0.9202267522465206, 1.0232558139534884, 80.80571428571429
488, 1.0007336757153338, 0, 0.9401820302365701, 1.0232558139534884, 79.78204081632653
489, 1.0010799136069115, 0, 0.8802593605618921, 1.0232558139534884, 80.92734693877551
490, 1.0038910505836576, 0, 0.940346064635961, 1.0232558139534884, 75.61877551020409
491, 1.0042918454935623, 0, 0.900468305433995, 1.0232558139534884, 70.79183673469387
492, 1.0014792899408285, 1.24998437519531e-05, 0.9803786175928141, 1.0232558139534884, 80.35265306122449
493, 1.0016778523489933, 0, 0.9603929824549671, 1.0232558139534884, 80.23183673469387
494, 1.0010384215991692, 0, 0.9603640301132076, 1.0232558139534884, 74.20163265306122
495, 1.002008032128514, 1.000013007960872, 1.0004801792009999, 1.0232558139534884, 76.86285714285714
496, 1.0026385224274406, 0, 0.9604354157386242, 1.0232558139534884, 83.75673469387755
497, 1.0022727272727272, 0, 0.9604352503751414, 1.0232558139534884, 78.08897959183673
498, 1.0034602076124568, 0, 0.9404141869349876, 1.0232558139534884, 74.65142857142857
499, 1.0031847133757963, 0, 0.9403272507671862, 1.0232558139534884, 75.86367346938775
