0, 0, 0, 0.020002046454517548, 0, 864.0195918367347
1, 1.00010089799213, 0, 0.020002017959842598, 1.00010089799213, 677.970612244898
2, 1.0001330671989355, 0, 0.24002578626872542, 1.0001330671989355, 432.9804081632653
3, 1.0001531862745099, 0, 0.5000511931074562, 1.0001531862745099, 264.1216326530612
4, 1.0002827254735651, 0, 0.5400607301176283, 1.0002827254735651, 155.66285714285715
5, 1.0002589331952356, 0, 0.8000896569220097, 1.0002827254735651, 122.87102040816326
6, 1.0009861932938855, 0, 0.8201154466393524, 1.0009861932938855, 53.65959183673469
7, 1.0001961938395134, 0, 0.9001011449669661, 1.0009861932938855, 39.328163265306124
8, 1.0007751937984497, 0, 0.9201573088946897, 1.0009861932938855, 42.409795918367344
9, 1.001240694789082, 0, 0.9201496018976829, 1.001240694789082, 45.55673469387755
10, 1.0006472491909386, 0, 0.8601346655731099, 1.001240694789082, 35.93959183673469
11, 1.0003402517863218, 0, 0.8401020166562465, 1.001240694789082, 40.266122448979594
12, 1.0003435245620063, 0, 0.9001114972932216, 1.001240694789082, 30.77469387755102
13, 1.0025773195876289, 0, 0.940213927816731, 1.0025773195876289, 31.644897959183673
14, 1.0005476451259583, 0, 0.9201364587471246, 1.0025773195876289, 32.241632653061224
15, 1.000789265982636, 0, 0.7801134346593966, 1.0025773195876289, 31.267755102040816
16, 1.0006930006930006, 0, 0.8201253646913242, 1.0025773195876289, 36.56734693877551
17, 1.0007733952049498, 0, 0.8201155042801453, 1.0025773195876289, 39.48489795918368
18, 1.000787401574803, 0, 0.7601007433612901, 1.0025773195876289, 43.98530612244898
19, 1.0006016847172081, 0, 0.840110764168719, 1.0025773195876289, 44.946938775510205
20, 1.0005464480874318, 0, 0.8201757765828245, 1.0025773195876289, 49.29795918367347
21, 1.0004997501249375, 0, 0.88018103941296, 1.0025773195876289, 47.347755102040814
22, 1.0024038461538463, 0, 0.8402200614474522, 1.0025773195876289, 51.83183673469388
23, 1.0004442470013328, 0, 0.8202062628174569, 1.0025773195876289, 52.115918367346936
24, 1.0005130836326321, 0, 0.8201883268753819, 1.0025773195876289, 57.33061224489796
25, 1.0007479431563202, 0, 0.7601732760937123, 1.0025773195876289, 60.263673469387754
26, 1.0006105006105006, 0, 0.7002049849991019, 1.0025773195876289, 61.666938775510204
27, 1.0005050505050506, 0, 0.8402451292822987, 1.0025773195876289, 63.50857142857143
28, 1.0004621072088724, 0, 0.8201731360182574, 1.0025773195876289, 65.3869387755102
29, 1.000637755102041, 0, 0.8802707801048488, 1.0025773195876289, 67.56244897959184
30, 1.000583430571762, 0, 0.8402409593067521, 1.0025773195876289, 68.32163265306123
31, 1.0018587360594795, 0, 0.8003415488973501, 1.0025773195876289, 65.31755102040816
32, 1.0056179775280898, 0, 0.7604588208429933, 1.0056179775280898, 55.800816326530615
33, 1.0057803468208093, 0, 0.7806291590429475, 1.0057803468208093, 50.901224489795915
34, 1.0073529411764706, 0, 0.720683634071927, 1.0073529411764706, 39.437551020408165
35, 1.0103092783505154, 0, 0.821165292507186, 1.0103092783505154, 43.756734693877554
36, 1.0085470085470085, 0, 0.8611428491218365, 1.0103092783505154, 44.906122448979595
37, 1.0063694267515924, 0, 0.8609673090925718, 1.0103092783505154, 47.795918367346935
38, 1.0021786492374727, 0, 0.800523183093725, 1.0103092783505154, 51.900408163265304
39, 1.0056818181818181, 0, 0.8207841121285978, 1.0103092783505154, 47.011428571428574
40, 1.0097087378640777, 0, 0.860961725939263, 1.0103092783505154, 46.541224489795916
41, 1.0041152263374487, 0, 0.861069843041169, 1.0103092783505154, 41.55183673469388
42, 1.002717391304348, 0, 0.8607490863282553, 1.0103092783505154, 45.44
43, 1.004, 0, 0.860862771739381, 1.0103092783505154, 47.626122448979594
44, 1.0054945054945055, 0, 0.8210389786716789, 1.0103092783505154, 51.14122448979592
45, 1.0050761421319796, 0, 0.8408869874102511, 1.0103092783505154, 53.72489795918367
46, 1.0038610038610039, 0, 0.9009241417472404, 1.0103092783505154, 61.00081632653061
47, 1.0064102564102564, 0, 0.8009037301612173, 1.0103092783505154, 65.33142857142857
48, 1.0044642857142858, 0, 0.8007144637008095, 1.0103092783505154, 69.71428571428571
49, 1.002020202020202, 0, 0.8406905791903864, 1.0103092783505154, 76.56979591836735
50, 1.0185185185185186, 0, 0.8812770293335751, 1.0185185185185186, 76.64734693877551
51, 1.0222222222222221, 0, 0.8212516387554238, 1.0222222222222221, 78.97469387755102
52, 1.0061728395061729, 0, 0.8009562278040743, 1.0222222222222221, 79.90122448979592
53, 1.0061728395061729, 0, 0.7810263126881705, 1.0222222222222221, 86.03510204081633
54, 1.008, 0, 0.8011832212411584, 1.0222222222222221, 89.40244897959184
55, 1.0076335877862594, 0, 0.8810396070407919, 1.0222222222222221, 83.41795918367347
56, 1.0025773195876289, 0, 0.8809048225792854, 1.0222222222222221, 72.39428571428572
57, 1.0080645161290323, 0, 0.8209257224287342, 1.0222222222222221, 80.27102040816327
58, 1.0144927536231885, 0, 0.7815332921371967, 1.0222222222222221, 80.0326530612245
59, 1.0046511627906978, 0, 0.8610008098588742, 1.0222222222222221, 87.82857142857142
60, 1.0023474178403755, 0, 0.8005853397413586, 1.0222222222222221, 81.84897959183674
61, 1.0048543689320388, 0, 0.7607203296268947, 1.0222222222222221, 90.20979591836735
62, 1.007462686567164, 0, 0.840837830120452, 1.0222222222222221, 104.62938775510204
63, 1.00199203187251, 0, 0.8206034470184265, 1.0222222222222221, 97.95020408163265
64, 1.0031645569620253, 0, 0.8407298767021701, 1.0222222222222221, 97.99020408163265
65, 1.0050251256281406, 0, 0.8608265417745816, 1.0222222222222221, 88.84244897959184
66, 1.0028169014084507, 0, 0.8606729670783702, 1.0222222222222221, 81.84326530612245
67, 1.0034013605442176, 0, 0.9005780163863447, 1.0222222222222221, 69.99265306122449
68, 1.0063291139240507, 0, 0.8207982860291034, 1.0222222222222221, 73.08326530612244
69, 1.0033670033670035, 0, 0.8206250010282335, 1.0222222222222221, 72.07102040816326
70, 1.0138888888888888, 0, 0.860790949981396, 1.0222222222222221, 72.28979591836735
71, 1.0032258064516129, 0, 0.8406198216860576, 1.0222222222222221, 69.75102040816327
72, 1.0020120724346075, 0, 0.8404952975782711, 1.0222222222222221, 63.15673469387755
73, 1.0040485829959513, 0, 0.840714099208261, 1.0222222222222221, 59.16816326530612
74, 1.0069444444444444, 0, 0.7407678601039187, 1.0222222222222221, 54.22204081632653
75, 1.0033222591362125, 0, 0.8207810437227375, 1.0222222222222221, 54.23510204081633
76, 1.0038461538461538, 0, 0.8807796317483109, 1.0222222222222221, 51.72897959183673
77, 1.0095238095238095, 0, 0.9009936590318902, 1.0222222222222221, 52.59102040816327
78, 1.0040816326530613, 0, 0.8807435106049851, 1.0222222222222221, 47.25877551020408
79, 1.0031746031746032, 0, 0.8003224386590366, 1.0222222222222221, 49.712653061224486
80, 1.0034129692832765, 0, 0.7204792244034997, 1.0222222222222221, 45.82367346938776
81, 1.03125, 0, 0.7614952105054585, 1.03125, 42.74775510204081
82, 1.0064935064935066, 0, 0.7406443100928086, 1.03125, 45.19102040816327
83, 1.0042735042735043, 0, 0.7206613778841054, 1.03125, 45.44489795918367
84, 1.0076335877862594, 0, 0.8610946541732021, 1.03125, 39.36163265306122
85, 1.0294117647058822, 0, 0.8617203451157429, 1.03125, 31.20408163265306
86, 1.0050251256281406, 0, 0.8209883567588411, 1.03125, 31.75591836734694
87, 1.0044052863436124, 0, 0.800647093655613, 1.03125, 32.91836734693877
88, 1.002824858757062, 0, 0.8605906717149064, 1.03125, 38.244081632653064
89, 1.0016556291390728, 0, 0.8604414468496835, 1.03125, 38.43020408163265
90, 1.0021786492374727, 0, 0.8605978491737823, 1.03125, 38.96
91, 1.0053475935828877, 0, 0.9207900160475149, 1.03125, 38.25387755102041
92, 1.0047619047619047, 0, 0.8610298390197346, 1.03125, 42.44408163265306
93, 1.013157894736842, 0, 0.9008682695613065, 1.03125, 48.15265306122449
94, 1.0029154518950438, 0, 0.8407442821500097, 1.03125, 46.286530612244896
95, 1.0072992700729928, 0, 0.8407605954599114, 1.03125, 50.29551020408163
96, 1.0044843049327354, 0, 0.8408093365307875, 1.03125, 56.690612244897956
97, 1.0035087719298246, 0, 0.7807045811987697, 1.03125, 60.136326530612244
98, 1.0071428571428571, 0, 0.7606820453320204, 1.03125, 60.32326530612245
99, 1.0022727272727272, 0, 0.8004926605693374, 1.03125, 60.57959183673469
100, 1.00374531835206, 0, 0.7606132959923056, 1.03125, 64.87346938775511
101, 1.0030864197530864, 0, 0.8607880614858009, 1.03125, 64.65714285714286
102, 1.0046082949308757, 0, 0.8408589235794102, 1.03125, 65.65387755102041
103, 1.0035087719298246, 0, 0.7806252499965811, 1.03125, 69.00489795918368
104, 1.0049751243781095, 0, 0.7405931209091041, 1.03125, 66.42530612244897
105, 1.0022222222222221, 0, 0.820598235259024, 1.03125, 74.48734693877552
106, 1.007462686567164, 0, 0.680746149995798, 1.03125, 79.24408163265306
107, 1.0031948881789137, 0, 0.7807034898568749, 1.03125, 75.48163265306123
108, 1.005464480874317, 0, 0.8609959613043335, 1.03125, 76.5926530612245
109, 1.0060975609756098, 0, 0.8006113487123865, 1.03125, 83.79265306122448
110, 1.0101010101010102, 0, 0.8210655483918405, 1.03125, 92.03183673469388
111, 1.0060975609756098, 0, 0.7408696248894069, 1.03125, 84.03673469387755
112, 1.0025445292620865, 0, 0.7607217713655452, 1.03125, 79.73795918367347
113, 1.0056179775280898, 0, 0.8009790766080023, 1.03125, 87.87673469387755
114, 1.0095238095238095, 0, 0.8613678882615678, 1.03125, 90.43755102040816
115, 1.0042194092827004, 0, 0.7806242848460084, 1.03125, 78.2465306122449
116, 1.0106382978723405, 0, 0.7807688140272561, 1.03125, 74.32408163265306
117, 1.0047846889952152, 0, 0.840929729059439, 1.03125, 76.66857142857143
118, 1.0084745762711864, 0, 0.8810692166567484, 1.03125, 70.73387755102041
119, 1.0026178010471205, 0, 0.8406166345051531, 1.03125, 72.73959183673469
120, 1.0052631578947369, 0, 0.840977070295342, 1.03125, 76.4
121, 1.0084033613445378, 0, 0.8010018118265596, 1.03125, 76.48489795918367
122, 1.0070422535211268, 0, 0.760797840317268, 1.03125, 78.92816326530613
123, 1.0125, 0, 0.9014395415591858, 1.03125, 77.20979591836735
124, 1.0263157894736843, 0, 0.8415328608885209, 1.03125, 71.44897959183673
125, 1.0045045045045045, 0, 0.8605579869582692, 1.03125, 66.13632653061225
126, 1.0029239766081872, 0, 0.7606973075439112, 1.03125, 69.20489795918367
127, 1.0031347962382444, 0, 0.6604456873272209, 1.03125, 66.33877551020409
128, 1.0043103448275863, 0, 0.8008799143921895, 1.03125, 62.97142857142857
129, 1.00625, 0, 0.7411376144387934, 1.03125, 64.96081632653062
130, 1.0086206896551724, 0, 0.8411857997669814, 1.03125, 68.65959183673469
131, 1.0140845070422535, 0, 0.8614747201267602, 1.03125, 66.44
132, 1.0116279069767442, 0, 0.8611887317624854, 1.03125, 61.1934693877551
133, 1.0034013605442176, 0, 0.8005640489303558, 1.03125, 55.63183673469388
134, 1.0178571428571428, 0, 0.861511964475869, 1.03125, 62.85142857142857
135, 1.0069444444444444, 0, 0.8407689364591208, 1.03125, 60.565714285714286
136, 1.0232558139534884, 0, 0.8214010293315244, 1.03125, 62.68326530612245
137, 1.0039525691699605, 0, 0.820777774045583, 1.03125, 69.99918367346939
138, 1.0072463768115942, 0, 0.7809245540341974, 1.03125, 73.5469387755102
139, 1.0166666666666666, 0, 0.8809656411455193, 1.03125, 79.35102040816327
140, 1.0048076923076923, 0, 0.8007681726573859, 1.03125, 83.46204081632654
141, 1.0062111801242235, 0, 0.7610575081801436, 1.03125, 83.09877551020408
142, 1.0129870129870129, 0, 0.8009540592995508, 1.03125, 87.33469387755102
143, 1.0135135135135136, 0, 0.7608557756012844, 1.03125, 87.60244897959184
144, 1.0075757575757576, 0, 0.8011154309308779, 1.03125, 88.83510204081632
145, 1.0294117647058822, 0, 0.8015345799110989, 1.03125, 90.76897959183674
146, 1.0125, 0, 0.8614411107012172, 1.03125, 82.98857142857143
147, 1.0095238095238095, 0, 0.8209718192988967, 1.03125, 85.19020408163266
148, 1.0042194092827004, 0, 0.7605192999960443, 1.03125, 95.84979591836735
149, 1.0012376237623761, 0, 0.8003361647852999, 1.03125, 97.0661224489796
150, 1.001564945226917, 0, 0.7202972408866894, 1.03125, 105.29061224489796
151, 1.007936507936508, 0, 0.7609415696269829, 1.03125, 108.59510204081633
152, 1.0172413793103448, 0, 0.7807156676660912, 1.03125, 105.33469387755102
153, 1.0119047619047619, 0, 0.8010785620102591, 1.03125, 111.24163265306123
154, 1.008695652173913, 0, 0.8409083641458688, 1.03125, 107.64408163265306
155, 1.0151515151515151, 0, 0.9212795515948805, 1.03125, 89.54122448979592
156, 1.0138888888888888, 0, 0.8811955835646937, 1.03125, 115.19183673469388
157, 1.0037313432835822, 0, 0.961092404347317, 1.03125, 122.7134693877551
158, 1.0065359477124183, 0, 0.9212861840348322, 1.03125, 119.12408163265306
159, 1.008, 0, 0.8611681963698303, 1.03125, 102.46612244897959
160, 1.0052631578947369, 0, 0.8211117999049686, 1.03125, 108.49795918367347
161, 1.002710027100271, 0, 0.8608582497534185, 1.03125, 99.52326530612245
162, 1.010989010989011, 0, 0.8615152254173215, 1.03125, 87.27183673469388
163, 1.004149377593361, 0, 0.8006949530620993, 1.03125, 87.07183673469387
164, 1.0048076923076923, 0, 0.8807513917039107, 1.03125, 85.28979591836735
165, 1.0106382978723405, 0, 0.9011094232843796, 1.03125, 89.17632653061224
166, 1.0052631578947369, 0, 0.8407506743837259, 1.03125, 79.30775510204082
167, 1.0038461538461538, 0, 0.800475074595241, 1.03125, 90.90448979591837
168, 1.0125, 0, 0.741067887440609, 1.03125, 85.55020408163266
169, 1.0089285714285714, 0, 0.7409821507112482, 1.03125, 76.02857142857142
170, 1.0066225165562914, 0, 0.8210940668783722, 1.03125, 80.60408163265306
171, 1.0064935064935066, 0, 0.8208737621216186, 1.03125, 74.16979591836734
172, 1.005181347150259, 0, 0.8008370759428267, 1.03125, 72.22448979591837
173, 1.0033003300330032, 0, 0.8807376508946974, 1.03125, 73.40326530612245
174, 1.0113636363636365, 0, 0.8810322238377688, 1.03125, 67.70612244897958
175, 1.0087719298245614, 0, 0.801059494306551, 1.03125, 74.80326530612246
176, 1.0126582278481013, 0, 0.760889339331502, 1.03125, 71.62448979591836
177, 1.0048780487804878, 0, 0.7606751928312118, 1.03125, 68.91918367346939
178, 1.0138888888888888, 0, 0.8414810392160829, 1.03125, 71.17795918367347
179, 1.004566210045662, 0, 0.7609774411979668, 1.03125, 64.57795918367347
180, 1.010752688172043, 0, 0.8413656684161372, 1.03125, 61.43020408163265
181, 1.0046082949308757, 0, 0.8007424840924563, 1.03125, 74.77061224489796
182, 1.0029940119760479, 0, 0.7807786395186305, 1.03125, 66.12979591836735
183, 1.002967359050445, 0, 0.8406824091221261, 1.03125, 79.05877551020409
184, 1.0136986301369864, 0, 0.7411256142302838, 1.03125, 73.68081632653062
185, 1.0105263157894737, 0, 0.8611956707986227, 1.03125, 77.48081632653061
186, 1.0028985507246377, 0, 0.800562616359078, 1.03125, 83.70857142857143
187, 1.004950495049505, 0, 0.8009306435039609, 1.03125, 88.14775510204082
188, 1.004, 0, 0.8006794966657509, 1.03125, 88.51265306122448
189, 1.0147058823529411, 0, 0.8412885420268043, 1.03125, 88.88734693877551
190, 1.013157894736842, 0, 0.821089666077878, 1.03125, 86.06938775510204
191, 1.0053763440860215, 0, 0.8609034001847601, 1.03125, 94.09142857142857
192, 1.005586592178771, 0, 0.8407394746415794, 1.03125, 95.99510204081632
193, 1.0056497175141244, 0, 0.8807310006845901, 1.03125, 91.28979591836735
194, 1.0041322314049588, 0, 0.8608273031084493, 1.03125, 92.52
195, 1.0344827586206897, 0, 0.8819785628545158, 1.0344827586206897, 93.43265306122449
196, 1.0039525691699605, 0, 0.8008637098278406, 1.0344827586206897, 88.82938775510205
197, 1.0172413793103448, 0, 0.7809467004280041, 1.0344827586206897, 91.52816326530612
198, 1.0054945054945055, 0, 0.820765999377727, 1.0344827586206897, 80.76653061224489
199, 1.0068027210884354, 0, 0.8411280454980538, 1.0344827586206897, 80.93632653061225
200, 1.0041666666666667, 0, 0.8410153078651021, 1.0344827586206897, 64.82122448979592
201, 1.0222222222222221, 0, 0.8012304511088945, 1.0344827586206897, 68.56734693877551
202, 1.0073529411764706, 0, 0.7411350323958401, 1.0344827586206897, 67.14122448979592
203, 1.0121951219512195, 0, 0.781230906797316, 1.0344827586206897, 67.58122448979591
204, 1.003584229390681, 0, 0.7007264414575249, 1.0344827586206897, 72.77061224489796
205, 1.0077519379844961, 0, 0.7409682296524122, 1.0344827586206897, 77.13061224489796
206, 1.008849557522124, 0, 0.8210835801785324, 1.0344827586206897, 77.12244897959184
207, 1.0060240963855422, 0, 0.8410291795949837, 1.0344827586206897, 73.53877551020408
208, 1.0057471264367817, 0, 0.8210116423600252, 1.0344827586206897, 69.92163265306122
209, 1.0042194092827004, 0, 0.8808291980400107, 1.0344827586206897, 52.524897959183676
210, 1.0070422535211268, 0, 0.8811659341383132, 1.0344827586206897, 68.39591836734694
211, 1.0526315789473684, 0, 0.8424752318693397, 1.0526315789473684, 75.0595918367347
212, 1.0053191489361701, 0, 0.8408935787636167, 1.0526315789473684, 80.78857142857143
213, 1.00253807106599, 0, 0.8607063436021823, 1.0526315789473684, 86.36734693877551
214, 1.0037735849056604, 0, 0.9207686261949684, 1.0526315789473684, 86.21795918367347
215, 1.0116279069767442, 0, 0.9010524981900129, 1.0526315789473684, 89.20734693877552
216, 1.015625, 0, 0.7813375166862225, 1.0526315789473684, 95.74448979591837
217, 1.0232558139534884, 0, 0.8014157675852371, 1.0526315789473684, 96.72
218, 1.0072992700729928, 0, 0.821267378045673, 1.0526315789473684, 98.47102040816327
219, 1.0070422535211268, 0, 0.8812437251450881, 1.0526315789473684, 107.4930612244898
220, 1.0112359550561798, 0, 0.7011658037703627, 1.0526315789473684, 101.97469387755102
221, 1.005813953488372, 0, 0.8209239053828777, 1.0526315789473684, 98.78204081632653
222, 1.0052083333333333, 0, 0.7809720560308158, 1.0526315789473684, 104.7469387755102
223, 1.0071428571428571, 0, 0.8009442147233381, 1.0526315789473684, 98.85142857142857
224, 1.0120481927710843, 0, 0.7408137021269268, 1.0526315789473684, 95.70857142857143
225, 1.006993006993007, 0, 0.8010608380172627, 1.0526315789473684, 105.18367346938776
226, 1.0042372881355932, 0, 0.7804767394229504, 1.0526315789473684, 108.64571428571429
227, 1.010989010989011, 0, 0.7608481084727227, 1.0526315789473684, 115.73959183673469
228, 1.0056179775280898, 0, 0.7605340750681272, 1.0526315789473684, 104.69142857142857
229, 1.0083333333333333, 0, 0.8008422579836835, 1.0526315789473684, 102.94938775510204
230, 1.003058103975535, 0, 0.760582841106859, 1.0526315789473684, 95.62775510204082
231, 1.0038167938931297, 0, 0.8209290830327365, 1.0526315789473684, 102.91755102040817
232, 1.004, 0, 0.8009491943870273, 1.0526315789473684, 101.20979591836735
233, 1.0052910052910053, 0, 0.7607673092200997, 1.0526315789473684, 89.34367346938775
234, 1.00355871886121, 0, 0.8008282955073167, 1.0526315789473684, 83.80081632653061
235, 1.002004008016032, 0, 0.8205515701140569, 1.0526315789473684, 75.35265306122449
236, 1.0144927536231885, 0, 0.780858338746482, 1.0526315789473684, 75.79591836734694
237, 1.0064102564102564, 0, 0.800822945334233, 1.0526315789473684, 72.58122448979591
238, 1.008130081300813, 0, 0.8410167107423473, 1.0526315789473684, 75.48326530612245
239, 1.0071428571428571, 0, 0.8008288937988606, 1.0526315789473684, 74.74775510204081
240, 1.0026881720430108, 0, 0.800504183804464, 1.0526315789473684, 92.56734693877551
241, 1.0044247787610618, 0, 0.8209703062438115, 1.0526315789473684, 92.42775510204082
242, 1.004950495049505, 0, 0.8010290020711512, 1.0526315789473684, 76.25387755102041
243, 1.0063694267515924, 0, 0.8008768544847052, 1.0526315789473684, 81.87183673469387
244, 1.0085470085470085, 0, 0.7808764545213025, 1.0526315789473684, 77.24897959183673
245, 1.0031152647975077, 0, 0.8403100243947381, 1.0526315789473684, 66.24244897959184
246, 1.0066225165562914, 0, 0.8209848197854214, 1.0526315789473684, 77.39755102040816
247, 1.0073529411764706, 0, 0.8010143898641577, 1.0526315789473684, 82.65877551020408
248, 1.0096153846153846, 0, 0.8612039349696304, 1.0526315789473684, 71.07755102040817
249, 1.010752688172043, 0, 0.8409542028963217, 1.0526315789473684, 67.2195918367347
250, 1.0129870129870129, 0, 0.8211343713451805, 1.0526315789473684, 68.57224489795918
251, 1.0049261083743843, 0, 0.8209664445163796, 1.0526315789473684, 69.94448979591837
252, 1.006993006993007, 0, 0.680771951735084, 1.0526315789473684, 62.87428571428571
253, 1.0303030303030303, 0, 0.8415949771852353, 1.0526315789473684, 63.90204081632653
254, 1.0060975609756098, 0, 0.9211390246565152, 1.0526315789473684, 70.29387755102042
255, 1.0185185185185186, 0, 0.9214910940639272, 1.0526315789473684, 72.79102040816326
256, 1.008130081300813, 0, 0.8610685516377492, 1.0526315789473684, 73.88408163265306
257, 1.0055555555555555, 0, 0.8806476936388988, 1.0526315789473684, 71.4791836734694
258, 1.0112359550561798, 0, 0.8409024736425742, 1.0526315789473684, 70.97714285714285
259, 1.0050251256281406, 0, 0.8608853254539355, 1.0526315789473684, 70.03836734693877
260, 1.0113636363636365, 0, 0.8612076963696067, 1.0526315789473684, 74.54857142857144
261, 1.0048543689320388, 0, 0.840881630568266, 1.0526315789473684, 77.8465306122449
262, 1.0070422535211268, 0, 0.8410024195269087, 1.0526315789473684, 73.47428571428571
263, 1.0086206896551724, 0, 0.8615579387989226, 1.0526315789473684, 71.3804081632653
264, 1.0064102564102564, 0, 0.8614300783252863, 1.0526315789473684, 71.77551020408163
265, 1.002257336343115, 0, 0.8002833910108176, 1.0526315789473684, 74.88244897959184
266, 1.0120481927710843, 0, 0.840955282302213, 1.0526315789473684, 71.07020408163265
267, 1.0114942528735633, 0, 0.8610723028877569, 1.0526315789473684, 76.83591836734693
268, 1.003690036900369, 0, 0.8606420482383115, 1.0526315789473684, 77.23918367346938
269, 1.002183406113537, 0, 0.8603873008365422, 1.0526315789473684, 76.95183673469388
270, 1.0043103448275863, 0, 0.8205105115666222, 1.0526315789473684, 81.4669387755102
271, 1.0059171597633136, 0, 0.7607961871850054, 1.0526315789473684, 82.48571428571428
272, 1.005464480874317, 0, 0.8407988300252908, 1.0526315789473684, 81.7134693877551
273, 1.0032894736842106, 0, 0.8208305709082275, 1.0526315789473684, 73.73795918367347
274, 1.006993006993007, 0, 0.7807571106321872, 1.0526315789473684, 70.09795918367347
275, 1.0065359477124183, 0, 0.781062959213514, 1.0526315789473684, 67.9265306122449
276, 1.0048780487804878, 0, 0.7410541989358405, 1.0526315789473684, 64.24408163265306
277, 1.007936507936508, 0, 0.8010619636972811, 1.0526315789473684, 74.37142857142857
278, 1.0052083333333333, 0, 0.780789938119441, 1.0526315789473684, 76.72571428571429
279, 1.0061728395061729, 0, 0.8006692980952379, 1.0526315789473684, 77.22448979591837
280, 1.0044052863436124, 0, 0.8208747638401468, 1.0526315789473684, 75.73795918367347
281, 1.0045454545454546, 0, 0.7806549596160469, 1.0526315789473684, 72.1461224489796
282, 1.0010060362173039, 0, 0.7001577077085066, 1.0526315789473684, 75.19918367346939
283, 1.0035211267605635, 0, 0.7404828896506734, 1.0526315789473684, 79.61877551020409
284, 1.005813953488372, 0, 0.7206629253813215, 1.0526315789473684, 84.9534693877551
285, 1.0149253731343284, 0, 0.7410025859653642, 1.0526315789473684, 85.38448979591837
286, 1.0153846153846153, 0, 0.8010093370660176, 1.0526315789473684, 88.93959183673469
287, 1.0044642857142858, 0, 0.7808404457704704, 1.0526315789473684, 86.96571428571428
288, 1.0029411764705882, 0, 0.840628847340166, 1.0526315789473684, 92.4261224489796
289, 1.002717391304348, 0, 0.8205914672860092, 1.0526315789473684, 94.02857142857142
290, 1.008695652173913, 0, 0.8208306013831076, 1.0526315789473684, 95.61632653061224
291, 1.0078740157480315, 0, 0.8209867610691911, 1.0526315789473684, 93.23755102040816
292, 1.0071428571428571, 0, 0.8208381350217197, 1.0526315789473684, 76.90530612244898
293, 1.0064102564102564, 0, 0.7408292274094346, 1.0526315789473684, 96.49877551020408
294, 1.0081967213114753, 0, 0.7406921092652535, 1.0526315789473684, 112.14367346938775
295, 1.004566210045662, 0, 0.8409064847468452, 1.0526315789473684, 118.16571428571429
296, 1.0045454545454546, 0, 0.8407501721371924, 1.0526315789473684, 116.3126530612245
297, 1.002724795640327, 0, 0.8602901057086624, 1.0526315789473684, 118.46122448979592
298, 1.0027472527472527, 0, 0.8804682912102488, 1.0526315789473684, 127.20326530612245
299, 1.0025706940874035, 0, 0.860700662024886, 1.0526315789473684, 129.46367346938774
300, 1.001980198019802, 0, 0.8405470717934297, 1.0526315789473684, 124.93469387755103
301, 1.0055555555555555, 0, 0.8208165147247101, 1.0526315789473684, 135.6987755102041
302, 1.0093457943925233, 0, 0.800877792055444, 1.0526315789473684, 142.43673469387755
303, 1.0063694267515924, 0, 0.8610051702426597, 1.0526315789473684, 140.9134693877551
304, 1.0020876826722338, 0, 0.820592997216, 1.0526315789473684, 128.00489795918367
305, 1.0026109660574412, 0, 0.9207421075150773, 1.0526315789473684, 110.09224489795919
306, 1.002808988764045, 0, 0.8207435369280697, 1.0526315789473684, 102.59918367346938
307, 1.0061728395061729, 0, 0.8007230030466767, 1.0526315789473684, 92.55428571428571
308, 1.006896551724138, 0, 0.9206122123561121, 1.0526315789473684, 85.65551020408164
309, 1.0019157088122606, 0, 0.8603390038890627, 1.0526315789473684, 82.77795918367347
310, 1.0158730158730158, 0, 0.8811177377591816, 1.0526315789473684, 69.73551020408163
311, 1.0091743119266054, 0, 0.8812234245833389, 1.0526315789473684, 78.03510204081633
312, 1.005128205128205, 0, 0.8203931956756313, 1.0526315789473684, 74.67836734693877
313, 1.0012165450121655, 0, 0.8002090134940726, 1.0526315789473684, 69.44897959183673
314, 1.0036101083032491, 0, 0.8604367321036931, 1.0526315789473684, 64.48408163265306
315, 1.0052356020942408, 0, 0.8404703118291149, 1.0526315789473684, 62.10040816326531
316, 1.0033557046979866, 0, 0.9003924764925187, 1.0526315789473684, 55.729795918367344
317, 1.0018621973929236, 0, 0.8804751157564629, 1.0526315789473684, 39.89387755102041
318, 1.0048780487804878, 0, 0.8607847976328794, 1.0526315789473684, 40.161632653061226
319, 1.0333333333333334, 0, 0.8610200760785303, 1.0526315789473684, 70.67673469387755
320, 1.0033557046979866, 0, 0.8604442235325527, 1.0526315789473684, 67.17469387755102
321, 1.002262443438914, 0, 0.8003902054221406, 1.0526315789473684, 69.24
322, 1.0080645161290323, 0, 0.7610531360773723, 1.0526315789473684, 79.6938775510204
323, 1.0058479532163742, 0, 0.9008103324305218, 1.0526315789473684, 73.61469387755102
324, 1.00374531835206, 0, 0.8804958609507882, 1.0526315789473684, 90.84326530612245
325, 1.003125, 0, 0.860436791594982, 1.0526315789473684, 94.1730612244898
326, 1.009009009009009, 0, 0.9413445394037154, 1.0526315789473684, 74.76408163265306
327, 1.0043478260869565, 0, 0.8008739007501101, 1.0526315789473684, 76.93714285714286
328, 1.1428571428571428, 0, 0.8037589218085066, 1.1428571428571428, 91.62857142857143
329, 1.0043478260869565, 0, 0.8008335536724083, 1.1428571428571428, 94.00489795918368
330, 1.0136986301369864, 0, 0.8010101673089377, 1.1428571428571428, 90.05877551020409
331, 1.0033222591362125, 0, 0.8605241771391015, 1.1428571428571428, 84.0204081632653
332, 1.008849557522124, 0, 0.8409907539997487, 1.1428571428571428, 108.8930612244898
333, 1.0044444444444445, 0, 0.7408200169859523, 1.1428571428571428, 104.37224489795918
334, 1.0046511627906978, 0, 0.7008078091252257, 1.1428571428571428, 96.40489795918367
335, 1.0091743119266054, 0, 0.8008730838586877, 1.1428571428571428, 88.51510204081633
336, 1.013157894736842, 0, 0.8014453296223266, 1.1428571428571428, 87.85061224489796
337, 1.0057471264367817, 0, 0.8005357510528771, 1.1428571428571428, 77.66857142857143
338, 1.003968253968254, 0, 0.8406302066954179, 1.1428571428571428, 72.15020408163265
339, 1.0026881720430108, 0, 0.8604485443549494, 1.1428571428571428, 72.99428571428571
340, 1.009009009009009, 0, 0.7608915513540669, 1.1428571428571428, 70.72326530612244
341, 1.0125, 0, 0.7210037398032192, 1.1428571428571428, 82.47836734693878
342, 1.0033444816053512, 0, 0.8206929026948897, 1.1428571428571428, 79.97061224489796
343, 1.0081967213114753, 0, 0.8007285396199103, 1.1428571428571428, 84.12734693877552
344, 1.0161290322580645, 0, 0.7809511355891, 1.1428571428571428, 81.63102040816327
345, 1.0039370078740157, 0, 0.7608715530654709, 1.1428571428571428, 73.28244897959183
346, 1.0046511627906978, 0, 0.8008006230581123, 1.1428571428571428, 73.52734693877551
347, 1.0056818181818181, 0, 0.7605327704437537, 1.1428571428571428, 63.3665306122449
348, 1.003125, 0, 0.7404376879202068, 1.1428571428571428, 68.78938775510204
349, 1.0022727272727272, 0, 0.8807534758882904, 1.1428571428571428, 70.72408163265307
350, 1.0038910505836576, 0, 0.9208086302841152, 1.1428571428571428, 68.42938775510204
351, 1.0091743119266054, 0, 0.840835860914535, 1.1428571428571428, 67.5265306122449
352, 1.0049019607843137, 0, 0.8808477251619302, 1.1428571428571428, 63.38448979591837
353, 1.0067567567567568, 0, 0.920990591586115, 1.1428571428571428, 63.882448979591835
354, 1.0080645161290323, 0, 0.8410577713534835, 1.1428571428571428, 60.80897959183673
355, 1.00625, 0, 0.780804865696965, 1.1428571428571428, 53.307755102040815
356, 1.0054945054945055, 0, 0.9011412972556433, 1.1428571428571428, 63.7934693877551
357, 1.0055555555555555, 0, 0.781042654282016, 1.1428571428571428, 68.44326530612246
358, 1.0044052863436124, 0, 0.8207731823557352, 1.1428571428571428, 67.98122448979592
359, 1.0040485829959513, 0, 0.920810215065258, 1.1428571428571428, 73.69632653061224
360, 1.0175438596491229, 0, 0.9209220373163979, 1.1428571428571428, 77.07020408163265
361, 1.0015337423312884, 0, 0.8002790786171772, 1.1428571428571428, 89.11428571428571
362, 1.0029940119760479, 0, 0.840518205423784, 1.1428571428571428, 94.3004081632653
363, 1.0043478260869565, 0, 0.7805189279501087, 1.1428571428571428, 72.66204081632652
364, 1.0030487804878048, 0, 0.8005838354285447, 1.1428571428571428, 73.52897959183673
365, 1.0024038461538463, 0, 0.760613074467041, 1.1428571428571428, 67.2408163265306
366, 1.00390625, 0, 0.8206884988862205, 1.1428571428571428, 69.45714285714286
367, 1.002857142857143, 0, 0.7204543923269309, 1.1428571428571428, 70.46204081632654
368, 1.0038167938931297, 0, 0.7807733359312792, 1.1428571428571428, 69.40897959183674
369, 1.0034129692832765, 0, 0.86054283070408, 1.1428571428571428, 68.07755102040817
370, 1.002659574468085, 0, 0.8404165275969064, 1.1428571428571428, 71.49469387755101
371, 1.0017241379310344, 0, 0.7403255722460267, 1.1428571428571428, 77.25551020408163
372, 1.0078740157480315, 0, 0.8006954387356199, 1.1428571428571428, 74.13795918367347
373, 1.0025510204081634, 0, 0.8807488025283212, 1.1428571428571428, 75.84897959183674
374, 1.0018939393939394, 0, 0.8403693937607861, 1.1428571428571428, 75.53551020408163
375, 1.0038167938931297, 0, 0.7406106648634324, 1.1428571428571428, 79.70938775510204
376, 1.0188679245283019, 0, 0.8613119865257086, 1.1428571428571428, 75.65469387755103
377, 1.0025316455696203, 0, 0.9007276404985392, 1.1428571428571428, 68.43510204081633
378, 1.0041666666666667, 0, 0.9208021121993649, 1.1428571428571428, 76.99591836734695
379, 1.0012820512820513, 0, 0.820414378565545, 1.1428571428571428, 84.87020408163265
380, 1.0032894736842106, 0, 0.820621182730028, 1.1428571428571428, 86.63183673469388
381, 1.0021978021978022, 0, 0.8605229143800166, 1.1428571428571428, 94.2865306122449
382, 1.0022727272727272, 0, 0.9007181767933193, 1.1428571428571428, 94.78775510204082
383, 1.0043478260869565, 0, 0.8606908057598254, 1.1428571428571428, 94.63265306122449
384, 1.0028735632183907, 0, 0.8406755105692469, 1.1428571428571428, 103.05632653061224
385, 1.002754820936639, 0, 0.8205817701870515, 1.1428571428571428, 106.41061224489796
386, 1.004201680672269, 0, 0.8006040428722251, 1.1428571428571428, 108.83836734693878
387, 1.0052356020942408, 0, 0.8007207475437842, 1.1428571428571428, 91.79510204081633
388, 1.001834862385321, 0, 0.8204470589263586, 1.1428571428571428, 91.62857142857143
389, 1.0032258064516129, 0, 0.8607712464232301, 1.1428571428571428, 85.70204081632653
390, 1.003717472118959, 0, 0.8005412840602583, 1.1428571428571428, 105.79510204081633
391, 1.002212389380531, 0, 0.7604488536670658, 1.1428571428571428, 108.26285714285714
392, 1.0067114093959733, 0, 0.7804522449750115, 1.1428571428571428, 101.72408163265307
393, 1.0021321961620469, 0, 0.660379769155921, 1.1428571428571428, 104.3273469387755
394, 1.0030674846625767, 0, 0.8006506902588327, 1.1428571428571428, 106.00081632653061
395, 1.00625, 0, 0.8006780895180168, 1.1428571428571428, 110.82938775510205
396, 1.0029411764705882, 0, 0.8406091782119767, 1.1428571428571428, 112.22448979591837
397, 1.0042372881355932, 0, 0.900771452315293, 1.1428571428571428, 102.38367346938776
398, 1.002053388090349, 0, 0.7805302824995202, 1.1428571428571428, 106.04408163265306
399, 1.002183406113537, 0, 0.8606759989833052, 1.1428571428571428, 81.33061224489796
400, 1.0083333333333333, 0, 0.860648637326125, 1.1428571428571428, 82.7265306122449
401, 1.0060975609756098, 0, 0.8206469131904898, 1.1428571428571428, 83.92326530612245
402, 1.0027777777777778, 0, 0.8605626774820653, 1.1428571428571428, 89.72
403, 1.001727115716753, 0, 0.6803810479482485, 1.1428571428571428, 97.49142857142857
404, 1.0153846153846153, 0, 0.7407748285272069, 1.1428571428571428, 99.1934693877551
405, 1.008849557522124, 0, 0.7205769090180635, 1.1428571428571428, 99.47836734693878
406, 1.0032362459546926, 0, 0.7605905333045915, 1.1428571428571428, 100.49224489795918
407, 1.0044843049327354, 0, 0.8807385283600984, 1.1428571428571428, 99.82857142857142
408, 1.0106382978723405, 0, 0.9005587226789779, 1.1428571428571428, 94.8538775510204
409, 1.010989010989011, 0, 0.8210940104537553, 1.1428571428571428, 77.75265306122449
410, 1.0046296296296295, 0, 0.8008911967610414, 1.1428571428571428, 63.903673469387755
411, 1.0135135135135136, 0, 0.7809367022872132, 1.1428571428571428, 60.03510204081633
412, 1.0031948881789137, 0, 0.7604548136180851, 1.1428571428571428, 57.586122448979594
413, 1.0028328611898016, 0, 0.8805875544645398, 1.1428571428571428, 55.81224489795918
414, 1.0060240963855422, 0, 0.8008919390495278, 1.1428571428571428, 60.286530612244896
415, 1.0054347826086956, 0, 0.7005494823427582, 1.1428571428571428, 54.885714285714286
416, 1.005464480874317, 0, 0.7208452216135379, 1.1428571428571428, 60.49551020408163
417, 1.0033670033670035, 0, 0.7007600693913784, 1.1428571428571428, 69.17061224489795
418, 1.002415458937198, 0, 0.6405199562830508, 1.1428571428571428, 72.18857142857142
419, 1.0073529411764706, 0, 0.7208032020078451, 1.1428571428571428, 67.15102040816326
420, 1.0081967213114753, 0, 0.7812209274714847, 1.1428571428571428, 61.42285714285714
421, 1.0043103448275863, 0, 0.7205288386937341, 1.1428571428571428, 67.15510204081633
422, 1.0055555555555555, 0, 0.7406314701881272, 1.1428571428571428, 61.69469387755102
423, 1.0012165450121655, 0, 0.860342484370764, 1.1428571428571428, 72.07836734693878
424, 1.0093457943925233, 0, 0.7008946433490105, 1.1428571428571428, 75.20081632653061
425, 1.0064935064935066, 0, 0.7206336916020998, 1.1428571428571428, 82.0930612244898
426, 1.0095238095238095, 0, 0.8208286631303535, 1.1428571428571428, 79.56816326530613
427, 1.007936507936508, 0, 0.7606390620482368, 1.1428571428571428, 81.95755102040816
428, 1.0050251256281406, 0, 0.8409687635302024, 1.1428571428571428, 86.08571428571429
429, 1.0050251256281406, 0, 0.9008185607861704, 1.1428571428571428, 84.9795918367347
430, 1.00625, 0, 0.8009453598340295, 1.1428571428571428, 88.85877551020408
431, 1.00354609929078, 0, 0.78058610673888, 1.1428571428571428, 87.00897959183673
432, 1.006060606060606, 0, 0.8010169824207984, 1.1428571428571428, 89.81551020408163
433, 1.0019646365422397, 0, 0.720249872735753, 1.1428571428571428, 91.75673469387755
434, 1.003875968992248, 0, 0.7606615204577416, 1.1428571428571428, 87.26775510204082
435, 1.0192307692307692, 0, 0.8212750594370811, 1.1428571428571428, 92.76653061224489
436, 1.004524886877828, 0, 0.8809428616834949, 1.1428571428571428, 98.6873469387755
437, 1.0055248618784531, 0, 0.801127816263143, 1.1428571428571428, 91.48
438, 1.0089285714285714, 0, 0.8210115537243826, 1.1428571428571428, 99.78693877551021
439, 1.0049261083743843, 0, 0.780694084314648, 1.1428571428571428, 96.64979591836735
440, 1.0035971223021583, 0, 0.8007747591703316, 1.1428571428571428, 82.34122448979592
441, 1.01, 0, 0.841114930662478, 1.1428571428571428, 84.87918367346938
442, 1.0072992700729928, 0, 0.7609822709315256, 1.1428571428571428, 81.13551020408163
443, 1.0135135135135136, 0, 0.8012621910228569, 1.1428571428571428, 91.87102040816326
444, 1.0042735042735043, 0, 0.7606754560024644, 1.1428571428571428, 95.12979591836735
445, 1.0104166666666667, 0, 0.82067089744004, 1.1428571428571428, 95.88244897959184
446, 1.0040322580645162, 0, 0.8609114621952504, 1.1428571428571428, 95.52816326530612
447, 1.0063291139240507, 0, 0.8209040356300679, 1.1428571428571428, 95.47673469387755
448, 1.0024813895781637, 0, 0.8007708462401761, 1.1428571428571428, 97.13795918367347
449, 1.0044843049327354, 0, 0.7606475376518049, 1.1428571428571428, 89.04326530612245
450, 1.00355871886121, 0, 0.7807262717967567, 1.1428571428571428, 81.48326530612245
451, 1.0026455026455026, 0, 0.7607027877606839, 1.1428571428571428, 71.79755102040816
452, 1.0055248618784531, 0, 0.8208404382486622, 1.1428571428571428, 72.09959183673469
453, 1.0054054054054054, 0, 0.8009258742346943, 1.1428571428571428, 70.55918367346939
454, 1.0046082949308757, 0, 0.8209685399787321, 1.1428571428571428, 67.69551020408163
455, 1.008849557522124, 0, 0.8008887735105787, 1.1428571428571428, 62.180408163265305
456, 1.024390243902439, 0, 0.7818249992920302, 1.1428571428571428, 53.353469387755105
457, 1.0048309178743962, 0, 0.8009300720596174, 1.1428571428571428, 48.155102040816324
458, 1.0040322580645162, 0, 0.9208746986685914, 1.1428571428571428, 48.94122448979592
459, 1.005050505050505, 0, 0.8606674200680513, 1.1428571428571428, 47.1934693877551
460, 1.0038022813688212, 0, 0.9205768116146155, 1.1428571428571428, 48.943673469387754
461, 1.0054945054945055, 0, 0.8409037091523772, 1.1428571428571428, 44.436734693877554
462, 1.0166666666666666, 0, 0.8612064080021622, 1.1428571428571428, 40.02857142857143
463, 1.002, 0, 0.780448991598075, 1.1428571428571428, 44.25795918367347
464, 1.0033783783783783, 0, 0.8204017370678174, 1.1428571428571428, 49.53877551020408
465, 1.005952380952381, 0, 0.820466501092383, 1.1428571428571428, 53.648979591836735
466, 1.0014992503748126, 0, 0.7802561722912135, 1.1428571428571428, 53.39918367346939
467, 1.00418410041841, 0, 0.8005886409591728, 1.1428571428571428, 59.226122448979595
468, 1.0060975609756098, 0, 0.820719950923368, 1.1428571428571428, 62.457959183673466
469, 1.0024630541871922, 0, 0.7806758396598087, 1.1428571428571428, 62.51265306122449
470, 1.0025125628140703, 0, 0.7405791401683618, 1.1428571428571428, 59.2465306122449
471, 1.0105263157894737, 0, 0.8208771322686929, 1.1428571428571428, 57.307755102040815
472, 1.005952380952381, 0, 0.8408363268295157, 1.1428571428571428, 56.10448979591837
473, 1.0089285714285714, 0, 0.7009381258270868, 1.1428571428571428, 51.61142857142857
474, 1.0044843049327354, 0, 0.7609837555552407, 1.1428571428571428, 47.499591836734695
475, 1.0018552875695732, 0, 0.8204252541048035, 1.1428571428571428, 45.82530612244898
476, 1.0040650406504066, 0, 0.8407537380881493, 1.1428571428571428, 46.13224489795918
477, 1.0026109660574412, 0, 0.8203714559664388, 1.1428571428571428, 50.42530612244898
478, 1.003058103975535, 0, 0.8806154879865603, 1.1428571428571428, 47.690612244897956
479, 1.0067114093959733, 0, 0.8004162299886268, 1.1428571428571428, 49.12244897959184
480, 1.0048543689320388, 0, 0.820656886013539, 1.1428571428571428, 51.71836734693878
481, 1.008130081300813, 0, 0.8407441606529105, 1.1428571428571428, 54.285714285714285
482, 1.0057803468208093, 0, 0.8006521603051641, 1.1428571428571428, 54.01387755102041
483, 1.0025, 0, 0.8603579994337949, 1.1428571428571428, 56.81061224489796
484, 1.00398406374502, 0, 0.9006987933351399, 1.1428571428571428, 59.19428571428571
485, 1.00625, 0, 0.8810525469177815, 1.1428571428571428, 64.97632653061224
486, 1.0095238095238095, 0, 0.8611504521873696, 1.1428571428571428, 64.08897959183673
487, 1.0384615384615385, 0, 0.8018045121156312, 1.1428571428571428, 65.94938775510204
488, 1.0238095238095237, 0, 0.8613983076680408, 1.1428571428571428, 67.51020408163265
489, 1.0052631578947369, 0, 0.9008828576385808, 1.1428571428571428, 71.54775510204081
490, 1.0064102564102564, 0, 0.9007559061119921, 1.1428571428571428, 75.64163265306122
491, 1.0062111801242235, 0, 0.8613244369200204, 1.1428571428571428, 77.53142857142858
492, 1.01, 0, 0.8015413906016449, 1.1428571428571428, 79.66530612244898
493, 1.0058823529411764, 0, 0.821137306056166, 1.1428571428571428, 78.67183673469388
494, 1.0035211267605635, 0, 0.8006828726846972, 1.1428571428571428, 81.42204081632653
495, 1.0042735042735043, 0, 0.76087257511714, 1.1428571428571428, 82.26204081632653
496, 1.0034129692832765, 0, 0.7405310120460892, 1.1428571428571428, 75.92571428571429
497, 1.0029154518950438, 0, 0.8008442916650061, 1.1428571428571428, 77.08244897959183
498, 1.0045871559633028, 0, 0.820863484067581, 1.1428571428571428, 70.53551020408163
499, 1.0133333333333334, 0, 0.7809508997650509, 1.1428571428571428, 65.0473469387755
