0, 0.0, 0, 0.02, 0, 863.1828571428572
1, 1.0, 0.0, 0.02, 1.0, 681.618775510204
2, 1.0, 0.0, 0.26, 1.0, 522.0620408163265
3, 1.0, 0.0, 0.28, 1.0, 442.8759183673469
4, 1.0, 0.0, 0.48, 1.0, 382.1991836734694
5, 1.0, 0.0, 0.68, 1.0, 320.28816326530614
6, 1.0, 0.0, 0.68, 1.0, 281.81142857142856
7, 1.0, 0.0, 0.78, 1.0, 225.38857142857142
8, 1.0, 0.0, 0.82, 1.0, 178.22775510204082
9, 1.0, 0.0, 0.88, 1.0, 184.36326530612246
10, 1.0, 0.0, 0.86, 1.0, 184.7069387755102
11, 1.0, 0.0, 0.86, 1.0, 152.48489795918368
12, 1.0, 0.0, 0.86, 1.0, 152.59510204081633
13, 1.0, 0.0, 0.9, 1.0, 170.6742857142857
14, 1.0, 0.0, 0.92, 1.0, 119.16163265306122
15, 1.0, 0.0, 0.94, 1.0, 158.66367346938776
16, 1.0, 0.0, 0.9, 1.0, 129.1861224489796
17, 1.0, 0.0, 0.82, 1.0, 117.93551020408164
18, 1.0, 0.0, 0.96, 1.0, 93.08734693877551
19, 1.0, 1.0, 1.0, 1.0, 138.72489795918366
20, 1.0, 0.0, 0.98, 1.0, 128.56326530612245
21, 1.0, 0.0, 0.92, 1.0, 128.42367346938775
22, 1.0, 0.0, 0.92, 1.0, 156.01469387755103
23, 1.0, 0.0, 0.84, 1.0, 118.63265306122449
24, 1.0, 0.0, 0.84, 1.0, 130.4334693877551
25, 1.0, 0.0, 0.88, 1.0, 129.10938775510203
26, 1.0, 0.0, 0.84, 1.0, 129.28408163265306
27, 1.0, 0.0, 0.98, 1.0, 151.03755102040816
28, 1.0, 0.0, 0.92, 1.0, 167.39755102040817
29, 1.0, 0.0, 0.88, 1.0, 174.01142857142858
30, 1.0, 0.0, 0.92, 1.0, 157.70612244897958
31, 1.0, 0.0, 0.9, 1.0, 150.03428571428572
32, 1.0, 0.0, 0.9, 1.0, 158.70204081632653
33, 1.0, 0.0, 0.9, 1.0, 141.094693877551
34, 1.0, 0.0, 0.92, 1.0, 149.7208163265306
35, 1.0, 0.0, 0.9, 1.0, 159.47183673469388
36, 1.0, 0.0, 0.78, 1.0, 159.21795918367346
37, 1.0, 0.0, 0.94, 1.0, 131.0448979591837
38, 1.0, 0.0, 0.96, 1.0, 119.72244897959183
39, 1.0, 1.0, 1.0, 1.0, 106.1665306122449
40, 1.0, 0.0, 0.96, 1.0, 108.1534693877551
41, 1.0, 0.0, 0.96, 1.0, 97.58857142857143
42, 1.0, 0.0, 0.9, 1.0, 158.80408163265307
43, 1.0, 0.0, 0.94, 1.0, 164.29795918367347
44, 1.0, 0.0, 0.88, 1.0, 165.5673469387755
45, 1.0, 0.0, 0.92, 1.0, 165.5665306122449
46, 1.0, 0.0, 0.86, 1.0, 185.70122448979592
47, 1.0, 0.0, 0.92, 1.0, 192.3338775510204
48, 1.0, 0.0, 0.86, 1.0, 177.96408163265306
49, 1.0, 0.0, 0.98, 1.0, 179.85877551020408
50, 1.0, 1.0, 1.0, 1.0, 145.1281632653061
51, 1.0, 0.0, 0.94, 1.0, 123.99183673469388
52, 1.0, 0.0, 0.98, 1.0, 145.97551020408164
53, 1.0, 0.0, 0.96, 1.0, 163.3265306122449
54, 1.0, 0.0, 0.92, 1.0, 185.7991836734694
55, 1.0, 0.0, 0.9, 1.0, 180.3330612244898
56, 1.0, 0.0, 0.88, 1.0, 186.35673469387754
57, 1.0, 0.0, 0.78, 1.0, 170.0081632653061
58, 1.0, 0.0, 0.94, 1.0, 204.9542857142857
59, 1.0, 0.0, 0.9, 1.0, 211.17714285714285
60, 1.0, 0.0, 0.96, 1.0, 204.8391836734694
61, 1.0, 0.0, 0.86, 1.0, 206.43510204081633
62, 1.0, 0.0, 0.86, 1.0, 213.7657142857143
63, 1.0, 0.0, 0.94, 1.0, 216.25632653061226
64, 1.0, 0.0, 0.88, 1.0, 219.5608163265306
65, 1.0, 0.0, 0.96, 1.0, 218.8995918367347
66, 1.0, 0.0, 0.94, 1.0, 216.83836734693878
67, 1.0, 0.0, 0.92, 1.0, 211.58530612244897
68, 1.0, 0.0, 0.9, 1.0, 208.15755102040816
69, 1.0, 0.0, 0.96, 1.0, 218.24979591836734
70, 1.0, 0.0, 0.94, 1.0, 218.46857142857144
71, 1.0, 0.0, 0.94, 1.0, 221.52326530612245
72, 1.0, 0.0, 0.88, 1.0, 219.61877551020407
73, 1.0, 0.0, 0.86, 1.0, 217.3208163265306
74, 1.0, 0.0, 0.9, 1.0, 213.8734693877551
75, 1.0, 0.0, 0.86, 1.0, 219.78285714285715
76, 1.0, 0.0, 0.92, 1.0, 219.85142857142858
77, 1.0, 0.0, 0.86, 1.0, 220.8726530612245
78, 1.0, 0.0, 0.9, 1.0, 219.53714285714287
79, 1.0000000000000007, 0.0, 0.86, 1.0000000000000007, 220.5477551020408
80, 1.0, 0.0, 0.94, 1.0000000000000007, 220.18938775510205
81, 1.0, 0.0, 0.92, 1.0000000000000007, 215.43755102040816
82, 1.0, 1.0, 1.0, 1.0000000000000007, 220.47755102040816
83, 1.0, 0.0, 0.94, 1.0000000000000007, 218.70938775510203
84, 1.0, 0.0, 0.94, 1.0000000000000007, 220.29877551020408
85, 1.0, 0.0, 0.96, 1.0000000000000007, 220.29795918367347
86, 1.0, 0.0, 0.96, 1.0000000000000007, 217.79673469387754
87, 1.0, 0.0, 0.94, 1.0000000000000007, 206.53551020408165
88, 1.0, 1.0, 1.0, 1.0000000000000007, 218.22775510204082
89, 1.0, 0.0, 0.94, 1.0000000000000007, 218.08408163265307
90, 1.0, 0.0, 0.92, 1.0000000000000007, 211.76897959183674
91, 1.0, 0.0, 0.88, 1.0000000000000007, 211.28408163265306
92, 1.0, 0.0, 0.9, 1.0000000000000007, 182.47836734693877
93, 1.0, 0.0, 0.94, 1.0000000000000007, 149.83265306122448
94, 1.0, 0.0, 0.92, 1.0000000000000007, 96.17632653061224
95, 1.0, 0.0, 0.96, 1.0000000000000007, 83.37714285714286
96, 1.0, 0.0, 0.98, 1.0000000000000007, 57.757551020408165
97, 1.0, 0.0, 0.98, 1.0000000000000007, 42.16326530612245
98, 1.0, 0.0, 0.92, 1.0000000000000007, 43.08
99, 1.0, 0.0, 0.92, 1.0000000000000007, 44.05877551020408
100, 1.0, 0.0, 0.9, 1.0000000000000007, 29.190204081632654
101, 1.0, 0.0, 0.94, 1.0000000000000007, 28.588571428571427
102, 1.0, 0.0, 0.96, 1.0000000000000007, 28.90530612244898
103, 1.0000000000000047, 0.0, 0.96, 1.0000000000000047, 29.251428571428573
104, 1.00000000046123, 0.0, 0.9200000000095888, 1.00000000046123, 31.0
105, 1.0000000031724299, 0.0, 0.9600000000648056, 1.0000000031724299, 32.06367346938776
106, 1.0000000003147909, 0.0, 0.9400000000084723, 1.0000000031724299, 36.244897959183675
107, 1.0000000001161837, 0.0, 0.960000000004068, 1.0000000031724299, 39.881632653061224
108, 1.0000000000029257, 0.0, 0.9600000000001384, 1.0000000031724299, 41.39265306122449
109, 1.0000000000910148, 0.0, 0.9600000000022222, 1.0000000031724299, 46.158367346938775
110, 1.0000000000094706, 0.0, 0.9000000000002517, 1.0000000031724299, 47.83183673469388
111, 1.0000000096251342, 0.0, 0.920000000192874, 1.0000000096251342, 52.284897959183674
112, 1.000000005057566, 0.0, 0.9600000001146222, 1.0000000096251342, 54.38040816326531
113, 1.000000000677913, 0.0, 0.9800000000152509, 1.0000000096251342, 57.073469387755104
114, 1.0000000002649605, 0.0, 0.9800000000068791, 1.0000000096251342, 53.63918367346939
115, 1.0000000020040003, 0.0, 0.9400000001181179, 1.0000000096251342, 52.54857142857143
116, 1.0000000003430305, 0.0, 0.9400000000123405, 1.0000000096251342, 49.38122448979592
117, 1.0000000016566961, 0.0, 0.9600000000352817, 1.0000000096251342, 50.98367346938775
118, 1.0000000004522436, 0.0, 0.8400000000310865, 1.0000000096251342, 50.25142857142857
119, 1.0000000000001275, 0.0, 0.9000000000000028, 1.0000000096251342, 51.138775510204084
120, 1.0000000000012759, 0.0, 0.9000000000000581, 1.0000000096251342, 43.89142857142857
121, 1.0000000000169302, 0.0, 0.9600000000003733, 1.0000000096251342, 45.83102040816326
122, 1.0000000000388665, 0.0, 0.9600000000012183, 1.0000000096251342, 39.95673469387755
123, 1.0000000027465494, 0.0, 0.9800000000600917, 1.0000000096251342, 39.79102040816326
124, 1.0000000337266335, 0.0, 0.9000000013298656, 1.0000000337266335, 44.18693877551021
125, 1.0000000000252525, 0.0, 0.9400000000014128, 1.0000000337266335, 46.06122448979592
126, 1.0000000628169747, 0.0, 0.94000000150039, 1.0000000628169747, 45.15591836734694
127, 1.0000000000458795, 0.0, 0.9200000000027216, 1.0000000628169747, 45.74367346938776
128, 1.0000000000033598, 0.0, 0.9400000000001342, 1.0000000628169747, 43.70857142857143
129, 1.0000000000000486, 0.0, 0.9600000000000012, 1.0000000628169747, 47.29959183673469
130, 1.0000000000093368, 0.0, 0.9400000000006924, 1.0000000628169747, 50.87102040816327
131, 1.0000000000519385, 0.0, 0.9400000000019361, 1.0000000628169747, 53.862857142857145
132, 1.0000000000002036, 0.0, 0.9800000000000065, 1.0000000628169747, 53.30122448979592
133, 1.0000000000000215, 1.0, 1.000000000000001, 1.0000000628169747, 59.16
134, 1.0000000000000564, 1.0, 1.000000000000001, 1.0000000628169747, 62.66040816326531
135, 1.0000000000000018, 0.0, 0.94, 1.0000000628169747, 61.950204081632656
136, 1.0000000000000004, 0.0, 0.92, 1.0000000628169747, 58.23102040816327
137, 1.0000000000000002, 0.0, 0.94, 1.0000000628169747, 53.59755102040816
138, 1.0000000000000002, 0.0, 0.96, 1.0000000628169747, 56.82530612244898
139, 1.0, 0.0, 0.94, 1.0000000628169747, 57.32326530612245
140, 1.0000000000000089, 0.0, 0.8800000000000003, 1.0000000628169747, 56.862040816326534
141, 1.0, 0.0, 0.9, 1.0000000628169747, 54.242448979591835
142, 1.0000000000000357, 0.0, 0.9000000000000007, 1.0000000628169747, 55.844897959183676
143, 1.0, 0.0, 0.92, 1.0000000628169747, 52.61224489795919
144, 1.0000000000013143, 0.0, 0.9200000000000474, 1.0000000628169747, 56.885714285714286
145, 1.000000000022579, 0.0, 0.9000000000005892, 1.0000000628169747, 58.21224489795918
146, 1.0000000000016642, 0.0, 0.9000000000000482, 1.0000000628169747, 56.630204081632655
147, 1.0000000000005966, 0.0, 0.9200000000000227, 1.0000000628169747, 56.546938775510206
148, 1.0, 0.0, 0.92, 1.0000000628169747, 58.03836734693878
149, 1.0, 0.0, 0.92, 1.0000000628169747, 55.990204081632655
150, 1.0, 0.0, 0.9, 1.0000000628169747, 58.00489795918367
151, 1.0, 0.0, 0.94, 1.0000000628169747, 58.27673469387755
152, 1.0, 0.0, 0.9, 1.0000000628169747, 57.88734693877551
153, 1.0000000000002462, 0.0, 0.8800000000000113, 1.0000000628169747, 63.24081632653061
154, 1.0000000000000362, 0.0, 0.900000000000001, 1.0000000628169747, 63.94857142857143
155, 1.0000000000177853, 0.0, 0.9400000000005077, 1.0000000628169747, 73.0465306122449
156, 1.00000000000009, 0.0, 0.920000000000002, 1.0000000628169747, 77.22775510204082
157, 1.0000000000000007, 0.0, 0.92, 1.0000000628169747, 78.65224489795918
158, 1.0000000000000002, 0.0, 0.88, 1.0000000628169747, 76.24163265306123
159, 1.0, 0.0, 0.98, 1.0000000628169747, 80.60571428571428
160, 1.0000000000000004, 0.0, 0.98, 1.0000000628169747, 82.5861224489796
161, 1.0000000000443232, 0.0, 0.9800000000011161, 1.0000000628169747, 87.64244897959183
162, 1.0000000000130373, 0.0, 0.9400000000002646, 1.0000000628169747, 80.84326530612245
163, 1.0000000000000426, 0.0, 0.9400000000000032, 1.0000000628169747, 72.22285714285714
164, 1.0000000000006148, 0.0, 0.9600000000000251, 1.0000000628169747, 70.76163265306123
165, 1.0000000000000178, 0.0, 0.9200000000000004, 1.0000000628169747, 67.47591836734694
166, 1.0000000000154476, 0.0, 0.9200000000003555, 1.0000000628169747, 79.7861224489796
167, 1.0000000000000067, 0.0, 0.8600000000000001, 1.0000000628169747, 88.39755102040816
168, 1.0000000000000464, 0.0, 0.9400000000000008, 1.0000000628169747, 90.0465306122449
169, 1.0000000000010367, 0.0, 0.9800000000000398, 1.0000000628169747, 93.24408163265306
170, 1.0, 0.0, 0.92, 1.0000000628169747, 91.76
171, 1.0, 0.0, 0.94, 1.0000000628169747, 90.47673469387755
172, 1.0000000000001958, 0.0, 0.9600000000000142, 1.0000000628169747, 95.84816326530613
173, 1.000000000000009, 0.0, 0.9400000000000003, 1.0000000628169747, 98.55102040816327
174, 1.0000000000000537, 0.0, 0.880000000000002, 1.0000000628169747, 107.43265306122449
175, 1.0000000000000002, 0.0, 0.92, 1.0000000628169747, 108.53632653061224
176, 1.0, 0.0, 0.94, 1.0000000628169747, 103.41632653061224
177, 1.00000000000001, 1.0, 1.0000000000000002, 1.0000000628169747, 104.70612244897958
178, 1.0000000000004063, 0.0, 0.9800000000000142, 1.0000000628169747, 105.70775510204082
179, 1.0000000000001463, 0.0, 0.9400000000000032, 1.0000000628169747, 105.93795918367347
180, 1.0000000000000002, 1.0, 1.0, 1.0000000628169747, 107.86285714285714
181, 1.000000000013507, 0.0, 0.9800000000004075, 1.0000000628169747, 109.78530612244899
182, 1.000000000106395, 0.0, 0.9400000000031481, 1.0000000628169747, 109.09959183673469
183, 1.000000000732837, 0.0, 0.9600000000188627, 1.0000000628169747, 91.21714285714286
184, 1.0000000000980778, 0.0, 0.9600000000035362, 1.0000000628169747, 91.15102040816326
185, 1.000000000004861, 0.0, 0.9800000000001202, 1.0000000628169747, 91.70938775510204
186, 1.0, 0.0, 0.92, 1.0000000628169747, 98.6130612244898
187, 1.0000000000000058, 0.0, 0.9600000000000002, 1.0000000628169747, 92.29306122448979
188, 1.0000000000000002, 0.0, 0.96, 1.0000000628169747, 91.63673469387756
189, 1.0000000000000457, 0.0, 0.9800000000000018, 1.0000000628169747, 107.94775510204082
190, 1.0000000000000795, 0.0, 0.9400000000000024, 1.0000000628169747, 117.28408163265306
191, 1.0000000000000002, 0.0, 0.96, 1.0000000628169747, 119.21224489795918
192, 1.0000000000000906, 0.0, 0.9000000000000026, 1.0000000628169747, 117.04163265306123
193, 1.0, 0.0, 0.9, 1.0000000628169747, 111.73714285714286
194, 1.0000000000000007, 0.0, 0.88, 1.0000000628169747, 112.82285714285715
195, 1.0000000000001235, 0.0, 0.9200000000000026, 1.0000000628169747, 115.2195918367347
196, 1.0000000000036655, 0.0, 0.9200000000000802, 1.0000000628169747, 114.4073469387755
197, 1.0000000000002638, 0.0, 0.9600000000000063, 1.0000000628169747, 117.03918367346938
198, 1.0000000214053595, 0.0, 0.9400000004422628, 1.0000000628169747, 119.74367346938776
199, 1.0000000015446786, 0.0, 0.9000000000328634, 1.0000000628169747, 119.93306122448979
200, 1.0000000073600435, 0.0, 0.960000000280854, 1.0000000628169747, 124.7795918367347
201, 1.0000000138341176, 0.0, 0.8400000003952026, 1.0000000628169747, 128.13387755102042
202, 1.0000000065912555, 0.0, 0.9200000001640788, 1.0000000628169747, 124.64408163265306
203, 1.000000000614886, 0.0, 0.88000000001372, 1.0000000628169747, 136.7526530612245
204, 1.0000000020040003, 0.0, 0.8800000000429005, 1.0000000628169747, 140.38530612244898
205, 1.0000022721091884, 0.0, 0.9200000461837806, 1.0000022721091884, 140.0538775510204
206, 1.0000000016778972, 0.0, 0.9000000000661033, 1.0000022721091884, 134.2922448979592
207, 1.0000000635445565, 0.0, 0.8800000017273473, 1.0000022721091884, 131.16408163265305
208, 1.0000070440976823, 0.0, 0.9800003279479093, 1.0000070440976823, 131.59755102040816
209, 1.0000001223864714, 0.0, 0.9800000076688309, 1.0000070440976823, 129.44326530612244
210, 1.0000255365320914, 0.0, 0.9000010231682751, 1.0000255365320914, 133.36979591836734
211, 1.0000017228132376, 1.0, 1.0000000381010485, 1.0000255365320914, 135.05061224489796
212, 1.0000000023174045, 0.0, 0.8800000001019572, 1.0000255365320914, 118.80326530612246
213, 1.0000000088933636, 0.0, 0.920000000189033, 1.0000255365320914, 107.84244897959184
214, 1.0000000000085707, 0.0, 0.9600000000002809, 1.0000255365320914, 102.26122448979592
215, 1.000000000015339, 0.0, 0.8600000000005749, 1.0000255365320914, 118.07591836734694
216, 1.0000000000001208, 0.0, 0.9400000000000045, 1.0000255365320914, 121.35020408163265
217, 1.0000000000002425, 0.0, 0.8800000000000054, 1.0000255365320914, 124.4065306122449
218, 1.0000000000000921, 0.0, 0.8400000000000023, 1.0000255365320914, 126.87510204081633
219, 1.0000000000059903, 0.0, 0.8600000000001295, 1.0000255365320914, 124.49714285714286
220, 1.0000000000003166, 0.0, 0.840000000000008, 1.0000255365320914, 118.70612244897958
221, 1.000000000000002, 0.0, 0.94, 1.0000255365320914, 114.56081632653061
222, 1.0000000000000264, 0.0, 0.8400000000000005, 1.0000255365320914, 121.1395918367347
223, 1.000000000003124, 0.0, 0.9000000000000639, 1.0000255365320914, 129.36489795918368
224, 1.000000000050181, 0.0, 0.900000000001005, 1.0000255365320914, 135.34204081632652
225, 1.0000000000827416, 0.0, 0.880000000002214, 1.0000255365320914, 133.12081632653062
226, 1.0000000005990688, 0.0, 0.8200000000235314, 1.0000255365320914, 133.80979591836734
227, 1.0000000007920964, 0.0, 0.7800000000434555, 1.0000255365320914, 130.52897959183673
228, 1.0000000000419398, 0.0, 0.7800000000014726, 1.0000255365320914, 147.44979591836736
229, 1.0000000000031468, 0.0, 0.8400000000001007, 1.0000255365320914, 145.38122448979593
230, 1.0000000000000517, 0.0, 0.5800000000000017, 1.0000255365320914, 145.50775510204082
231, 1.000000000018293, 0.0, 0.9000000000006066, 1.0000255365320914, 139.0122448979592
232, 1.0000000000329066, 0.0, 0.9400000000008525, 1.0000255365320914, 137.18448979591838
233, 1.0000000005121823, 0.0, 0.8600000000146142, 1.0000255365320914, 136.3526530612245
234, 1.0000000000702387, 0.0, 0.9200000000021763, 1.0000255365320914, 144.47183673469388
235, 1.0000000000000973, 0.0, 0.8400000000000034, 1.0000255365320914, 138.90448979591838
236, 1.0000000005467768, 0.0, 0.9000000000140932, 1.0000255365320914, 154.15020408163267
237, 1.0000000000003024, 0.0, 0.9200000000000073, 1.0000255365320914, 156.0995918367347
238, 1.0000000000105378, 0.0, 0.920000000000345, 1.0000255365320914, 155.50448979591837
239, 1.0000000001413032, 0.0, 0.8800000000049871, 1.0000255365320914, 147.10285714285715
240, 1.0000000000015234, 0.0, 0.9800000000000805, 1.0000255365320914, 120.72081632653061
241, 1.0000000000007812, 0.0, 0.9600000000000233, 1.0000255365320914, 118.49714285714286
242, 1.0000000000144966, 0.0, 0.9400000000003591, 1.0000255365320914, 95.12489795918367
243, 1.0000000000873746, 0.0, 0.9800000000022533, 1.0000255365320914, 93.55265306122449
244, 1.0000000001531866, 0.0, 0.9600000000042805, 1.0000255365320914, 85.38530612244898
245, 1.00000000248371, 0.0, 0.980000000086428, 1.0000255365320914, 80.12326530612245
246, 1.000000005026399, 0.0, 0.9000000001661818, 1.0000255365320914, 76.82448979591837
247, 1.0000000003965575, 0.0, 0.9800000000084778, 1.0000255365320914, 72.92816326530613
248, 1.0000000000000036, 0.0, 0.9400000000000002, 1.0000255365320914, 77.52734693877551
249, 1.0000000000017266, 0.0, 0.9400000000000348, 1.0000255365320914, 68.59020408163265
250, 1.00000000015216, 0.0, 0.920000000003194, 1.0000255365320914, 65.0734693877551
251, 1.0000000000028004, 0.0, 0.8800000000001141, 1.0000255365320914, 68.70204081632653
252, 1.0000000000078666, 0.0, 0.9400000000002424, 1.0000255365320914, 70.90204081632653
253, 1.000000000118565, 0.0, 0.9200000000078888, 1.0000255365320914, 74.70040816326531
254, 1.0000003235071893, 0.0, 0.9800000083108371, 1.0000255365320914, 77.51428571428572
255, 1.0000000045807436, 0.0, 0.980000000140624, 1.0000255365320914, 86.23918367346938
256, 1.0000000098618507, 0.0, 0.9600000004939573, 1.0000255365320914, 84.6269387755102
257, 1.0000000028341096, 0.0, 0.8800000001140773, 1.0000255365320914, 86.90938775510205
258, 1.0000001280329736, 0.0, 0.7800000026029172, 1.0000255365320914, 97.58530612244898
259, 1.0000002597556386, 0.0, 0.8200000064882254, 1.0000255365320914, 94.6938775510204
260, 1.0000000079203377, 0.0, 0.9200000002875893, 1.0000255365320914, 85.69795918367348
261, 1.0000000015251211, 0.0, 0.9000000000410422, 1.0000255365320914, 83.73469387755102
262, 1.0000000000856082, 0.0, 0.920000000002627, 1.0000255365320914, 88.29306122448979
263, 1.000000745901711, 0.0, 0.9600000187332373, 1.0000255365320914, 89.37387755102041
264, 1.0000046622495045, 0.0, 0.8600000980503266, 1.0000255365320914, 89.61061224489796
265, 1.0000002852071723, 0.0, 0.8400000067904142, 1.0000255365320914, 86.99591836734695
266, 1.000000158484665, 0.0, 0.8600000039249519, 1.0000255365320914, 83.44816326530612
267, 1.000000009802146, 0.0, 0.8800000004551868, 1.0000255365320914, 83.5926530612245
268, 1.0000008293430132, 0.0, 0.9800000184206588, 1.0000255365320914, 89.1395918367347
269, 1.0000001532489675, 0.0, 0.9000000032103078, 1.0000255365320914, 97.4791836734694
270, 1.0000015298933973, 0.0, 0.8800000317419128, 1.0000255365320914, 101.70122448979592
271, 1.000000025270895, 0.0, 0.8400000011808342, 1.0000255365320914, 108.15591836734694
272, 1.0000000159783364, 0.0, 0.8400000006897416, 1.0000255365320914, 108.23918367346938
273, 1.0000000767979416, 0.0, 0.7400000019637412, 1.0000255365320914, 109.20734693877552
274, 1.000000011684905, 0.0, 0.8000000004955031, 1.0000255365320914, 105.58530612244898
275, 1.0000000205326405, 0.0, 0.880000000840944, 1.0000255365320914, 102.88897959183673
276, 1.000000026968185, 0.0, 0.9400000006778413, 1.0000255365320914, 113.52163265306122
277, 1.0000004940344922, 0.0, 0.9400000099888133, 1.0000255365320914, 114.5330612244898
278, 1.000000176232005, 0.0, 0.8800000035392843, 1.0000255365320914, 111.31673469387755
279, 1.0000000179018012, 0.0, 0.9000000008684879, 1.0000255365320914, 109.45387755102041
280, 1.0000000013771193, 0.0, 0.9400000000285808, 1.0000255365320914, 105.4734693877551
281, 1.0000001294835488, 0.0, 0.780000005194979, 1.0000255365320914, 101.07183673469387
282, 1.0000000011364436, 0.0, 0.7600000000286635, 1.0000255365320914, 114.12897959183674
283, 1.0000000099219089, 0.0, 0.8400000003516638, 1.0000255365320914, 107.78448979591836
284, 1.0000000005836496, 0.0, 0.7200000000211455, 1.0000255365320914, 95.38775510204081
285, 1.000000001765379, 0.0, 0.8800000001066757, 1.0000255365320914, 92.72979591836734
286, 1.00000000002689, 0.0, 0.9200000000012726, 1.0000255365320914, 91.75755102040816
287, 1.0000000002946265, 0.0, 0.9400000000102813, 1.0000255365320914, 101.40408163265306
288, 1.0000000556490962, 0.0, 0.9600000015258954, 1.0000255365320914, 83.04163265306123
289, 1.0000000057928555, 0.0, 0.9600000001732952, 1.0000255365320914, 78.83428571428571
290, 1.0000000009014127, 0.0, 0.8400000000259262, 1.0000255365320914, 73.25714285714285
291, 1.0000000014772783, 0.0, 0.9400000000738938, 1.0000255365320914, 67.01632653061225
292, 1.000000000118565, 0.0, 0.900000000002481, 1.0000255365320914, 70.27591836734693
293, 1.000000000010613, 0.0, 0.9200000000003979, 1.0000255365320914, 73.87755102040816
294, 1.0000000000005922, 0.0, 0.8600000000000171, 1.0000255365320914, 77.51428571428572
295, 1.0000000000545004, 0.0, 0.8800000000016459, 1.0000255365320914, 79.17632653061224
296, 1.000000000027268, 0.0, 0.7800000000005517, 1.0000255365320914, 76.95755102040816
297, 1.000000006010821, 0.0, 0.8600000002489411, 1.0000255365320914, 79.77632653061225
298, 1.0000000000313436, 0.0, 0.8000000000014005, 1.0000255365320914, 72.39510204081633
299, 1.000000000756983, 0.0, 0.8600000000270459, 1.0000255365320914, 75.20816326530613
300, 1.0000000015348696, 0.0, 0.9400000000918208, 1.0000255365320914, 78.26448979591837
301, 1.0000000303421501, 0.0, 0.8800000008627413, 1.0000255365320914, 78.66938775510204
302, 1.0000000062752155, 0.0, 0.9400000002860431, 1.0000255365320914, 80.99836734693878
303, 1.0000000065912555, 0.0, 0.8800000002104253, 1.0000255365320914, 84.12
304, 1.0000000127154252, 0.0, 0.9600000005446881, 1.0000255365320914, 83.95183673469388
305, 1.0000010848807335, 0.0, 0.8800000476070118, 1.0000255365320914, 86.35918367346939
306, 1.0000239418041346, 0.0, 0.9400008000606368, 1.0000255365320914, 87.7795918367347
307, 1.0000101705679891, 0.0, 0.8800003154878477, 1.0000255365320914, 87.6734693877551
308, 1.0000000550093866, 0.0, 0.7600000034206644, 1.0000255365320914, 93.84816326530613
309, 1.000000138527081, 0.0, 0.8400000037008064, 1.0000255365320914, 95.32163265306123
310, 1.0000000008181458, 0.0, 0.8200000000208999, 1.0000255365320914, 84.62857142857143
311, 1.0000598272090293, 0.0, 0.8200025640841234, 1.0000598272090293, 80.63510204081632
312, 1.000000077238755, 0.0, 0.6600000069662906, 1.0000598272090293, 86.75591836734694
313, 1.000000005057566, 0.0, 0.7200000001412286, 1.0000598272090293, 94.81551020408163
314, 1.000000001291835, 0.0, 0.8000000000280549, 1.0000598272090293, 94.30448979591837
315, 1.000000000643552, 0.0, 0.7800000000316072, 1.0000598272090293, 78.53714285714285
316, 1.0000005531083076, 0.0, 0.7800000229750802, 1.0000598272090293, 71.98857142857143
317, 1.0000002082337687, 0.0, 0.5800000122800677, 1.0000598272090293, 60.53224489795918
318, 1.0000228613121924, 0.0, 0.7200005121337537, 1.0000598272090293, 54.44244897959184
319, 1.000001644686943, 0.0, 0.840000117965142, 1.0000598272090293, 57.70448979591837
320, 1.000003580414436, 0.0, 0.7200001400692269, 1.0000598272090293, 58.34938775510204
321, 1.0000014376733215, 0.0, 0.7000000365751164, 1.0000598272090293, 61.39591836734694
322, 1.0000487908384212, 0.0, 0.8400011199678907, 1.0000598272090293, 69.69551020408163
323, 1.0000010348542112, 0.0, 0.5400000549100477, 1.0000598272090293, 72.62775510204082
324, 1.0000036711540143, 0.0, 0.7000002064664912, 1.0000598272090293, 71.8930612244898
325, 1.0000112993596726, 0.0, 0.8200005367723329, 1.0000598272090293, 69.62367346938775
326, 1.0000138607424198, 0.0, 0.8200004360010708, 1.0000598272090293, 64.39591836734694
327, 1.0000032385268742, 0.0, 0.8600003567169716, 1.0000598272090293, 71.60897959183673
328, 1.0001805411190074, 0.0, 0.8400081453432148, 1.0001805411190074, 78.05469387755102
329, 1.0003887070822197, 0.0, 0.8600084047580592, 1.0003887070822197, 76.53224489795919
330, 1.000000902508255, 0.0, 0.7600000432283481, 1.0003887070822197, 75.03673469387755
331, 1.00010798286509, 0.0, 0.8200047367479582, 1.0003887070822197, 69.30285714285715
332, 1.0000492275072623, 0.0, 0.8200024467542221, 1.0003887070822197, 60.75020408163265
333, 1.0006781107061133, 0.0, 0.7600374160333329, 1.0006781107061133, 47.16734693877551
334, 1.0004999009895754, 0.0, 0.8000104623837915, 1.0006781107061133, 40.55183673469388
335, 1.0034073497134604, 0.0, 0.8400897251704598, 1.0034073497134604, 39.43265306122449
336, 1.0051861275349834, 0.0, 0.8804576347028937, 1.0051861275349834, 43.31265306122449
337, 1.0079383486813014, 0.0, 0.7001912806028225, 1.0079383486813014, 44.87755102040816
338, 1.0014064478620597, 0.0, 0.8800738270550157, 1.0079383486813014, 41.91755102040816
339, 1.0017573961950619, 0.0, 0.9400517213933878, 1.0079383486813014, 43.39265306122449
340, 1.0001061516315184, 0.0, 0.9000179229093327, 1.0079383486813014, 44.04897959183673
341, 1.0030782300692924, 0.0, 0.9001738351982895, 1.0079383486813014, 47.08816326530612
342, 1.003260978419344, 0.0, 0.8205685972999622, 1.0079383486813014, 49.76489795918367
343, 1.0047494782930964, 0.0, 0.9604546899573992, 1.0079383486813014, 50.773061224489794
344, 1.0017387088177185, 0.0, 0.8800779495716093, 1.0079383486813014, 53.4334693877551
345, 1.0017511466098004, 0.0, 0.820125669088618, 1.0079383486813014, 52.66122448979592
346, 1.0021121476617094, 0.0, 0.9001700860229124, 1.0079383486813014, 55.10857142857143
347, 1.0001703291187305, 0.0, 0.8000110406210525, 1.0079383486813014, 65.73061224489796
348, 1.0037057930298265, 0.0, 0.8801283736147951, 1.0079383486813014, 67.85061224489796
349, 1.0038960950370734, 0.0, 0.8601919240758231, 1.0079383486813014, 69.15755102040816
350, 1.004219137735047, 0.0, 0.8001431016076361, 1.0079383486813014, 72.8538775510204
351, 1.0017263524615725, 0.0, 0.8401376352331034, 1.0079383486813014, 76.70530612244897
352, 1.0056587939076231, 0.0, 0.9201617346479608, 1.0079383486813014, 78.25387755102041
353, 1.0003917994328517, 0.0, 0.9200220434849402, 1.0079383486813014, 75.96979591836735
354, 1.000181292193427, 0.0, 0.8600194694602366, 1.0079383486813014, 74.90530612244898
355, 1.0002183048669235, 0.0, 0.9000134026587766, 1.0079383486813014, 78.51836734693877
356, 1.0003034442969179, 0.0, 0.8200193814506652, 1.0079383486813014, 76.51673469387755
357, 1.0000376153630224, 0.0, 0.8200019780723494, 1.0079383486813014, 79.70530612244897
358, 1.000022030548491, 0.0, 0.8800015475863842, 1.0079383486813014, 84.26040816326531
359, 1.0000021262291485, 0.0, 0.7400000588637465, 1.0079383486813014, 83.44081632653061
360, 1.0000816180189422, 0.0, 0.7800050581537501, 1.0079383486813014, 82.89795918367346
361, 1.001416675995042, 0.0, 0.800118695620733, 1.0079383486813014, 84.17551020408163
362, 1.003305392676093, 0.0, 0.8001330763609213, 1.0079383486813014, 86.14122448979592
363, 1.0001553745351395, 0.0, 0.8800061845326197, 1.0079383486813014, 91.08816326530612
364, 1.0004012152466426, 0.0, 0.7400353623269378, 1.0079383486813014, 95.0065306122449
365, 1.0031630311071782, 0.0, 0.7403736474569576, 1.0079383486813014, 96.90857142857143
366, 1.0022338739575565, 0.0, 0.7800862765586953, 1.0079383486813014, 93.11755102040816
367, 1.0003314596417812, 0.0, 0.8200363743595657, 1.0079383486813014, 96.7534693877551
368, 1.0000788309793027, 0.0, 0.7600048319341113, 1.0079383486813014, 100.91755102040817
369, 1.0000999708414495, 0.0, 0.8600047335707773, 1.0079383486813014, 99.89469387755102
370, 1.0000063267460886, 0.0, 0.8400003426623772, 1.0079383486813014, 91.25224489795919
371, 1.0000428582456868, 0.0, 0.9000019453951693, 1.0079383486813014, 92.87591836734694
372, 1.0000305300229346, 0.0, 0.7200007040070243, 1.0079383486813014, 93.31591836734694
373, 1.000016812960679, 0.0, 0.7600012973125969, 1.0079383486813014, 98.05224489795918
374, 1.0000528569156448, 0.0, 0.7400049836510029, 1.0079383486813014, 97.55265306122449
375, 1.000050559889179, 0.0, 0.8000027268052144, 1.0079383486813014, 98.9526530612245
376, 1.0000022376138622, 0.0, 0.6600000633919549, 1.0079383486813014, 91.49061224489796
377, 1.000009740598447, 0.0, 0.7000005033302219, 1.0079383486813014, 91.51102040816326
378, 1.0000024399622258, 0.0, 0.6800001387642763, 1.0079383486813014, 98.23918367346938
379, 1.0000153770872098, 0.0, 0.6800004922973305, 1.0079383486813014, 96.86857142857143
380, 1.0000038593009188, 0.0, 0.7200003572874724, 1.0079383486813014, 95.73142857142857
381, 1.0000030486856337, 0.0, 0.8800000797529247, 1.0079383486813014, 105.01224489795918
382, 1.0000002980030844, 0.0, 0.8600000125346505, 1.0079383486813014, 103.6334693877551
383, 1.0000095551335824, 0.0, 0.7600005246035818, 1.0079383486813014, 104.42938775510204
384, 1.0000342058970635, 0.0, 0.860001811380287, 1.0079383486813014, 113.6995918367347
385, 1.0000356294505308, 0.0, 0.8200019042124741, 1.0079383486813014, 106.50204081632653
386, 1.0014635584706746, 0.0, 0.9000651044557278, 1.0079383486813014, 102.46122448979592
387, 1.0035003773570448, 0.0, 0.9201827899881014, 1.0079383486813014, 103.17469387755102
388, 1.0011936009889157, 0.0, 0.8600636897087258, 1.0079383486813014, 98.72734693877551
389, 1.0006627332411169, 0.0, 0.88002792278941, 1.0079383486813014, 112.00979591836735
390, 1.0000466621133433, 0.0, 0.7000049412485633, 1.0079383486813014, 111.7795918367347
391, 1.001317417365762, 0.0, 0.6800325979244362, 1.0079383486813014, 104.97469387755102
392, 1.0000417195589315, 0.0, 0.7800020527429672, 1.0079383486813014, 104.76163265306123
393, 1.000136391586092, 0.0, 0.8000091314993276, 1.0079383486813014, 102.93877551020408
394, 1.0001647406728738, 0.0, 0.8400047124835746, 1.0079383486813014, 84.78122448979592
395, 1.000029167659904, 0.0, 0.8600014111111475, 1.0079383486813014, 80.81469387755102
396, 1.0000454275413129, 0.0, 0.8200014067988366, 1.0079383486813014, 83.49061224489796
397, 1.0000781484371013, 0.0, 0.7200028538469886, 1.0079383486813014, 75.61551020408163
398, 1.0000239418041346, 0.0, 0.7600008859267957, 1.0079383486813014, 77.33551020408163
399, 1.0000055690810483, 0.0, 0.680000487454691, 1.0079383486813014, 73.27265306122449
400, 1.0000030333573973, 0.0, 0.640000145337876, 1.0079383486813014, 70.67428571428572
401, 1.000008552554908, 0.0, 0.7000003897856203, 1.0079383486813014, 73.74204081632654
402, 1.0023702389645357, 0.0, 0.7801478231526119, 1.0079383486813014, 69.90285714285714
403, 1.025770818321764, 0.0, 0.841656640324898, 1.025770818321764, 72.46367346938776
404, 1.0100259554860707, 0.0, 0.9209455794418301, 1.025770818321764, 68.62938775510204
405, 1.016269712963144, 0.0, 0.9003697938553494, 1.025770818321764, 54.72489795918367
406, 1.001595671704577, 0.0, 0.8601249701018883, 1.025770818321764, 46.93469387755102
407, 1.0023784934403248, 0.0, 0.8801058026439028, 1.025770818321764, 46.71918367346939
408, 1.0000389973056547, 0.0, 0.7000029790111029, 1.025770818321764, 51.19673469387755
409, 1.0030887154082369, 0.0, 0.8201156268157785, 1.025770818321764, 58.33714285714286
410, 1.0002950068445586, 0.0, 0.7800145265158693, 1.025770818321764, 60.68734693877551
411, 1.0023051431507848, 0.0, 0.6600568862225312, 1.025770818321764, 60.16326530612245
412, 1.0002448066114826, 0.0, 0.7400126812603819, 1.025770818321764, 63.651428571428575
413, 1.0003184374473137, 0.0, 0.8200443659303821, 1.025770818321764, 72.10122448979592
414, 1.0000676636127759, 0.0, 0.9000031383630119, 1.025770818321764, 73.22775510204082
415, 1.0037306678988578, 0.0, 0.8001863884186987, 1.025770818321764, 76.01306122448979
416, 1.0000483578495858, 0.0, 0.8000032853763562, 1.025770818321764, 80.18938775510205
417, 1.001636227486566, 0.0, 0.8400513930357935, 1.025770818321764, 82.77551020408163
418, 1.0000074675730837, 0.0, 0.7600004648408294, 1.025770818321764, 85.16816326530612
419, 1.0001017011446307, 0.0, 0.8400027761664147, 1.025770818321764, 78.8269387755102
420, 1.0002623422785843, 0.0, 0.8600230762048046, 1.025770818321764, 88.00734693877551
421, 1.0001422619473619, 0.0, 0.9000175864684852, 1.025770818321764, 93.44979591836734
422, 1.0014115533702062, 0.0, 0.9000677389581969, 1.025770818321764, 97.93795918367347
423, 1.000075145674623, 0.0, 0.9200050265487593, 1.025770818321764, 101.12653061224489
424, 1.0044041059620508, 0.0, 0.9202247638594523, 1.025770818321764, 106.29632653061225
425, 1.0004273699612805, 0.0, 0.8600238182532034, 1.025770818321764, 111.87673469387755
426, 1.000131860699424, 0.0, 0.8600052730211876, 1.025770818321764, 116.91591836734693
427, 1.0015448908783908, 0.0, 0.8401465567065526, 1.025770818321764, 118.06857142857143
428, 1.0027311077031795, 0.0, 0.9202544563683658, 1.025770818321764, 107.68244897959184
429, 1.0017953271812048, 0.0, 0.98009477899181, 1.025770818321764, 109.3395918367347
430, 1.000387169490834, 0.0, 0.9600149912748792, 1.025770818321764, 98.49061224489796
431, 1.0009209908100398, 0.0, 0.9000542843805023, 1.025770818321764, 99.16244897959184
432, 1.0003676921569165, 0.0, 0.9000509726848034, 1.025770818321764, 97.34693877551021
433, 1.0008385402294289, 0.0, 0.8200501905193639, 1.025770818321764, 101.3665306122449
434, 1.001010916433126, 0.0, 0.7600386704510023, 1.025770818321764, 93.7934693877551
435, 1.0011421069735784, 0.0, 0.8400873591046945, 1.025770818321764, 93.8465306122449
436, 1.0013030957490516, 0.0, 0.8600633369985303, 1.025770818321764, 91.40163265306123
437, 1.000945390961646, 0.0, 0.9000355569417124, 1.025770818321764, 93.43020408163265
438, 1.0002879504906705, 0.0, 0.9400093506654602, 1.025770818321764, 74.29387755102042
439, 1.0002498463322724, 0.0, 0.9000082131995899, 1.025770818321764, 63.28163265306122
440, 1.002337483162584, 0.0, 0.8600875572836444, 1.025770818321764, 58.758367346938776
441, 1.0001527921586935, 0.0, 0.8400062935476451, 1.025770818321764, 65.74530612244898
442, 1.000548780233432, 0.0, 0.8800225625692982, 1.025770818321764, 59.608163265306125
443, 1.0004569018318963, 0.0, 0.960072822298022, 1.025770818321764, 54.28408163265306
444, 1.00857750242942, 0.0, 0.920271934775445, 1.025770818321764, 54.75918367346939
445, 1.0001186002456683, 0.0, 0.9200108109437505, 1.025770818321764, 56.76
446, 1.0026938065804214, 0.0, 0.8800723403210753, 1.025770818321764, 55.76081632653061
447, 1.0025668957231162, 0.0, 0.9600844876709115, 1.025770818321764, 59.835102040816324
448, 1.0011212647384697, 0.0, 0.9200428465427933, 1.025770818321764, 57.72816326530612
449, 1.0016479882127136, 0.0, 0.9401068551190411, 1.025770818321764, 64.53714285714285
450, 1.0001398857555885, 0.0, 0.9400059802178905, 1.025770818321764, 66.99265306122449
451, 1.0001201222600609, 0.0, 0.9400073194861611, 1.025770818321764, 66.01061224489796
452, 1.0002754235399038, 0.0, 0.9400138468217498, 1.025770818321764, 59.74204081632653
453, 1.0000893846134193, 0.0, 0.940003773302921, 1.025770818321764, 53.54938775510204
454, 1.0001103139132044, 0.0, 0.90000690281219, 1.025770818321764, 48.62530612244898
455, 1.000618528059589, 0.0, 0.9000531670856746, 1.025770818321764, 56.11020408163265
456, 1.0027030878805208, 0.0, 0.9001016553104572, 1.025770818321764, 59.540408163265305
457, 1.0002283770652651, 0.0, 0.7400156895713623, 1.025770818321764, 67.57959183673469
458, 1.0002147469928984, 0.0, 0.8800253924090586, 1.025770818321764, 73.68408163265306
459, 1.0002926368902254, 0.0, 0.9000141653110256, 1.025770818321764, 73.88408163265306
460, 1.0001668157746948, 0.0, 0.8200100295317893, 1.025770818321764, 69.54122448979592
461, 1.0004324482032656, 0.0, 0.9800216124469336, 1.025770818321764, 76.99918367346939
462, 1.0074581342245157, 0.0, 0.9405437535415965, 1.025770818321764, 68.4930612244898
463, 1.0009776444520397, 0.0, 0.90003932277245, 1.025770818321764, 68.52571428571429
464, 1.0005038134486397, 0.0, 0.960015485774587, 1.025770818321764, 73.35591836734694
465, 1.0006427350316955, 0.0, 0.7800248909253343, 1.025770818321764, 73.86285714285714
466, 1.0005638558072822, 0.0, 0.8400279062197679, 1.025770818321764, 70.32081632653062
467, 1.0001969460942342, 0.0, 0.8400186772741521, 1.025770818321764, 76.4138775510204
468, 1.0040145018962074, 0.0, 0.9201381299746704, 1.025770818321764, 74.13142857142857
469, 1.0109763974261876, 0.0, 0.780891193747101, 1.025770818321764, 65.23918367346938
470, 1.0088458000785547, 0.0, 0.8607343534869664, 1.025770818321764, 64.7404081632653
471, 1.0104915983422165, 0.0, 0.8009176112978702, 1.025770818321764, 63.9404081632653
472, 1.0007180204553332, 0.0, 0.7600500567986718, 1.025770818321764, 65.54204081632653
473, 1.0009209908100398, 0.0, 0.7000611692037179, 1.025770818321764, 68.29551020408164
474, 1.0000572432973065, 0.0, 0.8600047727722966, 1.025770818321764, 66.11673469387755
475, 1.000630523267493, 0.0, 0.9000426668931193, 1.025770818321764, 68.56163265306122
476, 1.000511724327898, 0.0, 0.9200271078325951, 1.025770818321764, 70.25632653061224
477, 1.0112767465605275, 0.0, 0.9204256231315177, 1.025770818321764, 73.56489795918367
478, 1.0010608333505198, 0.0, 0.9000654009909028, 1.025770818321764, 79.51755102040816
479, 1.0002508659061589, 0.0, 0.8600210873892301, 1.025770818321764, 81.36734693877551
480, 1.0005509106068473, 0.0, 0.8800382834938418, 1.025770818321764, 68.82204081632653
481, 1.001432147088909, 0.0, 0.8601730476423606, 1.025770818321764, 67.76816326530613
482, 1.0068512476815645, 0.0, 0.9202618354586964, 1.025770818321764, 65.58122448979591
483, 1.0037306678988578, 0.0, 0.8806842488033727, 1.025770818321764, 65.44571428571429
484, 1.0030782300692924, 0.0, 0.8801230245384711, 1.025770818321764, 73.71755102040817
485, 1.0106831825314937, 0.0, 0.8604146101863198, 1.025770818321764, 67.68979591836735
486, 1.0014477741079286, 0.0, 0.9201084577828231, 1.025770818321764, 64.10122448979592
487, 1.0013222234865329, 0.0, 0.9600711812631573, 1.025770818321764, 77.56
488, 1.0020608340489308, 0.0, 0.9001261200456068, 1.025770818321764, 83.36571428571429
489, 1.0233004641035863, 0.0, 0.8623456387330709, 1.025770818321764, 76.79428571428572
490, 1.0684310917421422, 0.0, 0.9232049434030298, 1.0684310917421422, 71.9265306122449
491, 1.0141596062260219, 0.0, 0.861891991233551, 1.0684310917421422, 77.42367346938775
492, 1.0085247251227336, 0.0, 0.8605725921584709, 1.0684310917421422, 75.61469387755102
493, 1.0328271947132563, 0.0, 0.8819358688974636, 1.0684310917421422, 75.60163265306123
494, 1.0254242966791611, 0.0, 0.901778734097091, 1.0684310917421422, 81.62775510204082
495, 1.013832449970594, 0.0, 0.9010717408247766, 1.0684310917421422, 75.88408163265306
496, 1.0004864297818765, 0.0, 0.9200577585881463, 1.0684310917421422, 83.28571428571429
497, 1.0012983539618425, 0.0, 0.9201373980359466, 1.0684310917421422, 89.8130612244898
498, 1.0008291209622693, 0.0, 0.8800947003127042, 1.0684310917421422, 92.62367346938775
499, 1.0030159979757713, 0.0, 0.94034254537273, 1.0684310917421422, 95.64
