1: 717 0
2: 16 0
3: 715 0
4: 15 0
5: 715 0
6: 715 0
7: 16 0
8: 715 0
9: 16 0
10: 715 0
11: 715 0
12: 16 0
13: 717 0
14: 12 0
15: 717 0
16: 15 0
17: 717 0
18: 26 0
19: 16 0
20: 716 0
21: 16 0
22: 715 0
23: 12 0
24: 715 0
25: 18 0
26: 21 0
27: 715 0
28: 20 0
29: 715 0
30: 20 0
31: 715 0
32: 20 0
33: 26 0
34: 715 0
35: 19 0
36: 715 0
37: 11 0
38: 715 0
39: 6 0
40: 9 0
41: 715 0
42: 18 0
43: 715 0
44: 13 0
45: 16 0
46: 715 0
47: 18 0
48: 715 0
49: 14 0
50: 715 0
51: 18 0
52: 16 0
53: 715 0
54: 23 0
55: 715 0
56: 14 0
57: 715 0
58: 12 0
59: 715 0
60: 715 0
61: 14 0
62: 715 0
63: 19 0
64: 715 0
65: 10 0
66: 715 0
67: 16 0
68: 11 0
69: 715 0
70: 17 0
71: 715 0
72: 7 0
73: 715 0
74: 715 0
75: 9 0
76: 715 0
77: 10 0
78: 715 0
79: 16 0
80: 715 0
81: 715 0
82: 14 0
83: 715 0
84: 10 0
85: 715 0
86: 16 0
87: 715 0
88: 3 0
89: 13 0
90: 715 0
91: 4 0
92: 715 0
93: 4 0
94: 11 0
95: 715 0
96: 20 0
97: 715 0
98: 10 0
99: 715 0
100: 13 0
101: 715 0
102: 13 0
103: 17 0
104: 715 1
105: 15 1
106: 715 1
107: 17 1
108: 715 1
109: 715 1
110: 8 1
111: 21 1
112: 715 1
113: 715 1
114: 15 1
115: 715 1
116: 715 1
117: 12 1
118: 715 1
119: 715 1
120: 16 1
121: 715 1
122: 715 1
123: 132 1
124: 12 1
125: 715 1
126: 11 1
127: 715 1
128: 715 1
129: 415 1
130: 13 1
131: 715 1
132: 715 1
133: 14 1
134: 715 1
135: 296 1
136: 16 1
137: 715 1
138: 715 1
139: 20 1
140: 715 1
141: 715 1
142: 24 1
143: 715 1
144: 715 1
145: 14 1
146: 715 1
147: 715 1
148: 13 1
149: 715 1
150: 715 1
151: 715 1
152: 12 1
153: 715 1
154: 715 1
155: 15 1
156: 715 1
157: 715 1
158: 15 1
159: 715 1
160: 715 1
161: 715 1
162: 22 1
163: 715 1
164: 295 1
165: 16 1
166: 715 1
167: 715 1
168: 20 1
169: 717 1
170: 715 1
171: 20 1
172: 715 1
173: 715 1
174: 17 1
175: 715 1
176: 715 1
177: 715 1
178: 19 1
179: 715 1
180: 715 1
181: 15 1
182: 715 1
183: 715 1
184: 23 1
185: 715 1
186: 715 1
187: 17 1
188: 715 1
189: 715 1
190: 19 1
191: 715 1
192: 715 1
193: 19 1
194: 715 1
195: 715 1
196: 21 1
197: 715 1
198: 715 1
199: 223 1
200: 21 1
201: 715 1
202: 22 1
203: 715 1
204: 714 1
205: 714 1
206: 714 1
207: 715 1
208: 16 1
209: 715 1
210: 715 1
211: 19 1
212: 715 1
213: 715 1
214: 23 1
215: 715 1
216: 715 1
217: 35 1
218: 715 1
219: 715 1
220: 18 1
221: 715 1
222: 715 1
223: 267 1
224: 14 1
225: 715 1
226: 715 1
227: 16 1
228: 715 1
229: 715 1
230: 16 1
231: 715 1
232: 715 1
233: 20 1
234: 715 1
235: 717 1
236: 720 1
237: 18 1
238: 721 1
239: 722 1
240: 24 1
241: 722 1
242: 722 1
243: 24 1
244: 723 1
245: 722 1
246: 37 1
247: 722 1
248: 723 1
249: 21 1
250: 724 1
251: 724 1
252: 80 1
253: 722 1
254: 722 1
255: 722 1
256: 25 1
257: 723 1
258: 723 1
259: 16 1
260: 723 1
261: 723 1
262: 19 1
263: 723 1
264: 723 1
265: 723 1
266: 20 1
267: 723 1
268: 723 1
269: 16 1
270: 722 1
271: 723 1
272: 22 1
273: 722 1
274: 723 1
275: 31 1
276: 723 1
277: 722 1
278: 24 1
279: 723 1
280: 723 1
281: 23 1
282: 722 1
283: 723 1
284: 22 1
285: 718 1
286: 717 1
287: 21 1
288: 718 1
289: 717 1
290: 19 1
291: 722 1
292: 722 1
293: 722 1
294: 16 1
295: 722 1
296: 722 1
297: 15 1
298: 722 1
299: 722 1
300: 20 1
301: 722 1
302: 714 1
303: 12 1
304: 715 1
305: 20 0
306: 715 0
307: 11 0
308: 715 0
309: 21 0
310: 715 0
311: 22 0
312: 715 0
313: 16 0
314: 715 0
315: 16 0
316: 715 0
317: 15 0
318: 715 0
319: 17 0
320: 715 0
321: 23 0
322: 716 0
323: 26 0
324: 715 0
325: 12 0
326: 715 0
327: 11 0
328: 715 0
329: 16 0
330: 715 0
331: 16 0
332: 715 0
333: 18 0
334: 715 0
335: 16 0
336: 715 0
337: 13 0
338: 715 0
339: 21 0
340: 715 0
341: 18 0
342: 715 0
343: 19 0
344: 715 0
345: 31 0
346: 715 0
347: 23 0
348: 31 0
349: 715 0
350: 20 0
351: 715 0
352: 14 0
353: 715 0
354: 18 0
355: 715 0
356: 22 0
357: 714 0
358: 15 0
359: 714 0
360: 23 0
361: 715 0
362: 25 0
363: 714 0
364: 20 0
365: 714 0
366: 19 0
367: 715 0
368: 16 0
369: 714 0
370: 23 0
371: 714 0
372: 15 0
373: 715 0
374: 19 0
375: 714 0
376: 31 0
377: 714 0
378: 37 0
379: 715 0
380: 21 0
381: 714 0
382: 25 0
383: 715 0
384: 25 0
385: 715 0
386: 21 0
387: 715 0
388: 17 0
389: 715 0
390: 21 0
391: 13 0
392: 715 0
393: 31 0
394: 715 0
395: 31 0
396: 715 0
397: 18 0
398: 715 0
399: 34 0
400: 715 0
401: 21 0
402: 715 0
403: 20 0
404: 715 0
405: 715 0
406: 23 0
407: 715 0
408: 26 0
409: 715 0
410: 23 0
411: 715 0
412: 15 0
413: 715 0
414: 14 0
415: 715 0
416: 21 0
417: 714 0
418: 20 0
419: 715 0
420: 14 0
421: 21 0
422: 715 0
423: 22 0
424: 714 0
425: 17 0
426: 714 0
427: 20 0
428: 716 0
429: 21 0
430: 714 0
431: 27 0
432: 714 0
433: 22 0
434: 716 0
435: 19 0
436: 715 0
437: 29 0
438: 714 0
439: 19 0
440: 715 0
441: 16 0
442: 715 0
443: 17 0
444: 714 0
445: 21 0
446: 715 0
447: 21 0
448: 715 0
449: 25 0
450: 715 0
451: 24 0
452: 714 0
453: 30 0
454: 714 0
455: 21 0
456: 714 0
457: 21 0
458: 714 0
459: 28 0
460: 714 0
461: 19 0
462: 714 0
463: 18 0
464: 714 0
465: 11 0
466: 28 0
467: 714 0
468: 13 0
469: 714 0
470: 16 0
471: 715 0
472: 21 0
473: 714 0
474: 15 0
475: 714 0
476: 28 0
477: 715 0
478: 27 0
479: 714 0
480: 26 0
481: 714 0
482: 29 0
483: 716 0
484: 27 0
485: 714 0
486: 23 0
487: 714 0
488: 17 0
489: 715 0
490: 17 0
491: 714 0
492: 21 0
493: 715 0
494: 19 0
495: 716 0
496: 26 0
497: 715 0
498: 30 0
499: 715 0
500: 21 0
501: 716 0
502: 19 0
503: 715 0
504: 29 0
505: 17 0
506: 29 1
507: 715 1
508: 715 1
509: 24 1
510: 715 1
511: 715 1
512: 100 1
513: 25 1
514: 715 1
515: 715 1
516: 23 1
517: 715 1
518: 61 1
519: 715 1
520: 715 1
521: 715 1
522: 31 1
523: 715 1
524: 715 1
525: 23 1
526: 715 1
527: 715 1
528: 27 1
529: 715 1
530: 715 1
531: 715 1
532: 21 1
533: 714 1
534: 715 1
535: 19 1
536: 714 1
537: 714 1
538: 18 1
539: 714 1
540: 714 1
541: 19 1
542: 714 1
543: 714 1
544: 15 1
545: 715 1
546: 715 1
547: 15 1
548: 715 1
549: 715 1
550: 715 1
551: 20 1
552: 716 1
553: 716 1
554: 17 1
555: 716 1
556: 716 1
557: 23 1
558: 715 1
559: 715 1
560: 641 1
561: 15 1
562: 714 1
563: 24 1
564: 714 1
565: 714 1
566: 714 1
567: 19 1
568: 714 1
569: 714 1
570: 28 1
571: 714 1
572: 714 1
573: 28 1
574: 714 1
575: 714 1
576: 24 1
577: 714 1
578: 714 1
579: 715 1
580: 10 1
581: 714 1
582: 716 1
583: 21 1
584: 714 1
585: 716 1
586: 25 1
587: 714 1
588: 716 1
589: 715 1
590: 29 1
591: 716 1
592: 27 1
593: 715 1
594: 716 1
595: 715 1
596: 15 1
597: 716 1
598: 715 1
599: 27 1
600: 716 1
601: 715 1
602: 715 1
603: 21 1
604: 715 1
605: 715 1
606: 19 0
607: 20 0
608: 14 0
609: 22 0
610: 20 0
611: 22 0
612: 25 0
613: 31 0
614: 28 0
615: 21 0
616: 26 0
617: 25 0
618: 35 0
619: 27 0
620: 27 0
621: 21 0
622: 20 0
623: 27 0
624: 22 0
625: 17 0
626: 23 0
627: 17 0
628: 37 0
629: 21 0
630: 17 0
631: 34 0
632: 21 0
633: 22 0
634: 24 0
635: 15 0
636: 22 0
637: 19 0
638: 26 0
639: 17 0
640: 19 0
641: 25 0
642: 18 0
643: 21 0
644: 714 0
645: 22 0
646: 27 0
647: 23 0
648: 14 0
649: 18 0
650: 19 0
651: 23 0
652: 29 0
653: 25 0
654: 37 0
655: 31 0
656: 714 0
657: 21 0
658: 28 0
659: 21 0
660: 28 0
661: 17 0
662: 18 0
663: 30 0
664: 26 0
665: 17 0
666: 26 0
667: 27 0
668: 24 0
669: 21 0
670: 37 0
671: 28 0
672: 28 0
673: 23 0
674: 23 0
675: 19 0
676: 28 0
677: 23 0
678: 22 0
679: 29 0
680: 34 0
681: 23 0
682: 16 0
683: 23 0
684: 26 0
685: 19 0
686: 25 0
687: 29 0
688: 28 0
689: 22 0
690: 21 0
691: 31 0
692: 23 0
693: 27 0
694: 21 0
695: 27 0
696: 23 0
697: 714 0
698: 26 0
699: 23 0
700: 25 0
701: 29 0
702: 17 0
703: 21 0
704: 33 0
705: 29 0
706: 31 0
707: 29 0
708: 21 0
709: 26 0
710: 19 0
711: 30 0
712: 22 0
713: 30 0
714: 19 0
715: 25 0
716: 29 0
717: 31 0
718: 28 0
719: 32 0
720: 15 0
721: 26 0
722: 27 0
723: 19 0
724: 25 0
725: 29 0
726: 32 0
727: 22 0
728: 24 0
729: 23 0
730: 22 0
731: 19 0
732: 28 0
733: 21 0
734: 16 0
735: 24 0
736: 16 0
737: 23 0
738: 21 0
739: 24 0
740: 24 0
741: 714 0
742: 18 0
743: 19 0
744: 26 0
745: 23 0
746: 29 0
747: 20 0
748: 29 0
749: 23 0
750: 28 0
751: 23 0
752: 23 0
753: 21 0
754: 23 0
755: 15 0
756: 18 0
757: 15 0
758: 15 0
759: 28 0
760: 26 0
761: 22 0
762: 27 0
763: 23 0
764: 20 0
765: 14 0
766: 24 0
767: 25 0
768: 25 0
769: 31 0
770: 25 0
771: 26 0
772: 17 0
773: 20 0
774: 25 0
775: 14 0
776: 16 0
777: 20 0
778: 23 0
779: 20 0
780: 23 0
781: 17 0
782: 715 0
783: 21 0
784: 27 0
785: 27 0
786: 26 0
787: 19 0
788: 25 0
789: 21 0
790: 21 0
791: 26 0
792: 22 0
793: 22 0
794: 20 0
795: 23 0
796: 17 0
797: 16 0
798: 18 0
799: 11 0
800: 9 0
801: 12 0
802: 15 0
803: 13 0
804: 19 0
805: 17 0
806: 18 0
807: 15 0
808: 19 0
809: 715 1
810: 715 1
811: 20 1
812: 715 1
813: 715 1
814: 715 1
815: 21 1
816: 715 1
817: 25 1
818: 715 1
819: 714 1
820: 715 1
821: 23 1
822: 715 1
823: 715 1
824: 11 1
825: 715 1
826: 714 1
827: 15 1
828: 714 1
829: 714 1
830: 27 1
831: 714 1
832: 714 1
833: 23 1
834: 714 1
835: 714 1
836: 714 1
837: 27 1
838: 715 1
839: 22 1
840: 714 1
841: 714 1
842: 715 1
843: 14 1
844: 714 1
845: 715 1
846: 23 1
847: 714 1
848: 714 1
849: 24 1
850: 714 1
851: 714 1
852: 715 1
853: 12 1
854: 714 1
855: 714 1
856: 20 1
857: 714 1
858: 714 1
859: 17 1
860: 714 1
861: 714 1
862: 21 1
863: 714 1
864: 714 1
865: 630 1
866: 18 1
867: 714 1
868: 714 1
869: 17 1
870: 714 1
871: 715 1
872: 19 1
873: 714 1
874: 714 1
875: 29 1
876: 714 1
877: 714 1
878: 714 1
879: 17 1
880: 714 1
881: 715 1
882: 14 1
883: 714 1
884: 714 1
885: 19 1
886: 714 1
887: 714 1
888: 716 1
889: 22 1
890: 714 1
891: 715 1
892: 31 1
893: 714 1
894: 716 1
895: 21 1
896: 715 1
897: 715 1
898: 714 1
899: 19 1
900: 716 1
901: 714 1
902: 24 1
903: 716 1
904: 714 1
905: 18 1
906: 715 1
907: 714 1
908: 714 1
909: 716 1
910: 715 1
911: 714 1
912: 715 1
913: 28 1
914: 80 1
915: 715 1
916: 714 1
917: 16 1
918: 17 1
919: 714 1
920: 714 1
921: 716 1
922: 12 1
923: 715 1
924: 716 1
925: 714 1
926: 714 1
927: 23 1
928: 16 1
929: 714 1
930: 716 1
931: 715 1
932: 27 1
933: 716 1
934: 715 1
935: 716 1
936: 716 1
937: 715 1
938: 17 1
939: 716 1
940: 715 1
941: 715 1
942: 716 1
943: 715 1
944: 22 1
945: 716 1
946: 715 1
947: 715 1
948: 716 1
949: 715 1
950: 23 1
951: 716 1
952: 715 1
953: 715 1
954: 716 1
955: 715 1
956: 28 1
957: 716 1
958: 715 1
959: 715 1
960: 716 1
961: 715 1
962: 25 1
963: 19 1
964: 715 1
965: 715 1
966: 716 1
967: 26 1
968: 717 1
969: 718 1
970: 717 1
971: 717 1
972: 717 1
973: 20 1
974: 717 1
975: 717 1
976: 717 1
977: 717 1
978: 717 1
979: 21 1
980: 717 1
981: 717 1
982: 717 1
983: 717 1
984: 716 1
985: 23 1
986: 289 1
987: 717 1
988: 717 1
989: 717 1
990: 717 1
991: 29 1
992: 717 1
993: 717 1
994: 717 1
995: 717 1
996: 717 1
997: 15 1
998: 13 1
999: 717 1
1000: 717 1
