1: 0 0
2: 0 0
3: 0 0
4: 0 0
5: 0 0
6: 0 0
7: 0 0
8: 0 0
9: 0 0
10: 0 0
11: 0 0
12: 0 0
13: 0 0
14: 0 0
15: 0 0
16: 0 0
17: 0 0
18: 0 0
19: 0 0
20: 0 0
21: 0 0
22: 0 0
23: 0 0
24: 0 0
25: 0 0
26: 0 0
27: 0 0
28: 0 0
29: 0 0
30: 0 0
31: 0 0
32: 0 0
33: 0 0
34: 0 0
35: 0 0
36: 0 0
37: 0 0
38: 0 0
39: 0 0
40: 0 0
41: 0 0
42: 0 0
43: 0 0
44: 0 0
45: 0 0
46: 0 0
47: 0 0
48: 0 0
49: 0 0
50: 0 0
51: 0 0
52: 0 0
53: 0 0
54: 0 0
55: 0 0
56: 0 0
57: 0 0
58: 0 0
59: 0 0
60: 0 0
61: 0 0
62: 0 0
63: 0 0
64: 0 0
65: 0 0
66: 0 0
67: 0 0
68: 0 0
69: 0 0
70: 0 0
71: 0 0
72: 0 0
73: 0 0
74: 0 0
75: 0 0
76: 0 0
77: 0 0
78: 0 0
79: 0 0
80: 0 0
81: 0 0
82: 0 0
83: 0 0
84: 0 0
85: 0 0
86: 0 0
87: 0 0
88: 0 0
89: 0 0
90: 0 0
91: 0 0
92: 0 0
93: 0 0
94: 0 0
95: 0 0
96: 0 0
97: 0 0
98: 0 0
99: 0 0
100: 0 0
101: 0 0
102: 0 0
103: 0 0
104: 0 0
105: 0 0
106: 0 0
107: 0 1
108: 0 1
109: 0 1
110: 0 1
111: 0 1
112: 0 1
113: 0 1
114: 0 1
115: 0 1
116: 0 1
117: 0 1
118: 0 1
119: 0 1
120: 0 1
121: 0 1
122: 0 1
123: 0 1
124: 0 1
125: 0 1
126: 0 1
127: 0 1
128: 0 1
129: 0 1
130: 0 1
131: 0 1
132: 0 1
133: 0 1
134: 0 1
135: 0 1
136: 0 1
137: 0 1
138: 0 1
139: 0 1
140: 0 1
141: 0 1
142: 0 1
143: 0 1
144: 0 1
145: 0 1
146: 0 1
147: 0 1
148: 0 1
149: 0 1
150: 0 1
151: 0 1
152: 0 1
153: 0 1
154: 0 1
155: 0 1
156: 0 1
157: 0 1
158: 0 1
159: 0 1
160: 0 1
161: 0 1
162: 0 1
163: 0 1
164: 0 1
165: 0 1
166: 0 1
167: 0 1
168: 0 1
169: 0 1
170: 0 1
171: 0 1
172: 0 1
173: 0 1
174: 0 1
175: 0 1
176: 0 1
177: 0 1
178: 0 1
179: 0 1
180: 0 1
181: 0 1
182: 0 1
183: 0 1
184: 0 1
185: 0 1
186: 0 1
187: 0 1
188: 0 1
189: 0 1
190: 0 1
191: 0 1
192: 0 1
193: 0 1
194: 0 1
195: 0 1
196: 0 1
197: 0 1
198: 0 1
199: 0 1
200: 0 1
201: 0 1
202: 0 1
203: 0 1
204: 0 1
205: 0 1
206: 0 1
207: 0 1
208: 0 1
209: 0 1
210: 0 1
211: 0 1
212: 0 1
213: 0 1
214: 0 1
215: 0 1
216: 0 1
217: 0 1
218: 0 1
219: 0 1
220: 0 1
221: 0 1
222: 0 1
223: 0 1
224: 0 1
225: 0 1
226: 0 1
227: 0 1
228: 0 1
229: 0 1
230: 0 1
231: 0 1
232: 0 1
233: 0 1
234: 0 1
235: 0 1
236: 0 1
237: 0 1
238: 0 1
239: 0 1
240: 0 1
241: 0 1
242: 0 1
243: 0 1
244: 0 1
245: 0 1
246: 0 1
247: 0 1
248: 0 1
249: 0 1
250: 0 1
251: 0 1
252: 0 1
253: 0 1
254: 0 1
255: 0 1
256: 0 1
257: 0 1
258: 0 1
259: 0 1
260: 0 1
261: 0 1
262: 0 1
263: 0 1
264: 0 1
265: 0 1
266: 0 1
267: 0 1
268: 0 1
269: 0 1
270: 0 1
271: 0 1
272: 0 1
273: 0 1
274: 0 1
275: 0 1
276: 0 1
277: 0 1
278: 0 1
279: 0 1
280: 0 1
281: 0 1
282: 0 1
283: 0 1
284: 0 1
285: 0 1
286: 0 1
287: 0 1
288: 0 1
289: 0 1
290: 0 1
291: 0 1
292: 0 1
293: 0 1
294: 0 1
295: 0 1
296: 0 1
297: 0 1
298: 0 1
299: 0 1
300: 0 1
301: 0 1
302: 0 1
303: 0 1
304: 0 1
305: 0 1
306: 0 1
307: 0 1
308: 0 1
309: 0 1
310: 0 1
311: 0 1
312: 0 1
313: 0 1
314: 0 1
315: 0 0
316: 0 0
317: 0 0
318: 0 0
319: 0 0
320: 0 0
321: 0 0
322: 0 0
323: 0 0
324: 0 0
325: 0 0
326: 0 0
327: 0 0
328: 0 0
329: 0 0
330: 0 0
331: 0 0
332: 0 0
333: 0 0
334: 0 0
335: 0 0
336: 0 0
337: 0 0
338: 0 0
339: 0 0
340: 0 0
341: 0 0
342: 0 0
343: 0 0
344: 0 0
345: 0 0
346: 0 0
347: 0 0
348: 0 0
349: 0 0
350: 0 0
351: 0 0
352: 0 0
353: 0 0
354: 0 0
355: 0 0
356: 0 0
357: 0 0
358: 0 0
359: 0 0
360: 0 0
361: 0 0
362: 0 0
363: 0 0
364: 0 0
365: 0 0
366: 0 0
367: 0 0
368: 0 0
369: 0 0
370: 0 0
371: 0 0
372: 0 0
373: 0 0
374: 0 0
375: 0 0
376: 0 0
377: 0 0
378: 0 0
379: 0 0
380: 0 0
381: 0 0
382: 0 0
383: 0 0
384: 0 0
385: 0 0
386: 0 0
387: 0 0
388: 0 0
389: 0 0
390: 0 0
391: 0 0
392: 0 0
393: 0 0
394: 0 0
395: 0 0
396: 0 0
397: 0 0
398: 0 0
399: 0 0
400: 0 0
401: 0 0
402: 0 0
403: 0 0
404: 0 0
405: 0 0
406: 0 0
407: 0 0
408: 0 0
409: 0 0
410: 0 0
411: 0 0
412: 0 0
413: 0 0
414: 0 0
415: 0 0
416: 0 0
417: 0 0
418: 0 0
419: 0 0
420: 0 0
421: 0 0
422: 0 1
423: 0 1
424: 0 1
425: 0 1
426: 0 1
427: 0 1
428: 0 1
429: 0 1
430: 0 1
431: 0 1
432: 0 1
433: 0 1
434: 0 1
435: 0 1
436: 0 1
437: 0 1
438: 0 1
439: 0 1
440: 0 1
441: 0 1
442: 0 1
443: 0 1
444: 0 1
445: 0 1
446: 0 1
447: 0 1
448: 0 1
449: 0 1
450: 0 1
451: 0 1
452: 0 1
453: 0 1
454: 0 1
455: 0 1
456: 0 1
457: 0 1
458: 0 1
459: 0 1
460: 0 1
461: 0 1
462: 0 1
463: 0 1
464: 0 1
465: 0 1
466: 0 1
467: 0 1
468: 0 1
469: 0 1
470: 0 1
471: 0 1
472: 0 1
473: 0 1
474: 0 1
475: 0 1
476: 0 1
477: 0 1
478: 0 1
479: 0 1
480: 0 1
481: 0 1
482: 0 1
483: 0 1
484: 0 1
485: 0 1
486: 0 1
487: 0 1
488: 0 1
489: 0 1
490: 0 1
491: 0 1
492: 0 1
493: 0 1
494: 0 1
495: 0 1
496: 0 1
497: 0 1
498: 0 1
499: 0 1
500: 0 1
501: 0 1
502: 0 1
503: 0 1
504: 0 1
505: 0 1
506: 0 1
507: 0 1
508: 0 1
509: 0 1
510: 0 1
511: 0 1
512: 0 1
513: 0 1
514: 0 1
515: 0 1
516: 0 1
517: 0 1
518: 0 1
519: 0 1
520: 0 1
521: 0 1
522: 0 1
523: 0 1
524: 0 1
525: 0 1
526: 0 0
527: 0 0
528: 0 0
529: 0 0
530: 0 0
531: 0 0
532: 0 0
533: 0 0
534: 0 0
535: 0 0
536: 0 0
537: 0 0
538: 0 0
539: 0 0
540: 0 0
541: 0 0
542: 0 0
543: 0 0
544: 0 0
545: 0 0
546: 0 0
547: 0 0
548: 0 0
549: 0 0
550: 0 0
551: 0 0
552: 0 0
553: 0 0
554: 0 0
555: 0 0
556: 0 0
557: 0 0
558: 0 0
559: 0 0
560: 0 0
561: 0 0
562: 0 0
563: 0 0
564: 0 0
565: 0 0
566: 0 0
567: 0 0
568: 0 0
569: 0 0
570: 0 0
571: 0 0
572: 0 0
573: 0 0
574: 0 0
575: 0 0
576: 0 0
577: 0 0
578: 0 0
579: 0 0
580: 0 0
581: 0 0
582: 0 0
583: 0 0
584: 0 0
585: 0 0
586: 0 0
587: 0 0
588: 0 0
589: 0 0
590: 0 0
591: 0 0
592: 0 0
593: 0 0
594: 0 0
595: 0 0
596: 0 0
597: 0 0
598: 0 0
599: 0 0
600: 0 0
601: 0 0
602: 0 0
603: 0 0
604: 0 0
605: 0 0
606: 0 0
607: 0 0
608: 0 0
609: 0 0
610: 0 0
611: 0 0
612: 0 0
613: 0 0
614: 0 0
615: 0 0
616: 0 0
617: 0 0
618: 0 0
619: 0 0
620: 0 0
621: 0 0
622: 0 0
623: 0 0
624: 0 0
625: 0 0
626: 0 0
627: 0 0
628: 0 0
629: 0 1
630: 0 1
631: 0 1
632: 0 1
633: 0 1
634: 0 1
635: 0 1
636: 0 1
637: 0 1
638: 0 1
639: 0 1
640: 0 1
641: 0 1
642: 0 1
643: 0 1
644: 0 1
645: 0 1
646: 0 1
647: 0 1
648: 0 1
649: 0 1
650: 0 1
651: 0 1
652: 0 1
653: 0 1
654: 0 1
655: 0 1
656: 0 1
657: 0 1
658: 0 1
659: 0 1
660: 0 1
661: 0 1
662: 0 1
663: 0 1
664: 0 1
665: 0 1
666: 0 1
667: 0 1
668: 0 1
669: 0 1
670: 0 1
671: 0 1
672: 0 1
673: 0 1
674: 0 1
675: 0 1
676: 0 1
677: 0 1
678: 0 1
679: 0 1
680: 0 1
681: 0 1
682: 0 1
683: 0 1
684: 0 1
685: 0 1
686: 0 1
687: 0 1
688: 0 1
689: 0 1
690: 0 1
691: 0 1
692: 0 1
693: 0 1
694: 0 1
695: 0 1
696: 0 1
697: 0 1
698: 0 1
699: 0 1
700: 0 1
701: 0 1
702: 0 1
703: 0 1
704: 0 1
705: 0 1
706: 0 1
707: 0 1
708: 0 1
709: 0 1
710: 0 1
711: 0 1
712: 0 1
713: 0 1
714: 0 1
715: 0 1
716: 0 1
717: 0 1
718: 0 1
719: 0 1
720: 0 1
721: 0 1
722: 0 1
723: 0 1
724: 0 1
725: 0 1
726: 0 1
727: 0 1
728: 0 1
729: 0 1
730: 0 1
731: 0 1
732: 0 1
733: 0 0
734: 0 0
735: 0 0
736: 0 0
737: 0 0
738: 0 0
739: 0 0
740: 0 0
741: 0 0
742: 0 0
743: 0 0
744: 0 0
745: 0 0
746: 0 0
747: 0 0
748: 0 0
749: 0 0
750: 0 0
751: 0 0
752: 0 0
753: 0 0
754: 0 0
755: 0 0
756: 0 0
757: 0 0
758: 0 0
759: 0 0
760: 0 0
761: 0 0
762: 0 0
763: 0 0
764: 0 0
765: 0 0
766: 0 0
767: 0 0
768: 0 0
769: 0 0
770: 0 0
771: 0 0
772: 0 0
773: 0 0
774: 0 0
775: 0 0
776: 0 0
777: 0 0
778: 0 0
779: 0 0
780: 0 0
781: 0 0
782: 0 0
783: 0 0
784: 0 0
785: 0 0
786: 0 0
787: 0 0
788: 0 0
789: 0 0
790: 0 0
791: 0 0
792: 0 0
793: 0 0
794: 0 0
795: 0 0
796: 0 0
797: 0 0
798: 0 0
799: 0 0
800: 0 0
801: 0 0
802: 0 0
803: 0 0
804: 0 0
805: 0 0
806: 0 0
807: 0 0
808: 0 0
809: 0 0
810: 0 0
811: 0 0
812: 0 0
813: 0 0
814: 0 0
815: 0 0
816: 0 0
817: 0 0
818: 0 0
819: 0 0
820: 0 0
821: 0 0
822: 0 0
823: 0 0
824: 0 0
825: 0 0
826: 0 0
827: 0 0
828: 0 0
829: 0 0
830: 0 0
831: 0 0
832: 0 0
833: 0 0
834: 0 0
835: 0 0
836: 0 0
837: 0 0
838: 0 0
839: 0 0
840: 0 0
841: 0 0
842: 0 0
843: 0 0
844: 0 0
845: 0 0
846: 0 0
847: 0 0
848: 0 0
849: 0 0
850: 0 0
851: 0 0
852: 0 0
853: 0 0
854: 0 0
855: 0 0
856: 0 0
857: 0 0
858: 0 0
859: 0 0
860: 0 0
861: 0 0
862: 0 0
863: 0 0
864: 0 0
865: 0 0
866: 0 0
867: 0 0
868: 0 0
869: 0 0
870: 0 0
871: 0 0
872: 0 0
873: 0 0
874: 0 0
875: 0 0
876: 0 0
877: 0 0
878: 0 0
879: 0 0
880: 0 0
881: 0 0
882: 0 0
883: 0 0
884: 0 0
885: 0 0
886: 0 0
887: 0 0
888: 0 0
889: 0 0
890: 0 0
891: 0 0
892: 0 0
893: 0 0
894: 0 0
895: 0 0
896: 0 0
897: 0 0
898: 0 0
899: 0 0
900: 0 0
901: 0 0
902: 0 0
903: 0 0
904: 0 0
905: 0 0
906: 0 0
907: 0 0
908: 0 0
909: 0 0
910: 0 0
911: 0 0
912: 0 0
913: 0 0
914: 0 0
915: 0 0
916: 0 0
917: 0 0
918: 0 0
919: 0 0
920: 0 0
921: 0 0
922: 0 0
923: 0 0
924: 0 0
925: 0 0
926: 0 0
927: 0 0
928: 0 0
929: 0 0
930: 0 0
931: 0 0
932: 0 0
933: 0 0
934: 0 0
935: 0 0
936: 0 0
937: 0 0
938: 0 0
939: 0 0
940: 0 1
941: 0 1
942: 0 1
943: 0 1
944: 0 1
945: 0 1
946: 0 1
947: 0 1
948: 0 1
949: 0 1
950: 0 1
951: 0 1
952: 0 1
953: 0 1
954: 0 1
955: 0 1
956: 0 1
957: 0 1
958: 0 1
959: 0 1
960: 0 1
961: 0 1
962: 0 1
963: 0 1
964: 0 1
965: 0 1
966: 0 1
967: 0 1
968: 0 1
969: 0 1
970: 0 1
971: 0 1
972: 0 1
973: 0 1
974: 0 1
975: 0 1
976: 0 1
977: 0 1
978: 0 1
979: 0 1
980: 0 1
981: 0 1
982: 0 1
983: 0 1
984: 0 1
985: 0 1
986: 0 1
987: 0 1
988: 0 1
989: 0 1
990: 0 1
991: 0 1
992: 0 1
993: 0 1
994: 0 1
995: 0 1
996: 0 1
997: 0 1
998: 0 1
999: 0 1
1000: 0 1
