1: 60 0
2: 715 0
3: 71 0
4: 715 0
5: 66 0
6: 63 0
7: 715 0
8: 71 0
9: 715 0
10: 716 0
11: 74 0
12: 718 0
13: 52 0
14: 717 0
15: 55 0
16: 718 0
17: 44 0
18: 56 0
19: 716 0
20: 60 0
21: 715 0
22: 50 0
23: 715 0
24: 61 0
25: 54 0
26: 715 0
27: 53 0
28: 715 0
29: 53 0
30: 715 0
31: 58 0
32: 59 0
33: 718 0
34: 56 0
35: 715 0
36: 42 0
37: 715 0
38: 52 0
39: 49 0
40: 715 0
41: 41 0
42: 715 0
43: 42 0
44: 715 0
45: 49 0
46: 52 0
47: 715 0
48: 53 0
49: 715 0
50: 50 0
51: 715 0
52: 50 0
53: 45 0
54: 715 0
55: 58 0
56: 715 0
57: 58 0
58: 715 0
59: 59 0
60: 704 0
61: 715 0
62: 57 0
63: 715 0
64: 51 0
65: 715 0
66: 54 0
67: 715 0
68: 58 0
69: 56 0
70: 715 0
71: 49 0
72: 715 0
73: 40 0
74: 715 0
75: 56 0
76: 50 0
77: 715 0
78: 53 0
79: 715 0
80: 56 0
81: 715 0
82: 47 0
83: 53 0
84: 715 0
85: 52 0
86: 715 0
87: 42 0
88: 715 0
89: 51 0
90: 47 0
91: 715 0
92: 50 0
93: 715 0
94: 48 0
95: 715 0
96: 58 0
97: 64 0
98: 715 0
99: 63 0
100: 715 0
101: 59 0
102: 715 0
103: 55 0
104: 57 1
105: 716 1
106: 684 1
107: 52 1
108: 715 1
109: 715 1
110: 57 1
111: 715 1
112: 715 1
113: 61 1
114: 715 1
115: 715 1
116: 48 1
117: 715 1
118: 715 1
119: 715 1
120: 41 1
121: 715 1
122: 715 1
123: 48 1
124: 715 1
125: 715 1
126: 51 1
127: 715 1
128: 715 1
129: 715 1
130: 44 1
131: 715 1
132: 715 1
133: 57 1
134: 715 1
135: 715 1
136: 61 1
137: 715 1
138: 715 1
139: 715 1
140: 51 1
141: 715 1
142: 715 1
143: 44 1
144: 715 1
145: 715 1
146: 47 1
147: 715 1
148: 715 1
149: 715 1
150: 49 1
151: 715 1
152: 535 1
153: 51 1
154: 715 1
155: 715 1
156: 46 1
157: 715 1
158: 715 1
159: 47 1
160: 715 1
161: 715 1
162: 43 1
163: 715 1
164: 715 1
165: 715 1
166: 43 1
167: 715 1
168: 715 1
169: 55 1
170: 715 1
171: 715 1
172: 55 1
173: 715 1
174: 716 1
175: 50 1
176: 715 1
177: 715 1
178: 49 1
179: 715 1
180: 715 1
181: 54 1
182: 716 1
183: 715 1
184: 49 1
185: 715 1
186: 715 1
187: 442 1
188: 37 1
189: 715 1
190: 41 1
191: 715 1
192: 715 1
193: 600 1
194: 47 1
195: 715 1
196: 715 1
197: 48 1
198: 715 1
199: 715 1
200: 49 1
201: 715 1
202: 716 1
203: 55 1
204: 53 1
205: 714 1
206: 55 1
207: 715 1
208: 715 1
209: 40 1
210: 717 1
211: 715 1
212: 715 1
213: 40 1
214: 716 1
215: 715 1
216: 55 1
217: 715 1
218: 716 1
219: 33 1
220: 715 1
221: 715 1
222: 715 1
223: 48 1
224: 715 1
225: 715 1
226: 55 1
227: 715 1
228: 715 1
229: 58 1
230: 716 1
231: 715 1
232: 716 1
233: 51 1
234: 715 1
235: 715 1
236: 42 1
237: 715 1
238: 715 1
239: 53 1
240: 715 1
241: 715 1
242: 51 1
243: 715 1
244: 715 1
245: 41 1
246: 715 1
247: 715 1
248: 45 1
249: 715 1
250: 715 1
251: 53 1
252: 715 1
253: 715 1
254: 468 1
255: 53 1
256: 715 1
257: 51 1
258: 715 1
259: 716 1
260: 556 1
261: 45 1
262: 715 1
263: 715 1
264: 53 1
265: 715 1
266: 646 1
267: 54 1
268: 715 1
269: 715 1
270: 51 1
271: 715 1
272: 715 1
273: 44 1
274: 716 1
275: 715 1
276: 52 1
277: 715 1
278: 715 1
279: 715 1
280: 47 1
281: 715 1
282: 717 1
283: 59 1
284: 718 1
285: 715 1
286: 59 1
287: 715 1
288: 715 1
289: 513 1
290: 58 1
291: 715 1
292: 715 1
293: 50 1
294: 716 1
295: 715 1
296: 51 1
297: 716 1
298: 715 1
299: 61 1
300: 715 1
301: 715 1
302: 51 1
303: 715 1
304: 715 1
305: 716 1
306: 715 1
307: 60 1
308: 715 1
309: 715 1
310: 342 1
311: 59 1
312: 715 1
313: 55 1
314: 715 1
315: 715 1
316: 715 1
317: 49 1
318: 715 1
319: 715 1
320: 57 1
321: 715 1
322: 715 1
323: 50 1
324: 715 1
325: 715 1
326: 715 1
327: 51 1
328: 715 1
329: 715 1
330: 55 1
331: 715 1
332: 715 1
333: 59 1
334: 715 1
335: 715 1
336: 47 1
337: 715 1
338: 715 1
339: 449 1
340: 45 1
341: 715 1
342: 53 1
343: 715 1
344: 715 1
345: 379 1
346: 55 1
347: 715 1
348: 715 1
349: 47 1
350: 715 1
351: 512 1
352: 48 1
353: 715 1
354: 715 1
355: 50 1
356: 715 1
357: 715 1
358: 55 1
359: 715 1
360: 715 1
361: 61 1
362: 715 1
363: 715 1
364: 715 1
365: 54 1
366: 715 1
367: 60 1
368: 715 1
369: 718 1
370: 715 1
371: 57 1
372: 715 1
373: 715 1
374: 42 1
375: 715 1
376: 715 1
377: 59 1
378: 715 1
379: 715 1
380: 482 1
381: 65 1
382: 715 1
383: 716 1
384: 49 1
385: 716 1
386: 715 1
387: 55 1
388: 715 1
389: 715 1
390: 50 1
391: 715 1
392: 715 1
393: 714 1
394: 53 1
395: 715 1
396: 47 1
397: 714 1
398: 715 1
399: 714 1
400: 57 1
401: 715 1
402: 714 1
403: 269 1
404: 41 1
405: 714 1
406: 714 1
407: 262 1
408: 61 1
409: 714 1
410: 716 1
411: 50 1
412: 714 1
413: 716 1
414: 58 1
415: 714 1
416: 716 1
417: 55 1
418: 714 1
419: 716 1
420: 714 1
421: 51 1
422: 716 1
423: 715 1
424: 55 1
425: 716 1
426: 714 1
427: 48 1
428: 716 1
429: 714 1
430: 58 1
431: 715 1
432: 714 1
433: 714 1
434: 55 1
435: 715 1
436: 179 1
437: 55 1
438: 714 1
439: 714 1
440: 63 1
441: 714 1
442: 714 1
443: 57 1
444: 714 1
445: 715 1
446: 42 1
447: 714 1
448: 714 1
449: 40 1
450: 714 1
451: 714 1
452: 47 1
453: 715 1
454: 714 1
455: 45 1
456: 714 1
457: 714 1
458: 715 1
459: 41 1
460: 715 1
461: 716 1
462: 50 1
463: 715 1
464: 716 1
465: 51 1
466: 715 1
467: 716 1
468: 32 1
469: 715 1
470: 716 1
471: 39 1
472: 715 1
473: 716 1
474: 715 1
475: 44 1
476: 716 1
477: 715 1
478: 35 1
479: 716 1
480: 715 1
481: 35 1
482: 716 1
483: 715 1
484: 582 1
485: 42 1
486: 715 1
487: 715 1
488: 55 1
489: 715 1
490: 715 1
491: 43 1
492: 715 1
493: 715 1
494: 716 1
495: 48 1
496: 715 1
497: 716 1
498: 54 1
499: 715 1
500: 716 1
501: 59 1
502: 715 1
503: 715 1
504: 714 1
505: 714 0
506: 54 0
507: 714 0
508: 52 0
509: 715 0
510: 50 0
511: 714 0
512: 41 0
513: 714 0
514: 53 0
515: 52 0
516: 714 0
517: 44 0
518: 716 0
519: 48 0
520: 715 0
521: 41 0
522: 715 0
523: 55 0
524: 714 0
525: 54 0
526: 714 0
527: 57 0
528: 714 0
529: 45 0
530: 714 0
531: 50 0
532: 715 0
533: 58 0
534: 714 0
535: 53 0
536: 715 0
537: 45 0
538: 714 0
539: 50 0
540: 715 0
541: 48 0
542: 714 0
543: 51 0
544: 714 0
545: 52 0
546: 714 0
547: 58 0
548: 715 0
549: 60 0
550: 714 0
551: 39 0
552: 715 0
553: 40 0
554: 715 0
555: 53 0
556: 714 0
557: 60 0
558: 187 0
559: 61 0
560: 58 0
561: 716 0
562: 45 0
563: 715 0
564: 46 0
565: 715 0
566: 52 0
567: 716 0
568: 48 0
569: 715 0
570: 58 0
571: 715 0
572: 55 0
573: 716 0
574: 49 0
575: 715 0
576: 48 0
577: 714 0
578: 56 0
579: 716 0
580: 53 0
581: 715 0
582: 54 0
583: 715 0
584: 47 0
585: 715 0
586: 37 0
587: 714 0
588: 50 0
589: 715 0
590: 54 0
591: 715 0
592: 58 0
593: 715 0
594: 54 0
595: 714 0
596: 43 0
597: 715 0
598: 52 0
599: 715 0
600: 56 0
601: 715 0
602: 57 0
603: 60 0
604: 715 0
605: 715 0
606: 49 0
607: 715 0
608: 35 0
609: 715 0
610: 52 0
611: 714 0
612: 56 0
613: 714 0
614: 53 0
615: 46 0
616: 715 0
617: 55 0
618: 714 0
619: 51 0
620: 714 0
621: 49 0
622: 715 0
623: 56 0
624: 714 0
625: 51 0
626: 714 0
627: 52 0
628: 716 0
629: 42 0
630: 714 0
631: 44 0
632: 714 0
633: 46 0
634: 715 0
635: 48 0
636: 714 0
637: 63 0
638: 715 0
639: 62 0
640: 715 0
641: 63 0
642: 714 0
643: 61 0
644: 714 0
645: 49 0
646: 714 0
647: 53 0
648: 714 0
649: 49 0
650: 715 0
651: 52 0
652: 715 0
653: 56 0
654: 715 0
655: 51 0
656: 715 0
657: 48 0
658: 716 0
659: 48 0
660: 43 0
661: 716 0
662: 49 0
663: 715 0
664: 55 0
665: 717 0
666: 48 0
667: 716 0
668: 59 0
669: 715 0
670: 43 0
671: 717 0
672: 46 0
673: 715 0
674: 47 0
675: 714 0
676: 57 0
677: 715 0
678: 52 0
679: 714 0
680: 44 0
681: 714 0
682: 45 0
683: 714 0
684: 51 0
685: 715 0
686: 55 0
687: 714 0
688: 51 0
689: 716 0
690: 47 0
691: 715 0
692: 46 0
693: 714 0
694: 46 0
695: 715 0
696: 47 0
697: 714 0
698: 39 0
699: 714 0
700: 35 0
701: 716 0
702: 41 0
703: 714 0
704: 43 0
705: 43 0
706: 714 0
707: 61 0
708: 715 0
709: 59 0
710: 715 0
711: 49 0
712: 715 0
713: 45 0
714: 714 0
715: 52 0
716: 715 0
717: 46 0
718: 714 0
719: 44 0
720: 714 0
721: 43 0
722: 714 0
723: 49 0
724: 714 0
725: 54 0
726: 715 0
727: 52 0
728: 714 0
729: 51 0
730: 715 0
731: 54 0
732: 714 0
733: 33 0
734: 714 0
735: 57 0
736: 714 0
737: 47 0
738: 715 0
739: 50 0
740: 714 0
741: 36 0
742: 715 0
743: 49 0
744: 715 0
745: 49 0
746: 49 0
747: 716 0
748: 47 0
749: 715 0
750: 56 0
751: 715 0
752: 42 0
753: 716 0
754: 62 0
755: 715 0
756: 49 0
757: 715 0
758: 47 0
759: 716 0
760: 55 0
761: 715 0
762: 50 0
763: 715 0
764: 44 0
765: 715 0
766: 51 0
767: 715 0
768: 52 0
769: 715 0
770: 47 0
771: 715 0
772: 56 0
773: 715 0
774: 51 0
775: 715 0
776: 47 0
777: 715 0
778: 57 0
779: 715 0
780: 44 0
781: 715 0
782: 48 0
783: 715 0
784: 51 0
785: 715 0
786: 53 0
787: 715 0
788: 51 0
789: 45 0
790: 715 0
791: 45 0
792: 715 0
793: 54 0
794: 715 0
795: 47 0
796: 715 0
797: 42 0
798: 715 0
799: 43 0
800: 715 0
801: 47 0
802: 716 0
803: 52 0
804: 714 0
805: 55 0
806: 49 0
807: 714 0
808: 51 0
809: 714 0
810: 57 0
811: 716 0
812: 49 0
813: 714 0
814: 48 0
815: 714 0
816: 52 0
817: 715 0
818: 53 0
819: 715 0
820: 56 0
821: 714 0
822: 52 0
823: 714 0
824: 37 0
825: 714 0
826: 52 0
827: 714 0
828: 48 0
829: 715 0
830: 49 0
831: 714 0
832: 43 0
833: 714 0
834: 55 0
835: 714 0
836: 53 0
837: 714 0
838: 48 0
839: 714 0
840: 56 0
841: 42 0
842: 715 0
843: 38 0
844: 714 0
845: 35 0
846: 715 0
847: 45 0
848: 714 0
849: 37 0
850: 714 0
851: 43 0
852: 714 0
853: 35 0
854: 715 0
855: 37 0
856: 714 0
857: 52 0
858: 715 0
859: 49 0
860: 715 0
861: 48 0
862: 715 0
863: 44 0
864: 714 0
865: 53 0
866: 715 0
867: 54 0
868: 714 0
869: 56 0
870: 714 0
871: 47 0
872: 715 0
873: 45 0
874: 714 0
875: 56 0
876: 714 0
877: 61 0
878: 715 0
879: 45 0
880: 714 0
881: 57 0
882: 714 0
883: 47 0
884: 46 0
885: 715 0
886: 39 0
887: 714 0
888: 43 0
889: 714 0
890: 52 0
891: 714 0
892: 46 0
893: 714 0
894: 60 0
895: 715 0
896: 65 0
897: 715 0
898: 49 0
899: 714 0
900: 47 0
901: 714 0
902: 49 0
903: 714 0
904: 57 0
905: 715 0
906: 49 0
907: 52 1
908: 715 1
909: 715 1
910: 47 1
911: 714 1
912: 715 1
913: 48 1
914: 715 1
915: 714 1
916: 714 1
917: 46 1
918: 715 1
919: 714 1
920: 47 1
921: 714 1
922: 715 1
923: 50 1
924: 715 1
925: 714 1
926: 714 1
927: 55 1
928: 714 1
929: 714 1
930: 39 1
931: 714 1
932: 714 1
933: 51 1
934: 714 1
935: 714 1
936: 323 1
937: 57 1
938: 715 1
939: 58 1
940: 715 1
941: 715 1
942: 212 1
943: 49 1
944: 715 1
945: 715 1
946: 53 1
947: 715 1
948: 715 1
949: 47 1
950: 715 1
951: 715 1
952: 49 1
953: 715 1
954: 715 1
955: 53 1
956: 715 1
957: 715 1
958: 53 1
959: 715 1
960: 715 1
961: 51 1
962: 715 1
963: 715 1
964: 51 1
965: 715 1
966: 715 1
967: 715 1
968: 51 1
969: 715 1
970: 55 1
971: 715 1
972: 715 1
973: 715 1
974: 47 1
975: 715 1
976: 715 1
977: 45 1
978: 715 1
979: 715 1
980: 50 1
981: 715 1
982: 715 1
983: 715 1
984: 47 1
985: 715 1
986: 716 1
987: 51 1
988: 716 1
989: 716 1
990: 49 1
991: 715 1
992: 715 1
993: 35 1
994: 715 1
995: 715 1
996: 715 1
997: 49 1
998: 715 1
999: 715 1
1000: 715 1
