1: 186 1
2: 673 1
3: 715 1
4: 714 1
5: 714 1
6: 715 1
7: 715 1
8: 714 1
9: 713 1
10: 715 1
11: 70 1
12: 715 1
13: 70 1
14: 76 1
15: 69 1
16: 75 1
17: 715 1
18: 68 1
19: 67 1
20: 68 1
21: 716 1
22: 68 1
23: 69 1
24: 69 1
25: 715 1
26: 62 1
27: 70 1
28: 71 1
29: 65 1
30: 715 1
31: 80 1
32: 70 1
33: 86 1
34: 68 1
35: 715 1
36: 66 1
37: 68 1
38: 78 1
39: 709 1
40: 61 1
41: 75 1
42: 63 1
43: 66 1
44: 714 1
45: 70 1
46: 64 1
47: 71 1
48: 714 1
49: 72 1
50: 66 1
51: 67 1
52: 714 1
53: 72 1
54: 68 1
55: 70 1
56: 73 1
57: 715 1
58: 73 1
59: 57 1
60: 77 1
61: 68 1
62: 715 1
63: 69 1
64: 77 1
65: 67 1
66: 63 1
67: 715 1
68: 69 1
69: 63 1
70: 70 1
71: 714 1
72: 65 1
73: 68 1
74: 73 1
75: 76 1
76: 714 1
77: 74 1
78: 77 1
79: 69 1
80: 715 1
81: 71 1
82: 68 1
83: 74 1
84: 67 1
85: 715 1
86: 70 1
87: 81 1
88: 71 1
89: 689 1
90: 108 1
91: 714 1
92: 77 1
93: 73 1
94: 82 1
95: 714 1
96: 82 1
97: 75 1
98: 73 1
99: 83 1
100: 715 1
101: 71 1
102: 714 1
103: 715 1
104: 714 1
105: 71 1
106: 715 0
107: 80 0
108: 714 0
109: 74 0
110: 714 0
111: 80 0
112: 715 0
113: 73 0
114: 78 0
115: 716 0
116: 73 0
117: 714 0
118: 64 0
119: 714 0
120: 72 0
121: 715 0
122: 73 0
123: 714 0
124: 71 0
125: 714 0
126: 70 0
127: 714 0
128: 73 0
129: 714 0
130: 76 0
131: 714 0
132: 67 0
133: 714 0
134: 80 0
135: 714 0
136: 72 0
137: 715 0
138: 82 0
139: 714 0
140: 83 0
141: 715 0
142: 75 0
143: 714 0
144: 73 0
145: 714 0
146: 64 0
147: 715 0
148: 87 0
149: 714 0
150: 75 0
151: 714 0
152: 79 0
153: 714 0
154: 73 0
155: 715 0
156: 78 0
157: 401 0
158: 65 0
159: 66 0
160: 715 0
161: 69 0
162: 715 0
163: 71 0
164: 715 0
165: 67 0
166: 715 0
167: 65 0
168: 714 0
169: 73 0
170: 716 0
171: 72 0
172: 715 0
173: 64 0
174: 714 0
175: 73 0
176: 716 0
177: 69 0
178: 714 0
179: 68 0
180: 714 0
181: 62 0
182: 716 0
183: 69 0
184: 714 0
185: 71 0
186: 714 0
187: 73 0
188: 714 0
189: 65 0
190: 714 0
191: 70 0
192: 714 0
193: 64 0
194: 714 0
195: 74 0
196: 714 0
197: 71 0
198: 714 0
199: 63 0
200: 714 0
201: 71 0
202: 71 0
203: 715 0
204: 75 0
205: 714 0
206: 65 0
207: 68 0
208: 52 0
209: 715 0
210: 67 0
211: 714 0
212: 61 0
213: 715 0
214: 60 0
215: 714 0
216: 61 0
217: 714 0
218: 67 0
219: 715 0
220: 69 0
221: 714 0
222: 69 0
223: 714 0
224: 67 0
225: 715 0
226: 67 0
227: 714 0
228: 75 0
229: 714 0
230: 69 0
231: 715 0
232: 74 0
233: 714 0
234: 75 0
235: 714 0
236: 78 0
237: 716 0
238: 78 0
239: 714 0
240: 69 0
241: 714 0
242: 62 0
243: 714 0
244: 67 0
245: 714 0
246: 57 0
247: 714 0
248: 67 0
249: 714 0
250: 65 0
251: 714 0
252: 73 0
253: 69 0
254: 715 0
255: 65 0
256: 715 0
257: 65 0
258: 715 0
259: 75 0
260: 715 0
261: 64 0
262: 715 0
263: 73 0
264: 715 0
265: 69 0
266: 714 0
267: 75 0
268: 715 0
269: 69 0
270: 715 0
271: 76 0
272: 715 0
273: 69 0
274: 716 0
275: 69 0
276: 715 0
277: 68 0
278: 715 0
279: 74 0
280: 716 0
281: 72 0
282: 715 0
283: 79 0
284: 715 0
285: 79 0
286: 716 0
287: 64 0
288: 715 0
289: 67 0
290: 715 0
291: 64 0
292: 716 0
293: 64 0
294: 715 0
295: 77 0
296: 712 0
297: 81 0
298: 75 0
299: 715 0
300: 73 0
301: 714 0
302: 72 0
303: 715 0
304: 73 0
305: 714 0
306: 68 0
307: 70 1
308: 72 1
309: 714 1
310: 714 1
311: 65 1
312: 715 1
313: 714 1
314: 69 1
315: 714 1
316: 716 1
317: 715 1
318: 63 1
319: 715 1
320: 715 1
321: 70 1
322: 715 1
323: 714 1
324: 57 1
325: 714 1
326: 714 1
327: 61 1
328: 714 1
329: 714 1
330: 714 1
331: 65 1
332: 714 1
333: 714 1
334: 69 1
335: 714 1
336: 714 1
337: 80 1
338: 714 1
339: 714 1
340: 714 1
341: 67 1
342: 714 1
343: 714 1
344: 73 1
345: 714 1
346: 714 1
347: 72 1
348: 714 1
349: 715 1
350: 715 1
351: 66 1
352: 715 1
353: 715 1
354: 76 1
355: 715 1
356: 715 1
357: 70 1
358: 715 1
359: 715 1
360: 715 1
361: 66 1
362: 715 1
363: 715 1
364: 64 1
365: 715 1
366: 715 1
367: 79 1
368: 715 1
369: 715 1
370: 70 1
371: 715 1
372: 714 1
373: 70 1
374: 714 1
375: 714 1
376: 69 1
377: 714 1
378: 714 1
379: 77 1
380: 715 1
381: 714 1
382: 714 1
383: 69 1
384: 714 1
385: 94 1
386: 714 1
387: 715 1
388: 715 1
389: 66 1
390: 714 1
391: 714 1
392: 74 1
393: 714 1
394: 715 1
395: 78 1
396: 714 1
397: 716 1
398: 714 1
399: 68 1
400: 715 1
401: 65 1
402: 715 1
403: 715 1
404: 714 1
405: 59 1
406: 715 1
407: 714 0
408: 66 0
409: 73 0
410: 57 0
411: 67 0
412: 80 0
413: 67 0
414: 74 0
415: 83 0
416: 81 0
417: 87 0
418: 71 0
419: 75 0
420: 76 0
421: 77 0
422: 79 0
423: 73 0
424: 66 0
425: 70 0
426: 67 0
427: 67 0
428: 75 0
429: 70 0
430: 70 0
431: 59 0
432: 70 0
433: 69 0
434: 68 0
435: 65 0
436: 60 0
437: 69 0
438: 76 0
439: 64 0
440: 714 0
441: 63 0
442: 67 0
443: 72 0
444: 68 0
445: 68 0
446: 73 0
447: 79 0
448: 67 0
449: 70 0
450: 59 0
451: 74 0
452: 77 0
453: 64 0
454: 69 0
455: 67 0
456: 72 0
457: 66 0
458: 79 0
459: 76 0
460: 77 0
461: 81 0
462: 69 0
463: 68 0
464: 75 0
465: 77 0
466: 66 0
467: 62 0
468: 63 0
469: 78 0
470: 69 0
471: 66 0
472: 69 0
473: 67 0
474: 77 0
475: 75 0
476: 78 0
477: 72 0
478: 73 0
479: 74 0
480: 75 0
481: 589 0
482: 71 0
483: 73 0
484: 67 0
485: 71 0
486: 70 0
487: 64 0
488: 64 0
489: 74 0
490: 66 0
491: 66 0
492: 62 0
493: 714 0
494: 67 0
495: 67 0
496: 71 0
497: 63 0
498: 64 0
499: 67 0
500: 60 0
501: 66 0
502: 69 0
503: 69 0
504: 71 0
505: 65 0
506: 71 0
507: 65 0
508: 75 0
509: 714 1
510: 72 1
511: 715 1
512: 714 1
513: 501 1
514: 65 1
515: 714 1
516: 714 1
517: 69 1
518: 714 1
519: 432 1
520: 63 1
521: 714 1
522: 714 1
523: 62 1
524: 714 1
525: 714 1
526: 65 1
527: 714 1
528: 714 1
529: 66 1
530: 714 1
531: 714 1
532: 77 1
533: 714 1
534: 714 1
535: 715 1
536: 71 1
537: 714 1
538: 716 1
539: 80 1
540: 714 1
541: 715 1
542: 67 1
543: 714 1
544: 716 1
545: 714 1
546: 57 1
547: 715 1
548: 565 1
549: 57 1
550: 715 1
551: 714 1
552: 72 1
553: 715 1
554: 714 1
555: 77 1
556: 716 1
557: 715 1
558: 65 1
559: 715 1
560: 714 1
561: 714 1
562: 59 1
563: 714 1
564: 714 1
565: 65 1
566: 714 1
567: 714 1
568: 54 1
569: 714 1
570: 715 1
571: 53 1
572: 714 1
573: 714 1
574: 64 1
575: 714 1
576: 714 1
577: 66 1
578: 715 1
579: 714 1
580: 59 1
581: 714 1
582: 714 1
583: 417 1
584: 63 1
585: 715 1
586: 57 1
587: 714 1
588: 715 1
589: 507 1
590: 65 1
591: 714 1
592: 715 1
593: 72 1
594: 714 1
595: 716 1
596: 77 1
597: 714 1
598: 715 1
599: 74 1
600: 714 1
601: 716 1
602: 714 1
603: 75 1
604: 715 1
605: 714 1
606: 61 1
607: 715 1
608: 714 1
609: 72 1
610: 715 1
611: 714 1
612: 65 1
613: 716 1
614: 714 1
615: 71 1
616: 715 1
617: 714 1
618: 714 1
619: 73 1
620: 714 1
621: 714 1
622: 71 1
623: 714 1
624: 714 1
625: 78 1
626: 714 1
627: 714 1
628: 715 1
629: 67 1
630: 714 1
631: 715 1
632: 714 1
633: 73 1
634: 715 1
635: 65 1
636: 715 1
637: 716 1
638: 715 1
639: 65 1
640: 716 1
641: 715 1
642: 75 1
643: 716 1
644: 715 1
645: 65 1
646: 716 1
647: 715 1
648: 715 1
649: 69 1
650: 714 1
651: 715 1
652: 61 1
653: 714 1
654: 715 1
655: 51 1
656: 715 1
657: 715 1
658: 56 1
659: 715 1
660: 715 1
661: 716 1
662: 69 1
663: 715 1
664: 716 1
665: 72 1
666: 715 1
667: 715 1
668: 71 1
669: 714 1
670: 715 1
671: 72 1
672: 715 1
673: 716 1
674: 73 1
675: 715 1
676: 715 1
677: 64 1
678: 715 1
679: 715 1
680: 72 1
681: 715 1
682: 716 1
683: 68 1
684: 715 1
685: 716 1
686: 716 1
687: 70 1
688: 716 1
689: 73 1
690: 715 1
691: 716 1
692: 714 1
693: 61 1
694: 716 1
695: 714 1
696: 66 1
697: 716 1
698: 715 1
699: 71 1
700: 716 1
701: 715 1
702: 697 1
703: 72 1
704: 715 1
705: 715 1
706: 67 1
707: 714 1
708: 715 1
709: 60 0
710: 714 0
711: 61 0
712: 715 0
713: 61 0
714: 714 0
715: 66 0
716: 62 0
717: 715 0
718: 61 0
719: 715 0
720: 64 0
721: 716 0
722: 73 0
723: 714 0
724: 72 0
725: 715 0
726: 57 0
727: 716 0
728: 63 0
729: 714 0
730: 55 0
731: 714 0
732: 66 0
733: 715 0
734: 61 0
735: 715 0
736: 57 0
737: 714 0
738: 62 0
739: 715 0
740: 69 0
741: 715 0
742: 58 0
743: 715 0
744: 64 0
745: 715 0
746: 61 0
747: 715 0
748: 60 0
749: 715 0
750: 63 0
751: 714 0
752: 65 0
753: 714 0
754: 58 0
755: 714 0
756: 63 0
757: 714 0
758: 66 0
759: 714 0
760: 59 0
761: 64 0
762: 714 0
763: 72 0
764: 715 0
765: 57 0
766: 714 0
767: 65 0
768: 714 0
769: 60 0
770: 715 0
771: 63 0
772: 714 0
773: 63 0
774: 714 0
775: 65 0
776: 715 0
777: 65 0
778: 714 0
779: 57 0
780: 714 0
781: 71 0
782: 716 0
783: 74 0
784: 714 0
785: 67 0
786: 714 0
787: 70 0
788: 715 0
789: 74 0
790: 714 0
791: 72 0
792: 714 0
793: 59 0
794: 714 0
795: 70 0
796: 714 0
797: 70 0
798: 714 0
799: 61 0
800: 714 0
801: 65 0
802: 714 0
803: 68 0
804: 714 0
805: 76 0
806: 64 0
807: 715 0
808: 79 0
809: 714 0
810: 69 1
811: 714 1
812: 714 1
813: 65 1
814: 715 1
815: 714 1
816: 65 1
817: 714 1
818: 714 1
819: 69 1
820: 714 1
821: 714 1
822: 714 1
823: 72 1
824: 714 1
825: 715 1
826: 58 1
827: 715 1
828: 715 1
829: 77 1
830: 715 1
831: 715 1
832: 714 1
833: 62 1
834: 715 1
835: 714 1
836: 589 1
837: 58 1
838: 714 1
839: 70 1
840: 715 1
841: 714 1
842: 714 1
843: 71 1
844: 714 1
845: 714 1
846: 70 1
847: 714 1
848: 714 1
849: 60 1
850: 714 1
851: 715 1
852: 714 1
853: 66 1
854: 714 1
855: 714 1
856: 63 1
857: 714 1
858: 714 1
859: 68 1
860: 714 1
861: 714 1
862: 65 1
863: 715 1
864: 714 1
865: 714 1
866: 68 1
867: 714 1
868: 714 1
869: 61 1
870: 714 1
871: 714 1
872: 60 1
873: 714 1
874: 715 1
875: 69 1
876: 715 1
877: 714 1
878: 714 1
879: 75 1
880: 714 1
881: 714 1
882: 67 1
883: 714 1
884: 714 1
885: 61 1
886: 714 1
887: 714 1
888: 714 1
889: 65 1
890: 714 1
891: 714 1
892: 58 1
893: 714 1
894: 714 1
895: 63 1
896: 714 1
897: 714 1
898: 714 1
899: 71 1
900: 714 1
901: 714 1
902: 55 1
903: 714 1
904: 714 1
905: 76 1
906: 715 1
907: 714 1
908: 714 1
909: 69 1
910: 53 0
911: 714 0
912: 64 0
913: 714 0
914: 61 0
915: 714 0
916: 56 0
917: 714 0
918: 60 0
919: 714 0
920: 62 0
921: 714 0
922: 57 0
923: 60 0
924: 714 0
925: 59 0
926: 714 0
927: 66 0
928: 714 0
929: 61 0
930: 714 0
931: 64 0
932: 714 0
933: 55 0
934: 714 0
935: 56 0
936: 715 0
937: 54 0
938: 714 0
939: 65 0
940: 714 0
941: 63 0
942: 715 0
943: 72 0
944: 714 0
945: 56 0
946: 714 0
947: 69 0
948: 715 0
949: 57 0
950: 714 0
951: 66 0
952: 714 0
953: 70 0
954: 715 0
955: 82 0
956: 714 0
957: 75 0
958: 714 0
959: 61 0
960: 715 0
961: 68 0
962: 715 0
963: 63 0
964: 714 0
965: 55 0
966: 714 0
967: 56 0
968: 62 0
969: 714 0
970: 62 0
971: 714 0
972: 62 0
973: 714 0
974: 73 0
975: 714 0
976: 70 0
977: 714 0
978: 56 0
979: 714 0
980: 59 0
981: 715 0
982: 51 0
983: 714 0
984: 70 0
985: 714 0
986: 70 0
987: 714 0
988: 69 0
989: 714 0
990: 64 0
991: 715 0
992: 67 0
993: 714 0
994: 70 0
995: 714 0
996: 66 0
997: 716 0
998: 68 0
999: 714 0
1000: 65 0
