1: 9 0
2: 716 0
3: 19 0
4: 716 0
5: 10 0
6: 18 0
7: 715 0
8: 15 0
9: 20 0
10: 715 0
11: 14 0
12: 718 0
13: 20 0
14: 717 0
15: 22 0
16: 15 0
17: 717 0
18: 12 0
19: 717 0
20: 18 0
21: 716 0
22: 26 0
23: 24 0
24: 715 0
25: 20 0
26: 715 0
27: 24 0
28: 715 0
29: 21 0
30: 14 0
31: 715 0
32: 22 0
33: 718 0
34: 15 0
35: 715 0
36: 17 0
37: 15 0
38: 715 0
39: 17 0
40: 715 0
41: 17 0
42: 715 0
43: 24 0
44: 711 0
45: 715 0
46: 17 0
47: 715 0
48: 16 0
49: 715 0
50: 21 0
51: 715 0
52: 18 0
53: 25 0
54: 715 0
55: 9 0
56: 715 0
57: 11 0
58: 715 0
59: 715 0
60: 10 0
61: 715 0
62: 17 0
63: 715 0
64: 18 0
65: 715 0
66: 22 0
67: 15 0
68: 715 0
69: 11 0
70: 715 0
71: 18 0
72: 715 0
73: 12 0
74: 27 0
75: 715 0
76: 18 0
77: 715 0
78: 21 0
79: 715 0
80: 14 0
81: 16 0
82: 715 0
83: 15 0
84: 715 0
85: 14 0
86: 715 0
87: 23 0
88: 13 0
89: 715 0
90: 8 0
91: 715 0
92: 14 0
93: 715 0
94: 12 0
95: 13 0
96: 715 0
97: 14 0
98: 715 0
99: 26 0
100: 715 0
101: 20 0
102: 715 0
103: 21 0
104: 17 1
105: 10 1
106: 715 1
107: 715 1
108: 715 1
109: 17 1
110: 715 1
111: 715 1
112: 17 1
113: 715 1
114: 715 1
115: 9 1
116: 9 1
117: 6 1
118: 15 1
119: 6 1
120: 10 1
121: 715 1
122: 715 1
123: 20 1
124: 715 1
125: 715 1
126: 11 1
127: 715 1
128: 715 1
129: 715 1
130: 19 1
131: 715 1
132: 715 1
133: 8 1
134: 16 1
135: 715 1
136: 715 1
137: 10 1
138: 715 1
139: 715 1
140: 20 1
141: 715 1
142: 715 1
143: 10 1
144: 715 1
145: 715 1
146: 37 1
147: 715 1
148: 715 1
149: 715 1
150: 17 1
151: 715 1
152: 324 1
153: 14 1
154: 715 1
155: 715 1
156: 23 1
157: 715 1
158: 715 1
159: 17 1
160: 715 1
161: 715 1
162: 14 1
163: 715 1
164: 715 1
165: 715 1
166: 17 1
167: 715 1
168: 715 1
169: 16 1
170: 715 1
171: 715 1
172: 22 1
173: 715 1
174: 715 1
175: 23 1
176: 715 1
177: 715 1
178: 19 1
179: 715 1
180: 715 1
181: 20 1
182: 715 1
183: 715 1
184: 715 1
185: 19 1
186: 715 1
187: 715 1
188: 15 1
189: 716 1
190: 715 1
191: 16 1
192: 715 1
193: 715 1
194: 715 1
195: 18 1
196: 715 1
197: 13 1
198: 715 1
199: 715 1
200: 715 1
201: 15 1
202: 715 1
203: 715 1
204: 17 1
205: 13 0
206: 715 0
207: 13 0
208: 715 0
209: 9 0
210: 715 0
211: 22 0
212: 715 0
213: 19 0
214: 715 0
215: 20 0
216: 715 0
217: 30 0
218: 715 0
219: 23 0
220: 715 0
221: 25 0
222: 714 0
223: 19 0
224: 18 0
225: 715 0
226: 24 0
227: 715 0
228: 27 0
229: 715 0
230: 25 0
231: 715 0
232: 25 0
233: 715 0
234: 19 0
235: 715 0
236: 23 0
237: 715 0
238: 23 0
239: 715 0
240: 17 0
241: 715 0
242: 27 0
243: 715 0
244: 23 0
245: 715 0
246: 12 0
247: 715 0
248: 17 0
249: 715 0
250: 17 0
251: 715 0
252: 20 0
253: 715 0
254: 12 0
255: 715 0
256: 28 0
257: 715 0
258: 18 0
259: 715 0
260: 23 0
261: 715 0
262: 21 0
263: 715 0
264: 25 0
265: 715 0
266: 15 0
267: 17 0
268: 715 0
269: 19 0
270: 715 0
271: 13 0
272: 715 0
273: 20 0
274: 715 0
275: 23 0
276: 715 0
277: 13 0
278: 715 0
279: 26 0
280: 715 0
281: 19 0
282: 715 0
283: 15 0
284: 715 0
285: 25 0
286: 715 0
287: 18 0
288: 715 0
289: 19 0
290: 715 0
291: 16 0
292: 715 0
293: 15 0
294: 715 0
295: 16 0
296: 715 0
297: 22 0
298: 715 0
299: 24 0
300: 715 0
301: 22 0
302: 715 0
303: 20 0
304: 715 0
305: 20 1
306: 715 1
307: 21 1
308: 715 1
309: 715 1
310: 13 1
311: 715 1
312: 715 1
313: 22 1
314: 715 1
315: 715 1
316: 13 1
317: 715 1
318: 715 1
319: 17 1
320: 715 1
321: 715 1
322: 546 1
323: 22 1
324: 715 1
325: 14 1
326: 715 1
327: 715 1
328: 638 1
329: 19 1
330: 715 1
331: 715 1
332: 12 1
333: 715 1
334: 715 1
335: 21 1
336: 715 1
337: 715 1
338: 13 1
339: 715 1
340: 715 1
341: 715 1
342: 13 1
343: 715 1
344: 715 1
345: 18 1
346: 715 1
347: 715 1
348: 22 1
349: 715 1
350: 715 1
351: 494 1
352: 16 1
353: 715 1
354: 21 1
355: 715 1
356: 715 1
357: 715 1
358: 12 1
359: 715 1
360: 715 1
361: 20 1
362: 715 1
363: 715 1
364: 20 1
365: 715 1
366: 715 1
367: 715 1
368: 12 1
369: 715 1
370: 715 1
371: 17 1
372: 715 1
373: 715 1
374: 21 1
375: 715 1
376: 715 1
377: 715 1
378: 26 1
379: 715 1
380: 715 1
381: 22 1
382: 715 1
383: 715 1
384: 23 1
385: 715 1
386: 715 1
387: 715 1
388: 18 1
389: 715 1
390: 21 1
391: 715 1
392: 715 1
393: 715 1
394: 14 1
395: 715 1
396: 715 1
397: 23 1
398: 715 1
399: 715 1
400: 16 1
401: 715 1
402: 715 1
403: 417 1
404: 19 1
405: 715 0
406: 23 0
407: 715 0
408: 17 0
409: 715 0
410: 21 0
411: 715 0
412: 17 0
413: 715 0
414: 20 0
415: 715 0
416: 25 0
417: 715 0
418: 15 0
419: 715 0
420: 23 0
421: 715 0
422: 17 0
423: 715 0
424: 29 0
425: 715 0
426: 14 0
427: 715 0
428: 21 0
429: 24 0
430: 715 0
431: 23 0
432: 715 0
433: 19 0
434: 715 0
435: 12 0
436: 715 0
437: 22 0
438: 715 0
439: 19 0
440: 715 0
441: 25 0
442: 715 0
443: 13 0
444: 715 0
445: 28 0
446: 715 0
447: 25 0
448: 715 0
449: 15 0
450: 715 0
451: 20 0
452: 715 0
453: 21 0
454: 715 0
455: 22 0
456: 715 0
457: 23 0
458: 715 0
459: 23 0
460: 715 0
461: 16 0
462: 715 0
463: 25 0
464: 715 0
465: 15 0
466: 715 0
467: 21 0
468: 715 0
469: 28 0
470: 715 0
471: 24 0
472: 715 0
473: 22 0
474: 24 0
475: 715 0
476: 21 0
477: 715 0
478: 23 0
479: 715 0
480: 34 0
481: 715 0
482: 24 0
483: 715 0
484: 19 0
485: 715 0
486: 23 0
487: 715 0
488: 17 0
489: 715 0
490: 25 0
491: 715 0
492: 19 0
493: 715 0
494: 17 0
495: 715 0
496: 22 0
497: 715 0
498: 24 0
499: 715 0
500: 27 0
501: 715 0
502: 21 0
503: 715 0
504: 23 0
505: 715 0
506: 715 1
507: 21 1
508: 715 1
509: 715 1
510: 77 1
511: 715 1
512: 715 1
513: 15 1
514: 715 1
515: 715 1
516: 715 1
517: 25 1
518: 715 1
519: 715 1
520: 24 1
521: 715 1
522: 715 1
523: 20 1
524: 715 1
525: 715 1
526: 715 1
527: 21 1
528: 715 1
529: 715 1
530: 25 1
531: 715 1
532: 715 1
533: 29 1
534: 715 1
535: 715 1
536: 33 1
537: 715 1
538: 715 1
539: 123 1
540: 14 1
541: 715 1
542: 715 1
543: 29 1
544: 715 1
545: 715 1
546: 40 1
547: 715 1
548: 715 1
549: 20 1
550: 715 1
551: 715 1
552: 701 1
553: 33 1
554: 715 1
555: 715 1
556: 23 1
557: 715 1
558: 715 1
559: 24 1
560: 715 1
561: 715 1
562: 715 1
563: 23 1
564: 715 1
565: 715 1
566: 21 1
567: 715 1
568: 715 1
569: 13 1
570: 715 1
571: 715 1
572: 715 1
573: 25 1
574: 715 1
575: 715 1
576: 30 1
577: 715 1
578: 715 1
579: 22 1
580: 715 1
581: 715 1
582: 715 1
583: 17 1
584: 715 1
585: 28 1
586: 715 1
587: 715 1
588: 715 1
589: 17 1
590: 715 1
591: 715 1
592: 35 1
593: 715 1
594: 715 1
595: 30 1
596: 715 1
597: 715 1
598: 449 1
599: 30 1
600: 715 1
601: 715 1
602: 31 1
603: 715 1
604: 715 1
605: 31 1
606: 27 1
607: 715 1
608: 292 1
609: 29 1
610: 715 1
611: 715 1
612: 24 1
613: 715 1
614: 80 1
615: 715 1
616: 715 1
617: 715 1
618: 22 1
619: 715 1
620: 715 1
621: 25 1
622: 715 1
623: 715 1
624: 27 1
625: 715 1
626: 715 1
627: 715 1
628: 20 1
629: 715 1
630: 715 1
631: 28 1
632: 715 1
633: 715 1
634: 22 1
635: 715 1
636: 715 1
637: 117 1
638: 30 1
639: 715 1
640: 715 1
641: 25 1
642: 715 1
643: 41 1
644: 715 1
645: 715 1
646: 715 1
647: 27 1
648: 715 1
649: 715 1
650: 27 1
651: 715 1
652: 715 1
653: 24 1
654: 715 1
655: 715 1
656: 715 1
657: 35 1
658: 716 1
659: 715 1
660: 19 1
661: 715 1
662: 715 1
663: 35 1
664: 716 1
665: 716 1
666: 29 1
667: 716 1
668: 716 1
669: 715 1
670: 17 1
671: 715 1
672: 715 1
673: 26 1
674: 716 1
675: 716 1
676: 22 1
677: 716 1
678: 716 1
679: 20 1
680: 716 1
681: 715 1
682: 715 1
683: 21 1
684: 716 1
685: 715 1
686: 28 1
687: 715 1
688: 715 1
689: 17 1
690: 716 1
691: 714 1
692: 715 1
693: 20 1
694: 715 1
695: 715 1
696: 357 1
697: 24 1
698: 715 1
699: 24 1
700: 715 1
701: 715 1
702: 715 1
703: 30 1
704: 715 1
705: 715 1
706: 715 1
707: 25 1
708: 715 1
709: 715 1
710: 30 1
711: 715 1
712: 715 1
713: 715 1
714: 6 1
715: 4 1
716: 11 1
717: 173 1
718: 21 1
719: 715 1
720: 715 1
721: 13 1
722: 715 1
723: 715 1
724: 17 1
725: 716 1
726: 715 1
727: 24 1
728: 715 1
729: 715 1
730: 715 1
731: 13 1
732: 715 1
733: 22 1
734: 715 1
735: 715 1
736: 715 1
737: 27 1
738: 715 1
739: 715 1
740: 16 1
741: 715 1
742: 715 1
743: 19 1
744: 715 1
745: 715 1
746: 715 1
747: 22 1
748: 715 1
749: 715 1
750: 17 1
751: 715 1
752: 715 1
753: 25 1
754: 715 1
755: 715 1
756: 15 1
757: 715 1
758: 715 1
759: 12 1
760: 715 1
761: 715 1
762: 16 1
763: 715 1
764: 715 1
765: 13 1
766: 715 1
767: 715 1
768: 11 1
769: 715 1
770: 715 1
771: 20 1
772: 715 1
773: 715 1
774: 715 1
775: 25 1
776: 715 1
777: 715 1
778: 22 1
779: 715 1
780: 715 1
781: 16 1
782: 715 1
783: 715 1
784: 715 1
785: 23 1
786: 715 1
787: 231 1
788: 21 1
789: 715 1
790: 715 1
791: 23 1
792: 715 1
793: 715 1
794: 12 1
795: 715 1
796: 715 1
797: 29 1
798: 715 1
799: 715 1
800: 715 1
801: 18 1
802: 715 1
803: 715 1
804: 13 1
805: 715 1
806: 15 0
807: 715 0
808: 21 0
809: 715 0
810: 29 0
811: 715 0
812: 19 0
813: 715 0
814: 24 0
815: 715 0
816: 18 0
817: 715 0
818: 21 0
819: 715 0
820: 18 0
821: 715 0
822: 21 0
823: 715 0
824: 23 0
825: 715 0
826: 15 0
827: 715 0
828: 25 0
829: 715 0
830: 17 0
831: 715 0
832: 26 0
833: 715 0
834: 17 0
835: 715 0
836: 19 0
837: 716 0
838: 22 0
839: 714 0
840: 22 0
841: 21 0
842: 715 0
843: 19 0
844: 715 0
845: 19 0
846: 715 0
847: 16 0
848: 715 0
849: 11 0
850: 715 0
851: 13 0
852: 715 0
853: 18 0
854: 715 0
855: 27 0
856: 715 0
857: 22 0
858: 715 0
859: 16 0
860: 715 0
861: 22 0
862: 715 0
863: 15 0
864: 715 0
865: 20 0
866: 715 0
867: 20 0
868: 715 0
869: 20 0
870: 715 0
871: 25 0
872: 715 0
873: 17 0
874: 715 0
875: 17 0
876: 715 0
877: 19 0
878: 715 0
879: 29 0
880: 715 0
881: 18 0
882: 715 0
883: 15 0
884: 27 0
885: 715 0
886: 21 0
887: 715 0
888: 29 0
889: 715 0
890: 31 0
891: 715 0
892: 22 0
893: 717 0
894: 28 0
895: 715 0
896: 25 0
897: 715 0
898: 28 0
899: 715 0
900: 16 0
901: 715 0
902: 30 0
903: 715 0
904: 25 0
905: 715 0
906: 37 0
907: 715 0
908: 28 0
909: 715 0
910: 23 0
911: 715 0
912: 32 0
913: 715 0
914: 29 0
915: 715 0
916: 23 0
917: 715 0
918: 29 0
919: 715 0
920: 19 0
921: 715 0
922: 13 0
923: 715 0
924: 22 0
925: 715 0
926: 21 0
927: 715 0
928: 13 0
929: 715 0
930: 21 0
931: 715 0
932: 13 0
933: 715 0
934: 16 0
935: 715 0
936: 19 0
937: 715 0
938: 16 0
939: 715 0
940: 17 0
941: 31 0
942: 715 0
943: 23 0
944: 715 0
945: 26 0
946: 715 0
947: 17 0
948: 715 0
949: 11 0
950: 715 0
951: 22 0
952: 715 0
953: 27 0
954: 715 0
955: 25 0
956: 715 0
957: 21 0
958: 715 0
959: 13 0
960: 715 0
961: 18 0
962: 715 0
963: 13 0
964: 715 0
965: 13 0
966: 715 0
967: 16 0
968: 715 0
969: 19 0
970: 715 0
971: 23 0
972: 715 0
973: 19 0
974: 715 0
975: 20 0
976: 715 0
977: 21 0
978: 715 0
979: 20 0
980: 715 0
981: 11 0
982: 715 0
983: 18 0
984: 715 0
985: 25 0
986: 27 0
987: 715 0
988: 22 0
989: 715 0
990: 16 0
991: 715 0
992: 19 0
993: 715 0
994: 14 0
995: 715 0
996: 17 0
997: 715 0
998: 20 0
999: 715 0
1000: 20 0
