1: 69 1
2: 86 1
3: 715 1
4: 714 1
5: 714 1
6: 715 1
7: 715 1
8: 713 1
9: 76 1
10: 77 1
11: 714 1
12: 72 1
13: 71 1
14: 74 1
15: 634 1
16: 72 1
17: 79 1
18: 83 1
19: 66 1
20: 715 1
21: 86 1
22: 68 1
23: 80 1
24: 76 1
25: 714 1
26: 77 1
27: 82 1
28: 78 1
29: 79 1
30: 714 1
31: 82 1
32: 76 1
33: 72 1
34: 715 1
35: 68 1
36: 76 1
37: 69 1
38: 62 1
39: 714 1
40: 67 1
41: 76 1
42: 77 1
43: 76 1
44: 715 1
45: 70 1
46: 62 1
47: 69 1
48: 715 1
49: 68 1
50: 64 1
51: 74 1
52: 715 1
53: 78 1
54: 79 1
55: 80 1
56: 83 1
57: 715 1
58: 84 1
59: 83 1
60: 77 1
61: 714 1
62: 79 1
63: 73 1
64: 79 1
65: 77 1
66: 715 1
67: 78 1
68: 87 1
69: 72 1
70: 80 1
71: 715 1
72: 73 1
73: 77 1
74: 75 1
75: 715 1
76: 82 1
77: 75 1
78: 65 1
79: 715 1
80: 80 1
81: 70 1
82: 80 1
83: 75 1
84: 715 1
85: 82 1
86: 84 1
87: 86 1
88: 81 1
89: 715 1
90: 84 1
91: 77 1
92: 76 1
93: 76 1
94: 715 1
95: 81 1
96: 79 1
97: 79 1
98: 714 1
99: 88 1
100: 714 1
101: 715 1
102: 714 1
103: 84 1
104: 714 1
105: 714 1
106: 82 1
107: 714 1
108: 714 1
109: 69 1
110: 715 1
111: 714 1
112: 715 1
113: 79 1
114: 714 1
115: 714 1
116: 76 1
117: 715 1
118: 715 1
119: 77 1
120: 714 1
121: 715 1
122: 714 1
123: 71 1
124: 716 1
125: 714 1
126: 90 1
127: 715 1
128: 715 1
129: 87 1
130: 715 1
131: 715 1
132: 715 1
133: 81 1
134: 714 1
135: 714 1
136: 80 1
137: 716 1
138: 714 1
139: 76 1
140: 715 1
141: 714 1
142: 715 1
143: 86 1
144: 714 1
145: 715 1
146: 81 1
147: 715 1
148: 715 1
149: 89 1
150: 714 1
151: 715 1
152: 78 1
153: 715 1
154: 715 1
155: 86 1
156: 715 1
157: 716 1
158: 714 1
159: 74 1
160: 716 1
161: 715 1
162: 75 1
163: 716 1
164: 714 1
165: 85 1
166: 715 1
167: 714 1
168: 460 1
169: 78 1
170: 714 1
171: 714 1
172: 84 1
173: 714 1
174: 714 1
175: 87 1
176: 714 1
177: 715 1
178: 715 1
179: 73 1
180: 714 1
181: 716 1
182: 75 1
183: 714 1
184: 716 1
185: 76 1
186: 714 1
187: 716 1
188: 715 1
189: 88 1
190: 716 1
191: 714 1
192: 78 1
193: 715 1
194: 714 1
195: 80 1
196: 716 1
197: 714 1
198: 714 1
199: 79 1
200: 715 1
201: 72 1
202: 716 1
203: 715 1
204: 714 1
205: 77 0
206: 715 0
207: 77 0
208: 715 0
209: 77 0
210: 714 0
211: 67 0
212: 715 0
213: 63 0
214: 716 0
215: 82 0
216: 715 0
217: 79 0
218: 715 0
219: 84 0
220: 715 0
221: 76 0
222: 715 0
223: 83 0
224: 715 0
225: 89 0
226: 715 0
227: 92 0
228: 715 0
229: 83 0
230: 715 0
231: 83 0
232: 715 0
233: 76 0
234: 715 0
235: 91 0
236: 716 0
237: 89 0
238: 715 0
239: 82 0
240: 86 0
241: 715 0
242: 89 0
243: 715 0
244: 77 0
245: 715 0
246: 74 0
247: 715 0
248: 72 0
249: 714 0
250: 83 0
251: 715 0
252: 79 0
253: 714 0
254: 90 0
255: 714 0
256: 85 0
257: 715 0
258: 82 0
259: 714 0
260: 79 0
261: 714 0
262: 80 0
263: 716 0
264: 76 0
265: 714 0
266: 79 0
267: 715 0
268: 83 0
269: 715 0
270: 82 0
271: 714 0
272: 81 0
273: 714 0
274: 77 0
275: 715 0
276: 77 0
277: 714 0
278: 81 0
279: 714 0
280: 77 0
281: 714 0
282: 72 0
283: 714 0
284: 85 0
285: 82 0
286: 715 0
287: 75 0
288: 714 0
289: 81 0
290: 714 0
291: 85 0
292: 714 0
293: 69 0
294: 715 0
295: 81 0
296: 715 0
297: 79 0
298: 714 0
299: 83 0
300: 715 0
301: 89 0
302: 714 0
303: 80 0
304: 714 0
305: 76 0
306: 715 0
307: 75 0
308: 714 0
309: 90 0
310: 715 0
311: 83 0
312: 715 0
313: 80 0
314: 715 0
315: 82 0
316: 715 0
317: 80 0
318: 715 0
319: 79 0
320: 715 0
321: 82 0
322: 714 0
323: 78 0
324: 715 0
325: 79 0
326: 714 0
327: 84 0
328: 714 0
329: 73 0
330: 715 0
331: 80 0
332: 714 0
333: 81 0
334: 714 0
335: 87 0
336: 715 0
337: 79 0
338: 714 0
339: 84 0
340: 76 0
341: 714 0
342: 78 0
343: 715 0
344: 81 0
345: 715 0
346: 77 0
347: 714 0
348: 80 0
349: 715 0
350: 79 0
351: 714 0
352: 81 0
353: 714 0
354: 78 0
355: 714 0
356: 86 0
357: 714 0
358: 84 0
359: 714 0
360: 74 0
361: 714 0
362: 80 0
363: 715 0
364: 80 0
365: 714 0
366: 79 0
367: 715 0
368: 81 0
369: 714 0
370: 82 0
371: 714 0
372: 76 0
373: 715 0
374: 81 0
375: 714 0
376: 84 0
377: 715 0
378: 85 0
379: 715 0
380: 73 0
381: 714 0
382: 83 0
383: 594 0
384: 84 0
385: 86 0
386: 714 0
387: 80 0
388: 715 0
389: 75 0
390: 715 0
391: 73 0
392: 714 0
393: 79 0
394: 715 0
395: 77 0
396: 714 0
397: 77 0
398: 714 0
399: 77 0
400: 715 0
401: 87 0
402: 714 0
403: 70 0
404: 714 0
405: 71 0
406: 75 1
407: 714 1
408: 714 1
409: 75 1
410: 714 1
411: 714 1
412: 71 1
413: 714 1
414: 715 1
415: 77 1
416: 715 1
417: 714 1
418: 81 1
419: 715 1
420: 714 1
421: 76 1
422: 714 1
423: 714 1
424: 125 1
425: 79 1
426: 715 1
427: 714 1
428: 75 1
429: 715 1
430: 207 1
431: 75 1
432: 714 1
433: 714 1
434: 74 1
435: 714 1
436: 714 1
437: 87 1
438: 714 1
439: 714 1
440: 71 1
441: 714 1
442: 715 1
443: 73 1
444: 715 1
445: 715 1
446: 714 1
447: 73 1
448: 714 1
449: 714 1
450: 79 1
451: 715 1
452: 715 1
453: 81 1
454: 714 1
455: 714 1
456: 715 1
457: 73 1
458: 714 1
459: 480 1
460: 72 1
461: 714 1
462: 714 1
463: 80 1
464: 714 1
465: 714 1
466: 80 1
467: 714 1
468: 714 1
469: 84 1
470: 714 1
471: 714 1
472: 715 1
473: 87 1
474: 714 1
475: 714 1
476: 75 1
477: 714 1
478: 715 1
479: 70 1
480: 714 1
481: 714 1
482: 69 1
483: 714 1
484: 714 1
485: 84 1
486: 714 1
487: 714 1
488: 88 1
489: 715 1
490: 714 1
491: 73 1
492: 715 1
493: 715 1
494: 221 1
495: 77 1
496: 714 1
497: 78 1
498: 714 1
499: 715 1
500: 532 1
501: 70 1
502: 715 1
503: 714 1
504: 73 1
505: 714 1
506: 75 0
507: 79 0
508: 714 0
509: 81 0
510: 80 0
511: 78 0
512: 78 0
513: 87 0
514: 77 0
515: 80 0
516: 77 0
517: 74 0
518: 85 0
519: 77 0
520: 79 0
521: 79 0
522: 83 0
523: 68 0
524: 75 0
525: 78 0
526: 72 0
527: 67 0
528: 83 0
529: 68 0
530: 75 0
531: 88 0
532: 83 0
533: 76 0
534: 77 0
535: 72 0
536: 73 0
537: 77 0
538: 76 0
539: 85 0
540: 76 0
541: 79 0
542: 85 0
543: 77 0
544: 74 0
545: 85 0
546: 80 0
547: 87 0
548: 71 0
549: 81 0
550: 72 0
551: 75 0
552: 81 0
553: 83 0
554: 68 0
555: 80 0
556: 78 0
557: 74 0
558: 80 0
559: 70 0
560: 73 0
561: 84 0
562: 79 0
563: 72 0
564: 81 0
565: 82 0
566: 715 0
567: 70 0
568: 77 0
569: 62 0
570: 84 0
571: 77 0
572: 85 0
573: 86 0
574: 85 0
575: 82 0
576: 69 0
577: 71 0
578: 72 0
579: 77 0
580: 83 0
581: 79 0
582: 84 0
583: 74 0
584: 66 0
585: 78 0
586: 73 0
587: 71 0
588: 83 0
589: 71 0
590: 83 0
591: 78 0
592: 80 0
593: 83 0
594: 74 0
595: 79 0
596: 75 0
597: 80 0
598: 77 0
599: 73 0
600: 71 0
601: 65 0
602: 67 0
603: 64 0
604: 69 0
605: 71 0
606: 84 0
607: 74 0
608: 80 0
609: 75 0
610: 648 0
611: 75 0
612: 64 0
613: 73 0
614: 77 0
615: 79 0
616: 75 0
617: 78 0
618: 77 0
619: 80 0
620: 69 0
621: 69 0
622: 78 0
623: 78 0
624: 80 0
625: 79 0
626: 81 0
627: 87 0
628: 89 0
629: 77 0
630: 79 0
631: 81 0
632: 84 0
633: 89 0
634: 81 0
635: 76 0
636: 88 0
637: 88 0
638: 84 0
639: 75 0
640: 73 0
641: 76 0
642: 72 0
643: 84 0
644: 76 0
645: 77 0
646: 73 0
647: 71 0
648: 67 0
649: 65 0
650: 66 0
651: 714 0
652: 74 0
653: 71 0
654: 59 0
655: 77 0
656: 66 0
657: 66 0
658: 77 0
659: 67 0
660: 76 0
661: 65 0
662: 79 0
663: 714 0
664: 80 0
665: 76 0
666: 74 0
667: 77 0
668: 84 0
669: 74 0
670: 79 0
671: 69 0
672: 77 0
673: 77 0
674: 83 0
675: 79 0
676: 69 0
677: 80 0
678: 77 0
679: 70 0
680: 72 0
681: 77 0
682: 73 0
683: 79 0
684: 78 0
685: 71 0
686: 79 0
687: 68 0
688: 75 0
689: 82 0
690: 72 0
691: 78 0
692: 75 0
693: 78 0
694: 77 0
695: 73 0
696: 73 0
697: 75 0
698: 81 0
699: 75 0
700: 71 0
701: 71 0
702: 61 0
703: 71 0
704: 714 0
705: 71 0
706: 80 0
707: 77 0
708: 69 0
709: 197 1
710: 715 1
711: 714 1
712: 715 1
713: 77 1
714: 714 1
715: 714 1
716: 75 1
717: 715 1
718: 714 1
719: 69 1
720: 714 1
721: 714 1
722: 71 1
723: 714 1
724: 715 1
725: 714 1
726: 72 1
727: 715 1
728: 68 1
729: 714 1
730: 714 1
731: 714 1
732: 77 1
733: 715 1
734: 714 1
735: 81 1
736: 714 1
737: 714 1
738: 83 1
739: 714 1
740: 714 1
741: 74 1
742: 715 1
743: 714 1
744: 79 1
745: 715 1
746: 714 1
747: 88 1
748: 715 1
749: 714 1
750: 715 1
751: 79 1
752: 714 1
753: 123 1
754: 81 1
755: 714 1
756: 715 1
757: 87 1
758: 714 1
759: 714 1
760: 80 1
761: 714 1
762: 714 1
763: 77 1
764: 714 1
765: 714 1
766: 715 1
767: 78 1
768: 714 1
769: 715 1
770: 78 1
771: 714 1
772: 715 1
773: 69 1
774: 714 1
775: 715 1
776: 88 1
777: 714 1
778: 715 1
779: 714 1
780: 67 1
781: 716 1
782: 183 1
783: 83 1
784: 715 1
785: 714 1
786: 75 1
787: 716 1
788: 714 1
789: 676 1
790: 75 1
791: 714 1
792: 714 1
793: 71 1
794: 714 1
795: 714 1
796: 77 1
797: 714 1
798: 715 1
799: 86 1
800: 715 1
801: 715 1
802: 74 1
803: 715 1
804: 715 1
805: 716 1
806: 71 1
807: 715 1
808: 716 1
809: 715 1
810: 715 1
811: 716 1
812: 715 1
813: 64 1
814: 716 1
815: 715 1
816: 715 1
817: 716 1
818: 715 1
819: 75 1
820: 507 1
821: 715 1
822: 715 1
823: 715 1
824: 715 1
825: 73 1
826: 72 1
827: 715 1
828: 715 1
829: 715 1
830: 77 1
831: 714 1
832: 715 1
833: 715 1
834: 714 1
835: 714 1
836: 75 1
837: 715 1
838: 715 1
839: 715 1
840: 714 1
841: 714 1
842: 65 1
843: 715 1
844: 714 1
845: 715 1
846: 715 1
847: 715 1
848: 77 1
849: 715 1
850: 715 1
851: 714 1
852: 715 1
853: 714 1
854: 73 1
855: 67 1
856: 715 1
857: 714 1
858: 75 1
859: 73 1
860: 715 1
861: 714 1
862: 714 1
863: 62 1
864: 714 1
865: 715 1
866: 715 1
867: 714 1
868: 713 1
869: 57 1
870: 715 1
871: 714 1
872: 714 1
873: 715 1
874: 714 1
875: 62 1
876: 714 1
877: 715 1
878: 714 1
879: 714 1
880: 714 1
881: 68 1
882: 714 1
883: 715 1
884: 714 1
885: 716 1
886: 715 1
887: 77 1
888: 716 1
889: 714 1
890: 715 1
891: 716 1
892: 715 1
893: 586 1
894: 57 1
895: 715 1
896: 714 1
897: 716 1
898: 715 1
899: 714 1
900: 73 1
901: 715 1
902: 715 1
903: 716 1
904: 715 1
905: 715 1
906: 58 1
907: 715 1
908: 715 1
909: 493 0
910: 61 0
911: 71 0
912: 716 0
913: 67 0
914: 715 0
915: 72 0
916: 716 0
917: 76 0
918: 716 0
919: 72 0
920: 715 0
921: 73 0
922: 715 0
923: 65 0
924: 717 0
925: 72 0
926: 716 0
927: 60 0
928: 716 0
929: 70 0
930: 717 0
931: 66 0
932: 716 0
933: 70 0
934: 715 0
935: 75 0
936: 715 0
937: 70 0
938: 715 0
939: 67 0
940: 715 0
941: 76 0
942: 715 0
943: 72 0
944: 714 0
945: 79 0
946: 715 0
947: 79 0
948: 715 0
949: 69 0
950: 714 0
951: 59 0
952: 74 0
953: 714 0
954: 69 0
955: 714 0
956: 64 0
957: 714 0
958: 69 0
959: 714 0
960: 70 0
961: 714 0
962: 70 0
963: 714 0
964: 71 0
965: 714 0
966: 82 0
967: 714 0
968: 73 0
969: 714 0
970: 79 0
971: 714 0
972: 65 0
973: 714 0
974: 63 0
975: 714 0
976: 65 0
977: 714 0
978: 74 0
979: 715 0
980: 71 0
981: 714 0
982: 65 0
983: 714 0
984: 67 0
985: 716 0
986: 80 0
987: 714 0
988: 76 0
989: 714 0
990: 65 0
991: 716 0
992: 73 0
993: 714 0
994: 73 0
995: 65 0
996: 714 0
997: 67 0
998: 714 0
999: 72 0
1000: 715 0
