1: 717 1
2: 716 1
3: 716 1
4: 716 1
5: 718 1
6: 716 1
7: 716 1
8: 716 1
9: 716 1
10: 376 1
11: 716 1
12: 377 1
13: 718 1
14: 378 1
15: 718 1
16: 378 1
17: 719 1
18: 377 1
19: 717 1
20: 377 1
21: 716 1
22: 375 1
23: 715 1
24: 376 1
25: 716 1
26: 473 1
27: 409 1
28: 711 1
29: 376 1
30: 716 1
31: 376 1
32: 719 1
33: 377 1
34: 717 1
35: 376 1
36: 716 1
37: 375 1
38: 716 1
39: 375 1
40: 716 1
41: 375 1
42: 715 1
43: 374 1
44: 716 1
45: 375 1
46: 715 1
47: 375 1
48: 716 1
49: 375 1
50: 375 1
51: 716 1
52: 375 1
53: 716 1
54: 374 1
55: 716 1
56: 375 1
57: 715 1
58: 376 1
59: 716 1
60: 376 1
61: 716 1
62: 376 1
63: 715 1
64: 375 1
65: 715 1
66: 375 1
67: 715 1
68: 376 1
69: 715 1
70: 716 1
71: 375 1
72: 716 1
73: 374 1
74: 716 1
75: 375 1
76: 716 1
77: 376 1
78: 716 1
79: 375 1
80: 716 1
81: 375 1
82: 715 1
83: 375 1
84: 715 1
85: 375 1
86: 715 1
87: 375 1
88: 715 1
89: 375 1
90: 427 1
91: 714 1
92: 374 1
93: 715 1
94: 375 1
95: 715 1
96: 375 1
97: 715 1
98: 375 1
99: 715 1
100: 715 1
101: 715 1
102: 375 1
103: 375 0
104: 715 0
105: 375 0
106: 715 0
107: 375 0
108: 374 0
109: 715 0
110: 374 0
111: 715 0
112: 375 0
113: 715 0
114: 375 0
115: 715 0
116: 376 0
117: 715 0
118: 375 0
119: 715 0
120: 375 0
121: 715 0
122: 375 0
123: 715 0
124: 375 0
125: 715 0
126: 375 0
127: 715 0
128: 376 0
129: 715 0
130: 376 0
131: 715 0
132: 375 0
133: 715 0
134: 376 0
135: 716 0
136: 375 0
137: 374 0
138: 715 0
139: 375 0
140: 715 0
141: 374 0
142: 715 0
143: 375 0
144: 715 0
145: 375 0
146: 715 0
147: 376 0
148: 715 0
149: 375 0
150: 715 0
151: 376 0
152: 715 0
153: 375 0
154: 715 0
155: 375 0
156: 715 0
157: 375 0
158: 715 0
159: 375 0
160: 715 0
161: 375 0
162: 715 0
163: 375 0
164: 715 0
165: 375 0
166: 375 0
167: 715 0
168: 375 0
169: 715 0
170: 375 0
171: 715 0
172: 375 0
173: 715 0
174: 375 0
175: 715 0
176: 375 0
177: 715 0
178: 376 0
179: 715 0
180: 375 0
181: 715 0
182: 375 0
183: 715 0
184: 375 0
185: 715 0
186: 375 0
187: 717 0
188: 375 0
189: 715 0
190: 375 0
191: 715 0
192: 375 0
193: 715 0
194: 645 0
195: 375 0
196: 716 0
197: 375 0
198: 715 0
199: 375 0
200: 715 0
201: 375 0
202: 715 0
203: 375 1
204: 715 1
205: 715 1
206: 715 1
207: 375 1
208: 376 1
209: 375 1
210: 716 1
211: 715 1
212: 375 1
213: 375 1
214: 375 1
215: 716 1
216: 715 1
217: 715 1
218: 375 1
219: 375 1
220: 375 1
221: 716 1
222: 715 1
223: 715 1
224: 376 1
225: 375 1
226: 375 1
227: 715 1
228: 715 1
229: 374 1
230: 375 1
231: 376 1
232: 716 1
233: 716 1
234: 715 1
235: 375 1
236: 375 1
237: 376 1
238: 716 1
239: 715 1
240: 715 1
241: 375 1
242: 375 1
243: 527 1
244: 715 1
245: 715 1
246: 375 1
247: 375 1
248: 375 1
249: 714 1
250: 715 1
251: 715 1
252: 375 1
253: 375 1
254: 375 1
255: 715 1
256: 715 1
257: 374 1
258: 376 1
259: 375 1
260: 375 1
261: 715 1
262: 715 1
263: 715 1
264: 374 1
265: 374 1
266: 375 1
267: 715 1
268: 715 1
269: 375 1
270: 374 1
271: 375 1
272: 715 1
273: 715 1
274: 715 1
275: 374 1
276: 375 1
277: 375 1
278: 715 1
279: 715 1
280: 715 1
281: 374 1
282: 375 1
283: 716 1
284: 715 1
285: 715 1
286: 374 1
287: 375 1
288: 375 1
289: 375 1
290: 715 1
291: 715 1
292: 385 1
293: 375 1
294: 375 1
295: 715 1
296: 715 1
297: 715 1
298: 375 1
299: 375 1
300: 375 1
301: 715 1
302: 374 0
303: 715 0
304: 375 0
305: 715 0
306: 375 0
307: 715 0
308: 375 0
309: 715 0
310: 375 0
311: 715 0
312: 376 0
313: 715 0
314: 375 0
315: 715 0
316: 375 0
317: 715 0
318: 375 0
319: 715 0
320: 375 0
321: 715 0
322: 715 0
323: 375 0
324: 715 0
325: 375 0
326: 715 0
327: 375 0
328: 715 0
329: 375 0
330: 715 0
331: 374 0
332: 715 0
333: 376 0
334: 715 0
335: 375 0
336: 715 0
337: 376 0
338: 715 0
339: 375 0
340: 715 0
341: 376 0
342: 715 0
343: 375 0
344: 715 0
345: 376 0
346: 715 0
347: 376 0
348: 715 0
349: 375 0
350: 374 0
351: 715 0
352: 375 0
353: 715 0
354: 375 0
355: 715 0
356: 375 0
357: 715 0
358: 375 0
359: 715 0
360: 375 0
361: 715 0
362: 374 0
363: 715 0
364: 375 0
365: 715 0
366: 375 0
367: 715 0
368: 375 0
369: 715 0
370: 375 0
371: 715 0
372: 375 0
373: 715 0
374: 376 0
375: 715 0
376: 375 0
377: 715 0
378: 375 0
379: 374 0
380: 715 0
381: 375 0
382: 715 0
383: 375 0
384: 715 0
385: 375 0
386: 715 0
387: 375 0
388: 715 0
389: 376 0
390: 715 0
391: 375 0
392: 715 0
393: 375 0
394: 715 0
395: 374 0
396: 715 0
397: 375 0
398: 715 0
399: 375 0
400: 715 0
401: 375 0
402: 374 0
403: 715 0
404: 374 0
405: 715 0
406: 375 0
407: 715 0
408: 375 0
409: 715 0
410: 375 0
411: 715 0
412: 375 0
413: 715 0
414: 376 0
415: 715 0
416: 375 0
417: 715 0
418: 375 0
419: 715 0
420: 375 0
421: 715 0
422: 375 0
423: 715 0
424: 375 0
425: 716 0
426: 376 0
427: 715 0
428: 375 0
429: 715 0
430: 715 0
431: 375 0
432: 715 0
433: 374 0
434: 715 0
435: 375 0
436: 715 0
437: 374 0
438: 715 0
439: 375 0
440: 715 0
441: 374 0
442: 715 0
443: 375 0
444: 715 0
445: 375 0
446: 715 0
447: 375 0
448: 715 0
449: 375 0
450: 715 0
451: 375 0
452: 715 0
453: 375 0
454: 715 0
455: 375 0
456: 715 0
457: 375 0
458: 375 0
459: 715 0
460: 374 0
461: 715 0
462: 375 0
463: 715 0
464: 375 0
465: 715 0
466: 375 0
467: 715 0
468: 375 0
469: 715 0
470: 374 0
471: 715 0
472: 374 0
473: 715 0
474: 376 0
475: 715 0
476: 375 0
477: 716 0
478: 375 0
479: 715 0
480: 375 0
481: 715 0
482: 375 0
483: 715 0
484: 375 0
485: 715 0
486: 715 0
487: 375 0
488: 715 0
489: 374 0
490: 715 0
491: 375 0
492: 715 0
493: 375 0
494: 715 0
495: 375 0
496: 715 0
497: 375 0
498: 715 0
499: 375 0
500: 715 0
501: 375 0
502: 715 0
503: 375 0
504: 715 0
505: 375 0
506: 715 0
507: 375 0
508: 716 0
509: 375 0
510: 715 0
511: 375 0
512: 715 0
513: 375 0
514: 715 0
515: 375 0
516: 376 0
517: 715 0
518: 374 0
519: 715 0
520: 375 0
521: 715 0
522: 375 0
523: 715 0
524: 375 0
525: 715 0
526: 375 0
527: 715 0
528: 375 0
529: 716 0
530: 375 0
531: 715 0
532: 376 0
533: 715 0
534: 376 0
535: 715 0
536: 376 0
537: 715 0
538: 376 0
539: 715 0
540: 376 0
541: 715 0
542: 375 0
543: 715 0
544: 644 0
545: 374 0
546: 715 0
547: 374 0
548: 715 0
549: 375 0
550: 715 0
551: 375 0
552: 715 0
553: 374 0
554: 715 0
555: 374 0
556: 715 0
557: 375 0
558: 715 0
559: 375 0
560: 715 0
561: 375 0
562: 715 0
563: 375 0
564: 715 0
565: 375 0
566: 715 0
567: 375 0
568: 715 0
569: 376 0
570: 715 0
571: 375 0
572: 715 0
573: 715 0
574: 375 0
575: 715 0
576: 374 0
577: 715 0
578: 375 0
579: 715 0
580: 375 0
581: 715 0
582: 375 0
583: 715 0
584: 375 0
585: 715 0
586: 375 0
587: 715 0
588: 375 0
589: 715 0
590: 375 0
591: 715 0
592: 376 0
593: 715 0
594: 376 0
595: 715 0
596: 375 0
597: 715 0
598: 375 0
599: 715 0
600: 715 0
601: 375 0
602: 715 0
603: 375 0
604: 715 0
605: 375 0
606: 715 0
607: 716 0
608: 374 0
609: 715 0
610: 375 0
611: 715 0
612: 376 0
613: 715 0
614: 376 0
615: 715 0
616: 375 0
617: 715 0
618: 375 0
619: 715 0
620: 376 0
621: 715 0
622: 375 0
623: 715 0
624: 375 0
625: 715 0
626: 375 0
627: 715 0
628: 375 0
629: 715 0
630: 376 0
631: 715 0
632: 376 0
633: 715 0
634: 376 0
635: 715 0
636: 716 0
637: 376 0
638: 715 0
639: 376 0
640: 715 0
641: 375 0
642: 715 0
643: 376 0
644: 715 0
645: 375 0
646: 715 0
647: 375 0
648: 715 0
649: 375 0
650: 715 0
651: 375 0
652: 715 0
653: 375 0
654: 715 0
655: 376 0
656: 715 0
657: 375 0
658: 715 0
659: 376 0
660: 715 0
661: 375 0
662: 715 0
663: 375 0
664: 375 0
665: 715 0
666: 375 0
667: 715 0
668: 375 0
669: 715 0
670: 375 0
671: 715 0
672: 375 0
673: 715 0
674: 375 0
675: 715 0
676: 375 0
677: 715 0
678: 375 0
679: 715 0
680: 376 0
681: 715 0
682: 375 0
683: 715 0
684: 375 0
685: 715 0
686: 376 0
687: 715 0
688: 375 0
689: 715 0
690: 375 0
691: 715 0
692: 375 0
693: 375 0
694: 716 0
695: 375 0
696: 715 0
697: 375 0
698: 715 0
699: 376 0
700: 375 1
701: 375 1
702: 375 1
703: 715 1
704: 716 1
705: 715 1
706: 375 1
707: 375 1
708: 715 1
709: 715 1
710: 715 1
711: 374 1
712: 375 1
713: 375 1
714: 715 1
715: 715 1
716: 715 1
717: 374 1
718: 375 1
719: 375 1
720: 715 1
721: 715 1
722: 715 1
723: 375 1
724: 375 1
725: 715 1
726: 714 1
727: 714 1
728: 374 1
729: 375 1
730: 375 1
731: 715 1
732: 714 1
733: 714 1
734: 375 1
735: 375 1
736: 376 1
737: 715 1
738: 714 1
739: 375 1
740: 375 1
741: 375 1
742: 715 1
743: 715 1
744: 714 1
745: 374 1
746: 374 1
747: 374 1
748: 715 1
749: 714 1
750: 715 1
751: 375 1
752: 374 1
753: 715 1
754: 715 1
755: 714 1
756: 373 1
757: 375 1
758: 374 1
759: 374 1
760: 715 1
761: 715 1
762: 374 1
763: 375 1
764: 375 1
765: 715 1
766: 714 1
767: 714 1
768: 374 1
769: 374 1
770: 375 1
771: 714 1
772: 714 1
773: 715 1
774: 375 1
775: 374 1
776: 375 1
777: 714 1
778: 714 1
779: 374 1
780: 375 1
781: 375 1
782: 715 1
783: 716 1
784: 714 1
785: 374 1
786: 375 1
787: 375 1
788: 715 1
789: 716 1
790: 716 1
791: 375 1
792: 375 1
793: 375 1
794: 715 1
795: 716 1
796: 375 1
797: 375 1
798: 376 1
799: 375 1
800: 374 1
801: 375 1
802: 715 1
803: 715 1
804: 715 1
805: 375 1
806: 375 1
807: 715 1
808: 715 1
809: 715 1
810: 374 1
811: 375 1
812: 375 1
813: 715 1
814: 715 1
815: 716 1
816: 375 1
817: 375 1
818: 375 1
819: 715 1
820: 715 1
821: 716 1
822: 375 1
823: 375 1
824: 716 1
825: 715 1
826: 715 1
827: 409 1
828: 375 1
829: 375 1
830: 715 1
831: 715 1
832: 715 1
833: 375 1
834: 375 1
835: 376 1
836: 715 1
837: 715 1
838: 377 1
839: 375 1
840: 375 1
841: 375 1
842: 715 1
843: 715 1
844: 715 1
845: 375 1
846: 375 1
847: 375 1
848: 715 1
849: 715 1
850: 375 1
851: 375 1
852: 376 1
853: 716 1
854: 715 1
855: 715 1
856: 375 1
857: 375 1
858: 375 1
859: 715 1
860: 715 1
861: 399 1
862: 376 1
863: 375 1
864: 715 1
865: 715 1
866: 715 1
867: 374 1
868: 375 1
869: 375 1
870: 374 1
871: 715 1
872: 714 1
873: 702 1
874: 375 1
875: 375 1
876: 715 1
877: 714 1
878: 714 1
879: 376 1
880: 375 1
881: 375 1
882: 716 1
883: 715 1
884: 715 1
885: 376 1
886: 375 1
887: 714 1
888: 716 1
889: 715 1
890: 374 1
891: 376 1
892: 375 1
893: 715 1
894: 715 1
895: 715 1
896: 375 1
897: 375 1
898: 375 1
899: 375 1
900: 715 1
901: 715 1
902: 376 1
903: 375 1
904: 375 1
905: 715 1
906: 715 1
907: 715 1
908: 374 1
909: 375 1
910: 375 1
911: 375 1
912: 715 1
913: 715 1
914: 605 1
915: 375 1
916: 375 1
917: 716 1
918: 715 1
919: 715 1
920: 375 1
921: 376 1
922: 376 1
923: 715 1
924: 715 1
925: 715 1
926: 375 1
927: 375 1
928: 715 1
929: 715 1
930: 715 1
931: 374 1
932: 375 1
933: 375 1
934: 715 1
935: 715 1
936: 715 1
937: 374 1
938: 375 1
939: 375 1
940: 715 1
941: 715 1
942: 715 1
943: 376 1
944: 375 1
945: 375 1
946: 716 1
947: 714 1
948: 501 1
949: 375 1
950: 375 1
951: 715 1
952: 716 1
953: 715 1
954: 375 1
955: 377 1
956: 375 1
957: 715 1
958: 715 1
959: 715 1
960: 376 1
961: 376 1
962: 715 1
963: 715 1
964: 715 1
965: 715 1
966: 375 1
967: 375 1
968: 376 1
969: 715 1
970: 715 1
971: 375 1
972: 374 1
973: 375 1
974: 715 1
975: 716 1
976: 715 1
977: 374 1
978: 375 1
979: 375 1
980: 715 1
981: 716 1
982: 715 1
983: 375 1
984: 375 1
985: 375 1
986: 715 1
987: 716 1
988: 374 1
989: 374 1
990: 375 1
991: 716 1
992: 715 1
993: 715 1
994: 715 1
995: 375 1
996: 375 1
997: 716 1
998: 375 0
999: 376 0
1000: 376 0
