1: 720 1
2: 717 1
3: 717 1
4: 718 1
5: 717 1
6: 717 1
7: 717 1
8: 717 1
9: 717 1
10: 49 1
11: 49 1
12: 38 1
13: 43 1
14: 36 1
15: 719 1
16: 35 1
17: 39 1
18: 38 1
19: 719 1
20: 39 1
21: 33 1
22: 37 1
23: 533 1
24: 84 1
25: 34 1
26: 44 1
27: 39 1
28: 717 1
29: 44 1
30: 38 1
31: 43 1
32: 48 1
33: 717 1
34: 48 1
35: 39 1
36: 42 1
37: 717 1
38: 45 1
39: 40 1
40: 41 1
41: 38 1
42: 717 1
43: 47 1
44: 35 1
45: 36 1
46: 55 1
47: 717 1
48: 40 1
49: 37 1
50: 34 1
51: 717 1
52: 40 1
53: 39 1
54: 41 1
55: 46 1
56: 717 1
57: 41 1
58: 40 1
59: 41 1
60: 269 1
61: 48 1
62: 47 1
63: 39 1
64: 39 1
65: 718 1
66: 34 1
67: 40 1
68: 48 1
69: 693 1
70: 58 1
71: 44 1
72: 47 1
73: 36 1
74: 717 1
75: 40 1
76: 40 1
77: 53 1
78: 718 1
79: 38 1
80: 34 1
81: 36 1
82: 35 1
83: 717 1
84: 44 1
85: 46 1
86: 46 1
87: 39 1
88: 718 1
89: 40 1
90: 34 1
91: 39 1
92: 717 1
93: 37 1
94: 34 1
95: 38 1
96: 29 1
97: 717 1
98: 30 1
99: 31 1
100: 717 1
101: 485 1
102: 35 1
103: 717 1
104: 717 1
105: 716 1
106: 37 1
107: 717 1
108: 41 1
109: 717 1
110: 717 1
111: 717 1
112: 53 1
113: 717 1
114: 717 1
115: 43 1
116: 717 1
117: 717 1
118: 37 1
119: 718 1
120: 717 1
121: 113 1
122: 39 1
123: 718 1
124: 716 1
125: 41 1
126: 717 1
127: 717 1
128: 41 1
129: 717 1
130: 717 1
131: 38 1
132: 717 1
133: 717 1
134: 717 1
135: 42 1
136: 717 1
137: 43 1
138: 717 1
139: 716 1
140: 717 1
141: 44 1
142: 716 1
143: 717 1
144: 40 1
145: 717 1
146: 717 1
147: 717 1
148: 37 1
149: 717 1
150: 717 1
151: 44 1
152: 717 1
153: 717 1
154: 42 1
155: 718 1
156: 718 1
157: 35 1
158: 717 1
159: 717 1
160: 720 1
161: 46 1
162: 717 1
163: 715 1
164: 50 1
165: 718 1
166: 716 1
167: 32 1
168: 718 1
169: 719 1
170: 719 1
171: 43 1
172: 720 1
173: 40 1
174: 716 1
175: 718 1
176: 717 1
177: 32 1
178: 718 1
179: 717 1
180: 42 1
181: 719 1
182: 717 1
183: 46 1
184: 716 1
185: 717 1
186: 36 1
187: 717 1
188: 716 1
189: 35 1
190: 715 1
191: 715 1
192: 715 1
193: 35 1
194: 715 1
195: 35 1
196: 715 1
197: 715 1
198: 633 1
199: 35 1
200: 715 1
201: 715 1
202: 29 1
203: 715 1
204: 715 1
205: 715 1
206: 40 1
207: 715 1
208: 715 1
209: 34 1
210: 715 1
211: 715 1
212: 33 1
213: 715 1
214: 715 1
215: 46 1
216: 715 1
217: 715 1
218: 715 1
219: 34 1
220: 715 1
221: 715 1
222: 39 1
223: 715 1
224: 715 1
225: 42 1
226: 715 1
227: 715 1
228: 577 1
229: 46 1
230: 715 1
231: 40 1
232: 715 1
233: 715 1
234: 715 1
235: 46 1
236: 715 1
237: 715 1
238: 35 1
239: 715 1
240: 715 1
241: 715 1
242: 33 1
243: 715 1
244: 715 1
245: 41 1
246: 715 1
247: 715 1
248: 35 1
249: 715 1
250: 715 1
251: 39 1
252: 715 1
253: 715 1
254: 715 1
255: 47 1
256: 715 1
257: 715 1
258: 38 1
259: 715 1
260: 715 1
261: 35 1
262: 715 1
263: 715 1
264: 715 1
265: 43 1
266: 715 1
267: 46 1
268: 715 1
269: 715 1
270: 715 1
271: 42 1
272: 715 1
273: 715 1
274: 49 1
275: 715 1
276: 715 1
277: 37 1
278: 715 1
279: 715 1
280: 42 1
281: 715 1
282: 715 1
283: 38 1
284: 715 1
285: 715 1
286: 434 1
287: 41 1
288: 715 1
289: 38 1
290: 715 1
291: 715 1
292: 705 1
293: 38 1
294: 715 1
295: 715 1
296: 40 1
297: 715 1
298: 604 1
299: 44 1
300: 715 1
301: 715 1
302: 35 1
303: 715 1
304: 715 1
305: 715 1
306: 53 1
307: 715 1
308: 715 1
309: 35 1
310: 715 1
311: 715 1
312: 715 1
313: 41 1
314: 715 1
315: 715 1
316: 23 1
317: 715 1
318: 715 1
319: 34 1
320: 715 1
321: 715 1
322: 167 1
323: 32 1
324: 715 1
325: 45 1
326: 715 1
327: 715 1
328: 715 1
329: 34 1
330: 715 1
331: 715 1
332: 42 1
333: 715 1
334: 715 1
335: 715 1
336: 38 1
337: 715 1
338: 715 1
339: 41 1
340: 715 1
341: 715 1
342: 41 1
343: 715 1
344: 715 1
345: 37 1
346: 715 1
347: 715 1
348: 715 1
349: 39 1
350: 715 1
351: 715 1
352: 42 1
353: 715 1
354: 715 1
355: 33 1
356: 715 1
357: 715 1
358: 625 1
359: 38 1
360: 715 1
361: 29 1
362: 715 1
363: 715 1
364: 690 1
365: 29 1
366: 715 1
367: 715 1
368: 39 1
369: 715 1
370: 715 1
371: 34 1
372: 715 1
373: 715 1
374: 35 1
375: 715 1
376: 715 1
377: 44 1
378: 715 1
379: 715 1
380: 45 1
381: 715 1
382: 715 1
383: 41 1
384: 715 1
385: 715 1
386: 59 1
387: 715 1
388: 715 1
389: 715 1
390: 42 1
391: 715 1
392: 129 1
393: 40 1
394: 715 1
395: 715 1
396: 37 1
397: 715 1
398: 715 1
399: 29 1
400: 715 1
401: 715 1
402: 35 1
403: 715 1
404: 715 1
405: 34 0
406: 715 0
407: 35 0
408: 716 0
409: 36 0
410: 715 0
411: 29 0
412: 715 0
413: 42 0
414: 715 0
415: 33 0
416: 715 0
417: 32 0
418: 715 0
419: 35 0
420: 715 0
421: 49 0
422: 715 0
423: 45 0
424: 715 0
425: 38 0
426: 715 0
427: 33 0
428: 697 0
429: 35 0
430: 43 0
431: 715 0
432: 50 0
433: 715 0
434: 37 0
435: 715 0
436: 45 0
437: 715 0
438: 47 0
439: 715 0
440: 40 0
441: 715 0
442: 35 0
443: 715 0
444: 33 0
445: 715 0
446: 38 0
447: 715 0
448: 37 0
449: 715 0
450: 44 0
451: 715 0
452: 45 0
453: 715 0
454: 43 0
455: 715 0
456: 43 0
457: 715 0
458: 42 0
459: 715 0
460: 43 0
461: 715 0
462: 35 0
463: 715 0
464: 37 0
465: 715 0
466: 29 0
467: 715 0
468: 25 0
469: 715 0
470: 34 0
471: 715 0
472: 51 0
473: 38 0
474: 715 0
475: 29 0
476: 715 0
477: 43 0
478: 715 0
479: 39 0
480: 715 0
481: 27 0
482: 715 0
483: 37 0
484: 715 0
485: 36 0
486: 715 0
487: 32 0
488: 715 0
489: 40 0
490: 715 0
491: 49 0
492: 715 0
493: 34 0
494: 715 0
495: 32 0
496: 715 0
497: 45 0
498: 715 0
499: 39 0
500: 715 0
501: 34 0
502: 715 0
503: 28 0
504: 715 0
505: 32 0
506: 715 0
507: 31 0
508: 715 0
509: 31 0
510: 715 0
511: 39 0
512: 715 0
513: 32 0
514: 715 0
515: 33 0
516: 715 0
517: 43 0
518: 715 0
519: 33 0
520: 716 0
521: 31 0
522: 715 0
523: 43 0
524: 715 0
525: 33 0
526: 715 0
527: 46 0
528: 484 0
529: 32 0
530: 31 0
531: 715 0
532: 32 0
533: 715 0
534: 32 0
535: 715 0
536: 37 0
537: 715 0
538: 35 0
539: 715 0
540: 29 0
541: 717 0
542: 25 0
543: 715 0
544: 42 0
545: 715 0
546: 36 0
547: 715 0
548: 43 0
549: 715 0
550: 37 0
551: 715 0
552: 31 0
553: 715 0
554: 23 0
555: 715 0
556: 36 0
557: 715 0
558: 17 0
559: 715 0
560: 35 0
561: 715 0
562: 27 0
563: 715 0
564: 29 0
565: 715 0
566: 42 0
567: 715 0
568: 41 0
569: 715 0
570: 44 0
571: 715 0
572: 43 0
573: 715 0
574: 37 0
575: 32 0
576: 715 0
577: 44 0
578: 715 0
579: 19 0
580: 715 0
581: 34 0
582: 715 0
583: 31 0
584: 715 0
585: 38 0
586: 715 0
587: 41 0
588: 717 0
589: 35 0
590: 715 0
591: 47 0
592: 715 0
593: 41 0
594: 715 0
595: 41 0
596: 715 0
597: 50 0
598: 715 0
599: 35 0
600: 715 0
601: 38 0
602: 715 0
603: 38 0
604: 715 0
605: 34 0
606: 33 1
607: 715 1
608: 36 1
609: 715 1
610: 715 1
611: 715 1
612: 44 1
613: 715 1
614: 715 1
615: 49 1
616: 715 1
617: 715 1
618: 41 1
619: 715 1
620: 715 1
621: 53 1
622: 715 1
623: 715 1
624: 715 1
625: 45 1
626: 715 1
627: 715 1
628: 38 1
629: 715 1
630: 715 1
631: 43 1
632: 715 1
633: 715 1
634: 715 1
635: 45 1
636: 715 1
637: 51 1
638: 715 1
639: 715 1
640: 715 1
641: 47 1
642: 716 1
643: 715 1
644: 46 1
645: 715 1
646: 715 1
647: 45 1
648: 715 1
649: 715 1
650: 48 1
651: 715 1
652: 715 1
653: 44 1
654: 715 1
655: 715 1
656: 237 1
657: 37 1
658: 715 1
659: 45 1
660: 715 1
661: 715 1
662: 715 1
663: 51 1
664: 715 1
665: 715 1
666: 47 1
667: 715 1
668: 715 1
669: 44 1
670: 715 1
671: 715 1
672: 715 1
673: 39 1
674: 715 1
675: 715 1
676: 42 1
677: 715 1
678: 715 1
679: 42 1
680: 715 1
681: 715 1
682: 49 1
683: 715 1
684: 715 1
685: 85 1
686: 715 1
687: 715 1
688: 715 1
689: 53 1
690: 715 1
691: 715 1
692: 36 1
693: 715 1
694: 715 1
695: 45 1
696: 715 1
697: 715 1
698: 46 1
699: 715 1
700: 715 1
701: 47 1
702: 715 1
703: 715 1
704: 47 1
705: 715 1
706: 58 0
707: 49 0
708: 46 0
709: 56 0
710: 52 0
711: 55 0
712: 54 0
713: 56 0
714: 54 0
715: 53 0
716: 53 0
717: 53 0
718: 50 0
719: 56 0
720: 47 0
721: 51 0
722: 57 0
723: 57 0
724: 55 0
725: 57 0
726: 49 0
727: 44 0
728: 45 0
729: 39 0
730: 715 0
731: 41 0
732: 44 0
733: 49 0
734: 40 0
735: 42 0
736: 32 0
737: 45 0
738: 48 0
739: 47 0
740: 47 0
741: 44 0
742: 715 0
743: 47 0
744: 50 0
745: 48 0
746: 47 0
747: 42 0
748: 41 0
749: 47 0
750: 49 0
751: 47 0
752: 45 0
753: 36 0
754: 715 0
755: 40 0
756: 32 0
757: 46 0
758: 49 0
759: 40 0
760: 45 0
761: 49 0
762: 38 0
763: 36 0
764: 36 0
765: 31 0
766: 36 0
767: 37 0
768: 50 0
769: 46 0
770: 39 0
771: 49 0
772: 49 0
773: 41 0
774: 42 0
775: 45 0
776: 40 0
777: 41 0
778: 50 0
779: 52 0
780: 39 0
781: 49 0
782: 49 0
783: 40 0
784: 43 0
785: 39 0
786: 27 0
787: 35 0
788: 39 0
789: 38 0
790: 34 0
791: 48 0
792: 43 0
793: 29 0
794: 42 0
795: 715 0
796: 37 0
797: 35 0
798: 45 0
799: 35 0
800: 43 0
801: 41 0
802: 45 0
803: 44 0
804: 47 0
805: 40 0
806: 39 0
807: 38 0
808: 40 0
809: 35 0
810: 41 0
811: 41 0
812: 36 0
813: 40 0
814: 42 0
815: 39 0
816: 40 0
817: 36 0
818: 45 0
819: 38 0
820: 45 0
821: 38 0
822: 447 0
823: 47 0
824: 49 0
825: 46 0
826: 47 0
827: 41 0
828: 42 0
829: 45 0
830: 38 0
831: 41 0
832: 44 0
833: 49 0
834: 715 0
835: 39 0
836: 38 0
837: 40 0
838: 35 0
839: 38 0
840: 34 0
841: 44 0
842: 40 0
843: 39 0
844: 26 0
845: 34 0
846: 715 0
847: 31 0
848: 41 0
849: 41 0
850: 39 0
851: 38 0
852: 34 0
853: 29 0
854: 36 0
855: 39 0
856: 32 0
857: 36 0
858: 39 0
859: 37 0
860: 34 0
861: 33 0
862: 31 0
863: 31 0
864: 32 0
865: 38 0
866: 35 0
867: 43 0
868: 33 0
869: 42 0
870: 45 0
871: 36 0
872: 33 0
873: 25 0
874: 40 0
875: 45 0
876: 40 0
877: 35 0
878: 33 0
879: 31 0
880: 38 0
881: 38 0
882: 46 0
883: 46 0
884: 41 0
885: 50 0
886: 41 0
887: 47 0
888: 39 0
889: 42 0
890: 34 0
891: 39 0
892: 36 0
893: 29 0
894: 32 0
895: 43 0
896: 33 0
897: 29 0
898: 42 0
899: 31 0
900: 34 0
901: 36 0
902: 30 0
903: 33 0
904: 715 0
905: 37 0
906: 35 0
907: 44 0
908: 34 0
909: 39 0
910: 41 0
911: 37 0
912: 34 0
913: 47 0
914: 39 0
915: 45 0
916: 37 0
917: 43 0
918: 41 0
919: 44 0
920: 43 0
921: 36 0
922: 46 0
923: 48 0
924: 715 0
925: 47 0
926: 49 0
927: 37 0
928: 36 0
929: 50 0
930: 40 0
931: 46 0
932: 42 0
933: 46 0
934: 40 0
935: 45 0
936: 54 0
937: 47 0
938: 46 0
939: 45 0
940: 42 0
941: 39 0
942: 37 0
943: 37 0
944: 33 0
945: 43 0
946: 43 0
947: 40 0
948: 41 0
949: 45 0
950: 44 0
951: 31 0
952: 49 0
953: 33 0
954: 42 0
955: 40 0
956: 45 0
957: 44 0
958: 42 0
959: 47 0
960: 49 0
961: 44 0
962: 32 0
963: 41 0
964: 41 0
965: 46 0
966: 44 0
967: 42 0
968: 43 0
969: 43 0
970: 54 0
971: 33 0
972: 36 0
973: 39 0
974: 46 0
975: 46 0
976: 41 0
977: 40 0
978: 47 0
979: 49 0
980: 27 0
981: 36 0
982: 715 0
983: 33 0
984: 46 0
985: 43 0
986: 38 0
987: 36 0
988: 34 0
989: 25 0
990: 43 0
991: 40 0
992: 45 0
993: 49 0
994: 44 0
995: 49 0
996: 38 0
997: 43 0
998: 47 0
999: 40 0
1000: 46 0
