1: 718 0
2: 718 0
3: 718 0
4: 718 0
5: 720 0
6: 718 0
7: 718 0
8: 717 0
9: 717 0
10: 717 0
11: 720 0
12: 720 0
13: 720 0
14: 719 0
15: 720 0
16: 718 0
17: 719 0
18: 720 0
19: 720 0
20: 720 0
21: 720 0
22: 721 0
23: 722 0
24: 719 0
25: 718 0
26: 717 0
27: 718 0
28: 718 0
29: 718 0
30: 718 0
31: 718 0
32: 719 0
33: 719 0
34: 718 0
35: 718 0
36: 718 0
37: 717 0
38: 718 0
39: 718 0
40: 718 0
41: 718 0
42: 718 0
43: 718 0
44: 718 0
45: 718 0
46: 718 0
47: 718 0
48: 718 0
49: 718 0
50: 717 0
51: 718 0
52: 720 0
53: 718 0
54: 717 0
55: 717 0
56: 717 0
57: 717 0
58: 717 0
59: 717 0
60: 719 0
61: 720 0
62: 717 0
63: 721 0
64: 717 0
65: 717 0
66: 718 0
67: 718 0
68: 718 0
69: 719 0
70: 717 0
71: 717 0
72: 718 0
73: 718 0
74: 717 0
75: 717 0
76: 717 0
77: 717 0
78: 718 0
79: 717 0
80: 718 0
81: 717 0
82: 717 0
83: 717 0
84: 718 0
85: 717 0
86: 718 0
87: 717 0
88: 718 0
89: 718 0
90: 717 0
91: 718 0
92: 718 0
93: 718 0
94: 717 0
95: 718 0
96: 718 0
97: 717 0
98: 718 0
99: 718 0
100: 718 0
101: 718 0
102: 718 0
103: 718 0
104: 718 0
105: 718 0
106: 718 0
107: 718 0
108: 718 0
109: 718 0
110: 718 0
111: 719 0
112: 718 0
113: 719 0
114: 717 0
115: 718 0
116: 718 0
117: 718 0
118: 717 0
119: 718 0
120: 719 0
121: 719 0
122: 719 0
123: 719 0
124: 721 0
125: 718 0
126: 718 0
127: 717 0
128: 717 0
129: 717 0
130: 717 0
131: 717 0
132: 717 0
133: 717 0
134: 719 0
135: 717 0
136: 718 0
137: 717 0
138: 717 0
139: 717 0
140: 718 0
141: 717 0
142: 717 0
143: 717 0
144: 717 0
145: 717 0
146: 717 0
147: 717 0
148: 717 0
149: 717 0
150: 717 0
151: 717 0
152: 717 0
153: 717 0
154: 717 0
155: 721 0
156: 717 0
157: 717 0
158: 717 0
159: 717 0
160: 717 0
161: 718 0
162: 717 0
163: 717 0
164: 717 0
165: 717 0
166: 717 0
167: 718 0
168: 718 0
169: 718 0
170: 717 0
171: 717 0
172: 717 0
173: 718 0
174: 717 0
175: 718 0
176: 717 0
177: 718 0
178: 718 0
179: 718 0
180: 718 0
181: 718 0
182: 718 0
183: 718 0
184: 717 0
185: 718 0
186: 718 0
187: 718 0
188: 718 0
189: 718 0
190: 717 0
191: 717 0
192: 718 0
193: 717 0
194: 718 0
195: 717 0
196: 718 0
197: 717 0
198: 718 0
199: 717 0
200: 718 0
201: 718 0
202: 720 0
203: 716 0
204: 717 0
205: 716 0
206: 717 0
207: 719 0
208: 715 0
209: 717 0
210: 719 0
211: 719 0
212: 717 0
213: 719 0
214: 714 0
215: 717 0
216: 718 0
217: 716 0
218: 715 0
219: 715 0
220: 715 0
221: 715 0
222: 715 0
223: 715 0
224: 715 0
225: 715 0
226: 715 0
227: 715 0
228: 715 0
229: 715 0
230: 715 0
231: 715 0
232: 715 0
233: 715 0
234: 715 0
235: 715 0
236: 715 0
237: 715 0
238: 715 0
239: 715 0
240: 715 0
241: 715 0
242: 715 0
243: 715 0
244: 715 0
245: 715 0
246: 715 0
247: 715 0
248: 715 0
249: 715 0
250: 715 0
251: 714 0
252: 715 0
253: 715 0
254: 715 0
255: 715 0
256: 715 0
257: 715 0
258: 715 0
259: 715 0
260: 715 0
261: 715 0
262: 715 0
263: 715 0
264: 715 0
265: 715 0
266: 715 0
267: 715 0
268: 715 0
269: 715 0
270: 715 0
271: 715 0
272: 715 0
273: 715 0
274: 715 0
275: 715 0
276: 715 0
277: 715 0
278: 715 0
279: 715 0
280: 715 0
281: 715 0
282: 715 0
283: 715 0
284: 715 0
285: 715 0
286: 715 0
287: 715 0
288: 715 0
289: 715 0
290: 715 0
291: 715 0
292: 715 0
293: 715 0
294: 715 0
295: 715 0
296: 715 0
297: 715 0
298: 715 0
299: 715 0
300: 715 0
301: 715 0
302: 715 1
303: 715 1
304: 715 1
305: 717 1
306: 715 1
307: 715 1
308: 715 1
309: 715 1
310: 715 1
311: 716 1
312: 715 1
313: 715 1
314: 715 1
315: 715 1
316: 715 1
317: 715 1
318: 715 1
319: 715 1
320: 715 1
321: 715 1
322: 715 1
323: 715 1
324: 715 1
325: 715 1
326: 715 1
327: 716 1
328: 715 1
329: 715 1
330: 715 1
331: 715 1
332: 715 1
333: 715 1
334: 715 1
335: 715 1
336: 715 1
337: 715 1
338: 715 1
339: 715 1
340: 715 1
341: 715 1
342: 715 1
343: 715 1
344: 715 1
345: 715 1
346: 715 1
347: 715 1
348: 715 1
349: 715 1
350: 715 1
351: 715 1
352: 715 1
353: 715 1
354: 715 1
355: 715 1
356: 715 1
357: 715 1
358: 716 1
359: 715 1
360: 715 1
361: 715 1
362: 715 1
363: 715 1
364: 715 1
365: 715 1
366: 715 1
367: 715 1
368: 715 1
369: 715 1
370: 715 1
371: 715 1
372: 715 1
373: 715 1
374: 715 1
375: 715 1
376: 715 1
377: 715 1
378: 715 1
379: 715 1
380: 715 1
381: 715 1
382: 715 1
383: 715 1
384: 715 1
385: 715 1
386: 715 1
387: 715 1
388: 715 1
389: 715 1
390: 715 1
391: 716 1
392: 715 1
393: 715 1
394: 715 1
395: 715 1
396: 715 1
397: 715 1
398: 715 1
399: 715 1
400: 715 1
401: 715 0
402: 715 0
403: 715 0
404: 715 0
405: 715 0
406: 715 0
407: 715 0
408: 715 0
409: 715 0
410: 715 0
411: 715 0
412: 715 0
413: 715 0
414: 715 0
415: 715 0
416: 715 0
417: 715 0
418: 715 0
419: 715 0
420: 715 0
421: 715 0
422: 715 0
423: 715 0
424: 715 0
425: 715 0
426: 715 0
427: 715 0
428: 715 0
429: 715 0
430: 715 0
431: 715 0
432: 715 0
433: 715 0
434: 715 0
435: 715 0
436: 715 0
437: 715 0
438: 715 0
439: 715 0
440: 715 0
441: 715 0
442: 715 0
443: 715 0
444: 715 0
445: 715 0
446: 715 0
447: 715 0
448: 715 0
449: 715 0
450: 715 0
451: 715 0
452: 715 0
453: 715 0
454: 715 0
455: 715 0
456: 715 0
457: 715 0
458: 715 0
459: 715 0
460: 715 0
461: 715 0
462: 715 0
463: 715 0
464: 715 0
465: 715 0
466: 715 0
467: 715 0
468: 715 0
469: 715 0
470: 715 0
471: 715 0
472: 715 0
473: 715 0
474: 715 0
475: 715 0
476: 715 0
477: 715 0
478: 715 0
479: 715 0
480: 715 0
481: 715 0
482: 715 0
483: 715 0
484: 715 0
485: 715 0
486: 715 0
487: 715 0
488: 715 0
489: 715 0
490: 715 0
491: 715 0
492: 715 0
493: 715 0
494: 715 0
495: 715 0
496: 715 0
497: 715 0
498: 715 0
499: 715 0
500: 715 0
501: 715 0
502: 715 0
503: 715 0
504: 715 0
505: 715 0
506: 715 0
507: 715 0
508: 715 0
509: 715 0
510: 715 0
511: 715 0
512: 715 0
513: 715 0
514: 715 0
515: 715 0
516: 715 0
517: 715 0
518: 715 0
519: 715 0
520: 715 0
521: 715 0
522: 715 0
523: 715 0
524: 715 0
525: 715 0
526: 715 0
527: 715 0
528: 715 0
529: 715 0
530: 715 0
531: 715 0
532: 715 0
533: 715 0
534: 715 0
535: 715 0
536: 715 0
537: 715 0
538: 715 0
539: 715 0
540: 715 0
541: 715 0
542: 715 0
543: 715 0
544: 715 0
545: 715 0
546: 715 0
547: 715 0
548: 715 0
549: 715 0
550: 715 0
551: 715 0
552: 715 0
553: 715 0
554: 715 0
555: 715 0
556: 715 0
557: 715 0
558: 715 0
559: 715 0
560: 715 0
561: 715 0
562: 715 0
563: 715 0
564: 715 0
565: 715 0
566: 715 0
567: 715 0
568: 715 0
569: 715 0
570: 715 0
571: 715 0
572: 715 0
573: 715 0
574: 715 0
575: 715 0
576: 715 0
577: 715 0
578: 715 0
579: 715 0
580: 715 0
581: 715 0
582: 715 0
583: 715 0
584: 715 0
585: 715 0
586: 715 0
587: 715 0
588: 715 0
589: 717 0
590: 715 0
591: 715 0
592: 715 0
593: 715 0
594: 715 0
595: 715 0
596: 715 0
597: 715 0
598: 715 0
599: 715 0
600: 715 1
601: 715 1
602: 715 1
603: 715 1
604: 715 1
605: 715 1
606: 715 1
607: 715 1
608: 715 1
609: 715 1
610: 715 1
611: 715 1
612: 715 1
613: 715 1
614: 715 1
615: 715 1
616: 716 1
617: 715 1
618: 715 1
619: 715 1
620: 715 1
621: 715 1
622: 715 1
623: 716 1
624: 715 1
625: 715 1
626: 715 1
627: 715 1
628: 715 1
629: 715 1
630: 715 1
631: 715 1
632: 715 1
633: 715 1
634: 715 1
635: 715 1
636: 715 1
637: 715 1
638: 715 1
639: 715 1
640: 715 1
641: 715 1
642: 715 1
643: 715 1
644: 715 1
645: 715 1
646: 715 1
647: 715 1
648: 715 1
649: 715 1
650: 715 1
651: 715 1
652: 715 1
653: 715 1
654: 715 1
655: 715 1
656: 715 1
657: 715 1
658: 717 1
659: 715 1
660: 715 1
661: 715 1
662: 715 1
663: 715 1
664: 715 1
665: 715 1
666: 715 1
667: 715 1
668: 715 1
669: 715 1
670: 717 1
671: 715 1
672: 715 1
673: 715 1
674: 715 1
675: 715 1
676: 715 1
677: 715 1
678: 715 1
679: 715 1
680: 715 1
681: 716 1
682: 715 1
683: 715 1
684: 716 1
685: 715 1
686: 715 1
687: 715 1
688: 715 1
689: 715 1
690: 715 1
691: 715 1
692: 715 1
693: 715 1
694: 715 1
695: 715 1
696: 715 1
697: 715 1
698: 715 1
699: 715 1
700: 715 1
701: 715 1
702: 715 1
703: 716 1
704: 715 1
705: 715 1
706: 715 1
707: 715 1
708: 715 1
709: 715 1
710: 715 1
711: 715 1
712: 715 1
713: 715 1
714: 715 1
715: 715 1
716: 715 1
717: 715 1
718: 715 1
719: 715 1
720: 715 1
721: 715 1
722: 715 1
723: 715 1
724: 715 1
725: 715 1
726: 715 1
727: 715 1
728: 715 1
729: 715 1
730: 715 1
731: 715 1
732: 715 1
733: 715 1
734: 715 1
735: 715 1
736: 715 1
737: 715 1
738: 715 1
739: 715 1
740: 715 1
741: 715 1
742: 715 1
743: 715 1
744: 715 1
745: 715 1
746: 715 1
747: 715 1
748: 715 1
749: 715 1
750: 715 1
751: 715 1
752: 715 1
753: 715 1
754: 715 1
755: 716 1
756: 715 1
757: 715 1
758: 715 1
759: 715 1
760: 715 1
761: 715 1
762: 715 1
763: 715 1
764: 715 1
765: 715 1
766: 715 1
767: 715 1
768: 715 1
769: 715 1
770: 715 1
771: 715 1
772: 715 1
773: 715 1
774: 715 1
775: 715 1
776: 715 1
777: 715 1
778: 715 1
779: 715 1
780: 715 1
781: 715 1
782: 715 1
783: 715 1
784: 715 1
785: 715 1
786: 715 1
787: 715 1
788: 715 1
789: 715 1
790: 715 1
791: 715 1
792: 715 1
793: 715 1
794: 715 1
795: 715 1
796: 715 1
797: 715 1
798: 715 1
799: 715 1
800: 715 1
801: 715 1
802: 715 1
803: 715 1
804: 715 1
805: 715 1
806: 715 1
807: 715 1
808: 715 1
809: 715 1
810: 715 1
811: 715 1
812: 715 1
813: 715 1
814: 715 1
815: 715 1
816: 715 1
817: 715 1
818: 715 1
819: 715 1
820: 715 1
821: 715 1
822: 715 1
823: 715 1
824: 715 1
825: 715 1
826: 715 1
827: 715 1
828: 715 1
829: 715 1
830: 715 1
831: 717 1
832: 717 1
833: 715 1
834: 715 1
835: 715 1
836: 715 1
837: 715 1
838: 715 1
839: 715 1
840: 715 1
841: 715 1
842: 715 1
843: 715 1
844: 715 1
845: 715 1
846: 715 1
847: 715 1
848: 715 1
849: 715 1
850: 715 1
851: 715 1
852: 715 1
853: 715 1
854: 715 1
855: 715 1
856: 715 1
857: 715 1
858: 715 1
859: 715 1
860: 715 1
861: 715 1
862: 715 1
863: 715 1
864: 715 1
865: 715 1
866: 715 1
867: 715 1
868: 715 1
869: 715 1
870: 715 1
871: 715 1
872: 715 1
873: 715 1
874: 715 1
875: 715 1
876: 715 1
877: 715 1
878: 716 1
879: 715 1
880: 715 1
881: 715 1
882: 715 1
883: 715 1
884: 715 1
885: 715 1
886: 715 1
887: 715 1
888: 715 1
889: 715 1
890: 715 1
891: 715 1
892: 715 1
893: 715 1
894: 715 1
895: 715 1
896: 715 1
897: 715 1
898: 716 1
899: 715 1
900: 715 1
901: 715 1
902: 715 1
903: 715 1
904: 715 1
905: 715 1
906: 715 1
907: 715 1
908: 715 1
909: 715 1
910: 717 1
911: 715 1
912: 716 1
913: 716 1
914: 716 1
915: 715 1
916: 716 1
917: 716 1
918: 715 1
919: 716 1
920: 716 1
921: 715 1
922: 715 1
923: 717 1
924: 716 1
925: 715 1
926: 715 1
927: 716 1
928: 715 1
929: 715 1
930: 715 1
931: 716 1
932: 715 1
933: 716 1
934: 716 1
935: 716 1
936: 716 1
937: 716 1
938: 716 1
939: 716 1
940: 717 1
941: 716 1
942: 716 1
943: 716 1
944: 716 1
945: 716 1
946: 716 1
947: 717 1
948: 716 1
949: 716 1
950: 716 1
951: 716 1
952: 716 1
953: 716 1
954: 716 1
955: 716 1
956: 716 1
957: 716 1
958: 716 1
959: 716 1
960: 716 1
961: 716 1
962: 716 1
963: 716 1
964: 717 1
965: 716 1
966: 716 1
967: 716 1
968: 715 1
969: 716 1
970: 716 1
971: 716 1
972: 716 1
973: 716 1
974: 715 1
975: 716 1
976: 716 1
977: 716 1
978: 716 1
979: 716 1
980: 716 1
981: 716 1
982: 716 1
983: 716 1
984: 716 1
985: 716 1
986: 716 1
987: 716 1
988: 716 1
989: 716 1
990: 716 1
991: 716 1
992: 716 1
993: 716 1
994: 717 1
995: 716 1
996: 716 1
997: 716 1
998: 716 1
999: 715 1
1000: 716 0
