1: 37 0
2: 716 0
3: 30 0
4: 715 0
5: 21 0
6: 30 0
7: 715 0
8: 34 0
9: 715 0
10: 715 0
11: 37 0
12: 717 0
13: 37 0
14: 717 0
15: 35 0
16: 718 0
17: 38 0
18: 31 0
19: 716 0
20: 30 0
21: 715 0
22: 36 0
23: 715 0
24: 24 0
25: 35 0
26: 715 0
27: 27 0
28: 715 0
29: 26 0
30: 715 0
31: 33 0
32: 28 0
33: 717 0
34: 36 0
35: 715 0
36: 33 0
37: 715 0
38: 35 0
39: 25 0
40: 715 0
41: 28 0
42: 715 0
43: 40 0
44: 715 0
45: 32 0
46: 31 0
47: 715 0
48: 35 0
49: 715 0
50: 28 0
51: 715 0
52: 33 0
53: 35 0
54: 715 0
55: 29 0
56: 715 0
57: 33 0
58: 715 0
59: 24 0
60: 19 0
61: 715 0
62: 28 0
63: 715 0
64: 32 0
65: 715 0
66: 28 0
67: 715 0
68: 716 0
69: 23 0
70: 715 0
71: 27 0
72: 715 0
73: 28 0
74: 715 0
75: 27 0
76: 28 0
77: 715 0
78: 24 0
79: 715 0
80: 23 0
81: 715 0
82: 28 0
83: 28 0
84: 715 0
85: 30 0
86: 715 0
87: 26 0
88: 715 0
89: 28 0
90: 27 0
91: 715 0
92: 32 0
93: 715 0
94: 30 0
95: 715 0
96: 24 0
97: 36 0
98: 715 0
99: 39 0
100: 715 0
101: 25 0
102: 715 0
103: 20 0
104: 715 0
105: 29 0
106: 715 0
107: 35 0
108: 715 0
109: 23 0
110: 715 0
111: 21 0
112: 715 0
113: 21 0
114: 715 0
115: 26 0
116: 715 0
117: 27 0
118: 715 0
119: 33 0
120: 715 0
121: 32 0
122: 715 0
123: 29 0
124: 715 0
125: 30 0
126: 715 0
127: 32 0
128: 715 0
129: 37 0
130: 715 0
131: 27 0
132: 715 0
133: 24 0
134: 715 0
135: 39 0
136: 715 0
137: 38 0
138: 715 0
139: 32 0
140: 40 0
141: 715 0
142: 27 0
143: 715 0
144: 21 0
145: 715 0
146: 34 0
147: 715 0
148: 29 0
149: 715 0
150: 35 0
151: 715 0
152: 37 0
153: 715 0
154: 28 0
155: 715 0
156: 35 0
157: 715 0
158: 36 0
159: 715 0
160: 31 0
161: 715 0
162: 34 0
163: 715 0
164: 31 0
165: 715 0
166: 26 0
167: 715 0
168: 33 0
169: 715 0
170: 35 0
171: 715 0
172: 38 0
173: 715 0
174: 25 0
175: 715 0
176: 30 0
177: 715 0
178: 25 0
179: 715 0
180: 26 0
181: 715 0
182: 31 0
183: 35 0
184: 715 0
185: 31 0
186: 715 0
187: 37 0
188: 715 0
189: 29 0
190: 715 0
191: 30 0
192: 715 0
193: 39 0
194: 715 0
195: 41 0
196: 716 0
197: 32 0
198: 715 0
199: 37 0
200: 715 0
201: 22 0
202: 715 0
203: 28 0
204: 716 0
205: 31 1
206: 27 1
207: 715 1
208: 715 1
209: 29 1
210: 715 1
211: 715 1
212: 715 1
213: 31 1
214: 715 1
215: 715 1
216: 36 1
217: 715 1
218: 715 1
219: 35 1
220: 715 1
221: 715 1
222: 505 1
223: 21 1
224: 715 1
225: 715 1
226: 29 1
227: 715 1
228: 595 1
229: 25 1
230: 715 1
231: 715 1
232: 29 1
233: 715 1
234: 715 1
235: 26 1
236: 715 1
237: 715 1
238: 31 1
239: 715 1
240: 715 1
241: 715 1
242: 43 1
243: 715 1
244: 715 1
245: 34 1
246: 715 1
247: 715 1
248: 27 1
249: 715 1
250: 716 1
251: 458 1
252: 37 1
253: 715 1
254: 715 1
255: 39 1
256: 715 1
257: 715 1
258: 36 1
259: 715 1
260: 715 1
261: 44 1
262: 715 1
263: 715 1
264: 36 1
265: 715 1
266: 715 1
267: 43 1
268: 715 1
269: 715 1
270: 715 1
271: 29 1
272: 716 1
273: 42 1
274: 715 1
275: 715 1
276: 715 1
277: 43 1
278: 715 1
279: 715 1
280: 28 1
281: 715 1
282: 715 1
283: 37 1
284: 715 1
285: 715 1
286: 507 1
287: 32 1
288: 715 1
289: 715 1
290: 40 1
291: 715 1
292: 715 1
293: 31 1
294: 715 1
295: 715 1
296: 23 1
297: 715 1
298: 715 1
299: 715 1
300: 34 1
301: 715 1
302: 21 1
303: 715 1
304: 715 1
305: 715 1
306: 715 1
307: 715 1
308: 715 1
309: 715 1
310: 35 1
311: 312 1
312: 715 1
313: 715 1
314: 715 1
315: 715 1
316: 27 1
317: 33 1
318: 715 1
319: 715 1
320: 715 1
321: 28 1
322: 715 1
323: 715 1
324: 715 1
325: 715 1
326: 715 1
327: 30 1
328: 715 1
329: 715 1
330: 715 1
331: 715 1
332: 715 1
333: 29 1
334: 715 1
335: 715 1
336: 715 1
337: 715 1
338: 715 1
339: 29 1
340: 75 1
341: 714 1
342: 714 1
343: 715 1
344: 30 1
345: 714 1
346: 715 1
347: 714 1
348: 714 1
349: 715 1
350: 32 1
351: 715 1
352: 715 1
353: 714 1
354: 714 1
355: 715 1
356: 19 1
357: 715 1
358: 716 1
359: 714 1
360: 714 1
361: 716 1
362: 28 1
363: 715 1
364: 715 1
365: 715 1
366: 714 1
367: 716 1
368: 30 1
369: 106 1
370: 716 1
371: 715 1
372: 715 1
373: 716 1
374: 31 1
375: 30 1
376: 716 1
377: 715 1
378: 715 1
379: 30 1
380: 715 1
381: 716 1
382: 716 1
383: 716 1
384: 715 1
385: 35 1
386: 716 1
387: 716 1
388: 716 1
389: 716 1
390: 716 1
391: 24 1
392: 716 1
393: 717 1
394: 715 1
395: 716 1
396: 716 1
397: 42 1
398: 38 1
399: 717 1
400: 715 1
401: 29 1
402: 40 1
403: 716 1
404: 716 1
405: 105 0
406: 43 0
407: 37 0
408: 38 0
409: 716 0
410: 35 0
411: 716 0
412: 37 0
413: 716 0
414: 44 0
415: 715 0
416: 35 0
417: 715 0
418: 41 0
419: 715 0
420: 31 0
421: 716 0
422: 33 0
423: 717 0
424: 30 0
425: 717 0
426: 31 0
427: 717 0
428: 31 0
429: 717 0
430: 26 0
431: 717 0
432: 23 0
433: 717 0
434: 35 0
435: 717 0
436: 37 0
437: 716 0
438: 33 0
439: 33 0
440: 718 0
441: 25 0
442: 718 0
443: 34 0
444: 717 0
445: 30 0
446: 717 0
447: 41 0
448: 718 0
449: 30 0
450: 718 0
451: 35 0
452: 718 0
453: 31 0
454: 719 0
455: 32 0
456: 718 0
457: 35 0
458: 717 0
459: 35 0
460: 717 0
461: 40 0
462: 717 0
463: 44 0
464: 717 0
465: 21 0
466: 717 0
467: 27 0
468: 717 0
469: 27 0
470: 717 0
471: 32 0
472: 717 0
473: 24 0
474: 717 0
475: 29 0
476: 717 0
477: 28 0
478: 717 0
479: 28 0
480: 717 0
481: 33 0
482: 717 0
483: 25 0
484: 32 0
485: 717 0
486: 22 0
487: 717 0
488: 34 0
489: 717 0
490: 31 0
491: 717 0
492: 30 0
493: 718 0
494: 24 0
495: 717 0
496: 27 0
497: 717 0
498: 27 0
499: 717 0
500: 21 0
501: 717 0
502: 25 0
503: 717 0
504: 25 0
505: 717 0
506: 29 0
507: 717 0
508: 33 0
509: 717 0
510: 30 0
511: 717 0
512: 29 0
513: 717 0
514: 21 0
515: 717 0
516: 31 0
517: 717 0
518: 24 0
519: 717 0
520: 25 0
521: 718 0
522: 33 0
523: 717 0
524: 21 0
525: 717 0
526: 29 0
527: 717 0
528: 25 0
529: 31 0
530: 717 0
531: 30 0
532: 717 0
533: 31 0
534: 718 0
535: 19 0
536: 717 0
537: 21 0
538: 717 0
539: 29 0
540: 717 0
541: 33 0
542: 717 0
543: 29 0
544: 717 0
545: 17 0
546: 717 0
547: 36 0
548: 717 0
549: 22 0
550: 717 0
551: 31 0
552: 717 0
553: 27 0
554: 717 0
555: 23 0
556: 717 0
557: 32 0
558: 717 0
559: 30 0
560: 717 0
561: 29 0
562: 717 0
563: 39 0
564: 717 0
565: 29 0
566: 717 0
567: 22 0
568: 717 0
569: 31 0
570: 717 0
571: 29 0
572: 717 0
573: 35 0
574: 30 0
575: 717 0
576: 36 0
577: 717 0
578: 32 0
579: 717 0
580: 28 0
581: 717 0
582: 35 0
583: 717 0
584: 26 0
585: 717 0
586: 25 0
587: 717 0
588: 22 0
589: 717 0
590: 33 0
591: 717 0
592: 27 0
593: 717 0
594: 27 0
595: 717 0
596: 29 0
597: 717 0
598: 22 0
599: 717 0
600: 31 0
601: 717 0
602: 35 0
603: 717 0
604: 27 0
605: 717 0
606: 30 0
607: 717 0
608: 29 0
609: 27 1
610: 717 1
611: 717 1
612: 26 1
613: 717 1
614: 717 1
615: 717 1
616: 26 1
617: 28 1
618: 717 1
619: 717 1
620: 33 1
621: 26 1
622: 717 1
623: 717 1
624: 717 1
625: 31 1
626: 30 1
627: 717 1
628: 717 1
629: 703 1
630: 21 1
631: 717 1
632: 717 1
633: 717 1
634: 22 1
635: 31 1
636: 717 1
637: 717 1
638: 25 1
639: 28 1
640: 717 1
641: 717 1
642: 717 1
643: 31 1
644: 28 1
645: 717 1
646: 717 1
647: 31 1
648: 23 1
649: 717 1
650: 717 1
651: 717 1
652: 33 1
653: 29 1
654: 717 1
655: 717 1
656: 39 1
657: 28 1
658: 718 1
659: 717 1
660: 717 1
661: 15 1
662: 19 1
663: 717 1
664: 717 1
665: 19 1
666: 25 1
667: 717 1
668: 717 1
669: 717 1
670: 21 1
671: 30 1
672: 717 1
673: 717 1
674: 25 1
675: 25 1
676: 717 1
677: 717 1
678: 717 1
679: 33 1
680: 29 1
681: 717 1
682: 717 1
683: 31 1
684: 22 1
685: 717 1
686: 717 1
687: 718 1
688: 27 1
689: 31 1
690: 717 1
691: 717 1
692: 44 1
693: 29 1
694: 717 1
695: 717 1
696: 717 1
697: 26 1
698: 23 1
699: 717 1
700: 717 1
701: 717 1
702: 31 1
703: 718 1
704: 717 1
705: 717 1
706: 20 1
707: 25 1
708: 717 1
709: 27 0
710: 175 0
711: 160 0
712: 717 0
713: 33 0
714: 717 0
715: 39 0
716: 717 0
717: 34 0
718: 717 0
719: 35 0
720: 717 0
721: 33 0
722: 717 0
723: 36 0
724: 718 0
725: 21 0
726: 718 0
727: 29 0
728: 718 0
729: 37 0
730: 717 0
731: 22 0
732: 717 0
733: 27 0
734: 717 0
735: 18 0
736: 717 0
737: 31 0
738: 717 0
739: 40 0
740: 32 0
741: 717 0
742: 29 0
743: 717 0
744: 27 0
745: 717 0
746: 21 0
747: 716 0
748: 24 0
749: 717 0
750: 29 0
751: 717 0
752: 28 0
753: 717 0
754: 24 0
755: 717 0
756: 33 0
757: 717 0
758: 31 0
759: 717 0
760: 40 0
761: 717 0
762: 32 0
763: 717 0
764: 27 0
765: 717 0
766: 36 0
767: 717 0
768: 35 0
769: 717 0
770: 35 0
771: 717 0
772: 30 0
773: 717 0
774: 26 0
775: 717 0
776: 24 0
777: 717 0
778: 21 0
779: 717 0
780: 31 0
781: 717 0
782: 40 0
783: 36 0
784: 717 0
785: 27 0
786: 717 0
787: 27 0
788: 717 0
789: 26 0
790: 717 0
791: 30 0
792: 717 0
793: 29 0
794: 716 0
795: 28 0
796: 718 0
797: 30 0
798: 719 0
799: 17 0
800: 722 0
801: 20 0
802: 720 0
803: 27 0
804: 722 0
805: 26 0
806: 717 0
807: 32 0
808: 717 0
809: 34 0
810: 717 0
811: 36 0
812: 717 0
813: 28 1
814: 718 1
815: 35 1
816: 717 1
817: 717 1
818: 22 1
819: 717 1
820: 717 1
821: 717 1
822: 25 1
823: 717 1
824: 717 1
825: 33 1
826: 717 1
827: 717 1
828: 25 1
829: 717 1
830: 718 1
831: 721 1
832: 37 1
833: 717 1
834: 717 1
835: 221 1
836: 19 1
837: 718 1
838: 28 1
839: 718 1
840: 717 1
841: 718 1
842: 29 1
843: 718 1
844: 718 1
845: 25 1
846: 718 1
847: 718 1
848: 29 1
849: 718 1
850: 717 1
851: 718 1
852: 24 1
853: 717 1
854: 718 1
855: 37 1
856: 717 1
857: 718 1
858: 24 1
859: 718 1
860: 719 1
861: 27 1
862: 719 1
863: 717 1
864: 221 1
865: 39 1
866: 719 1
867: 717 1
868: 24 1
869: 717 1
870: 717 1
871: 32 1
872: 717 1
873: 717 1
874: 35 1
875: 717 1
876: 717 1
877: 717 1
878: 32 1
879: 717 1
880: 717 1
881: 27 1
882: 717 1
883: 717 1
884: 26 1
885: 717 1
886: 717 1
887: 717 1
888: 26 1
889: 717 1
890: 717 1
891: 31 1
892: 717 1
893: 716 1
894: 25 1
895: 717 1
896: 717 1
897: 717 1
898: 28 1
899: 717 1
900: 717 1
901: 17 1
902: 717 1
903: 717 1
904: 33 1
905: 717 1
906: 717 1
907: 717 1
908: 25 1
909: 717 1
910: 75 1
911: 717 1
912: 717 1
913: 717 1
914: 24 1
915: 719 1
916: 717 1
917: 26 1
918: 26 1
919: 717 1
920: 717 1
921: 717 1
922: 26 1
923: 28 1
924: 717 1
925: 717 1
926: 25 1
927: 23 1
928: 718 1
929: 717 1
930: 718 1
931: 22 1
932: 23 1
933: 717 1
934: 717 1
935: 21 1
936: 22 1
937: 717 1
938: 717 1
939: 717 1
940: 34 1
941: 25 1
942: 717 1
943: 717 1
944: 23 1
945: 27 1
946: 717 1
947: 717 1
948: 717 1
949: 20 1
950: 23 1
951: 719 1
952: 720 1
953: 34 1
954: 33 1
955: 717 1
956: 717 1
957: 717 1
958: 29 1
959: 29 1
960: 717 1
961: 717 1
962: 21 1
963: 20 1
964: 717 1
965: 717 1
966: 717 1
967: 16 1
968: 24 1
969: 717 1
970: 717 1
971: 20 1
972: 25 1
973: 717 1
974: 717 1
975: 717 1
976: 15 1
977: 22 1
978: 717 1
979: 717 1
980: 23 1
981: 23 1
982: 717 1
983: 717 1
984: 717 1
985: 31 1
986: 29 1
987: 717 1
988: 717 1
989: 26 1
990: 36 1
991: 717 1
992: 717 1
993: 718 1
994: 35 1
995: 33 1
996: 717 1
997: 717 1
998: 29 1
999: 29 1
1000: 717 1
