1: 658 0
2: 718 0
3: 655 0
4: 717 0
5: 656 0
6: 717 0
7: 717 0
8: 651 0
9: 717 0
10: 653 0
11: 717 0
12: 656 0
13: 719 0
14: 654 0
15: 653 0
16: 719 0
17: 659 0
18: 717 0
19: 654 0
20: 719 0
21: 655 0
22: 717 0
23: 655 0
24: 717 0
25: 718 0
26: 655 0
27: 717 0
28: 658 0
29: 717 0
30: 654 0
31: 718 0
32: 653 0
33: 718 0
34: 652 0
35: 717 0
36: 717 0
37: 656 0
38: 717 0
39: 656 0
40: 717 0
41: 655 0
42: 717 0
43: 653 0
44: 717 0
45: 650 0
46: 655 0
47: 717 0
48: 654 0
49: 717 0
50: 652 0
51: 717 0
52: 655 0
53: 717 0
54: 651 0
55: 717 0
56: 651 0
57: 654 0
58: 717 0
59: 652 0
60: 717 0
61: 651 0
62: 717 0
63: 653 0
64: 717 0
65: 653 0
66: 717 0
67: 717 0
68: 653 0
69: 717 0
70: 652 0
71: 717 0
72: 654 0
73: 717 0
74: 654 0
75: 717 0
76: 652 0
77: 717 0
78: 717 0
79: 654 0
80: 717 0
81: 655 0
82: 717 0
83: 653 0
84: 717 0
85: 654 0
86: 717 0
87: 656 0
88: 655 0
89: 717 0
90: 656 0
91: 718 0
92: 655 0
93: 717 0
94: 655 0
95: 717 0
96: 653 0
97: 717 0
98: 651 0
99: 653 0
100: 717 0
101: 656 0
102: 717 0
103: 654 1
104: 652 1
105: 650 1
106: 650 1
107: 717 1
108: 717 1
109: 717 1
110: 717 1
111: 649 1
112: 652 1
113: 717 1
114: 717 1
115: 717 1
116: 651 1
117: 654 1
118: 655 1
119: 717 1
120: 717 1
121: 717 1
122: 655 1
123: 657 1
124: 652 1
125: 717 1
126: 717 1
127: 654 1
128: 655 1
129: 654 1
130: 717 1
131: 718 1
132: 717 1
133: 654 1
134: 654 1
135: 656 1
136: 717 1
137: 717 1
138: 717 1
139: 654 1
140: 655 1
141: 717 1
142: 717 1
143: 717 1
144: 654 1
145: 655 1
146: 656 1
147: 717 1
148: 717 1
149: 717 1
150: 655 1
151: 652 1
152: 650 1
153: 717 1
154: 717 1
155: 717 1
156: 654 1
157: 654 1
158: 717 1
159: 717 1
160: 718 1
161: 651 1
162: 655 1
163: 653 1
164: 717 1
165: 717 1
166: 717 1
167: 654 1
168: 651 1
169: 650 1
170: 717 1
171: 717 1
172: 717 1
173: 651 1
174: 654 1
175: 717 1
176: 717 1
177: 717 1
178: 717 1
179: 652 1
180: 654 1
181: 653 1
182: 717 1
183: 717 1
184: 652 1
185: 655 1
186: 656 1
187: 718 1
188: 717 1
189: 717 1
190: 654 1
191: 656 1
192: 655 1
193: 717 1
194: 717 1
195: 717 1
196: 655 1
197: 653 1
198: 655 1
199: 717 1
200: 717 1
201: 652 1
202: 651 1
203: 653 0
204: 716 0
205: 654 0
206: 717 0
207: 656 0
208: 717 0
209: 654 0
210: 717 0
211: 654 0
212: 717 0
213: 653 0
214: 718 0
215: 655 0
216: 717 0
217: 650 0
218: 718 0
219: 653 0
220: 718 0
221: 654 0
222: 717 0
223: 651 0
224: 717 0
225: 653 0
226: 717 0
227: 655 0
228: 717 0
229: 656 0
230: 717 0
231: 717 0
232: 652 0
233: 719 0
234: 652 0
235: 717 0
236: 656 0
237: 717 0
238: 653 0
239: 717 0
240: 652 0
241: 718 0
242: 653 0
243: 717 0
244: 653 0
245: 720 0
246: 653 0
247: 718 0
248: 655 0
249: 716 0
250: 653 0
251: 717 0
252: 654 0
253: 717 0
254: 651 0
255: 717 0
256: 655 0
257: 717 0
258: 653 0
259: 717 0
260: 717 0
261: 654 0
262: 717 0
263: 653 0
264: 716 0
265: 655 0
266: 717 0
267: 651 0
268: 717 0
269: 653 0
270: 717 0
271: 651 0
272: 717 0
273: 653 0
274: 717 0
275: 653 0
276: 717 0
277: 652 0
278: 717 0
279: 654 0
280: 717 0
281: 649 0
282: 717 0
283: 653 0
284: 717 0
285: 650 0
286: 717 0
287: 650 0
288: 717 0
289: 717 0
290: 655 0
291: 717 0
292: 652 0
293: 717 0
294: 651 0
295: 718 0
296: 653 0
297: 717 0
298: 651 0
299: 717 0
300: 654 0
301: 717 0
302: 653 0
303: 717 0
304: 654 0
305: 717 0
306: 653 0
307: 717 0
308: 654 0
309: 717 0
310: 718 0
311: 652 0
312: 717 0
313: 653 0
314: 717 0
315: 652 0
316: 717 0
317: 655 0
318: 717 0
319: 652 0
320: 717 0
321: 652 0
322: 717 0
323: 652 0
324: 717 0
325: 651 0
326: 717 0
327: 654 0
328: 719 0
329: 653 0
330: 719 0
331: 654 0
332: 717 0
333: 651 0
334: 717 0
335: 651 0
336: 717 0
337: 654 0
338: 717 0
339: 717 0
340: 650 0
341: 717 0
342: 651 0
343: 717 0
344: 652 0
345: 717 0
346: 651 0
347: 716 0
348: 651 0
349: 715 0
350: 648 0
351: 716 0
352: 653 0
353: 715 0
354: 651 0
355: 715 0
356: 650 0
357: 716 0
358: 651 0
359: 715 0
360: 655 0
361: 716 0
362: 654 0
363: 716 0
364: 651 0
365: 716 0
366: 649 0
367: 649 0
368: 715 0
369: 649 0
370: 716 0
371: 651 0
372: 716 0
373: 651 0
374: 716 0
375: 653 0
376: 716 0
377: 652 0
378: 716 0
379: 650 0
380: 716 0
381: 650 0
382: 716 0
383: 653 0
384: 716 0
385: 651 0
386: 716 0
387: 653 0
388: 717 0
389: 652 0
390: 717 0
391: 654 0
392: 718 0
393: 651 0
394: 716 0
395: 655 0
396: 652 0
397: 717 0
398: 654 0
399: 717 0
400: 651 0
401: 650 1
402: 717 1
403: 650 1
404: 650 1
405: 653 1
406: 717 1
407: 717 1
408: 649 1
409: 653 1
410: 652 1
411: 717 1
412: 717 1
413: 717 1
414: 666 1
415: 652 1
416: 650 1
417: 717 1
418: 717 1
419: 717 1
420: 651 1
421: 651 1
422: 652 1
423: 717 1
424: 717 1
425: 676 1
426: 652 1
427: 655 1
428: 718 1
429: 717 1
430: 718 1
431: 647 1
432: 650 1
433: 650 1
434: 717 1
435: 717 1
436: 652 1
437: 651 1
438: 653 1
439: 653 1
440: 717 1
441: 717 1
442: 717 1
443: 653 1
444: 651 1
445: 651 1
446: 716 1
447: 717 1
448: 661 1
449: 652 1
450: 650 1
451: 717 1
452: 717 1
453: 717 1
454: 650 1
455: 650 1
456: 650 1
457: 718 1
458: 717 1
459: 718 1
460: 651 1
461: 653 1
462: 716 1
463: 717 1
464: 717 1
465: 652 1
466: 651 1
467: 650 1
468: 650 1
469: 717 1
470: 717 1
471: 717 1
472: 654 1
473: 651 1
474: 717 1
475: 717 1
476: 717 1
477: 652 1
478: 650 1
479: 648 1
480: 717 1
481: 717 1
482: 717 1
483: 651 1
484: 648 1
485: 652 1
486: 716 1
487: 717 1
488: 650 1
489: 650 1
490: 649 1
491: 717 1
492: 717 1
493: 717 1
494: 650 1
495: 649 1
496: 653 1
497: 715 1
498: 718 1
499: 716 1
500: 647 1
501: 718 1
502: 651 1
503: 652 1
504: 654 1
505: 652 1
506: 718 1
507: 720 1
508: 718 1
509: 716 1
510: 651 1
511: 650 1
512: 652 1
513: 717 1
514: 719 1
515: 718 1
516: 716 1
517: 716 1
518: 650 1
519: 651 1
520: 649 1
521: 716 1
522: 715 1
523: 715 1
524: 715 1
525: 715 1
526: 650 1
527: 651 1
528: 650 1
529: 715 1
530: 715 1
531: 715 1
532: 715 1
533: 715 1
534: 651 1
535: 649 1
536: 647 1
537: 715 1
538: 715 1
539: 715 1
540: 715 1
541: 652 1
542: 648 1
543: 650 1
544: 650 1
545: 715 1
546: 715 1
547: 715 1
548: 715 1
549: 649 1
550: 647 1
551: 647 1
552: 715 1
553: 715 1
554: 715 1
555: 715 1
556: 715 1
557: 648 1
558: 645 1
559: 648 1
560: 715 1
561: 715 1
562: 716 1
563: 715 1
564: 715 1
565: 649 1
566: 650 1
567: 646 1
568: 715 1
569: 715 1
570: 715 1
571: 715 1
572: 715 1
573: 650 1
574: 650 1
575: 648 1
576: 715 1
577: 715 1
578: 715 1
579: 715 1
580: 715 1
581: 650 1
582: 653 1
583: 649 1
584: 715 1
585: 715 1
586: 715 1
587: 715 1
588: 715 1
589: 650 1
590: 650 1
591: 648 1
592: 715 1
593: 715 1
594: 715 1
595: 715 1
596: 712 1
597: 651 1
598: 650 1
599: 648 1
600: 650 0
601: 715 0
602: 715 0
603: 705 0
604: 651 0
605: 715 0
606: 650 0
607: 715 0
608: 652 0
609: 715 0
610: 653 0
611: 715 0
612: 650 0
613: 715 0
614: 650 0
615: 653 0
616: 716 0
617: 651 0
618: 715 0
619: 650 0
620: 715 0
621: 648 0
622: 715 0
623: 651 0
624: 715 0
625: 648 0
626: 715 0
627: 647 0
628: 715 0
629: 651 0
630: 715 0
631: 652 0
632: 715 0
633: 652 0
634: 715 0
635: 652 0
636: 715 0
637: 652 0
638: 715 0
639: 650 0
640: 715 0
641: 649 0
642: 715 0
643: 715 0
644: 652 0
645: 715 0
646: 652 0
647: 715 0
648: 650 0
649: 715 0
650: 652 0
651: 715 0
652: 650 0
653: 715 0
654: 652 0
655: 715 0
656: 651 0
657: 715 0
658: 653 0
659: 715 0
660: 652 0
661: 715 0
662: 654 0
663: 715 0
664: 651 0
665: 715 0
666: 651 0
667: 715 0
668: 650 0
669: 715 0
670: 649 0
671: 646 0
672: 715 0
673: 649 0
674: 715 0
675: 649 0
676: 715 0
677: 650 0
678: 715 0
679: 650 0
680: 715 0
681: 650 0
682: 715 0
683: 648 0
684: 715 0
685: 653 0
686: 715 0
687: 653 0
688: 715 0
689: 649 0
690: 715 0
691: 648 0
692: 715 0
693: 649 0
694: 715 0
695: 651 0
696: 715 0
697: 652 0
698: 715 0
699: 649 0
700: 649 0
701: 715 0
702: 649 0
703: 653 1
704: 648 1
705: 715 1
706: 715 1
707: 715 1
708: 650 1
709: 651 1
710: 651 1
711: 715 1
712: 715 1
713: 650 1
714: 647 1
715: 651 1
716: 715 1
717: 715 1
718: 715 1
719: 649 1
720: 647 1
721: 647 1
722: 715 1
723: 715 1
724: 715 1
725: 648 1
726: 650 1
727: 715 1
728: 715 1
729: 715 1
730: 715 1
731: 652 1
732: 651 1
733: 652 1
734: 715 1
735: 715 1
736: 650 1
737: 653 1
738: 650 1
739: 715 1
740: 715 1
741: 715 1
742: 649 1
743: 650 1
744: 649 1
745: 716 1
746: 715 1
747: 715 1
748: 651 1
749: 649 1
750: 650 1
751: 715 1
752: 716 1
753: 650 1
754: 649 1
755: 651 1
756: 716 1
757: 715 1
758: 715 1
759: 651 1
760: 650 1
761: 652 1
762: 716 1
763: 715 1
764: 715 1
765: 649 1
766: 651 1
767: 649 1
768: 716 1
769: 715 1
770: 648 1
771: 651 1
772: 649 1
773: 649 1
774: 715 1
775: 715 1
776: 715 1
777: 649 1
778: 650 1
779: 715 1
780: 715 1
781: 715 1
782: 650 1
783: 651 1
784: 650 1
785: 715 1
786: 715 1
787: 715 1
788: 652 1
789: 649 1
790: 651 1
791: 715 1
792: 715 1
793: 650 1
794: 651 1
795: 651 1
796: 715 1
797: 715 1
798: 715 1
799: 651 1
800: 650 1
801: 652 1
802: 715 1
803: 715 1
804: 715 1
805: 650 1
806: 715 1
807: 715 1
808: 715 1
809: 651 1
810: 649 1
811: 715 1
812: 715 1
813: 650 1
814: 651 1
815: 715 1
816: 715 1
817: 715 1
818: 650 1
819: 715 1
820: 715 1
821: 715 1
822: 651 1
823: 652 1
824: 715 1
825: 715 1
826: 650 1
827: 649 1
828: 715 1
829: 715 1
830: 652 1
831: 652 1
832: 715 1
833: 715 1
834: 715 1
835: 651 1
836: 715 1
837: 715 1
838: 715 1
839: 652 1
840: 652 1
841: 715 1
842: 715 1
843: 648 1
844: 651 1
845: 715 1
846: 715 1
847: 715 1
848: 651 1
849: 715 1
850: 715 1
851: 715 1
852: 650 1
853: 715 1
854: 715 1
855: 715 1
856: 649 1
857: 652 1
858: 715 1
859: 715 1
860: 649 1
861: 650 1
862: 715 1
863: 715 1
864: 715 1
865: 651 1
866: 715 1
867: 715 1
868: 715 1
869: 651 1
870: 650 1
871: 715 1
872: 715 1
873: 653 1
874: 653 1
875: 715 1
876: 715 1
877: 650 1
878: 650 1
879: 715 1
880: 715 1
881: 715 1
882: 648 1
883: 715 1
884: 715 1
885: 715 1
886: 649 1
887: 649 1
888: 715 1
889: 715 1
890: 650 1
891: 651 1
892: 715 1
893: 715 1
894: 715 1
895: 652 1
896: 715 1
897: 715 1
898: 715 1
899: 648 1
900: 715 1
901: 715 1
902: 647 0
903: 687 0
904: 647 0
905: 715 0
906: 715 0
907: 647 0
908: 716 0
909: 649 0
910: 715 0
911: 651 0
912: 715 0
913: 651 0
914: 715 0
915: 648 0
916: 715 0
917: 651 0
918: 715 0
919: 650 0
920: 715 0
921: 653 0
922: 715 0
923: 651 0
924: 715 0
925: 652 0
926: 715 0
927: 651 0
928: 715 0
929: 651 0
930: 715 0
931: 651 0
932: 715 0
933: 652 0
934: 648 0
935: 715 0
936: 647 0
937: 715 0
938: 651 0
939: 715 0
940: 651 0
941: 715 0
942: 649 0
943: 715 0
944: 648 0
945: 715 0
946: 651 0
947: 715 0
948: 651 0
949: 715 0
950: 651 0
951: 715 0
952: 653 0
953: 715 0
954: 650 0
955: 715 0
956: 651 0
957: 715 0
958: 653 0
959: 715 0
960: 650 0
961: 715 0
962: 651 0
963: 647 0
964: 715 0
965: 650 0
966: 715 0
967: 653 0
968: 715 0
969: 650 0
970: 715 0
971: 651 0
972: 717 0
973: 650 0
974: 717 0
975: 656 0
976: 717 0
977: 654 0
978: 718 0
979: 652 0
980: 719 0
981: 649 0
982: 714 0
983: 650 0
984: 715 0
985: 648 0
986: 715 0
987: 648 0
988: 715 0
989: 651 0
990: 715 0
991: 711 0
992: 652 0
993: 715 0
994: 648 0
995: 715 0
996: 649 0
997: 715 0
998: 651 0
999: 715 0
1000: 647 0
