1: 29 0
2: 715 0
3: 31 0
4: 715 0
5: 26 0
6: 25 0
7: 715 0
8: 28 0
9: 715 0
10: 715 0
11: 34 0
12: 717 0
13: 29 0
14: 718 0
15: 26 0
16: 718 0
17: 39 0
18: 45 0
19: 716 0
20: 42 0
21: 715 0
22: 39 0
23: 715 0
24: 34 0
25: 37 0
26: 715 0
27: 29 0
28: 715 0
29: 33 0
30: 715 0
31: 38 0
32: 36 0
33: 717 0
34: 44 0
35: 715 0
36: 38 0
37: 715 0
38: 39 0
39: 41 0
40: 717 0
41: 26 0
42: 715 0
43: 33 0
44: 715 0
45: 35 0
46: 32 0
47: 715 0
48: 32 0
49: 715 0
50: 36 0
51: 715 0
52: 32 0
53: 36 0
54: 715 0
55: 35 0
56: 715 0
57: 40 0
58: 715 0
59: 33 0
60: 40 0
61: 715 0
62: 36 0
63: 715 0
64: 34 0
65: 715 0
66: 41 0
67: 715 0
68: 715 0
69: 29 0
70: 715 0
71: 26 0
72: 715 0
73: 36 0
74: 715 0
75: 31 0
76: 39 0
77: 715 0
78: 27 0
79: 715 0
80: 20 0
81: 715 0
82: 32 0
83: 47 0
84: 715 0
85: 32 0
86: 715 0
87: 23 0
88: 715 0
89: 32 0
90: 23 0
91: 715 0
92: 29 0
93: 715 0
94: 30 0
95: 715 0
96: 32 0
97: 44 0
98: 715 0
99: 29 0
100: 715 0
101: 33 0
102: 715 0
103: 39 0
104: 286 1
105: 29 1
106: 715 1
107: 715 1
108: 31 1
109: 715 1
110: 715 1
111: 32 1
112: 715 1
113: 715 1
114: 29 1
115: 715 1
116: 715 1
117: 25 1
118: 715 1
119: 715 1
120: 715 1
121: 23 1
122: 716 1
123: 715 1
124: 11 1
125: 715 1
126: 715 1
127: 22 1
128: 715 1
129: 715 1
130: 715 1
131: 27 1
132: 715 1
133: 57 1
134: 715 1
135: 717 1
136: 715 1
137: 29 1
138: 715 1
139: 715 1
140: 28 1
141: 715 1
142: 715 1
143: 394 1
144: 36 1
145: 715 1
146: 26 1
147: 715 1
148: 715 1
149: 34 1
150: 715 1
151: 715 1
152: 715 1
153: 32 1
154: 715 1
155: 37 1
156: 715 1
157: 715 1
158: 715 1
159: 31 1
160: 715 1
161: 715 1
162: 30 1
163: 715 1
164: 715 1
165: 35 1
166: 715 1
167: 715 1
168: 360 1
169: 39 1
170: 715 1
171: 32 1
172: 715 1
173: 715 1
174: 145 1
175: 28 1
176: 715 1
177: 715 1
178: 31 1
179: 715 1
180: 715 1
181: 31 1
182: 715 1
183: 715 1
184: 33 1
185: 715 1
186: 715 1
187: 715 1
188: 31 1
189: 716 1
190: 715 1
191: 25 1
192: 715 1
193: 715 1
194: 24 1
195: 715 1
196: 715 1
197: 66 1
198: 715 1
199: 715 1
200: 29 1
201: 715 1
202: 716 1
203: 715 1
204: 31 0
205: 714 0
206: 33 0
207: 715 0
208: 30 0
209: 716 0
210: 25 0
211: 715 0
212: 29 0
213: 715 0
214: 30 0
215: 715 0
216: 24 0
217: 715 0
218: 31 0
219: 715 0
220: 25 0
221: 715 0
222: 29 0
223: 715 0
224: 27 0
225: 715 0
226: 21 0
227: 715 0
228: 25 0
229: 715 0
230: 27 0
231: 715 0
232: 35 0
233: 715 0
234: 39 0
235: 715 0
236: 24 0
237: 715 0
238: 34 0
239: 715 0
240: 21 0
241: 715 0
242: 29 0
243: 715 0
244: 34 0
245: 715 0
246: 32 0
247: 715 0
248: 30 0
249: 33 0
250: 715 0
251: 37 0
252: 715 0
253: 43 0
254: 715 0
255: 40 0
256: 715 0
257: 39 0
258: 715 0
259: 28 0
260: 715 0
261: 39 0
262: 715 0
263: 34 0
264: 715 0
265: 30 0
266: 715 0
267: 28 0
268: 715 0
269: 25 0
270: 715 0
271: 29 0
272: 715 0
273: 36 0
274: 715 0
275: 36 0
276: 715 0
277: 32 0
278: 715 0
279: 38 0
280: 715 0
281: 39 0
282: 715 0
283: 39 0
284: 715 0
285: 42 0
286: 715 0
287: 42 0
288: 715 0
289: 41 0
290: 715 0
291: 42 0
292: 715 0
293: 43 0
294: 46 0
295: 715 0
296: 35 0
297: 715 0
298: 34 0
299: 715 0
300: 37 0
301: 715 0
302: 37 0
303: 715 0
304: 41 0
305: 409 1
306: 43 1
307: 715 1
308: 715 1
309: 52 1
310: 715 1
311: 715 1
312: 34 1
313: 716 1
314: 715 1
315: 43 1
316: 715 1
317: 715 1
318: 715 1
319: 37 1
320: 715 1
321: 33 1
322: 715 1
323: 715 1
324: 715 1
325: 33 1
326: 715 1
327: 715 1
328: 35 1
329: 716 1
330: 715 1
331: 46 1
332: 715 1
333: 715 1
334: 715 1
335: 32 1
336: 715 1
337: 715 1
338: 36 1
339: 715 1
340: 715 1
341: 46 1
342: 715 1
343: 715 1
344: 29 1
345: 715 1
346: 715 1
347: 38 1
348: 715 1
349: 715 1
350: 37 1
351: 715 1
352: 715 1
353: 41 1
354: 715 1
355: 715 1
356: 38 1
357: 715 1
358: 715 1
359: 37 1
360: 715 1
361: 715 1
362: 715 1
363: 41 1
364: 715 1
365: 715 1
366: 39 1
367: 715 1
368: 714 1
369: 26 1
370: 715 1
371: 714 1
372: 715 1
373: 46 1
374: 714 1
375: 508 1
376: 30 1
377: 714 1
378: 715 1
379: 39 1
380: 714 1
381: 715 1
382: 20 1
383: 714 1
384: 714 1
385: 15 1
386: 715 1
387: 715 1
388: 716 1
389: 23 1
390: 714 1
391: 716 1
392: 30 1
393: 715 1
394: 716 1
395: 27 1
396: 715 1
397: 716 1
398: 353 1
399: 29 1
400: 716 1
401: 715 1
402: 30 1
403: 716 1
404: 715 1
405: 715 1
406: 716 1
407: 38 1
408: 715 1
409: 716 1
410: 715 1
411: 36 1
412: 716 1
413: 715 1
414: 36 1
415: 716 1
416: 714 1
417: 34 1
418: 716 1
419: 714 1
420: 339 1
421: 31 1
422: 714 1
423: 714 1
424: 24 1
425: 714 1
426: 714 1
427: 37 1
428: 714 1
429: 714 1
430: 39 1
431: 714 1
432: 714 1
433: 25 1
434: 714 1
435: 715 1
436: 26 1
437: 714 1
438: 714 1
439: 715 1
440: 33 1
441: 714 1
442: 36 1
443: 715 1
444: 715 1
445: 716 1
446: 28 1
447: 715 1
448: 716 1
449: 43 1
450: 715 1
451: 716 1
452: 31 1
453: 715 1
454: 716 1
455: 378 1
456: 26 1
457: 716 1
458: 715 1
459: 28 1
460: 716 1
461: 715 1
462: 31 1
463: 716 1
464: 715 1
465: 37 1
466: 716 1
467: 714 1
468: 715 1
469: 12 1
470: 716 1
471: 36 1
472: 716 1
473: 715 1
474: 715 1
475: 42 1
476: 715 1
477: 715 1
478: 30 1
479: 715 1
480: 715 1
481: 28 1
482: 715 1
483: 715 1
484: 716 1
485: 27 1
486: 715 1
487: 716 1
488: 31 1
489: 715 1
490: 716 1
491: 26 1
492: 715 1
493: 716 1
494: 716 1
495: 31 1
496: 716 1
497: 715 1
498: 23 1
499: 716 1
500: 715 1
501: 33 1
502: 716 1
503: 715 1
504: 715 1
505: 37 1
506: 715 1
507: 715 1
508: 715 1
509: 23 1
510: 715 1
511: 715 1
512: 29 1
513: 715 1
514: 715 1
515: 37 1
516: 715 1
517: 715 1
518: 32 1
519: 715 1
520: 715 1
521: 715 1
522: 24 1
523: 715 1
524: 714 1
525: 21 1
526: 715 1
527: 714 1
528: 21 1
529: 715 1
530: 714 1
531: 715 1
532: 36 1
533: 714 1
534: 714 1
535: 714 1
536: 37 1
537: 714 1
538: 41 1
539: 715 1
540: 714 1
541: 715 1
542: 37 1
543: 715 1
544: 715 1
545: 37 1
546: 714 1
547: 715 1
548: 32 1
549: 715 1
550: 715 1
551: 715 1
552: 32 1
553: 715 1
554: 715 1
555: 36 1
556: 715 1
557: 715 1
558: 22 1
559: 715 1
560: 715 1
561: 21 1
562: 715 1
563: 715 1
564: 670 1
565: 27 1
566: 714 1
567: 715 1
568: 31 1
569: 714 1
570: 715 1
571: 33 1
572: 714 1
573: 715 1
574: 21 1
575: 715 1
576: 715 1
577: 29 1
578: 715 1
579: 715 1
580: 37 1
581: 715 1
582: 715 1
583: 27 1
584: 715 1
585: 715 1
586: 30 1
587: 715 1
588: 715 1
589: 715 1
590: 29 1
591: 715 1
592: 131 1
593: 18 1
594: 715 1
595: 715 1
596: 29 1
597: 715 1
598: 715 1
599: 34 1
600: 715 1
601: 714 1
602: 34 1
603: 715 1
604: 716 1
605: 27 0
606: 715 0
607: 32 0
608: 715 0
609: 17 0
610: 715 0
611: 24 0
612: 715 0
613: 14 0
614: 715 0
615: 26 0
616: 715 0
617: 31 0
618: 715 0
619: 26 0
620: 714 0
621: 25 0
622: 716 0
623: 19 0
624: 715 0
625: 24 0
626: 714 0
627: 35 0
628: 715 0
629: 31 0
630: 714 0
631: 31 0
632: 714 0
633: 24 0
634: 715 0
635: 24 0
636: 714 0
637: 29 0
638: 532 0
639: 20 0
640: 28 0
641: 715 0
642: 23 0
643: 716 0
644: 37 0
645: 715 0
646: 23 0
647: 715 0
648: 21 0
649: 715 0
650: 25 0
651: 715 0
652: 30 0
653: 715 0
654: 25 0
655: 715 0
656: 27 0
657: 715 0
658: 17 0
659: 714 0
660: 21 0
661: 715 0
662: 20 0
663: 714 0
664: 28 0
665: 714 0
666: 24 0
667: 715 0
668: 31 0
669: 715 0
670: 21 0
671: 715 0
672: 21 0
673: 714 0
674: 24 0
675: 715 0
676: 35 0
677: 715 0
678: 31 0
679: 714 0
680: 14 0
681: 714 0
682: 23 0
683: 33 0
684: 716 0
685: 30 0
686: 716 0
687: 33 0
688: 715 0
689: 27 0
690: 715 0
691: 31 0
692: 716 0
693: 15 0
694: 715 0
695: 29 0
696: 715 0
697: 33 0
698: 716 0
699: 19 0
700: 715 0
701: 33 0
702: 715 0
703: 21 0
704: 716 0
705: 26 0
706: 715 0
707: 27 0
708: 715 0
709: 14 0
710: 715 0
711: 17 0
712: 715 0
713: 26 0
714: 715 0
715: 34 0
716: 715 0
717: 29 0
718: 714 0
719: 31 0
720: 715 0
721: 37 0
722: 715 0
723: 34 0
724: 715 0
725: 25 0
726: 715 0
727: 31 0
728: 715 0
729: 36 0
730: 715 0
731: 41 0
732: 714 0
733: 35 0
734: 715 0
735: 43 0
736: 714 0
737: 33 0
738: 39 0
739: 714 0
740: 37 0
741: 715 0
742: 34 0
743: 714 0
744: 43 0
745: 715 0
746: 26 0
747: 715 0
748: 43 0
749: 715 0
750: 35 0
751: 714 0
752: 28 0
753: 715 0
754: 28 0
755: 714 0
756: 40 0
757: 714 0
758: 28 0
759: 715 0
760: 27 0
761: 714 0
762: 21 0
763: 714 0
764: 29 0
765: 715 0
766: 36 0
767: 714 0
768: 38 0
769: 714 0
770: 32 0
771: 714 0
772: 31 0
773: 714 0
774: 20 0
775: 714 0
776: 28 0
777: 714 0
778: 27 0
779: 714 0
780: 23 0
781: 714 0
782: 14 0
783: 17 0
784: 714 0
785: 23 0
786: 714 0
787: 24 0
788: 714 0
789: 29 0
790: 714 0
791: 22 0
792: 715 0
793: 23 0
794: 714 0
795: 14 0
796: 714 0
797: 27 0
798: 714 0
799: 18 0
800: 714 0
801: 18 0
802: 715 0
803: 12 0
804: 714 0
805: 25 0
806: 715 0
807: 19 0
808: 715 0
809: 17 0
810: 714 0
811: 18 0
812: 714 0
813: 20 0
814: 715 0
815: 16 0
816: 714 0
817: 21 0
818: 714 0
819: 27 0
820: 715 0
821: 26 0
822: 714 0
823: 24 0
824: 714 0
825: 26 0
826: 24 0
827: 715 0
828: 27 0
829: 715 0
830: 25 0
831: 715 0
832: 34 0
833: 715 0
834: 35 0
835: 715 0
836: 20 0
837: 715 0
838: 24 0
839: 714 0
840: 31 0
841: 715 0
842: 41 0
843: 715 0
844: 33 0
845: 715 0
846: 33 0
847: 715 0
848: 28 0
849: 715 0
850: 35 0
851: 714 0
852: 39 0
853: 715 0
854: 39 0
855: 715 0
856: 31 0
857: 715 0
858: 30 0
859: 715 0
860: 28 0
861: 715 0
862: 25 0
863: 715 0
864: 27 0
865: 715 0
866: 21 0
867: 715 0
868: 30 0
869: 30 0
870: 716 0
871: 30 0
872: 716 0
873: 24 0
874: 715 0
875: 23 0
876: 716 0
877: 29 0
878: 717 0
879: 21 0
880: 716 0
881: 26 0
882: 716 0
883: 27 0
884: 716 0
885: 28 0
886: 715 0
887: 28 0
888: 715 0
889: 23 0
890: 714 0
891: 25 0
892: 714 0
893: 27 0
894: 714 0
895: 24 0
896: 715 0
897: 34 0
898: 714 0
899: 39 0
900: 714 0
901: 35 0
902: 714 0
903: 29 0
904: 714 0
905: 23 0
906: 37 0
907: 715 1
908: 25 1
909: 715 1
910: 714 1
911: 19 1
912: 715 1
913: 714 1
914: 714 1
915: 36 1
916: 714 1
917: 714 1
918: 28 1
919: 715 1
920: 715 1
921: 21 1
922: 715 1
923: 714 1
924: 29 1
925: 714 1
926: 716 1
927: 715 1
928: 27 1
929: 715 1
930: 715 1
931: 24 1
932: 715 1
933: 715 1
934: 26 1
935: 715 1
936: 715 1
937: 715 1
938: 25 1
939: 715 1
940: 34 1
941: 715 1
942: 715 1
943: 715 1
944: 27 1
945: 715 1
946: 714 1
947: 25 1
948: 715 1
949: 714 1
950: 23 1
951: 715 1
952: 714 1
953: 26 1
954: 715 1
955: 715 1
956: 23 1
957: 715 1
958: 715 1
959: 111 1
960: 19 1
961: 715 1
962: 30 1
963: 714 1
964: 714 1
965: 715 1
966: 20 1
967: 714 1
968: 715 1
969: 33 1
970: 715 1
971: 714 1
972: 21 1
973: 714 1
974: 714 1
975: 714 1
976: 35 1
977: 714 1
978: 714 1
979: 26 1
980: 714 1
981: 714 1
982: 32 1
983: 714 1
984: 714 1
985: 14 1
986: 714 1
987: 714 1
988: 115 1
989: 18 1
990: 714 1
991: 714 1
992: 23 1
993: 714 1
994: 714 1
995: 24 1
996: 714 1
997: 714 1
998: 22 1
999: 714 1
1000: 31 1
