1: 43 0
2: 49 0
3: 46 0
4: 50 0
5: 40 0
6: 38 0
7: 47 0
8: 43 0
9: 34 0
10: 42 0
11: 33 0
12: 36 0
13: 40 0
14: 45 0
15: 44 0
16: 43 0
17: 44 0
18: 40 0
19: 35 0
20: 44 0
21: 35 0
22: 48 0
23: 40 0
24: 36 0
25: 49 0
26: 34 0
27: 35 0
28: 33 0
29: 47 0
30: 31 0
31: 33 0
32: 42 0
33: 40 0
34: 45 0
35: 38 0
36: 36 0
37: 42 0
38: 30 0
39: 43 0
40: 39 0
41: 52 0
42: 44 0
43: 44 0
44: 42 0
45: 38 0
46: 48 0
47: 40 0
48: 43 0
49: 47 0
50: 58 0
51: 46 0
52: 46 0
53: 33 0
54: 31 0
55: 33 0
56: 53 0
57: 44 0
58: 44 0
59: 44 0
60: 48 0
61: 42 0
62: 45 0
63: 48 0
64: 38 0
65: 43 0
66: 40 0
67: 40 0
68: 45 0
69: 36 0
70: 38 0
71: 37 0
72: 37 0
73: 46 0
74: 51 0
75: 54 0
76: 46 0
77: 46 0
78: 41 0
79: 37 0
80: 41 0
81: 41 0
82: 45 0
83: 42 0
84: 38 0
85: 41 0
86: 42 0
87: 44 0
88: 41 0
89: 46 0
90: 40 0
91: 33 0
92: 40 0
93: 35 0
94: 34 0
95: 36 0
96: 30 0
97: 51 0
98: 41 0
99: 54 0
100: 48 0
101: 35 0
102: 43 0
103: 46 0
104: 51 0
105: 51 0
106: 48 0
107: 45 0
108: 53 0
109: 46 0
110: 44 0
111: 45 0
112: 48 0
113: 43 0
114: 43 0
115: 48 0
116: 51 0
117: 48 0
118: 45 0
119: 40 0
120: 39 0
121: 48 0
122: 39 0
123: 49 0
124: 44 0
125: 43 0
126: 46 0
127: 41 0
128: 53 0
129: 48 0
130: 51 0
131: 37 0
132: 29 0
133: 31 0
134: 33 0
135: 38 0
136: 37 0
137: 40 0
138: 47 0
139: 29 0
140: 45 0
141: 30 0
142: 35 0
143: 37 0
144: 39 0
145: 35 0
146: 48 0
147: 41 0
148: 37 0
149: 34 0
150: 47 0
151: 32 0
152: 36 0
153: 41 0
154: 39 0
155: 48 0
156: 47 0
157: 46 0
158: 50 0
159: 39 0
160: 41 0
161: 32 0
162: 43 0
163: 41 0
164: 39 0
165: 44 0
166: 45 0
167: 35 0
168: 36 0
169: 41 0
170: 40 0
171: 33 0
172: 42 0
173: 48 0
174: 44 0
175: 58 0
176: 39 0
177: 45 0
178: 46 0
179: 47 0
180: 48 0
181: 39 0
182: 48 0
183: 36 0
184: 40 0
185: 38 0
186: 36 0
187: 39 0
188: 39 0
189: 39 0
190: 42 0
191: 39 0
192: 43 0
193: 46 0
194: 33 0
195: 37 0
196: 38 0
197: 43 0
198: 36 0
199: 41 0
200: 47 0
201: 52 0
202: 52 0
203: 48 0
204: 43 0
205: 42 0
206: 45 0
207: 36 1
208: 38 1
209: 39 1
210: 36 1
211: 48 1
212: 45 1
213: 43 1
214: 42 1
215: 41 1
216: 35 1
217: 57 1
218: 29 1
219: 39 1
220: 30 1
221: 31 1
222: 35 1
223: 25 1
224: 31 1
225: 32 1
226: 35 1
227: 39 1
228: 41 1
229: 42 1
230: 33 1
231: 39 1
232: 50 1
233: 48 1
234: 46 1
235: 31 1
236: 34 1
237: 34 1
238: 40 1
239: 41 1
240: 25 1
241: 33 1
242: 35 1
243: 32 1
244: 37 1
245: 33 1
246: 44 1
247: 43 1
248: 27 1
249: 34 1
250: 44 1
251: 38 1
252: 39 1
253: 38 1
254: 36 1
255: 31 1
256: 38 1
257: 42 1
258: 33 1
259: 31 1
260: 49 1
261: 42 1
262: 33 1
263: 41 1
264: 37 1
265: 44 1
266: 33 1
267: 28 1
268: 27 1
269: 30 1
270: 32 1
271: 26 1
272: 33 1
273: 44 1
274: 47 1
275: 45 1
276: 36 1
277: 31 1
278: 36 1
279: 38 1
280: 45 1
281: 53 1
282: 41 1
283: 43 1
284: 43 1
285: 41 1
286: 39 1
287: 35 1
288: 36 1
289: 27 1
290: 21 1
291: 29 1
292: 33 1
293: 31 1
294: 33 1
295: 34 1
296: 37 1
297: 40 1
298: 35 1
299: 47 1
300: 27 1
301: 35 1
302: 32 1
303: 28 1
304: 39 1
305: 31 1
306: 36 1
307: 29 1
308: 38 0
309: 34 0
310: 41 0
311: 41 0
312: 34 0
313: 34 0
314: 34 0
315: 36 0
316: 33 0
317: 39 0
318: 37 0
319: 39 0
320: 50 0
321: 41 0
322: 32 0
323: 36 0
324: 37 0
325: 43 0
326: 36 0
327: 35 0
328: 36 0
329: 40 0
330: 39 0
331: 37 0
332: 32 0
333: 38 0
334: 36 0
335: 40 0
336: 38 0
337: 30 0
338: 26 0
339: 25 0
340: 41 0
341: 26 0
342: 36 0
343: 35 0
344: 32 0
345: 38 0
346: 35 0
347: 28 0
348: 32 0
349: 35 0
350: 33 0
351: 28 0
352: 44 0
353: 42 0
354: 49 0
355: 39 0
356: 37 0
357: 34 0
358: 33 0
359: 36 0
360: 37 0
361: 46 0
362: 45 0
363: 43 0
364: 30 0
365: 36 0
366: 40 0
367: 37 0
368: 38 0
369: 32 0
370: 34 0
371: 37 0
372: 33 0
373: 36 0
374: 41 0
375: 34 0
376: 39 0
377: 34 0
378: 29 0
379: 29 0
380: 37 0
381: 38 0
382: 37 0
383: 47 0
384: 33 0
385: 36 0
386: 44 0
387: 39 0
388: 49 0
389: 39 0
390: 37 0
391: 47 0
392: 39 0
393: 36 0
394: 43 0
395: 43 0
396: 49 0
397: 35 0
398: 42 0
399: 42 0
400: 42 0
401: 39 0
402: 32 0
403: 39 0
404: 34 0
405: 32 0
406: 33 0
407: 27 0
408: 43 0
409: 27 0
410: 39 1
411: 44 1
412: 38 1
413: 37 1
414: 34 1
415: 36 1
416: 35 1
417: 35 1
418: 35 1
419: 41 1
420: 29 1
421: 37 1
422: 33 1
423: 28 1
424: 30 1
425: 29 1
426: 21 1
427: 37 1
428: 43 1
429: 33 1
430: 35 1
431: 35 1
432: 29 1
433: 38 1
434: 31 1
435: 38 1
436: 31 1
437: 32 1
438: 36 1
439: 40 1
440: 34 1
441: 36 1
442: 33 1
443: 36 1
444: 34 1
445: 30 1
446: 36 1
447: 31 1
448: 32 1
449: 33 1
450: 37 1
451: 31 1
452: 33 1
453: 35 1
454: 31 1
455: 45 1
456: 42 1
457: 43 1
458: 47 1
459: 37 1
460: 40 1
461: 43 1
462: 38 1
463: 39 1
464: 42 1
465: 36 1
466: 37 1
467: 46 1
468: 44 1
469: 33 1
470: 35 1
471: 33 1
472: 42 1
473: 42 1
474: 39 1
475: 36 1
476: 42 1
477: 36 1
478: 36 1
479: 33 1
480: 42 1
481: 38 1
482: 50 1
483: 40 1
484: 33 1
485: 33 1
486: 35 1
487: 39 1
488: 38 1
489: 47 1
490: 45 1
491: 37 1
492: 43 1
493: 43 1
494: 42 1
495: 36 1
496: 31 1
497: 29 1
498: 34 1
499: 32 1
500: 44 1
501: 39 1
502: 39 1
503: 35 1
504: 37 1
505: 24 1
506: 37 1
507: 28 1
508: 35 1
509: 36 1
510: 47 1
511: 39 1
512: 30 0
513: 39 0
514: 46 0
515: 33 0
516: 45 0
517: 35 0
518: 39 0
519: 45 0
520: 37 0
521: 30 0
522: 43 0
523: 39 0
524: 43 0
525: 39 0
526: 41 0
527: 43 0
528: 31 0
529: 44 0
530: 35 0
531: 34 0
532: 31 0
533: 39 0
534: 38 0
535: 39 0
536: 40 0
537: 45 0
538: 38 0
539: 26 0
540: 33 0
541: 34 0
542: 37 0
543: 49 0
544: 35 0
545: 35 0
546: 28 0
547: 35 0
548: 42 0
549: 34 0
550: 39 0
551: 33 0
552: 45 0
553: 33 0
554: 26 0
555: 32 0
556: 37 0
557: 35 0
558: 38 0
559: 41 0
560: 36 0
561: 46 0
562: 34 0
563: 40 0
564: 36 0
565: 34 0
566: 36 0
567: 45 0
568: 36 0
569: 28 0
570: 37 0
571: 31 0
572: 31 0
573: 39 0
574: 44 0
575: 40 0
576: 49 0
577: 39 0
578: 24 0
579: 20 0
580: 39 0
581: 30 0
582: 41 0
583: 31 0
584: 33 0
585: 23 0
586: 35 0
587: 36 0
588: 38 0
589: 39 0
590: 30 0
591: 43 0
592: 41 0
593: 45 0
594: 36 0
595: 31 0
596: 36 0
597: 38 0
598: 48 0
599: 41 0
600: 48 0
601: 37 0
602: 47 0
603: 43 0
604: 26 0
605: 37 0
606: 42 0
607: 38 0
608: 38 0
609: 33 0
610: 31 0
611: 39 0
612: 34 0
613: 38 0
614: 40 0
615: 34 0
616: 41 0
617: 31 0
618: 30 0
619: 44 0
620: 38 0
621: 37 0
622: 27 0
623: 44 0
624: 34 0
625: 38 0
626: 33 0
627: 47 0
628: 40 0
629: 36 0
630: 36 0
631: 33 0
632: 46 0
633: 40 0
634: 35 0
635: 35 0
636: 33 0
637: 33 0
638: 39 0
639: 27 0
640: 29 0
641: 33 0
642: 34 0
643: 38 0
644: 41 0
645: 37 0
646: 38 0
647: 49 0
648: 37 0
649: 36 0
650: 39 0
651: 39 0
652: 31 0
653: 30 0
654: 42 0
655: 42 0
656: 29 0
657: 32 0
658: 44 0
659: 49 0
660: 42 0
661: 33 0
662: 35 0
663: 43 0
664: 33 0
665: 44 0
666: 38 0
667: 38 0
668: 32 0
669: 38 0
670: 35 0
671: 44 0
672: 41 0
673: 38 0
674: 42 0
675: 36 0
676: 40 0
677: 40 0
678: 30 0
679: 39 0
680: 38 0
681: 31 0
682: 35 0
683: 34 0
684: 36 0
685: 36 0
686: 34 0
687: 43 0
688: 36 0
689: 34 0
690: 27 0
691: 33 0
692: 37 0
693: 31 0
694: 33 0
695: 37 0
696: 44 0
697: 23 0
698: 39 0
699: 35 0
700: 38 0
701: 35 0
702: 25 0
703: 23 0
704: 41 0
705: 39 0
706: 38 0
707: 35 0
708: 38 0
709: 31 0
710: 33 0
711: 40 0
712: 39 0
713: 38 0
714: 37 0
715: 42 1
716: 45 1
717: 51 1
718: 40 1
719: 37 1
720: 41 1
721: 39 1
722: 44 1
723: 40 1
724: 40 1
725: 37 1
726: 35 1
727: 34 1
728: 37 1
729: 39 1
730: 36 1
731: 27 1
732: 36 1
733: 37 1
734: 35 1
735: 30 1
736: 29 1
737: 29 1
738: 36 1
739: 27 1
740: 28 1
741: 31 1
742: 32 1
743: 34 1
744: 25 1
745: 32 1
746: 30 1
747: 42 1
748: 29 1
749: 31 1
750: 38 1
751: 35 1
752: 33 1
753: 39 1
754: 39 1
755: 34 1
756: 31 1
757: 26 1
758: 28 1
759: 20 1
760: 29 1
761: 29 1
762: 34 1
763: 28 1
764: 30 1
765: 33 1
766: 36 1
767: 30 1
768: 36 1
769: 28 1
770: 18 1
771: 21 1
772: 31 1
773: 35 1
774: 29 1
775: 37 1
776: 29 1
777: 25 1
778: 27 1
779: 23 1
780: 32 1
781: 30 1
782: 32 1
783: 30 1
784: 30 1
785: 30 1
786: 23 1
787: 21 1
788: 33 1
789: 33 1
790: 32 1
791: 25 1
792: 35 1
793: 33 1
794: 47 1
795: 37 1
796: 34 1
797: 30 1
798: 33 1
799: 29 1
800: 37 1
801: 27 1
802: 26 1
803: 23 1
804: 27 1
805: 36 1
806: 41 1
807: 28 1
808: 35 1
809: 33 1
810: 31 1
811: 34 1
812: 33 1
813: 23 1
814: 32 1
815: 33 1
816: 27 1
817: 28 1
818: 38 1
819: 39 1
820: 31 1
821: 44 1
822: 46 1
823: 46 1
824: 38 1
825: 32 1
826: 31 1
827: 34 1
828: 40 1
829: 38 1
830: 34 1
831: 30 1
832: 40 1
833: 41 1
834: 29 1
835: 30 1
836: 44 1
837: 37 1
838: 44 1
839: 36 1
840: 41 1
841: 33 1
842: 26 1
843: 39 1
844: 29 1
845: 37 1
846: 31 1
847: 36 1
848: 39 1
849: 33 1
850: 41 1
851: 41 1
852: 32 1
853: 31 1
854: 40 1
855: 34 1
856: 31 1
857: 35 1
858: 30 1
859: 36 1
860: 31 1
861: 31 1
862: 31 1
863: 38 1
864: 37 1
865: 35 1
866: 38 1
867: 38 1
868: 37 1
869: 31 1
870: 38 1
871: 30 1
872: 38 1
873: 39 1
874: 40 1
875: 31 1
876: 32 1
877: 43 1
878: 30 1
879: 31 1
880: 23 1
881: 37 1
882: 32 1
883: 43 1
884: 41 1
885: 31 1
886: 27 1
887: 32 1
888: 30 1
889: 29 1
890: 39 1
891: 31 1
892: 42 1
893: 36 1
894: 30 1
895: 37 1
896: 31 1
897: 29 1
898: 33 1
899: 30 1
900: 30 1
901: 31 1
902: 39 1
903: 33 1
904: 40 1
905: 41 1
906: 29 1
907: 37 1
908: 21 1
909: 27 1
910: 33 1
911: 31 1
912: 35 1
913: 39 1
914: 32 1
915: 29 1
916: 35 1
917: 25 1
918: 33 1
919: 25 1
920: 37 1
921: 28 1
922: 29 1
923: 40 1
924: 18 1
925: 20 1
926: 31 1
927: 27 1
928: 34 1
929: 35 1
930: 23 1
931: 29 1
932: 28 1
933: 33 1
934: 44 1
935: 31 1
936: 24 1
937: 38 1
938: 38 1
939: 33 1
940: 30 1
941: 33 1
942: 35 1
943: 35 1
944: 29 1
945: 27 1
946: 36 1
947: 32 1
948: 35 1
949: 40 1
950: 36 1
951: 36 1
952: 23 1
953: 19 1
954: 36 1
955: 23 1
956: 33 1
957: 28 1
958: 23 1
959: 27 1
960: 28 1
961: 24 1
962: 23 1
963: 31 1
964: 34 1
965: 25 1
966: 23 1
967: 37 1
968: 26 1
969: 29 1
970: 33 1
971: 30 1
972: 30 1
973: 35 1
974: 33 1
975: 39 1
976: 25 1
977: 34 1
978: 25 1
979: 22 1
980: 25 1
981: 22 1
982: 19 1
983: 29 1
984: 37 1
985: 28 1
986: 19 1
987: 35 1
988: 17 1
989: 31 1
990: 28 1
991: 33 1
992: 32 1
993: 27 1
994: 31 1
995: 33 1
996: 21 1
997: 31 1
998: 25 1
999: 28 1
1000: 26 1
