1: 715 0
2: 715 0
3: 716 0
4: 716 0
5: 717 0
6: 715 0
7: 716 0
8: 716 0
9: 716 0
10: 715 0
11: 715 0
12: 715 0
13: 718 0
14: 715 0
15: 716 0
16: 716 0
17: 717 0
18: 716 0
19: 716 0
20: 717 0
21: 715 0
22: 716 0
23: 715 0
24: 716 0
25: 715 0
26: 716 0
27: 715 0
28: 714 0
29: 716 0
30: 714 0
31: 715 0
32: 714 0
33: 715 0
34: 714 0
35: 715 0
36: 716 0
37: 714 0
38: 715 0
39: 715 0
40: 715 0
41: 714 0
42: 716 0
43: 714 0
44: 715 0
45: 716 0
46: 715 0
47: 715 0
48: 714 0
49: 715 0
50: 714 0
51: 715 0
52: 715 0
53: 715 0
54: 715 0
55: 715 0
56: 715 0
57: 714 0
58: 716 0
59: 714 0
60: 715 0
61: 715 0
62: 715 0
63: 715 0
64: 715 0
65: 715 0
66: 714 0
67: 715 0
68: 714 0
69: 715 0
70: 714 0
71: 715 0
72: 715 0
73: 715 0
74: 716 0
75: 714 0
76: 715 0
77: 715 0
78: 715 0
79: 714 0
80: 715 0
81: 714 0
82: 715 0
83: 716 0
84: 717 0
85: 715 0
86: 716 0
87: 717 0
88: 715 0
89: 715 0
90: 715 0
91: 715 0
92: 715 0
93: 715 0
94: 716 0
95: 714 0
96: 715 0
97: 714 0
98: 715 0
99: 714 0
100: 714 0
101: 715 0
102: 715 0
103: 714 1
104: 715 1
105: 715 1
106: 714 1
107: 715 1
108: 715 1
109: 714 1
110: 714 1
111: 716 1
112: 715 1
113: 714 1
114: 716 1
115: 715 1
116: 714 1
117: 716 1
118: 715 1
119: 715 1
120: 715 1
121: 716 1
122: 715 1
123: 715 1
124: 715 1
125: 716 1
126: 715 1
127: 715 1
128: 715 1
129: 715 1
130: 714 1
131: 716 1
132: 716 1
133: 716 1
134: 715 1
135: 716 1
136: 714 1
137: 716 1
138: 715 1
139: 715 1
140: 714 1
141: 715 1
142: 715 1
143: 715 1
144: 715 1
145: 716 1
146: 715 1
147: 714 1
148: 715 1
149: 716 1
150: 714 1
151: 715 1
152: 716 1
153: 714 1
154: 715 1
155: 716 1
156: 714 1
157: 714 1
158: 716 1
159: 715 1
160: 714 1
161: 715 1
162: 717 1
163: 714 1
164: 715 1
165: 715 1
166: 715 1
167: 714 1
168: 716 1
169: 715 1
170: 714 1
171: 715 1
172: 715 1
173: 714 1
174: 715 1
175: 716 1
176: 715 1
177: 714 1
178: 716 1
179: 715 1
180: 714 1
181: 716 1
182: 715 1
183: 714 1
184: 716 1
185: 715 1
186: 715 1
187: 715 1
188: 716 1
189: 715 1
190: 714 1
191: 715 1
192: 715 1
193: 714 1
194: 714 1
195: 715 1
196: 715 1
197: 714 1
198: 716 1
199: 715 1
200: 714 1
201: 715 1
202: 715 1
203: 713 1
204: 714 1
205: 716 1
206: 715 1
207: 715 1
208: 715 1
209: 716 1
210: 715 1
211: 715 1
212: 715 1
213: 715 1
214: 714 1
215: 715 1
216: 716 1
217: 714 1
218: 715 1
219: 716 1
220: 714 1
221: 715 1
222: 715 1
223: 715 1
224: 714 1
225: 718 1
226: 715 1
227: 714 1
228: 715 1
229: 715 1
230: 714 1
231: 715 1
232: 715 1
233: 715 1
234: 714 1
235: 715 1
236: 715 1
237: 714 1
238: 715 1
239: 716 1
240: 714 1
241: 715 1
242: 716 1
243: 714 1
244: 714 1
245: 716 1
246: 715 1
247: 714 1
248: 716 1
249: 715 1
250: 714 1
251: 715 1
252: 715 1
253: 715 1
254: 714 1
255: 715 1
256: 715 1
257: 714 1
258: 715 1
259: 715 1
260: 714 1
261: 714 1
262: 715 1
263: 715 1
264: 714 1
265: 715 1
266: 715 1
267: 714 1
268: 715 1
269: 715 1
270: 714 1
271: 715 1
272: 715 1
273: 715 1
274: 715 1
275: 715 1
276: 715 1
277: 715 1
278: 715 1
279: 715 1
280: 715 1
281: 714 1
282: 715 1
283: 715 1
284: 714 1
285: 715 1
286: 715 1
287: 714 1
288: 715 1
289: 715 1
290: 714 1
291: 714 1
292: 715 1
293: 715 1
294: 714 1
295: 715 1
296: 715 1
297: 714 1
298: 715 1
299: 715 1
300: 714 1
301: 714 1
302: 715 0
303: 716 0
304: 714 0
305: 715 0
306: 716 0
307: 714 0
308: 714 0
309: 716 0
310: 714 0
311: 714 0
312: 716 0
313: 715 0
314: 714 0
315: 716 0
316: 715 0
317: 714 0
318: 714 0
319: 715 0
320: 714 0
321: 714 0
322: 715 0
323: 714 0
324: 714 0
325: 715 0
326: 715 0
327: 714 0
328: 714 0
329: 715 0
330: 714 0
331: 714 0
332: 715 0
333: 715 0
334: 714 0
335: 716 0
336: 715 0
337: 714 0
338: 715 0
339: 715 0
340: 715 0
341: 715 0
342: 715 0
343: 715 0
344: 715 0
345: 715 0
346: 715 0
347: 715 0
348: 714 0
349: 715 0
350: 715 0
351: 714 0
352: 715 0
353: 715 0
354: 714 0
355: 715 0
356: 715 0
357: 714 0
358: 714 0
359: 715 0
360: 715 0
361: 714 0
362: 715 0
363: 715 0
364: 714 0
365: 714 0
366: 715 0
367: 715 0
368: 714 0
369: 715 0
370: 716 0
371: 714 0
372: 715 0
373: 716 0
374: 714 0
375: 714 0
376: 716 0
377: 714 0
378: 714 0
379: 716 0
380: 715 0
381: 714 0
382: 715 0
383: 715 0
384: 714 0
385: 714 0
386: 715 0
387: 714 0
388: 714 0
389: 715 0
390: 715 0
391: 714 0
392: 715 0
393: 715 0
394: 714 0
395: 714 0
396: 715 0
397: 715 0
398: 714 0
399: 717 0
400: 715 0
401: 714 0
402: 716 0
403: 715 0
404: 714 0
405: 715 0
406: 715 0
407: 714 0
408: 714 0
409: 715 0
410: 715 0
411: 714 0
412: 715 0
413: 715 0
414: 715 0
415: 714 0
416: 715 0
417: 715 0
418: 714 0
419: 715 0
420: 715 0
421: 714 0
422: 715 0
423: 715 0
424: 714 0
425: 714 0
426: 715 0
427: 715 0
428: 714 0
429: 716 0
430: 716 0
431: 715 0
432: 714 0
433: 715 0
434: 716 0
435: 714 0
436: 715 0
437: 716 0
438: 714 0
439: 715 0
440: 716 0
441: 714 0
442: 714 0
443: 716 0
444: 715 0
445: 714 0
446: 715 0
447: 715 0
448: 714 0
449: 715 0
450: 715 0
451: 714 0
452: 714 0
453: 715 0
454: 715 0
455: 714 0
456: 715 0
457: 715 0
458: 714 0
459: 715 0
460: 715 0
461: 714 0
462: 714 0
463: 716 0
464: 715 0
465: 714 0
466: 716 0
467: 715 0
468: 714 0
469: 716 0
470: 715 0
471: 714 0
472: 715 0
473: 715 0
474: 715 0
475: 714 0
476: 715 0
477: 715 0
478: 714 0
479: 715 0
480: 715 0
481: 714 0
482: 714 0
483: 715 0
484: 715 0
485: 714 0
486: 715 0
487: 715 0
488: 714 0
489: 715 0
490: 716 0
491: 714 0
492: 714 0
493: 716 0
494: 715 0
495: 715 0
496: 716 0
497: 715 0
498: 716 0
499: 715 0
500: 715 0
501: 716 0
502: 714 0
503: 715 0
504: 716 0
505: 714 0
506: 715 0
507: 716 0
508: 714 0
509: 715 0
510: 716 0
511: 715 0
512: 714 0
513: 715 0
514: 715 0
515: 714 0
516: 715 0
517: 715 0
518: 714 0
519: 715 0
520: 716 0
521: 715 0
522: 714 0
523: 715 0
524: 715 0
525: 714 0
526: 715 0
527: 716 0
528: 715 0
529: 716 0
530: 717 0
531: 715 0
532: 714 0
533: 716 0
534: 715 0
535: 714 0
536: 716 0
537: 715 0
538: 715 0
539: 715 0
540: 717 0
541: 715 0
542: 715 0
543: 715 0
544: 715 0
545: 714 0
546: 715 0
547: 715 0
548: 715 0
549: 714 0
550: 715 0
551: 715 0
552: 714 0
553: 715 0
554: 715 0
555: 714 0
556: 715 0
557: 715 0
558: 714 0
559: 716 0
560: 715 0
561: 715 0
562: 715 0
563: 715 0
564: 715 0
565: 715 0
566: 715 0
567: 715 0
568: 715 0
569: 714 0
570: 716 0
571: 715 0
572: 714 0
573: 715 0
574: 715 0
575: 714 0
576: 714 0
577: 715 0
578: 714 0
579: 714 0
580: 715 0
581: 715 0
582: 714 0
583: 715 0
584: 715 0
585: 714 0
586: 715 0
587: 715 0
588: 715 0
589: 714 0
590: 716 0
591: 716 0
592: 714 0
593: 715 0
594: 716 0
595: 714 0
596: 714 0
597: 716 0
598: 715 0
599: 714 0
600: 717 1
601: 716 1
602: 715 1
603: 717 1
604: 716 1
605: 715 1
606: 717 1
607: 717 1
608: 716 1
609: 717 1
610: 716 1
611: 716 1
612: 716 1
613: 716 1
614: 717 1
615: 716 1
616: 714 1
617: 715 1
618: 715 1
619: 714 1
620: 715 1
621: 715 1
622: 714 1
623: 715 1
624: 715 1
625: 714 1
626: 715 1
627: 715 1
628: 715 1
629: 715 1
630: 715 1
631: 715 1
632: 715 1
633: 714 1
634: 715 1
635: 715 1
636: 714 1
637: 715 1
638: 715 1
639: 714 1
640: 715 1
641: 715 1
642: 714 1
643: 714 1
644: 715 1
645: 714 1
646: 714 1
647: 715 1
648: 715 1
649: 714 1
650: 715 1
651: 715 1
652: 714 1
653: 714 1
654: 715 1
655: 715 1
656: 714 1
657: 715 1
658: 716 1
659: 714 1
660: 715 1
661: 716 1
662: 714 1
663: 714 1
664: 716 1
665: 715 1
666: 714 1
667: 715 1
668: 715 1
669: 714 1
670: 715 1
671: 715 1
672: 714 1
673: 714 1
674: 715 1
675: 715 1
676: 714 1
677: 715 1
678: 715 1
679: 714 1
680: 715 1
681: 715 1
682: 715 1
683: 714 1
684: 716 1
685: 715 1
686: 714 1
687: 716 1
688: 715 1
689: 714 1
690: 716 1
691: 715 1
692: 715 1
693: 715 1
694: 716 1
695: 715 1
696: 715 1
697: 715 1
698: 716 1
699: 715 1
700: 714 0
701: 715 0
702: 715 0
703: 714 0
704: 715 0
705: 715 0
706: 714 0
707: 715 0
708: 716 0
709: 714 0
710: 714 0
711: 715 0
712: 715 0
713: 714 0
714: 715 0
715: 715 0
716: 714 0
717: 715 0
718: 715 0
719: 715 0
720: 714 0
721: 715 0
722: 715 0
723: 714 0
724: 715 0
725: 716 0
726: 714 0
727: 715 0
728: 716 0
729: 714 0
730: 715 0
731: 716 0
732: 715 0
733: 714 0
734: 715 0
735: 715 0
736: 714 0
737: 715 0
738: 715 0
739: 714 0
740: 714 0
741: 715 0
742: 715 0
743: 714 0
744: 715 0
745: 715 0
746: 714 0
747: 714 0
748: 715 0
749: 714 0
750: 714 0
751: 716 0
752: 715 0
753: 714 0
754: 716 0
755: 715 0
756: 715 0
757: 716 0
758: 716 0
759: 715 0
760: 715 0
761: 716 0
762: 715 0
763: 715 0
764: 715 0
765: 715 0
766: 714 0
767: 715 0
768: 715 0
769: 715 0
770: 714 0
771: 715 0
772: 715 0
773: 715 0
774: 715 0
775: 715 0
776: 715 0
777: 715 0
778: 716 0
779: 715 0
780: 715 0
781: 716 0
782: 716 0
783: 715 0
784: 715 0
785: 715 0
786: 716 0
787: 715 0
788: 715 0
789: 716 0
790: 714 0
791: 716 0
792: 716 0
793: 714 0
794: 715 0
795: 716 0
796: 714 0
797: 714 0
798: 715 0
799: 715 1
800: 714 1
801: 715 1
802: 715 1
803: 714 1
804: 715 1
805: 715 1
806: 715 1
807: 714 1
808: 716 1
809: 715 1
810: 714 1
811: 715 1
812: 715 1
813: 714 1
814: 714 1
815: 717 1
816: 715 1
817: 714 1
818: 716 1
819: 715 1
820: 714 1
821: 716 1
822: 715 1
823: 714 1
824: 715 1
825: 715 1
826: 715 1
827: 714 1
828: 715 1
829: 715 1
830: 714 1
831: 715 1
832: 715 1
833: 714 1
834: 714 1
835: 715 1
836: 715 1
837: 714 1
838: 715 1
839: 715 1
840: 714 1
841: 714 1
842: 715 1
843: 714 1
844: 714 1
845: 715 1
846: 715 1
847: 715 1
848: 715 1
849: 715 1
850: 715 1
851: 714 1
852: 715 1
853: 715 1
854: 714 1
855: 715 1
856: 716 1
857: 714 1
858: 715 1
859: 715 1
860: 714 1
861: 714 1
862: 715 1
863: 714 1
864: 714 1
865: 715 1
866: 715 1
867: 714 1
868: 716 1
869: 717 1
870: 714 1
871: 715 1
872: 715 1
873: 715 1
874: 714 1
875: 716 1
876: 715 1
877: 714 1
878: 715 1
879: 716 1
880: 714 1
881: 714 1
882: 716 1
883: 715 1
884: 714 1
885: 716 1
886: 715 1
887: 714 1
888: 716 1
889: 715 1
890: 714 1
891: 714 1
892: 715 1
893: 714 1
894: 714 1
895: 715 1
896: 715 1
897: 714 1
898: 714 1
899: 715 1
900: 714 1
901: 714 1
902: 715 1
903: 715 1
904: 714 1
905: 715 1
906: 715 1
907: 714 1
908: 715 1
909: 715 1
910: 715 1
911: 715 1
912: 715 1
913: 715 1
914: 715 1
915: 715 1
916: 715 1
917: 715 1
918: 714 1
919: 715 1
920: 715 1
921: 714 1
922: 715 1
923: 715 1
924: 714 1
925: 715 1
926: 715 1
927: 714 1
928: 714 1
929: 715 1
930: 715 1
931: 714 1
932: 715 1
933: 715 1
934: 714 1
935: 715 1
936: 715 1
937: 714 1
938: 714 1
939: 715 1
940: 715 1
941: 714 1
942: 715 1
943: 716 1
944: 714 1
945: 715 1
946: 716 1
947: 714 1
948: 714 1
949: 716 1
950: 715 1
951: 714 1
952: 716 1
953: 715 1
954: 714 1
955: 716 1
956: 715 1
957: 714 1
958: 714 1
959: 715 1
960: 715 1
961: 714 1
962: 715 1
963: 715 1
964: 714 1
965: 715 1
966: 715 1
967: 714 1
968: 714 1
969: 715 1
970: 715 1
971: 714 1
972: 715 1
973: 715 1
974: 714 1
975: 716 1
976: 716 1
977: 715 1
978: 715 1
979: 716 1
980: 715 1
981: 715 1
982: 715 1
983: 715 1
984: 715 1
985: 715 1
986: 715 1
987: 715 1
988: 714 1
989: 716 1
990: 715 1
991: 714 1
992: 715 1
993: 715 1
994: 714 1
995: 714 1
996: 715 1
997: 714 1
998: 714 0
999: 716 0
1000: 715 0
