1: 647 1
2: 644 1
3: 646 1
4: 716 1
5: 647 1
6: 716 1
7: 646 1
8: 717 1
9: 645 1
10: 716 1
11: 645 1
12: 718 1
13: 650 1
14: 718 1
15: 649 1
16: 720 1
17: 645 1
18: 716 1
19: 646 1
20: 717 1
21: 648 1
22: 720 1
23: 645 1
24: 716 1
25: 646 1
26: 717 1
27: 647 1
28: 718 1
29: 645 1
30: 716 1
31: 645 1
32: 717 1
33: 648 1
34: 719 1
35: 648 1
36: 720 1
37: 646 1
38: 718 1
39: 649 1
40: 719 1
41: 648 1
42: 716 1
43: 645 1
44: 716 1
45: 644 1
46: 717 1
47: 648 1
48: 716 1
49: 644 1
50: 645 1
51: 716 1
52: 646 1
53: 716 1
54: 647 1
55: 716 1
56: 645 1
57: 716 1
58: 646 1
59: 716 1
60: 647 1
61: 716 1
62: 645 1
63: 716 1
64: 646 1
65: 716 1
66: 645 1
67: 716 1
68: 645 1
69: 716 1
70: 645 1
71: 716 1
72: 646 1
73: 716 1
74: 645 1
75: 716 1
76: 646 1
77: 716 1
78: 645 1
79: 716 1
80: 645 1
81: 716 1
82: 645 1
83: 716 1
84: 646 1
85: 716 1
86: 645 1
87: 716 1
88: 645 1
89: 717 1
90: 645 1
91: 716 1
92: 645 1
93: 716 1
94: 646 1
95: 716 1
96: 644 1
97: 0 1
98: 33 1
99: 0 1
100: 33 1
101: 0 1
102: 33 1
103: 31 1
104: 33 1
105: 0 1
106: 33 1
107: 0 1
108: 35 1
109: 0 1
110: 0 1
111: 32 1
112: 0 1
113: 32 1
114: 0 1
115: 32 1
116: 0 1
117: 33 1
118: 0 1
119: 34 1
120: 0 1
121: 33 1
122: 0 1
123: 34 1
124: 0 1
125: 33 1
126: 0 1
127: 33 1
128: 0 1
129: 32 1
130: 0 1
131: 33 1
132: 0 1
133: 33 1
134: 0 1
135: 34 1
136: 0 1
137: 34 1
138: 0 1
139: 33 1
140: 0 1
141: 34 1
142: 0 1
143: 33 1
144: 0 1
145: 34 1
146: 0 1
147: 33 1
148: 0 1
149: 34 1
150: 0 1
151: 35 1
152: 33 1
153: 0 1
154: 33 1
155: 0 1
156: 33 1
157: 0 1
158: 33 1
159: 0 1
160: 33 1
161: 0 1
162: 33 1
163: 0 1
164: 33 1
165: 0 1
166: 34 1
167: 0 1
168: 33 1
169: 0 1
170: 34 1
171: 0 1
172: 32 1
173: 0 1
174: 33 1
175: 0 1
176: 33 1
177: 0 1
178: 34 1
179: 0 1
180: 33 1
181: 0 1
182: 33 1
183: 0 1
184: 34 1
185: 0 1
186: 34 1
187: 0 1
188: 35 1
189: 0 1
190: 35 1
191: 0 1
192: 35 1
193: 0 1
194: 0 1
195: 34 1
196: 0 1
197: 33 1
198: 0 1
199: 33 1
200: 0 1
201: 33 1
202: 0 1
203: 33 1
204: 0 1
205: 33 1
206: 0 0
207: 0 0
208: 0 0
209: 0 0
210: 0 0
211: 0 0
212: 34 0
213: 33 0
214: 33 0
215: 33 0
216: 33 0
217: 0 0
218: 0 0
219: 0 0
220: 0 0
221: 0 0
222: 34 0
223: 32 0
224: 33 0
225: 33 0
226: 34 0
227: 0 0
228: 0 0
229: 0 0
230: 0 0
231: 0 0
232: 33 0
233: 34 0
234: 33 0
235: 32 0
236: 33 0
237: 0 0
238: 0 0
239: 0 0
240: 0 0
241: 0 0
242: 35 0
243: 34 0
244: 34 0
245: 34 0
246: 34 0
247: 0 0
248: 0 0
249: 0 0
250: 0 0
251: 0 0
252: 0 0
253: 35 0
254: 34 0
255: 33 0
256: 34 0
257: 33 0
258: 0 0
259: 0 0
260: 0 0
261: 0 0
262: 0 0
263: 33 0
264: 33 0
265: 33 0
266: 33 0
267: 33 0
268: 0 0
269: 0 0
270: 0 0
271: 0 0
272: 0 0
273: 35 0
274: 32 0
275: 33 0
276: 34 0
277: 34 0
278: 0 0
279: 0 0
280: 0 0
281: 0 0
282: 0 0
283: 35 0
284: 35 0
285: 34 0
286: 33 0
287: 34 0
288: 0 0
289: 0 0
290: 0 0
291: 0 0
292: 0 0
293: 0 0
294: 34 0
295: 35 0
296: 33 0
297: 33 0
298: 33 0
299: 0 0
300: 0 0
301: 0 0
302: 0 0
303: 0 0
304: 34 0
305: 33 0
306: 34 0
307: 34 0
308: 33 0
309: 33 1
310: 0 1
311: 0 1
312: 33 1
313: 0 1
314: 34 1
315: 0 1
316: 34 1
317: 0 1
318: 34 1
319: 0 1
320: 35 1
321: 0 1
322: 34 1
323: 0 1
324: 34 1
325: 0 1
326: 35 1
327: 0 1
328: 35 1
329: 0 1
330: 34 1
331: 0 1
332: 34 1
333: 0 1
334: 34 1
335: 0 1
336: 34 1
337: 0 1
338: 33 1
339: 0 1
340: 32 1
341: 0 1
342: 33 1
343: 0 1
344: 36 1
345: 0 1
346: 35 1
347: 0 1
348: 34 1
349: 0 1
350: 35 1
351: 0 1
352: 35 1
353: 33 1
354: 0 1
355: 35 1
356: 0 1
357: 34 1
358: 0 1
359: 35 1
360: 0 1
361: 34 1
362: 0 1
363: 36 1
364: 0 1
365: 34 1
366: 0 1
367: 34 1
368: 0 1
369: 35 1
370: 0 1
371: 34 1
372: 0 1
373: 34 1
374: 0 1
375: 36 1
376: 0 1
377: 33 1
378: 0 1
379: 33 1
380: 0 1
381: 32 1
382: 0 1
383: 33 1
384: 0 1
385: 35 1
386: 0 1
387: 34 1
388: 0 1
389: 35 1
390: 0 1
391: 34 1
392: 0 1
393: 35 1
394: 0 1
395: 0 1
396: 33 1
397: 0 1
398: 34 1
399: 0 1
400: 35 1
401: 0 1
402: 35 1
403: 0 1
404: 35 1
405: 0 1
406: 35 1
407: 0 1
408: 33 1
409: 0 1
410: 33 1
411: 34 1
412: 0 1
413: 33 1
414: 0 1
415: 34 1
416: 0 1
417: 33 1
418: 0 1
419: 34 1
420: 0 1
421: 34 1
422: 0 1
423: 35 1
424: 0 1
425: 34 1
426: 0 1
427: 35 1
428: 0 1
429: 35 1
430: 0 1
431: 34 1
432: 0 1
433: 34 1
434: 0 1
435: 35 1
436: 0 1
437: 35 1
438: 0 1
439: 35 1
440: 0 1
441: 35 1
442: 0 1
443: 35 1
444: 0 1
445: 0 1
446: 34 1
447: 0 1
448: 34 1
449: 0 1
450: 35 1
451: 0 1
452: 33 1
453: 0 1
454: 33 1
455: 0 1
456: 35 1
457: 0 1
458: 34 1
459: 0 1
460: 34 1
461: 0 1
462: 34 1
463: 0 1
464: 34 1
465: 0 1
466: 35 1
467: 0 1
468: 33 1
469: 0 1
470: 35 1
471: 0 1
472: 35 1
473: 0 1
474: 35 1
475: 0 1
476: 34 1
477: 0 1
478: 36 1
479: 0 1
480: 34 1
481: 0 1
482: 35 1
483: 0 1
484: 35 1
485: 0 1
486: 35 1
487: 0 1
488: 0 1
489: 34 1
490: 0 1
491: 34 1
492: 0 1
493: 34 1
494: 0 1
495: 35 1
496: 0 1
497: 33 1
498: 0 1
499: 35 1
500: 0 1
501: 33 1
502: 0 1
503: 33 1
504: 0 1
505: 35 1
506: 0 1
507: 34 1
508: 0 1
509: 34 1
510: 0 1
511: 35 1
512: 0 1
513: 33 1
514: 0 0
515: 0 0
516: 0 0
517: 35 0
518: 33 0
519: 34 0
520: 33 0
521: 33 0
522: 0 0
523: 0 0
524: 0 0
525: 0 0
526: 0 0
527: 0 0
528: 33 0
529: 33 0
530: 34 0
531: 32 0
532: 33 0
533: 0 0
534: 0 0
535: 0 0
536: 0 0
537: 0 0
538: 34 0
539: 32 0
540: 33 0
541: 33 0
542: 33 0
543: 0 0
544: 0 0
545: 0 0
546: 0 0
547: 0 0
548: 34 0
549: 34 0
550: 34 0
551: 33 0
552: 34 0
553: 0 0
554: 0 0
555: 0 0
556: 0 0
557: 0 0
558: 35 0
559: 34 0
560: 32 0
561: 33 0
562: 33 0
563: 0 0
564: 0 0
565: 0 0
566: 0 0
567: 0 0
568: 0 0
569: 33 0
570: 32 0
571: 34 0
572: 33 0
573: 35 0
574: 0 0
575: 0 0
576: 0 0
577: 0 0
578: 0 0
579: 35 0
580: 35 0
581: 35 0
582: 35 0
583: 35 0
584: 0 0
585: 0 0
586: 0 0
587: 0 0
588: 0 0
589: 34 0
590: 33 0
591: 35 0
592: 34 0
593: 34 0
594: 0 0
595: 0 0
596: 0 0
597: 0 0
598: 0 0
599: 35 0
600: 35 0
601: 34 0
602: 33 0
603: 33 0
604: 0 0
605: 0 0
606: 0 0
607: 0 0
608: 0 0
609: 0 0
610: 34 0
611: 33 0
612: 33 0
613: 35 0
614: 33 0
615: 34 0
616: 33 0
617: 0 0
618: 0 0
619: 0 0
620: 0 0
621: 0 0
622: 34 0
623: 33 0
624: 33 0
625: 34 0
626: 33 0
627: 0 0
628: 0 0
629: 0 0
630: 0 0
631: 0 0
632: 34 0
633: 33 0
634: 33 0
635: 35 0
636: 34 0
637: 0 0
638: 0 0
639: 0 0
640: 0 0
641: 0 0
642: 0 0
643: 33 0
644: 32 0
645: 33 0
646: 32 0
647: 34 0
648: 0 0
649: 0 0
650: 0 0
651: 0 0
652: 0 0
653: 34 0
654: 34 0
655: 33 0
656: 35 0
657: 35 0
658: 0 0
659: 0 0
660: 0 0
661: 0 0
662: 0 0
663: 35 0
664: 33 0
665: 35 0
666: 34 0
667: 34 0
668: 0 0
669: 0 0
670: 0 0
671: 0 0
672: 0 0
673: 36 0
674: 35 0
675: 35 0
676: 33 0
677: 33 0
678: 0 0
679: 0 0
680: 0 0
681: 0 0
682: 0 0
683: 0 0
684: 32 0
685: 34 0
686: 34 0
687: 35 0
688: 33 0
689: 0 0
690: 0 0
691: 0 0
692: 0 0
693: 0 0
694: 33 0
695: 35 0
696: 33 0
697: 34 0
698: 34 0
699: 0 0
700: 0 0
701: 0 0
702: 0 0
703: 0 0
704: 34 0
705: 34 0
706: 33 0
707: 33 0
708: 33 0
709: 0 0
710: 0 0
711: 0 0
712: 0 0
713: 0 0
714: 35 0
715: 33 0
716: 33 0
717: 32 0
718: 33 0
719: 33 0
720: 35 1
721: 0 1
722: 35 1
723: 0 1
724: 34 1
725: 0 1
726: 33 1
727: 0 1
728: 35 1
729: 0 1
730: 34 1
731: 0 1
732: 33 1
733: 0 1
734: 34 1
735: 0 1
736: 34 1
737: 0 1
738: 35 1
739: 0 1
740: 35 1
741: 0 1
742: 0 1
743: 33 1
744: 0 1
745: 33 1
746: 0 1
747: 33 1
748: 0 1
749: 33 1
750: 0 1
751: 33 1
752: 0 1
753: 33 1
754: 0 1
755: 33 1
756: 0 1
757: 33 1
758: 0 1
759: 34 1
760: 0 1
761: 32 1
762: 0 1
763: 34 1
764: 0 1
765: 34 1
766: 0 1
767: 33 1
768: 0 1
769: 34 1
770: 0 1
771: 33 1
772: 0 1
773: 35 1
774: 0 1
775: 33 1
776: 0 1
777: 33 1
778: 0 1
779: 35 1
780: 0 1
781: 33 1
782: 0 1
783: 33 1
784: 0 1
785: 0 1
786: 33 1
787: 0 1
788: 33 1
789: 0 1
790: 32 1
791: 0 1
792: 33 1
793: 0 1
794: 34 1
795: 0 1
796: 36 1
797: 0 1
798: 35 1
799: 0 1
800: 32 1
801: 0 1
802: 33 1
803: 0 1
804: 33 1
805: 0 1
806: 33 1
807: 0 1
808: 33 1
809: 0 1
810: 33 1
811: 0 1
812: 32 1
813: 0 1
814: 33 1
815: 0 1
816: 33 1
817: 0 1
818: 33 1
819: 0 1
820: 33 1
821: 33 1
822: 0 0
823: 0 0
824: 0 0
825: 0 0
826: 0 0
827: 35 0
828: 32 0
829: 35 0
830: 33 0
831: 34 0
832: 33 0
833: 0 0
834: 0 0
835: 0 0
836: 0 0
837: 0 0
838: 34 0
839: 34 0
840: 32 0
841: 34 0
842: 33 0
843: 0 0
844: 0 0
845: 0 0
846: 0 0
847: 0 0
848: 33 0
849: 34 0
850: 33 0
851: 34 0
852: 33 0
853: 0 0
854: 0 0
855: 0 0
856: 0 0
857: 0 0
858: 34 0
859: 33 0
860: 33 0
861: 34 0
862: 34 0
863: 0 0
864: 0 0
865: 0 0
866: 0 0
867: 0 0
868: 35 0
869: 35 0
870: 33 0
871: 33 0
872: 34 0
873: 32 0
874: 0 0
875: 0 0
876: 0 0
877: 0 0
878: 0 0
879: 33 0
880: 34 0
881: 33 0
882: 32 0
883: 33 0
884: 0 0
885: 0 0
886: 0 0
887: 0 0
888: 0 0
889: 33 0
890: 33 0
891: 33 0
892: 35 0
893: 33 0
894: 0 0
895: 0 0
896: 0 0
897: 0 0
898: 0 0
899: 33 0
900: 35 0
901: 33 0
902: 35 0
903: 33 0
904: 0 0
905: 0 0
906: 0 0
907: 0 0
908: 0 0
909: 34 0
910: 33 0
911: 34 0
912: 35 0
913: 33 0
914: 0 0
915: 0 0
916: 0 0
917: 0 0
918: 0 0
919: 0 0
920: 35 0
921: 33 0
922: 33 0
923: 33 0
924: 33 0
925: 33 0
926: 33 0
927: 33 0
928: 33 0
929: 33 0
930: 0 0
931: 0 0
932: 0 0
933: 0 0
934: 0 0
935: 0 0
936: 34 0
937: 33 0
938: 32 0
939: 34 0
940: 33 0
941: 0 0
942: 0 0
943: 0 0
944: 0 0
945: 0 0
946: 35 0
947: 34 0
948: 33 0
949: 34 0
950: 34 0
951: 0 0
952: 0 0
953: 0 0
954: 0 0
955: 0 0
956: 33 0
957: 33 0
958: 33 0
959: 33 0
960: 34 0
961: 0 0
962: 0 0
963: 0 0
964: 0 0
965: 0 0
966: 33 0
967: 33 0
968: 32 0
969: 34 0
970: 33 0
971: 0 0
972: 0 0
973: 0 0
974: 0 0
975: 0 0
976: 0 0
977: 35 0
978: 34 0
979: 34 0
980: 34 0
981: 33 0
982: 0 0
983: 0 0
984: 0 0
985: 0 0
986: 0 0
987: 35 0
988: 33 0
989: 33 0
990: 33 0
991: 34 0
992: 0 0
993: 0 0
994: 0 0
995: 0 0
996: 0 0
997: 34 0
998: 34 0
999: 34 0
1000: 34 0
