1: 647 1
2: 718 1
3: 648 1
4: 716 1
5: 647 1
6: 716 1
7: 645 1
8: 717 1
9: 646 1
10: 717 1
11: 646 1
12: 718 1
13: 647 1
14: 718 1
15: 647 1
16: 718 1
17: 648 1
18: 718 1
19: 646 1
20: 0 1
21: 34 1
22: 0 1
23: 34 1
24: 0 1
25: 34 1
26: 0 1
27: 36 1
28: 0 1
29: 34 1
30: 0 1
31: 36 1
32: 34 1
33: 0 1
34: 34 1
35: 0 1
36: 35 1
37: 0 1
38: 33 1
39: 0 1
40: 34 1
41: 0 1
42: 34 1
43: 0 1
44: 33 1
45: 0 1
46: 34 1
47: 0 1
48: 35 1
49: 0 1
50: 36 1
51: 0 1
52: 36 1
53: 0 1
54: 35 1
55: 35 1
56: 0 1
57: 35 1
58: 0 1
59: 35 1
60: 0 1
61: 35 1
62: 0 1
63: 35 1
64: 0 1
65: 35 1
66: 0 1
67: 35 1
68: 0 1
69: 35 1
70: 0 1
71: 36 1
72: 0 1
73: 36 1
74: 0 1
75: 35 1
76: 0 1
77: 38 1
78: 35 1
79: 0 1
80: 34 1
81: 0 1
82: 36 1
83: 0 1
84: 35 1
85: 0 1
86: 34 1
87: 0 1
88: 34 1
89: 0 1
90: 34 1
91: 0 1
92: 36 1
93: 0 1
94: 35 1
95: 0 1
96: 37 1
97: 0 1
98: 35 1
99: 0 1
100: 35 1
101: 35 1
102: 0 1
103: 34 1
104: 0 1
105: 35 1
106: 36 1
107: 0 1
108: 0 1
109: 35 1
110: 0 1
111: 35 1
112: 0 1
113: 35 1
114: 0 1
115: 34 1
116: 0 1
117: 35 1
118: 0 1
119: 33 1
120: 0 1
121: 34 1
122: 0 1
123: 35 1
124: 0 1
125: 35 1
126: 0 1
127: 35 1
128: 0 1
129: 35 1
130: 0 1
131: 36 1
132: 0 1
133: 35 1
134: 0 1
135: 35 1
136: 0 1
137: 35 1
138: 0 1
139: 34 1
140: 0 1
141: 36 1
142: 0 1
143: 35 1
144: 0 1
145: 35 1
146: 0 1
147: 36 1
148: 0 1
149: 0 1
150: 36 1
151: 0 1
152: 35 1
153: 0 1
154: 35 1
155: 0 1
156: 36 1
157: 0 1
158: 35 1
159: 0 1
160: 35 1
161: 0 1
162: 36 1
163: 0 1
164: 36 1
165: 0 1
166: 35 1
167: 0 1
168: 35 1
169: 0 1
170: 36 1
171: 0 1
172: 35 1
173: 0 1
174: 34 1
175: 0 1
176: 36 1
177: 0 1
178: 35 1
179: 0 1
180: 35 1
181: 0 1
182: 35 1
183: 0 1
184: 35 1
185: 0 1
186: 35 1
187: 0 1
188: 35 1
189: 0 1
190: 35 1
191: 0 1
192: 0 1
193: 35 1
194: 0 1
195: 35 1
196: 0 1
197: 35 1
198: 0 1
199: 35 1
200: 0 1
201: 36 1
202: 0 1
203: 35 1
204: 0 1
205: 35 1
206: 0 1
207: 35 1
208: 0 0
209: 0 0
210: 0 0
211: 0 0
212: 0 0
213: 0 0
214: 36 0
215: 35 0
216: 35 0
217: 35 0
218: 34 0
219: 0 0
220: 0 0
221: 0 0
222: 0 0
223: 0 0
224: 37 0
225: 35 0
226: 35 0
227: 35 0
228: 34 0
229: 0 0
230: 0 0
231: 0 0
232: 0 0
233: 0 0
234: 35 0
235: 34 0
236: 34 0
237: 35 0
238: 35 0
239: 0 0
240: 0 0
241: 0 0
242: 0 0
243: 0 0
244: 36 0
245: 35 0
246: 36 0
247: 36 0
248: 35 0
249: 0 0
250: 0 0
251: 0 0
252: 0 0
253: 0 0
254: 0 0
255: 35 0
256: 34 0
257: 35 0
258: 34 0
259: 35 0
260: 0 0
261: 0 0
262: 0 0
263: 0 0
264: 0 0
265: 34 0
266: 34 0
267: 34 0
268: 34 0
269: 34 0
270: 0 0
271: 0 0
272: 0 0
273: 0 0
274: 0 0
275: 36 0
276: 35 0
277: 35 0
278: 35 0
279: 36 0
280: 0 0
281: 0 0
282: 0 0
283: 0 0
284: 0 0
285: 37 0
286: 34 0
287: 34 0
288: 34 0
289: 34 0
290: 0 0
291: 0 0
292: 0 0
293: 0 0
294: 0 0
295: 0 0
296: 35 0
297: 35 0
298: 34 0
299: 35 0
300: 33 0
301: 0 0
302: 0 0
303: 0 0
304: 0 0
305: 0 0
306: 35 0
307: 35 0
308: 35 0
309: 34 0
310: 34 0
311: 35 0
312: 35 0
313: 34 0
314: 35 0
315: 35 0
316: 35 0
317: 0 0
318: 0 0
319: 0 0
320: 0 0
321: 0 0
322: 35 0
323: 35 0
324: 35 0
325: 35 0
326: 35 0
327: 0 0
328: 0 0
329: 0 0
330: 0 0
331: 0 0
332: 35 0
333: 35 0
334: 35 0
335: 35 0
336: 35 0
337: 0 0
338: 0 0
339: 0 0
340: 0 0
341: 0 0
342: 37 0
343: 35 0
344: 34 0
345: 35 0
346: 36 0
347: 0 0
348: 0 0
349: 0 0
350: 0 0
351: 0 0
352: 37 0
353: 35 0
354: 35 0
355: 35 0
356: 34 0
357: 0 0
358: 0 0
359: 0 0
360: 0 0
361: 0 0
362: 0 0
363: 35 0
364: 35 0
365: 35 0
366: 36 0
367: 35 0
368: 0 0
369: 0 0
370: 0 0
371: 0 0
372: 0 0
373: 36 0
374: 34 0
375: 35 0
376: 36 0
377: 35 0
378: 0 0
379: 0 0
380: 0 0
381: 0 0
382: 0 0
383: 37 0
384: 35 0
385: 35 0
386: 35 0
387: 34 0
388: 0 0
389: 0 0
390: 0 0
391: 0 0
392: 0 0
393: 37 0
394: 35 0
395: 35 0
396: 35 0
397: 35 0
398: 0 0
399: 0 0
400: 0 0
401: 0 0
402: 0 0
403: 0 0
404: 35 0
405: 34 0
406: 35 0
407: 35 0
408: 36 0
409: 35 0
410: 34 0
411: 34 0
412: 34 0
413: 35 0
414: 0 0
415: 0 0
416: 0 0
417: 0 0
418: 0 0
419: 35 0
420: 35 0
421: 35 0
422: 35 0
423: 35 0
424: 0 0
425: 0 0
426: 0 0
427: 0 0
428: 0 0
429: 35 0
430: 36 0
431: 35 0
432: 36 0
433: 35 0
434: 0 0
435: 0 0
436: 0 0
437: 0 0
438: 0 0
439: 35 0
440: 35 0
441: 34 0
442: 34 0
443: 35 0
444: 0 0
445: 0 0
446: 0 0
447: 0 0
448: 0 0
449: 0 0
450: 36 0
451: 36 0
452: 35 0
453: 35 0
454: 35 0
455: 0 0
456: 0 0
457: 0 0
458: 0 0
459: 0 0
460: 35 0
461: 35 0
462: 35 0
463: 35 0
464: 35 0
465: 0 0
466: 0 0
467: 0 0
468: 0 0
469: 0 0
470: 37 0
471: 35 0
472: 36 0
473: 35 0
474: 36 0
475: 0 0
476: 0 0
477: 0 0
478: 0 0
479: 0 0
480: 36 0
481: 35 0
482: 37 0
483: 35 0
484: 35 0
485: 0 0
486: 0 0
487: 0 0
488: 0 0
489: 0 0
490: 0 0
491: 35 0
492: 35 0
493: 35 0
494: 35 0
495: 35 0
496: 0 0
497: 0 0
498: 0 0
499: 0 0
500: 0 0
501: 36 0
502: 35 0
503: 35 0
504: 35 0
505: 35 0
506: 0 0
507: 0 0
508: 0 0
509: 0 0
510: 0 0
511: 36 0
512: 35 0
513: 35 0
514: 33 0
515: 34 0
516: 36 0
517: 35 0
518: 36 0
519: 35 0
520: 33 0
521: 36 0
522: 0 0
523: 0 0
524: 0 0
525: 0 0
526: 0 0
527: 34 0
528: 35 0
529: 35 0
530: 35 0
531: 35 0
532: 0 0
533: 0 0
534: 0 0
535: 0 0
536: 0 0
537: 35 0
538: 35 0
539: 35 0
540: 35 0
541: 35 0
542: 0 0
543: 0 0
544: 0 0
545: 0 0
546: 0 0
547: 36 0
548: 36 0
549: 35 0
550: 34 0
551: 34 0
552: 0 0
553: 0 0
554: 0 0
555: 0 0
556: 0 0
557: 36 0
558: 36 0
559: 36 0
560: 36 0
561: 34 0
562: 36 0
563: 0 0
564: 0 0
565: 0 0
566: 0 0
567: 0 0
568: 35 0
569: 34 0
570: 35 0
571: 35 0
572: 35 0
573: 0 0
574: 0 0
575: 0 0
576: 0 0
577: 0 0
578: 36 0
579: 35 0
580: 34 0
581: 34 0
582: 35 0
583: 0 0
584: 0 0
585: 0 0
586: 0 0
587: 0 0
588: 35 0
589: 36 0
590: 34 0
591: 35 0
592: 34 0
593: 0 0
594: 0 0
595: 0 0
596: 0 0
597: 0 0
598: 37 0
599: 36 0
600: 37 0
601: 35 0
602: 35 0
603: 0 0
604: 0 0
605: 0 0
606: 0 0
607: 0 0
608: 0 0
609: 35 0
610: 35 0
611: 35 0
612: 35 0
613: 34 0
614: 35 0
615: 35 0
616: 35 0
617: 34 0
618: 35 0
619: 0 1
620: 35 1
621: 0 1
622: 37 1
623: 0 1
624: 35 1
625: 0 1
626: 35 1
627: 0 1
628: 35 1
629: 0 1
630: 37 1
631: 0 1
632: 35 1
633: 0 1
634: 36 1
635: 0 1
636: 35 1
637: 0 1
638: 36 1
639: 0 1
640: 35 1
641: 0 1
642: 37 1
643: 37 1
644: 0 1
645: 35 1
646: 0 1
647: 36 1
648: 0 1
649: 37 1
650: 0 1
651: 34 1
652: 0 1
653: 35 1
654: 0 1
655: 35 1
656: 0 1
657: 34 1
658: 0 1
659: 35 1
660: 0 1
661: 34 1
662: 0 1
663: 35 1
664: 0 1
665: 35 1
666: 0 1
667: 35 1
668: 0 1
669: 35 1
670: 0 1
671: 36 1
672: 0 1
673: 35 1
674: 0 1
675: 35 1
676: 0 1
677: 36 1
678: 0 1
679: 35 1
680: 0 1
681: 36 1
682: 0 1
683: 35 1
684: 0 1
685: 36 1
686: 34 1
687: 0 1
688: 35 1
689: 0 1
690: 36 1
691: 0 1
692: 35 1
693: 0 1
694: 35 1
695: 0 1
696: 36 1
697: 0 1
698: 35 1
699: 0 1
700: 35 1
701: 0 1
702: 35 1
703: 0 1
704: 36 1
705: 0 1
706: 34 1
707: 0 1
708: 34 1
709: 0 1
710: 35 1
711: 0 1
712: 35 1
713: 0 1
714: 35 1
715: 0 1
716: 37 1
717: 0 1
718: 35 1
719: 0 1
720: 35 1
721: 35 1
722: 35 1
723: 0 1
724: 35 1
725: 0 1
726: 35 1
727: 0 1
728: 36 1
729: 0 1
730: 36 1
731: 0 1
732: 35 1
733: 0 1
734: 36 1
735: 0 1
736: 0 1
737: 35 1
738: 0 1
739: 35 1
740: 0 1
741: 35 1
742: 0 1
743: 36 1
744: 0 1
745: 36 1
746: 0 1
747: 35 1
748: 0 1
749: 36 1
750: 0 1
751: 35 1
752: 0 1
753: 35 1
754: 0 1
755: 35 1
756: 0 1
757: 35 1
758: 0 1
759: 36 1
760: 0 1
761: 36 1
762: 0 1
763: 36 1
764: 0 1
765: 37 1
766: 0 1
767: 36 1
768: 0 1
769: 35 1
770: 0 1
771: 37 1
772: 0 1
773: 37 1
774: 0 1
775: 36 1
776: 0 1
777: 0 1
778: 37 1
779: 0 1
780: 36 1
781: 0 1
782: 36 1
783: 0 1
784: 37 1
785: 0 1
786: 35 1
787: 0 1
788: 35 1
789: 0 1
790: 37 1
791: 0 1
792: 35 1
793: 0 1
794: 36 1
795: 0 1
796: 37 1
797: 0 1
798: 37 1
799: 0 1
800: 36 1
801: 0 1
802: 35 1
803: 0 1
804: 35 1
805: 0 1
806: 35 1
807: 0 1
808: 36 1
809: 0 1
810: 36 1
811: 0 1
812: 35 1
813: 0 1
814: 35 1
815: 0 1
816: 36 1
817: 0 1
818: 36 1
819: 0 1
820: 0 1
821: 34 1
822: 0 1
823: 35 1
824: 0 0
825: 0 0
826: 0 0
827: 0 0
828: 0 0
829: 36 0
830: 35 0
831: 35 0
832: 35 0
833: 35 0
834: 0 0
835: 0 0
836: 0 0
837: 0 0
838: 0 0
839: 0 0
840: 36 0
841: 35 0
842: 34 0
843: 35 0
844: 36 0
845: 0 0
846: 0 0
847: 0 0
848: 0 0
849: 0 0
850: 36 0
851: 35 0
852: 37 0
853: 35 0
854: 35 0
855: 0 0
856: 0 0
857: 0 0
858: 0 0
859: 0 0
860: 35 0
861: 35 0
862: 35 0
863: 35 0
864: 35 0
865: 0 0
866: 0 0
867: 0 0
868: 0 0
869: 0 0
870: 36 0
871: 35 0
872: 35 0
873: 34 0
874: 34 0
875: 0 0
876: 0 0
877: 0 0
878: 0 0
879: 0 0
880: 0 0
881: 36 0
882: 35 0
883: 34 0
884: 35 0
885: 34 0
886: 0 0
887: 0 0
888: 0 0
889: 0 0
890: 0 0
891: 35 0
892: 35 0
893: 34 0
894: 35 0
895: 34 0
896: 0 0
897: 0 0
898: 0 0
899: 0 0
900: 0 0
901: 36 0
902: 34 0
903: 35 0
904: 36 0
905: 35 0
906: 0 0
907: 0 0
908: 0 0
909: 0 0
910: 0 0
911: 36 0
912: 35 0
913: 35 0
914: 34 0
915: 35 0
916: 0 0
917: 0 0
918: 0 0
919: 0 0
920: 0 0
921: 0 0
922: 36 0
923: 35 0
924: 34 0
925: 36 0
926: 35 0
927: 35 1
928: 0 1
929: 35 1
930: 0 1
931: 36 1
932: 0 1
933: 36 1
934: 0 1
935: 36 1
936: 0 1
937: 35 1
938: 0 1
939: 37 1
940: 34 1
941: 0 1
942: 35 1
943: 0 1
944: 36 1
945: 0 1
946: 35 1
947: 0 1
948: 35 1
949: 0 1
950: 35 1
951: 0 1
952: 35 1
953: 0 1
954: 36 1
955: 0 1
956: 35 1
957: 0 1
958: 36 1
959: 0 1
960: 35 1
961: 0 1
962: 35 1
963: 0 1
964: 35 1
965: 0 1
966: 35 1
967: 0 1
968: 36 1
969: 0 1
970: 35 1
971: 0 1
972: 35 1
973: 0 1
974: 35 1
975: 0 1
976: 36 1
977: 0 1
978: 36 1
979: 0 1
980: 34 1
981: 0 1
982: 0 1
983: 36 1
984: 0 1
985: 35 1
986: 0 1
987: 36 1
988: 0 1
989: 35 1
990: 0 1
991: 36 1
992: 0 1
993: 35 1
994: 0 1
995: 35 1
996: 0 1
997: 35 1
998: 0 1
999: 35 1
1000: 0 1
