1: 644 1
2: 645 1
3: 648 1
4: 721 1
5: 648 1
6: 718 1
7: 645 1
8: 718 1
9: 647 1
10: 720 1
11: 649 1
12: 721 1
13: 649 1
14: 719 1
15: 646 1
16: 722 1
17: 648 1
18: 720 1
19: 647 1
20: 724 1
21: 646 1
22: 719 1
23: 649 1
24: 720 1
25: 648 1
26: 719 1
27: 647 1
28: 718 1
29: 647 1
30: 721 1
31: 647 1
32: 719 1
33: 648 1
34: 719 1
35: 644 1
36: 721 1
37: 646 1
38: 719 1
39: 644 1
40: 716 1
41: 644 1
42: 718 1
43: 646 1
44: 720 1
45: 649 1
46: 719 1
47: 646 1
48: 718 1
49: 645 1
50: 719 1
51: 644 1
52: 644 1
53: 717 1
54: 646 1
55: 716 1
56: 646 1
57: 721 1
58: 647 1
59: 717 1
60: 646 1
61: 718 1
62: 647 1
63: 720 1
64: 647 1
65: 720 1
66: 647 1
67: 720 1
68: 645 1
69: 717 1
70: 649 1
71: 719 1
72: 645 1
73: 718 1
74: 644 1
75: 716 1
76: 644 1
77: 721 1
78: 646 1
79: 719 1
80: 645 1
81: 716 1
82: 644 1
83: 719 1
84: 648 1
85: 718 1
86: 645 1
87: 717 1
88: 646 1
89: 718 1
90: 646 1
91: 721 1
92: 646 1
93: 717 1
94: 646 1
95: 717 1
96: 643 1
97: 719 1
98: 647 1
99: 718 1
100: 644 1
101: 716 1
102: 643 1
103: 645 1
104: 649 1
105: 720 1
106: 647 1
107: 719 1
108: 646 1
109: 718 1
110: 647 1
111: 723 1
112: 644 1
113: 717 1
114: 643 1
115: 716 1
116: 644 1
117: 720 1
118: 646 1
119: 719 1
120: 648 1
121: 717 1
122: 645 1
123: 718 1
124: 647 1
125: 720 1
126: 646 1
127: 720 1
128: 644 1
129: 717 1
130: 647 1
131: 720 1
132: 647 1
133: 719 1
134: 646 1
135: 719 1
136: 645 1
137: 721 1
138: 646 1
139: 719 1
140: 646 1
141: 718 1
142: 644 1
143: 719 1
144: 646 1
145: 718 1
146: 645 1
147: 717 1
148: 642 1
149: 717 1
150: 648 1
151: 720 1
152: 646 1
153: 720 1
154: 645 1
155: 0 1
156: 32 1
157: 0 1
158: 31 1
159: 0 1
160: 31 1
161: 0 1
162: 31 1
163: 0 1
164: 33 1
165: 0 1
166: 33 1
167: 0 1
168: 32 1
169: 0 1
170: 32 1
171: 0 1
172: 33 1
173: 0 1
174: 32 1
175: 0 1
176: 32 1
177: 0 1
178: 33 1
179: 0 1
180: 34 1
181: 0 1
182: 32 1
183: 0 1
184: 32 1
185: 0 1
186: 32 1
187: 0 1
188: 33 1
189: 0 1
190: 0 1
191: 33 1
192: 0 1
193: 34 1
194: 0 1
195: 33 1
196: 0 1
197: 33 1
198: 0 1
199: 32 1
200: 0 1
201: 33 1
202: 0 1
203: 32 1
204: 0 0
205: 0 0
206: 0 0
207: 0 0
208: 0 0
209: 0 0
210: 32 0
211: 33 0
212: 32 0
213: 33 0
214: 32 0
215: 0 0
216: 0 0
217: 0 0
218: 0 0
219: 0 0
220: 33 0
221: 32 0
222: 32 0
223: 33 0
224: 31 0
225: 0 0
226: 0 0
227: 0 0
228: 0 0
229: 0 0
230: 33 0
231: 33 0
232: 34 0
233: 34 0
234: 31 0
235: 0 0
236: 0 0
237: 0 0
238: 0 0
239: 0 0
240: 34 0
241: 33 0
242: 33 0
243: 33 0
244: 32 0
245: 0 0
246: 0 0
247: 0 0
248: 0 0
249: 0 0
250: 0 0
251: 33 0
252: 32 0
253: 33 0
254: 32 0
255: 33 0
256: 0 0
257: 0 0
258: 0 0
259: 0 0
260: 0 0
261: 33 0
262: 33 0
263: 34 0
264: 32 0
265: 33 0
266: 0 0
267: 0 0
268: 0 0
269: 0 0
270: 0 0
271: 34 0
272: 31 0
273: 33 0
274: 32 0
275: 33 0
276: 0 0
277: 0 0
278: 0 0
279: 0 0
280: 0 0
281: 35 0
282: 33 0
283: 32 0
284: 33 0
285: 33 0
286: 0 0
287: 0 0
288: 0 0
289: 0 0
290: 0 0
291: 0 0
292: 33 0
293: 33 0
294: 32 0
295: 33 0
296: 31 0
297: 0 0
298: 0 0
299: 0 0
300: 0 0
301: 0 0
302: 32 0
303: 33 0
304: 32 0
305: 33 0
306: 33 0
307: 33 1
308: 0 1
309: 0 1
310: 33 1
311: 0 1
312: 33 1
313: 0 1
314: 33 1
315: 0 1
316: 33 1
317: 0 1
318: 33 1
319: 0 1
320: 32 1
321: 0 1
322: 35 1
323: 0 1
324: 32 1
325: 0 1
326: 32 1
327: 0 1
328: 32 1
329: 0 1
330: 34 1
331: 0 1
332: 33 1
333: 0 1
334: 34 1
335: 0 1
336: 33 1
337: 0 1
338: 33 1
339: 0 1
340: 33 1
341: 0 1
342: 33 1
343: 0 1
344: 35 1
345: 0 1
346: 35 1
347: 0 1
348: 33 1
349: 0 1
350: 0 1
351: 32 1
352: 0 1
353: 33 1
354: 0 1
355: 34 1
356: 0 1
357: 33 1
358: 0 1
359: 32 1
360: 0 1
361: 33 1
362: 0 1
363: 33 1
364: 0 1
365: 33 1
366: 0 1
367: 33 1
368: 0 1
369: 32 1
370: 0 1
371: 33 1
372: 0 1
373: 34 1
374: 0 1
375: 34 1
376: 0 1
377: 33 1
378: 0 1
379: 33 1
380: 0 1
381: 34 1
382: 0 1
383: 35 1
384: 0 1
385: 33 1
386: 0 1
387: 32 1
388: 0 1
389: 34 1
390: 0 1
391: 35 1
392: 0 1
393: 0 1
394: 33 1
395: 0 1
396: 35 1
397: 0 1
398: 34 1
399: 0 1
400: 33 1
401: 0 1
402: 35 1
403: 0 1
404: 35 1
405: 0 1
406: 35 1
407: 0 1
408: 33 1
409: 33 1
410: 0 0
411: 0 0
412: 0 0
413: 0 0
414: 0 0
415: 35 0
416: 32 0
417: 32 0
418: 33 0
419: 33 0
420: 0 0
421: 0 0
422: 0 0
423: 0 0
424: 0 0
425: 35 0
426: 34 0
427: 34 0
428: 35 0
429: 33 0
430: 0 0
431: 0 0
432: 0 0
433: 0 0
434: 0 0
435: 36 0
436: 33 0
437: 33 0
438: 36 0
439: 34 0
440: 0 0
441: 0 0
442: 0 0
443: 0 0
444: 0 0
445: 0 0
446: 34 0
447: 34 0
448: 34 0
449: 33 0
450: 34 0
451: 0 0
452: 0 0
453: 0 0
454: 0 0
455: 0 0
456: 35 0
457: 33 0
458: 33 0
459: 33 0
460: 34 0
461: 0 0
462: 0 0
463: 0 0
464: 0 0
465: 0 0
466: 35 0
467: 35 0
468: 34 0
469: 33 0
470: 33 0
471: 0 0
472: 0 0
473: 0 0
474: 0 0
475: 0 0
476: 36 0
477: 34 0
478: 35 0
479: 34 0
480: 36 0
481: 0 0
482: 0 0
483: 0 0
484: 0 0
485: 0 0
486: 0 0
487: 35 0
488: 33 0
489: 35 0
490: 34 0
491: 34 0
492: 0 0
493: 0 0
494: 0 0
495: 0 0
496: 0 0
497: 35 0
498: 33 0
499: 33 0
500: 34 0
501: 33 0
502: 0 0
503: 0 0
504: 0 0
505: 0 0
506: 0 0
507: 35 0
508: 34 0
509: 34 0
510: 33 0
511: 32 0
512: 0 0
513: 33 0
514: 34 0
515: 33 0
516: 34 0
517: 33 0
518: 0 0
519: 0 0
520: 0 0
521: 0 0
522: 0 0
523: 34 0
524: 32 0
525: 33 0
526: 34 0
527: 33 0
528: 0 0
529: 0 0
530: 0 0
531: 0 0
532: 0 0
533: 35 0
534: 33 0
535: 33 0
536: 33 0
537: 33 0
538: 0 0
539: 0 0
540: 0 0
541: 0 0
542: 0 0
543: 33 0
544: 34 0
545: 33 0
546: 34 0
547: 33 0
548: 0 0
549: 0 0
550: 0 0
551: 0 0
552: 0 0
553: 0 0
554: 34 0
555: 33 0
556: 35 0
557: 32 0
558: 33 0
559: 0 0
560: 0 0
561: 0 0
562: 0 0
563: 0 0
564: 34 0
565: 35 0
566: 34 0
567: 33 0
568: 35 0
569: 0 0
570: 0 0
571: 0 0
572: 0 0
573: 0 0
574: 34 0
575: 35 0
576: 35 0
577: 33 0
578: 35 0
579: 0 0
580: 0 0
581: 0 0
582: 0 0
583: 0 0
584: 36 0
585: 34 0
586: 34 0
587: 33 0
588: 34 0
589: 0 0
590: 0 0
591: 0 0
592: 0 0
593: 0 0
594: 0 0
595: 34 0
596: 33 0
597: 34 0
598: 34 0
599: 33 0
600: 0 0
601: 0 0
602: 0 0
603: 0 0
604: 0 0
605: 33 0
606: 33 0
607: 32 0
608: 34 0
609: 34 0
610: 34 0
611: 34 0
612: 33 0
613: 33 0
614: 35 0
615: 0 0
616: 0 0
617: 0 0
618: 0 0
619: 0 0
620: 35 0
621: 35 0
622: 34 0
623: 34 0
624: 34 0
625: 0 0
626: 0 0
627: 0 0
628: 0 0
629: 0 0
630: 35 0
631: 34 0
632: 36 0
633: 33 0
634: 33 0
635: 35 0
636: 0 0
637: 0 0
638: 0 0
639: 0 0
640: 0 0
641: 35 0
642: 34 0
643: 34 0
644: 33 0
645: 35 0
646: 0 0
647: 0 0
648: 0 0
649: 0 0
650: 0 0
651: 35 0
652: 36 0
653: 34 0
654: 35 0
655: 34 0
656: 0 0
657: 0 0
658: 0 0
659: 0 0
660: 0 0
661: 34 0
662: 35 0
663: 35 0
664: 35 0
665: 34 0
666: 0 0
667: 0 0
668: 0 0
669: 0 0
670: 0 0
671: 36 0
672: 34 0
673: 34 0
674: 34 0
675: 33 0
676: 0 0
677: 0 0
678: 0 0
679: 0 0
680: 0 0
681: 0 0
682: 35 0
683: 34 0
684: 35 0
685: 34 0
686: 34 0
687: 0 0
688: 0 0
689: 0 0
690: 0 0
691: 0 0
692: 37 0
693: 34 0
694: 35 0
695: 34 0
696: 35 0
697: 0 0
698: 0 0
699: 0 0
700: 0 0
701: 0 0
702: 35 0
703: 34 0
704: 35 0
705: 33 0
706: 34 0
707: 0 0
708: 0 0
709: 0 0
710: 0 0
711: 0 0
712: 37 0
713: 34 0
714: 35 0
715: 33 0
716: 35 0
717: 33 0
718: 35 0
719: 33 0
720: 33 0
721: 33 0
722: 32 0
723: 0 0
724: 0 0
725: 0 0
726: 0 0
727: 0 0
728: 36 0
729: 33 0
730: 33 0
731: 35 0
732: 32 0
733: 0 0
734: 0 0
735: 0 0
736: 0 0
737: 0 0
738: 0 0
739: 33 0
740: 34 0
741: 34 0
742: 33 0
743: 34 0
744: 0 0
745: 0 0
746: 0 0
747: 0 0
748: 0 0
749: 33 0
750: 34 0
751: 34 0
752: 34 0
753: 34 0
754: 0 0
755: 0 0
756: 0 0
757: 0 0
758: 0 0
759: 34 0
760: 34 0
761: 34 0
762: 34 0
763: 33 0
764: 0 0
765: 0 0
766: 0 0
767: 0 0
768: 0 0
769: 35 0
770: 34 0
771: 34 0
772: 33 0
773: 33 0
774: 0 0
775: 0 0
776: 0 0
777: 0 0
778: 0 0
779: 0 0
780: 35 0
781: 34 0
782: 35 0
783: 34 0
784: 34 0
785: 0 0
786: 0 0
787: 0 0
788: 0 0
789: 0 0
790: 36 0
791: 34 0
792: 35 0
793: 34 0
794: 34 0
795: 0 0
796: 0 0
797: 0 0
798: 0 0
799: 0 0
800: 35 0
801: 35 0
802: 35 0
803: 33 0
804: 35 0
805: 0 0
806: 0 0
807: 0 0
808: 0 0
809: 0 0
810: 35 0
811: 32 0
812: 33 0
813: 33 0
814: 35 0
815: 33 0
816: 33 0
817: 35 0
818: 34 0
819: 35 0
820: 0 1
821: 34 1
822: 0 1
823: 33 1
824: 0 1
825: 35 1
826: 0 1
827: 35 1
828: 0 1
829: 37 1
830: 0 1
831: 0 1
832: 33 1
833: 0 1
834: 35 1
835: 0 1
836: 33 1
837: 0 1
838: 33 1
839: 0 1
840: 34 1
841: 0 1
842: 33 1
843: 0 1
844: 35 1
845: 0 1
846: 33 1
847: 0 1
848: 35 1
849: 0 1
850: 33 1
851: 0 1
852: 34 1
853: 0 1
854: 33 1
855: 0 1
856: 35 1
857: 0 1
858: 33 1
859: 0 1
860: 35 1
861: 0 1
862: 34 1
863: 0 1
864: 34 1
865: 0 1
866: 34 1
867: 0 1
868: 35 1
869: 0 1
870: 35 1
871: 0 1
872: 35 1
873: 36 1
874: 0 1
875: 35 1
876: 0 1
877: 35 1
878: 0 1
879: 35 1
880: 0 1
881: 35 1
882: 0 1
883: 35 1
884: 0 1
885: 35 1
886: 0 1
887: 35 1
888: 0 1
889: 36 1
890: 0 1
891: 35 1
892: 0 1
893: 35 1
894: 0 1
895: 35 1
896: 0 1
897: 35 1
898: 0 1
899: 35 1
900: 0 1
901: 35 1
902: 0 1
903: 35 1
904: 0 1
905: 34 1
906: 0 1
907: 37 1
908: 0 1
909: 35 1
910: 0 1
911: 36 1
912: 0 1
913: 35 1
914: 0 1
915: 38 1
916: 34 1
917: 0 1
918: 34 1
919: 0 1
920: 33 1
921: 0 1
922: 34 1
923: 0 1
924: 34 1
925: 0 1
926: 34 1
927: 0 1
928: 35 1
929: 0 1
930: 33 1
931: 0 1
932: 33 1
933: 0 1
934: 33 1
935: 0 1
936: 33 1
937: 0 1
938: 34 1
939: 0 1
940: 35 1
941: 0 1
942: 33 1
943: 0 1
944: 34 1
945: 0 1
946: 34 1
947: 0 1
948: 33 1
949: 0 1
950: 35 1
951: 0 1
952: 33 1
953: 0 1
954: 34 1
955: 0 1
956: 33 1
957: 0 1
958: 33 1
959: 0 1
960: 35 1
961: 0 1
962: 35 1
963: 0 1
964: 34 1
965: 35 1
966: 0 1
967: 34 1
968: 0 1
969: 34 1
970: 0 1
971: 34 1
972: 0 1
973: 35 1
974: 0 1
975: 35 1
976: 0 1
977: 34 1
978: 0 1
979: 33 1
980: 0 1
981: 35 1
982: 0 1
983: 34 1
984: 0 1
985: 34 1
986: 0 1
987: 35 1
988: 0 1
989: 34 1
990: 0 1
991: 37 1
992: 0 1
993: 34 1
994: 0 1
995: 34 1
996: 0 1
997: 35 1
998: 0 1
999: 35 1
1000: 0 1
