1: 647 1
2: 649 1
3: 649 1
4: 721 1
5: 647 1
6: 719 1
7: 647 1
8: 719 1
9: 650 1
10: 719 1
11: 647 1
12: 719 1
13: 649 1
14: 719 1
15: 647 1
16: 721 1
17: 647 1
18: 720 1
19: 647 1
20: 719 1
21: 646 1
22: 720 1
23: 649 1
24: 720 1
25: 646 1
26: 719 1
27: 646 1
28: 720 1
29: 648 1
30: 719 1
31: 645 1
32: 718 1
33: 644 1
34: 716 1
35: 646 1
36: 722 1
37: 649 1
38: 720 1
39: 647 1
40: 719 1
41: 645 1
42: 717 1
43: 648 1
44: 722 1
45: 646 1
46: 719 1
47: 646 1
48: 717 1
49: 645 1
50: 721 1
51: 719 1
52: 647 1
53: 717 1
54: 645 1
55: 716 1
56: 647 1
57: 721 1
58: 643 1
59: 716 1
60: 644 1
61: 717 1
62: 646 1
63: 722 1
64: 649 1
65: 720 1
66: 648 1
67: 719 1
68: 645 1
69: 720 1
70: 651 1
71: 719 1
72: 645 1
73: 720 1
74: 643 1
75: 716 1
76: 646 1
77: 723 1
78: 647 1
79: 720 1
80: 647 1
81: 719 1
82: 645 1
83: 719 1
84: 650 1
85: 721 1
86: 649 1
87: 721 1
88: 646 1
89: 717 1
90: 647 1
91: 722 1
92: 647 1
93: 721 1
94: 645 1
95: 716 1
96: 646 1
97: 720 1
98: 648 1
99: 720 1
100: 648 1
101: 720 1
102: 645 1
103: 646 0
104: 721 0
105: 649 0
106: 647 0
107: 645 0
108: 646 0
109: 647 0
110: 719 0
111: 722 0
112: 721 0
113: 720 0
114: 717 0
115: 644 0
116: 646 0
117: 649 0
118: 648 0
119: 646 0
120: 718 0
121: 715 0
122: 717 0
123: 719 0
124: 721 0
125: 648 0
126: 648 0
127: 646 0
128: 648 0
129: 649 0
130: 720 0
131: 720 0
132: 720 0
133: 719 0
134: 721 0
135: 647 0
136: 648 0
137: 647 0
138: 648 0
139: 646 0
140: 719 0
141: 720 0
142: 720 0
143: 721 0
144: 722 0
145: 650 0
146: 650 0
147: 649 0
148: 649 0
149: 647 0
150: 719 0
151: 722 0
152: 722 0
153: 720 0
154: 648 0
155: 650 0
156: 650 0
157: 649 0
158: 649 0
159: 720 0
160: 721 0
161: 720 0
162: 717 0
163: 720 0
164: 647 0
165: 646 0
166: 645 0
167: 647 0
168: 645 0
169: 716 0
170: 719 0
171: 719 0
172: 718 0
173: 719 0
174: 645 0
175: 645 0
176: 648 0
177: 647 0
178: 647 0
179: 719 0
180: 715 0
181: 716 0
182: 716 0
183: 719 0
184: 649 0
185: 647 0
186: 648 0
187: 647 0
188: 646 0
189: 718 0
190: 721 0
191: 720 0
192: 720 0
193: 720 0
194: 646 0
195: 646 0
196: 649 0
197: 648 0
198: 650 0
199: 648 0
200: 645 0
201: 644 0
202: 644 0
203: 718 0
204: 717 0
205: 721 0
206: 717 0
207: 719 0
208: 646 0
209: 647 0
210: 651 0
211: 650 0
212: 649 0
213: 722 0
214: 717 0
215: 717 0
216: 720 0
217: 722 0
218: 647 0
219: 647 0
220: 647 0
221: 647 0
222: 646 0
223: 721 0
224: 720 0
225: 717 0
226: 717 0
227: 715 0
228: 644 0
229: 647 0
230: 648 0
231: 646 0
232: 646 0
233: 715 0
234: 716 0
235: 715 0
236: 719 0
237: 717 0
238: 644 0
239: 645 0
240: 646 0
241: 646 0
242: 649 0
243: 719 0
244: 718 0
245: 718 0
246: 717 0
247: 717 0
248: 644 0
249: 648 0
250: 648 0
251: 646 0
252: 716 0
253: 716 0
254: 716 0
255: 718 0
256: 720 0
257: 645 0
258: 648 0
259: 646 0
260: 645 0
261: 646 0
262: 719 0
263: 721 0
264: 719 0
265: 720 0
266: 719 0
267: 644 0
268: 648 0
269: 648 0
270: 649 0
271: 649 0
272: 720 0
273: 717 0
274: 715 0
275: 715 0
276: 721 0
277: 649 0
278: 647 0
279: 644 0
280: 646 0
281: 646 0
282: 721 0
283: 724 0
284: 718 0
285: 719 0
286: 715 0
287: 645 0
288: 644 0
289: 650 0
290: 648 0
291: 646 0
292: 718 0
293: 717 0
294: 717 0
295: 719 0
296: 719 0
297: 644 0
298: 648 0
299: 646 0
300: 648 0
301: 646 0
302: 647 0
303: 651 0
304: 647 0
305: 646 0
306: 650 0
307: 716 0
308: 716 0
309: 721 0
310: 719 0
311: 719 0
312: 647 0
313: 650 0
314: 646 0
315: 647 0
316: 650 0
317: 721 0
318: 720 0
319: 720 0
320: 717 0
321: 719 0
322: 649 0
323: 646 0
324: 648 0
325: 648 0
326: 647 0
327: 718 0
328: 718 0
329: 721 0
330: 718 0
331: 718 0
332: 647 0
333: 648 0
334: 646 0
335: 649 0
336: 646 0
337: 717 0
338: 718 0
339: 715 0
340: 716 0
341: 716 0
342: 647 0
343: 646 0
344: 649 0
345: 646 0
346: 646 0
347: 717 0
348: 719 0
349: 719 0
350: 718 0
351: 719 0
352: 645 0
353: 646 0
354: 647 0
355: 649 0
356: 647 0
357: 718 0
358: 715 0
359: 715 0
360: 716 0
361: 715 0
362: 645 0
363: 648 0
364: 645 0
365: 646 0
366: 646 0
367: 718 0
368: 719 0
369: 720 0
370: 721 0
371: 721 0
372: 647 0
373: 645 0
374: 646 0
375: 649 0
376: 649 0
377: 718 0
378: 717 0
379: 715 0
380: 716 0
381: 717 0
382: 648 0
383: 645 0
384: 646 0
385: 646 0
386: 647 0
387: 718 0
388: 720 0
389: 719 0
390: 718 0
391: 718 0
392: 643 0
393: 644 0
394: 644 0
395: 648 0
396: 646 0
397: 644 0
398: 646 0
399: 647 0
400: 647 0
401: 648 0
402: 721 1
403: 646 1
404: 718 1
405: 646 1
406: 717 1
407: 647 1
408: 719 1
409: 650 1
410: 719 1
411: 645 1
412: 716 1
413: 645 1
414: 720 1
415: 646 1
416: 718 1
417: 644 1
418: 716 1
419: 644 1
420: 642 1
421: 722 1
422: 646 1
423: 718 1
424: 646 1
425: 718 1
426: 649 1
427: 720 1
428: 647 1
429: 719 1
430: 644 1
431: 718 1
432: 647 1
433: 720 1
434: 648 1
435: 720 1
436: 648 1
437: 720 1
438: 646 1
439: 718 1
440: 648 1
441: 720 1
442: 646 1
443: 717 1
444: 644 1
445: 716 1
446: 645 1
447: 715 1
448: 645 1
449: 716 1
450: 644 1
451: 717 1
452: 645 1
453: 718 1
454: 647 1
455: 718 1
456: 647 1
457: 718 1
458: 644 1
459: 718 1
460: 644 1
461: 718 1
462: 646 1
463: 716 1
464: 644 1
465: 716 1
466: 644 1
467: 719 1
468: 646 1
469: 719 1
470: 646 1
471: 718 1
472: 645 1
473: 717 1
474: 649 1
475: 719 1
476: 648 1
477: 716 1
478: 645 1
479: 719 1
480: 644 1
481: 720 1
482: 647 1
483: 717 1
484: 647 1
485: 716 1
486: 643 1
487: 720 1
488: 648 1
489: 718 1
490: 645 1
491: 717 1
492: 648 1
493: 718 1
494: 648 1
495: 717 1
496: 646 1
497: 717 1
498: 643 1
499: 715 1
500: 645 1
501: 719 0
502: 644 0
503: 647 0
504: 646 0
505: 646 0
506: 646 0
507: 720 0
508: 717 0
509: 719 0
510: 720 0
511: 718 0
512: 644 0
513: 644 0
514: 650 0
515: 647 0
516: 646 0
517: 718 0
518: 717 0
519: 716 0
520: 717 0
521: 717 0
522: 645 0
523: 643 0
524: 645 0
525: 645 0
526: 646 0
527: 722 0
528: 718 0
529: 718 0
530: 717 0
531: 719 0
532: 646 0
533: 645 0
534: 646 0
535: 648 0
536: 649 0
537: 717 0
538: 718 0
539: 718 0
540: 719 0
541: 720 0
542: 645 0
543: 646 0
544: 646 0
545: 646 0
546: 646 0
547: 719 0
548: 719 0
549: 717 0
550: 717 0
551: 716 0
552: 644 0
553: 646 0
554: 650 0
555: 648 0
556: 648 0
557: 720 0
558: 719 0
559: 717 0
560: 720 0
561: 720 0
562: 648 0
563: 646 0
564: 647 0
565: 647 0
566: 645 0
567: 718 0
568: 718 0
569: 718 0
570: 715 0
571: 717 0
572: 644 0
573: 645 0
574: 648 0
575: 649 0
576: 649 0
577: 719 0
578: 717 0
579: 717 0
580: 718 0
581: 717 0
582: 646 0
583: 649 0
584: 645 0
585: 646 0
586: 646 0
587: 719 0
588: 717 0
589: 716 0
590: 718 0
591: 719 0
592: 645 0
593: 645 0
594: 647 0
595: 645 0
596: 645 0
597: 648 0
598: 645 0
599: 645 0
600: 720 0
601: 718 0
602: 717 0
603: 718 0
604: 717 0
605: 644 0
606: 645 0
607: 646 0
608: 645 0
609: 646 0
610: 718 0
611: 717 0
612: 718 0
613: 718 0
614: 719 0
615: 646 0
616: 646 0
617: 646 0
618: 645 0
619: 645 0
620: 719 0
621: 720 0
622: 718 0
623: 717 0
624: 720 0
625: 644 0
626: 647 0
627: 647 0
628: 647 0
629: 645 0
630: 719 0
631: 719 0
632: 717 0
633: 721 0
634: 719 0
635: 647 0
636: 647 0
637: 646 0
638: 649 0
639: 646 0
640: 717 0
641: 718 0
642: 719 0
643: 717 0
644: 718 0
645: 644 0
646: 648 0
647: 646 0
648: 646 0
649: 647 0
650: 718 0
651: 719 0
652: 718 0
653: 721 0
654: 717 0
655: 648 0
656: 644 0
657: 644 0
658: 644 0
659: 646 0
660: 717 0
661: 716 0
662: 718 0
663: 723 0
664: 722 0
665: 650 0
666: 650 0
667: 652 0
668: 650 0
669: 649 0
670: 721 0
671: 722 0
672: 719 0
673: 722 0
674: 723 0
675: 649 0
676: 648 0
677: 649 0
678: 649 0
679: 648 0
680: 721 0
681: 720 0
682: 720 0
683: 720 0
684: 721 0
685: 648 0
686: 649 0
687: 650 0
688: 650 0
689: 650 0
690: 722 0
691: 722 0
692: 720 0
693: 724 0
694: 720 0
695: 649 0
696: 648 0
697: 648 0
698: 646 0
699: 649 0
700: 650 1
701: 719 1
702: 648 1
703: 723 1
704: 645 1
705: 717 1
706: 650 1
707: 723 1
708: 649 1
709: 720 1
710: 647 1
711: 719 1
712: 646 1
713: 721 1
714: 651 1
715: 722 1
716: 646 1
717: 720 1
718: 647 1
719: 722 1
720: 647 1
721: 720 1
722: 648 1
723: 721 1
724: 647 1
725: 721 1
726: 648 1
727: 721 1
728: 650 1
729: 721 1
730: 649 1
731: 722 1
732: 648 1
733: 720 1
734: 647 1
735: 718 1
736: 646 1
737: 719 1
738: 648 1
739: 724 1
740: 650 1
741: 722 1
742: 649 1
743: 719 1
744: 646 1
745: 719 1
746: 648 1
747: 721 1
748: 649 1
749: 720 1
750: 648 1
751: 719 1
752: 649 1
753: 721 1
754: 647 1
755: 718 1
756: 646 1
757: 717 1
758: 647 1
759: 722 1
760: 650 1
761: 720 1
762: 646 1
763: 724 1
764: 647 1
765: 722 1
766: 650 1
767: 720 1
768: 645 1
769: 718 1
770: 718 1
771: 644 1
772: 721 1
773: 647 1
774: 718 1
775: 644 1
776: 720 1
777: 646 1
778: 720 1
779: 649 1
780: 721 1
781: 645 1
782: 718 1
783: 645 1
784: 718 1
785: 647 1
786: 720 1
787: 647 1
788: 718 1
789: 645 1
790: 718 1
791: 645 1
792: 721 1
793: 645 1
794: 717 1
795: 644 1
796: 718 1
797: 645 1
798: 645 1
799: 720 1
800: 645 1
801: 717 1
802: 647 1
803: 720 1
804: 646 1
805: 722 1
806: 648 1
807: 716 1
808: 645 1
809: 718 1
810: 645 1
811: 719 1
812: 647 1
813: 0 1
814: 31 1
815: 0 1
816: 32 1
817: 0 1
818: 31 1
819: 0 1
820: 33 1
821: 0 1
822: 32 1
823: 0 1
824: 32 1
825: 0 1
826: 32 1
827: 0 1
828: 31 1
829: 0 1
830: 32 1
831: 0 1
832: 32 1
833: 0 1
834: 0 1
835: 32 1
836: 0 1
837: 32 1
838: 0 1
839: 32 1
840: 0 1
841: 33 1
842: 0 1
843: 33 1
844: 0 1
845: 32 1
846: 0 1
847: 33 1
848: 0 1
849: 33 1
850: 0 1
851: 33 1
852: 0 1
853: 33 1
854: 0 1
855: 34 1
856: 0 1
857: 33 1
858: 0 1
859: 33 1
860: 0 1
861: 33 1
862: 0 1
863: 32 1
864: 0 1
865: 32 1
866: 0 1
867: 33 1
868: 0 1
869: 32 1
870: 0 1
871: 34 1
872: 0 1
873: 33 1
874: 0 1
875: 33 1
876: 0 1
877: 0 1
878: 33 1
879: 0 1
880: 32 1
881: 0 1
882: 32 1
883: 0 1
884: 31 1
885: 0 1
886: 31 1
887: 0 1
888: 31 1
889: 0 1
890: 31 1
891: 0 1
892: 32 1
893: 0 1
894: 32 1
895: 0 1
896: 32 1
897: 0 1
898: 34 1
899: 0 1
900: 33 1
901: 0 1
902: 31 1
903: 0 1
904: 31 1
905: 0 1
906: 32 1
907: 0 1
908: 33 1
909: 0 1
910: 33 1
911: 0 1
912: 32 1
913: 0 1
914: 32 1
915: 0 1
916: 32 1
917: 0 1
918: 33 1
919: 0 1
920: 33 1
921: 0 1
922: 34 1
923: 0 1
924: 0 1
925: 31 1
926: 0 1
927: 33 1
928: 0 1
929: 32 1
930: 0 1
931: 31 1
932: 0 1
933: 33 1
934: 0 1
935: 31 1
936: 0 1
937: 32 1
938: 0 1
939: 32 1
940: 0 1
941: 31 1
942: 0 1
943: 31 1
944: 0 1
945: 33 1
946: 0 1
947: 33 1
948: 0 1
949: 31 1
950: 0 1
951: 32 1
952: 0 1
953: 32 1
954: 0 1
955: 32 1
956: 0 1
957: 31 1
958: 0 1
959: 33 1
960: 0 1
961: 33 1
962: 0 1
963: 32 1
964: 0 1
965: 33 1
966: 31 1
967: 0 1
968: 33 1
969: 0 1
970: 32 1
971: 0 1
972: 32 1
973: 0 1
974: 31 1
975: 0 1
976: 33 1
977: 0 1
978: 33 1
979: 0 1
980: 32 1
981: 0 1
982: 31 1
983: 0 1
984: 33 1
985: 0 1
986: 32 1
987: 0 1
988: 32 1
989: 0 1
990: 33 1
991: 0 1
992: 31 1
993: 0 1
994: 34 1
995: 0 1
996: 33 1
997: 0 1
998: 32 1
999: 0 1
1000: 33 1
