1: 481 0
2: 719 0
3: 717 0
4: 716 0
5: 718 0
6: 717 0
7: 481 0
8: 478 0
9: 483 0
10: 483 0
11: 480 0
12: 719 0
13: 718 0
14: 718 0
15: 717 0
16: 718 0
17: 482 0
18: 483 0
19: 483 0
20: 484 0
21: 482 0
22: 718 0
23: 718 0
24: 719 0
25: 718 0
26: 719 0
27: 481 0
28: 484 0
29: 481 0
30: 483 0
31: 484 0
32: 717 0
33: 719 0
34: 718 0
35: 717 0
36: 718 0
37: 482 0
38: 483 0
39: 484 0
40: 482 0
41: 485 0
42: 719 0
43: 715 0
44: 718 0
45: 717 0
46: 720 0
47: 480 0
48: 484 0
49: 486 0
50: 481 0
51: 481 0
52: 482 0
53: 719 0
54: 718 0
55: 719 0
56: 717 0
57: 715 0
58: 476 0
59: 483 0
60: 484 0
61: 484 0
62: 479 0
63: 718 0
64: 717 0
65: 718 0
66: 719 0
67: 721 0
68: 483 0
69: 484 0
70: 482 0
71: 480 0
72: 481 0
73: 718 0
74: 720 0
75: 717 0
76: 717 0
77: 714 0
78: 479 0
79: 478 0
80: 480 0
81: 480 0
82: 481 0
83: 717 0
84: 717 0
85: 717 0
86: 717 0
87: 720 0
88: 480 0
89: 486 0
90: 484 0
91: 483 0
92: 481 0
93: 720 0
94: 718 0
95: 718 0
96: 718 0
97: 717 0
98: 478 0
99: 480 0
100: 482 0
101: 481 0
102: 479 0
103: 485 1
104: 717 1
105: 479 1
106: 475 1
107: 720 1
108: 477 1
109: 720 1
110: 478 1
111: 718 1
112: 481 1
113: 718 1
114: 482 1
115: 718 1
116: 480 1
117: 719 1
118: 484 1
119: 718 1
120: 482 1
121: 718 1
122: 483 1
123: 718 1
124: 481 1
125: 718 1
126: 478 1
127: 718 1
128: 482 1
129: 717 1
130: 482 1
131: 716 1
132: 479 1
133: 717 1
134: 482 1
135: 719 1
136: 482 1
137: 721 1
138: 480 1
139: 717 1
140: 484 1
141: 720 1
142: 481 1
143: 719 1
144: 480 1
145: 716 1
146: 483 1
147: 720 1
148: 477 1
149: 720 1
150: 480 1
151: 718 1
152: 481 1
153: 721 1
154: 480 1
155: 719 1
156: 480 1
157: 719 1
158: 480 1
159: 718 1
160: 479 1
161: 717 1
162: 481 1
163: 717 1
164: 478 1
165: 719 1
166: 480 1
167: 720 1
168: 480 1
169: 720 1
170: 479 1
171: 716 1
172: 481 1
173: 721 1
174: 480 1
175: 717 1
176: 480 1
177: 714 1
178: 478 1
179: 715 1
180: 478 1
181: 719 1
182: 476 1
183: 716 1
184: 477 1
185: 715 1
186: 480 1
187: 717 1
188: 480 1
189: 718 1
190: 479 1
191: 718 1
192: 475 1
193: 721 1
194: 480 1
195: 718 1
196: 479 1
197: 718 1
198: 475 1
199: 718 1
200: 479 1
201: 718 1
202: 475 1
203: 475 1
204: 714 1
205: 476 1
206: 719 1
207: 475 1
208: 714 1
209: 476 1
210: 718 1
211: 476 1
212: 718 1
213: 480 1
214: 719 1
215: 478 1
216: 719 1
217: 474 1
218: 718 1
219: 476 1
220: 716 1
221: 475 1
222: 715 1
223: 475 1
224: 718 1
225: 477 1
226: 721 1
227: 478 1
228: 719 1
229: 474 1
230: 716 1
231: 474 1
232: 720 1
233: 478 1
234: 717 1
235: 478 1
236: 714 1
237: 474 1
238: 715 1
239: 478 1
240: 718 1
241: 477 1
242: 718 1
243: 481 1
244: 717 1
245: 476 1
246: 721 1
247: 476 1
248: 721 1
249: 476 1
250: 718 1
251: 475 1
252: 718 1
253: 475 1
254: 717 1
255: 473 1
256: 718 1
257: 475 1
258: 717 1
259: 478 1
260: 719 1
261: 474 1
262: 718 1
263: 475 1
264: 717 1
265: 476 1
266: 720 1
267: 476 1
268: 718 1
269: 473 1
270: 716 1
271: 472 1
272: 720 1
273: 479 1
274: 718 1
275: 477 1
276: 719 1
277: 474 1
278: 717 1
279: 480 1
280: 717 1
281: 474 1
282: 717 1
283: 477 1
284: 715 1
285: 474 1
286: 720 1
287: 477 1
288: 717 1
289: 475 1
290: 715 1
291: 476 1
292: 718 1
293: 477 1
294: 718 1
295: 477 1
296: 716 1
297: 478 1
298: 717 1
299: 476 1
300: 719 1
301: 480 1
302: 719 0
303: 717 0
304: 717 0
305: 719 0
306: 719 0
307: 478 0
308: 477 0
309: 479 0
310: 480 0
311: 476 0
312: 716 0
313: 716 0
314: 715 0
315: 714 0
316: 718 0
317: 474 0
318: 476 0
319: 480 0
320: 481 0
321: 477 0
322: 719 0
323: 717 0
324: 719 0
325: 720 0
326: 717 0
327: 472 0
328: 479 0
329: 478 0
330: 482 0
331: 478 0
332: 721 0
333: 718 0
334: 718 0
335: 717 0
336: 716 0
337: 473 0
338: 477 0
339: 477 0
340: 476 0
341: 482 0
342: 715 0
343: 714 0
344: 716 0
345: 719 0
346: 716 0
347: 476 0
348: 477 0
349: 473 0
350: 477 0
351: 476 0
352: 718 0
353: 719 0
354: 719 0
355: 718 0
356: 718 0
357: 478 0
358: 477 0
359: 474 0
360: 476 0
361: 477 0
362: 717 0
363: 718 0
364: 717 0
365: 720 0
366: 720 0
367: 479 0
368: 478 0
369: 480 0
370: 480 0
371: 480 0
372: 719 0
373: 720 0
374: 716 0
375: 716 0
376: 717 0
377: 475 0
378: 478 0
379: 477 0
380: 474 0
381: 474 0
382: 717 0
383: 716 0
384: 716 0
385: 722 0
386: 719 0
387: 476 0
388: 477 0
389: 475 0
390: 475 0
391: 477 0
392: 718 0
393: 717 0
394: 717 0
395: 716 0
396: 474 0
397: 477 0
398: 478 0
399: 479 0
400: 479 0
401: 475 0
402: 478 0
403: 477 0
404: 477 0
405: 476 0
406: 479 0
407: 719 0
408: 720 0
409: 716 0
410: 717 0
411: 721 0
412: 479 0
413: 478 0
414: 477 0
415: 474 0
416: 477 0
417: 715 0
418: 717 0
419: 715 0
420: 715 0
421: 714 0
422: 478 0
423: 479 0
424: 478 0
425: 480 0
426: 481 0
427: 718 0
428: 718 0
429: 717 0
430: 716 0
431: 720 0
432: 477 0
433: 478 0
434: 478 0
435: 477 0
436: 476 0
437: 716 0
438: 721 0
439: 719 0
440: 718 0
441: 717 0
442: 479 0
443: 474 0
444: 479 0
445: 479 0
446: 716 0
447: 718 0
448: 715 0
449: 714 0
450: 715 0
451: 476 0
452: 480 0
453: 478 0
454: 478 0
455: 479 0
456: 715 0
457: 719 0
458: 720 0
459: 718 0
460: 718 0
461: 478 0
462: 473 0
463: 477 0
464: 479 0
465: 481 0
466: 717 0
467: 718 0
468: 717 0
469: 717 0
470: 717 0
471: 476 0
472: 481 0
473: 482 0
474: 480 0
475: 479 0
476: 718 0
477: 718 0
478: 716 0
479: 719 0
480: 715 0
481: 472 0
482: 480 0
483: 478 0
484: 482 0
485: 482 0
486: 719 0
487: 718 0
488: 719 0
489: 718 0
490: 717 0
491: 479 0
492: 479 0
493: 475 0
494: 480 0
495: 476 0
496: 475 0
497: 476 0
498: 478 0
499: 483 0
500: 477 0
501: 716 1
502: 475 1
503: 714 1
504: 478 1
505: 717 1
506: 477 1
507: 718 1
508: 479 1
509: 716 1
510: 474 1
511: 720 1
512: 477 1
513: 721 1
514: 478 1
515: 716 1
516: 478 1
517: 717 1
518: 478 1
519: 718 1
520: 479 1
521: 716 1
522: 475 1
523: 716 1
524: 479 1
525: 714 1
526: 475 1
527: 715 1
528: 474 1
529: 717 1
530: 477 1
531: 720 1
532: 479 1
533: 720 1
534: 476 1
535: 717 1
536: 479 1
537: 721 1
538: 478 1
539: 717 1
540: 478 1
541: 714 1
542: 476 1
543: 718 1
544: 477 1
545: 720 1
546: 475 1
547: 716 1
548: 475 1
549: 719 1
550: 479 1
551: 717 1
552: 476 1
553: 717 1
554: 475 1
555: 715 1
556: 477 1
557: 719 1
558: 478 1
559: 718 1
560: 478 1
561: 472 1
562: 717 1
563: 477 1
564: 720 1
565: 475 1
566: 718 1
567: 477 1
568: 717 1
569: 473 1
570: 722 1
571: 477 1
572: 715 1
573: 477 1
574: 718 1
575: 477 1
576: 718 1
577: 477 1
578: 718 1
579: 476 1
580: 717 1
581: 478 1
582: 718 1
583: 478 1
584: 716 1
585: 476 1
586: 716 1
587: 475 1
588: 715 1
589: 477 1
590: 721 1
591: 479 1
592: 719 1
593: 477 1
594: 718 1
595: 478 1
596: 719 1
597: 481 1
598: 719 1
599: 481 1
600: 717 1
601: 473 1
602: 717 1
603: 477 1
604: 718 1
605: 478 1
606: 716 1
607: 478 1
608: 716 1
609: 473 1
610: 718 1
611: 478 1
612: 717 1
613: 477 1
614: 718 1
615: 476 1
616: 717 1
617: 478 1
618: 719 1
619: 477 1
620: 719 1
621: 479 1
622: 716 1
623: 480 1
624: 718 1
625: 476 1
626: 717 1
627: 477 1
628: 714 1
629: 477 1
630: 719 1
631: 474 1
632: 715 1
633: 480 1
634: 715 1
635: 477 1
636: 721 1
637: 477 1
638: 719 1
639: 478 1
640: 718 1
641: 475 1
642: 717 1
643: 477 1
644: 717 1
645: 480 1
646: 718 1
647: 477 1
648: 717 1
649: 478 1
650: 719 1
651: 475 1
652: 719 1
653: 477 1
654: 716 1
655: 480 1
656: 719 1
657: 475 1
658: 717 1
659: 475 1
660: 714 1
661: 715 1
662: 475 1
663: 720 1
664: 478 1
665: 717 1
666: 473 1
667: 715 1
668: 479 1
669: 718 1
670: 481 1
671: 720 1
672: 475 1
673: 719 1
674: 476 1
675: 717 1
676: 477 1
677: 718 1
678: 474 1
679: 718 1
680: 474 1
681: 715 1
682: 476 1
683: 720 1
684: 478 1
685: 718 1
686: 473 1
687: 717 1
688: 478 1
689: 720 1
690: 473 1
691: 716 1
692: 476 1
693: 715 1
694: 473 1
695: 718 1
696: 475 1
697: 720 1
698: 478 1
699: 480 1
700: 718 1
701: 472 1
702: 719 1
703: 479 1
704: 719 1
705: 475 1
706: 716 1
707: 475 1
708: 718 1
709: 479 1
710: 716 1
711: 478 1
712: 717 1
713: 475 1
714: 715 1
715: 477 1
716: 719 1
717: 478 1
718: 719 1
719: 479 1
720: 719 1
721: 480 1
722: 718 1
723: 480 1
724: 717 1
725: 476 1
726: 715 1
727: 477 1
728: 715 1
729: 720 1
730: 475 1
731: 718 1
732: 472 1
733: 716 1
734: 469 1
735: 717 1
736: 473 1
737: 715 1
738: 474 1
739: 715 1
740: 472 1
741: 716 1
742: 479 1
743: 722 1
744: 475 1
745: 718 1
746: 478 1
747: 716 1
748: 476 1
749: 721 1
750: 476 1
751: 716 1
752: 474 1
753: 717 1
754: 474 1
755: 720 1
756: 476 1
757: 718 1
758: 476 1
759: 717 1
760: 475 1
761: 717 1
762: 478 1
763: 715 1
764: 476 1
765: 715 1
766: 473 1
767: 715 1
768: 477 1
769: 718 1
770: 481 1
771: 717 1
772: 474 1
773: 714 1
774: 476 1
775: 721 1
776: 477 1
777: 719 1
778: 474 1
779: 718 1
780: 476 1
781: 718 1
782: 480 1
783: 718 1
784: 477 1
785: 716 1
786: 474 1
787: 719 1
788: 476 1
789: 722 1
790: 478 1
791: 718 1
792: 474 1
793: 717 1
794: 476 1
795: 719 1
796: 475 1
797: 717 1
798: 475 1
799: 715 0
800: 715 0
801: 476 0
802: 479 0
803: 476 0
804: 476 0
805: 477 0
806: 717 0
807: 716 0
808: 720 0
809: 718 0
810: 473 0
811: 474 0
812: 477 0
813: 474 0
814: 479 0
815: 722 0
816: 718 0
817: 716 0
818: 717 0
819: 715 0
820: 472 0
821: 479 0
822: 477 0
823: 476 0
824: 477 0
825: 718 0
826: 718 0
827: 717 0
828: 720 0
829: 719 0
830: 478 0
831: 477 0
832: 475 0
833: 475 0
834: 475 0
835: 718 0
836: 718 0
837: 716 0
838: 716 0
839: 714 0
840: 478 0
841: 477 0
842: 476 0
843: 478 0
844: 478 0
845: 714 0
846: 715 0
847: 717 0
848: 720 0
849: 717 0
850: 482 0
851: 479 0
852: 482 0
853: 479 0
854: 480 0
855: 720 0
856: 718 0
857: 716 0
858: 718 0
859: 717 0
860: 473 0
861: 482 0
862: 479 0
863: 479 0
864: 479 0
865: 717 0
866: 716 0
867: 719 0
868: 719 0
869: 716 0
870: 474 0
871: 474 0
872: 474 0
873: 476 0
874: 476 0
875: 718 0
876: 717 0
877: 717 0
878: 716 0
879: 714 0
880: 474 0
881: 479 0
882: 476 0
883: 477 0
884: 477 0
885: 719 0
886: 718 0
887: 721 0
888: 719 0
889: 719 0
890: 479 0
891: 478 0
892: 478 0
893: 479 0
894: 480 0
895: 481 0
896: 477 0
897: 481 0
898: 716 0
899: 717 0
900: 718 0
901: 721 0
902: 716 0
903: 474 0
904: 472 0
905: 477 0
906: 477 0
907: 476 0
908: 722 0
909: 721 0
910: 718 0
911: 718 0
912: 717 0
913: 476 0
914: 479 0
915: 479 0
916: 479 0
917: 479 0
918: 717 0
919: 717 0
920: 715 0
921: 719 0
922: 718 0
923: 475 0
924: 481 0
925: 479 0
926: 475 0
927: 480 0
928: 719 0
929: 718 0
930: 719 0
931: 718 0
932: 718 0
933: 478 0
934: 477 0
935: 479 0
936: 479 0
937: 478 0
938: 717 0
939: 714 0
940: 718 0
941: 719 0
942: 717 0
943: 477 0
944: 479 0
945: 473 0
946: 478 0
947: 477 0
948: 714 0
949: 715 0
950: 715 0
951: 715 0
952: 715 0
953: 477 0
954: 480 0
955: 479 0
956: 475 0
957: 478 0
958: 718 0
959: 717 0
960: 718 0
961: 720 0
962: 716 0
963: 474 0
964: 476 0
965: 477 0
966: 476 0
967: 480 0
968: 720 0
969: 719 0
970: 718 0
971: 717 0
972: 717 0
973: 479 0
974: 478 0
975: 477 0
976: 479 0
977: 477 0
978: 716 0
979: 714 0
980: 718 0
981: 720 0
982: 719 0
983: 476 0
984: 474 0
985: 477 0
986: 476 0
987: 482 0
988: 718 0
989: 716 0
990: 717 0
991: 717 0
992: 716 0
993: 480 0
994: 479 0
995: 479 0
996: 479 0
997: 474 0
998: 475 0
999: 479 0
1000: 479 0
