1: 646 0
2: 716 0
3: 716 0
4: 715 0
5: 718 0
6: 717 0
7: 645 0
8: 646 0
9: 647 0
10: 648 0
11: 646 0
12: 719 0
13: 719 0
14: 721 0
15: 722 0
16: 719 0
17: 647 0
18: 644 0
19: 645 0
20: 646 0
21: 649 0
22: 719 0
23: 722 0
24: 719 0
25: 717 0
26: 717 0
27: 646 0
28: 648 0
29: 646 0
30: 647 0
31: 646 0
32: 720 0
33: 716 0
34: 716 0
35: 719 0
36: 718 0
37: 645 0
38: 646 0
39: 645 0
40: 645 0
41: 647 0
42: 721 0
43: 718 0
44: 716 0
45: 717 0
46: 714 0
47: 641 0
48: 645 0
49: 648 0
50: 644 0
51: 645 0
52: 645 0
53: 718 0
54: 718 0
55: 720 0
56: 719 0
57: 720 0
58: 645 0
59: 643 0
60: 644 0
61: 642 0
62: 648 0
63: 718 0
64: 717 0
65: 717 0
66: 715 0
67: 716 0
68: 645 0
69: 648 0
70: 647 0
71: 646 0
72: 646 0
73: 717 0
74: 716 0
75: 721 0
76: 718 0
77: 717 0
78: 643 0
79: 642 0
80: 643 0
81: 644 0
82: 645 0
83: 718 0
84: 718 0
85: 717 0
86: 715 0
87: 714 0
88: 644 0
89: 645 0
90: 647 0
91: 644 0
92: 647 0
93: 718 0
94: 717 0
95: 716 0
96: 719 0
97: 716 0
98: 645 0
99: 644 0
100: 644 0
101: 644 0
102: 645 0
103: 648 0
104: 720 0
105: 717 0
106: 716 0
107: 643 0
108: 643 0
109: 647 0
110: 645 0
111: 716 0
112: 716 0
113: 716 0
114: 716 0
115: 718 0
116: 647 0
117: 647 0
118: 648 0
119: 647 0
120: 645 0
121: 718 0
122: 720 0
123: 723 0
124: 718 0
125: 717 0
126: 646 0
127: 646 0
128: 646 0
129: 648 0
130: 647 0
131: 720 0
132: 717 0
133: 717 0
134: 717 0
135: 721 0
136: 648 0
137: 645 0
138: 647 0
139: 648 0
140: 646 0
141: 717 0
142: 720 0
143: 721 0
144: 719 0
145: 720 0
146: 644 0
147: 644 0
148: 646 0
149: 648 0
150: 646 0
151: 719 0
152: 717 0
153: 715 0
154: 717 0
155: 719 0
156: 648 0
157: 647 0
158: 649 0
159: 648 0
160: 646 0
161: 718 0
162: 722 0
163: 718 0
164: 717 0
165: 718 0
166: 643 0
167: 644 0
168: 644 0
169: 646 0
170: 646 0
171: 718 0
172: 718 0
173: 715 0
174: 717 0
175: 721 0
176: 646 0
177: 649 0
178: 648 0
179: 646 0
180: 645 0
181: 717 0
182: 721 0
183: 718 0
184: 717 0
185: 717 0
186: 644 0
187: 644 0
188: 645 0
189: 647 0
190: 646 0
191: 717 0
192: 716 0
193: 716 0
194: 717 0
195: 720 0
196: 646 0
197: 648 0
198: 645 0
199: 646 0
200: 645 0
201: 645 0
202: 649 0
203: 719 1
204: 648 1
205: 721 1
206: 644 1
207: 717 1
208: 645 1
209: 719 1
210: 647 1
211: 717 1
212: 644 1
213: 716 1
214: 644 1
215: 718 1
216: 644 1
217: 716 1
218: 643 1
219: 716 1
220: 644 1
221: 718 1
222: 648 1
223: 720 1
224: 647 1
225: 720 1
226: 647 1
227: 718 1
228: 647 1
229: 720 1
230: 647 1
231: 718 1
232: 645 1
233: 716 1
234: 646 1
235: 721 1
236: 648 1
237: 720 1
238: 646 1
239: 718 1
240: 645 1
241: 720 1
242: 648 1
243: 718 1
244: 646 1
245: 719 1
246: 646 1
247: 718 1
248: 649 1
249: 718 1
250: 647 1
251: 646 1
252: 718 1
253: 644 1
254: 718 1
255: 646 1
256: 718 1
257: 647 1
258: 718 1
259: 643 1
260: 718 1
261: 646 1
262: 723 1
263: 647 1
264: 721 1
265: 647 1
266: 718 1
267: 645 1
268: 722 1
269: 644 1
270: 717 1
271: 646 1
272: 715 1
273: 644 1
274: 0 1
275: 32 1
276: 0 1
277: 33 1
278: 0 1
279: 33 1
280: 0 1
281: 33 1
282: 0 1
283: 0 1
284: 33 1
285: 0 1
286: 34 1
287: 0 1
288: 33 1
289: 0 1
290: 33 1
291: 0 1
292: 34 1
293: 0 1
294: 34 1
295: 0 1
296: 35 1
297: 0 1
298: 33 1
299: 0 1
300: 33 1
301: 0 1
302: 33 1
303: 0 1
304: 34 1
305: 0 1
306: 32 1
307: 0 1
308: 33 1
309: 0 1
310: 34 1
311: 0 1
312: 33 1
313: 0 1
314: 34 1
315: 0 1
316: 33 1
317: 0 1
318: 34 1
319: 0 1
320: 33 1
321: 0 1
322: 35 1
323: 0 1
324: 35 1
325: 0 1
326: 34 1
327: 0 1
328: 33 1
329: 0 1
330: 35 1
331: 33 1
332: 0 1
333: 34 1
334: 0 1
335: 34 1
336: 0 1
337: 35 1
338: 0 1
339: 33 1
340: 0 1
341: 35 1
342: 0 1
343: 33 1
344: 0 1
345: 34 1
346: 0 1
347: 33 1
348: 0 1
349: 33 1
350: 0 1
351: 35 1
352: 0 1
353: 35 1
354: 0 1
355: 34 1
356: 0 1
357: 33 1
358: 0 1
359: 34 1
360: 0 1
361: 34 1
362: 0 1
363: 35 1
364: 0 1
365: 34 1
366: 0 1
367: 33 1
368: 0 1
369: 34 1
370: 0 1
371: 33 1
372: 0 1
373: 35 1
374: 33 1
375: 0 1
376: 33 1
377: 0 1
378: 33 1
379: 0 1
380: 32 1
381: 0 1
382: 32 1
383: 0 1
384: 33 1
385: 0 1
386: 33 1
387: 0 1
388: 33 1
389: 0 1
390: 34 1
391: 0 1
392: 32 1
393: 0 1
394: 33 1
395: 0 1
396: 33 1
397: 0 1
398: 33 1
399: 0 1
400: 33 1
401: 0 1
402: 33 1
403: 0 1
404: 33 1
405: 35 1
406: 0 1
407: 34 1
408: 0 1
409: 33 1
410: 0 1
411: 33 1
412: 0 1
413: 35 1
414: 0 1
415: 33 1
416: 0 1
417: 33 1
418: 0 1
419: 33 1
420: 0 1
421: 34 1
422: 0 1
423: 34 1
424: 0 1
425: 34 1
426: 0 1
427: 33 1
428: 0 1
429: 33 1
430: 0 1
431: 35 1
432: 0 1
433: 36 1
434: 32 1
435: 0 1
436: 32 1
437: 0 1
438: 33 1
439: 0 1
440: 33 1
441: 0 1
442: 33 1
443: 0 1
444: 33 1
445: 0 1
446: 33 1
447: 0 1
448: 32 1
449: 0 1
450: 33 1
451: 0 1
452: 33 1
453: 0 1
454: 34 1
455: 0 1
456: 33 1
457: 0 1
458: 33 1
459: 0 1
460: 35 1
461: 0 1
462: 33 1
463: 0 1
464: 33 1
465: 0 1
466: 35 1
467: 0 1
468: 35 1
469: 0 1
470: 33 1
471: 0 1
472: 34 1
473: 0 1
474: 35 1
475: 0 1
476: 0 1
477: 34 1
478: 0 1
479: 32 1
480: 0 1
481: 32 1
482: 0 1
483: 33 1
484: 0 1
485: 35 1
486: 0 1
487: 33 1
488: 0 1
489: 34 1
490: 0 1
491: 34 1
492: 0 1
493: 34 1
494: 0 1
495: 35 1
496: 0 1
497: 34 1
498: 0 1
499: 34 1
500: 0 1
501: 34 1
502: 0 1
503: 33 1
504: 0 1
505: 35 1
506: 0 1
507: 35 1
508: 0 0
509: 0 0
510: 33 0
511: 33 0
512: 32 0
513: 34 0
514: 32 0
515: 0 0
516: 0 0
517: 0 0
518: 0 0
519: 0 0
520: 33 0
521: 33 0
522: 33 0
523: 33 0
524: 32 0
525: 0 0
526: 0 0
527: 0 0
528: 0 0
529: 0 0
530: 34 0
531: 34 0
532: 33 0
533: 34 0
534: 34 0
535: 32 0
536: 0 0
537: 0 0
538: 0 0
539: 0 0
540: 0 0
541: 35 0
542: 33 0
543: 33 0
544: 33 0
545: 33 0
546: 0 0
547: 0 0
548: 0 0
549: 0 0
550: 0 0
551: 35 0
552: 33 0
553: 33 0
554: 33 0
555: 32 0
556: 0 0
557: 0 0
558: 0 0
559: 0 0
560: 0 0
561: 35 0
562: 32 0
563: 33 0
564: 33 0
565: 33 0
566: 0 0
567: 0 0
568: 0 0
569: 0 0
570: 0 0
571: 34 0
572: 33 0
573: 34 0
574: 34 0
575: 33 0
576: 33 0
577: 0 0
578: 0 0
579: 0 0
580: 0 0
581: 0 0
582: 33 0
583: 33 0
584: 34 0
585: 34 0
586: 32 0
587: 0 0
588: 0 0
589: 0 0
590: 0 0
591: 0 0
592: 35 0
593: 34 0
594: 34 0
595: 33 0
596: 35 0
597: 0 0
598: 0 0
599: 0 0
600: 0 0
601: 0 0
602: 35 0
603: 33 0
604: 33 0
605: 33 0
606: 33 0
607: 33 0
608: 33 0
609: 33 0
610: 33 0
611: 0 0
612: 0 0
613: 0 0
614: 0 0
615: 0 0
616: 35 0
617: 35 0
618: 34 0
619: 34 0
620: 32 0
621: 0 0
622: 0 0
623: 0 0
624: 0 0
625: 0 0
626: 35 0
627: 33 0
628: 34 0
629: 32 0
630: 34 0
631: 34 0
632: 0 0
633: 0 0
634: 0 0
635: 0 0
636: 0 0
637: 32 0
638: 34 0
639: 33 0
640: 32 0
641: 33 0
642: 0 0
643: 0 0
644: 0 0
645: 0 0
646: 0 0
647: 33 0
648: 34 0
649: 32 0
650: 33 0
651: 33 0
652: 0 0
653: 0 0
654: 0 0
655: 0 0
656: 0 0
657: 33 0
658: 35 0
659: 33 0
660: 34 0
661: 33 0
662: 0 0
663: 0 0
664: 0 0
665: 0 0
666: 0 0
667: 35 0
668: 33 0
669: 33 0
670: 33 0
671: 33 0
672: 0 0
673: 0 0
674: 0 0
675: 0 0
676: 0 0
677: 0 0
678: 33 0
679: 33 0
680: 34 0
681: 34 0
682: 35 0
683: 0 0
684: 0 0
685: 0 0
686: 0 0
687: 0 0
688: 35 0
689: 33 0
690: 34 0
691: 33 0
692: 34 0
693: 0 0
694: 0 0
695: 0 0
696: 0 0
697: 0 0
698: 35 0
699: 32 0
700: 33 0
701: 33 0
702: 33 0
703: 0 0
704: 0 0
705: 0 0
706: 0 0
707: 0 0
708: 33 0
709: 32 0
710: 34 0
711: 33 0
712: 33 0
713: 33 0
714: 33 1
715: 0 1
716: 33 1
717: 0 1
718: 33 1
719: 0 1
720: 33 1
721: 0 1
722: 34 1
723: 0 1
724: 35 1
725: 0 1
726: 35 1
727: 0 1
728: 34 1
729: 0 1
730: 35 1
731: 0 1
732: 34 1
733: 0 1
734: 0 1
735: 34 1
736: 0 1
737: 34 1
738: 0 1
739: 34 1
740: 0 1
741: 35 1
742: 0 1
743: 33 1
744: 0 1
745: 33 1
746: 0 1
747: 33 1
748: 0 1
749: 33 1
750: 0 1
751: 34 1
752: 0 1
753: 34 1
754: 0 1
755: 33 1
756: 0 1
757: 34 1
758: 0 1
759: 33 1
760: 0 1
761: 34 1
762: 0 1
763: 34 1
764: 0 1
765: 34 1
766: 0 1
767: 33 1
768: 0 1
769: 33 1
770: 0 1
771: 36 1
772: 0 1
773: 34 1
774: 0 1
775: 0 1
776: 34 1
777: 0 1
778: 33 1
779: 0 1
780: 33 1
781: 0 1
782: 34 1
783: 0 1
784: 35 1
785: 0 1
786: 35 1
787: 0 1
788: 35 1
789: 0 1
790: 34 1
791: 0 1
792: 34 1
793: 0 1
794: 34 1
795: 0 1
796: 34 1
797: 0 1
798: 34 1
799: 0 1
800: 35 1
801: 0 1
802: 35 1
803: 0 1
804: 34 1
805: 0 1
806: 33 1
807: 0 1
808: 35 1
809: 0 1
810: 34 1
811: 0 1
812: 35 1
813: 0 1
814: 33 1
815: 33 1
816: 0 1
817: 34 1
818: 0 1
819: 33 1
820: 0 1
821: 35 1
822: 0 1
823: 35 1
824: 34 1
825: 0 1
826: 35 1
827: 0 1
828: 34 1
829: 0 1
830: 36 1
831: 0 1
832: 33 1
833: 0 1
834: 33 1
835: 0 1
836: 35 1
837: 0 1
838: 35 1
839: 0 1
840: 35 1
841: 0 1
842: 34 1
843: 0 1
844: 35 1
845: 0 1
846: 33 1
847: 0 1
848: 34 1
849: 0 1
850: 33 1
851: 0 1
852: 33 1
853: 0 1
854: 34 1
855: 0 1
856: 35 1
857: 0 1
858: 34 1
859: 0 1
860: 34 1
861: 0 1
862: 35 1
863: 0 1
864: 35 1
865: 0 1
866: 0 1
867: 33 1
868: 0 1
869: 33 1
870: 0 1
871: 35 1
872: 0 1
873: 35 1
874: 0 1
875: 35 1
876: 0 1
877: 35 1
878: 0 1
879: 37 1
880: 0 1
881: 33 1
882: 0 1
883: 34 1
884: 0 1
885: 33 1
886: 0 1
887: 34 1
888: 0 1
889: 34 1
890: 0 1
891: 34 1
892: 0 1
893: 34 1
894: 0 1
895: 34 1
896: 0 1
897: 35 1
898: 0 1
899: 34 1
900: 0 1
901: 34 1
902: 0 1
903: 34 1
904: 0 1
905: 33 1
906: 0 1
907: 34 1
908: 0 1
909: 0 1
910: 35 1
911: 0 1
912: 35 1
913: 0 1
914: 35 1
915: 0 1
916: 34 1
917: 0 1
918: 34 1
919: 0 0
920: 33 0
921: 33 0
922: 35 0
923: 33 0
924: 33 0
925: 33 0
926: 0 0
927: 0 0
928: 0 0
929: 0 0
930: 0 0
931: 33 0
932: 34 0
933: 33 0
934: 33 0
935: 34 0
936: 0 0
937: 0 0
938: 0 0
939: 0 0
940: 0 0
941: 35 0
942: 34 0
943: 34 0
944: 34 0
945: 34 0
946: 0 0
947: 0 0
948: 0 0
949: 0 0
950: 0 0
951: 34 0
952: 34 0
953: 34 0
954: 34 0
955: 33 0
956: 0 0
957: 0 0
958: 0 0
959: 0 0
960: 0 0
961: 35 0
962: 35 0
963: 33 0
964: 33 0
965: 34 0
966: 0 0
967: 0 0
968: 0 0
969: 0 0
970: 0 0
971: 0 0
972: 34 0
973: 34 0
974: 35 0
975: 34 0
976: 34 0
977: 0 0
978: 0 0
979: 0 0
980: 0 0
981: 0 0
982: 36 0
983: 35 0
984: 34 0
985: 35 0
986: 32 0
987: 0 0
988: 0 0
989: 0 0
990: 0 0
991: 0 0
992: 35 0
993: 33 0
994: 34 0
995: 34 0
996: 35 0
997: 0 0
998: 0 0
999: 0 0
1000: 0 0
