1: 647 0
2: 716 0
3: 716 0
4: 716 0
5: 718 0
6: 716 0
7: 644 0
8: 646 0
9: 646 0
10: 646 0
11: 647 0
12: 720 0
13: 720 0
14: 720 0
15: 720 0
16: 722 0
17: 648 0
18: 648 0
19: 649 0
20: 647 0
21: 645 0
22: 716 0
23: 717 0
24: 717 0
25: 716 0
26: 716 0
27: 647 0
28: 646 0
29: 647 0
30: 648 0
31: 646 0
32: 716 0
33: 716 0
34: 716 0
35: 718 0
36: 716 0
37: 643 0
38: 644 0
39: 645 0
40: 647 0
41: 645 0
42: 719 0
43: 716 0
44: 716 0
45: 716 0
46: 716 0
47: 643 0
48: 646 0
49: 647 0
50: 644 0
51: 645 0
52: 645 0
53: 717 0
54: 716 0
55: 718 0
56: 716 0
57: 716 0
58: 644 0
59: 645 0
60: 645 0
61: 646 0
62: 646 0
63: 716 0
64: 717 0
65: 716 0
66: 716 0
67: 717 0
68: 645 0
69: 647 0
70: 646 0
71: 646 0
72: 646 0
73: 0 0
74: 0 0
75: 0 0
76: 0 0
77: 0 0
78: 33 0
79: 33 0
80: 32 0
81: 34 0
82: 34 0
83: 0 0
84: 0 0
85: 0 0
86: 0 0
87: 0 0
88: 0 0
89: 34 0
90: 33 0
91: 32 0
92: 33 0
93: 33 0
94: 0 0
95: 0 0
96: 0 0
97: 0 0
98: 0 0
99: 33 0
100: 33 0
101: 33 0
102: 32 0
103: 33 0
104: 0 1
105: 33 1
106: 0 1
107: 33 1
108: 0 1
109: 34 1
110: 0 1
111: 33 1
112: 0 1
113: 34 1
114: 0 1
115: 34 1
116: 0 1
117: 34 1
118: 0 1
119: 35 1
120: 0 1
121: 33 1
122: 0 1
123: 35 1
124: 0 1
125: 33 1
126: 0 1
127: 34 1
128: 0 1
129: 33 1
130: 0 1
131: 34 1
132: 0 1
133: 34 1
134: 0 1
135: 35 1
136: 34 1
137: 0 1
138: 34 1
139: 0 1
140: 33 1
141: 0 1
142: 33 1
143: 0 1
144: 33 1
145: 0 1
146: 33 1
147: 0 1
148: 34 1
149: 0 1
150: 33 1
151: 0 1
152: 34 1
153: 0 1
154: 34 1
155: 0 1
156: 33 1
157: 0 1
158: 34 1
159: 0 1
160: 35 1
161: 0 1
162: 34 1
163: 0 1
164: 33 1
165: 0 1
166: 34 1
167: 0 1
168: 33 1
169: 0 1
170: 34 1
171: 0 1
172: 35 1
173: 0 1
174: 34 1
175: 0 1
176: 33 1
177: 0 1
178: 36 1
179: 33 1
180: 0 1
181: 34 1
182: 0 1
183: 33 1
184: 0 1
185: 35 1
186: 0 1
187: 34 1
188: 0 1
189: 34 1
190: 0 1
191: 34 1
192: 0 1
193: 34 1
194: 0 1
195: 34 1
196: 0 1
197: 33 1
198: 0 1
199: 33 1
200: 0 1
201: 33 1
202: 0 1
203: 33 1
204: 0 1
205: 33 1
206: 33 1
207: 0 0
208: 0 0
209: 0 0
210: 0 0
211: 0 0
212: 34 0
213: 34 0
214: 33 0
215: 33 0
216: 33 0
217: 0 0
218: 0 0
219: 0 0
220: 0 0
221: 0 0
222: 35 0
223: 33 0
224: 33 0
225: 33 0
226: 33 0
227: 33 0
228: 0 0
229: 0 0
230: 0 0
231: 0 0
232: 0 0
233: 33 0
234: 32 0
235: 32 0
236: 33 0
237: 32 0
238: 0 0
239: 0 0
240: 0 0
241: 0 0
242: 0 0
243: 35 0
244: 34 0
245: 33 0
246: 33 0
247: 33 0
248: 0 0
249: 0 0
250: 0 0
251: 0 0
252: 0 0
253: 35 0
254: 34 0
255: 33 0
256: 34 0
257: 33 0
258: 0 0
259: 0 0
260: 0 0
261: 0 0
262: 0 0
263: 33 0
264: 34 0
265: 34 0
266: 33 0
267: 33 0
268: 0 0
269: 0 0
270: 0 0
271: 0 0
272: 0 0
273: 0 0
274: 33 0
275: 34 0
276: 33 0
277: 33 0
278: 33 0
279: 0 0
280: 0 0
281: 0 0
282: 0 0
283: 0 0
284: 33 0
285: 34 0
286: 34 0
287: 34 0
288: 33 0
289: 0 0
290: 0 0
291: 0 0
292: 0 0
293: 0 0
294: 33 0
295: 34 0
296: 34 0
297: 34 0
298: 32 0
299: 0 0
300: 0 0
301: 0 0
302: 0 0
303: 0 0
304: 33 0
305: 33 0
306: 33 0
307: 33 0
308: 33 0
309: 33 0
310: 32 1
311: 0 1
312: 33 1
313: 0 1
314: 33 1
315: 0 1
316: 34 1
317: 0 1
318: 35 1
319: 0 1
320: 33 1
321: 0 1
322: 35 1
323: 0 1
324: 33 1
325: 0 1
326: 33 1
327: 0 1
328: 34 1
329: 33 1
330: 0 1
331: 33 1
332: 0 1
333: 34 1
334: 0 1
335: 33 1
336: 0 1
337: 34 1
338: 0 1
339: 33 1
340: 0 1
341: 33 1
342: 0 1
343: 35 1
344: 0 1
345: 34 1
346: 0 1
347: 35 1
348: 0 1
349: 32 1
350: 0 1
351: 34 1
352: 0 1
353: 34 1
354: 0 1
355: 34 1
356: 0 1
357: 35 1
358: 0 1
359: 34 1
360: 0 1
361: 35 1
362: 0 1
363: 35 1
364: 0 1
365: 34 1
366: 0 1
367: 35 1
368: 0 1
369: 34 1
370: 0 1
371: 36 1
372: 33 1
373: 0 1
374: 33 1
375: 0 1
376: 32 1
377: 0 1
378: 33 1
379: 0 1
380: 34 1
381: 0 1
382: 33 1
383: 0 1
384: 33 1
385: 0 1
386: 32 1
387: 0 1
388: 33 1
389: 0 1
390: 33 1
391: 0 1
392: 33 1
393: 0 1
394: 33 1
395: 0 1
396: 33 1
397: 0 1
398: 33 1
399: 0 1
400: 33 1
401: 0 1
402: 33 1
403: 0 1
404: 34 1
405: 0 1
406: 34 1
407: 0 1
408: 33 1
409: 0 1
410: 34 1
411: 33 1
412: 0 1
413: 34 1
414: 0 1
415: 35 1
416: 0 1
417: 35 1
418: 0 1
419: 35 1
420: 0 1
421: 0 1
422: 32 1
423: 0 1
424: 33 1
425: 0 1
426: 32 1
427: 0 1
428: 33 1
429: 0 1
430: 33 1
431: 0 1
432: 33 1
433: 0 1
434: 34 1
435: 0 1
436: 33 1
437: 0 1
438: 33 1
439: 0 1
440: 33 1
441: 0 1
442: 33 1
443: 0 1
444: 33 1
445: 0 1
446: 33 1
447: 0 1
448: 32 1
449: 0 1
450: 33 1
451: 0 1
452: 33 1
453: 0 1
454: 34 1
455: 0 1
456: 34 1
457: 0 1
458: 34 1
459: 0 1
460: 33 1
461: 0 1
462: 34 1
463: 34 1
464: 0 1
465: 33 1
466: 0 1
467: 35 1
468: 0 1
469: 34 1
470: 0 1
471: 35 1
472: 0 1
473: 35 1
474: 0 1
475: 34 1
476: 0 1
477: 34 1
478: 0 1
479: 33 1
480: 0 1
481: 34 1
482: 0 1
483: 35 1
484: 0 1
485: 35 1
486: 0 1
487: 34 1
488: 0 1
489: 34 1
490: 0 1
491: 34 1
492: 0 1
493: 35 1
494: 0 1
495: 34 1
496: 0 1
497: 34 1
498: 0 1
499: 33 1
500: 0 1
501: 33 1
502: 0 1
503: 34 1
504: 0 1
505: 0 1
506: 34 1
507: 0 1
508: 33 1
509: 0 1
510: 33 1
511: 0 1
512: 32 1
513: 0 1
514: 33 1
515: 0 1
516: 32 1
517: 0 1
518: 33 1
519: 0 1
520: 33 1
521: 0 1
522: 33 1
523: 0 1
524: 33 1
525: 0 1
526: 33 1
527: 0 1
528: 33 1
529: 0 1
530: 33 1
531: 0 1
532: 34 1
533: 0 1
534: 33 1
535: 0 1
536: 34 1
537: 0 1
538: 33 1
539: 0 1
540: 33 1
541: 0 1
542: 34 1
543: 0 1
544: 32 1
545: 0 1
546: 34 1
547: 0 1
548: 34 1
549: 0 1
550: 34 1
551: 0 1
552: 34 1
553: 0 1
554: 0 1
555: 33 1
556: 0 1
557: 32 1
558: 0 1
559: 33 1
560: 0 1
561: 33 1
562: 0 1
563: 33 1
564: 0 1
565: 33 1
566: 0 1
567: 34 1
568: 0 1
569: 34 1
570: 0 1
571: 33 1
572: 0 1
573: 33 1
574: 0 1
575: 33 1
576: 0 1
577: 34 1
578: 0 1
579: 33 1
580: 0 1
581: 35 1
582: 0 1
583: 33 1
584: 0 1
585: 34 1
586: 0 1
587: 34 1
588: 0 1
589: 34 1
590: 0 1
591: 33 1
592: 0 1
593: 34 1
594: 0 1
595: 0 1
596: 33 1
597: 0 1
598: 34 1
599: 0 1
600: 34 1
601: 0 1
602: 34 1
603: 0 1
604: 35 1
605: 0 1
606: 33 1
607: 0 1
608: 34 1
609: 0 1
610: 34 1
611: 0 1
612: 34 1
613: 0 1
614: 33 1
615: 0 1
616: 34 1
617: 33 0
618: 0 0
619: 0 0
620: 0 0
621: 0 0
622: 0 0
623: 33 0
624: 33 0
625: 32 0
626: 34 0
627: 33 0
628: 0 0
629: 0 0
630: 0 0
631: 0 0
632: 0 0
633: 33 0
634: 33 0
635: 32 0
636: 33 0
637: 33 0
638: 0 0
639: 0 0
640: 0 0
641: 0 0
642: 0 0
643: 33 0
644: 34 0
645: 33 0
646: 34 0
647: 33 0
648: 0 0
649: 0 0
650: 0 0
651: 0 0
652: 0 0
653: 35 0
654: 35 0
655: 33 0
656: 34 0
657: 33 0
658: 33 0
659: 0 0
660: 0 0
661: 0 0
662: 0 0
663: 0 0
664: 33 0
665: 32 0
666: 33 0
667: 32 0
668: 34 0
669: 0 0
670: 0 0
671: 0 0
672: 0 0
673: 0 0
674: 33 0
675: 33 0
676: 34 0
677: 33 0
678: 35 0
679: 0 0
680: 0 0
681: 0 0
682: 0 0
683: 0 0
684: 34 0
685: 33 0
686: 33 0
687: 33 0
688: 34 0
689: 0 0
690: 0 0
691: 0 0
692: 0 0
693: 0 0
694: 34 0
695: 32 0
696: 33 0
697: 31 0
698: 33 0
699: 33 0
700: 0 0
701: 0 0
702: 0 0
703: 0 0
704: 0 0
705: 33 0
706: 33 0
707: 32 0
708: 34 0
709: 33 0
710: 0 0
711: 0 0
712: 0 0
713: 0 0
714: 0 0
715: 34 0
716: 34 0
717: 33 0
718: 35 0
719: 34 0
720: 35 0
721: 33 0
722: 33 0
723: 33 0
724: 33 0
725: 0 0
726: 0 0
727: 0 0
728: 0 0
729: 0 0
730: 0 0
731: 33 0
732: 34 0
733: 34 0
734: 34 0
735: 33 0
736: 0 0
737: 0 0
738: 0 0
739: 0 0
740: 0 0
741: 34 0
742: 35 0
743: 33 0
744: 33 0
745: 34 0
746: 0 0
747: 0 0
748: 0 0
749: 0 0
750: 0 0
751: 35 0
752: 33 0
753: 33 0
754: 34 0
755: 33 0
756: 0 0
757: 0 0
758: 0 0
759: 0 0
760: 0 0
761: 35 0
762: 35 0
763: 34 0
764: 33 0
765: 33 0
766: 0 0
767: 0 0
768: 0 0
769: 0 0
770: 0 0
771: 0 0
772: 33 0
773: 33 0
774: 33 0
775: 33 0
776: 34 0
777: 0 0
778: 0 0
779: 0 0
780: 0 0
781: 0 0
782: 34 0
783: 33 0
784: 34 0
785: 34 0
786: 33 0
787: 0 0
788: 0 0
789: 0 0
790: 0 0
791: 0 0
792: 33 0
793: 33 0
794: 32 0
795: 33 0
796: 32 0
797: 0 0
798: 0 0
799: 0 0
800: 0 0
801: 0 0
802: 34 0
803: 34 0
804: 32 0
805: 34 0
806: 34 0
807: 0 0
808: 0 0
809: 0 0
810: 0 0
811: 0 0
812: 0 0
813: 34 0
814: 34 0
815: 33 0
816: 34 0
817: 33 0
818: 32 0
819: 33 0
820: 33 0
821: 33 0
822: 32 0
823: 0 1
824: 33 1
825: 0 1
826: 34 1
827: 0 1
828: 33 1
829: 0 1
830: 34 1
831: 0 1
832: 33 1
833: 0 1
834: 33 1
835: 0 1
836: 34 1
837: 0 1
838: 33 1
839: 0 1
840: 34 1
841: 0 1
842: 35 1
843: 0 1
844: 33 1
845: 0 1
846: 34 1
847: 0 1
848: 34 1
849: 0 1
850: 35 1
851: 0 1
852: 0 1
853: 33 1
854: 0 1
855: 34 1
856: 0 1
857: 34 1
858: 0 1
859: 33 1
860: 0 1
861: 34 1
862: 0 1
863: 33 1
864: 0 1
865: 33 1
866: 0 1
867: 33 1
868: 0 1
869: 33 1
870: 0 1
871: 34 1
872: 0 1
873: 34 1
874: 0 1
875: 34 1
876: 0 1
877: 33 1
878: 0 1
879: 34 1
880: 0 1
881: 35 1
882: 0 1
883: 35 1
884: 0 1
885: 35 1
886: 0 1
887: 35 1
888: 0 1
889: 34 1
890: 0 1
891: 34 1
892: 0 1
893: 36 1
894: 35 1
895: 0 1
896: 35 1
897: 0 1
898: 35 1
899: 0 1
900: 35 1
901: 0 1
902: 34 1
903: 0 1
904: 35 1
905: 0 1
906: 34 1
907: 0 1
908: 34 1
909: 0 1
910: 34 1
911: 0 1
912: 34 1
913: 0 1
914: 34 1
915: 0 1
916: 34 1
917: 0 1
918: 34 1
919: 0 1
920: 34 1
921: 0 1
922: 33 1
923: 0 1
924: 35 1
925: 0 0
926: 0 0
927: 34 0
928: 34 0
929: 33 0
930: 33 0
931: 33 0
932: 0 0
933: 0 0
934: 0 0
935: 0 0
936: 0 0
937: 34 0
938: 34 0
939: 34 0
940: 33 0
941: 34 0
942: 0 0
943: 0 0
944: 0 0
945: 0 0
946: 0 0
947: 34 0
948: 34 0
949: 33 0
950: 34 0
951: 34 0
952: 0 0
953: 0 0
954: 0 0
955: 0 0
956: 0 0
957: 0 0
958: 35 0
959: 33 0
960: 32 0
961: 32 0
962: 34 0
963: 0 0
964: 0 0
965: 0 0
966: 0 0
967: 0 0
968: 35 0
969: 34 0
970: 34 0
971: 35 0
972: 35 0
973: 0 0
974: 0 0
975: 0 0
976: 0 0
977: 0 0
978: 35 0
979: 35 0
980: 33 0
981: 34 0
982: 34 0
983: 0 0
984: 0 0
985: 0 0
986: 0 0
987: 0 0
988: 35 0
989: 35 0
990: 35 0
991: 34 0
992: 32 0
993: 0 0
994: 0 0
995: 0 0
996: 0 0
997: 0 0
998: 0 0
999: 34 0
1000: 33 0
