1: 645 0
2: 718 0
3: 717 0
4: 714 0
5: 715 0
6: 714 0
7: 644 0
8: 646 0
9: 645 0
10: 648 0
11: 646 0
12: 718 0
13: 719 0
14: 718 0
15: 717 0
16: 718 0
17: 647 0
18: 645 0
19: 646 0
20: 645 0
21: 645 0
22: 717 0
23: 719 0
24: 718 0
25: 717 0
26: 719 0
27: 643 0
28: 643 0
29: 646 0
30: 645 0
31: 644 0
32: 717 0
33: 717 0
34: 717 0
35: 715 0
36: 718 0
37: 644 0
38: 644 0
39: 643 0
40: 644 0
41: 644 0
42: 717 0
43: 718 0
44: 717 0
45: 719 0
46: 717 0
47: 643 0
48: 643 0
49: 644 0
50: 646 0
51: 646 0
52: 645 0
53: 718 0
54: 718 0
55: 717 0
56: 718 0
57: 717 0
58: 646 0
59: 644 0
60: 645 0
61: 644 0
62: 645 0
63: 716 0
64: 718 0
65: 717 0
66: 717 0
67: 719 0
68: 646 0
69: 646 0
70: 645 0
71: 647 0
72: 648 0
73: 719 0
74: 716 0
75: 717 0
76: 715 0
77: 721 0
78: 644 0
79: 646 0
80: 646 0
81: 645 0
82: 644 0
83: 716 0
84: 721 0
85: 716 0
86: 718 0
87: 718 0
88: 642 0
89: 642 0
90: 647 0
91: 647 0
92: 645 0
93: 717 0
94: 717 0
95: 719 0
96: 717 0
97: 720 0
98: 645 0
99: 646 0
100: 643 0
101: 644 0
102: 645 0
103: 646 1
104: 720 1
105: 645 1
106: 718 1
107: 644 1
108: 716 1
109: 645 1
110: 642 1
111: 717 1
112: 642 1
113: 714 1
114: 643 1
115: 716 1
116: 641 1
117: 720 1
118: 646 1
119: 717 1
120: 643 1
121: 718 1
122: 644 1
123: 717 1
124: 647 1
125: 720 1
126: 642 1
127: 717 1
128: 643 1
129: 718 1
130: 644 1
131: 721 1
132: 643 1
133: 718 1
134: 646 1
135: 716 1
136: 644 1
137: 0 1
138: 33 1
139: 0 1
140: 35 1
141: 0 1
142: 32 1
143: 0 1
144: 35 1
145: 0 1
146: 34 1
147: 0 1
148: 0 1
149: 34 1
150: 0 1
151: 33 1
152: 0 1
153: 34 1
154: 0 1
155: 33 1
156: 0 1
157: 35 1
158: 0 1
159: 34 1
160: 0 1
161: 34 1
162: 0 1
163: 33 1
164: 0 1
165: 34 1
166: 0 1
167: 34 1
168: 0 1
169: 34 1
170: 0 1
171: 36 1
172: 0 1
173: 33 1
174: 0 1
175: 35 1
176: 0 1
177: 34 1
178: 0 1
179: 36 1
180: 0 1
181: 34 1
182: 0 1
183: 34 1
184: 0 1
185: 34 1
186: 0 1
187: 34 1
188: 0 1
189: 0 1
190: 34 1
191: 0 1
192: 33 1
193: 0 1
194: 35 1
195: 0 1
196: 33 1
197: 0 1
198: 32 1
199: 0 1
200: 33 1
201: 0 1
202: 34 1
203: 0 1
204: 33 1
205: 0 1
206: 33 1
207: 0 1
208: 33 1
209: 0 1
210: 33 1
211: 0 1
212: 33 1
213: 0 1
214: 33 1
215: 0 1
216: 33 1
217: 0 1
218: 33 1
219: 0 1
220: 34 1
221: 0 1
222: 32 1
223: 0 1
224: 33 1
225: 0 1
226: 33 1
227: 0 1
228: 33 1
229: 0 1
230: 33 1
231: 0 1
232: 33 1
233: 0 1
234: 33 1
235: 0 1
236: 34 1
237: 0 1
238: 0 1
239: 32 1
240: 0 1
241: 32 1
242: 0 1
243: 35 1
244: 0 1
245: 33 1
246: 0 1
247: 35 1
248: 0 1
249: 33 1
250: 0 1
251: 33 1
252: 0 1
253: 33 1
254: 0 1
255: 34 1
256: 0 1
257: 34 1
258: 0 1
259: 34 1
260: 0 1
261: 36 1
262: 0 1
263: 35 1
264: 0 1
265: 36 1
266: 0 1
267: 33 1
268: 0 1
269: 36 1
270: 0 1
271: 35 1
272: 0 1
273: 34 1
274: 0 1
275: 34 1
276: 0 1
277: 37 1
278: 0 1
279: 0 1
280: 32 1
281: 0 1
282: 34 1
283: 0 1
284: 34 1
285: 0 1
286: 34 1
287: 0 1
288: 33 1
289: 0 1
290: 33 1
291: 0 1
292: 34 1
293: 0 1
294: 33 1
295: 0 1
296: 33 1
297: 0 1
298: 33 1
299: 0 1
300: 34 1
301: 0 1
302: 32 1
303: 0 1
304: 34 1
305: 0 1
306: 33 1
307: 35 1
308: 0 0
309: 0 0
310: 0 0
311: 0 0
312: 0 0
313: 33 0
314: 33 0
315: 35 0
316: 33 0
317: 33 0
318: 0 0
319: 0 0
320: 0 0
321: 0 0
322: 0 0
323: 35 0
324: 33 0
325: 36 0
326: 32 0
327: 33 0
328: 0 0
329: 0 0
330: 0 0
331: 0 0
332: 0 0
333: 35 0
334: 33 0
335: 35 0
336: 35 0
337: 34 0
338: 0 0
339: 0 0
340: 0 0
341: 0 0
342: 0 0
343: 0 0
344: 34 0
345: 35 0
346: 32 0
347: 34 0
348: 34 0
349: 0 0
350: 0 0
351: 0 0
352: 0 0
353: 0 0
354: 34 0
355: 34 0
356: 33 0
357: 35 0
358: 33 0
359: 0 0
360: 0 0
361: 0 0
362: 0 0
363: 0 0
364: 33 0
365: 34 0
366: 34 0
367: 33 0
368: 34 0
369: 0 0
370: 0 0
371: 0 0
372: 0 0
373: 0 0
374: 35 0
375: 34 0
376: 33 0
377: 32 0
378: 34 0
379: 0 0
380: 0 0
381: 0 0
382: 0 0
383: 0 0
384: 0 0
385: 34 0
386: 34 0
387: 33 0
388: 33 0
389: 33 0
390: 0 0
391: 0 0
392: 0 0
393: 0 0
394: 0 0
395: 35 0
396: 33 0
397: 33 0
398: 33 0
399: 34 0
400: 0 0
401: 0 0
402: 0 0
403: 0 0
404: 0 0
405: 34 0
406: 33 0
407: 32 0
408: 33 0
409: 34 0
410: 0 1
411: 33 1
412: 0 1
413: 33 1
414: 0 1
415: 33 1
416: 0 1
417: 32 1
418: 0 1
419: 33 1
420: 0 1
421: 32 1
422: 0 1
423: 33 1
424: 0 1
425: 32 1
426: 0 1
427: 33 1
428: 0 1
429: 33 1
430: 0 1
431: 33 1
432: 0 1
433: 33 1
434: 0 1
435: 35 1
436: 0 1
437: 33 1
438: 0 1
439: 34 1
440: 35 1
441: 0 1
442: 34 1
443: 0 1
444: 35 1
445: 0 1
446: 35 1
447: 0 1
448: 35 1
449: 0 1
450: 33 1
451: 0 1
452: 34 1
453: 0 1
454: 34 1
455: 0 1
456: 35 1
457: 0 1
458: 34 1
459: 0 1
460: 35 1
461: 0 1
462: 35 1
463: 0 1
464: 35 1
465: 0 1
466: 35 1
467: 0 1
468: 35 1
469: 0 1
470: 34 1
471: 0 1
472: 37 1
473: 0 1
474: 34 1
475: 0 1
476: 35 1
477: 0 1
478: 34 1
479: 0 1
480: 34 1
481: 0 1
482: 34 1
483: 32 1
484: 0 1
485: 32 1
486: 0 1
487: 34 1
488: 0 1
489: 34 1
490: 0 1
491: 33 1
492: 0 1
493: 33 1
494: 0 1
495: 33 1
496: 0 1
497: 34 1
498: 0 1
499: 33 1
500: 0 1
501: 32 1
502: 0 1
503: 33 1
504: 0 1
505: 32 1
506: 0 1
507: 34 1
508: 0 1
509: 32 1
510: 0 1
511: 33 1
512: 32 1
513: 0 0
514: 0 0
515: 0 0
516: 0 0
517: 0 0
518: 34 0
519: 33 0
520: 32 0
521: 34 0
522: 33 0
523: 0 0
524: 0 0
525: 0 0
526: 0 0
527: 0 0
528: 35 0
529: 33 0
530: 32 0
531: 34 0
532: 33 0
533: 35 0
534: 0 0
535: 0 0
536: 0 0
537: 0 0
538: 0 0
539: 34 0
540: 33 0
541: 34 0
542: 32 0
543: 35 0
544: 0 0
545: 0 0
546: 0 0
547: 0 0
548: 0 0
549: 35 0
550: 33 0
551: 34 0
552: 33 0
553: 35 0
554: 0 0
555: 0 0
556: 0 0
557: 0 0
558: 0 0
559: 34 0
560: 33 0
561: 35 0
562: 33 0
563: 34 0
564: 0 0
565: 0 0
566: 0 0
567: 0 0
568: 0 0
569: 36 0
570: 33 0
571: 35 0
572: 33 0
573: 34 0
574: 0 0
575: 0 0
576: 0 0
577: 0 0
578: 0 0
579: 0 0
580: 34 0
581: 34 0
582: 34 0
583: 35 0
584: 33 0
585: 0 0
586: 0 0
587: 0 0
588: 0 0
589: 0 0
590: 34 0
591: 34 0
592: 33 0
593: 34 0
594: 33 0
595: 0 0
596: 0 0
597: 0 0
598: 0 0
599: 0 0
600: 35 0
601: 34 0
602: 33 0
603: 34 0
604: 32 0
605: 0 0
606: 0 0
607: 0 0
608: 0 0
609: 0 0
610: 34 0
611: 33 0
612: 33 0
613: 35 0
614: 33 0
615: 34 0
616: 34 0
617: 32 0
618: 34 0
619: 33 0
620: 35 0
621: 0 0
622: 0 0
623: 0 0
624: 0 0
625: 0 0
626: 34 0
627: 34 0
628: 33 0
629: 32 0
630: 34 0
631: 0 0
632: 0 0
633: 0 0
634: 0 0
635: 0 0
636: 36 0
637: 32 0
638: 33 0
639: 34 0
640: 35 0
641: 0 0
642: 0 0
643: 0 0
644: 0 0
645: 0 0
646: 0 0
647: 34 0
648: 35 0
649: 33 0
650: 35 0
651: 33 0
652: 0 0
653: 0 0
654: 0 0
655: 0 0
656: 0 0
657: 34 0
658: 34 0
659: 33 0
660: 35 0
661: 33 0
662: 0 0
663: 0 0
664: 0 0
665: 0 0
666: 0 0
667: 33 0
668: 35 0
669: 33 0
670: 35 0
671: 34 0
672: 0 0
673: 0 0
674: 0 0
675: 0 0
676: 0 0
677: 34 0
678: 35 0
679: 34 0
680: 34 0
681: 33 0
682: 0 0
683: 0 0
684: 0 0
685: 0 0
686: 0 0
687: 0 0
688: 34 0
689: 33 0
690: 35 0
691: 35 0
692: 35 0
693: 0 0
694: 0 0
695: 0 0
696: 0 0
697: 0 0
698: 35 0
699: 35 0
700: 35 0
701: 34 0
702: 34 0
703: 0 0
704: 0 0
705: 0 0
706: 0 0
707: 0 0
708: 37 0
709: 35 0
710: 36 0
711: 35 0
712: 35 0
713: 34 0
714: 34 0
715: 34 0
716: 33 0
717: 35 0
718: 0 0
719: 0 0
720: 0 0
721: 0 0
722: 0 0
723: 34 0
724: 34 0
725: 34 0
726: 33 0
727: 35 0
728: 14 0
729: 0 0
730: 0 0
731: 0 0
732: 0 0
733: 0 0
734: 34 0
735: 35 0
736: 33 0
737: 34 0
738: 33 0
739: 0 0
740: 0 0
741: 0 0
742: 0 0
743: 0 0
744: 35 0
745: 34 0
746: 35 0
747: 35 0
748: 36 0
749: 0 0
750: 0 0
751: 0 0
752: 0 0
753: 0 0
754: 34 0
755: 35 0
756: 33 0
757: 34 0
758: 32 0
759: 0 0
760: 0 0
761: 0 0
762: 0 0
763: 0 0
764: 35 0
765: 35 0
766: 35 0
767: 35 0
768: 34 0
769: 0 0
770: 0 0
771: 0 0
772: 0 0
773: 0 0
774: 0 0
775: 35 0
776: 33 0
777: 34 0
778: 33 0
779: 35 0
780: 0 0
781: 0 0
782: 0 0
783: 0 0
784: 0 0
785: 34 0
786: 33 0
787: 35 0
788: 34 0
789: 33 0
790: 0 0
791: 0 0
792: 0 0
793: 0 0
794: 0 0
795: 34 0
796: 33 0
797: 35 0
798: 34 0
799: 33 0
800: 0 0
801: 0 0
802: 0 0
803: 0 0
804: 0 0
805: 35 0
806: 33 0
807: 36 0
808: 33 0
809: 33 0
810: 0 0
811: 0 0
812: 0 0
813: 0 0
814: 0 0
815: 0 0
816: 33 0
817: 35 0
818: 34 0
819: 35 0
820: 33 0
821: 33 1
822: 0 1
823: 35 1
824: 0 1
825: 34 1
826: 0 1
827: 35 1
828: 0 1
829: 0 1
830: 35 1
831: 0 1
832: 35 1
833: 0 1
834: 33 1
835: 0 1
836: 35 1
837: 0 1
838: 33 1
839: 0 1
840: 33 1
841: 0 1
842: 35 1
843: 0 1
844: 33 1
845: 0 1
846: 35 1
847: 0 1
848: 33 1
849: 0 1
850: 35 1
851: 0 1
852: 34 1
853: 0 1
854: 32 1
855: 0 1
856: 35 1
857: 0 1
858: 35 1
859: 0 1
860: 35 1
861: 0 1
862: 36 1
863: 0 1
864: 34 1
865: 0 1
866: 36 1
867: 0 1
868: 35 1
869: 0 1
870: 35 1
871: 0 1
872: 0 1
873: 34 1
874: 0 1
875: 34 1
876: 0 1
877: 33 1
878: 0 1
879: 34 1
880: 0 1
881: 33 1
882: 0 1
883: 34 1
884: 0 1
885: 34 1
886: 0 1
887: 34 1
888: 0 1
889: 33 1
890: 0 1
891: 34 1
892: 0 1
893: 33 1
894: 0 1
895: 33 1
896: 0 1
897: 35 1
898: 0 1
899: 34 1
900: 0 1
901: 35 1
902: 0 1
903: 33 1
904: 0 1
905: 34 1
906: 0 1
907: 34 1
908: 0 1
909: 35 1
910: 0 1
911: 33 1
912: 0 1
913: 37 1
914: 35 1
915: 0 1
916: 35 1
917: 0 1
918: 35 1
919: 0 1
920: 35 1
921: 0 1
922: 34 1
923: 35 1
924: 0 1
925: 35 1
926: 0 1
927: 35 1
928: 0 1
929: 34 1
930: 0 1
931: 35 1
932: 0 1
933: 36 1
934: 0 1
935: 34 1
936: 0 1
937: 35 1
938: 0 1
939: 34 1
940: 0 1
941: 35 1
942: 0 1
943: 35 1
944: 0 1
945: 35 1
946: 0 1
947: 33 1
948: 0 1
949: 35 1
950: 0 1
951: 33 1
952: 0 1
953: 34 1
954: 0 1
955: 34 1
956: 0 1
957: 35 1
958: 0 1
959: 34 1
960: 0 1
961: 34 1
962: 0 1
963: 35 1
964: 33 1
965: 0 1
966: 33 1
967: 0 1
968: 33 1
969: 0 1
970: 34 1
971: 0 1
972: 32 1
973: 0 1
974: 34 1
975: 0 1
976: 32 1
977: 0 1
978: 33 1
979: 0 1
980: 33 1
981: 0 1
982: 32 1
983: 0 1
984: 33 1
985: 0 1
986: 33 1
987: 0 1
988: 33 1
989: 0 1
990: 32 1
991: 0 1
992: 34 1
993: 0 1
994: 34 1
995: 0 1
996: 34 1
997: 0 1
998: 34 1
999: 0 1
1000: 34 1
