1: 644 1
2: 35 1
3: 33 1
4: 0 1
5: 34 1
6: 0 1
7: 34 1
8: 0 1
9: 32 1
10: 0 1
11: 32 1
12: 0 1
13: 34 1
14: 0 1
15: 34 1
16: 0 1
17: 34 1
18: 0 1
19: 33 1
20: 0 1
21: 0 1
22: 33 1
23: 0 1
24: 34 1
25: 0 1
26: 34 1
27: 0 1
28: 33 1
29: 0 1
30: 33 1
31: 0 1
32: 32 1
33: 0 1
34: 34 1
35: 0 1
36: 32 1
37: 0 1
38: 34 1
39: 0 1
40: 33 1
41: 0 1
42: 34 1
43: 0 1
44: 0 1
45: 34 1
46: 0 1
47: 34 1
48: 0 1
49: 33 1
50: 0 1
51: 34 1
52: 0 1
53: 34 1
54: 0 1
55: 33 1
56: 0 1
57: 34 1
58: 0 1
59: 35 1
60: 0 1
61: 34 1
62: 0 1
63: 35 1
64: 0 1
65: 35 1
66: 33 1
67: 0 1
68: 33 1
69: 0 1
70: 33 1
71: 0 1
72: 34 1
73: 0 1
74: 34 1
75: 0 1
76: 34 1
77: 0 1
78: 34 1
79: 0 1
80: 34 1
81: 0 1
82: 34 1
83: 0 1
84: 34 1
85: 0 1
86: 34 1
87: 0 1
88: 35 1
89: 33 1
90: 0 1
91: 33 1
92: 0 1
93: 34 1
94: 0 1
95: 34 1
96: 0 1
97: 33 1
98: 0 1
99: 33 1
100: 0 1
101: 33 1
102: 0 1
103: 33 1
104: 0 1
105: 33 1
106: 0 1
107: 33 1
108: 0 1
109: 33 1
110: 0 1
111: 33 1
112: 0 1
113: 33 1
114: 0 1
115: 34 1
116: 0 1
117: 33 1
118: 0 1
119: 34 1
120: 0 1
121: 34 1
122: 0 1
123: 34 1
124: 0 1
125: 35 1
126: 0 1
127: 35 1
128: 35 1
129: 0 1
130: 33 1
131: 0 1
132: 33 1
133: 0 1
134: 33 1
135: 0 1
136: 33 1
137: 0 1
138: 32 1
139: 0 1
140: 32 1
141: 0 1
142: 33 1
143: 0 1
144: 34 1
145: 0 1
146: 34 1
147: 0 1
148: 33 1
149: 0 1
150: 35 1
151: 0 1
152: 33 1
153: 0 1
154: 33 1
155: 0 1
156: 34 1
157: 0 1
158: 34 1
159: 0 1
160: 34 1
161: 0 1
162: 34 1
163: 0 1
164: 34 1
165: 0 1
166: 34 1
167: 0 1
168: 34 1
169: 0 1
170: 0 1
171: 34 1
172: 0 1
173: 33 1
174: 0 1
175: 34 1
176: 0 1
177: 34 1
178: 0 1
179: 34 1
180: 0 1
181: 35 1
182: 0 1
183: 34 1
184: 0 1
185: 33 1
186: 0 1
187: 34 1
188: 0 1
189: 34 1
190: 0 1
191: 35 1
192: 0 1
193: 35 1
194: 0 1
195: 34 1
196: 0 1
197: 34 1
198: 0 1
199: 33 1
200: 0 1
201: 33 1
202: 0 1
203: 36 1
204: 0 1
205: 34 1
206: 0 1
207: 35 1
208: 35 1
209: 0 1
210: 34 1
211: 0 1
212: 34 1
213: 0 1
214: 34 1
215: 0 1
216: 34 1
217: 0 1
218: 35 1
219: 0 1
220: 34 1
221: 0 1
222: 33 1
223: 0 1
224: 34 1
225: 0 1
226: 35 1
227: 0 1
228: 35 1
229: 0 1
230: 0 1
231: 35 1
232: 0 1
233: 35 1
234: 0 1
235: 34 1
236: 0 1
237: 34 1
238: 0 1
239: 34 1
240: 0 1
241: 34 1
242: 0 1
243: 34 1
244: 0 1
245: 33 1
246: 0 1
247: 35 1
248: 0 1
249: 34 1
250: 0 1
251: 35 1
252: 0 1
253: 34 1
254: 0 1
255: 34 1
256: 0 1
257: 34 1
258: 0 1
259: 34 1
260: 0 1
261: 35 1
262: 0 1
263: 34 1
264: 0 1
265: 35 1
266: 0 1
267: 35 1
268: 0 1
269: 35 1
270: 0 1
271: 35 1
272: 0 1
273: 0 1
274: 34 1
275: 0 1
276: 34 1
277: 0 1
278: 34 1
279: 0 1
280: 34 1
281: 0 1
282: 33 1
283: 0 1
284: 34 1
285: 0 1
286: 34 1
287: 0 1
288: 33 1
289: 0 1
290: 34 1
291: 0 1
292: 34 1
293: 0 1
294: 34 1
295: 0 1
296: 33 1
297: 0 1
298: 33 1
299: 0 1
300: 33 1
301: 0 1
302: 33 1
303: 0 1
304: 33 1
305: 0 1
306: 33 1
307: 0 1
308: 35 1
309: 0 1
310: 34 1
311: 33 1
312: 0 0
313: 34 0
314: 33 0
315: 34 0
316: 33 0
317: 33 0
318: 0 0
319: 0 0
320: 0 0
321: 0 0
322: 0 0
323: 34 0
324: 33 0
325: 33 0
326: 33 0
327: 34 0
328: 0 0
329: 0 0
330: 0 0
331: 0 0
332: 0 0
333: 0 0
334: 33 0
335: 33 0
336: 33 0
337: 34 0
338: 33 0
339: 0 0
340: 0 0
341: 0 0
342: 0 0
343: 0 0
344: 35 0
345: 33 0
346: 33 0
347: 34 0
348: 33 0
349: 0 0
350: 0 0
351: 0 0
352: 0 0
353: 0 0
354: 34 0
355: 34 0
356: 33 0
357: 33 0
358: 32 0
359: 0 0
360: 0 0
361: 0 0
362: 0 0
363: 0 0
364: 35 0
365: 32 0
366: 33 0
367: 33 0
368: 33 0
369: 0 0
370: 0 0
371: 0 0
372: 0 0
373: 0 0
374: 0 0
375: 35 0
376: 33 0
377: 33 0
378: 33 0
379: 33 0
380: 0 0
381: 0 0
382: 0 0
383: 0 0
384: 0 0
385: 34 0
386: 33 0
387: 33 0
388: 33 0
389: 33 0
390: 0 0
391: 0 0
392: 0 0
393: 0 0
394: 0 0
395: 34 0
396: 33 0
397: 33 0
398: 34 0
399: 33 0
400: 0 0
401: 0 0
402: 0 0
403: 0 0
404: 0 0
405: 33 0
406: 33 0
407: 33 0
408: 33 0
409: 35 0
410: 33 0
411: 33 0
412: 34 0
413: 34 0
414: 0 0
415: 0 0
416: 0 0
417: 0 0
418: 0 0
419: 35 0
420: 33 0
421: 33 0
422: 33 0
423: 33 0
424: 0 0
425: 0 0
426: 0 0
427: 0 0
428: 0 0
429: 0 0
430: 33 0
431: 33 0
432: 34 0
433: 33 0
434: 33 0
435: 0 0
436: 0 0
437: 0 0
438: 0 0
439: 0 0
440: 33 0
441: 33 0
442: 33 0
443: 33 0
444: 33 0
445: 0 0
446: 0 0
447: 0 0
448: 0 0
449: 0 0
450: 32 0
451: 33 0
452: 32 0
453: 33 0
454: 34 0
455: 0 0
456: 0 0
457: 0 0
458: 0 0
459: 0 0
460: 35 0
461: 33 0
462: 35 0
463: 34 0
464: 33 0
465: 0 0
466: 0 0
467: 0 0
468: 0 0
469: 0 0
470: 0 0
471: 34 0
472: 34 0
473: 34 0
474: 33 0
475: 33 0
476: 0 0
477: 0 0
478: 0 0
479: 0 0
480: 0 0
481: 35 0
482: 33 0
483: 33 0
484: 34 0
485: 33 0
486: 0 0
487: 0 0
488: 0 0
489: 0 0
490: 0 0
491: 35 0
492: 35 0
493: 35 0
494: 34 0
495: 33 0
496: 0 0
497: 0 0
498: 0 0
499: 0 0
500: 0 0
501: 35 0
502: 33 0
503: 33 0
504: 33 0
505: 32 0
506: 0 0
507: 0 0
508: 0 0
509: 0 0
510: 0 0
511: 0 0
512: 33 0
513: 33 0
514: 33 0
515: 33 0
516: 33 0
517: 33 0
518: 34 0
519: 33 0
520: 33 0
521: 34 0
522: 0 0
523: 0 0
524: 0 0
525: 0 0
526: 0 0
527: 34 0
528: 34 0
529: 34 0
530: 33 0
531: 33 0
532: 32 0
533: 0 0
534: 0 0
535: 0 0
536: 0 0
537: 0 0
538: 34 0
539: 33 0
540: 33 0
541: 32 0
542: 34 0
543: 0 0
544: 0 0
545: 0 0
546: 0 0
547: 0 0
548: 35 0
549: 34 0
550: 34 0
551: 33 0
552: 34 0
553: 0 0
554: 0 0
555: 0 0
556: 0 0
557: 0 0
558: 33 0
559: 33 0
560: 33 0
561: 33 0
562: 33 0
563: 0 0
564: 0 0
565: 0 0
566: 0 0
567: 0 0
568: 35 0
569: 35 0
570: 34 0
571: 35 0
572: 34 0
573: 0 0
574: 0 0
575: 0 0
576: 0 0
577: 0 0
578: 0 0
579: 34 0
580: 34 0
581: 34 0
582: 34 0
583: 34 0
584: 0 0
585: 0 0
586: 0 0
587: 0 0
588: 0 0
589: 34 0
590: 33 0
591: 33 0
592: 34 0
593: 35 0
594: 0 0
595: 0 0
596: 0 0
597: 0 0
598: 0 0
599: 34 0
600: 33 0
601: 34 0
602: 33 0
603: 33 0
604: 0 0
605: 0 0
606: 0 0
607: 0 0
608: 0 0
609: 35 0
610: 34 0
611: 34 0
612: 35 0
613: 33 0
614: 33 0
615: 32 0
616: 33 0
617: 33 0
618: 33 0
619: 0 0
620: 0 0
621: 0 0
622: 0 0
623: 0 0
624: 0 0
625: 35 0
626: 35 0
627: 34 0
628: 33 0
629: 32 0
630: 0 0
631: 0 0
632: 0 0
633: 0 0
634: 0 0
635: 34 0
636: 33 0
637: 33 0
638: 33 0
639: 33 0
640: 0 0
641: 0 0
642: 0 0
643: 0 0
644: 0 0
645: 34 0
646: 33 0
647: 33 0
648: 34 0
649: 33 0
650: 0 0
651: 0 0
652: 0 0
653: 0 0
654: 0 0
655: 33 0
656: 34 0
657: 33 0
658: 35 0
659: 34 0
660: 0 0
661: 0 0
662: 0 0
663: 0 0
664: 0 0
665: 0 0
666: 34 0
667: 33 0
668: 34 0
669: 33 0
670: 33 0
671: 0 0
672: 0 0
673: 0 0
674: 0 0
675: 0 0
676: 34 0
677: 33 0
678: 33 0
679: 34 0
680: 33 0
681: 0 0
682: 0 0
683: 0 0
684: 0 0
685: 0 0
686: 35 0
687: 34 0
688: 34 0
689: 33 0
690: 34 0
691: 0 0
692: 0 0
693: 0 0
694: 0 0
695: 0 0
696: 34 0
697: 33 0
698: 34 0
699: 34 0
700: 33 0
701: 0 0
702: 0 0
703: 0 0
704: 0 0
705: 0 0
706: 0 0
707: 33 0
708: 32 0
709: 33 0
710: 33 0
711: 33 0
712: 0 0
713: 0 0
714: 0 0
715: 0 0
716: 0 0
717: 34 0
718: 33 0
719: 34 0
720: 34 0
721: 33 0
722: 34 1
723: 0 1
724: 34 1
725: 0 1
726: 0 1
727: 33 1
728: 0 1
729: 34 1
730: 0 1
731: 33 1
732: 0 1
733: 34 1
734: 0 1
735: 34 1
736: 0 1
737: 35 1
738: 0 1
739: 35 1
740: 0 1
741: 33 1
742: 0 1
743: 36 1
744: 0 1
745: 34 1
746: 0 1
747: 34 1
748: 0 1
749: 35 1
750: 0 1
751: 34 1
752: 0 1
753: 34 1
754: 0 1
755: 35 1
756: 0 1
757: 35 1
758: 0 1
759: 36 1
760: 0 1
761: 35 1
762: 0 1
763: 36 1
764: 0 1
765: 35 1
766: 0 1
767: 37 1
768: 33 1
769: 0 1
770: 33 1
771: 0 1
772: 35 1
773: 0 1
774: 34 1
775: 0 1
776: 35 1
777: 0 1
778: 34 1
779: 0 1
780: 34 1
781: 0 1
782: 34 1
783: 0 1
784: 35 1
785: 0 1
786: 34 1
787: 0 1
788: 35 1
789: 0 1
790: 35 1
791: 0 1
792: 35 1
793: 0 1
794: 35 1
795: 0 1
796: 34 1
797: 0 1
798: 35 1
799: 0 1
800: 36 1
801: 0 1
802: 36 1
803: 0 1
804: 35 1
805: 0 1
806: 35 1
807: 0 1
808: 35 1
809: 0 1
810: 0 1
811: 34 1
812: 0 1
813: 36 1
814: 0 1
815: 34 1
816: 0 1
817: 34 1
818: 0 1
819: 35 1
820: 0 1
821: 34 1
822: 0 1
823: 35 1
824: 35 1
825: 0 1
826: 35 1
827: 0 1
828: 34 1
829: 0 1
830: 35 1
831: 0 1
832: 34 1
833: 0 1
834: 33 1
835: 0 1
836: 34 1
837: 0 1
838: 33 1
839: 0 1
840: 35 1
841: 0 1
842: 35 1
843: 0 1
844: 34 1
845: 0 1
846: 34 1
847: 0 1
848: 34 1
849: 0 1
850: 34 1
851: 0 1
852: 35 1
853: 0 1
854: 36 1
855: 0 1
856: 0 1
857: 34 1
858: 0 1
859: 35 1
860: 0 1
861: 34 1
862: 0 1
863: 34 1
864: 0 1
865: 35 1
866: 0 1
867: 33 1
868: 0 1
869: 35 1
870: 0 1
871: 34 1
872: 0 1
873: 36 1
874: 0 1
875: 32 1
876: 0 1
877: 34 1
878: 0 1
879: 35 1
880: 0 1
881: 35 1
882: 0 1
883: 33 1
884: 0 1
885: 34 1
886: 0 1
887: 34 1
888: 0 1
889: 34 1
890: 0 1
891: 35 1
892: 0 1
893: 35 1
894: 0 1
895: 35 1
896: 0 1
897: 36 1
898: 35 1
899: 0 1
900: 35 1
901: 0 1
902: 34 1
903: 0 1
904: 35 1
905: 0 1
906: 33 1
907: 0 1
908: 34 1
909: 0 1
910: 34 1
911: 0 1
912: 35 1
913: 0 1
914: 35 1
915: 0 1
916: 34 1
917: 0 1
918: 34 1
919: 0 1
920: 33 1
921: 0 1
922: 33 1
923: 0 1
924: 34 1
925: 0 1
926: 35 1
927: 0 0
928: 0 0
929: 33 0
930: 34 0
931: 33 0
932: 33 0
933: 33 0
934: 0 0
935: 0 0
936: 0 0
937: 0 0
938: 0 0
939: 36 0
940: 35 0
941: 34 0
942: 33 0
943: 34 0
944: 0 0
945: 0 0
946: 0 0
947: 0 0
948: 0 0
949: 36 0
950: 35 0
951: 35 0
952: 34 0
953: 35 0
954: 0 0
955: 0 0
956: 0 0
957: 0 0
958: 0 0
959: 0 0
960: 34 0
961: 34 0
962: 34 0
963: 34 0
964: 34 0
965: 0 0
966: 0 0
967: 0 0
968: 0 0
969: 0 0
970: 35 0
971: 33 0
972: 34 0
973: 34 0
974: 35 0
975: 0 0
976: 0 0
977: 0 0
978: 0 0
979: 0 0
980: 35 0
981: 35 0
982: 35 0
983: 35 0
984: 34 0
985: 0 0
986: 0 0
987: 0 0
988: 0 0
989: 0 0
990: 37 0
991: 35 0
992: 35 0
993: 34 0
994: 33 0
995: 0 0
996: 0 0
997: 0 0
998: 0 0
999: 0 0
1000: 0 0
