1: 646 1
2: 643 1
3: 646 1
4: 718 1
5: 647 1
6: 716 1
7: 647 1
8: 716 1
9: 644 1
10: 718 1
11: 646 1
12: 718 1
13: 646 1
14: 718 1
15: 647 1
16: 720 1
17: 644 1
18: 716 1
19: 647 1
20: 716 1
21: 645 1
22: 716 1
23: 645 1
24: 720 1
25: 647 1
26: 716 1
27: 645 1
28: 716 1
29: 645 1
30: 716 1
31: 645 1
32: 716 1
33: 644 1
34: 716 1
35: 645 1
36: 716 1
37: 646 1
38: 720 1
39: 652 1
40: 716 1
41: 644 1
42: 716 1
43: 644 1
44: 717 1
45: 649 1
46: 719 1
47: 648 1
48: 718 1
49: 646 1
50: 719 1
51: 719 1
52: 649 1
53: 720 1
54: 647 1
55: 718 1
56: 644 1
57: 716 1
58: 650 1
59: 720 1
60: 648 1
61: 722 1
62: 647 1
63: 718 1
64: 647 1
65: 720 1
66: 649 1
67: 719 1
68: 646 1
69: 719 1
70: 649 1
71: 716 1
72: 649 1
73: 720 1
74: 648 1
75: 719 1
76: 650 1
77: 718 1
78: 646 1
79: 720 1
80: 647 1
81: 719 1
82: 648 1
83: 720 1
84: 646 1
85: 719 1
86: 647 1
87: 719 1
88: 649 1
89: 720 1
90: 648 1
91: 718 1
92: 649 1
93: 721 1
94: 648 1
95: 719 1
96: 648 1
97: 718 1
98: 644 1
99: 721 1
100: 647 1
101: 721 1
102: 645 1
103: 648 0
104: 716 0
105: 645 0
106: 648 0
107: 648 0
108: 646 0
109: 646 0
110: 716 0
111: 716 0
112: 719 0
113: 716 0
114: 716 0
115: 646 0
116: 644 0
117: 644 0
118: 646 0
119: 646 0
120: 716 0
121: 717 0
122: 716 0
123: 716 0
124: 716 0
125: 646 0
126: 645 0
127: 644 0
128: 646 0
129: 645 0
130: 716 0
131: 716 0
132: 716 0
133: 716 0
134: 718 0
135: 646 0
136: 645 0
137: 645 0
138: 645 0
139: 644 0
140: 718 0
141: 716 0
142: 716 0
143: 716 0
144: 716 0
145: 647 0
146: 645 0
147: 645 0
148: 644 0
149: 644 0
150: 716 0
151: 716 0
152: 716 0
153: 717 0
154: 716 0
155: 644 0
156: 644 0
157: 644 0
158: 646 0
159: 646 0
160: 716 0
161: 716 0
162: 716 0
163: 716 0
164: 642 0
165: 644 0
166: 646 0
167: 644 0
168: 644 0
169: 716 0
170: 716 0
171: 716 0
172: 718 0
173: 715 0
174: 642 0
175: 644 0
176: 644 0
177: 645 0
178: 647 0
179: 716 0
180: 716 0
181: 716 0
182: 716 0
183: 716 0
184: 644 0
185: 648 0
186: 644 0
187: 644 0
188: 645 0
189: 716 0
190: 716 0
191: 719 0
192: 716 0
193: 716 0
194: 643 0
195: 644 0
196: 645 0
197: 645 0
198: 646 0
199: 645 0
200: 645 0
201: 644 0
202: 645 0
203: 715 0
204: 718 0
205: 716 0
206: 716 0
207: 716 0
208: 644 0
209: 645 0
210: 645 0
211: 646 0
212: 645 0
213: 716 0
214: 716 0
215: 716 0
216: 716 0
217: 719 0
218: 648 0
219: 646 0
220: 646 0
221: 644 0
222: 644 0
223: 718 0
224: 717 0
225: 720 0
226: 716 0
227: 716 0
228: 645 0
229: 644 0
230: 645 0
231: 647 0
232: 644 0
233: 716 0
234: 716 0
235: 716 0
236: 716 0
237: 716 0
238: 645 0
239: 645 0
240: 644 0
241: 645 0
242: 645 0
243: 716 0
244: 716 0
245: 716 0
246: 716 0
247: 716 0
248: 644 0
249: 645 0
250: 645 0
251: 645 0
252: 716 0
253: 716 0
254: 716 0
255: 718 0
256: 716 0
257: 643 0
258: 644 0
259: 644 0
260: 644 0
261: 646 0
262: 718 0
263: 720 0
264: 720 0
265: 720 0
266: 718 0
267: 646 0
268: 646 0
269: 644 0
270: 644 0
271: 649 0
272: 719 0
273: 720 0
274: 722 0
275: 719 0
276: 717 0
277: 645 0
278: 648 0
279: 648 0
280: 648 0
281: 646 0
282: 716 0
283: 717 0
284: 718 0
285: 717 0
286: 717 0
287: 644 0
288: 645 0
289: 646 0
290: 644 0
291: 646 0
292: 716 0
293: 716 0
294: 715 0
295: 716 0
296: 715 0
297: 645 0
298: 647 0
299: 644 0
300: 645 0
301: 644 0
302: 716 1
303: 644 1
304: 716 1
305: 644 1
306: 718 1
307: 644 1
308: 716 1
309: 644 1
310: 716 1
311: 643 1
312: 717 1
313: 644 1
314: 716 1
315: 645 1
316: 715 1
317: 645 1
318: 718 1
319: 645 1
320: 716 1
321: 645 1
322: 716 1
323: 644 1
324: 716 1
325: 646 1
326: 715 1
327: 644 1
328: 715 1
329: 644 1
330: 717 1
331: 645 1
332: 716 1
333: 643 1
334: 715 1
335: 644 1
336: 716 1
337: 645 1
338: 717 1
339: 644 1
340: 715 1
341: 645 1
342: 715 1
343: 644 1
344: 718 1
345: 644 1
346: 715 1
347: 644 1
348: 715 1
349: 644 1
350: 717 1
351: 645 1
352: 715 1
353: 644 1
354: 715 1
355: 645 1
356: 715 1
357: 644 1
358: 716 1
359: 644 1
360: 715 1
361: 644 1
362: 715 1
363: 644 1
364: 716 1
365: 643 1
366: 715 1
367: 646 1
368: 715 1
369: 644 1
370: 716 1
371: 644 1
372: 715 1
373: 645 1
374: 715 1
375: 645 1
376: 718 1
377: 644 1
378: 716 1
379: 644 1
380: 716 1
381: 644 1
382: 716 1
383: 645 1
384: 716 1
385: 644 1
386: 716 1
387: 644 1
388: 717 1
389: 644 1
390: 716 1
391: 717 1
392: 643 1
393: 716 1
394: 644 1
395: 717 1
396: 643 1
397: 716 1
398: 644 1
399: 716 1
400: 644 1
401: 644 0
402: 716 0
403: 645 0
404: 644 0
405: 645 0
406: 644 0
407: 645 0
408: 717 0
409: 716 0
410: 717 0
411: 717 0
412: 716 0
413: 644 0
414: 645 0
415: 644 0
416: 645 0
417: 645 0
418: 716 0
419: 716 0
420: 716 0
421: 717 0
422: 717 0
423: 646 0
424: 645 0
425: 644 0
426: 644 0
427: 644 0
428: 716 0
429: 716 0
430: 717 0
431: 717 0
432: 715 0
433: 644 0
434: 644 0
435: 644 0
436: 645 0
437: 716 0
438: 715 0
439: 715 0
440: 716 0
441: 715 0
442: 642 0
443: 645 0
444: 643 0
445: 643 0
446: 645 0
447: 715 0
448: 715 0
449: 715 0
450: 715 0
451: 715 0
452: 644 0
453: 645 0
454: 645 0
455: 647 0
456: 646 0
457: 717 0
458: 718 0
459: 719 0
460: 717 0
461: 717 0
462: 645 0
463: 646 0
464: 645 0
465: 646 0
466: 647 0
467: 719 0
468: 716 0
469: 717 0
470: 718 0
471: 718 0
472: 646 0
473: 647 0
474: 647 0
475: 647 0
476: 647 0
477: 718 0
478: 718 0
479: 716 0
480: 717 0
481: 718 0
482: 644 0
483: 647 0
484: 648 0
485: 648 0
486: 646 0
487: 719 0
488: 717 0
489: 719 0
490: 721 0
491: 720 0
492: 643 0
493: 645 0
494: 644 0
495: 645 0
496: 649 0
497: 648 0
498: 645 0
499: 644 0
500: 645 0
501: 716 1
502: 645 1
503: 719 1
504: 644 1
505: 716 1
506: 644 1
507: 716 1
508: 644 1
509: 719 1
510: 644 1
511: 716 1
512: 644 1
513: 716 1
514: 643 1
515: 718 1
516: 645 1
517: 716 1
518: 644 1
519: 716 1
520: 644 1
521: 718 1
522: 646 1
523: 716 1
524: 644 1
525: 716 1
526: 644 1
527: 716 1
528: 645 1
529: 716 1
530: 644 1
531: 716 1
532: 644 1
533: 716 1
534: 646 1
535: 718 1
536: 644 1
537: 716 1
538: 644 1
539: 716 1
540: 644 1
541: 716 1
542: 646 1
543: 716 1
544: 644 1
545: 716 1
546: 644 1
547: 718 1
548: 644 1
549: 716 1
550: 644 1
551: 716 1
552: 644 1
553: 717 1
554: 644 1
555: 718 1
556: 644 1
557: 716 1
558: 645 1
559: 716 1
560: 645 1
561: 641 1
562: 716 1
563: 644 1
564: 716 1
565: 643 1
566: 719 1
567: 644 1
568: 718 1
569: 644 1
570: 716 1
571: 643 1
572: 717 1
573: 643 1
574: 716 1
575: 645 1
576: 716 1
577: 643 1
578: 716 1
579: 644 1
580: 716 1
581: 644 1
582: 716 1
583: 643 1
584: 716 1
585: 644 1
586: 716 1
587: 644 1
588: 717 1
589: 644 1
590: 716 1
591: 644 1
592: 716 1
593: 644 1
594: 716 1
595: 643 1
596: 716 1
597: 644 1
598: 716 1
599: 643 1
600: 716 0
601: 716 0
602: 643 0
603: 644 0
604: 644 0
605: 644 0
606: 645 0
607: 716 0
608: 716 0
609: 716 0
610: 716 0
611: 716 0
612: 643 0
613: 644 0
614: 644 0
615: 644 0
616: 645 0
617: 716 0
618: 716 0
619: 716 0
620: 716 0
621: 716 0
622: 644 0
623: 644 0
624: 647 0
625: 648 0
626: 647 0
627: 715 0
628: 719 0
629: 717 0
630: 716 0
631: 716 0
632: 644 0
633: 644 0
634: 646 0
635: 644 0
636: 645 0
637: 716 0
638: 716 0
639: 716 0
640: 716 0
641: 716 0
642: 645 0
643: 645 0
644: 645 0
645: 645 0
646: 716 0
647: 716 0
648: 716 0
649: 719 0
650: 716 0
651: 643 0
652: 644 0
653: 644 0
654: 647 0
655: 648 0
656: 718 0
657: 719 0
658: 720 0
659: 718 0
660: 717 0
661: 646 0
662: 648 0
663: 646 0
664: 646 0
665: 644 0
666: 716 0
667: 716 0
668: 720 0
669: 719 0
670: 721 0
671: 648 0
672: 646 0
673: 644 0
674: 647 0
675: 649 0
676: 719 0
677: 721 0
678: 719 0
679: 717 0
680: 718 0
681: 648 0
682: 646 0
683: 646 0
684: 647 0
685: 648 0
686: 716 0
687: 721 0
688: 720 0
689: 719 0
690: 721 0
691: 647 0
692: 646 0
693: 646 0
694: 647 0
695: 648 0
696: 649 0
697: 648 0
698: 646 0
699: 649 0
700: 715 0
701: 721 0
702: 719 0
703: 719 0
704: 721 0
705: 647 0
706: 649 0
707: 646 0
708: 651 0
709: 649 0
710: 720 0
711: 718 0
712: 720 0
713: 715 0
714: 718 0
715: 648 0
716: 648 0
717: 649 0
718: 648 0
719: 649 0
720: 717 0
721: 720 0
722: 721 0
723: 720 0
724: 720 0
725: 650 0
726: 645 0
727: 646 0
728: 648 0
729: 718 0
730: 718 0
731: 722 0
732: 717 0
733: 720 0
734: 646 0
735: 647 0
736: 649 0
737: 649 0
738: 648 0
739: 719 0
740: 718 0
741: 720 0
742: 719 0
743: 719 0
744: 647 0
745: 648 0
746: 648 0
747: 647 0
748: 646 0
749: 720 0
750: 718 0
751: 717 0
752: 718 0
753: 715 0
754: 649 0
755: 647 0
756: 645 0
757: 645 0
758: 644 0
759: 715 0
760: 718 0
761: 718 0
762: 715 0
763: 716 0
764: 644 0
765: 644 0
766: 644 0
767: 646 0
768: 645 0
769: 715 0
770: 716 0
771: 716 0
772: 716 0
773: 716 0
774: 644 0
775: 644 0
776: 644 0
777: 645 0
778: 645 0
779: 715 0
780: 716 0
781: 716 0
782: 719 0
783: 716 0
784: 644 0
785: 644 0
786: 645 0
787: 645 0
788: 646 0
789: 716 0
790: 716 0
791: 716 0
792: 717 0
793: 717 0
794: 643 0
795: 646 0
796: 644 0
797: 644 0
798: 645 0
799: 644 1
800: 716 1
801: 644 1
802: 716 1
803: 644 1
804: 716 1
805: 644 1
806: 716 1
807: 645 1
808: 716 1
809: 644 1
810: 716 1
811: 644 1
812: 716 1
813: 646 1
814: 717 1
815: 644 1
816: 716 1
817: 644 1
818: 718 1
819: 643 1
820: 719 1
821: 644 1
822: 717 1
823: 645 1
824: 717 1
825: 643 1
826: 719 1
827: 648 1
828: 718 1
829: 644 1
830: 716 1
831: 644 1
832: 716 1
833: 648 1
834: 716 1
835: 645 1
836: 716 1
837: 644 1
838: 716 1
839: 646 1
840: 720 1
841: 645 1
842: 716 1
843: 645 1
844: 716 1
845: 647 1
846: 719 1
847: 644 1
848: 716 1
849: 644 1
850: 716 1
851: 644 1
852: 716 1
853: 645 1
854: 716 1
855: 645 1
856: 716 1
857: 645 1
858: 718 1
859: 644 1
860: 716 1
861: 644 1
862: 716 1
863: 644 1
864: 716 1
865: 644 1
866: 718 1
867: 644 1
868: 716 1
869: 644 1
870: 716 1
871: 645 1
872: 716 1
873: 645 1
874: 716 1
875: 645 1
876: 716 1
877: 647 1
878: 716 1
879: 647 1
880: 716 1
881: 645 1
882: 716 1
883: 645 1
884: 716 1
885: 645 1
886: 717 1
887: 644 1
888: 716 1
889: 644 1
890: 719 1
891: 644 1
892: 716 1
893: 645 1
894: 716 1
895: 645 1
896: 716 1
897: 645 1
898: 716 1
899: 646 1
900: 716 1
901: 643 1
902: 716 1
903: 644 1
904: 716 1
905: 644 1
906: 716 1
907: 643 1
908: 716 1
909: 644 1
910: 0 1
911: 32 1
912: 0 1
913: 32 1
914: 0 1
915: 0 1
916: 31 1
917: 0 1
918: 32 1
919: 0 1
920: 33 1
921: 0 1
922: 32 1
923: 0 1
924: 33 1
925: 0 1
926: 33 1
927: 0 1
928: 32 1
929: 0 1
930: 33 1
931: 0 1
932: 31 1
933: 0 1
934: 33 1
935: 0 1
936: 32 1
937: 0 1
938: 31 1
939: 0 1
940: 31 1
941: 0 1
942: 32 1
943: 0 1
944: 31 1
945: 0 1
946: 31 1
947: 0 1
948: 32 1
949: 0 1
950: 33 1
951: 0 1
952: 31 1
953: 0 1
954: 33 1
955: 0 1
956: 33 1
957: 0 1
958: 0 1
959: 32 1
960: 0 1
961: 31 1
962: 0 1
963: 32 1
964: 0 1
965: 33 1
966: 0 1
967: 32 1
968: 0 1
969: 33 1
970: 0 1
971: 33 1
972: 0 1
973: 33 1
974: 0 1
975: 33 1
976: 0 1
977: 33 1
978: 0 1
979: 32 1
980: 0 1
981: 34 1
982: 0 1
983: 33 1
984: 0 1
985: 33 1
986: 0 1
987: 33 1
988: 0 1
989: 33 1
990: 0 1
991: 33 1
992: 0 1
993: 33 1
994: 0 1
995: 32 1
996: 0 1
997: 32 1
998: 0 1
999: 0 1
1000: 32 1
