1: 650 1
2: 646 1
3: 645 1
4: 719 1
5: 648 1
6: 718 1
7: 647 1
8: 717 1
9: 647 1
10: 717 1
11: 646 1
12: 717 1
13: 647 1
14: 717 1
15: 648 1
16: 717 1
17: 644 1
18: 716 1
19: 646 1
20: 718 1
21: 645 1
22: 716 1
23: 644 1
24: 717 1
25: 645 1
26: 720 1
27: 643 1
28: 718 1
29: 646 1
30: 718 1
31: 642 1
32: 719 1
33: 646 1
34: 718 1
35: 646 1
36: 718 1
37: 646 1
38: 716 1
39: 647 1
40: 717 1
41: 646 1
42: 717 1
43: 643 1
44: 716 1
45: 646 1
46: 718 1
47: 643 1
48: 717 1
49: 646 1
50: 644 1
51: 715 1
52: 645 1
53: 722 1
54: 648 1
55: 721 1
56: 648 1
57: 716 1
58: 644 1
59: 721 1
60: 648 1
61: 721 1
62: 645 1
63: 717 1
64: 646 1
65: 718 1
66: 649 1
67: 717 1
68: 647 1
69: 719 1
70: 645 1
71: 718 1
72: 645 1
73: 720 1
74: 646 1
75: 721 1
76: 646 1
77: 717 1
78: 646 1
79: 718 1
80: 645 1
81: 717 1
82: 646 1
83: 717 1
84: 646 1
85: 717 1
86: 648 1
87: 720 1
88: 646 1
89: 717 1
90: 644 1
91: 717 1
92: 647 1
93: 719 1
94: 644 1
95: 720 1
96: 642 1
97: 715 1
98: 640 1
99: 716 1
100: 647 1
101: 719 1
102: 644 1
103: 644 0
104: 715 0
105: 643 0
106: 645 0
107: 647 0
108: 646 0
109: 645 0
110: 716 0
111: 718 0
112: 717 0
113: 719 0
114: 722 0
115: 647 0
116: 644 0
117: 645 0
118: 645 0
119: 645 0
120: 721 0
121: 718 0
122: 717 0
123: 719 0
124: 717 0
125: 642 0
126: 645 0
127: 645 0
128: 644 0
129: 643 0
130: 716 0
131: 717 0
132: 718 0
133: 722 0
134: 719 0
135: 646 0
136: 646 0
137: 646 0
138: 644 0
139: 647 0
140: 720 0
141: 715 0
142: 717 0
143: 717 0
144: 716 0
145: 645 0
146: 648 0
147: 646 0
148: 646 0
149: 645 0
150: 717 0
151: 716 0
152: 720 0
153: 720 0
154: 717 0
155: 645 0
156: 642 0
157: 641 0
158: 645 0
159: 646 0
160: 720 0
161: 719 0
162: 720 0
163: 718 0
164: 643 0
165: 645 0
166: 647 0
167: 646 0
168: 648 0
169: 716 0
170: 718 0
171: 719 0
172: 718 0
173: 720 0
174: 646 0
175: 644 0
176: 644 0
177: 646 0
178: 644 0
179: 719 0
180: 720 0
181: 719 0
182: 718 0
183: 719 0
184: 645 0
185: 643 0
186: 645 0
187: 645 0
188: 644 0
189: 716 0
190: 717 0
191: 719 0
192: 718 0
193: 721 0
194: 647 0
195: 646 0
196: 646 0
197: 644 0
198: 645 0
199: 648 0
200: 648 0
201: 646 0
202: 645 0
203: 714 0
204: 713 0
205: 715 0
206: 719 0
207: 717 0
208: 646 0
209: 645 0
210: 642 0
211: 644 0
212: 648 0
213: 719 0
214: 719 0
215: 720 0
216: 718 0
217: 718 0
218: 644 0
219: 649 0
220: 644 0
221: 644 0
222: 645 0
223: 714 0
224: 716 0
225: 717 0
226: 717 0
227: 719 0
228: 645 0
229: 646 0
230: 644 0
231: 644 0
232: 645 0
233: 716 0
234: 715 0
235: 714 0
236: 715 0
237: 716 0
238: 644 0
239: 647 0
240: 649 0
241: 648 0
242: 646 0
243: 719 0
244: 717 0
245: 717 0
246: 718 0
247: 718 0
248: 642 0
249: 643 0
250: 643 0
251: 644 0
252: 721 0
253: 721 0
254: 720 0
255: 718 0
256: 717 0
257: 643 0
258: 646 0
259: 648 0
260: 645 0
261: 647 0
262: 719 0
263: 718 0
264: 717 0
265: 721 0
266: 723 0
267: 647 0
268: 647 0
269: 646 0
270: 645 0
271: 646 0
272: 721 0
273: 719 0
274: 722 0
275: 722 0
276: 720 0
277: 648 0
278: 648 0
279: 646 0
280: 646 0
281: 648 0
282: 717 0
283: 718 0
284: 718 0
285: 722 0
286: 720 0
287: 649 0
288: 650 0
289: 647 0
290: 647 0
291: 648 0
292: 719 0
293: 718 0
294: 719 0
295: 720 0
296: 719 0
297: 647 0
298: 647 0
299: 648 0
300: 650 0
301: 648 0
302: 720 0
303: 649 0
304: 649 0
305: 650 0
306: 649 0
307: 720 0
308: 720 0
309: 720 0
310: 719 0
311: 719 0
312: 647 0
313: 649 0
314: 647 0
315: 646 0
316: 648 0
317: 719 0
318: 721 0
319: 722 0
320: 720 0
321: 718 0
322: 646 0
323: 647 0
324: 647 0
325: 649 0
326: 649 0
327: 719 0
328: 720 0
329: 720 0
330: 720 0
331: 720 0
332: 648 0
333: 646 0
334: 646 0
335: 648 0
336: 648 0
337: 719 0
338: 721 0
339: 720 0
340: 716 0
341: 718 0
342: 646 0
343: 644 0
344: 648 0
345: 648 0
346: 649 0
347: 720 0
348: 720 0
349: 718 0
350: 719 0
351: 721 0
352: 647 0
353: 645 0
354: 647 0
355: 649 0
356: 648 0
357: 723 0
358: 723 0
359: 722 0
360: 723 0
361: 719 0
362: 647 0
363: 651 0
364: 648 0
365: 651 0
366: 646 0
367: 722 0
368: 721 0
369: 720 0
370: 721 0
371: 719 0
372: 648 0
373: 649 0
374: 645 0
375: 645 0
376: 650 0
377: 721 0
378: 722 0
379: 721 0
380: 720 0
381: 719 0
382: 648 0
383: 648 0
384: 648 0
385: 651 0
386: 648 0
387: 720 0
388: 718 0
389: 721 0
390: 719 0
391: 720 0
392: 648 0
393: 649 0
394: 647 0
395: 649 0
396: 647 0
397: 648 0
398: 651 0
399: 649 0
400: 648 0
401: 648 0
402: 722 0
403: 720 0
404: 721 0
405: 722 0
406: 720 0
407: 647 0
408: 650 0
409: 650 0
410: 647 0
411: 650 0
412: 721 0
413: 719 0
414: 719 0
415: 720 0
416: 719 0
417: 649 0
418: 650 0
419: 647 0
420: 645 0
421: 721 0
422: 717 0
423: 717 0
424: 721 0
425: 720 0
426: 646 0
427: 648 0
428: 647 0
429: 646 0
430: 647 0
431: 722 0
432: 720 0
433: 721 0
434: 720 0
435: 721 0
436: 646 0
437: 648 0
438: 646 0
439: 646 0
440: 649 0
441: 717 0
442: 719 0
443: 719 0
444: 721 0
445: 718 0
446: 645 0
447: 648 0
448: 646 0
449: 646 0
450: 647 0
451: 718 0
452: 718 0
453: 719 0
454: 718 0
455: 720 0
456: 649 0
457: 648 0
458: 649 0
459: 647 0
460: 648 0
461: 719 0
462: 720 0
463: 720 0
464: 720 0
465: 720 0
466: 649 0
467: 646 0
468: 648 0
469: 648 0
470: 648 0
471: 722 0
472: 720 0
473: 720 0
474: 718 0
475: 719 0
476: 647 0
477: 648 0
478: 648 0
479: 646 0
480: 645 0
481: 720 0
482: 719 0
483: 717 0
484: 722 0
485: 718 0
486: 645 0
487: 650 0
488: 647 0
489: 646 0
490: 649 0
491: 721 0
492: 718 0
493: 719 0
494: 723 0
495: 720 0
496: 646 0
497: 648 0
498: 649 0
499: 645 0
500: 647 0
501: 647 1
502: 719 1
503: 648 1
504: 721 1
505: 647 1
506: 722 1
507: 649 1
508: 721 1
509: 650 1
510: 721 1
511: 646 1
512: 720 1
513: 645 1
514: 719 1
515: 646 1
516: 721 1
517: 649 1
518: 720 1
519: 648 1
520: 719 1
521: 647 1
522: 720 1
523: 649 1
524: 719 1
525: 647 1
526: 718 1
527: 644 1
528: 717 1
529: 646 1
530: 721 1
531: 645 1
532: 721 1
533: 649 1
534: 719 1
535: 647 1
536: 721 1
537: 648 1
538: 719 1
539: 651 1
540: 720 1
541: 648 1
542: 722 1
543: 646 1
544: 722 1
545: 645 1
546: 717 1
547: 644 1
548: 718 1
549: 644 1
550: 721 1
551: 646 1
552: 720 1
553: 647 1
554: 718 1
555: 644 1
556: 720 1
557: 647 1
558: 718 1
559: 645 1
560: 718 1
561: 647 1
562: 719 1
563: 650 1
564: 719 1
565: 648 1
566: 721 1
567: 647 1
568: 719 1
569: 647 1
570: 722 1
571: 646 1
572: 719 1
573: 644 1
574: 720 1
575: 647 1
576: 722 1
577: 651 1
578: 720 1
579: 646 1
580: 720 1
581: 647 1
582: 720 1
583: 650 1
584: 718 1
585: 646 1
586: 718 1
587: 645 1
588: 717 1
589: 648 1
590: 721 1
591: 649 1
592: 721 1
593: 647 1
594: 718 1
595: 648 1
596: 646 1
597: 722 1
598: 647 1
599: 648 1
600: 719 1
601: 646 1
602: 0 1
603: 35 1
604: 0 1
605: 34 1
606: 0 1
607: 35 1
608: 33 1
609: 0 1
610: 33 1
611: 0 1
612: 34 1
613: 0 1
614: 33 1
615: 0 1
616: 33 1
617: 0 1
618: 33 1
619: 0 1
620: 33 1
621: 0 1
622: 33 1
623: 0 1
624: 34 1
625: 0 1
626: 33 1
627: 0 1
628: 33 1
629: 0 1
630: 33 1
631: 0 1
632: 32 1
633: 0 1
634: 32 1
635: 0 1
636: 33 1
637: 0 1
638: 34 1
639: 0 1
640: 34 1
641: 0 1
642: 34 1
643: 0 1
644: 33 1
645: 0 1
646: 34 1
647: 0 1
648: 34 1
649: 0 1
650: 0 1
651: 34 1
652: 0 1
653: 33 1
654: 0 1
655: 31 1
656: 0 1
657: 32 1
658: 0 1
659: 31 1
660: 0 1
661: 32 1
662: 0 1
663: 32 1
664: 0 1
665: 32 1
666: 0 1
667: 32 1
668: 0 1
669: 33 1
670: 0 1
671: 33 1
672: 0 1
673: 33 1
674: 0 1
675: 33 1
676: 0 1
677: 32 1
678: 0 1
679: 33 1
680: 0 1
681: 33 1
682: 0 1
683: 34 1
684: 0 1
685: 33 1
686: 0 1
687: 33 1
688: 0 1
689: 32 1
690: 0 1
691: 35 1
692: 0 1
693: 0 1
694: 33 1
695: 0 1
696: 33 1
697: 0 1
698: 34 1
699: 0 1
700: 33 1
701: 0 1
702: 35 1
703: 0 0
704: 0 0
705: 0 0
706: 34 0
707: 33 0
708: 33 0
709: 33 0
710: 34 0
711: 0 0
712: 0 0
713: 0 0
714: 0 0
715: 0 0
716: 34 0
717: 34 0
718: 35 0
719: 33 0
720: 33 0
721: 0 0
722: 0 0
723: 0 0
724: 0 0
725: 0 0
726: 0 0
727: 33 0
728: 33 0
729: 34 0
730: 33 0
731: 33 0
732: 0 0
733: 0 0
734: 0 0
735: 0 0
736: 0 0
737: 32 0
738: 34 0
739: 33 0
740: 33 0
741: 32 0
742: 0 0
743: 0 0
744: 0 0
745: 0 0
746: 0 0
747: 33 0
748: 34 0
749: 32 0
750: 33 0
751: 32 0
752: 0 0
753: 0 0
754: 0 0
755: 0 0
756: 0 0
757: 33 0
758: 33 0
759: 33 0
760: 33 0
761: 32 0
762: 0 0
763: 0 0
764: 0 0
765: 0 0
766: 0 0
767: 0 0
768: 34 0
769: 34 0
770: 34 0
771: 33 0
772: 33 0
773: 0 0
774: 0 0
775: 0 0
776: 0 0
777: 0 0
778: 35 0
779: 33 0
780: 33 0
781: 33 0
782: 33 0
783: 0 0
784: 0 0
785: 0 0
786: 0 0
787: 0 0
788: 34 0
789: 33 0
790: 34 0
791: 34 0
792: 34 0
793: 0 0
794: 0 0
795: 0 0
796: 0 0
797: 0 0
798: 36 0
799: 33 0
800: 33 0
801: 33 0
802: 33 0
803: 34 0
804: 32 0
805: 34 1
806: 0 1
807: 33 1
808: 0 1
809: 35 1
810: 0 1
811: 34 1
812: 0 1
813: 34 1
814: 0 1
815: 34 1
816: 0 1
817: 35 1
818: 0 1
819: 34 1
820: 0 1
821: 35 1
822: 0 1
823: 35 1
824: 0 1
825: 35 1
826: 0 1
827: 34 1
828: 0 1
829: 35 1
830: 0 1
831: 35 1
832: 0 1
833: 33 1
834: 0 1
835: 34 1
836: 0 1
837: 35 1
838: 0 1
839: 33 1
840: 0 1
841: 35 1
842: 0 1
843: 0 1
844: 35 1
845: 0 1
846: 33 1
847: 0 1
848: 32 1
849: 0 1
850: 32 1
851: 0 1
852: 34 1
853: 0 1
854: 33 1
855: 0 1
856: 33 1
857: 0 1
858: 34 1
859: 0 1
860: 35 1
861: 0 1
862: 34 1
863: 0 1
864: 35 1
865: 0 1
866: 35 1
867: 0 1
868: 33 1
869: 0 1
870: 35 1
871: 0 1
872: 35 1
873: 0 1
874: 35 1
875: 0 1
876: 33 1
877: 0 1
878: 33 1
879: 0 1
880: 34 1
881: 0 1
882: 34 1
883: 0 1
884: 34 1
885: 0 1
886: 0 1
887: 33 1
888: 0 1
889: 34 1
890: 0 1
891: 32 1
892: 0 1
893: 34 1
894: 0 1
895: 35 1
896: 0 1
897: 35 1
898: 0 1
899: 33 1
900: 0 1
901: 34 1
902: 0 1
903: 34 1
904: 0 1
905: 34 1
906: 0 1
907: 35 1
908: 0 1
909: 33 1
910: 0 1
911: 35 1
912: 0 1
913: 35 1
914: 0 1
915: 33 1
916: 0 1
917: 33 1
918: 0 1
919: 34 1
920: 0 1
921: 34 1
922: 0 1
923: 35 1
924: 0 1
925: 34 1
926: 0 1
927: 35 1
928: 0 1
929: 34 1
930: 0 1
931: 35 1
932: 0 1
933: 0 1
934: 33 1
935: 0 1
936: 33 1
937: 0 1
938: 33 1
939: 0 1
940: 33 1
941: 0 1
942: 35 1
943: 0 1
944: 33 1
945: 0 1
946: 34 1
947: 0 1
948: 35 1
949: 0 1
950: 34 1
951: 0 1
952: 34 1
953: 0 1
954: 34 1
955: 0 1
956: 34 1
957: 0 1
958: 33 1
959: 0 1
960: 34 1
961: 0 1
962: 33 1
963: 0 1
964: 35 1
965: 0 1
966: 35 1
967: 0 1
968: 34 1
969: 0 1
970: 35 1
971: 0 1
972: 36 1
973: 0 1
974: 0 1
975: 33 1
976: 0 1
977: 33 1
978: 0 1
979: 32 1
980: 0 1
981: 34 1
982: 0 1
983: 33 1
984: 0 1
985: 34 1
986: 0 1
987: 33 1
988: 0 1
989: 34 1
990: 0 1
991: 33 1
992: 0 1
993: 32 1
994: 0 1
995: 32 1
996: 0 1
997: 34 1
998: 0 1
999: 34 1
1000: 0 1
