1: 648 1
2: 647 1
3: 648 1
4: 717 1
5: 649 1
6: 717 1
7: 645 1
8: 716 1
9: 644 1
10: 717 1
11: 647 1
12: 720 1
13: 649 1
14: 719 1
15: 647 1
16: 719 1
17: 645 1
18: 719 1
19: 646 1
20: 719 1
21: 644 1
22: 717 1
23: 644 1
24: 715 1
25: 645 1
26: 719 1
27: 645 1
28: 717 1
29: 642 1
30: 718 1
31: 641 1
32: 720 1
33: 646 1
34: 718 1
35: 646 1
36: 717 1
37: 645 1
38: 718 1
39: 648 1
40: 716 1
41: 645 1
42: 718 1
43: 644 1
44: 717 1
45: 645 1
46: 720 1
47: 646 1
48: 719 1
49: 644 1
50: 718 1
51: 642 1
52: 647 1
53: 716 1
54: 645 1
55: 717 1
56: 643 1
57: 714 1
58: 644 1
59: 720 1
60: 648 1
61: 719 1
62: 645 1
63: 717 1
64: 646 1
65: 0 1
66: 34 1
67: 0 1
68: 32 1
69: 0 1
70: 33 1
71: 0 1
72: 32 1
73: 0 1
74: 33 1
75: 0 1
76: 32 1
77: 0 1
78: 33 1
79: 0 1
80: 32 1
81: 0 1
82: 0 1
83: 32 1
84: 0 1
85: 32 1
86: 0 1
87: 33 1
88: 0 1
89: 32 1
90: 0 1
91: 33 1
92: 0 1
93: 32 1
94: 0 1
95: 34 1
96: 0 1
97: 32 1
98: 0 1
99: 31 1
100: 0 1
101: 33 1
102: 0 1
103: 32 1
104: 33 0
105: 0 0
106: 31 0
107: 32 0
108: 32 0
109: 31 0
110: 31 0
111: 0 0
112: 0 0
113: 0 0
114: 0 0
115: 0 0
116: 33 0
117: 33 0
118: 32 0
119: 32 0
120: 31 0
121: 0 0
122: 0 0
123: 0 0
124: 0 0
125: 0 0
126: 0 0
127: 34 0
128: 33 0
129: 33 0
130: 32 0
131: 33 0
132: 0 0
133: 0 0
134: 0 0
135: 0 0
136: 0 0
137: 33 0
138: 33 0
139: 32 0
140: 33 0
141: 33 0
142: 0 0
143: 0 0
144: 0 0
145: 0 0
146: 0 0
147: 33 0
148: 33 0
149: 34 0
150: 34 0
151: 33 0
152: 0 0
153: 0 0
154: 0 0
155: 0 0
156: 0 0
157: 35 0
158: 33 0
159: 34 0
160: 32 0
161: 34 0
162: 0 0
163: 0 0
164: 0 0
165: 0 0
166: 0 0
167: 0 0
168: 35 0
169: 33 0
170: 33 0
171: 33 0
172: 33 0
173: 0 0
174: 0 0
175: 0 0
176: 0 0
177: 0 0
178: 35 0
179: 34 0
180: 33 0
181: 32 0
182: 32 0
183: 0 0
184: 0 0
185: 0 0
186: 0 0
187: 0 0
188: 34 0
189: 33 0
190: 34 0
191: 33 0
192: 33 0
193: 0 0
194: 0 0
195: 0 0
196: 0 0
197: 0 0
198: 34 0
199: 33 0
200: 33 0
201: 33 0
202: 33 0
203: 32 0
204: 32 0
205: 35 0
206: 32 0
207: 0 1
208: 33 1
209: 0 1
210: 33 1
211: 0 1
212: 33 1
213: 0 1
214: 35 1
215: 0 1
216: 33 1
217: 0 1
218: 34 1
219: 0 1
220: 0 1
221: 34 1
222: 0 1
223: 35 1
224: 0 1
225: 33 1
226: 0 1
227: 34 1
228: 0 1
229: 35 1
230: 0 1
231: 35 1
232: 0 1
233: 37 1
234: 0 1
235: 35 1
236: 0 1
237: 36 1
238: 0 1
239: 35 1
240: 0 1
241: 33 1
242: 0 1
243: 34 1
244: 0 1
245: 35 1
246: 0 1
247: 34 1
248: 0 1
249: 34 1
250: 0 1
251: 35 1
252: 0 1
253: 35 1
254: 0 1
255: 34 1
256: 0 1
257: 33 1
258: 0 1
259: 34 1
260: 0 1
261: 36 1
262: 32 1
263: 0 1
264: 34 1
265: 0 1
266: 33 1
267: 0 1
268: 33 1
269: 0 1
270: 35 1
271: 0 1
272: 34 1
273: 0 1
274: 33 1
275: 0 1
276: 34 1
277: 0 1
278: 33 1
279: 0 1
280: 34 1
281: 0 1
282: 34 1
283: 0 1
284: 34 1
285: 0 1
286: 35 1
287: 0 1
288: 34 1
289: 0 1
290: 34 1
291: 0 1
292: 32 1
293: 0 1
294: 34 1
295: 0 1
296: 35 1
297: 0 1
298: 33 1
299: 0 1
300: 33 1
301: 0 1
302: 35 1
303: 0 1
304: 36 1
305: 34 1
306: 0 1
307: 33 1
308: 0 1
309: 33 1
310: 33 1
311: 0 1
312: 0 1
313: 33 1
314: 0 1
315: 33 1
316: 0 1
317: 34 1
318: 0 1
319: 34 1
320: 0 1
321: 33 1
322: 0 1
323: 33 1
324: 0 1
325: 34 1
326: 0 1
327: 34 1
328: 0 1
329: 35 1
330: 0 1
331: 33 1
332: 0 1
333: 33 1
334: 0 1
335: 34 1
336: 0 1
337: 34 1
338: 0 1
339: 33 1
340: 0 1
341: 35 1
342: 0 1
343: 35 1
344: 0 1
345: 33 1
346: 0 1
347: 35 1
348: 0 1
349: 35 1
350: 0 1
351: 35 1
352: 0 1
353: 0 1
354: 33 1
355: 0 1
356: 34 1
357: 0 1
358: 34 1
359: 0 1
360: 34 1
361: 0 1
362: 33 1
363: 0 1
364: 33 1
365: 0 1
366: 34 1
367: 0 1
368: 33 1
369: 0 1
370: 33 1
371: 0 1
372: 34 1
373: 0 1
374: 34 1
375: 0 1
376: 33 1
377: 0 1
378: 33 1
379: 0 1
380: 33 1
381: 0 1
382: 34 1
383: 0 1
384: 34 1
385: 0 1
386: 33 1
387: 0 1
388: 34 1
389: 0 1
390: 34 1
391: 0 1
392: 34 1
393: 0 1
394: 36 1
395: 0 1
396: 0 1
397: 34 1
398: 0 1
399: 35 1
400: 0 1
401: 34 1
402: 0 1
403: 33 1
404: 0 1
405: 34 1
406: 0 1
407: 33 1
408: 0 1
409: 35 1
410: 0 1
411: 33 1
412: 33 1
413: 0 1
414: 33 1
415: 0 1
416: 34 1
417: 0 1
418: 34 1
419: 0 1
420: 34 1
421: 0 1
422: 33 1
423: 0 1
424: 33 1
425: 0 1
426: 33 1
427: 0 1
428: 33 1
429: 0 1
430: 33 1
431: 0 1
432: 34 1
433: 0 1
434: 34 1
435: 0 1
436: 34 1
437: 0 1
438: 35 1
439: 0 1
440: 35 1
441: 0 1
442: 35 1
443: 0 1
444: 34 1
445: 0 1
446: 33 1
447: 0 1
448: 34 1
449: 0 1
450: 35 1
451: 0 1
452: 36 1
453: 0 1
454: 35 1
455: 33 1
456: 0 1
457: 33 1
458: 0 1
459: 33 1
460: 0 1
461: 32 1
462: 0 1
463: 34 1
464: 0 1
465: 34 1
466: 0 1
467: 33 1
468: 0 1
469: 33 1
470: 0 1
471: 33 1
472: 0 1
473: 33 1
474: 0 1
475: 33 1
476: 0 1
477: 33 1
478: 0 1
479: 34 1
480: 0 1
481: 34 1
482: 0 1
483: 34 1
484: 0 1
485: 33 1
486: 0 1
487: 33 1
488: 0 1
489: 33 1
490: 0 1
491: 34 1
492: 0 1
493: 34 1
494: 0 1
495: 34 1
496: 0 1
497: 35 1
498: 34 1
499: 0 1
500: 35 1
501: 0 1
502: 34 1
503: 0 1
504: 35 1
505: 0 1
506: 34 1
507: 0 1
508: 35 1
509: 0 1
510: 34 1
511: 0 1
512: 34 1
513: 0 1
514: 35 1
515: 0 1
516: 35 1
517: 0 1
518: 34 1
519: 0 1
520: 35 1
521: 0 1
522: 35 1
523: 0 1
524: 34 1
525: 0 1
526: 34 1
527: 0 1
528: 35 1
529: 0 1
530: 35 1
531: 0 1
532: 35 1
533: 0 1
534: 37 1
535: 0 1
536: 34 1
537: 0 1
538: 35 1
539: 0 1
540: 36 1
541: 0 1
542: 35 1
543: 0 1
544: 36 1
545: 0 1
546: 36 1
547: 33 1
548: 0 1
549: 33 1
550: 0 1
551: 34 1
552: 0 1
553: 34 1
554: 0 1
555: 34 1
556: 0 1
557: 33 1
558: 0 1
559: 33 1
560: 0 1
561: 33 1
562: 0 1
563: 34 1
564: 0 1
565: 33 1
566: 0 1
567: 33 1
568: 0 1
569: 34 1
570: 0 1
571: 33 1
572: 0 1
573: 35 1
574: 0 1
575: 33 1
576: 0 1
577: 34 1
578: 0 1
579: 34 1
580: 0 1
581: 35 1
582: 0 1
583: 34 1
584: 0 1
585: 35 1
586: 0 1
587: 35 1
588: 0 1
589: 35 1
590: 34 1
591: 0 1
592: 33 1
593: 0 1
594: 35 1
595: 0 1
596: 33 1
597: 0 1
598: 35 1
599: 0 1
600: 33 1
601: 0 1
602: 35 1
603: 0 1
604: 34 1
605: 0 1
606: 34 1
607: 0 1
608: 34 1
609: 0 1
610: 35 1
611: 0 1
612: 35 1
613: 0 1
614: 36 1
615: 0 1
616: 35 1
617: 35 1
618: 0 0
619: 0 0
620: 0 0
621: 0 0
622: 0 0
623: 33 0
624: 34 0
625: 33 0
626: 34 0
627: 35 0
628: 0 0
629: 0 0
630: 0 0
631: 0 0
632: 0 0
633: 33 0
634: 35 0
635: 34 0
636: 34 0
637: 34 0
638: 0 0
639: 0 0
640: 0 0
641: 0 0
642: 0 0
643: 34 0
644: 34 0
645: 35 0
646: 34 0
647: 33 0
648: 0 0
649: 0 0
650: 0 0
651: 0 0
652: 0 0
653: 0 0
654: 35 0
655: 33 0
656: 34 0
657: 33 0
658: 35 0
659: 0 0
660: 0 0
661: 0 0
662: 0 0
663: 0 0
664: 35 0
665: 34 0
666: 35 0
667: 34 0
668: 36 0
669: 0 0
670: 0 0
671: 0 0
672: 0 0
673: 0 0
674: 35 0
675: 35 0
676: 34 0
677: 35 0
678: 33 0
679: 0 0
680: 0 0
681: 0 0
682: 0 0
683: 0 0
684: 35 0
685: 35 0
686: 34 0
687: 34 0
688: 33 0
689: 0 0
690: 0 0
691: 0 0
692: 0 0
693: 0 0
694: 0 0
695: 33 0
696: 35 0
697: 34 0
698: 33 0
699: 33 0
700: 0 0
701: 0 0
702: 0 0
703: 0 0
704: 0 0
705: 33 0
706: 34 0
707: 33 0
708: 33 0
709: 34 0
710: 0 0
711: 0 0
712: 0 0
713: 0 0
714: 0 0
715: 34 0
716: 35 0
717: 33 0
718: 35 0
719: 33 0
720: 0 0
721: 34 0
722: 33 0
723: 32 0
724: 35 0
725: 33 0
726: 0 0
727: 0 0
728: 0 0
729: 0 0
730: 0 0
731: 34 0
732: 34 0
733: 33 0
734: 33 0
735: 34 0
736: 0 0
737: 0 0
738: 0 0
739: 0 0
740: 0 0
741: 35 0
742: 35 0
743: 35 0
744: 33 0
745: 34 0
746: 0 0
747: 0 0
748: 0 0
749: 0 0
750: 0 0
751: 0 0
752: 34 0
753: 34 0
754: 34 0
755: 33 0
756: 32 0
757: 0 0
758: 0 0
759: 0 0
760: 0 0
761: 0 0
762: 34 0
763: 32 0
764: 34 0
765: 33 0
766: 33 0
767: 0 0
768: 0 0
769: 0 0
770: 0 0
771: 0 0
772: 36 0
773: 34 0
774: 33 0
775: 33 0
776: 33 0
777: 0 0
778: 0 0
779: 0 0
780: 0 0
781: 0 0
782: 35 0
783: 34 0
784: 34 0
785: 34 0
786: 32 0
787: 0 0
788: 0 0
789: 0 0
790: 0 0
791: 0 0
792: 0 0
793: 33 0
794: 34 0
795: 33 0
796: 32 0
797: 33 0
798: 0 0
799: 0 0
800: 0 0
801: 0 0
802: 0 0
803: 35 0
804: 34 0
805: 33 0
806: 35 0
807: 34 0
808: 0 0
809: 0 0
810: 0 0
811: 0 0
812: 0 0
813: 33 0
814: 33 0
815: 32 0
816: 33 0
817: 32 0
818: 31 0
819: 34 0
820: 34 0
821: 33 0
822: 33 0
823: 0 0
824: 0 0
825: 0 0
826: 0 0
827: 0 0
828: 33 0
829: 33 0
830: 33 0
831: 34 0
832: 34 0
833: 0 0
834: 0 0
835: 0 0
836: 0 0
837: 0 0
838: 35 0
839: 35 0
840: 33 0
841: 34 0
842: 33 0
843: 0 0
844: 0 0
845: 0 0
846: 0 0
847: 0 0
848: 0 0
849: 34 0
850: 32 0
851: 34 0
852: 33 0
853: 34 0
854: 0 0
855: 0 0
856: 0 0
857: 0 0
858: 0 0
859: 34 0
860: 33 0
861: 35 0
862: 35 0
863: 34 0
864: 0 0
865: 0 0
866: 0 0
867: 0 0
868: 0 0
869: 35 0
870: 33 0
871: 33 0
872: 34 0
873: 33 0
874: 0 0
875: 0 0
876: 0 0
877: 0 0
878: 0 0
879: 35 0
880: 34 0
881: 35 0
882: 32 0
883: 35 0
884: 0 0
885: 0 0
886: 0 0
887: 0 0
888: 0 0
889: 0 0
890: 33 0
891: 34 0
892: 33 0
893: 33 0
894: 33 0
895: 0 0
896: 0 0
897: 0 0
898: 0 0
899: 0 0
900: 35 0
901: 35 0
902: 34 0
903: 35 0
904: 33 0
905: 0 0
906: 0 0
907: 0 0
908: 0 0
909: 0 0
910: 33 0
911: 33 0
912: 33 0
913: 35 0
914: 33 0
915: 0 0
916: 0 0
917: 0 0
918: 0 0
919: 0 0
920: 33 0
921: 35 0
922: 34 0
923: 34 0
924: 35 0
925: 34 0
926: 33 0
927: 34 0
928: 33 0
929: 33 0
930: 33 0
931: 0 0
932: 0 0
933: 0 0
934: 0 0
935: 0 0
936: 36 0
937: 35 0
938: 35 0
939: 33 0
940: 33 0
941: 0 0
942: 0 0
943: 0 0
944: 0 0
945: 0 0
946: 34 0
947: 34 0
948: 35 0
949: 33 0
950: 35 0
951: 0 0
952: 0 0
953: 0 0
954: 0 0
955: 0 0
956: 0 0
957: 35 0
958: 33 0
959: 33 0
960: 33 0
961: 32 0
962: 0 0
963: 0 0
964: 0 0
965: 0 0
966: 0 0
967: 33 0
968: 32 0
969: 34 0
970: 33 0
971: 33 0
972: 0 0
973: 0 0
974: 0 0
975: 0 0
976: 0 0
977: 34 0
978: 33 0
979: 33 0
980: 33 0
981: 32 0
982: 0 0
983: 0 0
984: 0 0
985: 0 0
986: 0 0
987: 36 0
988: 33 0
989: 32 0
990: 34 0
991: 32 0
992: 0 0
993: 0 0
994: 0 0
995: 0 0
996: 0 0
997: 0 0
998: 33 0
999: 35 0
1000: 35 0
