1: 646 1
2: 645 1
3: 649 1
4: 720 1
5: 646 1
6: 719 1
7: 645 1
8: 717 1
9: 646 1
10: 720 1
11: 646 1
12: 717 1
13: 649 1
14: 717 1
15: 645 1
16: 719 1
17: 648 1
18: 720 1
19: 646 1
20: 0 1
21: 33 1
22: 0 1
23: 33 1
24: 0 1
25: 34 1
26: 0 1
27: 33 1
28: 0 1
29: 33 1
30: 0 1
31: 35 1
32: 34 1
33: 0 1
34: 34 1
35: 0 1
36: 34 1
37: 0 1
38: 35 1
39: 0 1
40: 34 1
41: 0 1
42: 33 1
43: 0 1
44: 33 1
45: 0 1
46: 34 1
47: 0 1
48: 33 1
49: 0 1
50: 34 1
51: 0 1
52: 33 1
53: 0 1
54: 34 1
55: 33 1
56: 0 1
57: 33 1
58: 0 1
59: 33 1
60: 0 1
61: 32 1
62: 0 1
63: 32 1
64: 0 1
65: 35 1
66: 0 1
67: 33 1
68: 0 1
69: 32 1
70: 0 1
71: 32 1
72: 0 1
73: 34 1
74: 0 1
75: 35 1
76: 0 1
77: 34 1
78: 33 1
79: 0 1
80: 33 1
81: 0 1
82: 33 1
83: 0 1
84: 34 1
85: 0 1
86: 32 1
87: 0 1
88: 33 1
89: 0 1
90: 33 1
91: 0 1
92: 32 1
93: 0 1
94: 33 1
95: 0 1
96: 32 1
97: 0 1
98: 32 1
99: 0 1
100: 34 1
101: 0 1
102: 0 1
103: 33 1
104: 0 1
105: 32 1
106: 34 1
107: 33 1
108: 0 1
109: 33 1
110: 0 1
111: 33 1
112: 0 1
113: 32 1
114: 0 1
115: 32 1
116: 0 1
117: 35 1
118: 0 1
119: 33 1
120: 0 1
121: 33 1
122: 0 1
123: 35 1
124: 0 1
125: 33 1
126: 0 1
127: 33 1
128: 0 1
129: 31 1
130: 0 1
131: 33 1
132: 0 1
133: 33 1
134: 0 1
135: 35 1
136: 0 1
137: 35 1
138: 0 1
139: 33 1
140: 0 1
141: 32 1
142: 0 1
143: 33 1
144: 0 1
145: 33 1
146: 0 1
147: 32 1
148: 0 1
149: 35 1
150: 34 1
151: 0 1
152: 34 1
153: 0 1
154: 34 1
155: 0 1
156: 33 1
157: 0 1
158: 32 1
159: 0 1
160: 34 1
161: 0 1
162: 33 1
163: 0 1
164: 34 1
165: 0 1
166: 32 1
167: 0 1
168: 35 1
169: 0 1
170: 32 1
171: 0 1
172: 34 1
173: 0 1
174: 33 1
175: 0 1
176: 33 1
177: 0 1
178: 35 1
179: 0 1
180: 33 1
181: 0 1
182: 35 1
183: 0 1
184: 34 1
185: 0 1
186: 35 1
187: 0 1
188: 35 1
189: 0 1
190: 34 1
191: 0 1
192: 0 1
193: 34 1
194: 0 1
195: 34 1
196: 0 1
197: 35 1
198: 0 1
199: 34 1
200: 0 1
201: 33 1
202: 0 1
203: 32 1
204: 0 1
205: 35 1
206: 0 1
207: 32 1
208: 0 0
209: 0 0
210: 0 0
211: 0 0
212: 0 0
213: 0 0
214: 33 0
215: 34 0
216: 32 0
217: 33 0
218: 33 0
219: 0 0
220: 0 0
221: 0 0
222: 0 0
223: 0 0
224: 34 0
225: 32 0
226: 33 0
227: 34 0
228: 34 0
229: 0 0
230: 0 0
231: 0 0
232: 0 0
233: 0 0
234: 34 0
235: 32 0
236: 34 0
237: 33 0
238: 35 0
239: 0 0
240: 0 0
241: 0 0
242: 0 0
243: 0 0
244: 34 0
245: 33 0
246: 32 0
247: 33 0
248: 32 0
249: 0 0
250: 0 0
251: 0 0
252: 0 0
253: 0 0
254: 0 0
255: 33 0
256: 33 0
257: 34 0
258: 33 0
259: 34 0
260: 0 0
261: 0 0
262: 0 0
263: 0 0
264: 0 0
265: 33 0
266: 32 0
267: 33 0
268: 33 0
269: 33 0
270: 0 0
271: 0 0
272: 0 0
273: 0 0
274: 0 0
275: 33 0
276: 33 0
277: 33 0
278: 34 0
279: 33 0
280: 0 0
281: 0 0
282: 0 0
283: 0 0
284: 0 0
285: 33 0
286: 34 0
287: 33 0
288: 34 0
289: 32 0
290: 0 0
291: 0 0
292: 0 0
293: 0 0
294: 0 0
295: 0 0
296: 33 0
297: 33 0
298: 35 0
299: 33 0
300: 34 0
301: 0 0
302: 0 0
303: 0 0
304: 0 0
305: 0 0
306: 35 0
307: 33 0
308: 33 0
309: 34 0
310: 33 0
311: 34 0
312: 32 0
313: 35 0
314: 33 0
315: 33 0
316: 33 0
317: 0 0
318: 0 0
319: 0 0
320: 0 0
321: 0 0
322: 34 0
323: 34 0
324: 33 0
325: 33 0
326: 33 0
327: 0 0
328: 0 0
329: 0 0
330: 0 0
331: 0 0
332: 34 0
333: 35 0
334: 33 0
335: 34 0
336: 35 0
337: 0 0
338: 0 0
339: 0 0
340: 0 0
341: 0 0
342: 33 0
343: 32 0
344: 35 0
345: 33 0
346: 33 0
347: 0 0
348: 0 0
349: 0 0
350: 0 0
351: 0 0
352: 35 0
353: 34 0
354: 36 0
355: 34 0
356: 34 0
357: 33 0
358: 0 0
359: 0 0
360: 0 0
361: 0 0
362: 0 0
363: 33 0
364: 33 0
365: 34 0
366: 33 0
367: 34 0
368: 0 0
369: 0 0
370: 0 0
371: 0 0
372: 0 0
373: 35 0
374: 35 0
375: 35 0
376: 34 0
377: 33 0
378: 0 0
379: 0 0
380: 0 0
381: 0 0
382: 0 0
383: 35 0
384: 34 0
385: 34 0
386: 35 0
387: 34 0
388: 0 0
389: 0 0
390: 0 0
391: 0 0
392: 0 0
393: 36 0
394: 34 0
395: 35 0
396: 33 0
397: 33 0
398: 0 0
399: 0 0
400: 0 0
401: 0 0
402: 0 0
403: 0 0
404: 33 0
405: 33 0
406: 35 0
407: 35 0
408: 35 0
409: 35 0
410: 34 0
411: 34 0
412: 33 0
413: 35 0
414: 0 0
415: 0 0
416: 0 0
417: 0 0
418: 0 0
419: 34 0
420: 35 0
421: 35 0
422: 33 0
423: 35 0
424: 0 0
425: 0 0
426: 0 0
427: 0 0
428: 0 0
429: 35 0
430: 33 0
431: 35 0
432: 33 0
433: 34 0
434: 0 0
435: 0 0
436: 0 0
437: 0 0
438: 0 0
439: 34 0
440: 35 0
441: 34 0
442: 34 0
443: 35 0
444: 0 0
445: 0 0
446: 0 0
447: 0 0
448: 0 0
449: 0 0
450: 35 0
451: 33 0
452: 33 0
453: 33 0
454: 33 0
455: 0 0
456: 0 0
457: 0 0
458: 0 0
459: 0 0
460: 35 0
461: 33 0
462: 34 0
463: 35 0
464: 33 0
465: 0 0
466: 0 0
467: 0 0
468: 0 0
469: 0 0
470: 36 0
471: 33 0
472: 33 0
473: 33 0
474: 34 0
475: 0 0
476: 0 0
477: 0 0
478: 0 0
479: 0 0
480: 36 0
481: 35 0
482: 33 0
483: 35 0
484: 34 0
485: 0 0
486: 0 0
487: 0 0
488: 0 0
489: 0 0
490: 0 0
491: 35 0
492: 33 0
493: 35 0
494: 34 0
495: 34 0
496: 0 0
497: 0 0
498: 0 0
499: 0 0
500: 0 0
501: 35 0
502: 35 0
503: 35 0
504: 33 0
505: 33 0
506: 0 0
507: 0 0
508: 0 0
509: 0 0
510: 0 0
511: 35 0
512: 35 0
513: 35 0
514: 35 0
515: 35 0
516: 0 1
517: 33 1
518: 0 1
519: 33 1
520: 0 1
521: 33 1
522: 0 1
523: 34 1
524: 0 1
525: 34 1
526: 0 1
527: 35 1
528: 0 1
529: 33 1
530: 0 1
531: 34 1
532: 0 1
533: 34 1
534: 0 1
535: 35 1
536: 0 1
537: 35 1
538: 0 1
539: 35 1
540: 0 1
541: 34 1
542: 0 1
543: 34 1
544: 0 1
545: 35 1
546: 0 1
547: 35 1
548: 0 1
549: 35 1
550: 0 1
551: 36 1
552: 0 1
553: 0 1
554: 34 1
555: 0 1
556: 34 1
557: 0 1
558: 34 1
559: 0 1
560: 34 1
561: 0 1
562: 35 1
563: 0 1
564: 33 1
565: 0 1
566: 35 1
567: 0 1
568: 34 1
569: 0 1
570: 34 1
571: 0 1
572: 34 1
573: 0 1
574: 35 1
575: 0 1
576: 34 1
577: 0 1
578: 35 1
579: 0 1
580: 35 1
581: 0 1
582: 35 1
583: 0 1
584: 34 1
585: 0 1
586: 34 1
587: 0 1
588: 35 1
589: 0 1
590: 35 1
591: 0 1
592: 35 1
593: 0 1
594: 0 1
595: 33 1
596: 0 1
597: 34 1
598: 0 1
599: 34 1
600: 0 1
601: 35 1
602: 0 1
603: 35 1
604: 0 1
605: 34 1
606: 0 1
607: 35 1
608: 0 1
609: 36 1
610: 0 1
611: 35 1
612: 0 1
613: 35 1
614: 0 1
615: 36 1
616: 0 1
617: 35 1
618: 35 1
619: 0 1
620: 34 1
621: 0 1
622: 35 1
623: 0 1
624: 35 1
625: 0 1
626: 34 1
627: 0 1
628: 35 1
629: 0 1
630: 35 1
631: 0 1
632: 35 1
633: 0 1
634: 36 1
635: 0 1
636: 35 1
637: 0 1
638: 35 1
639: 0 1
640: 0 1
641: 34 1
642: 0 1
643: 36 1
644: 0 1
645: 35 1
646: 0 1
647: 34 1
648: 0 1
649: 35 1
650: 0 1
651: 35 1
652: 0 1
653: 35 1
654: 0 1
655: 34 1
656: 0 1
657: 36 1
658: 0 1
659: 35 1
660: 0 1
661: 35 1
662: 0 1
663: 35 1
664: 0 1
665: 35 1
666: 0 1
667: 34 1
668: 0 1
669: 35 1
670: 0 1
671: 35 1
672: 0 1
673: 35 1
674: 0 1
675: 35 1
676: 0 1
677: 35 1
678: 0 1
679: 36 1
680: 0 1
681: 35 1
682: 0 1
683: 0 1
684: 35 1
685: 0 1
686: 33 1
687: 0 1
688: 34 1
689: 0 1
690: 34 1
691: 0 1
692: 34 1
693: 0 1
694: 35 1
695: 0 1
696: 33 1
697: 0 1
698: 35 1
699: 0 1
700: 34 1
701: 0 1
702: 35 1
703: 0 1
704: 35 1
705: 0 1
706: 35 1
707: 0 1
708: 35 1
709: 0 1
710: 35 1
711: 0 1
712: 35 1
713: 0 1
714: 36 1
715: 0 1
716: 35 1
717: 0 1
718: 36 1
719: 0 1
720: 35 1
721: 33 1
722: 0 0
723: 34 0
724: 34 0
725: 35 0
726: 33 0
727: 35 0
728: 0 0
729: 0 0
730: 0 0
731: 0 0
732: 0 0
733: 35 0
734: 32 0
735: 35 0
736: 33 0
737: 35 0
738: 0 0
739: 0 0
740: 0 0
741: 0 0
742: 0 0
743: 0 0
744: 34 0
745: 33 0
746: 33 0
747: 33 0
748: 33 0
749: 0 0
750: 0 0
751: 0 0
752: 0 0
753: 0 0
754: 33 0
755: 35 0
756: 34 0
757: 33 0
758: 35 0
759: 0 0
760: 0 0
761: 0 0
762: 0 0
763: 0 0
764: 37 0
765: 34 0
766: 35 0
767: 33 0
768: 35 0
769: 0 0
770: 0 0
771: 0 0
772: 0 0
773: 0 0
774: 35 0
775: 33 0
776: 34 0
777: 34 0
778: 37 0
779: 0 0
780: 0 0
781: 0 0
782: 0 0
783: 0 0
784: 0 0
785: 35 0
786: 35 0
787: 35 0
788: 35 0
789: 35 0
790: 0 0
791: 0 0
792: 0 0
793: 0 0
794: 0 0
795: 34 0
796: 34 0
797: 35 0
798: 34 0
799: 35 0
800: 0 0
801: 0 0
802: 0 0
803: 0 0
804: 0 0
805: 35 0
806: 33 0
807: 35 0
808: 34 0
809: 34 0
810: 0 0
811: 0 0
812: 0 0
813: 0 0
814: 0 0
815: 37 0
816: 35 0
817: 35 0
818: 35 0
819: 33 0
820: 34 0
821: 34 0
822: 35 0
823: 35 0
824: 0 0
825: 0 0
826: 0 0
827: 0 0
828: 0 0
829: 36 0
830: 35 0
831: 35 0
832: 35 0
833: 35 0
834: 0 0
835: 0 0
836: 0 0
837: 0 0
838: 0 0
839: 0 0
840: 37 0
841: 35 0
842: 34 0
843: 34 0
844: 34 0
845: 0 0
846: 0 0
847: 0 0
848: 0 0
849: 0 0
850: 35 0
851: 35 0
852: 33 0
853: 36 0
854: 34 0
855: 0 0
856: 0 0
857: 0 0
858: 0 0
859: 0 0
860: 35 0
861: 36 0
862: 35 0
863: 34 0
864: 34 0
865: 0 0
866: 0 0
867: 0 0
868: 0 0
869: 0 0
870: 36 0
871: 35 0
872: 35 0
873: 35 0
874: 36 0
875: 0 0
876: 0 0
877: 0 0
878: 0 0
879: 0 0
880: 0 0
881: 35 0
882: 35 0
883: 34 0
884: 34 0
885: 35 0
886: 0 0
887: 0 0
888: 0 0
889: 0 0
890: 0 0
891: 34 0
892: 35 0
893: 35 0
894: 35 0
895: 33 0
896: 0 0
897: 0 0
898: 0 0
899: 0 0
900: 0 0
901: 35 0
902: 35 0
903: 33 0
904: 35 0
905: 34 0
906: 0 0
907: 0 0
908: 0 0
909: 0 0
910: 0 0
911: 35 0
912: 34 0
913: 35 0
914: 34 0
915: 33 0
916: 0 0
917: 0 0
918: 0 0
919: 0 0
920: 0 0
921: 0 0
922: 34 0
923: 35 0
924: 35 0
925: 35 0
926: 33 0
927: 35 1
928: 0 1
929: 34 1
930: 0 1
931: 35 1
932: 0 1
933: 35 1
934: 0 1
935: 33 1
936: 0 1
937: 35 1
938: 0 1
939: 0 1
940: 34 1
941: 0 1
942: 35 1
943: 0 1
944: 35 1
945: 0 1
946: 35 1
947: 0 1
948: 36 1
949: 0 1
950: 35 1
951: 0 1
952: 37 1
953: 0 1
954: 35 1
955: 0 1
956: 36 1
957: 0 1
958: 36 1
959: 0 1
960: 35 1
961: 0 1
962: 35 1
963: 0 1
964: 36 1
965: 0 1
966: 33 1
967: 0 1
968: 36 1
969: 0 1
970: 36 1
971: 0 1
972: 34 1
973: 0 1
974: 35 1
975: 0 1
976: 35 1
977: 0 1
978: 35 1
979: 0 1
980: 36 1
981: 35 1
982: 0 1
983: 35 1
984: 0 1
985: 37 1
986: 0 1
987: 35 1
988: 0 1
989: 36 1
990: 0 1
991: 35 1
992: 0 1
993: 35 1
994: 0 1
995: 35 1
996: 0 1
997: 34 1
998: 0 1
999: 35 1
1000: 0 1
