1: 649 0
2: 720 0
3: 722 0
4: 719 0
5: 717 0
6: 716 0
7: 647 0
8: 647 0
9: 650 0
10: 648 0
11: 645 0
12: 718 0
13: 718 0
14: 721 0
15: 722 0
16: 722 0
17: 649 0
18: 647 0
19: 647 0
20: 644 0
21: 648 0
22: 721 0
23: 721 0
24: 719 0
25: 715 0
26: 715 0
27: 645 0
28: 649 0
29: 651 0
30: 650 0
31: 648 0
32: 716 0
33: 715 0
34: 719 0
35: 721 0
36: 721 0
37: 647 0
38: 644 0
39: 644 0
40: 644 0
41: 648 0
42: 722 0
43: 720 0
44: 720 0
45: 715 0
46: 715 0
47: 643 0
48: 650 0
49: 650 0
50: 649 0
51: 647 0
52: 645 0
53: 717 0
54: 717 0
55: 722 0
56: 720 0
57: 721 0
58: 643 0
59: 646 0
60: 645 0
61: 647 0
62: 649 0
63: 720 0
64: 719 0
65: 716 0
66: 715 0
67: 716 0
68: 647 0
69: 648 0
70: 648 0
71: 649 0
72: 646 0
73: 716 0
74: 716 0
75: 721 0
76: 719 0
77: 722 0
78: 649 0
79: 644 0
80: 643 0
81: 644 0
82: 649 0
83: 719 0
84: 719 0
85: 720 0
86: 716 0
87: 716 0
88: 645 0
89: 649 0
90: 648 0
91: 649 0
92: 645 0
93: 715 0
94: 716 0
95: 718 0
96: 720 0
97: 721 0
98: 647 0
99: 643 0
100: 644 0
101: 644 0
102: 648 0
103: 648 0
104: 719 0
105: 718 0
106: 643 0
107: 644 0
108: 644 0
109: 648 0
110: 649 0
111: 720 0
112: 717 0
113: 716 0
114: 716 0
115: 718 0
116: 647 0
117: 649 0
118: 648 0
119: 644 0
120: 645 0
121: 0 0
122: 0 0
123: 0 0
124: 0 0
125: 0 0
126: 33 0
127: 32 0
128: 32 0
129: 31 0
130: 33 0
131: 0 0
132: 0 0
133: 0 0
134: 0 0
135: 0 0
136: 35 0
137: 32 0
138: 32 0
139: 33 0
140: 33 0
141: 32 0
142: 0 0
143: 0 0
144: 0 0
145: 0 0
146: 0 0
147: 32 0
148: 32 0
149: 32 0
150: 32 0
151: 32 0
152: 0 0
153: 0 0
154: 0 0
155: 0 0
156: 0 0
157: 32 0
158: 32 0
159: 32 0
160: 32 0
161: 33 0
162: 0 0
163: 0 0
164: 0 0
165: 0 0
166: 0 0
167: 33 0
168: 33 0
169: 33 0
170: 35 0
171: 33 0
172: 0 0
173: 0 0
174: 0 0
175: 0 0
176: 0 0
177: 33 0
178: 33 0
179: 33 0
180: 32 0
181: 32 0
182: 32 0
183: 0 0
184: 0 0
185: 0 0
186: 0 0
187: 0 0
188: 33 0
189: 32 0
190: 32 0
191: 33 0
192: 32 0
193: 0 0
194: 0 0
195: 0 0
196: 0 0
197: 0 0
198: 33 0
199: 32 0
200: 33 0
201: 32 0
202: 32 0
203: 32 0
204: 32 0
205: 32 0
206: 0 0
207: 0 0
208: 0 0
209: 0 0
210: 0 0
211: 33 0
212: 33 0
213: 31 0
214: 31 0
215: 32 0
216: 0 0
217: 0 0
218: 0 0
219: 0 0
220: 0 0
221: 33 0
222: 32 0
223: 33 0
224: 33 0
225: 32 0
226: 0 0
227: 0 0
228: 0 0
229: 0 0
230: 0 0
231: 33 0
232: 33 0
233: 33 0
234: 32 0
235: 32 0
236: 0 0
237: 0 0
238: 0 0
239: 0 0
240: 0 0
241: 34 0
242: 32 0
243: 32 0
244: 31 0
245: 32 0
246: 31 0
247: 0 0
248: 0 0
249: 0 0
250: 0 0
251: 0 0
252: 33 0
253: 32 0
254: 32 0
255: 31 0
256: 33 0
257: 0 0
258: 0 0
259: 0 0
260: 0 0
261: 0 0
262: 32 0
263: 33 0
264: 31 0
265: 32 0
266: 32 0
267: 0 0
268: 0 0
269: 0 0
270: 0 0
271: 0 0
272: 33 0
273: 33 0
274: 33 0
275: 32 0
276: 34 0
277: 0 0
278: 0 0
279: 0 0
280: 0 0
281: 0 0
282: 34 0
283: 33 0
284: 34 0
285: 32 0
286: 32 0
287: 0 0
288: 0 0
289: 0 0
290: 0 0
291: 0 0
292: 0 0
293: 34 0
294: 32 0
295: 33 0
296: 33 0
297: 33 0
298: 0 0
299: 0 0
300: 0 0
301: 0 0
302: 0 0
303: 33 0
304: 32 0
305: 33 0
306: 31 0
307: 32 0
308: 0 1
309: 32 1
310: 0 1
311: 32 1
312: 0 1
313: 33 1
314: 0 1
315: 32 1
316: 0 1
317: 33 1
318: 0 1
319: 32 1
320: 0 1
321: 35 1
322: 0 1
323: 33 1
324: 0 1
325: 32 1
326: 0 1
327: 33 1
328: 0 1
329: 33 1
330: 0 1
331: 34 1
332: 0 1
333: 34 1
334: 0 1
335: 35 1
336: 0 1
337: 34 1
338: 0 1
339: 33 1
340: 0 1
341: 33 1
342: 0 1
343: 33 1
344: 0 1
345: 34 1
346: 33 1
347: 0 1
348: 33 1
349: 0 1
350: 32 1
351: 0 1
352: 33 1
353: 0 1
354: 33 1
355: 0 1
356: 32 1
357: 0 1
358: 33 1
359: 0 1
360: 33 1
361: 0 1
362: 33 1
363: 0 1
364: 33 1
365: 0 1
366: 33 1
367: 0 1
368: 33 1
369: 0 1
370: 33 1
371: 0 1
372: 34 1
373: 0 1
374: 34 1
375: 0 1
376: 33 1
377: 0 1
378: 33 1
379: 0 1
380: 33 1
381: 0 1
382: 34 1
383: 0 1
384: 34 1
385: 0 1
386: 34 1
387: 0 1
388: 35 1
389: 32 1
390: 0 1
391: 34 1
392: 0 1
393: 32 1
394: 0 1
395: 33 1
396: 0 1
397: 33 1
398: 0 1
399: 32 1
400: 0 1
401: 33 1
402: 0 1
403: 32 1
404: 0 1
405: 32 1
406: 0 1
407: 33 1
408: 0 1
409: 33 1
410: 33 1
411: 0 1
412: 33 1
413: 0 1
414: 33 1
415: 0 1
416: 33 1
417: 0 1
418: 33 1
419: 0 1
420: 33 1
421: 0 1
422: 32 1
423: 0 1
424: 34 1
425: 0 1
426: 33 1
427: 0 1
428: 33 1
429: 0 1
430: 33 1
431: 0 1
432: 33 1
433: 0 1
434: 34 1
435: 0 1
436: 33 1
437: 0 1
438: 0 1
439: 33 1
440: 0 1
441: 33 1
442: 0 1
443: 34 1
444: 0 1
445: 34 1
446: 0 1
447: 35 1
448: 0 1
449: 33 1
450: 0 1
451: 33 1
452: 0 1
453: 33 1
454: 0 1
455: 33 1
456: 0 1
457: 33 1
458: 0 1
459: 33 1
460: 0 1
461: 34 1
462: 0 1
463: 33 1
464: 0 1
465: 34 1
466: 0 1
467: 33 1
468: 0 1
469: 34 1
470: 0 1
471: 33 1
472: 0 1
473: 35 1
474: 0 1
475: 34 1
476: 0 1
477: 33 1
478: 0 1
479: 34 1
480: 32 1
481: 0 1
482: 32 1
483: 0 1
484: 33 1
485: 0 1
486: 33 1
487: 0 1
488: 33 1
489: 0 1
490: 33 1
491: 0 1
492: 34 1
493: 0 1
494: 33 1
495: 0 1
496: 35 1
497: 0 1
498: 35 1
499: 0 1
500: 34 1
501: 0 1
502: 33 1
503: 0 1
504: 32 1
505: 0 1
506: 33 1
507: 0 1
508: 33 1
509: 0 1
510: 33 1
511: 0 1
512: 33 1
513: 0 1
514: 32 1
515: 0 1
516: 33 1
517: 0 1
518: 34 1
519: 0 1
520: 32 1
521: 0 1
522: 34 1
523: 0 1
524: 34 1
525: 0 1
526: 33 1
527: 0 1
528: 0 1
529: 33 1
530: 0 1
531: 33 1
532: 0 1
533: 34 1
534: 0 1
535: 33 1
536: 0 1
537: 32 1
538: 0 1
539: 33 1
540: 0 1
541: 33 1
542: 0 1
543: 32 1
544: 0 1
545: 32 1
546: 0 1
547: 32 1
548: 0 1
549: 32 1
550: 0 1
551: 33 1
552: 0 1
553: 34 1
554: 0 1
555: 32 1
556: 0 1
557: 32 1
558: 0 1
559: 33 1
560: 0 1
561: 33 1
562: 0 1
563: 32 1
564: 0 1
565: 33 1
566: 0 1
567: 33 1
568: 0 1
569: 34 1
570: 33 1
571: 0 1
572: 33 1
573: 0 1
574: 32 1
575: 0 1
576: 32 1
577: 0 1
578: 33 1
579: 0 1
580: 34 1
581: 0 1
582: 33 1
583: 0 1
584: 33 1
585: 0 1
586: 32 1
587: 0 1
588: 33 1
589: 0 1
590: 33 1
591: 0 1
592: 33 1
593: 0 1
594: 34 1
595: 0 1
596: 34 1
597: 0 1
598: 33 1
599: 0 1
600: 33 1
601: 0 1
602: 34 1
603: 0 1
604: 33 1
605: 0 1
606: 34 1
607: 0 1
608: 33 1
609: 0 1
610: 34 1
611: 0 1
612: 35 1
613: 33 1
614: 0 1
615: 34 1
616: 0 1
617: 35 1
618: 0 1
619: 34 1
620: 0 1
621: 34 1
622: 0 1
623: 33 1
624: 0 1
625: 34 1
626: 0 1
627: 32 1
628: 0 1
629: 35 1
630: 0 1
631: 34 1
632: 32 1
633: 0 1
634: 33 1
635: 0 1
636: 34 1
637: 0 1
638: 32 1
639: 0 1
640: 33 1
641: 0 1
642: 33 1
643: 0 1
644: 31 1
645: 0 1
646: 33 1
647: 0 1
648: 33 1
649: 0 1
650: 33 1
651: 0 1
652: 32 1
653: 0 1
654: 34 1
655: 0 1
656: 32 1
657: 0 1
658: 33 1
659: 0 1
660: 33 1
661: 0 1
662: 33 1
663: 0 1
664: 33 1
665: 0 1
666: 33 1
667: 0 1
668: 32 1
669: 0 1
670: 34 1
671: 0 1
672: 35 1
673: 0 1
674: 0 1
675: 33 1
676: 0 1
677: 33 1
678: 0 1
679: 33 1
680: 0 1
681: 33 1
682: 0 1
683: 33 1
684: 0 1
685: 32 1
686: 0 1
687: 33 1
688: 0 1
689: 33 1
690: 0 1
691: 32 1
692: 0 1
693: 33 1
694: 0 1
695: 32 1
696: 0 1
697: 33 1
698: 0 1
699: 34 1
700: 0 1
701: 33 1
702: 0 1
703: 33 1
704: 0 1
705: 33 1
706: 0 1
707: 33 1
708: 0 1
709: 33 1
710: 0 1
711: 35 1
712: 0 1
713: 34 1
714: 0 1
715: 34 1
716: 33 1
717: 0 1
718: 33 1
719: 0 0
720: 33 0
721: 33 0
722: 33 0
723: 32 0
724: 32 0
725: 0 0
726: 0 0
727: 0 0
728: 0 0
729: 0 0
730: 34 0
731: 33 0
732: 33 0
733: 32 0
734: 34 0
735: 33 0
736: 0 0
737: 0 0
738: 0 0
739: 0 0
740: 0 0
741: 34 0
742: 33 0
743: 32 0
744: 33 0
745: 32 0
746: 0 0
747: 0 0
748: 0 0
749: 0 0
750: 0 0
751: 34 0
752: 32 0
753: 33 0
754: 33 0
755: 32 0
756: 0 0
757: 0 0
758: 0 0
759: 0 0
760: 0 0
761: 34 0
762: 33 0
763: 32 0
764: 33 0
765: 33 0
766: 0 0
767: 0 0
768: 0 0
769: 0 0
770: 0 0
771: 35 0
772: 34 0
773: 33 0
774: 32 0
775: 33 0
776: 0 0
777: 0 0
778: 0 0
779: 0 0
780: 0 0
781: 0 0
782: 33 0
783: 33 0
784: 33 0
785: 34 0
786: 34 0
787: 0 0
788: 0 0
789: 0 0
790: 0 0
791: 0 0
792: 34 0
793: 34 0
794: 33 0
795: 33 0
796: 34 0
797: 0 0
798: 0 0
799: 0 0
800: 0 0
801: 0 0
802: 33 0
803: 33 0
804: 32 0
805: 33 0
806: 33 0
807: 0 0
808: 0 0
809: 0 0
810: 0 0
811: 0 0
812: 34 0
813: 34 0
814: 33 0
815: 33 0
816: 33 0
817: 32 0
818: 33 0
819: 33 0
820: 33 0
821: 0 1
822: 34 1
823: 0 1
824: 34 1
825: 0 1
826: 33 1
827: 0 1
828: 0 1
829: 34 1
830: 0 1
831: 34 1
832: 0 1
833: 35 1
834: 0 1
835: 35 1
836: 0 1
837: 35 1
838: 0 1
839: 33 1
840: 0 1
841: 33 1
842: 0 1
843: 33 1
844: 0 1
845: 33 1
846: 0 1
847: 33 1
848: 0 1
849: 33 1
850: 0 1
851: 34 1
852: 0 1
853: 33 1
854: 0 1
855: 35 1
856: 0 1
857: 34 1
858: 0 1
859: 35 1
860: 0 1
861: 33 1
862: 0 1
863: 33 1
864: 0 1
865: 34 1
866: 0 1
867: 35 1
868: 0 1
869: 0 1
870: 34 1
871: 0 1
872: 34 1
873: 0 1
874: 33 1
875: 0 1
876: 33 1
877: 0 1
878: 33 1
879: 0 1
880: 33 1
881: 0 1
882: 33 1
883: 0 1
884: 33 1
885: 0 1
886: 34 1
887: 0 1
888: 33 1
889: 0 1
890: 34 1
891: 0 1
892: 33 1
893: 0 1
894: 34 1
895: 0 1
896: 33 1
897: 0 1
898: 35 1
899: 0 1
900: 33 1
901: 0 1
902: 33 1
903: 0 1
904: 33 1
905: 0 1
906: 34 1
907: 0 1
908: 35 1
909: 0 1
910: 35 1
911: 0 1
912: 0 1
913: 33 1
914: 0 1
915: 34 1
916: 0 1
917: 32 1
918: 0 1
919: 33 1
920: 0 1
921: 33 1
922: 0 1
923: 33 1
924: 0 0
925: 35 0
926: 33 0
927: 33 0
928: 33 0
929: 33 0
930: 32 0
931: 0 0
932: 0 0
933: 0 0
934: 0 0
935: 0 0
936: 34 0
937: 32 0
938: 32 0
939: 32 0
940: 31 0
941: 0 0
942: 0 0
943: 0 0
944: 0 0
945: 0 0
946: 34 0
947: 34 0
948: 33 0
949: 32 0
950: 33 0
951: 0 0
952: 0 0
953: 0 0
954: 0 0
955: 0 0
956: 33 0
957: 32 0
958: 33 0
959: 33 0
960: 33 0
961: 0 0
962: 0 0
963: 0 0
964: 0 0
965: 0 0
966: 34 0
967: 33 0
968: 31 0
969: 32 0
970: 32 0
971: 33 0
972: 0 0
973: 0 0
974: 0 0
975: 0 0
976: 0 0
977: 33 0
978: 32 0
979: 33 0
980: 32 0
981: 34 0
982: 0 0
983: 0 0
984: 0 0
985: 0 0
986: 0 0
987: 34 0
988: 33 0
989: 34 0
990: 33 0
991: 33 0
992: 0 0
993: 0 0
994: 0 0
995: 0 0
996: 0 0
997: 33 0
998: 33 0
999: 33 0
1000: 33 0
