1: 649 1
2: 645 1
3: 646 1
4: 720 1
5: 645 1
6: 716 1
7: 644 1
8: 719 1
9: 648 1
10: 719 1
11: 648 1
12: 720 1
13: 648 1
14: 719 1
15: 650 1
16: 721 1
17: 650 1
18: 721 1
19: 649 1
20: 719 1
21: 647 1
22: 719 1
23: 649 1
24: 716 1
25: 648 1
26: 715 1
27: 645 1
28: 718 1
29: 647 1
30: 720 1
31: 646 1
32: 719 1
33: 649 1
34: 717 1
35: 649 1
36: 720 1
37: 649 1
38: 718 1
39: 648 1
40: 719 1
41: 647 1
42: 719 1
43: 645 1
44: 719 1
45: 644 1
46: 717 1
47: 645 1
48: 718 1
49: 649 1
50: 719 1
51: 645 1
52: 647 1
53: 718 1
54: 646 1
55: 721 1
56: 650 1
57: 716 1
58: 647 1
59: 714 1
60: 647 1
61: 718 1
62: 648 1
63: 0 1
64: 34 1
65: 0 1
66: 34 1
67: 0 1
68: 35 1
69: 0 1
70: 35 1
71: 0 1
72: 36 1
73: 0 1
74: 36 1
75: 0 1
76: 36 1
77: 0 1
78: 36 1
79: 0 1
80: 35 1
81: 35 1
82: 0 1
83: 35 1
84: 0 1
85: 35 1
86: 0 1
87: 36 1
88: 0 1
89: 37 1
90: 0 1
91: 37 1
92: 0 1
93: 36 1
94: 0 1
95: 36 1
96: 0 1
97: 36 1
98: 0 1
99: 35 1
100: 0 1
101: 36 1
102: 0 1
103: 35 1
104: 36 1
105: 35 1
106: 0 1
107: 35 1
108: 0 1
109: 34 1
110: 0 1
111: 36 1
112: 0 1
113: 35 1
114: 0 1
115: 0 1
116: 35 1
117: 0 1
118: 35 1
119: 0 1
120: 35 1
121: 0 1
122: 34 1
123: 0 1
124: 35 1
125: 0 1
126: 35 1
127: 0 1
128: 35 1
129: 0 1
130: 35 1
131: 0 1
132: 36 1
133: 0 1
134: 34 1
135: 0 1
136: 35 1
137: 0 1
138: 36 1
139: 0 1
140: 36 1
141: 0 1
142: 36 1
143: 0 1
144: 36 1
145: 0 1
146: 36 1
147: 0 1
148: 37 1
149: 0 1
150: 37 1
151: 0 1
152: 35 1
153: 0 1
154: 36 1
155: 0 1
156: 37 1
157: 0 1
158: 0 1
159: 36 1
160: 0 1
161: 37 1
162: 0 1
163: 37 1
164: 0 1
165: 36 1
166: 0 1
167: 36 1
168: 0 1
169: 37 1
170: 0 1
171: 36 1
172: 0 1
173: 36 1
174: 0 1
175: 36 1
176: 0 1
177: 35 1
178: 0 1
179: 36 1
180: 0 1
181: 35 1
182: 0 1
183: 34 1
184: 0 1
185: 35 1
186: 0 1
187: 35 1
188: 0 1
189: 35 1
190: 0 1
191: 36 1
192: 0 1
193: 35 1
194: 0 1
195: 36 1
196: 0 1
197: 37 1
198: 0 1
199: 0 1
200: 35 1
201: 0 1
202: 35 1
203: 0 1
204: 35 1
205: 0 1
206: 35 1
207: 0 0
208: 0 0
209: 0 0
210: 0 0
211: 0 0
212: 36 0
213: 36 0
214: 35 0
215: 34 0
216: 35 0
217: 35 0
218: 0 0
219: 0 0
220: 0 0
221: 0 0
222: 0 0
223: 35 0
224: 35 0
225: 35 0
226: 35 0
227: 35 0
228: 0 0
229: 0 0
230: 0 0
231: 0 0
232: 0 0
233: 35 0
234: 34 0
235: 35 0
236: 35 0
237: 36 0
238: 0 0
239: 0 0
240: 0 0
241: 0 0
242: 0 0
243: 36 0
244: 36 0
245: 34 0
246: 35 0
247: 34 0
248: 0 0
249: 0 0
250: 0 0
251: 0 0
252: 0 0
253: 36 0
254: 36 0
255: 35 0
256: 36 0
257: 34 0
258: 0 0
259: 0 0
260: 0 0
261: 0 0
262: 0 0
263: 0 0
264: 36 0
265: 35 0
266: 35 0
267: 35 0
268: 36 0
269: 0 0
270: 0 0
271: 0 0
272: 0 0
273: 0 0
274: 35 0
275: 35 0
276: 35 0
277: 36 0
278: 35 0
279: 0 0
280: 0 0
281: 0 0
282: 0 0
283: 0 0
284: 35 0
285: 35 0
286: 34 0
287: 35 0
288: 34 0
289: 0 0
290: 0 0
291: 0 0
292: 0 0
293: 0 0
294: 36 0
295: 34 0
296: 35 0
297: 35 0
298: 35 0
299: 0 0
300: 0 0
301: 0 0
302: 0 0
303: 0 0
304: 0 0
305: 35 0
306: 36 0
307: 35 0
308: 35 0
309: 34 0
310: 34 0
311: 36 0
312: 35 0
313: 35 0
314: 34 0
315: 0 0
316: 0 0
317: 0 0
318: 0 0
319: 0 0
320: 35 0
321: 35 0
322: 35 0
323: 35 0
324: 37 0
325: 35 0
326: 0 0
327: 0 0
328: 0 0
329: 0 0
330: 0 0
331: 35 0
332: 36 0
333: 34 0
334: 36 0
335: 35 0
336: 0 0
337: 0 0
338: 0 0
339: 0 0
340: 0 0
341: 35 0
342: 35 0
343: 35 0
344: 35 0
345: 36 0
346: 0 0
347: 0 0
348: 0 0
349: 0 0
350: 0 0
351: 37 0
352: 36 0
353: 35 0
354: 35 0
355: 34 0
356: 0 0
357: 0 0
358: 0 0
359: 0 0
360: 0 0
361: 36 0
362: 36 0
363: 34 0
364: 35 0
365: 35 0
366: 0 0
367: 0 0
368: 0 0
369: 0 0
370: 0 0
371: 0 0
372: 36 0
373: 36 0
374: 37 0
375: 36 0
376: 33 0
377: 0 0
378: 0 0
379: 0 0
380: 0 0
381: 0 0
382: 35 0
383: 35 0
384: 34 0
385: 36 0
386: 34 0
387: 0 0
388: 0 0
389: 0 0
390: 0 0
391: 0 0
392: 35 0
393: 35 0
394: 35 0
395: 33 0
396: 35 0
397: 0 0
398: 0 0
399: 0 0
400: 0 0
401: 0 0
402: 35 0
403: 33 0
404: 35 0
405: 35 0
406: 35 0
407: 34 0
408: 34 0
409: 36 0
410: 35 0
411: 36 0
412: 35 0
413: 0 0
414: 0 0
415: 0 0
416: 0 0
417: 0 0
418: 33 0
419: 35 0
420: 34 0
421: 34 0
422: 36 0
423: 0 0
424: 0 0
425: 0 0
426: 0 0
427: 0 0
428: 35 0
429: 35 0
430: 36 0
431: 35 0
432: 36 0
433: 0 0
434: 0 0
435: 0 0
436: 0 0
437: 0 0
438: 36 0
439: 36 0
440: 34 0
441: 35 0
442: 36 0
443: 0 0
444: 0 0
445: 0 0
446: 0 0
447: 0 0
448: 36 0
449: 35 0
450: 35 0
451: 35 0
452: 35 0
453: 0 0
454: 0 0
455: 0 0
456: 0 0
457: 0 0
458: 0 0
459: 36 0
460: 37 0
461: 34 0
462: 37 0
463: 36 0
464: 0 0
465: 0 0
466: 0 0
467: 0 0
468: 0 0
469: 35 0
470: 36 0
471: 35 0
472: 35 0
473: 35 0
474: 0 0
475: 0 0
476: 0 0
477: 0 0
478: 0 0
479: 37 0
480: 35 0
481: 35 0
482: 34 0
483: 34 0
484: 0 0
485: 0 0
486: 0 0
487: 0 0
488: 0 0
489: 38 0
490: 34 0
491: 36 0
492: 34 0
493: 35 0
494: 0 0
495: 0 0
496: 0 0
497: 0 0
498: 0 0
499: 0 0
500: 35 0
501: 34 0
502: 36 0
503: 35 0
504: 35 0
505: 0 0
506: 0 0
507: 0 0
508: 0 0
509: 0 0
510: 36 0
511: 35 0
512: 35 0
513: 35 0
514: 34 0
515: 0 1
516: 34 1
517: 0 1
518: 33 1
519: 0 1
520: 35 1
521: 0 1
522: 34 1
523: 0 1
524: 33 1
525: 0 1
526: 33 1
527: 0 1
528: 35 1
529: 0 1
530: 36 1
531: 0 1
532: 37 1
533: 0 1
534: 37 1
535: 0 1
536: 37 1
537: 0 1
538: 36 1
539: 0 1
540: 35 1
541: 0 1
542: 36 1
543: 0 1
544: 35 1
545: 0 1
546: 34 1
547: 0 1
548: 35 1
549: 0 1
550: 35 1
551: 0 1
552: 36 1
553: 0 1
554: 37 1
555: 36 1
556: 0 1
557: 36 1
558: 0 1
559: 36 1
560: 0 1
561: 34 1
562: 0 1
563: 36 1
564: 0 1
565: 35 1
566: 0 1
567: 33 1
568: 0 1
569: 35 1
570: 0 1
571: 35 1
572: 0 1
573: 35 1
574: 0 1
575: 36 1
576: 0 1
577: 36 1
578: 0 1
579: 35 1
580: 0 1
581: 35 1
582: 0 1
583: 36 1
584: 0 1
585: 35 1
586: 0 1
587: 35 1
588: 0 1
589: 36 1
590: 0 1
591: 35 1
592: 0 1
593: 35 1
594: 0 1
595: 35 1
596: 0 1
597: 36 1
598: 35 1
599: 0 1
600: 35 1
601: 0 1
602: 35 1
603: 0 1
604: 36 1
605: 0 1
606: 36 1
607: 0 1
608: 35 1
609: 0 1
610: 36 1
611: 0 1
612: 35 1
613: 0 1
614: 36 1
615: 0 1
616: 35 1
617: 35 1
618: 0 1
619: 35 1
620: 0 1
621: 35 1
622: 0 1
623: 37 1
624: 0 1
625: 35 1
626: 0 1
627: 35 1
628: 0 1
629: 36 1
630: 0 1
631: 35 1
632: 0 1
633: 35 1
634: 0 1
635: 34 1
636: 0 1
637: 35 1
638: 0 1
639: 36 1
640: 0 1
641: 35 1
642: 0 1
643: 36 1
644: 0 1
645: 36 1
646: 0 1
647: 35 1
648: 0 1
649: 0 1
650: 35 1
651: 0 1
652: 36 1
653: 0 1
654: 34 1
655: 0 1
656: 35 1
657: 0 1
658: 35 1
659: 0 1
660: 36 1
661: 0 1
662: 36 1
663: 0 1
664: 34 1
665: 0 1
666: 36 1
667: 0 1
668: 36 1
669: 0 1
670: 35 1
671: 0 1
672: 35 1
673: 0 1
674: 37 1
675: 0 1
676: 36 1
677: 0 1
678: 37 1
679: 0 1
680: 36 1
681: 0 1
682: 35 1
683: 0 1
684: 37 1
685: 0 1
686: 37 1
687: 0 1
688: 36 1
689: 0 1
690: 36 1
691: 35 1
692: 0 1
693: 35 1
694: 0 1
695: 36 1
696: 0 1
697: 37 1
698: 0 1
699: 37 1
700: 0 1
701: 35 1
702: 0 1
703: 36 1
704: 0 1
705: 34 1
706: 0 1
707: 33 1
708: 0 1
709: 34 1
710: 0 1
711: 35 1
712: 0 1
713: 35 1
714: 0 1
715: 35 1
716: 0 1
717: 35 1
718: 0 1
719: 36 1
720: 0 0
721: 0 0
722: 0 0
723: 0 0
724: 36 0
725: 34 0
726: 34 0
727: 37 0
728: 34 0
729: 0 0
730: 0 0
731: 0 0
732: 0 0
733: 0 0
734: 35 0
735: 37 0
736: 35 0
737: 36 0
738: 35 0
739: 0 0
740: 0 0
741: 0 0
742: 0 0
743: 0 0
744: 35 0
745: 36 0
746: 33 0
747: 36 0
748: 37 0
749: 0 0
750: 0 0
751: 0 0
752: 0 0
753: 0 0
754: 39 0
755: 35 0
756: 36 0
757: 35 0
758: 34 0
759: 0 0
760: 0 0
761: 0 0
762: 0 0
763: 0 0
764: 39 0
765: 35 0
766: 34 0
767: 36 0
768: 35 0
769: 35 0
770: 0 0
771: 0 0
772: 0 0
773: 0 0
774: 0 0
775: 37 0
776: 36 0
777: 35 0
778: 35 0
779: 34 0
780: 0 0
781: 0 0
782: 0 0
783: 0 0
784: 0 0
785: 35 0
786: 36 0
787: 33 0
788: 37 0
789: 35 0
790: 0 0
791: 0 0
792: 0 0
793: 0 0
794: 0 0
795: 36 0
796: 35 0
797: 35 0
798: 36 0
799: 36 0
800: 0 0
801: 0 0
802: 0 0
803: 0 0
804: 0 0
805: 37 0
806: 35 0
807: 35 0
808: 35 0
809: 36 0
810: 35 0
811: 0 0
812: 0 0
813: 0 0
814: 0 0
815: 0 0
816: 37 0
817: 34 0
818: 36 0
819: 34 0
820: 36 0
821: 34 0
822: 34 0
823: 0 1
824: 37 1
825: 0 1
826: 35 1
827: 0 1
828: 34 1
829: 0 1
830: 33 1
831: 0 1
832: 35 1
833: 0 1
834: 36 1
835: 0 1
836: 37 1
837: 0 1
838: 37 1
839: 0 1
840: 36 1
841: 0 1
842: 37 1
843: 0 1
844: 0 1
845: 34 1
846: 0 1
847: 33 1
848: 0 1
849: 33 1
850: 0 1
851: 35 1
852: 0 1
853: 36 1
854: 0 1
855: 36 1
856: 0 1
857: 34 1
858: 0 1
859: 36 1
860: 0 1
861: 36 1
862: 0 1
863: 35 1
864: 0 1
865: 35 1
866: 0 1
867: 37 1
868: 0 1
869: 37 1
870: 0 1
871: 37 1
872: 0 1
873: 37 1
874: 0 1
875: 37 1
876: 0 1
877: 36 1
878: 0 1
879: 37 1
880: 0 1
881: 35 1
882: 0 1
883: 35 1
884: 0 1
885: 0 1
886: 36 1
887: 0 1
888: 37 1
889: 0 1
890: 37 1
891: 0 1
892: 37 1
893: 0 1
894: 36 1
895: 0 1
896: 35 1
897: 0 1
898: 37 1
899: 0 1
900: 36 1
901: 0 1
902: 36 1
903: 0 1
904: 36 1
905: 0 1
906: 34 1
907: 0 1
908: 35 1
909: 0 1
910: 34 1
911: 0 1
912: 37 1
913: 0 1
914: 36 1
915: 0 1
916: 35 1
917: 0 1
918: 37 1
919: 0 1
920: 37 1
921: 0 1
922: 37 1
923: 0 1
924: 37 1
925: 36 1
926: 0 0
927: 36 0
928: 37 0
929: 35 0
930: 35 0
931: 35 0
932: 0 0
933: 0 0
934: 0 0
935: 0 0
936: 0 0
937: 37 0
938: 35 0
939: 35 0
940: 34 0
941: 35 0
942: 0 0
943: 0 0
944: 0 0
945: 0 0
946: 0 0
947: 0 0
948: 36 0
949: 35 0
950: 36 0
951: 35 0
952: 35 0
953: 0 0
954: 0 0
955: 0 0
956: 0 0
957: 0 0
958: 36 0
959: 35 0
960: 36 0
961: 35 0
962: 36 0
963: 0 0
964: 0 0
965: 0 0
966: 0 0
967: 0 0
968: 36 0
969: 35 0
970: 35 0
971: 35 0
972: 35 0
973: 0 0
974: 0 0
975: 0 0
976: 0 0
977: 0 0
978: 37 0
979: 36 0
980: 35 0
981: 34 0
982: 35 0
983: 0 0
984: 0 0
985: 0 0
986: 0 0
987: 0 0
988: 0 0
989: 36 0
990: 35 0
991: 35 0
992: 35 0
993: 35 0
994: 0 0
995: 0 0
996: 0 0
997: 0 0
998: 0 0
999: 37 0
1000: 37 0
