1: 648 1
2: 642 1
3: 646 1
4: 715 1
5: 647 1
6: 715 1
7: 645 1
8: 715 1
9: 646 1
10: 715 1
11: 645 1
12: 717 1
13: 647 1
14: 717 1
15: 648 1
16: 717 1
17: 647 1
18: 718 1
19: 648 1
20: 719 1
21: 645 1
22: 720 1
23: 647 1
24: 722 1
25: 651 1
26: 716 1
27: 644 1
28: 716 1
29: 647 1
30: 715 1
31: 645 1
32: 716 1
33: 643 1
34: 716 1
35: 644 1
36: 716 1
37: 643 1
38: 715 1
39: 644 1
40: 715 1
41: 644 1
42: 715 1
43: 645 1
44: 715 1
45: 644 1
46: 716 1
47: 643 1
48: 718 1
49: 643 1
50: 716 1
51: 642 1
52: 645 1
53: 715 1
54: 644 1
55: 716 1
56: 644 1
57: 716 1
58: 643 1
59: 716 1
60: 645 1
61: 715 1
62: 646 1
63: 714 1
64: 645 1
65: 715 1
66: 645 1
67: 715 1
68: 645 1
69: 715 1
70: 644 1
71: 716 1
72: 644 1
73: 716 1
74: 645 1
75: 716 1
76: 645 1
77: 714 1
78: 646 1
79: 714 1
80: 645 1
81: 715 1
82: 644 1
83: 715 1
84: 644 1
85: 716 1
86: 643 1
87: 715 1
88: 643 1
89: 716 1
90: 644 1
91: 715 1
92: 644 1
93: 714 1
94: 644 1
95: 714 1
96: 644 1
97: 715 1
98: 645 1
99: 715 1
100: 642 1
101: 716 1
102: 644 1
103: 644 1
104: 644 1
105: 716 1
106: 644 1
107: 715 1
108: 645 1
109: 716 1
110: 643 1
111: 716 1
112: 644 1
113: 715 1
114: 644 1
115: 716 1
116: 644 1
117: 715 1
118: 644 1
119: 716 1
120: 644 1
121: 715 1
122: 644 1
123: 716 1
124: 644 1
125: 716 1
126: 645 1
127: 715 1
128: 644 1
129: 716 1
130: 644 1
131: 714 1
132: 644 1
133: 716 1
134: 643 1
135: 715 1
136: 645 1
137: 715 1
138: 643 1
139: 716 1
140: 644 1
141: 714 1
142: 644 1
143: 716 1
144: 643 1
145: 714 1
146: 645 1
147: 715 1
148: 644 1
149: 715 1
150: 644 1
151: 715 1
152: 644 1
153: 716 1
154: 644 1
155: 714 1
156: 644 1
157: 716 1
158: 644 1
159: 714 1
160: 644 1
161: 715 1
162: 643 1
163: 715 1
164: 644 1
165: 715 1
166: 643 1
167: 716 1
168: 645 1
169: 714 1
170: 644 1
171: 715 1
172: 643 1
173: 714 1
174: 644 1
175: 715 1
176: 643 1
177: 642 1
178: 716 1
179: 642 1
180: 715 1
181: 642 1
182: 715 1
183: 642 1
184: 0 1
185: 32 1
186: 0 1
187: 0 1
188: 34 1
189: 0 1
190: 32 1
191: 0 1
192: 33 1
193: 0 1
194: 33 1
195: 0 1
196: 33 1
197: 0 1
198: 32 1
199: 0 1
200: 33 1
201: 0 1
202: 31 1
203: 33 0
204: 0 0
205: 0 0
206: 0 0
207: 0 0
208: 0 0
209: 33 0
210: 31 0
211: 33 0
212: 33 0
213: 32 0
214: 0 0
215: 0 0
216: 0 0
217: 0 0
218: 0 0
219: 32 0
220: 32 0
221: 32 0
222: 31 0
223: 32 0
224: 0 0
225: 0 0
226: 0 0
227: 0 0
228: 0 0
229: 33 0
230: 33 0
231: 31 0
232: 32 0
233: 33 0
234: 0 0
235: 0 0
236: 0 0
237: 0 0
238: 0 0
239: 34 0
240: 32 0
241: 33 0
242: 32 0
243: 31 0
244: 0 0
245: 0 0
246: 0 0
247: 0 0
248: 0 0
249: 0 0
250: 32 0
251: 33 0
252: 31 0
253: 32 0
254: 33 0
255: 0 0
256: 0 0
257: 0 0
258: 0 0
259: 0 0
260: 33 0
261: 32 0
262: 33 0
263: 32 0
264: 33 0
265: 0 0
266: 0 0
267: 0 0
268: 0 0
269: 0 0
270: 33 0
271: 31 0
272: 32 0
273: 31 0
274: 32 0
275: 0 0
276: 0 0
277: 0 0
278: 0 0
279: 0 0
280: 32 0
281: 33 0
282: 33 0
283: 33 0
284: 33 0
285: 0 0
286: 0 0
287: 0 0
288: 0 0
289: 0 0
290: 0 0
291: 33 0
292: 33 0
293: 33 0
294: 33 0
295: 32 0
296: 0 0
297: 0 0
298: 0 0
299: 0 0
300: 0 0
301: 32 0
302: 33 0
303: 33 0
304: 31 0
305: 33 0
306: 32 0
307: 33 0
308: 32 0
309: 33 0
310: 32 0
311: 0 0
312: 0 0
313: 0 0
314: 0 0
315: 0 0
316: 0 0
317: 33 0
318: 33 0
319: 33 0
320: 33 0
321: 31 0
322: 0 0
323: 0 0
324: 0 0
325: 0 0
326: 0 0
327: 33 0
328: 33 0
329: 31 0
330: 33 0
331: 33 0
332: 0 0
333: 0 0
334: 0 0
335: 0 0
336: 0 0
337: 35 0
338: 33 0
339: 33 0
340: 32 0
341: 33 0
342: 0 0
343: 0 0
344: 0 0
345: 0 0
346: 0 0
347: 34 0
348: 33 0
349: 33 0
350: 32 0
351: 31 0
352: 0 0
353: 0 0
354: 0 0
355: 0 0
356: 0 0
357: 0 0
358: 33 0
359: 32 0
360: 34 0
361: 32 0
362: 33 0
363: 0 0
364: 0 0
365: 0 0
366: 0 0
367: 0 0
368: 33 0
369: 33 0
370: 33 0
371: 34 0
372: 33 0
373: 0 0
374: 0 0
375: 0 0
376: 0 0
377: 0 0
378: 33 0
379: 35 0
380: 32 0
381: 33 0
382: 34 0
383: 0 0
384: 0 0
385: 0 0
386: 0 0
387: 0 0
388: 33 0
389: 33 0
390: 33 0
391: 32 0
392: 33 0
393: 0 0
394: 0 0
395: 0 0
396: 0 0
397: 0 0
398: 0 0
399: 33 0
400: 33 0
401: 33 0
402: 34 0
403: 32 0
404: 32 0
405: 33 0
406: 32 0
407: 34 0
408: 33 0
409: 0 0
410: 0 0
411: 0 0
412: 0 0
413: 0 0
414: 32 0
415: 33 0
416: 33 0
417: 33 0
418: 33 0
419: 0 0
420: 0 0
421: 0 0
422: 0 0
423: 0 0
424: 33 0
425: 32 0
426: 33 0
427: 33 0
428: 33 0
429: 0 0
430: 0 0
431: 0 0
432: 0 0
433: 0 0
434: 35 0
435: 33 0
436: 33 0
437: 33 0
438: 33 0
439: 0 0
440: 0 0
441: 0 0
442: 0 0
443: 0 0
444: 0 0
445: 33 0
446: 32 0
447: 33 0
448: 32 0
449: 31 0
450: 0 0
451: 0 0
452: 0 0
453: 0 0
454: 0 0
455: 34 0
456: 33 0
457: 32 0
458: 33 0
459: 32 0
460: 0 0
461: 0 0
462: 0 0
463: 0 0
464: 0 0
465: 33 0
466: 33 0
467: 33 0
468: 33 0
469: 33 0
470: 0 0
471: 0 0
472: 0 0
473: 0 0
474: 0 0
475: 35 0
476: 33 0
477: 34 0
478: 32 0
479: 34 0
480: 0 0
481: 0 0
482: 0 0
483: 0 0
484: 0 0
485: 0 0
486: 33 0
487: 33 0
488: 33 0
489: 32 0
490: 32 0
491: 0 0
492: 0 0
493: 0 0
494: 0 0
495: 0 0
496: 33 0
497: 32 0
498: 33 0
499: 33 0
500: 32 0
501: 0 0
502: 0 0
503: 0 0
504: 0 0
505: 0 0
506: 32 0
507: 33 0
508: 33 0
509: 31 0
510: 32 0
511: 0 1
512: 33 1
513: 0 1
514: 33 1
515: 0 1
516: 33 1
517: 0 1
518: 32 1
519: 0 1
520: 33 1
521: 0 1
522: 33 1
523: 0 1
524: 34 1
525: 0 1
526: 33 1
527: 0 1
528: 35 1
529: 0 1
530: 35 1
531: 0 1
532: 33 1
533: 0 1
534: 34 1
535: 0 1
536: 33 1
537: 0 1
538: 33 1
539: 0 1
540: 34 1
541: 33 1
542: 0 1
543: 34 1
544: 0 1
545: 33 1
546: 0 1
547: 33 1
548: 0 1
549: 34 1
550: 0 1
551: 33 1
552: 0 1
553: 33 1
554: 0 1
555: 33 1
556: 0 1
557: 32 1
558: 0 1
559: 33 1
560: 0 1
561: 33 1
562: 0 1
563: 33 1
564: 0 1
565: 33 1
566: 0 1
567: 33 1
568: 0 1
569: 33 1
570: 0 1
571: 33 1
572: 0 1
573: 32 1
574: 0 1
575: 33 1
576: 0 1
577: 35 1
578: 0 1
579: 35 1
580: 0 1
581: 34 1
582: 0 1
583: 35 1
584: 33 1
585: 0 1
586: 33 1
587: 0 1
588: 34 1
589: 0 1
590: 33 1
591: 0 1
592: 33 1
593: 0 1
594: 34 1
595: 0 1
596: 33 1
597: 0 1
598: 33 1
599: 0 1
600: 33 1
601: 0 1
602: 33 1
603: 0 1
604: 33 1
605: 0 1
606: 33 1
607: 0 1
608: 33 1
609: 0 1
610: 33 1
611: 0 1
612: 33 1
613: 33 1
614: 0 1
615: 33 1
616: 0 1
617: 34 1
618: 0 1
619: 33 1
620: 0 1
621: 33 1
622: 0 1
623: 32 1
624: 0 1
625: 34 1
626: 0 1
627: 32 1
628: 0 1
629: 33 1
630: 0 1
631: 33 1
632: 0 1
633: 34 1
634: 33 1
635: 0 1
636: 32 1
637: 0 1
638: 33 1
639: 0 1
640: 33 1
641: 0 1
642: 33 1
643: 0 1
644: 33 1
645: 0 1
646: 33 1
647: 0 1
648: 32 1
649: 0 1
650: 34 1
651: 0 1
652: 33 1
653: 0 1
654: 33 1
655: 0 1
656: 33 1
657: 0 1
658: 35 1
659: 0 1
660: 34 1
661: 0 1
662: 33 1
663: 0 1
664: 35 1
665: 0 1
666: 34 1
667: 0 1
668: 34 1
669: 0 1
670: 33 1
671: 0 1
672: 33 1
673: 0 1
674: 33 1
675: 0 1
676: 33 1
677: 35 1
678: 0 1
679: 34 1
680: 0 1
681: 33 1
682: 0 1
683: 34 1
684: 0 1
685: 33 1
686: 0 1
687: 32 1
688: 0 1
689: 32 1
690: 0 1
691: 33 1
692: 0 1
693: 33 1
694: 0 1
695: 33 1
696: 0 1
697: 33 1
698: 0 1
699: 33 1
700: 0 1
701: 34 1
702: 0 1
703: 32 1
704: 0 1
705: 35 1
706: 0 1
707: 33 1
708: 0 1
709: 34 1
710: 0 1
711: 34 1
712: 0 1
713: 34 1
714: 0 1
715: 35 1
716: 33 0
717: 0 0
718: 33 0
719: 32 0
720: 34 0
721: 33 0
722: 33 0
723: 0 0
724: 0 0
725: 0 0
726: 0 0
727: 0 0
728: 34 0
729: 32 0
730: 32 0
731: 33 0
732: 32 0
733: 0 0
734: 0 0
735: 0 0
736: 0 0
737: 0 0
738: 0 0
739: 32 0
740: 33 0
741: 34 0
742: 33 0
743: 33 0
744: 0 0
745: 0 0
746: 0 0
747: 0 0
748: 0 0
749: 35 0
750: 34 0
751: 34 0
752: 33 0
753: 32 0
754: 0 0
755: 0 0
756: 0 0
757: 0 0
758: 0 0
759: 33 0
760: 33 0
761: 33 0
762: 35 0
763: 32 0
764: 0 0
765: 0 0
766: 0 0
767: 0 0
768: 0 0
769: 34 0
770: 33 0
771: 33 0
772: 33 0
773: 35 0
774: 0 0
775: 0 0
776: 0 0
777: 0 0
778: 0 0
779: 0 0
780: 32 0
781: 33 0
782: 32 0
783: 33 0
784: 34 0
785: 0 0
786: 0 0
787: 0 0
788: 0 0
789: 0 0
790: 33 0
791: 33 0
792: 34 0
793: 33 0
794: 33 0
795: 0 0
796: 0 0
797: 0 0
798: 0 0
799: 0 0
800: 33 0
801: 33 0
802: 33 0
803: 34 0
804: 32 0
805: 0 0
806: 0 0
807: 0 0
808: 0 0
809: 0 0
810: 33 0
811: 34 0
812: 34 0
813: 33 0
814: 33 0
815: 34 0
816: 31 0
817: 33 0
818: 33 0
819: 0 1
820: 33 1
821: 0 1
822: 33 1
823: 0 1
824: 34 1
825: 0 1
826: 34 1
827: 0 1
828: 33 1
829: 0 1
830: 35 1
831: 33 1
832: 0 1
833: 33 1
834: 0 1
835: 35 1
836: 0 1
837: 33 1
838: 0 1
839: 33 1
840: 0 1
841: 33 1
842: 0 1
843: 33 1
844: 0 1
845: 33 1
846: 0 1
847: 33 1
848: 0 1
849: 33 1
850: 0 1
851: 34 1
852: 0 1
853: 32 1
854: 0 1
855: 35 1
856: 0 1
857: 35 1
858: 0 1
859: 33 1
860: 0 1
861: 34 1
862: 0 1
863: 34 1
864: 0 1
865: 33 1
866: 0 1
867: 35 1
868: 0 1
869: 35 1
870: 0 1
871: 34 1
872: 0 1
873: 0 1
874: 33 1
875: 0 1
876: 32 1
877: 0 1
878: 33 1
879: 0 1
880: 32 1
881: 0 1
882: 33 1
883: 0 1
884: 34 1
885: 0 1
886: 34 1
887: 0 1
888: 34 1
889: 0 1
890: 34 1
891: 0 1
892: 33 1
893: 0 1
894: 34 1
895: 0 1
896: 34 1
897: 0 1
898: 32 1
899: 0 1
900: 32 1
901: 0 1
902: 33 1
903: 0 1
904: 32 1
905: 0 1
906: 33 1
907: 0 1
908: 32 1
909: 0 1
910: 33 1
911: 0 1
912: 33 1
913: 0 1
914: 33 1
915: 0 1
916: 0 1
917: 32 1
918: 0 1
919: 32 1
920: 0 1
921: 32 1
922: 0 0
923: 32 0
924: 33 0
925: 31 0
926: 31 0
927: 33 0
928: 0 0
929: 0 0
930: 0 0
931: 0 0
932: 0 0
933: 0 0
934: 33 0
935: 33 0
936: 32 0
937: 33 0
938: 33 0
939: 0 0
940: 0 0
941: 0 0
942: 0 0
943: 0 0
944: 33 0
945: 33 0
946: 32 0
947: 32 0
948: 32 0
949: 0 0
950: 0 0
951: 0 0
952: 0 0
953: 0 0
954: 34 0
955: 32 0
956: 34 0
957: 32 0
958: 34 0
959: 0 0
960: 0 0
961: 0 0
962: 0 0
963: 0 0
964: 35 0
965: 33 0
966: 33 0
967: 33 0
968: 33 0
969: 0 0
970: 0 0
971: 0 0
972: 0 0
973: 0 0
974: 0 0
975: 33 0
976: 33 0
977: 34 0
978: 33 0
979: 33 0
980: 0 0
981: 0 0
982: 0 0
983: 0 0
984: 0 0
985: 34 0
986: 33 0
987: 32 0
988: 33 0
989: 33 0
990: 0 0
991: 0 0
992: 0 0
993: 0 0
994: 0 0
995: 33 0
996: 34 0
997: 33 0
998: 33 0
999: 33 0
1000: 0 0
