1: 644 1
2: 651 1
3: 646 1
4: 719 1
5: 645 1
6: 716 1
7: 644 1
8: 715 1
9: 647 1
10: 716 1
11: 648 1
12: 719 1
13: 646 1
14: 719 1
15: 648 1
16: 720 1
17: 649 1
18: 718 1
19: 646 1
20: 718 1
21: 645 1
22: 719 1
23: 644 1
24: 717 1
25: 644 1
26: 717 1
27: 643 1
28: 716 1
29: 645 1
30: 719 1
31: 646 1
32: 717 1
33: 643 1
34: 716 1
35: 645 1
36: 720 1
37: 647 1
38: 718 1
39: 646 1
40: 716 1
41: 645 1
42: 716 1
43: 648 1
44: 718 1
45: 645 1
46: 716 1
47: 645 1
48: 718 1
49: 646 1
50: 647 1
51: 720 1
52: 647 1
53: 717 1
54: 645 1
55: 719 1
56: 647 1
57: 716 1
58: 644 1
59: 718 1
60: 647 1
61: 716 1
62: 646 1
63: 720 1
64: 646 1
65: 720 1
66: 646 1
67: 717 1
68: 645 1
69: 717 1
70: 647 1
71: 721 1
72: 647 1
73: 720 1
74: 645 1
75: 717 1
76: 645 1
77: 721 1
78: 646 1
79: 720 1
80: 647 1
81: 717 1
82: 644 1
83: 720 1
84: 648 1
85: 718 1
86: 645 1
87: 716 1
88: 643 1
89: 715 1
90: 645 1
91: 716 1
92: 643 1
93: 715 1
94: 644 1
95: 717 1
96: 646 1
97: 721 1
98: 647 1
99: 719 1
100: 644 1
101: 718 1
102: 644 1
103: 646 0
104: 720 0
105: 643 0
106: 644 0
107: 643 0
108: 643 0
109: 642 0
110: 718 0
111: 720 0
112: 719 0
113: 717 0
114: 715 0
115: 641 0
116: 644 0
117: 645 0
118: 643 0
119: 644 0
120: 716 0
121: 718 0
122: 717 0
123: 718 0
124: 719 0
125: 647 0
126: 648 0
127: 646 0
128: 645 0
129: 645 0
130: 718 0
131: 716 0
132: 717 0
133: 715 0
134: 714 0
135: 643 0
136: 643 0
137: 647 0
138: 647 0
139: 644 0
140: 716 0
141: 715 0
142: 715 0
143: 718 0
144: 722 0
145: 647 0
146: 646 0
147: 646 0
148: 645 0
149: 644 0
150: 720 0
151: 719 0
152: 716 0
153: 718 0
154: 719 0
155: 645 0
156: 645 0
157: 648 0
158: 646 0
159: 645 0
160: 717 0
161: 716 0
162: 717 0
163: 720 0
164: 642 0
165: 644 0
166: 646 0
167: 645 0
168: 644 0
169: 718 0
170: 720 0
171: 718 0
172: 719 0
173: 717 0
174: 644 0
175: 645 0
176: 646 0
177: 647 0
178: 646 0
179: 720 0
180: 718 0
181: 721 0
182: 717 0
183: 719 0
184: 646 0
185: 647 0
186: 646 0
187: 644 0
188: 644 0
189: 717 0
190: 718 0
191: 718 0
192: 718 0
193: 716 0
194: 644 0
195: 644 0
196: 645 0
197: 646 0
198: 644 0
199: 644 0
200: 644 0
201: 644 0
202: 644 0
203: 719 1
204: 649 1
205: 718 1
206: 647 1
207: 718 1
208: 645 1
209: 718 1
210: 648 1
211: 717 1
212: 644 1
213: 718 1
214: 642 1
215: 715 1
216: 646 1
217: 719 1
218: 646 1
219: 718 1
220: 644 1
221: 715 1
222: 643 1
223: 718 1
224: 643 1
225: 716 1
226: 643 1
227: 717 1
228: 646 1
229: 719 1
230: 648 1
231: 720 1
232: 646 1
233: 718 1
234: 646 1
235: 718 1
236: 647 1
237: 717 1
238: 646 1
239: 716 1
240: 644 1
241: 0 1
242: 32 1
243: 0 1
244: 31 1
245: 0 1
246: 33 1
247: 0 1
248: 34 1
249: 0 1
250: 33 1
251: 0 1
252: 33 1
253: 0 1
254: 33 1
255: 0 1
256: 35 1
257: 0 1
258: 35 1
259: 0 1
260: 36 1
261: 0 1
262: 35 1
263: 0 1
264: 35 1
265: 0 1
266: 35 1
267: 0 1
268: 33 1
269: 0 1
270: 34 1
271: 0 1
272: 35 1
273: 0 1
274: 33 1
275: 0 1
276: 35 1
277: 0 1
278: 35 1
279: 0 1
280: 0 1
281: 33 1
282: 0 1
283: 34 1
284: 0 1
285: 35 1
286: 0 1
287: 34 1
288: 0 1
289: 33 1
290: 0 1
291: 33 1
292: 0 1
293: 32 1
294: 0 1
295: 33 1
296: 0 1
297: 34 1
298: 0 1
299: 33 1
300: 0 1
301: 33 1
302: 0 1
303: 32 1
304: 0 1
305: 32 1
306: 0 1
307: 32 1
308: 0 1
309: 32 1
310: 0 1
311: 33 1
312: 0 1
313: 33 1
314: 0 1
315: 34 1
316: 0 1
317: 34 1
318: 0 1
319: 34 1
320: 0 1
321: 33 1
322: 0 1
323: 35 1
324: 0 1
325: 35 1
326: 0 1
327: 0 1
328: 33 1
329: 0 1
330: 33 1
331: 0 1
332: 33 1
333: 0 1
334: 33 1
335: 0 1
336: 34 1
337: 0 1
338: 33 1
339: 0 1
340: 33 1
341: 0 1
342: 34 1
343: 0 1
344: 33 1
345: 0 1
346: 36 1
347: 0 1
348: 35 1
349: 0 1
350: 35 1
351: 0 1
352: 35 1
353: 0 1
354: 35 1
355: 0 1
356: 35 1
357: 0 1
358: 34 1
359: 0 1
360: 36 1
361: 0 1
362: 36 1
363: 0 1
364: 34 1
365: 0 1
366: 35 1
367: 0 1
368: 34 1
369: 34 1
370: 0 1
371: 33 1
372: 0 1
373: 34 1
374: 0 1
375: 35 1
376: 0 1
377: 35 1
378: 0 1
379: 34 1
380: 0 1
381: 34 1
382: 0 1
383: 34 1
384: 0 1
385: 34 1
386: 0 1
387: 35 1
388: 0 1
389: 34 1
390: 0 1
391: 33 1
392: 0 1
393: 33 1
394: 0 1
395: 34 1
396: 0 1
397: 34 1
398: 0 1
399: 34 1
400: 0 1
401: 35 1
402: 0 1
403: 35 1
404: 0 1
405: 34 1
406: 34 1
407: 0 1
408: 32 1
409: 0 1
410: 33 1
411: 0 1
412: 33 1
413: 0 1
414: 33 1
415: 0 1
416: 33 1
417: 0 1
418: 32 1
419: 0 1
420: 34 1
421: 0 1
422: 35 1
423: 0 1
424: 32 1
425: 0 1
426: 33 1
427: 0 1
428: 36 1
429: 0 1
430: 0 1
431: 34 1
432: 0 1
433: 34 1
434: 0 1
435: 33 1
436: 0 1
437: 34 1
438: 0 1
439: 33 1
440: 0 1
441: 33 1
442: 0 1
443: 32 1
444: 0 1
445: 32 1
446: 0 1
447: 33 1
448: 0 1
449: 34 1
450: 0 1
451: 33 1
452: 0 1
453: 33 1
454: 0 1
455: 33 1
456: 0 1
457: 33 1
458: 0 1
459: 33 1
460: 0 1
461: 33 1
462: 0 1
463: 33 1
464: 0 1
465: 33 1
466: 0 1
467: 34 1
468: 0 1
469: 34 1
470: 0 1
471: 35 1
472: 33 1
473: 0 1
474: 33 1
475: 0 1
476: 33 1
477: 0 1
478: 33 1
479: 0 1
480: 33 1
481: 0 1
482: 34 1
483: 0 1
484: 33 1
485: 0 1
486: 34 1
487: 0 1
488: 34 1
489: 0 1
490: 34 1
491: 0 1
492: 35 1
493: 0 1
494: 33 1
495: 0 1
496: 33 1
497: 0 1
498: 34 1
499: 0 1
500: 33 1
501: 0 1
502: 35 1
503: 0 1
504: 33 1
505: 0 1
506: 34 1
507: 0 1
508: 35 1
509: 34 0
510: 0 0
511: 35 0
512: 35 0
513: 33 0
514: 32 0
515: 32 0
516: 0 0
517: 0 0
518: 0 0
519: 0 0
520: 0 0
521: 34 0
522: 35 0
523: 33 0
524: 33 0
525: 33 0
526: 0 0
527: 0 0
528: 0 0
529: 0 0
530: 0 0
531: 0 0
532: 35 0
533: 33 0
534: 35 0
535: 34 0
536: 33 0
537: 0 0
538: 0 0
539: 0 0
540: 0 0
541: 0 0
542: 35 0
543: 34 0
544: 34 0
545: 33 0
546: 33 0
547: 0 0
548: 0 0
549: 0 0
550: 0 0
551: 0 0
552: 33 0
553: 33 0
554: 33 0
555: 33 0
556: 34 0
557: 0 0
558: 0 0
559: 0 0
560: 0 0
561: 0 0
562: 35 0
563: 34 0
564: 33 0
565: 33 0
566: 35 0
567: 0 0
568: 0 0
569: 0 0
570: 0 0
571: 0 0
572: 0 0
573: 33 0
574: 34 0
575: 32 0
576: 35 0
577: 32 0
578: 0 0
579: 0 0
580: 0 0
581: 0 0
582: 0 0
583: 34 0
584: 33 0
585: 34 0
586: 32 0
587: 33 0
588: 0 0
589: 0 0
590: 0 0
591: 0 0
592: 0 0
593: 35 0
594: 33 0
595: 32 0
596: 34 0
597: 32 0
598: 0 0
599: 0 0
600: 0 0
601: 0 0
602: 0 0
603: 35 0
604: 33 0
605: 33 0
606: 33 0
607: 34 0
608: 35 0
609: 32 0
610: 34 0
611: 33 0
612: 0 0
613: 0 0
614: 0 0
615: 0 0
616: 0 0
617: 35 0
618: 33 0
619: 33 0
620: 33 0
621: 33 0
622: 0 0
623: 0 0
624: 0 0
625: 0 0
626: 0 0
627: 0 0
628: 33 0
629: 32 0
630: 33 0
631: 33 0
632: 33 0
633: 0 0
634: 0 0
635: 0 0
636: 0 0
637: 0 0
638: 34 0
639: 34 0
640: 34 0
641: 34 0
642: 34 0
643: 0 0
644: 0 0
645: 0 0
646: 0 0
647: 0 0
648: 33 0
649: 34 0
650: 32 0
651: 34 0
652: 33 0
653: 0 0
654: 0 0
655: 0 0
656: 0 0
657: 0 0
658: 35 0
659: 33 0
660: 33 0
661: 33 0
662: 33 0
663: 0 0
664: 0 0
665: 0 0
666: 0 0
667: 0 0
668: 0 0
669: 34 0
670: 34 0
671: 34 0
672: 33 0
673: 35 0
674: 0 0
675: 0 0
676: 0 0
677: 0 0
678: 0 0
679: 34 0
680: 33 0
681: 35 0
682: 32 0
683: 33 0
684: 0 0
685: 0 0
686: 0 0
687: 0 0
688: 0 0
689: 33 0
690: 32 0
691: 34 0
692: 32 0
693: 34 0
694: 0 0
695: 0 0
696: 0 0
697: 0 0
698: 0 0
699: 35 0
700: 34 0
701: 34 0
702: 33 0
703: 32 0
704: 0 0
705: 0 0
706: 0 0
707: 0 0
708: 0 0
709: 0 0
710: 33 0
711: 34 0
712: 33 0
713: 34 0
714: 33 0
715: 33 0
716: 34 0
717: 35 0
718: 35 0
719: 34 0
720: 0 0
721: 0 0
722: 0 0
723: 0 0
724: 0 0
725: 0 0
726: 34 0
727: 34 0
728: 33 0
729: 35 0
730: 34 0
731: 0 0
732: 0 0
733: 0 0
734: 0 0
735: 0 0
736: 35 0
737: 33 0
738: 32 0
739: 35 0
740: 32 0
741: 0 0
742: 0 0
743: 0 0
744: 0 0
745: 0 0
746: 35 0
747: 34 0
748: 32 0
749: 34 0
750: 32 0
751: 0 0
752: 0 0
753: 0 0
754: 0 0
755: 0 0
756: 35 0
757: 35 0
758: 33 0
759: 31 0
760: 31 0
761: 0 0
762: 0 0
763: 0 0
764: 0 0
765: 0 0
766: 0 0
767: 34 0
768: 33 0
769: 33 0
770: 33 0
771: 34 0
772: 0 0
773: 0 0
774: 0 0
775: 0 0
776: 0 0
777: 33 0
778: 34 0
779: 33 0
780: 32 0
781: 34 0
782: 0 0
783: 0 0
784: 0 0
785: 0 0
786: 0 0
787: 33 0
788: 33 0
789: 33 0
790: 33 0
791: 33 0
792: 0 0
793: 0 0
794: 0 0
795: 0 0
796: 0 0
797: 34 0
798: 35 0
799: 34 0
800: 33 0
801: 32 0
802: 0 0
803: 0 0
804: 0 0
805: 0 0
806: 0 0
807: 0 0
808: 35 0
809: 33 0
810: 35 0
811: 35 0
812: 34 0
813: 33 0
814: 33 0
815: 33 0
816: 35 0
817: 0 0
818: 0 0
819: 0 0
820: 0 0
821: 0 0
822: 0 0
823: 33 0
824: 35 0
825: 34 0
826: 35 0
827: 33 0
828: 0 0
829: 0 0
830: 0 0
831: 0 0
832: 0 0
833: 33 0
834: 33 0
835: 33 0
836: 34 0
837: 32 0
838: 0 0
839: 0 0
840: 0 0
841: 0 0
842: 0 0
843: 35 0
844: 35 0
845: 32 0
846: 33 0
847: 33 0
848: 0 0
849: 0 0
850: 0 0
851: 0 0
852: 0 0
853: 33 0
854: 34 0
855: 32 0
856: 34 0
857: 32 0
858: 0 0
859: 0 0
860: 0 0
861: 0 0
862: 0 0
863: 0 0
864: 33 0
865: 34 0
866: 34 0
867: 34 0
868: 35 0
869: 0 0
870: 0 0
871: 0 0
872: 0 0
873: 0 0
874: 33 0
875: 33 0
876: 34 0
877: 33 0
878: 35 0
879: 0 0
880: 0 0
881: 0 0
882: 0 0
883: 0 0
884: 34 0
885: 32 0
886: 34 0
887: 32 0
888: 33 0
889: 0 0
890: 0 0
891: 0 0
892: 0 0
893: 0 0
894: 35 0
895: 36 0
896: 35 0
897: 33 0
898: 35 0
899: 0 0
900: 0 0
901: 0 0
902: 0 0
903: 0 0
904: 0 0
905: 35 0
906: 33 0
907: 35 0
908: 34 0
909: 32 0
910: 0 0
911: 0 0
912: 0 0
913: 0 0
914: 0 0
915: 34 0
916: 32 0
917: 34 0
918: 34 0
919: 33 0
920: 33 1
921: 0 1
922: 0 1
923: 35 1
924: 0 1
925: 34 1
926: 0 1
927: 34 1
928: 0 1
929: 33 1
930: 0 1
931: 33 1
932: 0 1
933: 34 1
934: 0 1
935: 34 1
936: 0 1
937: 35 1
938: 0 1
939: 34 1
940: 0 1
941: 35 1
942: 0 1
943: 35 1
944: 0 1
945: 35 1
946: 0 1
947: 35 1
948: 0 1
949: 35 1
950: 0 1
951: 34 1
952: 0 1
953: 33 1
954: 0 1
955: 35 1
956: 0 1
957: 35 1
958: 0 1
959: 35 1
960: 0 1
961: 35 1
962: 0 1
963: 0 1
964: 33 1
965: 0 1
966: 33 1
967: 0 1
968: 34 1
969: 0 1
970: 33 1
971: 0 1
972: 34 1
973: 0 1
974: 33 1
975: 0 1
976: 33 1
977: 0 1
978: 35 1
979: 0 1
980: 33 1
981: 0 1
982: 33 1
983: 0 1
984: 34 1
985: 0 1
986: 34 1
987: 0 1
988: 33 1
989: 0 1
990: 33 1
991: 0 1
992: 34 1
993: 0 1
994: 33 1
995: 0 1
996: 35 1
997: 0 1
998: 33 1
999: 0 1
1000: 35 1
