1: 646 1
2: 642 1
3: 644 1
4: 715 1
5: 644 1
6: 715 1
7: 645 1
8: 714 1
9: 644 1
10: 715 1
11: 644 1
12: 715 1
13: 645 1
14: 716 1
15: 644 1
16: 716 1
17: 643 1
18: 716 1
19: 644 1
20: 717 1
21: 645 1
22: 715 1
23: 645 1
24: 716 1
25: 645 1
26: 715 1
27: 644 1
28: 715 1
29: 644 1
30: 715 1
31: 643 1
32: 716 1
33: 644 1
34: 715 1
35: 643 1
36: 715 1
37: 643 1
38: 715 1
39: 644 1
40: 715 1
41: 644 1
42: 715 1
43: 643 1
44: 715 1
45: 644 1
46: 715 1
47: 641 1
48: 716 1
49: 641 1
50: 716 1
51: 715 1
52: 644 1
53: 715 1
54: 644 1
55: 716 1
56: 643 1
57: 715 1
58: 644 1
59: 716 1
60: 644 1
61: 716 1
62: 644 1
63: 714 1
64: 645 1
65: 714 1
66: 644 1
67: 715 1
68: 645 1
69: 715 1
70: 644 1
71: 717 1
72: 642 1
73: 716 1
74: 643 1
75: 715 1
76: 644 1
77: 716 1
78: 645 1
79: 714 1
80: 644 1
81: 714 1
82: 645 1
83: 715 1
84: 644 1
85: 715 1
86: 643 1
87: 715 1
88: 642 1
89: 716 1
90: 643 1
91: 715 1
92: 643 1
93: 715 1
94: 644 1
95: 714 1
96: 644 1
97: 714 1
98: 643 1
99: 715 1
100: 643 1
101: 0 1
102: 32 1
103: 31 0
104: 0 0
105: 31 0
106: 32 0
107: 31 0
108: 32 0
109: 32 0
110: 0 0
111: 0 0
112: 0 0
113: 0 0
114: 0 0
115: 33 0
116: 33 0
117: 31 0
118: 34 0
119: 32 0
120: 0 0
121: 0 0
122: 0 0
123: 0 0
124: 0 0
125: 0 0
126: 33 0
127: 32 0
128: 33 0
129: 32 0
130: 33 0
131: 0 0
132: 0 0
133: 0 0
134: 0 0
135: 0 0
136: 33 0
137: 34 0
138: 33 0
139: 33 0
140: 33 0
141: 0 0
142: 0 0
143: 0 0
144: 0 0
145: 0 0
146: 33 0
147: 34 0
148: 32 0
149: 32 0
150: 33 0
151: 0 0
152: 0 0
153: 0 0
154: 0 0
155: 0 0
156: 34 0
157: 32 0
158: 33 0
159: 33 0
160: 33 0
161: 0 0
162: 0 0
163: 0 0
164: 0 0
165: 0 0
166: 0 0
167: 33 0
168: 33 0
169: 32 0
170: 33 0
171: 33 0
172: 0 0
173: 0 0
174: 0 0
175: 0 0
176: 0 0
177: 34 0
178: 33 0
179: 33 0
180: 33 0
181: 33 0
182: 0 0
183: 0 0
184: 0 0
185: 0 0
186: 0 0
187: 34 0
188: 32 0
189: 32 0
190: 34 0
191: 33 0
192: 0 0
193: 0 0
194: 0 0
195: 0 0
196: 0 0
197: 33 0
198: 33 0
199: 33 0
200: 33 0
201: 33 0
202: 32 0
203: 34 0
204: 33 0
205: 33 0
206: 0 1
207: 33 1
208: 0 1
209: 33 1
210: 0 1
211: 32 1
212: 0 1
213: 33 1
214: 0 1
215: 33 1
216: 0 1
217: 35 1
218: 0 1
219: 0 1
220: 33 1
221: 0 1
222: 33 1
223: 0 1
224: 32 1
225: 0 1
226: 33 1
227: 0 1
228: 32 1
229: 0 1
230: 33 1
231: 0 1
232: 33 1
233: 0 1
234: 33 1
235: 0 1
236: 34 1
237: 0 1
238: 33 1
239: 0 1
240: 33 1
241: 0 1
242: 33 1
243: 0 1
244: 33 1
245: 0 1
246: 33 1
247: 0 1
248: 34 1
249: 0 1
250: 33 1
251: 0 1
252: 34 1
253: 0 1
254: 35 1
255: 0 1
256: 34 1
257: 0 1
258: 35 1
259: 0 1
260: 34 1
261: 33 1
262: 0 1
263: 33 1
264: 0 1
265: 34 1
266: 0 1
267: 33 1
268: 0 1
269: 33 1
270: 0 1
271: 35 1
272: 0 1
273: 34 1
274: 0 1
275: 33 1
276: 0 1
277: 33 1
278: 0 1
279: 32 1
280: 0 1
281: 32 1
282: 0 1
283: 32 1
284: 0 1
285: 34 1
286: 0 1
287: 33 1
288: 0 1
289: 35 1
290: 0 1
291: 34 1
292: 0 1
293: 34 1
294: 0 1
295: 34 1
296: 0 1
297: 34 1
298: 0 1
299: 33 1
300: 0 1
301: 34 1
302: 0 1
303: 0 1
304: 32 1
305: 0 1
306: 32 1
307: 0 1
308: 32 1
309: 34 1
310: 33 1
311: 0 1
312: 33 1
313: 0 1
314: 33 1
315: 0 1
316: 33 1
317: 0 1
318: 33 1
319: 0 1
320: 33 1
321: 0 1
322: 33 1
323: 0 1
324: 33 1
325: 0 1
326: 34 1
327: 0 1
328: 33 1
329: 0 1
330: 32 1
331: 0 1
332: 33 1
333: 0 1
334: 33 1
335: 0 1
336: 33 1
337: 0 1
338: 33 1
339: 0 1
340: 34 1
341: 0 1
342: 34 1
343: 0 1
344: 35 1
345: 0 1
346: 32 1
347: 0 1
348: 33 1
349: 0 1
350: 33 1
351: 0 1
352: 36 1
353: 33 1
354: 0 1
355: 33 1
356: 0 1
357: 33 1
358: 0 1
359: 33 1
360: 0 1
361: 32 1
362: 0 1
363: 34 1
364: 0 1
365: 34 1
366: 0 1
367: 31 1
368: 0 1
369: 33 1
370: 0 1
371: 35 1
372: 0 1
373: 33 1
374: 0 1
375: 33 1
376: 0 1
377: 33 1
378: 0 1
379: 33 1
380: 0 1
381: 33 1
382: 0 1
383: 33 1
384: 0 1
385: 32 1
386: 0 1
387: 33 1
388: 0 1
389: 33 1
390: 0 1
391: 35 1
392: 0 1
393: 33 1
394: 0 1
395: 0 1
396: 33 1
397: 0 1
398: 32 1
399: 0 1
400: 33 1
401: 0 1
402: 33 1
403: 0 1
404: 32 1
405: 0 1
406: 32 1
407: 0 1
408: 32 1
409: 0 1
410: 32 1
411: 0 0
412: 0 0
413: 0 0
414: 0 0
415: 0 0
416: 0 0
417: 33 0
418: 33 0
419: 34 0
420: 33 0
421: 33 0
422: 0 0
423: 0 0
424: 0 0
425: 0 0
426: 0 0
427: 33 0
428: 34 0
429: 33 0
430: 34 0
431: 34 0
432: 0 0
433: 0 0
434: 0 0
435: 0 0
436: 0 0
437: 34 0
438: 33 0
439: 33 0
440: 33 0
441: 33 0
442: 0 0
443: 0 0
444: 0 0
445: 0 0
446: 0 0
447: 35 0
448: 33 0
449: 35 0
450: 33 0
451: 34 0
452: 0 0
453: 0 0
454: 0 0
455: 0 0
456: 0 0
457: 0 0
458: 33 0
459: 34 0
460: 34 0
461: 32 0
462: 33 0
463: 0 0
464: 0 0
465: 0 0
466: 0 0
467: 0 0
468: 34 0
469: 33 0
470: 34 0
471: 33 0
472: 33 0
473: 0 0
474: 0 0
475: 0 0
476: 0 0
477: 0 0
478: 33 0
479: 33 0
480: 33 0
481: 33 0
482: 33 0
483: 0 0
484: 0 0
485: 0 0
486: 0 0
487: 0 0
488: 33 0
489: 35 0
490: 33 0
491: 33 0
492: 34 0
493: 0 0
494: 0 0
495: 0 0
496: 0 0
497: 0 0
498: 0 0
499: 34 0
500: 33 0
501: 32 0
502: 33 0
503: 32 0
504: 0 0
505: 0 0
506: 0 0
507: 0 0
508: 0 0
509: 33 0
510: 33 0
511: 33 0
512: 34 0
513: 33 0
514: 33 0
515: 35 0
516: 33 0
517: 33 0
518: 32 0
519: 0 0
520: 0 0
521: 0 0
522: 0 0
523: 0 0
524: 0 0
525: 34 0
526: 34 0
527: 33 0
528: 34 0
529: 33 0
530: 0 0
531: 0 0
532: 0 0
533: 0 0
534: 0 0
535: 33 0
536: 33 0
537: 34 0
538: 33 0
539: 33 0
540: 0 0
541: 0 0
542: 0 0
543: 0 0
544: 0 0
545: 34 0
546: 32 0
547: 33 0
548: 33 0
549: 34 0
550: 0 0
551: 0 0
552: 0 0
553: 0 0
554: 0 0
555: 35 0
556: 34 0
557: 34 0
558: 33 0
559: 33 0
560: 0 0
561: 0 0
562: 0 0
563: 0 0
564: 0 0
565: 0 0
566: 34 0
567: 33 0
568: 33 0
569: 33 0
570: 34 0
571: 0 0
572: 0 0
573: 0 0
574: 0 0
575: 0 0
576: 35 0
577: 34 0
578: 33 0
579: 34 0
580: 33 0
581: 0 0
582: 0 0
583: 0 0
584: 0 0
585: 0 0
586: 34 0
587: 33 0
588: 34 0
589: 33 0
590: 33 0
591: 0 0
592: 0 0
593: 0 0
594: 0 0
595: 0 0
596: 34 0
597: 34 0
598: 33 0
599: 33 0
600: 35 0
601: 0 0
602: 0 0
603: 0 0
604: 0 0
605: 0 0
606: 0 0
607: 33 0
608: 35 0
609: 33 0
610: 33 0
611: 33 0
612: 33 0
613: 34 0
614: 32 0
615: 33 0
616: 32 0
617: 0 1
618: 33 1
619: 0 1
620: 33 1
621: 0 1
622: 33 1
623: 0 1
624: 33 1
625: 0 1
626: 35 1
627: 0 1
628: 34 1
629: 0 1
630: 34 1
631: 0 1
632: 33 1
633: 0 1
634: 33 1
635: 0 1
636: 33 1
637: 0 1
638: 33 1
639: 0 1
640: 34 1
641: 0 1
642: 32 1
643: 0 1
644: 33 1
645: 0 1
646: 33 1
647: 0 1
648: 0 1
649: 35 1
650: 0 1
651: 34 1
652: 0 1
653: 33 1
654: 0 1
655: 34 1
656: 0 1
657: 34 1
658: 0 1
659: 33 1
660: 0 1
661: 32 1
662: 0 1
663: 34 1
664: 0 1
665: 32 1
666: 0 1
667: 34 1
668: 0 1
669: 33 1
670: 0 1
671: 34 1
672: 0 1
673: 33 1
674: 0 1
675: 35 1
676: 0 1
677: 34 1
678: 0 1
679: 35 1
680: 0 1
681: 34 1
682: 0 1
683: 36 1
684: 0 1
685: 35 1
686: 0 1
687: 34 1
688: 0 1
689: 35 1
690: 33 1
691: 0 1
692: 33 1
693: 0 1
694: 34 1
695: 0 1
696: 34 1
697: 0 1
698: 34 1
699: 0 1
700: 35 1
701: 0 1
702: 33 1
703: 0 1
704: 33 1
705: 0 1
706: 34 1
707: 0 1
708: 33 1
709: 0 1
710: 33 1
711: 0 1
712: 32 1
713: 0 1
714: 33 1
715: 0 1
716: 33 1
717: 0 1
718: 33 1
719: 0 1
720: 34 1
721: 0 1
722: 35 1
723: 0 1
724: 33 1
725: 0 1
726: 33 1
727: 0 1
728: 33 1
729: 0 1
730: 35 1
731: 0 1
732: 35 1
733: 0 1
734: 35 1
735: 0 1
736: 35 1
737: 0 1
738: 35 1
739: 33 1
740: 0 1
741: 33 1
742: 0 1
743: 33 1
744: 0 1
745: 34 1
746: 0 1
747: 35 1
748: 0 1
749: 34 1
750: 0 1
751: 33 1
752: 0 1
753: 34 1
754: 0 1
755: 33 1
756: 0 1
757: 33 1
758: 0 1
759: 33 1
760: 0 1
761: 33 1
762: 0 1
763: 33 1
764: 0 1
765: 33 1
766: 0 1
767: 34 1
768: 0 1
769: 34 1
770: 0 1
771: 33 1
772: 0 1
773: 34 1
774: 0 1
775: 35 1
776: 0 1
777: 35 1
778: 0 1
779: 35 1
780: 0 1
781: 0 1
782: 33 1
783: 0 1
784: 34 1
785: 0 1
786: 34 1
787: 0 1
788: 34 1
789: 0 1
790: 35 1
791: 0 1
792: 35 1
793: 0 1
794: 34 1
795: 0 1
796: 34 1
797: 0 1
798: 34 1
799: 0 1
800: 35 1
801: 0 1
802: 34 1
803: 0 1
804: 33 1
805: 0 1
806: 35 1
807: 0 1
808: 34 1
809: 0 1
810: 33 1
811: 0 1
812: 33 1
813: 0 1
814: 33 1
815: 0 1
816: 33 1
817: 0 1
818: 33 1
819: 0 1
820: 34 1
821: 34 1
822: 0 0
823: 0 0
824: 0 0
825: 0 0
826: 0 0
827: 36 0
828: 34 0
829: 34 0
830: 35 0
831: 34 0
832: 0 0
833: 0 0
834: 0 0
835: 0 0
836: 0 0
837: 35 0
838: 35 0
839: 33 0
840: 34 0
841: 33 0
842: 34 0
843: 0 0
844: 0 0
845: 0 0
846: 0 0
847: 0 0
848: 33 0
849: 33 0
850: 32 0
851: 35 0
852: 35 0
853: 0 0
854: 0 0
855: 0 0
856: 0 0
857: 0 0
858: 34 0
859: 33 0
860: 33 0
861: 33 0
862: 33 0
863: 0 0
864: 0 0
865: 0 0
866: 0 0
867: 0 0
868: 34 0
869: 32 0
870: 35 0
871: 33 0
872: 34 0
873: 0 0
874: 0 0
875: 0 0
876: 0 0
877: 0 0
878: 35 0
879: 33 0
880: 34 0
881: 33 0
882: 33 0
883: 0 0
884: 0 0
885: 0 0
886: 0 0
887: 0 0
888: 0 0
889: 33 0
890: 32 0
891: 34 0
892: 33 0
893: 32 0
894: 0 0
895: 0 0
896: 0 0
897: 0 0
898: 0 0
899: 33 0
900: 33 0
901: 33 0
902: 33 0
903: 32 0
904: 0 0
905: 0 0
906: 0 0
907: 0 0
908: 0 0
909: 33 0
910: 34 0
911: 34 0
912: 33 0
913: 33 0
914: 0 0
915: 0 0
916: 0 0
917: 0 0
918: 0 0
919: 34 0
920: 33 0
921: 33 0
922: 33 0
923: 33 0
924: 33 0
925: 34 0
926: 33 0
927: 33 0
928: 33 0
929: 33 0
930: 0 0
931: 0 0
932: 0 0
933: 0 0
934: 0 0
935: 33 0
936: 33 0
937: 33 0
938: 33 0
939: 33 0
940: 0 0
941: 0 0
942: 0 0
943: 0 0
944: 0 0
945: 34 0
946: 34 0
947: 35 0
948: 34 0
949: 33 0
950: 0 0
951: 0 0
952: 0 0
953: 0 0
954: 0 0
955: 0 0
956: 33 0
957: 33 0
958: 34 0
959: 32 0
960: 34 0
961: 0 0
962: 0 0
963: 0 0
964: 0 0
965: 0 0
966: 35 0
967: 33 0
968: 33 0
969: 33 0
970: 33 0
971: 0 0
972: 0 0
973: 0 0
974: 0 0
975: 0 0
976: 35 0
977: 34 0
978: 32 0
979: 36 0
980: 34 0
981: 0 0
982: 0 0
983: 0 0
984: 0 0
985: 0 0
986: 34 0
987: 35 0
988: 33 0
989: 33 0
990: 33 0
991: 0 0
992: 0 0
993: 0 0
994: 0 0
995: 0 0
996: 0 0
997: 34 0
998: 33 0
999: 33 0
1000: 34 0
