1: 645 1
2: 646 1
3: 649 1
4: 720 1
5: 647 1
6: 719 1
7: 646 1
8: 717 1
9: 649 1
10: 720 1
11: 647 1
12: 720 1
13: 647 1
14: 717 1
15: 647 1
16: 721 1
17: 646 1
18: 718 1
19: 644 1
20: 718 1
21: 647 1
22: 716 1
23: 648 1
24: 720 1
25: 647 1
26: 718 1
27: 646 1
28: 716 1
29: 645 1
30: 722 1
31: 648 1
32: 717 1
33: 644 1
34: 716 1
35: 646 1
36: 0 1
37: 33 1
38: 0 1
39: 32 1
40: 0 1
41: 32 1
42: 31 1
43: 0 1
44: 32 1
45: 0 1
46: 32 1
47: 0 1
48: 32 1
49: 0 1
50: 32 1
51: 0 1
52: 32 1
53: 0 1
54: 33 1
55: 0 1
56: 32 1
57: 0 1
58: 32 1
59: 0 1
60: 33 1
61: 0 1
62: 32 1
63: 0 1
64: 33 1
65: 32 1
66: 0 1
67: 32 1
68: 0 1
69: 32 1
70: 0 1
71: 32 1
72: 0 1
73: 31 1
74: 0 1
75: 31 1
76: 0 1
77: 32 1
78: 0 1
79: 32 1
80: 0 1
81: 32 1
82: 0 1
83: 32 1
84: 0 1
85: 32 1
86: 0 1
87: 0 1
88: 33 1
89: 0 1
90: 32 1
91: 0 1
92: 33 1
93: 0 1
94: 32 1
95: 0 1
96: 32 1
97: 0 1
98: 32 1
99: 0 1
100: 32 1
101: 0 1
102: 32 1
103: 0 1
104: 33 1
105: 0 1
106: 31 1
107: 0 1
108: 32 1
109: 0 1
110: 32 1
111: 0 1
112: 31 1
113: 0 1
114: 33 1
115: 0 1
116: 32 1
117: 0 1
118: 32 1
119: 0 1
120: 32 1
121: 0 1
122: 33 1
123: 0 1
124: 34 1
125: 0 1
126: 0 1
127: 32 1
128: 0 1
129: 32 1
130: 0 1
131: 32 1
132: 0 1
133: 32 1
134: 0 1
135: 32 1
136: 0 1
137: 33 1
138: 0 1
139: 32 1
140: 0 1
141: 32 1
142: 0 1
143: 32 1
144: 0 1
145: 33 1
146: 0 1
147: 33 1
148: 0 1
149: 33 1
150: 0 1
151: 32 1
152: 0 1
153: 33 1
154: 0 1
155: 35 1
156: 0 1
157: 32 1
158: 0 1
159: 32 1
160: 0 1
161: 33 1
162: 0 1
163: 34 1
164: 0 1
165: 33 1
166: 0 1
167: 0 1
168: 33 1
169: 0 1
170: 32 1
171: 0 1
172: 33 1
173: 0 1
174: 32 1
175: 0 1
176: 33 1
177: 0 1
178: 33 1
179: 0 1
180: 33 1
181: 0 1
182: 32 1
183: 0 1
184: 32 1
185: 0 1
186: 33 1
187: 0 1
188: 33 1
189: 0 1
190: 33 1
191: 0 1
192: 32 1
193: 0 1
194: 34 1
195: 0 1
196: 34 1
197: 0 1
198: 32 1
199: 0 1
200: 32 1
201: 0 1
202: 33 1
203: 0 1
204: 33 1
205: 0 1
206: 33 1
207: 33 1
208: 0 1
209: 33 1
210: 0 1
211: 32 1
212: 0 1
213: 32 1
214: 0 1
215: 33 1
216: 0 1
217: 35 1
218: 0 1
219: 33 1
220: 0 1
221: 32 1
222: 0 1
223: 33 1
224: 0 1
225: 33 1
226: 0 1
227: 0 1
228: 33 1
229: 0 1
230: 33 1
231: 0 1
232: 33 1
233: 0 1
234: 33 1
235: 0 1
236: 33 1
237: 0 1
238: 33 1
239: 0 1
240: 33 1
241: 0 1
242: 32 1
243: 0 1
244: 32 1
245: 0 1
246: 33 1
247: 0 1
248: 33 1
249: 0 1
250: 32 1
251: 0 1
252: 34 1
253: 0 1
254: 34 1
255: 0 1
256: 34 1
257: 0 1
258: 32 1
259: 0 1
260: 33 1
261: 0 1
262: 32 1
263: 0 1
264: 34 1
265: 0 1
266: 34 1
267: 0 1
268: 0 1
269: 32 1
270: 0 1
271: 33 1
272: 0 1
273: 33 1
274: 0 1
275: 34 1
276: 0 1
277: 33 1
278: 0 1
279: 34 1
280: 0 1
281: 33 1
282: 0 1
283: 34 1
284: 0 1
285: 33 1
286: 0 1
287: 33 1
288: 0 1
289: 33 1
290: 0 1
291: 33 1
292: 0 1
293: 34 1
294: 0 1
295: 33 1
296: 0 1
297: 34 1
298: 0 1
299: 33 1
300: 0 1
301: 34 1
302: 0 1
303: 33 1
304: 0 1
305: 32 1
306: 0 1
307: 33 1
308: 0 1
309: 35 1
310: 32 1
311: 0 0
312: 33 0
313: 32 0
314: 33 0
315: 33 0
316: 33 0
317: 0 0
318: 0 0
319: 0 0
320: 0 0
321: 0 0
322: 34 0
323: 33 0
324: 32 0
325: 33 0
326: 32 0
327: 0 0
328: 0 0
329: 0 0
330: 0 0
331: 0 0
332: 0 0
333: 33 0
334: 31 0
335: 31 0
336: 31 0
337: 32 0
338: 0 0
339: 0 0
340: 0 0
341: 0 0
342: 0 0
343: 32 0
344: 32 0
345: 33 0
346: 32 0
347: 32 0
348: 0 0
349: 0 0
350: 0 0
351: 0 0
352: 0 0
353: 33 0
354: 34 0
355: 32 0
356: 32 0
357: 31 0
358: 0 0
359: 0 0
360: 0 0
361: 0 0
362: 0 0
363: 33 0
364: 33 0
365: 32 0
366: 32 0
367: 32 0
368: 0 0
369: 0 0
370: 0 0
371: 0 0
372: 0 0
373: 0 0
374: 33 0
375: 33 0
376: 33 0
377: 33 0
378: 33 0
379: 0 0
380: 0 0
381: 0 0
382: 0 0
383: 0 0
384: 33 0
385: 33 0
386: 32 0
387: 33 0
388: 33 0
389: 0 0
390: 0 0
391: 0 0
392: 0 0
393: 0 0
394: 34 0
395: 33 0
396: 33 0
397: 32 0
398: 33 0
399: 0 0
400: 0 0
401: 0 0
402: 0 0
403: 0 0
404: 34 0
405: 33 0
406: 33 0
407: 33 0
408: 33 0
409: 33 0
410: 33 0
411: 33 0
412: 33 0
413: 0 0
414: 0 0
415: 0 0
416: 0 0
417: 0 0
418: 35 0
419: 32 0
420: 32 0
421: 33 0
422: 33 0
423: 33 0
424: 0 0
425: 0 0
426: 0 0
427: 0 0
428: 0 0
429: 33 0
430: 33 0
431: 33 0
432: 33 0
433: 34 0
434: 0 0
435: 0 0
436: 0 0
437: 0 0
438: 0 0
439: 32 0
440: 33 0
441: 34 0
442: 33 0
443: 33 0
444: 0 0
445: 0 0
446: 0 0
447: 0 0
448: 0 0
449: 32 0
450: 33 0
451: 33 0
452: 32 0
453: 32 0
454: 0 0
455: 0 0
456: 0 0
457: 0 0
458: 0 0
459: 33 0
460: 33 0
461: 33 0
462: 32 0
463: 34 0
464: 0 0
465: 0 0
466: 0 0
467: 0 0
468: 0 0
469: 0 0
470: 33 0
471: 33 0
472: 31 0
473: 33 0
474: 32 0
475: 0 0
476: 0 0
477: 0 0
478: 0 0
479: 0 0
480: 33 0
481: 33 0
482: 33 0
483: 33 0
484: 33 0
485: 0 0
486: 0 0
487: 0 0
488: 0 0
489: 0 0
490: 34 0
491: 34 0
492: 32 0
493: 32 0
494: 33 0
495: 0 0
496: 0 0
497: 0 0
498: 0 0
499: 0 0
500: 33 0
501: 33 0
502: 32 0
503: 33 0
504: 32 0
505: 0 0
506: 0 0
507: 0 0
508: 0 0
509: 0 0
510: 0 0
511: 33 0
512: 32 0
513: 32 0
514: 32 0
515: 32 0
516: 0 0
517: 0 0
518: 0 0
519: 34 0
520: 33 0
521: 32 0
522: 33 0
523: 33 0
524: 0 0
525: 0 0
526: 0 0
527: 0 0
528: 0 0
529: 33 0
530: 33 0
531: 34 0
532: 33 0
533: 32 0
534: 0 0
535: 0 0
536: 0 0
537: 0 0
538: 0 0
539: 34 0
540: 33 0
541: 33 0
542: 33 0
543: 32 0
544: 0 0
545: 0 0
546: 0 0
547: 0 0
548: 0 0
549: 34 0
550: 32 0
551: 33 0
552: 32 0
553: 33 0
554: 33 0
555: 0 0
556: 0 0
557: 0 0
558: 0 0
559: 0 0
560: 34 0
561: 32 0
562: 32 0
563: 33 0
564: 34 0
565: 0 0
566: 0 0
567: 0 0
568: 0 0
569: 0 0
570: 33 0
571: 33 0
572: 33 0
573: 33 0
574: 32 0
575: 0 0
576: 0 0
577: 0 0
578: 0 0
579: 0 0
580: 34 0
581: 33 0
582: 31 0
583: 32 0
584: 34 0
585: 0 0
586: 0 0
587: 0 0
588: 0 0
589: 0 0
590: 33 0
591: 33 0
592: 33 0
593: 34 0
594: 33 0
595: 33 0
596: 0 0
597: 0 0
598: 0 0
599: 0 0
600: 0 0
601: 33 0
602: 33 0
603: 32 0
604: 34 0
605: 33 0
606: 0 0
607: 0 0
608: 0 0
609: 0 0
610: 0 0
611: 33 0
612: 33 0
613: 33 0
614: 32 0
615: 33 0
616: 32 0
617: 32 0
618: 32 1
619: 0 1
620: 33 1
621: 0 1
622: 34 1
623: 0 1
624: 33 1
625: 0 1
626: 34 1
627: 0 1
628: 33 1
629: 0 1
630: 33 1
631: 0 1
632: 33 1
633: 0 1
634: 33 1
635: 0 1
636: 33 1
637: 0 1
638: 33 1
639: 0 1
640: 33 1
641: 0 1
642: 34 1
643: 0 1
644: 33 1
645: 0 1
646: 33 1
647: 0 1
648: 33 1
649: 0 1
650: 32 1
651: 0 1
652: 34 1
653: 0 1
654: 33 1
655: 0 1
656: 34 1
657: 0 1
658: 35 1
659: 35 1
660: 0 1
661: 32 1
662: 0 1
663: 32 1
664: 0 1
665: 33 1
666: 0 1
667: 31 1
668: 0 1
669: 33 1
670: 0 1
671: 32 1
672: 0 1
673: 33 1
674: 0 1
675: 33 1
676: 0 1
677: 33 1
678: 0 1
679: 33 1
680: 0 1
681: 33 1
682: 0 1
683: 33 1
684: 0 1
685: 34 1
686: 0 1
687: 34 1
688: 0 1
689: 33 1
690: 0 1
691: 35 1
692: 0 1
693: 34 1
694: 0 1
695: 35 1
696: 0 1
697: 35 1
698: 0 1
699: 34 1
700: 0 1
701: 35 1
702: 32 1
703: 0 1
704: 33 1
705: 0 1
706: 33 1
707: 0 1
708: 34 1
709: 0 1
710: 33 1
711: 0 1
712: 32 1
713: 0 1
714: 33 1
715: 0 1
716: 33 1
717: 0 1
718: 33 1
719: 0 1
720: 32 1
721: 0 0
722: 0 0
723: 32 0
724: 32 0
725: 31 0
726: 32 0
727: 32 0
728: 0 0
729: 0 0
730: 0 0
731: 0 0
732: 0 0
733: 33 0
734: 32 0
735: 32 0
736: 33 0
737: 32 0
738: 0 0
739: 0 0
740: 0 0
741: 0 0
742: 0 0
743: 33 0
744: 32 0
745: 32 0
746: 32 0
747: 32 0
748: 0 0
749: 0 0
750: 0 0
751: 0 0
752: 0 0
753: 34 0
754: 34 0
755: 33 0
756: 33 0
757: 34 0
758: 0 0
759: 0 0
760: 0 0
761: 0 0
762: 0 0
763: 0 0
764: 35 0
765: 33 0
766: 32 0
767: 33 0
768: 32 0
769: 0 0
770: 0 0
771: 0 0
772: 0 0
773: 0 0
774: 35 0
775: 33 0
776: 32 0
777: 33 0
778: 33 0
779: 0 0
780: 0 0
781: 0 0
782: 0 0
783: 0 0
784: 34 0
785: 34 0
786: 33 0
787: 33 0
788: 32 0
789: 0 0
790: 0 0
791: 0 0
792: 0 0
793: 0 0
794: 35 0
795: 33 0
796: 33 0
797: 33 0
798: 33 0
799: 0 0
800: 0 0
801: 0 0
802: 0 0
803: 0 0
804: 0 0
805: 33 0
806: 33 0
807: 32 0
808: 32 0
809: 32 0
810: 0 0
811: 0 0
812: 0 0
813: 0 0
814: 0 0
815: 32 0
816: 33 0
817: 33 0
818: 33 0
819: 31 0
820: 33 0
821: 32 0
822: 32 0
823: 32 0
824: 0 1
825: 32 1
826: 0 1
827: 33 1
828: 0 1
829: 32 1
830: 0 1
831: 33 1
832: 0 1
833: 33 1
834: 0 1
835: 32 1
836: 0 1
837: 33 1
838: 0 1
839: 33 1
840: 0 1
841: 33 1
842: 0 1
843: 33 1
844: 0 1
845: 33 1
846: 0 1
847: 33 1
848: 0 1
849: 34 1
850: 0 1
851: 33 1
852: 0 1
853: 34 1
854: 0 1
855: 0 1
856: 33 1
857: 0 1
858: 33 1
859: 0 1
860: 33 1
861: 0 1
862: 33 1
863: 0 1
864: 31 1
865: 0 1
866: 33 1
867: 0 1
868: 34 1
869: 0 1
870: 33 1
871: 0 1
872: 33 1
873: 0 1
874: 33 1
875: 0 1
876: 34 1
877: 0 1
878: 32 1
879: 0 1
880: 33 1
881: 0 1
882: 33 1
883: 0 1
884: 33 1
885: 0 1
886: 34 1
887: 0 1
888: 33 1
889: 0 1
890: 33 1
891: 0 1
892: 34 1
893: 0 1
894: 33 1
895: 0 1
896: 0 1
897: 34 1
898: 0 1
899: 35 1
900: 0 1
901: 33 1
902: 0 1
903: 33 1
904: 0 1
905: 32 1
906: 0 1
907: 32 1
908: 0 1
909: 34 1
910: 0 1
911: 32 1
912: 0 1
913: 32 1
914: 0 1
915: 33 1
916: 0 1
917: 32 1
918: 0 1
919: 33 1
920: 0 1
921: 33 1
922: 0 1
923: 32 1
924: 0 1
925: 33 1
926: 0 0
927: 0 0
928: 33 0
929: 32 0
930: 32 0
931: 33 0
932: 33 0
933: 0 0
934: 0 0
935: 0 0
936: 0 0
937: 0 0
938: 33 0
939: 33 0
940: 34 0
941: 33 0
942: 33 0
943: 0 0
944: 0 0
945: 0 0
946: 0 0
947: 0 0
948: 34 0
949: 33 0
950: 33 0
951: 33 0
952: 33 0
953: 0 0
954: 0 0
955: 0 0
956: 0 0
957: 0 0
958: 0 0
959: 32 0
960: 33 0
961: 32 0
962: 33 0
963: 33 0
964: 0 0
965: 0 0
966: 0 0
967: 0 0
968: 0 0
969: 33 0
970: 34 0
971: 33 0
972: 33 0
973: 33 0
974: 0 0
975: 0 0
976: 0 0
977: 0 0
978: 0 0
979: 33 0
980: 31 0
981: 33 0
982: 32 0
983: 34 0
984: 0 0
985: 0 0
986: 0 0
987: 0 0
988: 0 0
989: 34 0
990: 34 0
991: 34 0
992: 33 0
993: 33 0
994: 0 0
995: 0 0
996: 0 0
997: 0 0
998: 0 0
999: 0 0
1000: 33 0
