1: 647 0
2: 716 0
3: 716 0
4: 716 0
5: 715 0
6: 716 0
7: 643 0
8: 645 0
9: 644 0
10: 645 0
11: 644 0
12: 718 0
13: 717 0
14: 718 0
15: 718 0
16: 720 0
17: 646 0
18: 646 0
19: 645 0
20: 644 0
21: 645 0
22: 715 0
23: 716 0
24: 715 0
25: 715 0
26: 715 0
27: 644 0
28: 645 0
29: 643 0
30: 645 0
31: 645 0
32: 715 0
33: 715 0
34: 715 0
35: 716 0
36: 714 0
37: 644 0
38: 644 0
39: 644 0
40: 645 0
41: 645 0
42: 716 0
43: 715 0
44: 716 0
45: 715 0
46: 715 0
47: 643 0
48: 644 0
49: 645 0
50: 644 0
51: 645 0
52: 644 0
53: 716 0
54: 715 0
55: 715 0
56: 715 0
57: 715 0
58: 645 0
59: 643 0
60: 646 0
61: 644 0
62: 645 0
63: 715 0
64: 715 0
65: 716 0
66: 714 0
67: 716 0
68: 643 0
69: 644 0
70: 644 0
71: 644 0
72: 645 0
73: 715 0
74: 716 0
75: 714 0
76: 716 0
77: 715 0
78: 644 0
79: 644 0
80: 644 0
81: 645 0
82: 643 0
83: 716 0
84: 715 0
85: 716 0
86: 715 0
87: 715 0
88: 644 0
89: 644 0
90: 646 0
91: 644 0
92: 645 0
93: 715 0
94: 716 0
95: 716 0
96: 715 0
97: 716 0
98: 643 0
99: 645 0
100: 645 0
101: 644 0
102: 646 0
103: 645 0
104: 715 0
105: 715 0
106: 644 0
107: 645 0
108: 644 0
109: 645 0
110: 645 0
111: 715 0
112: 716 0
113: 716 0
114: 715 0
115: 714 0
116: 644 0
117: 644 0
118: 644 0
119: 644 0
120: 645 0
121: 715 0
122: 714 0
123: 716 0
124: 715 0
125: 714 0
126: 643 0
127: 645 0
128: 644 0
129: 643 0
130: 645 0
131: 716 0
132: 714 0
133: 716 0
134: 715 0
135: 714 0
136: 643 0
137: 644 0
138: 645 0
139: 643 0
140: 645 0
141: 715 0
142: 714 0
143: 715 0
144: 715 0
145: 715 0
146: 642 0
147: 644 0
148: 645 0
149: 644 0
150: 644 0
151: 715 0
152: 715 0
153: 714 0
154: 716 0
155: 715 0
156: 643 0
157: 644 0
158: 644 0
159: 644 0
160: 645 0
161: 715 0
162: 715 0
163: 714 0
164: 715 0
165: 715 0
166: 645 0
167: 644 0
168: 646 0
169: 644 0
170: 644 0
171: 716 0
172: 716 0
173: 715 0
174: 715 0
175: 716 0
176: 644 0
177: 643 0
178: 644 0
179: 645 0
180: 644 0
181: 715 0
182: 716 0
183: 716 0
184: 715 0
185: 716 0
186: 644 0
187: 644 0
188: 643 0
189: 644 0
190: 644 0
191: 714 0
192: 715 0
193: 715 0
194: 714 0
195: 715 0
196: 645 0
197: 644 0
198: 643 0
199: 644 0
200: 645 0
201: 644 0
202: 644 0
203: 714 0
204: 714 0
205: 714 0
206: 716 0
207: 716 0
208: 642 0
209: 644 0
210: 645 0
211: 644 0
212: 644 0
213: 716 0
214: 715 0
215: 714 0
216: 716 0
217: 716 0
218: 643 0
219: 644 0
220: 645 0
221: 644 0
222: 643 0
223: 715 0
224: 716 0
225: 714 0
226: 714 0
227: 716 0
228: 644 0
229: 643 0
230: 645 0
231: 644 0
232: 643 0
233: 714 0
234: 715 0
235: 715 0
236: 714 0
237: 716 0
238: 644 0
239: 643 0
240: 643 0
241: 645 0
242: 644 0
243: 714 0
244: 716 0
245: 715 0
246: 714 0
247: 715 0
248: 643 0
249: 643 0
250: 644 0
251: 644 0
252: 716 0
253: 714 0
254: 715 0
255: 715 0
256: 715 0
257: 642 0
258: 644 0
259: 643 0
260: 643 0
261: 643 0
262: 716 0
263: 715 0
264: 715 0
265: 716 0
266: 716 0
267: 641 0
268: 644 0
269: 645 0
270: 643 0
271: 644 0
272: 716 0
273: 716 0
274: 714 0
275: 716 0
276: 716 0
277: 641 0
278: 644 0
279: 645 0
280: 643 0
281: 643 0
282: 716 0
283: 716 0
284: 714 0
285: 715 0
286: 716 0
287: 645 0
288: 644 0
289: 644 0
290: 644 0
291: 644 0
292: 715 0
293: 716 0
294: 715 0
295: 715 0
296: 716 0
297: 644 0
298: 644 0
299: 644 0
300: 645 0
301: 644 0
302: 715 1
303: 644 1
304: 715 1
305: 642 1
306: 715 1
307: 645 1
308: 715 1
309: 643 1
310: 716 1
311: 644 1
312: 714 1
313: 716 1
314: 643 1
315: 715 1
316: 642 1
317: 716 1
318: 643 1
319: 714 1
320: 643 1
321: 716 1
322: 642 1
323: 715 1
324: 644 1
325: 715 1
326: 642 1
327: 715 1
328: 643 1
329: 716 1
330: 643 1
331: 716 1
332: 643 1
333: 714 1
334: 643 1
335: 716 1
336: 642 1
337: 715 1
338: 643 1
339: 715 1
340: 642 1
341: 715 1
342: 644 1
343: 714 1
344: 643 1
345: 716 1
346: 644 1
347: 714 1
348: 644 1
349: 716 1
350: 643 1
351: 715 1
352: 643 1
353: 715 1
354: 642 1
355: 716 1
356: 644 1
357: 714 1
358: 643 1
359: 716 1
360: 643 1
361: 715 1
362: 644 1
363: 715 1
364: 642 1
365: 716 1
366: 644 1
367: 715 1
368: 643 1
369: 716 1
370: 643 1
371: 715 1
372: 643 1
373: 716 1
374: 642 1
375: 715 1
376: 644 1
377: 715 1
378: 642 1
379: 715 1
380: 644 1
381: 714 1
382: 642 1
383: 716 1
384: 643 1
385: 714 1
386: 644 1
387: 715 1
388: 643 1
389: 715 1
390: 644 1
391: 715 1
392: 642 1
393: 715 1
394: 643 1
395: 714 1
396: 642 1
397: 716 1
398: 642 1
399: 714 1
400: 644 1
401: 644 1
402: 715 0
403: 714 0
404: 715 0
405: 715 0
406: 714 0
407: 643 0
408: 644 0
409: 643 0
410: 643 0
411: 646 0
412: 714 0
413: 714 0
414: 716 0
415: 715 0
416: 714 0
417: 644 0
418: 644 0
419: 643 0
420: 645 0
421: 715 0
422: 715 0
423: 714 0
424: 715 0
425: 715 0
426: 641 0
427: 642 0
428: 644 0
429: 644 0
430: 642 0
431: 716 0
432: 715 0
433: 714 0
434: 715 0
435: 715 0
436: 642 0
437: 643 0
438: 644 0
439: 644 0
440: 642 0
441: 715 0
442: 715 0
443: 715 0
444: 714 0
445: 715 0
446: 642 0
447: 642 0
448: 643 0
449: 643 0
450: 643 0
451: 714 0
452: 715 0
453: 715 0
454: 714 0
455: 715 0
456: 642 0
457: 643 0
458: 643 0
459: 644 0
460: 644 0
461: 714 0
462: 715 0
463: 716 0
464: 715 0
465: 715 0
466: 644 0
467: 645 0
468: 643 0
469: 644 0
470: 644 0
471: 714 0
472: 715 0
473: 715 0
474: 715 0
475: 715 0
476: 642 0
477: 643 0
478: 643 0
479: 642 0
480: 644 0
481: 715 0
482: 714 0
483: 715 0
484: 715 0
485: 714 0
486: 643 0
487: 644 0
488: 643 0
489: 642 0
490: 644 0
491: 715 0
492: 714 0
493: 714 0
494: 715 0
495: 716 0
496: 642 0
497: 643 0
498: 644 0
499: 643 0
500: 644 0
501: 644 1
502: 715 1
503: 642 1
504: 716 1
505: 642 1
506: 714 1
507: 643 1
508: 716 1
509: 643 1
510: 714 1
511: 643 1
512: 715 1
513: 642 1
514: 715 1
515: 643 1
516: 714 1
517: 642 1
518: 716 1
519: 642 1
520: 0 1
521: 31 1
522: 0 1
523: 31 1
524: 0 1
525: 32 1
526: 0 1
527: 33 1
528: 0 1
529: 34 1
530: 0 1
531: 35 1
532: 0 1
533: 0 1
534: 32 1
535: 0 1
536: 33 1
537: 0 1
538: 33 1
539: 0 1
540: 33 1
541: 0 1
542: 33 1
543: 0 1
544: 33 1
545: 0 1
546: 33 1
547: 0 1
548: 34 1
549: 0 1
550: 33 1
551: 0 1
552: 33 1
553: 0 1
554: 33 1
555: 0 1
556: 32 1
557: 0 1
558: 32 1
559: 0 1
560: 33 1
561: 0 1
562: 32 1
563: 0 1
564: 32 1
565: 0 1
566: 33 1
567: 0 1
568: 33 1
569: 0 1
570: 33 1
571: 0 1
572: 32 1
573: 0 1
574: 0 1
575: 32 1
576: 0 1
577: 33 1
578: 0 1
579: 32 1
580: 0 1
581: 31 1
582: 0 1
583: 32 1
584: 0 1
585: 32 1
586: 0 1
587: 33 1
588: 0 1
589: 31 1
590: 0 1
591: 31 1
592: 0 1
593: 32 1
594: 0 1
595: 32 1
596: 0 1
597: 33 1
598: 0 1
599: 33 1
600: 0 1
601: 33 1
602: 33 1
603: 0 1
604: 32 1
605: 0 1
606: 32 1
607: 0 1
608: 32 1
609: 0 1
610: 33 1
611: 0 1
612: 33 1
613: 0 1
614: 33 1
615: 0 1
616: 35 1
617: 0 1
618: 35 1
619: 0 1
620: 35 1
621: 0 1
622: 0 1
623: 33 1
624: 0 1
625: 33 1
626: 0 1
627: 33 1
628: 0 1
629: 33 1
630: 0 1
631: 35 1
632: 0 1
633: 35 1
634: 0 1
635: 33 1
636: 0 1
637: 34 1
638: 0 1
639: 33 1
640: 0 1
641: 33 1
642: 0 1
643: 33 1
644: 0 1
645: 34 1
646: 0 1
647: 33 1
648: 0 1
649: 33 1
650: 0 1
651: 33 1
652: 0 1
653: 33 1
654: 0 1
655: 33 1
656: 0 1
657: 33 1
658: 0 1
659: 33 1
660: 0 1
661: 33 1
662: 0 1
663: 33 1
664: 32 1
665: 0 1
666: 32 1
667: 0 1
668: 32 1
669: 0 1
670: 33 1
671: 0 1
672: 33 1
673: 0 1
674: 33 1
675: 0 1
676: 34 1
677: 0 1
678: 32 1
679: 0 1
680: 34 1
681: 0 1
682: 32 1
683: 0 1
684: 33 1
685: 0 1
686: 32 1
687: 0 1
688: 34 1
689: 0 1
690: 34 1
691: 0 1
692: 34 1
693: 0 1
694: 33 1
695: 0 1
696: 33 1
697: 0 1
698: 32 1
699: 0 1
700: 32 1
701: 0 1
702: 32 1
703: 0 1
704: 32 1
705: 32 1
706: 32 1
707: 0 1
708: 33 1
709: 0 1
710: 33 1
711: 0 1
712: 33 1
713: 0 1
714: 0 1
715: 31 1
716: 0 1
717: 31 1
718: 0 1
719: 32 1
720: 0 1
721: 32 1
722: 0 1
723: 33 1
724: 0 1
725: 32 1
726: 0 1
727: 32 1
728: 0 1
729: 32 1
730: 0 1
731: 33 1
732: 0 1
733: 32 1
734: 0 1
735: 33 1
736: 0 1
737: 33 1
738: 0 1
739: 35 1
740: 0 1
741: 33 1
742: 0 1
743: 33 1
744: 0 1
745: 33 1
746: 0 1
747: 33 1
748: 0 1
749: 33 1
750: 0 1
751: 33 1
752: 0 1
753: 32 1
754: 0 1
755: 0 1
756: 33 1
757: 0 1
758: 33 1
759: 0 1
760: 33 1
761: 0 1
762: 34 1
763: 0 1
764: 34 1
765: 0 1
766: 33 1
767: 0 1
768: 32 1
769: 0 1
770: 31 1
771: 0 1
772: 32 1
773: 0 1
774: 32 1
775: 0 1
776: 32 1
777: 0 1
778: 32 1
779: 0 1
780: 33 1
781: 0 1
782: 32 1
783: 0 1
784: 33 1
785: 0 1
786: 31 1
787: 0 1
788: 33 1
789: 0 1
790: 33 1
791: 0 1
792: 34 1
793: 0 1
794: 33 1
795: 0 1
796: 34 1
797: 0 1
798: 0 1
799: 33 1
800: 0 1
801: 31 1
802: 0 1
803: 32 1
804: 0 1
805: 33 1
806: 0 1
807: 33 1
808: 0 1
809: 33 1
810: 0 1
811: 33 1
812: 0 1
813: 35 1
814: 0 1
815: 0 1
816: 32 1
817: 0 1
818: 33 1
819: 0 1
820: 32 1
821: 0 1
822: 33 1
823: 0 1
824: 33 1
825: 0 1
826: 32 1
827: 0 1
828: 33 1
829: 0 1
830: 31 1
831: 0 1
832: 33 1
833: 0 1
834: 32 1
835: 0 1
836: 33 1
837: 0 1
838: 33 1
839: 0 1
840: 33 1
841: 0 1
842: 33 1
843: 0 1
844: 31 1
845: 0 1
846: 34 1
847: 0 1
848: 33 1
849: 0 1
850: 32 1
851: 0 1
852: 33 1
853: 0 1
854: 33 1
855: 0 1
856: 0 1
857: 33 1
858: 0 1
859: 33 1
860: 0 1
861: 32 1
862: 0 1
863: 32 1
864: 0 1
865: 32 1
866: 0 1
867: 31 1
868: 0 1
869: 32 1
870: 0 1
871: 33 1
872: 0 1
873: 32 1
874: 0 1
875: 33 1
876: 0 1
877: 32 1
878: 0 1
879: 33 1
880: 0 1
881: 33 1
882: 0 1
883: 33 1
884: 0 1
885: 33 1
886: 0 1
887: 33 1
888: 0 1
889: 34 1
890: 0 1
891: 33 1
892: 0 1
893: 34 1
894: 0 1
895: 33 1
896: 0 1
897: 32 1
898: 0 1
899: 0 1
900: 32 1
901: 0 1
902: 33 1
903: 0 1
904: 33 1
905: 0 1
906: 34 1
907: 0 1
908: 31 1
909: 0 1
910: 32 1
911: 0 0
912: 34 0
913: 33 0
914: 32 0
915: 33 0
916: 32 0
917: 33 0
918: 0 0
919: 0 0
920: 0 0
921: 0 0
922: 0 0
923: 34 0
924: 33 0
925: 32 0
926: 33 0
927: 32 0
928: 0 0
929: 0 0
930: 0 0
931: 0 0
932: 0 0
933: 33 0
934: 33 0
935: 32 0
936: 32 0
937: 31 0
938: 0 0
939: 0 0
940: 0 0
941: 0 0
942: 0 0
943: 33 0
944: 33 0
945: 33 0
946: 32 0
947: 33 0
948: 0 0
949: 0 0
950: 0 0
951: 0 0
952: 0 0
953: 35 0
954: 33 0
955: 33 0
956: 32 0
957: 32 0
958: 33 0
959: 0 0
960: 0 0
961: 0 0
962: 0 0
963: 0 0
964: 33 0
965: 32 0
966: 33 0
967: 33 0
968: 32 0
969: 0 0
970: 0 0
971: 0 0
972: 0 0
973: 0 0
974: 33 0
975: 32 0
976: 33 0
977: 33 0
978: 32 0
979: 0 0
980: 0 0
981: 0 0
982: 0 0
983: 0 0
984: 33 0
985: 33 0
986: 33 0
987: 34 0
988: 33 0
989: 0 0
990: 0 0
991: 0 0
992: 0 0
993: 0 0
994: 34 0
995: 34 0
996: 33 0
997: 31 0
998: 34 0
999: 0 0
1000: 0 0
