0, 0, 0, 0.0, 0, 7.985306122448979
1, 220.46974463236575, 29.59741629430163, 102.50021893716408, 220.46974463236575, 13.523265306122449
2, 277.0277728979572, 29.141332158011476, 115.96909373374935, 277.0277728979572, 19.346122448979592
3, 916.9223901809543, 7.0124341586376495, 184.0147249908878, 916.9223901809543, 23.03183673469388
4, 922.3577257662196, 29.41539448430727, 304.5337546940944, 922.3577257662196, 24.373877551020406
5, 1024.8199978253099, 40.68954826129499, 628.5052008986835, 1024.8199978253099, 25.488163265306124
6, 1441.4171327015968, 7.393752057529744, 725.685801096314, 1441.4171327015968, 30.889795918367348
7, 2033.9095683767446, 7.09267376453419, 849.9009359806105, 2033.9095683767446, 33.83591836734694
8, 1970.886289638199, 31.99287009298898, 1064.1595436549856, 2033.9095683767446, 38.47591836734694
9, 2072.8330542756953, 7.734710631492115, 987.4835265054114, 2072.8330542756953, 45.40571428571429
10, 1969.308474072529, 7.33339261444741, 936.7385586709513, 2072.8330542756953, 47.33795918367347
11, 2514.119967039726, 31.897994482568503, 1067.111004864467, 2514.119967039726, 49.4865306122449
12, 2415.1477099529993, 7.0124341586376495, 1365.4512975701728, 2514.119967039726, 45.12816326530612
13, 2464.023202261953, 7.052553960914594, 1303.3165871721242, 2514.119967039726, 47.736326530612246
14, 2283.4773903376617, 7.0124341586376495, 1226.8551070368046, 2514.119967039726, 45.86857142857143
15, 2414.7266231533417, 7.0124341586376495, 1285.635137291962, 2514.119967039726, 40.97795918367347
16, 2448.5481150328305, 32.080868959052346, 1604.3904821673784, 2514.119967039726, 46.21387755102041
17, 2416.3221622927085, 7.0124341586376495, 1090.9059579963296, 2514.119967039726, 39.58857142857143
18, 2283.25274993002, 7.0124341586376495, 1275.7633805817497, 2514.119967039726, 42.710204081632654
19, 2447.815758965989, 7.0124341586376495, 782.0051244411361, 2514.119967039726, 43.587755102040816
20, 2439.6249304003413, 7.0124341586376495, 1111.1547692774952, 2514.119967039726, 45.712653061224486
21, 2542.2574833707813, 7.0124341586376495, 1163.144019457669, 2542.2574833707813, 42.710204081632654
22, 2500.8496315239486, 7.052553960914594, 1030.8768530032266, 2542.2574833707813, 37.11265306122449
23, 2417.1353802615213, 7.052553960914594, 1561.306126861139, 2542.2574833707813, 38.160816326530615
24, 2499.4117204468857, 32.41995006522823, 1747.2930430281394, 2542.2574833707813, 39.88081632653061
25, 2549.0531299750533, 32.03614468369795, 1695.414549395044, 2549.0531299750533, 40.66040816326531
26, 2745.0224140039563, 7.052553960914594, 1742.3443208065066, 2745.0224140039563, 42.31755102040816
27, 2700.2387504270946, 7.052553960914594, 1708.9194319501926, 2745.0224140039563, 45.0269387755102
28, 2563.8347502742963, 7.0124341586376495, 1553.4734637754248, 2745.0224140039563, 46.17387755102041
29, 2743.9174726962165, 7.0124341586376495, 1604.8000419845132, 2745.0224140039563, 46.795918367346935
30, 2524.348898835947, 31.878736718520052, 1646.3541017778439, 2745.0224140039563, 50.649795918367346
31, 2631.8379077919376, 7.0124341586376495, 1445.4381686284178, 2745.0224140039563, 54.53224489795918
32, 2720.3806937005793, 31.830023363898782, 1788.5429363477094, 2745.0224140039563, 50.09224489795918
33, 2673.9276774323607, 7.052553960914594, 1618.0014685729245, 2745.0224140039563, 55.07918367346939
34, 2750.294205612467, 7.0124341586376495, 1635.299491748946, 2750.294205612467, 60.25632653061224
35, 2519.679696315148, 31.886463576447202, 1478.894592820865, 2750.294205612467, 65.15918367346939
36, 2613.638527458295, 31.925380969397136, 1296.7159922619041, 2750.294205612467, 67.53877551020408
37, 2486.9882065698857, 9.279856721708313, 1509.4469684954515, 2750.294205612467, 68.49224489795918
38, 2502.2679691119247, 31.847283214175754, 1818.8885738389688, 2750.294205612467, 65.72081632653061
39, 2472.5794230930146, 7.0124341586376495, 1381.2425912014237, 2750.294205612467, 73.44571428571429
40, 2558.78839316965, 7.0124341586376495, 1618.2824538468794, 2750.294205612467, 82.6734693877551
41, 2566.5800218899485, 8.938162433797455, 1485.1875819295767, 2750.294205612467, 85.1665306122449
42, 2557.8570780258406, 8.59716597143149, 1602.0396228267593, 2750.294205612467, 87.92571428571429
43, 2656.8212076370287, 8.595671524511948, 1529.2397515948312, 2750.294205612467, 96.26938775510204
44, 2716.0233638670256, 7.0124341586376495, 1692.3502890751452, 2750.294205612467, 98.38122448979591
45, 2583.4606463942673, 7.0124341586376495, 1568.1514915523317, 2750.294205612467, 95.39020408163265
46, 2546.7581837081298, 7.052553960914594, 1772.4225354033936, 2750.294205612467, 102.32571428571428
47, 2503.1977229429913, 7.33339261444741, 1449.2873499049588, 2750.294205612467, 97.48734693877552
48, 2655.3561681146766, 7.935429618354496, 1500.0948198783037, 2750.294205612467, 94.57795918367347
49, 2584.8353708086916, 18.79118321891798, 1763.7761674484354, 2750.294205612467, 97.63510204081632
