1: 397
2: 3
3: 12
4: 464
5: 568
6: 146
7: 155
8: 13
9: 1
10: 407
11: 2
12: 0
13: 29
14: 139
15: 589
16: 445
17: 0
18: 536
19: 712
20: 0
21: 130
22: 28
23: 0
24: 1
25: 319
26: 585
27: 1
28: 548
29: 268
30: 666
31: 203
32: 97
33: 10
34: 614
35: 334
36: 250
37: 565
38: 530
39: 286
40: 547
41: 195
42: 515
43: 471
44: 710
45: 328
46: 145
47: 689
48: 324
49: 576
50: 303
51: 424
52: 682
53: 364
54: 496
55: 253
56: 405
57: 547
58: 324
59: 686
60: 520
61: 566
62: 204
63: 684
64: 577
65: 533
66: 622
67: 415
68: 4
69: 242
70: 497
71: 207
72: 456
73: 228
74: 43
75: 339
76: 80
77: 494
78: 268
79: 137
80: 626
81: 520
82: 331
83: 65
84: 608
85: 164
86: 1
87: 554
88: 695
89: 582
90: 711
91: 66
92: 685
93: 429
94: 51
95: 571
96: 401
97: 0
98: 378
99: 34
100: 358
101: 681
102: 560
103: 603
104: 233
105: 219
106: 248
107: 89
108: 613
109: 1
110: 1
111: 520
112: 550
113: 604
114: 409
115: 8
116: 342
117: 334
118: 70
119: 226
120: 493
121: 2
122: 142
123: 382
124: 0
125: 1
126: 476
127: 0
128: 271
129: 173
130: 688
131: 166
132: 178
133: 184
134: 698
135: 578
136: 556
137: 573
138: 1
139: 575
140: 321
141: 661
142: 160
143: 498
144: 594
145: 579
146: 635
147: 0
148: 710
149: 3
150: 182
151: 194
152: 1
153: 0
154: 226
155: 421
156: 0
157: 493
158: 1
159: 616
160: 395
161: 633
162: 648
163: 437
164: 273
165: 522
166: 184
167: 317
168: 584
169: 553
170: 358
171: 616
172: 573
173: 365
174: 235
175: 1
176: 45
177: 207
178: 698
179: 1
180: 155
181: 679
182: 653
183: 383
184: 0
185: 9
186: 1
187: 166
188: 362
189: 696
190: 680
191: 566
192: 667
193: 242
194: 708
195: 0
196: 312
197: 615
198: 692
199: 390
200: 0
201: 85
202: 71
203: 298
204: 417
205: 305
206: 625
207: 698
208: 427
209: 322
210: 580
211: 344
212: 174
213: 10
214: 0
215: 0
216: 249
217: 388
218: 495
219: 0
220: 710
221: 2
222: 8
223: 490
224: 45
225: 0
226: 689
227: 1
228: 130
229: 33
230: 404
231: 22
232: 631
233: 99
234: 54
235: 19
236: 182
237: 710
238: 653
239: 554
240: 0
241: 0
242: 29
243: 242
244: 4
245: 265
246: 8
247: 6
248: 3
249: 1
250: 1
251: 0
252: 1
253: 384
254: 317
255: 0
256: 1
257: 2
258: 25
259: 0
260: 0
261: 0
262: 516
263: 0
264: 2
265: 178
266: 402
267: 0
268: 37
269: 1
270: 10
271: 0
272: 81
273: 0
274: 1
275: 40
276: 9
277: 1
278: 1
279: 1
280: 0
281: 346
282: 208
283: 21
284: 0
285: 0
286: 712
287: 589
288: 705
289: 487
290: 1
291: 1
292: 444
293: 0
294: 99
295: 271
296: 37
297: 0
298: 471
299: 0
300: 1
301: 572
302: 74
303: 1
304: 0
305: 2
306: 71
307: 0
308: 264
309: 0
310: 704
311: 1
312: 0
313: 1
314: 1
315: 12
316: 0
317: 53
318: 505
319: 19
320: 0
321: 1
322: 279
323: 3
324: 0
325: 1
326: 0
327: 1
328: 1
329: 16
330: 10
331: 155
332: 315
333: 0
334: 0
335: 283
336: 1
337: 4
338: 449
339: 15
340: 15
341: 0
342: 73
343: 0
344: 8
345: 604
346: 3
347: 359
348: 582
349: 0
350: 184
351: 227
352: 21
353: 2
354: 604
355: 159
356: 170
357: 312
358: 198
359: 1
360: 685
361: 29
362: 6
363: 428
364: 0
365: 477
366: 556
367: 0
368: 0
369: 216
370: 206
371: 0
372: 0
373: 64
374: 2
375: 240
376: 159
377: 689
378: 691
379: 1
380: 1
381: 1
382: 1
383: 363
384: 492
385: 313
386: 0
387: 83
388: 0
389: 126
390: 112
391: 1
392: 0
393: 0
394: 166
395: 0
396: 8
397: 227
398: 1
399: 53
400: 6
401: 630
402: 3
403: 38
404: 557
405: 351
406: 516
407: 703
408: 712
409: 88
410: 333
411: 1
412: 246
413: 269
414: 577
415: 274
416: 352
417: 568
418: 22
419: 700
420: 1
421: 225
422: 151
423: 5
424: 453
425: 332
426: 260
427: 112
428: 133
429: 222
430: 597
431: 485
432: 232
433: 220
434: 5
435: 318
436: 338
437: 1
438: 662
439: 573
440: 526
441: 338
442: 663
443: 79
444: 534
445: 680
446: 33
447: 1
448: 673
449: 0
450: 70
451: 252
452: 656
453: 669
454: 541
455: 648
456: 252
457: 245
458: 394
459: 646
460: 515
461: 682
462: 15
463: 1
464: 543
465: 550
466: 395
467: 614
468: 263
469: 383
470: 488
471: 13
472: 307
473: 147
474: 216
475: 5
476: 204
477: 342
478: 362
479: 100
480: 238
481: 0
482: 425
483: 0
484: 266
485: 536
486: 428
487: 14
488: 319
489: 382
490: 631
491: 707
492: 603
493: 564
494: 463
495: 709
496: 31
497: 37
498: 617
499: 86
500: 1
