1: 251
2: 514
3: 552
4: 468
5: 30
6: 711
7: 356
8: 383
9: 556
10: 498
11: 404
12: 440
13: 534
14: 303
15: 49
16: 0
17: 464
18: 85
19: 208
20: 479
21: 52
22: 185
23: 187
24: 16
25: 84
26: 0
27: 687
28: 184
29: 18
30: 21
31: 0
32: 712
33: 509
34: 596
35: 699
36: 608
37: 321
38: 706
39: 5
40: 187
41: 399
42: 304
43: 448
44: 392
45: 227
46: 1
47: 692
48: 1
49: 397
50: 85
51: 69
52: 662
53: 700
54: 695
55: 524
56: 598
57: 280
58: 555
59: 122
60: 693
61: 296
62: 500
63: 505
64: 451
65: 572
66: 2
67: 652
68: 210
69: 678
70: 646
71: 496
72: 283
73: 226
74: 628
75: 558
76: 509
77: 231
78: 165
79: 378
80: 407
81: 453
82: 556
83: 18
84: 237
85: 310
86: 302
87: 361
88: 344
89: 304
90: 35
91: 191
92: 5
93: 275
94: 684
95: 704
96: 613
97: 213
98: 200
99: 351
100: 48
101: 97
102: 0
103: 646
104: 593
105: 429
106: 193
107: 5
108: 1
109: 421
110: 688
111: 69
112: 58
113: 0
114: 58
115: 60
116: 0
117: 1
118: 221
119: 22
120: 709
121: 1
122: 109
123: 680
124: 532
125: 512
126: 118
127: 74
128: 315
129: 260
130: 37
131: 0
132: 0
133: 492
134: 355
135: 418
136: 70
137: 25
138: 267
139: 178
140: 453
141: 513
142: 235
143: 9
144: 1
145: 569
146: 626
147: 37
148: 319
149: 703
150: 0
151: 254
152: 50
153: 626
154: 421
155: 10
156: 569
157: 85
158: 656
159: 708
160: 699
161: 27
162: 558
163: 1
164: 0
165: 351
166: 423
167: 209
168: 75
169: 587
170: 516
171: 352
172: 225
173: 95
174: 621
175: 405
176: 303
177: 236
178: 414
179: 389
180: 590
181: 312
182: 670
183: 615
184: 511
185: 305
186: 33
187: 1
188: 457
189: 227
190: 398
191: 489
192: 544
193: 442
194: 605
195: 331
196: 683
197: 417
198: 372
199: 353
200: 0
201: 192
202: 215
203: 240
204: 1
205: 0
206: 178
207: 370
208: 479
209: 278
210: 237
211: 497
212: 531
213: 299
214: 327
215: 0
216: 20
217: 0
218: 169
219: 17
220: 301
221: 604
222: 485
223: 691
224: 412
225: 406
226: 664
227: 108
228: 644
229: 174
230: 561
231: 153
232: 39
233: 435
234: 247
235: 216
236: 627
237: 681
238: 346
239: 637
240: 585
241: 670
242: 36
243: 179
244: 171
245: 517
246: 698
247: 247
248: 1
249: 511
250: 529
251: 143
252: 550
253: 392
254: 640
255: 522
256: 583
257: 317
258: 708
259: 434
260: 350
261: 666
262: 517
263: 487
264: 381
265: 621
266: 184
267: 546
268: 499
269: 578
270: 454
271: 579
272: 365
273: 344
274: 667
275: 360
276: 483
277: 389
278: 0
279: 167
280: 388
281: 241
282: 3
283: 1
284: 482
285: 0
286: 496
287: 701
288: 79
289: 187
290: 0
291: 182
292: 0
293: 1
294: 278
295: 142
296: 143
297: 1
298: 323
299: 4
300: 694
301: 176
302: 130
303: 1
304: 66
305: 127
306: 711
307: 103
308: 239
309: 56
310: 28
311: 309
312: 183
313: 29
314: 409
315: 709
316: 305
317: 706
318: 17
319: 1
320: 379
321: 14
322: 1
323: 635
324: 185
325: 102
326: 363
327: 505
328: 661
329: 651
330: 156
331: 550
332: 344
333: 159
334: 659
335: 249
336: 244
337: 377
338: 158
339: 0
340: 1
341: 1
342: 119
343: 1
344: 1
345: 0
346: 28
347: 2
348: 1
349: 1
350: 78
351: 1
352: 1
353: 1
354: 685
355: 27
356: 0
357: 707
358: 542
359: 139
360: 413
361: 0
362: 1
363: 1
364: 674
365: 611
366: 1
367: 0
368: 116
369: 57
370: 578
371: 119
372: 1
373: 676
374: 692
375: 1
376: 0
377: 38
378: 367
379: 44
380: 0
381: 9
382: 0
383: 0
384: 708
385: 0
386: 79
387: 9
388: 508
389: 1
390: 630
391: 330
392: 4
393: 165
394: 194
395: 0
396: 1
397: 2
398: 240
399: 3
400: 0
401: 2
402: 0
403: 1
404: 286
405: 240
406: 8
407: 712
408: 0
409: 1
410: 0
411: 106
412: 129
413: 11
414: 195
415: 4
416: 567
417: 463
418: 631
419: 279
420: 1
421: 126
422: 191
423: 486
424: 1
425: 705
426: 1
427: 691
428: 0
429: 188
430: 0
431: 1
432: 517
433: 204
434: 78
435: 166
436: 8
437: 667
438: 162
439: 327
440: 66
441: 696
442: 3
443: 2
444: 5
445: 0
446: 76
447: 330
448: 492
449: 707
450: 114
451: 709
452: 399
453: 12
454: 3
455: 563
456: 92
457: 0
458: 645
459: 468
460: 54
461: 505
462: 1
463: 308
464: 19
465: 182
466: 53
467: 665
468: 73
469: 283
470: 428
471: 347
472: 1
473: 214
474: 18
475: 78
476: 566
477: 232
478: 9
479: 510
480: 345
481: 250
482: 66
483: 2
484: 680
485: 235
486: 189
487: 314
488: 254
489: 278
490: 458
491: 634
492: 250
493: 450
494: 616
495: 520
496: 246
497: 428
498: 610
499: 340
500: 631
