1: 1
2: 1
3: 0
4: 483
5: 0
6: 0
7: 456
8: 0
9: 7
10: 2
11: 452
12: 0
13: 0
14: 0
15: 180
16: 0
17: 0
18: 8
19: 2
20: 0
21: 179
22: 169
23: 0
24: 1
25: 50
26: 161
27: 412
28: 565
29: 416
30: 45
31: 0
32: 0
33: 1
34: 2
35: 120
36: 0
37: 184
38: 1
39: 0
40: 38
41: 572
42: 360
43: 0
44: 0
45: 0
46: 166
47: 0
48: 325
49: 712
50: 0
51: 0
52: 26
53: 584
54: 347
55: 104
56: 15
57: 20
58: 0
59: 0
60: 508
61: 215
62: 10
63: 0
64: 47
65: 7
66: 0
67: 350
68: 675
69: 533
70: 92
71: 617
72: 554
73: 36
74: 270
75: 15
76: 205
77: 361
78: 572
79: 5
80: 394
81: 38
82: 521
83: 14
84: 4
85: 1
86: 2
87: 341
88: 130
89: 147
90: 1
91: 1
92: 1
93: 0
94: 60
95: 9
96: 3
97: 1
98: 337
99: 427
100: 102
101: 0
102: 10
103: 0
104: 0
105: 0
106: 57
107: 627
108: 1
109: 14
110: 1
111: 0
112: 5
113: 278
114: 530
115: 1
116: 0
117: 2
118: 0
119: 10
120: 1
121: 1
122: 280
123: 1
124: 0
125: 0
126: 0
127: 86
128: 228
129: 11
130: 0
131: 0
132: 0
133: 0
134: 123
135: 61
136: 1
137: 300
138: 0
139: 41
140: 1
141: 1
142: 1
143: 0
144: 13
145: 1
146: 1
147: 2
148: 79
149: 3
150: 0
151: 1
152: 0
153: 0
154: 115
155: 0
156: 0
157: 713
158: 47
159: 0
160: 0
161: 712
162: 148
163: 321
164: 106
165: 1
166: 19
167: 14
168: 38
169: 10
170: 514
171: 0
172: 2
173: 1
174: 0
175: 0
176: 1
177: 2
178: 2
179: 61
180: 531
181: 19
182: 480
183: 0
184: 361
185: 1
186: 127
187: 41
188: 183
189: 262
190: 14
191: 211
192: 0
193: 0
194: 11
195: 0
196: 89
197: 0
198: 3
199: 259
200: 606
201: 0
202: 0
203: 0
204: 0
205: 0
206: 6
207: 8
208: 0
209: 0
210: 3
211: 0
212: 0
213: 0
214: 1
215: 0
216: 0
217: 387
218: 1
219: 707
220: 0
221: 0
222: 0
223: 0
224: 0
225: 0
226: 0
227: 0
228: 0
229: 0
230: 1
231: 0
232: 4
233: 0
234: 0
235: 458
236: 0
237: 19
238: 0
239: 0
240: 1
241: 617
242: 112
243: 1
244: 6
245: 1
246: 0
247: 597
248: 1
249: 1
250: 419
251: 495
252: 60
253: 94
254: 9
255: 710
256: 67
257: 135
258: 1
259: 508
260: 2
261: 19
262: 0
263: 180
264: 298
265: 58
266: 0
267: 42
268: 0
269: 0
270: 16
271: 0
272: 420
273: 0
274: 0
275: 5
276: 323
277: 681
278: 0
279: 478
280: 457
281: 0
282: 608
283: 5
284: 22
285: 0
286: 598
287: 328
288: 179
289: 702
290: 0
291: 0
292: 69
293: 103
294: 1
295: 287
296: 180
297: 33
298: 326
299: 2
300: 1
301: 0
302: 0
303: 1
304: 0
305: 0
306: 0
307: 0
308: 709
309: 13
310: 467
311: 708
312: 0
313: 345
314: 1
315: 1
316: 3
317: 5
318: 1
319: 112
320: 0
321: 343
322: 503
323: 1
324: 1
325: 14
326: 410
327: 77
328: 620
329: 712
330: 8
331: 209
332: 13
333: 104
334: 647
335: 561
336: 1
337: 656
338: 55
339: 618
340: 694
341: 307
342: 612
343: 699
344: 381
345: 294
346: 554
347: 564
348: 495
349: 1
350: 369
351: 612
352: 137
353: 0
354: 523
355: 0
356: 199
357: 247
358: 0
359: 501
360: 137
361: 662
362: 338
363: 308
364: 498
365: 62
366: 95
367: 237
368: 0
369: 217
370: 630
371: 106
372: 158
373: 412
374: 390
375: 11
376: 601
377: 20
378: 249
379: 135
380: 711
381: 312
382: 452
383: 329
384: 153
385: 408
386: 193
387: 277
388: 529
389: 701
390: 508
391: 601
392: 471
393: 604
394: 279
395: 682
396: 283
397: 692
398: 282
399: 224
400: 0
401: 144
402: 3
403: 250
404: 409
405: 451
406: 1
407: 426
408: 140
409: 1
410: 479
411: 703
412: 471
413: 0
414: 10
415: 173
416: 0
417: 1
418: 0
419: 30
420: 265
421: 0
422: 216
423: 2
424: 667
425: 599
426: 39
427: 0
428: 596
429: 312
430: 710
431: 161
432: 499
433: 272
434: 586
435: 650
436: 263
437: 227
438: 624
439: 320
440: 131
441: 1
442: 287
443: 706
444: 182
445: 259
446: 545
447: 419
448: 454
449: 671
450: 274
451: 377
452: 470
453: 287
454: 444
455: 9
456: 339
457: 622
458: 524
459: 423
460: 396
461: 589
462: 368
463: 249
464: 536
465: 109
466: 335
467: 538
468: 257
469: 705
470: 149
471: 326
472: 1
473: 135
474: 15
475: 306
476: 1
477: 63
478: 335
479: 370
480: 504
481: 9
482: 459
483: 111
484: 1
485: 5
486: 178
487: 0
488: 406
489: 459
490: 0
491: 0
492: 421
493: 11
494: 672
495: 339
496: 1
497: 508
498: 574
499: 657
500: 1
