1: 555
2: 8
3: 0
4: 0
5: 1
6: 1
7: 1
8: 1
9: 25
10: 0
11: 661
12: 211
13: 0
14: 176
15: 54
16: 363
17: 290
18: 662
19: 695
20: 2
21: 198
22: 394
23: 312
24: 205
25: 51
26: 634
27: 492
28: 207
29: 540
30: 663
31: 65
32: 485
33: 520
34: 430
35: 188
36: 8
37: 80
38: 644
39: 278
40: 520
41: 430
42: 642
43: 86
44: 174
45: 31
46: 12
47: 336
48: 233
49: 565
50: 253
51: 425
52: 547
53: 343
54: 259
55: 436
56: 493
57: 1
58: 679
59: 707
60: 361
61: 572
62: 296
63: 317
64: 1
65: 90
66: 415
67: 702
68: 96
69: 401
70: 2
71: 609
72: 513
73: 5
74: 611
75: 38
76: 48
77: 256
78: 17
79: 4
80: 285
81: 540
82: 103
83: 1
84: 213
85: 252
86: 600
87: 420
88: 88
89: 554
90: 107
91: 700
92: 232
93: 23
94: 1
95: 0
96: 401
97: 259
98: 41
99: 3
100: 0
101: 0
102: 581
103: 704
104: 0
105: 591
106: 180
107: 24
108: 143
109: 1
110: 229
111: 1
112: 1
113: 404
114: 1
115: 415
116: 160
117: 136
118: 114
119: 72
120: 4
121: 0
122: 0
123: 0
124: 455
125: 0
126: 461
127: 622
128: 444
129: 0
130: 540
131: 648
132: 332
133: 363
134: 239
135: 536
136: 0
137: 612
138: 486
139: 698
140: 0
141: 452
142: 531
143: 322
144: 513
145: 330
146: 646
147: 403
148: 562
149: 680
150: 289
151: 709
152: 396
153: 522
154: 368
155: 65
156: 679
157: 693
158: 603
159: 504
160: 696
161: 124
162: 373
163: 451
164: 417
165: 84
166: 139
167: 279
168: 0
169: 14
170: 436
171: 154
172: 164
173: 317
174: 1
175: 710
176: 125
177: 576
178: 358
179: 398
180: 0
181: 36
182: 598
183: 1
184: 2
185: 1
186: 2
187: 160
188: 0
189: 8
190: 58
191: 444
192: 378
193: 434
194: 429
195: 4
196: 0
197: 183
198: 583
199: 554
200: 0
201: 1
202: 446
203: 650
204: 204
205: 0
206: 501
207: 88
208: 418
209: 10
210: 535
211: 250
212: 4
213: 276
214: 175
215: 200
216: 17
217: 540
218: 484
219: 453
220: 85
221: 0
222: 506
223: 0
224: 130
225: 120
226: 239
227: 171
228: 6
229: 549
230: 1
231: 633
232: 0
233: 29
234: 0
235: 366
236: 169
237: 125
238: 0
239: 292
240: 405
241: 8
242: 404
243: 548
244: 267
245: 451
246: 243
247: 190
248: 340
249: 406
250: 139
251: 460
252: 540
253: 18
254: 597
255: 661
256: 365
257: 635
258: 711
259: 706
260: 685
261: 707
262: 206
263: 414
264: 601
265: 461
266: 422
267: 584
268: 294
269: 520
270: 272
271: 445
272: 441
273: 168
274: 514
275: 375
276: 675
277: 354
278: 608
279: 540
280: 289
281: 97
282: 440
283: 618
284: 549
285: 278
286: 599
287: 645
288: 469
289: 630
290: 337
291: 463
292: 388
293: 500
294: 380
295: 155
296: 316
297: 298
298: 310
299: 334
300: 508
301: 503
302: 379
303: 546
304: 341
305: 520
306: 281
307: 264
308: 566
309: 479
310: 576
311: 381
312: 577
313: 359
314: 315
315: 263
316: 318
317: 270
318: 486
319: 629
320: 519
321: 646
322: 647
323: 615
324: 700
325: 259
326: 4
327: 604
328: 254
329: 503
330: 398
331: 703
332: 496
333: 459
334: 664
335: 609
336: 679
337: 646
338: 692
339: 216
340: 239
341: 507
342: 440
343: 406
344: 658
345: 422
346: 509
347: 295
348: 594
349: 321
350: 245
351: 162
352: 628
353: 10
354: 93
355: 657
356: 146
357: 58
358: 332
359: 385
360: 519
361: 334
362: 327
363: 180
364: 438
365: 573
366: 294
367: 466
368: 634
369: 341
370: 636
371: 425
372: 292
373: 273
374: 331
375: 613
376: 559
377: 632
378: 134
379: 448
380: 503
381: 490
382: 508
383: 682
384: 328
385: 560
386: 306
387: 366
388: 277
389: 459
390: 567
391: 429
392: 438
393: 155
394: 246
395: 635
396: 611
397: 327
398: 381
399: 656
400: 642
401: 230
402: 693
403: 461
404: 433
405: 450
406: 292
407: 414
408: 153
409: 582
410: 367
411: 60
412: 202
413: 239
414: 700
415: 429
416: 323
417: 643
418: 432
419: 521
420: 514
421: 398
422: 128
423: 274
424: 540
425: 640
426: 534
427: 442
428: 504
429: 355
430: 434
431: 489
432: 532
433: 0
434: 609
435: 252
436: 354
437: 457
438: 264
439: 488
440: 684
441: 421
442: 500
443: 328
444: 625
445: 661
446: 573
447: 409
448: 390
449: 459
450: 707
451: 548
452: 566
453: 541
454: 438
455: 520
456: 706
457: 348
458: 706
459: 532
460: 648
461: 339
462: 594
463: 351
464: 711
465: 384
466: 201
467: 484
468: 263
469: 118
470: 9
471: 268
472: 75
473: 193
474: 35
475: 558
476: 691
477: 294
478: 601
479: 520
480: 266
481: 545
482: 483
483: 88
484: 340
485: 165
486: 270
487: 507
488: 491
489: 304
490: 415
491: 615
492: 572
493: 684
494: 626
495: 472
496: 197
497: 150
498: 271
499: 569
500: 547
