1: 1
2: 1
3: 1
4: 0
5: 0
6: 702
7: 2
8: 0
9: 0
10: 0
11: 0
12: 0
13: 0
14: 1
15: 1
16: 1
17: 0
18: 0
19: 0
20: 0
21: 0
22: 0
23: 0
24: 0
25: 0
26: 0
27: 0
28: 0
29: 0
30: 0
31: 21
32: 0
33: 0
34: 0
35: 0
36: 0
37: 1
38: 9
39: 0
40: 189
41: 1
42: 1
43: 1
44: 0
45: 1
46: 0
47: 0
48: 1
49: 0
50: 1
51: 0
52: 0
53: 0
54: 0
55: 0
56: 0
57: 0
58: 0
59: 0
60: 1
61: 0
62: 0
63: 0
64: 0
65: 7
66: 0
67: 1
68: 2
69: 0
70: 0
71: 0
72: 0
73: 1
74: 0
75: 1
76: 0
77: 1
78: 0
79: 1
80: 1
81: 171
82: 0
83: 1
84: 0
85: 0
86: 0
87: 0
88: 0
89: 0
90: 0
91: 0
92: 0
93: 3
94: 0
95: 1
96: 0
97: 0
98: 0
99: 0
100: 0
101: 0
102: 0
103: 1
104: 1
105: 0
106: 1
107: 1
108: 54
109: 0
110: 0
111: 1
112: 1
113: 1
114: 0
115: 0
116: 4
117: 0
118: 0
119: 0
120: 0
121: 0
122: 0
123: 0
124: 0
125: 0
126: 0
127: 317
128: 1
129: 0
130: 0
131: 1
132: 1
133: 1
134: 242
135: 1
136: 0
137: 2
138: 1
139: 1
140: 0
141: 1
142: 1
143: 0
144: 0
145: 271
146: 1
147: 0
148: 0
149: 1
150: 0
151: 2
152: 0
153: 1
154: 0
155: 0
156: 0
157: 0
158: 0
159: 248
160: 0
161: 1
162: 1
163: 1
164: 1
165: 1
166: 1
167: 1
168: 5
169: 0
170: 0
171: 1
172: 0
173: 0
174: 0
175: 325
176: 0
177: 0
178: 0
179: 1
180: 0
181: 0
182: 0
183: 0
184: 0
185: 0
186: 0
187: 0
188: 0
189: 0
190: 0
191: 0
192: 0
193: 0
194: 0
195: 0
196: 0
197: 0
198: 0
199: 0
200: 0
201: 1
202: 0
203: 0
204: 0
205: 0
206: 0
207: 0
208: 3
209: 1
210: 0
211: 707
212: 0
213: 1
214: 0
215: 1
216: 0
217: 0
218: 1
219: 1
220: 0
221: 0
222: 0
223: 69
224: 15
225: 1
226: 1
227: 9
228: 1
229: 1
230: 0
231: 3
232: 0
233: 0
234: 0
235: 0
236: 161
237: 0
238: 0
239: 1
240: 1
241: 1
242: 1
243: 1
244: 1
245: 0
246: 0
247: 1
248: 0
249: 0
250: 51
251: 0
252: 125
253: 1
254: 33
255: 1
256: 0
257: 0
258: 1
259: 101
260: 25
261: 0
262: 2
263: 0
264: 712
265: 0
266: 0
267: 0
268: 1
269: 0
270: 1
271: 0
272: 0
273: 14
274: 0
275: 4
276: 14
277: 1
278: 1
279: 0
280: 2
281: 1
282: 0
283: 1
284: 0
285: 1
286: 0
287: 0
288: 294
289: 0
290: 0
291: 0
292: 1
293: 8
294: 29
295: 0
296: 0
297: 0
298: 0
299: 20
300: 1
301: 323
302: 1
303: 11
304: 581
305: 698
306: 3
307: 172
308: 703
309: 275
310: 13
311: 140
312: 108
313: 0
314: 108
315: 0
316: 0
317: 1
318: 0
319: 1
320: 0
321: 1
322: 1
323: 42
324: 0
325: 3
326: 33
327: 1
328: 99
329: 3
330: 1
331: 3
332: 21
333: 1
334: 130
335: 0
336: 0
337: 0
338: 0
339: 0
340: 29
341: 0
342: 104
343: 1
344: 0
345: 0
346: 0
347: 1
348: 0
349: 1
350: 1
351: 0
352: 0
353: 0
354: 0
355: 0
356: 575
357: 1
358: 75
359: 19
360: 464
361: 0
362: 0
363: 0
364: 0
365: 197
366: 87
367: 1
368: 232
369: 0
370: 0
371: 4
372: 0
373: 2
374: 1
375: 0
376: 1
377: 0
378: 0
379: 635
380: 1
381: 2
382: 1
383: 97
384: 177
385: 517
386: 15
387: 0
388: 3
389: 1
390: 10
391: 0
392: 609
393: 1
394: 0
395: 1
396: 49
397: 0
398: 2
399: 42
400: 75
401: 1
402: 1
403: 1
404: 1
405: 1
406: 1
407: 0
408: 1
409: 1
410: 367
411: 0
412: 0
413: 361
414: 150
415: 4
416: 27
417: 0
418: 0
419: 0
420: 0
421: 1
422: 0
423: 0
424: 3
425: 2
426: 344
427: 63
428: 1
429: 47
430: 359
431: 1
432: 295
433: 1
434: 66
435: 78
436: 0
437: 708
438: 91
439: 0
440: 0
441: 419
442: 10
443: 570
444: 504
445: 709
446: 28
447: 2
448: 83
449: 135
450: 621
451: 383
452: 464
453: 178
454: 711
455: 680
456: 421
457: 6
458: 2
459: 0
460: 1
461: 14
462: 27
463: 0
464: 1
465: 1
466: 0
467: 0
468: 473
469: 0
470: 0
471: 0
472: 1
473: 0
474: 1
475: 1
476: 1
477: 1
478: 1
479: 0
480: 0
481: 419
482: 1
483: 1
484: 1
485: 1
486: 0
487: 19
488: 1
489: 0
490: 0
491: 0
492: 0
493: 0
494: 0
495: 0
496: 0
497: 0
498: 0
499: 0
500: 81
