1: 340
2: 385
3: 232
4: 0
5: 157
6: 1
7: 10
8: 1
9: 528
10: 58
11: 1
12: 2
13: 34
14: 18
15: 650
16: 360
17: 0
18: 568
19: 19
20: 13
21: 1
22: 1
23: 173
24: 109
25: 251
26: 495
27: 305
28: 539
29: 6
30: 349
31: 656
32: 51
33: 443
34: 629
35: 402
36: 58
37: 709
38: 1
39: 541
40: 1
41: 298
42: 683
43: 1
44: 0
45: 32
46: 50
47: 93
48: 0
49: 0
50: 0
51: 18
52: 1
53: 6
54: 0
55: 2
56: 0
57: 589
58: 590
59: 360
60: 156
61: 363
62: 691
63: 315
64: 440
65: 708
66: 695
67: 501
68: 687
69: 589
70: 113
71: 495
72: 317
73: 1
74: 214
75: 349
76: 331
77: 218
78: 493
79: 424
80: 0
81: 0
82: 713
83: 56
84: 0
85: 560
86: 190
87: 0
88: 1
89: 0
90: 427
91: 6
92: 1
93: 395
94: 113
95: 0
96: 138
97: 681
98: 1
99: 8
100: 11
101: 2
102: 431
103: 6
104: 78
105: 0
106: 0
107: 0
108: 0
109: 706
110: 0
111: 0
112: 376
113: 0
114: 1
115: 0
116: 133
117: 1
118: 4
119: 459
120: 1
121: 1
122: 1
123: 1
124: 491
125: 2
126: 167
127: 466
128: 1
129: 16
130: 1
131: 0
132: 22
133: 138
134: 15
135: 408
136: 141
137: 0
138: 62
139: 244
140: 479
141: 11
142: 37
143: 1
144: 1
145: 234
146: 3
147: 1
148: 1
149: 23
150: 201
151: 0
152: 19
153: 0
154: 392
155: 0
156: 171
157: 555
158: 226
159: 218
160: 80
161: 25
162: 351
163: 15
164: 0
165: 49
166: 160
167: 21
168: 706
169: 1
170: 0
171: 0
172: 0
173: 1
174: 1
175: 1
176: 1
177: 26
178: 0
179: 14
180: 0
181: 0
182: 41
183: 203
184: 329
185: 398
186: 0
187: 3
188: 5
189: 712
190: 21
191: 0
192: 0
193: 18
194: 1
195: 61
196: 1
197: 1
198: 1
199: 0
200: 25
201: 157
202: 508
203: 587
204: 2
205: 34
206: 712
207: 152
208: 4
209: 0
210: 164
211: 195
212: 6
213: 47
214: 503
215: 703
216: 150
217: 100
218: 387
219: 362
220: 654
221: 0
222: 711
223: 0
224: 1
225: 401
226: 34
227: 315
228: 287
229: 2
230: 4
231: 0
232: 0
233: 0
234: 0
235: 0
236: 6
237: 0
238: 388
239: 0
240: 695
241: 167
242: 670
243: 459
244: 489
245: 98
246: 19
247: 0
248: 89
249: 1
250: 358
251: 0
252: 0
253: 20
254: 95
255: 115
256: 184
257: 0
258: 444
259: 2
260: 56
261: 607
262: 0
263: 0
264: 1
265: 5
266: 5
267: 1
268: 0
269: 436
270: 0
271: 1
272: 0
273: 0
274: 334
275: 1
276: 1
277: 503
278: 1
279: 0
280: 0
281: 16
282: 0
283: 5
284: 390
285: 20
286: 2
287: 0
288: 0
289: 698
290: 1
291: 2
292: 1
293: 265
294: 1
295: 0
296: 220
297: 1
298: 690
299: 1
300: 4
301: 362
302: 0
303: 334
304: 255
305: 315
306: 188
307: 5
308: 215
309: 1
310: 495
311: 1
312: 129
313: 548
314: 35
315: 28
316: 151
317: 706
318: 1
319: 54
320: 163
321: 83
322: 30
323: 3
324: 520
325: 264
326: 668
327: 591
328: 303
329: 248
330: 0
331: 344
332: 26
333: 492
334: 347
335: 141
336: 383
337: 561
338: 500
339: 227
340: 2
341: 338
342: 28
343: 620
344: 1
345: 79
346: 144
347: 1
348: 529
349: 0
350: 28
351: 560
352: 116
353: 0
354: 393
355: 579
356: 93
357: 9
358: 411
359: 0
360: 15
361: 23
362: 321
363: 502
364: 3
365: 0
366: 12
367: 416
368: 0
369: 472
370: 0
371: 111
372: 7
373: 118
374: 0
375: 556
376: 0
377: 517
378: 0
379: 0
380: 8
381: 366
382: 281
383: 671
384: 33
385: 0
386: 332
387: 418
388: 6
389: 195
390: 629
391: 711
392: 710
393: 1
394: 313
395: 194
396: 76
397: 470
398: 356
399: 627
400: 559
401: 263
402: 187
403: 522
404: 574
405: 558
406: 186
407: 680
408: 530
409: 353
410: 181
411: 510
412: 652
413: 504
414: 359
415: 398
416: 555
417: 2
418: 159
419: 692
420: 29
421: 398
422: 634
423: 169
424: 369
425: 79
426: 416
427: 277
428: 619
429: 557
430: 651
431: 665
432: 0
433: 497
434: 602
435: 568
436: 43
437: 371
438: 267
439: 229
440: 1
441: 542
442: 415
443: 59
444: 599
445: 7
446: 679
447: 1
448: 1
449: 185
450: 300
451: 278
452: 710
453: 225
454: 32
455: 360
456: 157
457: 680
458: 248
459: 535
460: 223
461: 680
462: 297
463: 701
464: 269
465: 104
466: 408
467: 358
468: 2
469: 456
470: 461
471: 301
472: 386
473: 215
474: 711
475: 521
476: 476
477: 569
478: 695
479: 415
480: 598
481: 274
482: 422
483: 247
484: 525
485: 709
486: 395
487: 367
488: 120
489: 77
490: 43
491: 237
492: 477
493: 305
494: 419
495: 327
496: 399
497: 74
498: 676
499: 580
500: 467
