1: 435
2: 434
3: 552
4: 580
5: 321
6: 437
7: 207
8: 360
9: 528
10: 546
11: 345
12: 472
13: 0
14: 579
15: 201
16: 380
17: 1
18: 674
19: 471
20: 99
21: 375
22: 338
23: 576
24: 324
25: 17
26: 333
27: 679
28: 411
29: 490
30: 154
31: 170
32: 608
33: 332
34: 34
35: 620
36: 17
37: 481
38: 433
39: 682
40: 29
41: 448
42: 483
43: 630
44: 325
45: 402
46: 457
47: 216
48: 449
49: 196
50: 634
51: 639
52: 380
53: 550
54: 145
55: 493
56: 384
57: 683
58: 504
59: 146
60: 665
61: 683
62: 631
63: 694
64: 431
65: 682
66: 374
67: 269
68: 349
69: 330
70: 29
71: 373
72: 623
73: 702
74: 567
75: 430
76: 645
77: 288
78: 694
79: 231
80: 172
81: 358
82: 249
83: 340
84: 666
85: 652
86: 581
87: 396
88: 451
89: 619
90: 410
91: 177
92: 678
93: 345
94: 640
95: 593
96: 609
97: 490
98: 395
99: 707
100: 674
101: 707
102: 255
103: 524
104: 669
105: 644
106: 312
107: 622
108: 95
109: 227
110: 652
111: 271
112: 449
113: 445
114: 56
115: 51
116: 489
117: 182
118: 74
119: 577
120: 0
121: 2
122: 709
123: 655
124: 345
125: 307
126: 389
127: 595
128: 592
129: 710
130: 630
131: 647
132: 704
133: 585
134: 709
135: 283
136: 132
137: 214
138: 0
139: 1
140: 22
141: 0
142: 5
143: 2
144: 1
145: 3
146: 358
147: 689
148: 276
149: 23
150: 496
151: 415
152: 80
153: 586
154: 110
155: 17
156: 126
157: 73
158: 227
159: 402
160: 85
161: 50
162: 371
163: 576
164: 460
165: 220
166: 284
167: 0
168: 1
169: 47
170: 377
171: 319
172: 0
173: 124
174: 385
175: 619
176: 532
177: 134
178: 373
179: 101
180: 180
181: 34
182: 136
183: 219
184: 196
185: 3
186: 26
187: 3
188: 1
189: 626
190: 51
191: 604
192: 190
193: 455
194: 286
195: 451
196: 391
197: 356
198: 509
199: 152
200: 700
201: 550
202: 551
203: 369
204: 0
205: 2
206: 708
207: 482
208: 263
209: 246
210: 299
211: 332
212: 188
213: 272
214: 0
215: 74
216: 0
217: 186
218: 365
219: 708
220: 61
221: 19
222: 549
223: 0
224: 541
225: 77
226: 1
227: 0
228: 3
229: 367
230: 204
231: 30
232: 7
233: 499
234: 247
235: 469
236: 0
237: 553
238: 158
239: 11
240: 296
241: 9
242: 496
243: 637
244: 35
245: 21
246: 45
247: 12
248: 249
249: 5
250: 362
251: 61
252: 0
253: 134
254: 640
255: 432
256: 21
257: 704
258: 197
259: 23
260: 633
261: 711
262: 236
263: 387
264: 523
265: 221
266: 499
267: 145
268: 427
269: 144
270: 364
271: 665
272: 703
273: 5
274: 496
275: 33
276: 542
277: 410
278: 658
279: 322
280: 278
281: 542
282: 519
283: 593
284: 437
285: 0
286: 616
287: 532
288: 449
289: 531
290: 485
291: 320
292: 604
293: 515
294: 307
295: 434
296: 281
297: 448
298: 411
299: 589
300: 503
301: 501
302: 465
303: 706
304: 698
305: 501
306: 381
307: 672
308: 653
309: 656
310: 253
311: 372
312: 548
313: 487
314: 710
315: 305
316: 232
317: 687
318: 477
319: 684
320: 322
321: 286
322: 612
323: 411
324: 349
325: 597
326: 301
327: 645
328: 420
329: 344
330: 545
331: 387
332: 581
333: 647
334: 252
335: 526
336: 537
337: 678
338: 588
339: 580
340: 546
341: 249
342: 228
343: 644
344: 662
345: 404
346: 394
347: 96
348: 297
349: 593
350: 540
351: 217
352: 597
353: 370
354: 607
355: 586
356: 461
357: 409
358: 707
359: 695
360: 374
361: 570
362: 434
363: 323
364: 88
365: 597
366: 576
367: 413
368: 686
369: 676
370: 92
371: 485
372: 329
373: 0
374: 624
375: 341
376: 663
377: 400
378: 228
379: 317
380: 129
381: 692
382: 705
383: 314
384: 261
385: 628
386: 539
387: 582
388: 538
389: 654
390: 466
391: 58
392: 390
393: 411
394: 45
395: 411
396: 46
397: 294
398: 151
399: 6
400: 434
401: 561
402: 645
403: 580
404: 665
405: 260
406: 359
407: 562
408: 556
409: 349
410: 8
411: 698
412: 643
413: 379
414: 412
415: 148
416: 438
417: 122
418: 61
419: 679
420: 639
421: 232
422: 375
423: 109
424: 615
425: 515
426: 246
427: 401
428: 335
429: 176
430: 236
431: 155
432: 211
433: 192
434: 271
435: 287
436: 269
437: 197
438: 496
439: 394
440: 678
441: 418
442: 69
443: 307
444: 710
445: 1
446: 612
447: 530
448: 615
449: 595
450: 399
451: 639
452: 306
453: 0
454: 695
455: 0
456: 31
457: 0
458: 702
459: 624
460: 239
461: 522
462: 1
463: 611
464: 620
465: 232
466: 432
467: 306
468: 149
469: 113
470: 216
471: 431
472: 344
473: 72
474: 177
475: 494
476: 396
477: 627
478: 528
479: 399
480: 107
481: 177
482: 534
483: 514
484: 378
485: 469
486: 468
487: 404
488: 626
489: 200
490: 375
491: 355
492: 242
493: 388
494: 449
495: 616
496: 660
497: 377
498: 613
499: 303
500: 624
