1: 613
2: 443
3: 56
4: 411
5: 136
6: 443
7: 222
8: 500
9: 626
10: 557
11: 368
12: 4
13: 31
14: 599
15: 105
16: 203
17: 128
18: 486
19: 76
20: 662
21: 85
22: 365
23: 57
24: 143
25: 163
26: 1
27: 122
28: 520
29: 11
30: 125
31: 209
32: 2
33: 90
34: 442
35: 1
36: 399
37: 456
38: 20
39: 5
40: 516
41: 253
42: 1
43: 210
44: 25
45: 184
46: 113
47: 287
48: 457
49: 23
50: 253
51: 695
52: 1
53: 542
54: 0
55: 0
56: 677
57: 421
58: 566
59: 274
60: 283
61: 300
62: 289
63: 643
64: 654
65: 89
66: 351
67: 591
68: 650
69: 425
70: 285
71: 154
72: 12
73: 241
74: 117
75: 0
76: 168
77: 499
78: 3
79: 440
80: 237
81: 206
82: 670
83: 139
84: 47
85: 193
86: 29
87: 329
88: 518
89: 353
90: 2
91: 622
92: 98
93: 523
94: 205
95: 1
96: 37
97: 359
98: 76
99: 8
100: 12
101: 673
102: 712
103: 592
104: 207
105: 692
106: 0
107: 376
108: 175
109: 271
110: 710
111: 5
112: 0
113: 308
114: 706
115: 708
116: 270
117: 396
118: 244
119: 95
120: 707
121: 306
122: 623
123: 625
124: 0
125: 572
126: 672
127: 90
128: 473
129: 181
130: 334
131: 380
132: 707
133: 392
134: 354
135: 334
136: 429
137: 439
138: 293
139: 369
140: 678
141: 164
142: 532
143: 295
144: 0
145: 209
146: 462
147: 141
148: 711
149: 304
150: 502
151: 710
152: 136
153: 1
154: 642
155: 585
156: 0
157: 0
158: 594
159: 525
160: 319
161: 303
162: 461
163: 100
164: 181
165: 358
166: 275
167: 175
168: 539
169: 408
170: 678
171: 597
172: 392
173: 454
174: 310
175: 151
176: 555
177: 388
178: 330
179: 674
180: 241
181: 482
182: 375
183: 551
184: 9
185: 596
186: 218
187: 272
188: 3
189: 63
190: 707
191: 99
192: 350
193: 0
194: 251
195: 347
196: 332
197: 1
198: 3
199: 387
200: 416
201: 705
202: 140
203: 322
204: 666
205: 303
206: 10
207: 0
208: 0
209: 488
210: 477
211: 407
212: 40
213: 453
214: 432
215: 542
216: 585
217: 0
218: 621
219: 468
220: 568
221: 555
222: 366
223: 605
224: 575
225: 699
226: 211
227: 349
228: 240
229: 710
230: 546
231: 337
232: 461
233: 605
234: 473
235: 498
236: 1
237: 695
238: 0
239: 452
240: 608
241: 664
242: 454
243: 696
244: 495
245: 413
246: 395
247: 381
248: 368
249: 14
250: 606
251: 329
252: 491
253: 670
254: 492
255: 511
256: 299
257: 542
258: 211
259: 680
260: 669
261: 603
262: 218
263: 1
264: 29
265: 684
266: 349
267: 359
268: 1
269: 305
270: 252
271: 638
272: 147
273: 1
274: 622
275: 705
276: 369
277: 577
278: 433
279: 429
280: 688
281: 573
282: 248
283: 216
284: 0
285: 692
286: 2
287: 588
288: 65
289: 42
290: 357
291: 95
292: 264
293: 515
294: 562
295: 285
296: 191
297: 458
298: 1
299: 1
300: 307
301: 283
302: 336
303: 22
304: 283
305: 214
306: 585
307: 437
308: 241
309: 510
310: 546
311: 275
312: 0
313: 489
314: 614
315: 1
316: 333
317: 129
318: 41
319: 354
320: 306
321: 544
322: 320
323: 377
324: 678
325: 0
326: 40
327: 676
328: 0
329: 3
330: 1
331: 6
332: 0
333: 1
334: 0
335: 706
336: 299
337: 50
338: 0
339: 0
340: 566
341: 663
342: 1
343: 98
344: 403
345: 362
346: 481
347: 393
348: 0
349: 21
350: 7
351: 159
352: 0
353: 391
354: 297
355: 150
356: 302
357: 456
358: 0
359: 253
360: 119
361: 25
362: 704
363: 548
364: 697
365: 561
366: 53
367: 204
368: 161
369: 142
370: 326
371: 464
372: 101
373: 0
374: 414
375: 658
376: 400
377: 608
378: 198
379: 506
380: 258
381: 24
382: 0
383: 1
384: 687
385: 333
386: 704
387: 479
388: 365
389: 343
390: 592
391: 609
392: 171
393: 151
394: 470
395: 640
396: 41
397: 1
398: 711
399: 487
400: 628
401: 0
402: 151
403: 31
404: 1
405: 342
406: 369
407: 95
408: 1
409: 435
410: 700
411: 546
412: 641
413: 315
414: 366
415: 673
416: 527
417: 706
418: 502
419: 651
420: 157
421: 261
422: 709
423: 270
424: 327
425: 0
426: 0
427: 355
428: 511
429: 285
430: 242
431: 118
432: 62
433: 93
434: 2
435: 553
436: 523
437: 610
438: 421
439: 691
440: 365
441: 562
442: 610
443: 441
444: 661
445: 399
446: 492
447: 614
448: 45
449: 284
450: 64
451: 54
452: 203
453: 5
454: 46
455: 384
456: 540
457: 561
458: 279
459: 431
460: 0
461: 405
462: 359
463: 144
464: 226
465: 167
466: 331
467: 578
468: 525
469: 709
470: 1
471: 0
472: 75
473: 563
474: 120
475: 484
476: 697
477: 591
478: 199
479: 215
480: 201
481: 515
482: 615
483: 467
484: 317
485: 76
486: 0
487: 4
488: 584
489: 540
490: 1
491: 701
492: 37
493: 14
494: 562
495: 53
496: 295
497: 60
498: 566
499: 186
500: 1
