1: 659
2: 148
3: 638
4: 550
5: 461
6: 330
7: 506
8: 406
9: 644
10: 679
11: 6
12: 2
13: 145
14: 77
15: 366
16: 534
17: 424
18: 626
19: 637
20: 709
21: 601
22: 449
23: 461
24: 616
25: 546
26: 661
27: 584
28: 3
29: 580
30: 685
31: 612
32: 521
33: 350
34: 418
35: 664
36: 655
37: 669
38: 1
39: 331
40: 685
41: 332
42: 100
43: 664
44: 400
45: 544
46: 641
47: 384
48: 460
49: 223
50: 388
51: 338
52: 396
53: 22
54: 646
55: 552
56: 345
57: 274
58: 389
59: 471
60: 489
61: 317
62: 298
63: 488
64: 549
65: 590
66: 456
67: 438
68: 394
69: 632
70: 124
71: 251
72: 271
73: 141
74: 277
75: 454
76: 363
77: 321
78: 166
79: 491
80: 555
81: 680
82: 544
83: 454
84: 646
85: 313
86: 318
87: 1
88: 389
89: 570
90: 272
91: 196
92: 616
93: 699
94: 371
95: 303
96: 230
97: 2
98: 295
99: 1
100: 1
101: 0
102: 1
103: 0
104: 153
105: 16
106: 0
107: 321
108: 164
109: 0
110: 162
111: 1
112: 1
113: 1
114: 1
115: 0
116: 257
117: 673
118: 1
119: 180
120: 30
121: 470
122: 10
123: 380
124: 3
125: 6
126: 78
127: 690
128: 711
129: 364
130: 1
131: 553
132: 584
133: 2
134: 7
135: 248
136: 1
137: 693
138: 329
139: 14
140: 0
141: 4
142: 171
143: 79
144: 342
145: 343
146: 0
147: 0
148: 66
149: 504
150: 2
151: 402
152: 493
153: 1
154: 1
155: 268
156: 5
157: 56
158: 566
159: 169
160: 62
161: 1
162: 0
163: 1
164: 595
165: 0
166: 259
167: 167
168: 39
169: 18
170: 28
171: 41
172: 512
173: 356
174: 302
175: 1
176: 23
177: 431
178: 0
179: 568
180: 533
181: 1
182: 498
183: 1
184: 162
185: 1
186: 323
187: 112
188: 1
189: 22
190: 0
191: 0
192: 0
193: 309
194: 0
195: 1
196: 4
197: 0
198: 1
199: 0
200: 1
201: 46
202: 91
203: 6
204: 23
205: 218
206: 616
207: 68
208: 1
209: 1
210: 2
211: 390
212: 1
213: 2
214: 1
215: 496
216: 89
217: 8
218: 0
219: 142
220: 689
221: 0
222: 0
223: 0
224: 0
225: 0
226: 94
227: 30
228: 2
229: 413
230: 31
231: 0
232: 1
233: 5
234: 1
235: 1
236: 8
237: 1
238: 1
239: 1
240: 0
241: 460
242: 17
243: 0
244: 0
245: 0
246: 683
247: 3
248: 0
249: 0
250: 625
251: 0
252: 602
253: 281
254: 655
255: 557
256: 1
257: 210
258: 475
259: 653
260: 256
261: 0
262: 129
263: 217
264: 701
265: 536
266: 71
267: 3
268: 255
269: 379
270: 709
271: 335
272: 0
273: 220
274: 231
275: 8
276: 1
277: 696
278: 208
279: 682
280: 352
281: 649
282: 660
283: 586
284: 104
285: 511
286: 0
287: 15
288: 34
289: 7
290: 492
291: 49
292: 669
293: 3
294: 697
295: 338
296: 1
297: 344
298: 137
299: 333
300: 612
301: 672
302: 269
303: 695
304: 571
305: 384
306: 266
307: 609
308: 190
309: 9
310: 527
311: 252
312: 504
313: 565
314: 646
315: 696
316: 320
317: 522
318: 636
319: 638
320: 398
321: 0
322: 669
323: 664
324: 399
325: 701
326: 166
327: 578
328: 274
329: 343
330: 468
331: 336
332: 379
333: 6
334: 630
335: 256
336: 347
337: 410
338: 1
339: 311
340: 385
341: 96
342: 551
343: 0
344: 4
345: 1
346: 0
347: 5
348: 0
349: 636
350: 181
351: 430
352: 476
353: 360
354: 240
355: 278
356: 10
357: 306
358: 621
359: 269
360: 0
361: 243
362: 4
363: 554
364: 8
365: 410
366: 17
367: 1
368: 3
369: 310
370: 1
371: 300
372: 332
373: 694
374: 482
375: 1
376: 510
377: 566
378: 0
379: 119
380: 427
381: 225
382: 669
383: 584
384: 272
385: 391
386: 560
387: 579
388: 516
389: 99
390: 373
391: 548
392: 0
393: 0
394: 11
395: 0
396: 1
397: 1
398: 34
399: 0
400: 0
401: 1
402: 504
403: 3
404: 37
405: 0
406: 0
407: 154
408: 157
409: 594
410: 307
411: 0
412: 54
413: 105
414: 26
415: 1
416: 581
417: 678
418: 1
419: 179
420: 507
421: 216
422: 686
423: 320
424: 369
425: 378
426: 12
427: 19
428: 75
429: 160
430: 28
431: 291
432: 20
433: 351
434: 0
435: 315
436: 12
437: 537
438: 0
439: 0
440: 2
441: 125
442: 66
443: 251
444: 561
445: 153
446: 39
447: 235
448: 23
449: 231
450: 555
451: 488
452: 49
453: 1
454: 708
455: 326
456: 637
457: 0
458: 251
459: 2
460: 603
461: 518
462: 79
463: 171
464: 367
465: 1
466: 436
467: 47
468: 0
469: 139
470: 553
471: 410
472: 8
473: 142
474: 11
475: 1
476: 486
477: 4
478: 712
479: 357
480: 2
481: 1
482: 482
483: 259
484: 77
485: 0
486: 0
487: 0
488: 299
489: 479
490: 237
491: 682
492: 636
493: 336
494: 230
495: 30
496: 1
497: 281
498: 504
499: 297
500: 93
