1: 396
2: 385
3: 398
4: 390
5: 416
6: 380
7: 400
8: 386
9: 424
10: 401
11: 394
12: 409
13: 408
14: 395
15: 415
16: 412
17: 417
18: 407
19: 386
20: 387
21: 415
22: 397
23: 408
24: 394
25: 416
26: 386
27: 419
28: 380
29: 408
30: 387
31: 399
32: 412
33: 416
34: 379
35: 400
36: 403
37: 423
38: 395
39: 407
40: 398
41: 410
42: 389
43: 413
44: 400
45: 415
46: 410
47: 423
48: 421
49: 401
50: 390
51: 394
52: 393
53: 387
54: 421
55: 384
56: 414
57: 386
58: 422
59: 392
60: 419
61: 403
62: 404
63: 392
64: 418
65: 394
66: 398
67: 405
68: 398
69: 386
70: 396
71: 386
72: 410
73: 415
74: 377
75: 408
76: 424
77: 384
78: 408
79: 409
80: 408
81: 421
82: 384
83: 394
84: 389
85: 425
86: 415
87: 420
88: 395
89: 396
90: 385
91: 387
92: 424
93: 414
94: 414
95: 383
96: 394
97: 423
98: 398
99: 394
100: 397
101: 378
102: 389
103: 421
104: 382
105: 389
106: 383
107: 420
108: 427
109: 426
110: 420
111: 416
112: 396
113: 408
114: 378
115: 387
116: 397
117: 378
118: 393
119: 383
120: 425
121: 418
122: 400
123: 415
124: 393
125: 414
126: 384
127: 428
128: 430
129: 381
130: 401
131: 416
132: 383
133: 385
134: 395
135: 420
136: 390
137: 418
138: 383
139: 393
140: 412
141: 417
142: 376
143: 424
144: 418
145: 405
146: 416
147: 418
148: 409
149: 417
150: 424
151: 411
152: 390
153: 421
154: 423
155: 411
156: 397
157: 426
158: 397
159: 422
160: 408
161: 424
162: 387
163: 421
164: 414
165: 428
166: 393
167: 424
168: 398
169: 399
170: 425
171: 413
172: 388
173: 387
174: 423
175: 395
176: 394
177: 386
178: 388
179: 389
180: 407
181: 423
182: 393
183: 413
184: 404
185: 410
186: 421
187: 412
188: 423
189: 411
190: 411
191: 399
192: 419
193: 405
194: 391
195: 423
196: 393
197: 403
198: 412
199: 410
200: 411
201: 418
202: 392
203: 403
204: 383
205: 414
206: 407
207: 418
208: 390
209: 423
210: 395
211: 411
212: 379
213: 402
214: 375
215: 422
216: 407
217: 424
218: 381
219: 393
220: 401
221: 392
222: 415
223: 391
224: 395
225: 393
226: 400
227: 382
228: 405
229: 398
230: 384
231: 381
232: 422
233: 388
234: 393
235: 400
236: 392
237: 402
238: 420
239: 410
240: 395
241: 410
242: 424
243: 421
244: 394
245: 420
246: 417
247: 382
248: 407
249: 413
250: 392
251: 408
252: 423
253: 416
254: 420
255: 411
256: 380
257: 385
258: 381
259: 391
260: 417
261: 387
262: 403
263: 382
264: 427
265: 393
266: 387
267: 383
268: 384
269: 390
270: 408
271: 417
272: 418
273: 392
274: 399
275: 403
276: 376
277: 410
278: 419
279: 387
280: 378
281: 409
282: 420
283: 388
284: 392
285: 421
286: 387
287: 399
288: 385
289: 409
290: 416
291: 407
292: 407
293: 420
294: 412
295: 405
296: 393
297: 400
298: 422
299: 419
300: 424
301: 396
302: 383
303: 422
304: 382
305: 420
306: 387
307: 405
308: 405
309: 415
310: 394
311: 407
312: 392
313: 403
314: 396
315: 408
316: 385
317: 403
318: 407
319: 404
320: 392
321: 399
322: 403
323: 383
324: 385
325: 427
326: 384
327: 392
328: 420
329: 382
330: 390
331: 404
332: 412
333: 410
334: 399
335: 399
336: 404
337: 383
338: 400
339: 409
340: 412
341: 413
342: 397
343: 396
344: 401
345: 386
346: 387
347: 416
348: 396
349: 417
350: 419
351: 396
352: 376
353: 384
354: 401
355: 410
356: 418
357: 395
358: 389
359: 382
360: 386
361: 396
362: 402
363: 381
364: 411
365: 395
366: 391
367: 417
368: 381
369: 402
370: 410
371: 406
372: 402
373: 424
374: 386
375: 396
376: 401
377: 396
378: 383
379: 415
380: 387
381: 400
382: 417
383: 406
384: 387
385: 400
386: 378
387: 375
388: 425
389: 387
390: 413
391: 401
392: 422
393: 395
394: 423
395: 411
396: 392
397: 387
398: 404
399: 393
400: 412
401: 400
402: 420
403: 387
404: 423
405: 386
406: 413
407: 427
408: 402
409: 397
410: 413
411: 394
412: 412
413: 406
414: 418
415: 399
416: 381
417: 383
418: 391
419: 415
420: 412
421: 392
422: 402
423: 401
424: 403
425: 401
426: 425
427: 395
428: 402
429: 409
430: 417
431: 399
432: 396
433: 401
434: 416
435: 410
436: 386
437: 383
438: 417
439: 401
440: 380
441: 385
442: 383
443: 377
444: 409
445: 408
446: 417
447: 423
448: 406
449: 405
450: 416
451: 390
452: 407
453: 416
454: 418
455: 425
456: 425
457: 392
458: 414
459: 409
460: 383
461: 400
462: 418
463: 396
464: 409
465: 407
466: 403
467: 388
468: 425
469: 411
470: 382
471: 427
472: 413
473: 415
474: 380
475: 410
476: 416
477: 393
478: 410
479: 406
480: 414
481: 429
482: 422
483: 404
484: 384
485: 413
486: 384
487: 389
488: 395
489: 424
490: 430
491: 419
492: 390
493: 387
494: 416
495: 388
496: 405
497: 393
498: 414
499: 429
500: 422
