0, 0.0, 0.0, 8.610552771707965e-11, 0, 864.6
1, 5.709013130341264e-14, 0.0, 1.1418026260682526e-15, 5.709013130341264e-14, 653.054693877551
2, 6.477304981631676e-07, 0.0, 1.3578538573029932e-08, 6.477304981631676e-07, 423.87510204081633
3, 2.6492722111333443e-05, 0.0, 6.698303962571148e-07, 2.6492722111333443e-05, 319.7795918367347
4, 0.004375178325014115, 0.0, 0.0001216547572975552, 0.004375178325014115, 210.56244897959184
5, 0.00045422125855307786, 0.0, 3.427039960254752e-05, 0.004375178325014115, 157.33877551020407
6, 0.00012427167021821355, 0.0, 3.607442989940604e-06, 0.004375178325014115, 132.5722448979592
7, 0.0006233003827994813, 0.0, 3.053550115912563e-05, 0.004375178325014115, 112.5534693877551
8, 0.00036260730089524175, 0.0, 3.170464795617095e-05, 0.004375178325014115, 76.50367346938775
9, 0.0020142142197991084, 0.0, 0.00015987867087405928, 0.004375178325014115, 78.37795918367347
10, 0.0018210318281471178, 0.0, 7.535717412375078e-05, 0.004375178325014115, 62.12816326530612
11, 0.004332110250124498, 0.0, 0.00029354859339024403, 0.004375178325014115, 62.06530612244898
12, 0.00723930461390916, 0.0, 0.00048403405381110113, 0.00723930461390916, 59.48571428571429
13, 0.004703078427972353, 0.0, 0.00024315967181498288, 0.00723930461390916, 58.73142857142857
14, 0.01703205708098645, 0.0, 0.0013098512643283716, 0.01703205708098645, 30.78530612244898
15, 0.28228301133662115, 0.0, 0.008194955777211875, 0.28228301133662115, 33.28326530612245
16, 0.2843077502160857, 5.896294221073104e-92, 0.05268199856293517, 0.2843077502160857, 32.3134693877551
17, 0.28385705358000746, 0.0, 0.086452407843479, 0.2843077502160857, 26.900408163265308
18, 0.28543637624531276, 0.0, 0.15614929617120615, 0.28543637624531276, 29.768979591836736
19, 0.28543637624531276, 0.0, 0.18023741119146464, 0.28543637624531276, 32.2930612244898
20, 0.28634121352579583, 5.8361739141756286e-92, 0.20402315443609442, 0.28634121352579583, 35.39020408163265
21, 0.28543637624531276, 0.0, 0.21089158717776482, 0.28634121352579583, 36.82693877551021
22, 0.2843077502160857, 0.0, 0.2099018620860916, 0.28634121352579583, 38.98285714285714
23, 0.28453326011230395, 0.0, 0.21196146196795113, 0.28634121352579583, 39.801632653061226
24, 0.2843077502160857, 0.0, 0.22021849995614737, 0.28634121352579583, 46.00489795918367
25, 0.28385705358000746, 0.0, 0.22400775574234644, 0.28634121352579583, 51.40163265306123
26, 0.2858885798536341, 0.0, 0.24494050467988443, 0.28634121352579583, 51.18448979591837
27, 0.2852104357849811, 0.0, 0.24359773614753993, 0.28634121352579583, 49.69469387755102
28, 0.286114842945764, 0.0, 0.259304879692298, 0.28634121352579583, 49.76326530612245
29, 0.2858885798536341, 0.0, 0.2577919077135362, 0.28634121352579583, 57.950204081632656
30, 0.28747467775433444, 0.0, 0.2507679486275258, 0.28747467775433444, 58.97877551020408
31, 0.2881560443264529, 0.0, 0.25247220709593776, 0.2881560443264529, 62.73714285714286
32, 0.2881560443264529, 0.0, 0.276726142646397, 0.2881560443264529, 62.51020408163265
33, 0.2870209699109173, 0.0, 0.2696317993292045, 0.2881560443264529, 67.81959183673469
34, 0.2872477701596573, 0.05687979343992427, 0.28065934908931767, 0.2881560443264529, 65.76816326530613
35, 0.28883837597253786, 0.0, 0.27405759190163953, 0.28883837597253786, 68.66857142857143
36, 0.2881560443264529, 0.0, 0.25084685910310633, 0.28883837597253786, 71.6195918367347
37, 0.28792881486658906, 0.0, 0.2623870395725246, 0.28883837597253786, 74.32571428571428
38, 0.28770169266624673, 0.0, 0.26866898674321843, 0.28883837597253786, 79.15591836734694
39, 0.28792881486658906, 0.0, 0.2680688828436553, 0.28883837597253786, 82.73387755102041
40, 0.28792881486658906, 0.0, 0.2569894301929309, 0.28883837597253786, 81.39102040816327
41, 0.28906603417933563, 0.0, 0.27233901117693105, 0.28906603417933563, 72.40897959183674
42, 0.2895216719036871, 0.0, 0.25445873546613007, 0.2895216719036871, 73.42204081632653
43, 0.28883837597253786, 0.0, 0.23533345657986726, 0.2895216719036871, 69.29632653061225
44, 0.28861082490859413, 0.0, 0.2401398007809118, 0.2895216719036871, 61.12326530612245
45, 0.28906603417933563, 0.0, 0.23467499257994615, 0.2895216719036871, 54.29387755102041
46, 0.28883837597253786, 0.0, 0.25779024244479454, 0.2895216719036871, 56.40734693877551
47, 0.28906603417933563, 0.0, 0.268702537981601, 0.2895216719036871, 52.77224489795918
48, 0.2895216719036871, 0.0, 0.25870903090798647, 0.2895216719036871, 51.74040816326531
49, 0.2897496513620792, 0.0, 0.26455273761210796, 0.2897496513620792, 52.649795918367346
50, 0.28883837597253786, 0.0, 0.24667169122915827, 0.2897496513620792, 58.0
51, 0.28906603417933563, 0.0, 0.25269735817250344, 0.2897496513620792, 58.57469387755102
52, 0.2892937994995617, 0.0, 0.2627550173508707, 0.2897496513620792, 64.62367346938775
53, 0.29020593132261435, 0.0, 0.2454846733486506, 0.29020593132261435, 65.50530612244899
54, 0.2897496513620792, 0.0, 0.2641879734941483, 0.29020593132261435, 74.38857142857142
55, 0.28906603417933563, 0.0, 0.25893449244714073, 0.29020593132261435, 65.49224489795918
56, 0.2892937994995617, 0.0, 0.2635714944575256, 0.29020593132261435, 66.86775510204082
57, 0.28883837597253786, 0.0, 0.25207271876023446, 0.29020593132261435, 69.96489795918367
58, 0.2892937994995617, 0.0, 0.2652747290911291, 0.29020593132261435, 70.76979591836735
59, 0.2881560443264529, 0.0, 0.26280505383651587, 0.29020593132261435, 67.36489795918368
60, 0.28906603417933563, 0.0, 0.2611157249931699, 0.29020593132261435, 71.49551020408163
61, 0.2892937994995617, 0.0, 0.26799180045377075, 0.29020593132261435, 72.03673469387755
62, 0.2904342317649735, 0.0, 0.26330274512241586, 0.2904342317649735, 72.74530612244898
63, 0.28906603417933563, 0.0, 0.25302402738257007, 0.2904342317649735, 82.1404081632653
64, 0.2892937994995617, 0.0, 0.2532372708993869, 0.2904342317649735, 86.15428571428572
65, 0.2895216719036871, 0.0, 0.2763039036763103, 0.2904342317649735, 92.63836734693878
66, 0.2897496513620792, 0.0, 0.2820258072299662, 0.2904342317649735, 93.37632653061225
67, 0.29020593132261435, 0.0, 0.27063111583631955, 0.2904342317649735, 96.87755102040816
68, 0.2904342317649735, 0.0, 0.27065428333246727, 0.2904342317649735, 98.92
69, 0.2895216719036871, 0.0, 0.25913652543997445, 0.2904342317649735, 97.66775510204081
70, 0.2904342317649735, 0.0, 0.27084505888442617, 0.2904342317649735, 96.33877551020409
71, 0.2897496513620792, 0.0, 0.2705042111465677, 0.2904342317649735, 95.07591836734694
72, 0.28906603417933563, 0.0, 0.2644505437677057, 0.2904342317649735, 93.43591836734694
73, 0.2895216719036871, 0.0, 0.2527336975036513, 0.2904342317649735, 83.8865306122449
74, 0.2892937994995617, 0.0, 0.25887779099200214, 0.2904342317649735, 81.24571428571429
75, 0.28883837597253786, 0.0, 0.2568516834448897, 0.2904342317649735, 74.92244897959183
76, 0.28906603417933563, 0.0, 0.2643824480548409, 0.2904342317649735, 71.05061224489796
77, 0.2895216719036871, 0.0, 0.25871941153424666, 0.2904342317649735, 69.16408163265307
78, 0.29066263914203155, 0.0, 0.24497250987379254, 0.29066263914203155, 72.70040816326531
79, 0.28997773784500164, 0.0, 0.2596927202130295, 0.29066263914203155, 68.63673469387756
80, 0.29066263914203155, 0.0, 0.241906729734683, 0.29066263914203155, 65.52408163265306
81, 0.2904342317649735, 0.0, 0.2248819721445961, 0.29066263914203155, 64.26040816326531
82, 0.29020593132261435, 0.0, 0.24813337885196765, 0.29066263914203155, 66.55510204081632
83, 0.29020593132261435, 0.0, 0.23643117104773753, 0.29066263914203155, 65.75510204081633
84, 0.28997773784500164, 0.0, 0.23087571244716, 0.29066263914203155, 76.52
85, 0.29111977457953436, 0.0, 0.2596778779962126, 0.29111977457953436, 73.95918367346938
86, 0.29020593132261435, 0.0, 0.23662948869227624, 0.29111977457953436, 71.18122448979592
87, 0.29020593132261435, 0.0, 0.25389168035443843, 0.29111977457953436, 77.65061224489796
88, 0.2904342317649735, 0.0, 0.24820601243529733, 0.29111977457953436, 82.34612244897959
89, 0.29020593132261435, 0.0, 0.2541237351433923, 0.29111977457953436, 88.89061224489797
90, 0.29020593132261435, 0.0, 0.26548164713799915, 0.29111977457953436, 103.65306122448979
91, 0.29020593132261435, 0.0, 0.25970952926620366, 0.29111977457953436, 106.04489795918367
92, 0.29020593132261435, 0.0, 0.2480604871860123, 0.29111977457953436, 97.72244897959183
93, 0.29020593132261435, 0.0, 0.25956874807610275, 0.29111977457953436, 91.4465306122449
94, 0.28997773784500164, 0.0, 0.28259438592032676, 0.29111977457953436, 86.3004081632653
95, 0.2897496513620792, 0.0, 0.24801087943051975, 0.29111977457953436, 87.65061224489796
96, 0.2908911534236371, 0.0, 0.25970962348151816, 0.29111977457953436, 87.54040816326531
97, 0.29020593132261435, 0.0, 0.276412793079266, 0.29111977457953436, 88.31020408163265
98, 0.28997773784500164, 0.0, 0.26542735686518626, 0.29111977457953436, 82.74285714285715
99, 0.2904342317649735, 0.0, 0.2652549758312194, 0.29111977457953436, 85.9534693877551
100, 0.29020593132261435, 0.0, 0.25263987194701665, 0.29111977457953436, 82.18448979591837
101, 0.29134850257936434, 0.0, 0.24831099908677148, 0.29134850257936434, 87.17224489795919
102, 0.2895216719036871, 0.0, 0.24187586669795602, 0.29134850257936434, 91.87510204081633
103, 0.29066263914203155, 0.0, 0.24239731061377828, 0.29134850257936434, 94.10612244897959
104, 0.29020593132261435, 0.0, 0.24768983185173682, 0.29134850257936434, 96.28734693877551
105, 0.2904342317649735, 0.0, 0.2596368546012063, 0.29134850257936434, 96.92979591836735
106, 0.28997773784500164, 0.0, 0.2569023589994742, 0.29134850257936434, 99.76489795918367
107, 0.29020593132261435, 0.0, 0.2645751117259156, 0.29134850257936434, 97.3061224489796
108, 0.29134850257936434, 0.0, 0.2593413017281452, 0.29134850257936434, 101.7469387755102
109, 0.29066263914203155, 0.0, 0.2711856390297847, 0.29134850257936434, 112.4195918367347
110, 0.28997773784500164, 0.0, 0.25396472177647944, 0.29134850257936434, 114.57306122448979
111, 0.29066263914203155, 0.0, 0.25645455540125295, 0.29134850257936434, 107.8
112, 0.2895216719036871, 0.0, 0.2688140701014106, 0.29134850257936434, 102.42530612244897
113, 0.28997773784500164, 0.0, 0.27582804079409423, 0.29134850257936434, 94.84326530612245
114, 0.2895216719036871, 0.0, 0.25816348029655134, 0.29134850257936434, 93.6008163265306
115, 0.2895216719036871, 0.0, 0.2582530197370136, 0.29134850257936434, 100.53551020408163
116, 0.2892937994995617, 0.0, 0.25754664206840244, 0.29134850257936434, 103.34122448979592
117, 0.2897496513620792, 0.0, 0.2518790258383518, 0.29134850257936434, 99.70612244897958
118, 0.2897496513620792, 0.0, 0.22320690261231654, 0.29134850257936434, 101.51836734693877
119, 0.2897496513620792, 0.0, 0.2356578815780336, 0.29134850257936434, 103.04081632653062
120, 0.2892937994995617, 0.0, 0.2540564438344201, 0.29134850257936434, 106.41224489795918
121, 0.2895216719036871, 0.0, 0.216638314761771, 0.29134850257936434, 111.75020408163266
122, 0.2895216719036871, 0.0, 0.16133589554670064, 0.29134850257936434, 119.06938775510204
123, 0.29066263914203155, 0.0, 0.1954911202729295, 0.29134850257936434, 114.85224489795918
124, 0.29066263914203155, 0.0, 0.20761346852098314, 0.29134850257936434, 114.22204081632653
125, 0.2895216719036871, 0.0, 0.1916037429174415, 0.29134850257936434, 105.53224489795919
126, 0.3352156828242955, 0.0, 0.1856481089092077, 0.3352156828242955, 91.64
127, 0.3872235419257163, 0.0, 0.17668129901898946, 0.3872235419257163, 70.92163265306122
128, 0.4858763433537942, 0.0, 0.18608515319685853, 0.4858763433537942, 53.99265306122449
129, 0.9466929242460735, 0.0, 0.2209340185629368, 0.9466929242460735, 44.42530612244898
130, 0.9623620959696161, 0.0, 0.29190587407640783, 0.9623620959696161, 36.20816326530612
131, 0.9761977259731462, 0.0, 0.3451061644005947, 0.9761977259731462, 38.652244897959186
132, 0.9966436451938474, 0.0, 0.3138114817281377, 0.9966436451938474, 38.85795918367347
133, 0.9860698106594351, 0.0, 0.40161697770129917, 0.9966436451938474, 33.9134693877551
134, 0.9863982265846014, 0.0, 0.27252781427548994, 0.9966436451938474, 37.688979591836734
135, 0.9384308331802051, 0.0, 0.321329931623326, 0.9966436451938474, 38.4669387755102
136, 0.9812626433753694, 0.0, 0.11989418737932639, 0.9966436451938474, 42.32408163265306
137, 0.9882120290073675, 0.0, 0.16878344593222586, 0.9966436451938474, 48.63510204081633
138, 0.9738967374550571, 0.0, 0.25770473809480804, 0.9966436451938474, 48.91591836734694
139, 0.9732206009864601, 0.0, 0.3763715854250178, 0.9966436451938474, 45.13061224489796
140, 0.9619612353714544, 0.0, 0.40105018626829536, 0.9966436451938474, 42.31836734693878
141, 0.9460645287947521, 0.0, 0.35936622099211973, 0.9966436451938474, 44.25714285714286
142, 0.9810713158149547, 0.0, 0.41506991313847463, 0.9966436451938474, 39.63265306122449
143, 0.9942918537296026, 0.0, 0.4228020755021433, 0.9966436451938474, 44.991020408163266
144, 0.9958680600517517, 0.0, 0.4375242745433012, 0.9966436451938474, 48.47428571428571
145, 0.880504601545418, 0.0, 0.31298431820931033, 0.9966436451938474, 54.86530612244898
146, 0.9922798297843644, 0.0, 0.24831288123880707, 0.9966436451938474, 56.91428571428571
147, 0.9924640388241406, 0.0, 0.3841587096954504, 0.9966436451938474, 58.7665306122449
148, 0.9312261456740666, 0.0, 0.4243935857259283, 0.9966436451938474, 62.68163265306122
149, 0.9905914153272147, 0.0, 0.36171640911295067, 0.9966436451938474, 64.54285714285714
150, 0.9976906706134507, 0.0, 0.30739377579742927, 0.9976906706134507, 65.97142857142858
151, 0.8577367883874268, 0.0, 0.2807570621214797, 0.9976906706134507, 66.98612244897959
152, 0.9969626221939075, 0.0, 0.3783233226771464, 0.9976906706134507, 66.50857142857143
153, 0.979705634889625, 0.0, 0.43549633517426206, 0.9976906706134507, 70.64244897959183
154, 0.9574205862588399, 0.0, 0.38737643217973533, 0.9976906706134507, 68.71020408163265
155, 0.9974826737930499, 0.0, 0.44771712165656913, 0.9976906706134507, 64.37795918367347
156, 0.9619612353714544, 0.0, 0.39984181599285235, 0.9976906706134507, 59.76326530612245
157, 0.9828507514660983, 0.0, 0.47543346111996465, 0.9976906706134507, 58.900408163265304
158, 0.9770473875439337, 0.0, 0.4664375316684884, 0.9976906706134507, 58.36408163265306
159, 0.9989880124051737, 0.0, 0.4038146387223827, 0.9989880124051737, 56.756734693877554
160, 0.9926460486047718, 0.0, 0.4200954114994411, 0.9989880124051737, 65.14693877551021
161, 0.9915856009035505, 0.0, 0.37462407325126146, 0.9989880124051737, 69.35673469387756
162, 0.9757673176879945, 0.0, 0.40515167103348465, 0.9989880124051737, 67.50367346938775
163, 0.9588218382820232, 0.0, 0.4035797351848064, 0.9989880124051737, 58.45061224489796
164, 0.9934663129634622, 0.0, 0.4525610257657005, 0.9989880124051737, 57.10285714285714
165, 0.9441591839376352, 0.0, 0.30655803689225297, 0.9989880124051737, 54.440816326530616
166, 0.9957769422929579, 0.0, 0.2505966501789282, 0.9989880124051737, 57.520816326530614
167, 0.9987756251592552, 0.0, 0.46061703111393776, 0.9989880124051737, 45.10612244897959
168, 0.935386819081823, 0.0, 0.4321860355418835, 0.9989880124051737, 40.27918367346939
169, 0.9459069039251283, 0.0, 0.3578232377382019, 0.9989880124051737, 36.73877551020408
170, 0.9968843636997513, 0.0, 0.37888002827777184, 0.9989880124051737, 43.839183673469385
171, 0.9545526285875382, 0.0, 0.37942487582621603, 0.9989880124051737, 48.66204081632653
172, 0.9707890107321024, 0.0, 0.4164646698519998, 0.9989880124051737, 56.89224489795918
173, 0.9983194137692356, 0.0, 0.3991404494568797, 0.9989880124051737, 59.50938775510204
174, 0.9900388195060345, 0.0, 0.4214337573464737, 0.9989880124051737, 59.86693877551021
175, 0.9913258395063428, 0.0, 0.4021489114276905, 0.9989880124051737, 60.86693877551021
176, 0.9663867863113902, 0.0, 0.4566602317858914, 0.9989880124051737, 59.47020408163265
177, 0.9922798297843644, 0.0, 0.481836915837041, 0.9989880124051737, 61.9404081632653
178, 0.9898982439747636, 0.0, 0.5008706349700881, 0.9989880124051737, 62.66285714285714
179, 0.9965199444787222, 0.0, 0.38549368780917637, 0.9989880124051737, 63.458775510204084
180, 0.9796063222648819, 0.0, 0.26066423902038177, 0.9989880124051737, 67.26775510204082
181, 0.9626282258799163, 0.0, 0.2959703536484026, 0.9989880124051737, 73.9338775510204
182, 0.998488643251663, 0.0, 0.25406511454918124, 0.9989880124051737, 74.72081632653061
183, 0.9958680600517517, 0.0, 0.3199775834901949, 0.9989880124051737, 70.68163265306123
184, 0.9502405413657433, 0.0, 0.16156318245630416, 0.9989880124051737, 69.27755102040817
185, 0.9505437164522944, 0.0, 0.28645326320193637, 0.9989880124051737, 66.48163265306123
186, 0.8617542644538151, 0.0, 0.43916189852551263, 0.9989880124051737, 70.55510204081632
187, 0.948557850406423, 0.0, 0.37322994431910117, 0.9989880124051737, 72.5861224489796
188, 0.9622286977704386, 0.0, 0.41682619109863744, 0.9989880124051737, 77.07020408163265
189, 0.9704334030551546, 0.0, 0.26177653824967867, 0.9989880124051737, 80.43673469387755
190, 0.9995349831538638, 0.0, 0.4126798155186293, 0.9995349831538638, 78.68081632653062
191, 0.96726575218288, 0.0, 0.46300533676413336, 0.9995349831538638, 85.73142857142857
192, 0.9795067748307213, 0.0, 0.48698823285215537, 0.9995349831538638, 86.77551020408163
193, 0.9977580170066324, 0.0, 0.4797620599743271, 0.9995349831538638, 84.75673469387755
194, 0.965240486386312, 0.0, 0.437718104117742, 0.9995349831538638, 87.24734693877551
195, 0.9635526722537353, 0.0, 0.38078855581433935, 0.9995349831538638, 86.44897959183673
196, 0.9946065969067884, 0.0, 0.443264683586526, 0.9995349831538638, 74.66122448979591
197, 0.9984610603838833, 0.0, 0.4967386771572783, 0.9995349831538638, 82.99918367346939
198, 0.994554754389082, 0.0, 0.5325798698495177, 0.9995349831538638, 83.78448979591836
199, 0.8813917162664714, 0.0, 0.3673480737456968, 0.9995349831538638, 86.28244897959183
200, 0.28161004054202227, 0.0, 0.0056322008108404455, 0.9995349831538638, 74.33551020408163
201, 0.2865676915655423, 0.0, 0.18135940749098453, 0.9995349831538638, 61.926530612244896
202, 0.2870209699109173, 0.0, 0.2354120286174756, 0.9995349831538638, 68.40979591836735
203, 0.2870209699109173, 0.0, 0.24869154323831488, 0.9995349831538638, 81.31183673469388
204, 0.2865676915655423, 0.0, 0.25629970757963866, 0.9995349831538638, 85.70367346938775
205, 0.2867942770367138, 0.0, 0.266725324649521, 0.9995349831538638, 96.04
206, 0.28747467775433444, 0.0, 0.27262823555721827, 0.9995349831538638, 100.65795918367347
207, 0.2881560443264529, 0.0, 0.25650191875849127, 0.9995349831538638, 101.87755102040816
208, 0.28838338101682626, 0.0, 0.25667773818059536, 0.9995349831538638, 102.79755102040816
209, 0.33620771016557083, 0.0, 0.25795292565110295, 0.9995349831538638, 96.42367346938775
210, 0.3797902603832647, 0.0, 0.2396791829805213, 0.9995349831538638, 89.91755102040817
211, 0.45955139206086676, 0.0, 0.2662705866659212, 0.9995349831538638, 95.57469387755103
212, 0.6138086772270264, 0.0, 0.3042051246390509, 0.9995349831538638, 111.0865306122449
213, 0.998622824178179, 0.0, 0.4398733347753307, 0.9995349831538638, 92.06367346938775
214, 0.9831238990673493, 0.0, 0.4582526607027409, 0.9995349831538638, 76.26204081632653
215, 0.9422237557206721, 0.0, 0.5010842145340572, 0.9995349831538638, 72.7795918367347
216, 0.792230317118957, 0.0, 0.4387617403281481, 0.9995349831538638, 70.03755102040816
217, 0.9729933805051534, 0.0, 0.5298241128567812, 0.9995349831538638, 62.965714285714284
218, 0.9791062384750838, 0.0, 0.5980714530460469, 0.9995349831538638, 63.40244897959184
219, 0.9221908095938252, 0.0, 0.5344348315974715, 0.9995349831538638, 46.64
220, 0.9774666307944375, 0.0, 0.44972228918737317, 0.9995349831538638, 49.67836734693878
221, 0.9958680600517517, 0.0, 0.40176999636386795, 0.9995349831538638, 52.95755102040816
222, 0.9324516301148803, 0.0, 0.3479016948553025, 0.9995349831538638, 51.9330612244898
223, 0.9319276230348401, 0.0, 0.39960217465359543, 0.9995349831538638, 48.030204081632654
224, 0.9823907621327219, 0.0, 0.528567020734972, 0.9995349831538638, 44.36081632653061
225, 0.9971914513728449, 0.0, 0.5865126295021768, 0.9995349831538638, 39.58122448979592
226, 0.993803155135079, 0.0, 0.5650601909913009, 0.9995349831538638, 42.03836734693878
227, 0.8877438809014379, 0.0, 0.5032312304502193, 0.9995349831538638, 43.012244897959185
228, 0.9815478642752549, 0.0, 0.5030119321358937, 0.9995349831538638, 38.861224489795916
229, 0.8840372095316265, 0.0, 0.4341547106947321, 0.9995349831538638, 41.08816326530612
230, 0.9714940594556127, 0.0, 0.5169207417039755, 0.9995349831538638, 42.368979591836734
231, 0.9895425632085508, 0.0, 0.5477469515165612, 0.9995349831538638, 40.32244897959184
232, 0.9996875488230391, 0.0, 0.5161527009315711, 0.9996875488230391, 31.154285714285713
233, 0.9917140195537957, 0.0, 0.5335998024009954, 0.9996875488230391, 33.34448979591837
234, 0.9990103650120201, 0.0, 0.35391695292725195, 0.9996875488230391, 35.164897959183676
235, 0.9896141839433071, 0.0, 0.5702745506726182, 0.9996875488230391, 38.08326530612245
236, 0.9885894745398641, 0.0, 0.44779028084124967, 0.9996875488230391, 36.38775510204081
237, 0.9973753254970668, 0.0, 0.570311262605879, 0.9996875488230391, 40.44163265306123
238, 0.9812626433753694, 0.0, 0.632077837168035, 0.9996875488230391, 43.453061224489794
239, 0.9792067244089037, 0.0, 0.5276705194163027, 0.9996875488230391, 45.57877551020408
240, 0.9974826737930499, 0.0, 0.547601329562485, 0.9996875488230391, 48.06857142857143
241, 0.9998468867230345, 0.0, 0.6063375129308711, 0.9998468867230345, 50.93551020408163
242, 0.9945026659478988, 0.0, 0.39441266206407927, 0.9998468867230345, 55.93877551020408
243, 0.8846948461887891, 0.0, 0.3676772526887215, 0.9998468867230345, 56.54857142857143
244, 0.9978243701209799, 0.0, 0.6263044830451612, 0.9998468867230345, 54.36816326530612
245, 0.9941849731002634, 0.0, 0.5828891686410776, 0.9998468867230345, 56.33714285714286
246, 0.997116166260315, 0.0, 0.4047889739658938, 0.9998468867230345, 49.075102040816326
247, 0.9474736759973952, 0.0, 0.2978916468195738, 0.9998468867230345, 54.12489795918367
248, 0.9435173739326904, 0.0, 0.21612094372621715, 0.9998468867230345, 58.69387755102041
249, 0.9470058579669858, 0.0, 0.42311122117950434, 0.9998468867230345, 60.29551020408163
250, 0.9879826669115023, 0.0, 0.4427806499048211, 0.9998468867230345, 60.7534693877551
251, 0.9987756251592552, 0.0, 0.4658773046605733, 0.9998468867230345, 59.755918367346936
252, 0.9948115069707631, 0.0, 0.6291111696440154, 0.9998468867230345, 60.924897959183674
253, 0.9920307988017842, 0.0, 0.5240099534387103, 0.9998468867230345, 68.49142857142857
254, 0.994344925473635, 0.0, 0.5330325226503116, 0.9998468867230345, 68.9534693877551
255, 0.9998380131212914, 0.0, 0.4105969339810685, 0.9998468867230345, 76.92571428571429
256, 0.9984051481300595, 0.0, 0.48712257694426775, 0.9998468867230345, 81.1004081632653
257, 0.9990759272184604, 0.0, 0.4996672717748147, 0.9998468867230345, 80.18040816326531
258, 0.9970781519311291, 0.0, 0.6640520963291802, 0.9998468867230345, 88.3804081632653
259, 0.998017467818198, 0.0, 0.6428435046131861, 0.9998468867230345, 94.08244897959183
260, 0.9997689017073252, 0.0, 0.6161125375256318, 0.9998468867230345, 96.21142857142857
261, 0.9964782160797415, 0.0, 0.5788673768301698, 0.9998468867230345, 102.98938775510204
262, 0.9964362403190099, 0.0, 0.5293582626526381, 0.9998468867230345, 104.33061224489796
263, 0.9948115069707631, 0.0, 0.5855098629438068, 0.9998468867230345, 108.81877551020408
264, 0.9992201792183932, 0.0, 0.594771360939794, 0.9998468867230345, 110.31755102040816
265, 0.9796063222648819, 0.0, 0.5721702069787712, 0.9998468867230345, 114.03591836734694
266, 0.9848901912391462, 0.0, 0.4067941633114983, 0.9998468867230345, 104.95102040816326
267, 0.9643363591018153, 0.0, 0.47494099575731974, 0.9998468867230345, 94.03918367346938
268, 0.9920934227225052, 0.0, 0.6098105494385376, 0.9998468867230345, 89.03183673469388
269, 0.9942918537296026, 0.0, 0.6415658272674297, 0.9998468867230345, 92.42693877551021
270, 0.9997355349770412, 0.0, 0.4731757114219593, 0.9998468867230345, 91.61469387755102
271, 0.9974471391057614, 0.0, 0.5838685408580919, 0.9998468867230345, 91.65714285714286
272, 0.9971539327503105, 0.0, 0.5361923740020793, 0.9998468867230345, 90.97877551020409
273, 0.976730509194085, 0.0, 0.4662034349112353, 0.9998468867230345, 99.57306122448979
274, 0.9988486632972694, 0.0, 0.5529741644971427, 0.9998468867230345, 94.44734693877551
275, 0.9957310131407439, 0.0, 0.5324960334881844, 0.9998468867230345, 97.54938775510205
276, 0.9998195162891449, 0.0, 0.6288411817170556, 0.9998468867230345, 94.5926530612245
277, 0.9893262481124748, 0.0, 0.5594122713139257, 0.9998468867230345, 97.60326530612245
278, 0.9863164822189022, 0.0, 0.5452261749597889, 0.9998468867230345, 90.18938775510205
279, 0.9924640388241406, 0.0, 0.6198216901843112, 0.9998468867230345, 64.06938775510204
280, 0.9974471391057614, 0.0, 0.6125930746106202, 0.9998468867230345, 71.37142857142857
281, 0.9998555104396222, 0.0, 0.6413850851794289, 0.9998555104396222, 78.16489795918368
282, 0.9988725110937876, 0.0, 0.6749195347783948, 0.9998555104396222, 69.03918367346938
283, 0.9912602902524515, 0.0, 0.6619363172077501, 0.9998555104396222, 86.8930612244898
284, 0.9990759272184604, 0.0, 0.6154757522026209, 0.9998555104396222, 85.5934693877551
285, 0.998017467818198, 0.0, 0.6454173239709834, 0.9998555104396222, 93.28
286, 0.9874390555599719, 0.0, 0.5065359524158463, 0.9998555104396222, 96.88244897959184
287, 0.9804916739683451, 0.0, 0.6459354365063084, 0.9998555104396222, 99.00571428571429
288, 0.9970398897912083, 0.0, 0.568044871967334, 0.9998555104396222, 100.83591836734693
289, 0.9975529988004797, 0.0, 0.650255362210561, 0.9998555104396222, 85.86775510204082
290, 0.9995649696531537, 0.0, 0.6189360015826321, 0.9998555104396222, 78.90122448979592
291, 0.9999088791517567, 0.0, 0.6076415582466461, 0.9999088791517567, 83.09877551020408
292, 0.9973753254970668, 0.0, 0.46755650196004206, 0.9999088791517567, 79.07183673469387
293, 0.9967651185402371, 0.0, 0.5296597305022616, 0.9999088791517567, 71.30448979591837
294, 0.9682567396120852, 0.0, 0.4508876579050511, 0.9999088791517567, 71.21632653061225
295, 0.991841462993374, 0.0, 0.3692753027596079, 0.9999088791517567, 71.79020408163265
296, 0.9783962768127004, 0.0, 0.428100922030494, 0.9999088791517567, 70.99673469387756
297, 0.996684383835435, 0.0, 0.3029139212036182, 0.9999088791517567, 82.71183673469388
298, 0.9978897297577276, 0.0, 0.3525224678769583, 0.9999088791517567, 75.14285714285714
299, 0.972421307015094, 0.0, 0.31696720224158775, 0.9999088791517567, 72.66204081632652
300, 0.999959500820114, 0.0, 0.430364872083226, 0.999959500820114, 73.00816326530612
301, 0.9966436451938474, 0.0, 0.6306673062847807, 0.999959500820114, 81.62612244897959
302, 0.9841071456520123, 0.0, 0.3739436794943676, 0.999959500820114, 85.20489795918367
303, 0.8668883178275425, 0.0, 0.11700622947234623, 0.999959500820114, 93.3273469387755
304, 0.9539686211033609, 0.0, 0.2837832333348552, 0.999959500820114, 93.01306122448979
305, 0.9773621696305143, 0.0, 0.3462149235504118, 0.999959500820114, 91.04163265306123
306, 0.9651119972993064, 0.0, 0.3071439114098313, 0.999959500820114, 81.0473469387755
307, 0.9832144735285729, 0.0, 0.479362265117338, 0.999959500820114, 72.8595918367347
308, 0.9969626221939075, 0.0, 0.5085323447300055, 0.999959500820114, 63.20326530612245
309, 0.9963088291813023, 0.0, 0.5634573332332082, 0.999959500820114, 55.76816326530612
310, 0.999712041468019, 0.0, 0.5845816617686325, 0.999959500820114, 52.012244897959185
311, 0.9820185065807566, 0.0, 0.5555631942786805, 0.999959500820114, 52.350204081632654
312, 0.9973025197557474, 0.0, 0.5738947324796488, 0.999959500820114, 47.00408163265306
313, 0.9830330871916111, 0.0, 0.5909831371301175, 0.999959500820114, 43.604897959183674
314, 0.9932945823190039, 0.0, 0.5428764863886637, 0.999959500820114, 47.86530612244898
315, 0.9999718753955041, 0.0, 0.6105290225700896, 0.9999718753955041, 44.7069387755102
316, 0.9994390324011908, 0.0, 0.6544320314948088, 0.9999718753955041, 45.68816326530612
317, 0.995402600543315, 0.0, 0.651781595009261, 0.9999718753955041, 48.91428571428571
318, 0.9951114878599615, 0.0, 0.6336457802755111, 0.9999718753955041, 52.883265306122446
319, 0.9959581901895135, 0.0, 0.5214640840235382, 0.9999718753955041, 55.75918367346939
320, 0.9962226521947866, 0.0, 0.5912297076939395, 0.9999718753955041, 58.053061224489795
321, 0.9999680005119945, 0.0, 0.5851401650125186, 0.9999718753955041, 60.7665306122449
322, 0.9992201792183932, 0.0, 0.5065484573108308, 0.9999718753955041, 58.580408163265304
323, 0.9932368487493047, 0.0, 0.5474737812274166, 0.9999718753955041, 61.328163265306124
324, 0.9914562074257407, 0.0, 0.4749286112113881, 0.9999718753955041, 62.42204081632653
325, 0.9950124791926823, 0.0, 0.5784630744067569, 0.9999718753955041, 55.434285714285714
326, 0.9698361638479547, 0.0, 0.5223963289130357, 0.9999718753955041, 50.962448979591834
327, 0.9891077548081656, 0.0, 0.5109305833113577, 0.9999718753955041, 37.9534693877551
328, 0.9934093144689159, 0.0, 0.6562318529240885, 0.9999718753955041, 41.608979591836736
329, 0.9957310131407439, 0.0, 0.6060168272616265, 0.9999718753955041, 42.651428571428575
330, 0.9987756251592552, 0.0, 0.6114838895332297, 0.9999718753955041, 40.65714285714286
331, 0.994658193462277, 0.0, 0.6911764560351604, 0.9999718753955041, 39.13469387755102
332, 0.9950621066776572, 0.0, 0.6592895759329863, 0.9999718753955041, 41.24979591836735
333, 0.9935230663475934, 0.0, 0.48718969065236967, 0.9999718753955041, 44.2465306122449
334, 0.9922179382602435, 0.0, 0.3672490465512673, 0.9999718753955041, 48.17306122448979
335, 0.9966026590667219, 0.0, 0.5321837674982802, 0.9999718753955041, 49.03591836734694
336, 0.9889608832120624, 0.0, 0.40645244364461797, 0.9999718753955041, 49.968163265306124
337, 0.9971539327503105, 0.0, 0.4570985466813236, 0.9999718753955041, 55.2065306122449
338, 0.9957769422929579, 0.0, 0.41765346822835936, 0.9999718753955041, 59.08163265306123
339, 0.9886642394458887, 0.0, 0.47769183689572775, 0.9999718753955041, 64.25387755102041
340, 0.9872815715902905, 0.0, 0.609370431589135, 0.9999718753955041, 68.44897959183673
341, 0.9975179603667629, 0.0, 0.5619239004222308, 0.9999718753955041, 66.63755102040817
342, 0.9999155035700245, 0.0, 0.5480590061957582, 0.9999718753955041, 63.80326530612245
343, 0.9901087434668229, 0.0, 0.45871344831660976, 0.9999718753955041, 67.34530612244897
344, 0.9998875063278877, 0.0, 0.5745501231107789, 0.9999718753955041, 66.3804081632653
345, 0.998622824178179, 0.0, 0.29914185658510306, 0.9999718753955041, 66.74857142857142
346, 0.9968051145430329, 0.0, 0.5400720614310847, 0.9999718753955041, 70.15510204081633
347, 0.9968448629394537, 0.0, 0.43615695575312613, 0.9999718753955041, 76.20979591836735
348, 0.9960028848161264, 0.0, 0.5077127263208753, 0.9999718753955041, 74.38204081632654
349, 0.9976566250002227, 0.0, 0.6545819546922472, 0.9999718753955041, 77.56326530612245
350, 0.9966026590667219, 0.0, 0.5978871907884741, 0.9999718753955041, 80.78530612244899
351, 0.9956384144624271, 0.0, 0.6432535256027969, 0.9999718753955041, 82.75591836734694
352, 0.9852320074371869, 0.0, 0.5906537801088079, 0.9999718753955041, 80.03020408163265
353, 0.9983194137692356, 0.0, 0.5922124577292507, 0.9999718753955041, 77.87918367346938
354, 0.99889610973562, 0.0, 0.7491068994294308, 0.9999718753955041, 81.46122448979592
355, 0.9926460486047718, 0.0, 0.7719845970653408, 0.9999718753955041, 91.65469387755103
356, 0.9966436451938474, 0.0, 0.6429767631723081, 0.9999718753955041, 97.21224489795918
357, 0.9995649696531537, 0.0, 0.6294516027921174, 0.9999718753955041, 95.46204081632654
358, 0.9981412296572829, 0.0, 0.6713526591098797, 0.9999718753955041, 97.76653061224489
359, 0.9956384144624271, 0.0, 0.6030963850530218, 0.9999718753955041, 103.69224489795918
360, 0.9967651185402371, 0.017474501809919565, 0.7508242437370017, 0.9999718753955041, 106.65632653061225
361, 0.9956384144624271, 0.0, 0.7055446370878647, 0.9999718753955041, 114.7738775510204
362, 0.9975179603667629, 0.0, 0.7066227133283262, 0.9999718753955041, 112.31020408163265
363, 0.9942918537296026, 0.0, 0.5978691897697569, 0.9999718753955041, 107.64081632653061
364, 0.9973390466294276, 0.0, 0.6913967433461709, 0.9999718753955041, 96.3665306122449
365, 0.9984051481300595, 0.0, 0.5841585996993309, 0.9999718753955041, 99.4930612244898
366, 0.9992782605792835, 0.0, 0.6823786465376839, 0.9999718753955041, 101.05142857142857
367, 0.9987003452836548, 0.0, 0.4858978290384796, 0.9999718753955041, 90.98775510204082
368, 0.9985430623656276, 0.0, 0.5001637102397047, 0.9999718753955041, 86.53714285714285
369, 0.9776748533617129, 0.0, 0.4092671764699933, 0.9999718753955041, 90.3934693877551
370, 0.9978571741363607, 0.0, 0.4849330095246778, 0.9999718753955041, 93.50448979591837
371, 0.9997898970747117, 0.0, 0.6408576364552286, 0.9999718753955041, 92.21795918367347
372, 0.9952581532226233, 0.0, 0.5618930030290119, 0.9999718753955041, 90.15755102040816
373, 0.9942918537296026, 0.0, 0.5239271822300742, 0.9999718753955041, 109.52244897959184
374, 0.9971914513728449, 0.0, 0.429486834228998, 0.9999718753955041, 109.37224489795918
375, 0.9975877890679646, 0.0, 0.5315710898426063, 0.9999718753955041, 105.90285714285714
376, 0.9962226521947866, 0.0, 0.6044293766042813, 0.9999718753955041, 98.44244897959183
377, 0.9959581901895135, 0.0, 0.5637137347271912, 0.9999718753955041, 90.5395918367347
378, 0.9997795243083383, 0.0, 0.4091259887892521, 0.9999718753955041, 89.75102040816327
379, 0.9902478635182347, 0.0, 0.4630676977851463, 0.9999718753955041, 88.91265306122449
380, 0.9950621066776572, 0.0, 0.6746398254512899, 0.9999718753955041, 77.71265306122449
381, 0.9988002203118513, 0.0, 0.7342371074743476, 0.9999718753955041, 73.17877551020408
382, 0.9920307988017842, 0.0, 0.6050897860216108, 0.9999718753955041, 65.28816326530612
383, 0.9917778631987497, 0.0, 0.5844869942383872, 0.9999718753955041, 61.25795918367347
384, 0.9947095440169893, 0.0, 0.6162430408910029, 0.9999718753955041, 58.182857142857145
385, 0.9998000199986667, 0.0, 0.6639848527922626, 0.9999718753955041, 55.41142857142857
386, 0.9909288930014639, 0.0, 0.6641350863259591, 0.9999718753955041, 59.12489795918367
387, 0.9993700734870651, 0.0, 0.630868817990322, 0.9999718753955041, 53.66122448979592
388, 0.9863982265846014, 0.0, 0.6739023495406848, 0.9999718753955041, 53.179591836734694
389, 0.9959581901895135, 0.0, 0.6178288156747017, 0.9999718753955041, 57.85387755102041
390, 0.9950124791926823, 0.0, 0.6170878721041864, 0.9999718753955041, 59.264489795918365
391, 0.9933520709065156, 0.0, 0.7091355551861583, 0.9999718753955041, 55.23020408163265
392, 0.999621946480248, 0.0, 0.6860302345645479, 0.9999718753955041, 55.99265306122449
393, 0.9990103650120201, 0.0, 0.5849894835710859, 0.9999718753955041, 59.17877551020408
394, 0.978088497304211, 0.0, 0.6833520796305457, 0.9999718753955041, 53.51755102040816
395, 0.991841462993374, 0.0, 0.6698800553822563, 0.9999718753955041, 57.27673469387755
396, 0.9958680600517517, 0.0, 0.6921711717919469, 0.9999718753955041, 58.097142857142856
397, 0.9998468867230345, 0.0, 0.7496526461822467, 0.9999718753955041, 55.61224489795919
398, 0.9996620571155648, 0.0, 0.7446463246150643, 0.9999718753955041, 62.46367346938776
399, 0.9978897297577276, 0.0, 0.6823720948212414, 0.9999718753955041, 66.08244897959183
400, 0.2834067880003146, 0.0, 0.005668135760006292, 0.9999718753955041, 57.438367346938776
401, 0.28770169266624673, 0.0, 0.09701273805914466, 0.9999718753955041, 51.15428571428571
402, 0.2977961386704912, 0.0, 0.1322773114940651, 0.9999718753955041, 42.89714285714286
403, 0.4390927994401314, 0.0, 0.1985092941659719, 0.9999718753955041, 41.84408163265306
404, 0.8335128791675417, 0.0, 0.21052124612789538, 0.9999718753955041, 42.5730612244898
405, 0.5460744266397094, 0.0, 0.216763137363202, 0.9999718753955041, 47.09469387755102
406, 0.9989880124051737, 0.0, 0.3197877329904235, 0.9999718753955041, 47.01795918367347
407, 0.6047110731881701, 0.0, 0.15453023852120346, 0.9999718753955041, 50.00408163265306
408, 0.3404414912575785, 0.0, 0.10335083982111769, 0.9999718753955041, 54.76979591836735
409, 0.7053718806219794, 0.0, 0.20454364626592675, 0.9999718753955041, 54.88
410, 0.8657280065062994, 0.0, 0.25749420008877827, 0.9999718753955041, 43.74530612244898
411, 0.8572613051781689, 0.0, 0.33364179783283154, 0.9999718753955041, 36.009795918367345
412, 0.7892501196061396, 0.0, 0.4288410220759318, 0.9999718753955041, 37.06857142857143
413, 0.9178713865263243, 0.0, 0.49923643529425155, 0.9999718753955041, 43.114285714285714
414, 0.9600641968858284, 0.0, 0.5460409936580557, 0.9999718753955041, 42.17632653061224
415, 0.718283367885222, 0.0, 0.461212404997193, 0.9999718753955041, 49.6865306122449
416, 0.9956848371857226, 0.0, 0.6405955889914581, 0.9999718753955041, 51.87020408163265
417, 0.9877511356075794, 0.0, 0.6467472090596078, 0.9999718753955041, 45.562448979591835
418, 0.9985430623656276, 0.0, 0.7085782790768077, 0.9999718753955041, 41.80816326530612
419, 0.9945026659478988, 0.0, 0.6512016007073526, 0.9999718753955041, 38.73795918367347
420, 0.9949124854632925, 0.0, 0.7050239772554682, 0.9999718753955041, 41.17877551020408
421, 0.9935795745789294, 0.0, 0.4748389537648611, 0.9999718753955041, 37.04489795918367
422, 0.9952581532226233, 0.0, 0.5462316103725058, 0.9999718753955041, 36.74448979591837
423, 0.922376303873548, 0.0, 0.5362518170998526, 0.9999718753955041, 36.15020408163265
424, 0.9979220369606985, 0.0, 0.6547480353778095, 0.9999718753955041, 37.97469387755102
425, 0.8079908861839216, 0.0, 0.4776922374263037, 0.9999718753955041, 42.371428571428574
426, 0.9186298614986345, 0.0, 0.44839103845196404, 0.9999718753955041, 43.991020408163266
427, 0.8717191348658613, 0.0, 0.504021980870945, 0.9999718753955041, 45.2
428, 0.9967651185402371, 0.0, 0.5486340944852853, 0.9999718753955041, 50.629387755102044
429, 0.997116166260315, 0.0, 0.6183412056618668, 0.9999718753955041, 57.202448979591836
430, 0.9682567396120852, 0.0, 0.5393635655653489, 0.9999718753955041, 62.71918367346939
431, 0.9852320074371869, 0.0, 0.5644860345813566, 0.9999718753955041, 70.49469387755101
432, 0.9995039980496576, 0.0, 0.5965778904894062, 0.9999718753955041, 72.21795918367347
433, 0.999999500000125, 0.0, 0.6073607873025353, 0.999999500000125, 77.59510204081633
434, 0.9924028801122202, 0.0, 0.6808476331532729, 0.999999500000125, 80.16571428571429
435, 0.9994556482132231, 0.0, 0.5851744778204956, 0.999999500000125, 80.61795918367346
436, 0.9996749278474053, 0.0, 0.683036022135901, 0.999999500000125, 86.9469387755102
437, 0.9981106620501935, 0.0, 0.6362709888945295, 0.999999500000125, 86.33142857142857
438, 0.9999448765193549, 0.0, 0.6970778489049776, 0.999999500000125, 72.89795918367346
439, 0.9964782160797415, 0.0, 0.6050331824833648, 0.999999500000125, 73.12571428571428
440, 0.9975179603667629, 0.0, 0.6002879892995435, 0.999999500000125, 79.44979591836734
441, 0.9999218780516783, 0.0, 0.6691711461559058, 0.999999500000125, 70.64816326530612
442, 0.9921558025575045, 0.0, 0.43370026113211113, 0.999999500000125, 76.27265306122449
443, 0.9701951908964435, 0.0, 0.4873046095294024, 0.999999500000125, 76.23836734693877
444, 0.9686246260120446, 0.0, 0.5643113141919194, 0.999999500000125, 69.93795918367347
445, 0.9989654105570773, 0.0, 0.6567274868784712, 0.999999500000125, 67.37387755102041
446, 0.9976566250002227, 0.0, 0.6986370672353536, 0.999999500000125, 61.819591836734695
447, 0.998017467818198, 0.0, 0.7663313867991514, 0.999999500000125, 58.40897959183673
448, 0.9895425632085508, 0.0, 0.6656299216668669, 0.999999500000125, 53.07673469387755
449, 0.9965614254847285, 0.0, 0.6908154848816694, 0.999999500000125, 55.816326530612244
450, 0.9951114878599615, 0.0, 0.7327525942505564, 0.999999500000125, 59.93632653061224
451, 0.9982610137917461, 0.0, 0.7271439866040234, 0.999999500000125, 65.92489795918367
452, 0.9995501012348142, 0.0, 0.8447672285271799, 0.999999500000125, 68.84734693877552
453, 0.9994221670098212, 0.0, 0.7671906562697682, 0.999999500000125, 71.40489795918367
454, 0.9923414770836891, 0.0, 0.6856759851192169, 0.999999500000125, 71.34857142857143
455, 0.9882120290073675, 0.0, 0.5984640543993468, 0.999999500000125, 75.39510204081633
456, 0.9833949099389998, 0.0, 0.6276968306767023, 0.999999500000125, 74.24897959183673
457, 0.9982016190284373, 0.0, 0.6499945342217691, 0.999999500000125, 77.62040816326531
458, 0.9942385362585338, 0.0, 0.7260596947645743, 0.999999500000125, 76.87265306122448
459, 0.9892536589621667, 0.0, 0.6250418311441422, 0.999999500000125, 78.88163265306123
460, 0.9997239131189992, 0.0, 0.7247672516440724, 0.999999500000125, 74.27836734693878
461, 0.999712041468019, 0.0, 0.7268508187250358, 0.999999500000125, 70.07918367346939
462, 0.9967651185402371, 0.0, 0.5886729864855552, 0.999999500000125, 66.26367346938775
463, 0.9968051145430329, 0.0, 0.567969165154282, 0.999999500000125, 66.62938775510204
464, 0.9983194137692356, 0.0, 0.7115637588595011, 0.999999500000125, 69.56897959183674
465, 0.9970013798691927, 0.0, 0.7129424337851524, 0.999999500000125, 71.47673469387755
466, 0.996265864289481, 0.0, 0.4148902622210525, 0.999999500000125, 64.54448979591837
467, 0.9917140195537957, 0.0, 0.6050131022813114, 0.999999500000125, 69.19510204081632
468, 0.9985964858485296, 0.0, 0.6278426358767464, 0.999999500000125, 69.19755102040817
469, 0.9994881310496332, 0.0, 0.6582924745385906, 0.999999500000125, 69.14367346938775
470, 0.9987003452836548, 0.0, 0.7460398795174759, 0.999999500000125, 68.11102040816327
471, 0.99918021121059, 0.0, 0.7256262637536947, 0.999999500000125, 67.81714285714285
472, 0.9981412296572829, 0.0, 0.7803518498926347, 0.999999500000125, 69.5061224489796
473, 0.9965199444787222, 0.0, 0.721843515512437, 0.999999500000125, 65.47673469387755
474, 0.9980798458592302, 0.0, 0.695940051267461, 0.999999500000125, 66.29306122448979
475, 0.998622824178179, 0.0, 0.7325792181339161, 0.999999500000125, 67.86938775510204
476, 0.9978571741363607, 0.0, 0.6751498417294745, 0.999999500000125, 73.47102040816327
477, 0.9976566250002227, 0.0, 0.7011183624148457, 0.999999500000125, 77.49142857142857
478, 0.9977913177361528, 0.0, 0.570650405483509, 0.999999500000125, 79.45142857142856
479, 0.9969236167943623, 0.0, 0.6536727810737624, 0.999999500000125, 78.86448979591837
480, 0.995402600543315, 0.0, 0.6052465963816512, 0.999999500000125, 76.46612244897959
481, 0.995591745005573, 0.0, 0.6657052586787693, 0.999999500000125, 79.94938775510204
482, 0.9765180934093893, 0.0, 0.6240177884709649, 0.999999500000125, 85.6008163265306
483, 0.9895425632085508, 0.0, 0.670434394112594, 0.999999500000125, 84.48163265306123
484, 0.9988486632972694, 0.0, 0.6137133345466858, 0.999999500000125, 88.39020408163265
485, 0.998942559484671, 0.0, 0.643046664413759, 0.999999500000125, 86.64816326530612
486, 0.997724467957357, 0.0, 0.7279102944116461, 0.999999500000125, 87.94775510204082
487, 0.9926460486047718, 0.0, 0.6235801266268879, 0.999999500000125, 90.01224489795918
488, 0.9993157342166815, 0.0, 0.7146695644356283, 0.999999500000125, 84.1134693877551
489, 0.9966026590667219, 0.0, 0.5969042674235243, 0.999999500000125, 92.76163265306123
490, 0.9982903381397255, 0.0, 0.5792322265454313, 0.999999500000125, 96.45632653061224
491, 0.9919048188902301, 0.0, 0.7109576818170461, 0.999999500000125, 97.04081632653062
492, 0.997954095721077, 0.0, 0.697074269739129, 0.999999500000125, 96.16734693877551
493, 0.9973753254970668, 0.0, 0.7277741038048032, 0.999999500000125, 94.13795918367347
494, 0.9705521671095808, 0.0, 0.6576872558702752, 0.999999500000125, 80.49551020408163
495, 0.9983194137692356, 0.0, 0.7033642997989656, 0.999999500000125, 87.25387755102041
496, 0.9987003452836548, 0.0, 0.6645005777027548, 0.999999500000125, 79.43836734693878
497, 0.9979220369606985, 0.0, 0.618821346650765, 0.999999500000125, 69.50530612244899
498, 0.9996355664220544, 0.0, 0.7207753474102858, 0.999999500000125, 93.81877551020408
499, 0.9998948805254392, 0.0, 0.6645582906194321, 0.999999500000125, 87.58857142857143
500, 0.9996355664220544, 0.0, 0.649239198021766, 0.999999500000125, 98.89224489795919
501, 0.9993522099066577, 0.0, 0.727450493656774, 0.999999500000125, 94.15836734693877
502, 0.9997239131189992, 0.0, 0.7802126711863104, 0.999999500000125, 88.64816326530612
503, 0.9997898970747117, 0.0, 0.7105372928995615, 0.999999500000125, 66.27183673469388
504, 0.9954976660309716, 0.0, 0.7523421303748334, 0.999999500000125, 57.9730612244898
505, 0.9983482406584944, 0.0, 0.4935793718491719, 0.999999500000125, 58.05877551020408
506, 0.9992591495652996, 0.0, 0.6985890454957507, 0.999999500000125, 67.70693877551021
507, 0.9982016190284373, 0.0, 0.7238210232440505, 0.999999500000125, 60.94938775510204
508, 0.9997580292796381, 0.0, 0.7315015906599851, 0.999999500000125, 59.03918367346939
509, 0.9995795883977342, 0.0, 0.6222137362591073, 0.999999500000125, 61.80979591836735
510, 0.9979220369606985, 0.0, 0.7023668430870184, 0.999999500000125, 55.34938775510204
511, 0.998622824178179, 0.0, 0.6416063094729558, 0.999999500000125, 64.61387755102041
512, 0.9985698985710385, 0.0, 0.583580109846915, 0.999999500000125, 65.93877551020408
513, 0.9995649696531537, 0.0, 0.6034035817302681, 0.999999500000125, 65.23918367346938
514, 0.9973025197557474, 0.0, 0.5343474935397292, 0.999999500000125, 66.80326530612246
515, 0.9999548760181175, 0.0, 0.6699298123177837, 0.999999500000125, 64.43836734693878
516, 0.9934093144689159, 0.0, 0.568793815981418, 0.999999500000125, 72.17632653061224
517, 0.9974826737930499, 0.0, 0.7065569060666536, 0.999999500000125, 78.68979591836735
518, 0.9983194137692356, 0.0, 0.7093605307319802, 0.999999500000125, 77.4138775510204
519, 0.9982016190284373, 0.0, 0.6401200690940576, 0.999999500000125, 74.98040816326531
520, 0.9966436451938474, 0.0, 0.6106858064401591, 0.999999500000125, 89.18938775510205
521, 0.9971914513728449, 0.0, 0.594720273723643, 0.999999500000125, 86.67102040816326
522, 0.9992003199146837, 0.0, 0.7448375272402253, 0.999999500000125, 87.16
523, 0.9996080768219616, 0.0, 0.6886780705149117, 0.999999500000125, 83.03428571428572
524, 0.9990103650120201, 0.0, 0.6550998014621127, 0.999999500000125, 80.74612244897959
525, 0.9978243701209799, 0.0, 0.6912522037362754, 0.999999500000125, 78.91020408163266
526, 0.9940228099033218, 0.0, 0.6886550449938966, 0.999999500000125, 81.09061224489795
527, 0.9990103650120201, 0.0, 0.64273755730765, 0.999999500000125, 84.43265306122449
528, 0.9994881310496332, 0.0, 0.5774877013611293, 0.999999500000125, 78.09877551020408
529, 0.9975179603667629, 0.0, 0.6687896312502428, 0.999999500000125, 81.45551020408163
530, 0.9984051481300595, 0.0, 0.5125464311793397, 0.999999500000125, 79.3061224489796
531, 0.9989654105570773, 0.0, 0.5827806911950276, 0.999999500000125, 78.16816326530612
532, 0.9919679308420597, 0.0, 0.6587221100982554, 0.999999500000125, 80.37959183673469
533, 0.9966026590667219, 0.0, 0.6257051236042898, 0.999999500000125, 83.62612244897959
534, 0.9957769422929579, 0.0, 0.6465014318110837, 0.999999500000125, 80.2865306122449
535, 0.9994050520517584, 0.0, 0.7065177358594505, 0.999999500000125, 83.24326530612245
536, 0.9968448629394537, 0.0, 0.7017518804604478, 0.999999500000125, 90.47836734693878
537, 0.9930034655134529, 0.0, 0.6895263902998328, 0.999999500000125, 92.78367346938775
538, 0.9992782605792835, 0.0, 0.7095663321256535, 0.999999500000125, 95.53224489795919
539, 0.9940771098823674, 0.0, 0.6568806300106438, 0.999999500000125, 100.79755102040816
540, 0.9939134734078499, 0.0, 0.5762172694379782, 0.999999500000125, 103.12734693877552
541, 0.9720753081522843, 0.0, 0.513682715218174, 0.999999500000125, 108.83428571428571
542, 0.9567117591570788, 0.0, 0.60037882025813, 0.999999500000125, 104.8538775510204
543, 0.9891077548081656, 0.0, 0.647653596503553, 0.999999500000125, 102.13142857142857
544, 0.9992201792183932, 0.0, 0.6212531982559587, 0.999999500000125, 105.89795918367346
545, 0.9974826737930499, 0.0, 0.6488554723878317, 0.999999500000125, 119.56571428571428
546, 0.9866420203688749, 0.0, 0.5835312942672417, 0.999999500000125, 117.33632653061224
547, 0.9986747539151978, 0.0, 0.6965563756050892, 0.999999500000125, 112.35020408163265
548, 0.9932368487493047, 0.0, 0.6373627091486365, 0.999999500000125, 111.38122448979591
549, 0.991194497534206, 0.0, 0.5274891873043284, 0.999999500000125, 109.17469387755102
550, 0.9971914513728449, 0.0, 0.49273151556984546, 0.999999500000125, 101.93795918367347
551, 0.9981106620501935, 0.0, 0.509982224454511, 0.999999500000125, 91.00489795918368
552, 0.9996355664220544, 0.0, 0.6899629933350933, 0.999999500000125, 96.46612244897959
553, 0.9975179603667629, 0.0, 0.6600313787246604, 0.999999500000125, 105.48081632653061
554, 0.9885144681590741, 0.0, 0.5391897884092588, 0.999999500000125, 105.7591836734694
555, 0.9943977514509784, 0.0, 0.4984560809828368, 0.999999500000125, 109.60897959183673
556, 0.9998468867230345, 0.0, 0.5564146830655615, 0.999999500000125, 113.69714285714285
557, 0.9971914513728449, 0.0, 0.6152993646475019, 0.999999500000125, 99.82530612244898
558, 0.9995501012348142, 0.0, 0.6859707045694463, 0.999999500000125, 101.11755102040816
559, 0.994554754389082, 0.0, 0.6736324088346223, 0.999999500000125, 109.97387755102041
560, 0.9994720144334607, 0.0, 0.6395295650033956, 0.999999500000125, 93.48816326530613
561, 0.9920307988017842, 0.0, 0.7050683846925925, 0.999999500000125, 77.72816326530612
562, 0.9902478635182347, 0.0, 0.7494718851561848, 0.999999500000125, 80.72979591836734
563, 0.9990103650120201, 0.0, 0.7614273098410994, 0.999999500000125, 85.66204081632652
564, 0.9995196154216376, 0.0, 0.6996822515689445, 0.999999500000125, 77.91265306122449
565, 0.9990103650120201, 0.0, 0.7608461899901792, 0.999999500000125, 88.93714285714286
566, 0.9993700734870651, 0.0, 0.7334467861722759, 0.999999500000125, 91.5004081632653
567, 0.9971539327503105, 0.0, 0.6496267522102878, 0.999999500000125, 113.40408163265306
568, 0.9944503316221623, 0.0, 0.6124409187329666, 0.999999500000125, 113.89632653061224
569, 0.9998720081916505, 0.0, 0.5866445228206816, 0.999999500000125, 113.85795918367347
570, 0.999621946480248, 0.0, 0.6362081685024489, 0.999999500000125, 117.25469387755102
571, 0.996135486526273, 0.0, 0.655489098656567, 0.999999500000125, 109.87918367346938
572, 0.9964362403190099, 0.0, 0.6322134359264262, 0.999999500000125, 122.10448979591837
573, 0.9927661660436115, 0.0, 0.6938155718171396, 0.999999500000125, 125.95510204081633
574, 0.9920934227225052, 0.0, 0.6549147651387088, 0.999999500000125, 124.4065306122449
575, 0.996684383835435, 0.0, 0.6008134139880874, 0.999999500000125, 126.93959183673469
576, 0.9959581901895135, 0.0, 0.619477834761732, 0.999999500000125, 121.74367346938776
577, 0.9967248749609987, 0.0, 0.6434029497229757, 0.999999500000125, 117.38775510204081
578, 0.995402600543315, 0.0, 0.6117587320161239, 0.999999500000125, 116.42122448979592
579, 0.9990759272184604, 0.0, 0.6952917770482832, 0.999999500000125, 107.7404081632653
580, 0.9955448288500602, 0.0, 0.644094848911278, 0.999999500000125, 89.93795918367347
581, 0.9934663129634622, 0.0, 0.4953131728477727, 0.999999500000125, 71.42857142857143
582, 0.9905914153272147, 0.0, 0.6518644615863793, 0.999999500000125, 75.06285714285714
583, 0.9910621819010502, 0.0, 0.47697455193786586, 0.999999500000125, 76.9069387755102
584, 0.998017467818198, 0.0, 0.6039499511666556, 0.999999500000125, 78.01551020408164
585, 0.9966026590667219, 0.0, 0.6360865193389058, 0.999999500000125, 73.51918367346939
586, 0.9942918537296026, 0.0, 0.4902632723345856, 0.999999500000125, 81.26367346938775
587, 0.9998638842645874, 0.0, 0.6504560172835789, 0.999999500000125, 79.4938775510204
588, 0.9971539327503105, 0.0, 0.7582127670658336, 0.999999500000125, 82.00081632653061
589, 0.999959500820114, 0.0, 0.7134476503018904, 0.999999500000125, 88.42857142857143
590, 0.9999788752231312, 0.0, 0.6211191815239012, 0.999999500000125, 89.96326530612245
591, 0.99918021121059, 0.0, 0.7147369486118815, 0.999999500000125, 88.23183673469387
592, 0.9994390324011908, 0.0, 0.6247151748267753, 0.999999500000125, 90.60244897959184
593, 0.9826674668927676, 0.0, 0.6047537192009529, 0.999999500000125, 98.44816326530612
594, 0.9997580292796381, 0.0, 0.6161130981025563, 0.999999500000125, 99.67102040816326
595, 0.9995649696531537, 0.0, 0.6991652454393542, 0.999999500000125, 102.60897959183673
596, 0.9970781519311291, 0.0, 0.7253577208432657, 0.999999500000125, 100.92081632653061
597, 0.9990324683608633, 0.0, 0.6774407975269939, 0.999999500000125, 98.13224489795918
598, 0.9925856231157824, 0.0, 0.6036942164231074, 0.999999500000125, 95.94448979591837
599, 0.9936918554146046, 0.0, 0.6216996465902216, 0.999999500000125, 85.98285714285714
600, 0.20076263282313295, 0.0, 0.004015252656462659, 0.999999500000125, 93.93795918367347
601, 0.2194982267691495, 0.0, 0.04897458622673484, 0.999999500000125, 81.61061224489796
602, 0.23394713101151762, 0.0, 0.0931452754070901, 0.999999500000125, 80.15591836734694
603, 0.24590438437706766, 0.0, 0.149465530535364, 0.999999500000125, 80.7134693877551
604, 0.24672905197921277, 0.0, 0.14565049600835228, 0.999999500000125, 70.23020408163265
605, 0.23876436712309856, 0.0, 0.15660792775025997, 0.999999500000125, 64.8595918367347
606, 0.2452870491685375, 0.0, 0.16864796609108762, 0.999999500000125, 51.54857142857143
607, 0.24549271655207056, 0.0, 0.19691931723879585, 0.999999500000125, 48.76979591836735
608, 0.25507325514522033, 0.0, 0.2081336874881395, 0.999999500000125, 49.38857142857143
609, 0.26273417484047445, 0.0, 0.21431380676923503, 0.999999500000125, 48.711020408163265
610, 0.2718518582071786, 0.0, 0.22412195515758412, 0.999999500000125, 56.25387755102041
611, 0.26988181851772636, 0.0, 0.23586814198233216, 0.999999500000125, 53.40571428571429
612, 0.2655356625761136, 0.0, 0.23945580917460296, 0.999999500000125, 52.82204081632653
613, 0.26596830671155774, 0.0, 0.2389630455336953, 0.999999500000125, 53.137142857142855
614, 0.26402486359141314, 0.0, 0.23347187522151563, 0.999999500000125, 51.55265306122449
615, 0.2646716904590359, 0.0, 0.23064587031812794, 0.999999500000125, 49.06204081632653
616, 0.2633790248900477, 0.0, 0.2261714222116358, 0.999999500000125, 50.116734693877554
617, 0.26101941172494697, 0.0, 0.22221086728195655, 0.999999500000125, 54.67836734693878
618, 0.2642403627752401, 0.0, 0.21994055238275326, 0.999999500000125, 59.09795918367347
619, 0.2642403627752401, 0.0, 0.2223413192638457, 0.999999500000125, 59.43265306122449
620, 0.2633790248900477, 0.0, 0.21662290366274486, 0.999999500000125, 58.06775510204081
621, 0.2595247708143076, 0.0, 0.20505169431553924, 0.999999500000125, 61.09795918367347
622, 0.26705183522634335, 0.0, 0.20761476270880486, 0.999999500000125, 71.8808163265306
623, 0.267486013498487, 0.0, 0.218569846614486, 0.999999500000125, 73.23755102040816
624, 0.26683491037995655, 0.0, 0.2281530341101034, 0.999999500000125, 62.3134693877551
625, 0.2620903139203748, 0.0, 0.22502494162773826, 0.999999500000125, 67.71183673469388
626, 0.26402486359141314, 0.0, 0.23288866059725039, 0.999999500000125, 57.10530612244898
627, 0.2599512605402259, 0.0, 0.22731966009446258, 0.999999500000125, 52.712653061224486
628, 0.2582479458831212, 0.0, 0.22785405895528224, 0.999999500000125, 52.04571428571428
629, 0.2544412981998368, 0.0, 0.2257632228249294, 0.999999500000125, 49.57959183673469
630, 0.27692650719032996, 0.0, 0.24300918107960645, 0.999999500000125, 52.40081632653061
631, 0.2807142586910705, 0.0, 0.23907508168006905, 0.999999500000125, 52.559183673469384
632, 0.27937383043094427, 0.0, 0.24766788007871984, 0.999999500000125, 40.42612244897959
633, 0.2813859329691534, 0.0, 0.24745785589407987, 0.999999500000125, 32.59510204081633
634, 0.2813859329691534, 0.0, 0.2524862549150704, 0.999999500000125, 32.17551020408163
635, 0.2807142586910705, 0.0, 0.2604634348146099, 0.999999500000125, 34.29632653061225
636, 0.2813859329691534, 0.0, 0.2636205289419146, 0.999999500000125, 37.40081632653061
637, 0.2809380420177922, 0.0, 0.2618744238732857, 0.999999500000125, 36.25224489795919
638, 0.2809380420177922, 0.0, 0.2536105903474483, 0.999999500000125, 41.248163265306125
639, 0.2818342561450001, 0.0, 0.26552464582309865, 0.999999500000125, 46.351020408163265
640, 0.2836318668945709, 0.0, 0.2670498069790341, 0.999999500000125, 48.2130612244898
641, 0.2818342561450001, 0.0, 0.24503150044495142, 0.999999500000125, 46.943673469387754
642, 0.2834067880003146, 0.0, 0.2392901805855533, 0.999999500000125, 53.35265306122449
643, 0.2849846029242708, 0.0, 0.24040363686530075, 0.999999500000125, 52.79020408163265
644, 0.28295695369306484, 0.0, 0.23934290214181464, 0.999999500000125, 50.18938775510204
645, 0.28273219833367663, 0.0, 0.24483418522932837, 0.999999500000125, 50.10612244897959
646, 0.2849846029242708, 0.0, 0.2689587656894535, 0.999999500000125, 44.50775510204082
647, 0.2852104357849811, 0.0, 0.2635835644709374, 0.999999500000125, 41.68
648, 0.28543637624531276, 0.0, 0.26428653720215867, 0.999999500000125, 36.0
649, 0.28543637624531276, 0.0, 0.2646141759086247, 0.999999500000125, 37.55510204081633
650, 0.28453326011230395, 0.0, 0.27077022173045867, 0.999999500000125, 39.08897959183673
651, 0.2867942770367138, 0.0, 0.2661137478949722, 0.999999500000125, 42.816326530612244
652, 0.28543637624531276, 0.0, 0.2541918700105478, 0.999999500000125, 44.37877551020408
653, 0.2856624242774899, 0.0, 0.24798562191044776, 0.999999500000125, 44.59428571428571
654, 0.2858885798536341, 0.0, 0.255184554173333, 0.999999500000125, 47.1265306122449
655, 0.28634121352579583, 0.0, 0.2609927301139733, 0.999999500000125, 50.78448979591837
656, 0.2856624242774899, 0.0, 0.25495970638229215, 0.999999500000125, 55.056326530612246
657, 0.28543637624531276, 0.0, 0.2600889595783224, 0.999999500000125, 52.2
658, 0.2847588776908549, 0.0, 0.24840375512473248, 0.999999500000125, 59.6530612244898
659, 0.28634121352579583, 0.0, 0.2607543547821524, 0.999999500000125, 57.89551020408163
660, 0.28634121352579583, 0.0, 0.2496569768865751, 0.999999500000125, 60.292244897959186
661, 0.2849846029242708, 0.0, 0.24283319685452465, 0.999999500000125, 61.798367346938775
662, 0.2865676915655423, 0.0, 0.2606702998617655, 0.999999500000125, 65.2865306122449
663, 0.28792881486658906, 0.0, 0.25565382637212714, 0.999999500000125, 60.59102040816327
664, 0.2892937994995617, 0.0, 0.26843523634360583, 0.999999500000125, 53.2
665, 0.28838338101682626, 0.0, 0.26203200146154454, 0.999999500000125, 50.50857142857143
666, 0.2895216719036871, 0.0, 0.2624580804254779, 0.999999500000125, 48.09224489795918
667, 0.28861082490859413, 0.0, 0.2619492775670283, 0.999999500000125, 50.35591836734694
668, 0.29020593132261435, 0.0, 0.26846077388216844, 0.999999500000125, 51.0595918367347
669, 0.2892937994995617, 0.0, 0.256713234599639, 0.999999500000125, 55.65551020408163
670, 0.29020593132261435, 0.0, 0.25791369493465927, 0.999999500000125, 58.55265306122449
671, 0.2892937994995617, 0.0, 0.25242418774507214, 0.999999500000125, 63.966530612244895
672, 0.2895216719036871, 0.0, 0.27576187251299794, 0.999999500000125, 70.06530612244897
673, 0.2897496513620792, 0.0, 0.27036113803400724, 0.999999500000125, 71.06040816326531
674, 0.2904342317649735, 0.0, 0.264805523722353, 0.999999500000125, 71.97632653061224
675, 0.28997773784500164, 0.0, 0.27592343448858186, 0.999999500000125, 70.66367346938776
676, 0.28997773784500164, 0.0, 0.2587604194341804, 0.999999500000125, 73.1191836734694
677, 0.29066263914203155, 0.0, 0.27635947582750636, 0.999999500000125, 76.02285714285715
678, 0.2904342317649735, 0.0, 0.2701919642990766, 0.999999500000125, 78.08408163265307
679, 0.2895216719036871, 0.0, 0.25290647720145465, 0.999999500000125, 73.0326530612245
680, 0.2895216719036871, 0.0, 0.2645111936921288, 0.999999500000125, 84.91836734693878
681, 0.2895216719036871, 0.0, 0.2591144577315849, 0.999999500000125, 85.06285714285714
682, 0.29066263914203155, 0.0, 0.2706325753245756, 0.999999500000125, 82.9338775510204
683, 0.2895216719036871, 0.0, 0.2758728748432973, 0.999999500000125, 81.54612244897959
684, 0.2904342317649735, 0.0, 0.2760821961772425, 0.999999500000125, 81.17959183673469
685, 0.2904342317649735, 0.0, 0.2707365746195508, 0.999999500000125, 89.81877551020408
686, 0.2895216719036871, 0.0, 0.27038731282066697, 0.999999500000125, 93.35265306122449
687, 0.2897496513620792, 0.0, 0.25880739710266826, 0.999999500000125, 98.97142857142858
688, 0.2892937994995617, 0.0, 0.274828038322857, 0.999999500000125, 102.7730612244898
689, 0.2897496513620792, 0.0, 0.27598295751382174, 0.999999500000125, 109.68326530612245
690, 0.29020593132261435, 0.0, 0.2651089783809953, 0.999999500000125, 116.17877551020408
691, 0.2897496513620792, 0.0, 0.27049114391420803, 0.999999500000125, 113.00326530612244
692, 0.2897496513620792, 0.0, 0.2586039356465597, 0.999999500000125, 116.13551020408163
693, 0.28997773784500164, 0.0, 0.25310375980344363, 0.999999500000125, 127.89387755102041
694, 0.2895216719036871, 0.0, 0.26459752499344313, 0.999999500000125, 118.5061224489796
695, 0.28997773784500164, 0.0, 0.258404373088074, 0.999999500000125, 125.3926530612245
696, 0.2892937994995617, 0.0, 0.25873387974359624, 0.999999500000125, 121.86938775510204
697, 0.2892937994995617, 0.0, 0.2646551858836248, 0.999999500000125, 120.1338775510204
698, 0.2892937994995617, 0.0, 0.264143972565847, 0.999999500000125, 119.74612244897959
699, 0.2892937994995617, 0.0, 0.28112672851539, 0.999999500000125, 115.33061224489796
700, 0.2895216719036871, 0.0, 0.25829198590927227, 0.999999500000125, 114.06857142857143
701, 0.2892937994995617, 0.0, 0.25794025935233994, 0.999999500000125, 124.84326530612245
702, 0.28997773784500164, 0.0, 0.2527312967597032, 0.999999500000125, 118.14448979591836
703, 0.2897496513620792, 0.0, 0.26465337098816794, 0.999999500000125, 116.76081632653062
704, 0.2897496513620792, 0.0, 0.27056441731294134, 0.999999500000125, 112.76
705, 0.2897496513620792, 0.0, 0.270400364204162, 0.999999500000125, 115.40489795918367
706, 0.28997773784500164, 0.0, 0.26336933721099565, 0.999999500000125, 124.97387755102041
707, 0.2897496513620792, 0.0, 0.2512663719702504, 0.999999500000125, 120.78775510204082
708, 0.28997773784500164, 1.4948523881885799e-05, 0.281887519464218, 0.999999500000125, 122.48326530612245
709, 0.2897496513620792, 0.0, 0.26441125780507657, 0.999999500000125, 119.82285714285715
710, 0.2897496513620792, 0.0, 0.25888849530202135, 0.999999500000125, 122.81714285714285
711, 0.29020593132261435, 0.0, 0.264379731343649, 0.999999500000125, 105.7730612244898
712, 0.2897496513620792, 0.0, 0.26979858025482684, 0.999999500000125, 84.63755102040817
713, 0.28861082490859413, 0.0, 0.2640615599356301, 0.999999500000125, 94.43265306122449
714, 0.28906603417933563, 0.0, 0.258370756232966, 0.999999500000125, 99.80816326530612
715, 0.2897496513620792, 0.0, 0.24071703262534402, 0.999999500000125, 98.67102040816326
716, 0.2897496513620792, 0.0, 0.25883642756901454, 0.999999500000125, 98.82612244897959
717, 0.2892937994995617, 0.0, 0.26445620888294874, 0.999999500000125, 97.46367346938776
718, 0.2892937994995617, 0.0, 0.2644966921160304, 0.999999500000125, 93.7469387755102
719, 0.29020593132261435, 0.0, 0.2706269534783623, 0.999999500000125, 87.25061224489797
720, 0.29020593132261435, 0.0, 0.2703596024546705, 0.999999500000125, 85.70530612244897
721, 0.2892937994995617, 0.0, 0.2528350681116025, 0.999999500000125, 74.25877551020409
722, 0.2897496513620792, 0.0, 0.2644198750065206, 0.999999500000125, 96.99755102040817
723, 0.2892937994995617, 0.0, 0.25278957785323625, 0.999999500000125, 102.3134693877551
724, 0.28906603417933563, 0.0, 0.25872868824828865, 0.999999500000125, 104.78775510204082
725, 0.2897496513620792, 0.0, 0.26470023218361705, 0.999999500000125, 105.62448979591836
726, 0.28997773784500164, 0.0, 0.2814786028743184, 0.999999500000125, 101.83020408163266
727, 0.28906603417933563, 0.0, 0.25847132467175954, 0.999999500000125, 110.42367346938775
728, 0.2897496513620792, 0.0, 0.2640282576265368, 0.999999500000125, 114.92326530612245
729, 0.28861082490859413, 0.0, 0.2699294729276675, 0.999999500000125, 100.44
730, 0.2892937994995617, 0.0, 0.2700158699234098, 0.999999500000125, 121.48653061224489
731, 0.2897496513620792, 0.0, 0.2523915419529794, 0.999999500000125, 119.18530612244898
732, 0.28883837597253786, 0.0, 0.2583263582521703, 0.999999500000125, 123.21142857142857
733, 0.2897496513620792, 0.0, 0.24709153296746528, 0.999999500000125, 134.98122448979592
734, 0.2895216719036871, 0.0, 0.2549163566224656, 0.999999500000125, 135.60489795918366
735, 0.2897496513620792, 0.0, 0.251265258404797, 0.999999500000125, 132.92163265306124
736, 0.2892937994995617, 0.0, 0.2630578114567299, 0.999999500000125, 123.00489795918368
737, 0.2895216719036871, 0.0, 0.28024719815359506, 0.999999500000125, 129.72979591836736
738, 0.2895216719036871, 0.24446549005461468, 0.2859360087644601, 0.999999500000125, 135.0204081632653
739, 0.2897496513620792, 0.23755404464368668, 0.28612344451928495, 0.999999500000125, 138.9591836734694
740, 0.28906603417933563, 0.24038436280618367, 0.28543829230322393, 0.999999500000125, 140.28408163265306
741, 0.2892937994995617, 0.0, 0.27551725463478277, 0.999999500000125, 126.59591836734694
742, 0.2904342317649735, 0.23235564581371668, 0.28615353591549086, 0.999999500000125, 131.42204081632653
743, 0.2897496513620792, 0.0, 0.26912403538476876, 0.999999500000125, 120.20326530612245
744, 0.28997773784500164, 0.0, 0.26778085510500993, 0.999999500000125, 84.99020408163265
745, 0.29020593132261435, 0.0, 0.2686140956030196, 0.999999500000125, 66.64571428571429
746, 0.29020593132261435, 0.0, 0.25285754164823243, 0.999999500000125, 52.84734693877551
747, 0.29020593132261435, 0.0, 0.25865618600515394, 0.999999500000125, 54.286530612244896
748, 0.2892937994995617, 0.0, 0.2639382016835046, 0.999999500000125, 61.690612244897956
749, 0.2892937994995617, 0.0, 0.2701416341171214, 0.999999500000125, 62.37877551020408
750, 0.28906603417933563, 0.0, 0.25865863718917315, 0.999999500000125, 56.89142857142857
751, 0.2897496513620792, 0.0, 0.2700244464476425, 0.999999500000125, 55.58938775510204
752, 0.2904342317649735, 0.0, 0.25290056761882496, 0.999999500000125, 59.198367346938774
753, 0.2895216719036871, 0.0, 0.27019224107422163, 0.999999500000125, 56.881632653061224
754, 0.2904342317649735, 0.0, 0.2588884728405539, 0.999999500000125, 59.07020408163265
755, 0.2897496513620792, 0.0, 0.24154539073827228, 0.999999500000125, 64.69795918367348
756, 0.2897496513620792, 0.0, 0.2529987754604429, 0.999999500000125, 68.36326530612244
757, 0.29066263914203155, 0.0, 0.23609425658673527, 0.999999500000125, 73.70530612244897
758, 0.28997773784500164, 0.0, 0.2533427823121716, 0.999999500000125, 75.88734693877551
759, 0.29020593132261435, 0.0, 0.2707335889833432, 0.999999500000125, 76.64326530612244
760, 0.2897496513620792, 0.0, 0.2764944823743021, 0.999999500000125, 81.22530612244898
761, 0.2897496513620792, 0.0, 0.2764123251498933, 0.999999500000125, 86.82857142857142
762, 0.2904342317649735, 0.0, 0.28196437728908835, 0.999999500000125, 86.72816326530612
763, 0.29066263914203155, 0.0, 0.26414433471881743, 0.999999500000125, 83.70857142857143
764, 0.2897496513620792, 0.0, 0.2642910816248191, 0.999999500000125, 82.12489795918367
765, 0.29020593132261435, 0.0, 0.2651234551564236, 0.999999500000125, 78.87183673469387
766, 0.2895216719036871, 0.0, 0.27633089176766373, 0.999999500000125, 84.38448979591837
767, 0.2897496513620792, 0.0, 0.26461509115516424, 0.999999500000125, 65.50938775510204
768, 0.29111977457953436, 0.0, 0.24753876912363906, 0.999999500000125, 61.435102040816325
769, 0.2908911534236371, 0.0, 0.2593232030292523, 0.999999500000125, 64.83591836734693
770, 0.28997773784500164, 0.0, 0.259137233991917, 0.999999500000125, 66.86775510204082
771, 0.28997773784500164, 0.0, 0.25888302296652616, 0.999999500000125, 67.6865306122449
772, 0.2895216719036871, 0.0, 0.2644796864213034, 0.999999500000125, 66.08081632653061
773, 0.28997773784500164, 0.0, 0.2759700337814381, 0.999999500000125, 61.85224489795918
774, 0.2895216719036871, 0.0, 0.27051807083602003, 0.999999500000125, 74.99673469387756
775, 0.2895216719036871, 0.0, 0.24749762724152588, 0.999999500000125, 75.66448979591837
776, 0.29020593132261435, 0.0, 0.2764856615974478, 0.999999500000125, 79.35510204081632
777, 0.28997773784500164, 0.0, 0.253241888357868, 0.999999500000125, 82.95836734693877
778, 0.29020593132261435, 0.0, 0.25923324856258295, 0.999999500000125, 85.94530612244898
779, 0.2895216719036871, 0.0, 0.2533064028986569, 0.999999500000125, 91.35102040816327
780, 0.2895216719036871, 0.0, 0.25312054137357065, 0.999999500000125, 94.07918367346939
781, 0.2904342317649735, 0.0, 0.24746189601510402, 0.999999500000125, 95.04897959183674
782, 0.2892937994995617, 0.0, 0.2585115915524745, 0.999999500000125, 94.52571428571429
783, 0.28997773784500164, 0.0, 0.2526710428419267, 0.999999500000125, 97.87428571428572
784, 0.29020593132261435, 0.0, 0.24649473512981412, 0.999999500000125, 104.77877551020408
785, 0.29020593132261435, 0.0, 0.2568030745684493, 0.999999500000125, 102.79510204081633
786, 0.2895216719036871, 0.0, 0.23969335291511976, 0.999999500000125, 96.81142857142858
787, 0.28997773784500164, 0.0, 0.24618315526975587, 0.999999500000125, 93.3665306122449
788, 0.2897496513620792, 0.0, 0.2584591144605557, 0.999999500000125, 91.86204081632653
789, 0.2895216719036871, 0.0, 0.26994497495582925, 0.999999500000125, 89.82857142857142
790, 0.2897496513620792, 0.0, 0.2810260529502001, 0.999999500000125, 83.62285714285714
791, 0.2904342317649735, 0.0, 0.27537550199934346, 0.999999500000125, 85.07183673469387
792, 0.2897496513620792, 0.0, 0.25318996464325294, 0.999999500000125, 82.95918367346938
793, 0.2895216719036871, 0.0, 0.26417789963900595, 0.999999500000125, 93.79265306122448
794, 0.29020593132261435, 0.0, 0.2700706483980652, 0.999999500000125, 96.56081632653061
795, 0.2897496513620792, 0.0, 0.2818023684923471, 0.999999500000125, 88.67673469387755
796, 0.2897496513620792, 0.0, 0.2701680682145042, 0.999999500000125, 95.12489795918367
797, 0.29020593132261435, 0.0, 0.2534840689647441, 0.999999500000125, 103.52897959183673
798, 0.2908911534236371, 0.0, 0.26446572572148236, 0.999999500000125, 108.08408163265307
799, 0.28997773784500164, 0.0, 0.26480171687636367, 0.999999500000125, 109.69714285714285
