1, 381
2, 289
3, 129
4, 380
5, 343
6, 422
7, 142
8, 224
9, 232
10, 383
11, 281
12, 72
13, 274
14, 441
15, 280
16, 218
17, 157
18, 398
19, 387
20, 382
21, 363
22, 416
23, 368
24, 196
25, 334
26, 95
27, 196
28, 192
29, 369
30, 320
31, 354
32, 419
33, 71
34, 371
35, 378
36, 329
37, 57
38, 378
39, 312
40, 51
41, 357
42, 179
43, 283
44, 330
45, 268
46, 296
47, 316
48, 241
49, 280
50, 246
51, 379
52, 296
53, 211
54, 337
55, 379
56, 391
57, 339
58, 344
59, 388
60, 258
61, 393
62, 361
63, 433
64, 311
65, 29
66, 284
67, 183
68, 329
69, 393
70, 353
71, 329
72, 320
73, 235
74, 370
75, 151
76, 220
77, 274
78, 246
79, 141
80, 335
81, 219
82, 236
83, 133
84, 371
85, 190
86, 110
87, 377
88, 325
89, 355
90, 134
91, 271
92, 366
93, 409
94, 144
95, 2
96, 268
97, 382
98, 409
99, 326
100, 35
101, 342
102, 18
103, 382
104, 185
105, 314
106, 197
107, 193
108, 226
109, 143
110, 423
111, 328
112, 441
113, 261
114, 434
115, 414
116, 388
117, 341
118, 376
119, 229
120, 66
121, 370
122, 375
123, 195
124, 200
125, 168
126, 96
127, 139
128, 166
129, 355
130, 137
131, 351
132, 53
133, 112
134, 125
135, 373
136, 446
137, 425
138, 248
139, 212
140, 128
141, 373
142, 63
143, 361
144, 258
145, 322
146, 112
147, 170
148, 386
149, 413
150, 423
151, 354
152, 348
153, 389
154, 316
155, 121
156, 278
157, 310
158, 348
159, 218
160, 239
161, 108
162, 189
163, 182
164, 115
165, 154
166, 373
167, 362
168, 287
169, 321
170, 115
171, 315
172, 102
173, 332
174, 395
175, 329
176, 412
177, 339
178, 179
179, 280
180, 344
181, 372
182, 360
183, 168
184, 49
185, 385
186, 316
187, 26
188, 29
189, 352
190, 364
191, 364
192, 271
193, 362
194, 433
195, 85
196, 327
197, 261
198, 291
199, 339
200, 398
201, 414
202, 357
203, 362
204, 398
205, 155
206, 97
207, 159
208, 239
209, 378
210, 349
211, 394
212, 347
213, 283
214, 393
215, 321
216, 348
217, 283
218, 341
219, 201
220, 141
221, 278
222, 230
223, 262
224, 382
225, 239
226, 235
227, 242
228, 377
229, 263
230, 253
231, 373
232, 323
233, 346
234, 405
235, 350
236, 352
237, 307
238, 240
239, 380
240, 82
241, 221
242, 337
243, 147
244, 328
245, 336
246, 196
247, 381
248, 305
249, 283
250, 324
251, 165
252, 281
253, 418
254, 283
255, 328
256, 326
257, 358
258, 409
259, 296
260, 276
261, 419
262, 362
263, 117
264, 273
265, 121
266, 82
267, 167
268, 154
269, 229
270, 179
271, 431
272, 377
273, 211
274, 395
275, 300
276, 400
277, 144
278, 443
279, 450
280, 351
281, 128
282, 187
283, 402
284, 391
285, 363
286, 355
287, 283
288, 409
289, 323
290, 323
291, 291
292, 286
293, 348
294, 344
295, 387
296, 317
297, 402
298, 146
299, 318
300, 277
301, 301
302, 344
303, 334
304, 195
305, 317
306, 228
307, 360
308, 343
309, 352
310, 166
311, 46
312, 370
313, 162
314, 384
315, 97
316, 122
317, 68
318, 366
319, 226
320, 142
321, 169
322, 334
323, 432
324, 363
325, 151
326, 142
327, 152
328, 77
329, 317
330, 132
331, 313
332, 104
333, 343
334, 362
335, 187
336, 180
337, 301
338, 373
339, 313
340, 348
341, 80
342, 345
343, 233
344, 377
345, 116
346, 89
347, 156
348, 270
349, 232
350, 32
351, 317
352, 52
353, 338
354, 357
355, 5
356, 424
357, 171
358, 332
359, 405
360, 296
361, 419
362, 401
363, 132
364, 144
365, 293
366, 326
367, 334
368, 328
369, 51
370, 171
371, 316
372, 155
373, 296
374, 186
375, 222
376, 389
377, 377
378, 401
379, 267
380, 296
381, 407
382, 370
383, 280
384, 347
385, 348
386, 396
387, 341
388, 167
389, 269
390, 403
391, 164
392, 150
393, 312
394, 427
395, 424
396, 434
397, 315
398, 447
399, 367
400, 201
401, 243
402, 115
403, 323
404, 309
405, 241
406, 136
407, 191
408, 371
409, 332
410, 215
411, 144
412, 82
413, 93
414, 329
415, 194
416, 274
417, 81
418, 384
419, 336
420, 367
421, 176
422, 349
423, 428
424, 35
425, 267
426, 306
427, 365
428, 371
429, 243
430, 220
431, 328
432, 104
433, 363
434, 395
435, 354
436, 97
437, 343
438, 355
439, 352
440, 353
441, 389
442, 197
443, 234
444, 366
445, 399
446, 130
447, 287
448, 380
449, 377
450, 383
451, 406
452, 342
453, 312
454, 405
455, 437
456, 392
457, 372
458, 391
459, 365
460, 431
461, 277
462, 355
463, 308
464, 194
465, 231
466, 372
467, 404
468, 345
469, 400
470, 346
471, 159
472, 370
473, 337
474, 332
475, 436
476, 425
477, 200
478, 343
479, 8
480, 351
481, 383
482, 417
483, 234
484, 295
485, 189
486, 388
487, 281
488, 146
489, 406
490, 136
491, 273
492, 90
493, 377
494, 450
495, 366
496, 389
497, 15
498, 292
499, 401
