0, 0, 0, 1.7660044150110376e-06, 0, 864.1069387755102
1, 8.768084173608067e-05, 0, 1.7536168347216135e-06, 8.768084173608067e-05, 688.4261224489796
2, 9.266123054114158e-05, 0, 2.3072099568095602e-05, 9.266123054114158e-05, 508.3191836734694
3, 9.229349330872173e-05, 0, 4.240514256450408e-05, 9.266123054114158e-05, 409.41632653061225
4, 9.270418095856123e-05, 0, 4.7704880922790324e-05, 9.270418095856123e-05, 431.26775510204084
5, 9.679605072113058e-05, 0, 5.4451357277622286e-05, 9.679605072113058e-05, 358.8048979591837
6, 0.00016550810989738498, 0, 4.056657107234395e-05, 0.00016550810989738498, 294.33142857142855
7, 0.0008488964346349745, 0, 6.055209458979479e-05, 0.0008488964346349745, 199.99673469387756
8, 0.0008802816901408451, 0, 0.00012704717965129414, 0.0008802816901408451, 152.57061224489797
9, 0.0010298661174047373, 0, 0.000215718213360786, 0.0010298661174047373, 104.87265306122448
10, 0.001763668430335097, 0, 0.0004663432773062923, 0.001763668430335097, 68.03183673469388
11, 0.0017152658662092624, 0, 0.0006042682653006708, 0.001763668430335097, 75.11020408163266
12, 0.001282051282051282, 0, 0.0004563027551169649, 0.001763668430335097, 52.25061224489796
13, 0.008, 0, 0.0007568809289874414, 0.008, 41.906938775510206
14, 0.003389830508474576, 0, 0.0007329227244323638, 0.008, 43.92979591836735
15, 0.01098901098901099, 0, 0.0010015386033758776, 0.01098901098901099, 47.139591836734695
16, 0.0025974025974025974, 0, 0.000692048313833259, 0.01098901098901099, 51.19428571428571
17, 0.003355704697986577, 0, 0.0008398306237442252, 0.01098901098901099, 51.45142857142857
18, 0.004424778761061947, 0, 0.0006397505338835767, 0.01098901098901099, 54.03510204081633
19, 0.003663003663003663, 0, 0.0004358452981781495, 0.01098901098901099, 57.311020408163266
20, 0.0015432098765432098, 0, 0.00032720785023356805, 0.01098901098901099, 60.546938775510206
21, 0.003787878787878788, 0, 0.0005372250800886923, 0.01098901098901099, 62.242448979591835
22, 0.004098360655737705, 0, 0.000603194635452697, 0.01098901098901099, 66.4261224489796
23, 0.0033112582781456954, 0, 0.0005869359058623667, 0.01098901098901099, 67.52816326530612
24, 0.0037174721189591076, 0, 0.0006335747049833504, 0.01098901098901099, 71.04163265306123
25, 0.0035087719298245615, 0, 0.0006031884376395255, 0.01098901098901099, 72.95510204081633
26, 0.0018115942028985507, 0, 0.0004289330895534056, 0.01098901098901099, 82.4530612244898
27, 0.0012919896640826874, 0, 0.00033641038076750155, 0.01098901098901099, 83.44163265306122
28, 0.002544529262086514, 0, 0.0003782952630909097, 0.01098901098901099, 80.41142857142857
29, 0.003875968992248062, 0, 0.0007881849313291603, 0.01098901098901099, 88.42285714285714
30, 0.003968253968253968, 0, 0.000725844261028032, 0.01098901098901099, 86.50285714285714
31, 0.0047169811320754715, 0, 0.0008613245289426573, 0.01098901098901099, 94.04897959183674
32, 0.018867924528301886, 0, 0.0010727699932594837, 0.018867924528301886, 103.3134693877551
33, 0.0038461538461538464, 0, 0.0004897581945371716, 0.018867924528301886, 107.47591836734694
34, 0.008928571428571428, 0, 0.0007784986865187824, 0.018867924528301886, 105.14775510204082
35, 0.0021598272138228943, 0, 0.0005217975193605707, 0.018867924528301886, 106.48408163265306
36, 0.002857142857142857, 0, 0.0008050099289587337, 0.018867924528301886, 100.57306122448979
37, 0.0035714285714285713, 0, 0.0004679387622080931, 0.018867924528301886, 88.39020408163265
38, 0.0049261083743842365, 0, 0.0005721025512747726, 0.018867924528301886, 68.08244897959183
39, 0.004132231404958678, 0, 0.0006281113714379286, 0.018867924528301886, 80.83265306122449
40, 0.002457002457002457, 0, 0.00045641614609332246, 0.018867924528301886, 96.13142857142857
41, 0.007518796992481203, 0, 0.0005216034876593629, 0.018867924528301886, 105.63510204081632
42, 0.003048780487804878, 0, 0.0005264815610059501, 0.018867924528301886, 110.18367346938776
43, 0.003436426116838488, 0, 0.0004922033386091051, 0.018867924528301886, 114.9534693877551
44, 0.002074688796680498, 0, 0.0005197803962005414, 0.018867924528301886, 119.71918367346939
45, 0.02040816326530612, 0, 0.001075494850031106, 0.02040816326530612, 102.84897959183674
46, 0.00273224043715847, 0, 0.0005511272810802093, 0.02040816326530612, 102.27102040816327
47, 0.0038022813688212928, 0, 0.0006884828830673656, 0.02040816326530612, 113.85632653061225
48, 0.010416666666666666, 0, 0.0006768245515916273, 0.02040816326530612, 84.20244897959184
49, 0.0045662100456621, 0, 0.000489334809741285, 0.02040816326530612, 71.91673469387756
50, 0.009900990099009901, 0, 0.000714639708910013, 0.02040816326530612, 65.20979591836735
51, 0.004524886877828055, 0, 0.0006629527186068728, 0.02040816326530612, 63.99755102040816
52, 0.0028011204481792717, 0, 0.0005665166726527128, 0.02040816326530612, 56.993469387755106
53, 0.0012004801920768306, 0, 0.0003180846629737056, 0.02040816326530612, 54.55673469387755
54, 0.008130081300813009, 0, 0.0006055519763134457, 0.02040816326530612, 53.369795918367345
55, 0.005376344086021506, 0, 0.0004243248187803241, 0.02040816326530612, 39.07265306122449
56, 0.006666666666666667, 0, 0.0007126929169261427, 0.02040816326530612, 40.21469387755102
57, 0.005319148936170213, 0, 0.00072550370216034, 0.02040816326530612, 45.624489795918365
58, 0.003484320557491289, 0, 0.0006618892925284861, 0.02040816326530612, 50.692244897959185
59, 0.0017241379310344827, 0, 0.000321936234319348, 0.02040816326530612, 52.32326530612245
60, 0.0015527950310559005, 0, 0.0003337463696484716, 0.02040816326530612, 49.158367346938775
61, 0.0026666666666666666, 0, 0.0007141625647750956, 0.02040816326530612, 53.773061224489794
62, 0.005235602094240838, 0, 0.0006031729527851846, 0.02040816326530612, 52.438367346938776
63, 0.002551020408163265, 0, 0.00046200341793560306, 0.02040816326530612, 52.031020408163265
64, 0.0034482758620689655, 0, 0.00045075805741000806, 0.02040816326530612, 52.44571428571429
65, 0.0024752475247524753, 0, 0.0003563581773836467, 0.02040816326530612, 62.816326530612244
66, 0.005208333333333333, 0, 0.0007867262644621752, 0.02040816326530612, 64.72897959183673
67, 0.002004008016032064, 0, 0.0004349456652983215, 0.02040816326530612, 65.83836734693878
68, 0.0064516129032258064, 0, 0.0008013019871718236, 0.02040816326530612, 67.4334693877551
69, 0.003937007874015748, 0, 0.0006144668659526581, 0.02040816326530612, 72.3061224489796
70, 0.0026246719160104987, 0, 0.0007057793541606212, 0.02040816326530612, 68.9730612244898
71, 0.0037593984962406013, 0, 0.0006427379150501243, 0.02040816326530612, 65.08816326530612
72, 0.0024691358024691358, 0, 0.00048598108110408533, 0.02040816326530612, 67.50530612244899
73, 0.008620689655172414, 0, 0.0008107844581717379, 0.02040816326530612, 65.52489795918368
74, 0.0053475935828877, 0, 0.0006959033466303347, 0.02040816326530612, 67.82857142857142
75, 0.003952569169960474, 0, 0.0007621122557691317, 0.02040816326530612, 69.19183673469388
76, 0.010638297872340425, 0, 0.0008269117743769223, 0.02040816326530612, 72.36489795918368
77, 0.004149377593360996, 0, 0.0006881410095222676, 0.02040816326530612, 76.05224489795918
78, 0.0034482758620689655, 0, 0.0007705804331378009, 0.02040816326530612, 76.4734693877551
79, 0.004694835680751174, 0, 0.000554477081172184, 0.02040816326530612, 76.80489795918368
80, 0.0028089887640449437, 0, 0.0004985882213152742, 0.02040816326530612, 80.6130612244898
81, 0.0022123893805309734, 0, 0.0004484435038762445, 0.02040816326530612, 81.91918367346939
82, 0.005050505050505051, 0, 0.0006192821526641549, 0.02040816326530612, 79.91673469387756
83, 0.0028328611898017, 0, 0.0005950392439522481, 0.02040816326530612, 79.73795918367347
84, 0.005917159763313609, 0, 0.0006047249612876296, 0.02040816326530612, 86.44897959183673
85, 0.002652519893899204, 0, 0.0003761798277309122, 0.02040816326530612, 91.69551020408163
86, 0.0024937655860349127, 0, 0.00038392802520795716, 0.02040816326530612, 88.26040816326531
87, 0.001519756838905775, 0, 0.00035472279314193415, 0.02040816326530612, 82.45469387755102
88, 0.0035460992907801418, 0, 0.0005195587633065697, 0.02040816326530612, 87.03020408163265
89, 0.0026455026455026454, 0, 0.0004874777547737964, 0.02040816326530612, 82.58530612244898
90, 0.005, 0, 0.0005295672742601881, 0.02040816326530612, 81.97632653061224
91, 0.004329004329004329, 0, 0.0007143382613123881, 0.02040816326530612, 87.20163265306122
92, 0.004149377593360996, 0, 0.0005934397134745887, 0.02040816326530612, 91.96081632653062
93, 0.004132231404958678, 0, 0.0007392550548827688, 0.02040816326530612, 91.10122448979592
94, 0.0037174721189591076, 0, 0.0006045740228414558, 0.02040816326530612, 90.28571428571429
95, 0.006134969325153374, 0, 0.000595974107015416, 0.02040816326530612, 88.28244897959183
96, 0.011494252873563218, 0, 0.0008508145386958263, 0.02040816326530612, 80.66857142857143
97, 0.0028169014084507044, 0, 0.0006140455818936767, 0.02040816326530612, 81.04979591836735
98, 0.001941747572815534, 0, 0.00043315367196847406, 0.02040816326530612, 82.11102040816327
99, 0.004098360655737705, 0, 0.0006297023443844832, 0.02040816326530612, 78.59755102040816
100, 0.010752688172043012, 0, 0.0008354212135659535, 0.02040816326530612, 63.42448979591837
101, 0.010752688172043012, 0, 0.0008226870894586737, 0.02040816326530612, 51.19673469387755
102, 0.004310344827586207, 0, 0.0005985855376203502, 0.02040816326530612, 52.10612244897959
103, 0.0018867924528301887, 0, 0.0005444955377363104, 0.02040816326530612, 51.223673469387755
104, 0.004273504273504274, 0, 0.0008722864294580167, 0.02040816326530612, 54.42448979591837
105, 0.0040650406504065045, 0, 0.0005984377380477593, 0.02040816326530612, 68.74367346938776
106, 0.007874015748031496, 0, 0.0009168120419651464, 0.02040816326530612, 72.79102040816326
107, 0.008928571428571428, 0, 0.0007816977451235549, 0.02040816326530612, 64.38204081632654
108, 0.004807692307692308, 0, 0.0006627466291362551, 0.02040816326530612, 75.76081632653062
109, 0.003703703703703704, 0, 0.00048524147711722997, 0.02040816326530612, 87.64408163265306
110, 0.014492753623188406, 0, 0.0006978707601174805, 0.02040816326530612, 74.65795918367347
111, 0.0034602076124567475, 0, 0.000705517934247428, 0.02040816326530612, 75.73224489795918
112, 0.0026595744680851063, 0, 0.0006056996340749344, 0.02040816326530612, 73.17142857142858
113, 0.003257328990228013, 0, 0.0005897088325063577, 0.02040816326530612, 72.15836734693877
114, 0.011235955056179775, 0, 0.0008194087570216395, 0.02040816326530612, 68.69551020408163
115, 0.007246376811594203, 0, 0.0008964946208997568, 0.02040816326530612, 76.23428571428572
116, 0.003875968992248062, 0, 0.000822754426388703, 0.02040816326530612, 74.37061224489796
117, 0.021739130434782608, 0, 0.001225638350050537, 0.021739130434782608, 62.969795918367346
118, 0.004830917874396135, 0, 0.0009093640285522284, 0.021739130434782608, 53.67755102040816
119, 0.008403361344537815, 0, 0.0009972945576607582, 0.021739130434782608, 55.61061224489796
120, 0.0017513134851138354, 0, 0.0004989525401875192, 0.021739130434782608, 73.46448979591837
121, 0.01818181818181818, 0, 0.0008638590257625002, 0.021739130434782608, 69.24734693877551
122, 0.0006161429451632779, 0, 0.0002675525620904157, 0.021739130434782608, 72.27591836734693
123, 0.03333333333333333, 0, 0.0010097529679476927, 0.03333333333333333, 88.4791836734694
124, 0.0014641288433382138, 0, 0.00030111998968636105, 0.03333333333333333, 77.35755102040817
125, 0.005263157894736842, 0, 0.0005050298872936623, 0.03333333333333333, 63.85551020408163
126, 0.0041841004184100415, 0, 0.0005906601059241477, 0.03333333333333333, 52.4065306122449
127, 0.009708737864077669, 0, 0.0008628783100384239, 0.03333333333333333, 50.0269387755102
128, 0.003278688524590164, 0, 0.0007342395979333888, 0.03333333333333333, 48.629387755102044
129, 0.012195121951219513, 0, 0.0008897964929390608, 0.03333333333333333, 46.57714285714286
130, 0.005747126436781609, 0, 0.0006272354877082259, 0.03333333333333333, 48.73142857142857
131, 0.00267379679144385, 0, 0.00044819297355599334, 0.03333333333333333, 50.00734693877551
132, 0.007142857142857143, 0, 0.0006208808016893955, 0.03333333333333333, 45.19183673469388
133, 0.002127659574468085, 0, 0.0004104360345871098, 0.03333333333333333, 42.310204081632655
134, 0.007194244604316547, 0, 0.0006237501637844932, 0.03333333333333333, 47.52816326530612
135, 0.0045045045045045045, 0, 0.0008430255634423995, 0.03333333333333333, 50.7265306122449
136, 0.006756756756756757, 0, 0.0008897858051393691, 0.03333333333333333, 55.453877551020405
137, 0.0022471910112359553, 0, 0.0005482966565710061, 0.03333333333333333, 59.98285714285714
138, 0.011764705882352941, 0, 0.0008180784121039644, 0.03333333333333333, 60.331428571428575
139, 0.002849002849002849, 0, 0.00047623930035467705, 0.03333333333333333, 64.8669387755102
140, 0.0058823529411764705, 0, 0.0005411272878084492, 0.03333333333333333, 68.08326530612244
141, 0.005952380952380952, 0, 0.000660350961077763, 0.03333333333333333, 63.244897959183675
142, 0.0037174721189591076, 0, 0.0006220569888707154, 0.03333333333333333, 71.2065306122449
143, 0.006289308176100629, 0, 0.0005287632904308456, 0.03333333333333333, 69.39836734693877
144, 0.0007861635220125787, 0, 0.00023844960485549832, 0.03333333333333333, 71.68244897959184
145, 0.001394700139470014, 0, 0.0003748426326807877, 0.03333333333333333, 70.44163265306122
146, 0.004761904761904762, 0, 0.000566480277893648, 0.03333333333333333, 57.03673469387755
147, 0.0036900369003690036, 0, 0.0008145467981198382, 0.03333333333333333, 56.02857142857143
148, 0.003703703703703704, 0, 0.0005780108998549695, 0.03333333333333333, 60.52326530612245
149, 0.007042253521126761, 0, 0.0008426424933594581, 0.03333333333333333, 62.60326530612245
150, 0.004032258064516129, 0, 0.000812520383275468, 0.03333333333333333, 61.97877551020408
151, 0.0026954177897574125, 0, 0.0005122865334406524, 0.03333333333333333, 55.80326530612245
152, 0.005076142131979695, 0, 0.0005696200035716034, 0.03333333333333333, 59.537142857142854
153, 0.0024813895781637717, 0, 0.00044140440772146017, 0.03333333333333333, 55.19102040816327
154, 0.05, 0, 0.0019032405752135103, 0.05, 59.795918367346935
155, 0.003205128205128205, 0, 0.0005915833844898299, 0.05, 58.44897959183673
156, 0.000708215297450425, 0, 0.00019790670508232504, 0.05, 64.1934693877551
157, 0.00273224043715847, 0, 0.0004888902807739618, 0.05, 61.136326530612244
158, 0.0010976948408342481, 0, 0.0003865321298192053, 0.05, 54.99836734693878
159, 0.006289308176100629, 0, 0.0005798626566333284, 0.05, 57.93061224489796
160, 0.007246376811594203, 0, 0.0006372759052228677, 0.05, 65.84
161, 0.022222222222222223, 0, 0.00121277957063489, 0.05, 62.99755102040816
162, 0.020833333333333332, 0, 0.0010314408745961468, 0.05, 68.09632653061225
163, 0.002890173410404624, 0, 0.0005800994471026466, 0.05, 70.22530612244898
164, 0.002288329519450801, 0, 0.00038145490124557257, 0.05, 68.1404081632653
165, 0.002638522427440633, 0, 0.0006813699024558142, 0.05, 67.34122448979592
166, 0.008130081300813009, 0, 0.0005736056501221811, 0.05, 69.71265306122449
167, 0.0015128593040847202, 0, 0.0004636190091421175, 0.05, 82.9673469387755
168, 0.0029154518950437317, 0, 0.0004908917608785312, 0.05, 88.78285714285714
169, 0.0022522522522522522, 0, 0.0003598695872702042, 0.05, 91.90612244897959
170, 0.007751937984496124, 0, 0.0005472838576569687, 0.05, 93.09714285714286
171, 0.0038314176245210726, 0, 0.0006409088173623444, 0.05, 90.64734693877551
172, 0.00641025641025641, 0, 0.001083510489013254, 0.05, 89.36897959183673
173, 0.004166666666666667, 0, 0.0004939499519483122, 0.05, 87.91183673469388
174, 0.0031545741324921135, 0, 0.00031982524501254187, 0.05, 88.79918367346939
175, 0.005780346820809248, 0, 0.0006499750225502678, 0.05, 101.04979591836735
176, 0.002793296089385475, 0, 0.0004003534702668682, 0.05, 97.07510204081633
177, 0.006134969325153374, 0, 0.0004304499443128969, 0.05, 97.99673469387756
178, 0.00228310502283105, 0, 0.0004707462373682208, 0.05, 75.38204081632654
179, 0.006024096385542169, 0, 0.0007649437564604723, 0.05, 72.82204081632653
180, 0.004329004329004329, 0, 0.0005981725746534814, 0.05, 66.24
181, 0.0019801980198019802, 0, 0.00048167343531280615, 0.05, 51.391836734693875
182, 0.0017985611510791368, 0, 0.0004439860387142247, 0.05, 52.88734693877551
183, 0.0048543689320388345, 0, 0.0006341682641800432, 0.05, 51.44897959183673
184, 0.003436426116838488, 0, 0.0007019308012730579, 0.05, 48.79020408163265
185, 0.0021008403361344537, 0, 0.0004603476204228967, 0.05, 50.715102040816326
186, 0.0024330900243309003, 0, 0.0006177322297596517, 0.05, 55.32326530612245
187, 0.002207505518763797, 0, 0.0005684324830226073, 0.05, 56.033469387755105
188, 0.00423728813559322, 0, 0.0005940845695882224, 0.05, 56.48979591836735
189, 0.003246753246753247, 0, 0.0004799859182650438, 0.05, 54.477551020408164
190, 0.005917159763313609, 0, 0.0007271154307091869, 0.05, 61.94857142857143
191, 0.0034965034965034965, 0, 0.0005911738075231558, 0.05, 65.88326530612245
192, 0.008928571428571428, 0, 0.0010496347579229941, 0.05, 70.32
193, 0.00819672131147541, 0, 0.0009575599173997076, 0.05, 67.22367346938775
194, 0.0036900369003690036, 0, 0.0006844995092083063, 0.05, 73.25061224489797
195, 0.006211180124223602, 0, 0.0006969294483160249, 0.05, 71.4530612244898
196, 0.0036101083032490976, 0, 0.0003831962389796128, 0.05, 70.6269387755102
197, 0.005291005291005291, 0, 0.0006641239427150513, 0.05, 71.39020408163265
198, 0.0033112582781456954, 0, 0.0005957451178494554, 0.05, 72.18122448979592
199, 0.006172839506172839, 0, 0.0007450435964614553, 0.05, 72.09061224489795
200, 0.0017793594306049821, 0, 0.0004927603628061838, 0.05, 73.89632653061224
201, 0.008333333333333333, 0, 0.0007370558003872455, 0.05, 75.16979591836734
202, 0.005555555555555556, 0, 0.0007488962554221084, 0.05, 69.75183673469388
203, 0.004545454545454545, 0, 0.0006308774540326849, 0.05, 59.17795918367347
204, 0.010526315789473684, 0, 0.0009118330023145584, 0.05, 57.49469387755102
205, 0.002890173410404624, 0, 0.00042455756456481536, 0.05, 55.61224489795919
206, 0.00558659217877095, 0, 0.0006423622832928261, 0.05, 59.651428571428575
207, 0.0036496350364963502, 0, 0.0008539723760370467, 0.05, 64.7534693877551
208, 0.0038910505836575876, 0, 0.00071659302762193, 0.05, 60.841632653061225
209, 0.006289308176100629, 0, 0.0007078225254918607, 0.05, 61.477551020408164
210, 0.011494252873563218, 0, 0.0009204512004968601, 0.05, 66.89387755102041
211, 0.003003003003003003, 0, 0.0004653571821499416, 0.05, 68.93142857142857
212, 0.0026041666666666665, 0, 0.0006379687539999435, 0.05, 71.24408163265306
213, 0.012345679012345678, 0, 0.0008214667778971203, 0.05, 66.91428571428571
214, 0.0053475935828877, 0, 0.0009102187602604369, 0.05, 72.28979591836735
215, 0.004901960784313725, 0, 0.0007419083804247368, 0.05, 64.58857142857143
216, 0.008849557522123894, 0, 0.0008752776045858197, 0.05, 64.82448979591837
217, 0.002325581395348837, 0, 0.00039212625733337837, 0.05, 55.76244897959184
218, 0.004219409282700422, 0, 0.0006789048711243994, 0.05, 60.42530612244898
219, 0.019230769230769232, 0, 0.001094211760021287, 0.05, 60.93061224489796
220, 0.002331002331002331, 0, 0.0004835829218148547, 0.05, 69.34775510204082
221, 0.006711409395973154, 0, 0.0005651674202680765, 0.05, 59.89224489795918
222, 0.0033112582781456954, 0, 0.000610364268598215, 0.05, 57.009795918367345
223, 0.0017985611510791368, 0, 0.0003791469715604108, 0.05, 62.07020408163265
224, 0.0010141987829614604, 0, 0.00026229455390321105, 0.05, 53.97714285714286
225, 0.0027397260273972603, 0, 0.0006254062933402889, 0.05, 46.12571428571429
226, 0.003194888178913738, 0, 0.000376221093144359, 0.05, 52.80571428571429
227, 0.009174311926605505, 0, 0.0008466632559191975, 0.05, 57.76897959183673
228, 0.016129032258064516, 0, 0.0007159244605412943, 0.05, 53.409795918367344
229, 0.0028735632183908046, 0, 0.000420986013558246, 0.05, 58.64489795918367
230, 0.0017605633802816902, 0, 0.00041935459287369635, 0.05, 57.22775510204082
231, 0.00411522633744856, 0, 0.000668643518053266, 0.05, 57.245714285714286
232, 0.012048192771084338, 0, 0.0010920773640045063, 0.05, 63.370612244897956
233, 0.0012048192771084338, 0, 0.0002760638197051247, 0.05, 61.903673469387755
234, 0.0022522522522522522, 0, 0.00047159168324828834, 0.05, 65.58204081632653
235, 0.0028169014084507044, 0, 0.0006222330939127872, 0.05, 70.87183673469387
236, 0.0031847133757961785, 0, 0.0006707311392879725, 0.05, 68.60979591836735
237, 0.007874015748031496, 0, 0.0007992984081492947, 0.05, 76.81959183673469
238, 0.009523809523809525, 0, 0.0012025125990161563, 0.05, 77.81551020408163
239, 0.00558659217877095, 0, 0.0010356192644264068, 0.05, 79.95755102040816
240, 0.007692307692307693, 0, 0.0011704494272960844, 0.05, 83.61469387755102
241, 0.005847953216374269, 0, 0.000593121400579731, 0.05, 80.12489795918367
242, 0.007874015748031496, 0, 0.0006162791804203094, 0.05, 91.69469387755102
243, 0.002898550724637681, 0, 0.0006711774710038178, 0.05, 84.80571428571429
244, 0.0055248618784530384, 0, 0.0007718161947480998, 0.05, 91.51755102040816
245, 0.004329004329004329, 0, 0.0009053309012872293, 0.05, 89.50122448979592
246, 0.006134969325153374, 0, 0.0007564833163278935, 0.05, 81.35020408163265
247, 0.004672897196261682, 0, 0.0007825259155667081, 0.05, 66.81224489795919
248, 0.008547008547008548, 0, 0.001153805288796298, 0.05, 75.0334693877551
249, 0.0032679738562091504, 0, 0.0006532899832897218, 0.05, 87.37632653061225
250, 0.0025906735751295338, 0, 0.0005590160414780405, 0.05, 94.83428571428571
251, 0.003105590062111801, 0, 0.0005173196260309343, 0.05, 95.48326530612245
252, 0.0024813895781637717, 0, 0.0005084010899255653, 0.05, 93.17877551020408
253, 0.02631578947368421, 0, 0.0010733925702466939, 0.05, 87.63755102040817
254, 0.010752688172043012, 0, 0.0008679921982134046, 0.05, 75.8661224489796
255, 0.004132231404958678, 0, 0.00045715407423366027, 0.05, 72.08489795918368
256, 0.022222222222222223, 0, 0.0017213482578901452, 0.05, 68.21061224489796
257, 0.004694835680751174, 0, 0.0006210172903554325, 0.05, 69.80408163265307
258, 0.0024096385542168677, 0, 0.00043289715086641166, 0.05, 74.64979591836735
259, 0.0033003300330033004, 0, 0.0006699686486632361, 0.05, 73.38775510204081
260, 0.006329113924050633, 0, 0.000540209669264635, 0.05, 68.18612244897959
261, 0.004132231404958678, 0, 0.0006821715755331884, 0.05, 80.74530612244898
262, 0.0037593984962406013, 0, 0.0005366586548774709, 0.05, 81.27020408163266
263, 0.001838235294117647, 0, 0.00037375967763728367, 0.05, 86.70938775510204
264, 0.002044989775051125, 0, 0.00026226767562332974, 0.05, 76.09632653061225
265, 0.0011074197120708748, 0, 0.0003295591467595154, 0.05, 74.3991836734694
266, 0.00425531914893617, 0, 0.0006511387057160782, 0.05, 70.23346938775511
267, 0.0025380710659898475, 0, 0.0006737821449313043, 0.05, 66.14530612244899
268, 0.00558659217877095, 0, 0.0006982105465322469, 0.05, 70.60979591836735
269, 0.004651162790697674, 0, 0.0006788633230479409, 0.05, 72.52489795918368
270, 0.00273224043715847, 0, 0.0006931178441634425, 0.05, 80.2326530612245
271, 0.0026041666666666665, 0, 0.0005722550533147862, 0.05, 79.40163265306123
272, 0.002570694087403599, 0, 0.0006670348062759521, 0.05, 90.14204081632653
273, 0.003968253968253968, 0, 0.0008069021165952979, 0.05, 88.9665306122449
274, 0.0051813471502590676, 0, 0.0009652229023130941, 0.05, 101.84081632653061
275, 0.008130081300813009, 0, 0.0008855740847297403, 0.05, 90.76408163265306
276, 0.01639344262295082, 0, 0.0010078066449852687, 0.05, 95.28163265306122
277, 0.0035087719298245615, 0, 0.0007361289829987802, 0.05, 113.11183673469388
278, 0.0029940119760479044, 0, 0.0006746101910229486, 0.05, 111.2465306122449
279, 0.00510204081632653, 0, 0.0007270527392189444, 0.05, 113.27836734693878
280, 0.004975124378109453, 0, 0.0006578028088746192, 0.05, 121.5861224489796
281, 0.003215434083601286, 0, 0.0004998663068041666, 0.05, 123.17142857142858
282, 0.005494505494505495, 0, 0.000606475691331192, 0.05, 122.12163265306123
283, 0.007042253521126761, 0, 0.0006181566571789085, 0.05, 123.5804081632653
284, 0.0014005602240896359, 0, 0.00029053572075931076, 0.05, 110.58938775510204
285, 0.01639344262295082, 0, 0.0008934362380280849, 0.05, 114.54775510204081
286, 0.0025575447570332483, 0, 0.0006095547167276287, 0.05, 109.42285714285714
287, 0.0017699115044247787, 0, 0.0005612050879417213, 0.05, 104.07755102040817
288, 0.002652519893899204, 0, 0.0006270619935649345, 0.05, 103.05551020408163
289, 0.004424778761061947, 0, 0.0007493945562838918, 0.05, 104.03020408163265
290, 0.002173913043478261, 0, 0.0005511960778032361, 0.05, 105.09387755102041
291, 0.004629629629629629, 0, 0.0005877770604017404, 0.05, 105.54204081632653
292, 0.0035971223021582736, 0, 0.0005454057001089925, 0.05, 106.46122448979592
293, 0.008928571428571428, 0, 0.0008925277629007547, 0.05, 98.63918367346939
294, 0.002512562814070352, 0, 0.0004852076363654288, 0.05, 94.58448979591837
295, 0.007633587786259542, 0, 0.0008784028779325495, 0.05, 87.9730612244898
296, 0.0024449877750611247, 0, 0.0006690844395344692, 0.05, 80.67918367346938
297, 0.0047169811320754715, 0, 0.0007835177125638748, 0.05, 83.27673469387756
298, 0.006711409395973154, 0, 0.0010940414981340165, 0.05, 82.79673469387755
299, 0.003246753246753247, 0, 0.0007169256430420448, 0.05, 78.61224489795919
300, 0.0032258064516129032, 0, 0.0006849067741476488, 0.05, 69.64408163265306
301, 0.004132231404958678, 0, 0.0006620711051017062, 0.05, 67.86775510204082
302, 0.003745318352059925, 0, 0.0007102711010961052, 0.05, 64.30448979591837
303, 0.004048582995951417, 0, 0.0005399677281844353, 0.05, 58.23836734693877
304, 0.010869565217391304, 0, 0.0008436385751175203, 0.05, 54.3134693877551
305, 0.005050505050505051, 0, 0.0005733828567378552, 0.05, 52.65061224489796
306, 0.006024096385542169, 0, 0.0006563069037937703, 0.05, 50.89959183673469
307, 0.0015082956259426848, 0, 0.0003410530675032132, 0.05, 55.83265306122449
308, 0.002680965147453083, 0, 0.0005396033097626562, 0.05, 59.38612244897959
309, 0.01639344262295082, 0, 0.0010979430852273132, 0.05, 59.02448979591837
310, 0.002680965147453083, 0, 0.0005696676161851815, 0.05, 56.06530612244898
311, 0.001996007984031936, 0, 0.0004988976418802719, 0.05, 62.969795918367346
312, 0.003105590062111801, 0, 0.0006168905104551117, 0.05, 70.07020408163265
313, 0.00228310502283105, 0, 0.00029349815174450265, 0.05, 70.36081632653061
314, 0.002320185614849188, 0, 0.0004963842880359474, 0.05, 72.92734693877551
315, 0.0044444444444444444, 0, 0.0006554778538934, 0.05, 68.30448979591837
316, 0.0025906735751295338, 0, 0.0006535936176018995, 0.05, 63.74612244897959
317, 0.0024937655860349127, 0, 0.0005181732604122491, 0.05, 70.10122448979592
318, 0.0020242914979757085, 0, 0.0005376954484606167, 0.05, 70.42040816326531
319, 0.0011441647597254005, 0, 0.0003429997067040714, 0.05, 64.14938775510204
320, 0.012658227848101266, 0, 0.0009452950245527986, 0.05, 64.18285714285715
321, 0.005555555555555556, 0, 0.0007849532138191995, 0.05, 69.94448979591837
322, 0.0041841004184100415, 0, 0.0006528981222597098, 0.05, 74.79183673469387
323, 0.002898550724637681, 0, 0.0006940421681567304, 0.05, 80.03755102040816
324, 0.0020920502092050207, 0, 0.0004457892705992949, 0.05, 79.37142857142857
325, 0.005917159763313609, 0, 0.0007714504128924178, 0.05, 68.90122448979592
326, 0.0045662100456621, 0, 0.0005711359417391641, 0.05, 61.38448979591837
327, 0.0014084507042253522, 0, 0.0003895763044960071, 0.05, 73.02448979591837
328, 0.002331002331002331, 0, 0.000556939184810779, 0.05, 77.7673469387755
329, 0.006024096385542169, 0, 0.0006877364474995651, 0.05, 76.99102040816327
330, 0.002717391304347826, 0, 0.0004648277561859368, 0.05, 62.94938775510204
331, 0.008333333333333333, 0, 0.0007262121267290471, 0.05, 69.00408163265305
332, 0.009615384615384616, 0, 0.0009131381538276038, 0.05, 82.76326530612245
333, 0.008771929824561403, 0, 0.0009795602855836361, 0.05, 80.0473469387755
334, 0.004310344827586207, 0, 0.0006999375999127243, 0.05, 80.2465306122449
335, 0.005154639175257732, 0, 0.0008114191990258382, 0.05, 90.0734693877551
336, 0.1111111111111111, 0, 0.0028105212240355807, 0.1111111111111111, 76.40163265306123
337, 0.0034129692832764505, 0, 0.0005634635961809878, 0.1111111111111111, 88.36163265306122
338, 0.004524886877828055, 0, 0.0006795331250061821, 0.1111111111111111, 89.63020408163266
339, 0.008620689655172414, 0, 0.000878259906927166, 0.1111111111111111, 87.74285714285715
340, 0.0035842293906810036, 0, 0.0005797259166535639, 0.1111111111111111, 88.1404081632653
341, 0.003816793893129771, 0, 0.0005776009937401201, 0.1111111111111111, 89.33877551020409
342, 0.0078125, 0, 0.0007188644844975696, 0.1111111111111111, 91.79428571428572
343, 0.0056179775280898875, 0, 0.00047412302922238207, 0.1111111111111111, 84.27591836734693
344, 0.0029239766081871343, 0, 0.0005415394826813937, 0.1111111111111111, 67.5208163265306
345, 0.0016863406408094434, 0, 0.00045070500607836164, 0.1111111111111111, 69.2138775510204
346, 0.007194244604316547, 0, 0.0008042500414461708, 0.1111111111111111, 65.16979591836734
347, 0.007936507936507936, 0, 0.0006529636166415055, 0.1111111111111111, 59.416326530612245
348, 0.001984126984126984, 0, 0.00040911985642116033, 0.1111111111111111, 59.733061224489795
349, 0.006060606060606061, 0, 0.0006454712737983398, 0.1111111111111111, 57.460408163265306
350, 0.002150537634408602, 0, 0.00050602216631969, 0.1111111111111111, 50.39265306122449
351, 0.002421307506053269, 0, 0.0005276307607706396, 0.1111111111111111, 38.668571428571425
352, 0.0034602076124567475, 0, 0.0006380142951894847, 0.1111111111111111, 38.950204081632656
353, 0.00558659217877095, 0, 0.0006675747084517042, 0.1111111111111111, 48.18530612244898
354, 0.01098901098901099, 0, 0.0005623077058602679, 0.1111111111111111, 55.22775510204082
355, 0.008547008547008548, 0, 0.0007630980266459752, 0.1111111111111111, 59.778775510204085
356, 0.007246376811594203, 0, 0.0006975944824056272, 0.1111111111111111, 62.546122448979595
357, 0.0031746031746031746, 0, 0.0007514691279267367, 0.1111111111111111, 61.882448979591835
358, 0.003257328990228013, 0, 0.0007411538039382199, 0.1111111111111111, 61.22938775510204
359, 0.006493506493506494, 0, 0.0006371093784271449, 0.1111111111111111, 63.628571428571426
360, 0.011363636363636364, 0, 0.0010607340340031545, 0.1111111111111111, 61.071836734693875
361, 0.0027100271002710027, 0, 0.0006137076835094376, 0.1111111111111111, 59.93551020408163
362, 0.005025125628140704, 0, 0.0006712846316104409, 0.1111111111111111, 44.565714285714286
363, 0.005319148936170213, 0, 0.0007905559553163244, 0.1111111111111111, 40.98285714285714
364, 0.0017857142857142857, 0, 0.0004961694705358651, 0.1111111111111111, 38.01714285714286
365, 0.007462686567164179, 0, 0.0007260684920523085, 0.1111111111111111, 35.57469387755102
366, 0.003205128205128205, 0, 0.0006419539884773231, 0.1111111111111111, 39.74938775510204
367, 0.0049261083743842365, 0, 0.0006375578422199274, 0.1111111111111111, 46.16
368, 0.001941747572815534, 0, 0.00035590372945888053, 0.1111111111111111, 48.89142857142857
369, 0.001876172607879925, 0, 0.0003806802055858424, 0.1111111111111111, 50.80408163265306
370, 0.006578947368421052, 0, 0.0006603067771401816, 0.1111111111111111, 48.28163265306122
371, 0.0070921985815602835, 0, 0.0007953175005455858, 0.1111111111111111, 56.36408163265306
372, 0.0036363636363636364, 0, 0.0007176237201351843, 0.1111111111111111, 60.775510204081634
373, 0.0031645569620253164, 0, 0.0006489927080151574, 0.1111111111111111, 58.822857142857146
374, 0.0022675736961451248, 0, 0.0005021764476925267, 0.1111111111111111, 64.21224489795918
375, 0.01282051282051282, 0, 0.0010994014508100914, 0.1111111111111111, 63.42040816326531
376, 0.007194244604316547, 0, 0.0007553253571244745, 0.1111111111111111, 60.30367346938775
377, 0.002551020408163265, 0, 0.0006801851233882777, 0.1111111111111111, 64.29632653061225
378, 0.0035211267605633804, 0, 0.0007088535029039411, 0.1111111111111111, 54.882448979591835
379, 0.002109704641350211, 0, 0.0005482635552243734, 0.1111111111111111, 55.36244897959184
380, 0.01098901098901099, 0, 0.0006107133328930866, 0.1111111111111111, 48.44326530612245
381, 0.00398406374501992, 0, 0.0004693800327553106, 0.1111111111111111, 46.49469387755102
382, 0.005405405405405406, 0, 0.000640595207071554, 0.1111111111111111, 44.32163265306122
383, 0.0019230769230769232, 0, 0.0005001943794548454, 0.1111111111111111, 46.04489795918367
384, 0.0033783783783783786, 0, 0.0005591358472428396, 0.1111111111111111, 47.08
385, 0.0023094688221709007, 0, 0.0005449862240888426, 0.1111111111111111, 48.45061224489796
386, 0.005952380952380952, 0, 0.0006613738670651151, 0.1111111111111111, 57.60163265306122
387, 0.0029940119760479044, 0, 0.0005612365201220864, 0.1111111111111111, 58.884897959183675
388, 0.006896551724137931, 0, 0.0005451600215619573, 0.1111111111111111, 63.65469387755102
389, 0.004629629629629629, 0, 0.0009151843539563175, 0.1111111111111111, 66.66204081632652
390, 0.008620689655172414, 0, 0.0007979174205809289, 0.1111111111111111, 74.7534693877551
391, 0.007751937984496124, 0, 0.0005970555531696953, 0.1111111111111111, 77.9795918367347
392, 0.0036101083032490976, 0, 0.0006359682738437912, 0.1111111111111111, 77.21061224489796
393, 0.002717391304347826, 0, 0.0005932687653214472, 0.1111111111111111, 75.14204081632653
394, 0.0012300123001230013, 0, 0.00040271786223394903, 0.1111111111111111, 80.96979591836735
395, 0.005714285714285714, 0, 0.0007808398266316857, 0.1111111111111111, 82.38938775510204
396, 0.00423728813559322, 0, 0.0006001462910240694, 0.1111111111111111, 84.97224489795919
397, 0.004807692307692308, 0, 0.0006339470022661934, 0.1111111111111111, 83.65877551020408
398, 0.004132231404958678, 0, 0.0007018786252489859, 0.1111111111111111, 83.28571428571429
399, 0.0033112582781456954, 0, 0.0005016679974271103, 0.1111111111111111, 79.51918367346939
400, 0.0016556291390728477, 0, 0.00039982742362058816, 0.1111111111111111, 76.64326530612244
401, 0.007194244604316547, 0, 0.0007356578122767337, 0.1111111111111111, 69.71183673469388
402, 0.016129032258064516, 0, 0.0007146239332903642, 0.1111111111111111, 70.64897959183673
403, 0.0070921985815602835, 0, 0.0005255203360251218, 0.1111111111111111, 71.11102040816327
404, 0.0027397260273972603, 0, 0.0007498014822051837, 0.1111111111111111, 70.50530612244899
405, 0.003472222222222222, 0, 0.0004619930978396127, 0.1111111111111111, 71.37224489795918
406, 0.0025, 0, 0.0004573162767429014, 0.1111111111111111, 69.81632653061224
407, 0.0015384615384615385, 0, 0.0004491388305265085, 0.1111111111111111, 61.44244897959184
408, 0.0045045045045045045, 0, 0.0008182603704547451, 0.1111111111111111, 62.44816326530612
409, 0.009523809523809525, 0, 0.0008858605894533202, 0.1111111111111111, 64.64816326530612
410, 0.008695652173913044, 0, 0.000899826496411111, 0.1111111111111111, 63.393469387755104
411, 0.014492753623188406, 0, 0.0013543412661745188, 0.1111111111111111, 62.1265306122449
412, 0.010869565217391304, 0, 0.0012223256792303276, 0.1111111111111111, 67.30285714285715
413, 0.00267379679144385, 0, 0.0008034403146372972, 0.1111111111111111, 77.65551020408164
414, 0.008333333333333333, 0, 0.0008292578911598107, 0.1111111111111111, 79.16489795918368
415, 0.0033003300330033004, 0, 0.000520450065995753, 0.1111111111111111, 81.66448979591837
416, 0.0024691358024691358, 0, 0.0003259053920262712, 0.1111111111111111, 88.64816326530612
417, 0.003663003663003663, 0, 0.0005792735481819996, 0.1111111111111111, 89.87836734693877
418, 0.0016286644951140066, 0, 0.0003530210838732878, 0.1111111111111111, 93.00734693877551
419, 0.006024096385542169, 0, 0.0006284079424155177, 0.1111111111111111, 91.71755102040817
420, 0.006329113924050633, 0, 0.0006597409922787713, 0.1111111111111111, 92.4530612244898
421, 0.0035587188612099642, 0, 0.0005744525586266415, 0.1111111111111111, 87.21224489795918
422, 0.0026041666666666665, 0, 0.0004756560352159566, 0.1111111111111111, 90.71102040816326
423, 0.007246376811594203, 0, 0.0006601271614466912, 0.1111111111111111, 96.52244897959184
424, 0.004830917874396135, 0, 0.0004461064583638448, 0.1111111111111111, 96.92163265306122
425, 0.009009009009009009, 0, 0.0007541434923360805, 0.1111111111111111, 89.85142857142857
426, 0.005235602094240838, 0, 0.0006376103782852566, 0.1111111111111111, 97.8065306122449
427, 0.003048780487804878, 0, 0.0004609407132221541, 0.1111111111111111, 93.10122448979592
428, 0.010869565217391304, 0, 0.0009629475910838469, 0.1111111111111111, 96.87755102040816
429, 0.005649717514124294, 0, 0.0006594956467067517, 0.1111111111111111, 92.27591836734693
430, 0.012195121951219513, 0, 0.0005951275778408621, 0.1111111111111111, 91.37795918367347
431, 0.0021598272138228943, 0, 0.0006049150183774036, 0.1111111111111111, 96.04326530612245
432, 0.004975124378109453, 0, 0.0007298592304036994, 0.1111111111111111, 102.23346938775511
433, 0.0037313432835820895, 0, 0.0007499760009600805, 0.1111111111111111, 104.07836734693878
434, 0.003875968992248062, 0, 0.0007095072650336008, 0.1111111111111111, 104.98122448979592
435, 0.038461538461538464, 0, 0.001517826118213283, 0.1111111111111111, 95.29714285714286
436, 0.0024154589371980675, 0, 0.0005696557761721616, 0.1111111111111111, 93.99918367346939
437, 0.004830917874396135, 0, 0.0007266969734368899, 0.1111111111111111, 99.85795918367347
438, 0.003937007874015748, 0, 0.0006450045005970715, 0.1111111111111111, 83.8130612244898
439, 0.011363636363636364, 0, 0.0009171053763713744, 0.1111111111111111, 74.60408163265306
440, 0.007936507936507936, 0, 0.0007620436937450337, 0.1111111111111111, 63.35836734693878
441, 0.006993006993006993, 0, 0.0009634320583967451, 0.1111111111111111, 53.331428571428575
442, 0.003076923076923077, 0, 0.0005964201717090144, 0.1111111111111111, 50.53551020408163
443, 0.015625, 0, 0.0010851152799708022, 0.1111111111111111, 49.93877551020408
444, 0.012658227848101266, 0, 0.0009660616315166185, 0.1111111111111111, 49.30530612244898
445, 0.004048582995951417, 0, 0.0006056239369540749, 0.1111111111111111, 40.015510204081636
446, 0.0014727540500736377, 0, 0.0003841092129563305, 0.1111111111111111, 43.27265306122449
447, 0.0044444444444444444, 0, 0.0007828995095832475, 0.1111111111111111, 41.77061224489796
448, 0.007633587786259542, 0, 0.0008387452357748757, 0.1111111111111111, 43.9134693877551
449, 0.0036363636363636364, 0, 0.0006825867738011659, 0.1111111111111111, 44.453061224489794
450, 0.002398081534772182, 0, 0.0003925209847788346, 0.1111111111111111, 51.434285714285714
451, 0.003367003367003367, 0, 0.0006666923856463052, 0.1111111111111111, 53.7934693877551
452, 0.004761904761904762, 0, 0.0009130252087637932, 0.1111111111111111, 54.63510204081633
453, 0.006329113924050633, 0, 0.0008009393646445308, 0.1111111111111111, 55.04816326530612
454, 0.0070921985815602835, 0, 0.0008488332894743686, 0.1111111111111111, 57.85387755102041
455, 0.0044444444444444444, 0, 0.0007897643769448632, 0.1111111111111111, 59.329795918367346
456, 0.0014044943820224719, 0, 0.00024517644053154977, 0.1111111111111111, 59.8734693877551
457, 0.0022123893805309734, 0, 0.0006093636920653212, 0.1111111111111111, 55.72408163265306
458, 0.004830917874396135, 0, 0.0009019286045279033, 0.1111111111111111, 60.798367346938775
459, 0.003424657534246575, 0, 0.0005971983016047999, 0.1111111111111111, 60.82204081632653
460, 0.0038022813688212928, 0, 0.0005650549999563822, 0.1111111111111111, 63.1534693877551
461, 0.00510204081632653, 0, 0.0007829554062712457, 0.1111111111111111, 67.52163265306122
462, 0.004484304932735426, 0, 0.0006602362948126499, 0.1111111111111111, 68.24489795918367
463, 0.02, 0, 0.0010847205778898115, 0.1111111111111111, 67.1730612244898
464, 0.004347826086956522, 0, 0.0005891578820517314, 0.1111111111111111, 67.34693877551021
465, 0.01020408163265306, 0, 0.000623886716640825, 0.1111111111111111, 64.63510204081632
466, 0.001017293997965412, 0, 0.000254016217483508, 0.1111111111111111, 63.95591836734694
467, 0.001081081081081081, 0, 0.000278207307838255, 0.1111111111111111, 68.10367346938776
468, 0.009433962264150943, 0, 0.0007969434855060044, 0.1111111111111111, 66.9069387755102
469, 0.01282051282051282, 0, 0.001029224021295917, 0.1111111111111111, 75.14693877551021
470, 0.011764705882352941, 0, 0.0008990074483843126, 0.1111111111111111, 78.79510204081633
471, 0.003125, 0, 0.0005782280269856315, 0.1111111111111111, 73.60408163265306
472, 0.007874015748031496, 0, 0.0006722192025512433, 0.1111111111111111, 70.6726530612245
473, 0.006172839506172839, 0, 0.0006162999926499216, 0.1111111111111111, 75.58367346938776
474, 0.014084507042253521, 0, 0.0010323742661909477, 0.1111111111111111, 76.0538775510204
475, 0.0051813471502590676, 0, 0.0007466032839876671, 0.1111111111111111, 71.90122448979592
476, 0.012345679012345678, 0, 0.0009516732641828093, 0.1111111111111111, 70.35428571428571
477, 0.003401360544217687, 0, 0.0007112245728961183, 0.1111111111111111, 72.04244897959184
478, 0.0031545741324921135, 0, 0.000710384006016026, 0.1111111111111111, 75.68979591836735
479, 0.005235602094240838, 0, 0.0007339878026061754, 0.1111111111111111, 68.62367346938775
480, 0.0024875621890547263, 0, 0.0005738666116024202, 0.1111111111111111, 66.58285714285714
481, 0.005714285714285714, 0, 0.0007482615416899251, 0.1111111111111111, 68.61877551020409
482, 0.0048543689320388345, 0, 0.0007420829975154436, 0.1111111111111111, 67.62938775510204
483, 0.0032679738562091504, 0, 0.0005229812067418873, 0.1111111111111111, 71.23510204081633
484, 0.0024390243902439024, 0, 0.0005974361130923471, 0.1111111111111111, 73.47102040816327
485, 0.0023584905660377358, 0, 0.000492013808710429, 0.1111111111111111, 81.48489795918367
486, 0.002380952380952381, 0, 0.000532733345404414, 0.1111111111111111, 79.8334693877551
487, 0.022222222222222223, 0, 0.0010181317320542504, 0.1111111111111111, 64.25714285714285
488, 0.0028653295128939827, 0, 0.0006623585696995207, 0.1111111111111111, 64.23755102040816
489, 0.002242152466367713, 0, 0.000418613894313441, 0.1111111111111111, 62.48408163265306
490, 0.004784688995215311, 0, 0.0006205155404996302, 0.1111111111111111, 55.48816326530612
491, 0.00423728813559322, 0, 0.0006008509143909828, 0.1111111111111111, 58.69795918367347
492, 0.0037735849056603774, 0, 0.000656818300074289, 0.1111111111111111, 76.10530612244898
493, 0.004651162790697674, 0, 0.0008206706703162721, 0.1111111111111111, 84.18040816326531
494, 0.0017699115044247787, 0, 0.0004462337566327867, 0.1111111111111111, 85.06775510204082
495, 0.008264462809917356, 0, 0.0008384540722354713, 0.1111111111111111, 70.37877551020408
496, 0.004366812227074236, 0, 0.0006984485429187694, 0.1111111111111111, 58.30122448979592
497, 0.0037735849056603774, 0, 0.0004902897274891233, 0.1111111111111111, 44.23183673469388
498, 0.005319148936170213, 0, 0.000837645573300492, 0.1111111111111111, 48.267755102040816
499, 0.037037037037037035, 0, 0.0013385391770394251, 0.1111111111111111, 38.64326530612245
