hardware1,   13.444
hardware2,    0.252
hardware3,    7.796
hardware4,   10.388
hardware5,     0.16
hardware6,    3.384
hardware7,    2.448
hardware8,     0.36
hardware9,    0.512
hardware10,    2.188
hardware11,    6.262
hardware12,   12.466
hardware13,   10.894
hardware14,    0.474
hardware15,   13.952
hardware16,    0.484
hardware17,    6.898
hardware18,    9.902
hardware19,    0.402
hardware20,    0.478
hardware21,    10.02
hardware22,    0.384
hardware23,     9.94
hardware24,    0.464
hardware25,     0.42
hardware26,    0.306
hardware27,   11.938
hardware28,    0.446
hardware29,    9.472
hardware30,   12.988
hardware31,     3.44
hardware32,    1.444
hardware33,     4.36
hardware34,    1.484
hardware35,    5.788
hardware36,    0.368
hardware37,     1.74
hardware38,    9.852
hardware39,    9.014
hardware40,   11.778
hardware41,    9.796
hardware42,   14.868
hardware43,   11.622
hardware44,    1.868
hardware45,    1.274
hardware46,    12.36
hardware47,    3.672
hardware48,    2.152
hardware49,    0.486
hardware50,    0.304
