hardware1,   36.174
hardware2,     0.52
hardware3,   27.194
hardware4,   47.228
hardware5,   40.164
hardware6,     0.65
hardware7,     0.52
hardware8,    1.642
hardware9,   40.094
hardware10,    0.574
hardware11,    50.77
hardware12,     43.5
hardware13,    0.452
hardware14,   45.824
hardware15,   45.512
hardware16,   48.156
hardware17,    0.568
hardware18,    0.452
hardware19,   45.718
hardware20,    29.79
hardware21,   19.046
hardware22,   22.846
hardware23,    50.01
hardware24,   42.338
hardware25,   49.014
hardware26,    0.182
hardware27,    0.344
hardware28,    0.488
hardware29,    0.224
hardware30,    0.268
hardware31,    48.15
hardware32,   45.388
hardware33,    0.624
hardware34,   37.636
hardware35,   32.842
hardware36,    39.71
hardware37,    0.448
hardware38,    0.484
hardware39,   41.604
hardware40,   12.518
hardware41,   41.364
hardware42,   40.294
hardware43,   12.496
hardware44,   41.272
hardware45,     0.55
hardware46,   22.128
hardware47,     0.46
hardware48,   42.318
hardware49,   41.852
hardware50,   28.438
