1: 707
2: 708
3: 708
4: 708
5: 707
6: 709
7: 707
8: 710
9: 709
10: 708
11: 709
12: 707
13: 706
14: 707
15: 708
16: 707
17: 708
18: 708
19: 708
20: 707
21: 708
22: 709
23: 708
24: 707
25: 709
26: 708
27: 708
28: 709
29: 709
30: 708
31: 707
32: 708
33: 709
34: 709
35: 709
36: 708
37: 706
38: 708
39: 708
40: 706
41: 708
42: 706
43: 705
44: 707
45: 709
46: 708
47: 707
48: 708
49: 707
50: 707
51: 708
52: 709
53: 708
54: 709
55: 709
56: 708
57: 710
58: 707
59: 707
60: 709
61: 708
62: 707
63: 708
64: 708
65: 708
66: 707
67: 708
68: 709
69: 708
70: 707
71: 708
72: 709
73: 707
74: 709
75: 708
76: 707
77: 707
78: 708
79: 708
80: 708
81: 710
82: 709
83: 706
84: 706
85: 708
86: 708
87: 709
88: 708
89: 706
90: 707
91: 707
92: 706
93: 708
94: 707
95: 707
96: 708
97: 706
98: 709
99: 708
100: 707
101: 708
102: 706
103: 709
104: 709
105: 707
106: 709
107: 706
108: 709
109: 705
110: 706
111: 707
112: 707
113: 706
114: 708
115: 710
116: 707
117: 707
118: 707
119: 707
120: 708
121: 707
122: 709
123: 707
124: 707
125: 710
126: 705
127: 708
128: 708
129: 706
130: 709
131: 707
132: 707
133: 707
134: 706
135: 706
136: 708
137: 708
138: 706
139: 708
140: 707
141: 707
142: 709
143: 706
144: 708
145: 708
146: 708
147: 710
148: 709
149: 708
150: 708
151: 708
152: 708
153: 706
154: 708
155: 708
156: 706
157: 708
158: 706
159: 705
160: 709
161: 708
162: 709
163: 707
164: 707
165: 709
166: 708
167: 709
168: 708
169: 707
170: 708
171: 709
172: 707
173: 706
174: 709
175: 709
176: 709
177: 707
178: 706
179: 707
180: 706
181: 708
182: 708
183: 708
184: 709
185: 709
186: 709
187: 707
188: 708
189: 709
190: 709
191: 708
192: 710
193: 706
194: 707
195: 707
196: 708
197: 709
198: 709
199: 709
200: 707
201: 708
202: 707
203: 707
204: 707
205: 708
206: 706
207: 707
208: 708
209: 709
210: 709
211: 709
212: 707
213: 708
214: 710
215: 708
216: 707
217: 707
218: 708
219: 708
220: 709
221: 708
222: 709
223: 708
224: 708
225: 707
226: 707
227: 706
228: 708
229: 709
230: 708
231: 709
232: 708
233: 709
234: 708
235: 709
236: 707
237: 708
238: 709
239: 708
240: 706
241: 708
242: 707
243: 707
244: 708
245: 708
246: 705
247: 707
248: 707
249: 708
250: 707
251: 708
252: 708
253: 707
254: 708
255: 709
256: 709
257: 710
258: 707
259: 708
260: 708
261: 708
262: 708
263: 709
264: 706
265: 709
266: 708
267: 708
268: 706
269: 706
270: 708
271: 709
272: 709
273: 709
274: 707
275: 708
276: 709
277: 710
278: 707
279: 709
280: 707
281: 709
282: 708
283: 707
284: 708
285: 707
286: 708
287: 709
288: 707
289: 707
290: 709
291: 706
292: 709
293: 709
294: 707
295: 708
296: 707
297: 708
298: 709
299: 706
300: 709
301: 708
302: 709
303: 709
304: 708
305: 708
306: 706
307: 709
308: 707
309: 706
310: 708
311: 707
312: 707
313: 706
314: 707
315: 708
316: 707
317: 708
318: 707
319: 709
320: 708
321: 709
322: 708
323: 709
324: 707
325: 707
326: 707
327: 709
328: 708
329: 706
330: 709
331: 707
332: 707
333: 707
334: 706
335: 706
336: 707
337: 709
338: 706
339: 709
340: 708
341: 708
342: 709
343: 707
344: 709
345: 708
346: 707
347: 708
348: 706
349: 708
350: 706
351: 708
352: 708
353: 706
354: 709
355: 708
356: 706
357: 708
358: 708
359: 707
360: 707
361: 709
362: 708
363: 708
364: 708
365: 708
366: 707
367: 708
368: 708
369: 707
370: 708
371: 708
372: 707
373: 708
374: 708
375: 708
376: 706
377: 710
378: 709
379: 706
380: 707
381: 707
382: 706
383: 708
384: 707
385: 708
386: 709
387: 708
388: 707
389: 708
390: 707
391: 709
392: 709
393: 708
394: 708
395: 707
396: 706
397: 708
398: 708
399: 706
400: 708
401: 709
402: 709
403: 709
404: 708
405: 709
406: 708
407: 709
408: 709
409: 709
410: 708
411: 708
412: 707
413: 706
414: 709
415: 708
416: 707
417: 708
418: 709
419: 708
420: 705
421: 707
422: 705
423: 707
424: 708
425: 706
426: 706
427: 708
428: 708
429: 707
430: 708
431: 707
432: 707
433: 706
434: 709
435: 708
436: 708
437: 707
438: 706
439: 709
440: 705
441: 705
442: 708
443: 705
444: 706
445: 707
446: 707
447: 709
448: 708
449: 708
450: 707
451: 709
452: 708
453: 708
454: 707
455: 707
456: 708
457: 709
458: 708
459: 706
460: 707
461: 709
462: 707
463: 707
464: 706
465: 708
466: 710
467: 707
468: 707
469: 708
470: 708
471: 709
472: 709
473: 709
474: 707
475: 709
476: 706
477: 708
478: 709
479: 708
480: 707
481: 707
482: 709
483: 706
484: 707
485: 706
486: 705
487: 709
488: 709
489: 707
490: 709
491: 708
492: 707
493: 708
494: 709
495: 708
496: 707
497: 708
498: 707
499: 707
500: 710
