1: 84
2: 93
3: 82
4: 82
5: 90
6: 65
7: 92
8: 80
9: 107
10: 37
11: 84
12: 55
13: 124
14: 57
15: 113
16: 106
17: 49
18: 21
19: 48
20: 51
21: 65
22: 59
23: 51
24: 67
25: 48
26: 121
27: 86
28: 39
29: 113
30: 64
31: 56
32: 10
33: 56
34: 59
35: 17
36: 111
37: 118
38: 11
39: 91
40: 117
41: 72
42: 105
43: 81
44: 17
45: 42
46: 70
47: 44
48: 66
49: 28
50: 47
51: 43
52: 48
53: 72
54: 46
55: 74
56: 70
57: 13
58: 61
59: 78
60: 59
61: 28
62: 43
63: 80
64: 79
65: 16
66: 75
67: 74
68: 69
69: 45
70: 61
71: 25
72: 26
73: 68
74: 83
75: 110
76: 42
77: 95
78: 69
79: 115
80: 59
81: 73
82: 81
83: 50
84: 37
85: 24
86: 73
87: 62
88: 41
89: 80
90: 108
91: 114
92: 56
93: 116
94: 52
95: 63
96: 76
97: 84
98: 43
99: 53
100: 108
101: 109
102: 42
103: 95
104: 43
105: 21
106: 47
107: 87
108: 46
109: 51
110: 75
111: 46
112: 63
113: 30
114: 30
115: 112
116: 91
117: 62
118: 33
119: 75
120: 81
121: 26
122: 78
123: 42
124: 22
125: 104
126: 74
127: 74
128: 24
129: 33
130: 20
131: 61
132: 22
133: 51
134: 75
135: 81
136: 22
137: 56
138: 104
139: 16
140: 47
141: 64
142: 95
143: 72
144: 53
145: 87
146: 48
147: 77
148: 115
149: 28
150: 70
151: 21
152: 63
153: 77
154: 27
155: 54
156: 47
157: 105
158: 80
159: 48
160: 65
161: 75
162: 59
163: 67
164: 56
165: 59
166: 120
167: 88
168: 112
169: 113
170: 73
171: 42
172: 72
173: 101
174: 24
175: 78
176: 85
177: 54
178: 43
179: 81
180: 54
181: 36
182: 77
183: 51
184: 66
185: 106
186: 65
187: 68
188: 58
189: 9
190: 51
191: 57
192: 83
193: 22
194: 74
195: 52
196: 78
197: 49
198: 85
199: 64
200: 118
201: 68
202: 49
203: 29
204: 39
205: 64
206: 108
207: 17
208: 14
209: 76
210: 78
211: 64
212: 39
213: 46
214: 58
215: 87
216: 63
217: 31
218: 118
219: 98
220: 32
221: 25
222: 43
223: 59
224: 54
225: 71
226: 26
227: 14
228: 84
229: 27
230: 24
231: 88
232: 80
233: 26
234: 28
235: 50
236: 86
237: 82
238: 96
239: 50
240: 94
241: 109
242: 24
243: 19
244: 56
245: 56
246: 85
247: 84
248: 63
249: 95
250: 94
251: 45
252: 82
253: 82
254: 118
255: 111
256: 82
257: 92
258: 42
259: 80
260: 81
261: 85
262: 85
263: 15
264: 113
265: 112
266: 79
267: 55
268: 60
269: 81
270: 106
271: 123
272: 80
273: 81
274: 14
275: 57
276: 96
277: 54
278: 53
279: 87
280: 32
281: 120
282: 15
283: 85
284: 123
285: 61
286: 81
287: 119
288: 81
289: 74
290: 69
291: 105
292: 47
293: 72
294: 45
295: 55
296: 32
297: 73
298: 34
299: 52
300: 47
301: 79
302: 81
303: 74
304: 47
305: 48
306: 63
307: 43
308: 49
309: 36
310: 116
311: 64
312: 73
313: 30
314: 20
315: 119
316: 97
317: 15
318: 112
319: 88
320: 54
321: 71
322: 33
323: 58
324: 40
325: 43
326: 53
327: 64
328: 74
329: 50
330: 121
331: 43
332: 37
333: 24
334: 109
335: 85
336: 106
337: 32
338: 70
339: 111
340: 48
341: 83
342: 123
343: 46
344: 122
345: 50
346: 88
347: 77
348: 82
349: 82
350: 63
351: 103
352: 95
353: 106
354: 63
355: 64
356: 93
357: 104
358: 81
359: 116
360: 19
361: 116
362: 31
363: 42
364: 25
365: 39
366: 59
367: 22
368: 84
369: 94
370: 92
371: 123
372: 11
373: 38
374: 15
375: 39
376: 64
377: 40
378: 62
379: 35
380: 76
381: 64
382: 66
383: 97
384: 70
385: 14
386: 31
387: 56
388: 85
389: 26
390: 95
391: 61
392: 78
393: 57
394: 78
395: 54
396: 71
397: 91
398: 94
399: 61
400: 27
401: 69
402: 17
403: 37
404: 55
405: 10
406: 77
407: 78
408: 106
409: 88
410: 65
411: 72
412: 62
413: 90
414: 83
415: 13
416: 118
417: 30
418: 50
419: 22
420: 83
421: 36
422: 85
423: 85
424: 67
425: 50
426: 74
427: 67
428: 62
429: 89
430: 79
431: 85
432: 72
433: 89
434: 113
435: 81
436: 31
437: 54
438: 74
439: 56
440: 10
441: 113
442: 88
443: 101
444: 51
445: 27
446: 105
447: 82
448: 88
449: 93
450: 43
451: 112
452: 80
453: 95
454: 86
455: 86
456: 73
457: 97
458: 98
459: 71
460: 71
461: 35
462: 75
463: 74
464: 13
465: 81
466: 92
467: 22
468: 82
469: 73
470: 59
471: 57
472: 55
473: 75
474: 77
475: 89
476: 85
477: 58
478: 58
479: 26
480: 50
481: 33
482: 14
483: 22
484: 45
485: 30
486: 77
487: 47
488: 14
489: 27
490: 23
491: 30
492: 113
493: 84
494: 42
495: 95
496: 107
497: 73
498: 36
499: 68
500: 72
