1: 522
2: 447
3: 416
4: 298
5: 318
6: 515
7: 306
8: 349
9: 359
10: 407
11: 286
12: 455
13: 233
14: 224
15: 203
16: 320
17: 135
18: 222
19: 440
20: 250
21: 411
22: 387
23: 217
24: 179
25: 153
26: 526
27: 469
28: 406
29: 427
30: 489
31: 421
32: 576
33: 414
34: 340
35: 334
36: 364
37: 200
38: 361
39: 344
40: 334
41: 483
42: 268
43: 205
44: 283
45: 438
46: 345
47: 423
48: 337
49: 429
50: 465
51: 284
52: 432
53: 412
54: 392
55: 515
56: 361
57: 372
58: 397
59: 451
60: 394
61: 321
62: 392
63: 370
64: 538
65: 333
66: 307
67: 359
68: 238
69: 353
70: 360
71: 337
72: 303
73: 316
74: 396
75: 509
76: 300
77: 463
78: 476
79: 500
80: 479
81: 552
82: 424
83: 444
84: 605
85: 464
86: 534
87: 205
88: 293
89: 232
90: 573
91: 305
92: 277
93: 384
94: 369
95: 253
96: 446
97: 291
98: 369
99: 245
100: 458
101: 436
102: 587
103: 395
104: 291
105: 651
106: 626
107: 232
108: 323
109: 266
110: 376
111: 486
112: 504
113: 248
114: 375
115: 242
116: 258
117: 341
118: 186
119: 289
120: 331
121: 412
122: 388
123: 458
124: 269
125: 435
126: 344
127: 468
128: 489
129: 346
130: 431
131: 364
132: 212
133: 358
134: 482
135: 403
136: 210
137: 506
138: 308
139: 215
140: 228
141: 253
142: 309
143: 312
144: 363
145: 268
146: 278
147: 283
148: 568
149: 503
150: 490
151: 376
152: 333
153: 547
154: 223
155: 326
156: 209
157: 246
158: 243
159: 162
160: 214
161: 402
162: 352
163: 431
164: 199
165: 340
166: 278
167: 235
168: 298
169: 330
170: 488
171: 443
172: 410
173: 425
174: 288
175: 327
176: 334
177: 266
178: 388
179: 407
180: 466
181: 347
182: 295
183: 168
184: 255
185: 386
186: 354
187: 484
188: 294
189: 267
190: 320
191: 438
192: 401
193: 336
194: 275
195: 479
196: 348
197: 343
198: 304
199: 539
200: 435
201: 453
202: 418
203: 510
204: 593
205: 562
206: 467
207: 615
208: 431
209: 535
210: 594
211: 376
212: 292
213: 185
214: 291
215: 276
216: 444
217: 475
218: 413
219: 521
220: 333
221: 319
222: 271
223: 419
224: 367
225: 355
226: 429
227: 418
228: 277
229: 336
230: 143
231: 448
232: 381
233: 331
234: 491
235: 393
236: 283
237: 257
238: 376
239: 430
240: 404
241: 493
242: 419
243: 125
244: 265
245: 324
246: 357
247: 343
248: 478
249: 183
250: 300
251: 230
252: 193
253: 412
254: 240
255: 546
256: 389
257: 359
258: 206
259: 399
260: 454
261: 380
262: 482
263: 449
264: 492
265: 382
266: 269
267: 283
268: 233
269: 95
270: 327
271: 320
272: 387
273: 291
274: 265
275: 283
276: 381
277: 409
278: 359
279: 251
280: 415
281: 397
282: 399
283: 436
284: 406
285: 419
286: 363
287: 273
288: 162
289: 543
290: 376
291: 502
292: 386
293: 394
294: 358
295: 344
296: 309
297: 414
298: 393
299: 342
300: 235
301: 514
302: 457
303: 450
304: 492
305: 433
306: 455
307: 528
308: 436
309: 541
310: 400
311: 408
312: 355
313: 342
314: 237
315: 324
316: 339
317: 370
318: 336
319: 326
320: 380
321: 487
322: 427
323: 420
324: 308
325: 356
326: 623
327: 586
328: 452
329: 348
330: 235
331: 451
332: 410
333: 333
334: 236
335: 493
336: 353
337: 424
338: 424
339: 361
340: 304
341: 239
342: 437
343: 459
344: 261
345: 383
346: 249
347: 424
348: 440
349: 361
350: 209
351: 283
352: 421
353: 409
354: 445
355: 455
356: 455
357: 512
358: 467
359: 437
360: 350
361: 384
362: 285
363: 291
364: 277
365: 321
366: 205
367: 333
368: 266
369: 394
370: 504
371: 514
372: 295
373: 411
374: 358
375: 292
376: 321
377: 256
378: 211
379: 413
380: 460
381: 367
382: 446
383: 561
384: 305
385: 393
386: 369
387: 309
388: 415
389: 305
390: 374
391: 505
392: 427
393: 436
394: 252
395: 344
396: 450
397: 129
398: 301
399: 254
400: 237
401: 219
402: 170
403: 324
404: 431
405: 325
406: 283
407: 314
408: 318
409: 297
410: 390
411: 402
412: 354
413: 330
414: 513
415: 200
416: 371
417: 324
418: 433
419: 482
420: 479
421: 482
422: 399
423: 409
424: 398
425: 373
426: 512
427: 495
428: 252
429: 536
430: 403
431: 368
432: 348
433: 330
434: 279
435: 300
436: 448
437: 438
438: 368
439: 499
440: 466
441: 418
442: 303
443: 246
444: 460
445: 468
446: 395
447: 301
448: 212
449: 251
450: 279
451: 190
452: 150
453: 260
454: 330
455: 384
456: 473
457: 360
458: 167
459: 222
460: 443
461: 408
462: 341
463: 387
464: 330
465: 410
466: 437
467: 383
468: 257
469: 149
470: 368
471: 401
472: 429
473: 460
474: 351
475: 474
476: 456
477: 290
478: 211
479: 215
480: 156
481: 184
482: 330
483: 260
484: 312
485: 308
486: 206
487: 186
488: 442
489: 185
490: 215
491: 230
492: 192
493: 227
494: 438
495: 388
496: 270
497: 435
498: 549
499: 218
500: 283
