1: 191
2: 129
3: 311
4: 327
5: 189
6: 289
7: 165
8: 205
9: 204
10: 105
11: 166
12: 173
13: 252
14: 241
15: 313
16: 207
17: 183
18: 186
19: 302
20: 238
21: 284
22: 328
23: 211
24: 254
25: 209
26: 275
27: 197
28: 378
29: 242
30: 655
31: 391
32: 303
33: 273
34: 494
35: 435
36: 289
37: 224
38: 247
39: 203
40: 315
41: 433
42: 257
43: 214
44: 369
45: 386
46: 455
47: 446
48: 237
49: 279
50: 416
51: 380
52: 470
53: 380
54: 411
55: 314
56: 312
57: 378
58: 338
59: 287
60: 174
61: 302
62: 397
63: 338
64: 455
65: 417
66: 176
67: 272
68: 150
69: 158
70: 337
71: 264
72: 81
73: 336
74: 316
75: 390
76: 340
77: 342
78: 218
79: 260
80: 371
81: 304
82: 115
83: 162
84: 275
85: 239
86: 207
87: 277
88: 294
89: 433
90: 422
91: 360
92: 231
93: 198
94: 240
95: 173
96: 165
97: 190
98: 252
99: 212
100: 307
101: 214
102: 247
103: 310
104: 283
105: 218
106: 362
107: 224
108: 367
109: 318
110: 237
111: 265
112: 385
113: 225
114: 437
115: 357
116: 219
117: 327
118: 261
119: 329
120: 315
121: 229
122: 488
123: 493
124: 450
125: 435
126: 470
127: 432
128: 333
129: 441
130: 351
131: 231
132: 262
133: 253
134: 125
135: 198
136: 111
137: 243
138: 315
139: 374
140: 451
141: 374
142: 218
143: 271
144: 199
145: 137
146: 336
147: 332
148: 307
149: 345
150: 429
151: 474
152: 415
153: 362
154: 494
155: 469
156: 477
157: 374
158: 341
159: 295
160: 370
161: 415
162: 396
163: 167
164: 339
165: 251
166: 240
167: 248
168: 198
169: 280
170: 90
171: 242
172: 363
173: 292
174: 354
175: 247
176: 511
177: 325
178: 454
179: 420
180: 273
181: 212
182: 351
183: 471
184: 508
185: 391
186: 449
187: 555
188: 462
189: 420
190: 392
191: 467
192: 297
193: 314
194: 480
195: 149
196: 264
197: 346
198: 216
199: 190
200: 266
201: 190
202: 304
203: 210
204: 142
205: 173
206: 354
207: 281
208: 350
209: 322
210: 161
211: 255
212: 130
213: 156
214: 145
215: 272
216: 169
217: 430
218: 258
219: 311
220: 408
221: 294
222: 236
223: 239
224: 218
225: 151
226: 365
227: 397
228: 280
229: 284
230: 324
231: 461
232: 496
233: 412
234: 502
235: 451
236: 233
237: 179
238: 492
239: 164
240: 413
241: 314
242: 371
243: 564
244: 228
245: 324
246: 375
247: 486
248: 420
249: 356
250: 472
251: 526
252: 409
253: 369
254: 328
255: 383
256: 232
257: 446
258: 369
259: 216
260: 82
261: 208
262: 206
263: 145
264: 221
265: 411
266: 206
267: 133
268: 197
269: 135
270: 334
271: 199
272: 148
273: 387
274: 149
275: 236
276: 316
277: 229
278: 272
279: 231
280: 421
281: 389
282: 275
283: 287
284: 176
285: 185
286: 194
287: 193
288: 403
289: 388
290: 290
291: 467
292: 459
293: 376
294: 466
295: 244
296: 236
297: 440
298: 224
299: 204
300: 374
301: 237
302: 429
303: 395
304: 387
305: 387
306: 367
307: 230
308: 168
309: 232
310: 435
311: 246
312: 331
313: 529
314: 415
315: 392
316: 296
317: 302
318: 427
319: 366
320: 325
321: 321
322: 469
323: 307
324: 224
325: 211
326: 272
327: 201
328: 217
329: 426
330: 276
331: 262
332: 263
333: 364
334: 219
335: 188
336: 346
337: 218
338: 426
339: 342
340: 450
341: 482
342: 382
343: 170
344: 309
345: 511
346: 422
347: 349
348: 206
349: 422
350: 323
351: 270
352: 430
353: 298
354: 250
355: 328
356: 248
357: 535
358: 463
359: 403
360: 267
361: 453
362: 341
363: 481
364: 212
365: 529
366: 582
367: 471
368: 565
369: 503
370: 377
371: 459
372: 337
373: 134
374: 428
375: 256
376: 241
377: 318
378: 276
379: 215
380: 245
381: 139
382: 221
383: 245
384: 331
385: 497
386: 412
387: 362
388: 462
389: 501
390: 427
391: 252
392: 436
393: 419
394: 232
395: 203
396: 238
397: 268
398: 197
399: 273
400: 192
401: 398
402: 417
403: 194
404: 398
405: 412
406: 387
407: 328
408: 500
409: 468
410: 419
411: 332
412: 364
413: 503
414: 392
415: 245
416: 336
417: 256
418: 315
419: 499
420: 514
421: 248
422: 325
423: 159
424: 255
425: 281
426: 274
427: 380
428: 199
429: 136
430: 401
431: 192
432: 389
433: 428
434: 419
435: 555
436: 493
437: 437
438: 386
439: 539
440: 394
441: 546
442: 499
443: 471
444: 480
445: 441
446: 396
447: 461
448: 325
449: 417
450: 381
451: 468
452: 474
453: 263
454: 376
455: 542
456: 526
457: 325
458: 267
459: 306
460: 405
461: 387
462: 362
463: 433
464: 529
465: 512
466: 518
467: 488
468: 563
469: 457
470: 209
471: 369
472: 329
473: 367
474: 390
475: 335
476: 558
477: 394
478: 433
479: 616
480: 455
481: 520
482: 523
483: 569
484: 509
485: 592
486: 334
487: 405
488: 260
489: 467
490: 517
491: 496
492: 314
493: 438
494: 472
495: 510
496: 423
497: 542
498: 526
499: 413
500: 389
