1: 301
2: 265
3: 274
4: 258
5: 247
6: 286
7: 267
8: 276
9: 273
10: 247
11: 324
12: 277
13: 300
14: 312
15: 280
16: 283
17: 256
18: 312
19: 246
20: 246
21: 258
22: 277
23: 298
24: 272
25: 242
26: 242
27: 272
28: 233
29: 273
30: 265
31: 241
32: 281
33: 245
34: 284
35: 307
36: 243
37: 275
38: 291
39: 255
40: 278
41: 238
42: 309
43: 239
44: 296
45: 262
46: 244
47: 308
48: 249
49: 268
50: 302
51: 299
52: 251
53: 314
54: 245
55: 287
56: 302
57: 262
58: 265
59: 263
60: 310
61: 249
62: 277
63: 246
64: 220
65: 310
66: 305
67: 291
68: 244
69: 283
70: 257
71: 238
72: 227
73: 259
74: 285
75: 247
76: 307
77: 286
78: 281
79: 289
80: 289
81: 241
82: 241
83: 236
84: 291
85: 248
86: 259
87: 257
88: 263
89: 264
90: 250
91: 244
92: 262
93: 309
94: 291
95: 245
96: 304
97: 286
98: 298
99: 236
100: 251
101: 292
102: 297
103: 277
104: 299
105: 238
106: 276
107: 236
108: 280
109: 257
110: 273
111: 277
112: 298
113: 285
114: 266
115: 306
116: 287
117: 284
118: 244
119: 240
120: 270
121: 315
122: 250
123: 273
124: 245
125: 265
126: 309
127: 292
128: 307
129: 302
130: 234
131: 246
132: 297
133: 283
134: 304
135: 254
136: 312
137: 297
138: 272
139: 294
140: 227
141: 233
142: 275
143: 254
144: 247
145: 301
146: 268
147: 285
148: 251
149: 290
150: 312
151: 255
152: 233
153: 243
154: 244
155: 304
156: 214
157: 296
158: 273
159: 292
160: 319
161: 235
162: 244
163: 281
164: 266
165: 258
166: 272
167: 284
168: 292
169: 236
170: 263
171: 249
172: 247
173: 314
174: 235
175: 295
176: 284
177: 272
178: 320
179: 309
180: 249
181: 299
182: 264
183: 253
184: 301
185: 281
186: 239
187: 278
188: 282
189: 245
190: 301
191: 282
192: 264
193: 240
194: 281
195: 269
196: 315
197: 232
198: 309
199: 256
200: 304
201: 298
202: 296
203: 298
204: 294
205: 254
206: 238
207: 253
208: 330
209: 271
210: 285
211: 311
212: 333
213: 272
214: 271
215: 261
216: 254
217: 265
218: 296
219: 281
220: 270
221: 303
222: 301
223: 300
224: 250
225: 247
226: 274
227: 252
228: 256
229: 265
230: 290
231: 239
232: 238
233: 266
234: 303
235: 306
236: 242
237: 226
238: 257
239: 254
240: 256
241: 286
242: 263
243: 244
244: 255
245: 284
246: 294
247: 224
248: 320
249: 269
250: 300
251: 226
252: 227
253: 247
254: 274
255: 301
256: 281
257: 251
258: 246
259: 243
260: 258
261: 269
262: 244
263: 291
264: 270
265: 271
266: 296
267: 230
268: 304
269: 236
270: 246
271: 253
272: 298
273: 265
274: 308
275: 273
276: 312
277: 258
278: 238
279: 274
280: 243
281: 312
282: 295
283: 274
284: 274
285: 288
286: 282
287: 278
288: 274
289: 243
290: 229
291: 258
292: 249
293: 303
294: 253
295: 243
296: 236
297: 289
298: 266
299: 296
300: 290
301: 287
302: 296
303: 283
304: 262
305: 298
306: 268
307: 260
308: 261
309: 281
310: 243
311: 238
312: 311
313: 227
314: 260
315: 292
316: 270
317: 270
318: 303
319: 264
320: 253
321: 309
322: 301
323: 275
324: 265
325: 280
326: 235
327: 274
328: 294
329: 247
330: 314
331: 246
332: 291
333: 325
334: 256
335: 273
336: 287
337: 296
338: 302
339: 247
340: 252
341: 260
342: 297
343: 293
344: 311
345: 279
346: 255
347: 275
348: 257
349: 274
350: 267
351: 291
352: 234
353: 268
354: 267
355: 238
356: 294
357: 316
358: 241
359: 272
360: 303
361: 283
362: 267
363: 280
364: 258
365: 288
366: 251
367: 245
368: 279
369: 303
370: 282
371: 250
372: 297
373: 244
374: 272
375: 250
376: 283
377: 326
378: 295
379: 253
380: 272
381: 245
382: 264
383: 290
384: 253
385: 237
386: 262
387: 296
388: 292
389: 251
390: 291
391: 286
392: 304
393: 234
394: 258
395: 223
396: 299
397: 299
398: 275
399: 264
400: 258
401: 271
402: 314
403: 240
404: 274
405: 238
406: 293
407: 246
408: 226
409: 282
410: 290
411: 256
412: 289
413: 279
414: 250
415: 243
416: 266
417: 260
418: 239
419: 301
420: 308
421: 284
422: 282
423: 298
424: 274
425: 296
426: 288
427: 282
428: 238
429: 258
430: 279
431: 286
432: 295
433: 273
434: 244
435: 280
436: 301
437: 313
438: 303
439: 253
440: 264
441: 240
442: 294
443: 236
444: 281
445: 258
446: 255
447: 258
448: 252
449: 248
450: 320
451: 286
452: 239
453: 309
454: 291
455: 287
456: 292
457: 246
458: 246
459: 238
460: 246
461: 300
462: 290
463: 278
464: 296
465: 301
466: 232
467: 215
468: 302
469: 267
470: 241
471: 244
472: 237
473: 229
474: 259
475: 266
476: 276
477: 289
478: 241
479: 258
480: 276
481: 249
482: 299
483: 241
484: 282
485: 281
486: 263
487: 239
488: 277
489: 270
490: 267
491: 247
492: 242
493: 313
494: 235
495: 237
496: 249
497: 286
498: 255
499: 314
500: 229
