1: 342
2: 338
3: 402
4: 402
5: 417
6: 434
7: 390
8: 411
9: 399
10: 412
11: 403
12: 402
13: 407
14: 393
15: 395
16: 401
17: 385
18: 406
19: 405
20: 411
21: 451
22: 409
23: 411
24: 434
25: 405
26: 411
27: 458
28: 429
29: 455
30: 400
31: 362
32: 440
33: 407
34: 385
35: 439
36: 398
37: 450
38: 420
39: 440
40: 403
41: 419
42: 444
43: 397
44: 403
45: 423
46: 432
47: 408
48: 444
49: 450
50: 395
51: 411
52: 460
53: 429
54: 384
55: 428
56: 437
57: 413
58: 433
59: 397
60: 464
61: 378
62: 439
63: 394
64: 397
65: 438
66: 435
67: 441
68: 390
69: 445
70: 373
71: 432
72: 450
73: 389
74: 403
75: 392
76: 430
77: 394
78: 392
79: 447
80: 462
81: 438
82: 378
83: 467
84: 385
85: 380
86: 386
87: 443
88: 383
89: 390
90: 405
91: 463
92: 428
93: 442
94: 411
95: 444
96: 391
97: 415
98: 443
99: 442
100: 435
101: 448
102: 382
103: 457
104: 425
105: 404
106: 411
107: 396
108: 434
109: 392
110: 352
111: 393
112: 444
113: 444
114: 394
115: 448
116: 407
117: 390
118: 441
119: 402
120: 420
121: 393
122: 401
123: 442
124: 405
125: 393
126: 418
127: 435
128: 437
129: 404
130: 456
131: 397
132: 430
133: 416
134: 416
135: 392
136: 385
137: 386
138: 449
139: 451
140: 434
141: 400
142: 414
143: 459
144: 407
145: 384
146: 384
147: 408
148: 377
149: 445
150: 392
151: 404
152: 440
153: 400
154: 392
155: 389
156: 376
157: 422
158: 396
159: 414
160: 347
161: 396
162: 430
163: 388
164: 432
165: 449
166: 450
167: 430
168: 442
169: 390
170: 400
171: 397
172: 400
173: 444
174: 456
175: 403
176: 372
177: 420
178: 409
179: 451
180: 435
181: 431
182: 442
183: 452
184: 393
185: 425
186: 407
187: 448
188: 454
189: 411
190: 389
191: 415
192: 415
193: 412
194: 433
195: 389
196: 463
197: 382
198: 386
199: 388
200: 390
201: 381
202: 389
203: 389
204: 435
205: 440
206: 384
207: 438
208: 423
209: 402
210: 417
211: 423
212: 384
213: 383
214: 382
215: 379
216: 390
217: 446
218: 434
219: 411
220: 390
221: 388
222: 380
223: 385
224: 402
225: 387
226: 462
227: 398
228: 393
229: 453
230: 394
231: 452
232: 385
233: 434
234: 392
235: 421
236: 392
237: 424
238: 400
239: 398
240: 389
241: 433
242: 402
243: 398
244: 391
245: 445
246: 459
247: 385
248: 455
249: 371
250: 394
251: 412
252: 389
253: 387
254: 394
255: 419
256: 438
257: 445
258: 471
259: 409
260: 467
261: 403
262: 406
263: 436
264: 402
265: 418
266: 427
267: 455
268: 431
269: 438
270: 408
271: 368
272: 396
273: 414
274: 465
275: 416
276: 402
277: 386
278: 393
279: 435
280: 399
281: 401
282: 395
283: 433
284: 443
285: 403
286: 450
287: 449
288: 463
289: 400
290: 458
291: 456
292: 404
293: 437
294: 420
295: 398
296: 397
297: 457
298: 405
299: 443
300: 449
301: 399
302: 400
303: 403
304: 400
305: 394
306: 402
307: 397
308: 403
309: 416
310: 456
311: 452
312: 462
313: 405
314: 401
315: 449
316: 399
317: 399
318: 406
319: 396
320: 441
321: 391
322: 391
323: 464
324: 408
325: 392
326: 405
327: 396
328: 424
329: 411
330: 403
331: 403
332: 426
333: 444
334: 396
335: 378
336: 428
337: 383
338: 458
339: 404
340: 412
341: 407
342: 384
343: 393
344: 428
345: 405
346: 432
347: 413
348: 456
349: 398
350: 416
351: 397
352: 407
353: 395
354: 393
355: 389
356: 412
357: 392
358: 412
359: 410
360: 408
361: 398
362: 448
363: 398
364: 394
365: 393
366: 457
367: 401
368: 447
369: 431
370: 437
371: 463
372: 435
373: 423
374: 407
375: 398
376: 414
377: 406
378: 440
379: 437
380: 401
381: 409
382: 412
383: 477
384: 396
385: 437
386: 405
387: 399
388: 476
389: 441
390: 468
391: 455
392: 449
393: 389
394: 432
395: 412
396: 470
397: 405
398: 405
399: 426
400: 434
401: 397
402: 413
403: 412
404: 401
405: 399
406: 402
407: 438
408: 411
409: 414
410: 409
411: 405
412: 448
413: 423
414: 404
415: 417
416: 401
417: 407
418: 395
419: 395
420: 405
421: 438
422: 425
423: 482
424: 442
425: 407
426: 467
427: 372
428: 405
429: 449
430: 394
431: 399
432: 438
433: 467
434: 443
435: 384
436: 457
437: 393
438: 409
439: 390
440: 419
441: 476
442: 428
443: 393
444: 415
445: 409
446: 392
447: 454
448: 458
449: 415
450: 394
451: 442
452: 404
453: 402
454: 414
455: 420
456: 401
457: 426
458: 408
459: 423
460: 416
461: 408
462: 391
463: 416
464: 453
465: 460
466: 377
467: 424
468: 437
469: 381
470: 393
471: 388
472: 442
473: 391
474: 391
475: 447
476: 460
477: 394
478: 441
479: 409
480: 385
481: 383
482: 422
483: 378
484: 386
485: 379
486: 404
487: 373
488: 370
489: 389
490: 393
491: 399
492: 449
493: 448
494: 438
495: 395
496: 421
497: 408
498: 393
499: 387
500: 451
