1: 565
2: 503
3: 486
4: 546
5: 384
6: 212
7: 456
8: 289
9: 273
10: 243
11: 244
12: 236
13: 209
14: 214
15: 341
16: 396
17: 364
18: 351
19: 495
20: 494
21: 465
22: 388
23: 597
24: 471
25: 476
26: 295
27: 505
28: 577
29: 351
30: 533
31: 346
32: 358
33: 391
34: 437
35: 384
36: 278
37: 534
38: 424
39: 358
40: 448
41: 379
42: 417
43: 556
44: 378
45: 295
46: 416
47: 467
48: 295
49: 415
50: 497
51: 306
52: 585
53: 419
54: 602
55: 341
56: 411
57: 572
58: 405
59: 553
60: 404
61: 274
62: 341
63: 579
64: 561
65: 368
66: 373
67: 333
68: 376
69: 423
70: 424
71: 366
72: 588
73: 344
74: 523
75: 606
76: 600
77: 459
78: 404
79: 559
80: 420
81: 441
82: 410
83: 588
84: 535
85: 352
86: 402
87: 526
88: 519
89: 616
90: 492
91: 594
92: 562
93: 399
94: 463
95: 662
96: 386
97: 459
98: 367
99: 462
100: 419
101: 466
102: 470
103: 645
104: 342
105: 256
106: 458
107: 414
108: 375
109: 491
110: 442
111: 319
112: 335
113: 258
114: 312
115: 324
116: 168
117: 397
118: 353
119: 598
120: 575
121: 403
122: 411
123: 475
124: 470
125: 521
126: 268
127: 446
128: 478
129: 515
130: 458
131: 556
132: 513
133: 370
134: 472
135: 396
136: 296
137: 382
138: 318
139: 311
140: 279
141: 264
142: 208
143: 323
144: 348
145: 145
146: 259
147: 270
148: 412
149: 464
150: 318
151: 321
152: 135
153: 523
154: 443
155: 334
156: 477
157: 303
158: 245
159: 203
160: 283
161: 422
162: 407
163: 385
164: 390
165: 550
166: 488
167: 485
168: 451
169: 403
170: 319
171: 392
172: 257
173: 541
174: 679
175: 561
176: 177
177: 406
178: 284
179: 299
180: 502
181: 509
182: 351
183: 332
184: 559
185: 499
186: 468
187: 558
188: 442
189: 423
190: 496
191: 226
192: 553
193: 482
194: 329
195: 270
196: 243
197: 251
198: 458
199: 328
200: 352
201: 514
202: 352
203: 505
204: 321
205: 528
206: 484
207: 373
208: 348
209: 482
210: 467
211: 306
212: 440
213: 362
214: 460
215: 511
216: 476
217: 286
218: 430
219: 386
220: 571
221: 412
222: 367
223: 224
224: 429
225: 415
226: 284
227: 398
228: 352
229: 313
230: 222
231: 287
232: 374
233: 281
234: 238
235: 361
236: 383
237: 286
238: 211
239: 375
240: 267
241: 178
242: 265
243: 429
244: 306
245: 331
246: 333
247: 397
248: 259
249: 412
250: 320
251: 440
252: 492
253: 461
254: 460
255: 412
256: 575
257: 387
258: 422
259: 239
260: 304
261: 482
262: 265
263: 234
264: 257
265: 521
266: 528
267: 422
268: 529
269: 471
270: 261
271: 350
272: 468
273: 335
274: 269
275: 460
276: 521
277: 547
278: 395
279: 504
280: 335
281: 289
282: 445
283: 477
284: 425
285: 284
286: 598
287: 440
288: 500
289: 358
290: 379
291: 316
292: 248
293: 268
294: 245
295: 334
296: 644
297: 432
298: 363
299: 263
300: 366
301: 440
302: 258
303: 308
304: 301
305: 280
306: 306
307: 480
308: 411
309: 361
310: 278
311: 326
312: 359
313: 192
314: 434
315: 324
316: 294
317: 365
318: 356
319: 216
320: 533
321: 228
322: 401
323: 334
324: 495
325: 282
326: 422
327: 386
328: 426
329: 407
330: 410
331: 386
332: 401
333: 317
334: 574
335: 394
336: 426
337: 389
338: 358
339: 323
340: 380
341: 496
342: 541
343: 521
344: 560
345: 509
346: 497
347: 650
348: 389
349: 436
350: 366
351: 432
352: 675
353: 443
354: 304
355: 468
356: 388
357: 316
358: 380
359: 403
360: 370
361: 489
362: 612
363: 423
364: 429
365: 427
366: 457
367: 543
368: 418
369: 482
370: 350
371: 302
372: 410
373: 373
374: 334
375: 547
376: 470
377: 292
378: 576
379: 564
380: 331
381: 361
382: 352
383: 299
384: 528
385: 454
386: 522
387: 601
388: 578
389: 457
390: 364
391: 245
392: 445
393: 354
394: 493
395: 477
396: 661
397: 501
398: 324
399: 410
400: 402
401: 518
402: 357
403: 366
404: 572
405: 521
406: 473
407: 443
408: 300
409: 324
410: 275
411: 341
412: 269
413: 193
414: 300
415: 197
416: 302
417: 258
418: 474
419: 558
420: 579
421: 491
422: 435
423: 394
424: 387
425: 406
426: 244
427: 277
428: 477
429: 495
430: 463
431: 489
432: 343
433: 274
434: 412
435: 349
436: 377
437: 441
438: 476
439: 400
440: 540
441: 314
442: 336
443: 422
444: 319
445: 531
446: 493
447: 545
448: 453
449: 475
450: 464
451: 415
452: 210
453: 494
454: 432
455: 412
456: 563
457: 675
458: 328
459: 408
460: 427
461: 545
462: 515
463: 241
464: 388
465: 547
466: 409
467: 441
468: 467
469: 271
470: 297
471: 330
472: 336
473: 436
474: 493
475: 250
476: 390
477: 470
478: 492
479: 512
480: 418
481: 284
482: 247
483: 210
484: 338
485: 266
486: 449
487: 436
488: 610
489: 474
490: 479
491: 354
492: 453
493: 527
494: 503
495: 385
496: 470
497: 230
498: 344
499: 331
500: 410
