1: 630
2: 633
3: 632
4: 630
5: 626
6: 631
7: 634
8: 643
9: 630
10: 630
11: 632
12: 635
13: 635
14: 635
15: 637
16: 630
17: 638
18: 634
19: 630
20: 629
21: 629
22: 631
23: 629
24: 628
25: 630
26: 630
27: 627
28: 628
29: 628
30: 629
31: 632
32: 636
33: 635
34: 635
35: 627
36: 630
37: 628
38: 629
39: 629
40: 628
41: 630
42: 634
43: 636
44: 636
45: 636
46: 633
47: 638
48: 632
49: 636
50: 633
51: 638
52: 632
53: 632
54: 624
55: 632
56: 629
57: 634
58: 631
59: 629
60: 631
61: 632
62: 632
63: 636
64: 627
65: 636
66: 628
67: 630
68: 639
69: 637
70: 635
71: 640
72: 631
73: 633
74: 631
75: 633
76: 632
77: 631
78: 636
79: 633
80: 628
81: 631
82: 629
83: 637
84: 630
85: 640
86: 637
87: 630
88: 630
89: 630
90: 630
91: 634
92: 628
93: 630
94: 628
95: 631
96: 636
97: 628
98: 637
99: 634
100: 632
101: 638
102: 630
103: 637
104: 636
105: 640
106: 633
107: 635
108: 637
109: 638
110: 634
111: 631
112: 633
113: 640
114: 630
115: 626
116: 630
117: 631
118: 630
119: 627
120: 628
121: 634
122: 630
123: 629
124: 634
125: 626
126: 636
127: 632
128: 638
129: 631
130: 634
131: 639
132: 627
133: 629
134: 630
135: 633
136: 632
137: 634
138: 633
139: 641
140: 639
141: 629
142: 633
143: 632
144: 635
145: 634
146: 633
147: 634
148: 639
149: 637
150: 638
151: 630
152: 635
153: 635
154: 635
155: 636
156: 636
157: 634
158: 634
159: 629
160: 630
161: 632
162: 627
163: 628
164: 630
165: 632
166: 625
167: 635
168: 634
169: 629
170: 629
171: 625
172: 630
173: 636
174: 632
175: 635
176: 636
177: 631
178: 630
179: 630
180: 637
181: 634
182: 633
183: 636
184: 638
185: 625
186: 638
187: 637
188: 631
189: 633
190: 633
191: 637
192: 630
193: 631
194: 629
195: 631
196: 630
197: 627
198: 629
199: 630
200: 635
201: 629
202: 642
203: 638
204: 629
205: 631
206: 629
207: 640
208: 637
209: 635
210: 638
211: 637
212: 629
213: 634
214: 633
215: 624
216: 632
217: 634
218: 633
219: 629
220: 635
221: 636
222: 637
223: 636
224: 638
225: 637
226: 634
227: 631
228: 629
229: 630
230: 628
231: 629
232: 635
233: 632
234: 629
235: 628
236: 629
237: 628
238: 627
239: 624
240: 629
241: 628
242: 629
243: 631
244: 625
245: 633
246: 625
247: 630
248: 628
249: 636
250: 633
251: 635
252: 633
253: 641
254: 628
255: 625
256: 635
257: 630
258: 627
259: 627
260: 629
261: 632
262: 632
263: 636
264: 631
265: 631
266: 629
267: 627
268: 629
269: 628
270: 628
271: 634
272: 629
273: 628
274: 626
275: 629
276: 626
277: 628
278: 627
279: 626
280: 629
281: 626
282: 627
283: 627
284: 629
285: 627
286: 630
287: 628
288: 630
289: 636
290: 629
291: 629
292: 629
293: 630
294: 631
295: 627
296: 631
297: 628
298: 626
299: 628
300: 627
301: 628
302: 627
303: 638
304: 626
305: 635
306: 627
307: 627
308: 630
309: 626
310: 631
311: 632
312: 626
313: 627
314: 629
315: 625
316: 629
317: 628
318: 628
319: 629
320: 632
321: 629
322: 628
323: 627
324: 629
325: 629
326: 628
327: 628
328: 626
329: 632
330: 630
331: 628
332: 628
333: 636
334: 633
335: 635
336: 634
337: 637
338: 634
339: 633
340: 640
341: 631
342: 626
343: 628
344: 629
345: 629
346: 631
347: 628
348: 629
349: 632
350: 630
351: 636
352: 629
353: 631
354: 631
355: 626
356: 629
357: 629
358: 627
359: 627
360: 628
361: 627
362: 627
363: 627
364: 628
365: 627
366: 627
367: 630
368: 632
369: 634
370: 635
371: 634
372: 639
373: 631
374: 630
375: 637
376: 634
377: 634
378: 629
379: 629
380: 625
381: 636
382: 632
383: 630
384: 631
385: 634
386: 629
387: 632
388: 630
389: 629
390: 637
391: 626
392: 629
393: 633
394: 635
395: 636
396: 629
397: 636
398: 633
399: 631
400: 637
401: 633
402: 639
403: 643
404: 634
405: 637
406: 630
407: 627
408: 630
409: 632
410: 643
411: 637
412: 628
413: 636
414: 634
415: 638
416: 633
417: 629
418: 628
419: 633
420: 629
421: 632
422: 630
423: 634
424: 629
425: 629
426: 635
427: 634
428: 630
429: 628
430: 625
431: 628
432: 628
433: 629
434: 634
435: 631
436: 633
437: 631
438: 625
439: 628
440: 636
441: 637
442: 637
443: 635
444: 637
445: 631
446: 631
447: 628
448: 626
449: 627
450: 628
451: 639
452: 629
453: 630
454: 630
455: 627
456: 628
457: 626
458: 631
459: 628
460: 627
461: 637
462: 626
463: 631
464: 637
465: 635
466: 628
467: 634
468: 627
469: 628
470: 628
471: 629
472: 634
473: 633
474: 631
475: 634
476: 636
477: 631
478: 626
479: 636
480: 628
481: 628
482: 633
483: 628
484: 627
485: 636
486: 627
487: 631
488: 633
489: 632
490: 631
491: 632
492: 631
493: 631
494: 623
495: 628
496: 624
497: 626
498: 626
499: 632
500: 631
