1: 72
2: 66
3: 25
4: 31
5: 17
6: 74
7: 63
8: 74
9: 79
10: 26
11: 26
12: 30
13: 32
14: 45
15: 79
16: 67
17: 18
18: 75
19: 41
20: 44
21: 20
22: 69
23: 29
24: 49
25: 42
26: 62
27: 25
28: 69
29: 44
30: 31
31: 22
32: 21
33: 40
34: 22
35: 74
36: 6
37: 15
38: 76
39: 37
40: 74
41: 53
42: 64
43: 39
44: 9
45: 22
46: 42
47: 81
48: 49
49: 63
50: 30
51: 67
52: 23
53: 17
54: 77
55: 17
56: 67
57: 16
58: 33
59: 27
60: 68
61: 39
62: 49
63: 33
64: 53
65: 73
66: 20
67: 38
68: 68
69: 16
70: 16
71: 26
72: 56
73: 26
74: 41
75: 63
76: 66
77: 51
78: 55
79: 25
80: 34
81: 14
82: 7
83: 31
84: 24
85: 71
86: 76
87: 33
88: 53
89: 28
90: 23
91: 40
92: 18
93: 39
94: 4
95: 56
96: 16
97: 14
98: 52
99: 63
100: 46
101: 12
102: 47
103: 45
104: 23
105: 56
106: 25
107: 67
108: 40
109: 36
110: 60
111: 64
112: 11
113: 74
114: 58
115: 56
116: 29
117: 67
118: 25
119: 50
120: 73
121: 19
122: 10
123: 70
124: 41
125: 35
126: 10
127: 34
128: 26
129: 31
130: 42
131: 13
132: 34
133: 43
134: 80
135: 43
136: 15
137: 47
138: 19
139: 30
140: 75
141: 74
142: 24
143: 51
144: 31
145: 33
146: 34
147: 82
148: 74
149: 45
150: 59
151: 75
152: 31
153: 71
154: 74
155: 18
156: 37
157: 17
158: 51
159: 69
160: 10
161: 76
162: 21
163: 28
164: 37
165: 79
166: 56
167: 44
168: 78
169: 40
170: 59
171: 9
172: 48
173: 29
174: 48
175: 32
176: 74
177: 32
178: 19
179: 62
180: 30
181: 56
182: 85
183: 14
184: 44
185: 50
186: 18
187: 40
188: 27
189: 83
190: 55
191: 56
192: 74
193: 23
194: 11
195: 22
196: 18
197: 58
198: 42
199: 59
200: 41
201: 33
202: 65
203: 38
204: 61
205: 27
206: 49
207: 77
208: 25
209: 48
210: 13
211: 58
212: 38
213: 67
214: 63
215: 12
216: 46
217: 66
218: 51
219: 70
220: 15
221: 8
222: 76
223: 40
224: 48
225: 53
226: 72
227: 66
228: 64
229: 17
230: 79
231: 14
232: 69
233: 51
234: 3
235: 16
236: 20
237: 66
238: 67
239: 22
240: 74
241: 59
242: 53
243: 61
244: 17
245: 76
246: 81
247: 10
248: 12
249: 17
250: 35
251: 29
252: 37
253: 71
254: 47
255: 2
256: 48
257: 42
258: 72
259: 12
260: 36
261: 14
262: 58
263: 27
264: 72
265: 54
266: 62
267: 16
268: 34
269: 17
270: 54
271: 21
272: 38
273: 10
274: 42
275: 18
276: 65
277: 72
278: 63
279: 42
280: 36
281: 51
282: 54
283: 62
284: 32
285: 77
286: 31
287: 76
288: 28
289: 62
290: 42
291: 8
292: 78
293: 35
294: 67
295: 38
296: 46
297: 35
298: 20
299: 15
300: 5
301: 20
302: 10
303: 46
304: 44
305: 39
306: 60
307: 64
308: 41
309: 20
310: 15
311: 20
312: 18
313: 19
314: 72
315: 51
316: 26
317: 73
318: 16
319: 18
320: 7
321: 70
322: 19
323: 24
324: 70
325: 62
326: 44
327: 41
328: 23
329: 66
330: 45
331: 41
332: 29
333: 40
334: 19
335: 16
336: 30
337: 56
338: 73
339: 35
340: 83
341: 59
342: 15
343: 28
344: 83
345: 32
346: 75
347: 65
348: 36
349: 19
350: 43
351: 15
352: 73
353: 40
354: 12
355: 36
356: 12
357: 12
358: 25
359: 23
360: 33
361: 10
362: 73
363: 33
364: 84
365: 5
366: 50
367: 45
368: 54
369: 77
370: 2
371: 79
372: 1
373: 62
374: 67
375: 24
376: 55
377: 78
378: 35
379: 42
380: 71
381: 80
382: 27
383: 33
384: 15
385: 22
386: 73
387: 79
388: 25
389: 20
390: 56
391: 67
392: 34
393: 37
394: 60
395: 47
396: 35
397: 23
398: 21
399: 49
400: 21
401: 18
402: 22
403: 58
404: 77
405: 16
406: 37
407: 27
408: 12
409: 51
410: 64
411: 8
412: 7
413: 38
414: 19
415: 22
416: 21
417: 15
418: 9
419: 6
420: 20
421: 10
422: 14
423: 63
424: 69
425: 22
426: 26
427: 20
428: 71
429: 23
430: 22
431: 45
432: 14
433: 15
434: 22
435: 7
436: 79
437: 8
438: 77
439: 44
440: 10
441: 71
442: 76
443: 6
444: 36
445: 24
446: 49
447: 56
448: 23
449: 70
450: 48
451: 32
452: 13
453: 57
454: 16
455: 74
456: 30
457: 27
458: 48
459: 36
460: 38
461: 16
462: 30
463: 60
464: 28
465: 54
466: 71
467: 23
468: 59
469: 4
470: 55
471: 31
472: 43
473: 16
474: 78
475: 15
476: 66
477: 62
478: 18
479: 70
480: 69
481: 65
482: 11
483: 24
484: 18
485: 18
486: 12
487: 24
488: 73
489: 33
490: 9
491: 28
492: 36
493: 22
494: 12
495: 39
496: 56
497: 9
498: 39
499: 62
500: 31
