1: 296
2: 281
3: 303
4: 282
5: 294
6: 333
7: 383
8: 334
9: 282
10: 389
11: 364
12: 370
13: 344
14: 364
15: 371
16: 358
17: 350
18: 375
19: 388
20: 365
21: 373
22: 381
23: 363
24: 376
25: 355
26: 374
27: 294
28: 362
29: 378
30: 318
31: 391
32: 358
33: 332
34: 374
35: 316
36: 363
37: 381
38: 289
39: 353
40: 374
41: 370
42: 278
43: 362
44: 278
45: 332
46: 332
47: 369
48: 388
49: 341
50: 336
51: 356
52: 327
53: 361
54: 258
55: 367
56: 317
57: 370
58: 382
59: 419
60: 363
61: 379
62: 347
63: 356
64: 346
65: 354
66: 388
67: 375
68: 378
69: 266
70: 266
71: 310
72: 265
73: 356
74: 265
75: 267
76: 367
77: 349
78: 373
79: 336
80: 262
81: 345
82: 358
83: 244
84: 372
85: 362
86: 362
87: 267
88: 346
89: 335
90: 365
91: 319
92: 378
93: 265
94: 337
95: 359
96: 377
97: 284
98: 318
99: 273
100: 333
101: 372
102: 378
103: 262
104: 358
105: 317
106: 313
107: 282
108: 288
109: 337
110: 288
111: 314
112: 327
113: 368
114: 344
115: 348
116: 268
117: 369
118: 275
119: 262
120: 314
121: 305
122: 342
123: 283
124: 365
125: 382
126: 326
127: 363
128: 324
129: 356
130: 356
131: 375
132: 352
133: 274
134: 274
135: 317
136: 336
137: 283
138: 291
139: 402
140: 343
141: 269
142: 331
143: 361
144: 310
145: 317
146: 281
147: 291
148: 340
149: 264
150: 361
151: 325
152: 330
153: 335
154: 371
155: 341
156: 371
157: 357
158: 339
159: 350
160: 282
161: 367
162: 336
163: 254
164: 368
165: 329
166: 327
167: 358
168: 333
169: 353
170: 285
171: 266
172: 362
173: 352
174: 311
175: 344
176: 300
177: 361
178: 347
179: 293
180: 299
181: 335
182: 326
183: 364
184: 344
185: 339
186: 293
187: 357
188: 360
189: 276
190: 282
191: 356
192: 283
193: 338
194: 368
195: 356
196: 349
197: 354
198: 351
199: 358
200: 338
201: 347
202: 345
203: 261
204: 270
205: 336
206: 288
207: 259
208: 258
209: 283
210: 368
211: 271
212: 286
213: 272
214: 265
215: 358
216: 359
217: 321
218: 350
219: 369
220: 327
221: 352
222: 368
223: 370
224: 282
225: 358
226: 363
227: 376
228: 324
229: 283
230: 352
231: 345
232: 240
233: 323
234: 298
235: 310
236: 348
237: 262
238: 281
239: 341
240: 328
241: 285
242: 356
243: 323
244: 358
245: 368
246: 368
247: 357
248: 275
249: 364
250: 300
251: 350
252: 328
253: 364
254: 288
255: 252
256: 290
257: 297
258: 250
259: 365
260: 338
261: 349
262: 315
263: 363
264: 364
265: 329
266: 332
267: 265
268: 363
269: 323
270: 321
271: 303
272: 335
273: 361
274: 362
275: 319
276: 317
277: 365
278: 364
279: 339
280: 320
281: 352
282: 369
283: 364
284: 286
285: 252
286: 282
287: 293
288: 283
289: 318
290: 280
291: 356
292: 362
293: 321
294: 265
295: 267
296: 339
297: 324
298: 334
299: 273
300: 361
301: 285
302: 328
303: 338
304: 348
305: 307
306: 266
307: 355
308: 300
309: 267
310: 358
311: 374
312: 332
313: 349
314: 355
315: 343
316: 364
317: 271
318: 382
319: 356
320: 263
321: 347
322: 382
323: 355
324: 373
325: 394
326: 366
327: 350
328: 372
329: 261
330: 381
331: 353
332: 340
333: 364
334: 260
335: 286
336: 396
337: 384
338: 331
339: 370
340: 365
341: 369
342: 294
343: 346
344: 358
345: 366
346: 306
347: 272
348: 344
349: 276
350: 329
351: 340
352: 280
353: 282
354: 288
355: 345
356: 390
357: 333
358: 270
359: 281
360: 379
361: 285
362: 373
363: 266
364: 341
365: 261
366: 268
367: 322
368: 373
369: 372
370: 371
371: 357
372: 371
373: 353
374: 301
375: 329
376: 245
377: 361
378: 365
379: 346
380: 272
381: 352
382: 347
383: 347
384: 350
385: 342
386: 354
387: 350
388: 321
389: 276
390: 365
391: 336
392: 336
393: 301
394: 356
395: 319
396: 318
397: 348
398: 359
399: 278
400: 342
401: 365
402: 327
403: 364
404: 328
405: 311
406: 341
407: 299
408: 277
409: 270
410: 381
411: 362
412: 345
413: 338
414: 357
415: 303
416: 276
417: 309
418: 279
419: 369
420: 339
421: 275
422: 335
423: 301
424: 248
425: 268
426: 246
427: 256
428: 371
429: 326
430: 266
431: 362
432: 335
433: 302
434: 322
435: 343
436: 349
437: 332
438: 354
439: 352
440: 314
441: 345
442: 330
443: 262
444: 309
445: 276
446: 343
447: 258
448: 362
449: 257
450: 337
451: 350
452: 368
453: 363
454: 291
455: 313
456: 358
457: 397
458: 308
459: 338
460: 356
461: 320
462: 344
463: 269
464: 298
465: 263
466: 350
467: 283
468: 347
469: 341
470: 266
471: 345
472: 303
473: 369
474: 276
475: 270
476: 341
477: 254
478: 272
479: 347
480: 337
481: 313
482: 244
483: 357
484: 337
485: 339
486: 297
487: 280
488: 346
489: 324
490: 289
491: 289
492: 262
493: 248
494: 266
495: 252
496: 312
497: 288
498: 334
499: 303
500: 335
