1: 565
2: 547
3: 550
4: 576
5: 604
6: 605
7: 596
8: 509
9: 475
10: 449
11: 497
12: 427
13: 483
14: 470
15: 476
16: 462
17: 492
18: 438
19: 535
20: 440
21: 503
22: 595
23: 577
24: 566
25: 500
26: 489
27: 450
28: 461
29: 448
30: 467
31: 582
32: 497
33: 495
34: 473
35: 481
36: 466
37: 477
38: 504
39: 443
40: 472
41: 534
42: 556
43: 482
44: 457
45: 606
46: 502
47: 458
48: 457
49: 472
50: 449
51: 535
52: 400
53: 424
54: 602
55: 475
56: 396
57: 556
58: 599
59: 475
60: 603
61: 581
62: 452
63: 495
64: 523
65: 466
66: 432
67: 529
68: 491
69: 544
70: 563
71: 584
72: 393
73: 521
74: 605
75: 603
76: 551
77: 605
78: 472
79: 547
80: 482
81: 509
82: 608
83: 600
84: 413
85: 434
86: 544
87: 517
88: 504
89: 493
90: 460
91: 509
92: 430
93: 579
94: 570
95: 459
96: 445
97: 591
98: 487
99: 597
100: 577
101: 605
102: 558
103: 575
104: 604
105: 607
106: 597
107: 503
108: 490
109: 527
110: 585
111: 584
112: 600
113: 605
114: 590
115: 521
116: 492
117: 608
118: 602
119: 604
120: 597
121: 519
122: 348
123: 493
124: 469
125: 578
126: 573
127: 577
128: 543
129: 605
130: 566
131: 596
132: 455
133: 417
134: 431
135: 583
136: 595
137: 597
138: 367
139: 516
140: 587
141: 599
142: 575
143: 586
144: 533
145: 588
146: 599
147: 601
148: 595
149: 606
150: 594
151: 557
152: 592
153: 445
154: 466
155: 607
156: 604
157: 608
158: 586
159: 598
160: 604
161: 591
162: 597
163: 599
164: 606
165: 599
166: 604
167: 572
168: 426
169: 382
170: 351
171: 580
172: 501
173: 568
174: 517
175: 498
176: 551
177: 377
178: 522
179: 594
180: 599
181: 599
182: 510
183: 485
184: 592
185: 603
186: 558
187: 606
188: 459
189: 490
190: 475
191: 537
192: 463
193: 424
194: 411
195: 477
196: 540
197: 438
198: 558
199: 604
200: 433
201: 521
202: 478
203: 438
204: 480
205: 566
206: 479
207: 603
208: 451
209: 589
210: 601
211: 581
212: 600
213: 550
214: 495
215: 602
216: 587
217: 591
218: 420
219: 422
220: 454
221: 476
222: 378
223: 535
224: 450
225: 478
226: 603
227: 570
228: 605
229: 605
230: 576
231: 573
232: 601
233: 602
234: 607
235: 425
236: 465
237: 593
238: 476
239: 440
240: 605
241: 598
242: 595
243: 603
244: 578
245: 601
246: 589
247: 607
248: 583
249: 408
250: 480
251: 411
252: 453
253: 479
254: 445
255: 579
256: 486
257: 527
258: 397
259: 588
260: 422
261: 602
262: 605
263: 600
264: 442
265: 414
266: 403
267: 592
268: 595
269: 607
270: 587
271: 599
272: 594
273: 564
274: 600
275: 505
276: 608
277: 591
278: 483
279: 545
280: 496
281: 502
282: 517
283: 485
284: 595
285: 524
286: 608
287: 594
288: 605
289: 587
290: 491
291: 413
292: 551
293: 441
294: 447
295: 500
296: 606
297: 408
298: 601
299: 602
300: 595
301: 597
302: 603
303: 587
304: 501
305: 502
306: 519
307: 508
308: 493
309: 507
310: 421
311: 587
312: 608
313: 604
314: 595
315: 604
316: 427
317: 589
318: 536
319: 595
320: 504
321: 418
322: 417
323: 483
324: 603
325: 606
326: 599
327: 589
328: 574
329: 486
330: 583
331: 574
332: 604
333: 588
334: 519
335: 580
336: 593
337: 578
338: 600
339: 591
340: 458
341: 449
342: 602
343: 603
344: 607
345: 598
346: 606
347: 416
348: 597
349: 502
350: 420
351: 426
352: 453
353: 598
354: 606
355: 606
356: 605
357: 606
358: 492
359: 599
360: 605
361: 600
362: 606
363: 587
364: 588
365: 603
366: 611
367: 607
368: 606
369: 568
370: 606
371: 599
372: 609
373: 583
374: 467
375: 608
376: 591
377: 497
378: 600
379: 524
380: 596
381: 598
382: 589
383: 483
384: 606
385: 596
386: 605
387: 607
388: 607
389: 606
390: 605
391: 599
392: 584
393: 532
394: 582
395: 511
396: 540
397: 589
398: 542
399: 596
400: 606
401: 454
402: 588
403: 507
404: 543
405: 484
406: 579
407: 608
408: 588
409: 603
410: 591
411: 539
412: 520
413: 596
414: 607
415: 578
416: 599
417: 528
418: 584
419: 468
420: 607
421: 595
422: 605
423: 585
424: 548
425: 582
426: 604
427: 610
428: 607
429: 603
430: 568
431: 604
432: 472
433: 607
434: 543
435: 607
436: 607
437: 606
438: 610
439: 608
440: 603
441: 603
442: 602
443: 602
444: 594
445: 587
446: 592
447: 522
448: 460
449: 512
450: 609
451: 612
452: 609
453: 607
454: 606
455: 394
456: 604
457: 607
458: 593
459: 514
460: 607
461: 510
462: 607
463: 607
464: 606
465: 610
466: 593
467: 601
468: 598
469: 515
470: 582
471: 521
472: 590
473: 422
474: 493
475: 608
476: 604
477: 603
478: 606
479: 605
480: 572
481: 539
482: 603
483: 521
484: 555
485: 605
486: 561
487: 548
488: 543
489: 548
490: 594
491: 602
492: 607
493: 598
494: 609
495: 608
496: 609
497: 427
498: 499
499: 595
500: 601
