1: 441
2: 559
3: 484
4: 436
5: 473
6: 433
7: 429
8: 423
9: 423
10: 420
11: 481
12: 486
13: 530
14: 428
15: 550
16: 428
17: 525
18: 435
19: 421
20: 583
21: 619
22: 423
23: 613
24: 614
25: 423
26: 498
27: 610
28: 608
29: 585
30: 502
31: 428
32: 435
33: 433
34: 438
35: 420
36: 440
37: 426
38: 428
39: 427
40: 592
41: 429
42: 424
43: 567
44: 566
45: 475
46: 463
47: 494
48: 488
49: 429
50: 431
51: 440
52: 582
53: 426
54: 424
55: 474
56: 427
57: 480
58: 432
59: 427
60: 457
61: 506
62: 442
63: 439
64: 434
65: 520
66: 421
67: 550
68: 558
69: 506
70: 520
71: 449
72: 561
73: 482
74: 441
75: 614
76: 426
77: 420
78: 413
79: 429
80: 470
81: 437
82: 504
83: 489
84: 442
85: 496
86: 435
87: 620
88: 428
89: 424
90: 500
91: 607
92: 421
93: 495
94: 446
95: 467
96: 435
97: 541
98: 419
99: 449
100: 422
101: 587
102: 579
103: 473
104: 432
105: 433
106: 477
107: 438
108: 472
109: 437
110: 430
111: 421
112: 422
113: 440
114: 439
115: 524
116: 527
117: 471
118: 435
119: 426
120: 447
121: 413
122: 423
123: 423
124: 606
125: 436
126: 548
127: 537
128: 451
129: 429
130: 467
131: 421
132: 418
133: 426
134: 433
135: 522
136: 478
137: 438
138: 449
139: 490
140: 563
141: 476
142: 471
143: 454
144: 449
145: 522
146: 429
147: 470
148: 427
149: 468
150: 437
151: 473
152: 444
153: 475
154: 622
155: 411
156: 420
157: 440
158: 433
159: 502
160: 431
161: 428
162: 424
163: 423
164: 426
165: 430
166: 423
167: 501
168: 464
169: 431
170: 428
171: 481
172: 421
173: 436
174: 421
175: 424
176: 605
177: 584
178: 605
179: 617
180: 418
181: 421
182: 430
183: 431
184: 426
185: 428
186: 433
187: 476
188: 618
189: 425
190: 422
191: 432
192: 425
193: 466
194: 578
195: 561
196: 609
197: 421
198: 434
199: 414
200: 476
201: 421
202: 535
203: 422
204: 418
205: 617
206: 457
207: 570
208: 574
209: 612
210: 608
211: 418
212: 604
213: 430
214: 423
215: 423
216: 431
217: 447
218: 433
219: 606
220: 414
221: 429
222: 524
223: 576
224: 624
225: 429
226: 583
227: 489
228: 580
229: 439
230: 453
231: 427
232: 438
233: 424
234: 428
235: 429
236: 425
237: 534
238: 571
239: 484
240: 576
241: 442
242: 437
243: 467
244: 432
245: 488
246: 539
247: 565
248: 527
249: 538
250: 426
251: 583
252: 427
253: 425
254: 449
255: 499
256: 468
257: 448
258: 486
259: 553
260: 560
261: 550
262: 463
263: 537
264: 546
265: 437
266: 442
267: 427
268: 580
269: 475
270: 424
271: 417
272: 433
273: 607
274: 432
275: 609
276: 428
277: 598
278: 437
279: 445
280: 423
281: 446
282: 567
283: 621
284: 595
285: 595
286: 521
287: 466
288: 450
289: 423
290: 468
291: 441
292: 467
293: 571
294: 619
295: 568
296: 444
297: 478
298: 438
299: 433
300: 437
301: 420
302: 483
303: 471
304: 429
305: 590
306: 434
307: 424
308: 421
309: 623
310: 425
311: 439
312: 475
313: 536
314: 428
315: 437
316: 463
317: 535
318: 518
319: 464
320: 463
321: 507
322: 449
323: 426
324: 521
325: 498
326: 542
327: 459
328: 487
329: 532
330: 445
331: 449
332: 499
333: 472
334: 466
335: 541
336: 428
337: 429
338: 535
339: 421
340: 424
341: 472
342: 435
343: 565
344: 588
345: 435
346: 430
347: 432
348: 616
349: 587
350: 606
351: 422
352: 431
353: 423
354: 417
355: 429
356: 426
357: 433
358: 443
359: 429
360: 584
361: 575
362: 568
363: 615
364: 468
365: 431
366: 427
367: 439
368: 449
369: 427
370: 420
371: 435
372: 428
373: 433
374: 438
375: 599
376: 592
377: 491
378: 488
379: 491
380: 473
381: 461
382: 497
383: 514
384: 418
385: 514
386: 463
387: 557
388: 432
389: 476
390: 512
391: 446
392: 447
393: 581
394: 533
395: 420
396: 419
397: 435
398: 614
399: 426
400: 437
401: 418
402: 451
403: 435
404: 551
405: 429
406: 446
407: 428
408: 435
409: 411
410: 436
411: 422
412: 456
413: 427
414: 441
415: 431
416: 501
417: 502
418: 470
419: 424
420: 422
421: 583
422: 625
423: 458
424: 425
425: 445
426: 459
427: 450
428: 468
429: 430
430: 553
431: 512
432: 430
433: 425
434: 433
435: 573
436: 414
437: 468
438: 555
439: 477
440: 428
441: 437
442: 481
443: 521
444: 490
445: 436
446: 427
447: 464
448: 425
449: 489
450: 525
451: 424
452: 421
453: 472
454: 592
455: 559
456: 533
457: 421
458: 526
459: 483
460: 560
461: 433
462: 431
463: 463
464: 575
465: 455
466: 436
467: 425
468: 604
469: 479
470: 492
471: 435
472: 494
473: 483
474: 501
475: 485
476: 475
477: 485
478: 509
479: 479
480: 584
481: 466
482: 428
483: 430
484: 424
485: 425
486: 420
487: 422
488: 424
489: 428
490: 472
491: 440
492: 462
493: 422
494: 488
495: 420
496: 459
497: 547
498: 428
499: 453
500: 529
