1: 176
2: 154
3: 201
4: 218
5: 393
6: 487
7: 155
8: 424
9: 148
10: 480
11: 335
12: 377
13: 383
14: 467
15: 145
16: 56
17: 418
18: 387
19: 471
20: 200
21: 179
22: 370
23: 111
24: 281
25: 132
26: 415
27: 321
28: 187
29: 418
30: 461
31: 277
32: 235
33: 213
34: 299
35: 443
36: 416
37: 309
38: 345
39: 380
40: 480
41: 342
42: 278
43: 238
44: 196
45: 269
46: 321
47: 215
48: 296
49: 301
50: 371
51: 238
52: 236
53: 177
54: 247
55: 468
56: 256
57: 476
58: 460
59: 303
60: 196
61: 289
62: 236
63: 348
64: 422
65: 449
66: 174
67: 117
68: 338
69: 237
70: 132
71: 263
72: 426
73: 395
74: 305
75: 481
76: 473
77: 347
78: 288
79: 243
80: 269
81: 357
82: 303
83: 117
84: 201
85: 284
86: 109
87: 214
88: 207
89: 291
90: 253
91: 160
92: 198
93: 188
94: 487
95: 452
96: 418
97: 358
98: 200
99: 238
100: 311
101: 227
102: 86
103: 68
104: 190
105: 414
106: 257
107: 273
108: 418
109: 310
110: 407
111: 170
112: 306
113: 325
114: 52
115: 401
116: 61
117: 504
118: 501
119: 160
120: 501
121: 289
122: 240
123: 487
124: 459
125: 40
126: 483
127: 155
128: 251
129: 118
130: 412
131: 310
132: 296
133: 359
134: 135
135: 416
136: 336
137: 382
138: 313
139: 233
140: 336
141: 147
142: 224
143: 342
144: 230
145: 362
146: 223
147: 436
148: 485
149: 294
150: 236
151: 491
152: 363
153: 419
154: 277
155: 204
156: 307
157: 345
158: 416
159: 365
160: 363
161: 367
162: 476
163: 149
164: 485
165: 164
166: 175
167: 160
168: 228
169: 381
170: 428
171: 289
172: 282
173: 331
174: 113
175: 126
176: 220
177: 413
178: 481
179: 372
180: 163
181: 272
182: 417
183: 391
184: 289
185: 372
186: 74
187: 335
188: 164
189: 154
190: 211
191: 414
192: 212
193: 166
194: 465
195: 86
196: 38
197: 300
198: 82
199: 261
200: 442
201: 335
202: 261
203: 200
204: 436
205: 438
206: 367
207: 287
208: 231
209: 494
210: 285
211: 385
212: 254
213: 217
214: 179
215: 376
216: 209
217: 391
218: 185
219: 464
220: 357
221: 429
222: 330
223: 249
224: 256
225: 445
226: 355
227: 423
228: 81
229: 350
230: 276
231: 417
232: 340
233: 247
234: 183
235: 379
236: 134
237: 46
238: 320
239: 450
240: 100
241: 128
242: 318
243: 419
244: 336
245: 490
246: 362
247: 287
248: 158
249: 294
250: 218
251: 391
252: 232
253: 287
254: 332
255: 293
256: 490
257: 462
258: 256
259: 101
260: 283
261: 376
262: 282
263: 162
264: 492
265: 427
266: 290
267: 454
268: 256
269: 147
270: 315
271: 497
272: 243
273: 333
274: 325
275: 495
276: 317
277: 225
278: 378
279: 347
280: 381
281: 208
282: 219
283: 447
284: 391
285: 467
286: 251
287: 407
288: 174
289: 453
290: 183
291: 265
292: 393
293: 258
294: 400
295: 298
296: 229
297: 336
298: 179
299: 221
300: 280
301: 319
302: 376
303: 275
304: 418
305: 437
306: 352
307: 347
308: 142
309: 363
310: 438
311: 263
312: 291
313: 348
314: 260
315: 75
316: 469
317: 396
318: 366
319: 111
320: 386
321: 129
322: 355
323: 410
324: 213
325: 151
326: 290
327: 180
328: 227
329: 273
330: 310
331: 288
332: 159
333: 369
334: 232
335: 369
336: 470
337: 432
338: 271
339: 189
340: 439
341: 496
342: 299
343: 272
344: 91
345: 224
346: 318
347: 276
348: 288
349: 444
350: 265
351: 186
352: 94
353: 447
354: 324
355: 345
356: 192
357: 256
358: 287
359: 201
360: 494
361: 380
362: 476
363: 497
364: 179
365: 175
366: 295
367: 371
368: 181
369: 251
370: 308
371: 332
372: 112
373: 477
374: 428
375: 454
376: 186
377: 196
378: 291
379: 434
380: 477
381: 160
382: 264
383: 396
384: 354
385: 425
386: 406
387: 472
388: 244
389: 392
390: 382
391: 211
392: 388
393: 104
394: 263
395: 393
396: 204
397: 205
398: 160
399: 443
400: 167
401: 317
402: 320
403: 436
404: 222
405: 134
406: 430
407: 233
408: 28
409: 302
410: 83
411: 263
412: 355
413: 86
414: 472
415: 364
416: 416
417: 341
418: 453
419: 425
420: 126
421: 184
422: 383
423: 441
424: 369
425: 96
426: 503
427: 363
428: 424
429: 144
430: 349
431: 435
432: 337
433: 47
434: 145
435: 370
436: 452
437: 128
438: 416
439: 171
440: 496
441: 474
442: 275
443: 272
444: 141
445: 273
446: 409
447: 435
448: 346
449: 396
450: 503
451: 273
452: 295
453: 181
454: 163
455: 151
456: 405
457: 120
458: 432
459: 460
460: 232
461: 319
462: 487
463: 212
464: 469
465: 419
466: 493
467: 176
468: 84
469: 383
470: 284
471: 325
472: 396
473: 251
474: 266
475: 186
476: 371
477: 211
478: 343
479: 298
480: 338
481: 92
482: 506
483: 492
484: 290
485: 302
486: 214
487: 178
488: 368
489: 358
490: 247
491: 79
492: 258
493: 54
494: 504
495: 368
496: 269
497: 212
498: 375
499: 365
500: 421
