1: 451
2: 435
3: 371
4: 534
5: 444
6: 398
7: 474
8: 550
9: 517
10: 459
11: 405
12: 434
13: 389
14: 496
15: 409
16: 386
17: 415
18: 396
19: 375
20: 366
21: 428
22: 465
23: 513
24: 369
25: 338
26: 339
27: 187
28: 324
29: 336
30: 425
31: 469
32: 262
33: 267
34: 397
35: 321
36: 341
37: 319
38: 287
39: 340
40: 576
41: 564
42: 327
43: 377
44: 369
45: 409
46: 478
47: 437
48: 546
49: 420
50: 367
51: 411
52: 343
53: 370
54: 394
55: 465
56: 381
57: 413
58: 202
59: 304
60: 364
61: 376
62: 445
63: 490
64: 464
65: 546
66: 521
67: 480
68: 592
69: 443
70: 294
71: 171
72: 442
73: 178
74: 294
75: 381
76: 265
77: 251
78: 387
79: 177
80: 112
81: 254
82: 309
83: 237
84: 534
85: 577
86: 449
87: 475
88: 385
89: 311
90: 237
91: 118
92: 355
93: 166
94: 239
95: 272
96: 155
97: 317
98: 192
99: 547
100: 512
101: 478
102: 345
103: 451
104: 316
105: 289
106: 235
107: 412
108: 504
109: 407
110: 275
111: 391
112: 373
113: 366
114: 280
115: 245
116: 224
117: 464
118: 371
119: 539
120: 490
121: 273
122: 338
123: 499
124: 357
125: 318
126: 658
127: 621
128: 330
129: 406
130: 261
131: 362
132: 292
133: 349
134: 376
135: 298
136: 318
137: 447
138: 316
139: 463
140: 360
141: 393
142: 516
143: 348
144: 217
145: 213
146: 340
147: 539
148: 365
149: 261
150: 340
151: 240
152: 322
153: 367
154: 465
155: 510
156: 452
157: 419
158: 486
159: 398
160: 274
161: 326
162: 504
163: 442
164: 484
165: 432
166: 123
167: 321
168: 361
169: 425
170: 366
171: 535
172: 480
173: 517
174: 483
175: 560
176: 398
177: 395
178: 364
179: 501
180: 382
181: 255
182: 409
183: 255
184: 317
185: 384
186: 398
187: 301
188: 404
189: 433
190: 439
191: 429
192: 265
193: 211
194: 346
195: 352
196: 473
197: 435
198: 428
199: 286
200: 444
201: 278
202: 231
203: 425
204: 365
205: 459
206: 461
207: 448
208: 490
209: 252
210: 148
211: 283
212: 224
213: 397
214: 158
215: 437
216: 457
217: 399
218: 493
219: 482
220: 443
221: 156
222: 306
223: 292
224: 465
225: 487
226: 483
227: 399
228: 549
229: 397
230: 280
231: 209
232: 243
233: 289
234: 439
235: 447
236: 264
237: 420
238: 374
239: 496
240: 433
241: 554
242: 366
243: 318
244: 447
245: 499
246: 550
247: 526
248: 578
249: 493
250: 394
251: 306
252: 476
253: 382
254: 518
255: 488
256: 235
257: 295
258: 342
259: 283
260: 250
261: 453
262: 438
263: 497
264: 345
265: 492
266: 229
267: 230
268: 428
269: 645
270: 471
271: 546
272: 501
273: 448
274: 488
275: 657
276: 518
277: 472
278: 288
279: 331
280: 428
281: 515
282: 556
283: 538
284: 579
285: 570
286: 331
287: 696
288: 444
289: 235
290: 412
291: 343
292: 458
293: 407
294: 416
295: 447
296: 439
297: 450
298: 491
299: 629
300: 552
301: 522
302: 509
303: 509
304: 613
305: 569
306: 518
307: 461
308: 420
309: 338
310: 448
311: 470
312: 566
313: 523
314: 526
315: 536
316: 553
317: 435
318: 507
319: 556
320: 397
321: 401
322: 239
323: 525
324: 462
325: 452
326: 439
327: 595
328: 518
329: 431
330: 396
331: 502
332: 599
333: 397
334: 594
335: 417
336: 418
337: 372
338: 208
339: 246
340: 533
341: 338
342: 538
343: 317
344: 185
345: 323
346: 301
347: 378
348: 354
349: 302
350: 441
351: 354
352: 419
353: 494
354: 481
355: 447
356: 332
357: 310
358: 358
359: 468
360: 449
361: 375
362: 513
363: 470
364: 546
365: 483
366: 354
367: 406
368: 500
369: 545
370: 429
371: 481
372: 507
373: 533
374: 451
375: 609
376: 502
377: 476
378: 525
379: 416
380: 355
381: 446
382: 325
383: 544
384: 510
385: 505
386: 494
387: 491
388: 286
389: 340
390: 446
391: 555
392: 513
393: 545
394: 548
395: 430
396: 418
397: 407
398: 431
399: 413
400: 390
401: 303
402: 464
403: 459
404: 519
405: 382
406: 473
407: 274
408: 306
409: 414
410: 387
411: 253
412: 386
413: 270
414: 375
415: 282
416: 417
417: 414
418: 302
419: 226
420: 311
421: 274
422: 266
423: 316
424: 508
425: 450
426: 576
427: 473
428: 356
429: 311
430: 226
431: 488
432: 318
433: 390
434: 351
435: 496
436: 479
437: 531
438: 229
439: 434
440: 278
441: 275
442: 317
443: 398
444: 464
445: 385
446: 266
447: 356
448: 416
449: 409
450: 476
451: 450
452: 357
453: 485
454: 325
455: 404
456: 432
457: 357
458: 319
459: 328
460: 256
461: 350
462: 510
463: 531
464: 448
465: 443
466: 456
467: 292
468: 381
469: 520
470: 376
471: 549
472: 370
473: 311
474: 347
475: 577
476: 500
477: 291
478: 411
479: 392
480: 490
481: 436
482: 475
483: 574
484: 601
485: 434
486: 502
487: 306
488: 510
489: 259
490: 192
491: 508
492: 555
493: 486
494: 547
495: 491
496: 415
497: 517
498: 407
499: 454
500: 379
