1: 276
2: 272
3: 281
4: 281
5: 277
6: 268
7: 279
8: 271
9: 285
10: 288
11: 288
12: 272
13: 281
14: 264
15: 272
16: 280
17: 270
18: 265
19: 268
20: 268
21: 280
22: 276
23: 275
24: 283
25: 270
26: 284
27: 274
28: 283
29: 266
30: 270
31: 285
32: 285
33: 281
34: 276
35: 277
36: 272
37: 269
38: 281
39: 269
40: 277
41: 274
42: 284
43: 276
44: 283
45: 266
46: 264
47: 270
48: 287
49: 266
50: 273
51: 286
52: 273
53: 281
54: 269
55: 279
56: 280
57: 270
58: 265
59: 275
60: 279
61: 273
62: 281
63: 277
64: 269
65: 284
66: 265
67: 267
68: 268
69: 279
70: 283
71: 277
72: 267
73: 274
74: 289
75: 279
76: 267
77: 283
78: 276
79: 278
80: 267
81: 276
82: 276
83: 274
84: 281
85: 279
86: 279
87: 284
88: 286
89: 270
90: 288
91: 285
92: 285
93: 270
94: 283
95: 280
96: 286
97: 287
98: 284
99: 270
100: 290
101: 273
102: 274
103: 268
104: 267
105: 279
106: 267
107: 288
108: 284
109: 291
110: 288
111: 285
112: 281
113: 272
114: 270
115: 281
116: 286
117: 265
118: 267
119: 275
120: 279
121: 265
122: 284
123: 289
124: 271
125: 289
126: 278
127: 274
128: 278
129: 267
130: 267
131: 268
132: 283
133: 276
134: 279
135: 282
136: 264
137: 281
138: 281
139: 274
140: 272
141: 286
142: 285
143: 281
144: 273
145: 277
146: 268
147: 281
148: 284
149: 276
150: 272
151: 279
152: 273
153: 271
154: 268
155: 280
156: 269
157: 269
158: 284
159: 272
160: 283
161: 283
162: 268
163: 274
164: 277
165: 286
166: 278
167: 269
168: 283
169: 267
170: 285
171: 272
172: 272
173: 291
174: 288
175: 277
176: 271
177: 265
178: 270
179: 282
180: 286
181: 272
182: 280
183: 280
184: 276
185: 271
186: 270
187: 281
188: 281
189: 279
190: 286
191: 284
192: 266
193: 268
194: 275
195: 274
196: 263
197: 279
198: 277
199: 266
200: 274
201: 273
202: 268
203: 266
204: 280
205: 265
206: 282
207: 278
208: 283
209: 286
210: 267
211: 283
212: 288
213: 268
214: 288
215: 284
216: 274
217: 273
218: 266
219: 285
220: 267
221: 269
222: 283
223: 263
224: 269
225: 263
226: 272
227: 280
228: 271
229: 269
230: 285
231: 281
232: 284
233: 273
234: 281
235: 269
236: 268
237: 280
238: 270
239: 263
240: 265
241: 286
242: 285
243: 282
244: 265
245: 277
246: 279
247: 269
248: 280
249: 269
250: 269
251: 283
252: 276
253: 280
254: 280
255: 275
256: 278
257: 276
258: 266
259: 277
260: 286
261: 274
262: 266
263: 271
264: 286
265: 268
266: 271
267: 273
268: 278
269: 282
270: 266
271: 277
272: 274
273: 282
274: 286
275: 281
276: 266
277: 268
278: 275
279: 287
280: 272
281: 267
282: 271
283: 271
284: 282
285: 279
286: 267
287: 284
288: 266
289: 283
290: 286
291: 274
292: 272
293: 266
294: 286
295: 278
296: 266
297: 268
298: 267
299: 284
300: 285
301: 268
302: 285
303: 280
304: 283
305: 288
306: 285
307: 280
308: 264
309: 278
310: 273
311: 282
312: 266
313: 286
314: 272
315: 283
316: 280
317: 283
318: 276
319: 267
320: 273
321: 271
322: 283
323: 272
324: 287
325: 282
326: 270
327: 271
328: 281
329: 264
330: 268
331: 280
332: 264
333: 270
334: 282
335: 273
336: 268
337: 283
338: 283
339: 269
340: 284
341: 269
342: 280
343: 274
344: 276
345: 281
346: 264
347: 272
348: 279
349: 278
350: 268
351: 273
352: 283
353: 283
354: 280
355: 270
356: 289
357: 273
358: 289
359: 269
360: 281
361: 285
362: 277
363: 271
364: 278
365: 269
366: 268
367: 272
368: 282
369: 278
370: 277
371: 263
372: 278
373: 288
374: 274
375: 281
376: 269
377: 271
378: 285
379: 280
380: 286
381: 271
382: 275
383: 270
384: 285
385: 265
386: 267
387: 269
388: 274
389: 281
390: 267
391: 271
392: 278
393: 281
394: 266
395: 272
396: 281
397: 282
398: 265
399: 285
400: 278
401: 279
402: 263
403: 271
404: 280
405: 284
406: 281
407: 283
408: 270
409: 273
410: 286
411: 285
412: 285
413: 263
414: 278
415: 282
416: 270
417: 279
418: 265
419: 280
420: 265
421: 271
422: 277
423: 270
424: 274
425: 283
426: 285
427: 282
428: 268
429: 278
430: 279
431: 264
432: 264
433: 269
434: 285
435: 285
436: 267
437: 271
438: 270
439: 277
440: 284
441: 276
442: 263
443: 265
444: 267
445: 264
446: 276
447: 263
448: 279
449: 263
450: 272
451: 273
452: 277
453: 266
454: 274
455: 269
456: 278
457: 274
458: 278
459: 268
460: 278
461: 270
462: 268
463: 283
464: 277
465: 281
466: 263
467: 281
468: 264
469: 283
470: 276
471: 277
472: 276
473: 281
474: 274
475: 272
476: 265
477: 282
478: 266
479: 267
480: 270
481: 277
482: 272
483: 272
484: 267
485: 285
486: 280
487: 266
488: 282
489: 267
490: 279
491: 266
492: 264
493: 272
494: 281
495: 269
496: 268
497: 268
498: 275
499: 283
500: 265
