1: 572
2: 598
3: 603
4: 591
5: 576
6: 592
7: 602
8: 588
9: 591
10: 583
11: 593
12: 601
13: 582
14: 602
15: 605
16: 601
17: 579
18: 587
19: 572
20: 584
21: 577
22: 591
23: 581
24: 579
25: 602
26: 573
27: 584
28: 603
29: 581
30: 582
31: 587
32: 596
33: 573
34: 575
35: 577
36: 591
37: 591
38: 581
39: 589
40: 579
41: 587
42: 579
43: 585
44: 587
45: 597
46: 588
47: 584
48: 581
49: 574
50: 583
51: 586
52: 604
53: 580
54: 589
55: 602
56: 599
57: 607
58: 587
59: 580
60: 589
61: 598
62: 597
63: 602
64: 585
65: 599
66: 606
67: 597
68: 592
69: 585
70: 602
71: 600
72: 593
73: 589
74: 579
75: 592
76: 581
77: 588
78: 606
79: 604
80: 601
81: 585
82: 601
83: 597
84: 601
85: 599
86: 574
87: 580
88: 581
89: 589
90: 573
91: 577
92: 588
93: 582
94: 598
95: 601
96: 594
97: 589
98: 571
99: 590
100: 595
101: 600
102: 571
103: 606
104: 588
105: 583
106: 607
107: 591
108: 582
109: 594
110: 601
111: 583
112: 594
113: 603
114: 606
115: 586
116: 607
117: 587
118: 578
119: 611
120: 596
121: 595
122: 601
123: 596
124: 591
125: 594
126: 594
127: 590
128: 597
129: 606
130: 582
131: 572
132: 612
133: 602
134: 575
135: 596
136: 603
137: 600
138: 579
139: 591
140: 574
141: 584
142: 588
143: 605
144: 601
145: 584
146: 586
147: 597
148: 585
149: 601
150: 586
151: 602
152: 603
153: 580
154: 579
155: 582
156: 589
157: 579
158: 605
159: 604
160: 611
161: 590
162: 598
163: 604
164: 598
165: 592
166: 584
167: 604
168: 589
169: 604
170: 595
171: 578
172: 579
173: 599
174: 598
175: 583
176: 604
177: 606
178: 591
179: 577
180: 577
181: 582
182: 584
183: 606
184: 586
185: 589
186: 592
187: 576
188: 588
189: 596
190: 578
191: 574
192: 600
193: 589
194: 601
195: 574
196: 575
197: 587
198: 608
199: 585
200: 577
201: 589
202: 577
203: 587
204: 570
205: 596
206: 592
207: 607
208: 581
209: 587
210: 586
211: 578
212: 590
213: 581
214: 600
215: 579
216: 589
217: 575
218: 587
219: 586
220: 589
221: 587
222: 582
223: 578
224: 581
225: 579
226: 598
227: 576
228: 578
229: 583
230: 582
231: 585
232: 584
233: 593
234: 575
235: 584
236: 605
237: 606
238: 593
239: 586
240: 580
241: 589
242: 599
243: 587
244: 586
245: 606
246: 599
247: 601
248: 591
249: 590
250: 607
251: 584
252: 591
253: 579
254: 601
255: 587
256: 582
257: 585
258: 587
259: 576
260: 604
261: 581
262: 583
263: 605
264: 594
265: 603
266: 603
267: 598
268: 585
269: 593
270: 610
271: 598
272: 603
273: 573
274: 602
275: 587
276: 605
277: 593
278: 579
279: 574
280: 600
281: 583
282: 604
283: 578
284: 594
285: 604
286: 585
287: 586
288: 594
289: 596
290: 593
291: 595
292: 598
293: 580
294: 593
295: 589
296: 596
297: 607
298: 599
299: 573
300: 582
301: 602
302: 588
303: 599
304: 604
305: 588
306: 607
307: 590
308: 599
309: 588
310: 576
311: 602
312: 601
313: 577
314: 572
315: 598
316: 599
317: 601
318: 599
319: 604
320: 602
321: 592
322: 599
323: 575
324: 599
325: 581
326: 605
327: 582
328: 597
329: 606
330: 601
331: 588
332: 610
333: 582
334: 599
335: 589
336: 583
337: 589
338: 598
339: 585
340: 610
341: 604
342: 608
343: 592
344: 587
345: 580
346: 590
347: 608
348: 601
349: 595
350: 607
351: 605
352: 587
353: 605
354: 613
355: 580
356: 587
357: 594
358: 609
359: 582
360: 604
361: 599
362: 594
363: 598
364: 590
365: 582
366: 601
367: 581
368: 605
369: 597
370: 598
371: 599
372: 580
373: 587
374: 604
375: 598
376: 577
377: 600
378: 585
379: 601
380: 592
381: 601
382: 603
383: 598
384: 576
385: 584
386: 572
387: 591
388: 587
389: 598
390: 582
391: 595
392: 584
393: 599
394: 606
395: 610
396: 606
397: 580
398: 581
399: 578
400: 578
401: 588
402: 583
403: 573
404: 600
405: 601
406: 581
407: 602
408: 600
409: 589
410: 587
411: 597
412: 586
413: 585
414: 587
415: 577
416: 580
417: 576
418: 602
419: 593
420: 595
421: 585
422: 603
423: 586
424: 596
425: 599
426: 600
427: 586
428: 575
429: 606
430: 588
431: 592
432: 602
433: 585
434: 580
435: 607
436: 589
437: 590
438: 593
439: 581
440: 580
441: 593
442: 586
443: 597
444: 609
445: 608
446: 592
447: 580
448: 599
449: 599
450: 582
451: 601
452: 608
453: 605
454: 594
455: 586
456: 605
457: 586
458: 591
459: 599
460: 597
461: 608
462: 583
463: 592
464: 585
465: 587
466: 592
467: 584
468: 604
469: 584
470: 601
471: 598
472: 591
473: 605
474: 606
475: 582
476: 576
477: 593
478: 587
479: 611
480: 591
481: 589
482: 598
483: 580
484: 601
485: 609
486: 591
487: 607
488: 585
489: 574
490: 588
491: 595
492: 579
493: 596
494: 600
495: 593
496: 601
497: 588
498: 596
499: 599
500: 603
