1: 458
2: 482
3: 379
4: 313
5: 310
6: 400
7: 337
8: 392
9: 439
10: 387
11: 529
12: 543
13: 560
14: 524
15: 553
16: 504
17: 276
18: 386
19: 352
20: 466
21: 446
22: 498
23: 528
24: 487
25: 487
26: 529
27: 496
28: 370
29: 482
30: 539
31: 506
32: 454
33: 350
34: 405
35: 516
36: 504
37: 409
38: 440
39: 405
40: 362
41: 306
42: 371
43: 490
44: 393
45: 377
46: 302
47: 337
48: 271
49: 448
50: 571
51: 539
52: 386
53: 507
54: 516
55: 536
56: 414
57: 478
58: 523
59: 386
60: 431
61: 429
62: 360
63: 269
64: 333
65: 389
66: 467
67: 518
68: 522
69: 395
70: 415
71: 459
72: 542
73: 447
74: 440
75: 394
76: 506
77: 436
78: 471
79: 541
80: 414
81: 425
82: 398
83: 491
84: 476
85: 518
86: 515
87: 461
88: 427
89: 379
90: 505
91: 520
92: 471
93: 574
94: 475
95: 529
96: 452
97: 337
98: 504
99: 280
100: 495
101: 448
102: 452
103: 421
104: 419
105: 345
106: 369
107: 525
108: 498
109: 522
110: 387
111: 520
112: 535
113: 424
114: 497
115: 526
116: 553
117: 560
118: 440
119: 551
120: 532
121: 506
122: 515
123: 421
124: 495
125: 370
126: 488
127: 525
128: 384
129: 540
130: 499
131: 550
132: 406
133: 552
134: 549
135: 543
136: 497
137: 491
138: 557
139: 376
140: 341
141: 502
142: 544
143: 529
144: 464
145: 427
146: 520
147: 478
148: 392
149: 463
150: 474
151: 536
152: 540
153: 516
154: 479
155: 379
156: 503
157: 484
158: 480
159: 481
160: 434
161: 420
162: 371
163: 406
164: 290
165: 579
166: 491
167: 430
168: 438
169: 530
170: 541
171: 507
172: 468
173: 535
174: 516
175: 418
176: 455
177: 419
178: 469
179: 364
180: 446
181: 523
182: 559
183: 513
184: 512
185: 542
186: 448
187: 517
188: 485
189: 426
190: 463
191: 339
192: 401
193: 389
194: 387
195: 390
196: 380
197: 302
198: 432
199: 429
200: 427
201: 400
202: 326
203: 417
204: 488
205: 525
206: 376
207: 368
208: 513
209: 497
210: 545
211: 461
212: 426
213: 381
214: 431
215: 481
216: 522
217: 414
218: 505
219: 418
220: 451
221: 488
222: 462
223: 547
224: 494
225: 350
226: 542
227: 462
228: 379
229: 478
230: 546
231: 519
232: 348
233: 375
234: 434
235: 328
236: 474
237: 530
238: 521
239: 523
240: 484
241: 584
242: 532
243: 302
244: 361
245: 478
246: 363
247: 400
248: 471
249: 393
250: 339
251: 413
252: 466
253: 491
254: 355
255: 393
256: 451
257: 528
258: 480
259: 572
260: 384
261: 384
262: 538
263: 574
264: 368
265: 515
266: 549
267: 539
268: 519
269: 497
270: 444
271: 504
272: 463
273: 493
274: 496
275: 504
276: 383
277: 430
278: 483
279: 509
280: 494
281: 455
282: 532
283: 511
284: 514
285: 516
286: 443
287: 496
288: 442
289: 450
290: 456
291: 402
292: 379
293: 435
294: 399
295: 545
296: 520
297: 493
298: 499
299: 542
300: 531
301: 550
302: 381
303: 359
304: 440
305: 354
306: 398
307: 432
308: 418
309: 448
310: 511
311: 496
312: 423
313: 347
314: 466
315: 338
316: 472
317: 471
318: 451
319: 466
320: 424
321: 468
322: 567
323: 457
324: 371
325: 546
326: 450
327: 507
328: 497
329: 488
330: 552
331: 494
332: 508
333: 516
334: 419
335: 509
336: 529
337: 547
338: 536
339: 483
340: 465
341: 468
342: 378
343: 536
344: 432
345: 396
346: 467
347: 476
348: 519
349: 511
350: 481
351: 508
352: 514
353: 525
354: 544
355: 560
356: 476
357: 477
358: 485
359: 542
360: 442
361: 505
362: 565
363: 442
364: 535
365: 509
366: 513
367: 432
368: 362
369: 394
370: 494
371: 389
372: 432
373: 488
374: 530
375: 557
376: 391
377: 452
378: 487
379: 439
380: 530
381: 475
382: 518
383: 447
384: 462
385: 465
386: 462
387: 355
388: 412
389: 286
390: 482
391: 536
392: 493
393: 504
394: 456
395: 512
396: 416
397: 498
398: 476
399: 487
400: 498
401: 515
402: 544
403: 476
404: 458
405: 497
406: 394
407: 338
408: 373
409: 291
410: 403
411: 434
412: 474
413: 435
414: 557
415: 402
416: 516
417: 520
418: 275
419: 315
420: 380
421: 390
422: 480
423: 429
424: 400
425: 411
426: 464
427: 378
428: 356
429: 444
430: 500
431: 428
432: 458
433: 500
434: 453
435: 404
436: 468
437: 502
438: 544
439: 503
440: 536
441: 322
442: 382
443: 386
444: 299
445: 368
446: 403
447: 536
448: 428
449: 537
450: 496
451: 477
452: 546
453: 513
454: 388
455: 525
456: 399
457: 453
458: 527
459: 490
460: 408
461: 557
462: 511
463: 468
464: 508
465: 553
466: 509
467: 518
468: 465
469: 482
470: 386
471: 389
472: 266
473: 499
474: 496
475: 480
476: 478
477: 410
478: 512
479: 412
480: 537
481: 500
482: 535
483: 427
484: 226
485: 520
486: 539
487: 450
488: 528
489: 568
490: 500
491: 414
492: 474
493: 357
494: 475
495: 505
496: 552
497: 441
498: 356
499: 416
500: 518
