1: 239
2: 240
3: 239
4: 240
5: 240
6: 240
7: 241
8: 240
9: 238
10: 241
11: 239
12: 240
13: 241
14: 239
15: 241
16: 238
17: 241
18: 239
19: 240
20: 238
21: 240
22: 239
23: 241
24: 240
25: 239
26: 239
27: 242
28: 240
29: 238
30: 239
31: 238
32: 240
33: 239
34: 239
35: 239
36: 238
37: 241
38: 240
39: 241
40: 239
41: 241
42: 238
43: 240
44: 239
45: 240
46: 242
47: 238
48: 242
49: 238
50: 239
51: 241
52: 241
53: 240
54: 240
55: 241
56: 238
57: 240
58: 239
59: 241
60: 241
61: 240
62: 239
63: 240
64: 239
65: 238
66: 239
67: 238
68: 238
69: 241
70: 239
71: 238
72: 239
73: 237
74: 239
75: 240
76: 239
77: 241
78: 238
79: 239
80: 239
81: 239
82: 238
83: 239
84: 241
85: 242
86: 240
87: 242
88: 237
89: 237
90: 237
91: 240
92: 238
93: 238
94: 239
95: 238
96: 238
97: 239
98: 239
99: 241
100: 240
101: 238
102: 237
103: 240
104: 239
105: 238
106: 240
107: 241
108: 240
109: 239
110: 238
111: 240
112: 237
113: 240
114: 238
115: 239
116: 241
117: 239
118: 238
119: 240
120: 240
121: 240
122: 238
123: 240
124: 239
125: 238
126: 241
127: 241
128: 240
129: 239
130: 241
131: 238
132: 240
133: 240
134: 240
135: 241
136: 239
137: 239
138: 238
139: 238
140: 239
141: 238
142: 240
143: 242
144: 239
145: 240
146: 241
147: 238
148: 238
149: 241
150: 239
151: 239
152: 242
153: 239
154: 236
155: 237
156: 240
157: 240
158: 237
159: 238
160: 237
161: 238
162: 238
163: 239
164: 240
165: 238
166: 238
167: 240
168: 238
169: 240
170: 240
171: 239
172: 239
173: 237
174: 237
175: 240
176: 239
177: 241
178: 239
179: 238
180: 239
181: 239
182: 239
183: 237
184: 240
185: 237
186: 238
187: 242
188: 238
189: 239
190: 239
191: 238
192: 239
193: 240
194: 238
195: 238
196: 239
197: 239
198: 240
199: 239
200: 236
201: 238
202: 240
203: 237
204: 237
205: 239
206: 238
207: 239
208: 240
209: 238
210: 241
211: 238
212: 239
213: 237
214: 237
215: 240
216: 240
217: 239
218: 238
219: 240
220: 240
221: 241
222: 238
223: 240
224: 238
225: 239
226: 240
227: 237
228: 241
229: 241
230: 240
231: 242
232: 238
233: 240
234: 240
235: 240
236: 239
237: 240
238: 239
239: 239
240: 242
241: 240
242: 239
243: 238
244: 241
245: 239
246: 240
247: 238
248: 238
249: 238
250: 242
251: 239
252: 240
253: 240
254: 238
255: 239
256: 238
257: 242
258: 240
259: 240
260: 239
261: 240
262: 240
263: 241
264: 238
265: 240
266: 240
267: 239
268: 241
269: 237
270: 240
271: 240
272: 238
273: 239
274: 237
275: 239
276: 239
277: 241
278: 242
279: 240
280: 239
281: 239
282: 241
283: 239
284: 240
285: 237
286: 237
287: 238
288: 241
289: 239
290: 241
291: 238
292: 239
293: 238
294: 239
295: 240
296: 239
297: 237
298: 240
299: 238
300: 238
301: 241
302: 240
303: 241
304: 239
305: 243
306: 238
307: 241
308: 240
309: 238
310: 239
311: 241
312: 241
313: 237
314: 239
315: 240
316: 239
317: 237
318: 240
319: 240
320: 240
321: 238
322: 240
323: 242
324: 240
325: 240
326: 237
327: 239
328: 241
329: 239
330: 241
331: 236
332: 238
333: 239
334: 239
335: 239
336: 238
337: 242
338: 240
339: 238
340: 237
341: 240
342: 242
343: 239
344: 238
345: 241
346: 240
347: 240
348: 237
349: 239
350: 237
351: 239
352: 239
353: 241
354: 240
355: 240
356: 238
357: 240
358: 240
359: 237
360: 238
361: 238
362: 239
363: 239
364: 236
365: 237
366: 238
367: 241
368: 239
369: 238
370: 239
371: 238
372: 239
373: 240
374: 239
375: 241
376: 239
377: 239
378: 240
379: 239
380: 239
381: 242
382: 237
383: 240
384: 237
385: 240
386: 239
387: 238
388: 239
389: 238
390: 239
391: 240
392: 239
393: 239
394: 236
395: 236
396: 240
397: 242
398: 241
399: 239
400: 239
401: 240
402: 240
403: 240
404: 239
405: 239
406: 239
407: 238
408: 239
409: 240
410: 238
411: 239
412: 239
413: 241
414: 240
415: 241
416: 238
417: 238
418: 237
419: 240
420: 241
421: 238
422: 240
423: 242
424: 238
425: 238
426: 237
427: 239
428: 240
429: 237
430: 237
431: 240
432: 240
433: 238
434: 238
435: 240
436: 237
437: 242
438: 238
439: 236
440: 238
441: 238
442: 239
443: 237
444: 236
445: 239
446: 240
447: 240
448: 238
449: 240
450: 238
451: 239
452: 239
453: 238
454: 240
455: 239
456: 241
457: 240
458: 241
459: 240
460: 240
461: 240
462: 242
463: 240
464: 238
465: 240
466: 241
467: 236
468: 239
469: 240
470: 239
471: 239
472: 240
473: 239
474: 238
475: 238
476: 237
477: 240
478: 238
479: 240
480: 238
481: 238
482: 239
483: 238
484: 238
485: 243
486: 241
487: 240
488: 240
489: 240
490: 240
491: 239
492: 239
493: 239
494: 240
495: 242
496: 239
497: 240
498: 238
499: 240
500: 239
