1: 677
2: 674
3: 678
4: 676
5: 676
6: 675
7: 675
8: 675
9: 679
10: 676
11: 676
12: 677
13: 677
14: 676
15: 676
16: 677
17: 675
18: 676
19: 677
20: 677
21: 677
22: 676
23: 676
24: 676
25: 677
26: 678
27: 678
28: 677
29: 678
30: 678
31: 675
32: 675
33: 678
34: 676
35: 676
36: 678
37: 678
38: 678
39: 674
40: 676
41: 676
42: 677
43: 677
44: 677
45: 677
46: 676
47: 677
48: 676
49: 675
50: 678
51: 677
52: 677
53: 679
54: 679
55: 677
56: 676
57: 676
58: 678
59: 678
60: 678
61: 677
62: 678
63: 678
64: 676
65: 677
66: 675
67: 676
68: 675
69: 676
70: 678
71: 677
72: 678
73: 678
74: 674
75: 676
76: 676
77: 677
78: 677
79: 677
80: 678
81: 676
82: 675
83: 674
84: 677
85: 677
86: 676
87: 676
88: 677
89: 676
90: 676
91: 676
92: 676
93: 675
94: 675
95: 676
96: 675
97: 676
98: 676
99: 676
100: 678
101: 672
102: 677
103: 675
104: 677
105: 675
106: 675
107: 677
108: 678
109: 677
110: 675
111: 676
112: 676
113: 677
114: 676
115: 675
116: 677
117: 676
118: 675
119: 677
120: 677
121: 677
122: 677
123: 675
124: 678
125: 679
126: 676
127: 677
128: 676
129: 678
130: 679
131: 676
132: 678
133: 677
134: 675
135: 677
136: 673
137: 677
138: 676
139: 676
140: 673
141: 676
142: 678
143: 675
144: 679
145: 675
146: 678
147: 677
148: 675
149: 675
150: 677
151: 677
152: 676
153: 677
154: 677
155: 675
156: 674
157: 676
158: 678
159: 676
160: 675
161: 677
162: 677
163: 676
164: 677
165: 678
166: 679
167: 677
168: 678
169: 677
170: 676
171: 678
172: 676
173: 676
174: 676
175: 679
176: 677
177: 678
178: 677
179: 677
180: 678
181: 678
182: 679
183: 678
184: 677
185: 676
186: 678
187: 678
188: 678
189: 678
190: 681
191: 679
192: 679
193: 677
194: 678
195: 677
196: 679
197: 677
198: 677
199: 678
200: 676
201: 676
202: 677
203: 677
204: 675
205: 676
206: 677
207: 677
208: 678
209: 678
210: 677
211: 679
212: 676
213: 678
214: 675
215: 677
216: 679
217: 674
218: 677
219: 676
220: 678
221: 675
222: 677
223: 675
224: 677
225: 678
226: 679
227: 679
228: 678
229: 678
230: 676
231: 677
232: 678
233: 676
234: 676
235: 679
236: 677
237: 678
238: 679
239: 680
240: 678
241: 679
242: 676
243: 678
244: 678
245: 675
246: 678
247: 677
248: 676
249: 678
250: 674
251: 675
252: 677
253: 678
254: 675
255: 678
256: 678
257: 678
258: 678
259: 678
260: 678
261: 678
262: 678
263: 678
264: 677
265: 676
266: 678
267: 678
268: 677
269: 677
270: 677
271: 676
272: 677
273: 678
274: 677
275: 675
276: 679
277: 678
278: 679
279: 679
280: 677
281: 677
282: 677
283: 678
284: 677
285: 679
286: 678
287: 677
288: 678
289: 676
290: 676
291: 677
292: 678
293: 676
294: 677
295: 679
296: 677
297: 677
298: 679
299: 679
300: 676
301: 678
302: 679
303: 676
304: 679
305: 678
306: 678
307: 676
308: 678
309: 676
310: 676
311: 677
312: 677
313: 676
314: 677
315: 676
316: 677
317: 675
318: 678
319: 677
320: 678
321: 679
322: 679
323: 678
324: 679
325: 678
326: 677
327: 679
328: 679
329: 677
330: 677
331: 678
332: 677
333: 678
334: 678
335: 678
336: 680
337: 675
338: 676
339: 678
340: 677
341: 675
342: 677
343: 679
344: 678
345: 676
346: 677
347: 679
348: 678
349: 676
350: 675
351: 677
352: 677
353: 677
354: 676
355: 676
356: 676
357: 678
358: 677
359: 676
360: 675
361: 678
362: 677
363: 678
364: 679
365: 675
366: 677
367: 677
368: 678
369: 678
370: 678
371: 677
372: 679
373: 679
374: 678
375: 674
376: 677
377: 679
378: 677
379: 677
380: 678
381: 678
382: 678
383: 677
384: 678
385: 678
386: 677
387: 677
388: 679
389: 676
390: 677
391: 675
392: 676
393: 674
394: 676
395: 676
396: 675
397: 677
398: 676
399: 677
400: 677
401: 677
402: 678
403: 675
404: 677
405: 677
406: 679
407: 677
408: 676
409: 677
410: 676
411: 678
412: 676
413: 676
414: 676
415: 677
416: 675
417: 676
418: 675
419: 678
420: 675
421: 676
422: 676
423: 677
424: 675
425: 677
426: 677
427: 677
428: 676
429: 679
430: 678
431: 675
432: 677
433: 678
434: 677
435: 677
436: 677
437: 677
438: 678
439: 676
440: 676
441: 675
442: 673
443: 677
444: 672
445: 676
446: 677
447: 675
448: 675
449: 677
450: 678
451: 677
452: 677
453: 677
454: 677
455: 682
456: 676
457: 677
458: 676
459: 678
460: 678
461: 676
462: 675
463: 676
464: 676
465: 677
466: 677
467: 676
468: 678
469: 677
470: 676
471: 678
472: 677
473: 676
474: 677
475: 677
476: 676
477: 678
478: 676
479: 676
480: 676
481: 679
482: 676
483: 678
484: 677
485: 676
486: 676
487: 678
488: 675
489: 674
490: 677
491: 677
492: 678
493: 677
494: 678
495: 676
496: 678
497: 675
498: 677
499: 677
500: 677
