1: 601
2: 608
3: 610
4: 611
5: 616
6: 611
7: 603
8: 614
9: 621
10: 605
11: 628
12: 623
13: 620
14: 639
15: 619
16: 612
17: 601
18: 637
19: 619
20: 629
21: 625
22: 619
23: 620
24: 615
25: 623
26: 631
27: 613
28: 621
29: 630
30: 620
31: 623
32: 618
33: 618
34: 625
35: 616
36: 626
37: 626
38: 611
39: 630
40: 618
41: 622
42: 633
43: 635
44: 621
45: 622
46: 630
47: 615
48: 624
49: 624
50: 617
51: 625
52: 617
53: 601
54: 608
55: 637
56: 631
57: 628
58: 622
59: 632
60: 628
61: 611
62: 627
63: 615
64: 634
65: 625
66: 627
67: 621
68: 615
69: 621
70: 613
71: 625
72: 620
73: 637
74: 625
75: 613
76: 641
77: 629
78: 635
79: 628
80: 606
81: 620
82: 620
83: 618
84: 630
85: 607
86: 615
87: 641
88: 637
89: 611
90: 598
91: 626
92: 631
93: 631
94: 662
95: 622
96: 635
97: 616
98: 612
99: 602
100: 628
101: 639
102: 630
103: 621
104: 615
105: 623
106: 650
107: 641
108: 635
109: 623
110: 630
111: 630
112: 617
113: 636
114: 608
115: 624
116: 628
117: 626
118: 632
119: 629
120: 629
121: 632
122: 638
123: 624
124: 638
125: 635
126: 634
127: 628
128: 622
129: 621
130: 618
131: 613
132: 619
133: 637
134: 630
135: 613
136: 603
137: 599
138: 614
139: 634
140: 633
141: 618
142: 619
143: 633
144: 620
145: 617
146: 625
147: 615
148: 621
149: 623
150: 605
151: 621
152: 626
153: 623
154: 622
155: 623
156: 620
157: 637
158: 632
159: 655
160: 641
161: 609
162: 620
163: 616
164: 615
165: 638
166: 623
167: 623
168: 604
169: 630
170: 632
171: 604
172: 632
173: 629
174: 615
175: 622
176: 624
177: 618
178: 611
179: 638
180: 613
181: 628
182: 622
183: 609
184: 616
185: 610
186: 620
187: 640
188: 620
189: 620
190: 654
191: 652
192: 627
193: 633
194: 627
195: 641
196: 629
197: 637
198: 627
199: 613
200: 627
201: 626
202: 624
203: 629
204: 616
205: 603
206: 637
207: 616
208: 634
209: 639
210: 627
211: 612
212: 635
213: 617
214: 632
215: 626
216: 621
217: 655
218: 625
219: 623
220: 623
221: 617
222: 626
223: 636
224: 632
225: 624
226: 635
227: 611
228: 614
229: 607
230: 596
231: 612
232: 598
233: 603
234: 620
235: 638
236: 612
237: 605
238: 607
239: 604
240: 631
241: 621
242: 623
243: 632
244: 612
245: 633
246: 620
247: 625
248: 602
249: 622
250: 634
251: 633
252: 614
253: 610
254: 616
255: 640
256: 616
257: 612
258: 627
259: 617
260: 621
261: 626
262: 602
263: 601
264: 630
265: 629
266: 632
267: 605
268: 603
269: 622
270: 604
271: 617
272: 621
273: 635
274: 603
275: 614
276: 635
277: 615
278: 635
279: 633
280: 636
281: 610
282: 618
283: 630
284: 620
285: 615
286: 602
287: 621
288: 617
289: 604
290: 613
291: 612
292: 612
293: 613
294: 630
295: 634
296: 607
297: 658
298: 633
299: 607
300: 616
301: 626
302: 617
303: 615
304: 621
305: 612
306: 589
307: 617
308: 617
309: 615
310: 600
311: 618
312: 620
313: 631
314: 630
315: 603
316: 611
317: 603
318: 599
319: 624
320: 639
321: 598
322: 610
323: 624
324: 607
325: 609
326: 624
327: 624
328: 611
329: 625
330: 630
331: 618
332: 626
333: 619
334: 604
335: 609
336: 636
337: 627
338: 633
339: 622
340: 621
341: 628
342: 646
343: 630
344: 618
345: 605
346: 626
347: 623
348: 630
349: 621
350: 611
351: 626
352: 649
353: 638
354: 613
355: 614
356: 619
357: 618
358: 622
359: 602
360: 594
361: 625
362: 612
363: 620
364: 599
365: 621
366: 610
367: 602
368: 634
369: 642
370: 629
371: 628
372: 629
373: 639
374: 610
375: 602
376: 627
377: 625
378: 614
379: 605
380: 621
381: 613
382: 619
383: 614
384: 613
385: 633
386: 629
387: 614
388: 615
389: 609
390: 620
391: 610
392: 626
393: 614
394: 602
395: 614
396: 609
397: 616
398: 620
399: 632
400: 624
401: 615
402: 608
403: 618
404: 603
405: 626
406: 598
407: 615
408: 621
409: 614
410: 623
411: 605
412: 613
413: 613
414: 620
415: 621
416: 619
417: 608
418: 608
419: 621
420: 618
421: 599
422: 618
423: 617
424: 629
425: 621
426: 606
427: 601
428: 611
429: 610
430: 588
431: 634
432: 613
433: 604
434: 597
435: 612
436: 601
437: 603
438: 612
439: 629
440: 618
441: 608
442: 615
443: 614
444: 628
445: 614
446: 621
447: 626
448: 624
449: 620
450: 603
451: 605
452: 631
453: 612
454: 602
455: 622
456: 624
457: 627
458: 624
459: 627
460: 608
461: 636
462: 629
463: 627
464: 602
465: 601
466: 647
467: 655
468: 637
469: 637
470: 630
471: 629
472: 617
473: 635
474: 646
475: 613
476: 613
477: 628
478: 617
479: 642
480: 629
481: 635
482: 629
483: 624
484: 618
485: 635
486: 632
487: 624
488: 637
489: 621
490: 599
491: 624
492: 622
493: 634
494: 637
495: 642
496: 629
497: 608
498: 621
499: 613
500: 626
