1: 273
2: 273
3: 266
4: 283
5: 268
6: 268
7: 275
8: 264
9: 266
10: 270
11: 282
12: 284
13: 280
14: 267
15: 275
16: 266
17: 286
18: 265
19: 282
20: 284
21: 285
22: 275
23: 274
24: 277
25: 283
26: 264
27: 273
28: 268
29: 261
30: 265
31: 270
32: 275
33: 273
34: 265
35: 264
36: 284
37: 266
38: 284
39: 271
40: 273
41: 268
42: 272
43: 267
44: 272
45: 285
46: 290
47: 275
48: 268
49: 289
50: 288
51: 282
52: 280
53: 290
54: 280
55: 281
56: 268
57: 278
58: 283
59: 270
60: 286
61: 276
62: 278
63: 272
64: 288
65: 288
66: 288
67: 271
68: 282
69: 277
70: 262
71: 266
72: 277
73: 288
74: 267
75: 282
76: 264
77: 272
78: 278
79: 283
80: 273
81: 271
82: 277
83: 279
84: 268
85: 272
86: 276
87: 268
88: 268
89: 286
90: 276
91: 269
92: 278
93: 275
94: 287
95: 273
96: 282
97: 265
98: 279
99: 265
100: 275
101: 266
102: 286
103: 276
104: 277
105: 268
106: 267
107: 265
108: 284
109: 267
110: 273
111: 283
112: 269
113: 275
114: 273
115: 285
116: 270
117: 277
118: 270
119: 275
120: 278
121: 286
122: 275
123: 269
124: 270
125: 276
126: 284
127: 285
128: 273
129: 284
130: 282
131: 272
132: 280
133: 281
134: 273
135: 288
136: 288
137: 266
138: 282
139: 272
140: 282
141: 286
142: 286
143: 274
144: 272
145: 288
146: 270
147: 276
148: 280
149: 276
150: 284
151: 268
152: 271
153: 284
154: 276
155: 287
156: 272
157: 274
158: 264
159: 265
160: 284
161: 282
162: 282
163: 286
164: 280
165: 286
166: 272
167: 277
168: 263
169: 269
170: 274
171: 272
172: 285
173: 274
174: 284
175: 279
176: 286
177: 281
178: 279
179: 266
180: 267
181: 275
182: 266
183: 280
184: 266
185: 266
186: 282
187: 279
188: 276
189: 277
190: 281
191: 280
192: 285
193: 277
194: 265
195: 265
196: 278
197: 286
198: 280
199: 270
200: 281
201: 268
202: 271
203: 283
204: 279
205: 278
206: 286
207: 289
208: 267
209: 278
210: 265
211: 267
212: 265
213: 284
214: 275
215: 286
216: 282
217: 286
218: 272
219: 271
220: 272
221: 272
222: 272
223: 278
224: 271
225: 277
226: 267
227: 267
228: 288
229: 272
230: 286
231: 269
232: 268
233: 266
234: 269
235: 264
236: 270
237: 287
238: 274
239: 279
240: 274
241: 269
242: 263
243: 267
244: 283
245: 284
246: 265
247: 287
248: 286
249: 277
250: 283
251: 286
252: 266
253: 265
254: 271
255: 271
256: 270
257: 267
258: 277
259: 277
260: 270
261: 277
262: 281
263: 287
264: 271
265: 289
266: 281
267: 273
268: 281
269: 271
270: 290
271: 274
272: 267
273: 279
274: 282
275: 271
276: 286
277: 273
278: 267
279: 267
280: 264
281: 273
282: 266
283: 280
284: 287
285: 268
286: 284
287: 280
288: 263
289: 283
290: 280
291: 266
292: 282
293: 271
294: 280
295: 271
296: 266
297: 283
298: 277
299: 271
300: 272
301: 288
302: 285
303: 288
304: 285
305: 279
306: 266
307: 270
308: 268
309: 273
310: 271
311: 272
312: 285
313: 266
314: 281
315: 273
316: 275
317: 287
318: 270
319: 284
320: 270
321: 276
322: 276
323: 269
324: 268
325: 273
326: 289
327: 271
328: 286
329: 286
330: 267
331: 286
332: 285
333: 270
334: 266
335: 267
336: 269
337: 274
338: 272
339: 284
340: 283
341: 271
342: 272
343: 285
344: 278
345: 268
346: 275
347: 268
348: 287
349: 284
350: 280
351: 287
352: 266
353: 275
354: 279
355: 272
356: 285
357: 282
358: 275
359: 266
360: 270
361: 268
362: 278
363: 274
364: 280
365: 271
366: 271
367: 278
368: 274
369: 282
370: 287
371: 280
372: 287
373: 285
374: 271
375: 285
376: 272
377: 286
378: 279
379: 285
380: 264
381: 280
382: 270
383: 276
384: 276
385: 267
386: 279
387: 270
388: 269
389: 273
390: 274
391: 275
392: 268
393: 268
394: 273
395: 274
396: 282
397: 272
398: 280
399: 274
400: 281
401: 265
402: 267
403: 266
404: 270
405: 276
406: 264
407: 268
408: 286
409: 281
410: 274
411: 266
412: 270
413: 282
414: 273
415: 283
416: 280
417: 281
418: 264
419: 282
420: 272
421: 275
422: 281
423: 283
424: 268
425: 282
426: 287
427: 265
428: 272
429: 272
430: 270
431: 267
432: 277
433: 283
434: 264
435: 271
436: 284
437: 280
438: 273
439: 281
440: 282
441: 272
442: 267
443: 267
444: 268
445: 289
446: 289
447: 280
448: 269
449: 269
450: 282
451: 270
452: 274
453: 272
454: 274
455: 288
456: 265
457: 268
458: 276
459: 266
460: 264
461: 281
462: 265
463: 281
464: 265
465: 269
466: 283
467: 272
468: 271
469: 282
470: 269
471: 283
472: 280
473: 270
474: 279
475: 267
476: 264
477: 268
478: 266
479: 268
480: 268
481: 266
482: 284
483: 283
484: 287
485: 268
486: 268
487: 282
488: 281
489: 283
490: 283
491: 271
492: 270
493: 280
494: 270
495: 274
496: 280
497: 268
498: 271
499: 277
500: 272
