1: 311
2: 280
3: 293
4: 279
5: 279
6: 289
7: 289
8: 308
9: 304
10: 280
11: 307
12: 281
13: 307
14: 287
15: 292
16: 294
17: 295
18: 288
19: 296
20: 281
21: 294
22: 321
23: 294
24: 287
25: 288
26: 281
27: 298
28: 286
29: 281
30: 296
31: 287
32: 285
33: 317
34: 284
35: 286
36: 301
37: 308
38: 286
39: 319
40: 302
41: 299
42: 307
43: 300
44: 317
45: 308
46: 298
47: 280
48: 306
49: 305
50: 303
51: 298
52: 295
53: 299
54: 286
55: 302
56: 290
57: 287
58: 313
59: 303
60: 301
61: 285
62: 285
63: 286
64: 283
65: 286
66: 317
67: 301
68: 311
69: 279
70: 308
71: 278
72: 280
73: 291
74: 283
75: 299
76: 303
77: 314
78: 289
79: 311
80: 307
81: 282
82: 302
83: 287
84: 282
85: 313
86: 296
87: 280
88: 290
89: 290
90: 299
91: 283
92: 291
93: 306
94: 297
95: 299
96: 295
97: 286
98: 290
99: 312
100: 304
101: 314
102: 295
103: 306
104: 284
105: 277
106: 298
107: 309
108: 288
109: 280
110: 282
111: 280
112: 296
113: 285
114: 314
115: 309
116: 280
117: 312
118: 283
119: 277
120: 293
121: 312
122: 302
123: 308
124: 307
125: 281
126: 282
127: 290
128: 276
129: 292
130: 297
131: 292
132: 284
133: 293
134: 313
135: 283
136: 293
137: 280
138: 302
139: 304
140: 295
141: 283
142: 294
143: 284
144: 285
145: 280
146: 308
147: 307
148: 291
149: 297
150: 293
151: 294
152: 301
153: 317
154: 286
155: 296
156: 296
157: 292
158: 309
159: 298
160: 296
161: 311
162: 306
163: 286
164: 299
165: 314
166: 313
167: 282
168: 287
169: 296
170: 304
171: 283
172: 289
173: 302
174: 280
175: 308
176: 292
177: 307
178: 316
179: 305
180: 318
181: 310
182: 285
183: 290
184: 307
185: 300
186: 287
187: 278
188: 297
189: 285
190: 295
191: 307
192: 312
193: 317
194: 297
195: 282
196: 294
197: 316
198: 293
199: 280
200: 279
201: 281
202: 284
203: 288
204: 297
205: 297
206: 286
207: 319
208: 303
209: 296
210: 280
211: 298
212: 289
213: 295
214: 310
215: 316
216: 305
217: 279
218: 310
219: 281
220: 286
221: 287
222: 298
223: 312
224: 284
225: 317
226: 301
227: 307
228: 308
229: 287
230: 289
231: 292
232: 307
233: 283
234: 309
235: 295
236: 275
237: 278
238: 281
239: 296
240: 299
241: 293
242: 310
243: 277
244: 288
245: 286
246: 306
247: 274
248: 303
249: 298
250: 291
251: 279
252: 301
253: 302
254: 307
255: 282
256: 301
257: 303
258: 306
259: 293
260: 287
261: 286
262: 288
263: 289
264: 289
265: 280
266: 278
267: 301
268: 296
269: 283
270: 294
271: 278
272: 285
273: 303
274: 291
275: 285
276: 291
277: 291
278: 289
279: 309
280: 293
281: 301
282: 302
283: 304
284: 298
285: 282
286: 280
287: 300
288: 286
289: 281
290: 280
291: 296
292: 307
293: 282
294: 317
295: 294
296: 282
297: 284
298: 309
299: 298
300: 308
301: 306
302: 278
303: 285
304: 304
305: 290
306: 292
307: 295
308: 284
309: 311
310: 306
311: 274
312: 283
313: 279
314: 296
315: 291
316: 295
317: 299
318: 304
319: 276
320: 277
321: 307
322: 290
323: 315
324: 276
325: 304
326: 284
327: 305
328: 302
329: 294
330: 289
331: 280
332: 298
333: 276
334: 278
335: 307
336: 299
337: 288
338: 314
339: 309
340: 306
341: 295
342: 287
343: 285
344: 305
345: 308
346: 295
347: 287
348: 279
349: 307
350: 314
351: 303
352: 290
353: 287
354: 312
355: 296
356: 304
357: 300
358: 300
359: 275
360: 282
361: 282
362: 311
363: 295
364: 297
365: 279
366: 295
367: 291
368: 289
369: 292
370: 287
371: 287
372: 296
373: 303
374: 308
375: 306
376: 294
377: 294
378: 281
379: 311
380: 302
381: 288
382: 295
383: 287
384: 297
385: 306
386: 291
387: 286
388: 301
389: 288
390: 284
391: 290
392: 294
393: 284
394: 292
395: 304
396: 307
397: 284
398: 298
399: 274
400: 289
401: 299
402: 293
403: 292
404: 301
405: 311
406: 285
407: 306
408: 282
409: 295
410: 298
411: 275
412: 302
413: 305
414: 282
415: 277
416: 285
417: 313
418: 289
419: 306
420: 288
421: 282
422: 293
423: 277
424: 310
425: 303
426: 306
427: 280
428: 278
429: 281
430: 304
431: 287
432: 279
433: 292
434: 286
435: 306
436: 288
437: 277
438: 311
439: 305
440: 288
441: 283
442: 287
443: 301
444: 298
445: 297
446: 285
447: 306
448: 306
449: 285
450: 306
451: 311
452: 282
453: 287
454: 311
455: 310
456: 288
457: 282
458: 310
459: 296
460: 288
461: 275
462: 296
463: 285
464: 281
465: 308
466: 294
467: 285
468: 310
469: 294
470: 280
471: 309
472: 285
473: 277
474: 284
475: 306
476: 311
477: 280
478: 305
479: 288
480: 308
481: 308
482: 295
483: 291
484: 294
485: 288
486: 293
487: 308
488: 285
489: 288
490: 274
491: 296
492: 308
493: 303
494: 281
495: 279
496: 308
497: 285
498: 284
499: 304
500: 282
