0, 0, 0, 0.0, 0, 331.44081632653064
1, 18.408, 0.004, 5.055519999999999, 18.408, 311.1975510204082
2, 36.99, 0.004, 8.012720000000002, 36.99, 273.4995918367347
3, 60.332, 0.016, 15.500240000000003, 60.332, 251.27102040816325
4, 52.98, 0.012, 16.53571999999999, 60.332, 267.5804081632653
5, 47.36, 0.036, 19.978999999999992, 60.332, 258.3673469387755
6, 65.21, 0.154, 24.745159999999995, 65.21, 253.35673469387754
7, 72.506, 0.02, 24.201040000000003, 72.506, 275.43673469387755
8, 69.198, 0.032, 30.339479999999995, 72.506, 283.25714285714287
9, 72.382, 0.088, 30.63972, 72.506, 268.370612244898
10, 72.67, 0.092, 29.827280000000002, 72.67, 253.9061224489796
11, 67.66, 0.096, 34.30903999999999, 72.67, 209.54122448979592
12, 74.602, 0.012, 34.748039999999996, 74.602, 213.1730612244898
13, 75.186, 0.036, 34.49580000000001, 75.186, 214.9257142857143
14, 76.064, 0.016, 39.12380000000002, 76.064, 252.69142857142856
15, 73.268, 0.012, 36.25592, 76.064, 249.17142857142858
16, 72.566, 0.048, 34.84603999999999, 76.064, 288.24979591836734
17, 75.12, 0.016, 35.50940000000001, 76.064, 268.6497959183674
18, 76.696, 0.04, 37.84656, 76.696, 267.88326530612244
19, 70.716, 0.07, 33.60536, 76.696, 257.81714285714287
20, 73.594, 0.092, 34.029480000000014, 76.696, 274.0530612244898
21, 70.41, 0.06, 29.733519999999995, 76.696, 294.3673469387755
22, 74.272, 0.064, 36.30988, 76.696, 217.89469387755102
23, 69.914, 0.1, 38.08536, 76.696, 220.3795918367347
24, 71.906, 0.072, 41.239560000000004, 76.696, 273.6187755102041
25, 75.196, 0.066, 34.64144000000001, 76.696, 231.52
26, 77.548, 0.06, 38.96599999999998, 77.548, 250.92489795918368
27, 73.508, 0.004, 34.796800000000005, 77.548, 256.1102040816327
28, 71.698, 0.048, 39.646239999999985, 77.548, 240.30204081632652
29, 74.902, 0.02, 42.04459999999999, 77.548, 256.5355102040816
30, 74.604, 0.04, 34.777640000000005, 77.548, 279.4195918367347
31, 73.602, 0.024, 34.56999999999999, 77.548, 276.3910204081633
32, 74.144, 0.032, 26.28963999999999, 77.548, 265.3534693877551
33, 72.148, 0.1, 32.62907999999999, 77.548, 286.07020408163265
34, 71.14, 0.024, 32.59455999999999, 77.548, 293.4971428571429
35, 74.624, 0.004, 32.430479999999996, 77.548, 291.97632653061225
36, 79.84, 0.036, 36.312960000000004, 79.84, 282.7795918367347
37, 75.694, 0.016, 39.721239999999995, 79.84, 288.56734693877553
38, 74.96, 0.008, 35.580960000000005, 79.84, 282.23755102040815
39, 74.17, 0.064, 35.0852, 79.84, 285.66285714285715
40, 74.198, 0.0, 35.10428000000001, 79.84, 265.41224489795917
41, 72.112, 0.076, 32.35004000000001, 79.84, 256.429387755102
42, 78.612, 0.016, 38.921679999999995, 79.84, 274.41714285714284
43, 67.526, 0.044, 22.33732000000001, 79.84, 260.78122448979593
44, 73.862, 0.004, 31.724559999999993, 79.84, 258.61551020408166
45, 71.996, 0.012, 24.499039999999994, 79.84, 257.05795918367346
46, 76.462, 0.004, 36.90708, 79.84, 260.9044897959184
47, 75.762, 0.036, 35.35692000000002, 79.84, 257.3934693877551
48, 76.116, 0.08, 37.013520000000014, 79.84, 269.0587755102041
49, 66.548, 0.016, 29.801240000000007, 79.84, 281.1975510204082
50, 77.06, 0.032, 36.38352, 79.84, 285.6612244897959
51, 74.986, 0.048, 28.347960000000004, 79.84, 300.8742857142857
52, 70.738, 0.012, 23.678440000000005, 79.84, 295.96244897959184
53, 73.952, 0.112, 30.356280000000005, 79.84, 286.2155102040816
54, 73.452, 0.016, 30.01004, 79.84, 295.9224489795918
55, 74.898, 0.02, 36.128280000000004, 79.84, 308.9730612244898
56, 79.84, 0.02, 33.94436, 79.84, 277.09061224489795
57, 72.0, 0.02, 30.82148000000001, 79.84, 292.7942857142857
58, 74.544, 0.084, 27.24191999999999, 79.84, 288.7983673469388
59, 77.242, 0.034, 39.24644, 79.84, 258.930612244898
60, 79.002, 0.064, 33.19111999999999, 79.84, 247.3787755102041
61, 79.888, 0.008, 34.769, 79.888, 236.6261224489796
62, 71.994, 0.108, 35.176039999999986, 79.888, 249.60979591836735
63, 71.746, 0.048, 34.10228, 79.888, 276.4195918367347
64, 74.35, 0.086, 34.51307999999999, 79.888, 284.67673469387756
65, 76.762, 0.076, 31.389799999999994, 79.888, 267.6808163265306
66, 76.0, 0.024, 42.33164, 79.888, 265.35755102040815
67, 76.3, 0.072, 41.989000000000004, 79.888, 280.36163265306124
68, 75.44, 0.048, 43.36792000000001, 79.888, 276.22530612244896
69, 74.978, 0.004, 32.895120000000006, 79.888, 277.78530612244896
70, 68.474, 0.0, 24.711519999999986, 79.888, 280.8595918367347
71, 74.75, 0.004, 31.06160000000001, 79.888, 276.80163265306123
72, 72.322, 0.024, 40.85492000000001, 79.888, 276.6277551020408
73, 74.554, 0.016, 39.872440000000005, 79.888, 264.94204081632654
74, 74.052, 0.048, 32.51748, 79.888, 247.74938775510205
75, 81.274, 0.124, 36.385799999999996, 81.274, 247.50775510204082
76, 73.438, 0.072, 35.606, 81.274, 268.47020408163263
77, 74.278, 0.004, 41.02652, 81.274, 269.57551020408164
78, 71.068, 0.09, 31.816880000000005, 81.274, 253.1795918367347
79, 72.654, 0.052, 36.47523999999999, 81.274, 274.97877551020406
80, 79.92, 0.046, 38.07675999999999, 81.274, 260.5885714285714
81, 74.244, 0.04, 37.464040000000004, 81.274, 283.1795918367347
82, 74.456, 0.11, 31.33807999999999, 81.274, 296.9730612244898
83, 79.15, 0.012, 34.2892, 81.274, 280.985306122449
84, 68.474, 0.072, 29.389440000000008, 81.274, 289.1102040816327
85, 71.876, 0.116, 35.377840000000006, 81.274, 306.2465306122449
86, 75.414, 0.1, 36.50676000000001, 81.274, 317.06857142857143
87, 76.238, 0.094, 39.468199999999996, 81.274, 303.9044897959184
88, 70.776, 0.114, 33.50564, 81.274, 334.87510204081633
89, 75.104, 0.088, 34.35604, 81.274, 318.58367346938775
90, 71.528, 0.144, 36.44908, 81.274, 291.85469387755103
91, 77.94, 0.134, 32.85312000000002, 81.274, 338.48326530612246
92, 70.158, 0.134, 30.844120000000004, 81.274, 339.3861224489796
93, 66.75, 0.128, 22.59404, 81.274, 340.9983673469388
94, 77.28, 0.048, 39.38671999999998, 81.274, 314.84
95, 70.95, 0.144, 30.62832, 81.274, 302.8938775510204
96, 71.92, 0.108, 33.86535999999999, 81.274, 287.9869387755102
97, 78.114, 0.04, 40.82796, 81.274, 277.1020408163265
98, 73.768, 0.104, 35.486880000000006, 81.274, 289.71836734693875
99, 79.668, 0.138, 30.414319999999993, 81.274, 297.30285714285714
100, 73.524, 0.108, 36.35924, 81.274, 269.46938775510205
101, 72.63, 0.06, 35.882000000000005, 81.274, 265.21714285714285
102, 78.732, 0.134, 37.58648, 81.274, 295.51836734693876
103, 72.332, 0.116, 33.64376, 81.274, 286.38204081632654
104, 73.91, 0.004, 32.70544, 81.274, 315.21632653061226
105, 70.612, 0.114, 38.677640000000004, 81.274, 303.66530612244895
106, 76.93, 0.124, 38.57, 81.274, 272.1510204081633
107, 73.794, 0.12, 40.69428000000001, 81.274, 291.5126530612245
108, 76.174, 0.116, 38.20507999999999, 81.274, 293.4179591836735
109, 70.706, 0.118, 29.454960000000007, 81.274, 320.52489795918365
110, 69.356, 0.136, 35.74076, 81.274, 301.7844897959184
111, 72.726, 0.112, 42.55039999999999, 81.274, 307.49142857142857
112, 74.516, 0.136, 35.64584000000001, 81.274, 300.6661224489796
113, 76.08, 0.0, 35.29968, 81.274, 303.6130612244898
114, 73.728, 0.116, 32.69312000000001, 81.274, 292.1804081632653
115, 77.664, 0.13, 34.22635999999999, 81.274, 311.250612244898
116, 72.946, 0.12, 31.286439999999992, 81.274, 301.95428571428573
117, 72.232, 0.116, 37.37128, 81.274, 322.0204081632653
118, 80.356, 0.072, 32.70804, 81.274, 288.62204081632655
119, 76.748, 0.112, 34.19196, 81.274, 261.56734693877553
120, 74.166, 0.108, 36.34264, 81.274, 263.945306122449
121, 76.714, 0.124, 39.12980000000001, 81.274, 244.85551020408164
122, 67.76, 0.128, 37.57703999999999, 81.274, 251.80244897959184
123, 72.14, 0.13, 33.99820000000002, 81.274, 266.3036734693878
124, 73.64, 0.116, 41.05979999999997, 81.274, 236.55755102040817
125, 72.878, 0.02, 34.491440000000004, 81.274, 255.065306122449
126, 73.52, 0.134, 40.03699999999999, 81.274, 251.9134693877551
127, 73.17, 0.122, 42.42811999999998, 81.274, 249.75510204081633
128, 74.886, 0.132, 33.18752, 81.274, 234.1926530612245
129, 73.852, 0.11, 43.284400000000005, 81.274, 219.3542857142857
130, 70.044, 0.132, 37.61612, 81.274, 248.0416326530612
131, 72.276, 0.138, 32.891160000000006, 81.274, 262.96979591836737
132, 74.122, 0.004, 38.72404000000001, 81.274, 265.1526530612245
133, 73.822, 0.1, 20.733679999999996, 81.274, 276.50204081632654
134, 73.488, 0.112, 33.568479999999994, 81.274, 276.54448979591837
135, 69.184, 0.12, 23.935679999999987, 81.274, 332.9142857142857
136, 76.846, 0.114, 30.371799999999993, 81.274, 331.54285714285714
137, 72.902, 0.118, 32.718120000000006, 81.274, 303.2359183673469
138, 73.496, 0.132, 32.29124, 81.274, 284.41224489795917
139, 74.33, 0.136, 38.14220000000001, 81.274, 287.7738775510204
140, 70.108, 0.124, 36.605160000000005, 81.274, 293.7477551020408
141, 76.92, 0.124, 39.114560000000004, 81.274, 277.1102040816327
142, 73.71, 0.116, 32.411200000000015, 81.274, 282.7820408163265
143, 75.302, 0.08, 37.73872, 81.274, 302.8432653061225
144, 60.334, 0.128, 28.46116, 81.274, 304.6375510204082
145, 68.564, 0.044, 30.669960000000014, 81.274, 263.45551020408163
146, 71.66, 0.028, 30.127439999999993, 81.274, 267.4359183673469
147, 68.96, 0.136, 33.29419999999999, 81.274, 240.35020408163265
148, 71.582, 0.016, 41.06615999999999, 81.274, 208.53714285714287
149, 74.736, 0.134, 29.74412, 81.274, 231.64081632653063
150, 72.782, 0.02, 36.87631999999999, 81.274, 244.86612244897958
151, 75.24, 0.124, 30.828479999999995, 81.274, 262.01142857142855
152, 73.016, 0.2, 35.692199999999985, 81.274, 247.3265306122449
153, 73.25, 0.008, 36.14128000000001, 81.274, 243.90367346938777
154, 71.16, 0.028, 29.038280000000007, 81.274, 281.33306122448977
155, 78.364, 0.12, 35.09932, 81.274, 254.1330612244898
156, 79.088, 0.108, 33.05995999999999, 81.274, 246.43102040816328
157, 73.116, 0.116, 39.070240000000005, 81.274, 247.78204081632654
158, 72.146, 0.108, 37.38811999999999, 81.274, 238.23102040816326
159, 73.78, 0.128, 36.80871999999999, 81.274, 260.5991836734694
160, 73.37, 0.11, 32.168440000000004, 81.274, 242.61632653061224
161, 72.072, 0.128, 37.44976, 81.274, 228.00408163265305
162, 76.686, 0.016, 41.290919999999986, 81.274, 239.72897959183675
163, 73.194, 0.116, 37.195599999999985, 81.274, 259.1673469387755
164, 73.698, 0.124, 40.88644, 81.274, 263.2604081632653
165, 68.03, 0.136, 33.04944, 81.274, 246.0416326530612
166, 70.542, 0.112, 40.012919999999994, 81.274, 216.72163265306122
167, 73.64, 0.128, 38.43868, 81.274, 216.92897959183674
168, 72.242, 0.116, 39.03912, 81.274, 242.65224489795918
169, 69.4, 0.0, 28.832159999999995, 81.274, 245.19836734693877
170, 73.59, 0.136, 40.392999999999994, 81.274, 273.07591836734696
171, 71.386, 0.116, 36.29587999999999, 81.274, 265.89551020408163
172, 77.666, 0.052, 35.86448000000001, 81.274, 247.39020408163265
173, 75.024, 0.012, 40.071639999999995, 81.274, 248.7616326530612
174, 73.582, 0.116, 37.67144, 81.274, 236.67673469387756
175, 73.706, 0.064, 29.306839999999983, 81.274, 274.7804081632653
176, 41.274, 0.044, 16.3424, 81.274, 310.08897959183673
177, 50.77, 0.128, 19.759879999999995, 81.274, 313.5477551020408
178, 56.338, 0.028, 26.162759999999995, 81.274, 288.25959183673467
179, 64.268, 0.008, 29.637040000000002, 81.274, 277.36
180, 69.262, 0.002, 30.727119999999996, 81.274, 278.6326530612245
181, 67.988, 0.102, 33.369, 81.274, 291.89632653061227
182, 71.1, 0.012, 38.09660000000002, 81.274, 289.90530612244896
183, 75.004, 0.024, 40.292439999999985, 81.274, 273.74040816326533
184, 71.198, 0.148, 36.2666, 81.274, 264.4261224489796
185, 71.902, 0.112, 38.489079999999994, 81.274, 265.3526530612245
186, 71.476, 0.12, 37.50192, 81.274, 251.12326530612245
187, 75.484, 0.14, 34.15711999999999, 81.274, 292.36408163265304
188, 75.688, 0.124, 28.387160000000005, 81.274, 302.39591836734695
189, 72.92, 0.128, 33.968360000000004, 81.274, 271.5795918367347
190, 70.098, 0.008, 32.61528000000001, 81.274, 262.15020408163264
191, 69.76, 0.13, 31.812760000000008, 81.274, 281.0832653061224
192, 74.466, 0.052, 36.20592, 81.274, 260.68163265306123
193, 73.156, 0.168, 40.487, 81.274, 255.45632653061224
194, 56.764, 0.04, 28.67079999999999, 81.274, 282.29224489795916
195, 75.206, 0.142, 35.66668000000001, 81.274, 263.29795918367347
196, 54.09, 0.112, 23.18407999999999, 81.274, 247.52979591836734
197, 65.814, 0.164, 30.246399999999984, 81.274, 260.2987755102041
198, 72.602, 0.124, 36.89812, 81.274, 287.3404081632653
199, 73.578, 0.132, 30.69084000000001, 81.274, 245.22775510204082
200, 69.972, 0.112, 35.42444, 81.274, 272.6416326530612
201, 73.476, 0.132, 36.83024000000001, 81.274, 271.32897959183674
202, 72.962, 0.124, 34.257799999999996, 81.274, 304.64
203, 66.924, 0.12, 29.21412, 81.274, 297.3534693877551
204, 69.798, 0.128, 29.771599999999992, 81.274, 305.4595918367347
205, 68.284, 0.116, 23.950319999999998, 81.274, 294.43673469387755
206, 67.624, 0.136, 26.86888, 81.274, 267.67673469387756
207, 72.72, 0.122, 31.860919999999993, 81.274, 280.92
208, 71.618, 0.016, 32.03924000000001, 81.274, 254.59510204081633
209, 73.99, 0.128, 30.391800000000007, 81.274, 267.96
210, 74.504, 0.124, 35.84460000000001, 81.274, 265.9485714285714
211, 46.1, 0.024, 24.28163999999999, 81.274, 278.76081632653063
212, 69.092, 0.122, 29.848640000000003, 81.274, 309.5069387755102
213, 66.868, 0.124, 29.405520000000003, 81.274, 297.0726530612245
214, 74.702, 0.124, 28.512600000000006, 81.274, 280.12734693877553
215, 71.356, 0.102, 36.79164000000001, 81.274, 297.27183673469386
216, 75.53, 0.148, 41.000759999999985, 81.274, 292.96244897959184
217, 76.106, 0.048, 29.073400000000007, 81.274, 284.374693877551
218, 61.168, 0.138, 20.55659999999999, 81.274, 280.44244897959186
219, 75.84, 0.128, 28.468279999999982, 81.274, 257.2669387755102
220, 72.144, 0.148, 24.16940000000001, 81.274, 282.55102040816325
221, 77.334, 0.12, 27.04472, 81.274, 288.6473469387755
222, 69.992, 0.116, 21.517, 81.274, 280.99673469387756
223, 73.466, 0.124, 33.54632000000001, 81.274, 240.1526530612245
224, 73.504, 0.136, 36.086240000000004, 81.274, 256.1812244897959
225, 74.636, 0.138, 34.747080000000004, 81.274, 243.94857142857143
226, 73.934, 0.12, 27.05471999999998, 81.274, 257.30857142857144
227, 70.85, 0.134, 26.335799999999995, 81.274, 263.8432653061225
228, 73.34, 0.116, 34.718920000000004, 81.274, 251.17877551020408
229, 74.062, 0.148, 33.05463999999999, 81.274, 225.10857142857142
230, 73.358, 0.14, 36.72988, 81.274, 264.89632653061227
231, 78.182, 0.004, 34.01592, 81.274, 281.11918367346937
232, 75.478, 0.136, 31.124359999999996, 81.274, 255.85877551020408
233, 74.224, 0.06, 37.860440000000004, 81.274, 280.2008163265306
234, 73.204, 0.048, 31.08035999999999, 81.274, 276.570612244898
235, 75.402, 0.166, 41.47376000000001, 81.274, 249.44408163265305
236, 67.962, 0.134, 38.4698, 81.274, 230.19183673469388
237, 76.766, 0.164, 38.706480000000006, 81.274, 207.2008163265306
238, 74.462, 0.056, 36.39384000000001, 81.274, 278.81714285714287
239, 76.304, 0.16, 38.944480000000006, 81.274, 271.7069387755102
240, 74.102, 0.056, 40.67044, 81.274, 228.02693877551022
241, 76.216, 0.024, 40.411680000000004, 81.274, 268.40408163265306
242, 71.568, 0.068, 31.326560000000004, 81.274, 247.67183673469387
243, 72.296, 0.164, 33.01376, 81.274, 266.2465306122449
244, 78.014, 0.02, 38.323, 81.274, 302.9248979591837
245, 69.364, 0.16, 39.34064, 81.274, 285.11673469387756
246, 64.278, 0.0, 25.960759999999997, 81.274, 278.40408163265306
247, 60.92, 0.036, 28.262919999999998, 81.274, 284.73061224489794
248, 76.878, 0.064, 32.37952, 81.274, 298.7681632653061
249, 67.694, 0.098, 30.032559999999993, 81.274, 289.50938775510207
250, 74.462, 0.146, 26.186599999999995, 81.274, 282.24897959183676
251, 76.498, 0.008, 36.28235999999999, 81.274, 305.15591836734694
252, 73.56, 0.064, 35.56087999999999, 81.274, 308.05632653061224
253, 75.22, 0.032, 39.0014, 81.274, 278.2751020408163
254, 75.452, 0.064, 41.54344000000001, 81.274, 285.34285714285716
255, 74.846, 0.052, 41.859519999999996, 81.274, 266.9020408163265
256, 76.12, 0.0, 37.61860000000001, 81.274, 266.74204081632655
257, 74.428, 0.02, 43.24131999999999, 81.274, 283.5665306122449
258, 77.746, 0.0, 39.61028, 81.274, 282.9812244897959
259, 71.874, 0.028, 37.86968000000001, 81.274, 273.2808163265306
260, 76.272, 0.028, 42.078280000000014, 81.274, 265.5257142857143
261, 71.246, 0.056, 34.76524, 81.274, 283.8408163265306
262, 75.688, 0.042, 41.13656, 81.274, 278.9289795918367
263, 69.904, 0.008, 35.85096000000001, 81.274, 260.18285714285713
264, 72.832, 0.03, 38.81388, 81.274, 319.1265306122449
265, 72.248, 0.036, 31.26984000000001, 81.274, 287.6718367346939
266, 76.996, 0.024, 30.14523999999999, 81.274, 290.2644897959184
267, 80.066, 0.012, 33.94112000000001, 81.274, 334.59755102040816
268, 71.994, 0.004, 27.51848, 81.274, 298.3648979591837
269, 74.024, 0.008, 33.165679999999995, 81.274, 315.5191836734694
270, 73.626, 0.04, 33.61532000000001, 81.274, 307.7795918367347
271, 72.046, 0.0, 34.55552000000001, 81.274, 299.84
272, 72.286, 0.02, 36.68688, 81.274, 300.4848979591837
273, 73.248, 0.054, 32.61780000000001, 81.274, 307.92163265306124
274, 70.854, 0.028, 39.02508000000001, 81.274, 309.4465306122449
275, 71.58, 0.02, 35.762800000000006, 81.274, 287.4473469387755
276, 72.728, 0.008, 36.74492, 81.274, 266.825306122449
277, 73.448, 0.012, 40.664840000000005, 81.274, 298.42204081632656
278, 64.354, 0.02, 28.57228000000001, 81.274, 298.8326530612245
279, 76.208, 0.016, 33.221640000000015, 81.274, 337.6555102040816
280, 73.602, 0.008, 27.63164, 81.274, 321.79755102040815
281, 74.262, 0.004, 28.809079999999994, 81.274, 287.2481632653061
282, 69.448, 0.012, 28.698759999999993, 81.274, 299.7665306122449
283, 75.968, 0.016, 26.596880000000002, 81.274, 329.5983673469388
284, 72.91, 0.008, 34.667639999999984, 81.274, 313.8187755102041
285, 74.95, 0.148, 34.88828, 81.274, 333.13142857142856
286, 74.64, 0.032, 28.59855999999999, 81.274, 314.0718367346939
287, 73.356, 0.164, 30.89208, 81.274, 302.5869387755102
288, 79.302, 0.0, 38.80212000000002, 81.274, 286.56734693877553
289, 73.912, 0.016, 36.21775999999999, 81.274, 288.09632653061226
290, 69.394, 0.01, 32.76184, 81.274, 264.5991836734694
291, 73.846, 0.008, 33.745920000000005, 81.274, 263.33632653061227
292, 77.724, 0.004, 39.64847999999999, 81.274, 296.47102040816327
293, 76.952, 0.024, 37.2996, 81.274, 264.9485714285714
294, 74.29, 0.016, 37.49268000000001, 81.274, 301.2530612244898
295, 76.96, 0.008, 36.65315999999999, 81.274, 275.39673469387753
296, 76.65, 0.012, 30.66072, 81.274, 276.2448979591837
297, 72.492, 0.018, 24.85508, 81.274, 265.7330612244898
298, 73.586, 0.004, 29.193639999999988, 81.274, 281.29061224489794
299, 75.302, 0.0, 29.74436, 81.274, 304.44897959183675
300, 69.526, 0.008, 35.316639999999985, 81.274, 314.10448979591837
301, 76.87, 0.008, 31.91548, 81.274, 258.9608163265306
302, 69.188, 0.008, 30.533119999999993, 81.274, 294.7061224489796
303, 72.576, 0.004, 38.157119999999985, 81.274, 258.55673469387756
304, 80.482, 0.016, 34.47448000000001, 81.274, 254.36326530612246
305, 73.378, 0.008, 36.748479999999994, 81.274, 269.36408163265304
306, 73.53, 0.0, 35.61035999999999, 81.274, 249.75183673469388
307, 73.28, 0.0, 31.885599999999997, 81.274, 268.37142857142857
308, 70.114, 0.0, 38.52588000000001, 81.274, 255.44571428571427
309, 76.446, 0.008, 45.97467999999997, 81.274, 275.6375510204082
310, 71.564, 0.004, 31.390679999999993, 81.274, 248.05714285714285
311, 70.196, 0.012, 39.18327999999999, 81.274, 270.48979591836735
312, 73.428, 0.004, 36.91892000000001, 81.274, 292.5175510204082
313, 71.782, 0.004, 34.03215999999999, 81.274, 265.74285714285713
314, 70.398, 0.004, 38.04796000000002, 81.274, 287.5379591836735
315, 75.044, 0.0, 28.172600000000006, 81.274, 268.5820408163265
316, 72.374, 0.008, 26.621720000000003, 81.274, 310.21714285714285
317, 74.526, 0.004, 31.106999999999992, 81.274, 297.04816326530613
318, 76.108, 0.004, 36.054159999999996, 81.274, 293.9836734693878
319, 74.586, 0.0, 32.07587999999999, 81.274, 268.06367346938777
320, 70.256, 0.0, 33.08024000000001, 81.274, 270.55020408163267
321, 70.95, 0.004, 35.936719999999994, 81.274, 294.80571428571426
322, 70.606, 0.0, 34.85696, 81.274, 285.4873469387755
323, 71.342, 0.004, 35.624320000000004, 81.274, 257.72816326530614
324, 68.262, 0.0, 34.308040000000005, 81.274, 273.48163265306124
325, 77.156, 0.0, 39.175399999999996, 81.274, 269.1338775510204
326, 69.568, 0.0, 32.69148, 81.274, 239.19591836734693
327, 70.974, 0.0, 32.690400000000004, 81.274, 270.6702040816327
328, 77.166, 0.0, 29.784400000000016, 81.274, 275.9510204081633
329, 73.368, 0.004, 26.22427999999999, 81.274, 285.59020408163263
330, 77.876, 0.012, 22.823320000000002, 81.274, 241.67755102040817
331, 70.93, 0.008, 26.25068, 81.274, 246.40571428571428
332, 67.408, 0.076, 35.46228, 81.274, 309.02285714285716
333, 77.882, 0.0, 30.626800000000006, 81.274, 258.5983673469388
334, 74.232, 0.004, 29.282879999999995, 81.274, 309.9869387755102
335, 74.33, 0.008, 32.465239999999994, 81.274, 278.22530612244896
336, 73.656, 0.004, 36.67036, 81.274, 223.86285714285714
337, 72.086, 0.004, 41.37772, 81.274, 221.10448979591837
338, 72.44, 0.0, 38.47392, 81.274, 267.00489795918367
339, 66.978, 0.0, 31.159679999999994, 81.274, 241.0873469387755
340, 74.718, 0.0, 30.850119999999997, 81.274, 237.85551020408164
341, 70.914, 0.0, 25.94711999999999, 81.274, 249.58938775510205
342, 69.702, 0.004, 29.683559999999993, 81.274, 224.3657142857143
343, 77.25, 0.0, 38.95044, 81.274, 230.44326530612244
344, 72.12, 0.0, 37.18463999999999, 81.274, 274.4726530612245
345, 73.946, 0.0, 38.06328, 81.274, 233.8277551020408
346, 78.436, 0.012, 44.576360000000015, 81.274, 249.22204081632654
347, 75.25, 0.012, 43.46567999999999, 81.274, 226.7608163265306
348, 73.832, 0.008, 37.33036, 81.274, 297.60326530612247
349, 74.58, 0.008, 37.29255999999999, 81.274, 273.25795918367345
350, 72.466, 0.016, 30.592040000000008, 81.274, 237.5926530612245
351, 68.588, 0.012, 40.69760000000001, 81.274, 228.58938775510205
352, 72.978, 0.004, 25.932320000000004, 81.274, 243.77795918367346
353, 72.136, 0.012, 33.75900000000001, 81.274, 258.454693877551
354, 72.47, 0.008, 33.58404, 81.274, 216.71510204081633
355, 74.154, 0.008, 40.453160000000004, 81.274, 224.39591836734695
356, 73.126, 0.004, 35.766119999999994, 81.274, 232.38122448979593
357, 79.822, 0.004, 41.21568, 81.274, 236.56408163265306
358, 66.21, 0.152, 32.56312, 81.274, 256.9575510204082
359, 65.238, 0.004, 29.158440000000013, 81.274, 256.36
360, 74.194, 0.004, 32.047639999999994, 81.274, 243.4522448979592
361, 73.712, 0.004, 26.84699999999999, 81.274, 241.5795918367347
362, 75.102, 0.0, 34.180159999999994, 81.274, 257.4873469387755
363, 73.508, 0.004, 25.02283999999999, 81.274, 241.07836734693876
364, 75.342, 0.004, 32.06347999999999, 81.274, 257.3934693877551
365, 75.05, 0.0, 26.011840000000003, 81.274, 246.30938775510205
366, 74.056, 0.004, 24.846719999999994, 81.274, 237.48326530612246
367, 76.76, 0.0, 28.44204, 81.274, 221.21632653061224
368, 74.352, 0.008, 37.252039999999994, 81.274, 224.0212244897959
369, 65.332, 0.0, 28.139479999999985, 81.274, 240.05551020408163
370, 70.9, 0.0, 34.25692, 81.274, 251.41387755102042
371, 72.09, 0.0, 32.42895999999999, 81.274, 240.0987755102041
372, 70.344, 0.0, 29.851839999999996, 81.274, 262.51673469387754
373, 72.752, 0.006, 30.461200000000012, 81.274, 243.46367346938774
374, 69.032, 0.0, 29.39183999999999, 81.274, 234.00244897959183
375, 74.302, 0.0, 28.51012, 81.274, 233.5673469387755
376, 73.738, 0.0, 30.080080000000013, 81.274, 252.83591836734695
377, 78.69, 0.004, 30.75099999999999, 81.274, 262.73632653061225
378, 73.162, 0.0, 26.81199999999999, 81.274, 238.58938775510205
379, 76.132, 0.0, 23.567959999999992, 81.274, 237.80816326530612
380, 75.902, 0.12, 26.24636, 81.274, 294.77714285714285
381, 73.324, 0.0, 25.32108000000001, 81.274, 261.04326530612246
382, 71.774, 0.0, 33.91695999999999, 81.274, 266.62857142857143
383, 70.128, 0.004, 32.379279999999994, 81.274, 245.48
384, 72.188, 0.008, 37.852999999999994, 81.274, 237.85551020408164
385, 73.724, 0.004, 38.24803999999999, 81.274, 262.4334693877551
386, 68.484, 0.14, 36.51551999999999, 81.274, 280.67918367346937
387, 70.406, 0.004, 31.828040000000005, 81.274, 283.63020408163266
388, 72.612, 0.004, 32.47372000000001, 81.274, 264.72
389, 76.456, 0.0, 28.396119999999982, 81.274, 293.76081632653063
390, 77.094, 0.0, 19.26688, 81.274, 292.27836734693875
391, 74.168, 0.0, 36.85232, 81.274, 281.9322448979592
392, 70.596, 0.008, 36.095200000000006, 81.274, 311.5257142857143
393, 73.008, 0.14, 36.584119999999984, 81.274, 299.23755102040815
394, 74.436, 0.0, 35.46880000000001, 81.274, 258.88489795918366
395, 73.138, 0.0, 41.46503999999998, 81.274, 272.99755102040814
396, 75.38, 0.004, 27.934, 81.274, 262.4522448979592
397, 74.922, 0.0, 35.67267999999999, 81.274, 288.9085714285714
398, 76.276, 0.076, 33.81656, 81.274, 335.5069387755102
399, 71.848, 0.012, 32.439679999999996, 81.274, 327.8595918367347
400, 68.552, 0.004, 30.390279999999997, 81.274, 308.1714285714286
401, 75.67, 0.0, 41.34359999999999, 81.274, 319.7355102040816
402, 74.766, 0.0, 42.00124000000001, 81.274, 293.7469387755102
403, 80.552, 0.004, 40.9632, 81.274, 291.5355102040816
404, 73.296, 0.004, 29.765280000000008, 81.274, 280.0628571428571
405, 74.202, 0.0, 29.00792, 81.274, 273.8212244897959
406, 71.718, 0.008, 36.21452, 81.274, 285.95591836734695
407, 72.354, 0.0, 32.79296, 81.274, 297.8489795918367
408, 75.678, 0.004, 36.02507999999998, 81.274, 303.68979591836734
409, 74.87, 0.004, 36.67912, 81.274, 306.5665306122449
410, 73.396, 0.0, 36.74236, 81.274, 293.67510204081634
411, 71.294, 0.004, 41.28716, 81.274, 299.4530612244898
412, 72.712, 0.008, 28.921799999999998, 81.274, 286.7738775510204
413, 63.188, 0.0, 29.176080000000002, 81.274, 288.4604081632653
414, 67.522, 0.004, 32.01472, 81.274, 284.1420408163265
415, 74.48, 0.004, 35.35755999999999, 81.274, 273.4767346938776
416, 77.13, 0.004, 37.73571999999999, 81.274, 283.3191836734694
417, 74.06, 0.0, 29.875360000000015, 81.274, 292.31102040816324
418, 77.326, 0.0, 30.392239999999983, 81.274, 275.749387755102
419, 78.342, 0.004, 34.14436000000001, 81.274, 296.6204081632653
420, 78.19, 0.0, 33.3008, 81.274, 291.64408163265307
421, 64.444, 0.004, 22.88124, 81.274, 298.73795918367347
422, 75.81, 0.0, 39.01255999999999, 81.274, 295.89306122448977
423, 72.188, 0.146, 28.242320000000014, 81.274, 315.0163265306122
424, 70.854, 0.0, 32.11543999999999, 81.274, 305.5265306122449
425, 68.146, 0.004, 27.59175999999998, 81.274, 301.86204081632656
426, 76.9, 0.0, 28.51895999999999, 81.274, 312.01061224489797
427, 77.314, 0.0, 33.51111999999999, 81.274, 308.8669387755102
428, 74.326, 0.0, 30.42347999999999, 81.274, 312.0595918367347
429, 76.166, 0.004, 40.44319999999999, 81.274, 296.2530612244898
430, 74.792, 0.0, 35.4244, 81.274, 278.51673469387754
431, 69.362, 0.004, 36.80763999999997, 81.274, 293.2808163265306
432, 76.368, 0.0, 37.3082, 81.274, 315.6857142857143
433, 70.43, 0.004, 39.92847999999999, 81.274, 318.88244897959186
434, 72.844, 0.004, 31.295559999999995, 81.274, 295.1134693877551
435, 74.724, 0.008, 38.416439999999994, 81.274, 252.9804081632653
436, 74.092, 0.004, 37.08316000000001, 81.274, 269.43102040816325
437, 72.246, 0.0, 41.2454, 81.274, 250.69061224489795
438, 81.238, 0.0, 39.04972, 81.274, 249.51591836734693
439, 77.196, 0.004, 36.24752, 81.274, 238.8138775510204
440, 65.524, 0.008, 24.793760000000002, 81.274, 237.75673469387755
441, 74.44, 0.008, 37.58371999999999, 81.274, 244.36408163265307
442, 72.712, 0.004, 36.32224, 81.274, 263.63836734693876
443, 74.172, 0.0, 36.76076, 81.274, 262.57142857142856
444, 78.354, 0.0, 34.51183999999998, 81.274, 251.38448979591837
445, 75.914, 0.008, 37.49284, 81.274, 251.2261224489796
446, 74.44, 0.004, 39.251599999999996, 81.274, 269.3142857142857
447, 74.512, 0.0, 34.01107999999999, 81.274, 286.53877551020406
448, 72.818, 0.008, 35.90000000000001, 81.274, 315.4179591836735
449, 64.064, 0.0, 27.467399999999994, 81.274, 284.08816326530615
450, 76.742, 0.004, 35.122240000000005, 81.274, 299.28816326530614
451, 75.214, 0.002, 37.553839999999994, 81.274, 276.8677551020408
452, 72.252, 0.008, 32.272, 81.274, 292.55020408163267
453, 67.06, 0.016, 29.28616, 81.274, 281.7461224489796
454, 71.246, 0.0, 43.45391999999999, 81.274, 308.22530612244896
455, 72.968, 0.004, 35.82695999999999, 81.274, 302.0016326530612
456, 70.656, 0.0, 26.567439999999998, 81.274, 285.73795918367347
457, 53.534, 0.0, 20.384279999999993, 81.274, 339.24408163265304
458, 65.164, 0.004, 21.992239999999995, 81.274, 316.2073469387755
459, 68.332, 0.0, 29.082040000000003, 81.274, 362.7861224489796
460, 71.98, 0.004, 32.65415999999998, 81.274, 330.1330612244898
461, 71.354, 0.0, 27.051640000000003, 81.274, 317.20489795918365
462, 74.948, 0.0, 31.602279999999997, 81.274, 306.9102040816326
463, 74.568, 0.0, 29.550400000000003, 81.274, 332.50204081632654
464, 74.276, 0.008, 31.93228000000001, 81.274, 349.33714285714285
465, 73.506, 0.0, 30.783359999999988, 81.274, 320.87020408163266
466, 71.512, 0.004, 25.71251999999999, 81.274, 309.5559183673469
467, 75.434, 0.004, 36.62779999999999, 81.274, 293.72244897959183
468, 76.914, 0.004, 32.40764, 81.274, 274.7877551020408
469, 74.176, 0.004, 33.69483999999999, 81.274, 249.4277551020408
470, 73.188, 0.04, 29.50576, 81.274, 247.06285714285715
471, 72.724, 0.146, 37.13648000000001, 81.274, 247.74857142857144
472, 68.0, 0.168, 34.631359999999994, 81.274, 249.55755102040817
473, 76.454, 0.0, 37.260200000000005, 81.274, 271.42448979591836
474, 68.878, 0.162, 27.48952, 81.274, 274.37551020408165
475, 82.818, 0.152, 37.83012000000001, 82.818, 295.77877551020407
476, 69.468, 0.13, 30.17103999999999, 82.818, 299.06448979591835
477, 80.156, 0.124, 37.843120000000006, 82.818, 263.574693877551
478, 70.354, 0.15, 37.47880000000001, 82.818, 296.9273469387755
479, 70.804, 0.016, 28.208120000000005, 82.818, 285.66938775510204
480, 72.544, 0.072, 34.713359999999994, 82.818, 271.7616326530612
481, 75.872, 0.0, 35.20584000000001, 82.818, 321.50204081632654
482, 76.068, 0.136, 32.78864000000001, 82.818, 290.40979591836737
483, 79.03, 0.17, 40.68248, 82.818, 292.9273469387755
484, 77.902, 0.092, 35.660480000000014, 82.818, 301.6987755102041
485, 71.698, 0.086, 35.47072000000001, 82.818, 333.19265306122446
486, 73.198, 0.064, 37.06899999999999, 82.818, 269.0408163265306
487, 76.304, 0.156, 40.46515999999999, 82.818, 243.50367346938776
488, 75.75, 0.144, 27.896000000000008, 82.818, 242.10857142857142
489, 67.386, 0.152, 26.268079999999983, 82.818, 261.41469387755103
490, 73.18, 0.108, 36.7312, 82.818, 264.24979591836734
491, 79.122, 0.1, 30.46512, 82.818, 299.2408163265306
492, 75.526, 0.08, 33.86643999999998, 82.818, 285.1567346938775
493, 73.494, 0.008, 29.887679999999992, 82.818, 311.2873469387755
494, 74.016, 0.06, 25.327399999999997, 82.818, 351.95673469387754
495, 75.76, 0.012, 26.125160000000005, 82.818, 376.8048979591837
496, 75.592, 0.124, 24.03888000000001, 82.818, 361.75265306122446
497, 69.908, 0.014, 27.29568, 82.818, 278.25142857142856
498, 71.6, 0.06, 33.611399999999996, 82.818, 268.6620408163265
499, 71.162, 0.004, 30.767200000000003, 82.818, 259.2465306122449
500, 73.64, 0.14, 27.43235999999999, 82.818, 268.51020408163265
501, 74.138, 0.008, 33.632720000000006, 82.818, 244.67836734693878
502, 73.776, 0.16, 36.506, 82.818, 253.97469387755103
503, 77.16, 0.152, 35.12316, 82.818, 273.80897959183676
504, 70.966, 0.12, 26.492360000000005, 82.818, 276.74857142857144
505, 76.894, 0.004, 36.07976, 82.818, 275.92
506, 73.65, 0.16, 33.63159999999999, 82.818, 293.4530612244898
507, 76.73, 0.004, 36.38344, 82.818, 224.7869387755102
508, 79.214, 0.14, 36.53316000000001, 82.818, 237.60489795918366
509, 74.806, 0.04, 32.58284000000001, 82.818, 262.91510204081635
510, 81.93, 0.146, 41.021440000000005, 82.818, 263.4587755102041
511, 77.618, 0.14, 41.605760000000004, 82.818, 246.4130612244898
512, 77.922, 0.004, 41.52628, 82.818, 270.99673469387756
513, 73.142, 0.08, 38.545320000000004, 82.818, 302.9575510204082
514, 73.412, 0.146, 36.10567999999999, 82.818, 309.75673469387755
515, 70.16, 0.16, 37.01252000000001, 82.818, 294.6677551020408
516, 74.4, 0.156, 34.784639999999996, 82.818, 290.38367346938776
517, 75.982, 0.156, 36.15495999999998, 82.818, 276.6922448979592
518, 70.45, 0.004, 33.95548, 82.818, 280.2742857142857
519, 66.23, 0.144, 31.837360000000004, 82.818, 271.17795918367347
520, 74.576, 0.142, 43.12387999999999, 82.818, 266.36408163265304
521, 75.134, 0.056, 36.54832000000001, 82.818, 256.5787755102041
522, 76.838, 0.06, 42.61435999999999, 82.818, 238.91183673469388
523, 73.146, 0.154, 34.5906, 82.818, 218.38204081632654
524, 76.684, 0.166, 38.574, 82.818, 280.7469387755102
525, 68.71, 0.16, 31.74388000000002, 82.818, 273.17632653061224
526, 78.394, 0.004, 27.875639999999997, 82.818, 292.2424489795918
527, 69.452, 0.008, 31.20484, 82.818, 279.0612244897959
528, 73.166, 0.0, 34.714719999999986, 82.818, 260.68163265306123
529, 78.282, 0.128, 33.999559999999995, 82.818, 275.6530612244898
530, 75.072, 0.144, 24.368880000000008, 82.818, 271.47591836734694
531, 74.794, 0.152, 33.75644000000001, 82.818, 266.2848979591837
532, 76.49, 0.004, 34.52251999999999, 82.818, 310.86857142857144
533, 76.338, 0.164, 33.03344, 82.818, 298.0873469387755
534, 61.334, 0.134, 23.699319999999997, 82.818, 271.50938775510207
535, 72.704, 0.068, 26.275560000000006, 82.818, 255.33877551020407
536, 74.642, 0.14, 32.34708, 82.818, 239.32979591836735
537, 73.19, 0.008, 35.76832000000001, 82.818, 253.9387755102041
538, 71.04, 0.0, 39.40020000000001, 82.818, 238.55346938775511
539, 79.192, 0.16, 18.269, 82.818, 234.29387755102042
540, 76.966, 0.096, 22.5214, 82.818, 247.32897959183674
541, 74.15, 0.136, 12.974080000000004, 82.818, 229.77224489795918
542, 70.124, 0.144, 30.88724, 82.818, 255.91510204081632
543, 76.94, 0.156, 38.260360000000006, 82.818, 203.45469387755102
544, 76.628, 0.004, 33.29983999999999, 82.818, 258.5861224489796
545, 74.352, 0.154, 21.94655999999999, 82.818, 257.6538775510204
546, 74.804, 0.144, 21.436599999999995, 82.818, 256.8465306122449
547, 65.088, 0.04, 23.057680000000005, 82.818, 261.5942857142857
548, 79.568, 0.148, 41.754680000000015, 82.818, 265.5657142857143
549, 76.196, 0.16, 39.83112, 82.818, 257.49387755102043
550, 73.71, 0.008, 40.17504, 82.818, 291.94204081632654
551, 75.738, 0.138, 39.77331999999999, 82.818, 285.5583673469388
552, 71.008, 0.136, 36.336000000000006, 82.818, 265.8897959183673
553, 68.796, 0.136, 36.13535999999999, 82.818, 249.56244897959184
554, 78.572, 0.15, 36.642759999999996, 82.818, 252.51265306122448
555, 75.47, 0.148, 36.19315999999999, 82.818, 227.43428571428572
556, 72.594, 0.132, 41.82040000000001, 82.818, 232.9861224489796
557, 75.224, 0.144, 42.37312000000001, 82.818, 257.0791836734694
558, 75.462, 0.156, 38.04224, 82.818, 264.25959183673467
559, 76.758, 0.004, 40.85848000000001, 82.818, 286.8857142857143
560, 71.964, 0.004, 32.608200000000004, 82.818, 261.3240816326531
561, 74.266, 0.144, 36.5504, 82.818, 263.49387755102043
562, 72.54, 0.008, 39.05612000000001, 82.818, 275.39428571428573
563, 74.656, 0.004, 37.23284, 82.818, 252.96897959183673
564, 77.25, 0.148, 41.047599999999996, 82.818, 287.14285714285717
565, 76.444, 0.132, 33.06343999999998, 82.818, 269.3036734693878
566, 74.842, 0.036, 41.699719999999985, 82.818, 272.6759183673469
567, 79.442, 0.15, 37.89276000000001, 82.818, 276.71591836734694
568, 81.554, 0.096, 34.481, 82.818, 288.1795918367347
569, 74.588, 0.136, 41.075239999999994, 82.818, 285.1404081632653
570, 77.378, 0.144, 41.59848000000001, 82.818, 278.33632653061227
571, 73.606, 0.136, 39.364319999999985, 82.818, 262.30448979591836
572, 75.228, 0.112, 37.76248000000001, 82.818, 310.0718367346939
573, 77.94, 0.128, 35.19804, 82.818, 285.5616326530612
574, 74.356, 0.156, 37.60779999999999, 82.818, 282.4057142857143
575, 76.15, 0.124, 42.734840000000005, 82.818, 239.11755102040817
576, 77.954, 0.142, 36.68616000000001, 82.818, 227.27673469387756
577, 75.992, 0.152, 38.00024, 82.818, 257.8416326530612
578, 78.092, 0.146, 38.21452, 82.818, 259.51673469387754
579, 66.554, 0.148, 34.88951999999999, 82.818, 274.105306122449
580, 71.904, 0.02, 34.843039999999995, 82.818, 300.12734693877553
581, 71.76, 0.04, 29.62019999999999, 82.818, 319.50367346938776
582, 72.876, 0.144, 29.242399999999996, 82.818, 307.10938775510203
583, 73.714, 0.152, 28.054319999999997, 82.818, 288.4742857142857
584, 73.338, 0.058, 29.674879999999998, 82.818, 279.9689795918367
585, 73.202, 0.138, 33.545959999999994, 82.818, 301.9673469387755
586, 71.498, 0.148, 29.61024000000001, 82.818, 269.54938775510203
587, 66.776, 0.056, 32.13796, 82.818, 258.9069387755102
588, 73.392, 0.128, 31.431439999999988, 82.818, 283.59183673469386
589, 80.272, 0.14, 32.9412, 82.818, 308.0930612244898
590, 72.138, 0.15, 27.236200000000004, 82.818, 315.8024489795918
591, 76.856, 0.12, 33.937639999999995, 82.818, 299.92326530612246
592, 78.944, 0.04, 32.80676, 82.818, 298.0734693877551
593, 68.294, 0.036, 33.39124000000001, 82.818, 274.64408163265307
594, 76.36, 0.012, 36.85136, 82.818, 266.97632653061225
595, 79.838, 0.024, 39.080479999999994, 82.818, 270.26204081632653
596, 73.534, 0.074, 39.29160000000001, 82.818, 283.0914285714286
597, 72.084, 0.028, 39.975719999999995, 82.818, 287.0122448979592
598, 72.996, 0.02, 34.99547999999998, 82.818, 309.5273469387755
599, 75.98, 0.012, 37.16496000000001, 82.818, 299.56244897959186
600, 76.524, 0.056, 33.12736000000002, 82.818, 289.60571428571427
601, 75.794, 0.07, 37.64876, 82.818, 265.0220408163265
602, 76.006, 0.036, 28.45152000000001, 82.818, 297.52
603, 72.624, 0.056, 30.016599999999997, 82.818, 292.2644897959184
604, 76.1, 0.038, 33.8746, 82.818, 335.2873469387755
605, 76.612, 0.128, 34.665760000000006, 82.818, 285.9191836734694
606, 73.764, 0.078, 31.065920000000002, 82.818, 246.87591836734694
607, 79.13, 0.048, 35.71283999999999, 82.818, 282.36571428571426
608, 73.912, 0.008, 31.425080000000015, 82.818, 323.08816326530615
609, 71.674, 0.126, 42.56252000000002, 82.818, 293.9265306122449
610, 74.916, 0.032, 36.180200000000006, 82.818, 298.41632653061225
611, 71.444, 0.036, 32.80608, 82.818, 272.02530612244897
612, 74.916, 0.026, 38.92656, 82.818, 262.9812244897959
613, 70.234, 0.008, 35.499520000000004, 82.818, 281.36897959183676
614, 76.824, 0.0, 35.31816000000001, 82.818, 297.2644897959184
615, 76.426, 0.024, 32.88012, 82.818, 279.8669387755102
616, 79.906, 0.016, 29.116879999999995, 82.818, 309.8130612244898
617, 78.914, 0.02, 35.8636, 82.818, 283.82204081632653
618, 70.212, 0.034, 28.123599999999996, 82.818, 318.25551020408165
