1: 401
2: 400
3: 400
4: 399
5: 400
6: 400
7: 400
8: 401
9: 401
10: 401
11: 401
12: 400
13: 400
14: 399
15: 400
16: 400
17: 400
18: 400
19: 401
20: 402
21: 401
22: 401
23: 401
24: 401
25: 401
26: 401
27: 399
28: 401
29: 400
30: 400
31: 400
32: 401
33: 401
34: 399
35: 400
36: 400
37: 401
38: 399
39: 400
40: 400
41: 401
42: 399
43: 400
44: 400
45: 401
46: 401
47: 401
48: 401
49: 401
50: 401
51: 400
52: 401
53: 400
54: 401
55: 400
56: 401
57: 400
58: 401
59: 401
60: 401
61: 401
62: 401
63: 401
64: 401
65: 401
66: 401
67: 401
68: 400
69: 401
70: 399
71: 401
72: 401
73: 402
74: 401
75: 401
76: 401
77: 400
78: 400
79: 399
80: 402
81: 401
82: 400
83: 399
84: 402
85: 401
86: 400
87: 400
88: 402
89: 402
90: 401
91: 402
92: 402
93: 402
94: 401
95: 401
96: 401
97: 403
98: 402
99: 402
100: 402
101: 401
102: 400
103: 401
104: 402
105: 401
106: 401
107: 401
108: 401
109: 399
110: 399
111: 401
112: 399
113: 399
114: 401
115: 401
116: 399
117: 400
118: 401
119: 400
120: 399
121: 400
122: 400
123: 400
124: 399
125: 402
126: 400
127: 399
128: 400
129: 401
130: 401
131: 400
132: 402
133: 401
134: 399
135: 400
136: 401
137: 400
138: 399
139: 401
140: 401
141: 400
142: 400
143: 402
144: 400
145: 399
146: 400
147: 402
148: 400
149: 400
150: 401
151: 400
152: 400
153: 400
154: 401
155: 401
156: 399
157: 400
158: 400
159: 400
160: 400
161: 401
162: 400
163: 400
164: 401
165: 401
166: 400
167: 400
168: 401
169: 400
170: 400
171: 400
172: 401
173: 400
174: 400
175: 401
176: 400
177: 400
178: 400
179: 400
180: 400
181: 399
182: 400
183: 400
184: 400
185: 400
186: 401
187: 400
188: 401
189: 401
190: 400
191: 401
192: 401
193: 401
194: 400
195: 401
196: 401
197: 400
198: 400
199: 400
200: 401
201: 399
202: 401
203: 402
204: 400
205: 400
206: 400
207: 401
208: 400
209: 400
210: 401
211: 402
212: 400
213: 401
214: 402
215: 400
216: 400
217: 401
218: 402
219: 399
220: 400
221: 402
222: 400
223: 400
224: 401
225: 402
226: 400
227: 400
228: 401
229: 400
230: 399
231: 400
232: 401
233: 400
234: 400
235: 402
236: 402
237: 400
238: 400
239: 401
240: 400
241: 400
242: 401
243: 402
244: 400
245: 400
246: 402
247: 401
248: 400
249: 400
250: 402
251: 400
252: 400
253: 402
254: 402
255: 401
256: 402
257: 403
258: 401
259: 402
260: 401
261: 402
262: 400
263: 400
264: 400
265: 400
266: 400
267: 400
268: 401
269: 400
270: 400
271: 401
272: 400
273: 400
274: 400
275: 400
276: 400
277: 399
278: 401
279: 400
280: 400
281: 400
282: 400
283: 400
284: 400
285: 400
286: 400
287: 400
288: 400
289: 401
290: 400
291: 401
292: 402
293: 402
294: 401
295: 400
296: 401
297: 400
298: 401
299: 401
300: 400
301: 401
302: 400
303: 402
304: 400
305: 401
306: 401
307: 401
308: 400
309: 400
310: 401
311: 401
312: 400
313: 401
314: 401
315: 400
316: 402
317: 401
318: 401
319: 400
320: 402
321: 401
322: 401
323: 401
324: 402
325: 402
326: 401
327: 401
328: 402
329: 402
330: 401
331: 402
332: 401
333: 400
334: 400
335: 402
336: 402
337: 400
338: 401
339: 402
340: 402
341: 400
342: 401
343: 402
344: 399
345: 400
346: 402
347: 400
348: 400
349: 402
350: 402
351: 400
352: 400
353: 402
354: 400
355: 400
356: 402
357: 402
358: 402
359: 402
360: 403
361: 403
362: 400
363: 402
364: 403
365: 400
366: 400
367: 402
368: 401
369: 400
370: 400
371: 402
372: 401
373: 400
374: 401
375: 403
376: 401
377: 401
378: 403
379: 401
380: 401
381: 402
382: 403
383: 402
384: 402
385: 403
386: 402
387: 402
388: 402
389: 402
390: 403
391: 402
392: 402
393: 403
394: 401
395: 402
396: 403
397: 401
398: 401
399: 402
400: 401
401: 402
402: 401
403: 401
404: 401
405: 401
406: 402
407: 402
408: 401
409: 401
410: 401
411: 401
412: 400
413: 401
414: 401
415: 401
416: 401
417: 401
418: 400
419: 400
420: 401
421: 401
422: 401
423: 401
424: 403
425: 400
426: 401
427: 402
428: 401
429: 399
430: 401
431: 402
432: 400
433: 401
434: 402
435: 402
436: 400
437: 400
438: 402
439: 401
440: 401
441: 402
442: 402
443: 400
444: 400
445: 402
446: 402
447: 400
448: 401
449: 401
450: 401
451: 400
452: 402
453: 402
454: 400
455: 401
456: 402
457: 401
458: 400
459: 402
460: 402
461: 400
462: 400
463: 403
464: 401
465: 400
466: 401
467: 402
468: 402
469: 401
470: 403
471: 402
472: 401
473: 401
474: 403
475: 402
476: 402
477: 402
478: 402
479: 402
480: 401
481: 401
482: 401
483: 401
484: 401
485: 402
486: 400
487: 401
488: 401
489: 401
490: 401
491: 401
492: 401
493: 401
494: 401
495: 400
496: 401
497: 401
498: 401
499: 401
500: 401
