1: 400
2: 400
3: 400
4: 400
5: 400
6: 399
7: 399
8: 400
9: 401
10: 402
11: 400
12: 400
13: 400
14: 400
15: 401
16: 401
17: 401
18: 400
19: 400
20: 401
21: 401
22: 400
23: 401
24: 401
25: 400
26: 398
27: 399
28: 400
29: 401
30: 398
31: 399
32: 400
33: 401
34: 399
35: 400
36: 401
37: 401
38: 400
39: 399
40: 401
41: 400
42: 399
43: 399
44: 401
45: 401
46: 401
47: 401
48: 402
49: 402
50: 400
51: 401
52: 401
53: 402
54: 401
55: 400
56: 400
57: 401
58: 399
59: 400
60: 401
61: 402
62: 401
63: 400
64: 401
65: 401
66: 400
67: 399
68: 401
69: 400
70: 400
71: 399
72: 401
73: 400
74: 401
75: 400
76: 401
77: 401
78: 399
79: 400
80: 400
81: 401
82: 400
83: 400
84: 400
85: 401
86: 399
87: 401
88: 401
89: 402
90: 402
91: 401
92: 400
93: 400
94: 401
95: 401
96: 400
97: 400
98: 401
99: 400
100: 401
101: 402
102: 402
103: 401
104: 403
105: 403
106: 401
107: 402
108: 403
109: 401
110: 401
111: 402
112: 402
113: 401
114: 400
115: 402
116: 403
117: 402
118: 402
119: 402
120: 402
121: 401
122: 402
123: 402
124: 400
125: 400
126: 401
127: 401
128: 400
129: 401
130: 401
131: 401
132: 400
133: 401
134: 401
135: 401
136: 400
137: 402
138: 401
139: 401
140: 401
141: 402
142: 402
143: 400
144: 402
145: 402
146: 403
147: 402
148: 402
149: 403
150: 402
151: 401
152: 401
153: 401
154: 402
155: 401
156: 401
157: 401
158: 401
159: 402
160: 402
161: 402
162: 401
163: 402
164: 400
165: 400
166: 400
167: 402
168: 401
169: 400
170: 402
171: 402
172: 402
173: 401
174: 402
175: 403
176: 401
177: 401
178: 402
179: 402
180: 400
181: 401
182: 401
183: 402
184: 402
185: 401
186: 402
187: 401
188: 400
189: 402
190: 402
191: 401
192: 400
193: 402
194: 401
195: 400
196: 402
197: 402
198: 400
199: 401
200: 402
201: 403
202: 399
203: 401
204: 402
205: 401
206: 400
207: 402
208: 401
209: 400
210: 401
211: 402
212: 401
213: 400
214: 402
215: 402
216: 400
217: 400
218: 402
219: 401
220: 400
221: 402
222: 403
223: 401
224: 399
225: 402
226: 401
227: 400
228: 400
229: 403
230: 401
231: 401
232: 403
233: 402
234: 401
235: 401
236: 402
237: 401
238: 401
239: 401
240: 400
241: 401
242: 401
243: 401
244: 400
245: 401
246: 400
247: 400
248: 401
249: 401
250: 400
251: 400
252: 401
253: 401
254: 401
255: 402
256: 401
257: 401
258: 401
259: 401
260: 401
261: 400
262: 401
263: 402
264: 400
265: 399
266: 400
267: 400
268: 400
269: 401
270: 401
271: 402
272: 400
273: 400
274: 400
275: 401
276: 400
277: 401
278: 401
279: 400
280: 400
281: 402
282: 400
283: 401
284: 402
285: 402
286: 400
287: 400
288: 401
289: 400
290: 399
291: 399
292: 401
293: 400
294: 399
295: 400
296: 401
297: 399
298: 399
299: 401
300: 401
301: 398
302: 399
303: 401
304: 400
305: 399
306: 401
307: 401
308: 400
309: 398
310: 400
311: 399
312: 399
313: 400
314: 401
315: 399
316: 399
317: 400
318: 400
319: 400
320: 399
321: 402
322: 399
323: 399
324: 400
325: 400
326: 400
327: 399
328: 401
329: 400
330: 400
331: 401
332: 402
333: 400
334: 399
335: 400
336: 400
337: 400
338: 400
339: 401
340: 400
341: 400
342: 400
343: 400
344: 400
345: 400
346: 400
347: 401
348: 400
349: 401
350: 400
351: 400
352: 400
353: 401
354: 400
355: 400
356: 401
357: 400
358: 401
359: 400
360: 400
361: 400
362: 400
363: 402
364: 401
365: 400
366: 400
367: 401
368: 399
369: 400
370: 401
371: 401
372: 400
373: 400
374: 401
375: 399
376: 400
377: 401
378: 402
379: 400
380: 400
381: 401
382: 400
383: 399
384: 400
385: 401
386: 400
387: 400
388: 401
389: 400
390: 399
391: 401
392: 401
393: 400
394: 400
395: 402
396: 402
397: 400
398: 401
399: 402
400: 401
401: 399
402: 402
403: 401
404: 400
405: 399
406: 402
407: 400
408: 399
409: 401
410: 401
411: 400
412: 400
413: 402
414: 400
415: 400
416: 400
417: 402
418: 400
419: 399
420: 401
421: 400
422: 400
423: 400
424: 402
425: 400
426: 400
427: 400
428: 401
429: 401
430: 399
431: 401
432: 400
433: 400
434: 400
435: 401
436: 400
437: 400
438: 400
439: 400
440: 400
441: 400
442: 400
443: 399
444: 399
445: 399
446: 400
447: 400
448: 400
449: 401
450: 400
451: 399
452: 400
453: 400
454: 400
455: 400
456: 400
457: 400
458: 400
459: 401
460: 400
461: 399
462: 400
463: 400
464: 399
465: 400
466: 400
467: 400
468: 400
469: 400
470: 400
471: 399
472: 400
473: 400
474: 400
475: 400
476: 400
477: 400
478: 399
479: 400
480: 400
481: 400
482: 400
483: 400
484: 402
485: 400
486: 399
487: 400
488: 401
489: 400
490: 399
491: 402
492: 401
493: 399
494: 400
495: 401
496: 399
497: 399
498: 401
499: 401
500: 399
