1: 398
2: 399
3: 400
4: 400
5: 400
6: 400
7: 399
8: 399
9: 400
10: 400
11: 401
12: 400
13: 400
14: 400
15: 401
16: 401
17: 401
18: 400
19: 399
20: 400
21: 401
22: 400
23: 402
24: 402
25: 401
26: 399
27: 400
28: 400
29: 402
30: 400
31: 400
32: 400
33: 400
34: 400
35: 400
36: 400
37: 400
38: 400
39: 399
40: 400
41: 399
42: 399
43: 399
44: 401
45: 401
46: 401
47: 400
48: 400
49: 401
50: 401
51: 401
52: 400
53: 402
54: 400
55: 401
56: 400
57: 402
58: 400
59: 401
60: 401
61: 401
62: 400
63: 399
64: 400
65: 401
66: 401
67: 400
68: 402
69: 400
70: 400
71: 399
72: 401
73: 401
74: 400
75: 401
76: 401
77: 402
78: 399
79: 401
80: 400
81: 401
82: 399
83: 400
84: 401
85: 401
86: 400
87: 400
88: 402
89: 402
90: 401
91: 401
92: 402
93: 401
94: 401
95: 400
96: 401
97: 401
98: 401
99: 400
100: 401
101: 402
102: 400
103: 399
104: 400
105: 401
106: 400
107: 400
108: 401
109: 400
110: 399
111: 401
112: 402
113: 400
114: 400
115: 400
116: 400
117: 400
118: 400
119: 400
120: 400
121: 401
122: 401
123: 400
124: 399
125: 400
126: 400
127: 400
128: 401
129: 400
130: 401
131: 400
132: 400
133: 399
134: 401
135: 400
136: 400
137: 400
138: 400
139: 401
140: 399
141: 400
142: 401
143: 400
144: 400
145: 401
146: 402
147: 400
148: 400
149: 401
150: 400
151: 400
152: 400
153: 401
154: 401
155: 400
156: 400
157: 401
158: 400
159: 400
160: 401
161: 400
162: 400
163: 400
164: 401
165: 400
166: 400
167: 401
168: 401
169: 400
170: 400
171: 401
172: 401
173: 400
174: 401
175: 402
176: 401
177: 400
178: 401
179: 402
180: 399
181: 399
182: 402
183: 400
184: 399
185: 400
186: 401
187: 400
188: 398
189: 401
190: 399
191: 400
192: 399
193: 402
194: 399
195: 399
196: 400
197: 401
198: 399
199: 398
200: 401
201: 400
202: 400
203: 400
204: 401
205: 399
206: 399
207: 401
208: 400
209: 400
210: 400
211: 401
212: 400
213: 399
214: 401
215: 400
216: 400
217: 399
218: 401
219: 400
220: 399
221: 400
222: 399
223: 400
224: 399
225: 400
226: 400
227: 400
228: 400
229: 400
230: 400
231: 400
232: 400
233: 400
234: 399
235: 400
236: 400
237: 400
238: 400
239: 400
240: 399
241: 400
242: 400
243: 400
244: 399
245: 400
246: 400
247: 399
248: 400
249: 400
250: 400
251: 399
252: 400
253: 400
254: 399
255: 400
256: 401
257: 400
258: 399
259: 401
260: 401
261: 400
262: 399
263: 400
264: 401
265: 398
266: 399
267: 401
268: 400
269: 399
270: 400
271: 401
272: 400
273: 399
274: 400
275: 401
276: 399
277: 400
278: 400
279: 399
280: 399
281: 400
282: 400
283: 399
284: 399
285: 401
286: 400
287: 399
288: 400
289: 401
290: 399
291: 398
292: 401
293: 400
294: 399
295: 399
296: 401
297: 400
298: 399
299: 400
300: 401
301: 400
302: 399
303: 401
304: 400
305: 399
306: 400
307: 401
308: 400
309: 399
310: 400
311: 399
312: 399
313: 400
314: 402
315: 400
316: 400
317: 401
318: 400
319: 400
320: 400
321: 400
322: 399
323: 399
324: 400
325: 399
326: 399
327: 399
328: 400
329: 400
330: 399
331: 400
332: 399
333: 399
334: 399
335: 400
336: 399
337: 400
338: 400
339: 400
340: 399
341: 400
342: 400
343: 399
344: 400
345: 400
346: 399
347: 400
348: 400
349: 401
350: 399
351: 400
352: 400
353: 401
354: 399
355: 400
356: 400
357: 400
358: 399
359: 400
360: 401
361: 399
362: 400
363: 401
364: 399
365: 399
366: 400
367: 401
368: 399
369: 400
370: 400
371: 400
372: 398
373: 400
374: 401
375: 399
376: 399
377: 401
378: 401
379: 398
380: 399
381: 401
382: 400
383: 399
384: 400
385: 401
386: 399
387: 399
388: 401
389: 400
390: 399
391: 400
392: 401
393: 400
394: 399
395: 401
396: 401
397: 399
398: 398
399: 401
400: 400
401: 399
402: 400
403: 402
404: 399
405: 399
406: 401
407: 400
408: 399
409: 400
410: 401
411: 400
412: 398
413: 400
414: 400
415: 400
416: 400
417: 401
418: 400
419: 399
420: 400
421: 401
422: 400
423: 398
424: 400
425: 400
426: 399
427: 400
428: 401
429: 400
430: 399
431: 400
432: 400
433: 400
434: 400
435: 400
436: 399
437: 400
438: 400
439: 400
440: 400
441: 400
442: 400
443: 399
444: 399
445: 400
446: 399
447: 399
448: 400
449: 400
450: 400
451: 400
452: 400
453: 399
454: 400
455: 399
456: 400
457: 399
458: 399
459: 400
460: 398
461: 399
462: 400
463: 400
464: 399
465: 399
466: 401
467: 400
468: 399
469: 400
470: 401
471: 399
472: 400
473: 401
474: 401
475: 399
476: 400
477: 401
478: 399
479: 399
480: 401
481: 401
482: 399
483: 399
484: 401
485: 399
486: 399
487: 400
488: 401
489: 400
490: 399
491: 401
492: 400
493: 399
494: 399
495: 401
496: 400
497: 398
498: 401
499: 401
500: 399
