1: 720
2: 718
3: 716
4: 717
5: 718
6: 718
7: 718
8: 718
9: 719
10: 718
11: 718
12: 717
13: 717
14: 717
15: 719
16: 719
17: 719
18: 717
19: 718
20: 719
21: 720
22: 718
23: 719
24: 723
25: 719
26: 718
27: 717
28: 720
29: 720
30: 718
31: 717
32: 720
33: 719
34: 718
35: 717
36: 720
37: 720
38: 717
39: 718
40: 719
41: 720
42: 717
43: 718
44: 719
45: 720
46: 718
47: 720
48: 720
49: 721
50: 719
51: 719
52: 721
53: 721
54: 719
55: 719
56: 720
57: 720
58: 719
59: 718
60: 720
61: 720
62: 720
63: 718
64: 721
65: 720
66: 718
67: 720
68: 719
69: 720
70: 717
71: 718
72: 719
73: 720
74: 717
75: 718
76: 719
77: 720
78: 718
79: 717
80: 720
81: 718
82: 720
83: 716
84: 720
85: 719
86: 718
87: 717
88: 721
89: 721
90: 720
91: 720
92: 720
93: 721
94: 720
95: 721
96: 720
97: 720
98: 719
99: 721
100: 719
101: 720
102: 722
103: 719
104: 719
105: 717
106: 718
107: 720
108: 719
109: 718
110: 718
111: 720
112: 717
113: 720
114: 720
115: 720
116: 718
117: 719
118: 721
119: 719
120: 719
121: 721
122: 720
123: 717
124: 718
125: 720
126: 718
127: 717
128: 719
129: 720
130: 717
131: 718
132: 720
133: 718
134: 717
135: 718
136: 721
137: 718
138: 717
139: 720
140: 720
141: 717
142: 717
143: 721
144: 718
145: 717
146: 720
147: 721
148: 718
149: 716
150: 720
151: 718
152: 717
153: 719
154: 720
155: 718
156: 717
157: 720
158: 718
159: 717
160: 717
161: 720
162: 718
163: 717
164: 719
165: 720
166: 718
167: 717
168: 719
169: 718
170: 718
171: 719
172: 720
173: 718
174: 717
175: 719
176: 719
177: 718
178: 719
179: 720
180: 718
181: 718
182: 719
183: 718
184: 718
185: 718
186: 719
187: 718
188: 718
189: 719
190: 718
191: 718
192: 719
193: 719
194: 718
195: 718
196: 719
197: 718
198: 718
199: 718
200: 719
201: 717
202: 718
203: 719
204: 719
205: 718
206: 718
207: 719
208: 717
209: 718
210: 719
211: 719
212: 717
213: 719
214: 720
215: 717
216: 718
217: 719
218: 719
219: 717
220: 718
221: 720
222: 717
223: 717
224: 719
225: 720
226: 717
227: 718
228: 720
229: 718
230: 717
231: 718
232: 720
233: 717
234: 717
235: 720
236: 720
237: 717
238: 718
239: 720
240: 718
241: 717
242: 720
243: 720
244: 717
245: 718
246: 721
247: 718
248: 717
249: 719
250: 720
251: 718
252: 717
253: 720
254: 718
255: 717
256: 718
257: 720
258: 718
259: 717
260: 720
261: 719
262: 717
263: 717
264: 720
265: 718
266: 717
267: 719
268: 721
269: 718
270: 717
271: 720
272: 719
273: 718
274: 719
275: 720
276: 718
277: 717
278: 720
279: 719
280: 718
281: 718
282: 720
283: 718
284: 718
285: 719
286: 718
287: 718
288: 718
289: 719
290: 718
291: 718
292: 719
293: 719
294: 719
295: 718
296: 719
297: 718
298: 718
299: 719
300: 718
301: 718
302: 718
303: 719
304: 717
305: 718
306: 719
307: 719
308: 718
309: 718
310: 719
311: 717
312: 718
313: 719
314: 719
315: 717
316: 718
317: 719
318: 717
319: 718
320: 719
321: 719
322: 717
323: 718
324: 720
325: 717
326: 717
327: 718
328: 720
329: 717
330: 718
331: 720
332: 719
333: 717
334: 718
335: 720
336: 717
337: 717
338: 720
339: 720
340: 717
341: 718
342: 720
343: 718
344: 717
345: 719
346: 720
347: 717
348: 717
349: 720
350: 718
351: 717
352: 719
353: 720
354: 717
355: 717
356: 720
357: 718
358: 716
359: 717
360: 720
361: 717
362: 717
363: 719
364: 720
365: 717
366: 717
367: 720
368: 718
369: 717
370: 719
371: 721
372: 718
373: 717
374: 720
375: 718
376: 718
377: 718
378: 720
379: 718
380: 717
381: 719
382: 718
383: 718
384: 718
385: 720
386: 718
387: 718
388: 719
389: 719
390: 718
391: 717
392: 719
393: 718
394: 718
395: 719
396: 720
397: 718
398: 718
399: 719
400: 718
401: 718
402: 719
403: 719
404: 718
405: 718
406: 719
407: 717
408: 718
409: 719
410: 719
411: 718
412: 718
413: 719
414: 718
415: 718
416: 719
417: 719
418: 718
419: 719
420: 720
421: 718
422: 718
423: 718
424: 719
425: 717
426: 718
427: 719
428: 719
429: 718
430: 718
431: 720
432: 717
433: 718
434: 720
435: 719
436: 717
437: 718
438: 720
439: 717
440: 718
441: 720
442: 720
443: 717
444: 718
445: 720
446: 718
447: 717
448: 720
449: 722
450: 717
451: 717
452: 720
453: 719
454: 717
455: 718
456: 720
457: 718
458: 717
459: 720
460: 720
461: 717
462: 718
463: 721
464: 718
465: 717
466: 720
467: 721
468: 718
469: 717
470: 720
471: 718
472: 717
473: 718
474: 720
475: 718
476: 717
477: 720
478: 718
479: 717
480: 718
481: 720
482: 718
483: 717
484: 719
485: 719
486: 718
487: 717
488: 720
489: 718
490: 718
491: 718
492: 720
493: 718
494: 717
495: 719
496: 718
497: 718
498: 719
499: 720
500: 718
