1: 400
2: 399
3: 400
4: 400
5: 400
6: 400
7: 399
8: 399
9: 400
10: 401
11: 401
12: 400
13: 400
14: 400
15: 401
16: 401
17: 401
18: 400
19: 400
20: 400
21: 401
22: 400
23: 402
24: 401
25: 401
26: 399
27: 400
28: 400
29: 401
30: 400
31: 400
32: 401
33: 401
34: 400
35: 399
36: 401
37: 400
38: 400
39: 399
40: 401
41: 401
42: 401
43: 400
44: 402
45: 402
46: 400
47: 402
48: 401
49: 402
50: 401
51: 401
52: 401
53: 402
54: 401
55: 401
56: 401
57: 402
58: 401
59: 400
60: 401
61: 401
62: 400
63: 399
64: 402
65: 400
66: 403
67: 400
68: 403
69: 401
70: 401
71: 400
72: 401
73: 402
74: 400
75: 400
76: 400
77: 402
78: 400
79: 400
80: 400
81: 402
82: 400
83: 401
84: 401
85: 402
86: 400
87: 400
88: 401
89: 401
90: 400
91: 400
92: 401
93: 400
94: 400
95: 399
96: 402
97: 401
98: 401
99: 400
100: 401
101: 402
102: 401
103: 401
104: 401
105: 402
106: 401
107: 401
108: 402
109: 403
110: 402
111: 401
112: 402
113: 400
114: 401
115: 401
116: 400
117: 401
118: 401
119: 400
120: 400
121: 401
122: 401
123: 401
124: 400
125: 401
126: 401
127: 400
128: 401
129: 401
130: 400
131: 400
132: 401
133: 401
134: 401
135: 400
136: 402
137: 400
138: 401
139: 402
140: 401
141: 400
142: 401
143: 402
144: 400
145: 401
146: 402
147: 402
148: 401
149: 400
150: 402
151: 400
152: 400
153: 401
154: 401
155: 400
156: 400
157: 401
158: 400
159: 399
160: 401
161: 401
162: 399
163: 400
164: 400
165: 402
166: 399
167: 400
168: 401
169: 400
170: 400
171: 401
172: 401
173: 399
174: 401
175: 401
176: 400
177: 399
178: 401
179: 401
180: 400
181: 399
182: 402
183: 401
184: 400
185: 401
186: 400
187: 402
188: 400
189: 401
190: 400
191: 399
192: 400
193: 401
194: 400
195: 399
196: 401
197: 401
198: 400
199: 399
200: 402
201: 400
202: 399
203: 401
204: 402
205: 400
206: 400
207: 401
208: 401
209: 401
210: 400
211: 401
212: 400
213: 400
214: 400
215: 401
216: 400
217: 400
218: 401
219: 400
220: 400
221: 400
222: 400
223: 400
224: 400
225: 401
226: 400
227: 400
228: 400
229: 399
230: 400
231: 400
232: 400
233: 400
234: 400
235: 401
236: 400
237: 400
238: 400
239: 401
240: 400
241: 400
242: 402
243: 400
244: 400
245: 401
246: 401
247: 400
248: 401
249: 401
250: 401
251: 400
252: 400
253: 402
254: 399
255: 400
256: 401
257: 401
258: 400
259: 401
260: 402
261: 401
262: 399
263: 401
264: 400
265: 400
266: 400
267: 401
268: 401
269: 400
270: 401
271: 401
272: 402
273: 400
274: 401
275: 401
276: 399
277: 400
278: 402
279: 400
280: 399
281: 401
282: 401
283: 400
284: 400
285: 402
286: 402
287: 399
288: 400
289: 402
290: 401
291: 400
292: 401
293: 402
294: 400
295: 400
296: 403
297: 401
298: 400
299: 401
300: 401
301: 400
302: 399
303: 402
304: 401
305: 401
306: 401
307: 402
308: 401
309: 399
310: 402
311: 401
312: 401
313: 401
314: 402
315: 401
316: 400
317: 401
318: 402
319: 401
320: 400
321: 401
322: 400
323: 400
324: 400
325: 400
326: 399
327: 400
328: 400
329: 400
330: 400
331: 401
332: 401
333: 400
334: 400
335: 400
336: 399
337: 400
338: 400
339: 400
340: 401
341: 400
342: 401
343: 400
344: 401
345: 400
346: 400
347: 400
348: 400
349: 400
350: 400
351: 400
352: 401
353: 401
354: 400
355: 400
356: 400
357: 399
358: 400
359: 400
360: 401
361: 399
362: 400
363: 401
364: 401
365: 399
366: 400
367: 402
368: 399
369: 400
370: 401
371: 401
372: 400
373: 400
374: 401
375: 399
376: 399
377: 401
378: 401
379: 399
380: 399
381: 401
382: 400
383: 398
384: 400
385: 401
386: 399
387: 399
388: 401
389: 400
390: 399
391: 399
392: 401
393: 400
394: 400
395: 400
396: 401
397: 400
398: 399
399: 401
400: 400
401: 399
402: 400
403: 401
404: 399
405: 398
406: 401
407: 400
408: 400
409: 400
410: 401
411: 400
412: 400
413: 401
414: 399
415: 399
416: 400
417: 401
418: 400
419: 400
420: 400
421: 400
422: 400
423: 399
424: 400
425: 400
426: 400
427: 400
428: 400
429: 400
430: 400
431: 401
432: 401
433: 400
434: 400
435: 401
436: 400
437: 400
438: 400
439: 400
440: 400
441: 400
442: 400
443: 400
444: 400
445: 400
446: 399
447: 400
448: 400
449: 400
450: 399
451: 400
452: 400
453: 399
454: 400
455: 400
456: 401
457: 400
458: 400
459: 401
460: 401
461: 400
462: 400
463: 401
464: 399
465: 401
466: 401
467: 402
468: 400
469: 400
470: 401
471: 399
472: 400
473: 402
474: 401
475: 399
476: 400
477: 402
478: 400
479: 400
480: 402
481: 401
482: 399
483: 400
484: 401
485: 400
486: 399
487: 400
488: 401
489: 400
490: 400
491: 401
492: 401
493: 399
494: 400
495: 402
496: 399
497: 399
498: 401
499: 401
500: 400
