1: 401
2: 400
3: 400
4: 399
5: 399
6: 401
7: 400
8: 401
9: 401
10: 401
11: 401
12: 399
13: 399
14: 399
15: 400
16: 401
17: 401
18: 400
19: 401
20: 401
21: 401
22: 400
23: 401
24: 401
25: 400
26: 402
27: 400
28: 401
29: 400
30: 400
31: 400
32: 402
33: 402
34: 401
35: 400
36: 401
37: 402
38: 400
39: 400
40: 401
41: 401
42: 399
43: 401
44: 401
45: 402
46: 400
47: 401
48: 400
49: 401
50: 401
51: 400
52: 401
53: 400
54: 402
55: 401
56: 402
57: 401
58: 402
59: 401
60: 402
61: 401
62: 401
63: 401
64: 401
65: 402
66: 400
67: 400
68: 401
69: 402
70: 399
71: 400
72: 401
73: 402
74: 400
75: 401
76: 401
77: 401
78: 400
79: 399
80: 401
81: 400
82: 400
83: 399
84: 402
85: 400
86: 401
87: 399
88: 402
89: 401
90: 400
91: 400
92: 400
93: 401
94: 399
95: 400
96: 401
97: 402
98: 400
99: 400
100: 401
101: 399
102: 399
103: 399
104: 402
105: 400
106: 400
107: 401
108: 401
109: 400
110: 400
111: 401
112: 399
113: 400
114: 401
115: 401
116: 399
117: 400
118: 402
119: 400
120: 400
121: 401
122: 403
123: 400
124: 400
125: 401
126: 400
127: 399
128: 401
129: 401
130: 400
131: 400
132: 401
133: 400
134: 400
135: 400
136: 401
137: 400
138: 399
139: 402
140: 401
141: 399
142: 398
143: 401
144: 400
145: 399
146: 400
147: 402
148: 400
149: 399
150: 401
151: 400
152: 399
153: 401
154: 402
155: 400
156: 399
157: 400
158: 400
159: 400
160: 400
161: 401
162: 400
163: 400
164: 400
165: 401
166: 400
167: 399
168: 400
169: 400
170: 400
171: 400
172: 401
173: 400
174: 400
175: 400
176: 400
177: 400
178: 400
179: 400
180: 400
181: 399
182: 400
183: 400
184: 400
185: 401
186: 401
187: 400
188: 399
189: 400
190: 399
191: 400
192: 400
193: 400
194: 400
195: 399
196: 401
197: 399
198: 400
199: 400
200: 400
201: 399
202: 400
203: 401
204: 400
205: 400
206: 400
207: 400
208: 399
209: 400
210: 401
211: 401
212: 400
213: 400
214: 401
215: 399
216: 400
217: 401
218: 401
219: 400
220: 401
221: 400
222: 399
223: 399
224: 401
225: 401
226: 398
227: 399
228: 401
229: 400
230: 399
231: 400
232: 401
233: 399
234: 399
235: 401
236: 401
237: 399
238: 399
239: 400
240: 400
241: 399
242: 401
243: 401
244: 399
245: 399
246: 401
247: 400
248: 400
249: 400
250: 401
251: 399
252: 399
253: 401
254: 400
255: 400
256: 399
257: 401
258: 400
259: 399
260: 400
261: 400
262: 400
263: 399
264: 401
265: 400
266: 400
267: 400
268: 401
269: 400
270: 399
271: 400
272: 400
273: 400
274: 400
275: 401
276: 400
277: 399
278: 400
279: 400
280: 400
281: 400
282: 401
283: 400
284: 400
285: 401
286: 400
287: 400
288: 400
289: 400
290: 400
291: 400
292: 400
293: 400
294: 400
295: 400
296: 400
297: 399
298: 400
299: 400
300: 400
301: 400
302: 400
303: 400
304: 400
305: 400
306: 401
307: 401
308: 400
309: 400
310: 401
311: 400
312: 401
313: 401
314: 400
315: 400
316: 400
317: 402
318: 399
319: 400
320: 401
321: 401
322: 399
323: 401
324: 401
325: 400
326: 400
327: 400
328: 401
329: 400
330: 400
331: 401
332: 401
333: 400
334: 401
335: 401
336: 400
337: 400
338: 401
339: 401
340: 400
341: 400
342: 401
343: 401
344: 399
345: 402
346: 402
347: 400
348: 399
349: 401
350: 401
351: 399
352: 400
353: 401
354: 400
355: 400
356: 401
357: 400
358: 400
359: 399
360: 401
361: 400
362: 399
363: 400
364: 401
365: 400
366: 399
367: 401
368: 400
369: 400
370: 400
371: 401
372: 399
373: 398
374: 400
375: 400
376: 399
377: 400
378: 401
379: 400
380: 399
381: 401
382: 400
383: 400
384: 400
385: 401
386: 399
387: 399
388: 401
389: 400
390: 400
391: 399
392: 400
393: 401
394: 400
395: 400
396: 401
397: 400
398: 400
399: 400
400: 400
401: 400
402: 401
403: 400
404: 400
405: 400
406: 400
407: 399
408: 400
409: 401
410: 400
411: 400
412: 400
413: 400
414: 399
415: 400
416: 400
417: 400
418: 399
419: 400
420: 401
421: 399
422: 400
423: 400
424: 401
425: 399
426: 401
427: 402
428: 400
429: 399
430: 400
431: 401
432: 399
433: 400
434: 402
435: 401
436: 399
437: 400
438: 401
439: 400
440: 399
441: 401
442: 401
443: 398
444: 399
445: 401
446: 400
447: 399
448: 401
449: 401
450: 399
451: 400
452: 401
453: 401
454: 399
455: 399
456: 401
457: 400
458: 399
459: 401
460: 401
461: 399
462: 400
463: 401
464: 400
465: 399
466: 401
467: 401
468: 400
469: 399
470: 400
471: 400
472: 400
473: 400
474: 401
475: 400
476: 399
477: 400
478: 400
479: 399
480: 400
481: 401
482: 400
483: 400
484: 400
485: 401
486: 400
487: 399
488: 401
489: 400
490: 400
491: 400
492: 401
493: 400
494: 400
495: 400
496: 400
497: 400
498: 400
499: 401
500: 400
