1: 401
2: 401
3: 399
4: 400
5: 399
6: 399
7: 399
8: 401
9: 401
10: 401
11: 400
12: 400
13: 400
14: 400
15: 400
16: 400
17: 399
18: 400
19: 399
20: 401
21: 400
22: 400
23: 401
24: 402
25: 402
26: 401
27: 401
28: 400
29: 401
30: 399
31: 400
32: 400
33: 402
34: 399
35: 401
36: 401
37: 401
38: 399
39: 399
40: 401
41: 401
42: 399
43: 399
44: 400
45: 400
46: 402
47: 400
48: 402
49: 401
50: 402
51: 400
52: 401
53: 401
54: 401
55: 402
56: 401
57: 401
58: 400
59: 401
60: 400
61: 401
62: 400
63: 401
64: 400
65: 400
66: 400
67: 402
68: 402
69: 402
70: 402
71: 399
72: 401
73: 400
74: 399
75: 398
76: 401
77: 402
78: 400
79: 399
80: 400
81: 400
82: 399
83: 400
84: 400
85: 400
86: 398
87: 399
88: 400
89: 402
90: 399
91: 400
92: 400
93: 401
94: 400
95: 399
96: 401
97: 400
98: 400
99: 399
100: 401
101: 400
102: 400
103: 399
104: 401
105: 400
106: 399
107: 400
108: 401
109: 399
110: 398
111: 400
112: 399
113: 399
114: 400
115: 401
116: 399
117: 399
118: 399
119: 400
120: 399
121: 399
122: 401
123: 399
124: 399
125: 400
126: 401
127: 400
128: 399
129: 400
130: 399
131: 399
132: 400
133: 400
134: 399
135: 398
136: 400
137: 400
138: 400
139: 400
140: 400
141: 399
142: 399
143: 400
144: 400
145: 400
146: 400
147: 400
148: 400
149: 399
150: 400
151: 398
152: 399
153: 400
154: 400
155: 399
156: 399
157: 400
158: 399
159: 399
160: 399
161: 400
162: 398
163: 399
164: 400
165: 398
166: 400
167: 399
168: 400
169: 399
170: 399
171: 400
172: 399
173: 398
174: 400
175: 400
176: 399
177: 400
178: 401
179: 400
180: 399
181: 400
182: 400
183: 399
184: 399
185: 401
186: 400
187: 399
188: 399
189: 401
190: 399
191: 398
192: 400
193: 401
194: 399
195: 400
196: 400
197: 400
198: 399
199: 400
200: 401
201: 400
202: 398
203: 401
204: 400
205: 398
206: 399
207: 401
208: 400
209: 399
210: 400
211: 400
212: 399
213: 399
214: 401
215: 399
216: 400
217: 400
218: 402
219: 401
220: 399
221: 402
222: 402
223: 399
224: 399
225: 401
226: 399
227: 399
228: 400
229: 400
230: 399
231: 398
232: 401
233: 400
234: 399
235: 400
236: 401
237: 399
238: 399
239: 400
240: 399
241: 399
242: 400
243: 401
244: 400
245: 398
246: 400
247: 400
248: 400
249: 400
250: 400
251: 399
252: 400
253: 399
254: 399
255: 400
256: 401
257: 400
258: 399
259: 399
260: 400
261: 399
262: 400
263: 400
264: 400
265: 399
266: 399
267: 400
268: 400
269: 400
270: 400
271: 400
272: 399
273: 400
274: 401
275: 399
276: 400
277: 400
278: 400
279: 399
280: 399
281: 401
282: 400
283: 399
284: 400
285: 400
286: 400
287: 400
288: 401
289: 400
290: 400
291: 401
292: 401
293: 401
294: 401
295: 400
296: 400
297: 400
298: 400
299: 400
300: 400
301: 399
302: 400
303: 400
304: 399
305: 400
306: 401
307: 400
308: 400
309: 400
310: 401
311: 400
312: 399
313: 400
314: 401
315: 400
316: 400
317: 402
318: 401
319: 400
320: 399
321: 401
322: 399
323: 399
324: 400
325: 400
326: 400
327: 398
328: 401
329: 400
330: 399
331: 400
332: 401
333: 399
334: 399
335: 400
336: 400
337: 400
338: 400
339: 401
340: 400
341: 400
342: 400
343: 401
344: 400
345: 400
346: 400
347: 399
348: 400
349: 400
350: 400
351: 400
352: 400
353: 400
354: 399
355: 400
356: 400
357: 400
358: 400
359: 399
360: 399
361: 400
362: 400
363: 401
364: 401
365: 400
366: 400
367: 400
368: 399
369: 399
370: 400
371: 400
372: 399
373: 399
374: 400
375: 398
376: 400
377: 400
378: 400
379: 399
380: 399
381: 400
382: 399
383: 399
384: 400
385: 400
386: 399
387: 400
388: 401
389: 400
390: 399
391: 399
392: 401
393: 399
394: 399
395: 400
396: 400
397: 399
398: 400
399: 401
400: 399
401: 399
402: 400
403: 401
404: 398
405: 400
406: 401
407: 399
408: 399
409: 401
410: 401
411: 399
412: 399
413: 401
414: 400
415: 398
416: 400
417: 401
418: 399
419: 398
420: 401
421: 400
422: 399
423: 399
424: 401
425: 400
426: 398
427: 400
428: 401
429: 399
430: 398
431: 401
432: 399
433: 399
434: 400
435: 401
436: 400
437: 398
438: 401
439: 399
440: 400
441: 400
442: 401
443: 400
444: 400
445: 400
446: 400
447: 399
448: 400
449: 401
450: 400
451: 399
452: 400
453: 400
454: 400
455: 399
456: 400
457: 400
458: 400
459: 400
460: 400
461: 400
462: 400
463: 400
464: 400
465: 399
466: 401
467: 400
468: 400
469: 399
470: 400
471: 399
472: 399
473: 401
474: 400
475: 399
476: 399
477: 401
478: 399
479: 400
480: 400
481: 400
482: 399
483: 399
484: 401
485: 399
486: 399
487: 400
488: 400
489: 399
490: 399
491: 400
492: 400
493: 399
494: 399
495: 400
496: 399
497: 399
498: 400
499: 400
500: 399
