1: 401
2: 400
3: 399
4: 399
5: 399
6: 399
7: 400
8: 400
9: 400
10: 401
11: 401
12: 399
13: 399
14: 399
15: 400
16: 400
17: 399
18: 400
19: 399
20: 400
21: 400
22: 399
23: 400
24: 402
25: 400
26: 400
27: 400
28: 401
29: 401
30: 399
31: 400
32: 400
33: 401
34: 399
35: 400
36: 400
37: 401
38: 399
39: 400
40: 400
41: 400
42: 399
43: 399
44: 401
45: 400
46: 400
47: 400
48: 402
49: 401
50: 400
51: 400
52: 402
53: 400
54: 400
55: 400
56: 400
57: 400
58: 400
59: 401
60: 400
61: 401
62: 399
63: 399
64: 400
65: 401
66: 400
67: 401
68: 402
69: 402
70: 401
71: 399
72: 401
73: 401
74: 399
75: 399
76: 402
77: 400
78: 400
79: 398
80: 401
81: 401
82: 400
83: 400
84: 401
85: 401
86: 400
87: 400
88: 400
89: 401
90: 399
91: 400
92: 400
93: 401
94: 400
95: 401
96: 400
97: 401
98: 400
99: 400
100: 401
101: 400
102: 400
103: 400
104: 401
105: 400
106: 400
107: 401
108: 401
109: 399
110: 399
111: 400
112: 399
113: 399
114: 400
115: 401
116: 399
117: 399
118: 402
119: 400
120: 399
121: 401
122: 401
123: 400
124: 398
125: 401
126: 400
127: 400
128: 400
129: 401
130: 400
131: 399
132: 401
133: 400
134: 399
135: 399
136: 401
137: 399
138: 399
139: 400
140: 401
141: 400
142: 399
143: 400
144: 400
145: 400
146: 400
147: 400
148: 400
149: 399
150: 401
151: 400
152: 400
153: 400
154: 401
155: 399
156: 399
157: 400
158: 399
159: 399
160: 400
161: 400
162: 400
163: 399
164: 400
165: 400
166: 400
167: 399
168: 400
169: 399
170: 399
171: 400
172: 400
173: 400
174: 400
175: 400
176: 399
177: 399
178: 401
179: 400
180: 399
181: 400
182: 400
183: 399
184: 400
185: 400
186: 400
187: 399
188: 400
189: 400
190: 399
191: 400
192: 400
193: 400
194: 399
195: 400
196: 401
197: 400
198: 399
199: 401
200: 401
201: 399
202: 399
203: 400
204: 401
205: 399
206: 400
207: 401
208: 399
209: 399
210: 401
211: 401
212: 398
213: 399
214: 401
215: 399
216: 399
217: 401
218: 401
219: 399
220: 399
221: 401
222: 399
223: 399
224: 400
225: 401
226: 400
227: 399
228: 401
229: 400
230: 399
231: 400
232: 401
233: 399
234: 399
235: 400
236: 401
237: 400
238: 399
239: 401
240: 399
241: 399
242: 400
243: 402
244: 399
245: 399
246: 401
247: 400
248: 400
249: 400
250: 400
251: 400
252: 399
253: 400
254: 400
255: 400
256: 400
257: 400
258: 400
259: 400
260: 400
261: 399
262: 400
263: 399
264: 400
265: 400
266: 400
267: 400
268: 400
269: 400
270: 400
271: 400
272: 399
273: 399
274: 400
275: 400
276: 400
277: 399
278: 401
279: 399
280: 400
281: 400
282: 400
283: 400
284: 399
285: 401
286: 399
287: 399
288: 401
289: 400
290: 399
291: 400
292: 401
293: 399
294: 400
295: 399
296: 400
297: 399
298: 400
299: 401
300: 400
301: 399
302: 400
303: 400
304: 398
305: 399
306: 401
307: 401
308: 399
309: 400
310: 401
311: 399
312: 399
313: 401
314: 401
315: 400
316: 399
317: 401
318: 400
319: 399
320: 400
321: 401
322: 400
323: 399
324: 401
325: 400
326: 399
327: 400
328: 401
329: 399
330: 398
331: 401
332: 401
333: 400
334: 399
335: 401
336: 400
337: 398
338: 401
339: 402
340: 400
341: 399
342: 401
343: 400
344: 399
345: 400
346: 401
347: 400
348: 399
349: 401
350: 400
351: 399
352: 400
353: 401
354: 400
355: 401
356: 401
357: 401
358: 400
359: 399
360: 400
361: 400
362: 400
363: 400
364: 400
365: 400
366: 399
367: 400
368: 400
369: 399
370: 400
371: 400
372: 400
373: 400
374: 400
375: 400
376: 400
377: 400
378: 400
379: 400
380: 400
381: 400
382: 399
383: 401
384: 400
385: 400
386: 400
387: 400
388: 400
389: 399
390: 400
391: 400
392: 400
393: 399
394: 400
395: 401
396: 400
397: 399
398: 399
399: 401
400: 399
401: 400
402: 400
403: 400
404: 399
405: 400
406: 400
407: 399
408: 399
409: 400
410: 400
411: 399
412: 400
413: 401
414: 399
415: 399
416: 400
417: 401
418: 399
419: 400
420: 400
421: 400
422: 399
423: 399
424: 401
425: 399
426: 399
427: 401
428: 401
429: 399
430: 399
431: 401
432: 399
433: 399
434: 400
435: 401
436: 399
437: 399
438: 401
439: 400
440: 399
441: 400
442: 401
443: 400
444: 399
445: 400
446: 399
447: 400
448: 400
449: 402
450: 400
451: 399
452: 400
453: 401
454: 400
455: 399
456: 400
457: 399
458: 400
459: 400
460: 401
461: 399
462: 398
463: 400
464: 399
465: 399
466: 400
467: 400
468: 399
469: 399
470: 400
471: 400
472: 400
473: 400
474: 401
475: 400
476: 400
477: 400
478: 399
479: 400
480: 400
481: 400
482: 400
483: 400
484: 400
485: 400
486: 400
487: 400
488: 400
489: 399
490: 399
491: 400
492: 400
493: 400
494: 399
495: 400
496: 399
497: 400
498: 401
499: 400
500: 400
