1: 401
2: 400
3: 399
4: 399
5: 399
6: 400
7: 400
8: 400
9: 400
10: 400
11: 400
12: 399
13: 398
14: 399
15: 400
16: 400
17: 400
18: 399
19: 400
20: 400
21: 402
22: 400
23: 400
24: 401
25: 400
26: 400
27: 399
28: 401
29: 400
30: 400
31: 399
32: 401
33: 401
34: 400
35: 400
36: 401
37: 401
38: 400
39: 400
40: 400
41: 401
42: 399
43: 400
44: 400
45: 402
46: 400
47: 401
48: 401
49: 402
50: 401
51: 401
52: 401
53: 402
54: 401
55: 400
56: 401
57: 400
58: 400
59: 399
60: 401
61: 402
62: 400
63: 400
64: 401
65: 402
66: 400
67: 400
68: 400
69: 401
70: 399
71: 400
72: 400
73: 401
74: 400
75: 402
76: 401
77: 401
78: 400
79: 399
80: 401
81: 400
82: 400
83: 399
84: 401
85: 400
86: 400
87: 399
88: 401
89: 401
90: 400
91: 401
92: 401
93: 401
94: 399
95: 399
96: 400
97: 401
98: 399
99: 400
100: 400
101: 399
102: 399
103: 400
104: 400
105: 400
106: 400
107: 400
108: 400
109: 399
110: 400
111: 401
112: 399
113: 400
114: 400
115: 400
116: 399
117: 400
118: 402
119: 401
120: 401
121: 401
122: 401
123: 399
124: 399
125: 400
126: 399
127: 399
128: 400
129: 401
130: 399
131: 398
132: 401
133: 400
134: 399
135: 399
136: 401
137: 399
138: 399
139: 401
140: 401
141: 399
142: 399
143: 401
144: 400
145: 399
146: 401
147: 401
148: 400
149: 400
150: 402
151: 400
152: 399
153: 400
154: 402
155: 399
156: 399
157: 400
158: 399
159: 400
160: 400
161: 401
162: 400
163: 400
164: 400
165: 401
166: 400
167: 400
168: 401
169: 400
170: 400
171: 400
172: 401
173: 400
174: 400
175: 400
176: 401
177: 400
178: 400
179: 401
180: 400
181: 399
182: 400
183: 400
184: 400
185: 400
186: 401
187: 400
188: 400
189: 401
190: 399
191: 400
192: 400
193: 400
194: 400
195: 400
196: 401
197: 400
198: 400
199: 400
200: 401
201: 399
202: 400
203: 400
204: 400
205: 400
206: 400
207: 401
208: 399
209: 401
210: 400
211: 400
212: 400
213: 400
214: 401
215: 399
216: 400
217: 400
218: 401
219: 399
220: 400
221: 401
222: 399
223: 399
224: 400
225: 401
226: 399
227: 399
228: 401
229: 401
230: 400
231: 400
232: 402
233: 400
234: 399
235: 401
236: 402
237: 399
238: 399
239: 401
240: 400
241: 399
242: 402
243: 401
244: 399
245: 399
246: 401
247: 400
248: 399
249: 400
250: 401
251: 400
252: 400
253: 402
254: 400
255: 400
256: 400
257: 401
258: 400
259: 399
260: 401
261: 401
262: 400
263: 400
264: 401
265: 400
266: 400
267: 400
268: 402
269: 400
270: 400
271: 401
272: 400
273: 400
274: 400
275: 401
276: 400
277: 400
278: 400
279: 401
280: 400
281: 400
282: 401
283: 401
284: 400
285: 400
286: 400
287: 400
288: 401
289: 401
290: 400
291: 400
292: 400
293: 399
294: 400
295: 400
296: 400
297: 400
298: 400
299: 400
300: 400
301: 400
302: 399
303: 400
304: 400
305: 400
306: 401
307: 400
308: 399
309: 400
310: 401
311: 399
312: 400
313: 400
314: 400
315: 399
316: 401
317: 401
318: 400
319: 400
320: 401
321: 402
322: 399
323: 401
324: 401
325: 400
326: 399
327: 400
328: 401
329: 400
330: 400
331: 402
332: 400
333: 400
334: 400
335: 401
336: 400
337: 400
338: 401
339: 401
340: 399
341: 400
342: 401
343: 400
344: 399
345: 401
346: 402
347: 399
348: 400
349: 402
350: 400
351: 399
352: 400
353: 401
354: 400
355: 399
356: 402
357: 400
358: 399
359: 399
360: 402
361: 400
362: 399
363: 401
364: 401
365: 400
366: 399
367: 402
368: 400
369: 399
370: 400
371: 401
372: 399
373: 398
374: 400
375: 400
376: 399
377: 400
378: 401
379: 400
380: 399
381: 400
382: 400
383: 400
384: 400
385: 401
386: 400
387: 399
388: 400
389: 400
390: 399
391: 399
392: 400
393: 400
394: 400
395: 400
396: 401
397: 400
398: 400
399: 401
400: 399
401: 400
402: 401
403: 400
404: 401
405: 400
406: 400
407: 400
408: 400
409: 401
410: 400
411: 400
412: 400
413: 401
414: 400
415: 401
416: 401
417: 401
418: 400
419: 400
420: 401
421: 399
422: 400
423: 400
424: 401
425: 400
426: 400
427: 400
428: 401
429: 399
430: 399
431: 401
432: 399
433: 400
434: 401
435: 401
436: 399
437: 400
438: 401
439: 400
440: 399
441: 401
442: 401
443: 399
444: 400
445: 402
446: 400
447: 399
448: 401
449: 400
450: 400
451: 400
452: 401
453: 400
454: 399
455: 399
456: 401
457: 400
458: 399
459: 401
460: 401
461: 399
462: 399
463: 401
464: 400
465: 399
466: 400
467: 401
468: 400
469: 399
470: 401
471: 399
472: 399
473: 399
474: 401
475: 400
476: 399
477: 400
478: 400
479: 400
480: 400
481: 402
482: 400
483: 399
484: 400
485: 400
486: 399
487: 399
488: 400
489: 400
490: 400
491: 400
492: 401
493: 400
494: 399
495: 400
496: 400
497: 400
498: 400
499: 400
500: 399
