1: 399
2: 399
3: 400
4: 400
5: 400
6: 399
7: 398
8: 400
9: 401
10: 401
11: 402
12: 400
13: 399
14: 400
15: 401
16: 401
17: 401
18: 400
19: 400
20: 401
21: 401
22: 400
23: 402
24: 400
25: 401
26: 398
27: 399
28: 400
29: 401
30: 399
31: 400
32: 400
33: 402
34: 400
35: 399
36: 401
37: 401
38: 400
39: 398
40: 400
41: 400
42: 400
43: 399
44: 401
45: 400
46: 400
47: 400
48: 400
49: 400
50: 400
51: 401
52: 400
53: 401
54: 401
55: 402
56: 400
57: 402
58: 400
59: 401
60: 401
61: 402
62: 401
63: 400
64: 402
65: 401
66: 400
67: 399
68: 401
69: 400
70: 400
71: 399
72: 402
73: 401
74: 400
75: 400
76: 401
77: 401
78: 400
79: 400
80: 400
81: 401
82: 399
83: 400
84: 400
85: 402
86: 399
87: 400
88: 401
89: 401
90: 400
91: 400
92: 401
93: 401
94: 400
95: 399
96: 402
97: 400
98: 401
99: 399
100: 400
101: 401
102: 399
103: 399
104: 401
105: 400
106: 400
107: 401
108: 402
109: 400
110: 399
111: 400
112: 401
113: 400
114: 400
115: 401
116: 400
117: 401
118: 401
119: 401
120: 400
121: 400
122: 400
123: 401
124: 400
125: 400
126: 400
127: 400
128: 400
129: 400
130: 400
131: 399
132: 400
133: 399
134: 400
135: 400
136: 400
137: 400
138: 400
139: 401
140: 400
141: 400
142: 401
143: 401
144: 399
145: 401
146: 402
147: 400
148: 400
149: 400
150: 401
151: 399
152: 400
153: 401
154: 401
155: 400
156: 401
157: 402
158: 401
159: 399
160: 401
161: 401
162: 399
163: 400
164: 402
165: 400
166: 400
167: 400
168: 401
169: 400
170: 400
171: 401
172: 402
173: 399
174: 400
175: 401
176: 400
177: 399
178: 401
179: 401
180: 399
181: 399
182: 401
183: 399
184: 398
185: 400
186: 401
187: 399
188: 400
189: 401
190: 400
191: 399
192: 400
193: 402
194: 399
195: 399
196: 401
197: 400
198: 400
199: 399
200: 402
201: 400
202: 399
203: 400
204: 401
205: 400
206: 399
207: 401
208: 400
209: 400
210: 400
211: 402
212: 400
213: 399
214: 401
215: 401
216: 400
217: 400
218: 401
219: 400
220: 400
221: 401
222: 400
223: 400
224: 400
225: 401
226: 400
227: 399
228: 400
229: 400
230: 400
231: 400
232: 400
233: 400
234: 400
235: 401
236: 401
237: 400
238: 400
239: 400
240: 401
241: 400
242: 400
243: 401
244: 400
245: 400
246: 401
247: 400
248: 400
249: 400
250: 400
251: 399
252: 400
253: 402
254: 399
255: 400
256: 401
257: 401
258: 400
259: 401
260: 401
261: 399
262: 400
263: 400
264: 401
265: 398
266: 400
267: 401
268: 399
269: 399
270: 400
271: 402
272: 399
273: 399
274: 401
275: 401
276: 399
277: 399
278: 401
279: 400
280: 399
281: 402
282: 401
283: 399
284: 400
285: 401
286: 400
287: 399
288: 402
289: 402
290: 400
291: 399
292: 401
293: 400
294: 399
295: 399
296: 402
297: 400
298: 399
299: 401
300: 400
301: 400
302: 399
303: 402
304: 400
305: 399
306: 400
307: 402
308: 400
309: 399
310: 401
311: 400
312: 400
313: 400
314: 401
315: 400
316: 399
317: 400
318: 400
319: 400
320: 400
321: 401
322: 399
323: 400
324: 400
325: 400
326: 400
327: 400
328: 400
329: 400
330: 400
331: 400
332: 400
333: 400
334: 399
335: 400
336: 400
337: 400
338: 401
339: 400
340: 400
341: 400
342: 401
343: 400
344: 400
345: 401
346: 400
347: 399
348: 400
349: 400
350: 400
351: 401
352: 401
353: 400
354: 399
355: 400
356: 402
357: 400
358: 400
359: 400
360: 401
361: 399
362: 400
363: 400
364: 401
365: 400
366: 400
367: 401
368: 399
369: 400
370: 401
371: 401
372: 399
373: 400
374: 400
375: 399
376: 399
377: 401
378: 400
379: 399
380: 399
381: 401
382: 399
383: 399
384: 400
385: 400
386: 399
387: 399
388: 401
389: 400
390: 398
391: 399
392: 401
393: 399
394: 399
395: 401
396: 401
397: 399
398: 399
399: 402
400: 400
401: 399
402: 400
403: 402
404: 401
405: 400
406: 402
407: 401
408: 400
409: 401
410: 400
411: 400
412: 399
413: 400
414: 400
415: 400
416: 400
417: 401
418: 400
419: 399
420: 400
421: 400
422: 400
423: 398
424: 401
425: 399
426: 399
427: 400
428: 402
429: 400
430: 399
431: 401
432: 400
433: 400
434: 400
435: 401
436: 400
437: 400
438: 401
439: 400
440: 400
441: 401
442: 401
443: 400
444: 400
445: 400
446: 400
447: 400
448: 400
449: 401
450: 400
451: 400
452: 401
453: 399
454: 400
455: 400
456: 401
457: 400
458: 400
459: 401
460: 400
461: 400
462: 400
463: 401
464: 399
465: 400
466: 400
467: 401
468: 399
469: 400
470: 401
471: 399
472: 400
473: 400
474: 401
475: 399
476: 401
477: 401
478: 400
479: 400
480: 401
481: 402
482: 400
483: 401
484: 402
485: 400
486: 400
487: 401
488: 402
489: 399
490: 400
491: 401
492: 400
493: 399
494: 400
495: 401
496: 400
497: 399
498: 401
499: 402
500: 399
