1: 402
2: 402
3: 401
4: 399
5: 401
6: 400
7: 400
8: 400
9: 401
10: 401
11: 401
12: 400
13: 400
14: 399
15: 400
16: 400
17: 401
18: 400
19: 399
20: 401
21: 400
22: 400
23: 401
24: 402
25: 400
26: 400
27: 399
28: 401
29: 400
30: 400
31: 399
32: 400
33: 400
34: 399
35: 399
36: 400
37: 401
38: 399
39: 400
40: 400
41: 401
42: 399
43: 399
44: 401
45: 402
46: 400
47: 401
48: 402
49: 401
50: 401
51: 401
52: 402
53: 401
54: 401
55: 400
56: 402
57: 400
58: 400
59: 400
60: 400
61: 400
62: 400
63: 401
64: 400
65: 400
66: 399
67: 400
68: 401
69: 402
70: 400
71: 400
72: 400
73: 401
74: 399
75: 399
76: 401
77: 400
78: 400
79: 399
80: 401
81: 400
82: 400
83: 399
84: 401
85: 400
86: 399
87: 399
88: 400
89: 400
90: 398
91: 400
92: 400
93: 401
94: 399
95: 400
96: 400
97: 401
98: 399
99: 399
100: 400
101: 400
102: 398
103: 400
104: 400
105: 398
106: 399
107: 400
108: 400
109: 398
110: 399
111: 400
112: 399
113: 399
114: 401
115: 400
116: 398
117: 400
118: 400
119: 400
120: 400
121: 402
122: 402
123: 399
124: 399
125: 401
126: 400
127: 399
128: 399
129: 400
130: 400
131: 399
132: 401
133: 401
134: 399
135: 400
136: 401
137: 400
138: 399
139: 400
140: 401
141: 399
142: 399
143: 401
144: 399
145: 399
146: 400
147: 401
148: 400
149: 398
150: 400
151: 399
152: 399
153: 399
154: 401
155: 399
156: 399
157: 400
158: 399
159: 399
160: 399
161: 400
162: 400
163: 399
164: 400
165: 400
166: 400
167: 399
168: 399
169: 400
170: 400
171: 400
172: 400
173: 399
174: 400
175: 400
176: 399
177: 400
178: 400
179: 400
180: 400
181: 399
182: 400
183: 399
184: 400
185: 400
186: 399
187: 399
188: 399
189: 400
190: 399
191: 400
192: 400
193: 400
194: 399
195: 399
196: 400
197: 399
198: 399
199: 399
200: 400
201: 399
202: 400
203: 401
204: 400
205: 399
206: 400
207: 401
208: 398
209: 400
210: 400
211: 400
212: 399
213: 400
214: 401
215: 399
216: 399
217: 401
218: 400
219: 399
220: 400
221: 400
222: 399
223: 398
224: 401
225: 400
226: 399
227: 399
228: 400
229: 400
230: 398
231: 400
232: 401
233: 400
234: 399
235: 400
236: 401
237: 400
238: 399
239: 401
240: 399
241: 399
242: 400
243: 401
244: 400
245: 398
246: 400
247: 400
248: 399
249: 399
250: 401
251: 399
252: 399
253: 400
254: 399
255: 399
256: 399
257: 401
258: 400
259: 400
260: 400
261: 400
262: 399
263: 399
264: 400
265: 400
266: 400
267: 400
268: 401
269: 399
270: 399
271: 400
272: 399
273: 400
274: 400
275: 400
276: 400
277: 399
278: 400
279: 399
280: 399
281: 400
282: 399
283: 401
284: 399
285: 400
286: 399
287: 399
288: 399
289: 400
290: 399
291: 399
292: 400
293: 399
294: 400
295: 399
296: 400
297: 399
298: 400
299: 400
300: 399
301: 399
302: 400
303: 400
304: 398
305: 400
306: 400
307: 400
308: 399
309: 399
310: 401
311: 399
312: 399
313: 400
314: 400
315: 399
316: 400
317: 400
318: 399
319: 398
320: 400
321: 400
322: 398
323: 399
324: 400
325: 399
326: 398
327: 400
328: 400
329: 399
330: 398
331: 401
332: 401
333: 398
334: 399
335: 400
336: 399
337: 398
338: 400
339: 400
340: 399
341: 399
342: 400
343: 399
344: 398
345: 400
346: 400
347: 399
348: 399
349: 401
350: 400
351: 399
352: 399
353: 400
354: 399
355: 399
356: 400
357: 400
358: 400
359: 399
360: 401
361: 399
362: 399
363: 400
364: 401
365: 400
366: 398
367: 400
368: 400
369: 399
370: 399
371: 400
372: 399
373: 399
374: 400
375: 400
376: 399
377: 399
378: 400
379: 400
380: 399
381: 400
382: 399
383: 399
384: 400
385: 400
386: 400
387: 400
388: 400
389: 399
390: 400
391: 400
392: 400
393: 399
394: 400
395: 400
396: 400
397: 399
398: 399
399: 399
400: 399
401: 400
402: 400
403: 400
404: 399
405: 400
406: 400
407: 399
408: 400
409: 400
410: 400
411: 399
412: 400
413: 401
414: 399
415: 399
416: 400
417: 400
418: 399
419: 399
420: 401
421: 400
422: 399
423: 400
424: 400
425: 400
426: 399
427: 401
428: 401
429: 399
430: 400
431: 401
432: 399
433: 399
434: 401
435: 401
436: 399
437: 399
438: 401
439: 400
440: 399
441: 401
442: 401
443: 399
444: 399
445: 401
446: 400
447: 399
448: 400
449: 400
450: 400
451: 399
452: 401
453: 400
454: 399
455: 399
456: 401
457: 400
458: 398
459: 401
460: 400
461: 399
462: 399
463: 401
464: 400
465: 399
466: 400
467: 402
468: 400
469: 399
470: 401
471: 400
472: 399
473: 400
474: 402
475: 400
476: 400
477: 400
478: 400
479: 400
480: 400
481: 401
482: 400
483: 399
484: 400
485: 400
486: 400
487: 400
488: 401
489: 400
490: 399
491: 400
492: 401
493: 400
494: 400
495: 400
496: 400
497: 400
498: 401
499: 401
500: 400
