1: 401
2: 401
3: 400
4: 400
5: 399
6: 399
7: 399
8: 401
9: 401
10: 400
11: 401
12: 399
13: 400
14: 400
15: 401
16: 401
17: 401
18: 400
19: 400
20: 401
21: 401
22: 400
23: 401
24: 400
25: 401
26: 401
27: 400
28: 400
29: 401
30: 399
31: 400
32: 401
33: 401
34: 401
35: 400
36: 401
37: 401
38: 400
39: 400
40: 401
41: 400
42: 400
43: 399
44: 402
45: 401
46: 401
47: 401
48: 401
49: 400
50: 400
51: 401
52: 400
53: 401
54: 400
55: 401
56: 399
57: 401
58: 400
59: 401
60: 401
61: 401
62: 401
63: 400
64: 401
65: 401
66: 401
67: 399
68: 401
69: 399
70: 400
71: 400
72: 402
73: 400
74: 400
75: 399
76: 401
77: 400
78: 399
79: 400
80: 400
81: 401
82: 399
83: 400
84: 400
85: 401
86: 400
87: 400
88: 401
89: 401
90: 399
91: 400
92: 402
93: 401
94: 400
95: 400
96: 401
97: 400
98: 400
99: 399
100: 400
101: 401
102: 400
103: 399
104: 401
105: 400
106: 400
107: 400
108: 401
109: 399
110: 399
111: 400
112: 400
113: 399
114: 400
115: 401
116: 400
117: 400
118: 401
119: 402
120: 400
121: 400
122: 400
123: 401
124: 400
125: 400
126: 400
127: 400
128: 400
129: 400
130: 400
131: 400
132: 400
133: 400
134: 400
135: 400
136: 400
137: 399
138: 400
139: 401
140: 400
141: 400
142: 400
143: 400
144: 399
145: 400
146: 401
147: 400
148: 400
149: 400
150: 401
151: 399
152: 400
153: 401
154: 401
155: 400
156: 400
157: 401
158: 399
159: 400
160: 401
161: 401
162: 399
163: 400
164: 401
165: 400
166: 399
167: 400
168: 401
169: 399
170: 399
171: 401
172: 401
173: 399
174: 400
175: 401
176: 399
177: 399
178: 401
179: 401
180: 399
181: 400
182: 401
183: 400
184: 399
185: 401
186: 401
187: 401
188: 400
189: 402
190: 400
191: 399
192: 401
193: 402
194: 400
195: 399
196: 401
197: 400
198: 399
199: 399
200: 401
201: 400
202: 399
203: 400
204: 400
205: 400
206: 400
207: 402
208: 400
209: 400
210: 401
211: 402
212: 400
213: 399
214: 401
215: 400
216: 400
217: 400
218: 401
219: 400
220: 400
221: 401
222: 400
223: 400
224: 401
225: 401
226: 400
227: 400
228: 400
229: 400
230: 400
231: 400
232: 402
233: 400
234: 400
235: 401
236: 400
237: 401
238: 400
239: 401
240: 400
241: 400
242: 401
243: 401
244: 400
245: 400
246: 401
247: 400
248: 401
249: 401
250: 400
251: 400
252: 400
253: 402
254: 400
255: 400
256: 400
257: 401
258: 400
259: 401
260: 401
261: 399
262: 400
263: 400
264: 401
265: 399
266: 400
267: 401
268: 400
269: 400
270: 400
271: 401
272: 399
273: 400
274: 401
275: 401
276: 399
277: 401
278: 401
279: 400
280: 400
281: 401
282: 401
283: 399
284: 401
285: 401
286: 400
287: 398
288: 402
289: 402
290: 400
291: 399
292: 401
293: 400
294: 399
295: 400
296: 401
297: 399
298: 400
299: 401
300: 401
301: 399
302: 400
303: 401
304: 400
305: 399
306: 401
307: 402
308: 400
309: 399
310: 402
311: 400
312: 399
313: 400
314: 402
315: 401
316: 399
317: 401
318: 400
319: 400
320: 400
321: 402
322: 400
323: 400
324: 401
325: 401
326: 400
327: 400
328: 401
329: 400
330: 399
331: 400
332: 402
333: 400
334: 400
335: 401
336: 401
337: 400
338: 400
339: 401
340: 400
341: 400
342: 400
343: 400
344: 400
345: 400
346: 401
347: 401
348: 401
349: 401
350: 401
351: 400
352: 401
353: 400
354: 401
355: 401
356: 400
357: 401
358: 402
359: 400
360: 401
361: 399
362: 401
363: 401
364: 400
365: 400
366: 400
367: 401
368: 399
369: 400
370: 401
371: 401
372: 400
373: 401
374: 402
375: 400
376: 400
377: 401
378: 401
379: 400
380: 401
381: 402
382: 400
383: 400
384: 402
385: 402
386: 400
387: 401
388: 402
389: 401
390: 400
391: 401
392: 402
393: 400
394: 400
395: 402
396: 401
397: 400
398: 400
399: 402
400: 400
401: 400
402: 402
403: 403
404: 400
405: 400
406: 402
407: 401
408: 399
409: 402
410: 402
411: 400
412: 400
413: 402
414: 401
415: 400
416: 400
417: 401
418: 401
419: 399
420: 401
421: 400
422: 400
423: 399
424: 402
425: 400
426: 400
427: 401
428: 401
429: 400
430: 400
431: 401
432: 400
433: 400
434: 401
435: 401
436: 400
437: 400
438: 401
439: 401
440: 400
441: 401
442: 402
443: 401
444: 400
445: 401
446: 400
447: 401
448: 401
449: 402
450: 401
451: 400
452: 401
453: 400
454: 400
455: 400
456: 400
457: 400
458: 400
459: 401
460: 401
461: 401
462: 400
463: 401
464: 400
465: 400
466: 401
467: 401
468: 400
469: 400
470: 401
471: 399
472: 400
473: 400
474: 401
475: 400
476: 400
477: 401
478: 400
479: 400
480: 401
481: 401
482: 399
483: 401
484: 401
485: 401
486: 400
487: 400
488: 401
489: 399
490: 400
491: 402
492: 401
493: 400
494: 401
495: 402
496: 399
497: 399
498: 402
499: 402
500: 399
