0, 0, 0, 0.020000209065061045, 0, 863.6555102040817
1, 1.0000105398511774, 0, 0.02000021079702355, 1.0000105398511774, 669.2734693877551
2, 1.0000334470533145, 0, 0.2600032449520886, 1.0000334470533145, 531.3934693877551
3, 1.0000178865278673, 0, 0.6200070329489142, 1.0000334470533145, 497.3804081632653
4, 1.0000196769052163, 0, 0.4400066714788678, 1.0000334470533145, 381.7844897959184
5, 1.0000472143531633, 0, 0.6400112197266163, 1.0000472143531633, 291.56734693877553
6, 1.0000227422619454, 0, 0.620016168538623, 1.0000472143531633, 240.73877551020408
7, 1.0000472835595065, 0, 0.7600173294653775, 1.0000472835595065, 209.28897959183672
8, 1.0001847404396822, 0, 0.8200240962468627, 1.0001847404396822, 256.3738775510204
9, 1.0003818251240932, 0, 0.880041083286954, 1.0003818251240932, 256.87265306122447
10, 1.0005467468562055, 0, 0.8400581694165156, 1.0005467468562055, 243.38367346938776
11, 1.0007446016381236, 0, 0.7600764862294868, 1.0007446016381236, 222.70530612244897
12, 1.0002912055911473, 0, 0.7600650545243518, 1.0007446016381236, 158.87102040816328
13, 1.000301568154403, 0, 0.76006908481104, 1.0007446016381236, 107.72081632653061
14, 1.000284010224368, 0, 0.8000829277279012, 1.0007446016381236, 97.71428571428571
15, 1.000459981600736, 0, 0.800086777505025, 1.0007446016381236, 91.19020408163266
16, 1.0010604453870626, 0, 0.8201657677871518, 1.0010604453870626, 69.37061224489796
17, 1.0011723329425557, 0, 0.8802013705253698, 1.0011723329425557, 69.6465306122449
18, 1.0007158196134573, 0, 0.8801565288255238, 1.0011723329425557, 72.13061224489796
19, 1.0004816955684008, 0, 0.9201373449816594, 1.0011723329425557, 66.71755102040817
20, 1.0005750431282345, 0, 0.8601618388570423, 1.0011723329425557, 53.990204081632655
21, 1.001984126984127, 0, 0.9202859988583356, 1.001984126984127, 52.26938775510204
22, 1.0023310023310024, 0, 0.9403305812971654, 1.0023310023310024, 52.4465306122449
23, 1.0047846889952152, 0, 0.9002198427924604, 1.0047846889952152, 56.735510204081635
24, 1.0018148820326678, 0, 0.9003014971466101, 1.0047846889952152, 48.1665306122449
25, 1.0017543859649123, 0, 0.9203201955693175, 1.0047846889952152, 45.41795918367347
26, 1.0012919896640826, 0, 0.9402807062167119, 1.0047846889952152, 46.47265306122449
27, 1.0010060362173039, 0, 0.9202774760672568, 1.0047846889952152, 51.34448979591837
28, 1.0007215007215007, 0, 0.9801749228146873, 1.0047846889952152, 55.89469387755102
29, 1.002865329512894, 0, 0.9402551536285741, 1.0047846889952152, 51.65387755102041
30, 1.0006172839506173, 0, 0.9201656110109208, 1.0047846889952152, 52.83183673469388
31, 1.001466275659824, 0, 0.9001835844862116, 1.0047846889952152, 53.12244897959184
32, 1.0013550135501355, 0, 0.8601996500561665, 1.0047846889952152, 55.795102040816325
33, 1.0039525691699605, 0, 0.9003689680101661, 1.0047846889952152, 57.30367346938775
34, 1.0015015015015014, 0, 0.8002370931253321, 1.0047846889952152, 62.38612244897959
35, 1.0013568521031209, 0, 0.8001997430495229, 1.0047846889952152, 62.31428571428572
36, 1.002, 0, 0.8602956684869814, 1.0047846889952152, 62.82857142857143
37, 1.0017094017094017, 0, 0.9003071961876898, 1.0047846889952152, 62.08081632653061
38, 1.001466275659824, 0, 0.9002854002947416, 1.0047846889952152, 67.69469387755102
39, 1.001547987616099, 0, 0.8803379442035856, 1.0047846889952152, 70.81959183673469
40, 1.0031746031746032, 0, 0.8803757481463285, 1.0047846889952152, 73.11836734693877
41, 1.0040322580645162, 0, 0.8404350418223869, 1.0047846889952152, 78.61714285714285
42, 1.0018832391713748, 0, 0.8603395178671807, 1.0047846889952152, 79.35836734693878
43, 1.002004008016032, 0, 0.8403415867541726, 1.0047846889952152, 81.47428571428571
44, 1.0017889087656529, 0, 0.8002317333099771, 1.0047846889952152, 80.84979591836735
45, 1.0014084507042254, 0, 0.8402506556252726, 1.0047846889952152, 88.76163265306123
46, 1.0012674271229405, 0, 0.840243942912116, 1.0047846889952152, 79.38775510204081
47, 1.0014388489208632, 0, 0.9003655712583358, 1.0047846889952152, 80.90938775510205
48, 1.0015128593040847, 0, 0.8802803133521725, 1.0047846889952152, 80.08816326530612
49, 1.0039525691699605, 0, 0.8202804941872435, 1.0047846889952152, 88.95428571428572
50, 1.0012706480304956, 0, 0.8202409592141193, 1.0047846889952152, 98.81469387755102
51, 1.0034602076124568, 0, 0.8803150985671735, 1.0047846889952152, 95.9730612244898
52, 1.0051546391752577, 0, 0.8803834624860282, 1.0051546391752577, 93.9665306122449
53, 1.0016366612111294, 0, 0.8803194195679047, 1.0051546391752577, 89.12408163265306
54, 1.0013175230566536, 0, 0.8803530866958684, 1.0051546391752577, 80.04408163265306
55, 1.002, 0, 0.9403907602321318, 1.0051546391752577, 86.12816326530613
56, 1.0006944444444446, 0, 0.900225871649496, 1.0051546391752577, 95.23183673469387
57, 1.0036101083032491, 0, 0.8603807873491592, 1.0051546391752577, 88.14367346938775
58, 1.0018796992481203, 0, 0.9003181996713708, 1.0051546391752577, 77.52897959183673
59, 1.0060975609756098, 0, 0.8404590769551235, 1.0060975609756098, 86.89469387755102
60, 1.000996015936255, 0, 0.7802679558476234, 1.0060975609756098, 110.23673469387755
61, 1.0046296296296295, 0, 0.8003626215290376, 1.0060975609756098, 102.55428571428571
62, 1.0012706480304956, 0, 0.8803032090067515, 1.0060975609756098, 102.31510204081633
63, 1.0021505376344086, 0, 0.8203815372930501, 1.0060975609756098, 98.68081632653062
64, 1.0012360939431397, 0, 0.9403222324748043, 1.0060975609756098, 96.20571428571428
65, 1.0060975609756098, 0, 0.9004958348730843, 1.0060975609756098, 102.34857142857143
66, 1.0067567567567568, 0, 0.860403266633915, 1.0067567567567568, 99.43428571428572
67, 1.0008460236886634, 0, 0.9202239038088266, 1.0067567567567568, 99.10612244897959
68, 1.0020366598778003, 0, 0.9003279764015073, 1.0067567567567568, 103.08489795918368
69, 1.0023041474654377, 0, 0.900306595740687, 1.0067567567567568, 102.45387755102041
70, 1.00390625, 0, 0.8803617659394676, 1.0067567567567568, 82.41061224489796
71, 1.0004610419548179, 0, 0.9001414829316033, 1.0067567567567568, 78.95020408163265
72, 1.001937984496124, 0, 0.8202661704860391, 1.0067567567567568, 76.75102040816327
73, 1.0010351966873705, 0, 0.840274299567453, 1.0067567567567568, 82.31428571428572
74, 1.0017761989342806, 0, 0.840283078013051, 1.0067567567567568, 73.12571428571428
75, 1.0017985611510791, 0, 0.8403800398051158, 1.0067567567567568, 69.46775510204081
76, 1.0010183299389002, 0, 0.9002607898802915, 1.0067567567567568, 72.51836734693877
77, 1.0009832841691249, 0, 0.8202918371575519, 1.0067567567567568, 73.58530612244898
78, 1.0018518518518518, 0, 0.8603310553191296, 1.0067567567567568, 73.5926530612245
79, 1.0028818443804035, 0, 0.9004546524039132, 1.0067567567567568, 79.08489795918368
80, 1.0017921146953406, 0, 0.8802943505718896, 1.0067567567567568, 81.52408163265306
81, 1.002680965147453, 0, 0.8804701219811658, 1.0067567567567568, 82.72734693877551
82, 1.0036630036630036, 0, 0.8804022179410461, 1.0067567567567568, 82.46285714285715
83, 1.0025575447570332, 0, 0.8803843543534575, 1.0067567567567568, 70.75510204081633
84, 1.0007267441860466, 0, 0.9202439080409183, 1.0067567567567568, 71.97714285714285
85, 1.0010905125408942, 0, 0.9202539310265136, 1.0067567567567568, 65.69632653061224
86, 1.0052631578947369, 0, 0.8803977513422968, 1.0067567567567568, 72.86448979591837
87, 1.0007326007326007, 0, 0.8801638965404115, 1.0067567567567568, 75.21061224489796
88, 1.0026246719160106, 0, 0.8404188606660631, 1.0067567567567568, 77.64081632653061
89, 1.0007570022710068, 0, 0.8401809235761759, 1.0067567567567568, 83.59183673469387
90, 1.0060240963855422, 0, 0.8202821314846566, 1.0067567567567568, 81.36
91, 1.0013908205841446, 0, 0.8202822508617065, 1.0067567567567568, 82.35591836734694
92, 1.0063694267515924, 0, 0.8004905938255688, 1.0067567567567568, 80.30285714285715
93, 1.0015847860538827, 0, 0.9003285125995517, 1.0067567567567568, 88.45632653061224
94, 1.001031991744066, 0, 0.860235744018531, 1.0067567567567568, 90.44
95, 1.0011862396204034, 0, 0.9202584894418127, 1.0067567567567568, 91.47102040816327
96, 1.003154574132492, 0, 0.9203753842790876, 1.0067567567567568, 89.26285714285714
97, 1.0033112582781456, 0, 0.9605647486240378, 1.0067567567567568, 88.82040816326531
98, 1.0018832391713748, 0, 0.9204090471803178, 1.0067567567567568, 93.94204081632653
99, 1.0009049773755656, 0, 0.9002141643438112, 1.0067567567567568, 91.62775510204082
100, 1.0008849557522124, 0, 0.8602207643979192, 1.0067567567567568, 94.02204081632654
101, 1.0071942446043165, 0, 0.8204358219699976, 1.0071942446043165, 95.21306122448979
102, 1.0019011406844107, 0, 0.9402713535808391, 1.0071942446043165, 98.59836734693877
103, 1.0050761421319796, 0, 0.9004438353994973, 1.0071942446043165, 100.37551020408164
104, 1.0030395136778116, 0, 0.8604463956674284, 1.0071942446043165, 99.88571428571429
105, 1.001934235976789, 0, 0.8802893539784994, 1.0071942446043165, 98.08489795918368
106, 1.0008496176720476, 0, 0.8402736354245443, 1.0071942446043165, 98.29714285714286
107, 1.0024449877750612, 0, 0.840349610240477, 1.0071942446043165, 106.55428571428571
108, 1.0035714285714286, 0, 0.8603820252900413, 1.0071942446043165, 111.93959183673469
109, 1.0021008403361344, 0, 0.8603135136970212, 1.0071942446043165, 108.68326530612245
110, 1.0163934426229508, 0, 0.9007288707852478, 1.0163934426229508, 116.39755102040816
111, 1.0012285012285012, 0, 0.9003216577993394, 1.0163934426229508, 121.92979591836735
112, 1.0016077170418007, 0, 0.9203113691458998, 1.0163934426229508, 120.23102040816326
113, 1.0010162601626016, 0, 0.9403107723236027, 1.0163934426229508, 122.97387755102041
114, 1.003787878787879, 0, 0.9004849128030521, 1.0163934426229508, 125.62204081632653
115, 1.001123595505618, 0, 0.8603056904327504, 1.0163934426229508, 122.28408163265306
116, 1.0040485829959513, 0, 0.8403914523166149, 1.0163934426229508, 116.75183673469388
117, 1.0017699115044247, 0, 0.8602626829478974, 1.0163934426229508, 100.74204081632654
118, 1.0014347202295553, 0, 0.7602383906574538, 1.0163934426229508, 94.51265306122448
119, 1.0015243902439024, 0, 0.7202586705653863, 1.0163934426229508, 88.55265306122449
120, 1.0046296296296295, 0, 0.7803611399175411, 1.0163934426229508, 74.17224489795919
121, 1.0043668122270741, 0, 0.7402332321061015, 1.0163934426229508, 67.14775510204082
122, 1.001615508885299, 0, 0.7802548069548325, 1.0163934426229508, 66.20734693877552
123, 1.0007949125596185, 0, 0.7001678579287892, 1.0163934426229508, 68.93959183673469
124, 1.001602564102564, 0, 0.8002248890861626, 1.0163934426229508, 61.76571428571429
125, 1.0017953321364452, 0, 0.9002951640110055, 1.0163934426229508, 84.01959183673469
126, 1.002680965147453, 0, 0.8202712169481646, 1.0163934426229508, 74.76326530612245
127, 1.000483792936623, 0, 0.8801468612239826, 1.0163934426229508, 94.90285714285714
128, 1.0013140604467805, 0, 0.9002491005605125, 1.0163934426229508, 108.95591836734694
129, 1.0034843205574913, 0, 0.8403357897430497, 1.0163934426229508, 101.24326530612245
130, 1.0014245014245013, 0, 0.8402019502043747, 1.0163934426229508, 106.45224489795919
131, 1.0010471204188482, 0, 0.8402059177392485, 1.0163934426229508, 111.44571428571429
132, 1.0009606147934678, 0, 0.9402419086895396, 1.0163934426229508, 121.42857142857143
133, 1.0075757575757576, 0, 0.940409825541035, 1.0163934426229508, 123.43510204081633
134, 1.001410437235543, 0, 0.9402633361190881, 1.0163934426229508, 113.68979591836735
135, 1.001937984496124, 0, 0.8802886479597234, 1.0163934426229508, 117.40897959183674
136, 1.002247191011236, 0, 0.9202965370869852, 1.0163934426229508, 131.74857142857144
137, 1.0009832841691249, 0, 0.8202175021221839, 1.0163934426229508, 131.48816326530613
138, 1.0017889087656529, 0, 0.8803137163178303, 1.0163934426229508, 136.8530612244898
139, 1.0014084507042254, 0, 0.8802849390710289, 1.0163934426229508, 134.9534693877551
140, 1.0078125, 0, 0.880481175514503, 1.0163934426229508, 139.85142857142858
141, 1.0024213075060533, 0, 0.8403495394573117, 1.0163934426229508, 142.3248979591837
142, 1.0040322580645162, 0, 0.9003293232215616, 1.0163934426229508, 142.80979591836734
143, 1.0013262599469497, 0, 0.8802517449094706, 1.0163934426229508, 133.79183673469387
144, 1.0021413276231264, 0, 0.8403970316358417, 1.0163934426229508, 119.04408163265306
145, 1.0021413276231264, 0, 0.8003010887659856, 1.0163934426229508, 116.67591836734694
146, 1.0052356020942408, 0, 0.8204249170347516, 1.0163934426229508, 108.34122448979592
147, 1.0026041666666667, 0, 0.9004038239038298, 1.0163934426229508, 100.98857142857143
148, 1.0053763440860215, 0, 0.8205198035662604, 1.0163934426229508, 119.71102040816326
149, 1.002932551319648, 0, 0.8804230088475379, 1.0163934426229508, 119.12571428571428
150, 1.002262443438914, 0, 0.8603870181182033, 1.0163934426229508, 126.59102040816326
151, 1.002145922746781, 0, 0.8804684729708433, 1.0163934426229508, 140.05877551020407
152, 1.0018018018018018, 0, 0.8604202336275231, 1.0163934426229508, 132.36816326530612
153, 1.001392757660167, 0, 0.8803202683098503, 1.0163934426229508, 135.24244897959184
154, 1.0010695187165775, 0, 0.9203458789059986, 1.0163934426229508, 133.74367346938774
155, 1.001615508885299, 0, 0.8804636075745128, 1.0163934426229508, 132.19755102040816
156, 1.003125, 0, 0.8603688851205707, 1.0163934426229508, 136.32163265306122
157, 1.002288329519451, 0, 0.9003414214594103, 1.0163934426229508, 134.32244897959183
158, 1.0017574692442883, 0, 0.8803345171059249, 1.0163934426229508, 126.08081632653061
159, 1.0014204545454546, 0, 0.8603258074296268, 1.0163934426229508, 139.1469387755102
160, 1.003058103975535, 0, 0.9002822789623791, 1.0163934426229508, 144.0995918367347
161, 1.0022522522522523, 0, 0.920257118697275, 1.0163934426229508, 141.23755102040818
162, 1.0007087172218285, 0, 0.9201721955033194, 1.0163934426229508, 135.41795918367347
163, 1.0009910802775024, 0, 0.9002160733731636, 1.0163934426229508, 151.76489795918368
164, 1.0008424599831507, 0, 0.8802102656917363, 1.0163934426229508, 154.3004081632653
165, 1.0043103448275863, 0, 0.880351705240672, 1.0163934426229508, 145.3542857142857
166, 1.000752445447705, 0, 0.9001498666442853, 1.0163934426229508, 156.9542857142857
167, 1.0015847860538827, 0, 0.8802590832808015, 1.0163934426229508, 146.6873469387755
168, 1.0020408163265306, 0, 0.9202567546367811, 1.0163934426229508, 121.32816326530612
169, 1.0025, 0, 0.9203493224666487, 1.0163934426229508, 131.67755102040817
170, 1.0017921146953406, 0, 0.9603591368261335, 1.0163934426229508, 109.72816326530612
171, 1.001615508885299, 0, 0.8802726340796689, 1.0163934426229508, 102.52979591836734
172, 1.001996007984032, 0, 0.900317831867649, 1.0163934426229508, 90.35102040816327
173, 1.0005302226935313, 0, 0.8401729250839435, 1.0163934426229508, 71.96163265306123
174, 1.0089285714285714, 0, 0.8605215376660419, 1.0163934426229508, 77.01877551020408
175, 1.0025125628140703, 0, 0.9002905549089688, 1.0163934426229508, 70.9134693877551
176, 1.001492537313433, 0, 0.8803515758617343, 1.0163934426229508, 76.36081632653061
177, 1.0042194092827004, 0, 0.8804627816008742, 1.0163934426229508, 71.10367346938776
178, 1.0042372881355932, 0, 0.900348723812334, 1.0163934426229508, 64.18122448979592
179, 1.001675041876047, 0, 0.8203497171483375, 1.0163934426229508, 59.31510204081633
180, 1.0013793103448276, 0, 0.9003790211999311, 1.0163934426229508, 54.031836734693876
181, 1.0076335877862594, 0, 0.9204357621200798, 1.0163934426229508, 59.44
182, 1.0009233610341643, 0, 0.9002105667890938, 1.0163934426229508, 62.04816326530612
183, 1.0454545454545454, 0, 0.9213115633942411, 1.0454545454545454, 59.81306122448979
184, 1.0014792899408285, 0, 0.8602222137241732, 1.0454545454545454, 62.27836734693877
185, 1.0013736263736264, 0, 0.8001969769296474, 1.0454545454545454, 56.89877551020408
186, 1.0026246719160106, 0, 0.8403701579801759, 1.0454545454545454, 60.757551020408165
187, 1.00398406374502, 0, 0.8604309088317464, 1.0454545454545454, 60.667755102040815
188, 1.0014903129657229, 0, 0.8403240944430616, 1.0454545454545454, 69.85795918367347
189, 1.0033557046979866, 0, 0.8603338714428669, 1.0454545454545454, 79.3273469387755
190, 1.0010330578512396, 0, 0.8802773156839225, 1.0454545454545454, 83.07020408163265
191, 1.0046728971962617, 0, 0.9405452255608631, 1.0454545454545454, 86.06530612244897
192, 1.0018181818181817, 0, 0.9404116489327169, 1.0454545454545454, 87.81142857142858
193, 1.0020449897750512, 0, 0.9604343994641197, 1.0454545454545454, 84.68
194, 1.0044642857142858, 0, 0.8804260844066327, 1.0454545454545454, 85.49469387755101
195, 1.0024752475247525, 0, 0.9404810734261656, 1.0454545454545454, 78.02775510204081
196, 1.0012674271229405, 0, 0.9003879295789393, 1.0454545454545454, 73.02204081632654
197, 1.0010405827263267, 0, 0.9002984962332619, 1.0454545454545454, 69.65959183673469
198, 1.0037037037037038, 0, 0.880444741090418, 1.0454545454545454, 65.04163265306123
199, 1.0024752475247525, 0, 0.9003882223450698, 1.0454545454545454, 66.67591836734694
200, 1.0008605851979346, 0, 0.9402602429487356, 1.0454545454545454, 69.38285714285715
201, 1.0010964912280702, 0, 0.9003697399100598, 1.0454545454545454, 61.157551020408164
202, 1.0033557046979866, 0, 0.8403265921011738, 1.0454545454545454, 57.27755102040816
203, 1.0011682242990654, 0, 0.940332233637278, 1.0454545454545454, 52.756734693877554
204, 1.0012836970474968, 0, 0.9003061549860621, 1.0454545454545454, 62.65469387755102
205, 1.0092592592592593, 0, 0.9205438605583128, 1.0454545454545454, 71.25469387755102
206, 1.0013736263736264, 0, 0.9003170016680465, 1.0454545454545454, 74.1191836734694
207, 1.0022421524663676, 0, 0.9203877558383939, 1.0454545454545454, 70.04
208, 1.001937984496124, 0, 0.8803187345353285, 1.0454545454545454, 72.61632653061224
209, 1.0192307692307692, 0, 0.880659382751074, 1.0454545454545454, 76.14857142857143
210, 1.0040160642570282, 0, 0.8804456963329689, 1.0454545454545454, 78.57061224489796
211, 1.0029239766081872, 0, 0.9003390548022776, 1.0454545454545454, 87.7934693877551
212, 1.0018691588785047, 0, 0.9404320015137544, 1.0454545454545454, 79.20734693877552
213, 1.0012919896640826, 0, 0.9403256972157326, 1.0454545454545454, 73.73795918367347
214, 1.0040816326530613, 0, 0.9203983770251962, 1.0454545454545454, 73.91428571428571
215, 1.0212765957446808, 0, 0.900682412176986, 1.0454545454545454, 75.61551020408163
216, 1.0020366598778003, 0, 0.9004489671816965, 1.0454545454545454, 70.41795918367347
217, 1.0028328611898016, 0, 0.920501497280543, 1.0454545454545454, 74.9673469387755
218, 1.0020661157024793, 0, 0.8803621665338089, 1.0454545454545454, 80.04244897959184
219, 1.0044843049327354, 0, 0.8404029516979483, 1.0454545454545454, 79.71428571428571
220, 1.0013642564802183, 0, 0.8603230116825132, 1.0454545454545454, 77.07755102040817
221, 1.0044444444444445, 0, 0.9003782189125066, 1.0454545454545454, 58.59836734693877
222, 1.0010660980810235, 0, 0.9003256018775753, 1.0454545454545454, 61.89142857142857
223, 1.0027472527472527, 0, 0.9204536745963711, 1.0454545454545454, 52.56979591836735
224, 1.0012594458438286, 0, 0.960319933921119, 1.0454545454545454, 52.44979591836735
225, 1.0008741258741258, 0, 0.9603192239149032, 1.0454545454545454, 48.395102040816326
226, 1.0019120458891013, 0, 0.9603686769304534, 1.0454545454545454, 52.98204081632653
227, 1.0034843205574913, 0, 0.9404372924371834, 1.0454545454545454, 59.64
228, 1.0044444444444445, 0, 0.8604955154422368, 1.0454545454545454, 63.307755102040815
229, 1.0013404825737264, 0, 0.8804442213316244, 1.0454545454545454, 67.0530612244898
230, 1.0057142857142858, 0, 0.8604470148738236, 1.0454545454545454, 72.6995918367347
231, 1.0021598272138228, 0, 0.8604486183160681, 1.0454545454545454, 74.50775510204082
232, 1.0033333333333334, 0, 0.8804664674192243, 1.0454545454545454, 77.32408163265306
233, 1.0013661202185793, 0, 0.9002979147934219, 1.0454545454545454, 76.06938775510204
234, 1.0011350737797957, 0, 0.9203022225824269, 1.0454545454545454, 76.43102040816326
235, 1.0022421524663676, 0, 0.8803605196338343, 1.0454545454545454, 77.5004081632653
236, 1.001865671641791, 0, 0.8002858386421081, 1.0454545454545454, 72.97142857142858
237, 1.0010384215991692, 0, 0.8202558842573525, 1.0454545454545454, 77.20163265306122
238, 1.001231527093596, 0, 0.8603052612373286, 1.0454545454545454, 79.39510204081633
239, 1.003030303030303, 0, 0.7803601001882049, 1.0454545454545454, 83.84897959183674
240, 1.0021881838074398, 0, 0.8403582735517111, 1.0454545454545454, 91.78122448979592
241, 1.0019047619047619, 0, 0.8003174207054158, 1.0454545454545454, 92.26775510204082
242, 1.002202643171806, 0, 0.7804045954476889, 1.0454545454545454, 99.9338775510204
243, 1.0023923444976077, 0, 0.8403598093068675, 1.0454545454545454, 100.16489795918368
244, 1.0061349693251533, 0, 0.9005019076483665, 1.0454545454545454, 93.51836734693877
245, 1.0017421602787457, 0, 0.9203702835442015, 1.0454545454545454, 95.11591836734694
246, 1.001763668430335, 0, 0.9203902978712724, 1.0454545454545454, 96.66204081632652
247, 1.001510574018127, 0, 0.90027923654276, 1.0454545454545454, 102.06285714285714
248, 1.0050761421319796, 0, 0.9004364299564265, 1.0454545454545454, 100.93224489795918
249, 1.0047619047619047, 0, 0.8604589840102537, 1.0454545454545454, 103.49224489795918
250, 1.0014388489208632, 0, 0.840306455564276, 1.0454545454545454, 104.09959183673469
251, 1.0075187969924813, 0, 0.9405203226869502, 1.0454545454545454, 111.62857142857143
252, 1.0023640661938533, 0, 0.9404019754694146, 1.0454545454545454, 104.0269387755102
253, 1.0006906077348066, 0, 0.8601843984612444, 1.0454545454545454, 96.09877551020408
254, 1.0008605851979346, 0, 0.9202204870402505, 1.0454545454545454, 99.06122448979592
255, 1.0015197568389058, 0, 0.9202352022574182, 1.0454545454545454, 96.57632653061225
256, 1.0026315789473683, 0, 0.9002807860155743, 1.0454545454545454, 89.83183673469388
257, 1.002469135802469, 0, 0.8803707260374264, 1.0454545454545454, 92.28816326530612
258, 1.0036363636363637, 0, 0.8803605526935541, 1.0454545454545454, 96.13469387755102
259, 1.002247191011236, 0, 0.9003729901997122, 1.0454545454545454, 91.84979591836735
260, 1.007462686567164, 0, 0.9205244991230592, 1.0454545454545454, 91.65306122448979
261, 1.0021929824561404, 0, 0.9203734904331009, 1.0454545454545454, 87.2138775510204
262, 1.0023148148148149, 0, 0.9402883881215242, 1.0454545454545454, 99.16081632653061
263, 1.0015797788309637, 0, 0.90032712195176, 1.0454545454545454, 97.47510204081632
264, 1.005586592178771, 0, 0.8403976876971387, 1.0454545454545454, 99.80326530612246
265, 1.0023696682464456, 0, 0.9004146141449267, 1.0454545454545454, 92.99428571428571
266, 1.0019646365422397, 0, 0.9003144197695652, 1.0454545454545454, 104.23918367346938
267, 1.0051020408163265, 0, 0.8205467941696192, 1.0454545454545454, 102.34775510204082
268, 1.0053763440860215, 0, 0.8606001014723982, 1.0454545454545454, 102.70857142857143
269, 1.0017921146953406, 0, 0.9003684154317103, 1.0454545454545454, 107.22775510204082
270, 1.0080645161290323, 0, 0.9004355186799313, 1.0454545454545454, 111.12816326530613
271, 1.0012360939431397, 0, 0.9002752487251051, 1.0454545454545454, 96.79183673469387
272, 1.0017921146953406, 0, 0.9404440372422311, 1.0454545454545454, 100.64489795918368
273, 1.0024449877750612, 0, 0.9404708283450828, 1.0454545454545454, 78.51265306122448
274, 1.001386962552011, 0, 0.9602177360361993, 1.0454545454545454, 62.031836734693876
275, 1.001564945226917, 0, 0.9002364915254628, 1.0454545454545454, 65.44
276, 1.0012150668286757, 0, 0.9202152736104467, 1.0454545454545454, 67.62612244897959
277, 1.0067114093959733, 0, 0.9006045585873003, 1.0454545454545454, 72.25387755102041
278, 1.0084745762711864, 0, 0.9605900937827053, 1.0454545454545454, 92.16489795918368
279, 1.0021786492374727, 0, 0.900473121135558, 1.0454545454545454, 104.34040816326531
280, 1.0049751243781095, 0, 0.8805615356247602, 1.0454545454545454, 88.68979591836735
281, 1.0021231422505308, 0, 0.9203173289146482, 1.0454545454545454, 85.02612244897959
282, 1.0013157894736842, 0, 0.9003311570582031, 1.0454545454545454, 83.08244897959183
283, 1.0017421602787457, 0, 0.8803805622264125, 1.0454545454545454, 88.68244897959184
284, 1.0064102564102564, 0, 0.8405363766056912, 1.0454545454545454, 94.42938775510204
285, 1.0017889087656529, 0, 0.8203122957551221, 1.0454545454545454, 98.74775510204081
286, 1.0035335689045937, 0, 0.8403879969045647, 1.0454545454545454, 99.36734693877551
287, 1.0016920473773265, 0, 0.8602768329937964, 1.0454545454545454, 97.91755102040817
288, 1.0023310023310024, 0, 0.9804600701972439, 1.0454545454545454, 107.58285714285714
289, 1.0014084507042254, 0, 0.9403515012410821, 1.0454545454545454, 113.08571428571429
290, 1.003921568627451, 0, 0.8802984485901382, 1.0454545454545454, 115.51510204081633
291, 1.0018214936247722, 0, 0.9002096637242265, 1.0454545454545454, 119.84
292, 1.000587544065805, 0, 0.88014482414747, 1.0454545454545454, 119.39836734693877
293, 1.0027027027027027, 0, 0.9002608038594652, 1.0454545454545454, 115.47020408163266
294, 1.0031446540880504, 0, 0.9404017593245477, 1.0454545454545454, 117.16408163265307
