0, 0.0, 0, 0.02, 0, 863.8636734693878
1, 1.0, 0.0, 0.02, 1.0, 662.534693877551
2, 1.6589623429102547, 0.0, 0.27317924685820505, 1.6589623429102547, 534.4734693877551
3, 1.7642281651714904, 0.0, 0.4880513620558301, 1.7642281651714904, 451.6269387755102
4, 1.8686599383567912, 0.0, 0.6692189937217842, 1.8686599383567912, 362.3240816326531
5, 1.9981208788741216, 0.0, 0.8178263298726078, 1.9981208788741216, 331.0057142857143
6, 1.7377133090335346, 0.0, 0.7787144658149983, 1.9981208788741216, 311.8342857142857
7, 1.91963641430995, 0.0, 0.8395667736876792, 1.9981208788741216, 269.0130612244898
8, 1.9647251855641463, 0.0, 0.9324063580204636, 1.9981208788741216, 266.64
9, 1.9937476279350914, 0.0, 1.050213893194418, 1.9981208788741216, 222.48244897959182
10, 1.8759547112321502, 0.0, 1.0771398502151717, 1.9981208788741216, 183.9012244897959
11, 1.9480428706399615, 0.0, 1.1471656940627446, 1.9981208788741216, 136.72571428571428
12, 1.9066698576596073, 0.0, 1.1235546584222746, 1.9981208788741216, 94.5861224489796
13, 1.8984985179580889, 0.0, 0.9515317668492057, 1.9981208788741216, 68.09224489795919
14, 1.8871656548375841, 0.0, 1.0204534265536147, 1.9981208788741216, 60.2065306122449
15, 1.9650691177896804, 0.0, 1.1344492752859174, 1.9981208788741216, 82.7730612244898
16, 1.9231163463866356, 0.0, 0.9808575995134805, 1.9981208788741216, 70.32979591836735
17, 1.927491174416247, 0.0, 0.9280366841449235, 1.9981208788741216, 61.20979591836735
18, 1.96874680149753, 0.0, 1.083714123270117, 1.9981208788741216, 56.55591836734694
19, 1.9559974818331, 0.0, 1.09585956288744, 1.9981208788741216, 60.201632653061225
20, 1.96874680149753, 0.0, 1.1322947302748163, 1.9981208788741216, 51.09142857142857
21, 1.9312847242277265, 0.0, 1.0978066004736229, 1.9981208788741216, 52.51265306122449
22, 1.92844801409088, 0.0, 1.126868836356994, 1.9981208788741216, 55.5534693877551
23, 1.7878006351428217, 0.0, 1.0242505020149348, 1.9981208788741216, 54.68734693877551
24, 1.998038370958509, 0.0, 1.1215824874264015, 1.9981208788741216, 56.264489795918365
25, 1.9907946312329026, 0.0, 1.1425543993117762, 1.9981208788741216, 60.010612244897956
26, 1.9690714937155116, 0.0, 1.1423148287500693, 1.9981208788741216, 63.21714285714286
27, 1.8630837429749643, 0.0, 0.9818373494939533, 1.9981208788741216, 63.02040816326531
28, 1.9034358056490515, 0.0, 0.9529271845583267, 1.9981208788741216, 64.93632653061225
29, 1.9018014646202186, 0.0, 0.962420589395613, 1.9981208788741216, 69.54122448979592
30, 1.077084889758495, 0.0, 0.7936111850907221, 1.9981208788741216, 71.39836734693877
31, 1.3809361300563565, 0.0, 0.8933818162922129, 1.9981208788741216, 77.73795918367347
32, 1.734640347818805, 0.0, 0.9026476707847112, 1.9981208788741216, 74.00734693877551
33, 1.9902478635182348, 0.0, 0.9043307437922233, 1.9981208788741216, 69.92244897959183
34, 1.3809361300563565, 0.0, 0.8549345982469648, 1.9981208788741216, 74.60489795918367
35, 1.9270106523980974, 0.0, 0.8489250575758569, 1.9981208788741216, 83.16326530612245
36, 1.8842565884798166, 0.0, 0.8771802372074459, 1.9981208788741216, 95.69142857142857
37, 1.721493434934133, 0.0, 0.8974608896050301, 1.9981208788741216, 88.41224489795918
38, 1.9896855624403802, 0.0, 0.9388495566991654, 1.9981208788741216, 67.79918367346939
39, 1.9601098676925641, 0.0, 0.99542554091954, 1.9981208788741216, 64.5934693877551
40, 1.9824832340150973, 0.0, 1.039459480026825, 1.9981208788741216, 51.82448979591837
41, 1.9923414770836891, 0.0, 0.9024219231827493, 1.9981208788741216, 44.52734693877551
42, 1.9434100811411246, 0.0, 1.0296258070313444, 1.9981208788741216, 35.48
43, 1.978054169717273, 0.0, 1.2121779445679086, 1.9981208788741216, 37.182857142857145
44, 1.9916713216749287, 0.0, 1.0581082198389717, 1.9981208788741216, 40.395102040816326
45, 1.8957115139500602, 0.0, 1.0615296602338788, 1.9981208788741216, 37.42612244897959
46, 1.9979540957210769, 0.0, 1.0737684027523597, 1.9981208788741216, 41.794285714285714
47, 1.7942998674478852, 0.0, 0.913566450760124, 1.9981208788741216, 46.34204081632653
48, 1.932218960663483, 0.0, 0.9248064687898027, 1.9981208788741216, 44.33877551020408
49, 1.9559974818331, 0.0, 1.1239102364872473, 1.9981208788741216, 49.266938775510205
50, 1.8134179464754538, 0.0, 1.0354480538439372, 1.9981208788741216, 52.58122448979592
51, 1.624317086092156, 0.0, 0.9952575611624819, 1.9981208788741216, 56.49387755102041
52, 1.9098572539602867, 0.0, 0.9619855789316134, 1.9981208788741216, 54.78775510204082
53, 1.81896658149253, 0.0, 0.85098453296947, 1.9981208788741216, 56.12571428571429
54, 1.8175846052633144, 0.0, 0.8652731077294312, 1.9981208788741216, 60.60734693877551
55, 1.755216948334673, 0.0, 0.8481269250832767, 1.9981208788741216, 57.8334693877551
56, 1.9725361810666002, 0.0, 1.0520629514776272, 1.9981208788741216, 65.87102040816326
57, 1.9516979675024322, 0.0, 0.854563158403477, 1.9981208788741216, 68.07673469387755
58, 1.9160897956849698, 0.0, 0.9112825390565087, 1.9981208788741216, 69.18775510204081
59, 1.922623328822894, 0.0, 0.8473711122745443, 1.9981208788741216, 73.18285714285715
60, 1.697988955088782, 0.0, 0.8497732657850454, 1.9981208788741216, 76.38938775510204
61, 1.8258234888177327, 0.0, 0.9475440010152039, 1.9981208788741216, 80.23755102040816
62, 1.8783499203341179, 0.0, 0.9454124351483, 1.9981208788741216, 83.08163265306122
63, 1.9796725567758509, 0.0, 0.9434153270966444, 1.9981208788741216, 83.38857142857142
64, 1.9993992916086847, 0.0, 1.2242171380374165, 1.9993992916086847, 80.68
65, 1.9929838400972322, 0.0, 1.3014113476083664, 1.9993992916086847, 80.63918367346939
66, 1.9918414629933738, 0.0, 1.2103377317144537, 1.9993992916086847, 62.27591836734694
67, 1.9716107671891228, 0.0, 1.3063367954573895, 1.9993992916086847, 50.42122448979592
68, 1.984399414193264, 0.0, 1.22792526051068, 1.9993992916086847, 49.544489795918366
69, 1.8807266267559597, 0.0, 1.2480209607040431, 1.9993992916086847, 45.84408163265306
70, 1.9737472016818018, 0.0, 1.2955707923380455, 1.9993992916086847, 47.27102040816327
71, 1.9381517566811381, 0.0, 1.2216021290596972, 1.9993992916086847, 48.668571428571425
72, 1.9516979675024322, 0.0, 1.307284757115946, 1.9993992916086847, 51.53632653061224
73, 1.861832603870797, 0.0, 1.361335385959886, 1.9993992916086847, 57.325714285714284
74, 1.9766598073168267, 0.0, 1.2853288824521119, 1.9993992916086847, 56.64734693877551
75, 1.9504932465612672, 0.0, 1.2848092768654422, 1.9993992916086847, 65.19591836734693
76, 1.9769419942417559, 0.0, 1.3822634706467456, 1.9993992916086847, 70.81142857142858
77, 1.987905730757057, 0.0, 1.3701473810937015, 1.9993992916086847, 75.92979591836735
78, 1.9900621544459833, 0.0, 1.417495706911681, 1.9993992916086847, 52.82612244897959
79, 1.9791397598388711, 0.0, 1.4232201164508025, 1.9993992916086847, 58.64163265306122
80, 1.999992000032, 0.0, 1.5985949914131645, 1.999992000032, 58.36408163265306
81, 1.9896855624403802, 0.0, 1.554431981224789, 1.999992000032, 56.12734693877551
82, 1.9654114563412377, 0.0, 1.4668427122139598, 1.999992000032, 56.073469387755104
83, 1.9976906706134507, 0.0, 1.5143756326119564, 1.999992000032, 62.80816326530612
84, 1.9979540957210769, 0.0, 1.3909191257516906, 1.999992000032, 63.93387755102041
85, 1.9985068935719852, 0.0, 1.4357153472609543, 1.999992000032, 64.73224489795918
86, 1.9974113563315035, 0.0, 1.3962053952484377, 1.999992000032, 69.24326530612245
87, 1.9932945823190038, 0.0, 1.253320410811756, 1.999992000032, 74.78285714285714
88, 1.9999680005119944, 0.0, 1.5507191132975573, 1.999992000032, 74.99510204081632
89, 1.9998257929535876, 0.0, 1.3801459996223888, 1.999992000032, 77.55510204081632
90, 1.9906141028820716, 0.0, 1.1802094404910306, 1.999992000032, 79.01877551020408
91, 1.9992527237944846, 0.0, 1.2709481175285797, 1.999992000032, 75.48653061224489
92, 1.9926661361037512, 0.0, 1.3992202342395543, 1.999992000032, 82.16489795918368
93, 1.9769419942417559, 0.0, 1.1192964188668006, 1.999992000032, 82.72897959183673
94, 1.9894946815018895, 0.0, 1.320035459964551, 1.999992000032, 90.71428571428571
95, 1.9972163260698457, 0.0, 1.329537177126287, 1.999992000032, 86.16979591836734
96, 1.9962514877233093, 0.0, 1.575227278081378, 1.999992000032, 91.3804081632653
97, 1.9999111150616113, 0.0, 1.6622324858534987, 1.999992000032, 89.5395918367347
98, 1.9950124791926824, 0.0, 1.7288848739571996, 1.999992000032, 95.79510204081633
99, 1.9999431127292533, 0.0, 1.7416044848076795, 1.999992000032, 102.4195918367347
100, 1.9984332286697315, 0.0, 1.6619349135477464, 1.999992000032, 110.91428571428571
101, 1.9998000199986667, 0.0, 1.6222155023569338, 1.999992000032, 103.92489795918367
102, 1.9972163260698457, 0.0, 1.6218945679749524, 1.999992000032, 101.9730612244898
103, 1.9986489135402514, 0.0, 1.6508084601984538, 1.999992000032, 95.36408163265307
104, 1.9992527237944846, 0.0, 1.439771912865324, 1.999992000032, 89.53877551020408
105, 1.9923414770836891, 0.0, 1.4845477779251626, 1.999992000032, 91.15755102040816
106, 1.9985068935719852, 0.0, 1.540347806778503, 1.999992000032, 87.52816326530612
107, 1.989874720422389, 0.0, 1.473846910121614, 1.999992000032, 93.08979591836734
108, 1.9931400818454361, 0.0, 1.5535282419616145, 1.999992000032, 95.78367346938775
109, 1.9957769422929579, 0.0, 1.5726119411190214, 1.999992000032, 93.8595918367347
110, 1.9987172678495435, 0.0, 1.537185457856687, 1.999992000032, 90.56816326530613
111, 1.9992003199146837, 0.0, 1.5191028308754246, 1.999992000032, 89.34775510204082
112, 1.9801986733067554, 0.0, 1.4386924832925456, 1.999992000032, 95.04897959183674
113, 1.9947436410340742, 0.0, 1.2779367727073956, 1.999992000032, 98.54448979591837
114, 1.9766598073168267, 0.0, 1.4977082156593569, 1.999992000032, 102.21551020408164
115, 1.9956539161200837, 0.0, 1.4955320489326474, 1.999992000032, 99.39183673469388
116, 1.9940409371790153, 0.0, 1.5091149674801372, 1.999992000032, 91.73387755102041
117, 1.978054169717273, 0.0, 1.636196599865455, 1.999992000032, 101.03918367346938
118, 1.99731472293485, 0.0, 1.6759654593004651, 1.999992000032, 99.72326530612244
119, 1.9948789353690612, 0.0, 1.6698346236951567, 1.999992000032, 103.13224489795918
120, 1.9650691177896804, 0.0, 1.6071575897579888, 1.999992000032, 90.26530612244898
121, 1.978328063228096, 0.0, 1.6475071250517284, 1.999992000032, 98.26448979591837
122, 1.9932945823190038, 0.0, 1.6281791206773901, 1.999992000032, 100.10122448979592
123, 1.9934473406976725, 0.0, 1.5269607283362852, 1.999992000032, 97.48163265306123
124, 1.9993522099066579, 0.0, 1.379813049216786, 1.999992000032, 102.50448979591837
125, 1.9956539161200837, 0.0, 1.2687841946624143, 1.999992000032, 107.80408163265307
126, 1.9956539161200837, 0.0, 1.5266613376753244, 1.999992000032, 116.08489795918368
127, 1.9989729721988732, 0.0, 1.5781406412462258, 1.999992000032, 112.48326530612245
128, 1.9988486632972693, 0.0, 1.619689692047836, 1.999992000032, 117.39755102040816
129, 1.9998497890605709, 0.0, 1.5217324267104504, 1.999992000032, 121.08816326530612
130, 1.996135486526273, 0.0, 1.4765966046204475, 1.999992000032, 120.1869387755102
131, 1.998911703735497, 0.0, 1.7219594594413914, 1.999992000032, 124.59591836734694
132, 1.9972163260698457, 0.0, 1.7406560324459286, 1.999992000032, 126.00979591836735
133, 1.9976906706134507, 0.0, 1.8010990104144695, 1.999992000032, 127.7265306122449
134, 1.9988486632972693, 0.0, 1.6822542025690848, 1.999992000032, 115.37551020408164
135, 1.996135486526273, 0.0, 1.6302304537265448, 1.999992000032, 123.44979591836734
136, 1.9900621544459833, 0.0, 1.7279701780639274, 1.999992000032, 108.15755102040816
137, 1.9975062257453349, 0.0, 1.7288458412523753, 1.999992000032, 106.16734693877551
138, 1.9950124791926824, 0.0, 1.7296767188316624, 1.999992000032, 102.63755102040817
139, 1.999090191904366, 0.0, 1.706239055174636, 1.999992000032, 111.43755102040816
140, 1.998911703735497, 0.0, 1.7129119312298198, 1.999992000032, 103.2065306122449
141, 1.999444598736858, 0.0, 1.6679930826940812, 1.999992000032, 115.70285714285714
142, 1.9923414770836891, 0.0, 1.5894629633529584, 1.999992000032, 98.59673469387755
143, 1.9932945823190038, 0.0, 1.5454823412611756, 1.999992000032, 96.65795918367347
144, 1.9965889420328562, 0.0, 1.635823659162688, 1.999992000032, 84.94367346938776
145, 1.9992527237944846, 0.0, 1.5221846633191674, 1.999992000032, 93.74367346938776
146, 1.9995298883149206, 0.0, 1.4183861615013467, 1.999992000032, 82.79265306122448
147, 1.9812308209987104, 0.0, 1.225145955779213, 1.999992000032, 87.56816326530613
148, 1.9894946815018895, 0.0, 1.346581909046286, 1.999992000032, 79.03755102040816
149, 1.9889117111017418, 0.0, 1.313372501354552, 1.999992000032, 89.73387755102041
150, 1.9944678037155037, 0.0, 1.2520319754502731, 1.999992000032, 121.52244897959184
151, 1.9859871075224773, 0.0, 1.2632588366505957, 1.999992000032, 119.63755102040817
152, 1.9622731885119546, 0.0, 1.2754992182751301, 1.999992000032, 109.04816326530612
153, 1.999712041468019, 0.0, 1.559086544451503, 1.999992000032, 104.99102040816327
154, 1.9992003199146837, 0.0, 1.4054724942233414, 1.999992000032, 88.26122448979592
155, 1.99731472293485, 0.0, 1.5754813241149697, 1.999992000032, 70.21061224489796
156, 1.999712041468019, 0.0, 1.4991932812627953, 1.999992000032, 62.8065306122449
157, 1.9937476279350914, 0.0, 1.348574320311814, 1.999992000032, 56.587755102040816
158, 1.9997431441042366, 0.0, 1.2982028909192946, 1.999992000032, 55.74448979591837
159, 1.9938951551991688, 0.0, 1.288087422351557, 1.999992000032, 59.40408163265306
160, 1.988514468159074, 0.0, 1.3404787401116278, 1.999992000032, 62.41877551020408
161, 1.9775013993578034, 0.0, 1.4482876685520183, 1.999992000032, 63.36734693877551
162, 1.987491336356168, 0.0, 1.5072734417167675, 1.999992000032, 71.85061224489796
163, 1.9984332286697315, 0.0, 1.485710751994701, 1.999992000032, 79.06040816326531
164, 1.9985068935719852, 0.0, 1.7770197143556823, 1.999992000032, 78.83755102040816
165, 1.9991461425217154, 0.0, 1.6084548532923832, 1.999992000032, 88.93959183673469
166, 1.9956539161200837, 0.0, 1.6856440090670823, 1.999992000032, 84.99183673469388
167, 1.9978680536106923, 0.0, 1.5919747824810044, 1.999992000032, 86.24897959183673
168, 1.9991461425217154, 0.0, 1.6174590874033223, 1.999992000032, 87.1134693877551
169, 1.9998257929535876, 0.0, 1.7541105878210135, 1.999992000032, 87.12163265306123
170, 1.9991461425217154, 0.0, 1.774967711780897, 1.999992000032, 87.11755102040816
171, 1.9993992916086847, 0.0, 1.5973059411824675, 1.999992000032, 88.66285714285715
172, 1.9935983561703439, 0.0, 1.659378105888028, 1.999992000032, 92.01551020408164
173, 1.9993522099066579, 0.0, 1.7142752582234908, 1.999992000032, 96.28897959183674
174, 1.9981208788741216, 0.0, 1.6865067603993873, 1.999992000032, 97.87755102040816
175, 1.9928258579038134, 0.0, 1.5759849551720777, 1.999992000032, 101.5869387755102
176, 1.9996791625904442, 0.0, 1.6197255557634191, 1.999992000032, 102.77795918367347
177, 1.9999111150616113, 0.0, 1.5903422572951302, 1.999992000032, 105.38367346938776
178, 1.9975993306712336, 0.0, 1.689251183024987, 1.999992000032, 109.84244897959184
179, 1.996805114543033, 0.0, 1.6378749642557988, 1.999992000032, 103.02938775510204
180, 1.996017728136388, 0.0, 1.7269585753947758, 1.999992000032, 91.31102040816326
181, 1.9998000199986667, 0.0, 1.6600090387089117, 1.999992000032, 111.57714285714286
182, 1.9982805909913701, 0.0, 1.642561506155286, 1.999992000032, 116.11102040816327
183, 1.9995298883149206, 0.0, 1.829721687454132, 1.999992000032, 109.43510204081633
184, 1.9941849731002634, 0.0, 1.7198212609710608, 1.999992000032, 106.1461224489796
185, 1.9976906706134507, 0.0, 1.77957560332073, 1.999992000032, 92.44979591836734
186, 1.9909734307508984, 0.0, 1.5786295133397, 1.999992000032, 102.08081632653061
187, 1.9932945823190038, 0.0, 1.6283714050635971, 1.999992000032, 104.27183673469388
188, 1.9943272621977464, 0.0, 1.4912405000318998, 1.999992000032, 108.98775510204082
189, 1.9876993897785513, 0.0, 1.4281233328819007, 1.999992000032, 105.67836734693877
190, 1.9952743124757646, 0.0, 1.7720558923919305, 1.999992000032, 108.30938775510204
191, 1.988313271025425, 0.0, 1.5253797430780793, 1.999992000032, 112.25877551020409
192, 1.9946065969067885, 0.0, 1.3930772273393013, 1.999992000032, 117.83428571428571
193, 1.9868569124740463, 0.0, 1.4468939865473347, 1.999992000032, 117.60489795918367
194, 1.9532829112278236, 0.0, 1.2422791997372546, 1.999992000032, 120.80081632653061
195, 1.9597438155947198, 0.0, 1.2250904337221633, 1.999992000032, 120.48571428571428
196, 1.9336096246448848, 0.0, 1.2639662395199516, 1.999992000032, 113.4791836734694
197, 1.9946065969067885, 0.0, 1.520729335813481, 1.999992000032, 108.75510204081633
198, 1.9935983561703439, 0.0, 1.5927164009905255, 1.999992000032, 102.60489795918367
199, 1.9984332286697315, 0.0, 1.4344231082326888, 1.999992000032, 112.43836734693878
200, 1.9902478635182348, 0.0, 1.5302235572115048, 1.999992000032, 113.5861224489796
201, 1.997116166260315, 0.0, 1.5798557743768824, 1.999992000032, 113.2204081632653
202, 1.9975062257453349, 0.0, 1.6299759676847339, 1.999992000032, 112.80081632653061
203, 1.9940409371790153, 0.0, 1.5440881108096236, 1.999992000032, 102.42775510204082
204, 1.9814846655335532, 0.0, 1.7003090307635598, 1.999992000032, 103.80897959183673
205, 1.996017728136388, 1.0, 1.6349700765805468, 1.999992000032, 106.41142857142857
206, 1.998038370958509, 1.0, 1.7172100086893343, 1.999992000032, 113.07755102040817
207, 1.978328063228096, 0.0, 1.4715232328954249, 1.999992000032, 128.36081632653062
208, 1.9978680536106923, 0.0, 1.4724790846895925, 1.999992000032, 134.62938775510204
209, 1.9926661361037512, 0.0, 1.5152429034502313, 1.999992000032, 140.26122448979592
210, 1.9941849731002634, 0.0, 1.512688978514084, 1.999992000032, 139.39673469387756
211, 1.9996080768219615, 0.0, 1.7710937614950464, 1.999992000032, 139.46204081632652
212, 1.9643796614552418, 0.0, 1.1371501733661769, 1.999992000032, 144.66204081632654
213, 1.9962514877233093, 0.0, 1.316963628675036, 1.999992000032, 132.01061224489797
214, 1.996017728136388, 1.0000000000000941, 1.2319089955829674, 1.999992000032, 125.88734693877551
215, 1.1268801929967565, 1.0, 1.004644105555807, 1.999992000032, 121.63265306122449
216, 1.9575146840502413, 0.0, 1.0542483793108361, 1.999992000032, 111.75591836734694
217, 1.337781664393705, 0.0, 0.9664720123879391, 1.999992000032, 106.48979591836735
218, 1.3944558731837415, 0.0, 1.0260591778503347, 1.999992000032, 99.61142857142858
219, 1.3823487142622242, 1.0, 1.027264240698575, 1.999992000032, 93.29959183673469
220, 1.8894713335458575, 0.0, 1.0761534683802974, 1.999992000032, 117.54857142857144
221, 1.8490883792772381, 0.0, 1.1564209242828127, 1.999992000032, 122.6865306122449
222, 1.9429799842136761, 0.0, 1.1845147235912685, 1.999992000032, 119.48081632653061
223, 1.5436726280202429, 0.0, 1.0296436377170124, 1.999992000032, 128.43510204081633
224, 1.770185753007425, 0.0, 1.0841616570937718, 1.999992000032, 128.55591836734695
225, 1.8830846450425174, 0.0, 1.1200201411854451, 1.999992000032, 129.07183673469387
226, 1.9970142440394327, 1.0, 1.4435655587789225, 1.999992000032, 131.29877551020408
227, 1.9935983561703439, 0.0, 1.234280816545871, 1.999992000032, 120.76163265306123
228, 1.9817368304265364, 0.0, 1.3637790694422267, 1.999992000032, 102.12571428571428
229, 1.988514468159074, 0.0, 1.374975966383412, 1.999992000032, 91.8995918367347
230, 1.9891077548081655, 0.0, 1.339167419535024, 1.999992000032, 86.17061224489795
231, 1.9734469010825562, 0.0, 1.144005171273617, 1.999992000032, 96.81224489795919
232, 1.9451156292300924, 0.0, 1.038499492046427, 1.999992000032, 99.5061224489796
233, 1.957890103383771, 0.0, 1.116345352618861, 1.999992000032, 107.62938775510204
234, 1.8141145303329935, 0.0, 1.0716723298927846, 1.999992000032, 109.10938775510203
235, 1.996017728136388, 0.0, 1.5606192185429593, 1.999992000032, 102.52571428571429
236, 1.9891077548081655, 0.0, 1.2854149280660363, 1.999992000032, 98.08979591836734
237, 1.999892450228336, 0.0, 1.100078593544817, 1.999992000032, 92.61795918367346
238, 1.5261219640934565, 0.0, 1.0305605799076245, 1.999992000032, 92.46938775510205
239, 1.6573570191152855, 0.0, 1.0778038572177058, 1.999992000032, 93.44081632653061
240, 1.9709856828418868, 0.0, 1.0760956594879478, 1.999992000032, 80.89061224489797
241, 1.995402600543315, 0.0, 0.9631733059168909, 1.999992000032, 75.52979591836734
242, 1.3937387913911903, 0.0, 0.9775634652735653, 1.999992000032, 76.55510204081632
243, 1.9552295933073403, 0.0, 1.2389807053124524, 1.999992000032, 73.59183673469387
244, 1.9763759661197522, 0.0, 1.2850975334762058, 1.999992000032, 65.84979591836735
245, 1.959007015311867, 0.0, 1.2843386988164496, 1.999992000032, 62.64163265306122
246, 1.991499446875418, 0.0, 1.3702899428620687, 1.999992000032, 58.993469387755106
247, 1.9575146840502413, 0.0, 1.1097586560310164, 1.999992000032, 61.46530612244898
248, 1.8021593500633326, 0.0, 1.0620515478985213, 1.999992000032, 57.08734693877551
249, 1.9312847242277265, 0.0, 1.159974052630845, 1.999992000032, 70.90938775510205
250, 1.8888967230871108, 0.0, 1.1081274617414183, 1.999992000032, 73.54612244897959
251, 1.991325839506343, 0.0, 1.0521541033591928, 1.999992000032, 82.31673469387755
252, 1.9429799842136761, 0.0, 1.0952561363251112, 1.999992000032, 83.60571428571428
253, 1.9994881310496333, 0.0, 1.0281007173011132, 1.999992000032, 89.0204081632653
254, 1.980718098359457, 0.0, 1.2185493321507472, 1.999992000032, 92.37469387755102
255, 1.65334047204304, 0.0, 1.019406754188795, 1.999992000032, 96.23346938775511
256, 1.7113522409903525, 0.0, 1.1184813731932053, 1.999992000032, 96.44244897959183
257, 1.9552295933073403, 0.0, 1.0669591973116042, 1.999992000032, 85.13061224489796
258, 1.8783499203341179, 0.0, 1.0675005601297718, 1.999992000032, 88.36734693877551
259, 1.7627324229227113, 0.0, 1.009360956401495, 1.999992000032, 80.24489795918367
260, 1.0184070373608975, 0.0, 0.9448365920614706, 1.999992000032, 80.11102040816327
261, 1.99964450764683, 0.0, 1.0397568600610347, 1.999992000032, 78.42367346938775
262, 1.8490883792772381, 0.0, 1.0634980723580951, 1.999992000032, 83.26367346938775
263, 1.9114332769730114, 0.0, 1.1313984433274802, 1.999992000032, 74.8808163265306
264, 1.8789458388287157, 0.0, 1.0308820290864629, 1.999992000032, 69.71510204081633
265, 1.8698869659237203, 0.0, 1.1126768553569237, 1.999992000032, 73.12816326530613
266, 1.9796725567758509, 0.0, 1.1619135585803897, 1.999992000032, 80.88244897959184
267, 1.9834548442217677, 0.0, 1.1035506090119758, 1.999992000032, 87.33877551020409
268, 1.9221289352279647, 0.0, 1.0226204130093117, 1.999992000032, 87.71102040816326
269, 1.7642281651714904, 0.0, 0.9977560716680416, 1.999992000032, 80.03510204081633
270, 1.9472140116829348, 0.0, 1.1145915346631787, 1.999992000032, 76.42285714285714
271, 1.691664531331194, 0.0, 1.0586530767306452, 1.999992000032, 83.42367346938775
272, 1.9900621544459833, 0.0, 1.0236730506967842, 1.999992000032, 88.27428571428571
273, 1.919133817125874, 0.0, 1.193828175898396, 1.999992000032, 90.37795918367347
274, 1.8372705692311393, 0.0, 1.027033614832962, 1.999992000032, 82.43265306122449
275, 1.9528889690448423, 0.0, 0.9668023788991961, 1.999992000032, 81.51918367346939
276, 1.91963641430995, 0.0, 1.1640968255055126, 1.999992000032, 72.82857142857142
277, 1.9684204964313206, 0.0, 1.1278952889000795, 1.999992000032, 66.84816326530613
278, 1.9965889420328562, 0.0, 1.1010834085252974, 1.999992000032, 67.09224489795919
279, 1.9788708597154763, 0.0, 1.1026758208877308, 1.999992000032, 70.30775510204082
280, 1.9740458632827558, 0.0, 1.0539310325130093, 1.999992000032, 71.27755102040817
281, 1.973144963058051, 0.0, 1.0834988868805802, 1.999992000032, 74.02367346938776
282, 1.9326839431111886, 0.0, 1.0473806662187717, 1.999992000032, 80.39755102040816
283, 1.8741462741908828, 0.0, 0.9544615152730295, 1.999992000032, 80.15428571428572
284, 1.9567591840028755, 0.0, 1.0595993454199957, 1.999992000032, 83.01142857142857
285, 1.738480273541426, 0.0, 1.0311405894397252, 1.999992000032, 85.81795918367347
286, 1.9472140116829348, 0.0, 1.1820519285661073, 1.999992000032, 78.2595918367347
287, 1.9434100811411246, 0.0, 1.2004636889134246, 1.999992000032, 78.74612244897959
288, 1.904518971314722, 0.0, 1.1572863673426794, 1.999992000032, 73.38530612244898
289, 1.9976906706134507, 0.0, 1.212123927201424, 1.999992000032, 77.27591836734693
290, 1.966091345299335, 0.0, 1.1128796488372688, 1.999992000032, 81.29714285714286
291, 1.973144963058051, 0.0, 1.1289046775528686, 1.999992000032, 87.29224489795918
292, 1.8490883792772381, 0.0, 1.0370427189397429, 1.999992000032, 93.9673469387755
293, 1.9740458632827558, 0.0, 1.026172559127514, 1.999992000032, 94.3730612244898
294, 1.5173932786193678, 0.0, 1.0144504179033291, 1.999992000032, 99.42938775510204
295, 1.943838696300543, 1.0, 1.1929984266538105, 1.999992000032, 97.32571428571428
296, 1.8692740083257313, 1.0, 1.1564958667341134, 1.999992000032, 99.45469387755102
297, 1.912997421842236, 0.0, 1.1855687842524443, 1.999992000032, 104.72244897959183
298, 1.9775013993578034, 1.0, 1.181041876037255, 1.999992000032, 113.5926530612245
299, 1.9463791475530463, 0.0, 1.1636553667154175, 1.999992000032, 107.81959183673469
300, 1.8990521635504864, 0.0, 1.1382287173613508, 1.999992000032, 105.39428571428572
301, 1.9737472016818018, 0.0, 1.1580304172153886, 1.999992000032, 105.51673469387755
302, 1.9293992317976563, 0.0, 1.0917553160827853, 1.999992000032, 108.75102040816327
303, 1.8503814867657629, 1.0, 1.2067931951012654, 1.999992000032, 120.34204081632653
304, 1.9864254214105808, 0.0, 1.1231268830847925, 1.999992000032, 124.91428571428571
305, 1.9775013993578034, 1.0, 1.1782596021613607, 1.999992000032, 127.26448979591837
306, 1.919133817125874, 0.0, 1.1063899868205056, 1.999992000032, 130.69224489795917
307, 1.8425623988716935, 0.0, 1.1171661367114472, 1.999992000032, 120.65959183673469
308, 1.9643796614552418, 0.0, 1.00806314585972, 1.999992000032, 128.69469387755103
309, 1.9381517566811381, 0.0, 1.0005696889085787, 1.999992000032, 121.55102040816327
310, 1.8661925941962942, 0.0, 1.0284914034932249, 1.999992000032, 124.21877551020408
311, 1.9103839103891422, 0.0, 1.066754749133883, 1.999992000032, 125.19836734693878
312, 1.8765552379512325, 0.0, 1.0392020453710007, 1.999992000032, 127.86938775510204
313, 1.1964773738704602, 0.0, 0.9484339617063743, 1.999992000032, 120.58448979591837
314, 1.0117001897165256, 0.0, 0.9204756718481751, 1.999992000032, 120.61632653061224
315, 1.007288698929407, 0.0, 0.9203783157411246, 1.999992000032, 117.70857142857143
316, 1.8996045509952315, 0.0, 1.0083703237432133, 1.999992000032, 121.88897959183673
317, 1.9654114563412377, 0.0, 1.0617780859746495, 1.999992000032, 118.87102040816326
318, 1.9758033268768975, 1.0, 1.1276358789345116, 1.999992000032, 123.39591836734694
319, 1.973144963058051, 0.0, 1.1351851233258978, 1.999992000032, 126.55265306122449
320, 1.9434100811411246, 1.0, 1.179750266041977, 1.999992000032, 123.98530612244897
321, 1.9654114563412377, 0.0, 1.1250414698025744, 1.999992000032, 128.2473469387755
322, 1.87354118597885, 0.0, 1.1951268412027138, 1.999992000032, 134.9665306122449
323, 1.626740799202993, 0.0, 1.0612369436116456, 1.999992000032, 130.51591836734693
324, 1.9593761974989303, 0.0, 1.1474741558173245, 1.999992000032, 136.49224489795918
325, 1.8940243900709406, 0.0, 1.1899800777887344, 1.999992000032, 126.37632653061225
326, 1.9654114563412377, 0.0, 1.1597656233327347, 1.999992000032, 126.67755102040816
327, 1.9680925802201417, 0.0, 1.2067581215471097, 1.999992000032, 121.13061224489796
328, 1.92507460664583, 0.0, 1.235035888957875, 1.999992000032, 121.9934693877551
329, 1.970035876368056, 0.0, 1.1307811229534381, 1.999992000032, 131.3942857142857
330, 1.9896855624403802, 0.0, 1.0851707527627834, 1.999992000032, 132.11755102040817
331, 1.9548433341206144, 0.0, 1.174601401270244, 1.999992000032, 131.90367346938777
332, 1.96874680149753, 0.0, 1.1349905954226782, 1.999992000032, 140.52897959183673
333, 1.9098572539602867, 0.0, 1.07490915100807, 1.999992000032, 134.74938775510205
334, 1.9978680536106923, 0.0, 1.075932263042256, 1.999992000032, 137.87020408163266
335, 1.8813178905606898, 0.0, 1.1328057352631344, 1.999992000032, 128.8677551020408
336, 1.8692740083257313, 0.0, 1.0891945755380439, 1.999992000032, 139.2057142857143
337, 1.9166005053689772, 0.0, 1.0548597248726985, 1.999992000032, 142.0122448979592
338, 1.9109092522690463, 0.0, 1.072320611476709, 1.999992000032, 146.82367346938776
339, 1.8917576386332406, 0.0, 1.0690237252641168, 1.999992000032, 141.84897959183672
340, 1.9326839431111886, 0.0, 1.0887628529745677, 1.999992000032, 146.41714285714286
341, 1.84973544236379, 0.0, 1.0108027100187351, 1.999992000032, 143.20816326530613
342, 1.9472140116829348, 0.0, 1.0993499660711175, 1.999992000032, 137.70530612244897
343, 1.9492748621146139, 0.0, 1.22167647016672, 1.999992000032, 127.38857142857142
344, 1.957890103383771, 0.0, 1.1311393978986706, 1.999992000032, 135.08979591836734
345, 1.9752240885323635, 0.0, 1.1217807928392083, 1.999992000032, 141.64408163265307
346, 1.963683844788974, 0.0, 1.0633864110574178, 1.999992000032, 145.1134693877551
347, 1.9891077548081655, 0.0, 1.117116382035762, 1.999992000032, 142.9934693877551
348, 1.9680925802201417, 0.0, 1.1260143904739324, 1.999992000032, 139.8465306122449
349, 1.998038370958509, 0.0, 1.1707733751962457, 1.999992000032, 150.33632653061224
350, 1.9921765415865171, 0.0, 1.0797204184214864, 1.999992000032, 149.7461224489796
351, 1.6380414685642508, 0.0, 1.0411985120325813, 1.999992000032, 153.05959183673468
352, 1.8765552379512325, 0.0, 1.066289136413704, 1.999992000032, 152.9126530612245
353, 1.9978680536106923, 0.0, 1.112463019754674, 1.999992000032, 148.04897959183674
354, 1.9455382954115379, 0.0, 1.1589722473079094, 1.999992000032, 152.36081632653062
355, 1.9124773643727662, 0.0, 1.1555800669793594, 1.999992000032, 152.04
356, 1.9416808249017046, 0.0, 1.3188599415621498, 1.999992000032, 151.31510204081633
357, 1.970035876368056, 0.0, 1.3535823623388064, 1.999992000032, 147.2016326530612
358, 1.97035410032138, 1.0, 1.3522215889807532, 1.999992000032, 143.73795918367347
359, 1.9340703190216457, 1.0, 1.3365261603606517, 1.999992000032, 158.17061224489797
360, 1.9593761974989303, 0.0, 1.2411284941730658, 1.999992000032, 158.1804081632653
361, 1.9176178850652041, 0.0, 1.3011288635834084, 1.999992000032, 164.6204081632653
362, 1.9500886338026269, 0.0, 1.2690503475955386, 1.999992000032, 162.9257142857143
363, 1.9829724140774105, 0.0, 1.1184366133140684, 1.999992000032, 149.83020408163264
364, 1.9926661361037512, 0.0, 1.221699556084249, 1.999992000032, 142.4595918367347
365, 1.970035876368056, 0.0, 1.2901404272071313, 1.999992000032, 132.28489795918367
366, 1.9931400818454361, 0.0, 1.4095319857859832, 1.999992000032, 141.88897959183674
367, 1.9674319212159757, 0.0, 1.2699604882509743, 1.999992000032, 142.32326530612244
368, 1.936804288501981, 0.0, 1.3164640865606, 1.999992000032, 143.20408163265307
369, 1.996805114543033, 0.0, 1.2345953812739041, 1.999992000032, 128.24326530612245
370, 1.971299038107481, 0.0, 1.2595180458475017, 1.999992000032, 102.5208163265306
371, 1.740012648768203, 0.0, 1.1421457443956964, 1.999992000032, 120.4995918367347
372, 1.9626282258799161, 0.0, 1.1443703873198456, 1.999992000032, 106.51428571428572
373, 1.9829724140774105, 0.0, 1.1179685592382966, 1.999992000032, 150.45714285714286
374, 1.8405852623283825, 0.0, 1.1418766922774122, 1.999992000032, 155.96244897959184
375, 1.8911878885041844, 0.0, 1.2605028975206576, 1.999992000032, 156.0930612244898
376, 1.9944678037155037, 0.0, 1.3532970717572226, 1.999992000032, 159.46857142857144
377, 1.980459222954547, 0.0, 1.3651872942031442, 1.999992000032, 146.2538775510204
378, 1.99964450764683, 0.0, 1.2627534212470926, 1.999992000032, 148.1812244897959
379, 1.9866420203688748, 0.0, 1.2921576465333913, 1.999992000032, 165.8204081632653
380, 1.9943272621977464, 0.0, 1.3284801682437368, 1.999992000032, 165.6538775510204
381, 1.9358987326227912, 0.0, 1.1478877894691488, 1.999992000032, 164.99428571428572
382, 1.98097529815886, 0.0, 1.0832039536168505, 1.999992000032, 169.96326530612245
383, 1.9442658274944176, 0.0, 1.1209861757549242, 1.999992000032, 175.55591836734695
384, 1.98097529815886, 0.0, 1.1236595698907335, 1.999992000032, 175.46775510204083
385, 1.8940243900709406, 0.0, 1.2293423139815995, 1.999992000032, 158.9795918367347
386, 1.9429799842136761, 0.0, 1.4085158096585246, 1.999992000032, 161.1191836734694
387, 1.9907946312329026, 0.0, 1.4109814405738548, 1.999992000032, 147.56979591836733
388, 1.9864254214105808, 0.0, 1.3150021783693158, 1.999992000032, 149.83020408163264
389, 1.973144963058051, 0.0, 1.3295508067758512, 1.999992000032, 145.18448979591838
390, 1.9944678037155037, 0.0, 1.2979987180613717, 1.999992000032, 140.38857142857142
391, 1.9109092522690463, 1.0, 1.0930772925428056, 1.999992000032, 133.88326530612244
392, 1.996135486526273, 0.0, 1.407321725637207, 1.999992000032, 143.0465306122449
393, 1.918124549964407, 0.0, 1.268253149745047, 1.999992000032, 129.53142857142856
394, 1.9289243268985503, 0.0, 1.376548125607623, 1.999992000032, 163.21632653061224
395, 1.980459222954547, 1.0, 1.3439567398889545, 1.999992000032, 171.70285714285714
396, 1.9984332286697315, 0.0, 1.492970740721549, 1.999992000032, 139.7395918367347
397, 1.97777861461126, 0.0, 1.4351189809052947, 1.999992000032, 131.59020408163266
398, 1.998038370958509, 0.0, 1.3921168031323452, 1.999992000032, 118.16979591836734
399, 1.9941849731002634, 0.0, 1.4394620467403967, 1.999992000032, 116.49224489795918
400, 1.9941849731002634, 0.0, 1.4086072917167902, 1.999992000032, 119.43591836734694
401, 1.9991461425217154, 0.0, 1.4126167922525883, 1.999992000032, 108.35836734693878
402, 1.9984332286697315, 0.0, 1.4216368882231762, 1.999992000032, 114.03102040816327
403, 1.9881103582002042, 0.0, 1.4501825688025096, 1.999992000032, 114.01387755102041
404, 1.9991461425217154, 0.0, 1.2862317599363196, 1.999992000032, 110.0595918367347
405, 1.8979436169607287, 0.0, 1.3394427850388393, 1.999992000032, 112.52326530612245
406, 1.9909734307508984, 0.0, 1.409996299368705, 1.999992000032, 103.51510204081633
407, 1.966091345299335, 0.0, 1.528781278081469, 1.999992000032, 108.60979591836735
408, 1.9516979675024322, 0.0, 1.4390520120364685, 1.999992000032, 108.0
409, 1.8753530397484852, 0.0, 1.3705090829582947, 1.999992000032, 100.2465306122449
410, 1.9991461425217154, 0.0, 1.3549982068549826, 1.999992000032, 100.8595918367347
411, 1.8230914225225057, 0.0, 1.4539341073190355, 1.999992000032, 91.0473469387755
412, 1.947629192876223, 0.0, 1.60715915051695, 1.999992000032, 90.50938775510204
413, 1.9544555343113368, 0.0, 1.5020116604112095, 1.999992000032, 83.16571428571429
414, 1.9749319984895135, 0.0, 1.6697457327735064, 1.999992000032, 81.50448979591837
415, 1.9992003199146837, 0.0, 1.7791813456391632, 1.999992000032, 92.35183673469388
416, 1.9958982131800524, 0.0, 1.5368138813377548, 1.999992000032, 91.5265306122449
417, 1.991499446875418, 0.0, 1.561311199429431, 1.999992000032, 93.39183673469388
418, 1.9992003199146837, 0.0, 1.651418984350075, 1.999992000032, 99.66775510204081
419, 1.984399414193264, 0.0, 1.7217243704355736, 1.999992000032, 86.12163265306123
420, 1.9985787886565143, 0.0, 1.717296635339508, 1.999992000032, 81.39183673469388
421, 1.995402600543315, 0.0, 1.7346740225861688, 1.999992000032, 85.98775510204082
422, 1.999090191904366, 0.0, 1.6881997046805468, 1.999992000032, 82.48734693877552
423, 1.989302078617846, 0.0, 1.6418407153697196, 1.999992000032, 73.42775510204082
424, 1.978328063228096, 0.0, 1.6757698246795032, 1.999992000032, 75.73959183673469
425, 1.9925046755447595, 0.0, 1.6937686440782695, 1.999992000032, 71.64081632653061
426, 1.9934473406976725, 0.0, 1.7764640511065084, 1.999992000032, 72.52979591836734
427, 1.9982805909913701, 0.0, 1.7921886992686873, 1.999992000032, 67.54775510204081
428, 1.9993033538817748, 0.0, 1.7701151521296667, 1.999992000032, 75.36163265306122
429, 1.9719208684563565, 0.0, 1.7705061785808758, 1.999992000032, 73.08571428571429
430, 1.9992003199146837, 1.0, 1.8402867009006096, 1.999992000032, 77.28979591836735
431, 1.9986489135402514, 0.0, 1.8070241523517887, 1.999992000032, 79.96897959183673
432, 1.9999680005119944, 0.0, 1.796903235233735, 1.999992000032, 83.74367346938776
433, 1.9965889420328562, 0.0, 1.742889353865662, 1.999992000032, 91.23918367346938
434, 1.9996791625904442, 0.0, 1.5829705679273147, 1.999992000032, 85.14367346938775
435, 1.996135486526273, 0.0, 1.5642542501502148, 1.999992000032, 81.67510204081633
436, 1.9891077548081655, 0.0, 1.675639703447746, 1.999992000032, 80.1191836734694
437, 1.9984332286697315, 0.0, 1.6837699863898536, 1.999992000032, 75.71673469387756
438, 1.9948789353690612, 0.0, 1.6764508999902383, 1.999992000032, 77.35591836734694
439, 1.997116166260315, 0.0, 1.4070431260332017, 1.999992000032, 75.56326530612245
440, 1.99964450764683, 0.0, 1.4803487992815314, 1.999992000032, 81.67102040816326
441, 1.9998257929535876, 0.0, 1.6690586391222137, 1.999992000032, 84.13877551020408
442, 1.9868569124740463, 0.0, 1.623186730274516, 1.999992000032, 84.44734693877551
443, 1.999090191904366, 0.0, 1.6398528576611995, 1.999992000032, 90.37795918367347
444, 1.999999111111506, 0.0, 1.57215503355319, 1.999999111111506, 87.5738775510204
445, 1.9997724703332462, 0.0, 1.6641555244686805, 1.999999111111506, 92.34857142857143
446, 1.999928002591938, 0.0, 1.712975419054466, 1.999999111111506, 93.6065306122449
447, 1.9657521994360767, 0.0, 1.668623031508188, 1.999999111111506, 93.44
448, 1.9429799842136761, 0.0, 1.5792147569392931, 1.999999111111506, 91.66775510204081
449, 1.9160897956849698, 0.0, 1.5455630249193413, 1.999999111111506, 97.3265306122449
450, 1.973144963058051, 0.0, 1.5766235248233451, 1.999999111111506, 92.21632653061225
451, 1.9876993897785513, 0.0, 1.646745002472076, 1.999999111111506, 96.71102040816326
452, 1.9221289352279647, 0.0, 1.7004278748462613, 1.999999111111506, 99.02285714285715
453, 1.9484550428466698, 0.0, 1.714901591579955, 1.999999111111506, 96.4065306122449
454, 1.992009869928342, 0.0, 1.7330556506827035, 1.999999111111506, 96.3330612244898
455, 1.9982016190284373, 0.0, 1.756849315846713, 1.999999111111506, 96.17795918367347
456, 1.9995698703100877, 0.0, 1.8243464950716133, 1.999999111111506, 100.19591836734693
457, 1.9990324683608633, 1.000000928251103, 1.8835522163710952, 1.999999111111506, 105.28163265306122
458, 1.9997431441042366, 0.0, 1.8180061528614462, 1.999999111111506, 95.03755102040816
459, 1.9988486632972693, 0.0, 1.8182781761914801, 1.999999111111506, 97.33795918367348
460, 1.966091345299335, 0.0, 1.5956893705319541, 1.999999111111506, 104.43020408163265
461, 1.9544555343113368, 0.0, 1.4544470015482873, 1.999999111111506, 101.26040816326531
462, 1.9996080768219615, 0.0, 1.5512036209688764, 1.999999111111506, 101.31918367346938
463, 1.9956539161200837, 0.0, 1.705640213278909, 1.999999111111506, 108.52571428571429
464, 1.9964782160797414, 0.0, 1.6347848625777581, 1.999999111111506, 113.03510204081633
465, 1.9981208788741216, 0.0, 1.4729001319019708, 1.999999111111506, 112.96571428571428
466, 1.9928258579038134, 0.0, 1.535206627760044, 1.999999111111506, 113.12816326530613
467, 1.9993033538817748, 0.0, 1.6305009542417608, 1.999999111111506, 116.4669387755102
468, 1.9990324683608633, 0.0, 1.6312518803175695, 1.999999111111506, 122.01061224489796
469, 1.999712041468019, 0.0, 1.6054370399297428, 1.999999111111506, 116.92163265306122
470, 1.9983577943422313, 0.0, 1.7616263466193394, 1.999999111111506, 127.16081632653061
471, 1.9988486632972693, 0.0, 1.7370159967293453, 1.999999111111506, 132.53632653061226
472, 1.997116166260315, 0.0, 1.7946211376358996, 1.999999111111506, 115.57142857142857
473, 1.9925046755447595, 0.0, 1.5136332067468523, 1.999999111111506, 125.0930612244898
474, 1.9982016190284373, 0.0, 1.6013236276230278, 1.999999111111506, 123.43183673469387
475, 1.9992527237944846, 0.0, 1.6647213255708744, 1.999999111111506, 142.52897959183673
476, 1.996135486526273, 0.0, 1.4464634847279525, 1.999999111111506, 137.11020408163265
477, 1.9975062257453349, 0.0, 1.566073196915641, 1.999999111111506, 129.68081632653062
478, 1.9983577943422313, 0.0, 1.6952194148006114, 1.999999111111506, 140.05632653061224
479, 1.9998000199986667, 0.0, 1.800604502356222, 1.999999111111506, 136.41795918367347
480, 1.9985068935719852, 0.0, 1.7740941310885268, 1.999999111111506, 116.0269387755102
481, 1.9987172678495435, 0.0, 1.6605708646657487, 1.999999111111506, 135.43020408163267
482, 1.9975993306712336, 1.1127415904839841, 1.8350610661942295, 1.999999111111506, 138.71510204081633
483, 1.9979540957210769, 0.0, 1.677136884222242, 1.999999111111506, 127.95591836734694
484, 1.9978680536106923, 0.0, 1.5952484239579243, 1.999999111111506, 140.89877551020408
485, 1.9992003199146837, 0.0, 1.7130299539520866, 1.999999111111506, 132.16244897959183
486, 1.9998497890605709, 0.0, 1.7499147422660994, 1.999999111111506, 137.49714285714285
487, 1.9829724140774105, 0.0, 1.6542684926711926, 1.999999111111506, 124.74775510204081
488, 1.9990324683608633, 0.0, 1.6954137884904832, 1.999999111111506, 111.8065306122449
489, 1.9996080768219615, 0.0, 1.7477412401868755, 1.999999111111506, 104.37959183673469
490, 1.9989729721988732, 0.0, 1.7679122103683116, 1.999999111111506, 88.59673469387755
491, 1.9772225254130948, 0.0, 1.446738798523313, 1.999999111111506, 78.25142857142858
492, 1.996017728136388, 0.0, 1.4085907806031606, 1.999999111111506, 78.32979591836735
493, 1.9996080768219615, 0.0, 1.6205876558105468, 1.999999111111506, 64.78285714285714
494, 1.9991461425217154, 0.0, 1.727969051423114, 1.999999111111506, 62.310204081632655
495, 1.9995298883149206, 0.0, 1.7565643281874839, 1.999999111111506, 83.9934693877551
496, 1.9997431441042366, 0.0, 1.818452039757052, 1.999999111111506, 91.98448979591836
497, 1.9965889420328562, 0.0, 1.7968817555485115, 1.999999111111506, 84.05632653061224
498, 1.9998000199986667, 0.0, 1.8808103515853958, 1.999999111111506, 78.6
499, 1.9988486632972693, 1.690080131478918, 1.9446648254791754, 1.999999111111506, 78.41714285714286
