1: 690 0
2: 716 0
3: 717 0
4: 716 0
5: 716 0
6: 715 0
7: 690 0
8: 690 0
9: 690 0
10: 691 0
11: 690 0
12: 716 0
13: 717 0
14: 716 0
15: 716 0
16: 716 0
17: 690 0
18: 690 0
19: 690 0
20: 690 0
21: 689 0
22: 715 0
23: 715 0
24: 715 0
25: 715 0
26: 716 0
27: 689 0
28: 689 0
29: 690 0
30: 689 0
31: 689 0
32: 715 0
33: 715 0
34: 715 0
35: 715 0
36: 715 0
37: 689 0
38: 689 0
39: 690 0
40: 689 0
41: 689 0
42: 716 0
43: 715 0
44: 715 0
45: 716 0
46: 715 0
47: 688 0
48: 689 0
49: 690 0
50: 689 0
51: 690 0
52: 689 0
53: 715 0
54: 715 0
55: 716 0
56: 715 0
57: 715 0
58: 690 0
59: 689 0
60: 689 0
61: 691 0
62: 689 0
63: 715 0
64: 715 0
65: 715 0
66: 715 0
67: 715 0
68: 690 0
69: 690 0
70: 689 0
71: 690 0
72: 690 0
73: 715 0
74: 716 0
75: 715 0
76: 715 0
77: 717 0
78: 689 0
79: 689 0
80: 690 0
81: 690 0
82: 690 0
83: 0 0
84: 0 0
85: 0 0
86: 0 0
87: 0 0
88: 97 0
89: 97 0
90: 96 0
91: 96 0
92: 95 0
93: 96 0
94: 0 0
95: 0 0
96: 0 0
97: 0 0
98: 0 0
99: 97 0
100: 97 0
101: 96 0
102: 96 0
103: 97 0
104: 0 1
105: 96 1
106: 716 1
107: 690 1
108: 716 1
109: 690 1
110: 716 1
111: 690 1
112: 715 1
113: 690 1
114: 689 1
115: 0 1
116: 0 1
117: 96 1
118: 0 1
119: 96 1
120: 717 1
121: 690 1
122: 715 1
123: 690 1
124: 0 1
125: 97 1
126: 0 1
127: 96 1
128: 0 1
129: 96 1
130: 0 1
131: 96 1
132: 0 1
133: 97 1
134: 718 1
135: 690 1
136: 716 1
137: 691 1
138: 715 1
139: 689 1
140: 716 1
141: 690 1
142: 715 1
143: 690 1
144: 714 1
145: 688 1
146: 714 1
147: 689 1
148: 0 1
149: 96 1
150: 0 1
151: 96 1
152: 0 1
153: 96 1
154: 0 1
155: 97 1
156: 0 1
157: 97 1
158: 714 1
159: 689 1
160: 714 1
161: 688 1
162: 0 1
163: 96 1
164: 0 1
165: 95 1
166: 0 1
167: 96 1
168: 715 1
169: 689 1
170: 714 1
171: 689 1
172: 714 1
173: 689 1
174: 714 1
175: 688 1
176: 714 1
177: 689 1
178: 714 1
179: 688 1
180: 714 1
181: 688 1
182: 714 1
183: 688 1
184: 714 1
185: 689 1
186: 714 1
187: 689 1
188: 714 1
189: 688 1
190: 714 1
191: 688 1
192: 0 1
193: 96 1
194: 714 1
195: 689 1
196: 714 1
197: 689 1
198: 714 1
199: 688 1
200: 0 1
201: 96 1
202: 0 1
203: 96 1
204: 96 1
205: 0 0
206: 0 0
207: 0 0
208: 0 0
209: 0 0
210: 97 0
211: 96 0
212: 96 0
213: 96 0
214: 96 0
215: 0 0
216: 0 0
217: 0 0
218: 0 0
219: 0 0
220: 97 0
221: 96 0
222: 96 0
223: 96 0
224: 96 0
225: 0 0
226: 0 0
227: 0 0
228: 0 0
229: 0 0
230: 98 0
231: 96 0
232: 97 0
233: 97 0
234: 97 0
235: 0 0
236: 0 0
237: 0 0
238: 0 0
239: 0 0
240: 0 0
241: 97 0
242: 97 0
243: 97 0
244: 97 0
245: 97 0
246: 0 0
247: 0 0
248: 0 0
249: 0 0
250: 0 0
251: 97 0
252: 96 0
253: 97 0
254: 97 0
255: 97 0
256: 714 0
257: 714 0
258: 714 0
259: 714 0
260: 714 0
261: 689 0
262: 688 0
263: 689 0
264: 688 0
265: 688 0
266: 0 0
267: 0 0
268: 0 0
269: 0 0
270: 0 0
271: 97 0
272: 97 0
273: 97 0
274: 97 0
275: 97 0
276: 0 0
277: 0 0
278: 0 0
279: 0 0
280: 0 0
281: 98 0
282: 97 0
283: 98 0
284: 97 0
285: 96 0
286: 0 0
287: 0 0
288: 0 0
289: 0 0
290: 0 0
291: 0 0
292: 96 0
293: 95 0
294: 97 0
295: 96 0
296: 97 0
297: 0 0
298: 0 0
299: 0 0
300: 0 0
301: 0 0
302: 97 0
303: 97 0
304: 96 0
305: 97 0
306: 96 0
307: 97 1
308: 0 1
309: 99 1
310: 97 1
311: 714 1
312: 689 1
313: 714 1
314: 714 1
315: 689 1
316: 714 1
317: 689 1
318: 714 1
319: 688 1
320: 714 1
321: 688 1
322: 714 1
323: 688 1
324: 714 1
325: 688 1
326: 714 1
327: 688 1
328: 714 1
329: 689 1
330: 714 1
331: 688 1
332: 714 1
333: 689 1
334: 714 1
335: 689 1
336: 716 1
337: 689 1
338: 714 1
339: 690 1
340: 714 1
341: 689 1
342: 715 1
343: 689 1
344: 714 1
345: 689 1
346: 714 1
347: 689 1
348: 0 1
349: 96 1
350: 0 1
351: 97 1
352: 0 1
353: 96 1
354: 0 1
355: 97 1
356: 0 1
357: 97 1
358: 0 1
359: 96 1
360: 0 1
361: 0 1
362: 96 1
363: 0 1
364: 97 1
365: 0 1
366: 97 1
367: 0 1
368: 98 1
369: 0 1
370: 97 1
371: 714 1
372: 689 1
373: 714 1
374: 689 1
375: 0 1
376: 96 1
377: 0 1
378: 97 1
379: 0 1
380: 96 1
381: 714 1
382: 689 1
383: 714 1
384: 689 1
385: 714 1
386: 689 1
387: 0 1
388: 96 1
389: 0 1
390: 97 1
391: 0 1
392: 96 1
393: 0 1
394: 96 1
395: 0 1
396: 96 1
397: 0 1
398: 97 1
399: 0 1
400: 97 1
401: 0 1
402: 97 1
403: 0 1
404: 97 1
405: 0 1
406: 97 1
407: 95 1
408: 0 0
409: 0 0
410: 0 0
411: 0 0
412: 0 0
413: 97 0
414: 96 0
415: 98 0
416: 97 0
417: 98 0
418: 0 0
419: 0 0
420: 0 0
421: 0 0
422: 0 0
423: 0 0
424: 97 0
425: 97 0
426: 97 0
427: 97 0
428: 97 0
429: 0 0
430: 0 0
431: 0 0
432: 0 0
433: 0 0
434: 97 0
435: 97 0
436: 97 0
437: 96 0
438: 97 0
439: 0 0
440: 0 0
441: 0 0
442: 0 0
443: 0 0
444: 97 0
445: 97 0
446: 97 0
447: 96 0
448: 97 0
449: 0 0
450: 0 0
451: 0 0
452: 0 0
453: 0 0
454: 96 0
455: 97 0
456: 97 0
457: 97 0
458: 97 0
459: 0 0
460: 0 0
461: 0 0
462: 0 0
463: 0 0
464: 0 0
465: 96 0
466: 97 0
467: 97 0
468: 96 0
469: 97 0
470: 714 0
471: 714 0
472: 714 0
473: 714 0
474: 714 0
475: 689 0
476: 689 0
477: 689 0
478: 689 0
479: 689 0
480: 714 0
481: 714 0
482: 714 0
483: 714 0
484: 714 0
485: 689 0
486: 689 0
487: 689 0
488: 689 0
489: 714 0
490: 714 0
491: 715 0
492: 714 0
493: 714 0
494: 689 0
495: 689 0
496: 689 0
497: 689 0
498: 689 0
499: 714 0
500: 714 0
501: 714 0
502: 714 0
503: 714 0
504: 689 0
505: 689 0
506: 689 0
507: 689 0
508: 689 0
509: 689 1
510: 690 1
511: 714 1
512: 689 1
513: 714 1
514: 689 1
515: 714 1
516: 688 1
517: 714 1
518: 689 1
519: 715 1
520: 689 1
521: 714 1
522: 689 1
523: 715 1
524: 689 1
525: 714 1
526: 690 1
527: 715 1
528: 689 1
529: 715 1
530: 689 1
531: 714 1
532: 689 1
533: 714 1
534: 689 1
535: 714 1
536: 689 1
537: 0 1
538: 96 1
539: 0 1
540: 97 1
541: 0 1
542: 97 1
543: 0 1
544: 96 1
545: 0 1
546: 96 1
547: 0 1
548: 97 1
549: 0 1
550: 97 1
551: 0 1
552: 97 1
553: 0 1
554: 96 1
555: 714 1
556: 690 1
557: 714 1
558: 689 1
559: 714 1
560: 689 1
561: 715 1
562: 689 1
563: 714 1
564: 689 1
565: 714 1
566: 689 1
567: 0 1
568: 96 1
569: 0 1
570: 96 1
571: 0 1
572: 96 1
573: 0 1
574: 97 1
575: 714 1
576: 690 1
577: 714 1
578: 689 1
579: 715 1
580: 689 1
581: 714 1
582: 689 1
583: 714 1
584: 689 1
585: 714 1
586: 688 1
587: 0 1
588: 97 1
589: 0 1
590: 96 1
591: 0 1
592: 97 1
593: 0 1
594: 97 1
595: 0 1
596: 96 1
597: 0 1
598: 97 1
599: 714 1
600: 689 1
601: 0 1
602: 97 1
603: 714 1
604: 690 1
605: 714 1
606: 689 1
607: 716 1
608: 688 1
609: 689 1
610: 715 0
611: 714 0
612: 714 0
613: 715 0
614: 714 0
615: 689 0
616: 690 0
617: 688 0
618: 689 0
619: 689 0
620: 714 0
621: 714 0
622: 714 0
623: 714 0
624: 714 0
625: 689 0
626: 689 0
627: 689 0
628: 689 0
629: 689 0
630: 714 0
631: 714 0
632: 714 0
633: 714 0
634: 714 0
635: 688 0
636: 689 0
637: 688 0
638: 688 0
639: 690 0
640: 714 0
641: 714 0
642: 715 0
643: 714 0
644: 714 0
645: 689 0
646: 688 0
647: 688 0
648: 688 0
649: 689 0
650: 714 0
651: 714 0
652: 714 0
653: 714 0
654: 714 0
655: 688 0
656: 688 0
657: 688 0
658: 688 0
659: 688 0
660: 714 0
661: 714 0
662: 714 0
663: 714 0
664: 714 0
665: 688 0
666: 688 0
667: 689 0
668: 689 0
669: 688 0
670: 714 0
671: 715 0
672: 714 0
673: 714 0
674: 715 0
675: 689 0
676: 689 0
677: 689 0
678: 688 0
679: 688 0
680: 0 0
681: 0 0
682: 0 0
683: 0 0
684: 0 0
685: 97 0
686: 96 0
687: 96 0
688: 95 0
689: 95 0
690: 0 0
691: 0 0
692: 0 0
693: 0 0
694: 0 0
695: 97 0
696: 96 0
697: 96 0
698: 96 0
699: 96 0
700: 0 0
701: 0 0
702: 0 0
703: 0 0
704: 0 0
705: 97 0
706: 97 0
707: 97 0
708: 96 0
709: 95 0
710: 96 1
711: 97 1
712: 0 1
713: 96 1
714: 0 1
715: 97 1
716: 0 1
717: 96 1
718: 0 1
719: 96 1
720: 0 1
721: 97 1
722: 0 1
723: 97 1
724: 0 1
725: 96 1
726: 0 1
727: 97 1
728: 714 1
729: 690 1
730: 715 1
731: 689 1
732: 714 1
733: 689 1
734: 714 1
735: 689 1
736: 714 1
737: 689 1
738: 714 1
739: 688 1
740: 714 1
741: 690 1
742: 715 1
743: 689 1
744: 714 1
745: 688 1
746: 714 1
747: 689 1
748: 714 1
749: 688 1
750: 714 1
751: 688 1
752: 0 1
753: 95 1
754: 0 1
755: 95 1
756: 714 1
757: 689 1
758: 714 1
759: 689 1
760: 714 1
761: 689 1
762: 714 1
763: 689 1
764: 714 1
765: 689 1
766: 714 1
767: 689 1
768: 714 1
769: 689 1
770: 714 1
771: 689 1
772: 714 1
773: 689 1
774: 715 1
775: 689 1
776: 714 1
777: 690 1
778: 714 1
779: 689 1
780: 715 1
781: 689 1
782: 714 1
783: 689 1
784: 714 1
785: 689 1
786: 714 1
787: 689 1
788: 714 1
789: 689 1
790: 714 1
791: 689 1
792: 714 1
793: 689 1
794: 714 1
795: 689 1
796: 714 1
797: 689 1
798: 714 1
799: 688 1
800: 714 1
801: 689 1
802: 714 1
803: 688 1
804: 714 1
805: 689 1
806: 716 1
807: 689 1
808: 714 1
809: 690 1
810: 689 0
811: 714 0
812: 715 0
813: 714 0
814: 714 0
815: 715 0
816: 688 0
817: 689 0
818: 688 0
819: 689 0
820: 714 0
821: 714 0
822: 714 0
823: 714 0
824: 714 0
825: 688 0
826: 688 0
827: 688 0
828: 688 0
829: 689 0
830: 714 0
831: 714 0
832: 714 0
833: 714 0
834: 714 0
835: 688 0
836: 688 0
837: 688 0
838: 690 0
839: 689 0
840: 714 0
841: 715 0
842: 714 0
843: 714 0
844: 715 0
845: 688 0
846: 689 0
847: 689 0
848: 689 0
849: 689 0
850: 714 0
851: 714 0
852: 714 0
853: 714 0
854: 714 0
855: 688 0
856: 689 0
857: 689 0
858: 689 0
859: 689 0
860: 714 0
861: 714 0
862: 714 0
863: 714 0
864: 714 0
865: 688 0
866: 688 0
867: 688 0
868: 689 0
869: 688 0
870: 715 0
871: 714 0
872: 714 0
873: 715 0
874: 714 0
875: 688 0
876: 689 0
877: 688 0
878: 688 0
879: 689 0
880: 0 0
881: 0 0
882: 0 0
883: 0 0
884: 0 0
885: 96 0
886: 97 0
887: 96 0
888: 97 0
889: 96 0
890: 0 0
891: 0 0
892: 0 0
893: 0 0
894: 0 0
895: 97 0
896: 96 0
897: 96 0
898: 96 0
899: 97 0
900: 714 0
901: 714 0
902: 715 0
903: 714 0
904: 714 0
905: 689 0
906: 689 0
907: 689 0
908: 689 0
909: 689 0
910: 689 1
911: 689 1
912: 714 1
913: 689 1
914: 714 1
915: 689 1
916: 714 1
917: 688 1
918: 714 1
919: 689 1
920: 714 1
921: 689 1
922: 714 1
923: 689 1
924: 714 1
925: 689 1
926: 715 1
927: 689 1
928: 0 1
929: 95 1
930: 0 1
931: 96 1
932: 714 1
933: 688 1
934: 714 1
935: 689 1
936: 714 1
937: 689 1
938: 714 1
939: 689 1
940: 714 1
941: 688 1
942: 714 1
943: 689 1
944: 714 1
945: 689 1
946: 715 1
947: 689 1
948: 0 1
949: 95 1
950: 0 1
951: 96 1
952: 714 1
953: 689 1
954: 714 1
955: 689 1
956: 714 1
957: 689 1
958: 0 1
959: 97 1
960: 714 1
961: 689 1
962: 0 1
963: 96 1
964: 0 1
965: 96 1
966: 0 1
967: 97 1
968: 0 1
969: 97 1
970: 0 1
971: 96 1
972: 0 1
973: 97 1
974: 0 1
975: 97 1
976: 0 1
977: 97 1
978: 0 1
979: 97 1
980: 0 1
981: 96 1
982: 0 1
983: 97 1
984: 0 1
985: 98 1
986: 0 1
987: 97 1
988: 0 1
989: 97 1
990: 0 1
991: 98 1
992: 0 1
993: 0 1
994: 96 1
995: 0 1
996: 97 1
997: 0 1
998: 97 1
999: 0 1
1000: 96 1
