1: 713 0
2: 713 0
3: 713 0
4: 713 0
5: 714 0
6: 713 0
7: 713 0
8: 712 0
9: 712 0
10: 713 0
11: 713 0
12: 713 0
13: 714 0
14: 713 0
15: 713 0
16: 713 0
17: 713 0
18: 713 0
19: 713 0
20: 713 0
21: 713 0
22: 713 0
23: 713 0
24: 713 0
25: 713 0
26: 714 0
27: 714 0
28: 714 0
29: 717 0
30: 713 0
31: 713 0
32: 713 0
33: 713 0
34: 713 0
35: 713 0
36: 713 0
37: 712 0
38: 713 0
39: 713 0
40: 713 0
41: 713 0
42: 713 0
43: 713 0
44: 713 0
45: 714 0
46: 713 0
47: 713 0
48: 713 0
49: 713 0
50: 713 0
51: 713 0
52: 713 0
53: 713 0
54: 713 0
55: 713 0
56: 713 0
57: 713 0
58: 713 0
59: 713 0
60: 713 0
61: 714 0
62: 713 0
63: 714 0
64: 714 0
65: 713 0
66: 714 0
67: 713 0
68: 713 0
69: 713 0
70: 713 0
71: 713 0
72: 713 0
73: 713 0
74: 713 0
75: 713 0
76: 713 0
77: 714 0
78: 713 0
79: 713 0
80: 713 0
81: 713 0
82: 713 0
83: 713 0
84: 713 0
85: 713 0
86: 713 0
87: 713 0
88: 713 0
89: 713 0
90: 713 0
91: 713 0
92: 714 0
93: 714 0
94: 713 0
95: 713 0
96: 713 0
97: 713 0
98: 712 0
99: 712 0
100: 712 0
101: 713 0
102: 712 0
103: 712 1
104: 712 1
105: 713 1
106: 712 1
107: 713 1
108: 713 1
109: 714 1
110: 714 1
111: 714 1
112: 713 1
113: 713 1
114: 714 1
115: 713 1
116: 712 1
117: 714 1
118: 713 1
119: 713 1
120: 713 1
121: 713 1
122: 713 1
123: 713 1
124: 713 1
125: 713 1
126: 713 1
127: 713 1
128: 713 1
129: 713 1
130: 712 1
131: 713 1
132: 712 1
133: 713 1
134: 713 1
135: 713 1
136: 712 1
137: 713 1
138: 713 1
139: 713 1
140: 713 1
141: 713 1
142: 713 1
143: 714 1
144: 713 1
145: 713 1
146: 714 1
147: 713 1
148: 713 1
149: 713 1
150: 713 1
151: 712 1
152: 713 1
153: 712 1
154: 713 1
155: 713 1
156: 713 1
157: 713 1
158: 713 1
159: 713 1
160: 713 1
161: 713 1
162: 713 1
163: 713 1
164: 713 1
165: 713 1
166: 713 1
167: 713 1
168: 713 1
169: 713 1
170: 713 1
171: 713 1
172: 713 1
173: 713 1
174: 713 1
175: 714 1
176: 713 1
177: 713 1
178: 714 1
179: 713 1
180: 713 1
181: 713 1
182: 713 1
183: 713 1
184: 713 1
185: 713 1
186: 713 1
187: 713 1
188: 713 1
189: 713 1
190: 713 1
191: 714 1
192: 714 1
193: 714 1
194: 714 1
195: 713 1
196: 713 1
197: 713 1
198: 713 1
199: 713 1
200: 713 1
201: 713 1
202: 712 1
203: 712 0
204: 712 0
205: 713 0
206: 713 0
207: 714 0
208: 713 0
209: 713 0
210: 714 0
211: 713 0
212: 713 0
213: 713 0
214: 713 0
215: 713 0
216: 713 0
217: 713 0
218: 713 0
219: 713 0
220: 713 0
221: 713 0
222: 713 0
223: 713 0
224: 713 0
225: 713 0
226: 713 0
227: 713 0
228: 713 0
229: 713 0
230: 713 0
231: 713 0
232: 713 0
233: 713 0
234: 713 0
235: 713 0
236: 713 0
237: 713 0
238: 713 0
239: 714 0
240: 713 0
241: 713 0
242: 714 0
243: 713 0
244: 713 0
245: 714 0
246: 713 0
247: 713 0
248: 713 0
249: 713 0
250: 713 0
251: 713 0
252: 713 0
253: 713 0
254: 713 0
255: 713 0
256: 713 0
257: 713 0
258: 713 0
259: 713 0
260: 713 0
261: 713 0
262: 713 0
263: 713 0
264: 713 0
265: 713 0
266: 713 0
267: 713 0
268: 713 0
269: 713 0
270: 713 0
271: 714 0
272: 714 0
273: 714 0
274: 714 0
275: 713 0
276: 713 0
277: 713 0
278: 713 0
279: 713 0
280: 713 0
281: 713 0
282: 713 0
283: 713 0
284: 713 0
285: 713 0
286: 713 0
287: 713 0
288: 713 0
289: 713 0
290: 713 0
291: 713 0
292: 713 0
293: 713 0
294: 713 0
295: 713 0
296: 713 0
297: 713 0
298: 713 0
299: 713 0
300: 713 0
301: 713 0
302: 713 1
303: 714 1
304: 713 1
305: 713 1
306: 714 1
307: 713 1
308: 713 1
309: 713 1
310: 713 1
311: 713 1
312: 713 1
313: 713 1
314: 713 1
315: 713 1
316: 713 1
317: 713 1
318: 713 1
319: 713 1
320: 713 1
321: 713 1
322: 713 1
323: 713 1
324: 713 1
325: 713 1
326: 713 1
327: 713 1
328: 713 1
329: 713 1
330: 713 1
331: 713 1
332: 713 1
333: 713 1
334: 713 1
335: 714 1
336: 713 1
337: 713 1
338: 714 1
339: 713 1
340: 713 1
341: 713 1
342: 713 1
343: 713 1
344: 713 1
345: 713 1
346: 713 1
347: 713 1
348: 713 1
349: 713 1
350: 713 1
351: 713 1
352: 713 1
353: 714 1
354: 714 1
355: 714 1
356: 713 1
357: 713 1
358: 713 1
359: 713 1
360: 713 1
361: 713 1
362: 713 1
363: 713 1
364: 713 1
365: 715 1
366: 714 1
367: 715 1
368: 714 1
369: 714 1
370: 715 1
371: 714 1
372: 714 1
373: 715 1
374: 714 1
375: 714 1
376: 715 1
377: 714 1
378: 714 1
379: 714 1
380: 714 1
381: 714 1
382: 714 1
383: 714 1
384: 714 1
385: 714 1
386: 714 1
387: 714 1
388: 714 1
389: 714 1
390: 713 1
391: 714 1
392: 714 1
393: 714 1
394: 714 1
395: 714 1
396: 714 1
397: 714 1
398: 714 1
399: 715 1
400: 714 1
401: 714 0
402: 715 0
403: 714 0
404: 714 0
405: 715 0
406: 714 0
407: 714 0
408: 715 0
409: 713 0
410: 714 0
411: 714 0
412: 714 0
413: 714 0
414: 714 0
415: 714 0
416: 714 0
417: 714 0
418: 713 0
419: 714 0
420: 714 0
421: 714 0
422: 714 0
423: 714 0
424: 714 0
425: 714 0
426: 714 0
427: 714 0
428: 714 0
429: 713 0
430: 714 0
431: 715 0
432: 714 0
433: 715 0
434: 715 0
435: 716 0
436: 716 0
437: 716 0
438: 717 0
439: 716 0
440: 718 0
441: 717 0
442: 716 0
443: 717 0
444: 717 0
445: 716 0
446: 717 0
447: 715 0
448: 714 0
449: 715 0
450: 715 0
451: 715 0
452: 715 0
453: 715 0
454: 715 0
455: 715 0
456: 715 0
457: 715 0
458: 715 0
459: 715 0
460: 715 0
461: 715 0
462: 715 0
463: 716 0
464: 715 0
465: 715 0
466: 716 0
467: 715 0
468: 715 0
469: 716 0
470: 715 0
471: 715 0
472: 716 0
473: 715 0
474: 716 0
475: 717 0
476: 716 0
477: 716 0
478: 716 0
479: 715 0
480: 716 0
481: 717 0
482: 716 0
483: 716 0
484: 717 0
485: 716 0
486: 715 0
487: 715 0
488: 715 0
489: 715 0
490: 714 0
491: 715 0
492: 715 0
493: 715 0
494: 715 0
495: 716 0
496: 715 0
497: 715 0
498: 716 0
499: 715 0
500: 715 0
501: 716 1
502: 715 1
503: 715 1
504: 716 1
505: 715 1
506: 715 1
507: 716 1
508: 715 1
509: 715 1
510: 715 1
511: 715 1
512: 715 1
513: 716 1
514: 716 1
515: 715 1
516: 715 1
517: 715 1
518: 715 1
519: 715 1
520: 715 1
521: 715 1
522: 715 1
523: 715 1
524: 715 1
525: 715 1
526: 715 1
527: 716 1
528: 715 1
529: 715 1
530: 716 1
531: 715 1
532: 715 1
533: 716 1
534: 715 1
535: 715 1
536: 716 1
537: 715 1
538: 715 1
539: 716 1
540: 715 1
541: 715 1
542: 715 1
543: 715 1
544: 715 1
545: 715 1
546: 716 1
547: 715 1
548: 715 1
549: 715 1
550: 715 1
551: 715 1
552: 715 1
553: 715 1
554: 715 1
555: 715 1
556: 715 1
557: 715 1
558: 715 1
559: 716 1
560: 715 1
561: 715 1
562: 716 1
563: 715 1
564: 715 1
565: 716 1
566: 715 1
567: 715 1
568: 716 1
569: 715 1
570: 715 1
571: 716 1
572: 715 1
573: 715 1
574: 715 1
575: 715 1
576: 715 1
577: 715 1
578: 715 1
579: 715 1
580: 715 1
581: 715 1
582: 715 1
583: 715 1
584: 715 1
585: 715 1
586: 715 1
587: 715 1
588: 715 1
589: 715 1
590: 715 1
591: 716 1
592: 715 1
593: 715 1
594: 716 1
595: 715 1
596: 715 1
597: 716 1
598: 715 1
599: 715 1
600: 716 0
601: 715 0
602: 715 0
603: 716 0
604: 715 0
605: 715 0
606: 715 0
607: 715 0
608: 715 0
609: 715 0
610: 715 0
611: 715 0
612: 715 0
613: 715 0
614: 716 0
615: 715 0
616: 715 0
617: 715 0
618: 715 0
619: 715 0
620: 715 0
621: 715 0
622: 715 0
623: 716 0
624: 715 0
625: 715 0
626: 716 0
627: 715 0
628: 715 0
629: 716 0
630: 715 0
631: 715 0
632: 716 0
633: 715 0
634: 715 0
635: 716 0
636: 715 0
637: 715 0
638: 715 0
639: 715 0
640: 715 0
641: 715 0
642: 715 0
643: 715 0
644: 715 0
645: 715 0
646: 715 0
647: 715 0
648: 715 0
649: 715 0
650: 715 0
651: 715 0
652: 715 0
653: 715 0
654: 715 0
655: 715 0
656: 715 0
657: 715 0
658: 716 0
659: 715 0
660: 715 0
661: 716 0
662: 715 0
663: 715 0
664: 716 0
665: 715 0
666: 715 0
667: 716 0
668: 715 0
669: 715 0
670: 715 0
671: 715 0
672: 715 0
673: 715 0
674: 715 0
675: 715 0
676: 715 0
677: 715 0
678: 715 0
679: 715 0
680: 715 0
681: 715 0
682: 715 0
683: 715 0
684: 715 0
685: 715 0
686: 715 0
687: 716 0
688: 715 0
689: 715 0
690: 716 0
691: 715 0
692: 715 0
693: 716 0
694: 715 0
695: 715 0
696: 716 0
697: 715 0
698: 715 0
699: 716 0
700: 715 1
701: 715 1
702: 716 1
703: 715 1
704: 715 1
705: 715 1
706: 714 1
707: 715 1
708: 715 1
709: 715 1
710: 714 1
711: 715 1
712: 715 1
713: 715 1
714: 715 1
715: 715 1
716: 715 1
717: 715 1
718: 715 1
719: 716 1
720: 715 1
721: 715 1
722: 716 1
723: 715 1
724: 715 1
725: 716 1
726: 715 1
727: 715 1
728: 716 1
729: 715 1
730: 715 1
731: 716 1
732: 715 1
733: 715 1
734: 715 1
735: 715 1
736: 715 1
737: 715 1
738: 715 1
739: 715 1
740: 715 1
741: 715 1
742: 715 1
743: 715 1
744: 715 1
745: 715 1
746: 715 1
747: 715 1
748: 715 1
749: 715 1
750: 715 1
751: 716 1
752: 715 1
753: 715 1
754: 716 1
755: 715 1
756: 715 1
757: 716 1
758: 715 1
759: 715 1
760: 716 1
761: 715 1
762: 715 1
763: 716 1
764: 715 1
765: 715 1
766: 715 1
767: 715 1
768: 715 1
769: 715 1
770: 715 1
771: 715 1
772: 715 1
773: 715 1
774: 715 1
775: 715 1
776: 715 1
777: 715 1
778: 715 1
779: 715 1
780: 715 1
781: 715 1
782: 715 1
783: 716 1
784: 715 1
785: 715 1
786: 716 1
787: 715 1
788: 715 1
789: 716 1
790: 715 1
791: 715 1
792: 716 1
793: 715 1
794: 715 1
795: 715 1
796: 715 1
797: 715 1
798: 715 1
799: 715 0
800: 715 0
801: 715 0
802: 715 0
803: 715 0
804: 715 0
805: 715 0
806: 715 0
807: 715 0
808: 715 0
809: 715 0
810: 715 0
811: 715 0
812: 715 0
813: 715 0
814: 715 0
815: 716 0
816: 715 0
817: 715 0
818: 716 0
819: 715 0
820: 715 0
821: 716 0
822: 715 0
823: 715 0
824: 716 0
825: 715 0
826: 715 0
827: 716 0
828: 715 0
829: 715 0
830: 715 0
831: 715 0
832: 715 0
833: 715 0
834: 714 0
835: 714 0
836: 715 0
837: 714 0
838: 714 0
839: 715 0
840: 714 0
841: 715 0
842: 714 0
843: 715 0
844: 714 0
845: 714 0
846: 714 0
847: 716 0
848: 715 0
849: 715 0
850: 716 0
851: 715 0
852: 715 0
853: 716 0
854: 715 0
855: 714 0
856: 716 0
857: 714 0
858: 714 0
859: 715 0
860: 715 0
861: 715 0
862: 715 0
863: 715 0
864: 715 0
865: 714 0
866: 714 0
867: 715 0
868: 715 0
869: 715 0
870: 715 0
871: 715 0
872: 714 0
873: 714 0
874: 715 0
875: 715 0
876: 714 0
877: 715 0
878: 715 0
879: 715 0
880: 715 0
881: 714 0
882: 716 0
883: 715 0
884: 715 0
885: 716 0
886: 715 0
887: 715 0
888: 717 0
889: 716 0
890: 716 0
891: 716 0
892: 715 0
893: 715 0
894: 716 0
895: 715 0
896: 715 0
897: 716 0
898: 716 1
899: 716 1
900: 716 1
901: 715 1
902: 716 1
903: 716 1
904: 716 1
905: 714 1
906: 715 1
907: 715 1
908: 715 1
909: 715 1
910: 715 1
911: 716 1
912: 715 1
913: 715 1
914: 716 1
915: 715 1
916: 715 1
917: 716 1
918: 715 1
919: 715 1
920: 716 1
921: 715 1
922: 715 1
923: 715 1
924: 716 1
925: 715 1
926: 716 1
927: 715 1
928: 715 1
929: 715 1
930: 715 1
931: 715 1
932: 715 1
933: 715 1
934: 715 1
935: 715 1
936: 715 1
937: 715 1
938: 715 1
939: 715 1
940: 715 1
941: 715 1
942: 715 1
943: 716 1
944: 715 1
945: 715 1
946: 716 1
947: 715 1
948: 715 1
949: 716 1
950: 715 1
951: 715 1
952: 716 1
953: 715 1
954: 715 1
955: 716 1
956: 715 1
957: 715 1
958: 715 1
959: 716 1
960: 715 1
961: 715 1
962: 715 1
963: 715 1
964: 715 1
965: 715 1
966: 715 1
967: 715 1
968: 715 1
969: 715 1
970: 715 1
971: 715 1
972: 715 1
973: 715 1
974: 715 1
975: 716 1
976: 715 1
977: 715 1
978: 716 1
979: 715 1
980: 715 1
981: 716 1
982: 715 1
983: 715 1
984: 716 1
985: 715 1
986: 715 1
987: 716 1
988: 715 1
989: 716 1
990: 715 1
991: 716 1
992: 715 1
993: 716 1
994: 715 1
995: 715 1
996: 716 1
997: 715 1
998: 715 0
999: 715 0
1000: 715 0
