1: 715 0
2: 715 0
3: 715 0
4: 715 0
5: 715 0
6: 714 0
7: 714 0
8: 714 0
9: 714 0
10: 714 0
11: 714 0
12: 715 0
13: 715 0
14: 714 0
15: 714 0
16: 715 0
17: 714 0
18: 714 0
19: 714 0
20: 714 0
21: 714 0
22: 714 0
23: 714 0
24: 714 0
25: 714 0
26: 714 0
27: 714 0
28: 714 0
29: 715 0
30: 714 0
31: 714 0
32: 714 0
33: 715 0
34: 714 0
35: 714 0
36: 714 0
37: 714 0
38: 714 0
39: 714 0
40: 714 0
41: 714 0
42: 715 0
43: 714 0
44: 715 0
45: 716 0
46: 714 0
47: 714 0
48: 714 0
49: 714 0
50: 714 0
51: 714 0
52: 714 0
53: 714 0
54: 714 0
55: 714 0
56: 714 0
57: 714 0
58: 714 0
59: 714 0
60: 714 0
61: 715 0
62: 714 0
63: 714 0
64: 714 0
65: 714 0
66: 714 0
67: 714 0
68: 714 0
69: 714 0
70: 715 0
71: 714 0
72: 714 0
73: 714 0
74: 715 0
75: 714 0
76: 714 0
77: 715 0
78: 714 0
79: 714 0
80: 714 0
81: 714 0
82: 714 0
83: 714 0
84: 714 0
85: 714 0
86: 714 0
87: 714 0
88: 714 0
89: 714 0
90: 714 0
91: 714 0
92: 714 0
93: 715 0
94: 714 0
95: 714 0
96: 714 0
97: 714 0
98: 714 0
99: 714 0
100: 714 0
101: 714 0
102: 714 0
103: 714 1
104: 714 1
105: 714 1
106: 714 1
107: 714 1
108: 714 1
109: 714 1
110: 714 1
111: 715 1
112: 714 1
113: 714 1
114: 715 1
115: 714 1
116: 714 1
117: 715 1
118: 714 1
119: 714 1
120: 714 1
121: 714 1
122: 714 1
123: 714 1
124: 714 1
125: 714 1
126: 714 1
127: 714 1
128: 714 1
129: 714 1
130: 714 1
131: 714 1
132: 714 1
133: 714 1
134: 714 1
135: 714 1
136: 714 1
137: 714 1
138: 714 1
139: 714 1
140: 714 1
141: 714 1
142: 714 1
143: 715 1
144: 714 1
145: 714 1
146: 715 1
147: 714 1
148: 714 1
149: 715 1
150: 714 1
151: 715 1
152: 715 1
153: 715 1
154: 715 1
155: 715 1
156: 715 1
157: 715 1
158: 715 1
159: 715 1
160: 715 1
161: 714 1
162: 715 1
163: 715 1
164: 715 1
165: 714 1
166: 715 1
167: 715 1
168: 715 1
169: 715 1
170: 715 1
171: 715 1
172: 715 1
173: 715 1
174: 715 1
175: 716 1
176: 715 1
177: 715 1
178: 716 1
179: 715 1
180: 715 1
181: 715 1
182: 714 1
183: 714 1
184: 714 1
185: 714 1
186: 714 1
187: 714 1
188: 714 1
189: 714 1
190: 714 1
191: 714 1
192: 714 1
193: 714 1
194: 714 1
195: 714 1
196: 714 1
197: 714 1
198: 714 1
199: 714 1
200: 714 1
201: 714 1
202: 714 1
203: 713 0
204: 713 0
205: 714 0
206: 714 0
207: 716 0
208: 714 0
209: 714 0
210: 715 0
211: 714 0
212: 714 0
213: 715 0
214: 714 0
215: 714 0
216: 714 0
217: 714 0
218: 714 0
219: 714 0
220: 714 0
221: 714 0
222: 714 0
223: 714 0
224: 714 0
225: 714 0
226: 714 0
227: 714 0
228: 714 0
229: 714 0
230: 714 0
231: 714 0
232: 714 0
233: 714 0
234: 714 0
235: 714 0
236: 715 0
237: 714 0
238: 714 0
239: 715 0
240: 714 0
241: 714 0
242: 715 0
243: 714 0
244: 714 0
245: 715 0
246: 714 0
247: 714 0
248: 714 0
249: 714 0
250: 714 0
251: 714 0
252: 714 0
253: 714 0
254: 714 0
255: 714 0
256: 714 0
257: 714 0
258: 714 0
259: 714 0
260: 714 0
261: 714 0
262: 714 0
263: 714 0
264: 714 0
265: 714 0
266: 714 0
267: 714 0
268: 714 0
269: 714 0
270: 714 0
271: 715 0
272: 714 0
273: 714 0
274: 715 0
275: 714 0
276: 714 0
277: 714 0
278: 714 0
279: 714 0
280: 714 0
281: 714 0
282: 714 0
283: 714 0
284: 716 0
285: 715 0
286: 717 0
287: 715 0
288: 715 0
289: 715 0
290: 716 0
291: 716 0
292: 717 0
293: 715 0
294: 715 0
295: 716 0
296: 716 0
297: 714 0
298: 714 0
299: 714 0
300: 714 0
301: 714 0
302: 714 1
303: 715 1
304: 714 1
305: 714 1
306: 715 1
307: 714 1
308: 714 1
309: 715 1
310: 714 1
311: 714 1
312: 715 1
313: 714 1
314: 714 1
315: 714 1
316: 714 1
317: 714 1
318: 714 1
319: 714 1
320: 714 1
321: 714 1
322: 714 1
323: 714 1
324: 714 1
325: 714 1
326: 714 1
327: 714 1
328: 714 1
329: 714 1
330: 714 1
331: 714 1
332: 714 1
333: 714 1
334: 715 1
335: 715 1
336: 714 1
337: 714 1
338: 715 1
339: 714 1
340: 714 1
341: 714 1
342: 714 1
343: 714 1
344: 714 1
345: 714 1
346: 714 1
347: 714 1
348: 714 1
349: 714 1
350: 714 1
351: 714 1
352: 714 1
353: 714 1
354: 714 1
355: 714 1
356: 714 1
357: 714 1
358: 714 1
359: 714 1
360: 714 1
361: 715 1
362: 714 1
363: 714 1
364: 714 1
365: 714 1
366: 714 1
367: 715 1
368: 714 1
369: 714 1
370: 715 1
371: 714 1
372: 714 1
373: 714 1
374: 714 1
375: 714 1
376: 715 1
377: 714 1
378: 714 1
379: 715 1
380: 714 1
381: 714 1
382: 715 1
383: 714 1
384: 714 1
385: 715 1
386: 714 1
387: 714 1
388: 715 1
389: 714 1
390: 714 1
391: 715 1
392: 714 1
393: 714 1
394: 715 1
395: 714 1
396: 714 1
397: 715 1
398: 714 1
399: 715 1
400: 714 1
401: 714 0
402: 715 0
403: 714 0
404: 714 0
405: 715 0
406: 714 0
407: 714 0
408: 715 0
409: 714 0
410: 714 0
411: 715 0
412: 714 0
413: 714 0
414: 715 0
415: 714 0
416: 714 0
417: 715 0
418: 714 0
419: 714 0
420: 714 0
421: 714 0
422: 714 0
423: 715 0
424: 714 0
425: 714 0
426: 714 0
427: 714 0
428: 714 0
429: 714 0
430: 714 0
431: 715 0
432: 714 0
433: 714 0
434: 715 0
435: 714 0
436: 714 0
437: 715 0
438: 714 0
439: 714 0
440: 715 0
441: 714 0
442: 714 0
443: 715 0
444: 714 0
445: 714 0
446: 714 0
447: 714 0
448: 714 0
449: 714 0
450: 714 0
451: 714 0
452: 715 0
453: 715 0
454: 714 0
455: 715 0
456: 714 0
457: 714 0
458: 715 0
459: 714 0
460: 714 0
461: 715 0
462: 714 0
463: 715 0
464: 714 0
465: 714 0
466: 714 0
467: 714 0
468: 714 0
469: 714 0
470: 714 0
471: 714 0
472: 715 0
473: 714 0
474: 714 0
475: 715 0
476: 714 0
477: 714 0
478: 714 0
479: 714 0
480: 714 0
481: 715 0
482: 714 0
483: 714 0
484: 715 0
485: 714 0
486: 714 0
487: 715 0
488: 714 0
489: 714 0
490: 714 0
491: 714 0
492: 714 0
493: 715 0
494: 714 0
495: 715 0
496: 714 0
497: 714 0
498: 714 0
499: 714 0
500: 714 0
501: 715 1
502: 714 1
503: 714 1
504: 715 1
505: 714 1
506: 714 1
507: 715 1
508: 714 1
509: 714 1
510: 715 1
511: 714 1
512: 714 1
513: 715 1
514: 714 1
515: 714 1
516: 715 1
517: 714 1
518: 714 1
519: 715 1
520: 714 1
521: 714 1
522: 715 1
523: 714 1
524: 714 1
525: 714 1
526: 714 1
527: 715 1
528: 714 1
529: 714 1
530: 715 1
531: 714 1
532: 714 1
533: 715 1
534: 714 1
535: 714 1
536: 715 1
537: 714 1
538: 714 1
539: 714 1
540: 714 1
541: 714 1
542: 715 1
543: 714 1
544: 714 1
545: 715 1
546: 714 1
547: 714 1
548: 715 1
549: 714 1
550: 714 1
551: 714 1
552: 714 1
553: 714 1
554: 715 1
555: 714 1
556: 714 1
557: 714 1
558: 714 1
559: 715 1
560: 714 1
561: 714 1
562: 715 1
563: 714 1
564: 714 1
565: 715 1
566: 714 1
567: 714 1
568: 715 1
569: 714 1
570: 714 1
571: 715 1
572: 714 1
573: 714 1
574: 715 1
575: 714 1
576: 714 1
577: 715 1
578: 714 1
579: 714 1
580: 715 1
581: 714 1
582: 714 1
583: 715 1
584: 714 1
585: 714 1
586: 715 1
587: 714 1
588: 714 1
589: 715 1
590: 714 1
591: 715 1
592: 714 1
593: 714 1
594: 714 1
595: 714 1
596: 713 1
597: 714 1
598: 713 1
599: 713 1
600: 714 0
601: 714 0
602: 714 0
603: 714 0
604: 714 0
605: 713 0
606: 714 0
607: 713 0
608: 714 0
609: 714 0
610: 714 0
611: 714 0
612: 714 0
613: 714 0
614: 714 0
615: 714 0
616: 714 0
617: 714 0
618: 714 0
619: 714 0
620: 714 0
621: 714 0
622: 714 0
623: 714 0
624: 714 0
625: 714 0
626: 714 0
627: 713 0
628: 714 0
629: 714 0
630: 714 0
631: 714 0
632: 714 0
633: 714 0
634: 714 0
635: 714 0
636: 713 0
637: 714 0
638: 714 0
639: 714 0
640: 714 0
641: 714 0
642: 714 0
643: 714 0
644: 714 0
645: 713 0
646: 713 0
647: 714 0
648: 713 0
649: 714 0
650: 714 0
651: 714 0
652: 714 0
653: 714 0
654: 714 0
655: 714 0
656: 714 0
657: 713 0
658: 714 0
659: 713 0
660: 714 0
661: 714 0
662: 714 0
663: 714 0
664: 714 0
665: 714 0
666: 714 0
667: 714 0
668: 714 0
669: 714 0
670: 714 0
671: 714 0
672: 714 0
673: 714 0
674: 714 0
675: 713 0
676: 714 0
677: 713 0
678: 713 0
679: 714 0
680: 714 0
681: 714 0
682: 715 0
683: 714 0
684: 714 0
685: 714 0
686: 714 0
687: 714 0
688: 714 0
689: 714 0
690: 715 0
691: 714 0
692: 714 0
693: 715 0
694: 714 0
695: 714 0
696: 714 0
697: 714 0
698: 713 0
699: 714 0
700: 714 1
701: 714 1
702: 714 1
703: 714 1
704: 714 1
705: 715 1
706: 714 1
707: 714 1
708: 715 1
709: 714 1
710: 714 1
711: 715 1
712: 714 1
713: 714 1
714: 714 1
715: 714 1
716: 714 1
717: 715 1
718: 714 1
719: 715 1
720: 714 1
721: 714 1
722: 715 1
723: 714 1
724: 714 1
725: 715 1
726: 712 1
727: 713 1
728: 714 1
729: 713 1
730: 712 1
731: 713 1
732: 713 1
733: 713 1
734: 713 1
735: 713 1
736: 712 1
737: 715 1
738: 714 1
739: 713 1
740: 713 1
741: 713 1
742: 713 1
743: 714 1
744: 713 1
745: 713 1
746: 714 1
747: 713 1
748: 713 1
749: 714 1
750: 713 1
751: 714 1
752: 713 1
753: 713 1
754: 714 1
755: 713 1
756: 713 1
757: 714 1
758: 713 1
759: 713 1
760: 714 1
761: 713 1
762: 713 1
763: 714 1
764: 713 1
765: 713 1
766: 714 1
767: 712 1
768: 713 1
769: 713 1
770: 713 1
771: 713 1
772: 714 1
773: 713 1
774: 713 1
775: 714 1
776: 713 1
777: 713 1
778: 713 1
779: 713 1
780: 713 1
781: 713 1
782: 713 1
783: 713 1
784: 712 1
785: 712 1
786: 713 1
787: 712 1
788: 713 1
789: 713 1
790: 712 1
791: 712 1
792: 713 1
793: 712 1
794: 713 1
795: 713 1
796: 712 1
797: 712 1
798: 713 1
799: 713 0
800: 712 0
801: 713 0
802: 714 0
803: 713 0
804: 714 0
805: 713 0
806: 713 0
807: 714 0
808: 713 0
809: 713 0
810: 714 0
811: 713 0
812: 713 0
813: 713 0
814: 712 0
815: 713 0
816: 712 0
817: 712 0
818: 714 0
819: 714 0
820: 712 0
821: 713 0
822: 712 0
823: 712 0
824: 713 0
825: 712 0
826: 712 0
827: 713 0
828: 712 0
829: 712 0
830: 714 0
831: 713 0
832: 713 0
833: 713 0
834: 712 0
835: 712 0
836: 713 0
837: 712 0
838: 712 0
839: 713 0
840: 712 0
841: 713 0
842: 713 0
843: 712 0
844: 712 0
845: 713 0
846: 712 0
847: 713 0
848: 712 0
849: 713 0
850: 713 0
851: 712 0
852: 712 0
853: 713 0
854: 712 0
855: 712 0
856: 713 0
857: 712 0
858: 712 0
859: 713 0
860: 712 0
861: 713 0
862: 713 0
863: 712 0
864: 712 0
865: 713 0
866: 712 0
867: 712 0
868: 714 0
869: 713 0
870: 713 0
871: 713 0
872: 713 0
873: 712 0
874: 713 0
875: 713 0
876: 712 0
877: 713 0
878: 713 0
879: 714 0
880: 713 0
881: 713 0
882: 713 0
883: 712 0
884: 713 0
885: 713 0
886: 712 0
887: 712 0
888: 714 0
889: 713 0
890: 712 0
891: 713 0
892: 713 0
893: 713 0
894: 713 0
895: 713 0
896: 712 0
897: 713 0
898: 713 1
899: 714 1
900: 715 1
901: 713 1
902: 713 1
903: 714 1
904: 713 1
905: 713 1
906: 714 1
907: 712 1
908: 713 1
909: 713 1
910: 712 1
911: 713 1
912: 712 1
913: 712 1
914: 713 1
915: 712 1
916: 713 1
917: 713 1
918: 713 1
919: 712 1
920: 713 1
921: 713 1
922: 712 1
923: 713 1
924: 712 1
925: 712 1
926: 713 1
927: 712 1
928: 713 1
929: 713 1
930: 712 1
931: 713 1
932: 713 1
933: 713 1
934: 712 1
935: 713 1
936: 712 1
937: 713 1
938: 713 1
939: 712 1
940: 712 1
941: 713 1
942: 712 1
943: 713 1
944: 713 1
945: 713 1
946: 713 1
947: 713 1
948: 712 1
949: 713 1
950: 712 1
951: 713 1
952: 713 1
953: 713 1
954: 712 1
955: 713 1
956: 712 1
957: 714 1
958: 714 1
959: 713 1
960: 712 1
961: 713 1
962: 712 1
963: 713 1
964: 713 1
965: 713 1
966: 713 1
967: 714 1
968: 713 1
969: 713 1
970: 713 1
971: 713 1
972: 713 1
973: 714 1
974: 713 1
975: 714 1
976: 713 1
977: 713 1
978: 713 1
979: 712 1
980: 713 1
981: 715 1
982: 713 1
983: 713 1
984: 713 1
985: 713 1
986: 713 1
987: 714 1
988: 713 1
989: 713 1
990: 713 1
991: 713 1
992: 713 1
993: 713 1
994: 712 1
995: 713 1
996: 713 1
997: 713 1
998: 712 0
999: 713 0
1000: 713 0
