1: 690 0
2: 713 0
3: 714 0
4: 714 0
5: 714 0
6: 714 0
7: 688 0
8: 688 0
9: 688 0
10: 688 0
11: 688 0
12: 713 0
13: 714 0
14: 713 0
15: 713 0
16: 713 0
17: 688 0
18: 688 0
19: 689 0
20: 688 0
21: 688 0
22: 713 0
23: 713 0
24: 713 0
25: 713 0
26: 713 0
27: 688 0
28: 688 0
29: 689 0
30: 688 0
31: 688 0
32: 0 0
33: 0 0
34: 0 0
35: 0 0
36: 0 0
37: 97 0
38: 95 0
39: 96 0
40: 96 0
41: 96 0
42: 96 0
43: 0 0
44: 0 0
45: 0 0
46: 0 0
47: 0 0
48: 96 0
49: 96 0
50: 96 0
51: 96 0
52: 96 0
53: 0 0
54: 0 0
55: 0 0
56: 0 0
57: 0 0
58: 96 0
59: 96 0
60: 96 0
61: 96 0
62: 96 0
63: 95 0
64: 0 0
65: 0 0
66: 0 0
67: 0 0
68: 0 0
69: 96 0
70: 97 0
71: 96 0
72: 96 0
73: 96 0
74: 0 0
75: 0 0
76: 0 0
77: 0 0
78: 0 0
79: 97 0
80: 96 0
81: 96 0
82: 97 0
83: 96 0
84: 0 0
85: 0 0
86: 0 0
87: 0 0
88: 0 0
89: 0 0
90: 96 0
91: 96 0
92: 96 0
93: 95 0
94: 96 0
95: 0 0
96: 0 0
97: 0 0
98: 0 0
99: 0 0
100: 96 0
101: 96 0
102: 96 0
103: 95 0
104: 95 0
105: 95 1
106: 95 1
107: 0 1
108: 97 1
109: 0 1
110: 95 1
111: 713 1
112: 688 1
113: 714 1
114: 689 1
115: 713 1
116: 689 1
117: 713 1
118: 689 1
119: 713 1
120: 688 1
121: 713 1
122: 689 1
123: 0 1
124: 95 1
125: 714 1
126: 689 1
127: 713 1
128: 688 1
129: 713 1
130: 688 1
131: 0 1
132: 97 1
133: 0 1
134: 96 1
135: 0 1
136: 96 1
137: 0 1
138: 95 1
139: 0 1
140: 96 1
141: 713 1
142: 689 1
143: 713 1
144: 689 1
145: 713 1
146: 688 1
147: 0 1
148: 95 1
149: 0 1
150: 96 1
151: 0 1
152: 96 1
153: 0 1
154: 96 1
155: 0 1
156: 96 1
157: 0 1
158: 97 1
159: 0 1
160: 97 1
161: 713 1
162: 688 1
163: 714 1
164: 688 1
165: 713 1
166: 689 1
167: 713 1
168: 688 1
169: 714 1
170: 690 1
171: 713 1
172: 688 1
173: 713 1
174: 688 1
175: 713 1
176: 688 1
177: 713 1
178: 688 1
179: 713 1
180: 688 1
181: 713 1
182: 688 1
183: 713 1
184: 688 1
185: 713 1
186: 688 1
187: 0 1
188: 95 1
189: 0 1
190: 95 1
191: 713 1
192: 689 1
193: 713 1
194: 688 1
195: 713 1
196: 688 1
197: 713 1
198: 688 1
199: 713 1
200: 688 1
201: 713 1
202: 688 1
203: 0 1
204: 96 1
205: 94 1
206: 0 0
207: 0 0
208: 0 0
209: 0 0
210: 0 0
211: 96 0
212: 95 0
213: 95 0
214: 96 0
215: 95 0
216: 0 0
217: 0 0
218: 0 0
219: 0 0
220: 0 0
221: 97 0
222: 97 0
223: 96 0
224: 96 0
225: 96 0
226: 96 0
227: 0 0
228: 0 0
229: 0 0
230: 0 0
231: 0 0
232: 96 0
233: 96 0
234: 96 0
235: 96 0
236: 96 0
237: 0 0
238: 0 0
239: 0 0
240: 0 0
241: 0 0
242: 97 0
243: 96 0
244: 97 0
245: 97 0
246: 97 0
247: 0 0
248: 0 0
249: 0 0
250: 0 0
251: 0 0
252: 97 0
253: 97 0
254: 97 0
255: 96 0
256: 97 0
257: 0 0
258: 0 0
259: 0 0
260: 0 0
261: 0 0
262: 97 0
263: 97 0
264: 97 0
265: 96 0
266: 97 0
267: 96 0
268: 713 0
269: 713 0
270: 713 0
271: 713 0
272: 687 0
273: 688 0
274: 689 0
275: 688 0
276: 689 0
277: 714 0
278: 713 0
279: 713 0
280: 714 0
281: 713 0
282: 688 0
283: 689 0
284: 688 0
285: 688 0
286: 689 0
287: 713 0
288: 713 0
289: 713 0
290: 713 0
291: 713 0
292: 688 0
293: 688 0
294: 689 0
295: 688 0
296: 688 0
297: 713 0
298: 713 0
299: 713 0
300: 713 0
301: 713 0
302: 688 0
303: 688 0
304: 688 0
305: 689 0
306: 688 0
307: 713 1
308: 689 1
309: 714 1
310: 688 1
311: 713 1
312: 689 1
313: 713 1
314: 688 1
315: 714 1
316: 689 1
317: 713 1
318: 689 1
319: 713 1
320: 689 1
321: 0 1
322: 95 1
323: 0 1
324: 96 1
325: 0 1
326: 96 1
327: 0 1
328: 96 1
329: 0 1
330: 96 1
331: 0 1
332: 96 1
333: 0 1
334: 96 1
335: 714 1
336: 689 1
337: 714 1
338: 690 1
339: 714 1
340: 690 1
341: 714 1
342: 689 1
343: 0 1
344: 96 1
345: 0 1
346: 96 1
347: 0 1
348: 95 1
349: 714 1
350: 690 1
351: 0 1
352: 96 1
353: 714 1
354: 690 1
355: 714 1
356: 689 1
357: 714 1
358: 689 1
359: 714 1
360: 689 1
361: 714 1
362: 690 1
363: 0 1
364: 95 1
365: 714 1
366: 690 1
367: 715 1
368: 690 1
369: 714 1
370: 690 1
371: 714 1
372: 689 1
373: 714 1
374: 690 1
375: 714 1
376: 690 1
377: 714 1
378: 689 1
379: 714 1
380: 690 1
381: 0 1
382: 95 1
383: 0 1
384: 95 1
385: 714 1
386: 690 1
387: 714 1
388: 690 1
389: 0 1
390: 96 1
391: 0 1
392: 97 1
393: 0 1
394: 97 1
395: 0 1
396: 97 1
397: 0 1
398: 96 1
399: 0 1
400: 96 1
401: 0 1
402: 97 1
403: 0 1
404: 96 1
405: 0 1
406: 96 1
407: 96 1
408: 0 0
409: 0 0
410: 0 0
411: 0 0
412: 0 0
413: 97 0
414: 96 0
415: 96 0
416: 96 0
417: 96 0
418: 96 0
419: 0 0
420: 0 0
421: 0 0
422: 0 0
423: 0 0
424: 96 0
425: 96 0
426: 95 0
427: 97 0
428: 96 0
429: 0 0
430: 0 0
431: 0 0
432: 0 0
433: 0 0
434: 97 0
435: 97 0
436: 96 0
437: 96 0
438: 97 0
439: 0 0
440: 0 0
441: 0 0
442: 0 0
443: 0 0
444: 96 0
445: 97 0
446: 95 0
447: 95 0
448: 95 0
449: 715 0
450: 714 0
451: 714 0
452: 715 0
453: 714 0
454: 690 0
455: 690 0
456: 690 0
457: 689 0
458: 690 0
459: 714 0
460: 714 0
461: 714 0
462: 714 0
463: 714 0
464: 689 0
465: 689 0
466: 690 0
467: 689 0
468: 690 0
469: 714 0
470: 714 0
471: 714 0
472: 714 0
473: 714 0
474: 689 0
475: 689 0
476: 689 0
477: 689 0
478: 690 0
479: 714 0
480: 714 0
481: 716 0
482: 714 0
483: 714 0
484: 690 0
485: 689 0
486: 690 0
487: 690 0
488: 689 0
489: 714 0
490: 714 0
491: 714 0
492: 714 0
493: 714 0
494: 689 0
495: 689 0
496: 689 0
497: 689 0
498: 689 0
499: 714 0
500: 714 0
501: 714 0
502: 714 0
503: 714 0
504: 690 0
505: 690 0
506: 689 0
507: 690 0
508: 689 0
509: 689 1
510: 716 1
511: 689 1
512: 714 1
513: 690 1
514: 714 1
515: 689 1
516: 715 1
517: 689 1
518: 714 1
519: 690 1
520: 714 1
521: 689 1
522: 714 1
523: 689 1
524: 0 1
525: 96 1
526: 0 1
527: 95 1
528: 0 1
529: 96 1
530: 0 1
531: 96 1
532: 0 1
533: 96 1
534: 0 1
535: 97 1
536: 714 1
537: 689 1
538: 715 1
539: 689 1
540: 0 1
541: 97 1
542: 714 1
543: 690 1
544: 715 1
545: 690 1
546: 714 1
547: 690 1
548: 714 1
549: 689 1
550: 714 1
551: 690 1
552: 714 1
553: 689 1
554: 714 1
555: 689 1
556: 714 1
557: 690 1
558: 714 1
559: 689 1
560: 714 1
561: 689 1
562: 714 1
563: 689 1
564: 714 1
565: 689 1
566: 0 1
567: 96 1
568: 0 1
569: 95 1
570: 0 1
571: 96 1
572: 0 1
573: 96 1
574: 0 1
575: 0 1
576: 96 1
577: 0 1
578: 97 1
579: 0 1
580: 95 1
581: 0 1
582: 97 1
583: 715 1
584: 690 1
585: 714 1
586: 690 1
587: 715 1
588: 690 1
589: 0 1
590: 95 1
591: 0 1
592: 95 1
593: 0 1
594: 97 1
595: 0 1
596: 96 1
597: 0 1
598: 96 1
599: 0 1
600: 96 1
601: 0 1
602: 96 1
603: 0 1
604: 96 1
605: 0 1
606: 97 1
607: 715 1
608: 690 1
609: 690 1
610: 715 0
611: 714 0
612: 714 0
613: 714 0
614: 714 0
615: 689 0
616: 689 0
617: 690 0
618: 690 0
619: 690 0
620: 714 0
621: 714 0
622: 714 0
623: 714 0
624: 714 0
625: 689 0
626: 689 0
627: 689 0
628: 689 0
629: 689 0
630: 714 0
631: 714 0
632: 714 0
633: 714 0
634: 714 0
635: 689 0
636: 691 0
637: 690 0
638: 690 0
639: 691 0
640: 714 0
641: 714 0
642: 715 0
643: 714 0
644: 714 0
645: 690 0
646: 690 0
647: 690 0
648: 690 0
649: 690 0
650: 0 0
651: 0 0
652: 0 0
653: 0 0
654: 0 0
655: 96 0
656: 95 0
657: 95 0
658: 96 0
659: 95 0
660: 0 0
661: 0 0
662: 0 0
663: 0 0
664: 0 0
665: 97 0
666: 95 0
667: 95 0
668: 95 0
669: 95 0
670: 0 0
671: 0 0
672: 0 0
673: 0 0
674: 0 0
675: 96 0
676: 96 0
677: 96 0
678: 96 0
679: 95 0
680: 0 0
681: 0 0
682: 0 0
683: 0 0
684: 0 0
685: 96 0
686: 95 0
687: 95 0
688: 95 0
689: 96 0
690: 712 0
691: 715 0
692: 714 0
693: 714 0
694: 715 0
695: 689 0
696: 689 0
697: 689 0
698: 688 0
699: 689 0
700: 714 0
701: 714 0
702: 714 0
703: 714 0
704: 714 0
705: 689 0
706: 689 0
707: 689 0
708: 689 0
709: 689 0
710: 689 1
711: 689 1
712: 714 1
713: 689 1
714: 714 1
715: 688 1
716: 714 1
717: 689 1
718: 0 1
719: 94 1
720: 0 1
721: 95 1
722: 0 1
723: 95 1
724: 714 1
725: 689 1
726: 714 1
727: 689 1
728: 714 1
729: 690 1
730: 714 1
731: 689 1
732: 714 1
733: 689 1
734: 714 1
735: 689 1
736: 714 1
737: 689 1
738: 714 1
739: 689 1
740: 714 1
741: 690 1
742: 714 1
743: 689 1
744: 714 1
745: 689 1
746: 714 1
747: 690 1
748: 0 1
749: 95 1
750: 0 1
751: 95 1
752: 0 1
753: 95 1
754: 0 1
755: 96 1
756: 0 1
757: 95 1
758: 0 1
759: 95 1
760: 0 1
761: 95 1
762: 0 1
763: 95 1
764: 0 1
765: 95 1
766: 0 1
767: 95 1
768: 714 1
769: 690 1
770: 714 1
771: 690 1
772: 714 1
773: 690 1
774: 714 1
775: 689 1
776: 715 1
777: 690 1
778: 714 1
779: 690 1
780: 714 1
781: 689 1
782: 714 1
783: 689 1
784: 714 1
785: 689 1
786: 0 1
787: 95 1
788: 715 1
789: 690 1
790: 714 1
791: 689 1
792: 714 1
793: 689 1
794: 714 1
795: 689 1
796: 714 1
797: 690 1
798: 714 1
799: 689 1
800: 714 1
801: 689 1
802: 714 1
803: 689 1
804: 714 1
805: 689 1
806: 715 1
807: 689 1
808: 714 1
809: 689 1
810: 689 1
811: 0 0
812: 0 0
813: 0 0
814: 0 0
815: 0 0
816: 95 0
817: 95 0
818: 95 0
819: 94 0
820: 94 0
821: 0 0
822: 0 0
823: 0 0
824: 0 0
825: 0 0
826: 95 0
827: 95 0
828: 95 0
829: 95 0
830: 95 0
831: 714 0
832: 714 0
833: 715 0
834: 714 0
835: 714 0
836: 689 0
837: 689 0
838: 689 0
839: 690 0
840: 690 0
841: 0 0
842: 0 0
843: 0 0
844: 0 0
845: 0 0
846: 96 0
847: 96 0
848: 95 0
849: 95 0
850: 95 0
851: 0 0
852: 0 0
853: 0 0
854: 0 0
855: 0 0
856: 0 0
857: 96 0
858: 96 0
859: 95 0
860: 95 0
861: 95 0
862: 0 0
863: 0 0
864: 0 0
865: 0 0
866: 0 0
867: 95 0
868: 95 0
869: 95 0
870: 95 0
871: 96 0
872: 0 0
873: 0 0
874: 0 0
875: 0 0
876: 0 0
877: 96 0
878: 96 0
879: 96 0
880: 96 0
881: 95 0
882: 714 0
883: 714 0
884: 714 0
885: 714 0
886: 714 0
887: 689 0
888: 690 0
889: 689 0
890: 690 0
891: 689 0
892: 0 0
893: 0 0
894: 0 0
895: 0 0
896: 0 0
897: 96 0
898: 95 0
899: 95 0
900: 95 0
901: 95 0
902: 714 0
903: 714 0
904: 714 0
905: 714 0
906: 714 0
907: 690 0
908: 689 0
909: 690 0
910: 689 0
911: 690 0
912: 714 1
913: 689 1
914: 0 1
915: 95 1
916: 0 1
917: 96 1
918: 0 1
919: 96 1
920: 0 1
921: 95 1
922: 0 1
923: 94 1
924: 0 1
925: 96 1
926: 0 1
927: 96 1
928: 0 1
929: 96 1
930: 714 1
931: 690 1
932: 714 1
933: 690 1
934: 715 1
935: 689 1
936: 714 1
937: 690 1
938: 714 1
939: 690 1
940: 714 1
941: 689 1
942: 714 1
943: 689 1
944: 714 1
945: 690 1
946: 714 1
947: 690 1
948: 714 1
949: 689 1
950: 714 1
951: 691 1
952: 714 1
953: 690 1
954: 715 1
955: 689 1
956: 714 1
957: 690 1
958: 714 1
959: 689 1
960: 714 1
961: 690 1
962: 714 1
963: 690 1
964: 714 1
965: 690 1
966: 0 1
967: 96 1
968: 0 1
969: 97 1
970: 0 1
971: 95 1
972: 0 1
973: 95 1
974: 0 1
975: 95 1
976: 0 1
977: 97 1
978: 0 1
979: 96 1
980: 0 1
981: 96 1
982: 0 1
983: 97 1
984: 714 1
985: 689 1
986: 714 1
987: 689 1
988: 714 1
989: 689 1
990: 714 1
991: 689 1
992: 714 1
993: 689 1
994: 714 1
995: 689 1
996: 714 1
997: 689 1
998: 714 1
999: 689 1
1000: 715 1
