1: 691 0
2: 714 0
3: 714 0
4: 714 0
5: 713 0
6: 714 0
7: 689 0
8: 689 0
9: 689 0
10: 690 0
11: 689 0
12: 0 0
13: 0 0
14: 0 0
15: 0 0
16: 0 0
17: 99 0
18: 98 0
19: 99 0
20: 98 0
21: 98 0
22: 713 0
23: 713 0
24: 714 0
25: 713 0
26: 713 0
27: 689 0
28: 690 0
29: 689 0
30: 689 0
31: 689 0
32: 713 0
33: 713 0
34: 713 0
35: 713 0
36: 713 0
37: 714 0
38: 689 0
39: 689 0
40: 691 0
41: 690 0
42: 689 0
43: 713 0
44: 714 0
45: 713 0
46: 713 0
47: 713 0
48: 689 0
49: 689 0
50: 689 0
51: 689 0
52: 689 0
53: 713 0
54: 713 0
55: 713 0
56: 714 0
57: 713 0
58: 689 0
59: 689 0
60: 689 0
61: 689 0
62: 689 0
63: 713 0
64: 713 0
65: 713 0
66: 713 0
67: 713 0
68: 689 0
69: 689 0
70: 690 0
71: 689 0
72: 690 0
73: 713 0
74: 713 0
75: 713 0
76: 713 0
77: 713 0
78: 689 0
79: 689 0
80: 689 0
81: 689 0
82: 689 0
83: 0 0
84: 0 0
85: 0 0
86: 0 0
87: 0 0
88: 0 0
89: 99 0
90: 99 0
91: 98 0
92: 99 0
93: 98 0
94: 0 0
95: 0 0
96: 0 0
97: 0 0
98: 0 0
99: 99 0
100: 98 0
101: 98 0
102: 98 0
103: 98 0
104: 0 1
105: 98 1
106: 0 1
107: 99 1
108: 0 1
109: 98 1
110: 713 1
111: 690 1
112: 713 1
113: 690 1
114: 713 1
115: 689 1
116: 0 1
117: 99 1
118: 0 1
119: 99 1
120: 713 1
121: 690 1
122: 713 1
123: 690 1
124: 713 1
125: 689 1
126: 0 1
127: 98 1
128: 0 1
129: 99 1
130: 0 1
131: 99 1
132: 0 1
133: 99 1
134: 713 1
135: 689 1
136: 713 1
137: 690 1
138: 0 1
139: 98 1
140: 713 1
141: 689 1
142: 713 1
143: 690 1
144: 0 1
145: 100 1
146: 0 1
147: 99 1
148: 0 1
149: 99 1
150: 0 1
151: 99 1
152: 0 1
153: 99 1
154: 0 1
155: 99 1
156: 0 1
157: 100 1
158: 0 1
159: 100 1
160: 713 1
161: 690 1
162: 713 1
163: 689 1
164: 713 1
165: 689 1
166: 713 1
167: 689 1
168: 713 1
169: 689 1
170: 713 1
171: 689 1
172: 0 1
173: 98 1
174: 0 1
175: 99 1
176: 0 1
177: 99 1
178: 713 1
179: 690 1
180: 713 1
181: 689 1
182: 0 1
183: 99 1
184: 713 1
185: 691 1
186: 713 1
187: 690 1
188: 714 1
189: 689 1
190: 713 1
191: 690 1
192: 713 1
193: 689 1
194: 713 1
195: 689 1
196: 713 1
197: 689 1
198: 0 1
199: 99 1
200: 0 1
201: 100 1
202: 0 1
203: 99 1
204: 98 1
205: 0 0
206: 0 0
207: 0 0
208: 0 0
209: 0 0
210: 102 0
211: 100 0
212: 100 0
213: 100 0
214: 99 0
215: 0 0
216: 0 0
217: 0 0
218: 0 0
219: 0 0
220: 0 0
221: 99 0
222: 99 0
223: 99 0
224: 99 0
225: 99 0
226: 0 0
227: 0 0
228: 0 0
229: 0 0
230: 0 0
231: 99 0
232: 100 0
233: 99 0
234: 99 0
235: 99 0
236: 713 0
237: 713 0
238: 713 0
239: 713 0
240: 713 0
241: 690 0
242: 691 0
243: 690 0
244: 689 0
245: 691 0
246: 713 0
247: 713 0
248: 714 0
249: 713 0
250: 712 0
251: 690 0
252: 689 0
253: 689 0
254: 690 0
255: 689 0
256: 713 0
257: 713 0
258: 713 0
259: 712 0
260: 714 0
261: 690 0
262: 689 0
263: 690 0
264: 689 0
265: 689 0
266: 0 0
267: 0 0
268: 0 0
269: 0 0
270: 0 0
271: 99 0
272: 99 0
273: 100 0
274: 100 0
275: 99 0
276: 0 0
277: 0 0
278: 0 0
279: 0 0
280: 0 0
281: 100 0
282: 100 0
283: 99 0
284: 100 0
285: 100 0
286: 0 0
287: 0 0
288: 0 0
289: 0 0
290: 0 0
291: 101 0
292: 101 0
293: 100 0
294: 99 0
295: 100 0
296: 0 0
297: 0 0
298: 0 0
299: 0 0
300: 0 0
301: 100 0
302: 100 0
303: 100 0
304: 99 0
305: 99 0
306: 100 1
307: 99 1
308: 0 1
309: 99 1
310: 0 1
311: 99 1
312: 0 1
313: 99 1
314: 0 1
315: 100 1
316: 0 1
317: 99 1
318: 0 1
319: 99 1
320: 0 1
321: 100 1
322: 0 1
323: 100 1
324: 715 1
325: 691 1
326: 714 1
327: 691 1
328: 714 1
329: 690 1
330: 715 1
331: 690 1
332: 714 1
333: 691 1
334: 0 1
335: 99 1
336: 715 1
337: 691 1
338: 714 1
339: 691 1
340: 714 1
341: 690 1
342: 714 1
343: 690 1
344: 714 1
345: 692 1
346: 714 1
347: 691 1
348: 715 1
349: 691 1
350: 714 1
351: 691 1
352: 714 1
353: 690 1
354: 715 1
355: 690 1
356: 714 1
357: 691 1
358: 714 1
359: 690 1
360: 715 1
361: 691 1
362: 715 1
363: 691 1
364: 0 1
365: 100 1
366: 0 1
367: 98 1
368: 0 1
369: 100 1
370: 0 1
371: 100 1
372: 0 1
373: 100 1
374: 714 1
375: 692 1
376: 714 1
377: 690 1
378: 715 1
379: 690 1
380: 714 1
381: 691 1
382: 714 1
383: 690 1
384: 715 1
385: 690 1
386: 714 1
387: 691 1
388: 714 1
389: 690 1
390: 715 1
391: 690 1
392: 714 1
393: 691 1
394: 714 1
395: 691 1
396: 0 1
397: 99 1
398: 0 1
399: 99 1
400: 0 1
401: 99 1
402: 715 1
403: 691 1
404: 714 1
405: 691 1
406: 691 1
407: 714 0
408: 715 0
409: 714 0
410: 714 0
411: 715 0
412: 691 0
413: 690 0
414: 691 0
415: 690 0
416: 690 0
417: 715 0
418: 714 0
419: 714 0
420: 715 0
421: 714 0
422: 691 0
423: 691 0
424: 690 0
425: 691 0
426: 691 0
427: 714 0
428: 715 0
429: 714 0
430: 714 0
431: 715 0
432: 690 0
433: 690 0
434: 692 0
435: 690 0
436: 690 0
437: 715 0
438: 714 0
439: 714 0
440: 715 0
441: 714 0
442: 690 0
443: 692 0
444: 690 0
445: 691 0
446: 691 0
447: 714 0
448: 714 0
449: 715 0
450: 714 0
451: 690 0
452: 691 0
453: 690 0
454: 691 0
455: 690 0
456: 714 0
457: 715 0
458: 714 0
459: 714 0
460: 715 0
461: 690 0
462: 690 0
463: 691 0
464: 691 0
465: 691 0
466: 715 0
467: 714 0
468: 714 0
469: 715 0
470: 714 0
471: 690 0
472: 691 0
473: 691 0
474: 691 0
475: 691 0
476: 714 0
477: 714 0
478: 715 0
479: 714 0
480: 714 0
481: 691 0
482: 691 0
483: 691 0
484: 690 0
485: 690 0
486: 715 0
487: 714 0
488: 714 0
489: 715 0
490: 714 0
491: 690 0
492: 691 0
493: 690 0
494: 690 0
495: 692 0
496: 714 0
497: 714 0
498: 715 0
499: 714 0
500: 714 0
501: 692 0
502: 690 0
503: 691 0
504: 691 0
505: 691 0
506: 0 1
507: 98 1
508: 0 1
509: 99 1
510: 0 1
511: 99 1
512: 0 1
513: 99 1
514: 0 1
515: 99 1
516: 714 1
517: 691 1
518: 714 1
519: 691 1
520: 715 1
521: 691 1
522: 714 1
523: 692 1
524: 714 1
525: 690 1
526: 715 1
527: 691 1
528: 714 1
529: 691 1
530: 714 1
531: 692 1
532: 714 1
533: 691 1
534: 715 1
535: 690 1
536: 714 1
537: 691 1
538: 714 1
539: 690 1
540: 715 1
541: 691 1
542: 714 1
543: 691 1
544: 714 1
545: 691 1
546: 715 1
547: 690 1
548: 714 1
549: 691 1
550: 714 1
551: 691 1
552: 715 1
553: 691 1
554: 714 1
555: 715 1
556: 691 1
557: 714 1
558: 692 1
559: 714 1
560: 690 1
561: 715 1
562: 690 1
563: 715 1
564: 691 1
565: 714 1
566: 691 1
567: 714 1
568: 690 1
569: 715 1
570: 690 1
571: 714 1
572: 691 1
573: 714 1
574: 690 1
575: 715 1
576: 691 1
577: 714 1
578: 691 1
579: 714 1
580: 690 1
581: 715 1
582: 691 1
583: 714 1
584: 691 1
585: 714 1
586: 690 1
587: 0 1
588: 99 1
589: 0 1
590: 99 1
591: 0 1
592: 99 1
593: 0 1
594: 99 1
595: 0 1
596: 100 1
597: 0 1
598: 99 1
599: 0 1
600: 0 1
601: 100 1
602: 714 1
603: 692 1
604: 714 1
605: 691 1
606: 715 0
607: 714 0
608: 714 0
609: 714 0
610: 714 0
611: 690 0
612: 691 0
613: 691 0
614: 691 0
615: 692 0
616: 714 0
617: 714 0
618: 715 0
619: 714 0
620: 714 0
621: 691 0
622: 691 0
623: 691 0
624: 691 0
625: 690 0
626: 715 0
627: 714 0
628: 714 0
629: 715 0
630: 714 0
631: 690 0
632: 691 0
633: 691 0
634: 690 0
635: 691 0
636: 0 0
637: 0 0
638: 0 0
639: 0 0
640: 0 0
641: 99 0
642: 99 0
643: 99 0
644: 100 0
645: 99 0
646: 0 0
647: 0 0
648: 0 0
649: 0 0
650: 0 0
651: 100 0
652: 100 0
653: 101 0
654: 100 0
655: 100 0
656: 0 0
657: 0 0
658: 0 0
659: 0 0
660: 0 0
661: 0 0
662: 99 0
663: 100 0
664: 99 0
665: 100 0
666: 99 0
667: 0 0
668: 0 0
669: 0 0
670: 0 0
671: 0 0
672: 100 0
673: 100 0
674: 98 0
675: 99 0
676: 99 0
677: 0 0
678: 0 0
679: 0 0
680: 0 0
681: 0 0
682: 99 0
683: 100 0
684: 99 0
685: 99 0
686: 100 0
687: 0 0
688: 0 0
689: 0 0
690: 0 0
691: 0 0
692: 100 0
693: 100 0
694: 99 0
695: 99 0
696: 100 0
697: 0 0
698: 0 0
699: 0 0
700: 0 0
701: 0 0
702: 100 0
703: 100 0
704: 99 0
705: 99 0
706: 100 0
707: 100 1
708: 99 1
709: 0 1
710: 99 1
711: 714 1
712: 691 1
713: 715 1
714: 691 1
715: 0 1
716: 99 1
717: 715 1
718: 692 1
719: 714 1
720: 692 1
721: 714 1
722: 691 1
723: 714 1
724: 691 1
725: 715 1
726: 691 1
727: 714 1
728: 692 1
729: 714 1
730: 691 1
731: 715 1
732: 691 1
733: 714 1
734: 692 1
735: 714 1
736: 691 1
737: 715 1
738: 691 1
739: 714 1
740: 691 1
741: 0 1
742: 100 1
743: 0 1
744: 99 1
745: 714 1
746: 691 1
747: 715 1
748: 691 1
749: 715 1
750: 691 1
751: 714 1
752: 692 1
753: 714 1
754: 690 1
755: 715 1
756: 691 1
757: 714 1
758: 691 1
759: 714 1
760: 691 1
761: 715 1
762: 691 1
763: 0 1
764: 99 1
765: 714 1
766: 690 1
767: 715 1
768: 692 1
769: 714 1
770: 691 1
771: 714 1
772: 690 1
773: 715 1
774: 690 1
775: 714 1
776: 691 1
777: 714 1
778: 692 1
779: 714 1
780: 692 1
781: 715 1
782: 690 1
783: 714 1
784: 691 1
785: 714 1
786: 690 1
787: 715 1
788: 691 1
789: 714 1
790: 691 1
791: 714 1
792: 690 1
793: 691 1
794: 714 1
795: 690 1
796: 715 1
797: 690 1
798: 714 1
799: 691 1
800: 714 1
801: 691 1
802: 715 1
803: 690 1
804: 714 1
805: 691 1
806: 690 1
807: 715 0
808: 715 0
809: 714 0
810: 715 0
811: 714 0
812: 690 0
813: 691 0
814: 691 0
815: 690 0
816: 691 0
817: 714 0
818: 714 0
819: 715 0
820: 714 0
821: 714 0
822: 690 0
823: 691 0
824: 690 0
825: 690 0
826: 690 0
827: 714 0
828: 714 0
829: 714 0
830: 714 0
831: 714 0
832: 690 0
833: 690 0
834: 690 0
835: 690 0
836: 690 0
837: 714 0
838: 714 0
839: 714 0
840: 714 0
841: 714 0
842: 690 0
843: 690 0
844: 690 0
845: 691 0
846: 689 0
847: 714 0
848: 714 0
849: 714 0
850: 714 0
851: 715 0
852: 689 0
853: 690 0
854: 691 0
855: 690 0
856: 689 0
857: 714 0
858: 714 0
859: 714 0
860: 714 0
861: 714 0
862: 690 0
863: 690 0
864: 689 0
865: 690 0
866: 691 0
867: 714 0
868: 714 0
869: 714 0
870: 714 0
871: 714 0
872: 690 0
873: 690 0
874: 691 0
875: 690 0
876: 690 0
877: 0 0
878: 0 0
879: 0 0
880: 0 0
881: 0 0
882: 99 0
883: 99 0
884: 99 0
885: 99 0
886: 99 0
887: 0 0
888: 0 0
889: 0 0
890: 0 0
891: 0 0
892: 100 0
893: 99 0
894: 99 0
895: 99 0
896: 99 0
897: 0 0
898: 0 0
899: 0 0
900: 0 0
901: 0 0
902: 99 0
903: 99 0
904: 99 0
905: 99 0
906: 99 0
907: 99 1
908: 99 1
909: 0 1
910: 100 1
911: 0 1
912: 100 1
913: 0 1
914: 100 1
915: 0 1
916: 100 1
917: 0 1
918: 99 1
919: 0 1
920: 99 1
921: 0 1
922: 100 1
923: 714 1
924: 692 1
925: 714 1
926: 691 1
927: 715 1
928: 690 1
929: 714 1
930: 692 1
931: 714 1
932: 691 1
933: 714 1
934: 690 1
935: 715 1
936: 690 1
937: 714 1
938: 691 1
939: 0 1
940: 98 1
941: 0 1
942: 99 1
943: 0 1
944: 99 1
945: 0 1
946: 99 1
947: 0 1
948: 100 1
949: 0 1
950: 99 1
951: 0 1
952: 100 1
953: 0 1
954: 100 1
955: 0 1
956: 100 1
957: 0 1
958: 100 1
959: 0 1
960: 100 1
961: 0 1
962: 100 1
963: 714 1
964: 691 1
965: 714 1
966: 690 1
967: 715 1
968: 690 1
969: 714 1
970: 691 1
971: 714 1
972: 690 1
973: 715 1
974: 690 1
975: 714 1
976: 691 1
977: 714 1
978: 690 1
979: 0 1
980: 99 1
981: 0 1
982: 101 1
983: 0 1
984: 99 1
985: 715 1
986: 691 1
987: 0 1
988: 100 1
989: 0 1
990: 101 1
991: 0 1
992: 0 1
993: 99 1
994: 0 1
995: 99 1
996: 0 1
997: 100 1
998: 715 1
999: 691 1
1000: 714 1
