1: 97 0
2: 0 0
3: 0 0
4: 0 0
5: 0 0
6: 0 0
7: 97 0
8: 98 0
9: 96 0
10: 97 0
11: 97 0
12: 0 0
13: 0 0
14: 0 0
15: 0 0
16: 0 0
17: 99 0
18: 98 0
19: 98 0
20: 98 0
21: 97 0
22: 97 0
23: 0 0
24: 0 0
25: 0 0
26: 0 0
27: 0 0
28: 97 0
29: 97 0
30: 96 0
31: 97 0
32: 97 0
33: 0 0
34: 0 0
35: 0 0
36: 0 0
37: 0 0
38: 99 0
39: 97 0
40: 98 0
41: 97 0
42: 97 0
43: 97 0
44: 0 0
45: 0 0
46: 0 0
47: 0 0
48: 0 0
49: 98 0
50: 98 0
51: 98 0
52: 97 0
53: 97 0
54: 0 0
55: 0 0
56: 0 0
57: 0 0
58: 0 0
59: 98 0
60: 97 0
61: 97 0
62: 98 0
63: 98 0
64: 0 0
65: 0 0
66: 0 0
67: 0 0
68: 0 0
69: 0 0
70: 98 0
71: 97 0
72: 98 0
73: 97 0
74: 98 0
75: 0 0
76: 0 0
77: 0 0
78: 0 0
79: 0 0
80: 98 0
81: 98 0
82: 97 0
83: 97 0
84: 98 0
85: 0 0
86: 0 0
87: 0 0
88: 0 0
89: 0 0
90: 0 0
91: 98 0
92: 97 0
93: 98 0
94: 98 0
95: 98 0
96: 0 0
97: 0 0
98: 0 0
99: 0 0
100: 0 0
101: 99 0
102: 98 0
103: 97 0
104: 97 0
105: 98 0
106: 0 1
107: 97 1
108: 0 1
109: 98 1
110: 0 1
111: 97 1
112: 0 1
113: 97 1
114: 0 1
115: 98 1
116: 0 1
117: 99 1
118: 0 1
119: 98 1
120: 714 1
121: 689 1
122: 714 1
123: 689 1
124: 714 1
125: 689 1
126: 714 1
127: 689 1
128: 714 1
129: 689 1
130: 0 1
131: 96 1
132: 714 1
133: 690 1
134: 0 1
135: 97 1
136: 0 1
137: 97 1
138: 0 1
139: 97 1
140: 0 1
141: 97 1
142: 0 1
143: 97 1
144: 0 1
145: 97 1
146: 0 1
147: 98 1
148: 0 1
149: 97 1
150: 0 1
151: 98 1
152: 714 1
153: 689 1
154: 715 1
155: 689 1
156: 715 1
157: 689 1
158: 714 1
159: 691 1
160: 714 1
161: 689 1
162: 715 1
163: 689 1
164: 715 1
165: 690 1
166: 714 1
167: 689 1
168: 714 1
169: 689 1
170: 714 1
171: 689 1
172: 714 1
173: 689 1
174: 715 1
175: 689 1
176: 0 1
177: 97 1
178: 0 1
179: 97 1
180: 0 1
181: 98 1
182: 0 1
183: 98 1
184: 714 1
185: 689 1
186: 714 1
187: 688 1
188: 714 1
189: 688 1
190: 714 1
191: 689 1
192: 714 1
193: 687 1
194: 713 1
195: 688 1
196: 713 1
197: 687 1
198: 714 1
199: 687 1
200: 713 1
201: 687 1
202: 0 1
203: 96 1
204: 0 1
205: 97 1
206: 97 1
207: 0 0
208: 0 0
209: 0 0
210: 0 0
211: 0 0
212: 99 0
213: 97 0
214: 97 0
215: 97 0
216: 97 0
217: 97 0
218: 0 0
219: 0 0
220: 0 0
221: 0 0
222: 0 0
223: 97 0
224: 97 0
225: 97 0
226: 98 0
227: 97 0
228: 0 0
229: 0 0
230: 0 0
231: 0 0
232: 0 0
233: 98 0
234: 97 0
235: 97 0
236: 95 0
237: 97 0
238: 0 0
239: 0 0
240: 0 0
241: 0 0
242: 0 0
243: 97 0
244: 97 0
245: 97 0
246: 97 0
247: 97 0
248: 0 0
249: 0 0
250: 0 0
251: 0 0
252: 0 0
253: 98 0
254: 97 0
255: 97 0
256: 97 0
257: 97 0
258: 0 0
259: 0 0
260: 0 0
261: 0 0
262: 0 0
263: 0 0
264: 97 0
265: 98 0
266: 97 0
267: 97 0
268: 97 0
269: 0 0
270: 0 0
271: 0 0
272: 0 0
273: 0 0
274: 98 0
275: 98 0
276: 98 0
277: 98 0
278: 98 0
279: 0 0
280: 0 0
281: 0 0
282: 0 0
283: 0 0
284: 98 0
285: 98 0
286: 97 0
287: 98 0
288: 97 0
289: 0 0
290: 0 0
291: 0 0
292: 0 0
293: 0 0
294: 98 0
295: 97 0
296: 98 0
297: 98 0
298: 98 0
299: 0 0
300: 0 0
301: 0 0
302: 0 0
303: 0 0
304: 0 0
305: 97 0
306: 97 0
307: 98 0
308: 97 0
309: 97 0
310: 688 1
311: 713 1
312: 688 1
313: 713 1
314: 688 1
315: 713 1
316: 688 1
317: 713 1
318: 687 1
319: 713 1
320: 688 1
321: 713 1
322: 687 1
323: 0 1
324: 96 1
325: 0 1
326: 98 1
327: 713 1
328: 688 1
329: 713 1
330: 688 1
331: 713 1
332: 688 1
333: 713 1
334: 688 1
335: 0 1
336: 97 1
337: 0 1
338: 97 1
339: 0 1
340: 97 1
341: 0 1
342: 98 1
343: 0 1
344: 97 1
345: 0 1
346: 97 1
347: 0 1
348: 100 1
349: 0 1
350: 0 1
351: 98 1
352: 0 1
353: 98 1
354: 713 1
355: 688 1
356: 713 1
357: 688 1
358: 0 1
359: 97 1
360: 713 1
361: 689 1
362: 714 1
363: 690 1
364: 713 1
365: 688 1
366: 713 1
367: 688 1
368: 713 1
369: 688 1
370: 713 1
371: 688 1
372: 713 1
373: 688 1
374: 713 1
375: 0 1
376: 0 1
377: 97 1
378: 0 1
379: 98 1
380: 0 1
381: 97 1
382: 0 1
383: 97 1
384: 0 1
385: 97 1
386: 713 1
387: 688 1
388: 713 1
389: 688 1
390: 713 1
391: 688 1
392: 713 1
393: 688 1
394: 713 1
395: 689 1
396: 713 1
397: 688 1
398: 714 1
399: 688 1
400: 0 1
401: 97 1
402: 713 1
403: 688 1
404: 714 1
405: 688 1
406: 713 1
407: 688 1
408: 713 1
409: 688 1
410: 688 0
411: 713 0
412: 713 0
413: 713 0
414: 713 0
415: 713 0
416: 688 0
417: 688 0
418: 688 0
419: 688 0
420: 713 0
421: 713 0
422: 714 0
423: 714 0
424: 714 0
425: 689 0
426: 689 0
427: 689 0
428: 691 0
429: 690 0
430: 714 0
431: 715 0
432: 715 0
433: 715 0
434: 714 0
435: 688 0
436: 689 0
437: 688 0
438: 688 0
439: 689 0
440: 713 0
441: 713 0
442: 714 0
443: 713 0
444: 714 0
445: 687 0
446: 688 0
447: 688 0
448: 688 0
449: 688 0
450: 713 0
451: 713 0
452: 713 0
453: 713 0
454: 714 0
455: 688 0
456: 688 0
457: 688 0
458: 688 0
459: 688 0
460: 713 0
461: 713 0
462: 713 0
463: 713 0
464: 713 0
465: 688 0
466: 688 0
467: 688 0
468: 689 0
469: 688 0
470: 713 0
471: 714 0
472: 713 0
473: 713 0
474: 714 0
475: 688 0
476: 688 0
477: 687 0
478: 688 0
479: 688 0
480: 713 0
481: 713 0
482: 713 0
483: 713 0
484: 713 0
485: 687 0
486: 688 0
487: 688 0
488: 687 0
489: 688 0
490: 713 0
491: 713 0
492: 713 0
493: 713 0
494: 714 0
495: 687 0
496: 687 0
497: 688 0
498: 688 0
499: 687 0
500: 714 0
501: 713 0
502: 713 0
503: 714 0
504: 713 0
505: 688 0
506: 688 0
507: 688 0
508: 688 0
509: 688 0
510: 687 1
511: 713 1
512: 688 1
513: 713 1
514: 687 1
515: 713 1
516: 687 1
517: 713 1
518: 688 1
519: 713 1
520: 688 1
521: 0 1
522: 95 1
523: 0 1
524: 97 1
525: 0 1
526: 96 1
527: 0 1
528: 96 1
529: 0 1
530: 97 1
531: 0 1
532: 97 1
533: 0 1
534: 97 1
535: 713 1
536: 688 1
537: 714 1
538: 688 1
539: 713 1
540: 688 1
541: 713 1
542: 688 1
543: 713 1
544: 688 1
545: 713 1
546: 688 1
547: 713 1
548: 688 1
549: 0 1
550: 97 1
551: 0 1
552: 98 1
553: 0 1
554: 0 1
555: 96 1
556: 0 1
557: 96 1
558: 0 1
559: 97 1
560: 0 1
561: 96 1
562: 0 1
563: 97 1
564: 0 1
565: 97 1
566: 0 1
567: 97 1
568: 0 1
569: 98 1
570: 0 1
571: 98 1
572: 715 1
573: 688 1
574: 713 1
575: 690 1
576: 713 1
577: 688 1
578: 0 1
579: 97 1
580: 0 1
581: 97 1
582: 0 1
583: 97 1
584: 0 1
585: 97 1
586: 713 1
587: 689 1
588: 713 1
589: 688 1
590: 713 1
591: 688 1
592: 713 1
593: 688 1
594: 0 1
595: 97 1
596: 0 1
597: 98 1
598: 0 1
599: 97 1
600: 0 1
601: 97 1
602: 0 1
603: 97 1
604: 0 1
605: 96 1
606: 0 1
607: 98 1
608: 0 1
609: 97 1
610: 97 1
611: 0 0
612: 0 0
613: 0 0
614: 0 0
615: 0 0
616: 99 0
617: 97 0
618: 96 0
619: 97 0
620: 96 0
621: 0 0
622: 0 0
623: 0 0
624: 0 0
625: 0 0
626: 0 0
627: 97 0
628: 96 0
629: 97 0
630: 96 0
631: 97 0
632: 0 0
633: 0 0
634: 0 0
635: 0 0
636: 0 0
637: 97 0
638: 97 0
639: 97 0
640: 97 0
641: 97 0
642: 0 0
643: 0 0
644: 0 0
645: 0 0
646: 0 0
647: 98 0
648: 97 0
649: 97 0
650: 97 0
651: 96 0
652: 0 0
653: 0 0
654: 0 0
655: 0 0
656: 0 0
657: 98 0
658: 97 0
659: 97 0
660: 97 0
661: 97 0
662: 0 0
663: 0 0
664: 0 0
665: 0 0
666: 0 0
667: 0 0
668: 97 0
669: 97 0
670: 97 0
671: 97 0
672: 96 0
673: 0 0
674: 0 0
675: 0 0
676: 0 0
677: 0 0
678: 98 0
679: 98 0
680: 98 0
681: 97 0
682: 97 0
683: 0 0
684: 0 0
685: 0 0
686: 0 0
687: 0 0
688: 98 0
689: 97 0
690: 97 0
691: 97 0
692: 98 0
693: 0 0
694: 0 0
695: 0 0
696: 0 0
697: 0 0
698: 97 0
699: 97 0
700: 97 0
701: 97 0
702: 97 0
703: 0 0
704: 0 0
705: 0 0
706: 0 0
707: 0 0
708: 0 0
709: 97 0
710: 97 0
711: 96 0
712: 97 0
713: 96 0
714: 96 1
715: 0 1
716: 97 1
717: 0 1
718: 97 1
719: 713 1
720: 689 1
721: 0 1
722: 97 1
723: 0 1
724: 98 1
725: 0 1
726: 98 1
727: 713 1
728: 688 1
729: 713 1
730: 688 1
731: 713 1
732: 687 1
733: 714 1
734: 687 1
735: 713 1
736: 688 1
737: 713 1
738: 688 1
739: 713 1
740: 688 1
741: 713 1
742: 688 1
743: 713 1
744: 688 1
745: 713 1
746: 688 1
747: 713 1
748: 687 1
749: 713 1
750: 688 1
751: 0 1
752: 97 1
753: 713 1
754: 688 1
755: 713 1
756: 688 1
757: 713 1
758: 688 1
759: 0 1
760: 97 1
761: 0 1
762: 97 1
763: 0 1
764: 96 1
765: 0 1
766: 98 1
767: 0 1
768: 0 1
769: 97 1
770: 0 1
771: 97 1
772: 0 1
773: 97 1
774: 0 1
775: 97 1
776: 715 1
777: 688 1
778: 713 1
779: 688 1
780: 714 1
781: 688 1
782: 0 1
783: 97 1
784: 0 1
785: 97 1
786: 713 1
787: 688 1
788: 713 1
789: 688 1
790: 713 1
791: 687 1
792: 0 1
793: 97 1
794: 0 1
795: 96 1
796: 0 1
797: 97 1
798: 0 1
799: 97 1
800: 0 1
801: 97 1
802: 0 1
803: 97 1
804: 713 1
805: 688 1
806: 713 1
807: 688 1
808: 713 1
809: 688 1
810: 713 1
811: 688 1
812: 0 1
813: 97 1
814: 96 1
815: 713 0
816: 713 0
817: 713 0
818: 713 0
819: 713 0
820: 688 0
821: 688 0
822: 688 0
823: 688 0
824: 688 0
825: 0 0
826: 0 0
827: 0 0
828: 0 0
829: 0 0
830: 97 0
831: 97 0
832: 96 0
833: 96 0
834: 96 0
835: 0 0
836: 0 0
837: 0 0
838: 0 0
839: 0 0
840: 97 0
841: 97 0
842: 97 0
843: 97 0
844: 97 0
845: 713 0
846: 713 0
847: 713 0
848: 713 0
849: 713 0
850: 688 0
851: 688 0
852: 689 0
853: 688 0
854: 688 0
855: 714 0
856: 713 0
857: 713 0
858: 715 0
859: 713 0
860: 688 0
861: 688 0
862: 688 0
863: 687 0
864: 688 0
865: 0 0
866: 0 0
867: 0 0
868: 0 0
869: 0 0
870: 97 0
871: 98 0
872: 97 0
873: 97 0
874: 97 0
875: 0 0
876: 0 0
877: 0 0
878: 0 0
879: 0 0
880: 99 0
881: 97 0
882: 98 0
883: 97 0
884: 97 0
885: 98 0
886: 713 0
887: 713 0
888: 713 0
889: 713 0
890: 713 0
891: 688 0
892: 688 0
893: 688 0
894: 689 0
895: 714 0
896: 715 0
897: 714 0
898: 714 0
899: 714 0
900: 688 0
901: 689 0
902: 689 0
903: 688 0
904: 689 0
905: 714 0
906: 714 0
907: 714 0
908: 714 0
909: 714 0
910: 688 0
911: 688 0
912: 689 0
913: 690 0
914: 689 0
915: 689 1
916: 689 1
917: 714 1
918: 688 1
919: 715 1
920: 689 1
921: 714 1
922: 690 1
923: 714 1
924: 688 1
925: 715 1
926: 688 1
927: 714 1
928: 688 1
929: 714 1
930: 688 1
931: 0 1
932: 96 1
933: 0 1
934: 98 1
935: 0 1
936: 97 1
937: 0 1
938: 97 1
939: 0 1
940: 99 1
941: 718 1
942: 690 1
943: 716 1
944: 690 1
945: 715 1
946: 690 1
947: 716 1
948: 690 1
949: 715 1
950: 690 1
951: 715 1
952: 690 1
953: 715 1
954: 690 1
955: 715 1
956: 690 1
957: 715 1
958: 691 1
959: 715 1
960: 690 1
961: 716 1
962: 690 1
963: 715 1
964: 691 1
965: 715 1
966: 690 1
967: 716 1
968: 690 1
969: 716 1
970: 691 1
971: 715 1
972: 690 1
973: 715 1
974: 690 1
975: 715 1
976: 690 1
977: 0 1
978: 97 1
979: 0 1
980: 98 1
981: 0 1
982: 98 1
983: 0 1
984: 98 1
985: 0 1
986: 98 1
987: 716 1
988: 691 1
989: 0 1
990: 97 1
991: 0 1
992: 98 1
993: 0 1
994: 97 1
995: 0 1
996: 97 1
997: 715 1
998: 690 1
999: 715 1
1000: 690 1
