1: 690 0
2: 715 0
3: 715 0
4: 714 0
5: 714 0
6: 715 0
7: 688 0
8: 688 0
9: 689 0
10: 689 0
11: 689 0
12: 0 0
13: 0 0
14: 0 0
15: 0 0
16: 0 0
17: 97 0
18: 96 0
19: 96 0
20: 96 0
21: 96 0
22: 0 0
23: 0 0
24: 0 0
25: 0 0
26: 0 0
27: 0 0
28: 96 0
29: 97 0
30: 96 0
31: 96 0
32: 96 0
33: 0 0
34: 0 0
35: 0 0
36: 0 0
37: 0 0
38: 97 0
39: 97 0
40: 96 0
41: 97 0
42: 96 0
43: 0 0
44: 0 0
45: 0 0
46: 0 0
47: 0 0
48: 99 0
49: 96 0
50: 96 0
51: 97 0
52: 96 0
53: 96 0
54: 0 0
55: 0 0
56: 0 0
57: 0 0
58: 0 0
59: 97 0
60: 97 0
61: 96 0
62: 96 0
63: 96 0
64: 0 0
65: 0 0
66: 0 0
67: 0 0
68: 0 0
69: 97 0
70: 96 0
71: 97 0
72: 96 0
73: 97 0
74: 97 0
75: 714 0
76: 714 0
77: 715 0
78: 715 0
79: 715 0
80: 690 0
81: 689 0
82: 689 0
83: 689 0
84: 689 0
85: 714 0
86: 714 0
87: 714 0
88: 714 0
89: 714 0
90: 688 0
91: 689 0
92: 689 0
93: 690 0
94: 688 0
95: 714 0
96: 715 0
97: 714 0
98: 714 0
99: 714 0
100: 688 0
101: 688 0
102: 688 0
103: 689 0
104: 689 0
105: 0 1
106: 96 1
107: 0 1
108: 97 1
109: 0 1
110: 96 1
111: 0 1
112: 96 1
113: 0 1
114: 96 1
115: 0 1
116: 97 1
117: 0 1
118: 97 1
119: 0 1
120: 97 1
121: 0 1
122: 97 1
123: 0 1
124: 96 1
125: 0 1
126: 97 1
127: 714 1
128: 688 1
129: 714 1
130: 689 1
131: 715 1
132: 688 1
133: 714 1
134: 689 1
135: 714 1
136: 689 1
137: 0 1
138: 96 1
139: 714 1
140: 689 1
141: 716 1
142: 690 1
143: 0 1
144: 97 1
145: 715 1
146: 689 1
147: 716 1
148: 690 1
149: 715 1
150: 690 1
151: 715 1
152: 690 1
153: 716 1
154: 690 1
155: 715 1
156: 689 1
157: 715 1
158: 690 1
159: 715 1
160: 689 1
161: 716 1
162: 689 1
163: 715 1
164: 690 1
165: 715 1
166: 690 1
167: 716 1
168: 690 1
169: 715 1
170: 690 1
171: 715 1
172: 690 1
173: 716 1
174: 689 1
175: 715 1
176: 690 1
177: 0 1
178: 96 1
179: 0 1
180: 97 1
181: 0 1
182: 96 1
183: 0 1
184: 96 1
185: 0 1
186: 97 1
187: 0 1
188: 98 1
189: 716 1
190: 690 1
191: 715 1
192: 691 1
193: 716 1
194: 690 1
195: 716 1
196: 690 1
197: 716 1
198: 690 1
199: 0 1
200: 97 1
201: 0 1
202: 97 1
203: 0 1
204: 97 1
205: 97 1
206: 714 0
207: 714 0
208: 716 0
209: 715 0
210: 716 0
211: 690 0
212: 690 0
213: 691 0
214: 689 0
215: 690 0
216: 716 0
217: 716 0
218: 715 0
219: 716 0
220: 716 0
221: 690 0
222: 690 0
223: 690 0
224: 690 0
225: 690 0
226: 0 0
227: 0 0
228: 0 0
229: 0 0
230: 0 0
231: 97 0
232: 97 0
233: 96 0
234: 96 0
235: 96 0
236: 0 0
237: 0 0
238: 0 0
239: 0 0
240: 0 0
241: 96 0
242: 96 0
243: 96 0
244: 96 0
245: 95 0
246: 0 0
247: 0 0
248: 0 0
249: 0 0
250: 0 0
251: 98 0
252: 97 0
253: 95 0
254: 97 0
255: 96 0
256: 97 0
257: 0 0
258: 0 0
259: 0 0
260: 0 0
261: 0 0
262: 97 0
263: 96 0
264: 96 0
265: 97 0
266: 97 0
267: 716 0
268: 716 0
269: 716 0
270: 715 0
271: 716 0
272: 690 0
273: 690 0
274: 689 0
275: 690 0
276: 690 0
277: 715 0
278: 715 0
279: 715 0
280: 716 0
281: 715 0
282: 689 0
283: 690 0
284: 690 0
285: 690 0
286: 692 0
287: 716 0
288: 716 0
289: 715 0
290: 716 0
291: 716 0
292: 690 0
293: 690 0
294: 690 0
295: 689 0
296: 689 0
297: 716 0
298: 715 0
299: 715 0
300: 716 0
301: 688 0
302: 689 0
303: 690 0
304: 689 0
305: 689 0
306: 690 0
307: 95 1
308: 0 1
309: 96 1
310: 0 1
311: 98 1
312: 0 1
313: 96 1
314: 715 1
315: 689 1
316: 715 1
317: 690 1
318: 715 1
319: 689 1
320: 0 1
321: 96 1
322: 0 1
323: 98 1
324: 0 1
325: 98 1
326: 0 1
327: 97 1
328: 0 1
329: 97 1
330: 0 1
331: 97 1
332: 0 1
333: 98 1
334: 0 1
335: 97 1
336: 0 1
337: 0 1
338: 97 1
339: 0 1
340: 97 1
341: 0 1
342: 96 1
343: 0 1
344: 97 1
345: 716 1
346: 689 1
347: 0 1
348: 97 1
349: 0 1
350: 97 1
351: 0 1
352: 97 1
353: 0 1
354: 97 1
355: 0 1
356: 97 1
357: 0 1
358: 97 1
359: 0 1
360: 97 1
361: 0 1
362: 97 1
363: 0 1
364: 97 1
365: 0 1
366: 97 1
367: 0 1
368: 97 1
369: 0 1
370: 97 1
371: 0 1
372: 97 1
373: 715 1
374: 689 1
375: 716 1
376: 690 1
377: 715 1
378: 691 1
379: 715 1
380: 690 1
381: 716 1
382: 690 1
383: 715 1
384: 690 1
385: 0 1
386: 97 1
387: 0 1
388: 97 1
389: 715 1
390: 691 1
391: 715 1
392: 690 1
393: 716 1
394: 690 1
395: 715 1
396: 690 1
397: 715 1
398: 689 1
399: 716 1
400: 690 1
401: 0 1
402: 97 1
403: 715 1
404: 690 1
405: 716 1
406: 690 1
407: 690 1
408: 716 0
409: 715 0
410: 715 0
411: 715 0
412: 715 0
413: 690 0
414: 690 0
415: 690 0
416: 690 0
417: 690 0
418: 0 0
419: 0 0
420: 0 0
421: 0 0
422: 0 0
423: 97 0
424: 95 0
425: 96 0
426: 96 0
427: 96 0
428: 715 0
429: 715 0
430: 715 0
431: 716 0
432: 715 0
433: 690 0
434: 689 0
435: 690 0
436: 690 0
437: 690 0
438: 716 0
439: 715 0
440: 715 0
441: 716 0
442: 715 0
443: 690 0
444: 691 0
445: 690 0
446: 690 0
447: 690 0
448: 715 0
449: 715 0
450: 716 0
451: 715 0
452: 715 0
453: 690 0
454: 689 0
455: 689 0
456: 689 0
457: 689 0
458: 715 0
459: 715 0
460: 715 0
461: 715 0
462: 715 0
463: 689 0
464: 689 0
465: 689 0
466: 690 0
467: 690 0
468: 715 0
469: 715 0
470: 716 0
471: 715 0
472: 715 0
473: 690 0
474: 689 0
475: 689 0
476: 690 0
477: 689 0
478: 715 0
479: 716 0
480: 715 0
481: 715 0
482: 716 0
483: 689 0
484: 689 0
485: 690 0
486: 689 0
487: 689 0
488: 715 0
489: 715 0
490: 715 0
491: 715 0
492: 715 0
493: 689 0
494: 689 0
495: 689 0
496: 689 0
497: 690 0
498: 0 0
499: 0 0
500: 0 0
501: 0 0
502: 0 0
503: 96 0
504: 96 0
505: 95 0
506: 96 0
507: 96 0
508: 690 1
509: 715 1
510: 690 1
511: 715 1
512: 689 1
513: 716 1
514: 689 1
515: 0 1
516: 96 1
517: 0 1
518: 97 1
519: 0 1
520: 0 1
521: 96 1
522: 0 1
523: 95 1
524: 715 1
525: 691 1
526: 715 1
527: 690 1
528: 716 1
529: 689 1
530: 715 1
531: 690 1
532: 715 1
533: 689 1
534: 716 1
535: 690 1
536: 0 1
537: 96 1
538: 0 1
539: 95 1
540: 715 1
541: 690 1
542: 716 1
543: 691 1
544: 715 1
545: 690 1
546: 716 1
547: 690 1
548: 715 1
549: 690 1
550: 715 1
551: 689 1
552: 716 1
553: 690 1
554: 688 1
555: 716 1
556: 689 1
557: 715 1
558: 690 1
559: 715 1
560: 689 1
561: 715 1
562: 689 1
563: 715 1
564: 689 1
565: 715 1
566: 689 1
567: 715 1
568: 689 1
569: 0 1
570: 97 1
571: 0 1
572: 97 1
573: 0 1
574: 97 1
575: 97 1
576: 0 1
577: 96 1
578: 715 1
579: 690 1
580: 0 1
581: 96 1
582: 715 1
583: 690 1
584: 715 1
585: 689 1
586: 715 1
587: 690 1
588: 716 1
589: 689 1
590: 715 1
591: 691 1
592: 0 1
593: 95 1
594: 0 1
595: 96 1
596: 0 1
597: 96 1
598: 716 1
599: 690 1
600: 715 1
601: 691 1
602: 715 1
603: 690 1
604: 715 1
605: 690 1
606: 0 1
607: 97 1
608: 0 0
609: 0 0
610: 0 0
611: 0 0
612: 0 0
613: 0 0
614: 97 0
615: 97 0
616: 95 0
617: 96 0
618: 97 0
619: 0 0
620: 0 0
621: 0 0
622: 0 0
623: 0 0
624: 98 0
625: 97 0
626: 97 0
627: 97 0
628: 96 0
629: 715 0
630: 716 0
631: 715 0
632: 715 0
633: 716 0
634: 689 0
635: 690 0
636: 690 0
637: 690 0
638: 690 0
639: 716 0
640: 715 0
641: 715 0
642: 715 0
643: 715 0
644: 690 0
645: 690 0
646: 689 0
647: 690 0
648: 690 0
649: 715 0
650: 715 0
651: 715 0
652: 715 0
653: 715 0
654: 690 0
655: 690 0
656: 690 0
657: 689 0
658: 690 0
659: 0 0
660: 0 0
661: 0 0
662: 0 0
663: 0 0
664: 97 0
665: 97 0
666: 97 0
667: 96 0
668: 97 0
669: 0 0
670: 0 0
671: 0 0
672: 0 0
673: 0 0
674: 96 0
675: 97 0
676: 96 0
677: 97 0
678: 96 0
679: 0 0
680: 0 0
681: 0 0
682: 0 0
683: 0 0
684: 97 0
685: 97 0
686: 97 0
687: 96 0
688: 97 0
689: 0 0
690: 0 0
691: 0 0
692: 0 0
693: 0 0
694: 0 0
695: 97 0
696: 96 0
697: 96 0
698: 96 0
699: 96 0
700: 0 0
701: 0 0
702: 0 0
703: 0 0
704: 0 0
705: 96 0
706: 96 0
707: 97 0
708: 97 0
709: 96 0
710: 716 1
711: 716 1
712: 689 1
713: 716 1
714: 689 1
715: 715 1
716: 690 1
717: 715 1
718: 689 1
719: 715 1
720: 690 1
721: 0 1
722: 96 1
723: 0 1
724: 97 1
725: 97 1
726: 0 1
727: 97 1
728: 0 1
729: 97 1
730: 0 1
731: 97 1
732: 0 1
733: 97 1
734: 0 1
735: 96 1
736: 0 1
737: 97 1
738: 715 1
739: 690 1
740: 0 1
741: 95 1
742: 0 1
743: 97 1
744: 0 1
745: 97 1
746: 0 1
747: 96 1
748: 716 1
749: 690 1
750: 0 1
751: 97 1
752: 0 1
753: 96 1
754: 0 1
755: 97 1
756: 0 1
757: 97 1
758: 716 1
759: 690 1
760: 715 1
761: 690 1
762: 715 1
763: 690 1
764: 715 1
765: 690 1
766: 715 1
767: 689 1
768: 0 1
769: 96 1
770: 0 1
771: 97 1
772: 0 1
773: 96 1
774: 0 1
775: 96 1
776: 0 1
777: 97 1
778: 0 1
779: 97 1
780: 716 1
781: 690 1
782: 0 1
783: 97 1
784: 715 1
785: 690 1
786: 716 1
787: 690 1
788: 715 1
789: 690 1
790: 716 1
791: 690 1
792: 716 1
793: 689 1
794: 716 1
795: 691 1
796: 716 1
797: 690 1
798: 717 1
799: 690 1
800: 716 1
801: 690 1
802: 716 1
803: 689 1
804: 715 1
805: 689 1
806: 716 1
807: 689 1
808: 715 1
809: 690 1
810: 689 1
811: 0 0
812: 0 0
813: 0 0
814: 0 0
815: 0 0
816: 97 0
817: 96 0
818: 95 0
819: 96 0
820: 97 0
821: 0 0
822: 0 0
823: 0 0
824: 0 0
825: 0 0
826: 97 0
827: 96 0
828: 96 0
829: 96 0
830: 96 0
831: 0 0
832: 0 0
833: 0 0
834: 0 0
835: 0 0
836: 0 0
837: 97 0
838: 95 0
839: 97 0
840: 97 0
841: 95 0
842: 0 0
843: 0 0
844: 0 0
845: 0 0
846: 0 0
847: 97 0
848: 97 0
849: 97 0
850: 96 0
851: 96 0
852: 0 0
853: 0 0
854: 0 0
855: 0 0
856: 0 0
857: 97 0
858: 97 0
859: 97 0
860: 97 0
861: 97 0
862: 0 0
863: 0 0
864: 0 0
865: 0 0
866: 0 0
867: 98 0
868: 97 0
869: 96 0
870: 97 0
871: 97 0
872: 0 0
873: 0 0
874: 0 0
875: 0 0
876: 0 0
877: 0 0
878: 97 0
879: 97 0
880: 97 0
881: 95 0
882: 97 0
883: 0 0
884: 0 0
885: 0 0
886: 0 0
887: 0 0
888: 97 0
889: 97 0
890: 97 0
891: 97 0
892: 96 0
893: 0 0
894: 0 0
895: 0 0
896: 0 0
897: 0 0
898: 98 0
899: 97 0
900: 96 0
901: 96 0
902: 96 0
903: 0 0
904: 0 0
905: 0 0
906: 0 0
907: 0 0
908: 98 0
909: 97 0
910: 96 0
911: 97 0
912: 96 0
913: 97 0
914: 96 1
915: 0 1
916: 97 1
917: 0 1
918: 97 1
919: 0 1
920: 97 1
921: 0 1
922: 96 1
923: 0 1
924: 97 1
925: 0 1
926: 97 1
927: 0 1
928: 97 1
929: 0 1
930: 97 1
931: 0 1
932: 98 1
933: 715 1
934: 690 1
935: 715 1
936: 689 1
937: 715 1
938: 689 1
939: 715 1
940: 690 1
941: 0 1
942: 97 1
943: 0 1
944: 98 1
945: 0 1
946: 98 1
947: 97 1
948: 0 1
949: 97 1
950: 715 1
951: 690 1
952: 716 1
953: 690 1
954: 715 1
955: 691 1
956: 715 1
957: 690 1
958: 0 1
959: 95 1
960: 715 1
961: 691 1
962: 716 1
963: 690 1
964: 716 1
965: 691 1
966: 716 1
967: 717 1
968: 689 1
969: 715 1
970: 690 1
971: 0 1
972: 99 1
973: 96 1
974: 0 1
975: 97 1
976: 0 1
977: 97 1
978: 0 1
979: 97 1
980: 0 1
981: 96 1
982: 716 1
983: 691 1
984: 716 1
985: 690 1
986: 716 1
987: 689 1
988: 716 1
989: 690 1
990: 715 1
991: 690 1
992: 716 1
993: 690 1
994: 716 1
995: 689 1
996: 715 1
997: 689 1
998: 715 1
999: 688 1
1000: 715 1
