1: 688 0
2: 714 0
3: 714 0
4: 714 0
5: 714 0
6: 714 0
7: 688 0
8: 688 0
9: 688 0
10: 689 0
11: 688 0
12: 714 0
13: 714 0
14: 714 0
15: 713 0
16: 714 0
17: 689 0
18: 688 0
19: 688 0
20: 689 0
21: 689 0
22: 714 0
23: 715 0
24: 714 0
25: 714 0
26: 715 0
27: 688 0
28: 689 0
29: 689 0
30: 689 0
31: 689 0
32: 714 0
33: 715 0
34: 714 0
35: 714 0
36: 715 0
37: 688 0
38: 688 0
39: 689 0
40: 689 0
41: 689 0
42: 715 0
43: 714 0
44: 714 0
45: 715 0
46: 714 0
47: 688 0
48: 688 0
49: 689 0
50: 689 0
51: 688 0
52: 689 0
53: 715 0
54: 714 0
55: 715 0
56: 714 0
57: 714 0
58: 689 0
59: 688 0
60: 688 0
61: 689 0
62: 688 0
63: 0 0
64: 0 0
65: 0 0
66: 0 0
67: 0 0
68: 96 0
69: 96 0
70: 96 0
71: 96 0
72: 96 0
73: 0 0
74: 0 0
75: 0 0
76: 0 0
77: 0 0
78: 97 0
79: 97 0
80: 96 0
81: 96 0
82: 96 0
83: 96 0
84: 0 0
85: 0 0
86: 0 0
87: 0 0
88: 0 0
89: 97 0
90: 98 0
91: 96 0
92: 96 0
93: 96 0
94: 0 0
95: 0 0
96: 0 0
97: 0 0
98: 0 0
99: 98 0
100: 98 0
101: 98 0
102: 97 0
103: 96 0
104: 97 0
105: 97 1
106: 0 1
107: 97 1
108: 714 1
109: 690 1
110: 714 1
111: 689 1
112: 715 1
113: 689 1
114: 714 1
115: 689 1
116: 0 1
117: 96 1
118: 715 1
119: 689 1
120: 714 1
121: 690 1
122: 0 1
123: 97 1
124: 0 1
125: 97 1
126: 0 1
127: 97 1
128: 714 1
129: 689 1
130: 715 1
131: 689 1
132: 714 1
133: 690 1
134: 714 1
135: 689 1
136: 714 1
137: 688 1
138: 714 1
139: 689 1
140: 714 1
141: 689 1
142: 715 1
143: 688 1
144: 0 1
145: 98 1
146: 0 1
147: 98 1
148: 0 1
149: 97 1
150: 0 1
151: 97 1
152: 0 1
153: 97 1
154: 0 1
155: 97 1
156: 0 1
157: 99 1
158: 0 1
159: 97 1
160: 0 1
161: 98 1
162: 715 1
163: 689 1
164: 714 1
165: 689 1
166: 714 1
167: 689 1
168: 715 1
169: 688 1
170: 715 1
171: 688 1
172: 714 1
173: 689 1
174: 714 1
175: 689 1
176: 715 1
177: 689 1
178: 714 1
179: 689 1
180: 714 1
181: 689 1
182: 715 1
183: 689 1
184: 714 1
185: 690 1
186: 714 1
187: 688 1
188: 715 1
189: 689 1
190: 714 1
191: 690 1
192: 714 1
193: 689 1
194: 715 1
195: 688 1
196: 714 1
197: 689 1
198: 714 1
199: 689 1
200: 715 1
201: 689 1
202: 0 1
203: 97 1
204: 96 1
205: 0 0
206: 0 0
207: 0 0
208: 0 0
209: 0 0
210: 97 0
211: 96 0
212: 97 0
213: 97 0
214: 96 0
215: 0 0
216: 0 0
217: 0 0
218: 0 0
219: 0 0
220: 98 0
221: 97 0
222: 98 0
223: 97 0
224: 97 0
225: 97 0
226: 0 0
227: 0 0
228: 0 0
229: 0 0
230: 0 0
231: 97 0
232: 97 0
233: 97 0
234: 97 0
235: 97 0
236: 715 0
237: 714 0
238: 714 0
239: 715 0
240: 714 0
241: 689 0
242: 690 0
243: 689 0
244: 689 0
245: 690 0
246: 714 0
247: 714 0
248: 715 0
249: 714 0
250: 714 0
251: 690 0
252: 689 0
253: 689 0
254: 690 0
255: 689 0
256: 0 0
257: 0 0
258: 0 0
259: 0 0
260: 0 0
261: 97 0
262: 96 0
263: 97 0
264: 97 0
265: 97 0
266: 0 0
267: 0 0
268: 0 0
269: 0 0
270: 0 0
271: 99 0
272: 98 0
273: 98 0
274: 98 0
275: 97 0
276: 0 0
277: 0 0
278: 0 0
279: 0 0
280: 0 0
281: 98 0
282: 98 0
283: 97 0
284: 98 0
285: 96 0
286: 0 0
287: 0 0
288: 0 0
289: 0 0
290: 0 0
291: 99 0
292: 98 0
293: 98 0
294: 98 0
295: 98 0
296: 98 0
297: 0 0
298: 0 0
299: 0 0
300: 0 0
301: 0 0
302: 98 0
303: 97 0
304: 97 0
305: 98 0
306: 97 0
307: 97 1
308: 0 1
309: 97 1
310: 0 1
311: 99 1
312: 0 1
313: 0 1
314: 97 1
315: 0 1
316: 96 1
317: 0 1
318: 97 1
319: 0 1
320: 98 1
321: 0 1
322: 97 1
323: 0 1
324: 98 1
325: 0 1
326: 97 1
327: 0 1
328: 97 1
329: 0 1
330: 97 1
331: 0 1
332: 97 1
333: 714 1
334: 690 1
335: 714 1
336: 689 1
337: 715 1
338: 689 1
339: 714 1
340: 690 1
341: 714 1
342: 689 1
343: 714 1
344: 689 1
345: 715 1
346: 689 1
347: 714 1
348: 690 1
349: 714 1
350: 689 1
351: 0 1
352: 97 1
353: 0 1
354: 97 1
355: 0 1
356: 97 1
357: 714 1
358: 690 1
359: 714 1
360: 689 1
361: 0 1
362: 97 1
363: 0 1
364: 97 1
365: 0 1
366: 97 1
367: 0 1
368: 97 1
369: 0 1
370: 97 1
371: 0 1
372: 97 1
373: 0 1
374: 98 1
375: 0 1
376: 97 1
377: 0 1
378: 98 1
379: 0 1
380: 98 1
381: 0 1
382: 98 1
383: 714 1
384: 690 1
385: 714 1
386: 689 1
387: 715 1
388: 689 1
389: 714 1
390: 690 1
391: 714 1
392: 689 1
393: 715 1
394: 689 1
395: 714 1
396: 690 1
397: 0 1
398: 97 1
399: 0 1
400: 98 1
401: 714 1
402: 690 1
403: 714 1
404: 689 1
405: 715 1
406: 689 1
407: 690 1
408: 715 0
409: 714 0
410: 714 0
411: 715 0
412: 714 0
413: 689 0
414: 690 0
415: 690 0
416: 690 0
417: 690 0
418: 714 0
419: 714 0
420: 715 0
421: 714 0
422: 714 0
423: 690 0
424: 689 0
425: 690 0
426: 689 0
427: 689 0
428: 715 0
429: 714 0
430: 714 0
431: 715 0
432: 714 0
433: 689 0
434: 690 0
435: 689 0
436: 689 0
437: 690 0
438: 714 0
439: 714 0
440: 715 0
441: 714 0
442: 714 0
443: 690 0
444: 689 0
445: 689 0
446: 690 0
447: 690 0
448: 714 0
449: 715 0
450: 714 0
451: 714 0
452: 715 0
453: 689 0
454: 689 0
455: 690 0
456: 689 0
457: 690 0
458: 714 0
459: 714 0
460: 715 0
461: 714 0
462: 714 0
463: 690 0
464: 689 0
465: 689 0
466: 690 0
467: 689 0
468: 714 0
469: 715 0
470: 714 0
471: 714 0
472: 715 0
473: 689 0
474: 688 0
475: 690 0
476: 689 0
477: 689 0
478: 715 0
479: 714 0
480: 714 0
481: 715 0
482: 714 0
483: 688 0
484: 690 0
485: 689 0
486: 689 0
487: 690 0
488: 714 0
489: 715 0
490: 714 0
491: 714 0
492: 715 0
493: 689 0
494: 688 0
495: 690 0
496: 690 0
497: 714 0
498: 715 0
499: 714 0
500: 714 0
501: 715 0
502: 689 0
503: 689 0
504: 690 0
505: 689 0
506: 689 0
507: 689 1
508: 689 1
509: 714 1
510: 690 1
511: 714 1
512: 689 1
513: 715 1
514: 689 1
515: 714 1
516: 690 1
517: 0 1
518: 97 1
519: 0 1
520: 97 1
521: 0 1
522: 97 1
523: 0 1
524: 97 1
525: 0 1
526: 97 1
527: 0 1
528: 97 1
529: 0 1
530: 98 1
531: 0 1
532: 98 1
533: 0 1
534: 97 1
535: 0 1
536: 97 1
537: 0 1
538: 97 1
539: 0 1
540: 98 1
541: 714 1
542: 690 1
543: 714 1
544: 689 1
545: 715 1
546: 689 1
547: 714 1
548: 690 1
549: 714 1
550: 689 1
551: 715 1
552: 688 1
553: 714 1
554: 690 1
555: 714 1
556: 689 1
557: 715 1
558: 689 1
559: 714 1
560: 690 1
561: 714 1
562: 689 1
563: 0 1
564: 96 1
565: 0 1
566: 96 1
567: 0 1
568: 97 1
569: 0 1
570: 97 1
571: 0 1
572: 97 1
573: 0 1
574: 97 1
575: 0 1
576: 0 1
577: 97 1
578: 0 1
579: 97 1
580: 0 1
581: 98 1
582: 0 1
583: 97 1
584: 0 1
585: 96 1
586: 0 1
587: 97 1
588: 0 1
589: 97 1
590: 0 1
591: 97 1
592: 0 1
593: 97 1
594: 0 1
595: 96 1
596: 0 1
597: 97 1
598: 0 1
599: 97 1
600: 0 1
601: 97 1
602: 0 1
603: 97 1
604: 0 1
605: 97 1
606: 0 1
607: 97 1
608: 97 1
609: 714 0
610: 715 0
611: 714 0
612: 715 0
613: 714 0
614: 689 0
615: 690 0
616: 689 0
617: 689 0
618: 689 0
619: 0 0
620: 0 0
621: 0 0
622: 0 0
623: 0 0
624: 97 0
625: 97 0
626: 97 0
627: 96 0
628: 97 0
629: 714 0
630: 714 0
631: 715 0
632: 714 0
633: 714 0
634: 689 0
635: 689 0
636: 689 0
637: 690 0
638: 689 0
639: 714 0
640: 715 0
641: 714 0
642: 714 0
643: 715 0
644: 689 0
645: 689 0
646: 690 0
647: 689 0
648: 689 0
649: 715 0
650: 714 0
651: 714 0
652: 715 0
653: 714 0
654: 688 0
655: 690 0
656: 688 0
657: 690 0
658: 688 0
659: 714 0
660: 714 0
661: 714 0
662: 714 0
663: 715 0
664: 688 0
665: 689 0
666: 690 0
667: 689 0
668: 688 0
669: 715 0
670: 714 0
671: 714 0
672: 715 0
673: 714 0
674: 688 0
675: 689 0
676: 689 0
677: 689 0
678: 689 0
679: 714 0
680: 714 0
681: 715 0
682: 714 0
683: 714 0
684: 689 0
685: 689 0
686: 689 0
687: 689 0
688: 688 0
689: 0 0
690: 0 0
691: 0 0
692: 0 0
693: 0 0
694: 96 0
695: 96 0
696: 96 0
697: 97 0
698: 96 0
699: 0 0
700: 0 0
701: 0 0
702: 0 0
703: 0 0
704: 97 0
705: 96 0
706: 96 0
707: 96 0
708: 95 0
709: 96 1
710: 96 1
711: 0 1
712: 97 1
713: 0 1
714: 97 1
715: 714 1
716: 690 1
717: 0 1
718: 96 1
719: 0 1
720: 97 1
721: 714 1
722: 688 1
723: 0 1
724: 96 1
725: 0 1
726: 96 1
727: 0 1
728: 97 1
729: 715 1
730: 689 1
731: 714 1
732: 690 1
733: 714 1
734: 689 1
735: 715 1
736: 688 1
737: 714 1
738: 689 1
739: 714 1
740: 689 1
741: 715 1
742: 689 1
743: 714 1
744: 689 1
745: 714 1
746: 689 1
747: 715 1
748: 688 1
749: 714 1
750: 690 1
751: 714 1
752: 690 1
753: 0 1
754: 97 1
755: 714 1
756: 689 1
757: 0 1
758: 97 1
759: 715 1
760: 689 1
761: 714 1
762: 689 1
763: 714 1
764: 689 1
765: 715 1
766: 689 1
767: 714 1
768: 689 1
769: 714 1
770: 690 1
771: 0 1
772: 96 1
773: 714 1
774: 690 1
775: 0 1
776: 96 1
777: 0 1
778: 97 1
779: 0 1
780: 97 1
781: 714 1
782: 689 1
783: 0 1
784: 96 1
785: 714 1
786: 690 1
787: 714 1
788: 688 1
789: 715 1
790: 689 1
791: 714 1
792: 689 1
793: 714 1
794: 688 1
795: 715 1
796: 689 1
797: 715 1
798: 690 1
799: 715 1
800: 690 1
801: 716 1
802: 690 1
803: 715 1
804: 690 1
805: 715 1
806: 689 1
807: 715 1
808: 689 1
809: 690 1
810: 715 0
811: 714 0
812: 715 0
813: 715 0
814: 714 0
815: 690 0
816: 689 0
817: 689 0
818: 691 0
819: 689 0
820: 714 0
821: 715 0
822: 714 0
823: 715 0
824: 715 0
825: 689 0
826: 689 0
827: 690 0
828: 689 0
829: 690 0
830: 715 0
831: 715 0
832: 715 0
833: 715 0
834: 715 0
835: 690 0
836: 690 0
837: 690 0
838: 689 0
839: 690 0
840: 715 0
841: 715 0
842: 715 0
843: 716 0
844: 716 0
845: 691 0
846: 691 0
847: 691 0
848: 690 0
849: 716 0
850: 716 0
851: 717 0
852: 717 0
853: 717 0
854: 691 0
855: 691 0
856: 693 0
857: 690 0
858: 690 0
859: 0 0
860: 0 0
861: 0 0
862: 0 0
863: 0 0
864: 0 0
865: 97 0
866: 97 0
867: 97 0
868: 98 0
869: 97 0
870: 716 0
871: 715 0
872: 717 0
873: 715 0
874: 715 0
875: 691 0
876: 691 0
877: 691 0
878: 691 0
879: 690 0
880: 716 0
881: 716 0
882: 715 0
883: 715 0
884: 716 0
885: 690 0
886: 690 0
887: 690 0
888: 690 0
889: 690 0
890: 715 0
891: 715 0
892: 715 0
893: 715 0
894: 689 0
895: 690 0
896: 690 0
897: 690 0
898: 691 0
899: 0 0
900: 0 0
901: 0 0
902: 0 0
903: 0 0
904: 0 0
905: 97 0
906: 97 0
907: 97 0
908: 97 0
909: 96 0
910: 0 1
911: 97 1
912: 0 1
913: 97 1
914: 0 1
915: 97 1
916: 0 1
917: 97 1
918: 715 1
919: 691 1
920: 716 1
921: 691 1
922: 716 1
923: 691 1
924: 716 1
925: 691 1
926: 716 1
927: 691 1
928: 716 1
929: 691 1
930: 716 1
931: 691 1
932: 716 1
933: 691 1
934: 715 1
935: 690 1
936: 0 1
937: 97 1
938: 0 1
939: 98 1
940: 0 1
941: 96 1
942: 0 1
943: 97 1
944: 0 1
945: 97 1
946: 0 1
947: 97 1
948: 0 1
949: 97 1
950: 0 1
951: 97 1
952: 715 1
953: 691 1
954: 715 1
955: 690 1
956: 715 1
957: 690 1
958: 716 1
959: 690 1
960: 715 1
961: 691 1
962: 715 1
963: 690 1
964: 716 1
965: 690 1
966: 715 1
967: 691 1
968: 715 1
969: 690 1
970: 0 1
971: 97 1
972: 0 1
973: 98 1
974: 0 1
975: 98 1
976: 0 1
977: 97 1
978: 715 1
979: 690 1
980: 716 1
981: 690 1
982: 716 1
983: 690 1
984: 715 1
985: 690 1
986: 0 1
987: 97 1
988: 0 1
989: 98 1
990: 0 1
991: 98 1
992: 0 1
993: 97 1
994: 0 1
995: 98 1
996: 0 1
997: 0 1
998: 97 1
999: 0 1
1000: 97 1
