1: 695 0
2: 718 0
3: 718 0
4: 717 0
5: 718 0
6: 717 0
7: 694 0
8: 693 0
9: 694 0
10: 694 0
11: 693 0
12: 0 0
13: 0 0
14: 0 0
15: 0 0
16: 0 0
17: 96 0
18: 96 0
19: 96 0
20: 94 0
21: 95 0
22: 0 0
23: 0 0
24: 0 0
25: 0 0
26: 0 0
27: 0 0
28: 95 0
29: 95 0
30: 95 0
31: 94 0
32: 96 0
33: 0 0
34: 0 0
35: 0 0
36: 0 0
37: 0 0
38: 96 0
39: 95 0
40: 96 0
41: 96 0
42: 96 0
43: 0 0
44: 0 0
45: 0 0
46: 0 0
47: 0 0
48: 99 0
49: 96 0
50: 95 0
51: 96 0
52: 95 0
53: 95 0
54: 717 0
55: 717 0
56: 717 0
57: 717 0
58: 718 0
59: 694 0
60: 694 0
61: 696 0
62: 694 0
63: 694 0
64: 718 0
65: 717 0
66: 717 0
67: 717 0
68: 717 0
69: 694 0
70: 694 0
71: 694 0
72: 694 0
73: 694 0
74: 717 0
75: 717 0
76: 717 0
77: 718 0
78: 717 0
79: 693 0
80: 696 0
81: 694 0
82: 694 0
83: 695 0
84: 717 0
85: 717 0
86: 717 0
87: 717 0
88: 717 0
89: 694 0
90: 695 0
91: 694 0
92: 694 0
93: 695 0
94: 717 0
95: 717 0
96: 718 0
97: 717 0
98: 717 0
99: 693 0
100: 693 0
101: 694 0
102: 694 0
103: 694 0
104: 693 0
105: 694 1
106: 717 1
107: 694 1
108: 718 1
109: 695 1
110: 717 1
111: 695 1
112: 717 1
113: 694 1
114: 718 1
115: 694 1
116: 717 1
117: 694 1
118: 717 1
119: 694 1
120: 717 1
121: 694 1
122: 717 1
123: 694 1
124: 717 1
125: 693 1
126: 0 1
127: 95 1
128: 0 1
129: 95 1
130: 0 1
131: 95 1
132: 0 1
133: 95 1
134: 717 1
135: 694 1
136: 717 1
137: 693 1
138: 717 1
139: 694 1
140: 717 1
141: 694 1
142: 717 1
143: 694 1
144: 718 1
145: 693 1
146: 717 1
147: 694 1
148: 717 1
149: 693 1
150: 718 1
151: 693 1
152: 0 1
153: 95 1
154: 0 1
155: 95 1
156: 0 1
157: 95 1
158: 0 1
159: 94 1
160: 0 1
161: 95 1
162: 0 1
163: 95 1
164: 0 1
165: 95 1
166: 0 1
167: 95 1
168: 0 1
169: 96 1
170: 0 1
171: 96 1
172: 0 1
173: 96 1
174: 0 1
175: 96 1
176: 0 1
177: 97 1
178: 717 1
179: 694 1
180: 718 1
181: 693 1
182: 717 1
183: 693 1
184: 717 1
185: 695 1
186: 0 1
187: 96 1
188: 0 1
189: 0 1
190: 95 1
191: 717 1
192: 695 1
193: 718 1
194: 694 1
195: 0 1
196: 95 1
197: 0 1
198: 95 1
199: 0 1
200: 95 1
201: 0 1
202: 96 1
203: 0 1
204: 95 1
205: 95 0
206: 0 0
207: 0 0
208: 0 0
209: 0 0
210: 0 0
211: 96 0
212: 95 0
213: 95 0
214: 95 0
215: 96 0
216: 0 0
217: 0 0
218: 0 0
219: 0 0
220: 0 0
221: 96 0
222: 97 0
223: 97 0
224: 96 0
225: 96 0
226: 0 0
227: 0 0
228: 0 0
229: 0 0
230: 0 0
231: 96 0
232: 96 0
233: 95 0
234: 96 0
235: 96 0
236: 718 0
237: 718 0
238: 718 0
239: 718 0
240: 718 0
241: 694 0
242: 695 0
243: 696 0
244: 696 0
245: 695 0
246: 0 0
247: 0 0
248: 0 0
249: 0 0
250: 0 0
251: 97 0
252: 96 0
253: 96 0
254: 96 0
255: 97 0
256: 0 0
257: 0 0
258: 0 0
259: 0 0
260: 0 0
261: 0 0
262: 97 0
263: 96 0
264: 96 0
265: 96 0
266: 96 0
267: 0 0
268: 0 0
269: 0 0
270: 0 0
271: 0 0
272: 97 0
273: 97 0
274: 96 0
275: 96 0
276: 96 0
277: 0 0
278: 0 0
279: 0 0
280: 0 0
281: 0 0
282: 97 0
283: 97 0
284: 96 0
285: 96 0
286: 95 0
287: 0 0
288: 0 0
289: 0 0
290: 0 0
291: 0 0
292: 98 0
293: 97 0
294: 97 0
295: 96 0
296: 95 0
297: 0 0
298: 0 0
299: 0 0
300: 0 0
301: 0 0
302: 0 0
303: 96 0
304: 97 0
305: 97 0
306: 97 0
307: 96 0
308: 95 1
309: 0 1
310: 97 1
311: 0 1
312: 96 1
313: 0 1
314: 97 1
315: 0 1
316: 97 1
317: 0 1
318: 0 1
319: 97 1
320: 0 1
321: 95 1
322: 0 1
323: 96 1
324: 0 1
325: 96 1
326: 0 1
327: 97 1
328: 719 1
329: 696 1
330: 718 1
331: 697 1
332: 719 1
333: 695 1
334: 0 1
335: 95 1
336: 0 1
337: 95 1
338: 718 1
339: 695 1
340: 718 1
341: 695 1
342: 718 1
343: 695 1
344: 720 1
345: 695 1
346: 0 1
347: 96 1
348: 0 1
349: 96 1
350: 0 1
351: 96 1
352: 0 1
353: 97 1
354: 0 1
355: 96 1
356: 0 1
357: 97 1
358: 0 1
359: 97 1
360: 718 1
361: 695 1
362: 718 1
363: 697 1
364: 719 1
365: 695 1
366: 719 1
367: 695 1
368: 719 1
369: 694 1
370: 716 1
371: 693 1
372: 717 1
373: 694 1
374: 717 1
375: 695 1
376: 717 1
377: 694 1
378: 0 1
379: 95 1
380: 0 1
381: 97 1
382: 718 1
383: 694 1
384: 718 1
385: 695 1
386: 718 1
387: 695 1
388: 719 1
389: 695 1
390: 717 1
391: 694 1
392: 717 1
393: 692 1
394: 717 1
395: 695 1
396: 717 1
397: 693 1
398: 718 1
399: 693 1
400: 0 1
401: 95 1
402: 0 1
403: 95 1
404: 0 1
405: 95 1
406: 0 1
407: 96 1
408: 95 1
409: 0 0
410: 0 0
411: 0 0
412: 0 0
413: 0 0
414: 97 0
415: 96 0
416: 95 0
417: 96 0
418: 96 0
419: 0 0
420: 0 0
421: 0 0
422: 0 0
423: 0 0
424: 97 0
425: 96 0
426: 95 0
427: 96 0
428: 95 0
429: 717 0
430: 717 0
431: 718 0
432: 717 0
433: 717 0
434: 695 0
435: 694 0
436: 694 0
437: 694 0
438: 694 0
439: 717 0
440: 718 0
441: 717 0
442: 717 0
443: 717 0
444: 693 0
445: 694 0
446: 694 0
447: 694 0
448: 694 0
449: 717 0
450: 717 0
451: 717 0
452: 717 0
453: 717 0
454: 693 0
455: 694 0
456: 694 0
457: 694 0
458: 694 0
459: 0 0
460: 0 0
461: 0 0
462: 0 0
463: 0 0
464: 95 0
465: 95 0
466: 96 0
467: 96 0
468: 95 0
469: 716 0
470: 717 0
471: 715 0
472: 716 0
473: 717 0
474: 693 0
475: 692 0
476: 694 0
477: 693 0
478: 693 0
479: 717 0
480: 716 0
481: 717 0
482: 716 0
483: 717 0
484: 693 0
485: 694 0
486: 693 0
487: 693 0
488: 694 0
489: 716 0
490: 716 0
491: 716 0
492: 717 0
493: 716 0
494: 692 0
495: 693 0
496: 692 0
497: 693 0
498: 692 0
499: 716 0
500: 715 0
501: 716 0
502: 715 0
503: 716 0
504: 693 0
505: 693 0
506: 693 0
507: 692 0
508: 694 0
509: 0 1
510: 95 1
511: 0 1
512: 96 1
513: 0 1
514: 97 1
515: 717 1
516: 693 1
517: 717 1
518: 693 1
519: 718 1
520: 693 1
521: 717 1
522: 694 1
523: 0 1
524: 95 1
525: 0 1
526: 95 1
527: 0 1
528: 95 1
529: 0 1
530: 96 1
531: 0 1
532: 95 1
533: 0 1
534: 95 1
535: 0 1
536: 95 1
537: 0 1
538: 95 1
539: 716 1
540: 695 1
541: 716 1
542: 694 1
543: 717 1
544: 694 1
545: 715 1
546: 693 1
547: 716 1
548: 693 1
549: 0 1
550: 95 1
551: 0 1
552: 96 1
553: 0 1
554: 95 1
555: 717 1
556: 692 1
557: 716 1
558: 693 1
559: 716 1
560: 693 1
561: 716 1
562: 694 1
563: 717 1
564: 695 1
565: 716 1
566: 694 1
567: 717 1
568: 695 1
569: 716 1
570: 695 1
571: 717 1
572: 693 1
573: 718 1
574: 692 1
575: 718 1
576: 694 1
577: 718 1
578: 694 1
579: 718 1
580: 693 1
581: 718 1
582: 695 1
583: 717 1
584: 693 1
585: 715 1
586: 693 1
587: 715 1
588: 693 1
589: 715 1
590: 693 1
591: 715 1
592: 693 1
593: 716 1
594: 693 1
595: 0 1
596: 95 1
597: 0 1
598: 95 1
599: 716 1
600: 693 1
601: 716 1
602: 693 1
603: 715 1
604: 693 1
605: 715 1
606: 693 1
607: 716 1
608: 693 1
609: 693 0
610: 717 0
611: 716 0
612: 716 0
613: 717 0
614: 715 0
615: 693 0
616: 692 0
617: 694 0
618: 692 0
619: 693 0
620: 717 0
621: 716 0
622: 716 0
623: 716 0
624: 717 0
625: 692 0
626: 693 0
627: 692 0
628: 693 0
629: 716 0
630: 717 0
631: 716 0
632: 716 0
633: 717 0
634: 692 0
635: 693 0
636: 692 0
637: 693 0
638: 692 0
639: 717 0
640: 716 0
641: 716 0
642: 716 0
643: 716 0
644: 693 0
645: 692 0
646: 693 0
647: 692 0
648: 693 0
649: 717 0
650: 717 0
651: 715 0
652: 718 0
653: 716 0
654: 693 0
655: 693 0
656: 692 0
657: 693 0
658: 693 0
659: 717 0
660: 715 0
661: 717 0
662: 715 0
663: 717 0
664: 692 0
665: 693 0
666: 693 0
667: 692 0
668: 693 0
669: 715 0
670: 716 0
671: 715 0
672: 716 0
673: 715 0
674: 692 0
675: 692 0
676: 693 0
677: 693 0
678: 693 0
679: 716 0
680: 715 0
681: 717 0
682: 715 0
683: 716 0
684: 692 0
685: 693 0
686: 693 0
687: 693 0
688: 693 0
689: 717 0
690: 717 0
691: 716 0
692: 717 0
693: 716 0
694: 693 0
695: 693 0
696: 693 0
697: 693 0
698: 693 0
699: 717 0
700: 717 0
701: 718 0
702: 719 0
703: 720 0
704: 696 0
705: 695 0
706: 694 0
707: 695 0
708: 695 0
709: 0 1
710: 95 1
711: 0 1
712: 96 1
713: 0 1
714: 95 1
715: 718 1
716: 695 1
717: 0 1
718: 95 1
719: 0 1
720: 95 1
721: 718 1
722: 694 1
723: 0 1
724: 95 1
725: 0 1
726: 96 1
727: 0 1
728: 95 1
729: 0 1
730: 95 1
731: 718 1
732: 695 1
733: 0 1
734: 95 1
735: 0 1
736: 96 1
737: 0 1
738: 0 1
739: 96 1
740: 0 1
741: 96 1
742: 718 1
743: 696 1
744: 718 1
745: 694 1
746: 719 1
747: 695 1
748: 718 1
749: 695 1
750: 718 1
751: 694 1
752: 719 1
753: 694 1
754: 694 1
755: 0 1
756: 0 1
757: 95 1
758: 0 1
759: 95 1
760: 718 1
761: 694 1
762: 718 1
763: 695 1
764: 719 1
765: 694 1
766: 718 1
767: 695 1
768: 718 1
769: 695 1
770: 719 1
771: 694 1
772: 718 1
773: 695 1
774: 97 1
775: 94 1
776: 719 1
777: 695 1
778: 0 1
779: 96 1
780: 0 1
781: 95 1
782: 0 1
783: 95 1
784: 0 1
785: 95 1
786: 0 1
787: 95 1
788: 718 1
789: 696 1
790: 718 1
791: 695 1
792: 0 1
793: 95 1
794: 0 1
795: 95 1
796: 0 1
797: 95 1
798: 0 1
799: 97 1
800: 0 1
801: 96 1
802: 0 1
803: 96 1
804: 718 1
805: 696 1
806: 718 1
807: 696 1
808: 719 1
809: 696 1
810: 718 0
811: 696 0
812: 695 0
813: 695 0
814: 696 0
815: 695 0
816: 718 0
817: 719 0
818: 718 0
819: 717 0
820: 718 0
821: 694 0
822: 694 0
823: 694 0
824: 694 0
825: 694 0
826: 718 0
827: 717 0
828: 718 0
829: 718 0
830: 718 0
831: 694 0
832: 695 0
833: 694 0
834: 695 0
835: 694 0
836: 718 0
837: 718 0
838: 717 0
839: 718 0
840: 718 0
841: 694 0
842: 694 0
843: 696 0
844: 694 0
845: 695 0
846: 718 0
847: 718 0
848: 718 0
849: 718 0
850: 718 0
851: 694 0
852: 694 0
853: 695 0
854: 694 0
855: 694 0
856: 718 0
857: 718 0
858: 718 0
859: 718 0
860: 718 0
861: 694 0
862: 694 0
863: 695 0
864: 695 0
865: 695 0
866: 718 0
867: 718 0
868: 718 0
869: 718 0
870: 718 0
871: 694 0
872: 695 0
873: 695 0
874: 695 0
875: 696 0
876: 718 0
877: 718 0
878: 718 0
879: 717 0
880: 717 0
881: 694 0
882: 694 0
883: 695 0
884: 695 0
885: 694 0
886: 718 0
887: 718 0
888: 718 0
889: 717 0
890: 718 0
891: 694 0
892: 694 0
893: 694 0
894: 695 0
895: 694 0
896: 718 0
897: 718 0
898: 718 0
899: 718 0
900: 718 0
901: 695 0
902: 694 0
903: 694 0
904: 696 0
905: 694 0
906: 694 0
907: 696 0
908: 694 0
909: 694 1
910: 0 1
911: 95 1
912: 0 1
913: 95 1
914: 0 1
915: 95 1
916: 0 1
917: 95 1
918: 718 1
919: 694 1
920: 718 1
921: 695 1
922: 718 1
923: 695 1
924: 718 1
925: 695 1
926: 718 1
927: 695 1
928: 718 1
929: 695 1
930: 718 1
931: 694 1
932: 718 1
933: 695 1
934: 718 1
935: 695 1
936: 718 1
937: 695 1
938: 718 1
939: 694 1
940: 719 1
941: 695 1
942: 718 1
943: 696 1
944: 0 1
945: 96 1
946: 719 1
947: 695 1
948: 718 1
949: 696 1
950: 718 1
951: 695 1
952: 0 1
953: 95 1
954: 0 1
955: 95 1
956: 718 1
957: 695 1
958: 718 1
959: 695 1
960: 718 1
961: 696 1
962: 0 1
963: 96 1
964: 0 1
965: 96 1
966: 0 1
967: 95 1
968: 718 1
969: 694 1
970: 718 1
971: 694 1
972: 0 1
973: 97 1
974: 0 1
975: 96 1
976: 0 1
977: 95 1
978: 0 1
979: 96 1
980: 0 1
981: 96 1
982: 0 1
983: 95 1
984: 0 1
985: 95 1
986: 0 1
987: 96 1
988: 717 1
989: 694 1
990: 0 1
991: 96 1
992: 716 1
993: 694 1
994: 717 1
995: 694 1
996: 0 1
997: 95 1
998: 0 1
999: 94 1
1000: 0 1
