1: 691 0
2: 713 0
3: 713 0
4: 712 0
5: 712 0
6: 712 0
7: 691 0
8: 690 0
9: 690 0
10: 690 0
11: 690 0
12: 0 0
13: 0 0
14: 0 0
15: 0 0
16: 0 0
17: 96 0
18: 96 0
19: 96 0
20: 96 0
21: 96 0
22: 0 0
23: 0 0
24: 0 0
25: 0 0
26: 0 0
27: 0 0
28: 96 0
29: 96 0
30: 96 0
31: 97 0
32: 96 0
33: 0 0
34: 0 0
35: 0 0
36: 0 0
37: 0 0
38: 97 0
39: 97 0
40: 96 0
41: 96 0
42: 96 0
43: 0 0
44: 0 0
45: 0 0
46: 0 0
47: 0 0
48: 99 0
49: 98 0
50: 96 0
51: 97 0
52: 97 0
53: 96 0
54: 0 0
55: 0 0
56: 0 0
57: 0 0
58: 0 0
59: 97 0
60: 96 0
61: 97 0
62: 96 0
63: 96 0
64: 0 0
65: 0 0
66: 0 0
67: 0 0
68: 0 0
69: 97 0
70: 96 0
71: 96 0
72: 96 0
73: 96 0
74: 96 0
75: 0 0
76: 0 0
77: 0 0
78: 0 0
79: 0 0
80: 96 0
81: 96 0
82: 96 0
83: 96 0
84: 96 0
85: 0 0
86: 0 0
87: 0 0
88: 0 0
89: 0 0
90: 97 0
91: 96 0
92: 96 0
93: 96 0
94: 96 0
95: 0 0
96: 0 0
97: 0 0
98: 0 0
99: 0 0
100: 0 0
101: 97 0
102: 97 0
103: 96 0
104: 97 0
105: 96 0
106: 692 1
107: 714 1
108: 691 1
109: 0 1
110: 96 1
111: 713 1
112: 691 1
113: 0 1
114: 97 1
115: 0 1
116: 97 1
117: 96 1
118: 0 1
119: 96 1
120: 0 1
121: 96 1
122: 0 1
123: 97 1
124: 0 1
125: 97 1
126: 0 1
127: 97 1
128: 0 1
129: 97 1
130: 0 1
131: 96 1
132: 0 1
133: 97 1
134: 0 1
135: 96 1
136: 0 1
137: 96 1
138: 713 1
139: 691 1
140: 714 1
141: 692 1
142: 714 1
143: 691 1
144: 713 1
145: 692 1
146: 713 1
147: 691 1
148: 713 1
149: 691 1
150: 713 1
151: 692 1
152: 713 1
153: 691 1
154: 714 1
155: 691 1
156: 713 1
157: 692 1
158: 713 1
159: 691 1
160: 713 1
161: 691 1
162: 713 1
163: 691 1
164: 0 1
165: 96 1
166: 0 1
167: 96 1
168: 0 1
169: 97 1
170: 0 1
171: 97 1
172: 0 1
173: 97 1
174: 0 1
175: 97 1
176: 0 1
177: 97 1
178: 0 1
179: 97 1
180: 713 1
181: 692 1
182: 714 1
183: 691 1
184: 713 1
185: 692 1
186: 713 1
187: 691 1
188: 714 1
189: 691 1
190: 713 1
191: 692 1
192: 713 1
193: 691 1
194: 714 1
195: 691 1
196: 713 1
197: 692 1
198: 713 1
199: 691 1
200: 714 1
201: 691 1
202: 713 1
203: 691 1
204: 713 1
205: 692 1
206: 692 1
207: 712 0
208: 712 0
209: 714 0
210: 713 0
211: 713 0
212: 692 0
213: 691 0
214: 692 0
215: 691 0
216: 691 0
217: 0 0
218: 0 0
219: 0 0
220: 0 0
221: 0 0
222: 97 0
223: 96 0
224: 96 0
225: 96 0
226: 96 0
227: 0 0
228: 0 0
229: 0 0
230: 0 0
231: 0 0
232: 97 0
233: 96 0
234: 97 0
235: 96 0
236: 97 0
237: 0 0
238: 0 0
239: 0 0
240: 0 0
241: 0 0
242: 97 0
243: 97 0
244: 96 0
245: 97 0
246: 95 0
247: 0 0
248: 0 0
249: 0 0
250: 0 0
251: 0 0
252: 0 0
253: 97 0
254: 97 0
255: 96 0
256: 96 0
257: 96 0
258: 0 0
259: 0 0
260: 0 0
261: 0 0
262: 0 0
263: 97 0
264: 96 0
265: 95 0
266: 95 0
267: 95 0
268: 714 0
269: 713 0
270: 713 0
271: 714 0
272: 713 0
273: 691 0
274: 692 0
275: 691 0
276: 691 0
277: 692 0
278: 713 0
279: 713 0
280: 714 0
281: 713 0
282: 713 0
283: 692 0
284: 691 0
285: 692 0
286: 691 0
287: 691 0
288: 715 0
289: 713 0
290: 713 0
291: 713 0
292: 713 0
293: 691 0
294: 692 0
295: 691 0
296: 691 0
297: 692 0
298: 713 0
299: 713 0
300: 714 0
301: 713 0
302: 713 0
303: 692 0
304: 691 0
305: 691 0
306: 692 0
307: 691 0
308: 691 1
309: 714 1
310: 691 1
311: 713 1
312: 691 1
313: 713 1
314: 691 1
315: 714 1
316: 691 1
317: 714 1
318: 691 1
319: 713 1
320: 692 1
321: 713 1
322: 691 1
323: 714 1
324: 691 1
325: 713 1
326: 692 1
327: 713 1
328: 691 1
329: 0 1
330: 95 1
331: 0 1
332: 96 1
333: 0 1
334: 96 1
335: 0 1
336: 96 1
337: 0 1
338: 96 1
339: 714 1
340: 691 1
341: 713 1
342: 691 1
343: 713 1
344: 691 1
345: 714 1
346: 691 1
347: 713 1
348: 692 1
349: 713 1
350: 691 1
351: 714 1
352: 691 1
353: 713 1
354: 691 1
355: 713 1
356: 691 1
357: 714 1
358: 690 1
359: 713 1
360: 691 1
361: 713 1
362: 691 1
363: 713 1
364: 690 1
365: 714 1
366: 690 1
367: 713 1
368: 691 1
369: 714 1
370: 690 1
371: 714 1
372: 690 1
373: 713 1
374: 691 1
375: 713 1
376: 691 1
377: 714 1
378: 690 1
379: 713 1
380: 691 1
381: 713 1
382: 691 1
383: 0 1
384: 96 1
385: 0 1
386: 96 1
387: 0 1
388: 95 1
389: 0 1
390: 95 1
391: 0 1
392: 95 1
393: 0 1
394: 96 1
395: 713 1
396: 692 1
397: 713 1
398: 691 1
399: 714 1
400: 691 1
401: 0 1
402: 96 1
403: 0 1
404: 96 1
405: 0 1
406: 96 1
407: 96 1
408: 0 0
409: 0 0
410: 0 0
411: 0 0
412: 0 0
413: 96 0
414: 96 0
415: 95 0
416: 95 0
417: 95 0
418: 0 0
419: 0 0
420: 0 0
421: 0 0
422: 0 0
423: 0 0
424: 95 0
425: 96 0
426: 96 0
427: 97 0
428: 97 0
429: 0 0
430: 0 0
431: 0 0
432: 0 0
433: 0 0
434: 96 0
435: 97 0
436: 97 0
437: 96 0
438: 96 0
439: 714 0
440: 714 0
441: 714 0
442: 714 0
443: 714 0
444: 691 0
445: 692 0
446: 692 0
447: 691 0
448: 692 0
449: 714 0
450: 714 0
451: 714 0
452: 715 0
453: 714 0
454: 692 0
455: 692 0
456: 692 0
457: 692 0
458: 691 0
459: 715 0
460: 714 0
461: 714 0
462: 714 0
463: 714 0
464: 692 0
465: 693 0
466: 692 0
467: 691 0
468: 693 0
469: 714 0
470: 714 0
471: 714 0
472: 714 0
473: 714 0
474: 692 0
475: 692 0
476: 692 0
477: 693 0
478: 692 0
479: 714 0
480: 714 0
481: 714 0
482: 714 0
483: 691 0
484: 692 0
485: 693 0
486: 692 0
487: 692 0
488: 715 0
489: 714 0
490: 714 0
491: 715 0
492: 714 0
493: 692 0
494: 693 0
495: 692 0
496: 692 0
497: 693 0
498: 0 0
499: 0 0
500: 0 0
501: 0 0
502: 0 0
503: 0 0
504: 97 0
505: 96 0
506: 96 0
507: 97 0
508: 97 0
509: 95 1
510: 0 1
511: 96 1
512: 0 1
513: 97 1
514: 0 1
515: 96 1
516: 0 1
517: 97 1
518: 0 1
519: 96 1
520: 0 1
521: 97 1
522: 0 1
523: 98 1
524: 97 1
525: 0 1
526: 97 1
527: 0 1
528: 97 1
529: 0 1
530: 97 1
531: 714 1
532: 693 1
533: 714 1
534: 692 1
535: 0 1
536: 96 1
537: 715 1
538: 693 1
539: 714 1
540: 693 1
541: 714 1
542: 693 1
543: 715 1
544: 693 1
545: 0 1
546: 96 1
547: 0 1
548: 95 1
549: 0 1
550: 96 1
551: 0 1
552: 97 1
553: 0 1
554: 96 1
555: 0 1
556: 96 1
557: 0 1
558: 96 1
559: 0 1
560: 97 1
561: 0 1
562: 97 1
563: 0 1
564: 96 1
565: 0 1
566: 96 1
567: 0 1
568: 97 1
569: 0 1
570: 97 1
571: 714 1
572: 693 1
573: 714 1
574: 692 1
575: 0 1
576: 96 1
577: 0 1
578: 96 1
579: 714 1
580: 692 1
581: 714 1
582: 693 1
583: 714 1
584: 692 1
585: 714 1
586: 692 1
587: 714 1
588: 692 1
589: 714 1
590: 693 1
591: 714 1
592: 692 1
593: 715 1
594: 692 1
595: 714 1
596: 693 1
597: 714 1
598: 692 1
599: 715 1
600: 692 1
601: 0 1
602: 95 1
603: 0 1
604: 95 1
605: 0 1
606: 96 1
607: 0 1
608: 95 1
609: 95 1
610: 0 0
611: 0 0
612: 0 0
613: 0 0
614: 0 0
615: 97 0
616: 96 0
617: 96 0
618: 96 0
619: 97 0
620: 714 0
621: 714 0
622: 715 0
623: 714 0
624: 714 0
625: 692 0
626: 692 0
627: 692 0
628: 692 0
629: 691 0
630: 714 0
631: 714 0
632: 714 0
633: 714 0
634: 714 0
635: 691 0
636: 692 0
637: 691 0
638: 691 0
639: 691 0
640: 714 0
641: 714 0
642: 714 0
643: 714 0
644: 714 0
645: 692 0
646: 692 0
647: 692 0
648: 693 0
649: 692 0
650: 714 0
651: 715 0
652: 714 0
653: 714 0
654: 714 0
655: 691 0
656: 691 0
657: 692 0
658: 692 0
659: 691 0
660: 714 0
661: 714 0
662: 714 0
663: 714 0
664: 714 0
665: 692 0
666: 691 0
667: 691 0
668: 691 0
669: 693 0
670: 714 0
671: 714 0
672: 714 0
673: 714 0
674: 715 0
675: 691 0
676: 692 0
677: 693 0
678: 691 0
679: 692 0
680: 715 0
681: 714 0
682: 714 0
683: 715 0
684: 714 0
685: 691 0
686: 692 0
687: 692 0
688: 692 0
689: 692 0
690: 714 0
691: 714 0
692: 714 0
693: 714 0
694: 713 0
695: 692 0
696: 692 0
697: 692 0
698: 692 0
699: 693 0
700: 715 0
701: 715 0
702: 715 0
703: 715 0
704: 715 0
705: 692 0
706: 694 0
707: 693 0
708: 693 0
709: 694 0
710: 693 1
711: 0 1
712: 96 1
713: 0 1
714: 97 1
715: 0 1
716: 97 1
717: 715 1
718: 692 1
719: 715 1
720: 693 1
721: 715 1
722: 693 1
723: 715 1
724: 693 1
725: 0 1
726: 96 1
727: 0 1
728: 96 1
729: 715 1
730: 693 1
731: 716 1
732: 693 1
733: 715 1
734: 694 1
735: 715 1
736: 693 1
737: 715 1
738: 693 1
739: 715 1
740: 693 1
741: 715 1
742: 693 1
743: 715 1
744: 693 1
745: 715 1
746: 692 1
747: 715 1
748: 693 1
749: 715 1
750: 693 1
751: 716 1
752: 692 1
753: 715 1
754: 694 1
755: 715 1
756: 692 1
757: 716 1
758: 692 1
759: 715 1
760: 693 1
761: 715 1
762: 692 1
763: 716 1
764: 692 1
765: 715 1
766: 693 1
767: 0 1
768: 96 1
769: 0 1
770: 96 1
771: 0 1
772: 95 1
773: 0 1
774: 97 1
775: 0 1
776: 97 1
777: 0 1
778: 96 1
779: 0 1
780: 97 1
781: 0 1
782: 97 1
783: 0 1
784: 0 1
785: 96 1
786: 0 1
787: 96 1
788: 0 1
789: 97 1
790: 0 1
791: 97 1
792: 0 1
793: 96 1
794: 0 1
795: 97 1
796: 0 1
797: 97 1
798: 715 1
799: 694 1
800: 0 1
801: 96 1
802: 0 1
803: 96 1
804: 0 1
805: 96 1
806: 0 1
807: 96 1
808: 0 1
809: 97 1
810: 95 1
811: 715 0
812: 716 0
813: 715 0
814: 715 0
815: 716 0
816: 693 0
817: 693 0
818: 694 0
819: 693 0
820: 693 0
821: 716 0
822: 715 0
823: 715 0
824: 716 0
825: 715 0
826: 693 0
827: 693 0
828: 693 0
829: 693 0
830: 693 0
831: 715 0
832: 715 0
833: 715 0
834: 715 0
835: 715 0
836: 694 0
837: 693 0
838: 694 0
839: 693 0
840: 692 0
841: 715 0
842: 715 0
843: 715 0
844: 716 0
845: 715 0
846: 693 0
847: 694 0
848: 693 0
849: 694 0
850: 694 0
851: 716 0
852: 715 0
853: 717 0
854: 716 0
855: 715 0
856: 694 0
857: 693 0
858: 693 0
859: 694 0
860: 715 0
861: 715 0
862: 715 0
863: 715 0
864: 715 0
865: 692 0
866: 693 0
867: 693 0
868: 694 0
869: 692 0
870: 715 0
871: 715 0
872: 715 0
873: 715 0
874: 715 0
875: 692 0
876: 693 0
877: 692 0
878: 693 0
879: 694 0
880: 715 0
881: 715 0
882: 716 0
883: 715 0
884: 715 0
885: 693 0
886: 693 0
887: 693 0
888: 693 0
889: 693 0
890: 715 0
891: 716 0
892: 716 0
893: 715 0
894: 715 0
895: 693 0
896: 693 0
897: 693 0
898: 693 0
899: 692 0
900: 715 0
901: 715 0
902: 715 0
903: 715 0
904: 715 0
905: 692 0
906: 692 0
907: 693 0
908: 694 0
909: 693 0
910: 715 1
911: 694 1
912: 715 1
913: 693 1
914: 716 1
915: 693 1
916: 715 1
917: 694 1
918: 0 1
919: 96 1
920: 0 1
921: 97 1
922: 0 1
923: 95 1
924: 0 1
925: 97 1
926: 0 1
927: 97 1
928: 0 1
929: 97 1
930: 0 1
931: 98 1
932: 97 1
933: 0 1
934: 96 1
935: 0 1
936: 96 1
937: 0 1
938: 96 1
939: 0 1
940: 97 1
941: 0 1
942: 96 1
943: 715 1
944: 693 1
945: 716 1
946: 693 1
947: 0 1
948: 95 1
949: 715 1
950: 693 1
951: 716 1
952: 693 1
953: 715 1
954: 693 1
955: 716 1
956: 694 1
957: 716 1
958: 693 1
959: 716 1
960: 694 1
961: 717 1
962: 694 1
963: 716 1
964: 695 1
965: 716 1
966: 693 1
967: 717 1
968: 694 1
969: 716 1
970: 693 1
971: 715 1
972: 692 1
973: 0 1
974: 95 1
975: 0 1
976: 95 1
977: 0 1
978: 96 1
979: 0 1
980: 96 1
981: 0 1
982: 95 1
983: 0 1
984: 97 1
985: 0 1
986: 97 1
987: 0 1
988: 96 1
989: 715 1
990: 692 1
991: 715 1
992: 692 1
993: 715 1
994: 693 1
995: 715 1
996: 692 1
997: 715 1
998: 693 1
999: 715 1
1000: 693 1
