1: 689 0
2: 715 0
3: 714 0
4: 714 0
5: 716 0
6: 714 0
7: 688 0
8: 689 0
9: 689 0
10: 689 0
11: 689 0
12: 714 0
13: 715 0
14: 715 0
15: 714 0
16: 714 0
17: 689 0
18: 688 0
19: 689 0
20: 689 0
21: 689 0
22: 714 0
23: 714 0
24: 714 0
25: 715 0
26: 714 0
27: 688 0
28: 688 0
29: 690 0
30: 689 0
31: 689 0
32: 714 0
33: 714 0
34: 714 0
35: 714 0
36: 714 0
37: 688 0
38: 688 0
39: 688 0
40: 689 0
41: 689 0
42: 0 0
43: 0 0
44: 0 0
45: 0 0
46: 0 0
47: 0 0
48: 97 0
49: 97 0
50: 96 0
51: 97 0
52: 96 0
53: 0 0
54: 0 0
55: 0 0
56: 0 0
57: 0 0
58: 97 0
59: 95 0
60: 96 0
61: 96 0
62: 96 0
63: 0 0
64: 0 0
65: 0 0
66: 0 0
67: 0 0
68: 0 0
69: 96 0
70: 97 0
71: 97 0
72: 97 0
73: 96 0
74: 0 0
75: 0 0
76: 0 0
77: 0 0
78: 0 0
79: 98 0
80: 97 0
81: 96 0
82: 97 0
83: 97 0
84: 0 0
85: 0 0
86: 0 0
87: 0 0
88: 0 0
89: 0 0
90: 97 0
91: 97 0
92: 97 0
93: 97 0
94: 97 0
95: 0 0
96: 0 0
97: 0 0
98: 0 0
99: 0 0
100: 97 0
101: 97 0
102: 98 0
103: 97 0
104: 96 0
105: 715 1
106: 689 1
107: 714 1
108: 689 1
109: 714 1
110: 689 1
111: 0 1
112: 95 1
113: 714 1
114: 688 1
115: 714 1
116: 688 1
117: 714 1
118: 689 1
119: 714 1
120: 690 1
121: 714 1
122: 689 1
123: 715 1
124: 689 1
125: 714 1
126: 689 1
127: 714 1
128: 689 1
129: 714 1
130: 689 1
131: 688 1
132: 0 1
133: 0 1
134: 95 1
135: 0 1
136: 96 1
137: 0 1
138: 97 1
139: 0 1
140: 97 1
141: 714 1
142: 689 1
143: 714 1
144: 689 1
145: 714 1
146: 688 1
147: 714 1
148: 688 1
149: 714 1
150: 689 1
151: 714 1
152: 688 1
153: 714 1
154: 688 1
155: 714 1
156: 688 1
157: 714 1
158: 688 1
159: 714 1
160: 688 1
161: 0 1
162: 96 1
163: 714 1
164: 689 1
165: 714 1
166: 689 1
167: 714 1
168: 689 1
169: 714 1
170: 688 1
171: 715 1
172: 689 1
173: 688 1
174: 715 1
175: 688 1
176: 714 1
177: 689 1
178: 714 1
179: 688 1
180: 715 1
181: 688 1
182: 715 1
183: 688 1
184: 715 1
185: 688 1
186: 715 1
187: 688 1
188: 715 1
189: 687 1
190: 0 1
191: 97 1
192: 0 1
193: 97 1
194: 0 1
195: 98 1
196: 0 1
197: 0 1
198: 97 1
199: 0 1
200: 97 1
201: 714 1
202: 688 1
203: 714 1
204: 688 1
205: 712 0
206: 712 0
207: 712 0
208: 714 0
209: 713 0
210: 687 0
211: 688 0
212: 688 0
213: 688 0
214: 687 0
215: 713 0
216: 713 0
217: 713 0
218: 713 0
219: 713 0
220: 687 0
221: 687 0
222: 688 0
223: 687 0
224: 687 0
225: 714 0
226: 713 0
227: 713 0
228: 714 0
229: 713 0
230: 687 0
231: 687 0
232: 687 0
233: 687 0
234: 687 0
235: 713 0
236: 713 0
237: 713 0
238: 713 0
239: 713 0
240: 687 0
241: 686 0
242: 687 0
243: 687 0
244: 687 0
245: 713 0
246: 713 0
247: 714 0
248: 713 0
249: 713 0
250: 687 0
251: 687 0
252: 687 0
253: 687 0
254: 688 0
255: 713 0
256: 713 0
257: 714 0
258: 713 0
259: 713 0
260: 687 0
261: 687 0
262: 688 0
263: 687 0
264: 687 0
265: 713 0
266: 713 0
267: 713 0
268: 713 0
269: 713 0
270: 687 0
271: 687 0
272: 687 0
273: 687 0
274: 687 0
275: 713 0
276: 713 0
277: 713 0
278: 713 0
279: 713 0
280: 687 0
281: 687 0
282: 687 0
283: 687 0
284: 687 0
285: 713 0
286: 714 0
287: 713 0
288: 713 0
289: 714 0
290: 687 0
291: 687 0
292: 687 0
293: 687 0
294: 687 0
295: 713 0
296: 713 0
297: 713 0
298: 713 0
299: 713 0
300: 687 0
301: 687 0
302: 688 0
303: 687 0
304: 688 0
305: 95 1
306: 0 1
307: 96 1
308: 713 1
309: 688 1
310: 713 1
311: 687 1
312: 713 1
313: 688 1
314: 713 1
315: 688 1
316: 713 1
317: 687 1
318: 713 1
319: 687 1
320: 713 1
321: 687 1
322: 713 1
323: 687 1
324: 713 1
325: 687 1
326: 713 1
327: 688 1
328: 714 1
329: 689 1
330: 714 1
331: 688 1
332: 713 1
333: 688 1
334: 713 1
335: 688 1
336: 714 1
337: 687 1
338: 713 1
339: 688 1
340: 713 1
341: 687 1
342: 713 1
343: 687 1
344: 713 1
345: 687 1
346: 713 1
347: 687 1
348: 713 1
349: 687 1
350: 713 1
351: 687 1
352: 713 1
353: 688 1
354: 713 1
355: 687 1
356: 713 1
357: 687 1
358: 713 1
359: 687 1
360: 713 1
361: 687 1
362: 714 1
363: 687 1
364: 713 1
365: 688 1
366: 0 1
367: 95 1
368: 713 1
369: 687 1
370: 713 1
371: 688 1
372: 713 1
373: 687 1
374: 714 1
375: 687 1
376: 713 1
377: 688 1
378: 0 1
379: 97 1
380: 0 1
381: 97 1
382: 713 1
383: 688 1
384: 713 1
385: 688 1
386: 713 1
387: 688 1
388: 713 1
389: 689 1
390: 0 1
391: 96 1
392: 713 1
393: 688 1
394: 713 1
395: 688 1
396: 0 1
397: 97 1
398: 0 1
399: 95 1
400: 0 1
401: 97 1
402: 713 1
403: 688 1
404: 688 1
405: 713 0
406: 713 0
407: 713 0
408: 713 0
409: 713 0
410: 689 0
411: 687 0
412: 687 0
413: 687 0
414: 688 0
415: 713 0
416: 713 0
417: 713 0
418: 713 0
419: 713 0
420: 687 0
421: 687 0
422: 688 0
423: 688 0
424: 687 0
425: 714 0
426: 713 0
427: 713 0
428: 714 0
429: 713 0
430: 687 0
431: 688 0
432: 687 0
433: 687 0
434: 713 0
435: 713 0
436: 713 0
437: 713 0
438: 713 0
439: 687 0
440: 688 0
441: 687 0
442: 688 0
443: 688 0
444: 713 0
445: 713 0
446: 713 0
447: 713 0
448: 713 0
449: 687 0
450: 687 0
451: 687 0
452: 687 0
453: 687 0
454: 713 0
455: 713 0
456: 713 0
457: 714 0
458: 713 0
459: 687 0
460: 688 0
461: 687 0
462: 687 0
463: 688 0
464: 0 0
465: 0 0
466: 0 0
467: 0 0
468: 0 0
469: 97 0
470: 97 0
471: 96 0
472: 96 0
473: 97 0
474: 0 0
475: 0 0
476: 0 0
477: 0 0
478: 0 0
479: 0 0
480: 97 0
481: 97 0
482: 96 0
483: 97 0
484: 97 0
485: 0 0
486: 0 0
487: 0 0
488: 0 0
489: 0 0
490: 97 0
491: 96 0
492: 96 0
493: 96 0
494: 96 0
495: 713 0
496: 713 0
497: 713 0
498: 713 0
499: 713 0
500: 687 0
501: 687 0
502: 689 0
503: 688 0
504: 687 0
505: 97 1
506: 0 1
507: 0 1
508: 96 1
509: 0 1
510: 97 1
511: 0 1
512: 97 1
513: 0 1
514: 97 1
515: 0 1
516: 96 1
517: 0 1
518: 96 1
519: 0 1
520: 97 1
521: 0 1
522: 97 1
523: 0 1
524: 96 1
525: 0 1
526: 96 1
527: 0 1
528: 97 1
529: 0 1
530: 96 1
531: 0 1
532: 97 1
533: 0 1
534: 98 1
535: 0 1
536: 96 1
537: 0 1
538: 97 1
539: 713 1
540: 688 1
541: 713 1
542: 688 1
543: 713 1
544: 687 1
545: 713 1
546: 687 1
547: 713 1
548: 687 1
549: 713 1
550: 687 1
551: 713 1
552: 687 1
553: 713 1
554: 687 1
555: 713 1
556: 687 1
557: 713 1
558: 687 1
559: 714 1
560: 687 1
561: 713 1
562: 688 1
563: 713 1
564: 688 1
565: 0 1
566: 95 1
567: 0 1
568: 95 1
569: 0 1
570: 97 1
571: 0 1
572: 96 1
573: 713 1
574: 688 1
575: 714 1
576: 687 1
577: 0 1
578: 97 1
579: 0 1
580: 96 1
581: 714 1
582: 688 1
583: 713 1
584: 688 1
585: 713 1
586: 688 1
587: 0 1
588: 96 1
589: 0 1
590: 97 1
591: 0 1
592: 97 1
593: 0 1
594: 96 1
595: 0 1
596: 97 1
597: 0 1
598: 0 1
599: 97 1
600: 0 1
601: 95 1
602: 0 1
603: 97 1
604: 0 1
605: 96 1
606: 97 0
607: 0 0
608: 0 0
609: 0 0
610: 0 0
611: 0 0
612: 97 0
613: 96 0
614: 97 0
615: 96 0
616: 97 0
617: 0 0
618: 0 0
619: 0 0
620: 0 0
621: 0 0
622: 98 0
623: 98 0
624: 97 0
625: 97 0
626: 97 0
627: 0 0
628: 0 0
629: 0 0
630: 0 0
631: 0 0
632: 97 0
633: 97 0
634: 97 0
635: 96 0
636: 97 0
637: 0 0
638: 0 0
639: 0 0
640: 0 0
641: 0 0
642: 97 0
643: 97 0
644: 96 0
645: 96 0
646: 97 0
647: 0 0
648: 0 0
649: 0 0
650: 0 0
651: 0 0
652: 0 0
653: 97 0
654: 97 0
655: 96 0
656: 96 0
657: 97 0
658: 0 0
659: 0 0
660: 0 0
661: 0 0
662: 0 0
663: 97 0
664: 97 0
665: 97 0
666: 96 0
667: 97 0
668: 0 0
669: 0 0
670: 0 0
671: 0 0
672: 0 0
673: 97 0
674: 97 0
675: 98 0
676: 97 0
677: 97 0
678: 0 0
679: 0 0
680: 0 0
681: 0 0
682: 0 0
683: 98 0
684: 97 0
685: 97 0
686: 97 0
687: 97 0
688: 0 0
689: 0 0
690: 0 0
691: 0 0
692: 0 0
693: 0 0
694: 97 0
695: 97 0
696: 97 0
697: 97 0
698: 96 0
699: 713 0
700: 713 0
701: 713 0
702: 713 0
703: 713 0
704: 688 0
705: 688 0
706: 688 0
707: 689 0
708: 688 0
709: 96 1
710: 0 1
711: 96 1
712: 713 1
713: 688 1
714: 713 1
715: 687 1
716: 714 1
717: 687 1
718: 713 1
719: 688 1
720: 713 1
721: 687 1
722: 714 1
723: 687 1
724: 713 1
725: 687 1
726: 713 1
727: 688 1
728: 713 1
729: 687 1
730: 713 1
731: 688 1
732: 713 1
733: 688 1
734: 713 1
735: 687 1
736: 0 1
737: 96 1
738: 0 1
739: 96 1
740: 0 1
741: 96 1
742: 0 1
743: 97 1
744: 713 1
745: 688 1
746: 713 1
747: 687 1
748: 713 1
749: 687 1
750: 713 1
751: 688 1
752: 714 1
753: 687 1
754: 713 1
755: 688 1
756: 713 1
757: 688 1
758: 714 1
759: 687 1
760: 713 1
761: 687 1
762: 713 1
763: 687 1
764: 713 1
765: 688 1
766: 713 1
767: 688 1
768: 713 1
769: 687 1
770: 0 1
771: 97 1
772: 0 1
773: 97 1
774: 0 1
775: 97 1
776: 713 1
777: 688 1
778: 713 1
779: 689 1
780: 713 1
781: 687 1
782: 714 1
783: 688 1
784: 713 1
785: 688 1
786: 713 1
787: 688 1
788: 713 1
789: 688 1
790: 0 1
791: 96 1
792: 0 1
793: 97 1
794: 0 1
795: 96 1
796: 0 1
797: 96 1
798: 0 1
799: 97 1
800: 0 1
801: 98 1
802: 0 1
803: 97 1
804: 0 1
805: 97 1
806: 0 1
807: 98 1
808: 96 1
809: 0 0
810: 0 0
811: 0 0
812: 0 0
813: 0 0
814: 0 0
815: 98 0
816: 97 0
817: 96 0
818: 97 0
819: 97 0
820: 713 0
821: 714 0
822: 713 0
823: 713 0
824: 715 0
825: 687 0
826: 687 0
827: 688 0
828: 688 0
829: 687 0
830: 713 0
831: 713 0
832: 713 0
833: 713 0
834: 713 0
835: 688 0
836: 688 0
837: 688 0
838: 687 0
839: 713 0
840: 713 0
841: 713 0
842: 713 0
843: 713 0
844: 687 0
845: 688 0
846: 688 0
847: 688 0
848: 687 0
849: 0 0
850: 0 0
851: 0 0
852: 0 0
853: 0 0
854: 0 0
855: 97 0
856: 96 0
857: 95 0
858: 97 0
859: 96 0
860: 0 0
861: 0 0
862: 0 0
863: 0 0
864: 0 0
865: 96 0
866: 96 0
867: 96 0
868: 96 0
869: 95 0
870: 0 0
871: 0 0
872: 0 0
873: 0 0
874: 0 0
875: 97 0
876: 97 0
877: 96 0
878: 96 0
879: 96 0
880: 0 0
881: 0 0
882: 0 0
883: 0 0
884: 0 0
885: 97 0
886: 97 0
887: 97 0
888: 97 0
889: 97 0
890: 713 0
891: 713 0
892: 713 0
893: 713 0
894: 713 0
895: 687 0
896: 687 0
897: 688 0
898: 687 0
899: 688 0
900: 0 0
901: 0 0
902: 0 0
903: 0 0
904: 0 0
905: 96 0
906: 95 0
907: 96 0
908: 97 0
909: 96 0
910: 95 0
911: 95 1
912: 0 1
913: 96 1
914: 714 1
915: 689 1
916: 714 1
917: 689 1
918: 714 1
919: 689 1
920: 715 1
921: 689 1
922: 714 1
923: 689 1
924: 714 1
925: 689 1
926: 714 1
927: 689 1
928: 714 1
929: 689 1
930: 714 1
931: 689 1
932: 714 1
933: 688 1
934: 0 1
935: 96 1
936: 0 1
937: 97 1
938: 0 1
939: 97 1
940: 0 1
941: 97 1
942: 0 1
943: 97 1
944: 0 1
945: 97 1
946: 0 1
947: 97 1
948: 0 1
949: 98 1
950: 0 1
951: 97 1
952: 0 1
953: 98 1
954: 0 1
955: 98 1
956: 0 1
957: 0 1
958: 97 1
959: 0 1
960: 97 1
961: 714 1
962: 689 1
963: 0 1
964: 96 1
965: 0 1
966: 97 1
967: 0 1
968: 97 1
969: 0 1
970: 98 1
971: 0 1
972: 97 1
973: 0 1
974: 97 1
975: 0 1
976: 97 1
977: 714 1
978: 688 1
979: 714 1
980: 689 1
981: 714 1
982: 689 1
983: 714 1
984: 689 1
985: 714 1
986: 689 1
987: 714 1
988: 689 1
989: 714 1
990: 688 1
991: 714 1
992: 688 1
993: 714 1
994: 690 1
995: 714 1
996: 689 1
997: 715 1
998: 688 1
999: 714 1
1000: 689 1
