1: 692 0
2: 714 0
3: 715 0
4: 714 0
5: 715 0
6: 714 0
7: 691 0
8: 691 0
9: 691 0
10: 691 0
11: 691 0
12: 714 0
13: 715 0
14: 714 0
15: 714 0
16: 715 0
17: 691 0
18: 691 0
19: 691 0
20: 691 0
21: 691 0
22: 714 0
23: 715 0
24: 714 0
25: 714 0
26: 715 0
27: 691 0
28: 691 0
29: 692 0
30: 691 0
31: 691 0
32: 714 0
33: 714 0
34: 715 0
35: 714 0
36: 714 0
37: 691 0
38: 691 0
39: 691 0
40: 691 0
41: 691 0
42: 715 0
43: 714 0
44: 714 0
45: 716 0
46: 714 0
47: 690 0
48: 690 0
49: 691 0
50: 691 0
51: 691 0
52: 691 0
53: 714 0
54: 714 0
55: 714 0
56: 714 0
57: 714 0
58: 691 0
59: 691 0
60: 691 0
61: 692 0
62: 691 0
63: 714 0
64: 714 0
65: 715 0
66: 714 0
67: 714 0
68: 690 0
69: 691 0
70: 691 0
71: 691 0
72: 691 0
73: 714 0
74: 715 0
75: 715 0
76: 714 0
77: 716 0
78: 691 0
79: 691 0
80: 691 0
81: 691 0
82: 691 0
83: 714 0
84: 714 0
85: 714 0
86: 715 0
87: 714 0
88: 690 0
89: 691 0
90: 691 0
91: 691 0
92: 691 0
93: 0 0
94: 0 0
95: 0 0
96: 0 0
97: 0 0
98: 100 0
99: 98 0
100: 97 0
101: 98 0
102: 97 0
103: 98 0
104: 692 1
105: 714 1
106: 691 1
107: 714 1
108: 691 1
109: 714 1
110: 691 1
111: 715 1
112: 691 1
113: 714 1
114: 691 1
115: 714 1
116: 691 1
117: 714 1
118: 692 1
119: 714 1
120: 691 1
121: 714 1
122: 691 1
123: 714 1
124: 692 1
125: 714 1
126: 691 1
127: 715 1
128: 691 1
129: 714 1
130: 692 1
131: 0 1
132: 97 1
133: 0 1
134: 98 1
135: 0 1
136: 98 1
137: 0 1
138: 98 1
139: 0 1
140: 99 1
141: 0 1
142: 99 1
143: 0 1
144: 99 1
145: 0 1
146: 98 1
147: 0 1
148: 98 1
149: 0 1
150: 99 1
151: 0 1
152: 99 1
153: 0 1
154: 98 1
155: 0 1
156: 0 1
157: 99 1
158: 0 1
159: 99 1
160: 715 1
161: 691 1
162: 714 1
163: 692 1
164: 714 1
165: 690 1
166: 715 1
167: 690 1
168: 714 1
169: 691 1
170: 714 1
171: 690 1
172: 0 1
173: 97 1
174: 0 1
175: 97 1
176: 714 1
177: 691 1
178: 715 1
179: 691 1
180: 714 1
181: 692 1
182: 714 1
183: 691 1
184: 715 1
185: 692 1
186: 714 1
187: 691 1
188: 714 1
189: 691 1
190: 690 1
191: 714 1
192: 691 1
193: 714 1
194: 691 1
195: 714 1
196: 690 1
197: 714 1
198: 690 1
199: 714 1
200: 690 1
201: 714 1
202: 691 1
203: 691 1
204: 713 0
205: 714 0
206: 714 0
207: 714 0
208: 715 0
209: 690 0
210: 692 0
211: 691 0
212: 691 0
213: 691 0
214: 714 0
215: 714 0
216: 715 0
217: 714 0
218: 714 0
219: 691 0
220: 691 0
221: 691 0
222: 692 0
223: 691 0
224: 0 0
225: 0 0
226: 0 0
227: 0 0
228: 0 0
229: 98 0
230: 97 0
231: 97 0
232: 97 0
233: 98 0
234: 0 0
235: 0 0
236: 0 0
237: 0 0
238: 0 0
239: 99 0
240: 99 0
241: 98 0
242: 98 0
243: 98 0
244: 97 0
245: 0 0
246: 0 0
247: 0 0
248: 0 0
249: 0 0
250: 99 0
251: 98 0
252: 99 0
253: 98 0
254: 99 0
255: 0 0
256: 0 0
257: 0 0
258: 0 0
259: 0 0
260: 99 0
261: 99 0
262: 99 0
263: 98 0
264: 98 0
265: 0 0
266: 0 0
267: 0 0
268: 0 0
269: 0 0
270: 99 0
271: 100 0
272: 99 0
273: 97 0
274: 99 0
275: 715 0
276: 714 0
277: 714 0
278: 715 0
279: 714 0
280: 691 0
281: 692 0
282: 691 0
283: 691 0
284: 692 0
285: 715 0
286: 714 0
287: 715 0
288: 714 0
289: 714 0
290: 692 0
291: 691 0
292: 691 0
293: 692 0
294: 690 0
295: 714 0
296: 715 0
297: 714 0
298: 714 0
299: 715 0
300: 691 0
301: 691 0
302: 692 0
303: 691 0
304: 691 0
305: 715 1
306: 691 1
307: 715 1
308: 714 1
309: 690 1
310: 715 1
311: 690 1
312: 0 1
313: 99 1
314: 99 1
315: 0 1
316: 97 1
317: 0 1
318: 97 1
319: 714 1
320: 692 1
321: 714 1
322: 691 1
323: 715 1
324: 690 1
325: 714 1
326: 692 1
327: 0 1
328: 97 1
329: 0 1
330: 98 1
331: 0 1
332: 97 1
333: 0 1
334: 98 1
335: 714 1
336: 692 1
337: 714 1
338: 691 1
339: 715 1
340: 691 1
341: 715 1
342: 690 1
343: 714 1
344: 691 1
345: 714 1
346: 691 1
347: 715 1
348: 691 1
349: 714 1
350: 691 1
351: 0 1
352: 97 1
353: 0 1
354: 98 1
355: 0 1
356: 97 1
357: 0 1
358: 97 1
359: 0 1
360: 99 1
361: 0 1
362: 99 1
363: 0 1
364: 98 1
365: 0 1
366: 98 1
367: 0 1
368: 98 1
369: 0 1
370: 99 1
371: 714 1
372: 691 1
373: 715 1
374: 691 1
375: 0 1
376: 98 1
377: 0 1
378: 98 1
379: 0 1
380: 99 1
381: 0 1
382: 99 1
383: 0 1
384: 99 1
385: 0 1
386: 99 1
387: 0 1
388: 99 1
389: 713 1
390: 690 1
391: 713 1
392: 690 1
393: 714 1
394: 689 1
395: 713 1
396: 690 1
397: 713 1
398: 690 1
399: 713 1
400: 690 1
401: 0 1
402: 97 1
403: 0 1
404: 98 1
405: 98 1
406: 0 0
407: 0 0
408: 0 0
409: 0 0
410: 0 0
411: 99 0
412: 97 0
413: 98 0
414: 98 0
415: 97 0
416: 99 0
417: 0 0
418: 0 0
419: 0 0
420: 0 0
421: 0 0
422: 99 0
423: 99 0
424: 97 0
425: 99 0
426: 98 0
427: 0 0
428: 0 0
429: 0 0
430: 0 0
431: 0 0
432: 99 0
433: 98 0
434: 97 0
435: 98 0
436: 98 0
437: 0 0
438: 0 0
439: 0 0
440: 0 0
441: 0 0
442: 99 0
443: 98 0
444: 98 0
445: 98 0
446: 98 0
447: 0 0
448: 0 0
449: 0 0
450: 0 0
451: 0 0
452: 100 0
453: 98 0
454: 98 0
455: 99 0
456: 98 0
457: 712 0
458: 713 0
459: 713 0
460: 713 0
461: 714 0
462: 689 0
463: 689 0
464: 690 0
465: 691 0
466: 689 0
467: 714 0
468: 713 0
469: 713 0
470: 714 0
471: 713 0
472: 689 0
473: 690 0
474: 690 0
475: 690 0
476: 690 0
477: 713 0
478: 713 0
479: 714 0
480: 713 0
481: 713 0
482: 690 0
483: 690 0
484: 690 0
485: 689 0
486: 690 0
487: 714 0
488: 714 0
489: 714 0
490: 714 0
491: 713 0
492: 689 0
493: 691 0
494: 690 0
495: 689 0
496: 690 0
497: 713 0
498: 713 0
499: 714 0
500: 713 0
501: 713 0
502: 690 0
503: 690 0
504: 690 0
505: 690 0
506: 690 0
507: 713 1
508: 691 1
509: 0 1
510: 97 1
511: 0 1
512: 98 1
513: 0 1
514: 98 1
515: 0 1
516: 97 1
517: 0 1
518: 99 1
519: 0 1
520: 97 1
521: 0 1
522: 97 1
523: 713 1
524: 690 1
525: 713 1
526: 690 1
527: 714 1
528: 690 1
529: 713 1
530: 690 1
531: 713 1
532: 689 1
533: 713 1
534: 690 1
535: 714 1
536: 690 1
537: 713 1
538: 689 1
539: 714 1
540: 689 1
541: 713 1
542: 689 1
543: 0 1
544: 98 1
545: 0 1
546: 99 1
547: 0 1
548: 97 1
549: 0 1
550: 98 1
551: 0 1
552: 98 1
553: 0 1
554: 98 1
555: 0 1
556: 98 1
557: 0 1
558: 98 1
559: 0 1
560: 99 1
561: 0 1
562: 99 1
563: 0 1
564: 99 1
565: 714 1
566: 690 1
567: 713 1
568: 690 1
569: 713 1
570: 690 1
571: 714 1
572: 689 1
573: 713 1
574: 690 1
575: 713 1
576: 689 1
577: 714 1
578: 689 1
579: 713 1
580: 690 1
581: 713 1
582: 690 1
583: 713 1
584: 689 1
585: 714 1
586: 690 1
587: 713 1
588: 690 1
589: 713 1
590: 690 1
591: 714 1
592: 689 1
593: 0 1
594: 97 1
595: 0 1
596: 99 1
597: 0 1
598: 98 1
599: 713 1
600: 690 1
601: 0 1
602: 97 1
603: 0 1
604: 99 1
605: 0 1
606: 97 1
607: 98 1
608: 713 0
609: 712 0
610: 713 0
611: 713 0
612: 712 0
613: 690 0
614: 689 0
615: 690 0
616: 690 0
617: 690 0
618: 713 0
619: 713 0
620: 713 0
621: 712 0
622: 714 0
623: 689 0
624: 689 0
625: 690 0
626: 690 0
627: 690 0
628: 713 0
629: 712 0
630: 712 0
631: 713 0
632: 713 0
633: 689 0
634: 690 0
635: 690 0
636: 689 0
637: 690 0
638: 712 0
639: 713 0
640: 712 0
641: 712 0
642: 713 0
643: 689 0
644: 690 0
645: 690 0
646: 689 0
647: 689 0
648: 713 0
649: 712 0
650: 712 0
651: 713 0
652: 713 0
653: 690 0
654: 690 0
655: 689 0
656: 689 0
657: 690 0
658: 0 0
659: 0 0
660: 0 0
661: 0 0
662: 0 0
663: 98 0
664: 99 0
665: 98 0
666: 98 0
667: 99 0
668: 0 0
669: 0 0
670: 0 0
671: 0 0
672: 0 0
673: 99 0
674: 98 0
675: 98 0
676: 99 0
677: 98 0
678: 713 0
679: 713 0
680: 713 0
681: 713 0
682: 713 0
683: 690 0
684: 689 0
685: 690 0
686: 690 0
687: 689 0
688: 0 0
689: 0 0
690: 0 0
691: 0 0
692: 0 0
693: 99 0
694: 99 0
695: 99 0
696: 98 0
697: 98 0
698: 0 0
699: 0 0
700: 0 0
701: 0 0
702: 0 0
703: 0 0
704: 98 0
705: 99 0
706: 99 0
707: 98 0
708: 98 0
709: 99 1
710: 0 1
711: 99 1
712: 0 1
713: 99 1
714: 0 1
715: 99 1
716: 0 1
717: 99 1
718: 0 1
719: 99 1
720: 0 1
721: 100 1
722: 0 1
723: 0 1
724: 99 1
725: 0 1
726: 98 1
727: 0 1
728: 98 1
729: 0 1
730: 98 1
731: 0 1
732: 99 1
733: 0 1
734: 99 1
735: 0 1
736: 99 1
737: 0 1
738: 99 1
739: 0 1
740: 98 1
741: 713 1
742: 691 1
743: 713 1
744: 690 1
745: 0 1
746: 98 1
747: 0 1
748: 98 1
749: 0 1
750: 99 1
751: 0 1
752: 99 1
753: 713 1
754: 690 1
755: 0 1
756: 99 1
757: 0 1
758: 99 1
759: 0 1
760: 99 1
761: 0 1
762: 98 1
763: 0 1
764: 99 1
765: 0 1
766: 99 1
767: 0 1
768: 99 1
769: 0 1
770: 100 1
771: 0 1
772: 100 1
773: 0 1
774: 99 1
775: 0 1
776: 0 1
777: 99 1
778: 0 1
779: 99 1
780: 713 1
781: 689 1
782: 713 1
783: 691 1
784: 0 1
785: 98 1
786: 712 1
787: 690 1
788: 713 1
789: 690 1
790: 713 1
791: 691 1
792: 713 1
793: 690 1
794: 714 1
795: 691 1
796: 713 1
797: 691 1
798: 713 1
799: 691 1
800: 714 1
801: 691 1
802: 690 1
803: 0 1
804: 0 1
805: 98 1
806: 714 1
807: 690 1
808: 0 1
809: 99 1
810: 0 0
811: 0 0
812: 0 0
813: 0 0
814: 0 0
815: 0 0
816: 99 0
817: 98 0
818: 98 0
819: 98 0
820: 98 0
821: 0 0
822: 0 0
823: 0 0
824: 0 0
825: 0 0
826: 99 0
827: 98 0
828: 97 0
829: 99 0
830: 98 0
831: 0 0
832: 0 0
833: 0 0
834: 0 0
835: 0 0
836: 99 0
837: 99 0
838: 98 0
839: 99 0
840: 99 0
841: 0 0
842: 0 0
843: 0 0
844: 0 0
845: 0 0
846: 100 0
847: 99 0
848: 99 0
849: 99 0
850: 99 0
851: 0 0
852: 0 0
853: 0 0
854: 0 0
855: 0 0
856: 0 0
857: 99 0
858: 99 0
859: 99 0
860: 100 0
861: 99 0
862: 0 0
863: 0 0
864: 0 0
865: 0 0
866: 0 0
867: 99 0
868: 99 0
869: 100 0
870: 99 0
871: 99 0
872: 0 0
873: 0 0
874: 0 0
875: 0 0
876: 0 0
877: 99 0
878: 99 0
879: 99 0
880: 99 0
881: 99 0
882: 0 0
883: 0 0
884: 0 0
885: 0 0
886: 0 0
887: 99 0
888: 99 0
889: 99 0
890: 99 0
891: 99 0
892: 0 0
893: 0 0
894: 0 0
895: 0 0
896: 0 0
897: 0 0
898: 99 0
899: 99 0
900: 99 0
901: 99 0
902: 99 0
903: 0 0
904: 0 0
905: 0 0
906: 0 0
907: 0 0
908: 99 0
909: 99 0
910: 99 0
911: 98 0
912: 98 0
913: 99 1
914: 0 1
915: 99 1
916: 0 1
917: 101 1
918: 0 1
919: 0 1
920: 99 1
921: 0 1
922: 99 1
923: 713 1
924: 690 1
925: 713 1
926: 690 1
927: 713 1
928: 690 1
929: 713 1
930: 690 1
931: 713 1
932: 690 1
933: 713 1
934: 690 1
935: 713 1
936: 690 1
937: 98 1
938: 97 1
939: 0 1
940: 98 1
941: 0 1
942: 99 1
943: 0 1
944: 98 1
945: 0 1
946: 99 1
947: 0 1
948: 99 1
949: 0 1
950: 99 1
951: 0 1
952: 99 1
953: 0 1
954: 99 1
955: 0 1
956: 99 1
957: 0 1
958: 99 1
959: 0 1
960: 99 1
961: 0 1
962: 99 1
963: 0 1
964: 99 1
965: 0 1
966: 99 1
967: 0 1
968: 99 1
969: 0 1
970: 100 1
971: 0 1
972: 100 1
973: 0 1
974: 100 1
975: 713 1
976: 690 1
977: 714 1
978: 690 1
979: 713 1
980: 691 1
981: 0 1
982: 99 1
983: 0 1
984: 99 1
985: 0 1
986: 99 1
987: 0 1
988: 99 1
989: 0 1
990: 100 1
991: 0 1
992: 100 1
993: 0 1
994: 0 1
995: 98 1
996: 0 1
997: 100 1
998: 0 1
999: 99 1
1000: 0 1
