1: 689 0
2: 714 0
3: 715 0
4: 714 0
5: 715 0
6: 714 0
7: 688 0
8: 689 0
9: 688 0
10: 689 0
11: 689 0
12: 0 0
13: 0 0
14: 0 0
15: 0 0
16: 0 0
17: 96 0
18: 95 0
19: 96 0
20: 96 0
21: 95 0
22: 714 0
23: 714 0
24: 716 0
25: 714 0
26: 714 0
27: 688 0
28: 689 0
29: 689 0
30: 689 0
31: 689 0
32: 714 0
33: 714 0
34: 714 0
35: 714 0
36: 714 0
37: 715 0
38: 688 0
39: 688 0
40: 690 0
41: 688 0
42: 689 0
43: 714 0
44: 714 0
45: 714 0
46: 714 0
47: 714 0
48: 688 0
49: 688 0
50: 689 0
51: 689 0
52: 689 0
53: 714 0
54: 714 0
55: 714 0
56: 715 0
57: 714 0
58: 688 0
59: 688 0
60: 689 0
61: 688 0
62: 688 0
63: 714 0
64: 714 0
65: 714 0
66: 714 0
67: 714 0
68: 688 0
69: 689 0
70: 689 0
71: 689 0
72: 690 0
73: 714 0
74: 714 0
75: 714 0
76: 714 0
77: 714 0
78: 688 0
79: 688 0
80: 689 0
81: 689 0
82: 688 0
83: 714 0
84: 714 0
85: 715 0
86: 714 0
87: 714 0
88: 689 0
89: 688 0
90: 688 0
91: 689 0
92: 689 0
93: 688 0
94: 714 0
95: 714 0
96: 714 0
97: 714 0
98: 714 0
99: 689 0
100: 688 0
101: 688 0
102: 689 0
103: 688 0
104: 688 1
105: 714 1
106: 689 1
107: 714 1
108: 689 1
109: 714 1
110: 688 1
111: 714 1
112: 688 1
113: 714 1
114: 688 1
115: 0 1
116: 96 1
117: 0 1
118: 96 1
119: 0 1
120: 95 1
121: 0 1
122: 96 1
123: 714 1
124: 688 1
125: 714 1
126: 689 1
127: 715 1
128: 690 1
129: 714 1
130: 689 1
131: 0 1
132: 96 1
133: 0 1
134: 97 1
135: 0 1
136: 97 1
137: 0 1
138: 97 1
139: 0 1
140: 97 1
141: 0 1
142: 97 1
143: 0 1
144: 98 1
145: 96 1
146: 0 1
147: 96 1
148: 0 1
149: 95 1
150: 714 1
151: 690 1
152: 714 1
153: 689 1
154: 715 1
155: 689 1
156: 714 1
157: 688 1
158: 714 1
159: 689 1
160: 714 1
161: 689 1
162: 714 1
163: 688 1
164: 687 1
165: 714 1
166: 688 1
167: 714 1
168: 688 1
169: 714 1
170: 688 1
171: 714 1
172: 688 1
173: 714 1
174: 688 1
175: 716 1
176: 688 1
177: 714 1
178: 688 1
179: 714 1
180: 689 1
181: 714 1
182: 688 1
183: 715 1
184: 689 1
185: 714 1
186: 689 1
187: 0 1
188: 96 1
189: 715 1
190: 688 1
191: 714 1
192: 690 1
193: 714 1
194: 688 1
195: 715 1
196: 688 1
197: 714 1
198: 688 1
199: 714 1
200: 688 1
201: 0 1
202: 95 1
203: 95 1
204: 0 0
205: 0 0
206: 0 0
207: 0 0
208: 0 0
209: 97 0
210: 97 0
211: 97 0
212: 97 0
213: 95 0
214: 716 0
215: 714 0
216: 714 0
217: 715 0
218: 714 0
219: 688 0
220: 690 0
221: 688 0
222: 689 0
223: 689 0
224: 714 0
225: 714 0
226: 715 0
227: 714 0
228: 714 0
229: 689 0
230: 688 0
231: 689 0
232: 689 0
233: 688 0
234: 714 0
235: 715 0
236: 714 0
237: 714 0
238: 715 0
239: 688 0
240: 688 0
241: 689 0
242: 689 0
243: 688 0
244: 715 0
245: 714 0
246: 715 0
247: 714 0
248: 714 0
249: 689 0
250: 688 0
251: 688 0
252: 690 0
253: 688 0
254: 0 0
255: 0 0
256: 0 0
257: 0 0
258: 0 0
259: 97 0
260: 96 0
261: 97 0
262: 97 0
263: 95 0
264: 714 0
265: 715 0
266: 714 0
267: 714 0
268: 715 0
269: 688 0
270: 688 0
271: 689 0
272: 688 0
273: 688 0
274: 715 0
275: 714 0
276: 714 0
277: 715 0
278: 714 0
279: 688 0
280: 689 0
281: 688 0
282: 689 0
283: 689 0
284: 714 0
285: 715 0
286: 716 0
287: 715 0
288: 716 0
289: 690 0
290: 690 0
291: 690 0
292: 690 0
293: 689 0
294: 0 0
295: 0 0
296: 0 0
297: 0 0
298: 0 0
299: 97 0
300: 96 0
301: 95 0
302: 96 0
303: 96 0
304: 97 1
305: 96 1
306: 0 1
307: 96 1
308: 715 1
309: 689 1
310: 714 1
311: 689 1
312: 714 1
313: 689 1
314: 714 1
315: 689 1
316: 0 1
317: 97 1
318: 0 1
319: 96 1
320: 715 1
321: 689 1
322: 0 1
323: 95 1
324: 0 1
325: 95 1
326: 0 1
327: 97 1
328: 714 1
329: 688 1
330: 714 1
331: 689 1
332: 715 1
333: 689 1
334: 715 1
335: 689 1
336: 0 1
337: 96 1
338: 714 1
339: 689 1
340: 714 1
341: 690 1
342: 714 1
343: 688 1
344: 715 1
345: 688 1
346: 714 1
347: 689 1
348: 714 1
349: 689 1
350: 0 1
351: 97 1
352: 0 1
353: 95 1
354: 715 1
355: 689 1
356: 714 1
357: 689 1
358: 714 1
359: 688 1
360: 714 1
361: 688 1
362: 715 1
363: 688 1
364: 714 1
365: 689 1
366: 0 1
367: 96 1
368: 0 1
369: 96 1
370: 0 1
371: 95 1
372: 0 1
373: 96 1
374: 0 1
375: 95 1
376: 0 1
377: 95 1
378: 0 1
379: 96 1
380: 0 1
381: 96 1
382: 715 1
383: 689 1
384: 714 1
385: 689 1
386: 714 1
387: 689 1
388: 715 1
389: 688 1
390: 0 1
391: 96 1
392: 0 1
393: 97 1
394: 715 1
395: 689 1
396: 714 1
397: 689 1
398: 714 1
399: 688 1
400: 715 1
401: 688 1
402: 714 1
403: 689 1
404: 688 1
405: 714 0
406: 715 0
407: 714 0
408: 714 0
409: 715 0
410: 688 0
411: 688 0
412: 690 0
413: 688 0
414: 689 0
415: 715 0
416: 715 0
417: 715 0
418: 714 0
419: 714 0
420: 688 0
421: 688 0
422: 688 0
423: 689 0
424: 688 0
425: 714 0
426: 715 0
427: 714 0
428: 714 0
429: 715 0
430: 688 0
431: 688 0
432: 690 0
433: 689 0
434: 688 0
435: 715 0
436: 714 0
437: 715 0
438: 715 0
439: 715 0
440: 689 0
441: 689 0
442: 688 0
443: 688 0
444: 689 0
445: 0 0
446: 0 0
447: 0 0
448: 0 0
449: 0 0
450: 96 0
451: 95 0
452: 96 0
453: 95 0
454: 96 0
455: 714 0
456: 714 0
457: 715 0
458: 714 0
459: 714 0
460: 689 0
461: 688 0
462: 689 0
463: 688 0
464: 688 0
465: 715 0
466: 714 0
467: 714 0
468: 715 0
469: 714 0
470: 689 0
471: 689 0
472: 688 0
473: 689 0
474: 689 0
475: 714 0
476: 714 0
477: 715 0
478: 714 0
479: 715 0
480: 690 0
481: 689 0
482: 689 0
483: 690 0
484: 690 0
485: 0 0
486: 0 0
487: 0 0
488: 0 0
489: 0 0
490: 97 0
491: 96 0
492: 96 0
493: 96 0
494: 96 0
495: 0 0
496: 0 0
497: 0 0
498: 0 0
499: 0 0
500: 96 0
501: 96 0
502: 96 0
503: 95 0
504: 96 0
505: 0 1
506: 97 1
507: 0 1
508: 96 1
509: 0 1
510: 96 1
511: 0 1
512: 96 1
513: 0 1
514: 96 1
515: 0 1
516: 96 1
517: 0 1
518: 97 1
519: 0 1
520: 96 1
521: 714 1
522: 689 1
523: 715 1
524: 688 1
525: 716 1
526: 689 1
527: 714 1
528: 689 1
529: 714 1
530: 688 1
531: 715 1
532: 689 1
533: 714 1
534: 690 1
535: 714 1
536: 689 1
537: 715 1
538: 688 1
539: 714 1
540: 689 1
541: 714 1
542: 688 1
543: 715 1
544: 688 1
545: 714 1
546: 689 1
547: 714 1
548: 688 1
549: 715 1
550: 688 1
551: 714 1
552: 689 1
553: 0 1
554: 95 1
555: 0 1
556: 95 1
557: 0 1
558: 96 1
559: 0 1
560: 96 1
561: 0 1
562: 96 1
563: 0 1
564: 95 1
565: 0 1
566: 97 1
567: 0 1
568: 95 1
569: 0 1
570: 96 1
571: 0 1
572: 97 1
573: 0 1
574: 96 1
575: 0 1
576: 97 1
577: 96 1
578: 0 1
579: 96 1
580: 0 1
581: 97 1
582: 0 1
583: 96 1
584: 0 1
585: 96 1
586: 0 1
587: 95 1
588: 0 1
589: 96 1
590: 714 1
591: 688 1
592: 715 1
593: 689 1
594: 714 1
595: 689 1
596: 714 1
597: 689 1
598: 714 1
599: 688 1
600: 715 1
601: 689 1
602: 714 1
603: 689 1
604: 714 1
605: 689 1
606: 689 0
607: 714 0
608: 714 0
609: 715 0
610: 714 0
611: 688 0
612: 689 0
613: 688 0
614: 688 0
615: 689 0
616: 714 0
617: 714 0
618: 715 0
619: 714 0
620: 714 0
621: 689 0
622: 688 0
623: 688 0
624: 689 0
625: 688 0
626: 714 0
627: 716 0
628: 715 0
629: 716 0
630: 715 0
631: 688 0
632: 690 0
633: 689 0
634: 689 0
635: 690 0
636: 715 0
637: 715 0
638: 716 0
639: 715 0
640: 715 0
641: 689 0
642: 689 0
643: 689 0
644: 690 0
645: 689 0
646: 715 0
647: 716 0
648: 715 0
649: 715 0
650: 715 0
651: 688 0
652: 689 0
653: 689 0
654: 689 0
655: 689 0
656: 715 0
657: 715 0
658: 715 0
659: 715 0
660: 715 0
661: 689 0
662: 689 0
663: 689 0
664: 689 0
665: 689 0
666: 715 0
667: 716 0
668: 715 0
669: 715 0
670: 716 0
671: 690 0
672: 690 0
673: 691 0
674: 690 0
675: 690 0
676: 716 0
677: 716 0
678: 716 0
679: 716 0
680: 716 0
681: 690 0
682: 690 0
683: 690 0
684: 690 0
685: 690 0
686: 716 0
687: 716 0
688: 716 0
689: 716 0
690: 716 0
691: 690 0
692: 690 0
693: 691 0
694: 690 0
695: 690 0
696: 716 0
697: 716 0
698: 716 0
699: 716 0
700: 716 0
701: 690 0
702: 691 0
703: 690 0
704: 690 0
705: 691 0
706: 716 1
707: 690 1
708: 716 1
709: 690 1
710: 715 1
711: 690 1
712: 715 1
713: 689 1
714: 715 1
715: 690 1
716: 715 1
717: 690 1
718: 715 1
719: 690 1
720: 715 1
721: 690 1
722: 715 1
723: 689 1
724: 0 1
725: 97 1
726: 0 1
727: 96 1
728: 0 1
729: 97 1
730: 0 1
731: 96 1
732: 716 1
733: 690 1
734: 715 1
735: 691 1
736: 715 1
737: 690 1
738: 717 1
739: 690 1
740: 715 1
741: 691 1
742: 715 1
743: 690 1
744: 716 1
745: 691 1
746: 716 1
747: 691 1
748: 716 1
749: 691 1
750: 716 1
751: 690 1
752: 716 1
753: 691 1
754: 716 1
755: 690 1
756: 716 1
757: 690 1
758: 715 1
759: 689 1
760: 715 1
761: 691 1
762: 715 1
763: 690 1
764: 716 1
765: 690 1
766: 715 1
767: 691 1
768: 715 1
769: 690 1
770: 716 1
771: 690 1
772: 715 1
773: 691 1
774: 715 1
775: 715 1
776: 690 1
777: 715 1
778: 689 1
779: 715 1
780: 689 1
781: 715 1
782: 690 1
783: 0 1
784: 97 1
785: 0 1
786: 0 1
787: 96 1
788: 0 1
789: 96 1
790: 0 1
791: 97 1
792: 716 1
793: 690 1
794: 715 1
795: 690 1
796: 715 1
797: 690 1
798: 0 1
799: 97 1
800: 715 1
801: 690 1
802: 715 1
803: 690 1
804: 715 1
805: 690 1
806: 715 0
807: 715 0
808: 715 0
809: 715 0
810: 715 0
811: 690 0
812: 691 0
813: 690 0
814: 689 0
815: 691 0
816: 0 0
817: 0 0
818: 0 0
819: 0 0
820: 0 0
821: 97 0
822: 97 0
823: 97 0
824: 96 0
825: 96 0
826: 0 0
827: 0 0
828: 0 0
829: 0 0
830: 0 0
831: 96 0
832: 97 0
833: 96 0
834: 96 0
835: 96 0
836: 0 0
837: 0 0
838: 0 0
839: 0 0
840: 0 0
841: 97 0
842: 97 0
843: 96 0
844: 96 0
845: 96 0
846: 0 0
847: 0 0
848: 0 0
849: 0 0
850: 0 0
851: 97 0
852: 97 0
853: 97 0
854: 96 0
855: 97 0
856: 0 0
857: 0 0
858: 0 0
859: 0 0
860: 0 0
861: 0 0
862: 97 0
863: 97 0
864: 96 0
865: 97 0
866: 95 0
867: 715 0
868: 715 0
869: 715 0
870: 715 0
871: 715 0
872: 690 0
873: 690 0
874: 690 0
875: 689 0
876: 690 0
877: 715 0
878: 715 0
879: 715 0
880: 715 0
881: 715 0
882: 690 0
883: 691 0
884: 690 0
885: 690 0
886: 691 0
887: 715 0
888: 715 0
889: 716 0
890: 715 0
891: 715 0
892: 691 0
893: 690 0
894: 690 0
895: 690 0
896: 0 0
897: 0 0
898: 0 0
899: 0 0
900: 0 0
901: 0 0
902: 97 0
903: 97 0
904: 96 0
905: 97 0
906: 96 0
907: 0 1
908: 97 1
909: 715 1
910: 690 1
911: 716 1
912: 690 1
913: 0 1
914: 97 1
915: 0 1
916: 96 1
917: 0 1
918: 97 1
919: 0 1
920: 97 1
921: 0 1
922: 98 1
923: 0 1
924: 0 1
925: 96 1
926: 0 1
927: 96 1
928: 0 1
929: 97 1
930: 0 1
931: 97 1
932: 0 1
933: 97 1
934: 0 1
935: 97 1
936: 0 1
937: 97 1
938: 0 1
939: 97 1
940: 0 1
941: 97 1
942: 0 1
943: 97 1
944: 0 1
945: 97 1
946: 0 1
947: 97 1
948: 0 1
949: 97 1
950: 715 1
951: 691 1
952: 715 1
953: 690 1
954: 716 1
955: 690 1
956: 715 1
957: 690 1
958: 715 1
959: 689 1
960: 716 1
961: 690 1
962: 715 1
963: 690 1
964: 0 1
965: 97 1
966: 0 1
967: 97 1
968: 0 1
969: 97 1
970: 715 1
971: 689 1
972: 0 1
973: 97 1
974: 0 1
975: 96 1
976: 0 1
977: 96 1
978: 715 1
979: 690 1
980: 715 1
981: 689 1
982: 716 1
983: 690 1
984: 715 1
985: 690 1
986: 715 1
987: 689 1
988: 715 1
989: 689 1
990: 715 1
991: 690 1
992: 0 1
993: 97 1
994: 0 1
995: 96 1
996: 0 1
997: 96 1
998: 0 1
999: 96 1
1000: 0 1
