1: 690 0
2: 715 0
3: 715 0
4: 715 0
5: 716 0
6: 714 0
7: 689 0
8: 689 0
9: 689 0
10: 690 0
11: 689 0
12: 714 0
13: 716 0
14: 714 0
15: 715 0
16: 715 0
17: 689 0
18: 689 0
19: 689 0
20: 689 0
21: 689 0
22: 715 0
23: 715 0
24: 714 0
25: 714 0
26: 715 0
27: 689 0
28: 690 0
29: 690 0
30: 690 0
31: 690 0
32: 715 0
33: 715 0
34: 714 0
35: 715 0
36: 714 0
37: 689 0
38: 690 0
39: 690 0
40: 690 0
41: 689 0
42: 0 0
43: 0 0
44: 0 0
45: 0 0
46: 0 0
47: 0 0
48: 98 0
49: 98 0
50: 98 0
51: 98 0
52: 98 0
53: 715 0
54: 715 0
55: 714 0
56: 714 0
57: 714 0
58: 690 0
59: 690 0
60: 690 0
61: 691 0
62: 690 0
63: 714 0
64: 714 0
65: 714 0
66: 715 0
67: 714 0
68: 690 0
69: 691 0
70: 690 0
71: 690 0
72: 689 0
73: 0 0
74: 0 0
75: 0 0
76: 0 0
77: 0 0
78: 99 0
79: 99 0
80: 98 0
81: 97 0
82: 97 0
83: 98 0
84: 0 0
85: 0 0
86: 0 0
87: 0 0
88: 0 0
89: 98 0
90: 98 0
91: 97 0
92: 98 0
93: 98 0
94: 0 0
95: 0 0
96: 0 0
97: 0 0
98: 0 0
99: 99 0
100: 98 0
101: 97 0
102: 99 0
103: 98 0
104: 99 0
105: 97 1
106: 0 1
107: 99 1
108: 0 1
109: 98 1
110: 0 1
111: 98 1
112: 715 1
113: 690 1
114: 714 1
115: 690 1
116: 714 1
117: 690 1
118: 715 1
119: 690 1
120: 714 1
121: 690 1
122: 714 1
123: 690 1
124: 714 1
125: 690 1
126: 714 1
127: 690 1
128: 714 1
129: 690 1
130: 715 1
131: 689 1
132: 0 1
133: 97 1
134: 0 1
135: 99 1
136: 0 1
137: 99 1
138: 0 1
139: 99 1
140: 0 1
141: 97 1
142: 0 1
143: 99 1
144: 0 1
145: 99 1
146: 715 1
147: 690 1
148: 715 1
149: 690 1
150: 714 1
151: 690 1
152: 714 1
153: 690 1
154: 0 1
155: 97 1
156: 0 1
157: 99 1
158: 0 1
159: 99 1
160: 0 1
161: 99 1
162: 0 1
163: 0 1
164: 98 1
165: 0 1
166: 97 1
167: 0 1
168: 98 1
169: 0 1
170: 99 1
171: 0 1
172: 98 1
173: 0 1
174: 99 1
175: 715 1
176: 690 1
177: 715 1
178: 691 1
179: 714 1
180: 690 1
181: 714 1
182: 690 1
183: 0 1
184: 97 1
185: 714 1
186: 690 1
187: 715 1
188: 690 1
189: 714 1
190: 690 1
191: 714 1
192: 690 1
193: 714 1
194: 689 1
195: 0 1
196: 98 1
197: 0 1
198: 98 1
199: 0 1
200: 98 1
201: 0 1
202: 97 1
203: 714 1
204: 690 1
205: 689 1
206: 714 0
207: 714 0
208: 714 0
209: 714 0
210: 714 0
211: 689 0
212: 690 0
213: 690 0
214: 690 0
215: 689 0
216: 714 0
217: 715 0
218: 714 0
219: 714 0
220: 715 0
221: 690 0
222: 690 0
223: 690 0
224: 690 0
225: 689 0
226: 714 0
227: 714 0
228: 714 0
229: 714 0
230: 714 0
231: 689 0
232: 689 0
233: 689 0
234: 690 0
235: 690 0
236: 714 0
237: 714 0
238: 714 0
239: 714 0
240: 689 0
241: 689 0
242: 689 0
243: 690 0
244: 690 0
245: 714 0
246: 714 0
247: 714 0
248: 714 0
249: 715 0
250: 688 0
251: 689 0
252: 691 0
253: 690 0
254: 689 0
255: 715 0
256: 716 0
257: 715 0
258: 717 0
259: 715 0
260: 690 0
261: 691 0
262: 691 0
263: 691 0
264: 691 0
265: 715 0
266: 716 0
267: 716 0
268: 715 0
269: 714 0
270: 689 0
271: 689 0
272: 689 0
273: 689 0
274: 689 0
275: 0 0
276: 0 0
277: 0 0
278: 0 0
279: 0 0
280: 98 0
281: 98 0
282: 97 0
283: 98 0
284: 98 0
285: 0 0
286: 0 0
287: 0 0
288: 0 0
289: 0 0
290: 0 0
291: 98 0
292: 97 0
293: 97 0
294: 97 0
295: 97 0
296: 0 0
297: 0 0
298: 0 0
299: 0 0
300: 0 0
301: 98 0
302: 98 0
303: 98 0
304: 99 0
305: 97 0
306: 0 1
307: 98 1
308: 0 1
309: 98 1
310: 0 1
311: 98 1
312: 0 1
313: 98 1
314: 0 1
315: 98 1
316: 0 1
317: 97 1
318: 714 1
319: 690 1
320: 714 1
321: 690 1
322: 0 1
323: 97 1
324: 0 1
325: 97 1
326: 0 1
327: 97 1
328: 0 1
329: 97 1
330: 0 1
331: 99 1
332: 0 1
333: 98 1
334: 714 1
335: 690 1
336: 714 1
337: 690 1
338: 715 1
339: 689 1
340: 714 1
341: 691 1
342: 714 1
343: 689 1
344: 715 1
345: 690 1
346: 714 1
347: 690 1
348: 714 1
349: 690 1
350: 715 1
351: 689 1
352: 714 1
353: 689 1
354: 0 1
355: 98 1
356: 0 1
357: 97 1
358: 0 1
359: 97 1
360: 0 1
361: 99 1
362: 0 1
363: 98 1
364: 0 1
365: 99 1
366: 0 1
367: 99 1
368: 714 1
369: 691 1
370: 714 1
371: 690 1
372: 715 1
373: 690 1
374: 714 1
375: 690 1
376: 714 1
377: 690 1
378: 0 1
379: 98 1
380: 0 1
381: 98 1
382: 0 1
383: 98 1
384: 0 1
385: 99 1
386: 0 1
387: 98 1
388: 0 1
389: 99 1
390: 0 1
391: 99 1
392: 0 1
393: 99 1
394: 0 1
395: 0 1
396: 99 1
397: 0 1
398: 98 1
399: 0 1
400: 98 1
401: 0 1
402: 98 1
403: 0 1
404: 99 1
405: 0 1
406: 98 1
407: 98 1
408: 0 0
409: 0 0
410: 0 0
411: 0 0
412: 0 0
413: 99 0
414: 99 0
415: 99 0
416: 98 0
417: 97 0
418: 714 0
419: 714 0
420: 715 0
421: 716 0
422: 715 0
423: 689 0
424: 692 0
425: 689 0
426: 689 0
427: 690 0
428: 714 0
429: 714 0
430: 715 0
431: 714 0
432: 714 0
433: 689 0
434: 689 0
435: 690 0
436: 690 0
437: 690 0
438: 714 0
439: 714 0
440: 714 0
441: 714 0
442: 714 0
443: 689 0
444: 689 0
445: 689 0
446: 689 0
447: 689 0
448: 714 0
449: 714 0
450: 714 0
451: 714 0
452: 714 0
453: 690 0
454: 689 0
455: 689 0
456: 690 0
457: 689 0
458: 0 0
459: 0 0
460: 0 0
461: 0 0
462: 0 0
463: 98 0
464: 98 0
465: 98 0
466: 98 0
467: 97 0
468: 0 0
469: 0 0
470: 0 0
471: 0 0
472: 0 0
473: 98 0
474: 98 0
475: 98 0
476: 98 0
477: 98 0
478: 0 0
479: 0 0
480: 0 0
481: 0 0
482: 0 0
483: 99 0
484: 98 0
485: 98 0
486: 98 0
487: 99 0
488: 0 0
489: 0 0
490: 0 0
491: 0 0
492: 0 0
493: 101 0
494: 99 0
495: 98 0
496: 99 0
497: 98 0
498: 0 0
499: 0 0
500: 0 0
501: 0 0
502: 0 0
503: 0 0
504: 98 0
505: 98 0
506: 98 0
507: 99 0
508: 97 0
509: 690 1
510: 714 1
511: 690 1
512: 0 1
513: 98 1
514: 0 1
515: 97 1
516: 0 1
517: 99 1
518: 0 1
519: 98 1
520: 0 1
521: 0 1
522: 97 1
523: 0 1
524: 98 1
525: 0 1
526: 98 1
527: 0 1
528: 97 1
529: 0 1
530: 97 1
531: 0 1
532: 98 1
533: 0 1
534: 99 1
535: 714 1
536: 690 1
537: 714 1
538: 690 1
539: 715 1
540: 690 1
541: 714 1
542: 690 1
543: 714 1
544: 690 1
545: 0 1
546: 97 1
547: 0 1
548: 99 1
549: 0 1
550: 98 1
551: 0 1
552: 98 1
553: 0 1
554: 97 1
555: 0 1
556: 98 1
557: 714 1
558: 691 1
559: 714 1
560: 690 1
561: 714 1
562: 689 1
563: 714 1
564: 690 1
565: 714 1
566: 690 1
567: 714 1
568: 690 1
569: 714 1
570: 690 1
571: 714 1
572: 690 1
573: 714 1
574: 689 1
575: 714 1
576: 690 1
577: 714 1
578: 690 1
579: 714 1
580: 690 1
581: 714 1
582: 690 1
583: 714 1
584: 691 1
585: 714 1
586: 690 1
587: 715 1
588: 689 1
589: 714 1
590: 691 1
591: 714 1
592: 690 1
593: 714 1
594: 690 1
595: 714 1
596: 690 1
597: 714 1
598: 690 1
599: 0 1
600: 97 1
601: 714 1
602: 690 1
603: 714 1
604: 689 1
605: 714 1
606: 690 1
607: 714 1
608: 689 1
609: 690 0
610: 714 0
611: 714 0
612: 714 0
613: 714 0
614: 714 0
615: 690 0
616: 690 0
617: 689 0
618: 690 0
619: 714 0
620: 714 0
621: 714 0
622: 714 0
623: 714 0
624: 689 0
625: 691 0
626: 689 0
627: 690 0
628: 690 0
629: 714 0
630: 714 0
631: 715 0
632: 714 0
633: 714 0
634: 689 0
635: 690 0
636: 689 0
637: 689 0
638: 689 0
639: 714 0
640: 714 0
641: 714 0
642: 714 0
643: 714 0
644: 690 0
645: 690 0
646: 689 0
647: 689 0
648: 690 0
649: 714 0
650: 714 0
651: 714 0
652: 714 0
653: 714 0
654: 689 0
655: 689 0
656: 689 0
657: 690 0
658: 689 0
659: 0 0
660: 0 0
661: 0 0
662: 0 0
663: 0 0
664: 98 0
665: 98 0
666: 97 0
667: 98 0
668: 97 0
669: 0 0
670: 0 0
671: 0 0
672: 0 0
673: 0 0
674: 0 0
675: 99 0
676: 98 0
677: 98 0
678: 98 0
679: 98 0
680: 0 0
681: 0 0
682: 0 0
683: 0 0
684: 0 0
685: 99 0
686: 98 0
687: 98 0
688: 98 0
689: 97 0
690: 0 0
691: 0 0
692: 0 0
693: 0 0
694: 0 0
695: 98 0
696: 98 0
697: 98 0
698: 97 0
699: 98 0
700: 0 0
701: 0 0
702: 0 0
703: 0 0
704: 0 0
705: 98 0
706: 98 0
707: 98 0
708: 98 0
709: 97 0
710: 98 1
711: 690 1
712: 714 1
713: 690 1
714: 715 1
715: 690 1
716: 714 1
717: 690 1
718: 714 1
719: 689 1
720: 715 1
721: 689 1
722: 0 1
723: 97 1
724: 0 1
725: 97 1
726: 0 1
727: 97 1
728: 0 1
729: 98 1
730: 0 1
731: 98 1
732: 0 1
733: 98 1
734: 0 1
735: 98 1
736: 0 1
737: 97 1
738: 0 1
739: 98 1
740: 0 1
741: 98 1
742: 0 1
743: 97 1
744: 0 1
745: 98 1
746: 0 1
747: 98 1
748: 0 1
749: 0 1
750: 97 1
751: 0 1
752: 98 1
753: 0 1
754: 97 1
755: 0 1
756: 97 1
757: 715 1
758: 689 1
759: 714 1
760: 690 1
761: 0 1
762: 98 1
763: 714 1
764: 690 1
765: 0 1
766: 97 1
767: 0 1
768: 98 1
769: 715 1
770: 689 1
771: 0 1
772: 97 1
773: 714 1
774: 689 1
775: 0 1
776: 99 1
777: 0 1
778: 97 1
779: 0 1
780: 98 1
781: 0 1
782: 98 1
783: 0 1
784: 98 1
785: 0 1
786: 98 1
787: 0 1
788: 98 1
789: 0 1
790: 98 1
791: 0 1
792: 98 1
793: 0 1
794: 99 1
795: 0 1
796: 99 1
797: 714 1
798: 689 1
799: 715 1
800: 689 1
801: 715 1
802: 690 1
803: 714 1
804: 690 1
805: 714 1
806: 689 1
807: 715 1
808: 689 1
809: 0 1
810: 98 1
811: 97 1
812: 714 0
813: 715 0
814: 714 0
815: 714 0
816: 715 0
817: 689 0
818: 690 0
819: 690 0
820: 689 0
821: 689 0
822: 715 0
823: 714 0
824: 714 0
825: 715 0
826: 714 0
827: 689 0
828: 690 0
829: 690 0
830: 689 0
831: 690 0
832: 0 0
833: 0 0
834: 0 0
835: 0 0
836: 0 0
837: 98 0
838: 97 0
839: 97 0
840: 98 0
841: 97 0
842: 714 0
843: 714 0
844: 715 0
845: 714 0
846: 714 0
847: 689 0
848: 689 0
849: 689 0
850: 690 0
851: 689 0
852: 714 0
853: 715 0
854: 714 0
855: 714 0
856: 715 0
857: 689 0
858: 690 0
859: 689 0
860: 689 0
861: 690 0
862: 714 0
863: 714 0
864: 714 0
865: 714 0
866: 714 0
867: 690 0
868: 688 0
869: 689 0
870: 690 0
871: 689 0
872: 714 0
873: 715 0
874: 714 0
875: 714 0
876: 715 0
877: 688 0
878: 688 0
879: 690 0
880: 689 0
881: 689 0
882: 715 0
883: 714 0
884: 714 0
885: 715 0
886: 714 0
887: 689 0
888: 690 0
889: 689 0
890: 690 0
891: 688 0
892: 0 0
893: 0 0
894: 0 0
895: 0 0
896: 0 0
897: 98 0
898: 98 0
899: 97 0
900: 97 0
901: 97 0
902: 0 0
903: 0 0
904: 0 0
905: 0 0
906: 0 0
907: 97 0
908: 98 0
909: 97 0
910: 97 0
911: 98 0
912: 0 1
913: 99 1
914: 0 1
915: 97 1
916: 0 1
917: 98 1
918: 0 1
919: 97 1
920: 716 1
921: 690 1
922: 0 1
923: 97 1
924: 0 1
925: 97 1
926: 0 1
927: 97 1
928: 0 1
929: 98 1
930: 0 1
931: 98 1
932: 715 1
933: 691 1
934: 715 1
935: 690 1
936: 715 1
937: 690 1
938: 0 1
939: 97 1
940: 0 1
941: 97 1
942: 0 1
943: 98 1
944: 0 1
945: 98 1
946: 715 1
947: 690 1
948: 715 1
949: 691 1
950: 715 1
951: 689 1
952: 715 1
953: 689 1
954: 714 1
955: 690 1
956: 714 1
957: 689 1
958: 715 1
959: 689 1
960: 714 1
961: 689 1
962: 714 1
963: 689 1
964: 714 1
965: 688 1
966: 713 1
967: 688 1
968: 713 1
969: 688 1
970: 712 1
971: 687 1
972: 713 1
973: 688 1
974: 713 1
975: 688 1
976: 713 1
977: 688 1
978: 714 1
979: 688 1
980: 713 1
981: 689 1
982: 713 1
983: 688 1
984: 714 1
985: 688 1
986: 713 1
987: 689 1
988: 713 1
989: 688 1
990: 0 1
991: 97 1
992: 0 1
993: 97 1
994: 713 1
995: 688 1
996: 714 1
997: 688 1
998: 0 1
999: 97 1
1000: 0 1
