1: 689 0
2: 715 0
3: 715 0
4: 715 0
5: 715 0
6: 714 0
7: 689 0
8: 689 0
9: 689 0
10: 689 0
11: 689 0
12: 714 0
13: 715 0
14: 714 0
15: 714 0
16: 715 0
17: 688 0
18: 689 0
19: 689 0
20: 689 0
21: 689 0
22: 715 0
23: 715 0
24: 714 0
25: 715 0
26: 714 0
27: 688 0
28: 689 0
29: 690 0
30: 689 0
31: 689 0
32: 715 0
33: 714 0
34: 714 0
35: 714 0
36: 715 0
37: 689 0
38: 689 0
39: 689 0
40: 689 0
41: 689 0
42: 715 0
43: 714 0
44: 714 0
45: 716 0
46: 714 0
47: 688 0
48: 688 0
49: 689 0
50: 689 0
51: 689 0
52: 689 0
53: 714 0
54: 714 0
55: 714 0
56: 714 0
57: 714 0
58: 689 0
59: 689 0
60: 689 0
61: 690 0
62: 689 0
63: 715 0
64: 714 0
65: 714 0
66: 714 0
67: 714 0
68: 688 0
69: 688 0
70: 689 0
71: 689 0
72: 689 0
73: 714 0
74: 715 0
75: 714 0
76: 714 0
77: 715 0
78: 688 0
79: 689 0
80: 689 0
81: 689 0
82: 689 0
83: 714 0
84: 714 0
85: 714 0
86: 714 0
87: 714 0
88: 688 0
89: 688 0
90: 688 0
91: 689 0
92: 688 0
93: 715 0
94: 714 0
95: 714 0
96: 714 0
97: 714 0
98: 688 0
99: 688 0
100: 689 0
101: 688 0
102: 688 0
103: 688 1
104: 688 1
105: 714 1
106: 689 1
107: 714 1
108: 688 1
109: 714 1
110: 688 1
111: 715 1
112: 689 1
113: 714 1
114: 689 1
115: 714 1
116: 689 1
117: 715 1
118: 688 1
119: 714 1
120: 689 1
121: 714 1
122: 688 1
123: 715 1
124: 689 1
125: 714 1
126: 689 1
127: 714 1
128: 689 1
129: 714 1
130: 689 1
131: 714 1
132: 688 1
133: 714 1
134: 688 1
135: 714 1
136: 688 1
137: 714 1
138: 688 1
139: 714 1
140: 688 1
141: 714 1
142: 688 1
143: 716 1
144: 688 1
145: 714 1
146: 690 1
147: 714 1
148: 688 1
149: 715 1
150: 689 1
151: 714 1
152: 688 1
153: 0 1
154: 94 1
155: 0 1
156: 95 1
157: 0 1
158: 94 1
159: 0 1
160: 95 1
161: 0 1
162: 95 1
163: 0 1
164: 94 1
165: 715 1
166: 689 1
167: 0 1
168: 95 1
169: 714 1
170: 689 1
171: 714 1
172: 689 1
173: 714 1
174: 690 1
175: 714 1
176: 689 1
177: 0 1
178: 94 1
179: 0 1
180: 95 1
181: 0 1
182: 95 1
183: 0 1
184: 95 1
185: 0 1
186: 95 1
187: 716 1
188: 689 1
189: 714 1
190: 690 1
191: 714 1
192: 689 1
193: 715 1
194: 689 1
195: 0 1
196: 95 1
197: 0 1
198: 95 1
199: 714 1
200: 689 1
201: 0 1
202: 94 1
203: 95 1
204: 713 0
205: 713 0
206: 714 0
207: 714 0
208: 714 0
209: 689 0
210: 688 0
211: 689 0
212: 689 0
213: 690 0
214: 714 0
215: 714 0
216: 714 0
217: 716 0
218: 714 0
219: 689 0
220: 690 0
221: 689 0
222: 689 0
223: 689 0
224: 714 0
225: 714 0
226: 714 0
227: 714 0
228: 714 0
229: 689 0
230: 689 0
231: 689 0
232: 689 0
233: 689 0
234: 714 0
235: 714 0
236: 714 0
237: 714 0
238: 714 0
239: 689 0
240: 689 0
241: 689 0
242: 689 0
243: 689 0
244: 714 0
245: 714 0
246: 714 0
247: 714 0
248: 714 0
249: 690 0
250: 689 0
251: 689 0
252: 690 0
253: 714 0
254: 714 0
255: 715 0
256: 714 0
257: 714 0
258: 688 0
259: 689 0
260: 689 0
261: 689 0
262: 689 0
263: 0 0
264: 0 0
265: 0 0
266: 0 0
267: 0 0
268: 0 0
269: 95 0
270: 95 0
271: 95 0
272: 95 0
273: 95 0
274: 0 0
275: 0 0
276: 0 0
277: 0 0
278: 0 0
279: 95 0
280: 95 0
281: 95 0
282: 95 0
283: 94 0
284: 0 0
285: 0 0
286: 0 0
287: 0 0
288: 0 0
289: 95 0
290: 94 0
291: 95 0
292: 95 0
293: 94 0
294: 0 0
295: 0 0
296: 0 0
297: 0 0
298: 0 0
299: 95 0
300: 95 0
301: 94 0
302: 95 0
303: 95 0
304: 94 1
305: 690 1
306: 714 1
307: 689 1
308: 714 1
309: 689 1
310: 716 1
311: 689 1
312: 714 1
313: 690 1
314: 714 1
315: 689 1
316: 0 1
317: 93 1
318: 714 1
319: 690 1
320: 0 1
321: 95 1
322: 0 1
323: 95 1
324: 714 1
325: 689 1
326: 714 1
327: 689 1
328: 714 1
329: 689 1
330: 714 1
331: 689 1
332: 714 1
333: 689 1
334: 714 1
335: 689 1
336: 714 1
337: 690 1
338: 0 1
339: 95 1
340: 0 1
341: 95 1
342: 0 1
343: 94 1
344: 0 1
345: 95 1
346: 0 1
347: 95 1
348: 0 1
349: 95 1
350: 0 1
351: 95 1
352: 0 1
353: 95 1
354: 0 1
355: 96 1
356: 0 1
357: 95 1
358: 0 1
359: 95 1
360: 0 1
361: 95 1
362: 714 1
363: 689 1
364: 714 1
365: 688 1
366: 714 1
367: 689 1
368: 714 1
369: 688 1
370: 714 1
371: 689 1
372: 714 1
373: 689 1
374: 714 1
375: 688 1
376: 714 1
377: 689 1
378: 715 1
379: 689 1
380: 715 1
381: 690 1
382: 714 1
383: 689 1
384: 715 1
385: 689 1
386: 714 1
387: 689 1
388: 714 1
389: 689 1
390: 714 1
391: 689 1
392: 714 1
393: 689 1
394: 714 1
395: 689 1
396: 714 1
397: 689 1
398: 714 1
399: 689 1
400: 714 1
401: 689 1
402: 714 1
403: 689 1
404: 689 1
405: 714 0
406: 714 0
407: 714 0
408: 714 0
409: 714 0
410: 689 0
411: 689 0
412: 689 0
413: 690 0
414: 689 0
415: 714 0
416: 715 0
417: 714 0
418: 714 0
419: 715 0
420: 688 0
421: 688 0
422: 689 0
423: 689 0
424: 689 0
425: 714 0
426: 714 0
427: 714 0
428: 714 0
429: 714 0
430: 689 0
431: 689 0
432: 689 0
433: 689 0
434: 689 0
435: 714 0
436: 714 0
437: 714 0
438: 714 0
439: 714 0
440: 688 0
441: 688 0
442: 689 0
443: 689 0
444: 689 0
445: 715 0
446: 714 0
447: 714 0
448: 715 0
449: 714 0
450: 688 0
451: 690 0
452: 689 0
453: 689 0
454: 0 0
455: 0 0
456: 0 0
457: 0 0
458: 0 0
459: 0 0
460: 95 0
461: 95 0
462: 95 0
463: 95 0
464: 95 0
465: 0 0
466: 0 0
467: 0 0
468: 0 0
469: 0 0
470: 95 0
471: 95 0
472: 94 0
473: 94 0
474: 95 0
475: 714 0
476: 714 0
477: 715 0
478: 714 0
479: 714 0
480: 692 0
481: 690 0
482: 690 0
483: 690 0
484: 689 0
485: 715 0
486: 715 0
487: 715 0
488: 715 0
489: 715 0
490: 689 0
491: 689 0
492: 689 0
493: 690 0
494: 690 0
495: 715 0
496: 715 0
497: 715 0
498: 715 0
499: 715 0
500: 689 0
501: 690 0
502: 689 0
503: 689 0
504: 689 0
505: 689 1
506: 715 1
507: 689 1
508: 0 1
509: 95 1
510: 0 1
511: 95 1
512: 0 1
513: 95 1
514: 0 1
515: 95 1
516: 0 1
517: 95 1
518: 0 1
519: 0 1
520: 94 1
521: 0 1
522: 94 1
523: 0 1
524: 95 1
525: 0 1
526: 95 1
527: 0 1
528: 95 1
529: 0 1
530: 95 1
531: 714 1
532: 689 1
533: 714 1
534: 689 1
535: 714 1
536: 689 1
537: 714 1
538: 689 1
539: 714 1
540: 689 1
541: 714 1
542: 690 1
543: 714 1
544: 689 1
545: 714 1
546: 689 1
547: 714 1
548: 688 1
549: 713 1
550: 689 1
551: 713 1
552: 688 1
553: 714 1
554: 690 1
555: 713 1
556: 688 1
557: 713 1
558: 688 1
559: 0 1
560: 94 1
561: 0 1
562: 94 1
563: 0 1
564: 93 1
565: 713 1
566: 688 1
567: 0 1
568: 96 1
569: 713 1
570: 688 1
571: 713 1
572: 688 1
573: 713 1
574: 688 1
575: 0 1
576: 96 1
577: 0 1
578: 95 1
579: 713 1
580: 688 1
581: 713 1
582: 688 1
583: 713 1
584: 688 1
585: 713 1
586: 688 1
587: 713 1
588: 689 1
589: 713 1
590: 688 1
591: 713 1
592: 688 1
593: 713 1
594: 688 1
595: 713 1
596: 688 1
597: 0 1
598: 95 1
599: 0 1
600: 95 1
601: 0 1
602: 95 1
603: 0 1
604: 94 1
605: 95 1
606: 0 0
607: 0 0
608: 0 0
609: 0 0
610: 0 0
611: 95 0
612: 95 0
613: 94 0
614: 94 0
615: 95 0
616: 0 0
617: 0 0
618: 0 0
619: 0 0
620: 0 0
621: 95 0
622: 96 0
623: 95 0
624: 95 0
625: 95 0
626: 0 0
627: 0 0
628: 0 0
629: 0 0
630: 0 0
631: 96 0
632: 96 0
633: 95 0
634: 95 0
635: 96 0
636: 714 0
637: 714 0
638: 714 0
639: 714 0
640: 715 0
641: 687 0
642: 688 0
643: 688 0
644: 688 0
645: 688 0
646: 713 0
647: 713 0
648: 713 0
649: 713 0
650: 714 0
651: 688 0
652: 688 0
653: 689 0
654: 688 0
655: 688 0
656: 714 0
657: 713 0
658: 713 0
659: 713 0
660: 713 0
661: 688 0
662: 688 0
663: 688 0
664: 688 0
665: 688 0
666: 0 0
667: 0 0
668: 0 0
669: 0 0
670: 0 0
671: 95 0
672: 95 0
673: 95 0
674: 95 0
675: 95 0
676: 0 0
677: 0 0
678: 0 0
679: 0 0
680: 0 0
681: 0 0
682: 95 0
683: 95 0
684: 95 0
685: 95 0
686: 95 0
687: 713 0
688: 714 0
689: 713 0
690: 713 0
691: 713 0
692: 688 0
693: 689 0
694: 688 0
695: 688 0
696: 688 0
697: 713 0
698: 713 0
699: 713 0
700: 713 0
701: 713 0
702: 687 0
703: 688 0
704: 688 0
705: 688 0
706: 688 0
707: 688 1
708: 713 1
709: 689 1
710: 713 1
711: 688 1
712: 0 1
713: 95 1
714: 0 1
715: 95 1
716: 713 1
717: 688 1
718: 714 1
719: 688 1
720: 713 1
721: 688 1
722: 713 1
723: 688 1
724: 713 1
725: 688 1
726: 713 1
727: 688 1
728: 713 1
729: 688 1
730: 713 1
731: 688 1
732: 714 1
733: 688 1
734: 713 1
735: 689 1
736: 713 1
737: 688 1
738: 714 1
739: 688 1
740: 0 1
741: 95 1
742: 0 1
743: 94 1
744: 0 1
745: 94 1
746: 0 1
747: 95 1
748: 713 1
749: 688 1
750: 713 1
751: 688 1
752: 713 1
753: 688 1
754: 713 1
755: 688 1
756: 713 1
757: 688 1
758: 713 1
759: 689 1
760: 0 1
761: 95 1
762: 713 1
763: 688 1
764: 713 1
765: 688 1
766: 713 1
767: 688 1
768: 0 1
769: 95 1
770: 0 1
771: 94 1
772: 0 1
773: 95 1
774: 0 1
775: 95 1
776: 0 1
777: 95 1
778: 0 1
779: 95 1
780: 0 1
781: 95 1
782: 0 1
783: 95 1
784: 713 1
785: 689 1
786: 0 1
787: 95 1
788: 713 1
789: 688 1
790: 713 1
791: 688 1
792: 713 1
793: 688 1
794: 714 1
795: 688 1
796: 713 1
797: 689 1
798: 713 1
799: 688 1
800: 714 1
801: 688 1
802: 0 1
803: 95 1
804: 0 1
805: 95 1
806: 93 1
807: 0 0
808: 0 0
809: 0 0
810: 0 0
811: 0 0
812: 96 0
813: 95 0
814: 95 0
815: 95 0
816: 95 0
817: 95 0
818: 0 0
819: 0 0
820: 0 0
821: 0 0
822: 0 0
823: 94 0
824: 95 0
825: 94 0
826: 95 0
827: 94 0
828: 0 0
829: 0 0
830: 0 0
831: 0 0
832: 0 0
833: 94 0
834: 94 0
835: 94 0
836: 93 0
837: 94 0
838: 713 0
839: 713 0
840: 713 0
841: 713 0
842: 714 0
843: 688 0
844: 688 0
845: 687 0
846: 688 0
847: 688 0
848: 714 0
849: 713 0
850: 713 0
851: 712 0
852: 713 0
853: 687 0
854: 688 0
855: 688 0
856: 688 0
857: 688 0
858: 0 0
859: 0 0
860: 0 0
861: 0 0
862: 0 0
863: 95 0
864: 95 0
865: 95 0
866: 94 0
867: 94 0
868: 0 0
869: 0 0
870: 0 0
871: 0 0
872: 0 0
873: 95 0
874: 96 0
875: 95 0
876: 95 0
877: 95 0
878: 0 0
879: 0 0
880: 0 0
881: 0 0
882: 0 0
883: 96 0
884: 96 0
885: 95 0
886: 94 0
887: 95 0
888: 95 0
889: 0 0
890: 0 0
891: 0 0
892: 0 0
893: 0 0
894: 95 0
895: 95 0
896: 95 0
897: 95 0
898: 95 0
899: 0 0
900: 0 0
901: 0 0
902: 0 0
903: 0 0
904: 95 0
905: 95 0
906: 95 0
907: 95 0
908: 94 0
909: 0 1
910: 94 1
911: 0 1
912: 96 1
913: 0 1
914: 96 1
915: 0 1
916: 95 1
917: 0 1
918: 95 1
919: 0 1
920: 96 1
921: 0 1
922: 95 1
923: 0 1
924: 95 1
925: 0 1
926: 96 1
927: 0 1
928: 95 1
929: 0 1
930: 95 1
931: 0 1
932: 95 1
933: 0 1
934: 95 1
935: 713 1
936: 688 1
937: 713 1
938: 688 1
939: 713 1
940: 688 1
941: 713 1
942: 688 1
943: 713 1
944: 688 1
945: 0 1
946: 95 1
947: 0 1
948: 94 1
949: 0 1
950: 95 1
951: 0 1
952: 95 1
953: 0 1
954: 95 1
955: 0 1
956: 96 1
957: 0 1
958: 96 1
959: 0 1
960: 95 1
961: 0 1
962: 0 1
963: 95 1
964: 0 1
965: 94 1
966: 0 1
967: 95 1
968: 713 1
969: 688 1
970: 713 1
971: 688 1
972: 713 1
973: 688 1
974: 713 1
975: 688 1
976: 713 1
977: 688 1
978: 713 1
979: 688 1
980: 713 1
981: 688 1
982: 713 1
983: 688 1
984: 713 1
985: 688 1
986: 713 1
987: 714 1
988: 688 1
989: 0 1
990: 0 1
991: 95 1
992: 0 1
993: 95 1
994: 0 1
995: 95 1
996: 0 1
997: 95 1
998: 0 1
999: 95 1
1000: 0 1
