1: 690 0
2: 714 0
3: 715 0
4: 715 0
5: 715 0
6: 715 0
7: 689 0
8: 689 0
9: 689 0
10: 690 0
11: 690 0
12: 714 0
13: 715 0
14: 714 0
15: 714 0
16: 714 0
17: 689 0
18: 689 0
19: 690 0
20: 690 0
21: 690 0
22: 714 0
23: 715 0
24: 714 0
25: 714 0
26: 715 0
27: 689 0
28: 689 0
29: 690 0
30: 690 0
31: 690 0
32: 0 0
33: 0 0
34: 0 0
35: 0 0
36: 0 0
37: 100 0
38: 99 0
39: 98 0
40: 98 0
41: 99 0
42: 99 0
43: 0 0
44: 0 0
45: 0 0
46: 0 0
47: 0 0
48: 99 0
49: 98 0
50: 99 0
51: 100 0
52: 100 0
53: 714 0
54: 714 0
55: 714 0
56: 714 0
57: 714 0
58: 690 0
59: 690 0
60: 690 0
61: 690 0
62: 690 0
63: 714 0
64: 715 0
65: 714 0
66: 714 0
67: 716 0
68: 689 0
69: 690 0
70: 690 0
71: 690 0
72: 690 0
73: 714 0
74: 715 0
75: 714 0
76: 714 0
77: 714 0
78: 688 0
79: 689 0
80: 690 0
81: 690 0
82: 689 0
83: 691 0
84: 714 0
85: 714 0
86: 714 0
87: 715 0
88: 714 0
89: 690 0
90: 690 0
91: 690 0
92: 689 0
93: 690 0
94: 714 0
95: 714 0
96: 715 0
97: 714 0
98: 714 0
99: 690 0
100: 689 0
101: 690 0
102: 691 0
103: 689 0
104: 689 1
105: 715 1
106: 689 1
107: 714 1
108: 690 1
109: 714 1
110: 690 1
111: 715 1
112: 689 1
113: 714 1
114: 689 1
115: 714 1
116: 689 1
117: 714 1
118: 689 1
119: 714 1
120: 692 1
121: 715 1
122: 690 1
123: 0 1
124: 99 1
125: 0 1
126: 100 1
127: 0 1
128: 99 1
129: 716 1
130: 692 1
131: 714 1
132: 690 1
133: 714 1
134: 691 1
135: 0 1
136: 99 1
137: 0 1
138: 99 1
139: 0 1
140: 100 1
141: 714 1
142: 690 1
143: 714 1
144: 690 1
145: 715 1
146: 690 1
147: 715 1
148: 691 1
149: 0 1
150: 99 1
151: 713 1
152: 689 1
153: 713 1
154: 689 1
155: 0 1
156: 98 1
157: 0 1
158: 101 1
159: 0 1
160: 101 1
161: 713 1
162: 688 1
163: 713 1
164: 689 1
165: 713 1
166: 689 1
167: 713 1
168: 688 1
169: 713 1
170: 688 1
171: 713 1
172: 689 1
173: 713 1
174: 689 1
175: 713 1
176: 689 1
177: 0 1
178: 100 1
179: 0 1
180: 99 1
181: 0 1
182: 101 1
183: 0 1
184: 100 1
185: 0 1
186: 0 1
187: 101 1
188: 713 1
189: 689 1
190: 713 1
191: 689 1
192: 713 1
193: 714 1
194: 689 1
195: 713 1
196: 689 1
197: 713 1
198: 688 1
199: 713 1
200: 689 1
201: 713 1
202: 689 1
203: 690 1
204: 712 0
205: 713 0
206: 713 0
207: 713 0
208: 713 0
209: 689 0
210: 689 0
211: 689 0
212: 689 0
213: 689 0
214: 713 0
215: 713 0
216: 715 0
217: 714 0
218: 713 0
219: 690 0
220: 689 0
221: 689 0
222: 690 0
223: 689 0
224: 0 0
225: 0 0
226: 0 0
227: 0 0
228: 0 0
229: 99 0
230: 99 0
231: 99 0
232: 99 0
233: 99 0
234: 0 0
235: 0 0
236: 0 0
237: 0 0
238: 0 0
239: 102 0
240: 99 0
241: 100 0
242: 100 0
243: 99 0
244: 0 0
245: 0 0
246: 0 0
247: 0 0
248: 0 0
249: 0 0
250: 100 0
251: 100 0
252: 99 0
253: 100 0
254: 99 0
255: 713 0
256: 713 0
257: 713 0
258: 713 0
259: 713 0
260: 690 0
261: 690 0
262: 690 0
263: 689 0
264: 690 0
265: 713 0
266: 713 0
267: 713 0
268: 713 0
269: 713 0
270: 689 0
271: 690 0
272: 689 0
273: 690 0
274: 713 0
275: 714 0
276: 713 0
277: 713 0
278: 713 0
279: 689 0
280: 689 0
281: 689 0
282: 689 0
283: 689 0
284: 713 0
285: 713 0
286: 713 0
287: 713 0
288: 713 0
289: 689 0
290: 689 0
291: 689 0
292: 689 0
293: 689 0
294: 713 0
295: 713 0
296: 713 0
297: 713 0
298: 714 0
299: 689 0
300: 689 0
301: 689 0
302: 689 0
303: 689 0
304: 713 1
305: 689 1
306: 0 1
307: 99 1
308: 0 1
309: 99 1
310: 0 1
311: 99 1
312: 713 1
313: 689 1
314: 0 1
315: 99 1
316: 713 1
317: 690 1
318: 0 1
319: 99 1
320: 0 1
321: 98 1
322: 0 1
323: 99 1
324: 713 1
325: 689 1
326: 713 1
327: 689 1
328: 0 1
329: 99 1
330: 0 1
331: 100 1
332: 0 1
333: 100 1
334: 0 1
335: 99 1
336: 0 1
337: 100 1
338: 0 1
339: 99 1
340: 0 1
341: 100 1
342: 0 1
343: 100 1
344: 713 1
345: 690 1
346: 713 1
347: 690 1
348: 713 1
349: 690 1
350: 713 1
351: 689 1
352: 713 1
353: 690 1
354: 713 1
355: 689 1
356: 713 1
357: 689 1
358: 713 1
359: 689 1
360: 713 1
361: 689 1
362: 713 1
363: 690 1
364: 0 1
365: 99 1
366: 0 1
367: 99 1
368: 713 1
369: 690 1
370: 713 1
371: 689 1
372: 713 1
373: 690 1
374: 713 1
375: 689 1
376: 713 1
377: 689 1
378: 713 1
379: 689 1
380: 714 1
381: 692 1
382: 713 1
383: 689 1
384: 714 1
385: 689 1
386: 713 1
387: 690 1
388: 713 1
389: 689 1
390: 0 1
391: 99 1
392: 0 1
393: 99 1
394: 0 1
395: 99 1
396: 0 1
397: 99 1
398: 0 1
399: 99 1
400: 0 1
401: 99 1
402: 713 1
403: 690 1
404: 689 1
405: 713 0
406: 714 0
407: 713 0
408: 713 0
409: 714 0
410: 689 0
411: 689 0
412: 689 0
413: 689 0
414: 689 0
415: 713 0
416: 713 0
417: 713 0
418: 713 0
419: 713 0
420: 689 0
421: 689 0
422: 689 0
423: 689 0
424: 689 0
425: 713 0
426: 713 0
427: 713 0
428: 713 0
429: 713 0
430: 688 0
431: 689 0
432: 689 0
433: 688 0
434: 689 0
435: 0 0
436: 0 0
437: 0 0
438: 0 0
439: 0 0
440: 99 0
441: 99 0
442: 100 0
443: 99 0
444: 99 0
445: 0 0
446: 0 0
447: 0 0
448: 0 0
449: 0 0
450: 100 0
451: 99 0
452: 99 0
453: 99 0
454: 100 0
455: 0 0
456: 0 0
457: 0 0
458: 0 0
459: 0 0
460: 102 0
461: 100 0
462: 100 0
463: 99 0
464: 99 0
465: 0 0
466: 0 0
467: 0 0
468: 0 0
469: 0 0
470: 0 0
471: 100 0
472: 101 0
473: 100 0
474: 100 0
475: 100 0
476: 0 0
477: 0 0
478: 0 0
479: 0 0
480: 0 0
481: 101 0
482: 100 0
483: 99 0
484: 99 0
485: 100 0
486: 714 0
487: 714 0
488: 714 0
489: 714 0
490: 714 0
491: 690 0
492: 690 0
493: 690 0
494: 690 0
495: 690 0
496: 715 0
497: 714 0
498: 714 0
499: 715 0
500: 714 0
501: 690 0
502: 690 0
503: 690 0
504: 690 0
505: 691 0
506: 690 1
507: 714 1
508: 690 1
509: 714 1
510: 690 1
511: 714 1
512: 690 1
513: 714 1
514: 691 1
515: 714 1
516: 690 1
517: 0 1
518: 99 1
519: 0 1
520: 99 1
521: 0 1
522: 99 1
523: 0 1
524: 99 1
525: 0 1
526: 100 1
527: 0 1
528: 99 1
529: 0 1
530: 100 1
531: 0 1
532: 101 1
533: 0 1
534: 100 1
535: 0 1
536: 101 1
537: 0 1
538: 101 1
539: 0 1
540: 0 1
541: 100 1
542: 0 1
543: 99 1
544: 0 1
545: 100 1
546: 715 1
547: 690 1
548: 0 1
549: 99 1
550: 0 1
551: 99 1
552: 0 1
553: 99 1
554: 714 1
555: 690 1
556: 714 1
557: 690 1
558: 714 1
559: 690 1
560: 714 1
561: 690 1
562: 714 1
563: 690 1
564: 714 1
565: 690 1
566: 714 1
567: 691 1
568: 714 1
569: 689 1
570: 715 1
571: 690 1
572: 714 1
573: 690 1
574: 714 1
575: 690 1
576: 714 1
577: 690 1
578: 714 1
579: 690 1
580: 714 1
581: 690 1
582: 689 1
583: 714 1
584: 689 1
585: 714 1
586: 689 1
587: 714 1
588: 690 1
589: 714 1
590: 690 1
591: 714 1
592: 689 1
593: 714 1
594: 689 1
595: 714 1
596: 690 1
597: 714 1
598: 689 1
599: 715 1
600: 690 1
601: 714 1
602: 691 1
603: 714 1
604: 690 1
605: 690 1
606: 714 0
607: 714 0
608: 714 0
609: 714 0
610: 714 0
611: 690 0
612: 691 0
613: 689 0
614: 690 0
615: 690 0
616: 714 0
617: 714 0
618: 714 0
619: 714 0
620: 714 0
621: 689 0
622: 690 0
623: 690 0
624: 690 0
625: 690 0
626: 714 0
627: 715 0
628: 714 0
629: 714 0
630: 714 0
631: 691 0
632: 690 0
633: 690 0
634: 691 0
635: 690 0
636: 714 0
637: 715 0
638: 714 0
639: 714 0
640: 714 0
641: 690 0
642: 689 0
643: 690 0
644: 690 0
645: 690 0
646: 714 0
647: 714 0
648: 714 0
649: 714 0
650: 714 0
651: 690 0
652: 690 0
653: 690 0
654: 690 0
655: 690 0
656: 715 0
657: 715 0
658: 715 0
659: 715 0
660: 715 0
661: 690 0
662: 691 0
663: 692 0
664: 690 0
665: 691 0
666: 715 0
667: 715 0
668: 715 0
669: 715 0
670: 715 0
671: 691 0
672: 690 0
673: 691 0
674: 690 0
675: 691 0
676: 715 0
677: 715 0
678: 715 0
679: 715 0
680: 714 0
681: 690 0
682: 690 0
683: 690 0
684: 690 0
685: 691 0
686: 714 0
687: 714 0
688: 714 0
689: 714 0
690: 689 0
691: 690 0
692: 690 0
693: 689 0
694: 690 0
695: 715 0
696: 714 0
697: 715 0
698: 717 0
699: 716 0
700: 690 0
701: 692 0
702: 690 0
703: 690 0
704: 692 0
705: 692 1
706: 691 1
707: 717 1
708: 691 1
709: 716 1
710: 692 1
711: 714 1
712: 690 1
713: 714 1
714: 690 1
715: 714 1
716: 690 1
717: 714 1
718: 690 1
719: 714 1
720: 690 1
721: 0 1
722: 98 1
723: 714 1
724: 690 1
725: 714 1
726: 690 1
727: 714 1
728: 690 1
729: 714 1
730: 690 1
731: 714 1
732: 690 1
733: 714 1
734: 690 1
735: 714 1
736: 691 1
737: 0 1
738: 98 1
739: 0 1
740: 98 1
741: 0 1
742: 99 1
743: 0 1
744: 99 1
745: 0 1
746: 99 1
747: 0 1
748: 99 1
749: 0 1
750: 99 1
751: 0 1
752: 100 1
753: 714 1
754: 690 1
755: 0 1
756: 99 1
757: 0 1
758: 99 1
759: 0 1
760: 100 1
761: 0 1
762: 99 1
763: 714 1
764: 690 1
765: 714 1
766: 690 1
767: 714 1
768: 690 1
769: 714 1
770: 690 1
771: 714 1
772: 690 1
773: 714 1
774: 691 1
775: 714 1
776: 690 1
777: 715 1
778: 690 1
779: 0 1
780: 99 1
781: 0 1
782: 99 1
783: 0 1
784: 99 1
785: 0 1
786: 99 1
787: 0 1
788: 99 1
789: 0 1
790: 99 1
791: 714 1
792: 690 1
793: 714 1
794: 690 1
795: 714 1
796: 691 1
797: 714 1
798: 690 1
799: 715 1
800: 690 1
801: 714 1
802: 690 1
803: 714 1
804: 690 1
805: 690 1
806: 714 0
807: 714 0
808: 714 0
809: 714 0
810: 714 0
811: 690 0
812: 690 0
813: 690 0
814: 690 0
815: 689 0
816: 714 0
817: 714 0
818: 714 0
819: 714 0
820: 714 0
821: 689 0
822: 690 0
823: 689 0
824: 690 0
825: 690 0
826: 0 0
827: 0 0
828: 0 0
829: 0 0
830: 0 0
831: 99 0
832: 100 0
833: 99 0
834: 99 0
835: 99 0
836: 0 0
837: 0 0
838: 0 0
839: 0 0
840: 0 0
841: 99 0
842: 99 0
843: 99 0
844: 99 0
845: 99 0
846: 0 0
847: 0 0
848: 0 0
849: 0 0
850: 0 0
851: 0 0
852: 99 0
853: 99 0
854: 100 0
855: 99 0
856: 99 0
857: 0 0
858: 0 0
859: 0 0
860: 0 0
861: 0 0
862: 100 0
863: 99 0
864: 99 0
865: 100 0
866: 100 0
867: 0 0
868: 0 0
869: 0 0
870: 0 0
871: 0 0
872: 100 0
873: 100 0
874: 99 0
875: 100 0
876: 100 0
877: 0 0
878: 0 0
879: 0 0
880: 0 0
881: 0 0
882: 100 0
883: 99 0
884: 99 0
885: 101 0
886: 99 0
887: 0 0
888: 0 0
889: 0 0
890: 0 0
891: 0 0
892: 100 0
893: 99 0
894: 99 0
895: 99 0
896: 100 0
897: 714 0
898: 714 0
899: 714 0
900: 714 0
901: 714 0
902: 690 0
903: 691 0
904: 691 0
905: 690 0
906: 691 0
907: 714 1
908: 690 1
909: 714 1
910: 690 1
911: 714 1
912: 690 1
913: 714 1
914: 690 1
915: 714 1
916: 690 1
917: 714 1
918: 691 1
919: 0 1
920: 100 1
921: 0 1
922: 99 1
923: 0 1
924: 100 1
925: 0 1
926: 100 1
927: 0 1
928: 101 1
929: 0 1
930: 0 1
931: 100 1
932: 0 1
933: 99 1
934: 0 1
935: 100 1
936: 0 1
937: 100 1
938: 0 1
939: 100 1
940: 0 1
941: 100 1
942: 0 1
943: 99 1
944: 0 1
945: 100 1
946: 0 1
947: 101 1
948: 714 1
949: 691 1
950: 714 1
951: 690 1
952: 714 1
953: 692 1
954: 0 1
955: 100 1
956: 0 1
957: 99 1
958: 0 1
959: 100 1
960: 0 1
961: 100 1
962: 0 1
963: 99 1
964: 0 1
965: 99 1
966: 0 1
967: 100 1
968: 0 1
969: 101 1
970: 0 1
971: 100 1
972: 0 1
973: 99 1
974: 0 1
975: 100 1
976: 0 1
977: 100 1
978: 714 1
979: 691 1
980: 714 1
981: 691 1
982: 714 1
983: 690 1
984: 714 1
985: 690 1
986: 0 1
987: 99 1
988: 0 1
989: 101 1
990: 0 1
991: 99 1
992: 0 1
993: 99 1
994: 714 1
995: 690 1
996: 714 1
997: 691 1
998: 714 1
999: 690 1
1000: 714 1
