1: 689 0
2: 714 0
3: 715 0
4: 714 0
5: 715 0
6: 714 0
7: 688 0
8: 688 0
9: 688 0
10: 689 0
11: 688 0
12: 714 0
13: 715 0
14: 714 0
15: 714 0
16: 715 0
17: 688 0
18: 688 0
19: 688 0
20: 689 0
21: 688 0
22: 714 0
23: 715 0
24: 714 0
25: 714 0
26: 715 0
27: 688 0
28: 688 0
29: 690 0
30: 689 0
31: 689 0
32: 714 0
33: 714 0
34: 714 0
35: 714 0
36: 714 0
37: 689 0
38: 690 0
39: 688 0
40: 688 0
41: 688 0
42: 715 0
43: 714 0
44: 714 0
45: 716 0
46: 715 0
47: 688 0
48: 689 0
49: 690 0
50: 690 0
51: 689 0
52: 688 0
53: 715 0
54: 715 0
55: 715 0
56: 715 0
57: 715 0
58: 689 0
59: 688 0
60: 689 0
61: 689 0
62: 689 0
63: 714 0
64: 715 0
65: 715 0
66: 715 0
67: 714 0
68: 689 0
69: 689 0
70: 688 0
71: 689 0
72: 688 0
73: 714 0
74: 715 0
75: 714 0
76: 714 0
77: 715 0
78: 688 0
79: 688 0
80: 688 0
81: 688 0
82: 688 0
83: 714 0
84: 714 0
85: 714 0
86: 714 0
87: 714 0
88: 687 0
89: 688 0
90: 689 0
91: 687 0
92: 688 0
93: 715 0
94: 714 0
95: 714 0
96: 714 0
97: 714 0
98: 687 0
99: 688 0
100: 688 0
101: 688 0
102: 688 0
103: 688 1
104: 688 1
105: 714 1
106: 688 1
107: 714 1
108: 688 1
109: 0 1
110: 96 1
111: 0 1
112: 95 1
113: 0 1
114: 96 1
115: 0 1
116: 96 1
117: 0 1
118: 96 1
119: 0 1
120: 97 1
121: 0 1
122: 97 1
123: 0 1
124: 97 1
125: 0 1
126: 97 1
127: 714 1
128: 690 1
129: 714 1
130: 689 1
131: 715 1
132: 689 1
133: 714 1
134: 689 1
135: 714 1
136: 688 1
137: 715 1
138: 689 1
139: 714 1
140: 690 1
141: 714 1
142: 689 1
143: 714 1
144: 688 1
145: 714 1
146: 688 1
147: 0 1
148: 96 1
149: 0 1
150: 97 1
151: 0 1
152: 97 1
153: 0 1
154: 97 1
155: 0 1
156: 97 1
157: 0 1
158: 96 1
159: 0 1
160: 97 1
161: 0 1
162: 97 1
163: 714 1
164: 688 1
165: 714 1
166: 688 1
167: 714 1
168: 689 1
169: 714 1
170: 689 1
171: 715 1
172: 688 1
173: 714 1
174: 689 1
175: 714 1
176: 688 1
177: 0 1
178: 97 1
179: 0 1
180: 97 1
181: 0 1
182: 97 1
183: 0 1
184: 0 1
185: 97 1
186: 714 1
187: 690 1
188: 714 1
189: 689 1
190: 0 1
191: 96 1
192: 0 1
193: 97 1
194: 714 1
195: 688 1
196: 715 1
197: 689 1
198: 714 1
199: 690 1
200: 714 1
201: 688 1
202: 715 1
203: 690 1
204: 716 0
205: 716 0
206: 715 0
207: 715 0
208: 716 0
209: 689 0
210: 690 0
211: 690 0
212: 689 0
213: 690 0
214: 715 0
215: 715 0
216: 715 0
217: 715 0
218: 716 0
219: 689 0
220: 689 0
221: 689 0
222: 690 0
223: 690 0
224: 715 0
225: 715 0
226: 715 0
227: 715 0
228: 716 0
229: 690 0
230: 689 0
231: 691 0
232: 690 0
233: 690 0
234: 715 0
235: 714 0
236: 715 0
237: 716 0
238: 715 0
239: 689 0
240: 690 0
241: 689 0
242: 689 0
243: 690 0
244: 715 0
245: 715 0
246: 715 0
247: 715 0
248: 715 0
249: 690 0
250: 689 0
251: 690 0
252: 690 0
253: 688 0
254: 715 0
255: 715 0
256: 715 0
257: 715 0
258: 715 0
259: 689 0
260: 690 0
261: 689 0
262: 689 0
263: 690 0
264: 715 0
265: 714 0
266: 715 0
267: 715 0
268: 715 0
269: 690 0
270: 689 0
271: 690 0
272: 690 0
273: 689 0
274: 715 0
275: 715 0
276: 716 0
277: 715 0
278: 717 0
279: 691 0
280: 689 0
281: 689 0
282: 689 0
283: 689 0
284: 715 0
285: 715 0
286: 715 0
287: 715 0
288: 715 0
289: 689 0
290: 689 0
291: 690 0
292: 690 0
293: 690 0
294: 715 0
295: 716 0
296: 715 0
297: 715 0
298: 716 0
299: 689 0
300: 689 0
301: 690 0
302: 689 0
303: 690 0
304: 690 1
305: 715 1
306: 689 1
307: 715 1
308: 689 1
309: 715 1
310: 690 1
311: 715 1
312: 689 1
313: 715 1
314: 689 1
315: 715 1
316: 690 1
317: 716 1
318: 690 1
319: 715 1
320: 689 1
321: 0 1
322: 97 1
323: 0 1
324: 97 1
325: 715 1
326: 690 1
327: 715 1
328: 690 1
329: 715 1
330: 690 1
331: 716 1
332: 690 1
333: 716 1
334: 691 1
335: 715 1
336: 690 1
337: 716 1
338: 690 1
339: 715 1
340: 690 1
341: 715 1
342: 692 1
343: 715 1
344: 690 1
345: 716 1
346: 690 1
347: 715 1
348: 691 1
349: 716 1
350: 690 1
351: 716 1
352: 690 1
353: 715 1
354: 690 1
355: 0 1
356: 96 1
357: 716 1
358: 690 1
359: 715 1
360: 690 1
361: 715 1
362: 690 1
363: 716 1
364: 689 1
365: 716 1
366: 690 1
367: 715 1
368: 690 1
369: 715 1
370: 689 1
371: 0 1
372: 97 1
373: 715 1
374: 690 1
375: 716 1
376: 690 1
377: 0 1
378: 96 1
379: 0 1
380: 96 1
381: 0 1
382: 96 1
383: 0 1
384: 96 1
385: 0 1
386: 96 1
387: 0 1
388: 96 1
389: 716 1
390: 690 1
391: 716 1
392: 690 1
393: 0 1
394: 96 1
395: 0 1
396: 97 1
397: 0 1
398: 96 1
399: 0 1
400: 97 1
401: 0 1
402: 97 1
403: 96 1
404: 0 0
405: 0 0
406: 0 0
407: 0 0
408: 0 0
409: 97 0
410: 95 0
411: 97 0
412: 97 0
413: 97 0
414: 0 0
415: 0 0
416: 0 0
417: 0 0
418: 0 0
419: 0 0
420: 97 0
421: 96 0
422: 96 0
423: 97 0
424: 95 0
425: 0 0
426: 0 0
427: 0 0
428: 0 0
429: 0 0
430: 97 0
431: 97 0
432: 97 0
433: 97 0
434: 97 0
435: 0 0
436: 0 0
437: 0 0
438: 0 0
439: 0 0
440: 96 0
441: 97 0
442: 97 0
443: 96 0
444: 97 0
445: 0 0
446: 0 0
447: 0 0
448: 0 0
449: 0 0
450: 97 0
451: 96 0
452: 96 0
453: 96 0
454: 96 0
455: 0 0
456: 0 0
457: 0 0
458: 0 0
459: 0 0
460: 0 0
461: 97 0
462: 97 0
463: 97 0
464: 96 0
465: 96 0
466: 0 0
467: 0 0
468: 0 0
469: 0 0
470: 0 0
471: 96 0
472: 97 0
473: 97 0
474: 97 0
475: 97 0
476: 0 0
477: 0 0
478: 0 0
479: 0 0
480: 0 0
481: 97 0
482: 97 0
483: 97 0
484: 96 0
485: 97 0
486: 0 0
487: 0 0
488: 0 0
489: 0 0
490: 0 0
491: 97 0
492: 97 0
493: 97 0
494: 97 0
495: 96 0
496: 715 0
497: 715 0
498: 716 0
499: 715 0
500: 715 0
501: 690 0
502: 690 0
503: 690 0
504: 690 0
505: 690 0
506: 715 1
507: 691 1
508: 715 1
509: 690 1
510: 0 1
511: 96 1
512: 0 1
513: 96 1
514: 0 1
515: 97 1
516: 0 1
517: 97 1
518: 0 1
519: 96 1
520: 0 1
521: 96 1
522: 0 1
523: 97 1
524: 0 1
525: 96 1
526: 715 1
527: 690 1
528: 716 1
529: 691 1
530: 716 1
531: 690 1
532: 716 1
533: 691 1
534: 0 1
535: 96 1
536: 0 1
537: 97 1
538: 0 1
539: 97 1
540: 716 1
541: 691 1
542: 717 1
543: 691 1
544: 716 1
545: 691 1
546: 716 1
547: 690 1
548: 0 1
549: 97 1
550: 0 1
551: 97 1
552: 0 1
553: 97 1
554: 0 1
555: 96 1
556: 0 1
557: 97 1
558: 0 1
559: 97 1
560: 716 1
561: 690 1
562: 715 1
563: 690 1
564: 716 1
565: 690 1
566: 715 1
567: 690 1
568: 715 1
569: 690 1
570: 715 1
571: 689 1
572: 0 1
573: 96 1
574: 0 1
575: 97 1
576: 716 1
577: 690 1
578: 715 1
579: 691 1
580: 715 1
581: 690 1
582: 716 1
583: 690 1
584: 715 1
585: 690 1
586: 715 1
587: 689 1
588: 716 1
589: 689 1
590: 715 1
591: 690 1
592: 715 1
593: 690 1
594: 715 1
595: 689 1
596: 715 1
597: 691 1
598: 715 1
599: 689 1
600: 715 1
601: 689 1
602: 716 1
603: 689 1
604: 0 1
605: 96 1
606: 96 1
607: 0 0
608: 0 0
609: 0 0
610: 0 0
611: 0 0
612: 97 0
613: 96 0
614: 96 0
615: 95 0
616: 96 0
617: 0 0
618: 0 0
619: 0 0
620: 0 0
621: 0 0
622: 0 0
623: 97 0
624: 96 0
625: 96 0
626: 95 0
627: 97 0
628: 0 0
629: 0 0
630: 0 0
631: 0 0
632: 0 0
633: 97 0
634: 97 0
635: 97 0
636: 97 0
637: 97 0
638: 0 0
639: 0 0
640: 0 0
641: 0 0
642: 0 0
643: 97 0
644: 96 0
645: 96 0
646: 96 0
647: 96 0
648: 0 0
649: 0 0
650: 0 0
651: 0 0
652: 0 0
653: 97 0
654: 96 0
655: 97 0
656: 96 0
657: 96 0
658: 0 0
659: 0 0
660: 0 0
661: 0 0
662: 0 0
663: 100 0
664: 95 0
665: 96 0
666: 96 0
667: 95 0
668: 97 0
669: 0 0
670: 0 0
671: 0 0
672: 0 0
673: 0 0
674: 97 0
675: 97 0
676: 97 0
677: 97 0
678: 96 0
679: 0 0
680: 0 0
681: 0 0
682: 0 0
683: 0 0
684: 98 0
685: 98 0
686: 98 0
687: 97 0
688: 97 0
689: 0 0
690: 0 0
691: 0 0
692: 0 0
693: 0 0
694: 97 0
695: 97 0
696: 97 0
697: 97 0
698: 97 0
699: 0 0
700: 0 0
701: 0 0
702: 0 0
703: 0 0
704: 97 0
705: 97 0
706: 97 0
707: 97 0
708: 97 0
709: 97 0
710: 689 1
711: 0 1
712: 96 1
713: 0 1
714: 97 1
715: 0 1
716: 97 1
717: 0 1
718: 97 1
719: 0 1
720: 97 1
721: 714 1
722: 690 1
723: 714 1
724: 689 1
725: 0 1
726: 97 1
727: 0 1
728: 97 1
729: 0 1
730: 97 1
731: 0 1
732: 97 1
733: 714 1
734: 690 1
735: 714 1
736: 689 1
737: 714 1
738: 690 1
739: 714 1
740: 689 1
741: 715 1
742: 689 1
743: 714 1
744: 690 1
745: 714 1
746: 688 1
747: 714 1
748: 689 1
749: 714 1
750: 689 1
751: 714 1
752: 689 1
753: 714 1
754: 689 1
755: 714 1
756: 689 1
757: 714 1
758: 689 1
759: 714 1
760: 688 1
761: 714 1
762: 689 1
763: 714 1
764: 689 1
765: 715 1
766: 689 1
767: 714 1
768: 689 1
769: 714 1
770: 690 1
771: 714 1
772: 689 1
773: 0 1
774: 97 1
775: 0 1
776: 97 1
777: 0 1
778: 96 1
779: 0 1
780: 97 1
781: 714 1
782: 689 1
783: 0 1
784: 95 1
785: 0 1
786: 97 1
787: 714 1
788: 689 1
789: 714 1
790: 689 1
791: 714 1
792: 690 1
793: 714 1
794: 689 1
795: 716 1
796: 688 1
797: 714 1
798: 690 1
799: 714 1
800: 689 1
801: 715 1
802: 689 1
803: 0 1
804: 97 1
805: 714 1
806: 689 1
807: 715 1
808: 688 1
809: 689 1
810: 714 0
811: 714 0
812: 714 0
813: 714 0
814: 714 0
815: 689 0
816: 689 0
817: 689 0
818: 689 0
819: 689 0
820: 714 0
821: 714 0
822: 714 0
823: 714 0
824: 714 0
825: 689 0
826: 689 0
827: 689 0
828: 689 0
829: 689 0
830: 0 0
831: 0 0
832: 0 0
833: 0 0
834: 0 0
835: 97 0
836: 97 0
837: 96 0
838: 96 0
839: 96 0
840: 714 0
841: 714 0
842: 714 0
843: 714 0
844: 714 0
845: 688 0
846: 690 0
847: 689 0
848: 689 0
849: 689 0
850: 714 0
851: 714 0
852: 715 0
853: 714 0
854: 714 0
855: 689 0
856: 688 0
857: 689 0
858: 689 0
859: 689 0
860: 714 0
861: 714 0
862: 714 0
863: 714 0
864: 714 0
865: 688 0
866: 689 0
867: 689 0
868: 689 0
869: 689 0
870: 714 0
871: 714 0
872: 714 0
873: 714 0
874: 714 0
875: 689 0
876: 689 0
877: 689 0
878: 690 0
879: 689 0
880: 714 0
881: 715 0
882: 714 0
883: 714 0
884: 715 0
885: 689 0
886: 689 0
887: 689 0
888: 689 0
889: 688 0
890: 0 0
891: 0 0
892: 0 0
893: 0 0
894: 0 0
895: 96 0
896: 96 0
897: 96 0
898: 96 0
899: 96 0
900: 0 0
901: 0 0
902: 0 0
903: 0 0
904: 0 0
905: 97 0
906: 97 0
907: 96 0
908: 97 0
909: 97 0
910: 0 1
911: 97 1
912: 714 1
913: 690 1
914: 714 1
915: 689 1
916: 715 1
917: 689 1
918: 0 1
919: 96 1
920: 0 1
921: 97 1
922: 0 1
923: 97 1
924: 0 1
925: 97 1
926: 0 1
927: 96 1
928: 0 1
929: 97 1
930: 0 1
931: 97 1
932: 0 1
933: 97 1
934: 0 1
935: 97 1
936: 715 1
937: 690 1
938: 714 1
939: 689 1
940: 714 1
941: 689 1
942: 714 1
943: 689 1
944: 714 1
945: 689 1
946: 714 1
947: 689 1
948: 714 1
949: 689 1
950: 715 1
951: 689 1
952: 714 1
953: 689 1
954: 0 1
955: 97 1
956: 714 1
957: 689 1
958: 714 1
959: 689 1
960: 714 1
961: 689 1
962: 714 1
963: 689 1
964: 714 1
965: 689 1
966: 714 1
967: 689 1
968: 714 1
969: 689 1
970: 714 1
971: 690 1
972: 0 1
973: 96 1
974: 0 1
975: 97 1
976: 714 1
977: 689 1
978: 714 1
979: 689 1
980: 0 1
981: 95 1
982: 0 1
983: 96 1
984: 0 1
985: 97 1
986: 0 1
987: 96 1
988: 0 1
989: 97 1
990: 0 1
991: 97 1
992: 0 1
993: 97 1
994: 0 1
995: 97 1
996: 0 1
997: 99 1
998: 96 1
999: 714 1
1000: 715 1
