1: 609 0
2: 0 0
3: 0 0
4: 0 0
5: 0 0
6: 0 0
7: 612 0
8: 609 0
9: 609 0
10: 610 0
11: 611 0
12: 714 0
13: 714 0
14: 716 0
15: 714 0
16: 714 0
17: 607 0
18: 606 0
19: 607 0
20: 609 0
21: 606 0
22: 0 0
23: 0 0
24: 0 0
25: 0 0
26: 0 0
27: 614 0
28: 610 0
29: 612 0
30: 608 0
31: 609 0
32: 608 0
33: 714 0
34: 714 0
35: 714 0
36: 714 0
37: 714 0
38: 609 0
39: 605 0
40: 607 0
41: 608 0
42: 609 0
43: 715 0
44: 715 0
45: 714 0
46: 714 0
47: 715 0
48: 603 0
49: 608 0
50: 606 0
51: 608 0
52: 608 0
53: 714 0
54: 715 0
55: 714 0
56: 715 0
57: 714 0
58: 606 0
59: 607 0
60: 606 0
61: 607 0
62: 609 0
63: 715 0
64: 714 0
65: 714 0
66: 714 0
67: 714 0
68: 602 0
69: 607 0
70: 605 0
71: 604 0
72: 605 0
73: 714 0
74: 714 0
75: 714 0
76: 715 0
77: 714 0
78: 605 0
79: 605 0
80: 605 0
81: 604 0
82: 606 0
83: 714 0
84: 714 0
85: 714 0
86: 714 0
87: 714 0
88: 714 0
89: 604 0
90: 604 0
91: 601 0
92: 605 0
93: 603 0
94: 714 0
95: 715 0
96: 714 0
97: 714 0
98: 714 0
99: 604 0
100: 606 0
101: 604 0
102: 607 0
103: 605 0
104: 607 1
105: 714 1
106: 604 1
107: 716 1
108: 603 1
109: 714 1
110: 607 1
111: 714 1
112: 607 1
113: 715 1
114: 605 1
115: 714 1
116: 604 1
117: 714 1
118: 604 1
119: 715 1
120: 603 1
121: 714 1
122: 604 1
123: 714 1
124: 603 1
125: 714 1
126: 603 1
127: 715 1
128: 604 1
129: 714 1
130: 605 1
131: 714 1
132: 603 1
133: 714 1
134: 606 1
135: 714 1
136: 605 1
137: 714 1
138: 605 1
139: 715 1
140: 601 1
141: 714 1
142: 607 1
143: 714 1
144: 606 1
145: 0 1
146: 605 1
147: 714 1
148: 606 1
149: 714 1
150: 605 1
151: 715 1
152: 607 1
153: 0 1
154: 607 1
155: 714 1
156: 607 1
157: 715 1
158: 606 1
159: 714 1
160: 606 1
161: 714 1
162: 605 1
163: 0 1
164: 608 1
165: 0 1
166: 608 1
167: 0 1
168: 609 1
169: 716 1
170: 608 1
171: 715 1
172: 609 1
173: 714 1
174: 604 1
175: 715 1
176: 606 1
177: 714 1
178: 606 1
179: 714 1
180: 604 1
181: 0 1
182: 608 1
183: 0 1
184: 606 1
185: 0 1
186: 608 1
187: 0 1
188: 608 1
189: 714 1
190: 608 1
191: 714 1
192: 605 1
193: 0 1
194: 608 1
195: 714 1
196: 607 1
197: 714 1
198: 605 1
199: 0 1
200: 608 1
201: 714 1
202: 605 1
203: 605 1
204: 714 0
205: 715 0
206: 714 0
207: 714 0
208: 715 0
209: 604 0
210: 604 0
211: 606 0
212: 604 0
213: 604 0
214: 714 0
215: 714 0
216: 714 0
217: 714 0
218: 714 0
219: 603 0
220: 603 0
221: 606 0
222: 604 0
223: 605 0
224: 714 0
225: 714 0
226: 714 0
227: 714 0
228: 714 0
229: 606 0
230: 604 0
231: 606 0
232: 604 0
233: 714 0
234: 714 0
235: 714 0
236: 714 0
237: 715 0
238: 599 0
239: 606 0
240: 605 0
241: 603 0
242: 608 0
243: 715 0
244: 714 0
245: 714 0
246: 714 0
247: 714 0
248: 604 0
249: 606 0
250: 607 0
251: 601 0
252: 604 0
253: 714 0
254: 714 0
255: 714 0
256: 714 0
257: 714 0
258: 601 0
259: 606 0
260: 602 0
261: 604 0
262: 605 0
263: 714 0
264: 714 0
265: 714 0
266: 714 0
267: 714 0
268: 604 0
269: 607 0
270: 605 0
271: 605 0
272: 607 0
273: 714 0
274: 714 0
275: 715 0
276: 714 0
277: 714 0
278: 602 0
279: 606 0
280: 606 0
281: 607 0
282: 607 0
283: 714 0
284: 714 0
285: 715 0
286: 714 0
287: 714 0
288: 605 0
289: 603 0
290: 603 0
291: 604 0
292: 605 0
293: 0 0
294: 0 0
295: 0 0
296: 0 0
297: 0 0
298: 611 0
299: 610 0
300: 609 0
301: 605 0
302: 610 0
303: 714 1
304: 605 1
305: 715 1
306: 605 1
307: 714 1
308: 604 1
309: 714 1
310: 603 1
311: 714 1
312: 607 1
313: 714 1
314: 606 1
315: 714 1
316: 607 1
317: 714 1
318: 0 1
319: 0 1
320: 607 1
321: 714 1
322: 606 1
323: 714 1
324: 605 1
325: 0 1
326: 606 1
327: 714 1
328: 607 1
329: 0 1
330: 606 1
331: 714 1
332: 606 1
333: 714 1
334: 606 1
335: 714 1
336: 606 1
337: 0 1
338: 606 1
339: 714 1
340: 606 1
341: 714 1
342: 57 1
343: 0 1
344: 606 1
345: 0 1
346: 606 1
347: 0 1
348: 608 1
349: 714 1
350: 604 1
351: 714 1
352: 605 1
353: 0 1
354: 604 1
355: 714 1
356: 605 1
357: 0 1
358: 610 1
359: 714 1
360: 606 1
361: 0 1
362: 608 1
363: 714 1
364: 606 1
365: 714 1
366: 607 1
367: 714 1
368: 607 1
369: 714 1
370: 605 1
371: 0 1
372: 609 1
373: 714 1
374: 608 1
375: 714 1
376: 603 1
377: 0 1
378: 606 1
379: 0 1
380: 608 1
381: 714 1
382: 606 1
383: 714 1
384: 607 1
385: 714 1
386: 606 1
387: 714 1
388: 715 1
389: 601 1
390: 0 1
391: 0 1
392: 608 1
393: 714 1
394: 604 1
395: 0 1
396: 604 1
397: 714 1
398: 604 1
399: 714 1
400: 605 1
401: 0 1
402: 605 1
403: 714 0
404: 714 0
405: 714 0
406: 714 0
407: 714 0
408: 602 0
409: 604 0
410: 605 0
411: 606 0
412: 605 0
413: 0 0
414: 0 0
415: 0 0
416: 0 0
417: 0 0
418: 0 0
419: 606 0
420: 608 0
421: 608 0
422: 606 0
423: 608 0
424: 714 0
425: 714 0
426: 714 0
427: 714 0
428: 600 0
429: 604 0
430: 602 0
431: 604 0
432: 605 0
433: 714 0
434: 714 0
435: 714 0
436: 714 0
437: 714 0
438: 600 0
439: 605 0
440: 608 0
441: 604 0
442: 605 0
443: 714 0
444: 714 0
445: 714 0
446: 715 0
447: 714 0
448: 602 0
449: 604 0
450: 607 0
451: 605 0
452: 604 0
453: 714 0
454: 714 0
455: 714 0
456: 714 0
457: 714 0
458: 601 0
459: 605 0
460: 605 0
461: 604 0
462: 606 0
463: 0 0
464: 0 0
465: 0 0
466: 0 0
467: 0 0
468: 612 0
469: 608 0
470: 608 0
471: 610 0
472: 607 0
473: 715 0
474: 714 0
475: 714 0
476: 716 0
477: 714 0
478: 603 0
479: 606 0
480: 606 0
481: 605 0
482: 608 0
483: 0 0
484: 0 0
485: 0 0
486: 0 0
487: 0 0
488: 611 0
489: 607 0
490: 606 0
491: 608 0
492: 606 0
493: 714 0
494: 715 0
495: 715 0
496: 714 0
497: 714 0
498: 604 0
499: 603 0
500: 605 0
501: 605 0
502: 605 0
503: 714 1
504: 603 1
505: 714 1
506: 607 1
507: 714 1
508: 601 1
509: 0 1
510: 607 1
511: 714 1
512: 607 1
513: 714 1
514: 604 1
515: 715 1
516: 605 1
517: 714 1
518: 606 1
519: 0 1
520: 606 1
521: 715 1
522: 607 1
523: 714 1
524: 606 1
525: 0 1
526: 605 1
527: 0 1
528: 607 1
529: 714 1
530: 605 1
531: 714 1
532: 603 1
533: 0 1
534: 604 1
535: 714 1
536: 605 1
537: 714 1
538: 602 1
539: 0 1
540: 606 1
541: 714 1
542: 604 1
543: 714 1
544: 604 1
545: 0 1
546: 606 1
547: 0 1
548: 605 1
549: 714 1
550: 604 1
551: 713 1
552: 605 1
553: 0 1
554: 603 1
555: 714 1
556: 601 1
557: 713 1
558: 602 1
559: 713 1
560: 602 1
561: 0 1
562: 603 1
563: 0 1
564: 605 1
565: 713 1
566: 605 1
567: 0 1
568: 605 1
569: 0 1
570: 607 1
571: 714 1
572: 606 1
573: 714 1
574: 603 1
575: 713 1
576: 602 1
577: 713 1
578: 602 1
579: 714 1
580: 602 1
581: 714 1
582: 606 1
583: 0 1
584: 606 1
585: 715 1
586: 606 1
587: 715 1
588: 604 1
589: 0 1
590: 607 1
591: 716 1
592: 605 1
593: 0 1
594: 609 1
595: 715 1
596: 603 1
597: 716 1
598: 604 1
599: 715 1
600: 605 1
601: 714 1
602: 604 1
603: 604 0
604: 714 0
605: 715 0
606: 714 0
607: 714 0
608: 603 0
609: 606 0
610: 606 0
611: 604 0
612: 605 0
613: 714 0
614: 715 0
615: 714 0
616: 714 0
617: 715 0
618: 602 0
619: 603 0
620: 605 0
621: 605 0
622: 601 0
623: 0 0
624: 0 0
625: 0 0
626: 0 0
627: 0 0
628: 611 0
629: 605 0
630: 606 0
631: 606 0
632: 603 0
633: 714 0
634: 714 0
635: 715 0
636: 714 0
637: 714 0
638: 600 0
639: 605 0
640: 603 0
641: 604 0
642: 603 0
643: 714 0
644: 715 0
645: 714 0
646: 714 0
647: 715 0
648: 602 0
649: 604 0
650: 606 0
651: 604 0
652: 603 0
653: 715 0
654: 714 0
655: 714 0
656: 715 0
657: 714 0
658: 601 0
659: 604 0
660: 602 0
661: 604 0
662: 606 0
663: 714 0
664: 715 0
665: 714 0
666: 714 0
667: 715 0
668: 602 0
669: 603 0
670: 607 0
671: 603 0
672: 602 0
673: 0 0
674: 0 0
675: 0 0
676: 0 0
677: 0 0
678: 608 0
679: 605 0
680: 607 0
681: 604 0
682: 609 0
683: 715 0
684: 714 0
685: 714 0
686: 715 0
687: 714 0
688: 600 0
689: 606 0
690: 603 0
691: 604 0
692: 605 0
693: 714 0
694: 715 0
695: 714 0
696: 714 0
697: 715 0
698: 601 0
699: 603 0
700: 607 0
701: 605 0
702: 603 0
703: 715 1
704: 603 1
705: 714 1
706: 602 1
707: 0 1
708: 606 1
709: 0 1
710: 609 1
711: 714 1
712: 603 1
713: 714 1
714: 603 1
715: 0 1
716: 607 1
717: 714 1
718: 603 1
719: 714 1
720: 602 1
721: 715 1
722: 601 1
723: 714 1
724: 605 1
725: 714 1
726: 604 1
727: 0 1
728: 605 1
729: 714 1
730: 603 1
731: 714 1
732: 603 1
733: 715 1
734: 602 1
735: 0 1
736: 604 1
737: 714 1
738: 602 1
739: 0 1
740: 606 1
741: 714 1
742: 606 1
743: 714 1
744: 604 1
745: 0 1
746: 607 1
747: 0 1
748: 607 1
749: 714 1
750: 605 1
751: 715 1
752: 605 1
753: 714 1
754: 603 1
755: 714 1
756: 602 1
757: 715 1
758: 601 1
759: 714 1
760: 605 1
761: 714 1
762: 601 1
763: 715 1
764: 605 1
765: 714 1
766: 605 1
767: 714 1
768: 602 1
769: 715 1
770: 604 1
771: 714 1
772: 605 1
773: 714 1
774: 604 1
775: 714 1
776: 606 1
777: 715 1
778: 604 1
779: 714 1
780: 603 1
781: 714 1
782: 603 1
783: 0 1
784: 608 1
785: 714 1
786: 606 1
787: 714 1
788: 605 1
789: 0 1
790: 605 1
791: 714 1
792: 605 1
793: 714 1
794: 604 1
795: 715 1
796: 603 1
797: 714 1
798: 605 1
799: 714 1
800: 607 1
801: 0 1
802: 607 1
803: 714 0
804: 606 0
805: 606 0
806: 607 0
807: 604 0
808: 602 0
809: 714 0
810: 715 0
811: 714 0
812: 714 0
813: 715 0
814: 605 0
815: 606 0
816: 606 0
817: 606 0
818: 605 0
819: 715 0
820: 714 0
821: 714 0
822: 715 0
823: 714 0
824: 606 0
825: 606 0
826: 604 0
827: 606 0
828: 606 0
829: 0 0
830: 0 0
831: 0 0
832: 0 0
833: 0 0
834: 611 0
835: 605 0
836: 605 0
837: 606 0
838: 605 0
839: 0 0
840: 0 0
841: 0 0
842: 0 0
843: 0 0
844: 609 0
845: 608 0
846: 607 0
847: 607 0
848: 605 0
849: 714 0
850: 715 0
851: 714 0
852: 715 0
853: 714 0
854: 602 0
855: 607 0
856: 606 0
857: 603 0
858: 606 0
859: 714 0
860: 714 0
861: 715 0
862: 714 0
863: 714 0
864: 604 0
865: 605 0
866: 605 0
867: 604 0
868: 605 0
869: 714 0
870: 715 0
871: 714 0
872: 714 0
873: 715 0
874: 604 0
875: 602 0
876: 606 0
877: 605 0
878: 603 0
879: 715 0
880: 714 0
881: 714 0
882: 714 0
883: 714 0
884: 605 0
885: 605 0
886: 605 0
887: 606 0
888: 607 0
889: 714 0
890: 715 0
891: 714 0
892: 714 0
893: 715 0
894: 605 0
895: 607 0
896: 606 0
897: 606 0
898: 607 0
899: 606 0
900: 606 0
901: 608 0
902: 605 0
903: 714 1
904: 604 1
905: 715 1
906: 604 1
907: 714 1
908: 607 1
909: 714 1
910: 603 1
911: 715 1
912: 605 1
913: 0 1
914: 608 1
915: 714 1
916: 603 1
917: 715 1
918: 605 1
919: 714 1
920: 605 1
921: 714 1
922: 607 1
923: 0 1
924: 605 1
925: 714 1
926: 604 1
927: 714 1
928: 602 1
929: 714 1
930: 605 1
931: 715 1
932: 605 1
933: 714 1
934: 605 1
935: 714 1
936: 604 1
937: 715 1
938: 604 1
939: 714 1
940: 604 1
941: 714 1
942: 604 1
943: 715 1
944: 603 1
945: 714 1
946: 605 1
947: 714 1
948: 604 1
949: 715 1
950: 602 1
951: 714 1
952: 606 1
953: 714 1
954: 604 1
955: 715 1
956: 605 1
957: 714 1
958: 604 1
959: 599 1
960: 0 1
961: 0 1
962: 608 1
963: 715 1
964: 605 1
965: 714 1
966: 604 1
967: 715 1
968: 602 1
969: 602 1
970: 715 1
971: 599 1
972: 715 1
973: 600 1
974: 0 1
975: 606 1
976: 715 1
977: 599 1
978: 715 1
979: 604 1
980: 714 1
981: 604 1
982: 714 1
983: 603 1
984: 0 1
985: 608 1
986: 714 1
987: 600 1
988: 714 1
989: 601 1
990: 715 1
991: 602 1
992: 714 1
993: 600 1
994: 714 1
995: 601 1
996: 715 1
997: 604 1
998: 714 1
999: 601 1
1000: 715 1
