0, 0, 0, 0.02000025028156676, 0, 862.835918367347
1, 1.0000125681823895, 0, 0.02000025136364779, 1.0000125681823895, 646.8244897959183
2, 1.0000125335271852, 0, 0.30000375461721746, 1.0000125681823895, 428.39836734693876
3, 1.0000125996950875, 0, 0.42000525797750576, 1.0000125996950875, 268.23918367346937
4, 1.00001260731981, 0, 0.5800072605431893, 1.00001260731981, 206.54938775510203
5, 1.0000125798822523, 0, 0.6400080082817796, 1.00001260731981, 165.19836734693877
6, 1.0000126407867627, 0, 0.7000087633361071, 1.0000126407867627, 131.0742857142857
7, 1.0000125549278092, 0, 0.7600095127349941, 1.0000126407867627, 94.59020408163265
8, 1.0000127806960366, 0, 0.780009774998588, 1.0000127806960366, 85.34285714285714
9, 1.0000125855819573, 0, 0.7800097666401197, 1.0000127806960366, 72.55183673469388
10, 1.0000126001713623, 0, 0.7400092686612528, 1.0000127806960366, 80.99102040816327
11, 1.0000125854235624, 0, 0.8400105212066429, 1.0000127806960366, 86.10204081632654
12, 1.0000128751496735, 0, 0.8400105479018142, 1.0000128751496735, 75.43836734693878
13, 1.000012676841945, 0, 0.8400105306400747, 1.0000128751496735, 78.44244897959183
14, 1.0000126609523567, 0, 0.9000112957918428, 1.0000128751496735, 82.37387755102041
15, 1.0000127476225684, 0, 0.9400118026913203, 1.0000128751496735, 88.70938775510204
16, 1.000013095347223, 0, 0.8600108406145869, 1.000013095347223, 86.4604081632653
17, 1.000013170025023, 0, 0.9000116475553365, 1.000013170025023, 72.7591836734694
18, 1.0000128167335274, 0, 0.9400120665034595, 1.000013170025023, 67.14122448979592
19, 1.0000128307115912, 0, 0.9200118156376418, 1.000013170025023, 69.01959183673469
20, 1.0000130504006473, 0, 0.8600110708152916, 1.000013170025023, 64.32
21, 1.0000130347506453, 0, 0.8800113245059817, 1.000013170025023, 62.89224489795918
22, 1.0000186240548292, 0, 0.8200105860555786, 1.0000186240548292, 44.13142857142857
23, 1.0000154695790728, 0, 0.8800118019038292, 1.0000186240548292, 32.68816326530612
24, 1.0000165900758167, 0, 0.980013109228064, 1.0000186240548292, 34.733061224489795
25, 1.0000246469326892, 0, 0.9600132327327253, 1.0000246469326892, 37.199183673469385
26, 1.0000179723585125, 0, 0.900012167480851, 1.0000246469326892, 38.648979591836735
27, 1.0000179694519318, 0, 0.9200120901881479, 1.0000246469326892, 40.453061224489794
28, 1.0000140392255963, 0, 0.9200118421135088, 1.0000246469326892, 44.26285714285714
29, 1.0000183106586344, 0, 0.920012358535963, 1.0000246469326892, 44.754285714285714
30, 1.0000155712305943, 0, 0.9600127813437312, 1.0000246469326892, 49.496326530612244
31, 1.0000220385674932, 0, 0.980013462027931, 1.0000246469326892, 51.26122448979592
32, 1.000028291744469, 0, 0.8800139929906332, 1.000028291744469, 49.23755102040816
33, 1.000220848056537, 0, 0.8800218325570551, 1.000220848056537, 50.73877551020408
34, 1.000057250815824, 0, 0.9000167293394737, 1.000220848056537, 50.863673469387756
35, 1.0000311934618504, 0, 0.8800138837166803, 1.000220848056537, 55.16979591836735
36, 1.0000187892225019, 0, 0.8600121015343705, 1.000220848056537, 55.693061224489796
37, 1.0000183136766536, 0, 0.9400129485406373, 1.000220848056537, 55.735510204081635
38, 1.0000402657539762, 0, 0.9400179566746022, 1.000220848056537, 53.59510204081633
39, 1.000088097964937, 0, 0.9800202427507879, 1.000220848056537, 56.85795918367347
40, 1.000137193030594, 0, 0.920022170839507, 1.000220848056537, 52.46204081632653
41, 1.0000986679822397, 0, 0.9000232119034512, 1.000220848056537, 43.3134693877551
42, 1.0001603592046184, 0, 0.8600244913680521, 1.000220848056537, 42.93224489795919
43, 1.0001405283867342, 0, 0.9200289840603317, 1.000220848056537, 41.50530612244898
44, 1.0001034661148474, 0, 0.8800248711158659, 1.000220848056537, 43.925714285714285
45, 1.0000815461143278, 0, 0.8400169410208769, 1.000220848056537, 51.820408163265306
46, 1.0001504664459826, 0, 0.9000204517864182, 1.000220848056537, 53.61224489795919
47, 1.0002398656752218, 0, 0.8200246586487542, 1.0002398656752218, 50.44163265306123
48, 1.0000788022064617, 0, 0.8000181804884953, 1.0002398656752218, 51.928979591836736
49, 1.000145623998835, 0, 0.820020515976583, 1.0002398656752218, 50.58122448979592
50, 1.0001416229995752, 0, 0.8400266736597621, 1.0002398656752218, 56.10122448979592
51, 1.000326797385621, 0, 0.8600357322861838, 1.000326797385621, 56.43102040816326
52, 1.0001167406023814, 0, 0.8800248274612771, 1.000326797385621, 56.965714285714284
53, 1.0000935366195867, 0, 0.8600256343130062, 1.000326797385621, 54.073469387755104
54, 1.000140924464487, 0, 0.840031047725222, 1.000326797385621, 60.010612244897956
55, 1.0001284191601387, 0, 0.8400292211572854, 1.000326797385621, 55.52571428571429
56, 1.0002607561929595, 0, 0.8600306562158964, 1.000326797385621, 59.71918367346939
57, 1.0002058460271717, 0, 0.880028089044069, 1.000326797385621, 63.44244897959184
58, 1.000484027105518, 0, 0.8600333285831674, 1.000484027105518, 78.91428571428571
59, 1.0001185255422544, 0, 0.7600213835028543, 1.000484027105518, 81.1004081632653
60, 1.0003196930946292, 0, 0.8000282728406337, 1.000484027105518, 77.52734693877551
61, 1.005952380952381, 0, 0.8601541811685379, 1.005952380952381, 78.79918367346939
62, 1.0001527883880825, 0, 0.9000304339297776, 1.005952380952381, 71.79183673469387
63, 1.0002384927259718, 0, 0.9400296591477847, 1.005952380952381, 68.93142857142857
64, 1.000079396585947, 0, 0.9200208788017137, 1.005952380952381, 71.50285714285714
65, 1.0001183852255238, 0, 0.9000272735793541, 1.005952380952381, 76.32244897959184
66, 1.0000656426414598, 0, 0.8600195322448839, 1.005952380952381, 68.8595918367347
67, 1.0001387732445184, 0, 0.9000319577611497, 1.005952380952381, 74.54040816326531
68, 1.0001638001638002, 0, 0.940034036355739, 1.005952380952381, 82.24408163265306
69, 1.0002585315408479, 0, 0.9200272397472429, 1.005952380952381, 86.83755102040816
70, 1.0001233045622688, 0, 0.9000271291621951, 1.005952380952381, 87.67755102040816
71, 1.0002579979360164, 0, 0.9400295356586089, 1.005952380952381, 87.4334693877551
72, 1.0001154334526146, 0, 0.8800234928397334, 1.005952380952381, 81.2065306122449
73, 1.0001649620587265, 0, 0.9000267681719448, 1.005952380952381, 71.26857142857143
74, 1.0001824151769427, 0, 0.9200284448014696, 1.005952380952381, 65.85877551020408
75, 1.0004409171075839, 0, 0.9600363359055138, 1.005952380952381, 71.6734693877551
76, 1.0001184974523047, 0, 0.9400263237005533, 1.005952380952381, 78.48571428571428
77, 1.000099700897308, 0, 0.9400251558596951, 1.005952380952381, 74.75428571428571
78, 1.0001428163381891, 0, 0.8600195947926114, 1.005952380952381, 54.36489795918367
79, 1.0001663339986693, 0, 0.8400281270606417, 1.005952380952381, 54.539591836734694
80, 1.0002509410288583, 0, 0.8200264055049553, 1.005952380952381, 56.350204081632654
81, 1.0001033698573496, 0, 0.8200171425402831, 1.005952380952381, 63.6334693877551
82, 1.000093257483913, 0, 0.8200213101446434, 1.005952380952381, 65.40571428571428
83, 1.0001259604484192, 0, 0.840024846467509, 1.005952380952381, 67.91428571428571
84, 1.0001481481481482, 0, 0.8800212931507474, 1.005952380952381, 67.02530612244898
85, 1.0006443298969072, 0, 0.840034099265718, 1.005952380952381, 71.8661224489796
86, 1.0000821085474998, 0, 0.8400206511757182, 1.005952380952381, 77.91755102040817
87, 1.0001061571125265, 0, 0.8600198310558435, 1.005952380952381, 79.7404081632653
88, 1.000305716906145, 0, 0.86002591266098, 1.005952380952381, 80.99102040816327
89, 1.0001952743604765, 0, 0.8600235468437906, 1.005952380952381, 82.22857142857143
90, 1.0003968253968254, 0, 0.8400280448347864, 1.005952380952381, 83.88
91, 1.0001743071291616, 0, 0.8600235444283958, 1.005952380952381, 76.68081632653062
92, 1.000104079933389, 0, 0.9000255384407079, 1.005952380952381, 74.96163265306123
93, 1.0001448435689455, 0, 0.8200304098789265, 1.005952380952381, 78.0326530612245
94, 1.0005130836326321, 0, 0.8400444713944666, 1.005952380952381, 68.38857142857142
95, 1.000203873598369, 0, 0.900031612886196, 1.005952380952381, 71.68
96, 1.0001950078003121, 0, 0.820027222065159, 1.005952380952381, 72.56163265306122
97, 1.0003716090672612, 0, 0.8600458831738513, 1.005952380952381, 72.63020408163266
98, 1.0005847953216374, 0, 0.8600615692997579, 1.005952380952381, 70.53224489795919
99, 1.0010351966873705, 0, 0.840085598093268, 1.005952380952381, 65.5469387755102
100, 1.000252908447142, 0, 0.8800497741406008, 1.005952380952381, 60.13061224489796
101, 1.0008764241893076, 0, 0.9000643652608612, 1.005952380952381, 50.63265306122449
102, 1.000201126307321, 0, 0.900035873309476, 1.005952380952381, 50.09224489795918
103, 1.0002382654276865, 0, 0.8400576186740725, 1.005952380952381, 48.859591836734694
104, 1.0008375209380234, 0, 0.8600837471901887, 1.005952380952381, 50.7395918367347
105, 1.001131221719457, 0, 0.8600873440527369, 1.005952380952381, 51.84816326530612
106, 1.0021321961620469, 0, 0.8800960676323526, 1.005952380952381, 49.87510204081633
107, 1.0003632401017073, 0, 0.9200632297582753, 1.005952380952381, 43.70285714285714
108, 1.0007336757153338, 0, 0.9600595432758819, 1.005952380952381, 38.287346938775514
109, 1.0005906674542233, 0, 0.9400767035865174, 1.005952380952381, 39.89795918367347
110, 1.0006060606060605, 0, 0.9200455036685166, 1.005952380952381, 44.07918367346939
111, 1.0003955696202531, 0, 0.9000872341300667, 1.005952380952381, 47.78775510204082
112, 1.000354484225452, 0, 0.9200905219553269, 1.005952380952381, 55.82367346938776
113, 1.0006134969325153, 0, 0.8601046447876272, 1.005952380952381, 57.76326530612245
114, 1.0007610350076104, 0, 0.9201306178416323, 1.005952380952381, 60.92
115, 1.0003374957813027, 0, 0.9000775825795246, 1.005952380952381, 65.1330612244898
116, 1.000373552484124, 0, 0.9000900599983713, 1.005952380952381, 68.97632653061224
117, 1.0003042287800425, 0, 0.8800709371867924, 1.005952380952381, 71.71755102040817
118, 1.0007830853563038, 0, 0.9001033397036052, 1.005952380952381, 75.89632653061224
119, 1.0005285412262157, 0, 0.8800962450608512, 1.005952380952381, 80.29632653061225
120, 1.0011074197120708, 0, 0.8800954487354603, 1.005952380952381, 81.19673469387754
121, 1.0002602133749674, 0, 0.8200639358688973, 1.005952380952381, 78.71265306122449
122, 1.0003612716763006, 0, 0.8200897474422055, 1.005952380952381, 84.15510204081633
123, 1.000373692077728, 0, 0.8200744332929811, 1.005952380952381, 78.50938775510204
124, 1.0002984183825723, 0, 0.7800590849774396, 1.005952380952381, 69.8130612244898
125, 1.000446229361892, 0, 0.7800490569577793, 1.005952380952381, 70.7738775510204
126, 1.000359066427289, 0, 0.7600581664195893, 1.005952380952381, 71.36816326530612
127, 1.0006896551724138, 0, 0.8000885106685129, 1.005952380952381, 63.88
128, 1.0004355400696865, 0, 0.8400662672681503, 1.005952380952381, 67.4734693877551
129, 1.000372995151063, 0, 0.8800790915160118, 1.005952380952381, 68.71102040816326
130, 1.0004022526146419, 0, 0.8400789620403951, 1.005952380952381, 70.98857142857143
131, 1.000309981401116, 0, 0.8400653480642064, 1.005952380952381, 70.2326530612245
132, 1.0004863813229572, 0, 0.90008533214503, 1.005952380952381, 73.0065306122449
133, 1.0007153075822603, 0, 0.8800963320760412, 1.005952380952381, 71.62204081632653
134, 1.0003457814661134, 0, 0.8400819438203228, 1.005952380952381, 72.38938775510204
135, 1.0003827018752391, 0, 0.90009316075689, 1.005952380952381, 71.2865306122449
136, 1.000368052999632, 0, 0.9200961664465527, 1.005952380952381, 67.28897959183674
137, 1.0003004807692308, 0, 0.9400753495346379, 1.005952380952381, 64.19428571428571
138, 1.0002098195551825, 0, 0.9000759856477135, 1.005952380952381, 60.436734693877554
139, 1.0003335557038024, 0, 0.8800722472953146, 1.005952380952381, 65.05469387755102
140, 1.000559284116331, 0, 0.8600790741809611, 1.005952380952381, 68.81551020408163
141, 1.0008375209380234, 0, 0.9200734111587863, 1.005952380952381, 70.20408163265306
142, 1.0006854009595614, 0, 0.9200901019249643, 1.005952380952381, 68.72326530612244
143, 1.0004214075010536, 0, 0.9200991801922059, 1.005952380952381, 66.53551020408163
144, 1.000369549150037, 0, 0.9201059339642247, 1.005952380952381, 67.18122448979592
145, 1.0003762227238526, 0, 0.9000720023225953, 1.005952380952381, 66.97224489795919
146, 1.0025252525252526, 0, 0.920129892155122, 1.005952380952381, 63.72734693877551
147, 1.001150747986191, 0, 0.9000851001112273, 1.005952380952381, 70.06040816326531
148, 1.0006337135614702, 0, 0.9200999820147894, 1.005952380952381, 78.16163265306122
149, 1.0004694835680752, 0, 0.9000957372843257, 1.005952380952381, 79.54857142857144
150, 1.0005595970900951, 0, 0.9000794339619589, 1.005952380952381, 78.36897959183673
151, 1.0003628447024673, 0, 0.8800875293131836, 1.005952380952381, 79.54204081632653
152, 1.001779359430605, 0, 0.9000935364043032, 1.005952380952381, 86.0269387755102
153, 1.0010741138560688, 0, 0.8600767294467628, 1.005952380952381, 85.73959183673469
154, 1.0005271481286242, 0, 0.8800897191016647, 1.005952380952381, 90.64571428571429
155, 1.0003219575016098, 0, 0.8400744596559224, 1.005952380952381, 93.9730612244898
156, 1.0010162601626016, 0, 0.9000936029247778, 1.005952380952381, 88.73224489795918
157, 1.000271370420624, 0, 0.9200747020977704, 1.005952380952381, 103.84571428571428
158, 1.0018115942028984, 0, 0.8601158933746181, 1.005952380952381, 108.73387755102041
159, 1.0006269592476489, 0, 0.920097633421329, 1.005952380952381, 114.00326530612244
160, 1.0004739336492892, 0, 0.8000794349154978, 1.005952380952381, 110.52571428571429
161, 1.0003822629969419, 0, 0.8000713382237329, 1.005952380952381, 106.35510204081632
162, 1.0008873114463177, 0, 0.8400877582028865, 1.005952380952381, 88.63918367346939
163, 1.0015625, 0, 0.8801199114417042, 1.005952380952381, 83.8
164, 1.0004163197335554, 0, 0.9200838570252329, 1.005952380952381, 98.82448979591837
165, 1.0006242197253432, 0, 0.9001267220221945, 1.005952380952381, 105.20244897959184
166, 1.000751879699248, 0, 0.9001267148962229, 1.005952380952381, 109.95102040816326
167, 1.003058103975535, 0, 0.9201732127212681, 1.005952380952381, 101.20326530612245
168, 1.0005500550055006, 0, 0.8800937563971734, 1.005952380952381, 94.28979591836735
169, 1.0004385964912281, 0, 0.900097574042116, 1.005952380952381, 86.71020408163265
170, 1.0005847953216374, 0, 0.9400946837974563, 1.005952380952381, 88.81142857142858
171, 1.0002903600464577, 0, 0.9200945974886408, 1.005952380952381, 84.40816326530613
172, 1.0004366812227075, 0, 0.8800807878452965, 1.005952380952381, 90.75510204081633
173, 1.0008787346221442, 0, 0.9000844125662262, 1.005952380952381, 94.74204081632654
174, 1.0009099181073704, 0, 0.9600984148563793, 1.005952380952381, 88.01959183673469
175, 1.0005577244841048, 0, 0.960086956027418, 1.005952380952381, 96.8930612244898
176, 1.0003859513701274, 0, 0.9200832382511227, 1.005952380952381, 91.83102040816327
177, 1.0004019292604502, 0, 0.8800603533256965, 1.005952380952381, 85.27755102040817
178, 1.0022727272727272, 0, 0.9001441318463946, 1.005952380952381, 90.44244897959183
179, 1.0032154340836013, 0, 0.9401831987142691, 1.005952380952381, 95.82612244897959
180, 1.0003691399040235, 0, 0.9000574949192951, 1.005952380952381, 100.50857142857143
181, 1.0008650519031141, 0, 0.860073402394256, 1.005952380952381, 101.06530612244897
182, 1.0005527915975678, 0, 0.920094561820375, 1.005952380952381, 97.60816326530612
183, 1.002267573696145, 0, 0.9001656771155385, 1.005952380952381, 95.60979591836735
184, 1.0003172588832487, 0, 0.8800868922893406, 1.005952380952381, 90.15510204081633
185, 1.0002979737783075, 0, 0.8800497949005773, 1.005952380952381, 89.6008163265306
186, 1.0001945146858588, 0, 0.9200410076003781, 1.005952380952381, 85.8808163265306
187, 1.0003793626707131, 0, 0.9200704944954927, 1.005952380952381, 79.07673469387755
188, 1.0004585052728105, 0, 0.9201032444274873, 1.005952380952381, 82.31591836734694
189, 1.0006369426751593, 0, 0.9400971763762197, 1.005952380952381, 83.0465306122449
190, 1.0006101281269066, 0, 0.9200942372036606, 1.005952380952381, 87.77795918367347
191, 1.0005524861878452, 0, 0.8800715473681838, 1.005952380952381, 90.3395918367347
192, 1.0003589375448672, 0, 0.880056685050429, 1.005952380952381, 91.28081632653061
193, 1.00125, 0, 0.8800816226470266, 1.005952380952381, 89.08979591836734
194, 1.0002881014116969, 0, 0.92008427538105, 1.005952380952381, 88.4261224489796
195, 1.0010718113612005, 0, 0.9001431202615554, 1.005952380952381, 82.25224489795919
196, 1.0003508771929825, 0, 0.9200772583922217, 1.005952380952381, 77.79673469387755
197, 1.0010162601626016, 0, 0.9601209290724921, 1.005952380952381, 82.19265306122449
198, 1.0005938242280286, 0, 0.960137117850073, 1.005952380952381, 94.27183673469388
199, 1.0009784735812133, 0, 0.9201592746994034, 1.005952380952381, 94.30204081632652
200, 1.0009871668311945, 0, 0.9601290677634114, 1.005952380952381, 98.21795918367347
201, 1.0029940119760479, 0, 0.9401439082776174, 1.005952380952381, 99.53714285714285
202, 1.0003343363423605, 0, 0.9600728409275762, 1.005952380952381, 94.93224489795918
203, 1.001560062402496, 0, 0.9200885429972218, 1.005952380952381, 90.8604081632653
204, 1.0016207455429498, 0, 0.9401165994199614, 1.005952380952381, 88.46204081632654
205, 1.0002356823002592, 0, 0.9600538697036736, 1.005952380952381, 85.49061224489796
206, 1.0007418397626113, 0, 0.9801151962055443, 1.005952380952381, 82.08816326530612
207, 1.000441306266549, 0, 0.9400789312635466, 1.005952380952381, 78.44816326530612
208, 1.0004132231404959, 0, 0.9200696718869052, 1.005952380952381, 77.24734693877551
209, 1.0002702702702704, 0, 0.9000697515165027, 1.005952380952381, 72.20081632653061
210, 1.000330250990753, 0, 0.9400562684697227, 1.005952380952381, 75.95102040816326
211, 1.0002525252525252, 0, 0.940068056974143, 1.005952380952381, 88.06775510204082
212, 1.0004037141703674, 0, 0.860090427101284, 1.005952380952381, 104.7330612244898
213, 1.000652315720809, 0, 0.7800808976628322, 1.005952380952381, 108.28571428571429
214, 1.0005500550055006, 0, 0.8601000086952899, 1.005952380952381, 104.45714285714286
215, 1.000901713255185, 0, 0.9001051625737273, 1.005952380952381, 88.84163265306123
216, 1.0003355704697987, 0, 0.8200695057196254, 1.005952380952381, 78.06530612244897
217, 1.000245158126992, 0, 0.9000682281633946, 1.005952380952381, 54.6
218, 1.000265886732252, 0, 0.9200658351734758, 1.005952380952381, 56.23510204081633
219, 1.0002848191398461, 0, 0.9600772423578978, 1.005952380952381, 58.115102040816325
220, 1.000734214390602, 0, 0.920087003435992, 1.005952380952381, 68.80571428571429
221, 1.0003340013360054, 0, 0.9000596878925856, 1.005952380952381, 71.58448979591837
222, 1.000709723207949, 0, 0.8600819696764386, 1.005952380952381, 75.79265306122448
223, 1.0004426737494467, 0, 0.7600615430100082, 1.005952380952381, 74.64897959183673
224, 1.0004612546125462, 0, 0.8000560322504627, 1.005952380952381, 79.55510204081632
225, 1.0002457002457001, 0, 0.8800674353994734, 1.005952380952381, 82.0204081632653
226, 1.0003005710850617, 0, 0.8400746911104413, 1.005952380952381, 83.10122448979592
227, 1.0002952465308532, 0, 0.9600796998728418, 1.005952380952381, 84.18285714285715
228, 1.000482858522453, 0, 0.9601013055760877, 1.005952380952381, 85.68081632653062
229, 1.0002814522938361, 0, 0.8800750945115703, 1.005952380952381, 85.1338775510204
230, 1.0005015045135406, 0, 0.8200877059167699, 1.005952380952381, 79.35673469387756
231, 1.0002584647195658, 0, 0.9000515876746334, 1.005952380952381, 78.88734693877551
232, 1.000441111601235, 0, 0.8000436995946061, 1.005952380952381, 69.62367346938775
233, 1.0001650709805217, 0, 0.8200479328344008, 1.005952380952381, 64.01959183673469
234, 1.0005854800936769, 0, 0.8600888130538031, 1.005952380952381, 55.9730612244898
235, 1.0005149330587024, 0, 0.8800671130661551, 1.005952380952381, 48.84
236, 1.0003818251240932, 0, 0.9200905343110004, 1.005952380952381, 52.06204081632653
237, 1.0003030303030302, 0, 0.9000639187848356, 1.005952380952381, 48.90857142857143
238, 1.0006172839506173, 0, 0.9400609444854073, 1.005952380952381, 46.962448979591834
239, 1.0003561253561253, 0, 0.8600797585653923, 1.005952380952381, 48.79673469387755
240, 1.0003087372645878, 0, 0.8400559617392495, 1.005952380952381, 50.66367346938775
241, 1.0005112474437627, 0, 0.8800774957395008, 1.005952380952381, 50.369795918367345
242, 1.001169590643275, 0, 0.8400745141442969, 1.005952380952381, 52.93632653061224
243, 1.0001606425702811, 0, 0.8400272296628947, 1.005952380952381, 50.795918367346935
244, 1.0001820498816676, 0, 0.8800289722556812, 1.005952380952381, 56.10448979591837
245, 1.0004342162396873, 0, 0.900061575481153, 1.005952380952381, 59.885714285714286
246, 1.000335232986926, 0, 0.9400946503436264, 1.005952380952381, 58.21877551020408
247, 1.0002594033722438, 1.0000125004687677, 1.0000785299999637, 1.005952380952381, 60.013061224489796
248, 1.0016835016835017, 0, 0.9201349870978832, 1.005952380952381, 65.60244897959184
249, 1.0003808073115004, 0, 0.9000975959351268, 1.005952380952381, 71.72734693877551
250, 1.000491883915396, 0, 0.8800618439876124, 1.005952380952381, 73.87102040816326
251, 1.0006430868167202, 0, 0.9600654799244818, 1.005952380952381, 76.29632653061225
252, 1.0001876524676299, 0, 0.9000487585296625, 1.005952380952381, 68.33795918367348
253, 1.000333222259247, 0, 0.9000454716059534, 1.005952380952381, 62.39020408163265
254, 1.0003859513701274, 0, 0.8800671684578124, 1.005952380952381, 66.60244897959184
255, 1.0002721829069134, 0, 0.900052645132086, 1.005952380952381, 69.72571428571429
256, 1.0001392951664578, 0, 0.8800399674377654, 1.005952380952381, 74.44
257, 1.0002111932418163, 0, 0.8600663387594624, 1.005952380952381, 75.91510204081632
258, 1.0002797202797202, 0, 0.8800463988770488, 1.005952380952381, 73.06693877551021
259, 1.0006349206349205, 0, 0.8600648682866932, 1.005952380952381, 78.12979591836735
260, 1.0002653223666755, 0, 0.84003763429123, 1.005952380952381, 82.58775510204082
261, 1.0002043318348999, 0, 0.8400488704690481, 1.005952380952381, 82.06367346938775
262, 1.000433087916847, 0, 0.8200627600754334, 1.005952380952381, 79.28897959183674
263, 1.0002095557418273, 0, 0.8200573023644264, 1.005952380952381, 65.57795918367347
264, 1.0004826254826256, 0, 0.8600525846476857, 1.005952380952381, 47.38285714285714
265, 1.000419991600168, 0, 0.9200525705446728, 1.005952380952381, 43.91591836734694
266, 1.0008354218880535, 0, 0.9200676264096995, 1.005952380952381, 44.986938775510204
267, 1.0004703668861712, 0, 0.8400548281750666, 1.005952380952381, 48.90204081632653
268, 1.0001881467544684, 0, 0.8000610781739377, 1.005952380952381, 45.438367346938776
269, 1.000752445447705, 0, 0.9001005515489608, 1.005952380952381, 43.33877551020408
270, 1.0003888024883358, 0, 0.860061957145121, 1.005952380952381, 37.717551020408166
271, 1.0005640157924423, 0, 0.8600821897343103, 1.005952380952381, 42.91918367346939
272, 1.0004145936981759, 0, 0.9001025688690703, 1.005952380952381, 44.11102040816326
273, 1.0002484472049689, 0, 0.8600623585676727, 1.005952380952381, 47.053877551020406
274, 1.0008410428931875, 0, 0.8800796190533338, 1.005952380952381, 43.289795918367346
275, 1.0004302925989672, 0, 0.9001137069425649, 1.005952380952381, 47.29061224489796
276, 1.0005807200929153, 0, 0.8600674951132108, 1.005952380952381, 50.19591836734694
277, 1.0004982561036373, 0, 0.8800941434676001, 1.005952380952381, 57.11918367346939
278, 1.0003969829297341, 0, 0.8800950177595521, 1.005952380952381, 55.83183673469388
279, 1.0002850627137971, 0, 0.8400747289467904, 1.005952380952381, 49.608979591836736
280, 1.0006269592476489, 0, 0.940079233026073, 1.005952380952381, 48.717551020408166
281, 1.0008025682182986, 0, 0.9200919254552516, 1.005952380952381, 50.013061224489796
282, 1.0003889537145079, 0, 0.9800959197804793, 1.005952380952381, 50.735510204081635
283, 1.0004251700680271, 0, 0.9600721394236078, 1.005952380952381, 50.391020408163264
284, 1.0002480774001488, 0, 0.9800808010181876, 1.005952380952381, 49.19428571428571
285, 1.0002185314685315, 0, 0.9200624818612241, 1.005952380952381, 48.223673469387755
286, 1.0004933399111988, 0, 0.860097722510121, 1.005952380952381, 47.604897959183674
287, 1.0003810975609757, 0, 0.9000616785239923, 1.005952380952381, 51.16734693877551
288, 1.0004378283712785, 0, 0.9801050443699656, 1.005952380952381, 59.862857142857145
289, 1.0005750431282345, 1.0000126559850153, 1.0001193909415804, 1.005952380952381, 63.93387755102041
290, 1.0005296610169492, 0, 0.9800950383867675, 1.005952380952381, 70.91755102040817
291, 1.0004555808656037, 0, 0.9800788959871463, 1.005952380952381, 59.181224489795916
292, 1.0002879355024474, 0, 0.9400680711529503, 1.005952380952381, 56.689795918367345
293, 1.0005050505050506, 0, 0.9200777662433223, 1.005952380952381, 74.12408163265306
294, 1.005128205128205, 0, 0.8601752046785436, 1.005952380952381, 80.37142857142857
295, 1.0005336179295625, 0, 0.9200917320467478, 1.005952380952381, 78.06122448979592
296, 1.0003115264797509, 0, 0.9200778160063632, 1.005952380952381, 87.03918367346938
297, 1.0005571030640668, 0, 0.9400763338745906, 1.005952380952381, 87.29306122448979
298, 1.000309981401116, 0, 0.9200929693270007, 1.005952380952381, 94.72816326530612
299, 1.0005750431282345, 0, 0.8600861561986392, 1.005952380952381, 97.2408163265306
300, 1.0005181347150258, 0, 0.9400927932026591, 1.005952380952381, 105.76571428571428
301, 1.0006146281499693, 0, 0.940069237161592, 1.005952380952381, 84.09142857142857
302, 1.0007770007770007, 0, 0.9400949818372886, 1.005952380952381, 84.23918367346938
303, 1.000406834825061, 0, 0.9200833281136385, 1.005952380952381, 77.65142857142857
304, 1.0007407407407407, 0, 0.8801130497259355, 1.005952380952381, 75.64979591836735
305, 1.000324569944823, 0, 0.8200769672587507, 1.005952380952381, 68.38204081632654
306, 1.0014903129657229, 0, 0.8401179389924982, 1.005952380952381, 69.79836734693878
307, 1.0003029385034838, 0, 0.8200609855637074, 1.005952380952381, 64.35265306122449
308, 1.0007507507507507, 0, 0.8200865995917641, 1.005952380952381, 61.242448979591835
309, 1.0009624639076036, 0, 0.8201129720672953, 1.005952380952381, 65.4138775510204
310, 1.0003720238095237, 0, 0.9000793140223787, 1.005952380952381, 66.54204081632653
311, 1.0002986857825567, 0, 0.8400514586850691, 1.005952380952381, 67.26122448979592
312, 1.0003304692663582, 0, 0.8600841724572748, 1.005952380952381, 68.73061224489796
313, 1.0002490039840637, 0, 0.8400577227127386, 1.005952380952381, 64.08897959183673
314, 1.0004178854993733, 0, 0.9000528026291045, 1.005952380952381, 56.97877551020408
315, 1.0005184033177812, 0, 0.9000418391808798, 1.005952380952381, 63.53795918367347
316, 1.0004017677782242, 0, 0.9000811876152247, 1.005952380952381, 69.54122448979592
317, 1.0003676470588236, 0, 0.8400418331538881, 1.005952380952381, 68.5208163265306
318, 1.0027322404371584, 0, 0.860148210417286, 1.005952380952381, 66.58857142857143
319, 1.0003334444814937, 0, 0.8800819774964669, 1.005952380952381, 71.80163265306122
320, 1.0006561679790027, 0, 0.8801128975247988, 1.005952380952381, 73.80734693877551
321, 1.0012738853503185, 0, 0.8601068077825166, 1.005952380952381, 77.14122448979592
322, 1.001254705144291, 0, 0.9001044407893092, 1.005952380952381, 77.7730612244898
323, 1.0010515247108307, 0, 0.8800985347557183, 1.005952380952381, 80.78204081632653
324, 1.0008810572687226, 0, 0.940085880111715, 1.005952380952381, 77.59591836734694
325, 1.0008453085376163, 0, 0.8600689478622041, 1.005952380952381, 81.37551020408164
326, 1.0005512679162072, 0, 0.8600388113040502, 1.005952380952381, 84.11836734693877
327, 1.0003792188092528, 0, 0.8800564999342951, 1.005952380952381, 80.24408163265306
328, 1.0003941663381948, 0, 0.8200538997370377, 1.005952380952381, 82.58204081632653
329, 1.0003753753753755, 0, 0.8400462399887342, 1.005952380952381, 84.63265306122449
330, 1.0021321961620469, 0, 0.8601141530508732, 1.005952380952381, 85.49469387755101
331, 1.0003756574004508, 0, 0.8800469595698723, 1.005952380952381, 78.66530612244898
332, 1.0005506607929515, 0, 0.8800659003300423, 1.005952380952381, 84.99265306122449
333, 1.0003016591251885, 0, 0.8800464173879652, 1.005952380952381, 84.46285714285715
334, 1.000243368216111, 0, 0.8200352445211573, 1.005952380952381, 89.13142857142857
335, 1.0002006823198877, 0, 0.8800379737410275, 1.005952380952381, 88.52489795918368
336, 1.0001096130658775, 1.0000125183080255, 1.0000385779637282, 1.005952380952381, 90.2269387755102
337, 1.000492125984252, 0, 0.9400675968678075, 1.005952380952381, 94.7404081632653
338, 1.0002075980900975, 0, 0.9000363468339012, 1.005952380952381, 91.19673469387754
339, 1.0010672358591248, 0, 0.8400864149839312, 1.005952380952381, 89.43673469387755
340, 1.0002322880371661, 0, 0.8600335834280476, 1.005952380952381, 97.99183673469388
341, 1.0004127115146513, 0, 0.9000598162744154, 1.005952380952381, 102.98938775510204
342, 1.0005194805194806, 0, 0.8800781247384765, 1.005952380952381, 100.97714285714285
343, 1.0008764241893076, 0, 0.8400878811163741, 1.005952380952381, 102.81959183673469
344, 1.0003077870113881, 0, 0.8800734922490646, 1.005952380952381, 110.05142857142857
345, 1.0002356267672008, 0, 0.8600527406915215, 1.005952380952381, 112.12163265306123
346, 1.000372856077554, 0, 0.8600875786570868, 1.005952380952381, 108.95020408163265
347, 1.000446229361892, 0, 0.9201022293402265, 1.005952380952381, 109.4995918367347
348, 1.0002190100744635, 0, 0.8800548528264158, 1.005952380952381, 108.05224489795918
349, 1.000250815149235, 0, 0.8600366458598353, 1.005952380952381, 102.01795918367347
350, 1.0007434944237918, 0, 0.9600729599100767, 1.005952380952381, 97.71102040816326
351, 1.000326264274062, 0, 0.9600806366653596, 1.005952380952381, 94.88
352, 1.0002862049227246, 0, 0.9600591041290998, 1.005952380952381, 84.60326530612245
353, 1.0001387925052048, 0, 0.8400299984353921, 1.005952380952381, 70.4195918367347
354, 1.0012836970474968, 0, 0.9001011093845911, 1.005952380952381, 57.56081632653061
355, 1.0003121098626717, 0, 0.9400905692310316, 1.005952380952381, 65.95102040816326
356, 1.0009551098376313, 0, 0.9600888686294017, 1.005952380952381, 71.04979591836735
357, 1.0003235198964737, 0, 0.9800918757127576, 1.005952380952381, 73.31755102040816
358, 1.0003048780487804, 0, 0.920081941205402, 1.005952380952381, 69.55836734693878
359, 1.0149253731343284, 0, 0.9403999336554155, 1.0149253731343284, 66.9404081632653
360, 1.0008880994671403, 0, 0.9601224076664308, 1.0149253731343284, 85.54857142857144
361, 1.0004127115146513, 0, 0.9000864896662061, 1.0149253731343284, 87.55591836734693
362, 1.0007107320540156, 0, 0.9001231537585881, 1.0149253731343284, 90.31510204081633
363, 1.0003995205753096, 0, 0.8800813841047069, 1.0149253731343284, 102.68489795918367
364, 1.0003703703703704, 0, 0.9200783715472097, 1.0149253731343284, 96.93632653061225
365, 1.0006775067750677, 0, 0.960122904495615, 1.0149253731343284, 94.50122448979592
366, 1.0003247807729783, 0, 0.9600887605218632, 1.0149253731343284, 88.49469387755101
367, 1.0006006006006005, 0, 0.9200957456584117, 1.0149253731343284, 83.88816326530612
368, 1.0005549389567148, 0, 0.9000823640200853, 1.0149253731343284, 77.87591836734694
369, 1.0002481389578164, 0, 0.8800500769986063, 1.0149253731343284, 75.81632653061224
370, 1.0004233700254022, 0, 0.7800581974161972, 1.0149253731343284, 80.75183673469388
371, 1.0003889537145079, 0, 0.8800680644849105, 1.0149253731343284, 81.33469387755102
372, 1.000359066427289, 0, 0.9000770133245226, 1.0149253731343284, 77.2
373, 1.0002628120893562, 0, 0.900075805116921, 1.0149253731343284, 83.42367346938775
374, 1.0002313743637206, 0, 0.8200663226570205, 1.0149253731343284, 89.20326530612245
375, 1.001194743130227, 0, 0.860110693243206, 1.0149253731343284, 88.0734693877551
376, 1.0017035775127767, 0, 0.8601303480202138, 1.0149253731343284, 77.75836734693877
377, 1.0010917030567685, 0, 0.9001055104022226, 1.0149253731343284, 66.89387755102041
378, 1.0073529411764706, 0, 0.9202591840509511, 1.0149253731343284, 64.3926530612245
379, 1.0008576329331047, 0, 0.9201078273129092, 1.0149253731343284, 77.2465306122449
380, 1.0010288065843622, 0, 0.92012548746197, 1.0149253731343284, 78.73061224489796
381, 1.000555864369094, 0, 0.9200537333422993, 1.0149253731343284, 73.55102040816327
382, 1.000625, 0, 0.9200967195863877, 1.0149253731343284, 65.43183673469387
383, 1.0011261261261262, 0, 0.8800900785619095, 1.0149253731343284, 53.67836734693878
384, 1.0004541326067211, 0, 0.9200638700991385, 1.0149253731343284, 50.06367346938776
385, 1.0004230118443316, 0, 0.9400576159100511, 1.0149253731343284, 46.87183673469388
386, 1.0018939393939394, 0, 0.9001254111010337, 1.0149253731343284, 47.351020408163265
387, 1.0007530120481927, 0, 0.8600959037830251, 1.0149253731343284, 42.542040816326534
388, 1.000639795265515, 0, 0.9201065958351919, 1.0149253731343284, 36.05061224489796
389, 1.0002340276152586, 0, 0.8800602772202447, 1.0149253731343284, 38.53469387755102
390, 1.001293661060802, 0, 0.8601269077980929, 1.0149253731343284, 42.7869387755102
391, 1.000616522811344, 0, 0.9400683364269162, 1.0149253731343284, 47.011428571428574
392, 1.000533902829685, 0, 0.9400869443854287, 1.0149253731343284, 42.81387755102041
393, 1.000914913083257, 0, 0.8601008631757532, 1.0149253731343284, 44.42857142857143
394, 1.0003827018752391, 0, 0.8200749860714589, 1.0149253731343284, 42.81469387755102
395, 1.000563063063063, 0, 0.8400919881370656, 1.0149253731343284, 48.1665306122449
396, 1.00064892926671, 0, 0.8600970297794192, 1.0149253731343284, 51.82204081632653
397, 1.0003065603923973, 0, 0.880072664869993, 1.0149253731343284, 52.6130612244898
398, 1.001169590643275, 0, 0.9401581945445701, 1.0149253731343284, 49.14530612244898
399, 1.0015948963317385, 0, 0.88011142575142, 1.0149253731343284, 59.994285714285716
400, 1.0022172949002217, 0, 0.9001333774304591, 1.0149253731343284, 63.41061224489796
401, 1.0004215851602023, 0, 0.9400847244266651, 1.0149253731343284, 64.99510204081632
402, 1.0007880220646177, 0, 0.9601228632954429, 1.0149253731343284, 68.63265306122449
403, 1.0012578616352201, 0, 0.9601243066600453, 1.0149253731343284, 72.18040816326531
404, 1.000755857898715, 0, 0.920115068926919, 1.0149253731343284, 70.98775510204082
405, 1.0003136762860727, 0, 0.9600931793525878, 1.0149253731343284, 67.55020408163266
406, 1.0013071895424837, 0, 0.9201228782822592, 1.0149253731343284, 68.81959183673469
407, 1.0005913660555885, 0, 0.9801050904201293, 1.0149253731343284, 65.01714285714286
408, 1.0012738853503185, 0, 0.9601004252720002, 1.0149253731343284, 67.16979591836734
409, 1.0008748906386702, 0, 0.9200969301789185, 1.0149253731343284, 64.76326530612245
410, 1.0003427004797807, 0, 0.9400647969297458, 1.0149253731343284, 69.43265306122449
411, 1.0006053268765134, 0, 0.900111067946755, 1.0149253731343284, 67.34775510204082
412, 1.0011723329425557, 0, 0.8801130352454314, 1.0149253731343284, 68.03755102040816
413, 1.0010471204188482, 0, 0.9201271574013044, 1.0149253731343284, 64.49224489795918
414, 1.0004120313143798, 0, 0.8800905960460679, 1.0149253731343284, 66.54530612244898
415, 1.0003157562361857, 0, 0.9000815498187067, 1.0149253731343284, 66.43836734693878
416, 1.0009737098344693, 0, 0.9001517498045749, 1.0149253731343284, 65.2734693877551
417, 1.000534188034188, 0, 0.8800924220484917, 1.0149253731343284, 63.65795918367347
418, 1.0005948839976204, 0, 0.9001090285039604, 1.0149253731343284, 74.0269387755102
419, 1.0006939625260236, 0, 0.9401113658595005, 1.0149253731343284, 76.2065306122449
420, 1.0004177109440267, 0, 0.9201128756564881, 1.0149253731343284, 79.36326530612244
421, 1.000391083300743, 0, 0.900085031821946, 1.0149253731343284, 85.2530612244898
422, 1.0004714757190005, 0, 0.8600698006219207, 1.0149253731343284, 89.92897959183674
423, 1.0018050541516246, 0, 0.9201515414923864, 1.0149253731343284, 83.75183673469388
424, 1.001122334455668, 0, 0.9801079319290167, 1.0149253731343284, 89.29387755102042
425, 1.0017152658662092, 0, 0.9801689666262952, 1.0149253731343284, 87.12653061224489
426, 1.000971817298348, 0, 0.9601246577039655, 1.0149253731343284, 93.05551020408163
427, 1.000333222259247, 0, 0.9200828277209381, 1.0149253731343284, 95.66775510204081
428, 1.0007358351729212, 0, 0.9201086709442974, 1.0149253731343284, 98.05877551020409
429, 1.0005446623093681, 0, 0.9400797233534205, 1.0149253731343284, 95.59428571428572
430, 1.0004033884630898, 0, 0.9200809297892557, 1.0149253731343284, 100.8334693877551
431, 1.000373552484124, 0, 0.9000870571565089, 1.0149253731343284, 100.61795918367346
432, 1.0003631082062454, 0, 0.8000709439626413, 1.0149253731343284, 104.82530612244898
433, 1.0005931198102016, 0, 0.8600927112468374, 1.0149253731343284, 101.17795918367347
434, 1.0003829950210648, 0, 0.8800750109261188, 1.0149253731343284, 98.44326530612246
435, 1.0003706449221645, 0, 0.9000753131420579, 1.0149253731343284, 100.14530612244899
436, 1.0006887052341598, 0, 0.9000889113507351, 1.0149253731343284, 96.38612244897959
437, 1.0004796163069545, 0, 0.9400737271278315, 1.0149253731343284, 88.57306122448979
438, 1.0011890606420928, 0, 0.9401174825671227, 1.0149253731343284, 87.41224489795918
439, 1.000359971202304, 0, 0.9800745533655741, 1.0149253731343284, 89.54612244897959
440, 1.0002991325157045, 0, 0.940084237413643, 1.0149253731343284, 93.07510204081633
441, 1.0004011231448056, 0, 0.8800700499034239, 1.0149253731343284, 93.51020408163265
442, 1.0002453987730062, 0, 0.8600615691505376, 1.0149253731343284, 84.10204081632654
443, 1.0001895375284306, 0, 0.9200692994281445, 1.0149253731343284, 90.21469387755101
444, 1.0002241147467503, 0, 0.9400587561239827, 1.0149253731343284, 93.27755102040817
445, 1.0005885815185402, 0, 0.9000917045825474, 1.0149253731343284, 90.40571428571428
446, 1.0002650410813676, 0, 0.8600518322962997, 1.0149253731343284, 95.71836734693878
447, 1.000239291696578, 0, 0.8800478489636155, 1.0149253731343284, 96.00734693877551
448, 1.0012738853503185, 0, 0.9200948795791603, 1.0149253731343284, 99.99265306122449
449, 1.0001992825827022, 0, 0.9200763330562637, 1.0149253731343284, 102.16
450, 1.0003231017770597, 0, 0.9400581942002506, 1.0149253731343284, 101.07102040816326
451, 1.000229726625316, 0, 0.9400537739477471, 1.0149253731343284, 98.19591836734693
452, 1.0003727171077152, 0, 0.9200563228026225, 1.0149253731343284, 99.35836734693878
453, 1.0001172332942556, 0, 0.9200454053088842, 1.0149253731343284, 98.57224489795918
454, 1.0003239390994494, 0, 0.9200500776636455, 1.0149253731343284, 99.80408163265307
455, 1.0005022601707685, 0, 0.9400679899520741, 1.0149253731343284, 98.84244897959184
456, 1.0005015045135406, 0, 0.9400536318021999, 1.0149253731343284, 86.61224489795919
457, 1.0003242542153048, 0, 0.9600502097114851, 1.0149253731343284, 92.93142857142857
458, 1.0003985651654046, 0, 0.9600516383641404, 1.0149253731343284, 92.16244897959184
459, 1.000204164965292, 0, 0.9400450820303113, 1.0149253731343284, 89.00326530612244
460, 1.0001088850174216, 0, 0.900030381660578, 1.0149253731343284, 91.01714285714286
461, 1.0003115264797509, 0, 0.8600539683412926, 1.0149253731343284, 78.52
462, 1.000868809730669, 0, 0.9000589908636552, 1.0149253731343284, 66.75183673469388
463, 1.0007507507507507, 0, 0.880059985349146, 1.0149253731343284, 74.11265306122449
464, 1.000280504908836, 0, 0.860061710268357, 1.0149253731343284, 68.17224489795919
465, 1.0002821670428894, 0, 0.9400699765534298, 1.0149253731343284, 73.4669387755102
466, 1.0002583311805735, 1.0000126532626439, 1.0000625752701504, 1.0149253731343284, 74.06040816326531
467, 1.0001565925461948, 0, 0.9400504670273364, 1.0149253731343284, 76.84816326530613
468, 1.000183116645303, 0, 0.9600581419233003, 1.0149253731343284, 79.6195918367347
469, 1.0002874389192296, 0, 0.8600520123785879, 1.0149253731343284, 77.70530612244897
470, 1.000183284457478, 0, 0.7800484177811116, 1.0149253731343284, 74.73714285714286
471, 1.0003461405330565, 0, 0.8800528124615371, 1.0149253731343284, 74.12653061224489
472, 1.000616522811344, 0, 0.9400746385982727, 1.0149253731343284, 77.91755102040817
473, 1.0002445585717779, 0, 0.9600561481155906, 1.0149253731343284, 75.74530612244898
474, 1.0004821600771456, 0, 0.9400489729057336, 1.0149253731343284, 83.11020408163266
475, 1.0004621072088724, 0, 0.920068520189233, 1.0149253731343284, 85.06285714285714
476, 1.0001780626780628, 0, 0.8600493546173152, 1.0149253731343284, 90.70693877551021
477, 1.0016447368421053, 0, 0.8801524515118239, 1.0149253731343284, 98.45795918367347
478, 1.001269035532995, 0, 0.8801074188825919, 1.0149253731343284, 96.41795918367347
479, 1.0002981514609421, 0, 0.9000603949084583, 1.0149253731343284, 99.66530612244898
480, 1.000789265982636, 0, 0.9400807353755836, 1.0149253731343284, 101.71836734693878
481, 1.0002684563758388, 0, 0.9400399870151576, 1.0149253731343284, 93.77551020408163
482, 1.0004096681687833, 0, 0.9600815410793389, 1.0149253731343284, 99.75836734693877
483, 1.000805801772764, 0, 0.9400798145105241, 1.0149253731343284, 101.11591836734694
484, 1.0006035003017502, 0, 0.960081117784333, 1.0149253731343284, 104.68408163265306
485, 1.0005434782608695, 0, 0.9600943824870485, 1.0149253731343284, 97.14448979591836
486, 1.0007012622720897, 0, 0.960097075996643, 1.0149253731343284, 83.52571428571429
487, 1.0005561735261401, 0, 0.9400801513591232, 1.0149253731343284, 74.00979591836735
488, 1.0009208103130756, 0, 0.9801017178155328, 1.0149253731343284, 74.64408163265306
489, 1.0007137758743754, 0, 0.9600733784640307, 1.0149253731343284, 80.16489795918368
490, 1.000266028198989, 0, 0.9600692578222482, 1.0149253731343284, 80.94530612244898
491, 1.000487567040468, 0, 0.9800746769482572, 1.0149253731343284, 85.07265306122449
492, 1.000533902829685, 0, 0.8200606613284931, 1.0149253731343284, 90.40326530612245
493, 1.0011061946902655, 0, 0.9200788377647858, 1.0149253731343284, 93.98693877551021
494, 1.0014285714285713, 0, 0.8801035191504019, 1.0149253731343284, 98.14775510204082
495, 1.0003825554705432, 0, 0.860063912024562, 1.0149253731343284, 92.94938775510204
496, 1.0002150537634409, 0, 0.9600549190840536, 1.0149253731343284, 85.35102040816327
497, 1.000677048070413, 0, 0.9200800191743356, 1.0149253731343284, 79.44244897959183
498, 1.0002518257365902, 0, 0.8800703574667466, 1.0149253731343284, 70.87673469387755
499, 1.0013210039630118, 0, 0.9200914436692742, 1.0149253731343284, 66.6930612244898
