1: 23 0
2: 711 0
3: 21 0
4: 711 0
5: 21 0
6: 21 0
7: 712 0
8: 23 0
9: 710 0
10: 710 0
11: 21 0
12: 711 0
13: 22 0
14: 714 0
15: 22 0
16: 711 0
17: 21 0
18: 22 0
19: 710 0
20: 23 0
21: 712 0
22: 22 0
23: 710 0
24: 23 0
25: 23 0
26: 710 0
27: 22 0
28: 712 0
29: 23 0
30: 710 0
31: 20 0
32: 711 0
33: 710 0
34: 22 0
35: 711 0
36: 21 0
37: 710 0
38: 21 0
39: 712 0
40: 19 0
41: 21 0
42: 712 0
43: 20 0
44: 712 0
45: 20 0
46: 711 0
47: 21 0
48: 19 0
49: 711 0
50: 20 0
51: 712 0
52: 20 0
53: 711 0
54: 19 0
55: 21 0
56: 712 0
57: 22 0
58: 711 0
59: 21 0
60: 712 0
61: 22 0
62: 21 0
63: 711 0
64: 19 0
65: 711 0
66: 21 0
67: 711 0
68: 21 0
69: 21 0
70: 711 0
71: 22 0
72: 711 0
73: 21 0
74: 710 0
75: 20 0
76: 711 0
77: 711 0
78: 20 0
79: 710 0
80: 19 0
81: 709 0
82: 22 0
83: 711 0
84: 21 0
85: 20 0
86: 711 0
87: 22 0
88: 711 0
89: 20 0
90: 711 0
91: 21 0
92: 20 0
93: 711 0
94: 21 0
95: 711 0
96: 21 0
97: 711 0
98: 19 0
99: 21 0
100: 711 0
101: 19 0
102: 710 0
103: 21 0
104: 711 1
105: 710 1
106: 711 1
107: 20 1
108: 711 1
109: 710 1
110: 21 1
111: 710 1
112: 710 1
113: 20 1
114: 711 1
115: 21 1
116: 711 1
117: 711 1
118: 710 1
119: 20 1
120: 712 1
121: 711 1
122: 19 1
123: 711 1
124: 710 1
125: 19 1
126: 711 1
127: 711 1
128: 21 1
129: 710 1
130: 712 1
131: 21 1
132: 711 1
133: 710 1
134: 20 1
135: 710 1
136: 711 1
137: 19 1
138: 710 1
139: 711 1
140: 20 1
141: 710 1
142: 710 1
143: 19 1
144: 710 1
145: 710 1
146: 710 1
147: 20 1
148: 711 1
149: 21 1
150: 712 1
151: 710 1
152: 19 1
153: 711 1
154: 710 1
155: 19 1
156: 711 1
157: 711 1
158: 710 1
159: 20 1
160: 711 1
161: 19 1
162: 710 1
163: 712 1
164: 710 1
165: 20 1
166: 710 1
167: 21 1
168: 710 1
169: 710 1
170: 711 1
171: 21 1
172: 710 1
173: 711 1
174: 21 1
175: 710 1
176: 711 1
177: 19 1
178: 710 1
179: 711 1
180: 20 1
181: 714 1
182: 710 1
183: 20 1
184: 710 1
185: 710 1
186: 20 1
187: 711 1
188: 710 1
189: 19 1
190: 711 1
191: 710 1
192: 21 1
193: 711 1
194: 710 1
195: 19 1
196: 711 1
197: 711 1
198: 20 1
199: 710 1
200: 712 1
201: 19 1
202: 710 1
203: 534 1
204: 709 0
205: 19 0
206: 709 0
207: 19 0
208: 711 0
209: 17 0
210: 712 0
211: 19 0
212: 710 0
213: 22 0
214: 710 0
215: 22 0
216: 711 0
217: 19 0
218: 709 0
219: 21 0
220: 711 0
221: 21 0
222: 711 0
223: 20 0
224: 22 0
225: 711 0
226: 21 0
227: 711 0
228: 21 0
229: 711 0
230: 21 0
231: 711 0
232: 19 0
233: 710 0
234: 19 0
235: 710 0
236: 22 0
237: 711 0
238: 21 0
239: 710 0
240: 20 0
241: 710 0
242: 21 0
243: 712 0
244: 20 0
245: 710 0
246: 20 0
247: 712 0
248: 20 0
249: 711 0
250: 20 0
251: 711 0
252: 20 0
253: 710 0
254: 20 0
255: 710 0
256: 21 0
257: 711 0
258: 19 0
259: 710 0
260: 21 0
261: 711 0
262: 21 0
263: 711 0
264: 20 0
265: 710 0
266: 21 0
267: 712 0
268: 20 0
269: 710 0
270: 19 0
271: 710 0
272: 20 0
273: 20 0
274: 711 0
275: 20 0
276: 710 0
277: 20 0
278: 710 0
279: 20 0
280: 711 0
281: 21 0
282: 710 0
283: 21 0
284: 711 0
285: 21 0
286: 711 0
287: 20 0
288: 710 0
289: 20 0
290: 712 0
291: 21 0
292: 711 0
293: 21 0
294: 711 0
295: 20 0
296: 710 0
297: 19 0
298: 711 0
299: 19 0
300: 710 0
301: 20 0
302: 710 0
303: 19 0
304: 712 0
305: 21 1
306: 711 1
307: 21 1
308: 711 1
309: 710 1
310: 19 1
311: 711 1
312: 25 1
313: 710 1
314: 711 1
315: 710 1
316: 20 1
317: 712 1
318: 710 1
319: 20 1
320: 710 1
321: 20 1
322: 710 1
323: 711 1
324: 711 1
325: 21 1
326: 710 1
327: 712 1
328: 20 1
329: 711 1
330: 712 1
331: 21 1
332: 710 1
333: 710 1
334: 21 1
335: 710 1
336: 710 1
337: 20 1
338: 711 1
339: 711 1
340: 21 1
341: 712 1
342: 711 1
343: 677 1
344: 19 1
345: 712 1
346: 21 1
347: 713 1
348: 712 1
349: 713 1
350: 20 1
351: 711 1
352: 711 1
353: 20 1
354: 711 1
355: 19 1
356: 710 1
357: 711 1
358: 21 1
359: 710 1
360: 710 1
361: 711 1
362: 20 1
363: 711 1
364: 712 1
365: 20 1
366: 710 1
367: 713 1
368: 19 1
369: 710 1
370: 712 1
371: 289 1
372: 19 1
373: 711 1
374: 18 1
375: 710 1
376: 712 1
377: 19 1
378: 710 1
379: 711 1
380: 711 1
381: 18 1
382: 712 1
383: 473 1
384: 19 1
385: 712 1
386: 19 1
387: 712 1
388: 712 1
389: 710 1
390: 19 1
391: 711 1
392: 710 1
393: 19 1
394: 712 1
395: 709 1
396: 19 1
397: 712 1
398: 711 1
399: 32 1
400: 712 1
401: 710 1
402: 19 1
403: 712 1
404: 710 1
405: 710 0
406: 20 0
407: 712 0
408: 19 0
409: 711 0
410: 20 0
411: 711 0
412: 21 0
413: 710 0
414: 19 0
415: 710 0
416: 19 0
417: 711 0
418: 18 0
419: 711 0
420: 19 0
421: 711 0
422: 17 0
423: 711 0
424: 19 0
425: 710 0
426: 19 0
427: 712 0
428: 20 0
429: 711 0
430: 21 0
431: 710 0
432: 21 0
433: 710 0
434: 21 0
435: 710 0
436: 21 0
437: 712 0
438: 20 0
439: 710 0
440: 19 0
441: 711 0
442: 22 0
443: 711 0
444: 22 0
445: 20 0
446: 711 0
447: 18 0
448: 711 0
449: 20 0
450: 712 0
451: 20 0
452: 711 0
453: 19 0
454: 712 0
455: 18 0
456: 710 0
457: 19 0
458: 711 0
459: 19 0
460: 710 0
461: 18 0
462: 710 0
463: 18 0
464: 712 0
465: 20 0
466: 712 0
467: 21 0
468: 710 0
469: 18 0
470: 713 0
471: 18 0
472: 711 0
473: 19 0
474: 711 0
475: 20 0
476: 710 0
477: 19 0
478: 710 0
479: 20 0
480: 710 0
481: 21 0
482: 710 0
483: 19 0
484: 711 0
485: 21 0
486: 710 0
487: 21 0
488: 710 0
489: 21 0
490: 711 0
491: 22 0
492: 710 0
493: 21 0
494: 20 0
495: 710 0
496: 22 0
497: 712 0
498: 22 0
499: 711 0
500: 22 0
501: 711 0
502: 21 0
503: 711 0
504: 22 0
505: 22 1
506: 711 1
507: 712 1
508: 21 1
509: 710 1
510: 712 1
511: 711 1
512: 19 1
513: 711 1
514: 170 1
515: 19 1
516: 711 1
517: 712 1
518: 21 1
519: 711 1
520: 710 1
521: 19 1
522: 710 1
523: 710 1
524: 19 1
525: 710 1
526: 710 1
527: 19 1
528: 711 1
529: 710 1
530: 21 1
531: 711 1
532: 711 1
533: 21 1
534: 712 1
535: 711 1
536: 20 1
537: 712 1
538: 711 1
539: 19 1
540: 710 1
541: 711 1
542: 20 1
543: 711 1
544: 711 1
545: 17 1
546: 710 1
547: 710 1
548: 18 1
549: 711 1
550: 711 1
551: 17 1
552: 711 1
553: 710 1
554: 19 1
555: 711 1
556: 710 1
557: 19 1
558: 711 1
559: 711 1
560: 17 1
561: 711 1
562: 710 1
563: 17 1
564: 712 1
565: 19 1
566: 711 1
567: 711 1
568: 710 1
569: 19 1
570: 712 1
571: 711 1
572: 20 1
573: 711 1
574: 19 1
575: 710 1
576: 711 1
577: 711 1
578: 19 1
579: 711 1
580: 710 1
581: 17 1
582: 711 1
583: 21 1
584: 711 1
585: 711 1
586: 710 1
587: 19 1
588: 711 1
589: 710 1
590: 19 1
591: 711 1
592: 710 1
593: 20 1
594: 712 1
595: 711 1
596: 20 1
597: 712 1
598: 710 1
599: 21 1
600: 710 1
601: 235 1
602: 19 1
603: 711 1
604: 711 1
605: 710 0
606: 20 0
607: 711 0
608: 19 0
609: 711 0
610: 18 0
611: 710 0
612: 19 0
613: 19 0
614: 712 0
615: 19 0
616: 710 0
617: 19 0
618: 711 0
619: 21 0
620: 710 0
621: 20 0
622: 710 0
623: 19 0
624: 712 0
625: 19 0
626: 710 0
627: 20 0
628: 710 0
629: 20 0
630: 712 0
631: 18 0
632: 710 0
633: 21 0
634: 712 0
635: 22 0
636: 710 0
637: 20 0
638: 710 0
639: 19 0
640: 710 0
641: 19 0
642: 710 0
643: 20 0
644: 711 0
645: 20 0
646: 710 0
647: 19 0
648: 711 0
649: 19 0
650: 711 0
651: 19 0
652: 710 0
653: 20 0
654: 711 0
655: 19 0
656: 710 0
657: 19 0
658: 711 0
659: 19 0
660: 710 0
661: 21 0
662: 710 0
663: 19 0
664: 21 0
665: 710 0
666: 21 0
667: 711 0
668: 22 0
669: 710 0
670: 22 0
671: 711 0
672: 21 0
673: 711 0
674: 20 0
675: 710 0
676: 22 0
677: 711 0
678: 22 0
679: 711 0
680: 21 0
681: 712 0
682: 20 0
683: 710 0
684: 20 0
685: 712 0
686: 19 0
687: 710 0
688: 21 0
689: 710 0
690: 21 0
691: 712 0
692: 21 0
693: 710 0
694: 19 0
695: 710 0
696: 19 0
697: 712 0
698: 21 0
699: 710 0
700: 19 0
701: 712 0
702: 20 0
703: 710 0
704: 18 0
705: 710 0
706: 20 1
707: 710 1
708: 21 1
709: 710 1
710: 711 1
711: 21 1
712: 710 1
713: 710 1
714: 273 1
715: 20 1
716: 710 1
717: 20 1
718: 711 1
719: 710 1
720: 410 1
721: 19 1
722: 710 1
723: 19 1
724: 711 1
725: 710 1
726: 501 1
727: 19 1
728: 710 1
729: 21 1
730: 710 1
731: 711 1
732: 615 1
733: 19 1
734: 711 1
735: 20 1
736: 710 1
737: 711 1
738: 711 1
739: 20 1
740: 710 1
741: 20 1
742: 710 1
743: 710 1
744: 712 1
745: 18 1
746: 710 1
747: 710 1
748: 19 1
749: 710 1
750: 711 1
751: 21 1
752: 710 1
753: 19 1
754: 711 1
755: 710 1
756: 21 1
757: 711 1
758: 711 1
759: 21 1
760: 710 1
761: 712 1
762: 21 1
763: 710 1
764: 712 1
765: 23 1
766: 710 1
767: 710 1
768: 20 1
769: 710 1
770: 710 1
771: 21 1
772: 711 1
773: 710 1
774: 711 1
775: 19 1
776: 710 1
777: 41 1
778: 711 1
779: 711 1
780: 22 1
781: 712 1
782: 710 1
783: 133 1
784: 20 1
785: 710 1
786: 710 1
787: 18 1
788: 711 1
789: 19 1
790: 711 1
791: 711 1
792: 711 1
793: 21 1
794: 711 1
795: 674 1
796: 21 1
797: 711 1
798: 22 1
799: 710 1
800: 710 1
801: 712 1
802: 21 1
803: 711 1
804: 712 1
805: 19 1
806: 711 0
807: 21 0
808: 711 0
809: 22 0
810: 710 0
811: 21 0
812: 710 0
813: 19 0
814: 711 0
815: 19 0
816: 710 0
817: 20 0
818: 711 0
819: 19 0
820: 710 0
821: 20 0
822: 710 0
823: 21 0
824: 712 0
825: 20 0
826: 710 0
827: 21 0
828: 711 0
829: 20 0
830: 711 0
831: 19 0
832: 710 0
833: 20 0
834: 20 0
835: 711 0
836: 19 0
837: 711 0
838: 20 0
839: 711 0
840: 21 0
841: 712 0
842: 19 0
843: 710 0
844: 19 0
845: 712 0
846: 19 0
847: 710 0
848: 20 0
849: 710 0
850: 20 0
851: 712 0
852: 19 0
853: 710 0
854: 21 0
855: 710 0
856: 20 0
857: 711 0
858: 20 0
859: 710 0
860: 20 0
861: 712 0
862: 20 0
863: 710 0
864: 19 0
865: 710 0
866: 19 0
867: 710 0
868: 20 0
869: 710 0
870: 20 0
871: 712 0
872: 19 0
873: 710 0
874: 22 0
875: 709 0
876: 19 0
877: 710 0
878: 21 0
879: 710 0
880: 20 0
881: 711 0
882: 20 0
883: 19 0
884: 712 0
885: 21 0
886: 710 0
887: 20 0
888: 712 0
889: 21 0
890: 710 0
891: 20 0
892: 710 0
893: 20 0
894: 711 0
895: 18 0
896: 710 0
897: 19 0
898: 711 0
899: 19 0
900: 711 0
901: 18 0
902: 710 0
903: 20 0
904: 712 0
905: 19 0
906: 711 1
907: 24 1
908: 712 1
909: 712 1
910: 19 1
911: 712 1
912: 711 1
913: 20 1
914: 710 1
915: 712 1
916: 21 1
917: 711 1
918: 712 1
919: 21 1
920: 710 1
921: 712 1
922: 21 1
923: 710 1
924: 712 1
925: 21 1
926: 710 1
927: 711 1
928: 19 1
929: 710 1
930: 22 1
931: 711 1
932: 710 1
933: 711 1
934: 20 1
935: 710 1
936: 711 1
937: 21 1
938: 710 1
939: 711 1
940: 21 1
941: 711 1
942: 711 1
943: 20 1
944: 711 1
945: 711 1
946: 21 1
947: 711 1
948: 389 1
949: 21 1
950: 710 1
951: 712 1
952: 21 1
953: 710 1
954: 711 1
955: 21 1
956: 710 1
957: 711 1
958: 21 1
959: 710 1
960: 711 1
961: 712 1
962: 21 1
963: 711 1
964: 21 1
965: 710 1
966: 712 1
967: 710 1
968: 21 1
969: 711 1
970: 20 1
971: 711 1
972: 711 1
973: 710 1
974: 18 1
975: 711 1
976: 20 1
977: 710 1
978: 712 1
979: 710 1
980: 22 1
981: 712 1
982: 23 1
983: 710 1
984: 712 1
985: 710 1
986: 21 1
987: 711 1
988: 27 1
989: 710 1
990: 711 1
991: 712 1
992: 21 1
993: 711 1
994: 710 1
995: 21 1
996: 711 1
997: 710 1
998: 21 1
999: 711 1
1000: 21 1
