1: 22 0
2: 711 0
3: 18 0
4: 711 0
5: 18 0
6: 18 0
7: 712 0
8: 20 0
9: 710 0
10: 711 0
11: 16 0
12: 712 0
13: 17 0
14: 712 0
15: 19 0
16: 710 0
17: 18 0
18: 19 0
19: 710 0
20: 18 0
21: 711 0
22: 18 0
23: 710 0
24: 19 0
25: 19 0
26: 711 0
27: 19 0
28: 711 0
29: 19 0
30: 711 0
31: 17 0
32: 19 0
33: 710 0
34: 19 0
35: 710 0
36: 17 0
37: 710 0
38: 17 0
39: 710 0
40: 710 0
41: 19 0
42: 710 0
43: 19 0
44: 711 0
45: 17 0
46: 710 0
47: 20 0
48: 20 0
49: 710 0
50: 17 0
51: 712 0
52: 16 0
53: 711 0
54: 18 0
55: 19 0
56: 710 0
57: 19 0
58: 712 0
59: 19 0
60: 710 0
61: 18 0
62: 16 0
63: 710 0
64: 18 0
65: 712 0
66: 18 0
67: 710 0
68: 17 0
69: 18 0
70: 710 0
71: 18 0
72: 711 0
73: 19 0
74: 711 0
75: 18 0
76: 710 0
77: 711 0
78: 19 0
79: 711 0
80: 19 0
81: 711 0
82: 19 0
83: 710 0
84: 20 0
85: 18 0
86: 711 0
87: 18 0
88: 712 0
89: 19 0
90: 710 0
91: 20 0
92: 18 0
93: 711 0
94: 20 0
95: 712 0
96: 20 0
97: 711 0
98: 17 0
99: 18 0
100: 711 0
101: 19 0
102: 712 0
103: 18 0
104: 707 1
105: 711 1
106: 712 1
107: 20 1
108: 711 1
109: 711 1
110: 19 1
111: 710 1
112: 710 1
113: 19 1
114: 710 1
115: 710 1
116: 711 1
117: 19 1
118: 710 1
119: 17 1
120: 710 1
121: 710 1
122: 19 1
123: 710 1
124: 710 1
125: 710 1
126: 17 1
127: 710 1
128: 20 1
129: 711 1
130: 710 1
131: 20 1
132: 712 1
133: 711 1
134: 710 1
135: 21 1
136: 711 1
137: 710 1
138: 19 1
139: 711 1
140: 710 1
141: 20 1
142: 711 1
143: 711 1
144: 18 1
145: 710 1
146: 712 1
147: 21 1
148: 710 1
149: 712 1
150: 18 1
151: 711 1
152: 711 1
153: 19 1
154: 710 1
155: 710 1
156: 20 1
157: 711 1
158: 710 1
159: 20 1
160: 710 1
161: 710 1
162: 20 1
163: 711 1
164: 710 1
165: 20 1
166: 711 1
167: 710 1
168: 18 1
169: 712 1
170: 710 1
171: 18 1
172: 710 1
173: 710 1
174: 18 1
175: 711 1
176: 711 1
177: 17 1
178: 710 1
179: 711 1
180: 19 1
181: 710 1
182: 711 1
183: 19 1
184: 710 1
185: 710 1
186: 19 1
187: 710 1
188: 710 1
189: 19 1
190: 711 1
191: 710 1
192: 19 1
193: 711 1
194: 710 1
195: 20 1
196: 711 1
197: 711 1
198: 19 1
199: 711 1
200: 711 1
201: 20 1
202: 712 1
203: 711 1
204: 709 0
205: 19 0
206: 710 0
207: 18 0
208: 710 0
209: 19 0
210: 710 0
211: 21 0
212: 710 0
213: 20 0
214: 710 0
215: 19 0
216: 711 0
217: 19 0
218: 710 0
219: 19 0
220: 710 0
221: 19 0
222: 712 0
223: 18 0
224: 18 0
225: 711 0
226: 19 0
227: 710 0
228: 19 0
229: 712 0
230: 18 0
231: 711 0
232: 19 0
233: 711 0
234: 21 0
235: 710 0
236: 18 0
237: 711 0
238: 20 0
239: 711 0
240: 20 0
241: 710 0
242: 20 0
243: 712 0
244: 21 0
245: 710 0
246: 19 0
247: 710 0
248: 20 0
249: 712 0
250: 20 0
251: 710 0
252: 19 0
253: 711 0
254: 21 0
255: 711 0
256: 20 0
257: 710 0
258: 19 0
259: 711 0
260: 20 0
261: 710 0
262: 20 0
263: 711 0
264: 19 0
265: 710 0
266: 19 0
267: 711 0
268: 19 0
269: 712 0
270: 19 0
271: 710 0
272: 18 0
273: 20 0
274: 710 0
275: 21 0
276: 711 0
277: 20 0
278: 710 0
279: 22 0
280: 711 0
281: 19 0
282: 710 0
283: 18 0
284: 712 0
285: 19 0
286: 712 0
287: 19 0
288: 710 0
289: 19 0
290: 710 0
291: 19 0
292: 711 0
293: 21 0
294: 710 0
295: 21 0
296: 712 0
297: 17 0
298: 711 0
299: 18 0
300: 710 0
301: 19 0
302: 710 0
303: 17 0
304: 711 0
305: 18 1
306: 711 1
307: 18 1
308: 710 1
309: 19 1
310: 710 1
311: 710 1
312: 710 1
313: 17 1
314: 710 1
315: 710 1
316: 19 1
317: 710 1
318: 18 1
319: 710 1
320: 710 1
321: 710 1
322: 19 1
323: 711 1
324: 710 1
325: 18 1
326: 711 1
327: 17 1
328: 710 1
329: 711 1
330: 710 1
331: 17 1
332: 710 1
333: 711 1
334: 18 1
335: 710 1
336: 711 1
337: 18 1
338: 710 1
339: 710 1
340: 17 1
341: 710 1
342: 710 1
343: 525 1
344: 17 1
345: 710 1
346: 712 1
347: 17 1
348: 710 1
349: 640 1
350: 17 1
351: 710 1
352: 711 1
353: 18 1
354: 710 1
355: 711 1
356: 17 1
357: 711 1
358: 711 1
359: 17 1
360: 710 1
361: 711 1
362: 17 1
363: 711 1
364: 711 1
365: 18 1
366: 711 1
367: 711 1
368: 19 1
369: 711 1
370: 711 1
371: 18 1
372: 710 1
373: 712 1
374: 17 1
375: 710 1
376: 712 1
377: 18 1
378: 710 1
379: 711 1
380: 17 1
381: 710 1
382: 711 1
383: 18 1
384: 710 1
385: 711 1
386: 18 1
387: 710 1
388: 23 1
389: 712 1
390: 710 1
391: 711 1
392: 19 1
393: 712 1
394: 17 1
395: 710 1
396: 711 1
397: 711 1
398: 19 1
399: 710 1
400: 171 1
401: 19 1
402: 711 1
403: 18 1
404: 710 1
405: 710 0
406: 17 0
407: 710 0
408: 19 0
409: 712 0
410: 19 0
411: 710 0
412: 19 0
413: 711 0
414: 19 0
415: 712 0
416: 19 0
417: 710 0
418: 19 0
419: 711 0
420: 19 0
421: 710 0
422: 19 0
423: 711 0
424: 17 0
425: 710 0
426: 19 0
427: 711 0
428: 20 0
429: 711 0
430: 19 0
431: 710 0
432: 19 0
433: 711 0
434: 17 0
435: 710 0
436: 16 0
437: 711 0
438: 17 0
439: 710 0
440: 20 0
441: 710 0
442: 19 0
443: 711 0
444: 18 0
445: 18 0
446: 712 0
447: 19 0
448: 710 0
449: 20 0
450: 710 0
451: 17 0
452: 711 0
453: 19 0
454: 710 0
455: 17 0
456: 712 0
457: 18 0
458: 711 0
459: 20 0
460: 710 0
461: 18 0
462: 710 0
463: 20 0
464: 711 0
465: 19 0
466: 711 0
467: 17 0
468: 710 0
469: 19 0
470: 711 0
471: 20 0
472: 711 0
473: 18 0
474: 711 0
475: 21 0
476: 712 0
477: 20 0
478: 710 0
479: 18 0
480: 711 0
481: 17 0
482: 710 0
483: 18 0
484: 710 0
485: 18 0
486: 710 0
487: 17 0
488: 710 0
489: 18 0
490: 710 0
491: 18 0
492: 710 0
493: 19 0
494: 19 0
495: 711 0
496: 18 0
497: 710 0
498: 17 0
499: 710 0
500: 19 0
501: 711 0
502: 18 0
503: 712 0
504: 19 0
505: 710 1
506: 19 1
507: 712 1
508: 277 1
509: 21 1
510: 712 1
511: 710 1
512: 19 1
513: 713 1
514: 374 1
515: 19 1
516: 712 1
517: 710 1
518: 20 1
519: 711 1
520: 473 1
521: 19 1
522: 711 1
523: 711 1
524: 18 1
525: 712 1
526: 710 1
527: 18 1
528: 711 1
529: 711 1
530: 19 1
531: 711 1
532: 710 1
533: 19 1
534: 711 1
535: 19 1
536: 712 1
537: 712 1
538: 710 1
539: 19 1
540: 712 1
541: 17 1
542: 710 1
543: 713 1
544: 17 1
545: 710 1
546: 711 1
547: 17 1
548: 710 1
549: 712 1
550: 711 1
551: 18 1
552: 711 1
553: 18 1
554: 710 1
555: 712 1
556: 712 1
557: 19 1
558: 711 1
559: 710 1
560: 21 1
561: 711 1
562: 17 1
563: 711 1
564: 712 1
565: 709 1
566: 21 1
567: 711 1
568: 710 1
569: 16 1
570: 712 1
571: 27 1
572: 710 1
573: 712 1
574: 710 1
575: 21 1
576: 712 1
577: 710 1
578: 16 1
579: 711 1
580: 17 1
581: 710 1
582: 711 1
583: 712 1
584: 19 1
585: 711 1
586: 711 1
587: 19 1
588: 712 1
589: 711 1
590: 18 1
591: 711 1
592: 710 1
593: 712 1
594: 19 1
595: 710 1
596: 712 1
597: 17 1
598: 710 1
599: 711 1
600: 17 1
601: 710 1
602: 711 1
603: 18 1
604: 710 1
605: 710 0
606: 19 0
607: 710 0
608: 18 0
609: 712 0
610: 18 0
611: 710 0
612: 19 0
613: 17 0
614: 710 0
615: 19 0
616: 712 0
617: 19 0
618: 711 0
619: 17 0
620: 711 0
621: 16 0
622: 710 0
623: 18 0
624: 711 0
625: 19 0
626: 710 0
627: 20 0
628: 710 0
629: 17 0
630: 711 0
631: 17 0
632: 710 0
633: 15 0
634: 710 0
635: 16 0
636: 711 0
637: 19 0
638: 711 0
639: 19 0
640: 712 0
641: 15 0
642: 710 0
643: 18 0
644: 710 0
645: 18 0
646: 710 0
647: 16 0
648: 710 0
649: 18 0
650: 711 0
651: 17 0
652: 710 0
653: 18 0
654: 710 0
655: 17 0
656: 711 0
657: 17 0
658: 710 0
659: 16 0
660: 712 0
661: 18 0
662: 710 0
663: 17 0
664: 17 0
665: 710 0
666: 19 0
667: 711 0
668: 17 0
669: 712 0
670: 18 0
671: 710 0
672: 17 0
673: 711 0
674: 17 0
675: 710 0
676: 18 0
677: 710 0
678: 19 0
679: 711 0
680: 17 0
681: 710 0
682: 16 0
683: 712 0
684: 18 0
685: 711 0
686: 17 0
687: 711 0
688: 18 0
689: 710 0
690: 17 0
691: 710 0
692: 19 0
693: 710 0
694: 19 0
695: 710 0
696: 19 0
697: 712 0
698: 17 0
699: 710 0
700: 18 0
701: 710 0
702: 18 0
703: 712 0
704: 17 0
705: 710 0
706: 18 1
707: 711 1
708: 18 1
709: 711 1
710: 711 1
711: 16 1
712: 710 1
713: 710 1
714: 19 1
715: 710 1
716: 711 1
717: 18 1
718: 711 1
719: 710 1
720: 16 1
721: 710 1
722: 710 1
723: 216 1
724: 19 1
725: 710 1
726: 710 1
727: 19 1
728: 710 1
729: 305 1
730: 17 1
731: 711 1
732: 17 1
733: 711 1
734: 710 1
735: 19 1
736: 711 1
737: 711 1
738: 19 1
739: 710 1
740: 712 1
741: 19 1
742: 710 1
743: 712 1
744: 19 1
745: 710 1
746: 710 1
747: 18 1
748: 710 1
749: 710 1
750: 20 1
751: 710 1
752: 710 1
753: 711 1
754: 19 1
755: 710 1
756: 18 1
757: 711 1
758: 710 1
759: 17 1
760: 712 1
761: 710 1
762: 710 1
763: 18 1
764: 710 1
765: 710 1
766: 19 1
767: 711 1
768: 18 1
769: 710 1
770: 711 1
771: 710 1
772: 19 1
773: 710 1
774: 710 1
775: 20 1
776: 711 1
777: 711 1
778: 17 1
779: 710 1
780: 712 1
781: 364 1
782: 19 1
783: 712 1
784: 18 1
785: 710 1
786: 710 1
787: 19 1
788: 710 1
789: 710 1
790: 711 1
791: 19 1
792: 710 1
793: 710 1
794: 17 1
795: 710 1
796: 711 1
797: 19 1
798: 710 1
799: 710 1
800: 19 1
801: 712 1
802: 710 1
803: 21 1
804: 710 1
805: 710 1
806: 711 0
807: 18 0
808: 710 0
809: 17 0
810: 711 0
811: 19 0
812: 710 0
813: 19 0
814: 710 0
815: 19 0
816: 711 0
817: 19 0
818: 710 0
819: 19 0
820: 711 0
821: 18 0
822: 710 0
823: 18 0
824: 710 0
825: 17 0
826: 710 0
827: 18 0
828: 710 0
829: 19 0
830: 712 0
831: 19 0
832: 710 0
833: 20 0
834: 710 0
835: 19 0
836: 18 0
837: 711 0
838: 17 0
839: 711 0
840: 17 0
841: 710 0
842: 17 0
843: 711 0
844: 17 0
845: 711 0
846: 19 0
847: 711 0
848: 17 0
849: 710 0
850: 19 0
851: 711 0
852: 17 0
853: 710 0
854: 18 0
855: 710 0
856: 18 0
857: 711 0
858: 19 0
859: 710 0
860: 17 0
861: 710 0
862: 19 0
863: 711 0
864: 20 0
865: 710 0
866: 18 0
867: 711 0
868: 19 0
869: 710 0
870: 17 0
871: 710 0
872: 17 0
873: 710 0
874: 17 0
875: 710 0
876: 17 0
877: 710 0
878: 20 0
879: 710 0
880: 17 0
881: 710 0
882: 17 0
883: 711 0
884: 19 0
885: 18 0
886: 710 0
887: 19 0
888: 711 0
889: 18 0
890: 711 0
891: 18 0
892: 710 0
893: 17 0
894: 712 0
895: 17 0
896: 710 0
897: 17 0
898: 711 0
899: 19 0
900: 712 0
901: 19 0
902: 710 0
903: 17 0
904: 710 0
905: 18 0
906: 711 1
907: 17 1
908: 710 1
909: 17 1
910: 712 1
911: 710 1
912: 711 1
913: 19 1
914: 711 1
915: 711 1
916: 17 1
917: 711 1
918: 199 1
919: 19 1
920: 711 1
921: 711 1
922: 18 1
923: 711 1
924: 712 1
925: 19 1
926: 710 1
927: 19 1
928: 711 1
929: 710 1
930: 713 1
931: 19 1
932: 710 1
933: 711 1
934: 17 1
935: 710 1
936: 712 1
937: 19 1
938: 710 1
939: 711 1
940: 711 1
941: 19 1
942: 711 1
943: 711 1
944: 19 1
945: 711 1
946: 710 1
947: 18 1
948: 711 1
949: 710 1
950: 17 1
951: 712 1
952: 710 1
953: 20 1
954: 712 1
955: 710 1
956: 18 1
957: 712 1
958: 710 1
959: 20 1
960: 712 1
961: 710 1
962: 18 1
963: 712 1
964: 711 1
965: 21 1
966: 711 1
967: 712 1
968: 19 1
969: 711 1
970: 712 1
971: 18 1
972: 711 1
973: 710 1
974: 17 1
975: 711 1
976: 711 1
977: 18 1
978: 711 1
979: 710 1
980: 17 1
981: 711 1
982: 710 1
983: 17 1
984: 712 1
985: 710 1
986: 18 1
987: 713 1
988: 302 1
989: 19 1
990: 713 1
991: 710 1
992: 16 1
993: 712 1
994: 17 1
995: 710 1
996: 711 1
997: 711 1
998: 17 1
999: 710 1
1000: 18 1
