1: 22 0
2: 711 0
3: 20 0
4: 710 0
5: 19 0
6: 19 0
7: 712 0
8: 20 0
9: 711 0
10: 710 0
11: 18 0
12: 712 0
13: 19 0
14: 712 0
15: 18 0
16: 710 0
17: 18 0
18: 19 0
19: 711 0
20: 17 0
21: 711 0
22: 19 0
23: 710 0
24: 18 0
25: 18 0
26: 710 0
27: 19 0
28: 711 0
29: 19 0
30: 711 0
31: 21 0
32: 18 0
33: 711 0
34: 19 0
35: 711 0
36: 19 0
37: 710 0
38: 19 0
39: 20 0
40: 710 0
41: 19 0
42: 711 0
43: 17 0
44: 710 0
45: 18 0
46: 712 0
47: 713 0
48: 17 0
49: 712 0
50: 19 0
51: 711 0
52: 18 0
53: 711 0
54: 19 0
55: 19 0
56: 712 0
57: 20 0
58: 711 0
59: 19 0
60: 711 0
61: 18 0
62: 20 0
63: 712 0
64: 18 0
65: 711 0
66: 19 0
67: 711 0
68: 18 0
69: 20 0
70: 711 0
71: 21 0
72: 710 0
73: 19 0
74: 710 0
75: 19 0
76: 20 0
77: 711 0
78: 20 0
79: 710 0
80: 18 0
81: 711 0
82: 18 0
83: 17 0
84: 711 0
85: 19 0
86: 710 0
87: 18 0
88: 710 0
89: 20 0
90: 711 0
91: 710 0
92: 19 0
93: 710 0
94: 18 0
95: 711 0
96: 18 0
97: 711 0
98: 17 0
99: 19 0
100: 710 0
101: 18 0
102: 710 0
103: 19 0
104: 19 1
105: 711 1
106: 710 1
107: 17 1
108: 710 1
109: 710 1
110: 20 1
111: 711 1
112: 710 1
113: 20 1
114: 712 1
115: 710 1
116: 324 1
117: 18 1
118: 711 1
119: 710 1
120: 20 1
121: 711 1
122: 444 1
123: 19 1
124: 711 1
125: 711 1
126: 20 1
127: 711 1
128: 608 1
129: 20 1
130: 711 1
131: 711 1
132: 18 1
133: 710 1
134: 712 1
135: 19 1
136: 710 1
137: 712 1
138: 20 1
139: 711 1
140: 710 1
141: 20 1
142: 710 1
143: 710 1
144: 19 1
145: 711 1
146: 710 1
147: 711 1
148: 17 1
149: 711 1
150: 60 1
151: 711 1
152: 710 1
153: 18 1
154: 712 1
155: 711 1
156: 710 1
157: 19 1
158: 710 1
159: 710 1
160: 21 1
161: 711 1
162: 710 1
163: 19 1
164: 711 1
165: 711 1
166: 710 1
167: 19 1
168: 710 1
169: 711 1
170: 19 1
171: 711 1
172: 710 1
173: 17 1
174: 712 1
175: 711 1
176: 20 1
177: 712 1
178: 711 1
179: 137 1
180: 19 1
181: 711 1
182: 19 1
183: 711 1
184: 711 1
185: 247 1
186: 19 1
187: 711 1
188: 20 1
189: 710 1
190: 711 1
191: 19 1
192: 710 1
193: 710 1
194: 712 1
195: 15 1
196: 710 1
197: 712 1
198: 18 1
199: 710 1
200: 711 1
201: 19 1
202: 710 1
203: 710 1
204: 710 0
205: 19 0
206: 709 0
207: 18 0
208: 710 0
209: 18 0
210: 711 0
211: 19 0
212: 710 0
213: 19 0
214: 18 0
215: 711 0
216: 17 0
217: 712 0
218: 19 0
219: 710 0
220: 19 0
221: 711 0
222: 20 0
223: 711 0
224: 19 0
225: 711 0
226: 19 0
227: 711 0
228: 19 0
229: 710 0
230: 18 0
231: 712 0
232: 20 0
233: 710 0
234: 21 0
235: 710 0
236: 20 0
237: 713 0
238: 21 0
239: 710 0
240: 21 0
241: 711 0
242: 20 0
243: 711 0
244: 17 0
245: 710 0
246: 19 0
247: 711 0
248: 19 0
249: 710 0
250: 19 0
251: 710 0
252: 20 0
253: 710 0
254: 18 0
255: 711 0
256: 19 0
257: 712 0
258: 18 0
259: 710 0
260: 19 0
261: 711 0
262: 19 0
263: 710 0
264: 18 0
265: 21 0
266: 711 0
267: 17 0
268: 711 0
269: 17 0
270: 711 0
271: 18 0
272: 711 0
273: 19 0
274: 711 0
275: 19 0
276: 710 0
277: 19 0
278: 710 0
279: 19 0
280: 711 0
281: 17 0
282: 710 0
283: 18 0
284: 712 0
285: 19 0
286: 711 0
287: 18 0
288: 711 0
289: 19 0
290: 711 0
291: 19 0
292: 712 0
293: 19 0
294: 712 0
295: 19 0
296: 711 0
297: 17 0
298: 712 0
299: 19 0
300: 711 0
301: 19 0
302: 711 0
303: 17 0
304: 713 0
305: 711 1
306: 711 1
307: 712 1
308: 17 1
309: 711 1
310: 712 1
311: 18 1
312: 711 1
313: 712 1
314: 18 1
315: 712 1
316: 20 1
317: 712 1
318: 712 1
319: 24 1
320: 711 1
321: 712 1
322: 20 1
323: 710 1
324: 712 1
325: 19 1
326: 711 1
327: 710 1
328: 20 1
329: 710 1
330: 710 1
331: 21 1
332: 710 1
333: 710 1
334: 19 1
335: 710 1
336: 710 1
337: 171 1
338: 19 1
339: 710 1
340: 710 1
341: 19 1
342: 710 1
343: 19 1
344: 711 1
345: 710 1
346: 711 1
347: 19 1
348: 710 1
349: 208 1
350: 20 1
351: 711 1
352: 19 1
353: 710 1
354: 711 1
355: 326 1
356: 20 1
357: 711 1
358: 712 1
359: 20 1
360: 710 1
361: 18 1
362: 710 1
363: 710 1
364: 712 1
365: 20 1
366: 710 1
367: 711 1
368: 19 1
369: 710 1
370: 711 1
371: 19 1
372: 710 1
373: 711 1
374: 711 1
375: 20 1
376: 711 1
377: 21 1
378: 710 1
379: 711 1
380: 710 1
381: 19 1
382: 711 1
383: 26 1
384: 712 1
385: 711 1
386: 710 1
387: 19 1
388: 711 1
389: 361 1
390: 19 1
391: 712 1
392: 710 1
393: 19 1
394: 712 1
395: 345 1
396: 17 1
397: 712 1
398: 710 1
399: 20 1
400: 711 1
401: 283 1
402: 20 1
403: 711 1
404: 711 1
405: 710 0
406: 20 0
407: 710 0
408: 18 0
409: 711 0
410: 19 0
411: 711 0
412: 20 0
413: 710 0
414: 19 0
415: 711 0
416: 20 0
417: 711 0
418: 20 0
419: 710 0
420: 18 0
421: 711 0
422: 19 0
423: 711 0
424: 19 0
425: 710 0
426: 19 0
427: 710 0
428: 18 0
429: 710 0
430: 19 0
431: 711 0
432: 19 0
433: 710 0
434: 20 0
435: 711 0
436: 18 0
437: 711 0
438: 19 0
439: 710 0
440: 20 0
441: 712 0
442: 20 0
443: 710 0
444: 19 0
445: 710 0
446: 19 0
447: 19 0
448: 710 0
449: 20 0
450: 710 0
451: 19 0
452: 711 0
453: 21 0
454: 711 0
455: 20 0
456: 710 0
457: 19 0
458: 711 0
459: 21 0
460: 710 0
461: 19 0
462: 710 0
463: 18 0
464: 713 0
465: 19 0
466: 710 0
467: 20 0
468: 711 0
469: 18 0
470: 711 0
471: 17 0
472: 710 0
473: 18 0
474: 711 0
475: 19 0
476: 711 0
477: 19 0
478: 710 0
479: 19 0
480: 710 0
481: 18 0
482: 710 0
483: 19 0
484: 712 0
485: 21 0
486: 710 0
487: 19 0
488: 711 0
489: 19 0
490: 710 0
491: 19 0
492: 710 0
493: 18 0
494: 710 0
495: 18 0
496: 710 0
497: 18 0
498: 19 0
499: 710 0
500: 20 0
501: 711 0
502: 18 0
503: 710 0
504: 19 0
505: 711 1
506: 710 1
507: 710 1
508: 20 1
509: 710 1
510: 710 1
511: 19 1
512: 711 1
513: 710 1
514: 19 1
515: 710 1
516: 710 1
517: 299 1
518: 19 1
519: 710 1
520: 20 1
521: 711 1
522: 711 1
523: 18 1
524: 712 1
525: 711 1
526: 710 1
527: 18 1
528: 711 1
529: 358 1
530: 21 1
531: 711 1
532: 710 1
533: 21 1
534: 710 1
535: 457 1
536: 20 1
537: 710 1
538: 711 1
539: 19 1
540: 710 1
541: 712 1
542: 18 1
543: 710 1
544: 712 1
545: 19 1
546: 710 1
547: 711 1
548: 22 1
549: 711 1
550: 710 1
551: 20 1
552: 710 1
553: 710 1
554: 21 1
555: 710 1
556: 710 1
557: 20 1
558: 711 1
559: 710 1
560: 20 1
561: 711 1
562: 710 1
563: 19 1
564: 711 1
565: 710 1
566: 19 1
567: 710 1
568: 711 1
569: 20 1
570: 711 1
571: 711 1
572: 20 1
573: 710 1
574: 710 1
575: 20 1
576: 710 1
577: 711 1
578: 19 1
579: 710 1
580: 710 1
581: 19 1
582: 710 1
583: 710 1
584: 20 1
585: 710 1
586: 710 1
587: 20 1
588: 711 1
589: 20 1
590: 710 1
591: 711 1
592: 710 1
593: 19 1
594: 710 1
595: 710 1
596: 20 1
597: 712 1
598: 306 1
599: 21 1
600: 710 1
601: 712 1
602: 19 1
603: 710 1
604: 712 1
605: 710 0
606: 19 0
607: 710 0
608: 19 0
609: 710 0
610: 21 0
611: 711 0
612: 20 0
613: 710 0
614: 16 0
615: 710 0
616: 19 0
617: 711 0
618: 20 0
619: 711 0
620: 20 0
621: 712 0
622: 19 0
623: 710 0
624: 21 0
625: 19 0
626: 710 0
627: 20 0
628: 711 0
629: 18 0
630: 711 0
631: 19 0
632: 711 0
633: 20 0
634: 711 0
635: 19 0
636: 712 0
637: 19 0
638: 712 0
639: 19 0
640: 712 0
641: 20 0
642: 712 0
643: 19 0
644: 712 0
645: 22 0
646: 710 0
647: 19 0
648: 712 0
649: 20 0
650: 710 0
651: 19 0
652: 710 0
653: 20 0
654: 710 0
655: 19 0
656: 710 0
657: 19 0
658: 711 0
659: 18 0
660: 710 0
661: 20 0
662: 710 0
663: 19 0
664: 711 0
665: 19 0
666: 710 0
667: 19 0
668: 711 0
669: 21 0
670: 710 0
671: 17 0
672: 20 0
673: 710 0
674: 20 0
675: 711 0
676: 21 0
677: 711 0
678: 19 0
679: 711 0
680: 21 0
681: 711 0
682: 21 0
683: 710 0
684: 19 0
685: 712 0
686: 19 0
687: 710 0
688: 18 0
689: 710 0
690: 20 0
691: 712 0
692: 18 0
693: 710 0
694: 18 0
695: 711 0
696: 19 0
697: 712 0
698: 18 0
699: 710 0
700: 19 0
701: 711 0
702: 17 0
703: 711 0
704: 18 0
705: 710 0
706: 17 1
707: 710 1
708: 18 1
709: 711 1
710: 710 1
711: 208 1
712: 19 1
713: 710 1
714: 710 1
715: 19 1
716: 710 1
717: 17 1
718: 711 1
719: 710 1
720: 19 1
721: 711 1
722: 711 1
723: 401 1
724: 19 1
725: 711 1
726: 710 1
727: 19 1
728: 712 1
729: 521 1
730: 19 1
731: 711 1
732: 710 1
733: 20 1
734: 710 1
735: 667 1
736: 19 1
737: 710 1
738: 711 1
739: 18 1
740: 710 1
741: 711 1
742: 19 1
743: 710 1
744: 711 1
745: 20 1
746: 710 1
747: 710 1
748: 19 1
749: 710 1
750: 711 1
751: 17 1
752: 711 1
753: 710 1
754: 19 1
755: 711 1
756: 710 1
757: 19 1
758: 711 1
759: 710 1
760: 19 1
761: 711 1
762: 710 1
763: 18 1
764: 711 1
765: 711 1
766: 19 1
767: 710 1
768: 711 1
769: 17 1
770: 710 1
771: 712 1
772: 19 1
773: 710 1
774: 710 1
775: 19 1
776: 710 1
777: 711 1
778: 18 1
779: 710 1
780: 710 1
781: 18 1
782: 710 1
783: 710 1
784: 19 1
785: 711 1
786: 273 1
787: 19 1
788: 712 1
789: 710 1
790: 19 1
791: 712 1
792: 710 1
793: 19 1
794: 710 1
795: 18 1
796: 710 1
797: 710 1
798: 711 1
799: 19 1
800: 710 1
801: 711 1
802: 19 1
803: 710 1
804: 711 1
805: 19 1
806: 710 0
807: 19 0
808: 712 0
809: 19 0
810: 710 0
811: 19 0
812: 710 0
813: 20 0
814: 710 0
815: 19 0
816: 710 0
817: 18 0
818: 711 0
819: 19 0
820: 711 0
821: 20 0
822: 710 0
823: 18 0
824: 711 0
825: 19 0
826: 710 0
827: 19 0
828: 711 0
829: 20 0
830: 710 0
831: 18 0
832: 710 0
833: 19 0
834: 710 0
835: 18 0
836: 710 0
837: 19 0
838: 711 0
839: 19 0
840: 20 0
841: 710 0
842: 20 0
843: 710 0
844: 19 0
845: 712 0
846: 19 0
847: 710 0
848: 17 0
849: 711 0
850: 20 0
851: 712 0
852: 17 0
853: 710 0
854: 20 0
855: 711 0
856: 19 0
857: 711 0
858: 19 0
859: 710 0
860: 17 0
861: 710 0
862: 21 0
863: 711 0
864: 17 0
865: 710 0
866: 18 0
867: 710 0
868: 17 0
869: 710 0
870: 18 0
871: 711 0
872: 17 0
873: 710 0
874: 18 0
875: 711 0
876: 20 0
877: 710 0
878: 18 0
879: 710 0
880: 19 0
881: 710 0
882: 19 0
883: 710 0
884: 18 0
885: 711 0
886: 18 0
887: 710 0
888: 18 0
889: 281 0
890: 18 0
891: 18 0
892: 711 0
893: 17 0
894: 710 0
895: 21 0
896: 710 0
897: 21 0
898: 712 0
899: 20 0
900: 711 0
901: 19 0
902: 711 0
903: 21 0
904: 711 0
905: 19 0
906: 592 1
907: 710 1
908: 711 1
909: 19 1
910: 710 1
911: 711 1
912: 21 1
913: 710 1
914: 710 1
915: 19 1
916: 711 1
917: 584 1
918: 19 1
919: 710 1
920: 710 1
921: 19 1
922: 710 1
923: 710 1
924: 19 1
925: 710 1
926: 710 1
927: 19 1
928: 710 1
929: 710 1
930: 19 1
931: 711 1
932: 710 1
933: 17 1
934: 710 1
935: 711 1
936: 21 1
937: 710 1
938: 712 1
939: 19 1
940: 710 1
941: 710 1
942: 18 1
943: 710 1
944: 710 1
945: 19 1
946: 710 1
947: 710 1
948: 21 1
949: 710 1
950: 710 1
951: 19 1
952: 711 1
953: 710 1
954: 19 1
955: 711 1
956: 710 1
957: 20 1
958: 711 1
959: 710 1
960: 18 1
961: 710 1
962: 710 1
963: 18 1
964: 710 1
965: 710 1
966: 19 1
967: 710 1
968: 711 1
969: 21 1
970: 710 1
971: 711 1
972: 20 1
973: 710 1
974: 710 1
975: 21 1
976: 710 1
977: 710 1
978: 19 1
979: 710 1
980: 710 1
981: 19 1
982: 710 1
983: 18 1
984: 712 1
985: 710 1
986: 710 1
987: 18 1
988: 711 1
989: 710 1
990: 19 1
991: 711 1
992: 710 1
993: 17 1
994: 710 1
995: 711 1
996: 18 1
997: 710 1
998: 712 1
999: 19 1
1000: 19 1
