1: 16 0
2: 711 0
3: 17 0
4: 711 0
5: 16 0
6: 17 0
7: 712 0
8: 16 0
9: 710 0
10: 710 0
11: 16 0
12: 711 0
13: 16 0
14: 713 0
15: 16 0
16: 710 0
17: 15 0
18: 15 0
19: 711 0
20: 17 0
21: 712 0
22: 15 0
23: 711 0
24: 14 0
25: 14 0
26: 710 0
27: 16 0
28: 712 0
29: 14 0
30: 710 0
31: 14 0
32: 14 0
33: 710 0
34: 14 0
35: 712 0
36: 14 0
37: 710 0
38: 16 0
39: 16 0
40: 710 0
41: 16 0
42: 712 0
43: 16 0
44: 711 0
45: 17 0
46: 16 0
47: 710 0
48: 14 0
49: 711 0
50: 14 0
51: 711 0
52: 15 0
53: 710 0
54: 711 0
55: 14 0
56: 711 0
57: 14 0
58: 711 0
59: 14 0
60: 710 0
61: 16 0
62: 15 0
63: 711 0
64: 18 0
65: 710 0
66: 15 0
67: 711 0
68: 16 0
69: 16 0
70: 710 0
71: 17 0
72: 710 0
73: 16 0
74: 710 0
75: 15 0
76: 15 0
77: 710 0
78: 16 0
79: 710 0
80: 16 0
81: 710 0
82: 14 0
83: 16 0
84: 710 0
85: 14 0
86: 710 0
87: 15 0
88: 710 0
89: 16 0
90: 15 0
91: 710 0
92: 14 0
93: 710 0
94: 15 0
95: 711 0
96: 13 0
97: 711 0
98: 710 0
99: 16 0
100: 711 0
101: 15 0
102: 711 0
103: 14 0
104: 17 1
105: 710 1
106: 711 1
107: 17 1
108: 711 1
109: 710 1
110: 13 1
111: 710 1
112: 710 1
113: 15 1
114: 710 1
115: 710 1
116: 15 1
117: 711 1
118: 710 1
119: 13 1
120: 711 1
121: 710 1
122: 16 1
123: 711 1
124: 711 1
125: 15 1
126: 710 1
127: 712 1
128: 17 1
129: 710 1
130: 712 1
131: 16 1
132: 710 1
133: 710 1
134: 15 1
135: 710 1
136: 710 1
137: 15 1
138: 710 1
139: 711 1
140: 711 1
141: 13 1
142: 710 1
143: 16 1
144: 711 1
145: 710 1
146: 15 1
147: 712 1
148: 710 1
149: 16 1
150: 712 1
151: 710 1
152: 17 1
153: 711 1
154: 711 1
155: 15 1
156: 710 1
157: 711 1
158: 15 1
159: 710 1
160: 711 1
161: 15 1
162: 710 1
163: 711 1
164: 15 1
165: 710 1
166: 710 1
167: 16 1
168: 711 1
169: 710 1
170: 15 1
171: 710 1
172: 710 1
173: 14 1
174: 711 1
175: 710 1
176: 14 1
177: 711 1
178: 710 1
179: 539 1
180: 13 1
181: 710 1
182: 14 1
183: 712 1
184: 710 1
185: 632 1
186: 14 1
187: 712 1
188: 12 1
189: 710 1
190: 712 1
191: 14 1
192: 710 1
193: 711 1
194: 15 1
195: 710 1
196: 710 1
197: 711 1
198: 15 1
199: 710 1
200: 14 1
201: 711 1
202: 710 1
203: 12 1
204: 710 0
205: 15 0
206: 709 0
207: 13 0
208: 710 0
209: 13 0
210: 13 0
211: 711 0
212: 14 0
213: 711 0
214: 14 0
215: 711 0
216: 16 0
217: 712 0
218: 14 0
219: 712 0
220: 13 0
221: 711 0
222: 15 0
223: 712 0
224: 15 0
225: 712 0
226: 13 0
227: 713 0
228: 13 0
229: 711 0
230: 16 0
231: 712 0
232: 16 0
233: 711 0
234: 15 0
235: 711 0
236: 15 0
237: 712 0
238: 13 0
239: 711 0
240: 13 0
241: 711 0
242: 15 0
243: 711 0
244: 15 0
245: 711 0
246: 13 0
247: 712 0
248: 15 0
249: 711 0
250: 14 0
251: 710 0
252: 13 0
253: 710 0
254: 13 0
255: 710 0
256: 15 0
257: 711 0
258: 13 0
259: 710 0
260: 13 0
261: 14 0
262: 710 0
263: 15 0
264: 711 0
265: 15 0
266: 710 0
267: 13 0
268: 710 0
269: 12 0
270: 712 0
271: 14 0
272: 710 0
273: 13 0
274: 712 0
275: 12 0
276: 710 0
277: 13 0
278: 710 0
279: 15 0
280: 711 0
281: 14 0
282: 710 0
283: 14 0
284: 711 0
285: 13 0
286: 711 0
287: 13 0
288: 710 0
289: 14 0
290: 712 0
291: 13 0
292: 711 0
293: 15 0
294: 712 0
295: 14 0
296: 710 0
297: 14 0
298: 710 0
299: 14 0
300: 710 0
301: 15 0
302: 710 0
303: 13 0
304: 711 0
305: 15 1
306: 710 1
307: 16 1
308: 711 1
309: 711 1
310: 13 1
311: 711 1
312: 710 1
313: 14 1
314: 711 1
315: 710 1
316: 305 1
317: 16 1
318: 710 1
319: 710 1
320: 15 1
321: 710 1
322: 419 1
323: 15 1
324: 711 1
325: 710 1
326: 13 1
327: 711 1
328: 532 1
329: 16 1
330: 711 1
331: 711 1
332: 15 1
333: 710 1
334: 650 1
335: 13 1
336: 710 1
337: 712 1
338: 15 1
339: 710 1
340: 710 1
341: 13 1
342: 710 1
343: 710 1
344: 14 1
345: 710 1
346: 710 1
347: 13 1
348: 710 1
349: 710 1
350: 13 1
351: 711 1
352: 710 1
353: 15 1
354: 711 1
355: 710 1
356: 14 1
357: 712 1
358: 710 1
359: 15 1
360: 710 1
361: 15 1
362: 710 1
363: 711 1
364: 711 1
365: 15 1
366: 710 1
367: 711 1
368: 13 1
369: 711 1
370: 14 1
371: 710 1
372: 710 1
373: 710 1
374: 13 1
375: 710 1
376: 710 1
377: 15 1
378: 710 1
379: 77 1
380: 710 1
381: 710 1
382: 710 1
383: 15 1
384: 711 1
385: 710 1
386: 15 1
387: 711 1
388: 15 1
389: 710 1
390: 712 1
391: 711 1
392: 14 1
393: 710 1
394: 711 1
395: 15 1
396: 710 1
397: 404 1
398: 16 1
399: 710 1
400: 710 1
401: 13 1
402: 710 1
403: 710 1
404: 15 1
405: 14 0
406: 14 0
407: 14 0
408: 17 0
409: 15 0
410: 13 0
411: 15 0
412: 15 0
413: 16 0
414: 16 0
415: 16 0
416: 16 0
417: 15 0
418: 15 0
419: 16 0
420: 16 0
421: 15 0
422: 16 0
423: 17 0
424: 17 0
425: 15 0
426: 15 0
427: 16 0
428: 16 0
429: 15 0
430: 14 0
431: 15 0
432: 16 0
433: 16 0
434: 16 0
435: 16 0
436: 16 0
437: 16 0
438: 16 0
439: 16 0
440: 14 0
441: 15 0
442: 15 0
443: 16 0
444: 15 0
445: 14 0
446: 16 0
447: 16 0
448: 16 0
449: 710 0
450: 16 0
451: 17 0
452: 16 0
453: 16 0
454: 13 0
455: 15 0
456: 15 0
457: 15 0
458: 14 0
459: 15 0
460: 15 0
461: 711 0
462: 15 0
463: 16 0
464: 14 0
465: 15 0
466: 17 0
467: 17 0
468: 15 0
469: 15 0
470: 14 0
471: 14 0
472: 15 0
473: 17 0
474: 16 0
475: 16 0
476: 15 0
477: 16 0
478: 16 0
479: 15 0
480: 16 0
481: 16 0
482: 15 0
483: 15 0
484: 17 0
485: 711 0
486: 16 0
487: 16 0
488: 17 0
489: 16 0
490: 15 0
491: 16 0
492: 15 0
493: 16 0
494: 15 0
495: 16 0
496: 17 0
497: 16 0
498: 15 0
499: 16 0
500: 15 0
501: 16 0
502: 15 0
503: 15 0
504: 16 0
505: 15 0
506: 15 1
507: 15 1
508: 711 1
509: 710 1
510: 15 1
511: 711 1
512: 711 1
513: 14 1
514: 710 1
515: 711 1
516: 13 1
517: 710 1
518: 712 1
519: 17 1
520: 711 1
521: 710 1
522: 15 1
523: 710 1
524: 711 1
525: 16 1
526: 710 1
527: 710 1
528: 20 1
529: 710 1
530: 710 1
531: 15 1
532: 711 1
533: 710 1
534: 32 1
535: 711 1
536: 710 1
537: 15 1
538: 712 1
539: 710 1
540: 15 1
541: 710 1
542: 712 1
543: 16 1
544: 710 1
545: 712 1
546: 14 1
547: 710 1
548: 710 1
549: 16 1
550: 710 1
551: 711 1
552: 15 1
553: 710 1
554: 710 1
555: 13 1
556: 710 1
557: 710 1
558: 16 1
559: 710 1
560: 710 1
561: 14 1
562: 712 1
563: 710 1
564: 14 1
565: 711 1
566: 710 1
567: 15 1
568: 710 1
569: 710 1
570: 13 1
571: 710 1
572: 710 1
573: 16 1
574: 710 1
575: 711 1
576: 15 1
577: 710 1
578: 711 1
579: 15 1
580: 710 1
581: 710 1
582: 15 1
583: 710 1
584: 710 1
585: 15 1
586: 711 1
587: 710 1
588: 711 1
589: 14 1
590: 711 1
591: 15 1
592: 711 1
593: 710 1
594: 710 1
595: 13 1
596: 710 1
597: 710 1
598: 15 1
599: 711 1
600: 710 1
601: 15 1
602: 712 1
603: 19 1
604: 711 1
605: 712 1
606: 710 0
607: 712 0
608: 14 0
609: 710 0
610: 15 0
611: 710 0
612: 14 0
613: 710 0
614: 14 0
615: 711 0
616: 15 0
617: 710 0
618: 14 0
619: 710 0
620: 16 0
621: 711 0
622: 14 0
623: 710 0
624: 15 0
625: 711 0
626: 14 0
627: 710 0
628: 14 0
629: 711 0
630: 15 0
631: 16 0
632: 712 0
633: 14 0
634: 710 0
635: 13 0
636: 710 0
637: 15 0
638: 712 0
639: 18 0
640: 710 0
641: 15 0
642: 712 0
643: 17 0
644: 711 0
645: 16 0
646: 710 0
647: 17 0
648: 710 0
649: 15 0
650: 711 0
651: 16 0
652: 711 0
653: 15 0
654: 710 0
655: 16 0
656: 711 0
657: 16 0
658: 711 0
659: 15 0
660: 710 0
661: 17 0
662: 712 0
663: 17 0
664: 710 0
665: 14 0
666: 710 0
667: 16 0
668: 710 0
669: 15 0
670: 710 0
671: 16 0
672: 711 0
673: 16 0
674: 710 0
675: 15 0
676: 710 0
677: 15 0
678: 711 0
679: 14 0
680: 15 0
681: 710 0
682: 14 0
683: 710 0
684: 14 0
685: 712 0
686: 16 0
687: 710 0
688: 15 0
689: 711 0
690: 16 0
691: 710 0
692: 13 0
693: 711 0
694: 15 0
695: 711 0
696: 15 0
697: 710 0
698: 16 0
699: 712 0
700: 15 0
701: 710 0
702: 13 0
703: 710 0
704: 14 0
705: 712 0
706: 15 0
707: 710 1
708: 711 1
709: 15 1
710: 710 1
711: 712 1
712: 15 1
713: 710 1
714: 712 1
715: 15 1
716: 710 1
717: 712 1
718: 17 1
719: 711 1
720: 711 1
721: 699 1
722: 14 1
723: 711 1
724: 14 1
725: 712 1
726: 711 1
727: 710 1
728: 15 1
729: 712 1
730: 710 1
731: 13 1
732: 713 1
733: 710 1
734: 15 1
735: 712 1
736: 710 1
737: 16 1
738: 711 1
739: 711 1
740: 14 1
741: 711 1
742: 711 1
743: 15 1
744: 712 1
745: 712 1
746: 15 1
747: 711 1
748: 710 1
749: 17 1
750: 711 1
751: 711 1
752: 15 1
753: 711 1
754: 710 1
755: 221 1
756: 15 1
757: 711 1
758: 15 1
759: 712 1
760: 710 1
761: 15 1
762: 713 1
763: 710 1
764: 17 1
765: 713 1
766: 710 1
767: 450 1
768: 15 1
769: 711 1
770: 15 1
771: 711 1
772: 712 1
773: 15 1
774: 711 1
775: 711 1
776: 15 1
777: 711 1
778: 711 1
779: 15 1
780: 711 1
781: 710 1
782: 15 1
783: 712 1
784: 710 1
785: 15 1
786: 712 1
787: 710 1
788: 15 1
789: 712 1
790: 410 1
791: 15 1
792: 712 1
793: 710 1
794: 15 1
795: 712 1
796: 710 1
797: 14 1
798: 712 1
799: 711 1
800: 15 1
801: 711 1
802: 713 1
803: 15 1
804: 711 1
805: 712 1
806: 15 1
807: 13 0
808: 711 0
809: 15 0
810: 711 0
811: 15 0
812: 712 0
813: 14 0
814: 711 0
815: 16 0
816: 711 0
817: 16 0
818: 711 0
819: 15 0
820: 710 0
821: 15 0
822: 711 0
823: 15 0
824: 710 0
825: 13 0
826: 710 0
827: 15 0
828: 710 0
829: 15 0
830: 710 0
831: 14 0
832: 712 0
833: 14 0
834: 710 0
835: 15 0
836: 710 0
837: 15 0
838: 710 0
839: 15 0
840: 710 0
841: 15 0
842: 711 0
843: 16 0
844: 710 0
845: 15 0
846: 710 0
847: 16 0
848: 710 0
849: 15 0
850: 711 0
851: 15 0
852: 15 0
853: 711 0
854: 15 0
855: 710 0
856: 15 0
857: 710 0
858: 14 0
859: 712 0
860: 16 0
861: 710 0
862: 15 0
863: 710 0
864: 16 0
865: 712 0
866: 17 0
867: 710 0
868: 16 0
869: 712 0
870: 16 0
871: 711 0
872: 15 0
873: 710 0
874: 15 0
875: 710 0
876: 15 0
877: 710 0
878: 14 0
879: 711 0
880: 14 0
881: 711 0
882: 14 0
883: 710 0
884: 14 0
885: 711 0
886: 14 0
887: 710 0
888: 15 0
889: 712 0
890: 14 0
891: 710 0
892: 13 0
893: 710 0
894: 13 0
895: 710 0
896: 14 0
897: 710 0
898: 15 0
899: 711 0
900: 15 0
901: 15 0
902: 711 0
903: 15 0
904: 710 0
905: 13 0
906: 711 0
907: 13 1
908: 14 1
909: 13 1
910: 711 1
911: 711 1
912: 13 1
913: 710 1
914: 712 1
915: 15 1
916: 711 1
917: 711 1
918: 15 1
919: 712 1
920: 682 1
921: 14 1
922: 711 1
923: 14 1
924: 710 1
925: 710 1
926: 538 1
927: 14 1
928: 710 1
929: 15 1
930: 711 1
931: 710 1
932: 605 1
933: 16 1
934: 710 1
935: 712 1
936: 13 1
937: 710 1
938: 13 1
939: 711 1
940: 710 1
941: 711 1
942: 15 1
943: 710 1
944: 711 1
945: 14 1
946: 711 1
947: 13 1
948: 710 1
949: 712 1
950: 711 1
951: 15 1
952: 712 1
953: 711 1
954: 16 1
955: 710 1
956: 13 1
957: 710 1
958: 710 1
959: 713 1
960: 13 1
961: 710 1
962: 711 1
963: 13 1
964: 710 1
965: 13 1
966: 711 1
967: 710 1
968: 711 1
969: 13 1
970: 710 1
971: 711 1
972: 13 1
973: 711 1
974: 711 1
975: 15 1
976: 711 1
977: 711 1
978: 13 1
979: 711 1
980: 711 1
981: 12 1
982: 710 1
983: 712 1
984: 13 1
985: 711 1
986: 712 1
987: 15 1
988: 710 1
989: 712 1
990: 14 1
991: 710 1
992: 712 1
993: 15 1
994: 710 1
995: 711 1
996: 11 1
997: 710 1
998: 711 1
999: 12 1
1000: 15 1
