1: 20 0
2: 710 0
3: 21 0
4: 712 0
5: 22 0
6: 22 0
7: 712 0
8: 20 0
9: 710 0
10: 710 0
11: 21 0
12: 712 0
13: 22 0
14: 713 0
15: 20 0
16: 710 0
17: 21 0
18: 21 0
19: 710 0
20: 21 0
21: 711 0
22: 20 0
23: 710 0
24: 20 0
25: 23 0
26: 711 0
27: 20 0
28: 712 0
29: 21 0
30: 710 0
31: 23 0
32: 19 0
33: 710 0
34: 22 0
35: 712 0
36: 20 0
37: 711 0
38: 19 0
39: 20 0
40: 711 0
41: 20 0
42: 712 0
43: 20 0
44: 710 0
45: 21 0
46: 711 0
47: 711 0
48: 19 0
49: 711 0
50: 22 0
51: 711 0
52: 19 0
53: 711 0
54: 20 0
55: 22 0
56: 711 0
57: 20 0
58: 711 0
59: 21 0
60: 710 0
61: 22 0
62: 21 0
63: 710 0
64: 20 0
65: 711 0
66: 21 0
67: 710 0
68: 20 0
69: 19 0
70: 711 0
71: 18 0
72: 711 0
73: 20 0
74: 710 0
75: 20 0
76: 19 0
77: 710 0
78: 21 0
79: 711 0
80: 19 0
81: 710 0
82: 20 0
83: 712 0
84: 710 0
85: 20 0
86: 712 0
87: 20 0
88: 711 0
89: 20 0
90: 711 0
91: 20 0
92: 20 0
93: 711 0
94: 20 0
95: 711 0
96: 18 0
97: 710 0
98: 19 0
99: 18 0
100: 711 0
101: 20 0
102: 710 0
103: 21 0
104: 20 1
105: 21 1
106: 710 1
107: 710 1
108: 520 1
109: 19 1
110: 711 1
111: 711 1
112: 20 1
113: 711 1
114: 428 1
115: 20 1
116: 710 1
117: 711 1
118: 20 1
119: 710 1
120: 712 1
121: 19 1
122: 710 1
123: 711 1
124: 21 1
125: 710 1
126: 711 1
127: 20 1
128: 710 1
129: 710 1
130: 20 1
131: 710 1
132: 710 1
133: 19 1
134: 710 1
135: 710 1
136: 22 1
137: 711 1
138: 710 1
139: 21 1
140: 711 1
141: 711 1
142: 36 1
143: 710 1
144: 710 1
145: 19 1
146: 711 1
147: 711 1
148: 117 1
149: 18 1
150: 712 1
151: 19 1
152: 710 1
153: 712 1
154: 222 1
155: 18 1
156: 710 1
157: 21 1
158: 710 1
159: 710 1
160: 332 1
161: 19 1
162: 710 1
163: 19 1
164: 710 1
165: 710 1
166: 19 1
167: 710 1
168: 710 1
169: 19 1
170: 711 1
171: 710 1
172: 19 1
173: 712 1
174: 711 1
175: 20 1
176: 710 1
177: 711 1
178: 18 1
179: 710 1
180: 711 1
181: 19 1
182: 710 1
183: 711 1
184: 19 1
185: 710 1
186: 711 1
187: 19 1
188: 710 1
189: 711 1
190: 19 1
191: 710 1
192: 711 1
193: 19 1
194: 710 1
195: 710 1
196: 710 1
197: 19 1
198: 710 1
199: 19 1
200: 711 1
201: 710 1
202: 710 1
203: 18 1
204: 709 0
205: 18 0
206: 710 0
207: 19 0
208: 711 0
209: 20 0
210: 712 0
211: 18 0
212: 21 0
213: 713 0
214: 20 0
215: 711 0
216: 20 0
217: 711 0
218: 20 0
219: 711 0
220: 19 0
221: 711 0
222: 19 0
223: 710 0
224: 17 0
225: 711 0
226: 19 0
227: 710 0
228: 19 0
229: 710 0
230: 19 0
231: 711 0
232: 18 0
233: 712 0
234: 20 0
235: 710 0
236: 18 0
237: 712 0
238: 19 0
239: 710 0
240: 18 0
241: 710 0
242: 17 0
243: 710 0
244: 17 0
245: 710 0
246: 18 0
247: 711 0
248: 20 0
249: 710 0
250: 18 0
251: 711 0
252: 19 0
253: 711 0
254: 19 0
255: 710 0
256: 21 0
257: 712 0
258: 21 0
259: 19 0
260: 712 0
261: 20 0
262: 710 0
263: 20 0
264: 711 0
265: 21 0
266: 711 0
267: 23 0
268: 711 0
269: 21 0
270: 711 0
271: 21 0
272: 711 0
273: 22 0
274: 711 0
275: 21 0
276: 710 0
277: 22 0
278: 710 0
279: 21 0
280: 713 0
281: 21 0
282: 710 0
283: 19 0
284: 710 0
285: 20 0
286: 711 0
287: 19 0
288: 710 0
289: 19 0
290: 711 0
291: 19 0
292: 711 0
293: 19 0
294: 710 0
295: 17 0
296: 710 0
297: 19 0
298: 711 0
299: 18 0
300: 712 0
301: 19 0
302: 710 0
303: 19 0
304: 711 0
305: 140 1
306: 18 1
307: 712 1
308: 710 1
309: 19 1
310: 710 1
311: 19 1
312: 710 1
313: 711 1
314: 711 1
315: 19 1
316: 710 1
317: 712 1
318: 20 1
319: 710 1
320: 712 1
321: 21 1
322: 710 1
323: 710 1
324: 710 1
325: 19 1
326: 710 1
327: 711 1
328: 18 1
329: 710 1
330: 711 1
331: 19 1
332: 710 1
333: 711 1
334: 20 1
335: 710 1
336: 710 1
337: 18 1
338: 710 1
339: 710 1
340: 19 1
341: 711 1
342: 710 1
343: 711 1
344: 20 1
345: 710 1
346: 422 1
347: 19 1
348: 710 1
349: 18 1
350: 711 1
351: 710 1
352: 536 1
353: 19 1
354: 711 1
355: 710 1
356: 19 1
357: 712 1
358: 652 1
359: 19 1
360: 712 1
361: 711 1
362: 20 1
363: 711 1
364: 711 1
365: 18 1
366: 710 1
367: 712 1
368: 17 1
369: 710 1
370: 711 1
371: 18 1
372: 710 1
373: 711 1
374: 34 1
375: 710 1
376: 710 1
377: 19 1
378: 711 1
379: 712 1
380: 374 1
381: 17 1
382: 711 1
383: 711 1
384: 15 1
385: 711 1
386: 218 1
387: 18 1
388: 711 1
389: 711 1
390: 19 1
391: 711 1
392: 328 1
393: 18 1
394: 711 1
395: 711 1
396: 19 1
397: 712 1
398: 443 1
399: 19 1
400: 712 1
401: 712 1
402: 19 1
403: 711 1
404: 699 1
405: 711 0
406: 19 0
407: 711 0
408: 20 0
409: 711 0
410: 19 0
411: 711 0
412: 18 0
413: 711 0
414: 20 0
415: 712 0
416: 19 0
417: 712 0
418: 19 0
419: 710 0
420: 19 0
421: 710 0
422: 20 0
423: 710 0
424: 19 0
425: 710 0
426: 19 0
427: 711 0
428: 20 0
429: 710 0
430: 20 0
431: 710 0
432: 19 0
433: 711 0
434: 19 0
435: 19 0
436: 710 0
437: 19 0
438: 710 0
439: 19 0
440: 712 0
441: 19 0
442: 710 0
443: 21 0
444: 710 0
445: 17 0
446: 711 0
447: 19 0
448: 710 0
449: 18 0
450: 710 0
451: 19 0
452: 711 0
453: 17 0
454: 711 0
455: 20 0
456: 710 0
457: 18 0
458: 711 0
459: 17 0
460: 711 0
461: 18 0
462: 710 0
463: 20 0
464: 712 0
465: 20 0
466: 710 0
467: 19 0
468: 710 0
469: 21 0
470: 710 0
471: 18 0
472: 710 0
473: 20 0
474: 710 0
475: 21 0
476: 710 0
477: 20 0
478: 710 0
479: 20 0
480: 711 0
481: 20 0
482: 710 0
483: 19 0
484: 711 0
485: 18 0
486: 19 0
487: 712 0
488: 18 0
489: 710 0
490: 19 0
491: 710 0
492: 20 0
493: 711 0
494: 19 0
495: 711 0
496: 19 0
497: 711 0
498: 19 0
499: 710 0
500: 20 0
501: 711 0
502: 19 0
503: 710 0
504: 21 0
505: 17 1
506: 710 1
507: 17 1
508: 710 1
509: 711 1
510: 19 1
511: 711 1
512: 710 1
513: 21 1
514: 711 1
515: 710 1
516: 21 1
517: 711 1
518: 22 1
519: 712 1
520: 711 1
521: 711 1
522: 20 1
523: 710 1
524: 712 1
525: 21 1
526: 710 1
527: 712 1
528: 19 1
529: 710 1
530: 710 1
531: 20 1
532: 710 1
533: 710 1
534: 20 1
535: 710 1
536: 710 1
537: 20 1
538: 711 1
539: 710 1
540: 20 1
541: 710 1
542: 710 1
543: 711 1
544: 19 1
545: 711 1
546: 19 1
547: 712 1
548: 710 1
549: 711 1
550: 18 1
551: 710 1
552: 17 1
553: 711 1
554: 711 1
555: 21 1
556: 710 1
557: 711 1
558: 20 1
559: 711 1
560: 711 1
561: 711 1
562: 19 1
563: 710 1
564: 18 1
565: 710 1
566: 710 1
567: 20 1
568: 711 1
569: 710 1
570: 30 1
571: 711 1
572: 710 1
573: 19 1
574: 711 1
575: 710 1
576: 19 1
577: 711 1
578: 710 1
579: 20 1
580: 712 1
581: 710 1
582: 18 1
583: 710 1
584: 712 1
585: 19 1
586: 710 1
587: 712 1
588: 282 1
589: 18 1
590: 710 1
591: 21 1
592: 709 1
593: 711 1
594: 22 1
595: 710 1
596: 710 1
597: 712 1
598: 19 1
599: 710 1
600: 19 1
601: 711 1
602: 711 1
603: 19 1
604: 711 1
605: 18 0
606: 712 0
607: 19 0
608: 710 0
609: 18 0
610: 711 0
611: 19 0
612: 711 0
613: 18 0
614: 711 0
615: 17 0
616: 710 0
617: 19 0
618: 711 0
619: 20 0
620: 711 0
621: 19 0
622: 710 0
623: 19 0
624: 712 0
625: 20 0
626: 710 0
627: 19 0
628: 710 0
629: 19 0
630: 710 0
631: 17 0
632: 710 0
633: 17 0
634: 711 0
635: 18 0
636: 710 0
637: 19 0
638: 710 0
639: 21 0
640: 711 0
641: 19 0
642: 710 0
643: 20 0
644: 712 0
645: 20 0
646: 710 0
647: 20 0
648: 710 0
649: 19 0
650: 686 0
651: 19 0
652: 18 0
653: 710 0
654: 20 0
655: 711 0
656: 20 0
657: 711 0
658: 22 0
659: 710 0
660: 20 0
661: 712 0
662: 21 0
663: 710 0
664: 19 0
665: 710 0
666: 19 0
667: 713 0
668: 19 0
669: 710 0
670: 21 0
671: 711 0
672: 20 0
673: 711 0
674: 22 0
675: 710 0
676: 18 0
677: 710 0
678: 20 0
679: 711 0
680: 21 0
681: 711 0
682: 21 0
683: 710 0
684: 19 0
685: 710 0
686: 22 0
687: 711 0
688: 19 0
689: 712 0
690: 19 0
691: 711 0
692: 19 0
693: 710 0
694: 19 0
695: 710 0
696: 21 0
697: 710 0
698: 19 0
699: 19 0
700: 711 0
701: 21 0
702: 711 0
703: 19 0
704: 711 0
705: 19 0
706: 589 1
707: 712 1
708: 711 1
709: 710 1
710: 22 1
711: 712 1
712: 21 1
713: 711 1
714: 712 1
715: 44 1
716: 710 1
717: 710 1
718: 710 1
719: 19 1
720: 710 1
721: 711 1
722: 19 1
723: 710 1
724: 711 1
725: 19 1
726: 710 1
727: 712 1
728: 20 1
729: 710 1
730: 710 1
731: 19 1
732: 710 1
733: 710 1
734: 19 1
735: 710 1
736: 710 1
737: 20 1
738: 710 1
739: 710 1
740: 20 1
741: 711 1
742: 710 1
743: 21 1
744: 712 1
745: 710 1
746: 22 1
747: 712 1
748: 711 1
749: 20 1
750: 710 1
751: 711 1
752: 19 1
753: 710 1
754: 711 1
755: 20 1
756: 710 1
757: 711 1
758: 20 1
759: 710 1
760: 711 1
761: 19 1
762: 710 1
763: 710 1
764: 711 1
765: 21 1
766: 710 1
767: 711 1
768: 19 1
769: 710 1
770: 710 1
771: 20 1
772: 710 1
773: 24 1
774: 711 1
775: 710 1
776: 710 1
777: 19 1
778: 710 1
779: 20 1
780: 711 1
781: 711 1
782: 19 1
783: 710 1
784: 711 1
785: 77 1
786: 710 1
787: 712 1
788: 21 1
789: 710 1
790: 710 1
791: 19 1
792: 710 1
793: 710 1
794: 712 1
795: 19 1
796: 710 1
797: 286 1
798: 19 1
799: 710 1
800: 19 1
801: 711 1
802: 710 1
803: 710 1
804: 19 1
805: 710 1
806: 710 0
807: 19 0
808: 711 0
809: 19 0
810: 710 0
811: 19 0
812: 710 0
813: 19 0
814: 712 0
815: 19 0
816: 710 0
817: 20 0
818: 711 0
819: 19 0
820: 710 0
821: 21 0
822: 710 0
823: 18 0
824: 682 0
825: 17 0
826: 20 0
827: 713 0
828: 20 0
829: 710 0
830: 21 0
831: 712 0
832: 21 0
833: 711 0
834: 20 0
835: 710 0
836: 19 0
837: 710 0
838: 17 0
839: 711 0
840: 17 0
841: 711 0
842: 17 0
843: 710 0
844: 17 0
845: 711 0
846: 19 0
847: 711 0
848: 20 0
849: 710 0
850: 17 0
851: 712 0
852: 16 0
853: 710 0
854: 17 0
855: 711 0
856: 17 0
857: 710 0
858: 17 0
859: 710 0
860: 21 0
861: 711 0
862: 20 0
863: 710 0
864: 17 0
865: 710 0
866: 17 0
867: 711 0
868: 15 0
869: 710 0
870: 19 0
871: 712 0
872: 19 0
873: 710 0
874: 17 0
875: 18 0
876: 710 0
877: 19 0
878: 711 0
879: 16 0
880: 711 0
881: 17 0
882: 711 0
883: 19 0
884: 710 0
885: 18 0
886: 710 0
887: 18 0
888: 712 0
889: 18 0
890: 710 0
891: 18 0
892: 711 0
893: 17 0
894: 713 0
895: 16 0
896: 710 0
897: 16 0
898: 711 0
899: 17 0
900: 711 0
901: 16 0
902: 710 0
903: 17 0
904: 711 0
905: 18 0
906: 17 1
907: 710 1
908: 711 1
909: 16 1
910: 710 1
911: 711 1
912: 17 1
913: 710 1
914: 712 1
915: 17 1
916: 710 1
917: 710 1
918: 18 1
919: 710 1
920: 710 1
921: 17 1
922: 711 1
923: 710 1
924: 711 1
925: 18 1
926: 712 1
927: 712 1
928: 19 1
929: 711 1
930: 711 1
931: 18 1
932: 710 1
933: 711 1
934: 17 1
935: 710 1
936: 711 1
937: 17 1
938: 710 1
939: 711 1
940: 18 1
941: 711 1
942: 711 1
943: 17 1
944: 710 1
945: 711 1
946: 19 1
947: 711 1
948: 712 1
949: 18 1
950: 710 1
951: 712 1
952: 18 1
953: 710 1
954: 712 1
955: 17 1
956: 710 1
957: 711 1
958: 17 1
959: 710 1
960: 711 1
961: 17 1
962: 710 1
963: 711 1
964: 710 1
965: 16 1
966: 712 1
967: 16 1
968: 710 1
969: 712 1
970: 18 1
971: 711 1
972: 712 1
973: 17 1
974: 712 1
975: 711 1
976: 17 1
977: 711 1
978: 18 1
979: 710 1
980: 711 1
981: 712 1
982: 18 1
983: 710 1
984: 712 1
985: 18 1
986: 710 1
987: 678 1
988: 19 1
989: 710 1
990: 711 1
991: 18 1
992: 711 1
993: 711 1
994: 17 1
995: 710 1
996: 711 1
997: 23 1
998: 711 1
999: 711 1
1000: 20 1
