1: 20 0
2: 712 0
3: 20 0
4: 710 0
5: 20 0
6: 22 0
7: 711 0
8: 21 0
9: 712 0
10: 710 0
11: 20 0
12: 713 0
13: 21 0
14: 712 0
15: 22 0
16: 712 0
17: 22 0
18: 21 0
19: 712 0
20: 21 0
21: 710 0
22: 22 0
23: 710 0
24: 21 0
25: 20 0
26: 711 0
27: 20 0
28: 710 0
29: 21 0
30: 710 0
31: 21 0
32: 20 0
33: 711 0
34: 21 0
35: 710 0
36: 23 0
37: 710 0
38: 23 0
39: 21 0
40: 710 0
41: 21 0
42: 710 0
43: 23 0
44: 710 0
45: 23 0
46: 711 0
47: 711 0
48: 20 0
49: 710 0
50: 21 0
51: 711 0
52: 22 0
53: 711 0
54: 22 0
55: 21 0
56: 710 0
57: 20 0
58: 710 0
59: 21 0
60: 711 0
61: 21 0
62: 21 0
63: 710 0
64: 20 0
65: 710 0
66: 21 0
67: 712 0
68: 21 0
69: 22 0
70: 710 0
71: 20 0
72: 710 0
73: 20 0
74: 711 0
75: 23 0
76: 21 0
77: 710 0
78: 23 0
79: 710 0
80: 18 0
81: 711 0
82: 20 0
83: 710 0
84: 711 0
85: 22 0
86: 710 0
87: 23 0
88: 712 0
89: 23 0
90: 710 0
91: 20 0
92: 20 0
93: 711 0
94: 20 0
95: 711 0
96: 22 0
97: 711 0
98: 20 0
99: 21 0
100: 710 0
101: 20 0
102: 711 0
103: 22 0
104: 21 1
105: 22 1
106: 710 1
107: 710 1
108: 711 1
109: 21 1
110: 710 1
111: 711 1
112: 21 1
113: 710 1
114: 711 1
115: 22 1
116: 710 1
117: 711 1
118: 20 1
119: 711 1
120: 711 1
121: 23 1
122: 710 1
123: 85 1
124: 710 1
125: 711 1
126: 20 1
127: 710 1
128: 711 1
129: 710 1
130: 21 1
131: 711 1
132: 712 1
133: 21 1
134: 711 1
135: 711 1
136: 19 1
137: 710 1
138: 712 1
139: 20 1
140: 710 1
141: 712 1
142: 19 1
143: 712 1
144: 711 1
145: 20 1
146: 710 1
147: 710 1
148: 19 1
149: 710 1
150: 711 1
151: 28 1
152: 710 1
153: 711 1
154: 21 1
155: 711 1
156: 711 1
157: 23 1
158: 712 1
159: 711 1
160: 24 1
161: 712 1
162: 711 1
163: 25 1
164: 710 1
165: 711 1
166: 21 1
167: 710 1
168: 712 1
169: 38 1
170: 710 1
171: 711 1
172: 22 1
173: 710 1
174: 711 1
175: 22 1
176: 710 1
177: 711 1
178: 21 1
179: 710 1
180: 711 1
181: 21 1
182: 710 1
183: 711 1
184: 21 1
185: 710 1
186: 711 1
187: 22 1
188: 711 1
189: 710 1
190: 21 1
191: 710 1
192: 31 1
193: 710 1
194: 711 1
195: 711 1
196: 22 1
197: 710 1
198: 712 1
199: 21 1
200: 710 1
201: 712 1
202: 20 1
203: 710 1
204: 710 0
205: 22 0
206: 709 0
207: 20 0
208: 711 0
209: 19 0
210: 710 0
211: 21 0
212: 610 0
213: 20 0
214: 21 0
215: 710 0
216: 21 0
217: 710 0
218: 19 0
219: 711 0
220: 20 0
221: 712 0
222: 20 0
223: 710 0
224: 19 0
225: 711 0
226: 22 0
227: 710 0
228: 21 0
229: 710 0
230: 21 0
231: 711 0
232: 21 0
233: 710 0
234: 20 0
235: 710 0
236: 21 0
237: 710 0
238: 20 0
239: 710 0
240: 21 0
241: 711 0
242: 21 0
243: 710 0
244: 20 0
245: 711 0
246: 21 0
247: 710 0
248: 21 0
249: 710 0
250: 22 0
251: 710 0
252: 21 0
253: 710 0
254: 22 0
255: 710 0
256: 21 0
257: 710 0
258: 22 0
259: 710 0
260: 20 0
261: 711 0
262: 20 0
263: 20 0
264: 710 0
265: 20 0
266: 710 0
267: 22 0
268: 712 0
269: 21 0
270: 710 0
271: 21 0
272: 710 0
273: 20 0
274: 712 0
275: 21 0
276: 710 0
277: 21 0
278: 711 0
279: 22 0
280: 712 0
281: 20 0
282: 710 0
283: 18 0
284: 710 0
285: 21 0
286: 712 0
287: 20 0
288: 712 0
289: 22 0
290: 710 0
291: 21 0
292: 711 0
293: 22 0
294: 711 0
295: 19 0
296: 710 0
297: 22 0
298: 711 0
299: 22 0
300: 710 0
301: 21 0
302: 710 0
303: 19 0
304: 710 0
305: 20 1
306: 710 1
307: 710 1
308: 21 1
309: 710 1
310: 711 1
311: 20 1
312: 711 1
313: 20 1
314: 711 1
315: 711 1
316: 710 1
317: 22 1
318: 711 1
319: 710 1
320: 21 1
321: 711 1
322: 529 1
323: 22 1
324: 711 1
325: 711 1
326: 21 1
327: 710 1
328: 712 1
329: 21 1
330: 711 1
331: 710 1
332: 21 1
333: 710 1
334: 710 1
335: 711 1
336: 20 1
337: 710 1
338: 711 1
339: 19 1
340: 710 1
341: 711 1
342: 21 1
343: 710 1
344: 710 1
345: 17 1
346: 710 1
347: 710 1
348: 20 1
349: 710 1
350: 710 1
351: 19 1
352: 710 1
353: 710 1
354: 19 1
355: 711 1
356: 710 1
357: 20 1
358: 711 1
359: 710 1
360: 19 1
361: 711 1
362: 711 1
363: 19 1
364: 710 1
365: 711 1
366: 22 1
367: 710 1
368: 712 1
369: 19 1
370: 710 1
371: 710 1
372: 19 1
373: 710 1
374: 710 1
375: 20 1
376: 711 1
377: 710 1
378: 19 1
379: 710 1
380: 569 1
381: 19 1
382: 710 1
383: 710 1
384: 21 1
385: 712 1
386: 710 1
387: 19 1
388: 712 1
389: 20 1
390: 710 1
391: 710 1
392: 711 1
393: 21 1
394: 710 1
395: 711 1
396: 19 1
397: 710 1
398: 711 1
399: 21 1
400: 710 1
401: 712 1
402: 20 1
403: 710 1
404: 710 1
405: 712 0
406: 19 0
407: 710 0
408: 21 0
409: 710 0
410: 19 0
411: 710 0
412: 21 0
413: 710 0
414: 21 0
415: 711 0
416: 19 0
417: 710 0
418: 20 0
419: 710 0
420: 19 0
421: 711 0
422: 21 0
423: 710 0
424: 21 0
425: 711 0
426: 19 0
427: 710 0
428: 21 0
429: 710 0
430: 20 0
431: 710 0
432: 19 0
433: 710 0
434: 20 0
435: 20 0
436: 710 0
437: 19 0
438: 711 0
439: 21 0
440: 711 0
441: 20 0
442: 711 0
443: 20 0
444: 710 0
445: 19 0
446: 711 0
447: 19 0
448: 712 0
449: 20 0
450: 710 0
451: 20 0
452: 712 0
453: 19 0
454: 710 0
455: 19 0
456: 710 0
457: 21 0
458: 711 0
459: 20 0
460: 710 0
461: 21 0
462: 711 0
463: 21 0
464: 710 0
465: 19 0
466: 710 0
467: 19 0
468: 712 0
469: 20 0
470: 710 0
471: 20 0
472: 711 0
473: 21 0
474: 710 0
475: 20 0
476: 710 0
477: 20 0
478: 710 0
479: 20 0
480: 710 0
481: 21 0
482: 710 0
483: 19 0
484: 20 0
485: 712 0
486: 20 0
487: 711 0
488: 21 0
489: 711 0
490: 21 0
491: 710 0
492: 21 0
493: 710 0
494: 20 0
495: 712 0
496: 19 0
497: 710 0
498: 20 0
499: 710 0
500: 19 0
501: 711 0
502: 20 0
503: 710 0
504: 20 0
505: 711 1
506: 22 1
507: 711 1
508: 19 1
509: 710 1
510: 711 1
511: 18 1
512: 712 1
513: 711 1
514: 19 1
515: 712 1
516: 711 1
517: 19 1
518: 710 1
519: 711 1
520: 19 1
521: 711 1
522: 712 1
523: 710 1
524: 18 1
525: 712 1
526: 20 1
527: 710 1
528: 712 1
529: 19 1
530: 710 1
531: 711 1
532: 21 1
533: 710 1
534: 711 1
535: 711 1
536: 21 1
537: 711 1
538: 710 1
539: 20 1
540: 711 1
541: 710 1
542: 20 1
543: 711 1
544: 710 1
545: 20 1
546: 712 1
547: 711 1
548: 20 1
549: 712 1
550: 710 1
551: 20 1
552: 712 1
553: 710 1
554: 19 1
555: 712 1
556: 711 1
557: 20 1
558: 711 1
559: 711 1
560: 19 1
561: 712 1
562: 711 1
563: 17 1
564: 711 1
565: 711 1
566: 18 1
567: 711 1
568: 711 1
569: 21 1
570: 711 1
571: 710 1
572: 18 1
573: 711 1
574: 710 1
575: 19 1
576: 711 1
577: 710 1
578: 20 1
579: 711 1
580: 710 1
581: 19 1
582: 712 1
583: 710 1
584: 18 1
585: 713 1
586: 20 1
587: 710 1
588: 712 1
589: 710 1
590: 20 1
591: 711 1
592: 711 1
593: 19 1
594: 712 1
595: 19 1
596: 710 1
597: 712 1
598: 710 1
599: 21 1
600: 711 1
601: 711 1
602: 22 1
603: 712 1
604: 710 1
605: 19 0
606: 711 0
607: 19 0
608: 711 0
609: 19 0
610: 710 0
611: 19 0
612: 712 0
613: 19 0
614: 710 0
615: 19 0
616: 710 0
617: 19 0
618: 711 0
619: 18 0
620: 710 0
621: 19 0
622: 710 0
623: 18 0
624: 710 0
625: 17 0
626: 710 0
627: 15 0
628: 711 0
629: 20 0
630: 710 0
631: 18 0
632: 711 0
633: 20 0
634: 710 0
635: 19 0
636: 710 0
637: 20 0
638: 710 0
639: 19 0
640: 710 0
641: 21 0
642: 711 0
643: 21 0
644: 710 0
645: 20 0
646: 710 0
647: 18 0
648: 711 0
649: 17 0
650: 710 0
651: 21 0
652: 712 0
653: 20 0
654: 19 0
655: 712 0
656: 20 0
657: 710 0
658: 19 0
659: 711 0
660: 20 0
661: 711 0
662: 21 0
663: 710 0
664: 20 0
665: 711 0
666: 19 0
667: 711 0
668: 19 0
669: 711 0
670: 20 0
671: 710 0
672: 20 0
673: 711 0
674: 18 0
675: 712 0
676: 19 0
677: 710 0
678: 18 0
679: 712 0
680: 19 0
681: 710 0
682: 19 0
683: 710 0
684: 19 0
685: 710 0
686: 18 0
687: 710 0
688: 17 0
689: 710 0
690: 19 0
691: 710 0
692: 21 0
693: 710 0
694: 19 0
695: 711 0
696: 21 0
697: 710 0
698: 20 0
699: 711 0
700: 19 0
701: 710 0
702: 18 0
703: 19 0
704: 710 0
705: 21 0
706: 710 1
707: 710 1
708: 18 1
709: 710 1
710: 710 1
711: 459 1
712: 18 1
713: 710 1
714: 20 1
715: 711 1
716: 710 1
717: 19 1
718: 710 1
719: 711 1
720: 18 1
721: 710 1
722: 711 1
723: 19 1
724: 710 1
725: 711 1
726: 18 1
727: 710 1
728: 710 1
729: 711 1
730: 19 1
731: 710 1
732: 711 1
733: 21 1
734: 710 1
735: 712 1
736: 19 1
737: 710 1
738: 710 1
739: 20 1
740: 710 1
741: 710 1
742: 17 1
743: 711 1
744: 710 1
745: 20 1
746: 710 1
747: 710 1
748: 20 1
749: 711 1
750: 710 1
751: 19 1
752: 712 1
753: 710 1
754: 17 1
755: 712 1
756: 710 1
757: 19 1
758: 710 1
759: 711 1
760: 18 1
761: 710 1
762: 711 1
763: 18 1
764: 710 1
765: 711 1
766: 17 1
767: 710 1
768: 711 1
769: 18 1
770: 710 1
771: 710 1
772: 19 1
773: 710 1
774: 240 1
775: 18 1
776: 710 1
777: 710 1
778: 20 1
779: 711 1
780: 355 1
781: 19 1
782: 711 1
783: 19 1
784: 710 1
785: 711 1
786: 710 1
787: 19 1
788: 711 1
789: 711 1
790: 19 1
791: 710 1
792: 589 1
793: 19 1
794: 711 1
795: 712 1
796: 17 1
797: 710 1
798: 710 1
799: 19 1
800: 710 1
801: 710 1
802: 19 1
803: 711 1
804: 711 1
805: 711 1
806: 711 0
807: 19 0
808: 712 0
809: 19 0
810: 711 0
811: 17 0
812: 712 0
813: 18 0
814: 711 0
815: 19 0
816: 711 0
817: 18 0
818: 711 0
819: 19 0
820: 710 0
821: 19 0
822: 712 0
823: 18 0
824: 711 0
825: 20 0
826: 711 0
827: 19 0
828: 18 0
829: 711 0
830: 19 0
831: 711 0
832: 17 0
833: 713 0
834: 19 0
835: 714 0
836: 18 0
837: 710 0
838: 18 0
839: 712 0
840: 18 0
841: 710 0
842: 17 0
843: 710 0
844: 17 0
845: 711 0
846: 16 0
847: 710 0
848: 16 0
849: 710 0
850: 17 0
851: 710 0
852: 17 0
853: 710 0
854: 17 0
855: 711 0
856: 17 0
857: 710 0
858: 16 0
859: 711 0
860: 17 0
861: 710 0
862: 17 0
863: 710 0
864: 17 0
865: 710 0
866: 17 0
867: 710 0
868: 18 0
869: 710 0
870: 18 0
871: 710 0
872: 15 0
873: 710 0
874: 17 0
875: 19 0
876: 710 0
877: 17 0
878: 710 0
879: 19 0
880: 711 0
881: 18 0
882: 712 0
883: 18 0
884: 710 0
885: 19 0
886: 711 0
887: 17 0
888: 711 0
889: 17 0
890: 710 0
891: 17 0
892: 710 0
893: 17 0
894: 711 0
895: 19 0
896: 710 0
897: 18 0
898: 710 0
899: 17 0
900: 710 0
901: 19 0
902: 712 0
903: 15 0
904: 710 0
905: 15 0
906: 14 1
907: 710 1
908: 710 1
909: 15 1
910: 710 1
911: 710 1
912: 17 1
913: 710 1
914: 710 1
915: 18 1
916: 710 1
917: 710 1
918: 17 1
919: 712 1
920: 710 1
921: 19 1
922: 713 1
923: 710 1
924: 17 1
925: 710 1
926: 711 1
927: 17 1
928: 710 1
929: 711 1
930: 19 1
931: 710 1
932: 711 1
933: 19 1
934: 710 1
935: 711 1
936: 19 1
937: 710 1
938: 710 1
939: 18 1
940: 710 1
941: 710 1
942: 19 1
943: 711 1
944: 710 1
945: 17 1
946: 711 1
947: 710 1
948: 18 1
949: 711 1
950: 710 1
951: 21 1
952: 711 1
953: 710 1
954: 19 1
955: 711 1
956: 711 1
957: 20 1
958: 710 1
959: 712 1
960: 20 1
961: 710 1
962: 712 1
963: 19 1
964: 710 1
965: 710 1
966: 18 1
967: 710 1
968: 710 1
969: 17 1
970: 711 1
971: 711 1
972: 713 1
973: 17 1
974: 711 1
975: 714 1
976: 17 1
977: 712 1
978: 713 1
979: 19 1
980: 711 1
981: 57 1
982: 713 1
983: 711 1
984: 711 1
985: 19 1
986: 710 1
987: 19 1
988: 710 1
989: 711 1
990: 17 1
991: 710 1
992: 710 1
993: 271 1
994: 19 1
995: 711 1
996: 18 1
997: 710 1
998: 710 1
999: 19 1
1000: 18 1
