1: 24 0
2: 712 0
3: 23 0
4: 710 0
5: 23 0
6: 23 0
7: 711 0
8: 22 0
9: 711 0
10: 710 0
11: 22 0
12: 711 0
13: 21 0
14: 712 0
15: 25 0
16: 713 0
17: 22 0
18: 22 0
19: 710 0
20: 23 0
21: 710 0
22: 24 0
23: 711 0
24: 23 0
25: 23 0
26: 710 0
27: 23 0
28: 710 0
29: 24 0
30: 711 0
31: 23 0
32: 22 0
33: 710 0
34: 22 0
35: 710 0
36: 22 0
37: 711 0
38: 23 0
39: 701 0
40: 711 0
41: 23 0
42: 710 0
43: 20 0
44: 711 0
45: 21 0
46: 710 0
47: 23 0
48: 21 0
49: 710 0
50: 21 0
51: 711 0
52: 22 0
53: 710 0
54: 23 0
55: 22 0
56: 710 0
57: 23 0
58: 711 0
59: 21 0
60: 710 0
61: 24 0
62: 23 0
63: 710 0
64: 23 0
65: 710 0
66: 21 0
67: 710 0
68: 22 0
69: 22 0
70: 710 0
71: 21 0
72: 710 0
73: 22 0
74: 710 0
75: 21 0
76: 710 0
77: 711 0
78: 23 0
79: 710 0
80: 21 0
81: 710 0
82: 21 0
83: 711 0
84: 23 0
85: 23 0
86: 710 0
87: 22 0
88: 712 0
89: 21 0
90: 710 0
91: 21 0
92: 22 0
93: 710 0
94: 20 0
95: 713 0
96: 21 0
97: 710 0
98: 22 0
99: 23 0
100: 710 0
101: 23 0
102: 712 0
103: 23 0
104: 21 1
105: 23 1
106: 710 1
107: 711 1
108: 23 1
109: 710 1
110: 532 1
111: 21 1
112: 711 1
113: 710 1
114: 22 1
115: 711 1
116: 710 1
117: 23 1
118: 712 1
119: 711 1
120: 21 1
121: 711 1
122: 711 1
123: 21 1
124: 710 1
125: 712 1
126: 22 1
127: 710 1
128: 711 1
129: 23 1
130: 710 1
131: 711 1
132: 24 1
133: 710 1
134: 710 1
135: 712 1
136: 21 1
137: 710 1
138: 223 1
139: 21 1
140: 711 1
141: 710 1
142: 21 1
143: 711 1
144: 81 1
145: 712 1
146: 710 1
147: 710 1
148: 21 1
149: 710 1
150: 183 1
151: 22 1
152: 711 1
153: 710 1
154: 21 1
155: 711 1
156: 291 1
157: 21 1
158: 712 1
159: 710 1
160: 23 1
161: 710 1
162: 405 1
163: 21 1
164: 710 1
165: 712 1
166: 22 1
167: 711 1
168: 710 1
169: 22 1
170: 710 1
171: 711 1
172: 21 1
173: 711 1
174: 711 1
175: 20 1
176: 710 1
177: 711 1
178: 22 1
179: 711 1
180: 711 1
181: 21 1
182: 712 1
183: 709 1
184: 22 1
185: 712 1
186: 711 1
187: 19 1
188: 710 1
189: 23 1
190: 710 1
191: 711 1
192: 711 1
193: 22 1
194: 711 1
195: 22 1
196: 711 1
197: 710 1
198: 712 1
199: 21 1
200: 710 1
201: 711 1
202: 21 1
203: 710 1
204: 710 0
205: 21 0
206: 710 0
207: 23 0
208: 710 0
209: 23 0
210: 711 0
211: 21 0
212: 711 0
213: 21 0
214: 20 0
215: 711 0
216: 21 0
217: 710 0
218: 21 0
219: 712 0
220: 22 0
221: 710 0
222: 20 0
223: 711 0
224: 22 0
225: 713 0
226: 21 0
227: 710 0
228: 21 0
229: 711 0
230: 22 0
231: 711 0
232: 20 0
233: 710 0
234: 21 0
235: 711 0
236: 21 0
237: 711 0
238: 20 0
239: 711 0
240: 21 0
241: 710 0
242: 21 0
243: 710 0
244: 22 0
245: 712 0
246: 21 0
247: 711 0
248: 21 0
249: 711 0
250: 20 0
251: 710 0
252: 23 0
253: 712 0
254: 20 0
255: 711 0
256: 20 0
257: 710 0
258: 20 0
259: 711 0
260: 20 0
261: 710 0
262: 19 0
263: 20 0
264: 710 0
265: 21 0
266: 710 0
267: 21 0
268: 711 0
269: 21 0
270: 710 0
271: 22 0
272: 712 0
273: 21 0
274: 711 0
275: 22 0
276: 711 0
277: 21 0
278: 711 0
279: 23 0
280: 711 0
281: 19 0
282: 711 0
283: 21 0
284: 711 0
285: 20 0
286: 712 0
287: 19 0
288: 710 0
289: 21 0
290: 712 0
291: 22 0
292: 713 0
293: 21 0
294: 710 0
295: 19 0
296: 711 0
297: 21 0
298: 710 0
299: 20 0
300: 711 0
301: 21 0
302: 711 0
303: 21 0
304: 710 0
305: 19 1
306: 711 1
307: 21 1
308: 710 1
309: 712 1
310: 20 1
311: 710 1
312: 712 1
313: 710 1
314: 20 1
315: 710 1
316: 20 1
317: 710 1
318: 710 1
319: 711 1
320: 21 1
321: 710 1
322: 711 1
323: 25 1
324: 710 1
325: 21 1
326: 711 1
327: 710 1
328: 711 1
329: 21 1
330: 710 1
331: 710 1
332: 20 1
333: 711 1
334: 711 1
335: 20 1
336: 710 1
337: 710 1
338: 21 1
339: 711 1
340: 711 1
341: 710 1
342: 20 1
343: 710 1
344: 21 1
345: 712 1
346: 711 1
347: 710 1
348: 20 1
349: 712 1
350: 711 1
351: 21 1
352: 711 1
353: 710 1
354: 20 1
355: 711 1
356: 710 1
357: 22 1
358: 710 1
359: 711 1
360: 21 1
361: 710 1
362: 711 1
363: 20 1
364: 711 1
365: 711 1
366: 21 1
367: 711 1
368: 710 1
369: 21 1
370: 711 1
371: 710 1
372: 22 1
373: 711 1
374: 710 1
375: 629 1
376: 20 1
377: 710 1
378: 711 1
379: 20 1
380: 710 1
381: 606 1
382: 18 1
383: 710 1
384: 710 1
385: 21 1
386: 711 1
387: 710 1
388: 19 1
389: 711 1
390: 710 1
391: 21 1
392: 712 1
393: 710 1
394: 710 1
395: 19 1
396: 711 1
397: 137 1
398: 21 1
399: 711 1
400: 710 1
401: 19 1
402: 712 1
403: 76 1
404: 710 1
405: 712 0
406: 19 0
407: 710 0
408: 19 0
409: 711 0
410: 21 0
411: 710 0
412: 21 0
413: 710 0
414: 23 0
415: 710 0
416: 23 0
417: 710 0
418: 22 0
419: 712 0
420: 22 0
421: 710 0
422: 19 0
423: 710 0
424: 20 0
425: 711 0
426: 20 0
427: 710 0
428: 21 0
429: 711 0
430: 21 0
431: 710 0
432: 19 0
433: 20 0
434: 711 0
435: 20 0
436: 711 0
437: 20 0
438: 710 0
439: 21 0
440: 711 0
441: 21 0
442: 711 0
443: 21 0
444: 710 0
445: 19 0
446: 712 0
447: 21 0
448: 711 0
449: 20 0
450: 710 0
451: 21 0
452: 713 0
453: 19 0
454: 710 0
455: 20 0
456: 711 0
457: 21 0
458: 711 0
459: 19 0
460: 710 0
461: 21 0
462: 710 0
463: 21 0
464: 710 0
465: 20 0
466: 710 0
467: 22 0
468: 710 0
469: 21 0
470: 710 0
471: 21 0
472: 712 0
473: 21 0
474: 710 0
475: 22 0
476: 711 0
477: 23 0
478: 710 0
479: 21 0
480: 710 0
481: 21 0
482: 22 0
483: 710 0
484: 22 0
485: 711 0
486: 21 0
487: 710 0
488: 23 0
489: 712 0
490: 19 0
491: 710 0
492: 20 0
493: 710 0
494: 20 0
495: 711 0
496: 21 0
497: 710 0
498: 22 0
499: 712 0
500: 21 0
501: 711 0
502: 20 0
503: 710 0
504: 20 0
505: 18 1
506: 711 1
507: 711 1
508: 710 1
509: 19 1
510: 711 1
511: 20 1
512: 712 1
513: 712 1
514: 19 1
515: 710 1
516: 712 1
517: 21 1
518: 710 1
519: 713 1
520: 20 1
521: 710 1
522: 711 1
523: 21 1
524: 710 1
525: 712 1
526: 711 1
527: 21 1
528: 711 1
529: 25 1
530: 710 1
531: 712 1
532: 21 1
533: 710 1
534: 712 1
535: 710 1
536: 21 1
537: 711 1
538: 21 1
539: 712 1
540: 711 1
541: 221 1
542: 21 1
543: 712 1
544: 21 1
545: 710 1
546: 712 1
547: 290 1
548: 22 1
549: 712 1
550: 20 1
551: 710 1
552: 712 1
553: 711 1
554: 20 1
555: 711 1
556: 712 1
557: 21 1
558: 712 1
559: 711 1
560: 20 1
561: 711 1
562: 711 1
563: 20 1
564: 711 1
565: 711 1
566: 20 1
567: 711 1
568: 711 1
569: 21 1
570: 711 1
571: 710 1
572: 20 1
573: 711 1
574: 710 1
575: 58 1
576: 712 1
577: 710 1
578: 20 1
579: 712 1
580: 710 1
581: 142 1
582: 19 1
583: 712 1
584: 21 1
585: 712 1
586: 711 1
587: 20 1
588: 712 1
589: 712 1
590: 19 1
591: 711 1
592: 712 1
593: 237 1
594: 21 1
595: 710 1
596: 21 1
597: 711 1
598: 710 1
599: 19 1
600: 712 1
601: 710 1
602: 21 1
603: 711 1
604: 710 1
605: 20 0
606: 21 0
607: 21 0
608: 23 0
609: 20 0
610: 21 0
611: 21 0
612: 22 0
613: 20 0
614: 23 0
615: 20 0
616: 21 0
617: 21 0
618: 21 0
619: 21 0
620: 21 0
621: 20 0
622: 20 0
623: 710 0
624: 20 0
625: 20 0
626: 20 0
627: 20 0
628: 20 0
629: 21 0
630: 21 0
631: 21 0
632: 20 0
633: 20 0
634: 20 0
635: 20 0
636: 20 0
637: 22 0
638: 22 0
639: 22 0
640: 21 0
641: 21 0
642: 21 0
643: 20 0
644: 21 0
645: 20 0
646: 21 0
647: 20 0
648: 23 0
649: 21 0
650: 22 0
651: 21 0
652: 20 0
653: 21 0
654: 20 0
655: 21 0
656: 21 0
657: 20 0
658: 20 0
659: 19 0
660: 19 0
661: 21 0
662: 23 0
663: 21 0
664: 21 0
665: 20 0
666: 21 0
667: 20 0
668: 21 0
669: 21 0
670: 21 0
671: 21 0
672: 21 0
673: 20 0
674: 21 0
675: 20 0
676: 672 0
677: 21 0
678: 22 0
679: 22 0
680: 23 0
681: 22 0
682: 21 0
683: 22 0
684: 20 0
685: 23 0
686: 22 0
687: 23 0
688: 21 0
689: 21 0
690: 22 0
691: 21 0
692: 22 0
693: 20 0
694: 20 0
695: 21 0
696: 23 0
697: 22 0
698: 22 0
699: 20 0
700: 21 0
701: 22 0
702: 22 0
703: 22 0
704: 22 0
705: 23 0
706: 23 0
707: 23 1
708: 712 1
709: 710 1
710: 710 1
711: 19 1
712: 710 1
713: 710 1
714: 21 1
715: 710 1
716: 710 1
717: 21 1
718: 710 1
719: 710 1
720: 21 1
721: 710 1
722: 710 1
723: 21 1
724: 712 1
725: 96 1
726: 711 1
727: 712 1
728: 710 1
729: 20 1
730: 710 1
731: 710 1
732: 21 1
733: 711 1
734: 711 1
735: 21 1
736: 710 1
737: 711 1
738: 613 1
739: 20 1
740: 712 1
741: 712 1
742: 20 1
743: 710 1
744: 713 1
745: 21 1
746: 710 1
747: 713 1
748: 21 1
749: 710 1
750: 711 1
751: 20 1
752: 710 1
753: 712 1
754: 20 1
755: 710 1
756: 711 1
757: 20 1
758: 710 1
759: 711 1
760: 20 1
761: 710 1
762: 711 1
763: 21 1
764: 712 1
765: 711 1
766: 20 1
767: 711 1
768: 712 1
769: 20 1
770: 710 1
771: 711 1
772: 20 1
773: 711 1
774: 712 1
775: 20 1
776: 710 1
777: 712 1
778: 19 1
779: 710 1
780: 712 1
781: 20 1
782: 710 1
783: 711 1
784: 21 1
785: 711 1
786: 711 1
787: 21 1
788: 711 1
789: 711 1
790: 21 1
791: 711 1
792: 23 1
793: 711 1
794: 711 1
795: 711 1
796: 20 1
797: 711 1
798: 712 1
799: 20 1
800: 712 1
801: 396 1
802: 21 1
803: 711 1
804: 713 1
805: 20 1
806: 711 1
807: 713 0
808: 22 0
809: 711 0
810: 22 0
811: 711 0
812: 19 0
813: 712 0
814: 20 0
815: 711 0
816: 20 0
817: 20 0
818: 711 0
819: 19 0
820: 712 0
821: 21 0
822: 710 0
823: 20 0
824: 712 0
825: 20 0
826: 711 0
827: 21 0
828: 711 0
829: 20 0
830: 710 0
831: 20 0
832: 710 0
833: 19 0
834: 711 0
835: 21 0
836: 710 0
837: 17 0
838: 710 0
839: 20 0
840: 711 0
841: 19 0
842: 710 0
843: 20 0
844: 712 0
845: 18 0
846: 710 0
847: 19 0
848: 710 0
849: 20 0
850: 711 0
851: 19 0
852: 710 0
853: 18 0
854: 711 0
855: 21 0
856: 711 0
857: 20 0
858: 710 0
859: 20 0
860: 711 0
861: 20 0
862: 712 0
863: 21 0
864: 712 0
865: 20 0
866: 710 0
867: 19 0
868: 20 0
869: 710 0
870: 21 0
871: 712 0
872: 21 0
873: 710 0
874: 20 0
875: 711 0
876: 23 0
877: 710 0
878: 20 0
879: 711 0
880: 19 0
881: 711 0
882: 19 0
883: 710 0
884: 19 0
885: 710 0
886: 20 0
887: 712 0
888: 19 0
889: 710 0
890: 19 0
891: 711 0
892: 19 0
893: 711 0
894: 20 0
895: 711 0
896: 20 0
897: 710 0
898: 20 0
899: 710 0
900: 20 0
901: 711 0
902: 19 0
903: 710 0
904: 19 0
905: 711 0
906: 20 0
907: 20 1
908: 20 1
909: 710 1
910: 20 1
911: 713 1
912: 709 1
913: 21 1
914: 712 1
915: 711 1
916: 19 1
917: 711 1
918: 710 1
919: 21 1
920: 712 1
921: 711 1
922: 19 1
923: 712 1
924: 711 1
925: 20 1
926: 712 1
927: 712 1
928: 19 1
929: 711 1
930: 710 1
931: 19 1
932: 711 1
933: 710 1
934: 18 1
935: 712 1
936: 710 1
937: 588 1
938: 21 1
939: 710 1
940: 21 1
941: 712 1
942: 710 1
943: 710 1
944: 20 1
945: 710 1
946: 710 1
947: 21 1
948: 710 1
949: 711 1
950: 19 1
951: 711 1
952: 20 1
953: 711 1
954: 712 1
955: 710 1
956: 22 1
957: 710 1
958: 21 1
959: 711 1
960: 711 1
961: 21 1
962: 711 1
963: 710 1
964: 711 1
965: 21 1
966: 710 1
967: 19 1
968: 711 1
969: 710 1
970: 20 1
971: 713 1
972: 710 1
973: 711 1
974: 20 1
975: 710 1
976: 97 1
977: 711 1
978: 711 1
979: 20 1
980: 712 1
981: 711 1
982: 710 1
983: 22 1
984: 711 1
985: 19 1
986: 712 1
987: 712 1
988: 147 1
989: 20 1
990: 710 1
991: 19 1
992: 711 1
993: 710 1
994: 19 1
995: 711 1
996: 710 1
997: 18 1
998: 712 1
999: 710 1
1000: 19 1
