1: 22 0
2: 711 0
3: 21 0
4: 711 0
5: 21 0
6: 22 0
7: 713 0
8: 21 0
9: 710 0
10: 712 0
11: 22 0
12: 712 0
13: 23 0
14: 712 0
15: 22 0
16: 710 0
17: 20 0
18: 21 0
19: 710 0
20: 19 0
21: 711 0
22: 22 0
23: 710 0
24: 19 0
25: 18 0
26: 710 0
27: 20 0
28: 711 0
29: 19 0
30: 710 0
31: 22 0
32: 20 0
33: 710 0
34: 20 0
35: 710 0
36: 20 0
37: 711 0
38: 23 0
39: 19 0
40: 710 0
41: 20 0
42: 711 0
43: 21 0
44: 712 0
45: 20 0
46: 19 0
47: 710 0
48: 21 0
49: 710 0
50: 22 0
51: 713 0
52: 20 0
53: 710 0
54: 711 0
55: 21 0
56: 710 0
57: 21 0
58: 712 0
59: 22 0
60: 710 0
61: 20 0
62: 20 0
63: 710 0
64: 20 0
65: 712 0
66: 19 0
67: 710 0
68: 18 0
69: 21 0
70: 710 0
71: 19 0
72: 711 0
73: 20 0
74: 711 0
75: 20 0
76: 20 0
77: 710 0
78: 18 0
79: 711 0
80: 21 0
81: 711 0
82: 21 0
83: 20 0
84: 710 0
85: 23 0
86: 710 0
87: 21 0
88: 711 0
89: 19 0
90: 711 0
91: 710 0
92: 20 0
93: 711 0
94: 19 0
95: 712 0
96: 20 0
97: 711 0
98: 21 0
99: 21 0
100: 711 0
101: 19 0
102: 711 0
103: 20 0
104: 20 1
105: 710 1
106: 712 1
107: 21 1
108: 711 1
109: 710 1
110: 21 1
111: 711 1
112: 711 1
113: 19 1
114: 711 1
115: 712 1
116: 712 1
117: 20 1
118: 710 1
119: 21 1
120: 711 1
121: 711 1
122: 710 1
123: 22 1
124: 710 1
125: 19 1
126: 712 1
127: 711 1
128: 710 1
129: 20 1
130: 710 1
131: 21 1
132: 711 1
133: 710 1
134: 710 1
135: 20 1
136: 711 1
137: 21 1
138: 711 1
139: 712 1
140: 711 1
141: 21 1
142: 710 1
143: 26 1
144: 710 1
145: 710 1
146: 712 1
147: 19 1
148: 710 1
149: 710 1
150: 21 1
151: 710 1
152: 711 1
153: 21 1
154: 710 1
155: 710 1
156: 19 1
157: 710 1
158: 710 1
159: 20 1
160: 710 1
161: 710 1
162: 21 1
163: 711 1
164: 19 1
165: 710 1
166: 711 1
167: 397 1
168: 21 1
169: 710 1
170: 21 1
171: 710 1
172: 711 1
173: 19 1
174: 710 1
175: 709 1
176: 711 1
177: 19 1
178: 710 1
179: 711 1
180: 20 1
181: 710 1
182: 19 1
183: 711 1
184: 710 1
185: 710 1
186: 19 1
187: 710 1
188: 710 1
189: 20 1
190: 710 1
191: 19 1
192: 711 1
193: 710 1
194: 710 1
195: 20 1
196: 712 1
197: 710 1
198: 18 1
199: 712 1
200: 19 1
201: 711 1
202: 710 1
203: 711 1
204: 709 0
205: 19 0
206: 710 0
207: 19 0
208: 710 0
209: 19 0
210: 710 0
211: 21 0
212: 559 0
213: 19 0
214: 19 0
215: 710 0
216: 19 0
217: 710 0
218: 19 0
219: 713 0
220: 18 0
221: 710 0
222: 18 0
223: 711 0
224: 17 0
225: 711 0
226: 20 0
227: 711 0
228: 17 0
229: 710 0
230: 19 0
231: 711 0
232: 19 0
233: 711 0
234: 18 0
235: 710 0
236: 18 0
237: 711 0
238: 20 0
239: 712 0
240: 17 0
241: 710 0
242: 19 0
243: 712 0
244: 19 0
245: 711 0
246: 18 0
247: 711 0
248: 18 0
249: 710 0
250: 19 0
251: 712 0
252: 17 0
253: 711 0
254: 18 0
255: 710 0
256: 19 0
257: 710 0
258: 18 0
259: 712 0
260: 19 0
261: 710 0
262: 18 0
263: 18 0
264: 711 0
265: 19 0
266: 712 0
267: 20 0
268: 710 0
269: 21 0
270: 710 0
271: 19 0
272: 710 0
273: 18 0
274: 711 0
275: 19 0
276: 711 0
277: 21 0
278: 710 0
279: 20 0
280: 712 0
281: 19 0
282: 710 0
283: 20 0
284: 710 0
285: 18 0
286: 713 0
287: 18 0
288: 711 0
289: 18 0
290: 711 0
291: 19 0
292: 711 0
293: 19 0
294: 711 0
295: 19 0
296: 710 0
297: 18 0
298: 711 0
299: 19 0
300: 711 0
301: 18 0
302: 710 0
303: 20 0
304: 710 0
305: 20 1
306: 17 1
307: 711 1
308: 710 1
309: 19 1
310: 711 1
311: 713 1
312: 21 1
313: 712 1
314: 711 1
315: 19 1
316: 710 1
317: 710 1
318: 20 1
319: 711 1
320: 711 1
321: 20 1
322: 710 1
323: 711 1
324: 21 1
325: 710 1
326: 712 1
327: 20 1
328: 710 1
329: 710 1
330: 19 1
331: 710 1
332: 19 1
333: 711 1
334: 710 1
335: 710 1
336: 20 1
337: 711 1
338: 711 1
339: 20 1
340: 711 1
341: 710 1
342: 21 1
343: 712 1
344: 711 1
345: 21 1
346: 712 1
347: 710 1
348: 19 1
349: 711 1
350: 96 1
351: 710 1
352: 710 1
353: 712 1
354: 17 1
355: 710 1
356: 711 1
357: 19 1
358: 710 1
359: 711 1
360: 20 1
361: 710 1
362: 710 1
363: 712 1
364: 20 1
365: 711 1
366: 20 1
367: 711 1
368: 710 1
369: 711 1
370: 19 1
371: 710 1
372: 23 1
373: 711 1
374: 710 1
375: 710 1
376: 20 1
377: 711 1
378: 18 1
379: 711 1
380: 710 1
381: 710 1
382: 19 1
383: 712 1
384: 87 1
385: 710 1
386: 712 1
387: 710 1
388: 19 1
389: 710 1
390: 23 1
391: 710 1
392: 710 1
393: 711 1
394: 19 1
395: 710 1
396: 711 1
397: 19 1
398: 710 1
399: 711 1
400: 21 1
401: 711 1
402: 710 1
403: 19 1
404: 711 1
405: 710 0
406: 19 0
407: 710 0
408: 21 0
409: 711 0
410: 20 0
411: 711 0
412: 22 0
413: 711 0
414: 21 0
415: 710 0
416: 20 0
417: 711 0
418: 20 0
419: 711 0
420: 22 0
421: 710 0
422: 21 0
423: 712 0
424: 21 0
425: 710 0
426: 19 0
427: 710 0
428: 19 0
429: 710 0
430: 19 0
431: 710 0
432: 22 0
433: 21 0
434: 711 0
435: 20 0
436: 710 0
437: 21 0
438: 710 0
439: 21 0
440: 712 0
441: 19 0
442: 711 0
443: 19 0
444: 710 0
445: 19 0
446: 712 0
447: 19 0
448: 710 0
449: 20 0
450: 712 0
451: 21 0
452: 711 0
453: 21 0
454: 710 0
455: 19 0
456: 710 0
457: 21 0
458: 711 0
459: 21 0
460: 710 0
461: 19 0
462: 710 0
463: 19 0
464: 710 0
465: 21 0
466: 711 0
467: 19 0
468: 710 0
469: 20 0
470: 712 0
471: 20 0
472: 710 0
473: 18 0
474: 710 0
475: 19 0
476: 710 0
477: 18 0
478: 710 0
479: 18 0
480: 711 0
481: 20 0
482: 634 0
483: 18 0
484: 19 0
485: 710 0
486: 20 0
487: 711 0
488: 21 0
489: 710 0
490: 19 0
491: 710 0
492: 20 0
493: 712 0
494: 20 0
495: 711 0
496: 19 0
497: 711 0
498: 19 0
499: 710 0
500: 19 0
501: 712 0
502: 19 0
503: 710 0
504: 18 0
505: 320 1
506: 20 1
507: 712 1
508: 710 1
509: 20 1
510: 713 1
511: 20 1
512: 710 1
513: 713 1
514: 21 1
515: 710 1
516: 711 1
517: 19 1
518: 710 1
519: 711 1
520: 22 1
521: 710 1
522: 712 1
523: 605 1
524: 19 1
525: 711 1
526: 20 1
527: 711 1
528: 711 1
529: 19 1
530: 712 1
531: 711 1
532: 710 1
533: 21 1
534: 711 1
535: 710 1
536: 19 1
537: 712 1
538: 21 1
539: 710 1
540: 712 1
541: 710 1
542: 20 1
543: 712 1
544: 710 1
545: 21 1
546: 712 1
547: 711 1
548: 20 1
549: 711 1
550: 712 1
551: 191 1
552: 21 1
553: 712 1
554: 19 1
555: 711 1
556: 709 1
557: 21 1
558: 711 1
559: 710 1
560: 711 1
561: 21 1
562: 710 1
563: 711 1
564: 22 1
565: 710 1
566: 711 1
567: 19 1
568: 710 1
569: 710 1
570: 21 1
571: 710 1
572: 710 1
573: 20 1
574: 710 1
575: 710 1
576: 20 1
577: 710 1
578: 710 1
579: 93 1
580: 710 1
581: 710 1
582: 711 1
583: 19 1
584: 710 1
585: 21 1
586: 710 1
587: 710 1
588: 711 1
589: 21 1
590: 712 1
591: 711 1
592: 21 1
593: 711 1
594: 711 1
595: 22 1
596: 710 1
597: 712 1
598: 21 1
599: 710 1
600: 712 1
601: 22 1
602: 710 1
603: 712 1
604: 19 1
605: 20 0
606: 712 0
607: 21 0
608: 710 0
609: 22 0
610: 712 0
611: 21 0
612: 711 0
613: 22 0
614: 711 0
615: 21 0
616: 711 0
617: 23 0
618: 711 0
619: 23 0
620: 711 0
621: 19 0
622: 710 0
623: 21 0
624: 710 0
625: 20 0
626: 712 0
627: 19 0
628: 710 0
629: 19 0
630: 711 0
631: 21 0
632: 710 0
633: 19 0
634: 710 0
635: 21 0
636: 710 0
637: 21 0
638: 711 0
639: 21 0
640: 712 0
641: 20 0
642: 710 0
643: 21 0
644: 710 0
645: 22 0
646: 710 0
647: 21 0
648: 710 0
649: 21 0
650: 20 0
651: 712 0
652: 21 0
653: 712 0
654: 21 0
655: 711 0
656: 20 0
657: 712 0
658: 21 0
659: 710 0
660: 23 0
661: 712 0
662: 21 0
663: 711 0
664: 21 0
665: 710 0
666: 21 0
667: 711 0
668: 22 0
669: 710 0
670: 20 0
671: 710 0
672: 21 0
673: 712 0
674: 21 0
675: 710 0
676: 21 0
677: 711 0
678: 21 0
679: 711 0
680: 20 0
681: 710 0
682: 21 0
683: 710 0
684: 20 0
685: 710 0
686: 22 0
687: 711 0
688: 19 0
689: 710 0
690: 21 0
691: 711 0
692: 20 0
693: 711 0
694: 21 0
695: 710 0
696: 22 0
697: 712 0
698: 20 0
699: 710 0
700: 21 0
701: 222 0
702: 21 0
703: 20 0
704: 711 0
705: 21 0
706: 710 1
707: 711 1
708: 22 1
709: 710 1
710: 710 1
711: 21 1
712: 710 1
713: 711 1
714: 22 1
715: 710 1
716: 710 1
717: 19 1
718: 710 1
719: 711 1
720: 20 1
721: 711 1
722: 710 1
723: 20 1
724: 710 1
725: 710 1
726: 20 1
727: 711 1
728: 710 1
729: 19 1
730: 711 1
731: 710 1
732: 22 1
733: 712 1
734: 711 1
735: 22 1
736: 710 1
737: 712 1
738: 20 1
739: 711 1
740: 712 1
741: 21 1
742: 711 1
743: 711 1
744: 19 1
745: 711 1
746: 711 1
747: 21 1
748: 711 1
749: 711 1
750: 385 1
751: 19 1
752: 711 1
753: 20 1
754: 711 1
755: 711 1
756: 500 1
757: 19 1
758: 711 1
759: 710 1
760: 20 1
761: 710 1
762: 616 1
763: 21 1
764: 712 1
765: 19 1
766: 711 1
767: 712 1
768: 711 1
769: 21 1
770: 711 1
771: 20 1
772: 711 1
773: 712 1
774: 20 1
775: 710 1
776: 710 1
777: 19 1
778: 710 1
779: 710 1
780: 19 1
781: 710 1
782: 710 1
783: 18 1
784: 711 1
785: 710 1
786: 711 1
787: 21 1
788: 710 1
789: 19 1
790: 711 1
791: 710 1
792: 19 1
793: 711 1
794: 711 1
795: 710 1
796: 20 1
797: 712 1
798: 19 1
799: 710 1
800: 712 1
801: 177 1
802: 21 1
803: 710 1
804: 21 1
805: 710 1
806: 710 0
807: 22 0
808: 710 0
809: 19 0
810: 711 0
811: 20 0
812: 710 0
813: 20 0
814: 710 0
815: 23 0
816: 710 0
817: 20 0
818: 711 0
819: 21 0
820: 712 0
821: 24 0
822: 710 0
823: 21 0
824: 20 0
825: 710 0
826: 19 0
827: 712 0
828: 20 0
829: 710 0
830: 19 0
831: 710 0
832: 21 0
833: 712 0
834: 22 0
835: 710 0
836: 19 0
837: 712 0
838: 20 0
839: 711 0
840: 20 0
841: 710 0
842: 20 0
843: 710 0
844: 20 0
845: 710 0
846: 21 0
847: 711 0
848: 20 0
849: 710 0
850: 19 0
851: 710 0
852: 21 0
853: 711 0
854: 22 0
855: 710 0
856: 21 0
857: 712 0
858: 20 0
859: 710 0
860: 21 0
861: 710 0
862: 22 0
863: 710 0
864: 20 0
865: 711 0
866: 22 0
867: 712 0
868: 22 0
869: 710 0
870: 21 0
871: 710 0
872: 21 0
873: 703 0
874: 21 0
875: 21 0
876: 711 0
877: 20 0
878: 710 0
879: 22 0
880: 712 0
881: 21 0
882: 712 0
883: 21 0
884: 712 0
885: 21 0
886: 710 0
887: 21 0
888: 711 0
889: 22 0
890: 710 0
891: 20 0
892: 711 0
893: 21 0
894: 712 0
895: 21 0
896: 710 0
897: 21 0
898: 710 0
899: 22 0
900: 712 0
901: 23 0
902: 710 0
903: 22 0
904: 712 0
905: 20 0
906: 710 1
907: 21 1
908: 711 1
909: 710 1
910: 20 1
911: 711 1
912: 711 1
913: 21 1
914: 711 1
915: 710 1
916: 21 1
917: 711 1
918: 710 1
919: 20 1
920: 711 1
921: 711 1
922: 20 1
923: 710 1
924: 712 1
925: 21 1
926: 710 1
927: 711 1
928: 22 1
929: 710 1
930: 710 1
931: 22 1
932: 710 1
933: 710 1
934: 22 1
935: 710 1
936: 710 1
937: 711 1
938: 23 1
939: 710 1
940: 20 1
941: 710 1
942: 711 1
943: 710 1
944: 21 1
945: 710 1
946: 21 1
947: 712 1
948: 711 1
949: 710 1
950: 22 1
951: 711 1
952: 23 1
953: 710 1
954: 711 1
955: 20 1
956: 710 1
957: 711 1
958: 19 1
959: 710 1
960: 711 1
961: 22 1
962: 710 1
963: 710 1
964: 20 1
965: 710 1
966: 710 1
967: 21 1
968: 710 1
969: 710 1
970: 20 1
971: 710 1
972: 710 1
973: 21 1
974: 711 1
975: 710 1
976: 37 1
977: 711 1
978: 711 1
979: 23 1
980: 712 1
981: 711 1
982: 118 1
983: 19 1
984: 712 1
985: 21 1
986: 710 1
987: 712 1
988: 22 1
989: 710 1
990: 711 1
991: 23 1
992: 710 1
993: 711 1
994: 401 1
995: 20 1
996: 710 1
997: 19 1
998: 710 1
999: 710 1
1000: 20 1
