1: 22 0
2: 711 0
3: 21 0
4: 710 0
5: 19 0
6: 20 0
7: 712 0
8: 20 0
9: 710 0
10: 711 0
11: 19 0
12: 711 0
13: 18 0
14: 713 0
15: 22 0
16: 710 0
17: 18 0
18: 21 0
19: 710 0
20: 19 0
21: 712 0
22: 20 0
23: 710 0
24: 20 0
25: 21 0
26: 710 0
27: 21 0
28: 710 0
29: 23 0
30: 710 0
31: 21 0
32: 20 0
33: 711 0
34: 20 0
35: 710 0
36: 19 0
37: 710 0
38: 19 0
39: 119 0
40: 711 0
41: 19 0
42: 710 0
43: 22 0
44: 711 0
45: 19 0
46: 710 0
47: 20 0
48: 20 0
49: 710 0
50: 21 0
51: 712 0
52: 20 0
53: 710 0
54: 18 0
55: 21 0
56: 710 0
57: 22 0
58: 712 0
59: 19 0
60: 710 0
61: 19 0
62: 19 0
63: 710 0
64: 21 0
65: 712 0
66: 20 0
67: 711 0
68: 21 0
69: 19 0
70: 710 0
71: 20 0
72: 711 0
73: 20 0
74: 710 0
75: 21 0
76: 710 0
77: 711 0
78: 23 0
79: 710 0
80: 21 0
81: 711 0
82: 19 0
83: 710 0
84: 20 0
85: 20 0
86: 710 0
87: 21 0
88: 711 0
89: 21 0
90: 710 0
91: 21 0
92: 19 0
93: 710 0
94: 19 0
95: 711 0
96: 20 0
97: 710 0
98: 18 0
99: 20 0
100: 710 0
101: 21 0
102: 711 0
103: 19 0
104: 20 1
105: 19 1
106: 712 1
107: 710 1
108: 19 1
109: 711 1
110: 579 1
111: 21 1
112: 710 1
113: 710 1
114: 20 1
115: 710 1
116: 711 1
117: 18 1
118: 710 1
119: 711 1
120: 19 1
121: 710 1
122: 711 1
123: 711 1
124: 18 1
125: 710 1
126: 23 1
127: 710 1
128: 710 1
129: 712 1
130: 20 1
131: 712 1
132: 711 1
133: 19 1
134: 711 1
135: 711 1
136: 19 1
137: 710 1
138: 710 1
139: 19 1
140: 710 1
141: 710 1
142: 16 1
143: 711 1
144: 710 1
145: 20 1
146: 712 1
147: 710 1
148: 19 1
149: 712 1
150: 711 1
151: 20 1
152: 710 1
153: 711 1
154: 20 1
155: 711 1
156: 711 1
157: 21 1
158: 710 1
159: 712 1
160: 21 1
161: 710 1
162: 711 1
163: 20 1
164: 710 1
165: 711 1
166: 20 1
167: 710 1
168: 686 1
169: 20 1
170: 711 1
171: 710 1
172: 20 1
173: 711 1
174: 711 1
175: 20 1
176: 710 1
177: 21 1
178: 710 1
179: 711 1
180: 711 1
181: 21 1
182: 711 1
183: 711 1
184: 21 1
185: 710 1
186: 20 1
187: 710 1
188: 710 1
189: 712 1
190: 19 1
191: 710 1
192: 710 1
193: 20 1
194: 710 1
195: 19 1
196: 710 1
197: 710 1
198: 710 1
199: 19 1
200: 710 1
201: 710 1
202: 19 1
203: 711 1
204: 709 0
205: 18 0
206: 710 0
207: 20 0
208: 710 0
209: 20 0
210: 710 0
211: 19 0
212: 19 0
213: 711 0
214: 20 0
215: 711 0
216: 19 0
217: 710 0
218: 17 0
219: 712 0
220: 18 0
221: 710 0
222: 18 0
223: 710 0
224: 21 0
225: 711 0
226: 19 0
227: 710 0
228: 20 0
229: 712 0
230: 19 0
231: 711 0
232: 20 0
233: 711 0
234: 21 0
235: 711 0
236: 19 0
237: 710 0
238: 21 0
239: 711 0
240: 20 0
241: 710 0
242: 20 0
243: 711 0
244: 20 0
245: 710 0
246: 20 0
247: 710 0
248: 21 0
249: 712 0
250: 19 0
251: 710 0
252: 20 0
253: 711 0
254: 21 0
255: 711 0
256: 20 0
257: 710 0
258: 18 0
259: 710 0
260: 20 0
261: 710 0
262: 20 0
263: 20 0
264: 710 0
265: 20 0
266: 712 0
267: 20 0
268: 711 0
269: 18 0
270: 711 0
271: 21 0
272: 710 0
273: 19 0
274: 711 0
275: 20 0
276: 712 0
277: 19 0
278: 710 0
279: 20 0
280: 711 0
281: 18 0
282: 710 0
283: 22 0
284: 710 0
285: 20 0
286: 713 0
287: 22 0
288: 710 0
289: 21 0
290: 710 0
291: 21 0
292: 711 0
293: 21 0
294: 710 0
295: 19 0
296: 712 0
297: 19 0
298: 710 0
299: 19 0
300: 710 0
301: 18 0
302: 711 0
303: 20 0
304: 710 0
305: 710 1
306: 712 1
307: 19 1
308: 711 1
309: 712 1
310: 19 1
311: 710 1
312: 710 1
313: 610 1
314: 17 1
315: 710 1
316: 19 1
317: 711 1
318: 710 1
319: 711 1
320: 19 1
321: 710 1
322: 17 1
323: 711 1
324: 710 1
325: 710 1
326: 19 1
327: 710 1
328: 711 1
329: 19 1
330: 710 1
331: 710 1
332: 19 1
333: 711 1
334: 710 1
335: 19 1
336: 711 1
337: 710 1
338: 19 1
339: 710 1
340: 710 1
341: 20 1
342: 711 1
343: 711 1
344: 20 1
345: 710 1
346: 712 1
347: 19 1
348: 710 1
349: 712 1
350: 21 1
351: 710 1
352: 710 1
353: 19 1
354: 711 1
355: 710 1
356: 19 1
357: 710 1
358: 710 1
359: 546 1
360: 19 1
361: 710 1
362: 19 1
363: 710 1
364: 710 1
365: 20 1
366: 712 1
367: 710 1
368: 710 1
369: 18 1
370: 710 1
371: 710 1
372: 18 1
373: 710 1
374: 710 1
375: 18 1
376: 711 1
377: 710 1
378: 710 1
379: 20 1
380: 710 1
381: 37 1
382: 711 1
383: 710 1
384: 710 1
385: 20 1
386: 712 1
387: 710 1
388: 20 1
389: 712 1
390: 710 1
391: 20 1
392: 710 1
393: 711 1
394: 21 1
395: 710 1
396: 711 1
397: 20 1
398: 710 1
399: 711 1
400: 19 1
401: 710 1
402: 711 1
403: 19 1
404: 710 1
405: 710 0
406: 17 0
407: 710 0
408: 19 0
409: 712 0
410: 18 0
411: 710 0
412: 19 0
413: 711 0
414: 18 0
415: 710 0
416: 19 0
417: 710 0
418: 19 0
419: 710 0
420: 19 0
421: 710 0
422: 18 0
423: 711 0
424: 18 0
425: 710 0
426: 19 0
427: 710 0
428: 21 0
429: 712 0
430: 19 0
431: 710 0
432: 21 0
433: 711 0
434: 19 0
435: 710 0
436: 20 0
437: 710 0
438: 21 0
439: 710 0
440: 19 0
441: 710 0
442: 19 0
443: 20 0
444: 710 0
445: 19 0
446: 713 0
447: 20 0
448: 710 0
449: 20 0
450: 711 0
451: 20 0
452: 711 0
453: 19 0
454: 710 0
455: 19 0
456: 712 0
457: 20 0
458: 711 0
459: 21 0
460: 710 0
461: 19 0
462: 711 0
463: 20 0
464: 711 0
465: 19 0
466: 711 0
467: 20 0
468: 710 0
469: 19 0
470: 710 0
471: 20 0
472: 710 0
473: 21 0
474: 710 0
475: 20 0
476: 711 0
477: 20 0
478: 710 0
479: 20 0
480: 710 0
481: 19 0
482: 710 0
483: 19 0
484: 710 0
485: 20 0
486: 710 0
487: 22 0
488: 710 0
489: 19 0
490: 710 0
491: 20 0
492: 19 0
493: 711 0
494: 19 0
495: 710 0
496: 21 0
497: 710 0
498: 20 0
499: 710 0
500: 21 0
501: 711 0
502: 19 0
503: 711 0
504: 19 0
505: 710 1
506: 711 1
507: 21 1
508: 710 1
509: 711 1
510: 20 1
511: 710 1
512: 710 1
513: 19 1
514: 710 1
515: 710 1
516: 19 1
517: 710 1
518: 710 1
519: 25 1
520: 710 1
521: 710 1
522: 20 1
523: 711 1
524: 710 1
525: 19 1
526: 710 1
527: 710 1
528: 21 1
529: 711 1
530: 710 1
531: 394 1
532: 19 1
533: 712 1
534: 20 1
535: 710 1
536: 711 1
537: 281 1
538: 18 1
539: 710 1
540: 19 1
541: 710 1
542: 710 1
543: 398 1
544: 21 1
545: 710 1
546: 711 1
547: 19 1
548: 710 1
549: 514 1
550: 19 1
551: 712 1
552: 711 1
553: 18 1
554: 710 1
555: 628 1
556: 18 1
557: 710 1
558: 711 1
559: 20 1
560: 710 1
561: 711 1
562: 20 1
563: 711 1
564: 711 1
565: 20 1
566: 711 1
567: 710 1
568: 19 1
569: 711 1
570: 711 1
571: 20 1
572: 710 1
573: 19 1
574: 710 1
575: 710 1
576: 20 1
577: 710 1
578: 710 1
579: 711 1
580: 21 1
581: 710 1
582: 22 1
583: 710 1
584: 710 1
585: 711 1
586: 21 1
587: 710 1
588: 24 1
589: 711 1
590: 710 1
591: 21 1
592: 710 1
593: 712 1
594: 125 1
595: 20 1
596: 711 1
597: 711 1
598: 20 1
599: 710 1
600: 19 1
601: 710 1
602: 710 1
603: 712 1
604: 18 1
605: 710 0
606: 19 0
607: 710 0
608: 19 0
609: 712 0
610: 20 0
611: 20 0
612: 711 0
613: 19 0
614: 710 0
615: 19 0
616: 712 0
617: 20 0
618: 711 0
619: 20 0
620: 711 0
621: 19 0
622: 710 0
623: 19 0
624: 711 0
625: 19 0
626: 711 0
627: 18 0
628: 710 0
629: 20 0
630: 711 0
631: 21 0
632: 710 0
633: 19 0
634: 710 0
635: 17 0
636: 712 0
637: 21 0
638: 711 0
639: 21 0
640: 711 0
641: 21 0
642: 710 0
643: 20 0
644: 710 0
645: 21 0
646: 711 0
647: 19 0
648: 710 0
649: 20 0
650: 710 0
651: 17 0
652: 710 0
653: 20 0
654: 710 0
655: 19 0
656: 712 0
657: 19 0
658: 710 0
659: 19 0
660: 711 0
661: 18 0
662: 18 0
663: 711 0
664: 19 0
665: 711 0
666: 20 0
667: 711 0
668: 18 0
669: 711 0
670: 19 0
671: 710 0
672: 19 0
673: 712 0
674: 17 0
675: 710 0
676: 18 0
677: 710 0
678: 19 0
679: 711 0
680: 19 0
681: 710 0
682: 20 0
683: 712 0
684: 18 0
685: 712 0
686: 21 0
687: 711 0
688: 19 0
689: 711 0
690: 19 0
691: 711 0
692: 18 0
693: 712 0
694: 19 0
695: 711 0
696: 19 0
697: 711 0
698: 19 0
699: 711 0
700: 19 0
701: 711 0
702: 19 0
703: 712 0
704: 21 0
705: 710 0
706: 711 1
707: 22 1
708: 711 1
709: 710 1
710: 19 1
711: 711 1
712: 711 1
713: 18 1
714: 710 1
715: 710 1
716: 18 1
717: 710 1
718: 710 1
719: 18 1
720: 711 1
721: 710 1
722: 19 1
723: 711 1
724: 710 1
725: 22 1
726: 710 1
727: 710 1
728: 21 1
729: 710 1
730: 710 1
731: 26 1
732: 710 1
733: 711 1
734: 710 1
735: 21 1
736: 711 1
737: 710 1
738: 21 1
739: 711 1
740: 711 1
741: 20 1
742: 710 1
743: 711 1
744: 20 1
745: 710 1
746: 710 1
747: 19 1
748: 710 1
749: 710 1
750: 19 1
751: 710 1
752: 710 1
753: 20 1
754: 710 1
755: 710 1
756: 19 1
757: 710 1
758: 710 1
759: 19 1
760: 711 1
761: 710 1
762: 18 1
763: 711 1
764: 710 1
765: 22 1
766: 710 1
767: 710 1
768: 21 1
769: 710 1
770: 710 1
771: 20 1
772: 710 1
773: 711 1
774: 20 1
775: 710 1
776: 711 1
777: 21 1
778: 710 1
779: 710 1
780: 19 1
781: 710 1
782: 710 1
783: 20 1
784: 710 1
785: 710 1
786: 19 1
787: 710 1
788: 19 1
789: 710 1
790: 711 1
791: 710 1
792: 19 1
793: 711 1
794: 710 1
795: 20 1
796: 712 1
797: 710 1
798: 19 1
799: 710 1
800: 711 1
801: 19 1
802: 710 1
803: 712 1
804: 19 1
805: 710 1
806: 710 0
807: 19 0
808: 710 0
809: 18 0
810: 711 0
811: 19 0
812: 710 0
813: 17 0
814: 710 0
815: 19 0
816: 711 0
817: 19 0
818: 710 0
819: 19 0
820: 711 0
821: 18 0
822: 710 0
823: 18 0
824: 710 0
825: 17 0
826: 710 0
827: 19 0
828: 710 0
829: 20 0
830: 711 0
831: 19 0
832: 710 0
833: 19 0
834: 20 0
835: 711 0
836: 19 0
837: 710 0
838: 19 0
839: 711 0
840: 18 0
841: 711 0
842: 19 0
843: 712 0
844: 20 0
845: 711 0
846: 18 0
847: 710 0
848: 17 0
849: 710 0
850: 18 0
851: 711 0
852: 19 0
853: 711 0
854: 20 0
855: 710 0
856: 19 0
857: 711 0
858: 19 0
859: 710 0
860: 18 0
861: 710 0
862: 20 0
863: 712 0
864: 20 0
865: 710 0
866: 17 0
867: 711 0
868: 21 0
869: 710 0
870: 21 0
871: 710 0
872: 19 0
873: 710 0
874: 19 0
875: 710 0
876: 20 0
877: 710 0
878: 19 0
879: 710 0
880: 19 0
881: 710 0
882: 18 0
883: 19 0
884: 710 0
885: 19 0
886: 710 0
887: 18 0
888: 711 0
889: 17 0
890: 712 0
891: 19 0
892: 710 0
893: 19 0
894: 711 0
895: 20 0
896: 711 0
897: 19 0
898: 710 0
899: 20 0
900: 712 0
901: 20 0
902: 711 0
903: 20 0
904: 711 0
905: 19 0
906: 711 1
907: 18 1
908: 710 1
909: 711 1
910: 19 1
911: 710 1
912: 712 1
913: 711 1
914: 19 1
915: 711 1
916: 19 1
917: 711 1
918: 712 1
919: 710 1
920: 19 1
921: 712 1
922: 19 1
923: 712 1
924: 712 1
925: 710 1
926: 18 1
927: 712 1
928: 19 1
929: 710 1
930: 712 1
931: 710 1
932: 18 1
933: 711 1
934: 710 1
935: 20 1
936: 711 1
937: 711 1
938: 19 1
939: 711 1
940: 712 1
941: 18 1
942: 711 1
943: 712 1
944: 19 1
945: 711 1
946: 711 1
947: 18 1
948: 712 1
949: 710 1
950: 18 1
951: 711 1
952: 711 1
953: 710 1
954: 19 1
955: 711 1
956: 20 1
957: 712 1
958: 710 1
959: 710 1
960: 19 1
961: 710 1
962: 19 1
963: 713 1
964: 710 1
965: 19 1
966: 711 1
967: 711 1
968: 19 1
969: 711 1
970: 711 1
971: 711 1
972: 21 1
973: 710 1
974: 19 1
975: 711 1
976: 711 1
977: 19 1
978: 711 1
979: 710 1
980: 21 1
981: 712 1
982: 710 1
983: 18 1
984: 712 1
985: 710 1
986: 20 1
987: 712 1
988: 710 1
989: 19 1
990: 712 1
991: 710 1
992: 19 1
993: 710 1
994: 711 1
995: 19 1
996: 712 1
997: 710 1
998: 139 1
999: 19 1
1000: 19 1
