1: 16 0
2: 711 0
3: 15 0
4: 711 0
5: 14 0
6: 16 0
7: 711 0
8: 14 0
9: 711 0
10: 711 0
11: 14 0
12: 712 0
13: 15 0
14: 712 0
15: 14 0
16: 711 0
17: 15 0
18: 16 0
19: 711 0
20: 15 0
21: 710 0
22: 14 0
23: 710 0
24: 15 0
25: 16 0
26: 712 0
27: 17 0
28: 710 0
29: 15 0
30: 710 0
31: 14 0
32: 15 0
33: 711 0
34: 17 0
35: 710 0
36: 15 0
37: 710 0
38: 15 0
39: 710 0
40: 711 0
41: 16 0
42: 710 0
43: 14 0
44: 711 0
45: 14 0
46: 710 0
47: 14 0
48: 15 0
49: 710 0
50: 13 0
51: 711 0
52: 13 0
53: 710 0
54: 12 0
55: 14 0
56: 711 0
57: 14 0
58: 711 0
59: 16 0
60: 711 0
61: 12 0
62: 15 0
63: 711 0
64: 13 0
65: 710 0
66: 14 0
67: 712 0
68: 13 0
69: 710 0
70: 712 0
71: 14 0
72: 710 0
73: 15 0
74: 712 0
75: 15 0
76: 710 0
77: 14 0
78: 15 0
79: 710 0
80: 14 0
81: 711 0
82: 15 0
83: 710 0
84: 15 0
85: 16 0
86: 710 0
87: 14 0
88: 712 0
89: 15 0
90: 711 0
91: 14 0
92: 14 0
93: 710 0
94: 15 0
95: 711 0
96: 13 0
97: 711 0
98: 15 0
99: 14 0
100: 711 0
101: 14 0
102: 711 0
103: 16 0
104: 711 1
105: 711 1
106: 710 1
107: 15 1
108: 712 1
109: 15 1
110: 710 1
111: 711 1
112: 16 1
113: 710 1
114: 710 1
115: 711 1
116: 16 1
117: 710 1
118: 16 1
119: 711 1
120: 710 1
121: 711 1
122: 15 1
123: 710 1
124: 712 1
125: 15 1
126: 710 1
127: 710 1
128: 15 1
129: 711 1
130: 140 1
131: 16 1
132: 711 1
133: 710 1
134: 16 1
135: 711 1
136: 16 1
137: 710 1
138: 711 1
139: 17 1
140: 710 1
141: 711 1
142: 570 1
143: 16 1
144: 711 1
145: 711 1
146: 15 1
147: 710 1
148: 437 1
149: 15 1
150: 711 1
151: 712 1
152: 15 1
153: 710 1
154: 710 1
155: 15 1
156: 710 1
157: 710 1
158: 16 1
159: 710 1
160: 710 1
161: 15 1
162: 710 1
163: 712 1
164: 17 1
165: 711 1
166: 711 1
167: 16 1
168: 712 1
169: 710 1
170: 17 1
171: 712 1
172: 710 1
173: 15 1
174: 710 1
175: 710 1
176: 15 1
177: 711 1
178: 711 1
179: 13 1
180: 710 1
181: 711 1
182: 14 1
183: 710 1
184: 711 1
185: 15 1
186: 710 1
187: 710 1
188: 15 1
189: 710 1
190: 711 1
191: 15 1
192: 710 1
193: 711 1
194: 15 1
195: 711 1
196: 710 1
197: 16 1
198: 711 1
199: 710 1
200: 16 1
201: 711 1
202: 711 1
203: 15 1
204: 710 0
205: 14 0
206: 710 0
207: 16 0
208: 712 0
209: 16 0
210: 711 0
211: 16 0
212: 710 0
213: 15 0
214: 710 0
215: 15 0
216: 710 0
217: 16 0
218: 711 0
219: 15 0
220: 15 0
221: 711 0
222: 15 0
223: 711 0
224: 14 0
225: 712 0
226: 15 0
227: 711 0
228: 15 0
229: 711 0
230: 16 0
231: 714 0
232: 18 0
233: 711 0
234: 18 0
235: 711 0
236: 16 0
237: 712 0
238: 15 0
239: 711 0
240: 15 0
241: 711 0
242: 17 0
243: 712 0
244: 14 0
245: 712 0
246: 16 0
247: 711 0
248: 16 0
249: 711 0
250: 13 0
251: 712 0
252: 16 0
253: 711 0
254: 16 0
255: 711 0
256: 16 0
257: 710 0
258: 16 0
259: 710 0
260: 16 0
261: 710 0
262: 16 0
263: 711 0
264: 16 0
265: 711 0
266: 13 0
267: 710 0
268: 14 0
269: 14 0
270: 710 0
271: 16 0
272: 710 0
273: 16 0
274: 711 0
275: 15 0
276: 710 0
277: 17 0
278: 712 0
279: 17 0
280: 712 0
281: 18 0
282: 710 0
283: 17 0
284: 710 0
285: 14 0
286: 711 0
287: 15 0
288: 711 0
289: 14 0
290: 710 0
291: 15 0
292: 712 0
293: 17 0
294: 711 0
295: 17 0
296: 711 0
297: 17 0
298: 713 0
299: 16 0
300: 710 0
301: 15 0
302: 711 0
303: 15 0
304: 711 0
305: 711 1
306: 15 1
307: 710 1
308: 711 1
309: 15 1
310: 711 1
311: 711 1
312: 711 1
313: 14 1
314: 710 1
315: 15 1
316: 710 1
317: 710 1
318: 13 1
319: 711 1
320: 710 1
321: 710 1
322: 14 1
323: 710 1
324: 14 1
325: 711 1
326: 710 1
327: 31 1
328: 711 1
329: 711 1
330: 710 1
331: 15 1
332: 711 1
333: 360 1
334: 13 1
335: 712 1
336: 13 1
337: 711 1
338: 711 1
339: 710 1
340: 13 1
341: 710 1
342: 15 1
343: 710 1
344: 710 1
345: 368 1
346: 13 1
347: 710 1
348: 711 1
349: 15 1
350: 710 1
351: 698 1
352: 15 1
353: 710 1
354: 710 1
355: 13 1
356: 711 1
357: 577 1
358: 13 1
359: 711 1
360: 710 1
361: 15 1
362: 711 1
363: 710 1
364: 14 1
365: 712 1
366: 710 1
367: 16 1
368: 711 1
369: 710 1
370: 14 1
371: 711 1
372: 711 1
373: 16 1
374: 710 1
375: 711 1
376: 17 1
377: 710 1
378: 712 1
379: 15 1
380: 710 1
381: 710 1
382: 15 1
383: 710 1
384: 711 1
385: 15 1
386: 710 1
387: 710 1
388: 13 1
389: 710 1
390: 710 1
391: 15 1
392: 711 1
393: 710 1
394: 15 1
395: 711 1
396: 42 1
397: 710 1
398: 712 1
399: 710 1
400: 15 1
401: 710 1
402: 16 1
403: 710 1
404: 710 1
405: 711 0
406: 15 0
407: 711 0
408: 17 0
409: 710 0
410: 14 0
411: 711 0
412: 15 0
413: 711 0
414: 14 0
415: 712 0
416: 14 0
417: 710 0
418: 16 0
419: 710 0
420: 15 0
421: 710 0
422: 15 0
423: 710 0
424: 13 0
425: 711 0
426: 13 0
427: 710 0
428: 14 0
429: 710 0
430: 15 0
431: 711 0
432: 15 0
433: 710 0
434: 15 0
435: 711 0
436: 14 0
437: 711 0
438: 14 0
439: 710 0
440: 15 0
441: 710 0
442: 15 0
443: 711 0
444: 15 0
445: 711 0
446: 15 0
447: 14 0
448: 711 0
449: 13 0
450: 710 0
451: 15 0
452: 711 0
453: 13 0
454: 710 0
455: 13 0
456: 710 0
457: 13 0
458: 713 0
459: 15 0
460: 710 0
461: 13 0
462: 711 0
463: 14 0
464: 711 0
465: 16 0
466: 710 0
467: 14 0
468: 710 0
469: 15 0
470: 710 0
471: 13 0
472: 710 0
473: 13 0
474: 710 0
475: 13 0
476: 711 0
477: 13 0
478: 712 0
479: 14 0
480: 710 0
481: 12 0
482: 711 0
483: 14 0
484: 710 0
485: 14 0
486: 710 0
487: 17 0
488: 710 0
489: 15 0
490: 710 0
491: 15 0
492: 711 0
493: 14 0
494: 710 0
495: 14 0
496: 712 0
497: 13 0
498: 636 0
499: 14 0
500: 13 0
501: 711 0
502: 12 0
503: 711 0
504: 14 0
505: 14 1
506: 711 1
507: 14 1
508: 711 1
509: 710 1
510: 13 1
511: 711 1
512: 711 1
513: 15 1
514: 710 1
515: 711 1
516: 15 1
517: 710 1
518: 712 1
519: 14 1
520: 710 1
521: 710 1
522: 15 1
523: 710 1
524: 710 1
525: 15 1
526: 711 1
527: 710 1
528: 13 1
529: 711 1
530: 710 1
531: 13 1
532: 711 1
533: 710 1
534: 14 1
535: 711 1
536: 710 1
537: 13 1
538: 711 1
539: 576 1
540: 13 1
541: 711 1
542: 14 1
543: 711 1
544: 710 1
545: 712 1
546: 13 1
547: 710 1
548: 710 1
549: 14 1
550: 710 1
551: 711 1
552: 13 1
553: 710 1
554: 710 1
555: 238 1
556: 14 1
557: 711 1
558: 13 1
559: 710 1
560: 710 1
561: 14 1
562: 711 1
563: 710 1
564: 14 1
565: 712 1
566: 710 1
567: 224 1
568: 15 1
569: 710 1
570: 13 1
571: 711 1
572: 711 1
573: 269 1
574: 12 1
575: 712 1
576: 12 1
577: 710 1
578: 712 1
579: 15 1
580: 710 1
581: 710 1
582: 14 1
583: 710 1
584: 711 1
585: 505 1
586: 15 1
587: 710 1
588: 15 1
589: 710 1
590: 710 1
591: 14 1
592: 710 1
593: 710 1
594: 15 1
595: 711 1
596: 710 1
597: 13 1
598: 712 1
599: 711 1
600: 15 1
601: 710 1
602: 714 1
603: 13 1
604: 710 1
605: 712 0
606: 14 0
607: 710 0
608: 15 0
609: 711 0
610: 15 0
611: 13 0
612: 712 0
613: 14 0
614: 710 0
615: 13 0
616: 710 0
617: 15 0
618: 712 0
619: 15 0
620: 710 0
621: 15 0
622: 711 0
623: 15 0
624: 710 0
625: 14 0
626: 710 0
627: 13 0
628: 710 0
629: 13 0
630: 710 0
631: 13 0
632: 711 0
633: 13 0
634: 710 0
635: 13 0
636: 710 0
637: 13 0
638: 711 0
639: 15 0
640: 710 0
641: 15 0
642: 712 0
643: 15 0
644: 710 0
645: 14 0
646: 710 0
647: 13 0
648: 710 0
649: 14 0
650: 710 0
651: 12 0
652: 711 0
653: 13 0
654: 710 0
655: 13 0
656: 710 0
657: 13 0
658: 711 0
659: 15 0
660: 13 0
661: 711 0
662: 12 0
663: 710 0
664: 13 0
665: 712 0
666: 13 0
667: 711 0
668: 11 0
669: 711 0
670: 14 0
671: 710 0
672: 13 0
673: 711 0
674: 14 0
675: 710 0
676: 15 0
677: 710 0
678: 14 0
679: 711 0
680: 14 0
681: 710 0
682: 14 0
683: 710 0
684: 12 0
685: 712 0
686: 13 0
687: 710 0
688: 13 0
689: 711 0
690: 15 0
691: 710 0
692: 13 0
693: 710 0
694: 13 0
695: 710 0
696: 13 0
697: 710 0
698: 14 0
699: 710 0
700: 14 0
701: 710 0
702: 14 0
703: 710 0
704: 14 0
705: 712 0
706: 13 1
707: 710 1
708: 710 1
709: 14 1
710: 710 1
711: 14 1
712: 712 1
713: 710 1
714: 710 1
715: 13 1
716: 710 1
717: 353 1
718: 13 1
719: 711 1
720: 15 1
721: 710 1
722: 711 1
723: 512 1
724: 15 1
725: 712 1
726: 711 1
727: 15 1
728: 710 1
729: 14 1
730: 710 1
731: 710 1
732: 712 1
733: 14 1
734: 710 1
735: 711 1
736: 14 1
737: 710 1
738: 711 1
739: 12 1
740: 710 1
741: 710 1
742: 712 1
743: 13 1
744: 710 1
745: 20 1
746: 711 1
747: 710 1
748: 710 1
749: 13 1
750: 710 1
751: 81 1
752: 712 1
753: 710 1
754: 710 1
755: 13 1
756: 710 1
757: 165 1
758: 15 1
759: 712 1
760: 710 1
761: 15 1
762: 711 1
763: 271 1
764: 14 1
765: 712 1
766: 710 1
767: 15 1
768: 710 1
769: 388 1
770: 15 1
771: 710 1
772: 711 1
773: 15 1
774: 710 1
775: 710 1
776: 15 1
777: 710 1
778: 711 1
779: 15 1
780: 710 1
781: 710 1
782: 15 1
783: 710 1
784: 710 1
785: 15 1
786: 711 1
787: 711 1
788: 15 1
789: 711 1
790: 13 1
791: 710 1
792: 711 1
793: 710 1
794: 14 1
795: 711 1
796: 15 1
797: 710 1
798: 711 1
799: 710 1
800: 14 1
801: 711 1
802: 712 1
803: 15 1
804: 710 1
805: 15 1
806: 710 0
807: 14 0
808: 710 0
809: 13 0
810: 710 0
811: 13 0
812: 712 0
813: 12 0
814: 710 0
815: 14 0
816: 710 0
817: 14 0
818: 711 0
819: 12 0
820: 710 0
821: 12 0
822: 712 0
823: 14 0
824: 711 0
825: 12 0
826: 710 0
827: 12 0
828: 710 0
829: 15 0
830: 711 0
831: 13 0
832: 14 0
833: 711 0
834: 13 0
835: 710 0
836: 13 0
837: 710 0
838: 10 0
839: 712 0
840: 13 0
841: 710 0
842: 13 0
843: 710 0
844: 12 0
845: 712 0
846: 13 0
847: 710 0
848: 13 0
849: 712 0
850: 13 0
851: 710 0
852: 13 0
853: 710 0
854: 13 0
855: 710 0
856: 15 0
857: 710 0
858: 13 0
859: 711 0
860: 16 0
861: 710 0
862: 14 0
863: 710 0
864: 15 0
865: 711 0
866: 15 0
867: 710 0
868: 15 0
869: 711 0
870: 15 0
871: 710 0
872: 13 0
873: 710 0
874: 14 0
875: 710 0
876: 16 0
877: 710 0
878: 14 0
879: 15 0
880: 710 0
881: 15 0
882: 711 0
883: 15 0
884: 710 0
885: 13 0
886: 710 0
887: 14 0
888: 711 0
889: 11 0
890: 710 0
891: 15 0
892: 711 0
893: 16 0
894: 711 0
895: 13 0
896: 711 0
897: 13 0
898: 710 0
899: 16 0
900: 711 0
901: 14 0
902: 710 0
903: 16 0
904: 710 0
905: 15 0
906: 711 1
907: 710 1
908: 15 1
909: 711 1
910: 711 1
911: 16 1
912: 712 1
913: 710 1
914: 14 1
915: 710 1
916: 711 1
917: 13 1
918: 710 1
919: 712 1
920: 13 1
921: 710 1
922: 710 1
923: 14 1
924: 710 1
925: 711 1
926: 13 1
927: 710 1
928: 710 1
929: 13 1
930: 710 1
931: 710 1
932: 13 1
933: 711 1
934: 710 1
935: 13 1
936: 711 1
937: 710 1
938: 13 1
939: 711 1
940: 710 1
941: 13 1
942: 711 1
943: 711 1
944: 13 1
945: 712 1
946: 14 1
947: 711 1
948: 711 1
949: 712 1
950: 13 1
951: 710 1
952: 712 1
953: 13 1
954: 710 1
955: 710 1
956: 15 1
957: 710 1
958: 710 1
959: 15 1
960: 711 1
961: 710 1
962: 13 1
963: 710 1
964: 15 1
965: 711 1
966: 710 1
967: 710 1
968: 13 1
969: 712 1
970: 710 1
971: 14 1
972: 712 1
973: 710 1
974: 13 1
975: 710 1
976: 711 1
977: 13 1
978: 710 1
979: 711 1
980: 13 1
981: 710 1
982: 710 1
983: 15 1
984: 710 1
985: 712 1
986: 13 1
987: 710 1
988: 710 1
989: 712 1
990: 11 1
991: 710 1
992: 712 1
993: 14 1
994: 710 1
995: 710 1
996: 13 1
997: 710 1
998: 710 1
999: 14 1
1000: 14 1
