1: 24 0
2: 712 0
3: 21 0
4: 712 0
5: 20 0
6: 20 0
7: 712 0
8: 19 0
9: 711 0
10: 712 0
11: 20 0
12: 714 0
13: 20 0
14: 713 0
15: 20 0
16: 714 0
17: 20 0
18: 19 0
19: 711 0
20: 20 0
21: 711 0
22: 20 0
23: 711 0
24: 20 0
25: 21 0
26: 712 0
27: 19 0
28: 712 0
29: 20 0
30: 712 0
31: 19 0
32: 20 0
33: 713 0
34: 20 0
35: 712 0
36: 19 0
37: 713 0
38: 20 0
39: 712 0
40: 713 0
41: 21 0
42: 711 0
43: 22 0
44: 713 0
45: 22 0
46: 711 0
47: 20 0
48: 18 0
49: 712 0
50: 20 0
51: 714 0
52: 21 0
53: 712 0
54: 19 0
55: 19 0
56: 711 0
57: 20 0
58: 712 0
59: 19 0
60: 711 0
61: 19 0
62: 21 0
63: 712 0
64: 21 0
65: 712 0
66: 21 0
67: 712 0
68: 21 0
69: 18 0
70: 712 0
71: 18 0
72: 712 0
73: 19 0
74: 713 0
75: 20 0
76: 712 0
77: 711 0
78: 20 0
79: 711 0
80: 22 0
81: 712 0
82: 20 0
83: 711 0
84: 22 0
85: 21 0
86: 712 0
87: 22 0
88: 714 0
89: 22 0
90: 711 0
91: 20 0
92: 20 0
93: 711 0
94: 22 0
95: 713 0
96: 20 0
97: 711 0
98: 21 0
99: 21 0
100: 712 0
101: 22 0
102: 714 0
103: 20 0
104: 22 1
105: 23 1
106: 712 1
107: 712 1
108: 21 1
109: 713 1
110: 712 1
111: 712 1
112: 21 1
113: 712 1
114: 711 1
115: 20 1
116: 712 1
117: 361 1
118: 18 1
119: 712 1
120: 712 1
121: 21 1
122: 712 1
123: 712 1
124: 19 1
125: 712 1
126: 21 1
127: 711 1
128: 712 1
129: 713 1
130: 21 1
131: 712 1
132: 713 1
133: 20 1
134: 712 1
135: 477 1
136: 22 1
137: 712 1
138: 712 1
139: 23 1
140: 712 1
141: 712 1
142: 21 1
143: 712 1
144: 711 1
145: 24 1
146: 712 1
147: 712 1
148: 22 1
149: 712 1
150: 712 1
151: 21 1
152: 712 1
153: 713 1
154: 22 1
155: 712 1
156: 713 1
157: 36 1
158: 712 1
159: 714 1
160: 21 1
161: 712 1
162: 714 1
163: 57 1
164: 712 1
165: 712 1
166: 21 1
167: 712 1
168: 712 1
169: 155 1
170: 21 1
171: 712 1
172: 712 1
173: 23 1
174: 711 1
175: 419 1
176: 22 1
177: 711 1
178: 711 1
179: 22 1
180: 711 1
181: 369 1
182: 23 1
183: 712 1
184: 23 1
185: 711 1
186: 712 1
187: 26 1
188: 712 1
189: 712 1
190: 23 1
191: 711 1
192: 713 1
193: 25 1
194: 711 1
195: 715 1
196: 23 1
197: 712 1
198: 712 1
199: 22 1
200: 712 1
201: 712 1
202: 24 1
203: 712 1
204: 711 0
205: 23 0
206: 711 0
207: 22 0
208: 713 0
209: 23 0
210: 712 0
211: 23 0
212: 24 0
213: 713 0
214: 25 0
215: 712 0
216: 24 0
217: 711 0
218: 23 0
219: 714 0
220: 23 0
221: 712 0
222: 23 0
223: 711 0
224: 24 0
225: 712 0
226: 23 0
227: 712 0
228: 24 0
229: 713 0
230: 25 0
231: 712 0
232: 24 0
233: 711 0
234: 23 0
235: 713 0
236: 24 0
237: 712 0
238: 23 0
239: 714 0
240: 25 0
241: 713 0
242: 23 0
243: 712 0
244: 25 0
245: 713 0
246: 24 0
247: 714 0
248: 23 0
249: 713 0
250: 25 0
251: 712 0
252: 23 0
253: 715 0
254: 23 0
255: 714 0
256: 23 0
257: 711 0
258: 22 0
259: 715 0
260: 23 0
261: 24 0
262: 716 0
263: 27 0
264: 712 0
265: 24 0
266: 713 0
267: 24 0
268: 714 0
269: 22 0
270: 713 0
271: 25 0
272: 712 0
273: 23 0
274: 713 0
275: 24 0
276: 713 0
277: 24 0
278: 713 0
279: 22 0
280: 712 0
281: 23 0
282: 714 0
283: 23 0
284: 714 0
285: 23 0
286: 715 0
287: 22 0
288: 713 0
289: 22 0
290: 712 0
291: 21 0
292: 712 0
293: 21 0
294: 712 0
295: 20 0
296: 713 0
297: 22 0
298: 713 0
299: 24 0
300: 712 0
301: 22 0
302: 715 0
303: 21 0
304: 711 0
305: 21 1
306: 712 1
307: 22 1
308: 711 1
309: 713 1
310: 712 1
311: 21 1
312: 711 1
313: 22 1
314: 711 1
315: 712 1
316: 712 1
317: 21 1
318: 711 1
319: 711 1
320: 24 1
321: 711 1
322: 711 1
323: 22 1
324: 711 1
325: 710 1
326: 21 1
327: 711 1
328: 711 1
329: 22 1
330: 711 1
331: 711 1
332: 20 1
333: 711 1
334: 711 1
335: 20 1
336: 712 1
337: 711 1
338: 21 1
339: 712 1
340: 712 1
341: 21 1
342: 712 1
343: 310 1
344: 20 1
345: 712 1
346: 24 1
347: 711 1
348: 712 1
349: 423 1
350: 23 1
351: 712 1
352: 22 1
353: 712 1
354: 711 1
355: 533 1
356: 23 1
357: 711 1
358: 711 1
359: 21 1
360: 712 1
361: 23 1
362: 713 1
363: 711 1
364: 711 1
365: 23 1
366: 712 1
367: 712 1
368: 21 1
369: 712 1
370: 23 1
371: 711 1
372: 711 1
373: 712 1
374: 24 1
375: 712 1
376: 712 1
377: 23 1
378: 711 1
379: 712 1
380: 22 1
381: 712 1
382: 712 1
383: 23 1
384: 712 1
385: 710 1
386: 22 1
387: 711 1
388: 26 1
389: 713 1
390: 712 1
391: 711 1
392: 23 1
393: 711 1
394: 711 1
395: 24 1
396: 712 1
397: 712 1
398: 23 1
399: 712 1
400: 712 1
401: 420 1
402: 23 1
403: 712 1
404: 712 1
405: 711 0
406: 23 0
407: 711 0
408: 24 0
409: 714 0
410: 21 0
411: 712 0
412: 24 0
413: 711 0
414: 24 0
415: 711 0
416: 22 0
417: 711 0
418: 22 0
419: 712 0
420: 21 0
421: 711 0
422: 23 0
423: 711 0
424: 25 0
425: 711 0
426: 23 0
427: 712 0
428: 23 0
429: 713 0
430: 23 0
431: 711 0
432: 24 0
433: 711 0
434: 24 0
435: 24 0
436: 712 0
437: 24 0
438: 711 0
439: 22 0
440: 713 0
441: 22 0
442: 713 0
443: 23 0
444: 711 0
445: 23 0
446: 713 0
447: 23 0
448: 712 0
449: 23 0
450: 713 0
451: 22 0
452: 713 0
453: 21 0
454: 710 0
455: 23 0
456: 712 0
457: 25 0
458: 713 0
459: 22 0
460: 712 0
461: 24 0
462: 712 0
463: 21 0
464: 711 0
465: 24 0
466: 713 0
467: 21 0
468: 712 0
469: 21 0
470: 711 0
471: 24 0
472: 711 0
473: 24 0
474: 712 0
475: 22 0
476: 714 0
477: 25 0
478: 711 0
479: 22 0
480: 711 0
481: 21 0
482: 713 0
483: 22 0
484: 714 0
485: 23 0
486: 714 0
487: 21 0
488: 21 0
489: 716 0
490: 22 0
491: 713 0
492: 22 0
493: 713 0
494: 22 0
495: 714 0
496: 23 0
497: 713 0
498: 22 0
499: 713 0
500: 24 0
501: 714 0
502: 23 0
503: 714 0
504: 23 0
505: 19 1
506: 713 1
507: 23 1
508: 712 1
509: 25 1
510: 714 1
511: 712 1
512: 24 1
513: 715 1
514: 712 1
515: 122 1
516: 23 1
517: 714 1
518: 24 1
519: 714 1
520: 715 1
521: 24 1
522: 714 1
523: 716 1
524: 715 1
525: 24 1
526: 716 1
527: 23 1
528: 715 1
529: 715 1
530: 22 1
531: 714 1
532: 714 1
533: 714 1
534: 21 1
535: 714 1
536: 23 1
537: 715 1
538: 714 1
539: 577 1
540: 22 1
541: 713 1
542: 23 1
543: 715 1
544: 711 1
545: 651 1
546: 21 1
547: 712 1
548: 20 1
549: 714 1
550: 712 1
551: 713 1
552: 20 1
553: 716 1
554: 715 1
555: 21 1
556: 716 1
557: 715 1
558: 23 1
559: 715 1
560: 715 1
561: 23 1
562: 715 1
563: 714 1
564: 23 1
565: 715 1
566: 714 1
567: 23 1
568: 715 1
569: 715 1
570: 25 1
571: 714 1
572: 713 1
573: 23 1
574: 714 1
575: 715 1
576: 23 1
577: 714 1
578: 714 1
579: 347 1
580: 25 1
581: 715 1
582: 714 1
583: 23 1
584: 714 1
585: 465 1
586: 24 1
587: 715 1
588: 713 1
589: 22 1
590: 713 1
591: 712 1
592: 24 1
593: 714 1
594: 713 1
595: 23 1
596: 714 1
597: 713 1
598: 714 1
599: 23 1
600: 714 1
601: 23 1
602: 714 1
603: 715 1
604: 714 1
605: 24 0
606: 715 0
607: 23 0
608: 714 0
609: 21 0
610: 713 0
611: 22 0
612: 713 0
613: 23 0
614: 714 0
615: 22 0
616: 716 0
617: 25 0
618: 714 0
619: 23 0
620: 714 0
621: 23 0
622: 714 0
623: 23 0
624: 715 0
625: 21 0
626: 715 0
627: 23 0
628: 713 0
629: 24 0
630: 714 0
631: 23 0
632: 714 0
633: 22 0
634: 715 0
635: 22 0
636: 716 0
637: 25 0
638: 713 0
639: 23 0
640: 715 0
641: 26 0
642: 714 0
643: 25 0
644: 714 0
645: 24 0
646: 714 0
647: 23 0
648: 714 0
649: 22 0
650: 715 0
651: 23 0
652: 714 0
653: 23 0
654: 22 0
655: 715 0
656: 23 0
657: 715 0
658: 21 0
659: 713 0
660: 25 0
661: 714 0
662: 22 0
663: 715 0
664: 20 0
665: 714 0
666: 22 0
667: 714 0
668: 24 0
669: 713 0
670: 23 0
671: 713 0
672: 22 0
673: 716 0
674: 24 0
675: 713 0
676: 24 0
677: 713 0
678: 24 0
679: 714 0
680: 25 0
681: 715 0
682: 21 0
683: 716 0
684: 22 0
685: 714 0
686: 21 0
687: 714 0
688: 22 0
689: 715 0
690: 21 0
691: 714 0
692: 23 0
693: 714 0
694: 22 0
695: 713 0
696: 23 0
697: 714 0
698: 24 0
699: 714 0
700: 21 0
701: 714 0
702: 20 0
703: 21 0
704: 714 0
705: 19 0
706: 713 1
707: 714 1
708: 19 1
709: 714 1
710: 714 1
711: 713 1
712: 23 1
713: 715 1
714: 23 1
715: 714 1
716: 715 1
717: 23 1
718: 713 1
719: 713 1
720: 21 1
721: 714 1
722: 713 1
723: 666 1
724: 22 1
725: 712 1
726: 21 1
727: 713 1
728: 713 1
729: 713 1
730: 20 1
731: 714 1
732: 713 1
733: 21 1
734: 714 1
735: 713 1
736: 19 1
737: 715 1
738: 714 1
739: 280 1
740: 23 1
741: 713 1
742: 21 1
743: 716 1
744: 713 1
745: 138 1
746: 23 1
747: 713 1
748: 21 1
749: 714 1
750: 714 1
751: 250 1
752: 23 1
753: 714 1
754: 23 1
755: 714 1
756: 714 1
757: 369 1
758: 23 1
759: 714 1
760: 20 1
761: 714 1
762: 714 1
763: 489 1
764: 23 1
765: 713 1
766: 712 1
767: 23 1
768: 713 1
769: 603 1
770: 24 1
771: 713 1
772: 713 1
773: 21 1
774: 713 1
775: 714 1
776: 23 1
777: 713 1
778: 714 1
779: 22 1
780: 714 1
781: 714 1
782: 22 1
783: 715 1
784: 23 1
785: 714 1
786: 714 1
787: 25 1
788: 713 1
789: 714 1
790: 22 1
791: 714 1
792: 716 1
793: 22 1
794: 714 1
795: 715 1
796: 23 1
797: 716 1
798: 715 1
799: 714 1
800: 22 1
801: 716 1
802: 23 1
803: 717 1
804: 715 1
805: 714 1
806: 715 0
807: 22 0
808: 715 0
809: 23 0
810: 714 0
811: 23 0
812: 714 0
813: 23 0
814: 714 0
815: 22 0
816: 714 0
817: 24 0
818: 714 0
819: 21 0
820: 714 0
821: 21 0
822: 713 0
823: 21 0
824: 714 0
825: 21 0
826: 23 0
827: 715 0
828: 20 0
829: 714 0
830: 21 0
831: 713 0
832: 23 0
833: 713 0
834: 22 0
835: 714 0
836: 23 0
837: 714 0
838: 20 0
839: 714 0
840: 21 0
841: 713 0
842: 22 0
843: 715 0
844: 22 0
845: 715 0
846: 21 0
847: 714 0
848: 23 0
849: 713 0
850: 23 0
851: 713 0
852: 23 0
853: 714 0
854: 21 0
855: 714 0
856: 22 0
857: 713 0
858: 24 0
859: 713 0
860: 24 0
861: 714 0
862: 23 0
863: 715 0
864: 25 0
865: 713 0
866: 23 0
867: 715 0
868: 25 0
869: 714 0
870: 24 0
871: 713 0
872: 21 0
873: 714 0
874: 24 0
875: 712 0
876: 22 0
877: 20 0
878: 712 0
879: 23 0
880: 714 0
881: 23 0
882: 715 0
883: 22 0
884: 712 0
885: 22 0
886: 712 0
887: 23 0
888: 713 0
889: 23 0
890: 713 0
891: 25 0
892: 712 0
893: 24 0
894: 714 0
895: 23 0
896: 712 0
897: 25 0
898: 711 0
899: 23 0
900: 715 0
901: 21 0
902: 713 0
903: 22 0
904: 713 0
905: 21 0
906: 24 1
907: 21 1
908: 711 1
909: 712 1
910: 22 1
911: 711 1
912: 712 1
913: 22 1
914: 712 1
915: 713 1
916: 23 1
917: 713 1
918: 713 1
919: 21 1
920: 713 1
921: 713 1
922: 21 1
923: 712 1
924: 713 1
925: 21 1
926: 712 1
927: 714 1
928: 23 1
929: 713 1
930: 713 1
931: 21 1
932: 712 1
933: 712 1
934: 23 1
935: 712 1
936: 712 1
937: 22 1
938: 711 1
939: 712 1
940: 22 1
941: 712 1
942: 712 1
943: 23 1
944: 712 1
945: 712 1
946: 21 1
947: 713 1
948: 712 1
949: 23 1
950: 712 1
951: 713 1
952: 22 1
953: 713 1
954: 712 1
955: 23 1
956: 713 1
957: 713 1
958: 24 1
959: 712 1
960: 712 1
961: 24 1
962: 712 1
963: 712 1
964: 24 1
965: 713 1
966: 712 1
967: 22 1
968: 712 1
969: 712 1
970: 22 1
971: 712 1
972: 712 1
973: 275 1
974: 25 1
975: 712 1
976: 713 1
977: 22 1
978: 713 1
979: 668 1
980: 22 1
981: 712 1
982: 713 1
983: 21 1
984: 713 1
985: 712 1
986: 22 1
987: 715 1
988: 713 1
989: 21 1
990: 715 1
991: 714 1
992: 714 1
993: 20 1
994: 714 1
995: 23 1
996: 713 1
997: 715 1
998: 713 1
999: 21 1
1000: 21 1
