1: 23 0
2: 711 0
3: 21 0
4: 711 0
5: 21 0
6: 21 0
7: 712 0
8: 21 0
9: 710 0
10: 711 0
11: 23 0
12: 712 0
13: 23 0
14: 713 0
15: 20 0
16: 710 0
17: 20 0
18: 19 0
19: 710 0
20: 21 0
21: 711 0
22: 20 0
23: 711 0
24: 19 0
25: 21 0
26: 710 0
27: 19 0
28: 710 0
29: 21 0
30: 710 0
31: 21 0
32: 19 0
33: 710 0
34: 20 0
35: 710 0
36: 23 0
37: 711 0
38: 21 0
39: 710 0
40: 711 0
41: 22 0
42: 710 0
43: 21 0
44: 711 0
45: 21 0
46: 710 0
47: 20 0
48: 19 0
49: 710 0
50: 21 0
51: 711 0
52: 21 0
53: 710 0
54: 22 0
55: 20 0
56: 711 0
57: 22 0
58: 712 0
59: 21 0
60: 710 0
61: 18 0
62: 20 0
63: 710 0
64: 21 0
65: 712 0
66: 21 0
67: 710 0
68: 21 0
69: 23 0
70: 710 0
71: 20 0
72: 712 0
73: 23 0
74: 710 0
75: 22 0
76: 710 0
77: 710 0
78: 22 0
79: 711 0
80: 21 0
81: 711 0
82: 21 0
83: 711 0
84: 22 0
85: 22 0
86: 711 0
87: 20 0
88: 711 0
89: 21 0
90: 710 0
91: 20 0
92: 20 0
93: 711 0
94: 22 0
95: 712 0
96: 22 0
97: 710 0
98: 21 0
99: 21 0
100: 711 0
101: 19 0
102: 712 0
103: 21 0
104: 22 1
105: 21 1
106: 712 1
107: 22 1
108: 711 1
109: 712 1
110: 710 1
111: 22 1
112: 710 1
113: 21 1
114: 711 1
115: 710 1
116: 21 1
117: 711 1
118: 711 1
119: 711 1
120: 21 1
121: 710 1
122: 711 1
123: 21 1
124: 711 1
125: 19 1
126: 713 1
127: 710 1
128: 710 1
129: 19 1
130: 711 1
131: 710 1
132: 20 1
133: 711 1
134: 711 1
135: 19 1
136: 711 1
137: 711 1
138: 511 1
139: 19 1
140: 713 1
141: 21 1
142: 712 1
143: 711 1
144: 20 1
145: 711 1
146: 712 1
147: 711 1
148: 22 1
149: 712 1
150: 711 1
151: 20 1
152: 710 1
153: 21 1
154: 711 1
155: 710 1
156: 711 1
157: 20 1
158: 710 1
159: 711 1
160: 21 1
161: 710 1
162: 711 1
163: 22 1
164: 710 1
165: 711 1
166: 20 1
167: 710 1
168: 710 1
169: 20 1
170: 710 1
171: 710 1
172: 20 1
173: 712 1
174: 710 1
175: 19 1
176: 711 1
177: 710 1
178: 293 1
179: 20 1
180: 710 1
181: 20 1
182: 711 1
183: 710 1
184: 408 1
185: 19 1
186: 712 1
187: 18 1
188: 710 1
189: 712 1
190: 20 1
191: 710 1
192: 710 1
193: 20 1
194: 710 1
195: 710 1
196: 711 1
197: 21 1
198: 710 1
199: 19 1
200: 710 1
201: 710 1
202: 711 1
203: 21 1
204: 709 0
205: 20 0
206: 711 0
207: 21 0
208: 710 0
209: 20 0
210: 21 0
211: 711 0
212: 22 0
213: 712 0
214: 23 0
215: 710 0
216: 22 0
217: 710 0
218: 20 0
219: 711 0
220: 21 0
221: 710 0
222: 22 0
223: 710 0
224: 22 0
225: 711 0
226: 21 0
227: 710 0
228: 21 0
229: 711 0
230: 19 0
231: 712 0
232: 19 0
233: 711 0
234: 19 0
235: 710 0
236: 20 0
237: 710 0
238: 20 0
239: 710 0
240: 18 0
241: 711 0
242: 20 0
243: 711 0
244: 20 0
245: 710 0
246: 24 0
247: 710 0
248: 21 0
249: 712 0
250: 21 0
251: 710 0
252: 21 0
253: 711 0
254: 21 0
255: 710 0
256: 21 0
257: 710 0
258: 22 0
259: 21 0
260: 710 0
261: 21 0
262: 711 0
263: 21 0
264: 710 0
265: 22 0
266: 711 0
267: 21 0
268: 710 0
269: 21 0
270: 711 0
271: 19 0
272: 711 0
273: 21 0
274: 711 0
275: 22 0
276: 712 0
277: 21 0
278: 710 0
279: 21 0
280: 712 0
281: 19 0
282: 710 0
283: 19 0
284: 710 0
285: 20 0
286: 712 0
287: 19 0
288: 710 0
289: 21 0
290: 711 0
291: 21 0
292: 711 0
293: 21 0
294: 710 0
295: 21 0
296: 712 0
297: 21 0
298: 710 0
299: 19 0
300: 710 0
301: 19 0
302: 710 0
303: 19 0
304: 710 0
305: 710 1
306: 711 1
307: 21 1
308: 711 1
309: 133 1
310: 21 1
311: 710 1
312: 710 1
313: 18 1
314: 710 1
315: 237 1
316: 21 1
317: 710 1
318: 710 1
319: 20 1
320: 710 1
321: 393 1
322: 22 1
323: 711 1
324: 710 1
325: 22 1
326: 711 1
327: 508 1
328: 22 1
329: 711 1
330: 711 1
331: 19 1
332: 710 1
333: 673 1
334: 19 1
335: 710 1
336: 712 1
337: 19 1
338: 710 1
339: 710 1
340: 22 1
341: 710 1
342: 711 1
343: 19 1
344: 711 1
345: 710 1
346: 21 1
347: 710 1
348: 710 1
349: 21 1
350: 711 1
351: 711 1
352: 20 1
353: 712 1
354: 710 1
355: 19 1
356: 712 1
357: 711 1
358: 20 1
359: 710 1
360: 20 1
361: 710 1
362: 710 1
363: 711 1
364: 21 1
365: 711 1
366: 711 1
367: 19 1
368: 710 1
369: 21 1
370: 710 1
371: 710 1
372: 711 1
373: 20 1
374: 710 1
375: 711 1
376: 18 1
377: 710 1
378: 71 1
379: 710 1
380: 710 1
381: 711 1
382: 21 1
383: 711 1
384: 711 1
385: 19 1
386: 711 1
387: 20 1
388: 710 1
389: 711 1
390: 711 1
391: 20 1
392: 710 1
393: 712 1
394: 19 1
395: 710 1
396: 321 1
397: 19 1
398: 710 1
399: 710 1
400: 20 1
401: 710 1
402: 711 1
403: 19 1
404: 710 1
405: 711 0
406: 18 0
407: 711 0
408: 21 0
409: 712 0
410: 21 0
411: 710 0
412: 21 0
413: 712 0
414: 23 0
415: 711 0
416: 19 0
417: 711 0
418: 21 0
419: 710 0
420: 20 0
421: 710 0
422: 21 0
423: 711 0
424: 21 0
425: 710 0
426: 19 0
427: 711 0
428: 19 0
429: 711 0
430: 20 0
431: 710 0
432: 20 0
433: 19 0
434: 711 0
435: 19 0
436: 712 0
437: 19 0
438: 710 0
439: 20 0
440: 712 0
441: 19 0
442: 710 0
443: 19 0
444: 710 0
445: 21 0
446: 711 0
447: 19 0
448: 710 0
449: 19 0
450: 711 0
451: 22 0
452: 711 0
453: 20 0
454: 710 0
455: 21 0
456: 712 0
457: 20 0
458: 711 0
459: 21 0
460: 711 0
461: 21 0
462: 710 0
463: 23 0
464: 710 0
465: 21 0
466: 710 0
467: 22 0
468: 710 0
469: 21 0
470: 710 0
471: 24 0
472: 710 0
473: 22 0
474: 710 0
475: 22 0
476: 711 0
477: 21 0
478: 709 0
479: 21 0
480: 711 0
481: 21 0
482: 710 0
483: 19 0
484: 20 0
485: 710 0
486: 21 0
487: 710 0
488: 21 0
489: 711 0
490: 20 0
491: 710 0
492: 21 0
493: 711 0
494: 21 0
495: 711 0
496: 18 0
497: 710 0
498: 21 0
499: 710 0
500: 21 0
501: 711 0
502: 21 0
503: 712 0
504: 23 0
505: 710 1
506: 20 1
507: 711 1
508: 19 1
509: 710 1
510: 712 1
511: 19 1
512: 710 1
513: 712 1
514: 19 1
515: 710 1
516: 713 1
517: 19 1
518: 711 1
519: 711 1
520: 21 1
521: 711 1
522: 711 1
523: 19 1
524: 710 1
525: 711 1
526: 20 1
527: 711 1
528: 712 1
529: 18 1
530: 711 1
531: 711 1
532: 21 1
533: 711 1
534: 711 1
535: 19 1
536: 711 1
537: 711 1
538: 22 1
539: 710 1
540: 712 1
541: 21 1
542: 710 1
543: 712 1
544: 19 1
545: 710 1
546: 712 1
547: 21 1
548: 710 1
549: 712 1
550: 191 1
551: 20 1
552: 712 1
553: 19 1
554: 710 1
555: 711 1
556: 18 1
557: 711 1
558: 712 1
559: 710 1
560: 23 1
561: 712 1
562: 466 1
563: 21 1
564: 712 1
565: 710 1
566: 20 1
567: 711 1
568: 710 1
569: 17 1
570: 712 1
571: 710 1
572: 21 1
573: 713 1
574: 708 1
575: 20 1
576: 712 1
577: 711 1
578: 20 1
579: 711 1
580: 711 1
581: 19 1
582: 711 1
583: 712 1
584: 21 1
585: 711 1
586: 710 1
587: 19 1
588: 712 1
589: 711 1
590: 18 1
591: 711 1
592: 710 1
593: 19 1
594: 712 1
595: 710 1
596: 19 1
597: 711 1
598: 710 1
599: 19 1
600: 712 1
601: 710 1
602: 19 1
603: 713 1
604: 710 1
605: 17 0
606: 711 0
607: 19 0
608: 710 0
609: 20 0
610: 711 0
611: 20 0
612: 711 0
613: 19 0
614: 711 0
615: 19 0
616: 712 0
617: 19 0
618: 711 0
619: 18 0
620: 711 0
621: 19 0
622: 711 0
623: 20 0
624: 710 0
625: 20 0
626: 710 0
627: 19 0
628: 710 0
629: 19 0
630: 711 0
631: 19 0
632: 710 0
633: 19 0
634: 710 0
635: 19 0
636: 712 0
637: 18 0
638: 710 0
639: 19 0
640: 712 0
641: 20 0
642: 711 0
643: 17 0
644: 710 0
645: 21 0
646: 710 0
647: 19 0
648: 710 0
649: 19 0
650: 711 0
651: 19 0
652: 710 0
653: 19 0
654: 710 0
655: 19 0
656: 19 0
657: 710 0
658: 20 0
659: 711 0
660: 19 0
661: 711 0
662: 20 0
663: 712 0
664: 19 0
665: 710 0
666: 20 0
667: 712 0
668: 19 0
669: 711 0
670: 20 0
671: 710 0
672: 19 0
673: 712 0
674: 21 0
675: 710 0
676: 20 0
677: 711 0
678: 18 0
679: 711 0
680: 19 0
681: 711 0
682: 19 0
683: 712 0
684: 20 0
685: 710 0
686: 21 0
687: 711 0
688: 18 0
689: 710 0
690: 18 0
691: 711 0
692: 20 0
693: 711 0
694: 19 0
695: 711 0
696: 19 0
697: 711 0
698: 18 0
699: 710 0
700: 20 0
701: 711 0
702: 18 0
703: 712 0
704: 20 0
705: 710 0
706: 710 1
707: 711 1
708: 20 1
709: 710 1
710: 711 1
711: 711 1
712: 18 1
713: 711 1
714: 498 1
715: 21 1
716: 711 1
717: 710 1
718: 19 1
719: 710 1
720: 712 1
721: 19 1
722: 711 1
723: 712 1
724: 69 1
725: 710 1
726: 711 1
727: 19 1
728: 711 1
729: 710 1
730: 21 1
731: 710 1
732: 710 1
733: 710 1
734: 19 1
735: 711 1
736: 19 1
737: 711 1
738: 710 1
739: 710 1
740: 20 1
741: 711 1
742: 710 1
743: 19 1
744: 710 1
745: 710 1
746: 19 1
747: 711 1
748: 710 1
749: 20 1
750: 712 1
751: 710 1
752: 20 1
753: 710 1
754: 636 1
755: 18 1
756: 711 1
757: 711 1
758: 17 1
759: 710 1
760: 712 1
761: 711 1
762: 17 1
763: 712 1
764: 710 1
765: 18 1
766: 710 1
767: 712 1
768: 17 1
769: 710 1
770: 711 1
771: 17 1
772: 710 1
773: 711 1
774: 19 1
775: 710 1
776: 711 1
777: 21 1
778: 710 1
779: 710 1
780: 21 1
781: 711 1
782: 710 1
783: 18 1
784: 711 1
785: 710 1
786: 710 1
787: 19 1
788: 710 1
789: 525 1
790: 21 1
791: 710 1
792: 18 1
793: 710 1
794: 710 1
795: 641 1
796: 19 1
797: 711 1
798: 711 1
799: 19 1
800: 712 1
801: 710 1
802: 19 1
803: 712 1
804: 710 1
805: 22 1
806: 712 0
807: 20 0
808: 710 0
809: 19 0
810: 711 0
811: 19 0
812: 710 0
813: 18 0
814: 710 0
815: 21 0
816: 711 0
817: 17 0
818: 710 0
819: 17 0
820: 712 0
821: 18 0
822: 710 0
823: 17 0
824: 710 0
825: 18 0
826: 710 0
827: 19 0
828: 710 0
829: 19 0
830: 711 0
831: 20 0
832: 19 0
833: 711 0
834: 19 0
835: 710 0
836: 18 0
837: 711 0
838: 19 0
839: 711 0
840: 20 0
841: 710 0
842: 19 0
843: 712 0
844: 18 0
845: 711 0
846: 18 0
847: 711 0
848: 20 0
849: 710 0
850: 19 0
851: 711 0
852: 20 0
853: 710 0
854: 21 0
855: 710 0
856: 18 0
857: 710 0
858: 17 0
859: 710 0
860: 19 0
861: 710 0
862: 20 0
863: 711 0
864: 19 0
865: 710 0
866: 20 0
867: 711 0
868: 18 0
869: 710 0
870: 19 0
871: 710 0
872: 20 0
873: 711 0
874: 19 0
875: 710 0
876: 21 0
877: 710 0
878: 21 0
879: 20 0
880: 711 0
881: 19 0
882: 710 0
883: 19 0
884: 710 0
885: 19 0
886: 710 0
887: 19 0
888: 710 0
889: 19 0
890: 711 0
891: 21 0
892: 710 0
893: 22 0
894: 712 0
895: 22 0
896: 710 0
897: 19 0
898: 710 0
899: 19 0
900: 712 0
901: 20 0
902: 710 0
903: 20 0
904: 710 0
905: 21 0
906: 21 1
907: 19 1
908: 710 1
909: 711 1
910: 21 1
911: 710 1
912: 711 1
913: 20 1
914: 710 1
915: 711 1
916: 19 1
917: 711 1
918: 711 1
919: 19 1
920: 711 1
921: 711 1
922: 19 1
923: 711 1
924: 711 1
925: 20 1
926: 710 1
927: 713 1
928: 17 1
929: 710 1
930: 713 1
931: 19 1
932: 710 1
933: 712 1
934: 20 1
935: 710 1
936: 711 1
937: 21 1
938: 710 1
939: 711 1
940: 21 1
941: 710 1
942: 711 1
943: 20 1
944: 710 1
945: 710 1
946: 328 1
947: 20 1
948: 711 1
949: 19 1
950: 712 1
951: 711 1
952: 19 1
953: 710 1
954: 712 1
955: 19 1
956: 710 1
957: 712 1
958: 20 1
959: 710 1
960: 712 1
961: 19 1
962: 710 1
963: 712 1
964: 20 1
965: 710 1
966: 711 1
967: 19 1
968: 710 1
969: 243 1
970: 21 1
971: 710 1
972: 711 1
973: 20 1
974: 710 1
975: 711 1
976: 19 1
977: 710 1
978: 711 1
979: 19 1
980: 711 1
981: 711 1
982: 20 1
983: 711 1
984: 711 1
985: 18 1
986: 710 1
987: 522 1
988: 19 1
989: 710 1
990: 712 1
991: 20 1
992: 710 1
993: 712 1
994: 19 1
995: 711 1
996: 712 1
997: 21 1
998: 710 1
999: 712 1
1000: 19 1
