1: 23 0
2: 710 0
3: 22 0
4: 711 0
5: 22 0
6: 22 0
7: 711 0
8: 22 0
9: 710 0
10: 712 0
11: 20 0
12: 712 0
13: 21 0
14: 712 0
15: 20 0
16: 712 0
17: 21 0
18: 20 0
19: 710 0
20: 20 0
21: 710 0
22: 20 0
23: 710 0
24: 20 0
25: 21 0
26: 711 0
27: 20 0
28: 710 0
29: 21 0
30: 710 0
31: 20 0
32: 154 0
33: 711 0
34: 20 0
35: 710 0
36: 20 0
37: 710 0
38: 20 0
39: 710 0
40: 20 0
41: 21 0
42: 710 0
43: 21 0
44: 713 0
45: 22 0
46: 710 0
47: 20 0
48: 19 0
49: 710 0
50: 20 0
51: 713 0
52: 20 0
53: 710 0
54: 23 0
55: 22 0
56: 710 0
57: 19 0
58: 712 0
59: 19 0
60: 711 0
61: 19 0
62: 20 0
63: 710 0
64: 21 0
65: 711 0
66: 20 0
67: 710 0
68: 20 0
69: 20 0
70: 710 0
71: 20 0
72: 711 0
73: 21 0
74: 710 0
75: 21 0
76: 709 0
77: 710 0
78: 21 0
79: 710 0
80: 20 0
81: 711 0
82: 21 0
83: 710 0
84: 21 0
85: 19 0
86: 710 0
87: 22 0
88: 712 0
89: 21 0
90: 710 0
91: 20 0
92: 20 0
93: 710 0
94: 22 0
95: 712 0
96: 19 0
97: 710 0
98: 21 0
99: 21 0
100: 711 0
101: 20 0
102: 712 0
103: 22 0
104: 21 1
105: 21 1
106: 711 1
107: 710 1
108: 22 1
109: 711 1
110: 711 1
111: 107 1
112: 21 1
113: 710 1
114: 21 1
115: 712 1
116: 711 1
117: 366 1
118: 21 1
119: 712 1
120: 20 1
121: 711 1
122: 712 1
123: 320 1
124: 22 1
125: 710 1
126: 19 1
127: 711 1
128: 710 1
129: 549 1
130: 20 1
131: 710 1
132: 711 1
133: 19 1
134: 710 1
135: 551 1
136: 20 1
137: 710 1
138: 710 1
139: 20 1
140: 710 1
141: 710 1
142: 21 1
143: 711 1
144: 711 1
145: 21 1
146: 711 1
147: 711 1
148: 21 1
149: 711 1
150: 711 1
151: 22 1
152: 711 1
153: 711 1
154: 19 1
155: 711 1
156: 22 1
157: 710 1
158: 710 1
159: 23 1
160: 710 1
161: 711 1
162: 27 1
163: 710 1
164: 710 1
165: 21 1
166: 710 1
167: 710 1
168: 21 1
169: 711 1
170: 710 1
171: 711 1
172: 21 1
173: 710 1
174: 21 1
175: 710 1
176: 711 1
177: 711 1
178: 21 1
179: 712 1
180: 106 1
181: 21 1
182: 712 1
183: 21 1
184: 711 1
185: 710 1
186: 87 1
187: 711 1
188: 710 1
189: 712 1
190: 22 1
191: 710 1
192: 193 1
193: 20 1
194: 710 1
195: 711 1
196: 23 1
197: 710 1
198: 710 1
199: 19 1
200: 711 1
201: 21 1
202: 712 1
203: 711 1
204: 709 0
205: 21 0
206: 710 0
207: 20 0
208: 711 0
209: 21 0
210: 710 0
211: 21 0
212: 20 0
213: 712 0
214: 22 0
215: 711 0
216: 23 0
217: 710 0
218: 20 0
219: 713 0
220: 23 0
221: 710 0
222: 22 0
223: 710 0
224: 22 0
225: 711 0
226: 21 0
227: 710 0
228: 19 0
229: 711 0
230: 21 0
231: 711 0
232: 21 0
233: 711 0
234: 20 0
235: 711 0
236: 24 0
237: 710 0
238: 24 0
239: 712 0
240: 21 0
241: 710 0
242: 21 0
243: 710 0
244: 21 0
245: 710 0
246: 20 0
247: 710 0
248: 21 0
249: 711 0
250: 22 0
251: 710 0
252: 22 0
253: 710 0
254: 23 0
255: 710 0
256: 20 0
257: 710 0
258: 21 0
259: 711 0
260: 20 0
261: 23 0
262: 712 0
263: 20 0
264: 710 0
265: 23 0
266: 711 0
267: 22 0
268: 711 0
269: 21 0
270: 710 0
271: 23 0
272: 710 0
273: 22 0
274: 711 0
275: 21 0
276: 710 0
277: 20 0
278: 710 0
279: 21 0
280: 712 0
281: 22 0
282: 712 0
283: 20 0
284: 710 0
285: 21 0
286: 712 0
287: 21 0
288: 710 0
289: 22 0
290: 710 0
291: 22 0
292: 711 0
293: 21 0
294: 710 0
295: 22 0
296: 711 0
297: 22 0
298: 711 0
299: 21 0
300: 710 0
301: 20 0
302: 711 0
303: 19 0
304: 710 0
305: 329 1
306: 21 1
307: 711 1
308: 21 1
309: 712 1
310: 710 1
311: 515 1
312: 19 1
313: 710 1
314: 19 1
315: 711 1
316: 711 1
317: 710 1
318: 19 1
319: 711 1
320: 711 1
321: 20 1
322: 711 1
323: 710 1
324: 20 1
325: 710 1
326: 711 1
327: 19 1
328: 710 1
329: 712 1
330: 21 1
331: 710 1
332: 710 1
333: 21 1
334: 710 1
335: 711 1
336: 23 1
337: 710 1
338: 711 1
339: 128 1
340: 19 1
341: 711 1
342: 21 1
343: 711 1
344: 710 1
345: 710 1
346: 21 1
347: 710 1
348: 711 1
349: 20 1
350: 710 1
351: 260 1
352: 21 1
353: 711 1
354: 710 1
355: 20 1
356: 711 1
357: 710 1
358: 21 1
359: 711 1
360: 710 1
361: 19 1
362: 712 1
363: 711 1
364: 711 1
365: 19 1
366: 712 1
367: 19 1
368: 711 1
369: 711 1
370: 710 1
371: 20 1
372: 710 1
373: 19 1
374: 710 1
375: 711 1
376: 711 1
377: 21 1
378: 710 1
379: 711 1
380: 20 1
381: 710 1
382: 711 1
383: 19 1
384: 710 1
385: 711 1
386: 19 1
387: 710 1
388: 711 1
389: 19 1
390: 711 1
391: 710 1
392: 19 1
393: 711 1
394: 710 1
395: 21 1
396: 711 1
397: 710 1
398: 19 1
399: 711 1
400: 710 1
401: 19 1
402: 712 1
403: 711 1
404: 20 1
405: 710 0
406: 19 0
407: 710 0
408: 19 0
409: 712 0
410: 21 0
411: 710 0
412: 21 0
413: 711 0
414: 21 0
415: 710 0
416: 22 0
417: 710 0
418: 19 0
419: 711 0
420: 21 0
421: 710 0
422: 21 0
423: 710 0
424: 20 0
425: 710 0
426: 20 0
427: 710 0
428: 21 0
429: 712 0
430: 24 0
431: 710 0
432: 23 0
433: 21 0
434: 711 0
435: 19 0
436: 711 0
437: 21 0
438: 710 0
439: 20 0
440: 712 0
441: 20 0
442: 711 0
443: 22 0
444: 710 0
445: 21 0
446: 713 0
447: 21 0
448: 710 0
449: 21 0
450: 711 0
451: 21 0
452: 711 0
453: 21 0
454: 710 0
455: 21 0
456: 711 0
457: 21 0
458: 711 0
459: 21 0
460: 710 0
461: 23 0
462: 711 0
463: 22 0
464: 710 0
465: 21 0
466: 712 0
467: 21 0
468: 710 0
469: 22 0
470: 710 0
471: 22 0
472: 710 0
473: 20 0
474: 711 0
475: 23 0
476: 712 0
477: 21 0
478: 710 0
479: 24 0
480: 710 0
481: 22 0
482: 22 0
483: 711 0
484: 21 0
485: 710 0
486: 21 0
487: 710 0
488: 20 0
489: 712 0
490: 21 0
491: 710 0
492: 21 0
493: 711 0
494: 22 0
495: 711 0
496: 21 0
497: 710 0
498: 21 0
499: 710 0
500: 21 0
501: 711 0
502: 20 0
503: 711 0
504: 21 0
505: 711 1
506: 23 1
507: 713 1
508: 710 1
509: 21 1
510: 712 1
511: 710 1
512: 22 1
513: 712 1
514: 711 1
515: 21 1
516: 713 1
517: 710 1
518: 21 1
519: 711 1
520: 711 1
521: 21 1
522: 712 1
523: 711 1
524: 20 1
525: 711 1
526: 711 1
527: 20 1
528: 711 1
529: 712 1
530: 21 1
531: 711 1
532: 710 1
533: 21 1
534: 712 1
535: 711 1
536: 21 1
537: 712 1
538: 711 1
539: 20 1
540: 712 1
541: 711 1
542: 23 1
543: 713 1
544: 711 1
545: 711 1
546: 21 1
547: 711 1
548: 18 1
549: 713 1
550: 711 1
551: 711 1
552: 21 1
553: 712 1
554: 711 1
555: 20 1
556: 712 1
557: 711 1
558: 19 1
559: 711 1
560: 711 1
561: 20 1
562: 711 1
563: 711 1
564: 21 1
565: 711 1
566: 711 1
567: 19 1
568: 711 1
569: 711 1
570: 20 1
571: 712 1
572: 710 1
573: 20 1
574: 710 1
575: 710 1
576: 20 1
577: 710 1
578: 710 1
579: 595 1
580: 19 1
581: 710 1
582: 21 1
583: 710 1
584: 710 1
585: 711 1
586: 19 1
587: 710 1
588: 23 1
589: 712 1
590: 710 1
591: 711 1
592: 21 1
593: 712 1
594: 21 1
595: 711 1
596: 711 1
597: 712 1
598: 20 1
599: 711 1
600: 19 1
601: 710 1
602: 711 1
603: 712 1
604: 21 1
605: 20 0
606: 712 0
607: 21 0
608: 710 0
609: 22 0
610: 711 0
611: 21 0
612: 711 0
613: 23 0
614: 710 0
615: 23 0
616: 712 0
617: 20 0
618: 711 0
619: 21 0
620: 710 0
621: 20 0
622: 711 0
623: 21 0
624: 712 0
625: 21 0
626: 711 0
627: 21 0
628: 710 0
629: 18 0
630: 710 0
631: 20 0
632: 710 0
633: 21 0
634: 710 0
635: 21 0
636: 711 0
637: 20 0
638: 710 0
639: 21 0
640: 710 0
641: 21 0
642: 710 0
643: 21 0
644: 710 0
645: 21 0
646: 711 0
647: 21 0
648: 710 0
649: 21 0
650: 19 0
651: 712 0
652: 22 0
653: 712 0
654: 22 0
655: 711 0
656: 20 0
657: 710 0
658: 23 0
659: 710 0
660: 21 0
661: 711 0
662: 20 0
663: 711 0
664: 21 0
665: 710 0
666: 20 0
667: 711 0
668: 21 0
669: 711 0
670: 21 0
671: 711 0
672: 19 0
673: 713 0
674: 19 0
675: 710 0
676: 21 0
677: 711 0
678: 20 0
679: 711 0
680: 21 0
681: 711 0
682: 21 0
683: 712 0
684: 19 0
685: 710 0
686: 21 0
687: 710 0
688: 19 0
689: 711 0
690: 21 0
691: 710 0
692: 21 0
693: 711 0
694: 20 0
695: 711 0
696: 19 0
697: 710 0
698: 19 0
699: 21 0
700: 711 0
701: 21 0
702: 711 0
703: 19 0
704: 710 0
705: 20 0
706: 19 1
707: 711 1
708: 20 1
709: 710 1
710: 711 1
711: 19 1
712: 710 1
713: 711 1
714: 19 1
715: 710 1
716: 17 1
717: 710 1
718: 710 1
719: 711 1
720: 21 1
721: 710 1
722: 711 1
723: 19 1
724: 711 1
725: 711 1
726: 20 1
727: 710 1
728: 710 1
729: 18 1
730: 712 1
731: 710 1
732: 19 1
733: 711 1
734: 69 1
735: 710 1
736: 712 1
737: 710 1
738: 19 1
739: 710 1
740: 712 1
741: 20 1
742: 711 1
743: 712 1
744: 20 1
745: 710 1
746: 711 1
747: 19 1
748: 710 1
749: 710 1
750: 21 1
751: 709 1
752: 710 1
753: 711 1
754: 19 1
755: 710 1
756: 21 1
757: 711 1
758: 711 1
759: 710 1
760: 21 1
761: 710 1
762: 20 1
763: 711 1
764: 711 1
765: 710 1
766: 20 1
767: 710 1
768: 22 1
769: 711 1
770: 711 1
771: 710 1
772: 20 1
773: 711 1
774: 20 1
775: 710 1
776: 712 1
777: 711 1
778: 21 1
779: 710 1
780: 233 1
781: 21 1
782: 710 1
783: 712 1
784: 19 1
785: 712 1
786: 712 1
787: 21 1
788: 710 1
789: 711 1
790: 19 1
791: 710 1
792: 710 1
793: 19 1
794: 710 1
795: 710 1
796: 19 1
797: 710 1
798: 710 1
799: 19 1
800: 712 1
801: 19 1
802: 710 1
803: 712 1
804: 476 1
805: 19 1
806: 710 0
807: 21 0
808: 711 0
809: 21 0
810: 711 0
811: 21 0
812: 21 0
813: 711 0
814: 21 0
815: 711 0
816: 18 0
817: 710 0
818: 20 0
819: 711 0
820: 19 0
821: 711 0
822: 19 0
823: 712 0
824: 21 0
825: 710 0
826: 19 0
827: 712 0
828: 21 0
829: 710 0
830: 20 0
831: 710 0
832: 20 0
833: 712 0
834: 22 0
835: 710 0
836: 20 0
837: 711 0
838: 21 0
839: 710 0
840: 20 0
841: 710 0
842: 21 0
843: 712 0
844: 20 0
845: 710 0
846: 21 0
847: 711 0
848: 20 0
849: 710 0
850: 19 0
851: 710 0
852: 20 0
853: 711 0
854: 20 0
855: 710 0
856: 21 0
857: 710 0
858: 21 0
859: 710 0
860: 20 0
861: 710 0
862: 18 0
863: 711 0
864: 20 0
865: 21 0
866: 710 0
867: 20 0
868: 710 0
869: 19 0
870: 711 0
871: 19 0
872: 710 0
873: 20 0
874: 710 0
875: 21 0
876: 711 0
877: 20 0
878: 710 0
879: 21 0
880: 712 0
881: 18 0
882: 711 0
883: 19 0
884: 710 0
885: 19 0
886: 710 0
887: 19 0
888: 711 0
889: 19 0
890: 712 0
891: 19 0
892: 710 0
893: 20 0
894: 711 0
895: 19 0
896: 711 0
897: 19 0
898: 710 0
899: 21 0
900: 711 0
901: 21 0
902: 710 0
903: 19 0
904: 710 0
905: 21 0
906: 19 1
907: 711 1
908: 711 1
909: 19 1
910: 711 1
911: 695 1
912: 20 1
913: 710 1
914: 19 1
915: 711 1
916: 710 1
917: 710 1
918: 22 1
919: 710 1
920: 711 1
921: 20 1
922: 710 1
923: 703 1
924: 21 1
925: 710 1
926: 710 1
927: 21 1
928: 710 1
929: 710 1
930: 18 1
931: 710 1
932: 710 1
933: 22 1
934: 710 1
935: 710 1
936: 21 1
937: 710 1
938: 710 1
939: 21 1
940: 711 1
941: 710 1
942: 20 1
943: 711 1
944: 710 1
945: 19 1
946: 710 1
947: 19 1
948: 710 1
949: 710 1
950: 32 1
951: 710 1
952: 711 1
953: 710 1
954: 19 1
955: 710 1
956: 710 1
957: 20 1
958: 710 1
959: 710 1
960: 20 1
961: 710 1
962: 710 1
963: 20 1
964: 710 1
965: 710 1
966: 21 1
967: 711 1
968: 710 1
969: 19 1
970: 711 1
971: 710 1
972: 20 1
973: 711 1
974: 710 1
975: 20 1
976: 711 1
977: 711 1
978: 20 1
979: 710 1
980: 711 1
981: 19 1
982: 711 1
983: 712 1
984: 21 1
985: 710 1
986: 710 1
987: 18 1
988: 710 1
989: 710 1
990: 20 1
991: 710 1
992: 710 1
993: 710 1
994: 18 1
995: 710 1
996: 19 1
997: 710 1
998: 710 1
999: 710 1
1000: 712 1
