1: 33 0
2: 711 0
3: 31 0
4: 711 0
5: 29 0
6: 31 0
7: 712 0
8: 29 0
9: 710 0
10: 711 0
11: 31 0
12: 712 0
13: 31 0
14: 714 0
15: 32 0
16: 711 0
17: 30 0
18: 30 0
19: 711 0
20: 30 0
21: 712 0
22: 31 0
23: 710 0
24: 30 0
25: 30 0
26: 710 0
27: 31 0
28: 711 0
29: 31 0
30: 710 0
31: 32 0
32: 31 0
33: 710 0
34: 32 0
35: 712 0
36: 32 0
37: 710 0
38: 33 0
39: 33 0
40: 710 0
41: 32 0
42: 712 0
43: 32 0
44: 710 0
45: 32 0
46: 710 0
47: 710 0
48: 32 0
49: 711 0
50: 30 0
51: 711 0
52: 31 0
53: 711 0
54: 30 0
55: 31 0
56: 711 0
57: 31 0
58: 710 0
59: 32 0
60: 711 0
61: 31 0
62: 31 0
63: 711 0
64: 30 0
65: 710 0
66: 32 0
67: 710 0
68: 30 0
69: 31 0
70: 711 0
71: 30 0
72: 710 0
73: 31 0
74: 710 0
75: 31 0
76: 30 0
77: 710 0
78: 31 0
79: 710 0
80: 29 0
81: 710 0
82: 32 0
83: 712 0
84: 711 0
85: 32 0
86: 710 0
87: 32 0
88: 711 0
89: 31 0
90: 712 0
91: 31 0
92: 32 0
93: 710 0
94: 32 0
95: 711 0
96: 33 0
97: 711 0
98: 29 0
99: 31 0
100: 710 0
101: 31 0
102: 710 0
103: 31 0
104: 29 1
105: 711 1
106: 32 1
107: 712 1
108: 262 1
109: 31 1
110: 712 1
111: 710 1
112: 31 1
113: 710 1
114: 694 1
115: 32 1
116: 710 1
117: 32 1
118: 710 1
119: 711 1
120: 710 1
121: 31 1
122: 710 1
123: 711 1
124: 32 1
125: 711 1
126: 598 1
127: 31 1
128: 710 1
129: 710 1
130: 31 1
131: 710 1
132: 710 1
133: 32 1
134: 711 1
135: 32 1
136: 710 1
137: 712 1
138: 711 1
139: 32 1
140: 711 1
141: 711 1
142: 33 1
143: 712 1
144: 711 1
145: 32 1
146: 710 1
147: 712 1
148: 31 1
149: 710 1
150: 712 1
151: 29 1
152: 710 1
153: 711 1
154: 31 1
155: 711 1
156: 710 1
157: 712 1
158: 32 1
159: 710 1
160: 711 1
161: 30 1
162: 710 1
163: 712 1
164: 30 1
165: 710 1
166: 710 1
167: 29 1
168: 710 1
169: 710 1
170: 31 1
171: 711 1
172: 710 1
173: 30 1
174: 711 1
175: 710 1
176: 33 1
177: 712 1
178: 710 1
179: 29 1
180: 711 1
181: 710 1
182: 27 1
183: 711 1
184: 710 1
185: 30 1
186: 710 1
187: 712 1
188: 30 1
189: 710 1
190: 712 1
191: 30 1
192: 710 1
193: 710 1
194: 31 1
195: 710 1
196: 710 1
197: 31 1
198: 711 1
199: 711 1
200: 31 1
201: 711 1
202: 710 1
203: 29 1
204: 710 0
205: 31 0
206: 709 0
207: 29 0
208: 710 0
209: 29 0
210: 451 0
211: 29 0
212: 29 0
213: 711 0
214: 32 0
215: 710 0
216: 31 0
217: 712 0
218: 30 0
219: 711 0
220: 29 0
221: 710 0
222: 31 0
223: 711 0
224: 31 0
225: 711 0
226: 31 0
227: 712 0
228: 31 0
229: 711 0
230: 29 0
231: 711 0
232: 29 0
233: 710 0
234: 32 0
235: 711 0
236: 31 0
237: 711 0
238: 30 0
239: 711 0
240: 29 0
241: 710 0
242: 29 0
243: 710 0
244: 31 0
245: 710 0
246: 28 0
247: 711 0
248: 31 0
249: 711 0
250: 29 0
251: 710 0
252: 31 0
253: 710 0
254: 31 0
255: 711 0
256: 31 0
257: 712 0
258: 32 0
259: 32 0
260: 711 0
261: 30 0
262: 709 0
263: 30 0
264: 711 0
265: 31 0
266: 710 0
267: 31 0
268: 711 0
269: 29 0
270: 712 0
271: 29 0
272: 711 0
273: 30 0
274: 713 0
275: 29 0
276: 711 0
277: 29 0
278: 711 0
279: 29 0
280: 711 0
281: 29 0
282: 710 0
283: 28 0
284: 711 0
285: 29 0
286: 711 0
287: 29 0
288: 711 0
289: 31 0
290: 711 0
291: 32 0
292: 712 0
293: 30 0
294: 713 0
295: 30 0
296: 711 0
297: 31 0
298: 711 0
299: 31 0
300: 711 0
301: 31 0
302: 711 0
303: 29 0
304: 712 0
305: 29 1
306: 711 1
307: 712 1
308: 30 1
309: 711 1
310: 29 1
311: 711 1
312: 711 1
313: 711 1
314: 29 1
315: 711 1
316: 711 1
317: 29 1
318: 711 1
319: 711 1
320: 31 1
321: 712 1
322: 710 1
323: 31 1
324: 711 1
325: 710 1
326: 30 1
327: 711 1
328: 710 1
329: 29 1
330: 711 1
331: 711 1
332: 31 1
333: 711 1
334: 712 1
335: 711 1
336: 30 1
337: 712 1
338: 710 1
339: 29 1
340: 710 1
341: 27 1
342: 710 1
343: 711 1
344: 711 1
345: 30 1
346: 710 1
347: 711 1
348: 31 1
349: 710 1
350: 33 1
351: 710 1
352: 710 1
353: 710 1
354: 29 1
355: 711 1
356: 711 1
357: 211 1
358: 29 1
359: 710 1
360: 710 1
361: 29 1
362: 710 1
363: 384 1
364: 27 1
365: 710 1
366: 710 1
367: 29 1
368: 710 1
369: 428 1
370: 28 1
371: 711 1
372: 710 1
373: 27 1
374: 712 1
375: 710 1
376: 28 1
377: 712 1
378: 710 1
379: 28 1
380: 710 1
381: 711 1
382: 29 1
383: 711 1
384: 711 1
385: 29 1
386: 710 1
387: 711 1
388: 29 1
389: 710 1
390: 711 1
391: 113 1
392: 29 1
393: 710 1
394: 27 1
395: 710 1
396: 710 1
397: 30 1
398: 710 1
399: 710 1
400: 710 1
401: 29 1
402: 710 1
403: 710 1
404: 29 1
405: 710 0
406: 31 0
407: 711 0
408: 30 0
409: 711 0
410: 29 0
411: 711 0
412: 28 0
413: 710 0
414: 30 0
415: 710 0
416: 31 0
417: 712 0
418: 29 0
419: 710 0
420: 28 0
421: 711 0
422: 29 0
423: 711 0
424: 29 0
425: 710 0
426: 29 0
427: 710 0
428: 29 0
429: 710 0
430: 30 0
431: 30 0
432: 710 0
433: 30 0
434: 712 0
435: 30 0
436: 710 0
437: 31 0
438: 710 0
439: 30 0
440: 711 0
441: 30 0
442: 710 0
443: 29 0
444: 712 0
445: 31 0
446: 711 0
447: 30 0
448: 710 0
449: 29 0
450: 711 0
451: 29 0
452: 711 0
453: 31 0
454: 711 0
455: 32 0
456: 710 0
457: 29 0
458: 711 0
459: 31 0
460: 710 0
461: 31 0
462: 710 0
463: 31 0
464: 712 0
465: 31 0
466: 710 0
467: 30 0
468: 711 0
469: 30 0
470: 710 0
471: 31 0
472: 710 0
473: 29 0
474: 711 0
475: 32 0
476: 711 0
477: 29 0
478: 710 0
479: 29 0
480: 555 0
481: 28 0
482: 29 0
483: 710 0
484: 28 0
485: 711 0
486: 28 0
487: 710 0
488: 28 0
489: 711 0
490: 30 0
491: 711 0
492: 29 0
493: 710 0
494: 27 0
495: 711 0
496: 29 0
497: 711 0
498: 30 0
499: 710 0
500: 29 0
501: 712 0
502: 29 0
503: 710 0
504: 29 0
505: 710 1
506: 32 1
507: 712 1
508: 711 1
509: 30 1
510: 711 1
511: 711 1
512: 31 1
513: 711 1
514: 711 1
515: 31 1
516: 711 1
517: 711 1
518: 28 1
519: 712 1
520: 710 1
521: 29 1
522: 711 1
523: 710 1
524: 30 1
525: 711 1
526: 710 1
527: 30 1
528: 712 1
529: 29 1
530: 710 1
531: 712 1
532: 710 1
533: 31 1
534: 712 1
535: 710 1
536: 29 1
537: 712 1
538: 711 1
539: 30 1
540: 712 1
541: 711 1
542: 31 1
543: 711 1
544: 712 1
545: 31 1
546: 712 1
547: 710 1
548: 29 1
549: 712 1
550: 710 1
551: 29 1
552: 711 1
553: 710 1
554: 560 1
555: 29 1
556: 711 1
557: 29 1
558: 711 1
559: 710 1
560: 711 1
561: 30 1
562: 710 1
563: 710 1
564: 29 1
565: 710 1
566: 710 1
567: 30 1
568: 710 1
569: 710 1
570: 29 1
571: 711 1
572: 710 1
573: 30 1
574: 711 1
575: 710 1
576: 29 1
577: 711 1
578: 711 1
579: 31 1
580: 710 1
581: 712 1
582: 30 1
583: 710 1
584: 712 1
585: 28 1
586: 710 1
587: 710 1
588: 30 1
589: 710 1
590: 710 1
591: 29 1
592: 710 1
593: 710 1
594: 29 1
595: 710 1
596: 710 1
597: 31 1
598: 711 1
599: 710 1
600: 514 1
601: 29 1
602: 712 1
603: 30 1
604: 712 1
605: 29 0
606: 712 0
607: 29 0
608: 712 0
609: 29 0
610: 712 0
611: 30 0
612: 712 0
613: 31 0
614: 712 0
615: 30 0
616: 710 0
617: 30 0
618: 712 0
619: 31 0
620: 710 0
621: 31 0
622: 711 0
623: 31 0
624: 712 0
625: 31 0
626: 710 0
627: 30 0
628: 711 0
629: 30 0
630: 711 0
631: 31 0
632: 710 0
633: 29 0
634: 711 0
635: 31 0
636: 710 0
637: 31 0
638: 710 0
639: 30 0
640: 710 0
641: 29 0
642: 711 0
643: 31 0
644: 712 0
645: 29 0
646: 710 0
647: 30 0
648: 710 0
649: 30 0
650: 710 0
651: 32 0
652: 710 0
653: 31 0
654: 30 0
655: 711 0
656: 30 0
657: 711 0
658: 31 0
659: 710 0
660: 30 0
661: 712 0
662: 31 0
663: 711 0
664: 30 0
665: 711 0
666: 29 0
667: 711 0
668: 31 0
669: 710 0
670: 30 0
671: 712 0
672: 32 0
673: 711 0
674: 31 0
675: 711 0
676: 31 0
677: 710 0
678: 31 0
679: 711 0
680: 30 0
681: 711 0
682: 29 0
683: 710 0
684: 30 0
685: 711 0
686: 29 0
687: 710 0
688: 30 0
689: 710 0
690: 31 0
691: 711 0
692: 30 0
693: 710 0
694: 30 0
695: 710 0
696: 31 0
697: 711 0
698: 32 0
699: 710 0
700: 31 0
701: 31 0
702: 710 0
703: 31 0
704: 712 0
705: 30 0
706: 710 1
707: 710 1
708: 27 1
709: 711 1
710: 710 1
711: 29 1
712: 710 1
713: 710 1
714: 114 1
715: 29 1
716: 710 1
717: 27 1
718: 711 1
719: 710 1
720: 260 1
721: 29 1
722: 711 1
723: 29 1
724: 711 1
725: 710 1
726: 30 1
727: 710 1
728: 712 1
729: 31 1
730: 710 1
731: 713 1
732: 460 1
733: 31 1
734: 711 1
735: 31 1
736: 710 1
737: 711 1
738: 665 1
739: 27 1
740: 710 1
741: 711 1
742: 31 1
743: 710 1
744: 29 1
745: 710 1
746: 710 1
747: 710 1
748: 31 1
749: 710 1
750: 711 1
751: 29 1
752: 710 1
753: 710 1
754: 29 1
755: 711 1
756: 710 1
757: 29 1
758: 711 1
759: 710 1
760: 44 1
761: 711 1
762: 710 1
763: 31 1
764: 711 1
765: 711 1
766: 120 1
767: 28 1
768: 712 1
769: 28 1
770: 710 1
771: 712 1
772: 222 1
773: 29 1
774: 710 1
775: 30 1
776: 710 1
777: 710 1
778: 467 1
779: 28 1
780: 710 1
781: 711 1
782: 27 1
783: 710 1
784: 443 1
785: 29 1
786: 710 1
787: 710 1
788: 31 1
789: 710 1
790: 710 1
791: 29 1
792: 710 1
793: 710 1
794: 30 1
795: 710 1
796: 667 1
797: 30 1
798: 711 1
799: 710 1
800: 29 1
801: 711 1
802: 30 1
803: 710 1
804: 711 1
805: 28 1
806: 710 0
807: 29 0
808: 712 0
809: 27 0
810: 710 0
811: 29 0
812: 710 0
813: 28 0
814: 710 0
815: 29 0
816: 710 0
817: 30 0
818: 712 0
819: 30 0
820: 710 0
821: 31 0
822: 29 0
823: 710 0
824: 29 0
825: 711 0
826: 30 0
827: 711 0
828: 31 0
829: 710 0
830: 30 0
831: 712 0
832: 31 0
833: 711 0
834: 29 0
835: 710 0
836: 28 0
837: 710 0
838: 29 0
839: 711 0
840: 29 0
841: 710 0
842: 28 0
843: 710 0
844: 28 0
845: 711 0
846: 28 0
847: 710 0
848: 27 0
849: 710 0
850: 29 0
851: 712 0
852: 27 0
853: 710 0
854: 29 0
855: 711 0
856: 29 0
857: 710 0
858: 28 0
859: 711 0
860: 29 0
861: 711 0
862: 28 0
863: 710 0
864: 28 0
865: 711 0
866: 30 0
867: 711 0
868: 28 0
869: 710 0
870: 29 0
871: 711 0
872: 29 0
873: 659 0
874: 28 0
875: 29 0
876: 711 0
877: 29 0
878: 712 0
879: 29 0
880: 710 0
881: 27 0
882: 711 0
883: 30 0
884: 711 0
885: 30 0
886: 710 0
887: 30 0
888: 712 0
889: 30 0
890: 710 0
891: 28 0
892: 710 0
893: 30 0
894: 711 0
895: 30 0
896: 710 0
897: 31 0
898: 711 0
899: 29 0
900: 711 0
901: 29 0
902: 710 0
903: 31 0
904: 710 0
905: 31 0
906: 103 1
907: 29 1
908: 711 1
909: 710 1
910: 31 1
911: 711 1
912: 710 1
913: 32 1
914: 710 1
915: 711 1
916: 29 1
917: 710 1
918: 711 1
919: 29 1
920: 710 1
921: 710 1
922: 30 1
923: 710 1
924: 710 1
925: 29 1
926: 710 1
927: 711 1
928: 711 1
929: 29 1
930: 711 1
931: 31 1
932: 710 1
933: 711 1
934: 710 1
935: 29 1
936: 710 1
937: 31 1
938: 711 1
939: 710 1
940: 710 1
941: 29 1
942: 711 1
943: 31 1
944: 710 1
945: 711 1
946: 710 1
947: 29 1
948: 711 1
949: 30 1
950: 710 1
951: 712 1
952: 29 1
953: 710 1
954: 710 1
955: 29 1
956: 710 1
957: 710 1
958: 29 1
959: 710 1
960: 710 1
961: 30 1
962: 710 1
963: 710 1
964: 29 1
965: 711 1
966: 710 1
967: 209 1
968: 30 1
969: 711 1
970: 30 1
971: 711 1
972: 710 1
973: 321 1
974: 29 1
975: 711 1
976: 30 1
977: 710 1
978: 712 1
979: 30 1
980: 710 1
981: 710 1
982: 31 1
983: 710 1
984: 710 1
985: 566 1
986: 29 1
987: 710 1
988: 29 1
989: 710 1
990: 710 1
991: 711 1
992: 29 1
993: 710 1
994: 710 1
995: 28 1
996: 710 1
997: 28 1
998: 712 1
999: 710 1
1000: 31 1
