1: 0 0
2: 711 0
3: 0 0
4: 712 0
5: 711 0
6: 0 0
7: 711 0
8: 0 0
9: 0 0
10: 711 0
11: 0 0
12: 712 0
13: 712 0
14: 0 0
15: 713 0
16: 0 0
17: 710 0
18: 0 0
19: 0 0
20: 710 0
21: 0 0
22: 712 0
23: 1 0
24: 0 0
25: 712 0
26: 0 0
27: 710 0
28: 0 0
29: 0 0
30: 711 0
31: 0 0
32: 712 0
33: 419 0
34: 0 0
35: 711 0
36: 0 0
37: 711 0
38: 0 0
39: 0 0
40: 711 0
41: 0 0
42: 711 0
43: 0 0
44: 0 0
45: 710 0
46: 0 0
47: 711 0
48: 0 0
49: 0 0
50: 711 0
51: 0 0
52: 710 0
53: 0 0
54: 0 0
55: 710 0
56: 0 0
57: 711 0
58: 1 0
59: 0 0
60: 712 0
61: 0 0
62: 710 0
63: 710 0
64: 0 0
65: 711 0
66: 0 0
67: 711 0
68: 0 0
69: 0 0
70: 710 0
71: 0 0
72: 711 0
73: 0 0
74: 0 0
75: 711 0
76: 0 0
77: 710 0
78: 0 0
79: 0 0
80: 711 0
81: 0 0
82: 710 0
83: 0 0
84: 0 0
85: 710 0
86: 0 0
87: 710 0
88: 0 0
89: 0 0
90: 710 0
91: 0 0
92: 710 0
93: 10 0
94: 0 0
95: 710 0
96: 0 0
97: 710 0
98: 0 0
99: 0 0
100: 710 0
101: 0 0
102: 710 0
103: 0 0
104: 711 0
105: 0 0
106: 710 1
107: 710 1
108: 0 1
109: 0 1
110: 0 1
111: 710 1
112: 711 1
113: 710 1
114: 0 1
115: 0 1
116: 0 1
117: 711 1
118: 711 1
119: 710 1
120: 1 1
121: 0 1
122: 37 1
123: 0 1
124: 0 1
125: 0 1
126: 710 1
127: 711 1
128: 711 1
129: 352 1
130: 0 1
131: 0 1
132: 0 1
133: 711 1
134: 710 1
135: 714 1
136: 0 1
137: 0 1
138: 0 1
139: 711 1
140: 710 1
141: 711 1
142: 0 1
143: 0 1
144: 0 1
145: 0 1
146: 711 1
147: 712 1
148: 0 1
149: 0 1
150: 0 1
151: 0 1
152: 710 1
153: 710 1
154: 0 1
155: 0 1
156: 0 1
157: 0 1
158: 710 1
159: 712 1
160: 0 1
161: 0 1
162: 0 1
163: 0 1
164: 710 1
165: 710 1
166: 712 1
167: 0 1
168: 2 1
169: 0 1
170: 0 1
171: 710 1
172: 711 1
173: 0 1
174: 0 1
175: 0 1
176: 0 1
177: 710 1
178: 710 1
179: 563 1
180: 0 1
181: 0 1
182: 0 1
183: 711 1
184: 710 1
185: 711 1
186: 0 1
187: 0 1
188: 0 1
189: 711 1
190: 711 1
191: 680 1
192: 0 1
193: 0 1
194: 0 1
195: 711 1
196: 712 1
197: 710 1
198: 0 1
199: 0 1
200: 0 1
201: 710 1
202: 710 1
203: 712 1
204: 0 1
205: 0 1
206: 0 1
207: 710 0
208: 0 0
209: 710 0
210: 0 0
211: 711 0
212: 0 0
213: 710 0
214: 0 0
215: 710 0
216: 0 0
217: 697 0
218: 1 0
219: 0 0
220: 711 0
221: 0 0
222: 711 0
223: 0 0
224: 711 0
225: 0 0
226: 710 0
227: 0 0
228: 710 0
229: 0 0
230: 712 0
231: 0 0
232: 0 0
233: 710 0
234: 0 0
235: 710 0
236: 0 0
237: 712 0
238: 1 0
239: 710 0
240: 0 0
241: 710 0
242: 0 0
243: 712 0
244: 0 0
245: 0 0
246: 710 0
247: 0 0
248: 710 0
249: 0 0
250: 712 0
251: 0 0
252: 710 0
253: 1 0
254: 712 0
255: 0 0
256: 711 0
257: 0 0
258: 0 0
259: 710 0
260: 0 0
261: 711 0
262: 0 0
263: 710 0
264: 0 0
265: 710 0
266: 0 0
267: 710 0
268: 0 0
269: 711 0
270: 0 0
271: 0 0
272: 710 0
273: 0 0
274: 711 0
275: 0 0
276: 710 0
277: 0 0
278: 711 0
279: 0 0
280: 710 0
281: 0 0
282: 711 0
283: 1 0
284: 712 0
285: 0 0
286: 0 0
287: 710 0
288: 0 0
289: 710 0
290: 0 0
291: 712 0
292: 0 0
293: 710 0
294: 0 0
295: 711 0
296: 0 0
297: 710 0
298: 0 0
299: 0 0
300: 710 0
301: 0 0
302: 710 0
303: 0 0
304: 711 0
305: 0 0
306: 710 0
307: 0 0
308: 712 0
309: 710 1
310: 0 1
311: 0 1
312: 0 1
313: 710 1
314: 711 1
315: 711 1
316: 0 1
317: 0 1
318: 0 1
319: 710 1
320: 710 1
321: 710 1
322: 1 1
323: 0 1
324: 0 1
325: 711 1
326: 711 1
327: 711 1
328: 711 1
329: 0 1
330: 1 1
331: 452 1
332: 710 1
333: 711 1
334: 0 1
335: 0 1
336: 0 1
337: 710 1
338: 711 1
339: 710 1
340: 0 1
341: 0 1
342: 0 1
343: 539 1
344: 710 1
345: 712 1
346: 11 1
347: 710 1
348: 710 1
349: 1 1
350: 0 1
351: 0 1
352: 0 1
353: 710 1
354: 710 1
355: 711 1
356: 0 1
357: 0 1
358: 0 1
359: 710 1
360: 710 1
361: 0 1
362: 0 1
363: 0 1
364: 0 1
365: 0 1
366: 711 1
367: 710 1
368: 710 1
369: 0 1
370: 0 1
371: 0 1
372: 0 1
373: 710 1
374: 710 1
375: 711 1
376: 0 1
377: 0 1
378: 0 1
379: 711 1
380: 710 1
381: 710 1
382: 0 1
383: 0 1
384: 0 1
385: 710 1
386: 710 1
387: 710 1
388: 0 1
389: 0 1
390: 0 1
391: 710 1
392: 711 1
393: 711 1
394: 0 1
395: 0 1
396: 0 1
397: 709 1
398: 710 1
399: 712 1
400: 0 1
401: 0 1
402: 0 1
403: 703 1
404: 710 1
405: 710 1
406: 0 1
407: 0 1
408: 0 1
409: 0 1
410: 710 0
411: 0 0
412: 710 0
413: 0 0
414: 710 0
415: 0 0
416: 711 0
417: 0 0
418: 0 0
419: 711 0
420: 0 0
421: 710 0
422: 0 0
423: 712 0
424: 0 0
425: 710 0
426: 0 0
427: 710 0
428: 0 0
429: 710 0
430: 0 0
431: 0 0
432: 710 0
433: 0 0
434: 710 0
435: 0 0
436: 711 0
437: 0 0
438: 710 0
439: 0 0
440: 711 0
441: 0 0
442: 710 0
443: 0 0
444: 0 0
445: 710 0
446: 0 0
447: 710 0
448: 0 0
449: 711 0
450: 0 0
451: 710 0
452: 0 0
453: 712 0
454: 0 0
455: 710 0
456: 0 0
457: 691 0
458: 0 0
459: 0 0
460: 711 0
461: 0 0
462: 711 0
463: 0 0
464: 711 0
465: 0 0
466: 710 0
467: 0 0
468: 710 0
469: 0 0
470: 710 0
471: 0 0
472: 0 0
473: 711 0
474: 0 0
475: 710 0
476: 1 0
477: 712 0
478: 0 0
479: 710 0
480: 0 0
481: 711 0
482: 0 0
483: 710 0
484: 0 0
485: 0 0
486: 711 0
487: 0 0
488: 710 0
489: 0 0
490: 710 0
491: 0 0
492: 710 0
493: 0 0
494: 712 0
495: 0 0
496: 710 0
497: 0 0
498: 0 0
499: 710 0
500: 0 0
501: 711 0
502: 0 0
503: 710 0
504: 0 0
505: 711 0
506: 0 0
507: 713 0
508: 0 0
509: 710 0
510: 0 0
511: 0 0
512: 0 1
513: 710 1
514: 712 1
515: 710 1
516: 0 1
517: 0 1
518: 0 1
519: 710 1
520: 711 1
521: 711 1
522: 0 1
523: 0 1
524: 0 1
525: 710 1
526: 710 1
527: 711 1
528: 0 1
529: 0 1
530: 0 1
531: 0 1
532: 710 1
533: 711 1
534: 712 1
535: 0 1
536: 0 1
537: 0 1
538: 655 1
539: 710 1
540: 710 1
541: 712 1
542: 0 1
543: 0 1
544: 0 1
545: 711 1
546: 710 1
547: 710 1
548: 35 1
549: 710 1
550: 711 1
551: 0 1
552: 0 1
553: 0 1
554: 0 1
555: 712 1
556: 710 1
557: 710 1
558: 0 1
559: 0 1
560: 0 1
561: 712 1
562: 710 1
563: 6 1
564: 0 1
565: 0 1
566: 275 1
567: 710 1
568: 713 1
569: 3 1
570: 0 1
571: 0 1
572: 0 1
573: 710 1
574: 710 1
575: 711 1
576: 710 1
577: 0 1
578: 0 1
579: 1 1
580: 710 1
581: 711 1
582: 711 1
583: 0 1
584: 0 1
585: 0 1
586: 710 1
587: 711 1
588: 711 1
589: 0 1
590: 0 1
591: 0 1
592: 711 1
593: 710 1
594: 710 1
595: 0 1
596: 0 1
597: 0 1
598: 685 1
599: 711 1
600: 711 1
601: 0 1
602: 0 1
603: 0 1
604: 709 1
605: 710 1
606: 710 1
607: 0 1
608: 0 1
609: 0 1
610: 710 1
611: 711 1
612: 711 1
613: 710 0
614: 0 0
615: 711 0
616: 0 0
617: 710 0
618: 0 0
619: 713 0
620: 0 0
621: 710 0
622: 0 0
623: 0 0
624: 710 0
625: 0 0
626: 711 0
627: 0 0
628: 710 0
629: 0 0
630: 710 0
631: 0 0
632: 711 0
633: 3 0
634: 710 0
635: 0 0
636: 0 0
637: 710 0
638: 0 0
639: 710 0
640: 0 0
641: 710 0
642: 0 0
643: 710 0
644: 0 0
645: 710 0
646: 0 0
647: 710 0
648: 0 0
649: 0 0
650: 710 0
651: 0 0
652: 710 0
653: 0 0
654: 710 0
655: 0 0
656: 712 0
657: 0 0
658: 710 0
659: 0 0
660: 710 0
661: 1 0
662: 0 0
663: 710 0
664: 0 0
665: 710 0
666: 0 0
667: 710 0
668: 0 0
669: 712 0
670: 0 0
671: 710 0
672: 0 0
673: 712 0
674: 0 0
675: 709 0
676: 0 0
677: 0 0
678: 710 0
679: 0 0
680: 711 0
681: 0 0
682: 710 0
683: 0 0
684: 710 0
685: 0 0
686: 710 0
687: 0 0
688: 710 0
689: 0 0
690: 0 0
691: 710 0
692: 0 0
693: 712 0
694: 0 0
695: 710 0
696: 0 0
697: 711 0
698: 0 0
699: 710 0
700: 0 0
701: 710 0
702: 0 0
703: 0 0
704: 710 0
705: 0 0
706: 711 0
707: 0 0
708: 710 0
709: 0 0
710: 711 0
711: 0 0
712: 710 0
713: 0 0
714: 710 0
715: 0 1
716: 0 1
717: 710 1
718: 710 1
719: 711 1
720: 0 1
721: 0 1
722: 2 1
723: 0 1
724: 710 1
725: 710 1
726: 0 1
727: 0 1
728: 0 1
729: 0 1
730: 711 1
731: 710 1
732: 711 1
733: 0 1
734: 0 1
735: 0 1
736: 710 1
737: 711 1
738: 356 1
739: 0 1
740: 0 1
741: 0 1
742: 709 1
743: 710 1
744: 711 1
745: 0 1
746: 0 1
747: 0 1
748: 0 1
749: 710 1
750: 710 1
751: 712 1
752: 0 1
753: 0 1
754: 0 1
755: 710 1
756: 710 1
757: 711 1
758: 0 1
759: 0 1
760: 0 1
761: 713 1
762: 710 1
763: 710 1
764: 0 1
765: 0 1
766: 0 1
767: 702 1
768: 710 1
769: 710 1
770: 0 1
771: 0 1
772: 0 1
773: 707 1
774: 710 1
775: 710 1
776: 0 1
777: 0 1
778: 0 1
779: 658 1
780: 711 1
781: 711 1
782: 0 1
783: 0 1
784: 0 1
785: 709 1
786: 710 1
787: 710 1
788: 0 1
789: 0 1
790: 0 1
791: 711 1
792: 710 1
793: 711 1
794: 0 1
795: 0 1
796: 0 1
797: 710 1
798: 711 1
799: 711 1
800: 0 1
801: 0 1
802: 0 1
803: 709 1
804: 711 1
805: 711 1
806: 0 1
807: 0 1
808: 0 1
809: 711 1
810: 710 1
811: 711 1
812: 0 1
813: 0 1
814: 0 1
815: 0 1
816: 710 0
817: 0 0
818: 0 0
819: 710 0
820: 0 0
821: 710 0
822: 0 0
823: 710 0
824: 0 0
825: 712 0
826: 0 0
827: 710 0
828: 0 0
829: 710 0
830: 0 0
831: 0 0
832: 711 0
833: 0 0
834: 710 0
835: 0 0
836: 710 0
837: 0 0
838: 712 0
839: 0 0
840: 710 0
841: 0 0
842: 711 0
843: 0 0
844: 0 0
845: 712 0
846: 0 0
847: 710 0
848: 0 0
849: 711 0
850: 0 0
851: 711 0
852: 0 0
853: 710 0
854: 0 0
855: 710 0
856: 0 0
857: 0 0
858: 710 0
859: 0 0
860: 710 0
861: 0 0
862: 710 0
863: 0 0
864: 711 0
865: 0 0
866: 710 0
867: 0 0
868: 710 0
869: 0 0
870: 0 0
871: 710 0
872: 0 0
873: 710 0
874: 0 0
875: 710 0
876: 0 0
877: 710 0
878: 0 0
879: 711 0
880: 0 0
881: 710 0
882: 0 0
883: 122 0
884: 1 0
885: 0 0
886: 712 0
887: 0 0
888: 710 0
889: 0 0
890: 710 0
891: 0 0
892: 711 0
893: 1 0
894: 710 0
895: 0 0
896: 712 0
897: 0 0
898: 0 0
899: 711 0
900: 0 0
901: 710 0
902: 0 0
903: 712 0
904: 0 0
905: 711 0
906: 0 0
907: 710 0
908: 0 0
909: 712 0
910: 0 0
911: 0 0
912: 712 0
913: 0 0
914: 711 0
915: 0 0
916: 713 0
917: 0 0
918: 0 1
919: 0 1
920: 712 1
921: 712 1
922: 713 1
923: 0 1
924: 0 1
925: 0 1
926: 711 1
927: 711 1
928: 0 1
929: 0 1
930: 0 1
931: 710 1
932: 711 1
933: 712 1
934: 0 1
935: 0 1
936: 0 1
937: 711 1
938: 711 1
939: 711 1
940: 0 1
941: 0 1
942: 0 1
943: 710 1
944: 711 1
945: 710 1
946: 0 1
947: 0 1
948: 0 1
949: 710 1
950: 711 1
951: 711 1
952: 0 1
953: 0 1
954: 0 1
955: 710 1
956: 710 1
957: 712 1
958: 710 1
959: 0 1
960: 0 1
961: 0 1
962: 0 1
963: 710 1
964: 712 1
965: 539 1
966: 0 1
967: 0 1
968: 0 1
969: 710 1
970: 711 1
971: 498 1
972: 0 1
973: 0 1
974: 0 1
975: 710 1
976: 710 1
977: 710 1
978: 0 1
979: 0 1
980: 0 1
981: 710 1
982: 710 1
983: 711 1
984: 0 1
985: 0 1
986: 0 1
987: 0 1
988: 710 1
989: 710 1
990: 710 1
991: 0 1
992: 0 1
993: 0 1
994: 712 1
995: 710 1
996: 1 1
997: 0 1
998: 0 1
999: 709 1
1000: 0 1
