1: 22 0
2: 711 0
3: 21 0
4: 711 0
5: 20 0
6: 21 0
7: 712 0
8: 19 0
9: 710 0
10: 710 0
11: 20 0
12: 711 0
13: 20 0
14: 713 0
15: 23 0
16: 710 0
17: 21 0
18: 21 0
19: 710 0
20: 20 0
21: 711 0
22: 21 0
23: 710 0
24: 18 0
25: 22 0
26: 710 0
27: 20 0
28: 711 0
29: 20 0
30: 710 0
31: 21 0
32: 21 0
33: 710 0
34: 20 0
35: 710 0
36: 19 0
37: 710 0
38: 19 0
39: 710 0
40: 710 0
41: 20 0
42: 710 0
43: 21 0
44: 711 0
45: 19 0
46: 710 0
47: 20 0
48: 20 0
49: 710 0
50: 19 0
51: 711 0
52: 22 0
53: 710 0
54: 21 0
55: 20 0
56: 710 0
57: 20 0
58: 711 0
59: 20 0
60: 711 0
61: 19 0
62: 20 0
63: 709 0
64: 20 0
65: 711 0
66: 20 0
67: 710 0
68: 21 0
69: 19 0
70: 711 0
71: 18 0
72: 712 0
73: 20 0
74: 710 0
75: 19 0
76: 710 0
77: 710 0
78: 20 0
79: 712 0
80: 20 0
81: 711 0
82: 20 0
83: 711 0
84: 19 0
85: 20 0
86: 711 0
87: 20 0
88: 711 0
89: 18 0
90: 710 0
91: 21 0
92: 19 0
93: 711 0
94: 20 0
95: 711 0
96: 20 0
97: 710 0
98: 20 0
99: 20 0
100: 710 0
101: 20 0
102: 711 0
103: 21 0
104: 710 1
105: 710 1
106: 20 1
107: 710 1
108: 710 1
109: 19 1
110: 710 1
111: 710 1
112: 20 1
113: 710 1
114: 710 1
115: 710 1
116: 22 1
117: 711 1
118: 20 1
119: 710 1
120: 710 1
121: 21 1
122: 710 1
123: 711 1
124: 710 1
125: 20 1
126: 711 1
127: 17 1
128: 710 1
129: 712 1
130: 21 1
131: 710 1
132: 710 1
133: 711 1
134: 19 1
135: 710 1
136: 120 1
137: 19 1
138: 710 1
139: 710 1
140: 21 1
141: 710 1
142: 142 1
143: 19 1
144: 710 1
145: 710 1
146: 19 1
147: 711 1
148: 248 1
149: 20 1
150: 710 1
151: 710 1
152: 18 1
153: 711 1
154: 362 1
155: 19 1
156: 711 1
157: 710 1
158: 19 1
159: 711 1
160: 476 1
161: 21 1
162: 711 1
163: 711 1
164: 20 1
165: 710 1
166: 713 1
167: 19 1
168: 710 1
169: 712 1
170: 20 1
171: 710 1
172: 710 1
173: 19 1
174: 710 1
175: 710 1
176: 20 1
177: 711 1
178: 710 1
179: 18 1
180: 711 1
181: 710 1
182: 19 1
183: 711 1
184: 710 1
185: 19 1
186: 712 1
187: 711 1
188: 176 1
189: 18 1
190: 710 1
191: 710 1
192: 19 1
193: 711 1
194: 197 1
195: 19 1
196: 712 1
197: 710 1
198: 19 1
199: 710 1
200: 711 1
201: 17 1
202: 711 1
203: 711 1
204: 709 0
205: 20 0
206: 711 0
207: 19 0
208: 710 0
209: 19 0
210: 711 0
211: 20 0
212: 710 0
213: 21 0
214: 711 0
215: 20 0
216: 712 0
217: 20 0
218: 710 0
219: 18 0
220: 710 0
221: 17 0
222: 711 0
223: 20 0
224: 17 0
225: 711 0
226: 19 0
227: 710 0
228: 19 0
229: 712 0
230: 18 0
231: 711 0
232: 19 0
233: 711 0
234: 20 0
235: 710 0
236: 20 0
237: 712 0
238: 20 0
239: 710 0
240: 20 0
241: 711 0
242: 21 0
243: 712 0
244: 21 0
245: 710 0
246: 21 0
247: 710 0
248: 21 0
249: 712 0
250: 20 0
251: 710 0
252: 20 0
253: 712 0
254: 21 0
255: 710 0
256: 21 0
257: 710 0
258: 19 0
259: 710 0
260: 19 0
261: 710 0
262: 19 0
263: 711 0
264: 19 0
265: 710 0
266: 20 0
267: 711 0
268: 21 0
269: 711 0
270: 20 0
271: 711 0
272: 21 0
273: 711 0
274: 21 0
275: 21 0
276: 712 0
277: 22 0
278: 710 0
279: 21 0
280: 711 0
281: 19 0
282: 711 0
283: 21 0
284: 711 0
285: 22 0
286: 712 0
287: 22 0
288: 710 0
289: 21 0
290: 710 0
291: 22 0
292: 711 0
293: 20 0
294: 710 0
295: 21 0
296: 712 0
297: 20 0
298: 711 0
299: 20 0
300: 711 0
301: 20 0
302: 711 0
303: 20 0
304: 711 0
305: 710 1
306: 711 1
307: 19 1
308: 710 1
309: 712 1
310: 19 1
311: 710 1
312: 710 1
313: 17 1
314: 710 1
315: 710 1
316: 18 1
317: 711 1
318: 710 1
319: 21 1
320: 711 1
321: 710 1
322: 26 1
323: 711 1
324: 710 1
325: 711 1
326: 19 1
327: 710 1
328: 20 1
329: 711 1
330: 711 1
331: 711 1
332: 19 1
333: 712 1
334: 34 1
335: 710 1
336: 712 1
337: 19 1
338: 710 1
339: 711 1
340: 137 1
341: 19 1
342: 711 1
343: 712 1
344: 21 1
345: 711 1
346: 712 1
347: 22 1
348: 710 1
349: 712 1
350: 20 1
351: 710 1
352: 711 1
353: 20 1
354: 710 1
355: 711 1
356: 19 1
357: 710 1
358: 711 1
359: 710 1
360: 21 1
361: 711 1
362: 711 1
363: 21 1
364: 712 1
365: 710 1
366: 19 1
367: 711 1
368: 710 1
369: 21 1
370: 712 1
371: 710 1
372: 21 1
373: 712 1
374: 710 1
375: 20 1
376: 713 1
377: 710 1
378: 21 1
379: 711 1
380: 711 1
381: 21 1
382: 711 1
383: 711 1
384: 21 1
385: 711 1
386: 711 1
387: 20 1
388: 711 1
389: 711 1
390: 21 1
391: 712 1
392: 710 1
393: 21 1
394: 711 1
395: 710 1
396: 20 1
397: 711 1
398: 710 1
399: 710 1
400: 20 1
401: 711 1
402: 19 1
403: 712 1
404: 710 1
405: 710 0
406: 19 0
407: 710 0
408: 19 0
409: 712 0
410: 20 0
411: 710 0
412: 20 0
413: 711 0
414: 20 0
415: 712 0
416: 21 0
417: 710 0
418: 19 0
419: 710 0
420: 22 0
421: 711 0
422: 20 0
423: 711 0
424: 21 0
425: 710 0
426: 23 0
427: 711 0
428: 21 0
429: 711 0
430: 19 0
431: 711 0
432: 19 0
433: 712 0
434: 19 0
435: 710 0
436: 19 0
437: 710 0
438: 20 0
439: 710 0
440: 19 0
441: 710 0
442: 20 0
443: 711 0
444: 20 0
445: 710 0
446: 20 0
447: 711 0
448: 19 0
449: 711 0
450: 19 0
451: 710 0
452: 18 0
453: 712 0
454: 20 0
455: 20 0
456: 712 0
457: 19 0
458: 711 0
459: 20 0
460: 711 0
461: 19 0
462: 710 0
463: 21 0
464: 711 0
465: 20 0
466: 710 0
467: 21 0
468: 710 0
469: 20 0
470: 711 0
471: 21 0
472: 710 0
473: 20 0
474: 710 0
475: 19 0
476: 713 0
477: 17 0
478: 710 0
479: 19 0
480: 711 0
481: 21 0
482: 711 0
483: 21 0
484: 710 0
485: 21 0
486: 710 0
487: 21 0
488: 710 0
489: 19 0
490: 711 0
491: 19 0
492: 710 0
493: 19 0
494: 710 0
495: 21 0
496: 712 0
497: 19 0
498: 710 0
499: 20 0
500: 711 0
501: 18 0
502: 19 0
503: 712 0
504: 18 0
505: 710 1
506: 19 1
507: 711 1
508: 710 1
509: 17 1
510: 712 1
511: 710 1
512: 19 1
513: 711 1
514: 710 1
515: 20 1
516: 712 1
517: 710 1
518: 18 1
519: 711 1
520: 711 1
521: 20 1
522: 710 1
523: 712 1
524: 19 1
525: 711 1
526: 711 1
527: 19 1
528: 710 1
529: 710 1
530: 19 1
531: 711 1
532: 710 1
533: 20 1
534: 711 1
535: 710 1
536: 21 1
537: 710 1
538: 710 1
539: 19 1
540: 712 1
541: 710 1
542: 20 1
543: 712 1
544: 710 1
545: 18 1
546: 711 1
547: 710 1
548: 20 1
549: 711 1
550: 711 1
551: 20 1
552: 710 1
553: 711 1
554: 19 1
555: 710 1
556: 712 1
557: 19 1
558: 710 1
559: 710 1
560: 20 1
561: 710 1
562: 710 1
563: 18 1
564: 710 1
565: 710 1
566: 19 1
567: 711 1
568: 710 1
569: 19 1
570: 711 1
571: 710 1
572: 20 1
573: 711 1
574: 710 1
575: 19 1
576: 711 1
577: 711 1
578: 17 1
579: 710 1
580: 712 1
581: 19 1
582: 711 1
583: 711 1
584: 18 1
585: 710 1
586: 710 1
587: 17 1
588: 710 1
589: 711 1
590: 20 1
591: 710 1
592: 710 1
593: 711 1
594: 23 1
595: 710 1
596: 711 1
597: 20 1
598: 710 1
599: 710 1
600: 19 1
601: 710 1
602: 19 1
603: 712 1
604: 710 1
605: 710 0
606: 18 0
607: 710 0
608: 18 0
609: 711 0
610: 21 0
611: 710 0
612: 21 0
613: 712 0
614: 19 0
615: 711 0
616: 18 0
617: 710 0
618: 20 0
619: 710 0
620: 21 0
621: 711 0
622: 19 0
623: 710 0
624: 19 0
625: 20 0
626: 711 0
627: 19 0
628: 710 0
629: 21 0
630: 712 0
631: 20 0
632: 711 0
633: 19 0
634: 710 0
635: 21 0
636: 713 0
637: 22 0
638: 710 0
639: 21 0
640: 711 0
641: 20 0
642: 711 0
643: 20 0
644: 710 0
645: 21 0
646: 711 0
647: 21 0
648: 711 0
649: 21 0
650: 711 0
651: 19 0
652: 711 0
653: 21 0
654: 711 0
655: 20 0
656: 712 0
657: 20 0
658: 710 0
659: 19 0
660: 712 0
661: 19 0
662: 711 0
663: 19 0
664: 711 0
665: 19 0
666: 711 0
667: 19 0
668: 711 0
669: 22 0
670: 712 0
671: 20 0
672: 710 0
673: 19 0
674: 19 0
675: 712 0
676: 18 0
677: 712 0
678: 19 0
679: 712 0
680: 19 0
681: 712 0
682: 20 0
683: 713 0
684: 17 0
685: 713 0
686: 19 0
687: 712 0
688: 18 0
689: 710 0
690: 18 0
691: 711 0
692: 19 0
693: 710 0
694: 17 0
695: 710 0
696: 18 0
697: 711 0
698: 19 0
699: 710 0
700: 19 0
701: 710 0
702: 19 0
703: 712 0
704: 17 0
705: 710 0
706: 18 1
707: 711 1
708: 710 1
709: 17 1
710: 712 1
711: 154 1
712: 17 1
713: 710 1
714: 19 1
715: 710 1
716: 711 1
717: 711 1
718: 21 1
719: 710 1
720: 712 1
721: 20 1
722: 710 1
723: 461 1
724: 20 1
725: 710 1
726: 710 1
727: 19 1
728: 710 1
729: 492 1
730: 19 1
731: 710 1
732: 710 1
733: 19 1
734: 710 1
735: 710 1
736: 21 1
737: 710 1
738: 710 1
739: 20 1
740: 712 1
741: 710 1
742: 21 1
743: 712 1
744: 710 1
745: 20 1
746: 710 1
747: 19 1
748: 710 1
749: 710 1
750: 20 1
751: 711 1
752: 710 1
753: 711 1
754: 20 1
755: 710 1
756: 711 1
757: 20 1
758: 710 1
759: 710 1
760: 19 1
761: 711 1
762: 710 1
763: 19 1
764: 710 1
765: 710 1
766: 20 1
767: 711 1
768: 710 1
769: 20 1
770: 712 1
771: 710 1
772: 20 1
773: 710 1
774: 710 1
775: 21 1
776: 710 1
777: 711 1
778: 19 1
779: 710 1
780: 712 1
781: 19 1
782: 710 1
783: 712 1
784: 19 1
785: 710 1
786: 710 1
787: 21 1
788: 710 1
789: 710 1
790: 22 1
791: 710 1
792: 710 1
793: 711 1
794: 18 1
795: 710 1
796: 19 1
797: 711 1
798: 710 1
799: 19 1
800: 712 1
801: 710 1
802: 19 1
803: 712 1
804: 710 1
805: 19 1
806: 710 0
807: 19 0
808: 710 0
809: 20 0
810: 711 0
811: 20 0
812: 710 0
813: 20 0
814: 710 0
815: 20 0
816: 711 0
817: 18 0
818: 710 0
819: 19 0
820: 712 0
821: 20 0
822: 711 0
823: 20 0
824: 710 0
825: 20 0
826: 710 0
827: 19 0
828: 711 0
829: 21 0
830: 711 0
831: 19 0
832: 710 0
833: 21 0
834: 710 0
835: 21 0
836: 712 0
837: 19 0
838: 711 0
839: 19 0
840: 711 0
841: 20 0
842: 20 0
843: 712 0
844: 20 0
845: 711 0
846: 20 0
847: 711 0
848: 19 0
849: 711 0
850: 18 0
851: 711 0
852: 18 0
853: 710 0
854: 19 0
855: 710 0
856: 18 0
857: 712 0
858: 20 0
859: 710 0
860: 19 0
861: 711 0
862: 18 0
863: 711 0
864: 19 0
865: 710 0
866: 18 0
867: 711 0
868: 18 0
869: 710 0
870: 19 0
871: 710 0
872: 18 0
873: 710 0
874: 19 0
875: 710 0
876: 19 0
877: 711 0
878: 18 0
879: 710 0
880: 19 0
881: 710 0
882: 20 0
883: 711 0
884: 20 0
885: 710 0
886: 19 0
887: 711 0
888: 19 0
889: 156 0
890: 21 0
891: 18 0
892: 710 0
893: 18 0
894: 711 0
895: 18 0
896: 710 0
897: 19 0
898: 710 0
899: 19 0
900: 712 0
901: 19 0
902: 710 0
903: 19 0
904: 711 0
905: 17 0
906: 711 1
907: 712 1
908: 710 1
909: 19 1
910: 712 1
911: 710 1
912: 19 1
913: 710 1
914: 711 1
915: 17 1
916: 710 1
917: 711 1
918: 18 1
919: 710 1
920: 711 1
921: 19 1
922: 710 1
923: 711 1
924: 19 1
925: 711 1
926: 710 1
927: 18 1
928: 711 1
929: 711 1
930: 19 1
931: 710 1
932: 710 1
933: 20 1
934: 711 1
935: 711 1
936: 18 1
937: 711 1
938: 710 1
939: 19 1
940: 710 1
941: 710 1
942: 19 1
943: 711 1
944: 711 1
945: 19 1
946: 710 1
947: 712 1
948: 17 1
949: 710 1
950: 712 1
951: 18 1
952: 710 1
953: 710 1
954: 18 1
955: 712 1
956: 710 1
957: 19 1
958: 710 1
959: 710 1
960: 17 1
961: 710 1
962: 710 1
963: 17 1
964: 710 1
965: 710 1
966: 19 1
967: 712 1
968: 710 1
969: 18 1
970: 712 1
971: 711 1
972: 19 1
973: 710 1
974: 710 1
975: 20 1
976: 711 1
977: 711 1
978: 18 1
979: 710 1
980: 711 1
981: 18 1
982: 710 1
983: 711 1
984: 20 1
985: 710 1
986: 710 1
987: 19 1
988: 710 1
989: 710 1
990: 19 1
991: 710 1
992: 710 1
993: 17 1
994: 710 1
995: 710 1
996: 19 1
997: 711 1
998: 712 1
999: 18 1
1000: 19 1
