1: 280
2: 607
3: 385
4: 546
5: 406
6: 527
7: 415
8: 710
9: 492
10: 497
11: 393
12: 640
13: 565
14: 321
15: 474
16: 265
17: 503
18: 536
19: 571
20: 635
21: 447
22: 456
23: 464
24: 471
25: 374
26: 341
27: 579
28: 550
29: 416
30: 547
31: 448
32: 573
33: 324
34: 240
35: 463
36: 677
37: 526
38: 540
39: 592
40: 491
41: 429
42: 290
43: 427
44: 328
45: 638
46: 630
47: 576
48: 373
49: 560
50: 195
51: 380
52: 484
53: 418
54: 548
55: 266
56: 369
57: 604
58: 243
59: 371
60: 674
61: 227
62: 600
63: 285
64: 97
65: 486
66: 547
67: 0
68: 563
69: 479
70: 586
71: 647
72: 445
73: 456
74: 494
75: 238
76: 621
77: 129
78: 293
79: 505
80: 501
81: 373
82: 136
83: 640
84: 485
85: 565
86: 170
87: 363
88: 50
89: 337
90: 256
91: 265
92: 318
93: 701
94: 651
95: 363
96: 342
97: 691
98: 545
99: 692
100: 191
101: 117
102: 602
103: 254
104: 19
105: 249
106: 658
107: 303
108: 230
109: 471
110: 623
111: 324
112: 695
113: 226
114: 151
115: 288
116: 469
117: 602
118: 464
119: 540
120: 374
121: 400
122: 295
123: 327
124: 112
125: 1
126: 244
127: 6
128: 55
129: 209
130: 105
131: 11
132: 1
133: 522
134: 0
135: 668
136: 438
137: 374
138: 199
139: 341
140: 222
141: 57
142: 268
143: 670
144: 690
145: 156
146: 430
147: 479
148: 55
149: 699
150: 240
151: 50
152: 458
153: 173
154: 686
155: 36
156: 192
157: 188
158: 250
159: 99
160: 700
161: 382
162: 154
163: 416
164: 704
165: 397
166: 259
167: 251
168: 6
169: 3
170: 471
171: 353
172: 54
173: 667
174: 70
175: 234
176: 7
177: 459
178: 13
179: 210
180: 540
181: 226
182: 0
183: 240
184: 559
185: 702
186: 689
187: 489
188: 243
189: 177
190: 273
191: 541
192: 609
193: 640
194: 406
195: 702
196: 559
197: 577
198: 219
199: 616
200: 571
201: 44
202: 529
203: 446
204: 485
205: 281
206: 657
207: 297
208: 331
209: 2
210: 570
211: 369
212: 3
213: 489
214: 550
215: 518
216: 198
217: 711
218: 154
219: 252
220: 50
221: 457
222: 666
223: 463
224: 577
225: 174
226: 624
227: 271
228: 279
229: 312
230: 417
231: 660
232: 223
233: 505
234: 571
235: 216
236: 644
237: 657
238: 703
239: 601
240: 625
241: 300
242: 49
243: 427
244: 698
245: 571
246: 594
247: 402
248: 295
249: 686
250: 484
251: 706
252: 591
253: 359
254: 622
255: 571
256: 634
257: 477
258: 507
259: 615
260: 464
261: 344
262: 461
263: 506
264: 690
265: 566
266: 518
267: 343
268: 545
269: 614
270: 697
271: 675
272: 0
273: 147
274: 671
275: 229
276: 481
277: 448
278: 696
279: 602
280: 173
281: 11
282: 210
283: 599
284: 415
285: 285
286: 342
287: 346
288: 341
289: 403
290: 395
291: 646
292: 466
293: 644
294: 104
295: 546
296: 606
297: 325
298: 299
299: 213
300: 1
301: 512
302: 680
303: 503
304: 599
305: 384
306: 135
307: 388
308: 230
309: 360
310: 360
311: 352
312: 315
313: 631
314: 364
315: 374
316: 541
317: 491
318: 260
319: 666
320: 589
321: 539
322: 534
323: 443
324: 39
325: 22
326: 219
327: 19
328: 0
329: 624
330: 80
331: 271
332: 262
333: 230
334: 673
335: 413
336: 33
337: 614
338: 318
339: 0
340: 0
341: 0
342: 0
343: 158
344: 10
345: 509
346: 505
347: 529
348: 684
349: 684
350: 702
351: 39
352: 347
353: 6
354: 107
355: 7
356: 317
357: 524
358: 459
359: 43
360: 176
361: 442
362: 0
363: 7
364: 626
365: 136
366: 101
367: 5
368: 373
369: 314
370: 26
371: 68
372: 143
373: 523
374: 9
375: 116
376: 323
377: 2
378: 5
379: 28
380: 4
381: 643
382: 697
383: 531
384: 430
385: 0
386: 129
387: 139
388: 137
389: 1
390: 27
391: 74
392: 222
393: 425
394: 79
395: 705
396: 0
397: 314
398: 317
399: 700
400: 358
401: 446
402: 103
403: 205
404: 96
405: 227
406: 554
407: 554
408: 560
409: 376
410: 148
411: 564
412: 533
413: 470
414: 657
415: 659
416: 310
417: 709
418: 551
419: 700
420: 408
421: 430
422: 277
423: 329
424: 200
425: 592
426: 264
427: 162
428: 112
429: 327
430: 369
431: 122
432: 324
433: 684
434: 490
435: 668
436: 548
437: 292
438: 675
439: 198
440: 205
441: 705
442: 310
443: 504
444: 696
445: 459
446: 370
447: 488
448: 530
449: 4
450: 692
451: 93
452: 626
453: 563
454: 637
455: 472
456: 400
457: 513
458: 526
459: 667
460: 672
461: 293
462: 357
463: 687
464: 140
465: 607
466: 210
467: 304
468: 255
469: 537
470: 347
471: 381
472: 494
473: 571
474: 391
475: 447
476: 272
477: 335
478: 13
479: 581
480: 386
481: 514
482: 503
483: 47
484: 257
485: 18
486: 530
487: 569
488: 389
489: 133
490: 314
491: 498
492: 473
493: 407
494: 549
495: 690
496: 564
497: 431
498: 593
499: 413
500: 393
