1: 2
2: 0
3: 0
4: 0
5: 1
6: 99
7: 0
8: 1
9: 0
10: 5
11: 12
12: 1
13: 1
14: 0
15: 86
16: 0
17: 1
18: 3
19: 6
20: 0
21: 0
22: 3
23: 341
24: 126
25: 1
26: 0
27: 0
28: 1
29: 1
30: 1
31: 1
32: 1
33: 1
34: 1
35: 2
36: 363
37: 1
38: 1
39: 0
40: 0
41: 0
42: 0
43: 0
44: 0
45: 412
46: 1
47: 2
48: 8
49: 0
50: 85
51: 0
52: 343
53: 6
54: 305
55: 0
56: 1
57: 4
58: 1
59: 1
60: 1
61: 698
62: 1
63: 16
64: 0
65: 0
66: 6
67: 604
68: 1
69: 0
70: 0
71: 0
72: 0
73: 0
74: 122
75: 29
76: 1
77: 196
78: 34
79: 1
80: 1
81: 200
82: 1
83: 1
84: 99
85: 17
86: 7
87: 0
88: 0
89: 1
90: 185
91: 1
92: 1
93: 3
94: 1
95: 258
96: 11
97: 3
98: 0
99: 1
100: 7
101: 0
102: 0
103: 17
104: 0
105: 0
106: 0
107: 0
108: 1
109: 1
110: 29
111: 2
112: 35
113: 178
114: 0
115: 210
116: 3
117: 1
118: 1
119: 1
120: 1
121: 1
122: 1
123: 69
124: 1
125: 1
126: 709
127: 266
128: 598
129: 151
130: 25
131: 108
132: 224
133: 0
134: 624
135: 1
136: 0
137: 159
138: 3
139: 6
140: 331
141: 1
142: 0
143: 50
144: 1
145: 129
146: 92
147: 1
148: 1
149: 174
150: 626
151: 501
152: 0
153: 27
154: 0
155: 0
156: 0
157: 153
158: 145
159: 535
160: 53
161: 1
162: 488
163: 168
164: 3
165: 211
166: 4
167: 113
168: 619
169: 31
170: 195
171: 2
172: 406
173: 351
174: 181
175: 30
176: 1
177: 118
178: 0
179: 0
180: 1
181: 0
182: 0
183: 29
184: 94
185: 667
186: 107
187: 1
188: 276
189: 0
190: 1
191: 1
192: 128
193: 0
194: 0
195: 0
196: 362
197: 1
198: 3
199: 1
200: 7
201: 139
202: 712
203: 0
204: 125
205: 0
206: 1
207: 0
208: 0
209: 0
210: 0
211: 1
212: 1
213: 0
214: 0
215: 1
216: 0
217: 0
218: 0
219: 52
220: 1
221: 2
222: 0
223: 0
224: 19
225: 1
226: 1
227: 0
228: 90
229: 0
230: 1
231: 0
232: 0
233: 117
234: 640
235: 2
236: 3
237: 29
238: 0
239: 126
240: 0
241: 378
242: 1
243: 1
244: 1
245: 1
246: 0
247: 1
248: 1
249: 0
250: 27
251: 0
252: 334
253: 0
254: 284
255: 2
256: 0
257: 0
258: 0
259: 0
260: 1
261: 0
262: 1
263: 0
264: 0
265: 0
266: 0
267: 0
268: 0
269: 0
270: 1
271: 0
272: 1
273: 3
274: 141
275: 100
276: 405
277: 1
278: 2
279: 1
280: 1
281: 19
282: 51
283: 0
284: 0
285: 1
286: 0
287: 0
288: 220
289: 0
290: 495
291: 250
292: 0
293: 0
294: 0
295: 5
296: 248
297: 0
298: 1
299: 0
300: 1
301: 0
302: 1
303: 1
304: 1
305: 5
306: 0
307: 0
308: 0
309: 445
310: 1
311: 0
312: 185
313: 0
314: 36
315: 0
316: 42
317: 393
318: 33
319: 455
320: 312
321: 475
322: 197
323: 1
324: 0
325: 0
326: 1
327: 0
328: 5
329: 2
330: 0
331: 0
332: 0
333: 0
334: 0
335: 0
336: 0
337: 15
338: 179
339: 175
340: 0
341: 193
342: 1
343: 180
344: 89
345: 376
346: 704
347: 557
348: 508
349: 5
350: 0
351: 616
352: 4
353: 1
354: 221
355: 249
356: 280
357: 1
358: 6
359: 477
360: 4
361: 132
362: 0
363: 301
364: 120
365: 0
366: 0
367: 151
368: 0
369: 0
370: 471
371: 405
372: 0
373: 166
374: 0
375: 59
376: 0
377: 9
378: 18
379: 188
380: 7
381: 0
382: 1
383: 0
384: 0
385: 0
386: 101
387: 82
388: 379
389: 0
390: 429
391: 346
392: 82
393: 0
394: 73
395: 1
396: 41
397: 0
398: 0
399: 1
400: 24
401: 1
402: 0
403: 1
404: 597
405: 1
406: 1
407: 29
408: 0
409: 107
410: 86
411: 0
412: 1
413: 516
414: 23
415: 666
416: 1
417: 353
418: 1
419: 0
420: 0
421: 0
422: 1
423: 0
424: 0
425: 170
426: 1
427: 192
428: 7
429: 133
430: 1
431: 0
432: 206
433: 0
434: 509
435: 13
436: 47
437: 7
438: 241
439: 0
440: 1
441: 220
442: 636
443: 51
444: 0
445: 261
446: 2
447: 0
448: 399
449: 1
450: 0
451: 1
452: 0
453: 1
454: 1
455: 0
456: 1
457: 0
458: 1
459: 55
460: 3
461: 1
462: 0
463: 0
464: 1
465: 4
466: 0
467: 712
468: 73
469: 0
470: 6
471: 196
472: 0
473: 2
474: 1
475: 3
476: 1
477: 1
478: 0
479: 0
480: 1
481: 187
482: 1
483: 1
484: 33
485: 0
486: 1
487: 70
488: 0
489: 0
490: 0
491: 0
492: 1
493: 1
494: 0
495: 1
496: 0
497: 0
498: 192
499: 1
500: 1
