1: 710
2: 341
3: 125
4: 0
5: 1
6: 492
7: 1
8: 1
9: 712
10: 402
11: 613
12: 546
13: 367
14: 52
15: 372
16: 93
17: 558
18: 3
19: 153
20: 552
21: 63
22: 51
23: 198
24: 711
25: 709
26: 16
27: 212
28: 88
29: 691
30: 343
31: 346
32: 188
33: 690
34: 320
35: 610
36: 335
37: 308
38: 277
39: 487
40: 487
41: 429
42: 359
43: 525
44: 704
45: 269
46: 536
47: 386
48: 529
49: 97
50: 17
51: 631
52: 698
53: 698
54: 2
55: 223
56: 681
57: 113
58: 699
59: 373
60: 13
61: 512
62: 0
63: 125
64: 535
65: 443
66: 251
67: 278
68: 374
69: 197
70: 139
71: 208
72: 580
73: 589
74: 530
75: 442
76: 306
77: 682
78: 668
79: 289
80: 261
81: 114
82: 27
83: 4
84: 361
85: 31
86: 314
87: 660
88: 0
89: 288
90: 339
91: 42
92: 192
93: 416
94: 411
95: 437
96: 347
97: 713
98: 663
99: 579
100: 643
101: 7
102: 18
103: 105
104: 403
105: 236
106: 21
107: 0
108: 49
109: 0
110: 648
111: 651
112: 199
113: 687
114: 2
115: 37
116: 309
117: 325
118: 547
119: 613
120: 214
121: 648
122: 667
123: 0
124: 1
125: 587
126: 416
127: 302
128: 0
129: 113
130: 229
131: 1
132: 2
133: 663
134: 355
135: 60
136: 449
137: 689
138: 222
139: 348
140: 485
141: 154
142: 660
143: 693
144: 2
145: 204
146: 0
147: 519
148: 18
149: 58
150: 0
151: 5
152: 0
153: 638
154: 303
155: 59
156: 12
157: 502
158: 56
159: 495
160: 618
161: 211
162: 1
163: 0
164: 397
165: 5
166: 261
167: 2
168: 193
169: 339
170: 108
171: 373
172: 13
173: 691
174: 708
175: 1
176: 489
177: 1
178: 202
179: 89
180: 600
181: 320
182: 131
183: 3
184: 1
185: 0
186: 112
187: 423
188: 395
189: 565
190: 320
191: 355
192: 328
193: 518
194: 361
195: 295
196: 427
197: 583
198: 44
199: 16
200: 558
201: 476
202: 632
203: 613
204: 651
205: 686
206: 599
207: 421
208: 132
209: 340
210: 300
211: 239
212: 661
213: 251
214: 71
215: 680
216: 430
217: 334
218: 302
219: 502
220: 687
221: 28
222: 546
223: 181
224: 656
225: 75
226: 400
227: 283
228: 371
229: 684
230: 448
231: 329
232: 247
233: 161
234: 698
235: 315
236: 395
237: 293
238: 19
239: 370
240: 79
241: 30
242: 560
243: 197
244: 476
245: 454
246: 124
247: 694
248: 702
249: 290
250: 218
251: 123
252: 469
253: 493
254: 147
255: 706
256: 11
257: 582
258: 294
259: 535
260: 206
261: 179
262: 704
263: 343
264: 0
265: 1
266: 246
267: 322
268: 191
269: 1
270: 604
271: 499
272: 298
273: 212
274: 198
275: 71
276: 711
277: 360
278: 687
279: 120
280: 383
281: 245
282: 432
283: 585
284: 418
285: 680
286: 696
287: 27
288: 684
289: 516
290: 633
291: 406
292: 398
293: 301
294: 668
295: 542
296: 352
297: 427
298: 478
299: 467
300: 690
301: 486
302: 354
303: 642
304: 505
305: 523
306: 369
307: 570
308: 621
309: 578
310: 346
311: 378
312: 667
313: 456
314: 469
315: 454
316: 655
317: 399
318: 643
319: 294
320: 385
321: 308
322: 690
323: 600
324: 446
325: 679
326: 618
327: 379
328: 618
329: 327
330: 560
331: 432
332: 365
333: 608
334: 709
335: 250
336: 5
337: 554
338: 273
339: 309
340: 1
341: 2
342: 711
343: 638
344: 43
345: 233
346: 695
347: 401
348: 380
349: 568
350: 450
351: 672
352: 424
353: 323
354: 425
355: 160
356: 512
357: 549
358: 503
359: 407
360: 490
361: 454
362: 492
363: 231
364: 668
365: 463
366: 384
367: 222
368: 319
369: 494
370: 265
371: 699
372: 472
373: 456
374: 357
375: 115
376: 452
377: 420
378: 291
379: 131
380: 576
381: 494
382: 680
383: 256
384: 357
385: 410
386: 664
387: 573
388: 308
389: 590
390: 363
391: 375
392: 139
393: 545
394: 362
395: 42
396: 361
397: 1
398: 322
399: 10
400: 5
401: 178
402: 1
403: 139
404: 347
405: 194
406: 294
407: 296
408: 618
409: 331
410: 667
411: 328
412: 365
413: 656
414: 661
415: 431
416: 287
417: 621
418: 320
419: 156
420: 533
421: 1
422: 278
423: 468
424: 359
425: 273
426: 340
427: 432
428: 668
429: 686
430: 635
431: 12
432: 251
433: 301
434: 669
435: 392
436: 694
437: 605
438: 457
439: 421
440: 586
441: 691
442: 643
443: 706
444: 360
445: 704
446: 623
447: 281
448: 629
449: 236
450: 697
451: 474
452: 64
453: 325
454: 305
455: 708
456: 414
457: 611
458: 630
459: 287
460: 215
461: 348
462: 535
463: 472
464: 684
465: 353
466: 4
467: 535
468: 590
469: 564
470: 687
471: 645
472: 494
473: 347
474: 549
475: 674
476: 705
477: 692
478: 182
479: 542
480: 490
481: 711
482: 513
483: 394
484: 469
485: 490
486: 343
487: 284
488: 420
489: 679
490: 266
491: 42
492: 399
493: 0
494: 654
495: 0
496: 3
497: 652
498: 22
499: 0
500: 1
