1: 501
2: 633
3: 690
4: 207
5: 47
6: 605
7: 460
8: 392
9: 349
10: 526
11: 383
12: 357
13: 266
14: 353
15: 442
16: 703
17: 332
18: 606
19: 383
20: 447
21: 674
22: 426
23: 207
24: 311
25: 444
26: 389
27: 99
28: 35
29: 291
30: 606
31: 128
32: 201
33: 241
34: 386
35: 659
36: 539
37: 408
38: 1
39: 548
40: 424
41: 575
42: 346
43: 581
44: 404
45: 535
46: 468
47: 644
48: 547
49: 469
50: 437
51: 362
52: 342
53: 547
54: 366
55: 605
56: 500
57: 413
58: 657
59: 365
60: 534
61: 543
62: 447
63: 515
64: 431
65: 312
66: 557
67: 559
68: 413
69: 677
70: 524
71: 525
72: 561
73: 87
74: 625
75: 604
76: 519
77: 378
78: 308
79: 479
80: 625
81: 251
82: 604
83: 447
84: 704
85: 614
86: 388
87: 223
88: 684
89: 535
90: 475
91: 402
92: 329
93: 433
94: 269
95: 468
96: 337
97: 655
98: 154
99: 450
100: 482
101: 510
102: 533
103: 546
104: 540
105: 624
106: 539
107: 649
108: 596
109: 696
110: 417
111: 595
112: 612
113: 280
114: 416
115: 559
116: 419
117: 560
118: 396
119: 576
120: 576
121: 265
122: 322
123: 444
124: 689
125: 385
126: 373
127: 660
128: 644
129: 512
130: 363
131: 525
132: 314
133: 359
134: 338
135: 381
136: 650
137: 601
138: 420
139: 412
140: 421
141: 375
142: 533
143: 689
144: 601
145: 668
146: 297
147: 539
148: 344
149: 639
150: 338
151: 634
152: 346
153: 341
154: 562
155: 505
156: 481
157: 427
158: 472
159: 349
160: 699
161: 323
162: 657
163: 630
164: 471
165: 221
166: 413
167: 328
168: 6
169: 622
170: 543
171: 524
172: 495
173: 249
174: 567
175: 476
176: 264
177: 292
178: 599
179: 705
180: 598
181: 2
182: 439
183: 635
184: 370
185: 369
186: 547
187: 416
188: 481
189: 521
190: 637
191: 681
192: 441
193: 423
194: 480
195: 313
196: 305
197: 368
198: 330
199: 459
200: 462
201: 667
202: 537
203: 287
204: 569
205: 389
206: 510
207: 503
208: 602
209: 512
210: 305
211: 550
212: 424
213: 628
214: 313
215: 582
216: 586
217: 640
218: 580
219: 320
220: 571
221: 428
222: 627
223: 691
224: 4
225: 523
226: 592
227: 496
228: 337
229: 578
230: 700
231: 681
232: 589
233: 612
234: 509
235: 642
236: 654
237: 600
238: 589
239: 671
240: 666
241: 620
242: 446
243: 579
244: 697
245: 176
246: 291
247: 463
248: 362
249: 617
250: 362
251: 369
252: 642
253: 614
254: 222
255: 532
256: 504
257: 187
258: 320
259: 673
260: 352
261: 635
262: 2
263: 600
264: 522
265: 476
266: 454
267: 425
268: 483
269: 363
270: 269
271: 519
272: 469
273: 418
274: 275
275: 352
276: 605
277: 654
278: 648
279: 490
280: 656
281: 334
282: 263
283: 700
284: 456
285: 709
286: 646
287: 245
288: 522
289: 246
290: 575
291: 541
292: 522
293: 388
294: 115
295: 513
296: 329
297: 369
298: 286
299: 595
300: 647
301: 541
302: 492
303: 374
304: 0
305: 673
306: 0
307: 536
308: 652
309: 202
310: 482
311: 595
312: 591
313: 648
314: 331
315: 0
316: 1
317: 1
318: 144
319: 545
320: 391
321: 145
322: 122
323: 0
324: 362
325: 0
326: 613
327: 293
328: 644
329: 587
330: 590
331: 0
332: 263
333: 414
334: 345
335: 704
336: 200
337: 654
338: 568
339: 419
340: 1
341: 389
342: 709
343: 555
344: 376
345: 376
346: 224
347: 461
348: 604
349: 435
350: 578
351: 27
352: 395
353: 633
354: 249
355: 408
356: 709
357: 464
358: 283
359: 290
360: 535
361: 631
362: 611
363: 471
364: 514
365: 414
366: 559
367: 580
368: 339
369: 627
370: 679
371: 501
372: 615
373: 608
374: 710
375: 543
376: 519
377: 392
378: 602
379: 477
380: 321
381: 416
382: 361
383: 380
384: 245
385: 226
386: 584
387: 472
388: 229
389: 520
390: 617
391: 461
392: 413
393: 467
394: 506
395: 415
396: 586
397: 11
398: 623
399: 549
400: 545
401: 608
402: 365
403: 547
404: 398
405: 601
406: 466
407: 460
408: 621
409: 352
410: 444
411: 343
412: 410
413: 251
414: 259
415: 612
416: 318
417: 487
418: 379
419: 420
420: 569
421: 354
422: 593
423: 388
424: 682
425: 488
426: 687
427: 542
428: 376
429: 574
430: 235
431: 652
432: 703
433: 202
434: 424
435: 531
436: 636
437: 661
438: 298
439: 308
440: 324
441: 506
442: 399
443: 372
444: 555
445: 340
446: 327
447: 338
448: 527
449: 545
450: 551
451: 260
452: 521
453: 458
454: 406
455: 33
456: 204
457: 542
458: 297
459: 634
460: 602
461: 533
462: 506
463: 657
464: 679
465: 666
466: 280
467: 542
468: 456
469: 446
470: 692
471: 440
472: 527
473: 563
474: 651
475: 376
476: 454
477: 268
478: 695
479: 217
480: 561
481: 513
482: 679
483: 241
484: 58
485: 654
486: 585
487: 691
488: 532
489: 675
490: 228
491: 1
492: 1
493: 377
494: 76
495: 593
496: 131
497: 587
498: 212
499: 632
500: 0
