1: 135
2: 181
3: 0
4: 1
5: 631
6: 472
7: 660
8: 505
9: 515
10: 456
11: 195
12: 158
13: 538
14: 258
15: 639
16: 293
17: 68
18: 178
19: 12
20: 206
21: 1
22: 244
23: 641
24: 0
25: 643
26: 303
27: 375
28: 17
29: 168
30: 0
31: 327
32: 1
33: 332
34: 358
35: 184
36: 1
37: 299
38: 276
39: 189
40: 163
41: 554
42: 527
43: 434
44: 601
45: 383
46: 8
47: 189
48: 519
49: 574
50: 687
51: 424
52: 1
53: 661
54: 521
55: 706
56: 420
57: 617
58: 76
59: 356
60: 669
61: 621
62: 296
63: 264
64: 61
65: 115
66: 535
67: 7
68: 57
69: 286
70: 90
71: 1
72: 523
73: 709
74: 0
75: 365
76: 2
77: 1
78: 693
79: 471
80: 631
81: 639
82: 711
83: 3
84: 0
85: 94
86: 551
87: 398
88: 223
89: 78
90: 373
91: 1
92: 251
93: 0
94: 197
95: 153
96: 132
97: 0
98: 0
99: 38
100: 0
101: 50
102: 0
103: 0
104: 176
105: 423
106: 148
107: 669
108: 527
109: 0
110: 56
111: 432
112: 3
113: 5
114: 0
115: 298
116: 57
117: 2
118: 96
119: 1
120: 414
121: 267
122: 1
123: 1
124: 17
125: 670
126: 8
127: 273
128: 560
129: 434
130: 179
131: 1
132: 605
133: 2
134: 235
135: 26
136: 183
137: 1
138: 338
139: 419
140: 198
141: 455
142: 259
143: 671
144: 95
145: 712
146: 533
147: 17
148: 182
149: 0
150: 684
151: 0
152: 0
153: 1
154: 0
155: 22
156: 263
157: 2
158: 241
159: 538
160: 8
161: 702
162: 268
163: 154
164: 480
165: 471
166: 0
167: 1
168: 1
169: 596
170: 0
171: 159
172: 120
173: 1
174: 10
175: 688
176: 688
177: 698
178: 586
179: 407
180: 347
181: 0
182: 1
183: 0
184: 404
185: 674
186: 360
187: 96
188: 111
189: 163
190: 353
191: 288
192: 6
193: 296
194: 391
195: 146
196: 495
197: 0
198: 269
199: 708
200: 506
201: 465
202: 695
203: 499
204: 708
205: 0
206: 2
207: 1
208: 4
209: 257
210: 1
211: 408
212: 474
213: 384
214: 37
215: 290
216: 1
217: 423
218: 34
219: 650
220: 466
221: 355
222: 1
223: 690
224: 26
225: 11
226: 711
227: 0
228: 106
229: 0
230: 21
231: 0
232: 1
233: 7
234: 125
235: 2
236: 467
237: 0
238: 299
239: 1
240: 3
241: 36
242: 0
243: 522
244: 0
245: 8
246: 50
247: 3
248: 289
249: 568
250: 0
251: 127
252: 545
253: 645
254: 17
255: 120
256: 3
257: 0
258: 1
259: 1
260: 16
261: 89
262: 241
263: 163
264: 32
265: 174
266: 685
267: 608
268: 176
269: 594
270: 358
271: 266
272: 228
273: 522
274: 128
275: 282
276: 119
277: 708
278: 703
279: 282
280: 697
281: 704
282: 527
283: 420
284: 689
285: 619
286: 536
287: 7
288: 470
289: 512
290: 383
291: 408
292: 24
293: 533
294: 133
295: 0
296: 573
297: 24
298: 421
299: 618
300: 576
301: 282
302: 8
303: 330
304: 1
305: 687
306: 6
307: 663
308: 600
309: 500
310: 480
311: 443
312: 615
313: 151
314: 589
315: 81
316: 208
317: 499
318: 67
319: 304
320: 468
321: 248
322: 369
323: 205
324: 77
325: 338
326: 243
327: 630
328: 558
329: 1
330: 35
331: 0
332: 0
333: 1
334: 0
335: 229
336: 455
337: 694
338: 0
339: 96
340: 55
341: 69
342: 1
343: 0
344: 0
345: 0
346: 1
347: 25
348: 1
349: 0
350: 0
351: 1
352: 0
353: 1
354: 0
355: 32
356: 1
357: 186
358: 595
359: 364
360: 129
361: 1
362: 264
363: 27
364: 406
365: 607
366: 0
367: 0
368: 701
369: 706
370: 228
371: 55
372: 1
373: 9
374: 0
375: 697
376: 277
377: 164
378: 63
379: 7
380: 255
381: 1
382: 5
383: 0
384: 0
385: 0
386: 90
387: 99
388: 0
389: 506
390: 169
391: 244
392: 501
393: 338
394: 351
395: 77
396: 630
397: 0
398: 5
399: 3
400: 294
401: 463
402: 0
403: 707
404: 450
405: 141
406: 139
407: 323
408: 588
409: 495
410: 2
411: 12
412: 0
413: 313
414: 636
415: 250
416: 136
417: 1
418: 31
419: 1
420: 0
421: 35
422: 5
423: 209
424: 414
425: 0
426: 339
427: 251
428: 448
429: 71
430: 507
431: 1
432: 0
433: 31
434: 8
435: 22
436: 8
437: 0
438: 0
439: 0
440: 1
441: 87
442: 1
443: 246
444: 0
445: 8
446: 394
447: 1
448: 51
449: 0
450: 0
451: 26
452: 24
453: 0
454: 2
455: 249
456: 0
457: 1
458: 74
459: 212
460: 1
461: 479
462: 154
463: 1
464: 0
465: 662
466: 0
467: 134
468: 48
469: 15
470: 14
471: 47
472: 218
473: 334
474: 5
475: 0
476: 1
477: 707
478: 612
479: 1
480: 1
481: 2
482: 1
483: 0
484: 1
485: 0
486: 229
487: 0
488: 1
489: 0
490: 560
491: 0
492: 267
493: 709
494: 0
495: 0
496: 100
497: 0
498: 339
499: 541
500: 1
