1: 2
2: 129
3: 8
4: 0
5: 0
6: 151
7: 268
8: 378
9: 587
10: 149
11: 111
12: 2
13: 54
14: 37
15: 41
16: 20
17: 0
18: 19
19: 663
20: 123
21: 4
22: 1
23: 0
24: 0
25: 610
26: 27
27: 21
28: 589
29: 242
30: 707
31: 1
32: 413
33: 300
34: 162
35: 693
36: 3
37: 0
38: 318
39: 467
40: 361
41: 11
42: 197
43: 2
44: 254
45: 346
46: 71
47: 0
48: 0
49: 222
50: 356
51: 0
52: 339
53: 188
54: 1
55: 0
56: 1
57: 18
58: 595
59: 0
60: 74
61: 362
62: 1
63: 1
64: 83
65: 701
66: 100
67: 0
68: 367
69: 22
70: 368
71: 0
72: 467
73: 14
74: 658
75: 31
76: 1
77: 1
78: 0
79: 225
80: 478
81: 179
82: 204
83: 208
84: 91
85: 2
86: 1
87: 553
88: 162
89: 568
90: 1
91: 0
92: 11
93: 2
94: 0
95: 706
96: 0
97: 0
98: 122
99: 171
100: 1
101: 0
102: 0
103: 0
104: 69
105: 2
106: 71
107: 1
108: 1
109: 39
110: 597
111: 55
112: 0
113: 1
114: 171
115: 395
116: 0
117: 1
118: 0
119: 514
120: 37
121: 171
122: 22
123: 1
124: 1
125: 0
126: 101
127: 0
128: 1
129: 694
130: 1
131: 4
132: 1
133: 1
134: 275
135: 513
136: 1
137: 5
138: 683
139: 15
140: 444
141: 266
142: 385
143: 72
144: 2
145: 630
146: 627
147: 452
148: 442
149: 211
150: 391
151: 19
152: 710
153: 0
154: 464
155: 627
156: 248
157: 708
158: 592
159: 708
160: 663
161: 3
162: 525
163: 131
164: 354
165: 302
166: 665
167: 706
168: 387
169: 57
170: 643
171: 269
172: 276
173: 267
174: 225
175: 0
176: 221
177: 0
178: 54
179: 305
180: 40
181: 419
182: 550
183: 270
184: 388
185: 402
186: 243
187: 1
188: 57
189: 64
190: 259
191: 55
192: 1
193: 8
194: 54
195: 3
196: 228
197: 2
198: 301
199: 385
200: 425
201: 708
202: 274
203: 522
204: 342
205: 1
206: 14
207: 0
208: 289
209: 706
210: 208
211: 337
212: 350
213: 524
214: 56
215: 661
216: 311
217: 283
218: 563
219: 311
220: 633
221: 415
222: 706
223: 609
224: 241
225: 375
226: 644
227: 457
228: 476
229: 164
230: 613
231: 390
232: 319
233: 476
234: 399
235: 577
236: 708
237: 549
238: 475
239: 503
240: 649
241: 317
242: 543
243: 634
244: 333
245: 507
246: 685
247: 410
248: 671
249: 550
250: 591
251: 2
252: 348
253: 288
254: 200
255: 392
256: 683
257: 264
258: 365
259: 0
260: 1
261: 0
262: 0
263: 5
264: 0
265: 348
266: 0
267: 547
268: 561
269: 115
270: 454
271: 588
272: 613
273: 337
274: 165
275: 476
276: 224
277: 521
278: 370
279: 652
280: 417
281: 177
282: 309
283: 588
284: 66
285: 689
286: 17
287: 474
288: 481
289: 701
290: 696
291: 238
292: 1
293: 589
294: 123
295: 40
296: 21
297: 303
298: 35
299: 400
300: 711
301: 8
302: 18
303: 493
304: 259
305: 551
306: 539
307: 9
308: 631
309: 690
310: 581
311: 285
312: 550
313: 1
314: 384
315: 52
316: 42
317: 28
318: 1
319: 0
320: 0
321: 3
322: 0
323: 354
324: 504
325: 20
326: 0
327: 1
328: 153
329: 0
330: 0
331: 0
332: 0
333: 2
334: 375
335: 709
336: 17
337: 0
338: 0
339: 283
340: 607
341: 546
342: 5
343: 627
344: 215
345: 613
346: 600
347: 92
348: 2
349: 0
350: 637
351: 20
352: 690
353: 483
354: 16
355: 0
356: 33
357: 1
358: 311
359: 0
360: 0
361: 0
362: 0
363: 580
364: 3
365: 710
366: 142
367: 1
368: 1
369: 0
370: 464
371: 451
372: 622
373: 1
374: 3
375: 113
376: 527
377: 196
378: 419
379: 274
380: 525
381: 325
382: 262
383: 4
384: 474
385: 0
386: 4
387: 0
388: 406
389: 638
390: 274
391: 63
392: 1
393: 8
394: 649
395: 236
396: 0
397: 655
398: 644
399: 399
400: 33
401: 285
402: 455
403: 0
404: 404
405: 277
406: 283
407: 375
408: 34
409: 7
410: 701
411: 0
412: 30
413: 0
414: 657
415: 679
416: 5
417: 708
418: 333
419: 446
420: 637
421: 137
422: 3
423: 629
424: 7
425: 332
426: 138
427: 325
428: 703
429: 657
430: 123
431: 474
432: 0
433: 0
434: 0
435: 614
436: 224
437: 1
438: 170
439: 0
440: 0
441: 113
442: 643
443: 0
444: 1
445: 29
446: 0
447: 6
448: 460
449: 14
450: 1
451: 0
452: 0
453: 108
454: 273
455: 112
456: 68
457: 513
458: 508
459: 0
460: 0
461: 0
462: 1
463: 703
464: 703
465: 65
466: 567
467: 450
468: 1
469: 5
470: 1
471: 331
472: 20
473: 18
474: 0
475: 3
476: 312
477: 116
478: 333
479: 310
480: 312
481: 201
482: 617
483: 509
484: 0
485: 128
486: 221
487: 4
488: 279
489: 0
490: 330
491: 75
492: 1
493: 164
494: 395
495: 7
496: 288
497: 20
498: 1
499: 368
500: 0
