1: 704
2: 2
3: 164
4: 651
5: 574
6: 549
7: 712
8: 439
9: 156
10: 1
11: 390
12: 710
13: 511
14: 696
15: 442
16: 1
17: 711
18: 338
19: 216
20: 288
21: 218
22: 342
23: 212
24: 528
25: 676
26: 134
27: 685
28: 287
29: 206
30: 339
31: 375
32: 204
33: 369
34: 134
35: 494
36: 160
37: 598
38: 212
39: 482
40: 13
41: 704
42: 21
43: 664
44: 449
45: 504
46: 117
47: 315
48: 1
49: 292
50: 5
51: 89
52: 155
53: 2
54: 0
55: 0
56: 1
57: 35
58: 137
59: 539
60: 26
61: 22
62: 293
63: 186
64: 184
65: 417
66: 0
67: 22
68: 106
69: 245
70: 686
71: 90
72: 0
73: 1
74: 135
75: 675
76: 44
77: 301
78: 258
79: 219
80: 238
81: 469
82: 496
83: 354
84: 554
85: 263
86: 690
87: 224
88: 426
89: 567
90: 304
91: 22
92: 604
93: 490
94: 628
95: 712
96: 336
97: 138
98: 514
99: 466
100: 422
101: 306
102: 240
103: 393
104: 678
105: 696
106: 1
107: 36
108: 0
109: 386
110: 318
111: 249
112: 358
113: 471
114: 573
115: 527
116: 685
117: 275
118: 691
119: 416
120: 321
121: 477
122: 28
123: 667
124: 364
125: 238
126: 413
127: 406
128: 480
129: 373
130: 313
131: 704
132: 639
133: 10
134: 211
135: 639
136: 639
137: 371
138: 196
139: 520
140: 449
141: 191
142: 90
143: 30
144: 271
145: 140
146: 503
147: 358
148: 710
149: 104
150: 597
151: 410
152: 1
153: 195
154: 265
155: 360
156: 321
157: 435
158: 250
159: 352
160: 283
161: 695
162: 28
163: 0
164: 51
165: 0
166: 471
167: 54
168: 237
169: 232
170: 411
171: 707
172: 229
173: 1
174: 245
175: 34
176: 152
177: 0
178: 2
179: 0
180: 0
181: 0
182: 161
183: 0
184: 1
185: 3
186: 1
187: 420
188: 417
189: 45
190: 0
191: 680
192: 0
193: 6
194: 703
195: 3
196: 653
197: 8
198: 0
199: 0
200: 1
201: 1
202: 5
203: 0
204: 0
205: 2
206: 706
207: 8
208: 167
209: 167
210: 241
211: 321
212: 595
213: 23
214: 1
215: 1
216: 709
217: 419
218: 339
219: 517
220: 0
221: 165
222: 285
223: 75
224: 287
225: 211
226: 0
227: 356
228: 119
229: 509
230: 0
231: 312
232: 242
233: 107
234: 1
235: 211
236: 7
237: 540
238: 175
239: 2
240: 267
241: 1
242: 249
243: 120
244: 333
245: 103
246: 3
247: 0
248: 19
249: 698
250: 1
251: 1
252: 162
253: 0
254: 9
255: 111
256: 1
257: 0
258: 0
259: 264
260: 689
261: 547
262: 0
263: 353
264: 634
265: 0
266: 211
267: 171
268: 258
269: 598
270: 0
271: 0
272: 0
273: 2
274: 1
275: 0
276: 222
277: 0
278: 84
279: 2
280: 126
281: 10
282: 155
283: 245
284: 1
285: 10
286: 423
287: 1
288: 0
289: 1
290: 334
291: 683
292: 28
293: 20
294: 1
295: 597
296: 124
297: 1
298: 215
299: 448
300: 498
301: 0
302: 690
303: 306
304: 340
305: 339
306: 706
307: 0
308: 14
309: 0
310: 562
311: 28
312: 705
313: 434
314: 711
315: 1
316: 1
317: 0
318: 1
319: 64
320: 593
321: 0
322: 553
323: 0
324: 1
325: 399
326: 641
327: 15
328: 292
329: 601
330: 709
331: 549
332: 711
333: 424
334: 82
335: 37
336: 0
337: 1
338: 1
339: 662
340: 1
341: 1
342: 0
343: 0
344: 0
345: 5
346: 21
347: 1
348: 0
349: 1
350: 0
351: 0
352: 86
353: 1
354: 0
355: 0
356: 0
357: 0
358: 5
359: 0
360: 294
361: 18
362: 55
363: 0
364: 335
365: 1
366: 376
367: 146
368: 1
369: 98
370: 0
371: 428
372: 1
373: 232
374: 343
375: 633
376: 27
377: 241
378: 1
379: 2
380: 36
381: 190
382: 169
383: 0
384: 561
385: 0
386: 0
387: 260
388: 500
389: 267
390: 503
391: 216
392: 525
393: 192
394: 522
395: 208
396: 125
397: 141
398: 6
399: 499
400: 684
401: 1
402: 14
403: 413
404: 309
405: 474
406: 22
407: 383
408: 239
409: 308
410: 534
411: 454
412: 4
413: 22
414: 478
415: 538
416: 2
417: 9
418: 1
419: 0
420: 26
421: 0
422: 41
423: 15
424: 202
425: 648
426: 211
427: 529
428: 2
429: 1
430: 0
431: 2
432: 0
433: 1
434: 417
435: 27
436: 1
437: 0
438: 14
439: 1
440: 0
441: 89
442: 48
443: 357
444: 0
445: 5
446: 344
447: 0
448: 1
449: 1
450: 215
451: 11
452: 321
453: 246
454: 542
455: 362
456: 636
457: 199
458: 293
459: 458
460: 556
461: 34
462: 327
463: 334
464: 327
465: 1
466: 250
467: 67
468: 120
469: 288
470: 248
471: 493
472: 226
473: 492
474: 708
475: 0
476: 55
477: 545
478: 11
479: 137
480: 145
481: 676
482: 0
483: 138
484: 157
485: 503
486: 405
487: 4
488: 468
489: 177
490: 241
491: 95
492: 343
493: 513
494: 193
495: 96
496: 1
497: 310
498: 0
499: 509
500: 232
