1: 203
2: 568
3: 497
4: 154
5: 389
6: 476
7: 179
8: 428
9: 103
10: 704
11: 675
12: 517
13: 325
14: 710
15: 79
16: 20
17: 1
18: 0
19: 1
20: 3
21: 297
22: 171
23: 0
24: 0
25: 632
26: 51
27: 577
28: 0
29: 0
30: 0
31: 1
32: 1
33: 138
34: 400
35: 1
36: 21
37: 0
38: 209
39: 680
40: 650
41: 181
42: 1
43: 1
44: 0
45: 24
46: 702
47: 2
48: 498
49: 251
50: 228
51: 18
52: 33
53: 531
54: 0
55: 404
56: 239
57: 1
58: 619
59: 397
60: 1
61: 710
62: 1
63: 523
64: 1
65: 520
66: 0
67: 1
68: 692
69: 1
70: 5
71: 83
72: 219
73: 72
74: 294
75: 688
76: 4
77: 8
78: 327
79: 300
80: 0
81: 88
82: 516
83: 108
84: 212
85: 1
86: 1
87: 0
88: 517
89: 414
90: 48
91: 704
92: 190
93: 293
94: 8
95: 516
96: 0
97: 245
98: 17
99: 264
100: 0
101: 145
102: 457
103: 0
104: 370
105: 669
106: 697
107: 157
108: 5
109: 18
110: 0
111: 263
112: 532
113: 343
114: 237
115: 624
116: 389
117: 320
118: 709
119: 472
120: 177
121: 491
122: 82
123: 334
124: 457
125: 305
126: 317
127: 644
128: 539
129: 410
130: 401
131: 605
132: 525
133: 426
134: 436
135: 421
136: 261
137: 516
138: 443
139: 670
140: 515
141: 607
142: 486
143: 388
144: 518
145: 605
146: 383
147: 561
148: 610
149: 450
150: 437
151: 35
152: 18
153: 625
154: 498
155: 441
156: 256
157: 493
158: 255
159: 375
160: 465
161: 537
162: 591
163: 83
164: 295
165: 391
166: 648
167: 519
168: 327
169: 586
170: 443
171: 696
172: 395
173: 218
174: 707
175: 665
176: 449
177: 583
178: 669
179: 15
180: 432
181: 1
182: 709
183: 13
184: 0
185: 70
186: 163
187: 0
188: 1
189: 1
190: 15
191: 1
192: 16
193: 1
194: 710
195: 185
196: 0
197: 424
198: 43
199: 196
200: 684
201: 12
202: 228
203: 13
204: 240
205: 465
206: 1
207: 86
208: 1
209: 661
210: 0
211: 1
212: 1
213: 1
214: 0
215: 6
216: 0
217: 1
218: 41
219: 290
220: 712
221: 0
222: 10
223: 0
224: 0
225: 0
226: 0
227: 0
228: 0
229: 0
230: 1
231: 7
232: 140
233: 1
234: 1
235: 465
236: 158
237: 538
238: 1
239: 109
240: 634
241: 265
242: 0
243: 615
244: 162
245: 145
246: 396
247: 233
248: 270
249: 472
250: 708
251: 330
252: 17
253: 560
254: 30
255: 267
256: 553
257: 678
258: 7
259: 709
260: 5
261: 566
262: 611
263: 292
264: 588
265: 126
266: 498
267: 196
268: 547
269: 110
270: 411
271: 310
272: 607
273: 544
274: 508
275: 294
276: 625
277: 381
278: 645
279: 618
280: 536
281: 96
282: 517
283: 625
284: 72
285: 229
286: 510
287: 605
288: 655
289: 329
290: 624
291: 314
292: 672
293: 555
294: 635
295: 0
296: 1
297: 1
298: 0
299: 1
300: 710
301: 415
302: 13
303: 612
304: 432
305: 16
306: 0
307: 1
308: 0
309: 1
310: 55
311: 1
312: 324
313: 0
314: 0
315: 454
316: 621
317: 194
318: 1
319: 0
320: 623
321: 614
322: 234
323: 71
324: 1
325: 4
326: 568
327: 1
328: 28
329: 215
330: 0
331: 1
332: 166
333: 425
334: 517
335: 22
336: 109
337: 67
338: 0
339: 484
340: 0
341: 140
342: 320
343: 0
344: 595
345: 489
346: 1
347: 0
348: 4
349: 0
350: 0
351: 709
352: 370
353: 99
354: 28
355: 5
356: 103
357: 679
358: 11
359: 27
360: 570
361: 1
362: 602
363: 1
364: 707
365: 304
366: 23
367: 1
368: 295
369: 175
370: 63
371: 37
372: 1
373: 669
374: 8
375: 1
376: 0
377: 0
378: 1
379: 1
380: 0
381: 1
382: 3
383: 0
384: 1
385: 113
386: 0
387: 0
388: 0
389: 0
390: 511
391: 7
392: 39
393: 62
394: 46
395: 382
396: 0
397: 48
398: 460
399: 542
400: 612
401: 47
402: 275
403: 465
404: 1
405: 698
406: 407
407: 0
408: 575
409: 2
410: 1
411: 611
412: 202
413: 539
414: 1
415: 625
416: 0
417: 1
418: 1
419: 1
420: 1
421: 0
422: 269
423: 607
424: 8
425: 460
426: 4
427: 7
428: 194
429: 701
430: 704
431: 519
432: 1
433: 430
434: 1
435: 24
436: 0
437: 0
438: 176
439: 45
440: 18
441: 1
442: 1
443: 21
444: 2
445: 0
446: 0
447: 0
448: 486
449: 1
450: 0
451: 709
452: 150
453: 59
454: 1
455: 118
456: 0
457: 118
458: 19
459: 1
460: 0
461: 0
462: 0
463: 198
464: 61
465: 241
466: 0
467: 14
468: 88
469: 20
470: 53
471: 387
472: 0
473: 0
474: 366
475: 0
476: 246
477: 248
478: 90
479: 204
480: 2
481: 2
482: 1
483: 73
484: 1
485: 196
486: 264
487: 96
488: 15
489: 0
490: 0
491: 0
492: 0
493: 0
494: 0
495: 666
496: 155
497: 264
498: 712
499: 61
500: 3
