1: 0 0
2: 0 0
3: 1 0
4: 0 0
5: 1 0
6: 0 0
7: 0 0
8: 0 0
9: 0 0
10: 0 0
11: 0 0
12: 0 0
13: 0 0
14: 1 0
15: 0 0
16: 0 0
17: 0 0
18: 1 0
19: 0 0
20: 0 0
21: 0 0
22: 0 0
23: 0 0
24: 0 0
25: 0 0
26: 0 0
27: 0 0
28: 0 0
29: 0 0
30: 0 0
31: 0 0
32: 0 0
33: 0 0
34: 0 0
35: 0 0
36: 0 0
37: 0 0
38: 0 0
39: 1 0
40: 0 0
41: 0 0
42: 0 0
43: 0 0
44: 0 0
45: 0 0
46: 0 0
47: 0 0
48: 1 0
49: 0 0
50: 0 0
51: 0 0
52: 0 0
53: 0 0
54: 0 0
55: 0 0
56: 0 0
57: 0 0
58: 1 0
59: 0 0
60: 0 0
61: 0 0
62: 0 0
63: 0 0
64: 0 0
65: 0 0
66: 0 0
67: 0 0
68: 0 0
69: 0 0
70: 0 0
71: 0 0
72: 0 0
73: 0 0
74: 0 0
75: 0 0
76: 0 0
77: 0 0
78: 0 0
79: 0 0
80: 0 0
81: 0 0
82: 0 0
83: 0 0
84: 0 0
85: 0 0
86: 0 0
87: 0 0
88: 0 0
89: 0 0
90: 0 0
91: 0 0
92: 0 0
93: 0 0
94: 0 0
95: 0 0
96: 0 0
97: 0 0
98: 0 0
99: 0 0
100: 1 0
101: 0 0
102: 0 0
103: 0 0
104: 0 0
105: 0 0
106: 0 0
107: 0 0
108: 0 0
109: 0 0
110: 0 0
111: 0 0
112: 1 0
113: 1 0
114: 0 0
115: 1 0
116: 0 0
117: 0 0
118: 1 0
119: 0 0
120: 0 0
121: 0 0
122: 0 0
123: 1 0
124: 0 0
125: 0 0
126: 0 0
127: 0 0
128: 0 0
129: 0 0
130: 0 0
131: 0 0
132: 0 0
133: 0 0
134: 1 0
135: 0 0
136: 1 0
137: 0 0
138: 0 0
139: 0 0
140: 0 0
141: 0 0
142: 0 0
143: 0 0
144: 1 0
145: 1 0
146: 1 0
147: 1 0
148: 0 0
149: 0 0
150: 1 0
151: 1 0
152: 0 0
153: 1 0
154: 0 0
155: 0 0
156: 0 0
157: 0 0
158: 1 0
159: 0 0
160: 1 0
161: 1 0
162: 0 0
163: 0 0
164: 0 0
165: 1 0
166: 0 0
167: 0 0
168: 1 0
169: 0 0
170: 0 1
171: 1 1
172: 0 1
173: 0 1
174: 0 1
175: 0 1
176: 0 1
177: 1 1
178: 1 1
179: 1 1
180: 1 1
181: 0 1
182: 0 1
183: 1 1
184: 0 1
185: 0 1
186: 0 1
187: 1 1
188: 0 1
189: 0 1
190: 0 1
191: 0 1
192: 0 1
193: 0 1
194: 0 1
195: 1 1
196: 0 1
197: 1 1
198: 0 1
199: 1 1
200: 1 1
201: 0 1
202: 0 1
203: 0 1
204: 0 1
205: 0 1
206: 0 1
207: 0 1
208: 0 1
209: 1 1
210: 0 1
211: 1 1
212: 1 1
213: 0 1
214: 1 1
215: 0 1
216: 0 1
217: 1 1
218: 0 1
219: 1 1
220: 0 1
221: 0 1
222: 0 1
223: 0 1
224: 0 1
225: 0 1
226: 1 1
227: 1 1
228: 0 1
229: 0 1
230: 0 1
231: 0 1
232: 0 1
233: 0 1
234: 0 1
235: 0 1
236: 0 1
237: 0 1
238: 0 1
239: 0 1
240: 1 1
241: 0 1
242: 1 1
243: 0 1
244: 0 1
245: 0 1
246: 0 1
247: 1 1
248: 0 1
249: 0 1
250: 0 1
251: 0 1
252: 0 1
253: 0 1
254: 0 1
255: 0 1
256: 1 1
257: 0 1
258: 0 1
259: 0 1
260: 0 1
261: 0 1
262: 0 1
263: 0 1
264: 0 1
265: 0 1
266: 0 1
267: 1 1
268: 0 1
269: 0 1
270: 0 1
271: 0 1
272: 0 1
273: 0 1
274: 1 1
275: 0 1
276: 1 1
277: 1 1
278: 1 1
279: 1 1
280: 1 1
281: 0 1
282: 0 1
283: 0 1
284: 0 1
285: 0 1
286: 0 1
287: 0 1
288: 0 1
289: 0 1
290: 0 1
291: 0 1
292: 0 1
293: 0 1
294: 0 1
295: 0 1
296: 0 1
297: 0 1
298: 0 1
299: 0 1
300: 0 1
301: 0 1
302: 0 1
303: 0 1
304: 0 1
305: 0 1
306: 0 1
307: 0 1
308: 1 1
309: 0 1
310: 1 1
311: 0 1
312: 1 1
313: 0 1
314: 0 1
315: 0 1
316: 0 1
317: 0 1
318: 0 1
319: 0 1
320: 0 1
321: 0 1
322: 0 1
323: 0 1
324: 0 1
325: 0 1
326: 0 1
327: 1 1
328: 0 1
329: 1 1
330: 1 1
331: 0 1
332: 0 1
333: 0 1
334: 0 1
335: 0 1
336: 0 1
337: 0 1
338: 0 1
339: 0 1
340: 0 1
341: 0 1
342: 0 1
343: 14 1
344: 0 1
345: 1 1
346: 0 1
347: 1 1
348: 1 1
349: 0 1
350: 0 1
351: 1 1
352: 0 1
353: 1 1
354: 0 1
355: 0 1
356: 0 1
357: 0 1
358: 0 1
359: 0 1
360: 0 1
361: 0 1
362: 0 1
363: 0 1
364: 0 1
365: 0 1
366: 0 1
367: 0 1
368: 1 1
369: 0 1
370: 0 1
371: 0 1
372: 0 1
373: 1 1
374: 0 0
375: 0 0
376: 0 0
377: 0 0
378: 0 0
379: 0 0
380: 0 0
381: 0 0
382: 0 0
383: 0 0
384: 0 0
385: 0 0
386: 0 0
387: 0 0
388: 0 0
389: 0 0
390: 0 0
391: 0 0
392: 0 0
393: 1 0
394: 0 0
395: 1 0
396: 0 0
397: 0 0
398: 0 0
399: 0 0
400: 0 0
401: 0 0
402: 0 0
403: 0 0
404: 0 0
405: 1 0
406: 0 0
407: 1 0
408: 0 0
409: 0 0
410: 0 0
411: 1 0
412: 1 0
413: 0 0
414: 1 0
415: 0 0
416: 0 0
417: 0 0
418: 0 0
419: 0 0
420: 0 0
421: 0 0
422: 1 0
423: 0 0
424: 1 0
425: 0 0
426: 1 0
427: 0 0
428: 0 0
429: 0 0
430: 1 0
431: 0 0
432: 1 0
433: 0 0
434: 0 0
435: 0 0
436: 0 0
437: 0 0
438: 0 0
439: 1 0
440: 0 0
441: 1 0
442: 1 0
443: 1 0
444: 1 0
445: 0 0
446: 1 0
447: 0 0
448: 1 0
449: 0 0
450: 0 0
451: 0 0
452: 0 0
453: 1 0
454: 0 0
455: 0 0
456: 0 0
457: 0 0
458: 0 0
459: 1 0
460: 1 0
461: 1 0
462: 0 0
463: 0 0
464: 1 0
465: 1 0
466: 1 0
467: 0 0
468: 0 0
469: 0 0
470: 0 0
471: 0 0
472: 0 0
473: 0 0
474: 0 0
475: 1 0
476: 1 0
477: 1 0
478: 0 0
479: 0 0
480: 1 0
481: 0 0
482: 0 0
483: 1 0
484: 0 0
485: 0 0
486: 0 0
487: 0 0
488: 0 0
489: 0 0
490: 0 0
491: 0 0
492: 0 0
493: 0 0
494: 0 0
495: 1 0
496: 0 0
497: 1 0
498: 0 0
499: 1 0
500: 0 0
