1: 656 1
2: 652 1
3: 654 1
4: 647 1
5: 651 1
6: 655 1
7: 653 1
8: 652 1
9: 650 1
10: 652 1
11: 651 1
12: 657 1
13: 647 1
14: 648 1
15: 645 1
16: 643 1
17: 651 1
18: 647 1
19: 651 1
20: 655 1
21: 650 1
22: 656 1
23: 648 1
24: 647 1
25: 651 1
26: 647 1
27: 651 1
28: 651 1
29: 650 1
30: 653 1
31: 655 1
32: 649 1
33: 648 1
34: 650 1
35: 650 1
36: 651 1
37: 647 1
38: 653 1
39: 658 1
40: 654 1
41: 654 1
42: 649 1
43: 650 1
44: 648 1
45: 649 1
46: 649 1
47: 647 1
48: 653 1
49: 654 1
50: 653 1
51: 651 1
52: 654 1
53: 652 1
54: 646 1
55: 651 1
56: 647 1
57: 646 1
58: 650 1
59: 647 1
60: 648 1
61: 649 1
62: 649 1
63: 654 1
64: 654 1
65: 645 1
66: 648 1
67: 647 1
68: 651 1
69: 652 1
70: 645 1
71: 653 1
72: 644 0
73: 648 0
74: 649 0
75: 648 0
76: 652 0
77: 649 0
78: 652 0
79: 655 0
80: 654 0
81: 651 0
82: 650 0
83: 651 0
84: 647 0
85: 649 0
86: 650 0
87: 645 0
88: 648 0
89: 647 0
90: 650 0
91: 647 0
92: 651 0
93: 650 0
94: 652 0
95: 650 0
96: 655 0
97: 654 0
98: 651 0
99: 652 0
100: 648 0
101: 650 0
102: 652 0
103: 648 0
104: 648 0
105: 647 0
106: 643 0
107: 647 0
108: 653 0
109: 648 0
110: 653 0
111: 648 0
112: 650 0
113: 651 0
114: 648 0
115: 644 0
116: 654 0
117: 649 0
118: 650 0
119: 650 0
120: 648 0
121: 651 0
122: 650 0
123: 653 0
124: 649 0
125: 651 0
126: 646 0
127: 647 0
128: 644 0
129: 653 0
130: 653 0
131: 646 0
132: 650 0
133: 646 0
134: 651 0
135: 646 0
136: 647 0
137: 649 0
138: 652 0
139: 651 0
140: 647 0
141: 648 0
142: 651 0
143: 644 0
144: 650 0
145: 648 0
146: 644 0
147: 652 0
148: 649 0
149: 648 0
150: 644 0
151: 647 0
152: 646 0
153: 649 0
154: 649 0
155: 648 0
156: 648 0
157: 651 0
158: 647 0
159: 650 0
160: 648 0
161: 656 0
162: 650 0
163: 655 0
164: 651 0
165: 644 0
166: 647 0
167: 651 0
168: 650 0
169: 654 0
170: 651 0
171: 650 0
172: 653 0
173: 653 0
174: 649 0
175: 651 0
176: 653 0
177: 654 0
178: 649 0
179: 648 0
180: 649 0
181: 651 0
182: 651 0
183: 652 0
184: 648 0
185: 649 0
186: 650 0
187: 648 0
188: 648 0
189: 650 0
190: 647 0
191: 652 0
192: 654 0
193: 654 0
194: 654 0
195: 651 0
196: 652 0
197: 646 0
198: 649 0
199: 651 0
200: 648 0
201: 652 0
202: 649 0
203: 651 0
204: 647 0
205: 648 0
206: 652 0
207: 651 0
208: 651 0
209: 653 0
210: 646 0
211: 652 0
212: 653 0
213: 658 0
214: 653 0
215: 652 0
216: 658 0
217: 655 0
218: 656 0
219: 650 0
220: 653 0
221: 648 0
222: 653 0
223: 655 0
224: 654 0
225: 652 0
226: 651 0
227: 647 0
228: 654 0
229: 651 0
230: 651 0
231: 651 0
232: 652 0
233: 651 0
234: 646 0
235: 652 0
236: 647 0
237: 645 0
238: 649 0
239: 650 0
240: 649 0
241: 646 0
242: 649 0
243: 651 0
244: 646 0
245: 647 0
246: 650 0
247: 641 0
248: 643 0
249: 641 0
250: 648 0
251: 648 0
252: 644 0
253: 651 0
254: 655 0
255: 650 0
256: 651 0
257: 650 0
258: 648 0
259: 647 0
260: 647 0
261: 643 0
262: 646 0
263: 649 0
264: 645 0
265: 648 0
266: 645 0
267: 650 0
268: 648 0
269: 647 0
270: 651 1
271: 651 1
272: 653 1
273: 648 1
274: 650 1
275: 645 1
276: 645 1
277: 651 1
278: 648 1
279: 656 1
280: 656 1
281: 654 1
282: 650 1
283: 651 1
284: 652 1
285: 650 1
286: 650 1
287: 647 1
288: 650 1
289: 649 1
290: 648 1
291: 656 1
292: 650 1
293: 654 1
294: 650 1
295: 648 1
296: 655 1
297: 651 1
298: 654 1
299: 648 1
300: 651 1
301: 651 1
302: 651 1
303: 655 1
304: 650 1
305: 650 1
306: 655 1
307: 646 1
308: 652 1
309: 652 1
310: 652 1
311: 647 1
312: 649 1
313: 647 1
314: 647 1
315: 644 1
316: 650 1
317: 650 1
318: 650 1
319: 648 1
320: 650 1
321: 652 1
322: 648 1
323: 651 1
324: 652 1
325: 650 1
326: 651 1
327: 649 1
328: 648 1
329: 644 1
330: 653 1
331: 653 1
332: 648 1
333: 656 1
334: 649 1
335: 650 1
336: 648 1
337: 656 1
338: 650 1
339: 653 1
340: 650 1
341: 644 1
342: 651 1
343: 648 1
344: 651 1
345: 646 1
346: 650 1
347: 651 1
348: 651 1
349: 652 1
350: 650 1
351: 648 1
352: 653 1
353: 648 1
354: 655 1
355: 651 1
356: 655 1
357: 653 1
358: 652 1
359: 651 1
360: 647 1
361: 656 1
362: 649 1
363: 654 1
364: 657 1
365: 652 1
366: 655 1
367: 651 1
368: 654 1
369: 651 1
370: 651 1
371: 656 1
372: 656 1
373: 656 1
374: 653 1
375: 651 1
376: 652 1
377: 654 1
378: 657 1
379: 653 1
380: 656 1
381: 653 1
382: 648 1
383: 654 1
384: 649 1
385: 652 1
386: 653 1
387: 655 1
388: 653 1
389: 650 1
390: 652 1
391: 652 1
392: 653 1
393: 647 1
394: 652 1
395: 653 1
396: 651 1
397: 652 1
398: 652 1
399: 653 1
400: 648 1
401: 653 1
402: 650 1
403: 652 1
404: 654 1
405: 651 1
406: 655 1
407: 651 1
408: 654 1
409: 649 1
410: 649 1
411: 651 1
412: 651 1
413: 653 1
414: 648 1
415: 652 1
416: 652 1
417: 650 1
418: 650 1
419: 644 1
420: 654 1
421: 650 1
422: 654 1
423: 649 1
424: 647 1
425: 650 1
426: 646 1
427: 654 1
428: 649 1
429: 648 1
430: 647 1
431: 650 1
432: 648 1
433: 653 1
434: 655 1
435: 650 1
436: 653 1
437: 649 1
438: 654 1
439: 649 1
440: 652 1
441: 655 1
442: 655 1
443: 655 1
444: 655 1
445: 650 1
446: 653 1
447: 654 1
448: 654 1
449: 654 1
450: 654 1
451: 657 1
452: 652 1
453: 651 1
454: 648 1
455: 649 1
456: 654 1
457: 653 1
458: 654 1
459: 649 1
460: 653 1
461: 646 1
462: 653 1
463: 648 1
464: 651 1
465: 655 1
466: 650 1
467: 652 0
468: 647 0
469: 650 0
470: 647 0
471: 650 0
472: 648 0
473: 649 0
474: 649 0
475: 648 0
476: 649 0
477: 648 0
478: 653 0
479: 650 0
480: 647 0
481: 647 0
482: 652 0
483: 652 0
484: 651 0
485: 649 0
486: 648 0
487: 647 0
488: 650 0
489: 649 0
490: 648 0
491: 645 0
492: 648 0
493: 645 0
494: 648 0
495: 653 0
496: 651 0
497: 648 0
498: 649 0
499: 654 0
500: 654 0
