1: 688 0
2: 265 0
3: 626 0
4: 1 0
5: 541 0
6: 99 0
7: 0 0
8: 473 0
9: 682 0
10: 0 0
11: 0 0
12: 0 0
13: 129 0
14: 243 0
15: 0 0
16: 156 0
17: 186 0
18: 254 0
19: 63 0
20: 586 0
21: 262 0
22: 209 0
23: 430 0
24: 0 0
25: 703 0
26: 523 0
27: 0 0
28: 267 0
29: 439 0
30: 407 0
31: 505 0
32: 0 0
33: 111 0
34: 1 0
35: 30 0
36: 0 0
37: 0 0
38: 3 0
39: 215 0
40: 0 0
41: 309 0
42: 510 0
43: 106 0
44: 3 0
45: 291 0
46: 0 0
47: 0 0
48: 1 0
49: 0 0
50: 147 0
51: 0 0
52: 0 0
53: 0 0
54: 6 0
55: 0 0
56: 31 0
57: 0 0
58: 5 0
59: 1 0
60: 171 0
61: 0 0
62: 0 0
63: 715 0
64: 8 0
65: 109 0
66: 0 0
67: 0 0
68: 243 0
69: 21 0
70: 0 0
71: 18 0
72: 80 0
73: 136 0
74: 364 0
75: 94 0
76: 565 0
77: 714 0
78: 670 0
79: 587 0
80: 41 0
81: 645 0
82: 142 0
83: 656 0
84: 674 0
85: 715 0
86: 0 0
87: 0 0
88: 49 0
89: 715 0
90: 60 0
91: 489 0
92: 510 0
93: 74 0
94: 30 0
95: 0 0
96: 8 0
97: 0 0
98: 1 0
99: 1 0
100: 1 0
101: 0 0
102: 0 0
103: 0 0
104: 5 0
105: 221 0
106: 2 0
107: 0 0
108: 657 0
109: 1 0
110: 0 0
111: 478 0
112: 0 0
113: 1 0
114: 93 0
115: 69 0
116: 0 0
117: 170 0
118: 0 0
119: 55 0
120: 0 0
121: 0 0
122: 33 0
123: 5 0
124: 715 0
125: 1 0
126: 27 0
127: 1 0
128: 1 0
129: 245 0
130: 0 0
131: 0 0
132: 0 0
133: 1 0
134: 0 0
135: 0 0
136: 0 1
137: 1 1
138: 0 1
139: 0 1
140: 468 1
141: 187 1
142: 0 1
143: 0 1
144: 1 1
145: 1 1
146: 1 1
147: 0 1
148: 1 1
149: 12 1
150: 1 1
151: 4 1
152: 9 1
153: 0 1
154: 33 1
155: 0 1
156: 145 1
157: 716 1
158: 0 1
159: 279 1
160: 1 1
161: 0 1
162: 1 1
163: 245 1
164: 45 1
165: 0 1
166: 2 1
167: 0 1
168: 143 1
169: 0 1
170: 0 1
171: 220 1
172: 0 1
173: 36 1
174: 214 1
175: 83 1
176: 1 1
177: 180 1
178: 0 1
179: 284 1
180: 0 1
181: 74 1
182: 0 1
183: 0 1
184: 1 1
185: 98 1
186: 0 1
187: 57 1
188: 0 1
189: 0 1
190: 381 1
191: 0 1
192: 268 1
193: 299 1
194: 0 1
195: 13 1
196: 0 1
197: 0 1
198: 319 1
199: 1 1
200: 497 1
201: 0 1
202: 93 1
203: 11 1
204: 1 1
205: 0 1
206: 0 1
207: 0 1
208: 0 1
209: 1 1
210: 12 1
211: 9 1
212: 0 1
213: 0 1
214: 0 1
215: 5 1
216: 0 1
217: 0 1
218: 0 1
219: 0 1
220: 15 1
221: 225 1
222: 0 1
223: 0 1
224: 0 1
225: 0 1
226: 0 1
227: 0 1
228: 0 1
229: 1 1
230: 0 1
231: 1 1
232: 1 1
233: 1 1
234: 26 1
235: 13 1
236: 0 1
237: 234 1
238: 200 1
239: 1 1
240: 523 1
241: 128 1
242: 5 1
243: 393 1
244: 1 1
245: 0 1
246: 0 1
247: 402 1
248: 714 1
249: 10 1
250: 1 1
251: 654 1
252: 27 1
253: 0 1
254: 1 1
255: 0 1
256: 420 1
257: 424 1
258: 0 1
259: 0 1
260: 1 1
261: 111 1
262: 39 1
263: 265 1
264: 0 1
265: 251 1
266: 0 1
267: 169 1
268: 0 1
269: 423 1
270: 601 1
271: 709 1
272: 69 1
273: 21 1
274: 1 1
275: 0 1
276: 0 1
277: 26 1
278: 261 1
279: 0 1
280: 506 1
281: 0 1
282: 0 1
283: 0 1
284: 0 1
285: 1 1
286: 3 1
287: 1 1
288: 7 1
289: 5 1
290: 0 1
291: 108 1
292: 142 1
293: 318 1
294: 0 1
295: 0 1
296: 0 1
297: 0 1
298: 1 1
299: 0 1
300: 1 1
301: 256 1
302: 0 1
303: 0 1
304: 0 1
305: 0 1
306: 1 1
307: 2 1
308: 0 1
309: 0 1
310: 0 1
311: 0 1
312: 1 1
313: 1 1
314: 1 1
315: 0 1
316: 0 1
317: 0 1
318: 0 1
319: 1 1
320: 0 1
321: 1 1
322: 0 1
323: 656 1
324: 0 1
325: 0 1
326: 124 1
327: 0 1
328: 1 1
329: 0 1
330: 1 1
331: 0 1
332: 0 1
333: 0 1
334: 0 1
335: 17 1
336: 1 1
337: 0 1
338: 1 0
339: 73 0
340: 0 0
341: 111 0
342: 0 0
343: 1 0
344: 0 0
345: 1 0
346: 3 0
347: 1 0
348: 1 0
349: 0 0
350: 0 0
351: 104 0
352: 401 0
353: 0 0
354: 70 0
355: 0 0
356: 0 0
357: 0 0
358: 1 0
359: 0 0
360: 1 0
361: 0 0
362: 0 0
363: 35 0
364: 0 0
365: 1 0
366: 0 0
367: 0 0
368: 0 0
369: 1 0
370: 0 0
371: 0 0
372: 19 0
373: 0 0
374: 0 0
375: 0 0
376: 95 0
377: 0 0
378: 0 0
379: 7 0
380: 50 0
381: 0 0
382: 0 0
383: 0 0
384: 0 0
385: 1 0
386: 3 0
387: 1 0
388: 0 0
389: 0 0
390: 0 0
391: 0 0
392: 1 0
393: 0 0
394: 0 0
395: 0 0
396: 1 0
397: 1 0
398: 0 0
399: 1 0
400: 1 0
401: 1 0
402: 196 0
403: 5 0
404: 6 0
405: 0 0
406: 1 0
407: 0 0
408: 0 0
409: 711 0
410: 508 0
411: 2 0
412: 713 0
413: 133 0
414: 388 0
415: 5 0
416: 0 0
417: 0 0
418: 0 0
419: 0 0
420: 1 0
421: 0 0
422: 0 0
423: 0 0
424: 0 0
425: 0 0
426: 11 0
427: 1 0
428: 0 0
429: 1 0
430: 1 0
431: 1 0
432: 0 0
433: 1 0
434: 1 0
435: 0 0
436: 1 0
437: 0 0
438: 0 0
439: 0 0
440: 0 0
441: 0 0
442: 0 0
443: 0 0
444: 0 0
445: 0 0
446: 1 0
447: 0 0
448: 0 0
449: 1 0
450: 0 0
451: 1 0
452: 1 0
453: 3 0
454: 1 0
455: 0 0
456: 0 0
457: 0 0
458: 0 0
459: 0 0
460: 0 0
461: 0 0
462: 0 0
463: 0 0
464: 456 0
465: 0 0
466: 1 0
467: 1 0
468: 1 0
469: 1 0
470: 1 0
471: 87 0
472: 0 0
473: 0 0
474: 0 0
475: 0 0
476: 0 0
477: 0 0
478: 0 0
479: 0 0
480: 42 0
481: 0 0
482: 0 0
483: 0 0
484: 0 0
485: 0 0
486: 0 0
487: 1 0
488: 0 0
489: 0 0
490: 183 0
491: 0 0
492: 0 0
493: 312 0
494: 0 0
495: 1 0
496: 0 0
497: 0 0
498: 0 0
499: 1 0
500: 0 0
