1: 719 1
2: 717 1
3: 717 1
4: 716 1
5: 716 1
6: 714 1
7: 716 1
8: 716 1
9: 716 1
10: 717 1
11: 716 1
12: 718 1
13: 562 1
14: 687 1
15: 715 1
16: 716 1
17: 716 1
18: 598 1
19: 716 1
20: 565 1
21: 518 1
22: 717 1
23: 717 1
24: 717 1
25: 716 1
26: 717 1
27: 717 1
28: 717 1
29: 717 1
30: 642 1
31: 716 0
32: 717 0
33: 712 0
34: 717 0
35: 77 0
36: 119 0
37: 717 0
38: 701 0
39: 416 0
40: 716 0
41: 0 0
42: 715 0
43: 716 0
44: 716 0
45: 564 0
46: 716 0
47: 651 0
48: 639 0
49: 717 0
50: 683 0
51: 348 0
52: 641 0
53: 658 0
54: 717 0
55: 621 0
56: 716 0
57: 716 0
58: 0 0
59: 5 0
60: 715 0
61: 716 0
62: 74 0
63: 586 0
64: 716 0
65: 44 0
66: 703 0
67: 432 0
68: 216 0
69: 647 0
70: 717 0
71: 716 0
72: 652 0
73: 619 0
74: 657 0
75: 714 0
76: 536 0
77: 717 0
78: 664 0
79: 0 0
80: 712 0
81: 685 0
82: 483 0
83: 668 0
84: 550 0
85: 716 0
86: 716 0
87: 717 0
88: 561 0
89: 685 0
90: 716 0
91: 567 0
92: 716 0
93: 716 0
94: 717 0
95: 716 0
96: 581 0
97: 562 0
98: 716 0
99: 716 0
100: 716 0
101: 608 0
102: 716 0
103: 694 0
104: 715 0
105: 631 0
106: 597 0
107: 704 0
108: 701 0
109: 662 0
110: 716 0
111: 716 0
112: 702 0
113: 288 0
114: 543 0
115: 716 0
116: 716 0
117: 550 0
118: 0 0
119: 716 0
120: 717 0
121: 716 0
122: 125 0
123: 318 0
124: 716 0
125: 714 0
126: 236 0
127: 312 0
128: 1 0
129: 632 0
130: 52 0
131: 716 0
132: 640 0
133: 489 0
134: 716 0
135: 714 0
136: 716 0
137: 714 0
138: 716 0
139: 715 0
140: 715 0
141: 717 0
142: 406 0
143: 715 0
144: 716 0
145: 715 0
146: 698 0
147: 716 0
148: 717 0
149: 591 0
150: 716 0
151: 716 0
152: 716 0
153: 567 0
154: 716 0
155: 694 0
156: 535 0
157: 604 0
158: 715 0
159: 716 0
160: 544 0
161: 716 0
162: 715 0
163: 716 0
164: 291 0
165: 157 0
166: 562 0
167: 395 0
168: 469 0
169: 717 0
170: 717 0
171: 716 0
172: 0 0
173: 716 0
174: 692 0
175: 716 0
176: 471 0
177: 693 0
178: 716 0
179: 716 0
180: 716 0
181: 689 0
182: 590 0
183: 715 0
184: 716 0
185: 676 0
186: 1 0
187: 533 0
188: 0 0
189: 7 0
190: 1 0
191: 313 0
192: 716 0
193: 716 0
194: 361 0
195: 137 0
196: 163 0
197: 622 0
198: 716 0
199: 716 0
200: 716 0
201: 716 0
202: 715 0
203: 684 0
204: 712 0
205: 674 0
206: 716 0
207: 712 0
208: 672 0
209: 507 0
210: 215 0
211: 716 0
212: 716 0
213: 716 0
214: 716 0
215: 716 0
216: 716 0
217: 716 0
218: 716 0
219: 716 0
220: 716 0
221: 716 0
222: 489 0
223: 716 0
224: 55 0
225: 654 0
226: 716 0
227: 709 0
228: 319 0
229: 704 0
230: 716 1
231: 717 1
232: 603 1
233: 569 1
234: 587 1
235: 3 1
236: 638 1
237: 0 1
238: 557 1
239: 716 1
240: 618 1
241: 716 1
242: 716 1
243: 716 1
244: 688 1
245: 716 1
246: 713 1
247: 716 1
248: 717 1
249: 716 1
250: 418 1
251: 241 1
252: 716 1
253: 714 1
254: 716 1
255: 716 1
256: 709 1
257: 716 1
258: 716 1
259: 716 1
260: 717 1
261: 716 1
262: 716 1
263: 644 1
264: 716 1
265: 716 1
266: 716 1
267: 716 1
268: 716 1
269: 716 1
270: 714 1
271: 621 1
272: 717 1
273: 602 1
274: 564 1
275: 676 1
276: 716 1
277: 329 1
278: 715 1
279: 652 1
280: 559 1
281: 716 1
282: 713 1
283: 699 1
284: 487 1
285: 716 1
286: 716 1
287: 667 1
288: 716 1
289: 437 1
290: 716 1
291: 708 1
292: 332 1
293: 716 1
294: 655 1
295: 716 1
296: 716 1
297: 716 1
298: 479 1
299: 548 1
300: 82 1
301: 716 1
302: 573 1
303: 0 1
304: 424 1
305: 715 1
306: 393 1
307: 716 1
308: 716 1
309: 698 1
310: 277 1
311: 716 1
312: 716 1
313: 716 1
314: 716 1
315: 49 1
316: 716 1
317: 716 1
318: 546 1
319: 716 1
320: 3 1
321: 487 1
322: 712 1
323: 716 1
324: 710 1
325: 716 1
326: 693 1
327: 716 1
328: 716 1
329: 716 1
330: 716 1
331: 716 1
332: 716 1
333: 632 1
334: 558 1
335: 687 1
336: 1 1
337: 716 1
338: 716 1
339: 58 1
340: 694 1
341: 715 1
342: 1 1
343: 717 1
344: 716 1
345: 679 1
346: 181 1
347: 674 1
348: 47 1
349: 0 1
350: 714 1
351: 99 1
352: 655 1
353: 695 1
354: 712 1
355: 716 1
356: 716 1
357: 307 1
358: 717 1
359: 717 1
360: 716 1
361: 275 1
362: 716 1
363: 716 1
364: 716 1
365: 567 1
366: 391 1
367: 209 1
368: 642 1
369: 154 1
370: 564 1
371: 0 1
372: 709 1
373: 377 1
374: 704 1
375: 716 1
376: 716 1
377: 664 1
378: 716 1
379: 698 1
380: 716 1
381: 716 1
382: 714 1
383: 521 1
384: 618 1
385: 419 1
386: 714 1
387: 4 1
388: 58 1
389: 697 1
390: 716 1
391: 716 1
392: 669 1
393: 714 1
394: 716 1
395: 716 1
396: 717 1
397: 715 1
398: 716 1
399: 716 1
400: 716 1
401: 716 1
402: 716 1
403: 162 1
404: 716 1
405: 714 1
406: 716 1
407: 716 1
408: 716 1
409: 715 1
410: 716 1
411: 716 1
412: 716 1
413: 716 1
414: 716 1
415: 717 1
416: 716 1
417: 716 1
418: 686 1
419: 716 1
420: 716 1
421: 716 1
422: 716 1
423: 690 1
424: 715 1
425: 716 1
426: 677 1
427: 716 0
428: 716 0
429: 716 0
430: 673 0
431: 716 0
432: 716 0
433: 715 0
434: 716 0
435: 716 0
436: 716 0
437: 716 0
438: 716 0
439: 715 0
440: 667 0
441: 716 0
442: 595 0
443: 716 0
444: 716 0
445: 404 0
446: 544 0
447: 615 0
448: 416 0
449: 716 0
450: 671 0
451: 1 0
452: 316 0
453: 473 0
454: 383 0
455: 716 0
456: 623 0
457: 716 0
458: 695 0
459: 717 0
460: 717 0
461: 716 0
462: 716 0
463: 1 0
464: 647 0
465: 716 0
466: 716 0
467: 1 0
468: 716 0
469: 250 0
470: 715 0
471: 658 0
472: 693 0
473: 682 0
474: 663 0
475: 716 0
476: 716 0
477: 710 0
478: 716 0
479: 716 0
480: 658 0
481: 716 0
482: 716 0
483: 716 0
484: 716 0
485: 610 0
486: 693 0
487: 715 0
488: 715 0
489: 365 0
490: 716 0
491: 715 0
492: 0 0
493: 0 0
494: 716 0
495: 704 0
496: 678 0
497: 540 0
498: 474 0
499: 715 0
500: 716 0
