1: 678 0
2: 716 0
3: 654 0
4: 716 0
5: 716 0
6: 209 0
7: 159 0
8: 282 0
9: 1 0
10: 601 0
11: 716 0
12: 0 0
13: 445 0
14: 715 0
15: 709 0
16: 692 0
17: 704 0
18: 1 0
19: 695 0
20: 694 0
21: 188 0
22: 714 0
23: 0 0
24: 530 0
25: 281 0
26: 714 1
27: 17 1
28: 368 1
29: 103 1
30: 4 1
31: 715 1
32: 715 1
33: 30 1
34: 0 1
35: 648 1
36: 3 1
37: 142 1
38: 1 1
39: 715 1
40: 194 1
41: 650 1
42: 204 1
43: 715 1
44: 647 1
45: 659 1
46: 122 1
47: 6 1
48: 9 1
49: 382 1
50: 0 1
51: 705 1
52: 190 1
53: 716 1
54: 714 1
55: 193 1
56: 78 1
57: 182 1
58: 715 1
59: 612 1
60: 271 1
61: 395 1
62: 715 1
63: 685 1
64: 703 1
65: 0 1
66: 150 1
67: 0 1
68: 707 1
69: 215 1
70: 658 1
71: 0 1
72: 272 1
73: 706 1
74: 134 1
75: 669 1
76: 290 1
77: 0 1
78: 84 1
79: 366 1
80: 222 1
81: 715 1
82: 83 1
83: 10 1
84: 70 1
85: 210 1
86: 0 1
87: 286 1
88: 0 1
89: 0 1
90: 15 1
91: 387 1
92: 305 1
93: 633 1
94: 246 1
95: 577 1
96: 0 1
97: 0 1
98: 25 1
99: 40 1
100: 0 1
101: 503 1
102: 0 1
103: 380 1
104: 0 1
105: 711 1
106: 289 1
107: 142 1
108: 180 1
109: 37 1
110: 121 1
111: 0 1
112: 298 1
113: 307 1
114: 1 1
115: 165 1
116: 20 1
117: 1 1
118: 304 1
119: 7 1
120: 0 1
121: 95 1
122: 2 1
123: 710 1
124: 3 1
125: 288 1
126: 1 1
127: 663 1
128: 62 1
129: 81 1
130: 1 1
131: 711 1
132: 21 1
133: 610 1
134: 710 1
135: 4 1
136: 107 1
137: 85 1
138: 23 1
139: 8 1
140: 712 1
141: 123 1
142: 0 1
143: 0 1
144: 1 1
145: 0 1
146: 715 1
147: 90 1
148: 631 1
149: 533 1
150: 558 1
151: 1 1
152: 0 1
153: 1 1
154: 13 1
155: 0 1
156: 256 1
157: 424 1
158: 0 1
159: 169 1
160: 1 1
161: 0 1
162: 1 1
163: 186 1
164: 540 1
165: 276 1
166: 33 1
167: 505 1
168: 0 1
169: 0 1
170: 652 1
171: 1 1
172: 0 1
173: 4 1
174: 511 1
175: 291 1
176: 1 1
177: 573 1
178: 1 1
179: 31 1
180: 0 1
181: 5 1
182: 3 1
183: 55 1
184: 432 1
185: 1 1
186: 0 1
187: 1 1
188: 1 1
189: 0 1
190: 252 1
191: 0 1
192: 138 1
193: 690 1
194: 214 1
195: 222 1
196: 543 1
197: 133 1
198: 6 1
199: 6 1
200: 339 1
201: 23 1
202: 148 1
203: 178 1
204: 0 1
205: 0 1
206: 1 1
207: 9 1
208: 395 1
209: 0 1
210: 0 1
211: 0 1
212: 677 1
213: 34 1
214: 0 1
215: 0 1
216: 0 1
217: 715 1
218: 343 1
219: 688 1
220: 202 1
221: 1 1
222: 710 1
223: 716 1
224: 23 1
225: 446 1
226: 349 1
227: 389 0
228: 0 0
229: 715 0
230: 715 0
231: 714 0
232: 714 0
233: 14 0
234: 414 0
235: 0 0
236: 426 0
237: 56 0
238: 259 0
239: 21 0
240: 704 0
241: 9 0
242: 12 0
243: 432 0
244: 696 0
245: 634 0
246: 51 0
247: 377 0
248: 1 0
249: 2 0
250: 715 0
251: 555 0
252: 209 0
253: 114 0
254: 0 0
255: 363 0
256: 0 0
257: 185 0
258: 0 0
259: 235 0
260: 0 0
261: 19 0
262: 716 0
263: 29 0
264: 7 0
265: 4 0
266: 0 0
267: 15 0
268: 0 0
269: 96 0
270: 1 0
271: 409 0
272: 714 0
273: 603 0
274: 1 0
275: 177 0
276: 536 0
277: 714 0
278: 714 0
279: 139 0
280: 716 0
281: 715 0
282: 344 0
283: 1 0
284: 99 0
285: 230 0
286: 414 0
287: 0 0
288: 196 0
289: 220 0
290: 24 0
291: 0 0
292: 1 0
293: 15 0
294: 604 0
295: 0 0
296: 125 0
297: 1 0
298: 607 0
299: 1 0
300: 26 0
301: 1 0
302: 6 0
303: 154 0
304: 716 0
305: 331 0
306: 213 0
307: 22 0
308: 715 0
309: 405 0
310: 694 0
311: 0 0
312: 69 0
313: 152 0
314: 0 0
315: 0 0
316: 77 0
317: 0 0
318: 51 0
319: 0 0
320: 0 0
321: 7 0
322: 0 0
323: 0 0
324: 0 0
325: 1 0
326: 29 0
327: 608 0
328: 712 0
329: 1 0
330: 393 0
331: 4 0
332: 0 0
333: 0 0
334: 0 0
335: 1 0
336: 402 0
337: 59 0
338: 693 0
339: 0 0
340: 0 0
341: 0 0
342: 390 0
343: 130 0
344: 226 0
345: 186 0
346: 715 0
347: 88 0
348: 4 0
349: 624 0
350: 711 0
351: 715 0
352: 132 0
353: 652 0
354: 679 0
355: 432 0
356: 38 0
357: 413 0
358: 554 0
359: 185 0
360: 264 0
361: 0 0
362: 628 0
363: 710 0
364: 195 0
365: 697 0
366: 497 0
367: 716 0
368: 522 0
369: 5 0
370: 0 0
371: 0 0
372: 15 0
373: 0 0
374: 0 0
375: 0 0
376: 0 0
377: 1 0
378: 0 0
379: 0 0
380: 235 0
381: 0 0
382: 1 0
383: 0 0
384: 1 0
385: 1 0
386: 1 0
387: 0 0
388: 0 0
389: 0 0
390: 0 0
391: 74 0
392: 0 0
393: 0 0
394: 0 0
395: 1 0
396: 0 0
397: 0 0
398: 0 0
399: 0 0
400: 0 0
401: 0 0
402: 0 0
403: 0 0
404: 0 0
405: 0 0
406: 0 0
407: 0 0
408: 0 0
409: 0 0
410: 1 0
411: 117 0
412: 0 0
413: 1 0
414: 0 0
415: 0 0
416: 0 0
417: 0 0
418: 0 0
419: 53 0
420: 0 0
421: 0 0
422: 1 0
423: 0 0
424: 0 0
425: 1 0
426: 1 0
427: 0 0
428: 1 0
429: 1 1
430: 0 1
431: 0 1
432: 0 1
433: 0 1
434: 0 1
435: 0 1
436: 0 1
437: 0 1
438: 0 1
439: 0 1
440: 0 1
441: 0 1
442: 5 1
443: 0 1
444: 1 1
445: 0 1
446: 0 1
447: 0 1
448: 622 1
449: 12 1
450: 3 1
451: 0 1
452: 30 1
453: 65 1
454: 0 1
455: 0 1
456: 1 1
457: 72 1
458: 0 1
459: 553 1
460: 299 1
461: 0 1
462: 0 1
463: 0 1
464: 0 1
465: 0 1
466: 0 1
467: 61 1
468: 0 1
469: 1 1
470: 0 1
471: 1 1
472: 545 1
473: 0 1
474: 0 1
475: 0 1
476: 669 1
477: 0 1
478: 1 1
479: 1 1
480: 1 1
481: 0 1
482: 0 1
483: 1 1
484: 1 1
485: 281 1
486: 0 1
487: 39 1
488: 671 1
489: 232 1
490: 0 1
491: 395 1
492: 27 1
493: 7 1
494: 0 1
495: 0 1
496: 0 1
497: 1 1
498: 23 1
499: 1 1
500: 0 1
