1: 550 1
2: 550 1
3: 551 1
4: 544 1
5: 554 1
6: 546 1
7: 552 1
8: 544 1
9: 541 1
10: 553 1
11: 553 1
12: 555 1
13: 556 1
14: 545 1
15: 548 1
16: 548 1
17: 549 1
18: 554 1
19: 544 1
20: 555 1
21: 547 1
22: 556 1
23: 545 1
24: 549 1
25: 548 1
26: 546 1
27: 546 1
28: 546 1
29: 549 1
30: 541 1
31: 548 1
32: 551 1
33: 554 1
34: 549 1
35: 554 1
36: 550 1
37: 549 1
38: 551 0
39: 550 0
40: 543 0
41: 551 0
42: 553 0
43: 551 0
44: 554 0
45: 558 0
46: 552 0
47: 549 0
48: 547 0
49: 542 0
50: 550 0
51: 547 0
52: 544 0
53: 548 0
54: 555 0
55: 550 0
56: 553 0
57: 555 0
58: 546 0
59: 548 0
60: 547 0
61: 544 0
62: 555 0
63: 549 0
64: 546 0
65: 545 0
66: 551 0
67: 550 0
68: 547 0
69: 544 0
70: 552 0
71: 555 0
72: 545 0
73: 559 0
74: 556 0
75: 549 0
76: 546 0
77: 556 0
78: 544 0
79: 551 0
80: 544 0
81: 546 0
82: 547 0
83: 548 0
84: 551 0
85: 556 0
86: 556 0
87: 546 0
88: 544 0
89: 554 0
90: 555 0
91: 551 0
92: 546 0
93: 548 0
94: 550 0
95: 550 0
96: 550 0
97: 552 0
98: 553 0
99: 549 0
100: 550 0
101: 555 0
102: 554 0
103: 542 0
104: 549 0
105: 555 0
106: 545 0
107: 545 0
108: 553 0
109: 553 0
110: 549 0
111: 555 0
112: 544 0
113: 550 0
114: 547 0
115: 548 0
116: 544 0
117: 545 0
118: 556 0
119: 545 0
120: 548 0
121: 551 0
122: 555 0
123: 556 0
124: 556 0
125: 550 0
126: 545 0
127: 549 0
128: 550 0
129: 550 0
130: 552 0
131: 549 0
132: 547 0
133: 544 0
134: 556 0
135: 546 0
136: 553 0
137: 545 0
138: 553 0
139: 552 0
140: 550 0
141: 556 0
142: 545 0
143: 548 0
144: 556 0
145: 544 0
146: 546 0
147: 546 0
148: 552 0
149: 551 0
150: 557 0
151: 557 0
152: 554 0
153: 552 0
154: 539 0
155: 546 0
156: 551 0
157: 550 0
158: 547 0
159: 550 0
160: 553 0
161: 551 0
162: 543 0
163: 552 0
164: 544 0
165: 545 0
166: 549 0
167: 546 0
168: 549 0
169: 547 0
170: 551 0
171: 547 0
172: 554 0
173: 546 0
174: 553 0
175: 543 0
176: 555 0
177: 549 0
178: 554 0
179: 547 0
180: 549 0
181: 550 0
182: 551 0
183: 544 0
184: 545 0
185: 547 0
186: 553 0
187: 544 0
188: 552 0
189: 557 0
190: 551 0
191: 550 0
192: 546 0
193: 545 0
194: 548 0
195: 545 0
196: 556 0
197: 551 0
198: 554 0
199: 553 0
200: 548 0
201: 551 0
202: 545 0
203: 548 0
204: 554 0
205: 550 0
206: 552 0
207: 548 0
208: 549 0
209: 552 0
210: 552 0
211: 547 0
212: 555 0
213: 547 0
214: 547 0
215: 553 0
216: 544 0
217: 545 0
218: 554 0
219: 549 0
220: 550 0
221: 549 0
222: 556 0
223: 555 0
224: 558 0
225: 551 0
226: 546 0
227: 552 0
228: 546 0
229: 550 0
230: 546 0
231: 545 0
232: 551 0
233: 556 0
234: 556 0
235: 550 0
236: 552 0
237: 555 1
238: 555 1
239: 552 1
240: 552 1
241: 546 1
242: 547 1
243: 545 1
244: 550 1
245: 541 1
246: 551 1
247: 548 1
248: 545 1
249: 557 1
250: 557 1
251: 545 1
252: 549 1
253: 549 1
254: 554 1
255: 558 1
256: 543 1
257: 554 1
258: 562 1
259: 553 1
260: 552 1
261: 547 1
262: 553 1
263: 558 1
264: 545 1
265: 553 1
266: 551 1
267: 544 1
268: 550 1
269: 544 1
270: 553 1
271: 554 1
272: 547 1
273: 552 1
274: 549 1
275: 550 1
276: 555 1
277: 546 1
278: 546 1
279: 542 1
280: 551 1
281: 549 1
282: 554 1
283: 556 1
284: 554 1
285: 555 1
286: 552 1
287: 556 1
288: 547 1
289: 552 1
290: 549 1
291: 551 1
292: 550 1
293: 544 1
294: 547 1
295: 552 1
296: 548 1
297: 558 1
298: 548 1
299: 557 1
300: 555 1
301: 548 1
302: 554 1
303: 548 1
304: 553 1
305: 555 1
306: 545 1
307: 554 1
308: 551 1
309: 549 1
310: 544 1
311: 554 1
312: 548 1
313: 549 1
314: 544 1
315: 546 1
316: 556 1
317: 552 1
318: 553 1
319: 551 1
320: 556 1
321: 557 1
322: 551 1
323: 552 1
324: 546 1
325: 552 1
326: 547 1
327: 559 1
328: 553 1
329: 556 1
330: 556 1
331: 551 1
332: 551 1
333: 554 1
334: 552 1
335: 548 1
336: 555 1
337: 554 1
338: 557 1
339: 548 1
340: 554 1
341: 553 1
342: 547 1
343: 547 1
344: 546 1
345: 554 1
346: 547 1
347: 549 1
348: 559 1
349: 548 1
350: 552 1
351: 547 1
352: 552 1
353: 557 1
354: 549 1
355: 549 1
356: 556 1
357: 551 1
358: 560 1
359: 548 1
360: 555 1
361: 562 1
362: 551 1
363: 547 1
364: 553 1
365: 552 1
366: 553 1
367: 556 1
368: 555 1
369: 555 1
370: 555 1
371: 556 1
372: 548 1
373: 546 1
374: 559 1
375: 548 1
376: 554 1
377: 554 1
378: 551 1
379: 555 1
380: 556 1
381: 558 1
382: 551 1
383: 548 1
384: 551 1
385: 550 1
386: 549 1
387: 555 1
388: 559 1
389: 548 1
390: 556 1
391: 545 1
392: 549 1
393: 546 1
394: 554 1
395: 555 1
396: 547 1
397: 550 1
398: 549 1
399: 544 1
400: 547 1
401: 546 1
402: 552 1
403: 554 1
404: 554 1
405: 546 1
406: 548 1
407: 558 1
408: 553 1
409: 554 1
410: 544 1
411: 553 1
412: 549 1
413: 554 1
414: 556 1
415: 553 1
416: 557 1
417: 559 1
418: 549 1
419: 549 1
420: 551 1
421: 547 1
422: 555 1
423: 546 1
424: 548 1
425: 554 1
426: 559 1
427: 552 1
428: 553 1
429: 552 1
430: 555 1
431: 552 1
432: 558 1
433: 546 0
434: 554 0
435: 559 0
436: 547 0
437: 551 0
438: 554 0
439: 544 0
440: 546 0
441: 552 0
442: 553 0
443: 547 0
444: 547 0
445: 551 0
446: 546 0
447: 553 0
448: 555 0
449: 548 0
450: 548 0
451: 549 0
452: 547 0
453: 546 0
454: 553 0
455: 552 0
456: 545 0
457: 548 0
458: 548 0
459: 554 0
460: 553 0
461: 558 0
462: 555 0
463: 551 0
464: 554 0
465: 554 0
466: 549 0
467: 547 0
468: 548 0
469: 551 0
470: 549 0
471: 549 0
472: 547 0
473: 549 0
474: 547 0
475: 552 0
476: 553 0
477: 549 0
478: 553 0
479: 546 0
480: 549 0
481: 550 0
482: 557 0
483: 556 0
484: 549 0
485: 555 0
486: 550 0
487: 554 0
488: 547 0
489: 549 0
490: 556 0
491: 558 0
492: 556 0
493: 545 0
494: 548 0
495: 547 0
496: 552 0
497: 550 0
498: 559 0
499: 545 0
500: 559 0
