1: 1 1
2: 1 1
3: 224 1
4: 1 1
5: 0 1
6: 0 1
7: 0 1
8: 103 1
9: 0 1
10: 0 1
11: 0 1
12: 0 1
13: 0 1
14: 1 1
15: 0 1
16: 0 1
17: 0 1
18: 1 1
19: 0 0
20: 1 0
21: 0 0
22: 0 0
23: 0 0
24: 4 0
25: 0 0
26: 0 0
27: 0 0
28: 1 0
29: 73 0
30: 0 0
31: 0 0
32: 0 0
33: 0 0
34: 0 0
35: 0 0
36: 274 0
37: 0 0
38: 1 0
39: 1 0
40: 0 0
41: 0 0
42: 0 0
43: 0 0
44: 0 0
45: 0 0
46: 0 0
47: 0 0
48: 38 0
49: 0 0
50: 0 0
51: 0 0
52: 0 0
53: 0 0
54: 0 0
55: 0 0
56: 0 0
57: 0 0
58: 0 0
59: 0 0
60: 0 0
61: 0 0
62: 21 0
63: 0 0
64: 0 0
65: 0 0
66: 0 0
67: 0 0
68: 0 0
69: 13 0
70: 108 0
71: 0 0
72: 0 0
73: 3 0
74: 0 0
75: 0 0
76: 1 0
77: 0 0
78: 0 0
79: 19 0
80: 590 0
81: 0 0
82: 0 0
83: 86 0
84: 0 0
85: 0 0
86: 2 0
87: 0 0
88: 6 0
89: 0 0
90: 0 0
91: 0 0
92: 0 0
93: 0 0
94: 0 0
95: 0 0
96: 0 0
97: 0 0
98: 0 0
99: 0 0
100: 14 0
101: 1 0
102: 0 0
103: 3 0
104: 0 0
105: 0 0
106: 1 0
107: 0 0
108: 0 0
109: 0 0
110: 0 0
111: 29 0
112: 0 0
113: 267 0
114: 0 0
115: 0 0
116: 0 0
117: 5 0
118: 38 0
119: 0 0
120: 13 0
121: 79 0
122: 1 0
123: 0 0
124: 0 0
125: 633 0
126: 51 0
127: 715 0
128: 1 0
129: 10 0
130: 0 0
131: 1 0
132: 1 0
133: 0 0
134: 1 0
135: 0 0
136: 1 0
137: 1 0
138: 174 0
139: 0 0
140: 0 0
141: 66 0
142: 0 0
143: 1 0
144: 0 0
145: 1 0
146: 0 0
147: 0 0
148: 1 0
149: 1 0
150: 0 0
151: 0 0
152: 0 0
153: 149 0
154: 282 0
155: 0 0
156: 0 0
157: 0 0
158: 1 0
159: 8 0
160: 1 0
161: 1 0
162: 3 0
163: 0 0
164: 0 0
165: 1 0
166: 1 0
167: 0 0
168: 1 0
169: 21 0
170: 1 0
171: 0 0
172: 115 0
173: 0 0
174: 0 0
175: 1 0
176: 15 0
177: 0 0
178: 0 0
179: 1 0
180: 0 0
181: 162 0
182: 43 0
183: 1 0
184: 0 0
185: 0 0
186: 0 0
187: 14 0
188: 1 0
189: 13 0
190: 3 0
191: 0 0
192: 1 0
193: 0 0
194: 0 0
195: 1 0
196: 1 0
197: 1 0
198: 0 0
199: 1 0
200: 0 0
201: 1 0
202: 89 0
203: 1 0
204: 2 0
205: 95 0
206: 467 0
207: 0 0
208: 0 0
209: 0 0
210: 1 0
211: 0 0
212: 1 0
213: 1 0
214: 217 0
215: 1 0
216: 1 0
217: 177 0
218: 1 0
219: 0 0
220: 373 0
221: 127 0
222: 0 0
223: 0 0
224: 0 0
225: 89 1
226: 179 1
227: 1 1
228: 1 1
229: 0 1
230: 1 1
231: 44 1
232: 0 1
233: 327 1
234: 0 1
235: 1 1
236: 619 1
237: 0 1
238: 0 1
239: 1 1
240: 0 1
241: 0 1
242: 0 1
243: 70 1
244: 154 1
245: 9 1
246: 0 1
247: 0 1
248: 0 1
249: 0 1
250: 1 1
251: 0 1
252: 25 1
253: 16 1
254: 114 1
255: 7 1
256: 661 1
257: 279 1
258: 711 1
259: 715 1
260: 172 1
261: 49 1
262: 1 1
263: 714 1
264: 539 1
265: 715 1
266: 714 1
267: 661 1
268: 701 1
269: 715 1
270: 715 1
271: 715 1
272: 79 1
273: 662 1
274: 715 1
275: 715 1
276: 716 1
277: 715 1
278: 500 1
279: 1 1
280: 714 1
281: 373 1
282: 714 1
283: 641 1
284: 459 1
285: 714 1
286: 703 1
287: 571 1
288: 91 1
289: 399 1
290: 399 1
291: 412 1
292: 209 1
293: 453 1
294: 714 1
295: 716 1
296: 621 1
297: 620 1
298: 212 1
299: 644 1
300: 717 1
301: 1 1
302: 318 1
303: 574 1
304: 715 1
305: 505 1
306: 715 1
307: 246 1
308: 715 1
309: 714 1
310: 622 1
311: 275 1
312: 183 1
313: 15 1
314: 706 1
315: 664 1
316: 715 1
317: 716 1
318: 681 1
319: 715 1
320: 705 1
321: 709 1
322: 156 1
323: 29 1
324: 558 1
325: 75 1
326: 17 1
327: 289 1
328: 1 1
329: 666 1
330: 1 1
331: 713 1
332: 107 1
333: 413 1
334: 0 1
335: 248 1
336: 649 1
337: 712 1
338: 684 1
339: 17 1
340: 714 1
341: 650 1
342: 82 1
343: 548 1
344: 712 1
345: 3 1
346: 693 1
347: 47 1
348: 712 1
349: 624 1
350: 653 1
351: 695 1
352: 1 1
353: 637 1
354: 246 1
355: 712 1
356: 52 1
357: 1 1
358: 44 1
359: 663 1
360: 619 1
361: 543 1
362: 713 1
363: 668 1
364: 713 1
365: 712 1
366: 705 1
367: 711 1
368: 712 1
369: 570 1
370: 694 1
371: 712 1
372: 705 1
373: 713 1
374: 714 1
375: 712 1
376: 1 1
377: 5 1
378: 230 1
379: 0 1
380: 713 1
381: 46 1
382: 557 1
383: 576 1
384: 211 1
385: 379 1
386: 1 1
387: 714 1
388: 194 1
389: 302 1
390: 712 1
391: 713 1
392: 519 1
393: 221 1
394: 706 1
395: 593 1
396: 159 1
397: 310 1
398: 712 1
399: 0 1
400: 0 1
401: 3 1
402: 478 1
403: 468 1
404: 602 1
405: 452 1
406: 618 1
407: 696 1
408: 713 1
409: 123 1
410: 70 1
411: 706 1
412: 2 1
413: 704 1
414: 710 1
415: 518 1
416: 13 1
417: 0 1
418: 90 1
419: 688 1
420: 519 1
421: 3 1
422: 640 1
423: 0 0
424: 97 0
425: 0 0
426: 605 0
427: 564 0
428: 0 0
429: 711 0
430: 153 0
431: 12 0
432: 0 0
433: 714 0
434: 529 0
435: 484 0
436: 437 0
437: 0 0
438: 201 0
439: 694 0
440: 0 0
441: 37 0
442: 1 0
443: 1 0
444: 0 0
445: 0 0
446: 0 0
447: 0 0
448: 521 0
449: 146 0
450: 0 0
451: 341 0
452: 3 0
453: 1 0
454: 638 0
455: 43 0
456: 711 0
457: 713 0
458: 713 0
459: 712 0
460: 713 0
461: 712 0
462: 713 0
463: 687 0
464: 411 0
465: 708 0
466: 234 0
467: 0 0
468: 9 0
469: 570 0
470: 659 0
471: 690 0
472: 698 0
473: 712 0
474: 712 0
475: 642 0
476: 0 0
477: 658 0
478: 711 0
479: 546 0
480: 58 0
481: 649 0
482: 452 0
483: 707 0
484: 306 0
485: 681 0
486: 1 0
487: 712 0
488: 75 0
489: 648 0
490: 131 0
491: 712 0
492: 170 0
493: 677 0
494: 157 0
495: 572 0
496: 712 0
497: 113 0
498: 697 0
499: 0 0
500: 207 0
