1: 716 1
2: 713 1
3: 713 1
4: 713 1
5: 713 1
6: 714 1
7: 714 1
8: 713 1
9: 713 1
10: 713 1
11: 714 1
12: 715 1
13: 717 1
14: 715 1
15: 715 1
16: 714 1
17: 713 1
18: 713 1
19: 714 1
20: 715 1
21: 713 1
22: 715 1
23: 713 1
24: 713 1
25: 713 1
26: 713 1
27: 713 1
28: 713 1
29: 713 1
30: 714 1
31: 714 1
32: 713 1
33: 713 1
34: 713 1
35: 713 1
36: 713 1
37: 713 1
38: 714 1
39: 713 1
40: 714 1
41: 713 1
42: 713 1
43: 713 1
44: 713 1
45: 714 1
46: 716 1
47: 716 1
48: 716 1
49: 715 1
50: 715 1
51: 715 1
52: 715 1
53: 715 1
54: 715 1
55: 715 1
56: 715 1
57: 715 1
58: 715 1
59: 715 1
60: 715 1
61: 715 1
62: 715 1
63: 715 1
64: 715 1
65: 715 1
66: 715 1
67: 715 1
68: 715 1
69: 715 1
70: 715 1
71: 715 1
72: 715 1
73: 715 1
74: 715 1
75: 715 1
76: 714 1
77: 715 1
78: 715 1
79: 715 1
80: 716 1
81: 715 1
82: 715 1
83: 715 1
84: 715 1
85: 715 1
86: 715 1
87: 715 1
88: 714 1
89: 715 1
90: 715 1
91: 715 1
92: 715 1
93: 715 1
94: 715 1
95: 715 1
96: 715 1
97: 715 1
98: 715 1
99: 715 1
100: 716 1
101: 716 1
102: 715 1
103: 716 1
104: 715 1
105: 716 1
106: 715 1
107: 716 1
108: 716 1
109: 716 1
110: 716 1
111: 716 1
112: 715 1
113: 716 1
114: 716 1
115: 715 1
116: 716 1
117: 715 1
118: 715 1
119: 715 1
120: 715 1
121: 715 1
122: 715 1
123: 714 1
124: 715 1
125: 714 1
126: 715 1
127: 714 1
128: 714 1
129: 714 1
130: 715 1
131: 715 1
132: 715 1
133: 714 1
134: 715 1
135: 714 1
136: 714 1
137: 715 1
138: 715 1
139: 715 1
140: 715 1
141: 715 1
142: 715 1
143: 715 1
144: 715 1
145: 715 1
146: 715 1
147: 714 1
148: 715 1
149: 715 1
150: 715 1
151: 715 1
152: 715 1
153: 715 1
154: 715 1
155: 715 1
156: 715 1
157: 714 1
158: 715 1
159: 715 1
160: 715 1
161: 715 1
162: 715 1
163: 715 1
164: 715 1
165: 714 1
166: 715 1
167: 715 1
168: 715 1
169: 715 1
170: 715 1
171: 715 1
172: 715 1
173: 715 1
174: 715 1
175: 715 1
176: 715 1
177: 715 1
178: 715 1
179: 715 1
180: 715 1
181: 715 1
182: 715 1
183: 714 1
184: 715 1
185: 715 1
186: 716 1
187: 715 1
188: 715 1
189: 715 1
190: 715 1
191: 715 1
192: 715 1
193: 716 1
194: 715 1
195: 715 1
196: 715 1
197: 716 1
198: 714 0
199: 714 0
200: 714 0
201: 714 0
202: 715 0
203: 714 0
204: 713 0
205: 715 0
206: 715 0
207: 714 0
208: 714 0
209: 714 0
210: 714 0
211: 714 0
212: 715 0
213: 715 0
214: 714 0
215: 715 0
216: 714 0
217: 714 0
218: 715 0
219: 715 0
220: 714 0
221: 714 0
222: 714 0
223: 714 0
224: 714 0
225: 715 0
226: 715 0
227: 715 0
228: 715 0
229: 714 0
230: 715 0
231: 714 0
232: 715 0
233: 715 0
234: 715 0
235: 715 0
236: 715 0
237: 714 0
238: 714 0
239: 715 0
240: 715 0
241: 715 0
242: 715 0
243: 715 0
244: 715 0
245: 714 0
246: 714 0
247: 714 0
248: 715 0
249: 714 0
250: 714 0
251: 715 0
252: 714 0
253: 715 0
254: 714 0
255: 715 0
256: 714 0
257: 715 0
258: 715 0
259: 715 0
260: 714 0
261: 714 0
262: 715 0
263: 714 0
264: 715 0
265: 715 0
266: 714 0
267: 716 0
268: 715 0
269: 715 0
270: 715 0
271: 714 0
272: 715 0
273: 715 0
274: 714 0
275: 715 0
276: 715 0
277: 715 0
278: 714 0
279: 714 0
280: 714 0
281: 714 0
282: 714 0
283: 714 0
284: 715 0
285: 715 0
286: 714 0
287: 715 0
288: 715 0
289: 715 0
290: 715 0
291: 715 0
292: 715 0
293: 715 0
294: 714 0
295: 715 0
296: 715 0
297: 715 0
298: 715 0
299: 715 0
300: 715 0
301: 715 0
302: 715 0
303: 715 0
304: 715 0
305: 715 0
306: 715 0
307: 715 0
308: 715 0
309: 714 0
310: 715 0
311: 715 0
312: 715 0
313: 715 0
314: 715 0
315: 715 0
316: 715 0
317: 715 0
318: 715 0
319: 715 0
320: 715 0
321: 715 0
322: 715 0
323: 715 0
324: 715 0
325: 715 0
326: 715 0
327: 715 0
328: 715 0
329: 715 0
330: 715 0
331: 715 0
332: 716 0
333: 715 0
334: 714 0
335: 714 0
336: 714 0
337: 715 0
338: 715 0
339: 715 0
340: 715 0
341: 715 0
342: 715 0
343: 715 0
344: 715 0
345: 715 0
346: 714 0
347: 715 0
348: 716 0
349: 715 0
350: 715 0
351: 715 0
352: 715 0
353: 715 0
354: 715 0
355: 715 0
356: 715 0
357: 715 0
358: 715 0
359: 715 0
360: 715 0
361: 715 0
362: 714 0
363: 714 0
364: 715 0
365: 714 0
366: 714 0
367: 714 0
368: 714 0
369: 714 0
370: 714 0
371: 715 0
372: 715 0
373: 714 0
374: 715 0
375: 715 0
376: 715 0
377: 715 0
378: 715 0
379: 715 0
380: 714 0
381: 715 0
382: 714 0
383: 714 0
384: 714 0
385: 714 0
386: 714 0
387: 714 0
388: 715 0
389: 714 0
390: 715 0
391: 715 0
392: 714 0
393: 714 0
394: 714 0
395: 715 1
396: 715 1
397: 715 1
398: 715 1
399: 715 1
400: 715 1
401: 715 1
402: 715 1
403: 715 1
404: 715 1
405: 714 1
406: 715 1
407: 715 1
408: 715 1
409: 715 1
410: 715 1
411: 715 1
412: 715 1
413: 715 1
414: 715 1
415: 715 1
416: 715 1
417: 714 1
418: 715 1
419: 715 1
420: 715 1
421: 715 1
422: 716 1
423: 715 1
424: 715 1
425: 715 1
426: 715 1
427: 715 1
428: 715 1
429: 715 1
430: 718 1
431: 716 1
432: 717 1
433: 716 1
434: 716 1
435: 716 1
436: 716 1
437: 717 1
438: 717 1
439: 716 1
440: 716 1
441: 716 1
442: 716 1
443: 716 1
444: 716 1
445: 716 1
446: 717 1
447: 716 1
448: 716 1
449: 716 1
450: 715 1
451: 716 1
452: 716 1
453: 716 1
454: 716 1
455: 716 1
456: 716 1
457: 716 1
458: 716 1
459: 716 1
460: 716 1
461: 716 1
462: 716 1
463: 716 1
464: 716 1
465: 716 1
466: 716 1
467: 716 1
468: 716 1
469: 716 1
470: 716 1
471: 716 1
472: 715 1
473: 716 1
474: 716 1
475: 716 1
476: 716 1
477: 716 1
478: 716 1
479: 716 1
480: 716 1
481: 716 1
482: 716 1
483: 716 1
484: 716 1
485: 716 1
486: 716 1
487: 716 1
488: 716 1
489: 716 1
490: 716 1
491: 716 1
492: 716 1
493: 717 1
494: 718 1
495: 716 1
496: 716 1
497: 717 1
498: 716 1
499: 716 1
500: 716 1
