1: 253 0
2: 30 0
3: 1 0
4: 139 0
5: 1 0
6: 1 0
7: 82 0
8: 0 0
9: 0 0
10: 180 0
11: 8 0
12: 0 0
13: 525 0
14: 9 0
15: 0 0
16: 0 0
17: 3 0
18: 0 0
19: 0 0
20: 0 0
21: 18 0
22: 0 0
23: 1 0
24: 0 0
25: 0 1
26: 1 1
27: 639 1
28: 149 1
29: 0 1
30: 0 1
31: 0 1
32: 0 1
33: 410 1
34: 12 1
35: 0 1
36: 0 1
37: 50 1
38: 0 1
39: 0 1
40: 53 1
41: 0 1
42: 184 1
43: 8 1
44: 130 1
45: 0 1
46: 717 1
47: 461 1
48: 287 1
49: 0 1
50: 0 1
51: 0 1
52: 2 1
53: 99 1
54: 1 1
55: 353 1
56: 0 1
57: 0 1
58: 40 1
59: 81 1
60: 66 1
61: 250 1
62: 136 1
63: 111 1
64: 0 1
65: 0 1
66: 0 1
67: 0 1
68: 14 1
69: 0 1
70: 0 1
71: 210 1
72: 489 1
73: 140 1
74: 0 1
75: 0 1
76: 153 1
77: 0 1
78: 0 1
79: 675 1
80: 0 1
81: 717 1
82: 426 1
83: 0 1
84: 714 1
85: 437 1
86: 2 1
87: 0 1
88: 24 1
89: 248 1
90: 563 1
91: 575 1
92: 173 1
93: 716 1
94: 561 1
95: 111 1
96: 707 1
97: 442 1
98: 659 1
99: 0 1
100: 460 1
101: 508 1
102: 681 1
103: 594 1
104: 591 1
105: 716 1
106: 378 1
107: 419 1
108: 0 1
109: 647 1
110: 1 1
111: 0 1
112: 180 1
113: 0 1
114: 1 1
115: 1 1
116: 0 1
117: 267 1
118: 14 1
119: 257 1
120: 173 1
121: 112 1
122: 171 1
123: 658 1
124: 715 1
125: 24 1
126: 0 1
127: 0 1
128: 0 1
129: 26 1
130: 0 1
131: 0 1
132: 485 1
133: 53 1
134: 8 1
135: 0 1
136: 0 1
137: 0 1
138: 0 1
139: 0 1
140: 0 1
141: 0 1
142: 0 1
143: 0 1
144: 1 1
145: 717 1
146: 244 1
147: 1 1
148: 1 1
149: 118 1
150: 357 1
151: 1 1
152: 5 1
153: 0 1
154: 0 1
155: 389 1
156: 96 1
157: 343 1
158: 716 1
159: 141 1
160: 595 1
161: 334 1
162: 11 1
163: 0 1
164: 0 1
165: 0 1
166: 174 1
167: 591 1
168: 1 1
169: 672 1
170: 0 1
171: 83 1
172: 612 1
173: 9 1
174: 9 1
175: 614 1
176: 0 1
177: 504 1
178: 136 1
179: 109 1
180: 5 1
181: 111 1
182: 0 1
183: 0 1
184: 44 1
185: 20 1
186: 210 1
187: 331 1
188: 637 1
189: 19 1
190: 623 1
191: 0 1
192: 1 1
193: 0 1
194: 0 1
195: 671 1
196: 0 1
197: 264 1
198: 365 1
199: 715 1
200: 618 1
201: 261 1
202: 716 1
203: 512 1
204: 704 1
205: 638 1
206: 717 1
207: 717 1
208: 478 1
209: 594 1
210: 55 1
211: 0 1
212: 0 1
213: 59 1
214: 686 1
215: 211 1
216: 1 1
217: 1 1
218: 599 1
219: 47 1
220: 155 1
221: 135 1
222: 117 1
223: 1 1
224: 0 1
225: 647 1
226: 0 1
227: 0 0
228: 45 0
229: 545 0
230: 185 0
231: 585 0
232: 419 0
233: 0 0
234: 0 0
235: 0 0
236: 1 0
237: 0 0
238: 0 0
239: 1 0
240: 1 0
241: 0 0
242: 0 0
243: 0 0
244: 0 0
245: 0 0
246: 350 0
247: 1 0
248: 0 0
249: 215 0
250: 0 0
251: 1 0
252: 0 0
253: 0 0
254: 0 0
255: 543 0
256: 714 0
257: 0 0
258: 0 0
259: 72 0
260: 649 0
261: 717 0
262: 716 0
263: 717 0
264: 3 0
265: 483 0
266: 0 0
267: 717 0
268: 632 0
269: 716 0
270: 240 0
271: 498 0
272: 63 0
273: 704 0
274: 225 0
275: 716 0
276: 0 0
277: 1 0
278: 388 0
279: 697 0
280: 481 0
281: 64 0
282: 706 0
283: 716 0
284: 69 0
285: 107 0
286: 0 0
287: 0 0
288: 160 0
289: 519 0
290: 0 0
291: 569 0
292: 2 0
293: 1 0
294: 415 0
295: 0 0
296: 0 0
297: 31 0
298: 0 0
299: 1 0
300: 1 0
301: 0 0
302: 24 0
303: 1 0
304: 715 0
305: 662 0
306: 47 0
307: 2 0
308: 1 0
309: 1 0
310: 273 0
311: 171 0
312: 474 0
313: 667 0
314: 49 0
315: 33 0
316: 0 0
317: 0 0
318: 41 0
319: 0 0
320: 1 0
321: 0 0
322: 0 0
323: 156 0
324: 1 0
325: 175 0
326: 99 0
327: 0 0
328: 0 0
329: 0 0
330: 0 0
331: 1 0
332: 241 0
333: 1 0
334: 0 0
335: 1 0
336: 1 0
337: 1 0
338: 1 0
339: 144 0
340: 4 0
341: 1 0
342: 694 0
343: 4 0
344: 153 0
345: 0 0
346: 320 0
347: 0 0
348: 0 0
349: 0 0
350: 25 0
351: 125 0
352: 678 0
353: 0 0
354: 49 0
355: 1 0
356: 6 0
357: 0 0
358: 685 0
359: 1 0
360: 0 0
361: 0 0
362: 243 0
363: 1 0
364: 127 0
365: 0 0
366: 0 0
367: 0 0
368: 576 0
369: 0 0
370: 1 0
371: 604 0
372: 467 0
373: 1 0
374: 89 0
375: 225 0
376: 1 0
377: 0 0
378: 1 0
379: 303 0
380: 1 0
381: 5 0
382: 3 0
383: 0 0
384: 97 0
385: 105 0
386: 0 0
387: 176 0
388: 1 0
389: 631 0
390: 462 0
391: 716 0
392: 716 0
393: 559 0
394: 714 0
395: 682 0
396: 666 0
397: 438 0
398: 686 0
399: 87 0
400: 700 0
401: 661 0
402: 124 0
403: 641 0
404: 53 0
405: 716 0
406: 706 0
407: 589 0
408: 376 0
409: 3 0
410: 0 0
411: 193 0
412: 96 0
413: 157 0
414: 564 0
415: 0 0
416: 41 0
417: 391 0
418: 318 0
419: 236 0
420: 0 0
421: 9 0
422: 0 0
423: 570 0
424: 55 0
425: 463 0
426: 716 0
427: 684 0
428: 240 1
429: 311 1
430: 187 1
431: 112 1
432: 1 1
433: 1 1
434: 0 1
435: 529 1
436: 716 1
437: 71 1
438: 97 1
439: 114 1
440: 712 1
441: 716 1
442: 694 1
443: 717 1
444: 717 1
445: 714 1
446: 630 1
447: 712 1
448: 717 1
449: 710 1
450: 707 1
451: 716 1
452: 716 1
453: 717 1
454: 53 1
455: 502 1
456: 1 1
457: 717 1
458: 0 1
459: 85 1
460: 716 1
461: 0 1
462: 445 1
463: 89 1
464: 200 1
465: 426 1
466: 264 1
467: 0 1
468: 65 1
469: 261 1
470: 73 1
471: 48 1
472: 715 1
473: 122 1
474: 91 1
475: 485 1
476: 9 1
477: 1 1
478: 218 1
479: 716 1
480: 690 1
481: 716 1
482: 717 1
483: 66 1
484: 299 1
485: 131 1
486: 714 1
487: 670 1
488: 0 1
489: 359 1
490: 97 1
491: 204 1
492: 197 1
493: 0 1
494: 0 1
495: 500 1
496: 665 1
497: 13 1
498: 571 1
499: 716 1
500: 155 1
