hardware1,    2.574
hardware2,   33.244
hardware3,    31.86
hardware4,   11.646
hardware5,   84.694
hardware6,   34.082
hardware7,   76.432
hardware8,    0.168
hardware9,    0.308
hardware10,   61.466
hardware11,   36.196
hardware12,   59.676
hardware13,   35.354
hardware14,   80.508
hardware15,   77.554
hardware16,    7.282
hardware17,    29.95
hardware18,      0.0
hardware19,   75.528
hardware20,   81.786
hardware21,    13.86
hardware22,   73.898
hardware23,   40.466
hardware24,    50.92
hardware25,    79.58
hardware26,   54.118
hardware27,    9.204
hardware28,    1.206
hardware29,   43.058
hardware30,    2.198
hardware31,    76.14
hardware32,   81.784
hardware33,   74.308
hardware34,    78.32
hardware35,   82.512
hardware36,   72.356
hardware37,   34.186
hardware38,    65.94
hardware39,   79.362
hardware40,    8.824
hardware41,   52.584
hardware42,   83.664
hardware43,    0.016
hardware44,   73.492
hardware45,   17.938
hardware46,   44.854
hardware47,    41.21
hardware48,   86.296
hardware49,   68.382
hardware50,    22.12
